[2018-04-26T23:53:05.835] [DEBUG] trans - TO:   0x9fc392ad28ccdaf946742b4e1153e55b61bed74b
[2018-04-26T23:53:05.836] [DEBUG] trans - AMOUNT:   348617300000000000000
[2018-04-26T23:53:05.836] [DEBUG] trans - Receipt info:  {
	"blockHash": "0xf134db0bfdfa2681c9fafb0a41b562a0251b89540a4fe468b443698b65a8dc4a",
	"blockNumber": 5511584,
	"contractAddress": null,
	"cumulativeGasUsed": 722464,
	"gasUsed": 51653,
	"logs": [
		{
			"address": "0x7e9e431a0B8c4D532C745B1043c7FA29a48D4fBa",
			"blockHash": "0xf134db0bfdfa2681c9fafb0a41b562a0251b89540a4fe468b443698b65a8dc4a",
			"blockNumber": 5511584,
			"data": "0x000000000000000000000000000000000000000000000012e609734bdfc94000",
			"logIndex": 12,
			"topics": [
				"0xddf252ad1be2c89b69c2b068fc378daa952ba7f163c4a11628f55a4df523b3ef",
				"0x000000000000000000000000c9f42bcc3cd6c77fae537dd24ba96668fc864150",
				"0x0000000000000000000000009fc392ad28ccdaf946742b4e1153e55b61bed74b"
			],
			"transactionHash": "0x58abf757219136bc2bb9f949c8187b3fb6d8038396cc71474f947fac273c303f",
			"transactionIndex": 13,
			"transactionLogIndex": "0x0",
			"type": "mined",
			"id": "log_ef1b93a7"
		}
	],
	"logsBloom": "0x00000000000000000000000000000000000000000000000000000000008000000000000000000000000000000000000000000000100000000000000000000000000000000000010000000008000000000000000000000000000002000000000000000000000000000000000000000000000000000000000000000010000000000000000000000000000000000000000000000000000000000000000000000000000000000000000080000000000000000000000000000000000000000000000000001002080000000000000000000000000000010000000000000000000000000000000000000000000000000000000000000000000000000000000000004000",
	"root": null,
	"status": "0x1",
	"transactionHash": "0x58abf757219136bc2bb9f949c8187b3fb6d8038396cc71474f947fac273c303f",
	"transactionIndex": 13
}
[2018-04-26T23:53:33.872] [DEBUG] trans - TO:   0xa11a200a32983fe320ef78fa17204b1a607c3918
[2018-04-26T23:53:33.872] [DEBUG] trans - AMOUNT:   165884000000000000000
[2018-04-26T23:53:33.872] [DEBUG] trans - Receipt info:  {
	"blockHash": "0x867b56dfd848daa42d8e45da1f80b7389e14bca94207e7d09b65e26396d57f8d",
	"blockNumber": 5511588,
	"contractAddress": null,
	"cumulativeGasUsed": 1601043,
	"gasUsed": 51589,
	"logs": [
		{
			"address": "0x7e9e431a0B8c4D532C745B1043c7FA29a48D4fBa",
			"blockHash": "0x867b56dfd848daa42d8e45da1f80b7389e14bca94207e7d09b65e26396d57f8d",
			"blockNumber": 5511588,
			"data": "0x000000000000000000000000000000000000000000000008fe1a5b1be0e60000",
			"logIndex": 15,
			"topics": [
				"0xddf252ad1be2c89b69c2b068fc378daa952ba7f163c4a11628f55a4df523b3ef",
				"0x000000000000000000000000c9f42bcc3cd6c77fae537dd24ba96668fc864150",
				"0x000000000000000000000000a11a200a32983fe320ef78fa17204b1a607c3918"
			],
			"transactionHash": "0x91b14151b82e384b71c0de7a878aa30f5773d855f8d834262c8380a4d4d47914",
			"transactionIndex": 50,
			"transactionLogIndex": "0x0",
			"type": "mined",
			"id": "log_1350d454"
		}
	],
	"logsBloom": "0x00000000000000000000000000000000000000000000000000000000008000000000000000000000000000000000000000000000100000000000000000000000000000000000010000000008100000000000000000000000000000000000000000000000020000000000000000000000000000000000000000000010000000000000000000000000000000000000000000000000000000000000000000000000000000000000000081000000000000000000000000000000000000000000000000001002000000000000000000000000000000000000000000000000000000000000000000000000000000000000000000000000000000000000000000004000",
	"root": null,
	"status": "0x1",
	"transactionHash": "0x91b14151b82e384b71c0de7a878aa30f5773d855f8d834262c8380a4d4d47914",
	"transactionIndex": 50
}
[2018-04-26T23:53:33.874] [DEBUG] trans - TO:   0xa3a498772640b65996f71544caa0750992bf0210
[2018-04-26T23:53:33.874] [DEBUG] trans - AMOUNT:   348563100000000000000
[2018-04-26T23:53:33.874] [DEBUG] trans - Receipt info:  {
	"blockHash": "0x867b56dfd848daa42d8e45da1f80b7389e14bca94207e7d09b65e26396d57f8d",
	"blockNumber": 5511588,
	"contractAddress": null,
	"cumulativeGasUsed": 5095265,
	"gasUsed": 51653,
	"logs": [
		{
			"address": "0x7e9e431a0B8c4D532C745B1043c7FA29a48D4fBa",
			"blockHash": "0x867b56dfd848daa42d8e45da1f80b7389e14bca94207e7d09b65e26396d57f8d",
			"blockNumber": 5511588,
			"data": "0x000000000000000000000000000000000000000000000012e548e4aefcf5c000",
			"logIndex": 85,
			"topics": [
				"0xddf252ad1be2c89b69c2b068fc378daa952ba7f163c4a11628f55a4df523b3ef",
				"0x000000000000000000000000c9f42bcc3cd6c77fae537dd24ba96668fc864150",
				"0x000000000000000000000000a3a498772640b65996f71544caa0750992bf0210"
			],
			"transactionHash": "0x49ad415313ff3bf33623510da0de7aa8636bf98ac147d56583e279505b6fdca9",
			"transactionIndex": 84,
			"transactionLogIndex": "0x0",
			"type": "mined",
			"id": "log_76e1149d"
		}
	],
	"logsBloom": "0x00000000000000000000000000000000000000000000000000000000008000000000000000000000000000000000000000000000100000000000000000000000000000000000010000000008000000000000000000000000000000000200000000000000000000000000000000000000000000000000000000000010000000000000000000000000000000000000000000000000000000000000000000000000000000000000000080000000000000000000000000000000000000000000000000001002000000000000000000000000080000000000000000000000000000000000000000000000000000000000000000000000000000000000000002004000",
	"root": null,
	"status": "0x1",
	"transactionHash": "0x49ad415313ff3bf33623510da0de7aa8636bf98ac147d56583e279505b6fdca9",
	"transactionIndex": 84
}
[2018-04-26T23:53:33.874] [DEBUG] trans - TO:   0xa4686e094bc03ebf58f09408cd5cacef05117b16
[2018-04-26T23:53:33.874] [DEBUG] trans - AMOUNT:   165811600000000000000
[2018-04-26T23:53:33.874] [DEBUG] trans - Receipt info:  {
	"blockHash": "0x867b56dfd848daa42d8e45da1f80b7389e14bca94207e7d09b65e26396d57f8d",
	"blockNumber": 5511588,
	"contractAddress": null,
	"cumulativeGasUsed": 7152447,
	"gasUsed": 51589,
	"logs": [
		{
			"address": "0x7e9e431a0B8c4D532C745B1043c7FA29a48D4fBa",
			"blockHash": "0x867b56dfd848daa42d8e45da1f80b7389e14bca94207e7d09b65e26396d57f8d",
			"blockNumber": 5511588,
			"data": "0x000000000000000000000000000000000000000000000008fd1923b147290000",
			"logIndex": 140,
			"topics": [
				"0xddf252ad1be2c89b69c2b068fc378daa952ba7f163c4a11628f55a4df523b3ef",
				"0x000000000000000000000000c9f42bcc3cd6c77fae537dd24ba96668fc864150",
				"0x000000000000000000000000a4686e094bc03ebf58f09408cd5cacef05117b16"
			],
			"transactionHash": "0x278836ae5f8b0834d9992d6451e25411619e7dfa61586df5dbc5a80ba68bb80f",
			"transactionIndex": 90,
			"transactionLogIndex": "0x0",
			"type": "mined",
			"id": "log_8941b29a"
		}
	],
	"logsBloom": "0x00000000000000000000000000000000000040000000000000000000808000000000000000000000000000000000000000000000100000000000000000000000000000000000010000000008000000000000000000000000000000000000000000000000000000000000000000000000000000000000000000000010000000000000000000000000000000000000000000000000000000000000000000000000000000000000000080000000000000000000000000000100000000000000000000001002000000000000000000000000000000000000000000000000000000000000000000000000000000000000000000000000000000000000000000004000",
	"root": null,
	"status": "0x1",
	"transactionHash": "0x278836ae5f8b0834d9992d6451e25411619e7dfa61586df5dbc5a80ba68bb80f",
	"transactionIndex": 90
}
[2018-04-26T23:53:33.874] [DEBUG] trans - TO:   0xa7b276be148ca7e36fb21c57ec3e927034d68117
[2018-04-26T23:53:33.874] [DEBUG] trans - AMOUNT:   199500000000000000000
[2018-04-26T23:53:33.874] [DEBUG] trans - Receipt info:  {
	"blockHash": "0x867b56dfd848daa42d8e45da1f80b7389e14bca94207e7d09b65e26396d57f8d",
	"blockNumber": 5511588,
	"contractAddress": null,
	"cumulativeGasUsed": 7435424,
	"gasUsed": 51525,
	"logs": [
		{
			"address": "0x7e9e431a0B8c4D532C745B1043c7FA29a48D4fBa",
			"blockHash": "0x867b56dfd848daa42d8e45da1f80b7389e14bca94207e7d09b65e26396d57f8d",
			"blockNumber": 5511588,
			"data": "0x00000000000000000000000000000000000000000000000ad09e6100f26e0000",
			"logIndex": 143,
			"topics": [
				"0xddf252ad1be2c89b69c2b068fc378daa952ba7f163c4a11628f55a4df523b3ef",
				"0x000000000000000000000000c9f42bcc3cd6c77fae537dd24ba96668fc864150",
				"0x000000000000000000000000a7b276be148ca7e36fb21c57ec3e927034d68117"
			],
			"transactionHash": "0x2231406e4a5cf11ce828f97647a9d2bde7d9ef575a17c40e21124d74629c51f8",
			"transactionIndex": 94,
			"transactionLogIndex": "0x0",
			"type": "mined",
			"id": "log_2bb3c297"
		}
	],
	"logsBloom": "0x00000000000000000000000000000000000000000000000000000000008000000000000000000000000000000000000000000000100000000000000000000000000000000000010000000008000000000000000000000000000000000000000000000000000000000000000000000000000000000000000000000010000000000000000000000000000000000000000000000400000000000000000000000000000000000000000080000000000000001000000000000000000000000000000000001002000000000000100000000000000000000000000000000000000000000000000000000000000000000000000000000000000000000000000000004000",
	"root": null,
	"status": "0x1",
	"transactionHash": "0x2231406e4a5cf11ce828f97647a9d2bde7d9ef575a17c40e21124d74629c51f8",
	"transactionIndex": 94
}
[2018-04-26T23:53:33.877] [DEBUG] trans - TO:   0xa8359bba7175507c2db426e145030574c7da24e2
[2018-04-26T23:53:33.878] [DEBUG] trans - AMOUNT:   102230000000000000000
[2018-04-26T23:53:33.878] [DEBUG] trans - Receipt info:  {
	"blockHash": "0x867b56dfd848daa42d8e45da1f80b7389e14bca94207e7d09b65e26396d57f8d",
	"blockNumber": 5511588,
	"contractAddress": null,
	"cumulativeGasUsed": 7683389,
	"gasUsed": 51589,
	"logs": [
		{
			"address": "0x7e9e431a0B8c4D532C745B1043c7FA29a48D4fBa",
			"blockHash": "0x867b56dfd848daa42d8e45da1f80b7389e14bca94207e7d09b65e26396d57f8d",
			"blockNumber": 5511588,
			"data": "0x0000000000000000000000000000000000000000000000058ab9eb5cbc2f0000",
			"logIndex": 148,
			"topics": [
				"0xddf252ad1be2c89b69c2b068fc378daa952ba7f163c4a11628f55a4df523b3ef",
				"0x000000000000000000000000c9f42bcc3cd6c77fae537dd24ba96668fc864150",
				"0x000000000000000000000000a8359bba7175507c2db426e145030574c7da24e2"
			],
			"transactionHash": "0x6119ec306aa8695b6af266bc87338aeb073700fb81118ade890c2f02264195a9",
			"transactionIndex": 98,
			"transactionLogIndex": "0x0",
			"type": "mined",
			"id": "log_877058f3"
		}
	],
	"logsBloom": "0x00000000000000000000000000000000000000000000000000000000008000000000000000000000040000000000000000000000100000000000000000000000000000000000010000000008000000000000000000000000000000000000000000000000000000000000000000000000000000000000000000000010000000000000000000000000000000002000000000000000000000000000000000000000000000000000000080000000000000000000000000000000000000000000000000001002000000000000000000000000000000000000000000000000000000000000000000000000000000000000000000000000000010000000000000004000",
	"root": null,
	"status": "0x1",
	"transactionHash": "0x6119ec306aa8695b6af266bc87338aeb073700fb81118ade890c2f02264195a9",
	"transactionIndex": 98
}
[2018-04-26T23:53:33.878] [DEBUG] trans - TO:   0xa7cee9a45114afb5f1cf6da9710ff172c7b772c5
[2018-04-26T23:53:33.878] [DEBUG] trans - AMOUNT:   348650000000000000000
[2018-04-26T23:53:33.878] [DEBUG] trans - Receipt info:  {
	"blockHash": "0x867b56dfd848daa42d8e45da1f80b7389e14bca94207e7d09b65e26396d57f8d",
	"blockNumber": 5511588,
	"contractAddress": null,
	"cumulativeGasUsed": 7631800,
	"gasUsed": 51589,
	"logs": [
		{
			"address": "0x7e9e431a0B8c4D532C745B1043c7FA29a48D4fBa",
			"blockHash": "0x867b56dfd848daa42d8e45da1f80b7389e14bca94207e7d09b65e26396d57f8d",
			"blockNumber": 5511588,
			"data": "0x000000000000000000000000000000000000000000000012e67d9fc5ebf10000",
			"logIndex": 147,
			"topics": [
				"0xddf252ad1be2c89b69c2b068fc378daa952ba7f163c4a11628f55a4df523b3ef",
				"0x000000000000000000000000c9f42bcc3cd6c77fae537dd24ba96668fc864150",
				"0x000000000000000000000000a7cee9a45114afb5f1cf6da9710ff172c7b772c5"
			],
			"transactionHash": "0x7f476174244869ef66321a6b1257cc195708a51113e3e94949a349684aa13a6a",
			"transactionIndex": 97,
			"transactionLogIndex": "0x0",
			"type": "mined",
			"id": "log_301a1ca0"
		}
	],
	"logsBloom": "0x00000000000000000000000000000000000000000000000000000000008000000000000000000000000000000000000000000000100000000000000000000000000000000000010000000008000000000000000000000000000000000000000000000000000000000000000000000000000000000000000000000010000000000000000000000000000000000000000000000000000000000000000000000000000000000000000080000000000000000000000000000000000000000000000000021002000000000000000000000000000000000000000000000000000800000000000000000000000000000000000000000000000000000000000000024000",
	"root": null,
	"status": "0x1",
	"transactionHash": "0x7f476174244869ef66321a6b1257cc195708a51113e3e94949a349684aa13a6a",
	"transactionIndex": 97
}
[2018-04-26T23:53:33.879] [DEBUG] trans - TO:   0xa8a22cc8075c2b8d4edb14ea8e5846eb44d6c081
[2018-04-26T23:53:33.879] [DEBUG] trans - AMOUNT:   165763200000000000000
[2018-04-26T23:53:33.879] [DEBUG] trans - Receipt info:  {
	"blockHash": "0x867b56dfd848daa42d8e45da1f80b7389e14bca94207e7d09b65e26396d57f8d",
	"blockNumber": 5511588,
	"contractAddress": null,
	"cumulativeGasUsed": 7734978,
	"gasUsed": 51589,
	"logs": [
		{
			"address": "0x7e9e431a0B8c4D532C745B1043c7FA29a48D4fBa",
			"blockHash": "0x867b56dfd848daa42d8e45da1f80b7389e14bca94207e7d09b65e26396d57f8d",
			"blockNumber": 5511588,
			"data": "0x000000000000000000000000000000000000000000000008fc6d302620080000",
			"logIndex": 149,
			"topics": [
				"0xddf252ad1be2c89b69c2b068fc378daa952ba7f163c4a11628f55a4df523b3ef",
				"0x000000000000000000000000c9f42bcc3cd6c77fae537dd24ba96668fc864150",
				"0x000000000000000000000000a8a22cc8075c2b8d4edb14ea8e5846eb44d6c081"
			],
			"transactionHash": "0x830e543b0502ff716861d4b03f7f53e4c920566ebbfd2a97a043131a737801ea",
			"transactionIndex": 99,
			"transactionLogIndex": "0x0",
			"type": "mined",
			"id": "log_1b6de5d2"
		}
	],
	"logsBloom": "0x00000000000000000000000000000000000000000000000000000000008000000000000000000000000000000000000000000000100000000000000000000000000000000000010000000008000000000000000000000000002000000000000000000000000000000000000000000000000000010000000000000010000000000000000000000000000000000000000000000000000000000000000000000000000000000000000080000000000000000000000000000000000000000000000000001002000000000000000000000000000000000000000000000000800000000000000000000000000000000000000000000000000000000000000000004000",
	"root": null,
	"status": "0x1",
	"transactionHash": "0x830e543b0502ff716861d4b03f7f53e4c920566ebbfd2a97a043131a737801ea",
	"transactionIndex": 99
}
[2018-04-26T23:53:33.881] [DEBUG] trans - TO:   0xaabfb38269906537575541bbac05aa9d2e2b3935
[2018-04-26T23:53:33.881] [DEBUG] trans - AMOUNT:   165790500000000000000
[2018-04-26T23:53:33.881] [DEBUG] trans - Receipt info:  {
	"blockHash": "0x867b56dfd848daa42d8e45da1f80b7389e14bca94207e7d09b65e26396d57f8d",
	"blockNumber": 5511588,
	"contractAddress": null,
	"cumulativeGasUsed": 7786631,
	"gasUsed": 51653,
	"logs": [
		{
			"address": "0x7e9e431a0B8c4D532C745B1043c7FA29a48D4fBa",
			"blockHash": "0x867b56dfd848daa42d8e45da1f80b7389e14bca94207e7d09b65e26396d57f8d",
			"blockNumber": 5511588,
			"data": "0x000000000000000000000000000000000000000000000008fcce2d5ab2664000",
			"logIndex": 150,
			"topics": [
				"0xddf252ad1be2c89b69c2b068fc378daa952ba7f163c4a11628f55a4df523b3ef",
				"0x000000000000000000000000c9f42bcc3cd6c77fae537dd24ba96668fc864150",
				"0x000000000000000000000000aabfb38269906537575541bbac05aa9d2e2b3935"
			],
			"transactionHash": "0xa7dddc009f7ba33ac224befa820d832bcef5f658a47ba43fb2efc4801d7452d5",
			"transactionIndex": 100,
			"transactionLogIndex": "0x0",
			"type": "mined",
			"id": "log_675933df"
		}
	],
	"logsBloom": "0x00000000000000000000000000000000000000000000000000000000008000000000000000000000000000000000000000000000100000000000000000000000000000000010010000000008000000000000000000000000010000000000000000000000000000000000000000000000000000000000000000000010000000000000000000000000000000000000000000000000000000000000000000000000000000000000000080000000000000000000000000000000000000000020000000001002000000000000000000000000000000000000000000000000000000000000000000000000000000000000000000000000000000000000000000004000",
	"root": null,
	"status": "0x1",
	"transactionHash": "0xa7dddc009f7ba33ac224befa820d832bcef5f658a47ba43fb2efc4801d7452d5",
	"transactionIndex": 100
}
[2018-04-26T23:53:33.882] [DEBUG] trans - TO:   0xab8e27971e63fbe063e37386b2172f456e7c1dab
[2018-04-26T23:53:33.882] [DEBUG] trans - AMOUNT:   165656900000000000000
[2018-04-26T23:53:33.882] [DEBUG] trans - Receipt info:  {
	"blockHash": "0x867b56dfd848daa42d8e45da1f80b7389e14bca94207e7d09b65e26396d57f8d",
	"blockNumber": 5511588,
	"contractAddress": null,
	"cumulativeGasUsed": 7838284,
	"gasUsed": 51653,
	"logs": [
		{
			"address": "0x7e9e431a0B8c4D532C745B1043c7FA29a48D4fBa",
			"blockHash": "0x867b56dfd848daa42d8e45da1f80b7389e14bca94207e7d09b65e26396d57f8d",
			"blockNumber": 5511588,
			"data": "0x000000000000000000000000000000000000000000000008faf388dcb4684000",
			"logIndex": 151,
			"topics": [
				"0xddf252ad1be2c89b69c2b068fc378daa952ba7f163c4a11628f55a4df523b3ef",
				"0x000000000000000000000000c9f42bcc3cd6c77fae537dd24ba96668fc864150",
				"0x000000000000000000000000ab8e27971e63fbe063e37386b2172f456e7c1dab"
			],
			"transactionHash": "0x79ea283d957e83bfb9695a46dbdc42686195502e1d7f99c92575306f89e7a514",
			"transactionIndex": 101,
			"transactionLogIndex": "0x0",
			"type": "mined",
			"id": "log_b8f3018d"
		}
	],
	"logsBloom": "0x00000000000000000002000000000000000000000000000000000100008000000000000000000000000000000000000000000000100000000000000000000000000000001000010000000008000000000000000000000000000000000000000000000000000000000000000000000000000000000000000000000010000000000000000000000000000000000000000000000000000000000000000000000000000000000000000080000000000000000000000000000000000000000000000000001002000000000000000000000000000000000000000000000000000000000000000000000000000000000000000000000000000000000000000000004000",
	"root": null,
	"status": "0x1",
	"transactionHash": "0x79ea283d957e83bfb9695a46dbdc42686195502e1d7f99c92575306f89e7a514",
	"transactionIndex": 101
}
[2018-04-26T23:53:33.884] [DEBUG] trans - TO:   0xad81512cbd22f4c85185ea45abf453498b430f03
[2018-04-26T23:53:33.884] [DEBUG] trans - AMOUNT:   199500000000000000000
[2018-04-26T23:53:33.884] [DEBUG] trans - Receipt info:  {
	"blockHash": "0x867b56dfd848daa42d8e45da1f80b7389e14bca94207e7d09b65e26396d57f8d",
	"blockNumber": 5511588,
	"contractAddress": null,
	"cumulativeGasUsed": 7889809,
	"gasUsed": 51525,
	"logs": [
		{
			"address": "0x7e9e431a0B8c4D532C745B1043c7FA29a48D4fBa",
			"blockHash": "0x867b56dfd848daa42d8e45da1f80b7389e14bca94207e7d09b65e26396d57f8d",
			"blockNumber": 5511588,
			"data": "0x00000000000000000000000000000000000000000000000ad09e6100f26e0000",
			"logIndex": 152,
			"topics": [
				"0xddf252ad1be2c89b69c2b068fc378daa952ba7f163c4a11628f55a4df523b3ef",
				"0x000000000000000000000000c9f42bcc3cd6c77fae537dd24ba96668fc864150",
				"0x000000000000000000000000ad81512cbd22f4c85185ea45abf453498b430f03"
			],
			"transactionHash": "0x5f87e091eebae13bf59bc93552513d1a235ba7d438543583cda4d4cbd102c47b",
			"transactionIndex": 102,
			"transactionLogIndex": "0x0",
			"type": "mined",
			"id": "log_6f051bb5"
		}
	],
	"logsBloom": "0x00000000000000000000000000000000000000000000000000000000008000000000000000000000000000000000000000000000100000000000000000000000000000000000010000000008000000000000000000000000000000000000000000000000000000000000000000000000000000000000000000000010000000000000000000000000000000000000000000000000000000000000000000000000000000000000000080000010000000000000000000000000000000000000000000001002000000000000000000000000000000000000000000000000000000000000000000000000000000000000000000000000010000000000020000004000",
	"root": null,
	"status": "0x1",
	"transactionHash": "0x5f87e091eebae13bf59bc93552513d1a235ba7d438543583cda4d4cbd102c47b",
	"transactionIndex": 102
}
[2018-04-26T23:53:35.877] [DEBUG] trans - TO:   0xade3aeacfd041378b7bec20100f14a3868242f74
[2018-04-26T23:53:35.877] [DEBUG] trans - AMOUNT:   199500000000000000000
[2018-04-26T23:53:35.877] [DEBUG] trans - Receipt info:  {
	"blockHash": "0xae2d019cebed090d2e2420d6af152aa90bbe134ef86d3f60ce8b3a20e5b1b037",
	"blockNumber": 5511589,
	"contractAddress": null,
	"cumulativeGasUsed": 3613920,
	"gasUsed": 51461,
	"logs": [
		{
			"address": "0x7e9e431a0B8c4D532C745B1043c7FA29a48D4fBa",
			"blockHash": "0xae2d019cebed090d2e2420d6af152aa90bbe134ef86d3f60ce8b3a20e5b1b037",
			"blockNumber": 5511589,
			"data": "0x00000000000000000000000000000000000000000000000ad09e6100f26e0000",
			"logIndex": 69,
			"topics": [
				"0xddf252ad1be2c89b69c2b068fc378daa952ba7f163c4a11628f55a4df523b3ef",
				"0x000000000000000000000000c9f42bcc3cd6c77fae537dd24ba96668fc864150",
				"0x000000000000000000000000ade3aeacfd041378b7bec20100f14a3868242f74"
			],
			"transactionHash": "0x25fef9311182743586faf1332f25b1453356b55741915aeaba1c77e19766ac78",
			"transactionIndex": 26,
			"transactionLogIndex": "0x0",
			"type": "mined",
			"id": "log_9632bce3"
		}
	],
	"logsBloom": "0x00000000000000000000000000000000000000000000000000000000008000000000000000000000000000000000000000000000100000000000000000000000000000000000010000000008000000000000000000000000000000000800000000000000000000000000000000000000000000000000000000000010000000000000000000000000000020000000000000000000000000000000000000000000000000000000000080000000000000000000000000000000000000080000000000001002000000000000000000000000000000000000000000000000000000000000000000000000000000000000000000000000000000000000000000004000",
	"root": null,
	"status": "0x1",
	"transactionHash": "0x25fef9311182743586faf1332f25b1453356b55741915aeaba1c77e19766ac78",
	"transactionIndex": 26
}
[2018-04-26T23:53:35.877] [DEBUG] trans - TO:   0xb26d7db19c9c3a41ba4f33483f23360ed7e1689a
[2018-04-26T23:53:35.877] [DEBUG] trans - AMOUNT:   165733000000000000000
[2018-04-26T23:53:35.877] [DEBUG] trans - Receipt info:  {
	"blockHash": "0xae2d019cebed090d2e2420d6af152aa90bbe134ef86d3f60ce8b3a20e5b1b037",
	"blockNumber": 5511589,
	"contractAddress": null,
	"cumulativeGasUsed": 3860126,
	"gasUsed": 51653,
	"logs": [
		{
			"address": "0x7e9e431a0B8c4D532C745B1043c7FA29a48D4fBa",
			"blockHash": "0xae2d019cebed090d2e2420d6af152aa90bbe134ef86d3f60ce8b3a20e5b1b037",
			"blockNumber": 5511589,
			"data": "0x000000000000000000000000000000000000000000000008fc01e568afd08000",
			"logIndex": 71,
			"topics": [
				"0xddf252ad1be2c89b69c2b068fc378daa952ba7f163c4a11628f55a4df523b3ef",
				"0x000000000000000000000000c9f42bcc3cd6c77fae537dd24ba96668fc864150",
				"0x000000000000000000000000b26d7db19c9c3a41ba4f33483f23360ed7e1689a"
			],
			"transactionHash": "0xfd8deba64ba0c0ec5f937799fbdfc873415a1669b64e95eac487d8489a8c0ce9",
			"transactionIndex": 29,
			"transactionLogIndex": "0x0",
			"type": "mined",
			"id": "log_edbf0e62"
		}
	],
	"logsBloom": "0x00000000020000000000000000000000000000000000000000000000008000000000000000000000000000000020000000000000100000000000000000000000000000000000010000000008000000000000000000000000000000000000000000000000000000000000000000000000000000000000000000000010000000000000000000000000000000000000000000000000000000000000000000000000000000000000001080000000000000000000000000000000000000000000000000001002000000000000000000000000000000000000000000000000000000000000000000000000000000000000000000000000000000000000000000004000",
	"root": null,
	"status": "0x1",
	"transactionHash": "0xfd8deba64ba0c0ec5f937799fbdfc873415a1669b64e95eac487d8489a8c0ce9",
	"transactionIndex": 29
}
[2018-04-26T23:53:35.878] [DEBUG] trans - TO:   0xb1ef18bfb8b0f91839cbce20afeb221560e0e3b2
[2018-04-26T23:53:35.878] [DEBUG] trans - AMOUNT:   102234200000000000000
[2018-04-26T23:53:35.878] [DEBUG] trans - Receipt info:  {
	"blockHash": "0xae2d019cebed090d2e2420d6af152aa90bbe134ef86d3f60ce8b3a20e5b1b037",
	"blockNumber": 5511589,
	"contractAddress": null,
	"cumulativeGasUsed": 3808473,
	"gasUsed": 51653,
	"logs": [
		{
			"address": "0x7e9e431a0B8c4D532C745B1043c7FA29a48D4fBa",
			"blockHash": "0xae2d019cebed090d2e2420d6af152aa90bbe134ef86d3f60ce8b3a20e5b1b037",
			"blockNumber": 5511589,
			"data": "0x0000000000000000000000000000000000000000000000058ac8d73d703d8000",
			"logIndex": 70,
			"topics": [
				"0xddf252ad1be2c89b69c2b068fc378daa952ba7f163c4a11628f55a4df523b3ef",
				"0x000000000000000000000000c9f42bcc3cd6c77fae537dd24ba96668fc864150",
				"0x000000000000000000000000b1ef18bfb8b0f91839cbce20afeb221560e0e3b2"
			],
			"transactionHash": "0x4d47e5422a476e64c64b7358b96f6c342998fbb62eac08ab660e7447500e0006",
			"transactionIndex": 28,
			"transactionLogIndex": "0x0",
			"type": "mined",
			"id": "log_536f29d1"
		}
	],
	"logsBloom": "0x00000000000000000000000000000000000000000000000000000000008000000000000000000000000000000000000000020000100000000000000000000010000000000000010000000008000000000000000000000000000000000000000000000000000000000000000000000000000000000000000000000010000000000000000000000000000000000000000000000000000000000000000000000000000000000000000080000000000000000000000000000040000000000000000000001002000000000000000000000000000000000000000000000000000000000000000000000000000000000000000000000000000000000000000000004000",
	"root": null,
	"status": "0x1",
	"transactionHash": "0x4d47e5422a476e64c64b7358b96f6c342998fbb62eac08ab660e7447500e0006",
	"transactionIndex": 28
}
[2018-04-26T23:53:35.878] [DEBUG] trans - TO:   0xb7e52627f8197ae6b5df9c07f51f820ae269dcac
[2018-04-26T23:53:35.878] [DEBUG] trans - AMOUNT:   175761800000000000000
[2018-04-26T23:53:35.878] [DEBUG] trans - Receipt info:  {
	"blockHash": "0xae2d019cebed090d2e2420d6af152aa90bbe134ef86d3f60ce8b3a20e5b1b037",
	"blockNumber": 5511589,
	"contractAddress": null,
	"cumulativeGasUsed": 3963368,
	"gasUsed": 51653,
	"logs": [
		{
			"address": "0x7e9e431a0B8c4D532C745B1043c7FA29a48D4fBa",
			"blockHash": "0xae2d019cebed090d2e2420d6af152aa90bbe134ef86d3f60ce8b3a20e5b1b037",
			"blockNumber": 5511589,
			"data": "0x000000000000000000000000000000000000000000000009872f59dfc3408000",
			"logIndex": 73,
			"topics": [
				"0xddf252ad1be2c89b69c2b068fc378daa952ba7f163c4a11628f55a4df523b3ef",
				"0x000000000000000000000000c9f42bcc3cd6c77fae537dd24ba96668fc864150",
				"0x000000000000000000000000b7e52627f8197ae6b5df9c07f51f820ae269dcac"
			],
			"transactionHash": "0xa7cd7477ce03e2c30dad721b4bd9819b0468c62971420292d20bec32c86a9885",
			"transactionIndex": 31,
			"transactionLogIndex": "0x0",
			"type": "mined",
			"id": "log_d170cefd"
		}
	],
	"logsBloom": "0x00000000000000000000000000000000000000000000000000000000008000000000000000000000000000000000000000000000100000000000000000000000000000000000010000000008080000000000000000000000000000000000000000000001000000000000000000000000000000000000000000000010000000000000000200000000000000000000000000000000000000000000000000000000000000000000000080000000000000000000000000000000000000000000000000001002000000000000000000000000000000000000000000000000000000000000000000000000000000000000000000000000000000000000000000004000",
	"root": null,
	"status": "0x1",
	"transactionHash": "0xa7cd7477ce03e2c30dad721b4bd9819b0468c62971420292d20bec32c86a9885",
	"transactionIndex": 31
}
[2018-04-26T23:53:35.879] [DEBUG] trans - TO:   0xb804cd4d390085ddfb0efabd3de1003994a6b3db
[2018-04-26T23:53:35.879] [DEBUG] trans - AMOUNT:   348570100000000000000
[2018-04-26T23:53:35.879] [DEBUG] trans - Receipt info:  {
	"blockHash": "0xae2d019cebed090d2e2420d6af152aa90bbe134ef86d3f60ce8b3a20e5b1b037",
	"blockNumber": 5511589,
	"contractAddress": null,
	"cumulativeGasUsed": 4014893,
	"gasUsed": 51525,
	"logs": [
		{
			"address": "0x7e9e431a0B8c4D532C745B1043c7FA29a48D4fBa",
			"blockHash": "0xae2d019cebed090d2e2420d6af152aa90bbe134ef86d3f60ce8b3a20e5b1b037",
			"blockNumber": 5511589,
			"data": "0x000000000000000000000000000000000000000000000012e561c3257e634000",
			"logIndex": 74,
			"topics": [
				"0xddf252ad1be2c89b69c2b068fc378daa952ba7f163c4a11628f55a4df523b3ef",
				"0x000000000000000000000000c9f42bcc3cd6c77fae537dd24ba96668fc864150",
				"0x000000000000000000000000b804cd4d390085ddfb0efabd3de1003994a6b3db"
			],
			"transactionHash": "0x44b73fb3b7e0c7b95308c9a38453b363c41f4ecaabc950514ec77c4d4c06b323",
			"transactionIndex": 32,
			"transactionLogIndex": "0x0",
			"type": "mined",
			"id": "log_ca68435c"
		}
	],
	"logsBloom": "0x80000000000000000000000000000000000000000000000000000000008000000000000000000000000000000000000000000000100000000000000000000000000000000000010000000008000000000000000000000000000000000000000000000000000000000008000000000000000000000000000000000010000000000000000000000000000000000000000000000000000000000000000000000000000000000000000080000000000000000000000000000000000000000000000000001002000000000000000000000000000000100000000000000000000000000000000000000000000000000000000000000000000000000000000000004000",
	"root": null,
	"status": "0x1",
	"transactionHash": "0x44b73fb3b7e0c7b95308c9a38453b363c41f4ecaabc950514ec77c4d4c06b323",
	"transactionIndex": 32
}
[2018-04-26T23:53:35.879] [DEBUG] trans - TO:   0xb6f37412a2283ce695371662a8142d6bf867abfd
[2018-04-26T23:53:35.879] [DEBUG] trans - AMOUNT:   175773600000000000000
[2018-04-26T23:53:35.879] [DEBUG] trans - Receipt info:  {
	"blockHash": "0xae2d019cebed090d2e2420d6af152aa90bbe134ef86d3f60ce8b3a20e5b1b037",
	"blockNumber": 5511589,
	"contractAddress": null,
	"cumulativeGasUsed": 3911715,
	"gasUsed": 51589,
	"logs": [
		{
			"address": "0x7e9e431a0B8c4D532C745B1043c7FA29a48D4fBa",
			"blockHash": "0xae2d019cebed090d2e2420d6af152aa90bbe134ef86d3f60ce8b3a20e5b1b037",
			"blockNumber": 5511589,
			"data": "0x000000000000000000000000000000000000000000000009875945e95b9a0000",
			"logIndex": 72,
			"topics": [
				"0xddf252ad1be2c89b69c2b068fc378daa952ba7f163c4a11628f55a4df523b3ef",
				"0x000000000000000000000000c9f42bcc3cd6c77fae537dd24ba96668fc864150",
				"0x000000000000000000000000b6f37412a2283ce695371662a8142d6bf867abfd"
			],
			"transactionHash": "0xbf2163e0c8130b184860794882559109a886545847b26318019bcd2577d751f2",
			"transactionIndex": 30,
			"transactionLogIndex": "0x0",
			"type": "mined",
			"id": "log_f73c43c1"
		}
	],
	"logsBloom": "0x00000000000000000000000000000000000000000000000000000000008000000000000000001000000000000000000000040000100000000000000040000000000000000000010000000008000000000000000000000000000000000000000000000000000000000000000000000000000000000000000000000010000000000000000000000000000000000000000000000000000000000000000000000000000000000000000080000000000000000000000000000000000000000000000000001002000000000000000000000000000000000000000000000000000000000000000000000000000000000000000000000000000000000000000000004000",
	"root": null,
	"status": "0x1",
	"transactionHash": "0xbf2163e0c8130b184860794882559109a886545847b26318019bcd2577d751f2",
	"transactionIndex": 30
}
[2018-04-26T23:53:35.879] [DEBUG] trans - TO:   0xba03c6ca8644a97339ca4d369497d21710d529fb
[2018-04-26T23:53:35.879] [DEBUG] trans - AMOUNT:   165877300000000000000
[2018-04-26T23:53:35.879] [DEBUG] trans - Receipt info:  {
	"blockHash": "0xae2d019cebed090d2e2420d6af152aa90bbe134ef86d3f60ce8b3a20e5b1b037",
	"blockNumber": 5511589,
	"contractAddress": null,
	"cumulativeGasUsed": 4118199,
	"gasUsed": 51653,
	"logs": [
		{
			"address": "0x7e9e431a0B8c4D532C745B1043c7FA29a48D4fBa",
			"blockHash": "0xae2d019cebed090d2e2420d6af152aa90bbe134ef86d3f60ce8b3a20e5b1b037",
			"blockNumber": 5511589,
			"data": "0x000000000000000000000000000000000000000000000008fe028d7e90e74000",
			"logIndex": 76,
			"topics": [
				"0xddf252ad1be2c89b69c2b068fc378daa952ba7f163c4a11628f55a4df523b3ef",
				"0x000000000000000000000000c9f42bcc3cd6c77fae537dd24ba96668fc864150",
				"0x000000000000000000000000ba03c6ca8644a97339ca4d369497d21710d529fb"
			],
			"transactionHash": "0x2b982113ab2319fc1ba1212e69b45a6e3b278c2fee22399c7b2eaeba27863796",
			"transactionIndex": 34,
			"transactionLogIndex": "0x0",
			"type": "mined",
			"id": "log_b8d43604"
		}
	],
	"logsBloom": "0x00000000000000000000000000000000000000000020000000000000008000000000000000000000000000000000000000000000100000000000000000000000000000000000010002000008000000000000000000000000000000000000000000000000000000000000000000000000000000000000000000000010000000000000000000000000000000000000000000000000000000000000000000000000000000000000000080000000000000000000000000000000000004000000000000001002000000000000000000000000000000000000000000000000000000000000000000000000000000000000000000000000000000000000000000004000",
	"root": null,
	"status": "0x1",
	"transactionHash": "0x2b982113ab2319fc1ba1212e69b45a6e3b278c2fee22399c7b2eaeba27863796",
	"transactionIndex": 34
}
[2018-04-26T23:53:35.879] [DEBUG] trans - TO:   0xbbe9681bc30a8154522a18e6d6d01f0da84cf04b
[2018-04-26T23:53:35.879] [DEBUG] trans - AMOUNT:   199500000000000000000
[2018-04-26T23:53:35.879] [DEBUG] trans - Receipt info:  {
	"blockHash": "0xae2d019cebed090d2e2420d6af152aa90bbe134ef86d3f60ce8b3a20e5b1b037",
	"blockNumber": 5511589,
	"contractAddress": null,
	"cumulativeGasUsed": 4169724,
	"gasUsed": 51525,
	"logs": [
		{
			"address": "0x7e9e431a0B8c4D532C745B1043c7FA29a48D4fBa",
			"blockHash": "0xae2d019cebed090d2e2420d6af152aa90bbe134ef86d3f60ce8b3a20e5b1b037",
			"blockNumber": 5511589,
			"data": "0x00000000000000000000000000000000000000000000000ad09e6100f26e0000",
			"logIndex": 77,
			"topics": [
				"0xddf252ad1be2c89b69c2b068fc378daa952ba7f163c4a11628f55a4df523b3ef",
				"0x000000000000000000000000c9f42bcc3cd6c77fae537dd24ba96668fc864150",
				"0x000000000000000000000000bbe9681bc30a8154522a18e6d6d01f0da84cf04b"
			],
			"transactionHash": "0x57ccab4e23478552305c6d0bb6579575306d07d857b5782d123fd24d328dd617",
			"transactionIndex": 35,
			"transactionLogIndex": "0x0",
			"type": "mined",
			"id": "log_c7e87316"
		}
	],
	"logsBloom": "0x00000000000000000000000000000000000000000000000000000000008000000000000000000000400000000000000000000000100000000000000000000000000000000000010000000008000000000000000000000000000000000000000020000000000000040000000000000000000000000000000000000010000000000000000000000000000000000000000000000000000000000000000000000000000000000000000080000000000000000000000000000000000000000000000000001002000000000000000000000000000000000000000000000000000000000000000000000000000000000000000000000000000000000000000000004000",
	"root": null,
	"status": "0x1",
	"transactionHash": "0x57ccab4e23478552305c6d0bb6579575306d07d857b5782d123fd24d328dd617",
	"transactionIndex": 35
}
[2018-04-26T23:53:35.881] [DEBUG] trans - TO:   0xad973501614606b2a330cf9e43109d1d42880cbf
[2018-04-26T23:53:35.881] [DEBUG] trans - AMOUNT:   175722100000000000000
[2018-04-26T23:53:35.881] [DEBUG] trans - Receipt info:  {
	"blockHash": "0xae2d019cebed090d2e2420d6af152aa90bbe134ef86d3f60ce8b3a20e5b1b037",
	"blockNumber": 5511589,
	"contractAddress": null,
	"cumulativeGasUsed": 318718,
	"gasUsed": 51653,
	"logs": [
		{
			"address": "0x7e9e431a0B8c4D532C745B1043c7FA29a48D4fBa",
			"blockHash": "0xae2d019cebed090d2e2420d6af152aa90bbe134ef86d3f60ce8b3a20e5b1b037",
			"blockNumber": 5511589,
			"data": "0x00000000000000000000000000000000000000000000000986a24eef35ab4000",
			"logIndex": 5,
			"topics": [
				"0xddf252ad1be2c89b69c2b068fc378daa952ba7f163c4a11628f55a4df523b3ef",
				"0x000000000000000000000000c9f42bcc3cd6c77fae537dd24ba96668fc864150",
				"0x000000000000000000000000ad973501614606b2a330cf9e43109d1d42880cbf"
			],
			"transactionHash": "0x259f6dda06e304bfc315414e6f0f3e0ab69b4a9c211fcf29d4cbb8e8ef03abcb",
			"transactionIndex": 10,
			"transactionLogIndex": "0x0",
			"type": "mined",
			"id": "log_54c7d776"
		}
	],
	"logsBloom": "0x02000000000000000000000000000000000000000000000000000000008000000000000000000000000000000000000000000000100000020000000000000000000000000000010000000008000000000000000000000000000000000000000000000000000000000000000000000000000000000000000000000010000000000000000000000000000000000000000000000000000000000000000000000000000000000000000080000000000000000000000000000000000000000000000000001002000000000000000000000000000000000020000000000000000000000000000000000000000000000000000000000000000000000000000000004000",
	"root": null,
	"status": "0x1",
	"transactionHash": "0x259f6dda06e304bfc315414e6f0f3e0ab69b4a9c211fcf29d4cbb8e8ef03abcb",
	"transactionIndex": 10
}
[2018-04-26T23:53:35.881] [DEBUG] trans - TO:   0xb825651f21989277d95798aab075380f353424ff
[2018-04-26T23:53:35.881] [DEBUG] trans - AMOUNT:   242391000000000000000
[2018-04-26T23:53:35.881] [DEBUG] trans - Receipt info:  {
	"blockHash": "0xae2d019cebed090d2e2420d6af152aa90bbe134ef86d3f60ce8b3a20e5b1b037",
	"blockNumber": 5511589,
	"contractAddress": null,
	"cumulativeGasUsed": 4066546,
	"gasUsed": 51653,
	"logs": [
		{
			"address": "0x7e9e431a0B8c4D532C745B1043c7FA29a48D4fBa",
			"blockHash": "0xae2d019cebed090d2e2420d6af152aa90bbe134ef86d3f60ce8b3a20e5b1b037",
			"blockNumber": 5511589,
			"data": "0x00000000000000000000000000000000000000000000000d23d9d241e7b58000",
			"logIndex": 75,
			"topics": [
				"0xddf252ad1be2c89b69c2b068fc378daa952ba7f163c4a11628f55a4df523b3ef",
				"0x000000000000000000000000c9f42bcc3cd6c77fae537dd24ba96668fc864150",
				"0x000000000000000000000000b825651f21989277d95798aab075380f353424ff"
			],
			"transactionHash": "0x70e025ef04a454254d6e5cacb9efa932fe47ae36dd5b926d050fbfcb2eea6e37",
			"transactionIndex": 33,
			"transactionLogIndex": "0x0",
			"type": "mined",
			"id": "log_b5f7a681"
		}
	],
	"logsBloom": "0x00000000000000000000000000000000000000000000000000000000008000000000000000000000000000000000000000000000100000000000000000000000000001000000010000000008000000000000000000000000000000000000000000000000000000000000000000000001000000000000000000000010000000000000000000000000000000000000000000000000000000000000000000000000000040000000000080000000000000000000000000000000000000000000000000001002000000000000000000000000000000000000000000000000000000000000000000000000000000000000000000000000000000000000000000004000",
	"root": null,
	"status": "0x1",
	"transactionHash": "0x70e025ef04a454254d6e5cacb9efa932fe47ae36dd5b926d050fbfcb2eea6e37",
	"transactionIndex": 33
}
[2018-04-26T23:53:35.882] [DEBUG] trans - TO:   0xbc07191b8fe3865bc2e69126110448b6550e08f6
[2018-04-26T23:53:35.883] [DEBUG] trans - AMOUNT:   199500000000000000000
[2018-04-26T23:53:35.883] [DEBUG] trans - Receipt info:  {
	"blockHash": "0xae2d019cebed090d2e2420d6af152aa90bbe134ef86d3f60ce8b3a20e5b1b037",
	"blockNumber": 5511589,
	"contractAddress": null,
	"cumulativeGasUsed": 4221249,
	"gasUsed": 51525,
	"logs": [
		{
			"address": "0x7e9e431a0B8c4D532C745B1043c7FA29a48D4fBa",
			"blockHash": "0xae2d019cebed090d2e2420d6af152aa90bbe134ef86d3f60ce8b3a20e5b1b037",
			"blockNumber": 5511589,
			"data": "0x00000000000000000000000000000000000000000000000ad09e6100f26e0000",
			"logIndex": 78,
			"topics": [
				"0xddf252ad1be2c89b69c2b068fc378daa952ba7f163c4a11628f55a4df523b3ef",
				"0x000000000000000000000000c9f42bcc3cd6c77fae537dd24ba96668fc864150",
				"0x000000000000000000000000bc07191b8fe3865bc2e69126110448b6550e08f6"
			],
			"transactionHash": "0x5f5ae6348e6442f9b0425ed326b08ec81d5acd668a4c5e43cdc220c5a629e780",
			"transactionIndex": 36,
			"transactionLogIndex": "0x0",
			"type": "mined",
			"id": "log_96bfe394"
		}
	],
	"logsBloom": "0x00000000000000000000000000000000000000000100000000000000008000000000000000000000000000000000000000000000100000000000000100000000000000000000010000000008000000000000000000000000000000000000000000000000000000000000000000000000000000000000000000000010000000000000000000000000000000000000000000000000000000000000000000000000000000000000000080000000000000000000000000000000000000000000000000001002000000000000000000000000000000000000000080000000000000000000000000000000000000000000000000000000000000000000000000004000",
	"root": null,
	"status": "0x1",
	"transactionHash": "0x5f5ae6348e6442f9b0425ed326b08ec81d5acd668a4c5e43cdc220c5a629e780",
	"transactionIndex": 36
}
[2018-04-26T23:53:35.883] [DEBUG] trans - TO:   0xc99ce281d16bce17dccb1ae5752dcfe17645fdb0
[2018-04-26T23:53:35.883] [DEBUG] trans - AMOUNT:   102257800000000000000
[2018-04-26T23:53:35.883] [DEBUG] trans - Receipt info:  {
	"blockHash": "0xae2d019cebed090d2e2420d6af152aa90bbe134ef86d3f60ce8b3a20e5b1b037",
	"blockNumber": 5511589,
	"contractAddress": null,
	"cumulativeGasUsed": 4376080,
	"gasUsed": 51653,
	"logs": [
		{
			"address": "0x7e9e431a0B8c4D532C745B1043c7FA29a48D4fBa",
			"blockHash": "0xae2d019cebed090d2e2420d6af152aa90bbe134ef86d3f60ce8b3a20e5b1b037",
			"blockNumber": 5511589,
			"data": "0x0000000000000000000000000000000000000000000000058b1caf50a0f08000",
			"logIndex": 81,
			"topics": [
				"0xddf252ad1be2c89b69c2b068fc378daa952ba7f163c4a11628f55a4df523b3ef",
				"0x000000000000000000000000c9f42bcc3cd6c77fae537dd24ba96668fc864150",
				"0x000000000000000000000000c99ce281d16bce17dccb1ae5752dcfe17645fdb0"
			],
			"transactionHash": "0x14340053b84bec03b682733a1bc298a87eecf57d96103e7237f9da9ec35b1064",
			"transactionIndex": 39,
			"transactionLogIndex": "0x0",
			"type": "mined",
			"id": "log_bcc924da"
		}
	],
	"logsBloom": "0x00000000000000000000000000000000000000000000000000000000008000000000000000000000000000000000000000000000100000000000000000000000000000000000010000000008000000000000000000000002000000000000100000000000000000000000000000000000000000000000000000000050000000000000000000000000000000000000000000000000000000000000000000000000000000000000000080000000000000000000000000000000000000000000000000001002000000000000000000000000000000000000000000000000000000000000000000000000000000000000000000000000000000000000000000004000",
	"root": null,
	"status": "0x1",
	"transactionHash": "0x14340053b84bec03b682733a1bc298a87eecf57d96103e7237f9da9ec35b1064",
	"transactionIndex": 39
}
[2018-04-26T23:53:35.883] [DEBUG] trans - TO:   0xbf79255a35e2de5183e77a1973f3b09607d760c8
[2018-04-26T23:53:35.883] [DEBUG] trans - AMOUNT:   165768400000000000000
[2018-04-26T23:53:35.883] [DEBUG] trans - Receipt info:  {
	"blockHash": "0xae2d019cebed090d2e2420d6af152aa90bbe134ef86d3f60ce8b3a20e5b1b037",
	"blockNumber": 5511589,
	"contractAddress": null,
	"cumulativeGasUsed": 4272838,
	"gasUsed": 51589,
	"logs": [
		{
			"address": "0x7e9e431a0B8c4D532C745B1043c7FA29a48D4fBa",
			"blockHash": "0xae2d019cebed090d2e2420d6af152aa90bbe134ef86d3f60ce8b3a20e5b1b037",
			"blockNumber": 5511589,
			"data": "0x000000000000000000000000000000000000000000000008fc7fa98578dd0000",
			"logIndex": 79,
			"topics": [
				"0xddf252ad1be2c89b69c2b068fc378daa952ba7f163c4a11628f55a4df523b3ef",
				"0x000000000000000000000000c9f42bcc3cd6c77fae537dd24ba96668fc864150",
				"0x000000000000000000000000bf79255a35e2de5183e77a1973f3b09607d760c8"
			],
			"transactionHash": "0xe88d210252d5d8f48ebda2e0cfa5e690634728b98e560a6e11963eee207dce75",
			"transactionIndex": 37,
			"transactionLogIndex": "0x0",
			"type": "mined",
			"id": "log_64afbbb3"
		}
	],
	"logsBloom": "0x00000000000000000000000000000000000000000000000000000000008000000000000000000000000000000000000000000000100000000000000000000008000000000000010000000008000000040000000000000000000000000000000000000000000000000000000000000000000000000000000000000010000000000000000000000000000000000000000000000000000000000000000000000000000000000000000080000000000000000000000000000000000000000000000000001002000000000000000000000000000000000000000000000000000000000000000000000000000000000000000000000000000000000000002000004000",
	"root": null,
	"status": "0x1",
	"transactionHash": "0xe88d210252d5d8f48ebda2e0cfa5e690634728b98e560a6e11963eee207dce75",
	"transactionIndex": 37
}
[2018-04-26T23:53:35.883] [DEBUG] trans - TO:   0xbfe2c29c3e4b6b39bfef1308375daeda443ce679
[2018-04-26T23:53:35.884] [DEBUG] trans - AMOUNT:   102238800000000000000
[2018-04-26T23:53:35.884] [DEBUG] trans - Receipt info:  {
	"blockHash": "0xae2d019cebed090d2e2420d6af152aa90bbe134ef86d3f60ce8b3a20e5b1b037",
	"blockNumber": 5511589,
	"contractAddress": null,
	"cumulativeGasUsed": 4324427,
	"gasUsed": 51589,
	"logs": [
		{
			"address": "0x7e9e431a0B8c4D532C745B1043c7FA29a48D4fBa",
			"blockHash": "0xae2d019cebed090d2e2420d6af152aa90bbe134ef86d3f60ce8b3a20e5b1b037",
			"blockNumber": 5511589,
			"data": "0x0000000000000000000000000000000000000000000000058ad92eea66350000",
			"logIndex": 80,
			"topics": [
				"0xddf252ad1be2c89b69c2b068fc378daa952ba7f163c4a11628f55a4df523b3ef",
				"0x000000000000000000000000c9f42bcc3cd6c77fae537dd24ba96668fc864150",
				"0x000000000000000000000000bfe2c29c3e4b6b39bfef1308375daeda443ce679"
			],
			"transactionHash": "0xd32a677de9103213db25f5e77bc76c1ab7400c35dcb10e8dda1c8694f3f5944a",
			"transactionIndex": 38,
			"transactionLogIndex": "0x0",
			"type": "mined",
			"id": "log_7cc6dcf4"
		}
	],
	"logsBloom": "0x00000000000000000000000000000000000000000000100000000000008000000000000000000000000000000000000000000000100000000000000000000000000000000000010000000008000000000000000000000000000000000000000000000000000000000000000000000000000000000000000000000010000000000000000000000000000000000000000000000000000000000000000000000000000000000001000080000000000000000000000000000000000000000000000000001202000000000000000000000000000000000000000000000000000000000000000000000000000000000000000000000000000000000000000000004000",
	"root": null,
	"status": "0x1",
	"transactionHash": "0xd32a677de9103213db25f5e77bc76c1ab7400c35dcb10e8dda1c8694f3f5944a",
	"transactionIndex": 38
}
[2018-04-26T23:53:35.886] [DEBUG] trans - TO:   0xccd51cf9e469e99857467d8b11f9b8ea04b6f9e6
[2018-04-26T23:53:35.886] [DEBUG] trans - AMOUNT:   102279400000000000000
[2018-04-26T23:53:35.886] [DEBUG] trans - Receipt info:  {
	"blockHash": "0xae2d019cebed090d2e2420d6af152aa90bbe134ef86d3f60ce8b3a20e5b1b037",
	"blockNumber": 5511589,
	"contractAddress": null,
	"cumulativeGasUsed": 4427733,
	"gasUsed": 51653,
	"logs": [
		{
			"address": "0x7e9e431a0B8c4D532C745B1043c7FA29a48D4fBa",
			"blockHash": "0xae2d019cebed090d2e2420d6af152aa90bbe134ef86d3f60ce8b3a20e5b1b037",
			"blockNumber": 5511589,
			"data": "0x0000000000000000000000000000000000000000000000058b696c6688168000",
			"logIndex": 82,
			"topics": [
				"0xddf252ad1be2c89b69c2b068fc378daa952ba7f163c4a11628f55a4df523b3ef",
				"0x000000000000000000000000c9f42bcc3cd6c77fae537dd24ba96668fc864150",
				"0x000000000000000000000000ccd51cf9e469e99857467d8b11f9b8ea04b6f9e6"
			],
			"transactionHash": "0x93e59ee3e63800b494adca4b7236ac6ada5a6ea91c6a811bb67cf7a19cf89401",
			"transactionIndex": 40,
			"transactionLogIndex": "0x0",
			"type": "mined",
			"id": "log_2f99bbbd"
		}
	],
	"logsBloom": "0x00000000000000000000000000000000000000000000000000000000008000000000000000000000000000000000000000000000100000000000000000000000000000000000010000000008000000000000000000000000000000000000000000000000000000000000000000000000000000000000000000000010000000000040000000000000000000000000000000000004000000000000000000000000000000000000000080000000000000000000000000000000000000000000000000001002000000000000000000000000000000000000000000000000000000000000000000000000000000000000000000000000000000000000000000004400",
	"root": null,
	"status": "0x1",
	"transactionHash": "0x93e59ee3e63800b494adca4b7236ac6ada5a6ea91c6a811bb67cf7a19cf89401",
	"transactionIndex": 40
}
[2018-04-26T23:53:35.887] [DEBUG] trans - TO:   0xd34b2871513bb78cd65015c9595cacb756a76bd4
[2018-04-26T23:53:35.887] [DEBUG] trans - AMOUNT:   102287400000000000000
[2018-04-26T23:53:35.887] [DEBUG] trans - Receipt info:  {
	"blockHash": "0xae2d019cebed090d2e2420d6af152aa90bbe134ef86d3f60ce8b3a20e5b1b037",
	"blockNumber": 5511589,
	"contractAddress": null,
	"cumulativeGasUsed": 4634281,
	"gasUsed": 51653,
	"logs": [
		{
			"address": "0x7e9e431a0B8c4D532C745B1043c7FA29a48D4fBa",
			"blockHash": "0xae2d019cebed090d2e2420d6af152aa90bbe134ef86d3f60ce8b3a20e5b1b037",
			"blockNumber": 5511589,
			"data": "0x0000000000000000000000000000000000000000000000058b85d85bae4a8000",
			"logIndex": 86,
			"topics": [
				"0xddf252ad1be2c89b69c2b068fc378daa952ba7f163c4a11628f55a4df523b3ef",
				"0x000000000000000000000000c9f42bcc3cd6c77fae537dd24ba96668fc864150",
				"0x000000000000000000000000d34b2871513bb78cd65015c9595cacb756a76bd4"
			],
			"transactionHash": "0x8f32d4ac4e8eefb72635d8284d15df56933c5107fdc1e33b25f8a912a8a664fc",
			"transactionIndex": 44,
			"transactionLogIndex": "0x0",
			"type": "mined",
			"id": "log_978b2b16"
		}
	],
	"logsBloom": "0x02000000000000000000000000000000000000000000000000000000008000000000000000000000000000000000000000000000100000000000000000000000000000000000010000000008000000000000000000000000000000000000000000000000000000000000000000000000000000000000000000000010000000000000000000000800000000000000000000000000000000000000000000000000000000000000000080000000000000000000000000000000000000000000000000001002000000000000000000000000000000000000000000000000000000000000000000000000000000000000000100000000000000000000000000004000",
	"root": null,
	"status": "0x1",
	"transactionHash": "0x8f32d4ac4e8eefb72635d8284d15df56933c5107fdc1e33b25f8a912a8a664fc",
	"transactionIndex": 44
}
[2018-04-26T23:53:35.887] [DEBUG] trans - TO:   0xcd0652a550d30a0973d2e97fb079cfccb7836c87
[2018-04-26T23:53:35.887] [DEBUG] trans - AMOUNT:   102287100000000000000
[2018-04-26T23:53:35.887] [DEBUG] trans - Receipt info:  {
	"blockHash": "0xae2d019cebed090d2e2420d6af152aa90bbe134ef86d3f60ce8b3a20e5b1b037",
	"blockNumber": 5511589,
	"contractAddress": null,
	"cumulativeGasUsed": 4479386,
	"gasUsed": 51653,
	"logs": [
		{
			"address": "0x7e9e431a0B8c4D532C745B1043c7FA29a48D4fBa",
			"blockHash": "0xae2d019cebed090d2e2420d6af152aa90bbe134ef86d3f60ce8b3a20e5b1b037",
			"blockNumber": 5511589,
			"data": "0x0000000000000000000000000000000000000000000000058b84c7827cdbc000",
			"logIndex": 83,
			"topics": [
				"0xddf252ad1be2c89b69c2b068fc378daa952ba7f163c4a11628f55a4df523b3ef",
				"0x000000000000000000000000c9f42bcc3cd6c77fae537dd24ba96668fc864150",
				"0x000000000000000000000000cd0652a550d30a0973d2e97fb079cfccb7836c87"
			],
			"transactionHash": "0xfb1237a46bfa02f8fab2bbfe5adde79951a5fb4241ef5d19bbe4f1d88e464d50",
			"transactionIndex": 41,
			"transactionLogIndex": "0x0",
			"type": "mined",
			"id": "log_3d7fb15e"
		}
	],
	"logsBloom": "0x00000000000000000000000000000000000000000000000000000000008000000000000000000000000000000000000000000000100000000000000000000000000000000000010000000008000000000000000000000000200000000000000000000001000000000000000000000000000000000000000000000010000000000000000004000000000000000000000000000000000000000000000000000000000000000000000080000000000000000000000000000000000000000000000000001002000000000000000000000000000000000000000000000000000000000000000000000000000000000000000000000000000000000000000000004000",
	"root": null,
	"status": "0x1",
	"transactionHash": "0xfb1237a46bfa02f8fab2bbfe5adde79951a5fb4241ef5d19bbe4f1d88e464d50",
	"transactionIndex": 41
}
[2018-04-26T23:53:35.887] [DEBUG] trans - TO:   0xcd1c873c398fc83d1497176c342cd4bcf2714e24
[2018-04-26T23:53:35.887] [DEBUG] trans - AMOUNT:   348650000000000000000
[2018-04-26T23:53:35.887] [DEBUG] trans - Receipt info:  {
	"blockHash": "0xae2d019cebed090d2e2420d6af152aa90bbe134ef86d3f60ce8b3a20e5b1b037",
	"blockNumber": 5511589,
	"contractAddress": null,
	"cumulativeGasUsed": 4530975,
	"gasUsed": 51589,
	"logs": [
		{
			"address": "0x7e9e431a0B8c4D532C745B1043c7FA29a48D4fBa",
			"blockHash": "0xae2d019cebed090d2e2420d6af152aa90bbe134ef86d3f60ce8b3a20e5b1b037",
			"blockNumber": 5511589,
			"data": "0x000000000000000000000000000000000000000000000012e67d9fc5ebf10000",
			"logIndex": 84,
			"topics": [
				"0xddf252ad1be2c89b69c2b068fc378daa952ba7f163c4a11628f55a4df523b3ef",
				"0x000000000000000000000000c9f42bcc3cd6c77fae537dd24ba96668fc864150",
				"0x000000000000000000000000cd1c873c398fc83d1497176c342cd4bcf2714e24"
			],
			"transactionHash": "0x9c2489c21b8a004a63f73d37a0b72e302124dbb2580970d5ee5e3e6fdfc07c0d",
			"transactionIndex": 42,
			"transactionLogIndex": "0x0",
			"type": "mined",
			"id": "log_74ed5dda"
		}
	],
	"logsBloom": "0x00000000000000000000000000000000000000000000000000000000028000000000000000000000000000000000000000000000100000000000000000000000000000000000010000000008000000000000000000000000000000000000000000000000000000000000000000000000000000000000000000000010000000000000000000000000000000000000000000000000000000000000000000000000000000000400000080000000000000000000000000000000000000000000000000001002000000000020000000000000000000000000000000000000000000000000000000000000000000000000000000000000000000000000000000004000",
	"root": null,
	"status": "0x1",
	"transactionHash": "0x9c2489c21b8a004a63f73d37a0b72e302124dbb2580970d5ee5e3e6fdfc07c0d",
	"transactionIndex": 42
}
[2018-04-26T23:53:35.888] [DEBUG] trans - TO:   0xd42263d64b4f0712ba1bacd0f62382bdc50cb28a
[2018-04-26T23:53:35.888] [DEBUG] trans - AMOUNT:   348551000000000000000
[2018-04-26T23:53:35.888] [DEBUG] trans - Receipt info:  {
	"blockHash": "0xae2d019cebed090d2e2420d6af152aa90bbe134ef86d3f60ce8b3a20e5b1b037",
	"blockNumber": 5511589,
	"contractAddress": null,
	"cumulativeGasUsed": 4685934,
	"gasUsed": 51653,
	"logs": [
		{
			"address": "0x7e9e431a0B8c4D532C745B1043c7FA29a48D4fBa",
			"blockHash": "0xae2d019cebed090d2e2420d6af152aa90bbe134ef86d3f60ce8b3a20e5b1b037",
			"blockNumber": 5511589,
			"data": "0x000000000000000000000000000000000000000000000012e51de7cc332d8000",
			"logIndex": 87,
			"topics": [
				"0xddf252ad1be2c89b69c2b068fc378daa952ba7f163c4a11628f55a4df523b3ef",
				"0x000000000000000000000000c9f42bcc3cd6c77fae537dd24ba96668fc864150",
				"0x000000000000000000000000d42263d64b4f0712ba1bacd0f62382bdc50cb28a"
			],
			"transactionHash": "0xd19133f45bc8552c487ee99cd6be5b64dee8ed00230a4409fb779bdcd089ab74",
			"transactionIndex": 45,
			"transactionLogIndex": "0x0",
			"type": "mined",
			"id": "log_867dc639"
		}
	],
	"logsBloom": "0x00000000000000000000000000000000000000000000000000000000008000000000000000000000000000000000000000000000100000000000000000000000000000000000010000000008000000000000000000000000000000000000000000000000000000000000000000000000000000000000000000000010000000000000000000000000000000000000000000000000000000000000000000000000000000000000000080000000000000000000000000000000000000000400000000001002000000000000000000000000000000000000000000000080000000000000000000000000000000000000000010000000000000000000000000004000",
	"root": null,
	"status": "0x1",
	"transactionHash": "0xd19133f45bc8552c487ee99cd6be5b64dee8ed00230a4409fb779bdcd089ab74",
	"transactionIndex": 45
}
[2018-04-26T23:53:35.888] [DEBUG] trans - TO:   0xcfec74d1be1826fc4be7b03e616bb4b888f76abd
[2018-04-26T23:53:35.888] [DEBUG] trans - AMOUNT:   102275000000000000000
[2018-04-26T23:53:35.888] [DEBUG] trans - Receipt info:  {
	"blockHash": "0xae2d019cebed090d2e2420d6af152aa90bbe134ef86d3f60ce8b3a20e5b1b037",
	"blockNumber": 5511589,
	"contractAddress": null,
	"cumulativeGasUsed": 4582628,
	"gasUsed": 51653,
	"logs": [
		{
			"address": "0x7e9e431a0B8c4D532C745B1043c7FA29a48D4fBa",
			"blockHash": "0xae2d019cebed090d2e2420d6af152aa90bbe134ef86d3f60ce8b3a20e5b1b037",
			"blockNumber": 5511589,
			"data": "0x0000000000000000000000000000000000000000000000058b59ca9fb3138000",
			"logIndex": 85,
			"topics": [
				"0xddf252ad1be2c89b69c2b068fc378daa952ba7f163c4a11628f55a4df523b3ef",
				"0x000000000000000000000000c9f42bcc3cd6c77fae537dd24ba96668fc864150",
				"0x000000000000000000000000cfec74d1be1826fc4be7b03e616bb4b888f76abd"
			],
			"transactionHash": "0xba49e44cad104090cd7dc31e7f52567517da2891dba8fd480835a61d6bff63e5",
			"transactionIndex": 43,
			"transactionLogIndex": "0x0",
			"type": "mined",
			"id": "log_a0f067e4"
		}
	],
	"logsBloom": "0x00000000000000000000000000000000000000000000000000000000008000000000000000000000000000000000000000000000100000000000000000000000000000000000010000000008000000000000000000000000000000000000000000010000000000000000000000000000000000000000000000000010000000000000000000000000000000000000000000000000000000000000000000000000000000000000000080000000000000000000000000000000000000000000000000001002000000000000000000000000000000000000000000000000000000000000000000000000002000000000000800000000000000000000000000004000",
	"root": null,
	"status": "0x1",
	"transactionHash": "0xba49e44cad104090cd7dc31e7f52567517da2891dba8fd480835a61d6bff63e5",
	"transactionIndex": 43
}
[2018-04-26T23:53:35.888] [DEBUG] trans - TO:   0xd50dc03025a4c4e2ab1c14f731388c7ba53b546b
[2018-04-26T23:53:35.888] [DEBUG] trans - AMOUNT:   242447900000000000000
[2018-04-26T23:53:35.888] [DEBUG] trans - Receipt info:  {
	"blockHash": "0xae2d019cebed090d2e2420d6af152aa90bbe134ef86d3f60ce8b3a20e5b1b037",
	"blockNumber": 5511589,
	"contractAddress": null,
	"cumulativeGasUsed": 4789112,
	"gasUsed": 51653,
	"logs": [
		{
			"address": "0x7e9e431a0B8c4D532C745B1043c7FA29a48D4fBa",
			"blockHash": "0xae2d019cebed090d2e2420d6af152aa90bbe134ef86d3f60ce8b3a20e5b1b037",
			"blockNumber": 5511589,
			"data": "0x00000000000000000000000000000000000000000000000d24a3f881876dc000",
			"logIndex": 89,
			"topics": [
				"0xddf252ad1be2c89b69c2b068fc378daa952ba7f163c4a11628f55a4df523b3ef",
				"0x000000000000000000000000c9f42bcc3cd6c77fae537dd24ba96668fc864150",
				"0x000000000000000000000000d50dc03025a4c4e2ab1c14f731388c7ba53b546b"
			],
			"transactionHash": "0xd6311435af237f7affa4bb2e51d375f0a191f201ac0126e86fb530923e59459b",
			"transactionIndex": 47,
			"transactionLogIndex": "0x0",
			"type": "mined",
			"id": "log_3d0eec9f"
		}
	],
	"logsBloom": "0x00000000000000000000000000000000000000000000000000000000008000000000000000000000000000000000000000000000100000000000000000000000000000000000010000000008000000000000000000000000000000000000000000000000000000000000000000000000000800000000000000000010000000000000000000000000001000000000000000000000000000000000000000000000000000000000000080000000000000000000000000000000000000000000000000001002000000020000000000000000000000000000000000000000000000000000000000000000000000000000000000000000000000000000000000004000",
	"root": null,
	"status": "0x1",
	"transactionHash": "0xd6311435af237f7affa4bb2e51d375f0a191f201ac0126e86fb530923e59459b",
	"transactionIndex": 47
}
[2018-04-26T23:53:35.889] [DEBUG] trans - TO:   0xd4d9b42012bc412d6296673fea460a06513de239
[2018-04-26T23:53:35.889] [DEBUG] trans - AMOUNT:   102250000000000000000
[2018-04-26T23:53:35.889] [DEBUG] trans - Receipt info:  {
	"blockHash": "0xae2d019cebed090d2e2420d6af152aa90bbe134ef86d3f60ce8b3a20e5b1b037",
	"blockNumber": 5511589,
	"contractAddress": null,
	"cumulativeGasUsed": 4737459,
	"gasUsed": 51525,
	"logs": [
		{
			"address": "0x7e9e431a0B8c4D532C745B1043c7FA29a48D4fBa",
			"blockHash": "0xae2d019cebed090d2e2420d6af152aa90bbe134ef86d3f60ce8b3a20e5b1b037",
			"blockNumber": 5511589,
			"data": "0x0000000000000000000000000000000000000000000000058b00f9419bb10000",
			"logIndex": 88,
			"topics": [
				"0xddf252ad1be2c89b69c2b068fc378daa952ba7f163c4a11628f55a4df523b3ef",
				"0x000000000000000000000000c9f42bcc3cd6c77fae537dd24ba96668fc864150",
				"0x000000000000000000000000d4d9b42012bc412d6296673fea460a06513de239"
			],
			"transactionHash": "0xc7de05410c38413761513ff4418b00e690b8797b7c16facfba05c5f473154647",
			"transactionIndex": 46,
			"transactionLogIndex": "0x0",
			"type": "mined",
			"id": "log_748831bb"
		}
	],
	"logsBloom": "0x00000000000000000000000000000000000000000000000000000000008000000000000000000000000000000000000000000000100000000000000000000000000000000000010000000008000000000000000000000000000000000000000000000000000000000000000000000000000000000000000000000010000000000000000000000000000000000400000000000000000000000000000000000000000000000000000080000000000000000000000000000000000000000000004000001002000000000000000000000000100000000000000000000000000000000000000000000000000000000000000000000000000000000000000000004000",
	"root": null,
	"status": "0x1",
	"transactionHash": "0xc7de05410c38413761513ff4418b00e690b8797b7c16facfba05c5f473154647",
	"transactionIndex": 46
}
[2018-04-26T23:53:35.889] [DEBUG] trans - TO:   0xd58071b83ea90b9f8b6da620d692543d6b58a874
[2018-04-26T23:53:35.889] [DEBUG] trans - AMOUNT:   102223200000000000000
[2018-04-26T23:53:35.889] [DEBUG] trans - Receipt info:  {
	"blockHash": "0xae2d019cebed090d2e2420d6af152aa90bbe134ef86d3f60ce8b3a20e5b1b037",
	"blockNumber": 5511589,
	"contractAddress": null,
	"cumulativeGasUsed": 4840701,
	"gasUsed": 51589,
	"logs": [
		{
			"address": "0x7e9e431a0B8c4D532C745B1043c7FA29a48D4fBa",
			"blockHash": "0xae2d019cebed090d2e2420d6af152aa90bbe134ef86d3f60ce8b3a20e5b1b037",
			"blockNumber": 5511589,
			"data": "0x0000000000000000000000000000000000000000000000058aa1c2cc5bb60000",
			"logIndex": 90,
			"topics": [
				"0xddf252ad1be2c89b69c2b068fc378daa952ba7f163c4a11628f55a4df523b3ef",
				"0x000000000000000000000000c9f42bcc3cd6c77fae537dd24ba96668fc864150",
				"0x000000000000000000000000d58071b83ea90b9f8b6da620d692543d6b58a874"
			],
			"transactionHash": "0xeedb5d25b619fc051c37bad25c23b010b063f6ffe97d6fd32d4e4363fa0427e9",
			"transactionIndex": 48,
			"transactionLogIndex": "0x0",
			"type": "mined",
			"id": "log_306049c6"
		}
	],
	"logsBloom": "0x00000000000000000000000000000000000000000000000000000000008000000000000000000000000000000000000000000000100000000000000000000000000000000000010000000008000000000000000000000000000000000000000000000000000000000000000000000000000000000000000100000010000000000000000000000000000000000000000000000000000000000000000000000000000000000000000080000000000000000000000000000000000000000000000000081002000000000000000000000000000002000000000000000000000000000000000000000000000000000000000000000000000000000000000000004000",
	"root": null,
	"status": "0x1",
	"transactionHash": "0xeedb5d25b619fc051c37bad25c23b010b063f6ffe97d6fd32d4e4363fa0427e9",
	"transactionIndex": 48
}
[2018-04-26T23:53:35.889] [DEBUG] trans - TO:   0xd8512d1828cb80d95d0709441126424f07105141
[2018-04-26T23:53:35.889] [DEBUG] trans - AMOUNT:   102218700000000000000
[2018-04-26T23:53:35.889] [DEBUG] trans - Receipt info:  {
	"blockHash": "0xae2d019cebed090d2e2420d6af152aa90bbe134ef86d3f60ce8b3a20e5b1b037",
	"blockNumber": 5511589,
	"contractAddress": null,
	"cumulativeGasUsed": 4995596,
	"gasUsed": 51653,
	"logs": [
		{
			"address": "0x7e9e431a0B8c4D532C745B1043c7FA29a48D4fBa",
			"blockHash": "0xae2d019cebed090d2e2420d6af152aa90bbe134ef86d3f60ce8b3a20e5b1b037",
			"blockNumber": 5511589,
			"data": "0x0000000000000000000000000000000000000000000000058a91c6127638c000",
			"logIndex": 93,
			"topics": [
				"0xddf252ad1be2c89b69c2b068fc378daa952ba7f163c4a11628f55a4df523b3ef",
				"0x000000000000000000000000c9f42bcc3cd6c77fae537dd24ba96668fc864150",
				"0x000000000000000000000000d8512d1828cb80d95d0709441126424f07105141"
			],
			"transactionHash": "0xf2c5787389437b3c105d2be755385681ff1bd2dc79c30070409cf5240ffb6f4e",
			"transactionIndex": 51,
			"transactionLogIndex": "0x0",
			"type": "mined",
			"id": "log_833153fc"
		}
	],
	"logsBloom": "0x00000000000000000000000000000000000000000000000000000000008000000000000000000000000000000000000000000000101000000000000000000000000000000000010000000008000000000000000000000000000000000000000000000000000000000000000000000000000000000000000000000010000000000000000000000000000000000000000000000000000000000000000000000000000000000000000080000000000000000000000000000000000000000000000000001002000020000000008000000000000000000000000000000000000000000000000000000000000000000000000000000000000000000000000000004000",
	"root": null,
	"status": "0x1",
	"transactionHash": "0xf2c5787389437b3c105d2be755385681ff1bd2dc79c30070409cf5240ffb6f4e",
	"transactionIndex": 51
}
[2018-04-26T23:53:35.891] [DEBUG] trans - TO:   0xdd082833b5350814ff2aa5bd9422e5f43ebab1b8
[2018-04-26T23:53:35.891] [DEBUG] trans - AMOUNT:   102228200000000000000
[2018-04-26T23:53:35.891] [DEBUG] trans - Receipt info:  {
	"blockHash": "0xae2d019cebed090d2e2420d6af152aa90bbe134ef86d3f60ce8b3a20e5b1b037",
	"blockNumber": 5511589,
	"contractAddress": null,
	"cumulativeGasUsed": 5047249,
	"gasUsed": 51653,
	"logs": [
		{
			"address": "0x7e9e431a0B8c4D532C745B1043c7FA29a48D4fBa",
			"blockHash": "0xae2d019cebed090d2e2420d6af152aa90bbe134ef86d3f60ce8b3a20e5b1b037",
			"blockNumber": 5511589,
			"data": "0x0000000000000000000000000000000000000000000000058ab3864593968000",
			"logIndex": 94,
			"topics": [
				"0xddf252ad1be2c89b69c2b068fc378daa952ba7f163c4a11628f55a4df523b3ef",
				"0x000000000000000000000000c9f42bcc3cd6c77fae537dd24ba96668fc864150",
				"0x000000000000000000000000dd082833b5350814ff2aa5bd9422e5f43ebab1b8"
			],
			"transactionHash": "0x120209b5bfe4f454a03656cc41d477f777d61d5158f2476e908843f584dee4d2",
			"transactionIndex": 52,
			"transactionLogIndex": "0x0",
			"type": "mined",
			"id": "log_ec0ed59f"
		}
	],
	"logsBloom": "0x00000000000000000000001000000000000080000000000000000000008000000000000000000000000000000000000000000000100000000000000000000000000000000000010000000008000000020000000000000000000000000000000000000000000000000000000000000000000000000000000000000010000000000000000000000000000000000000000000000000000000000000000000000000000000000000000080000000000000000000000000000000000000000000000000001002000000000000000000000000000000000000000000000000000000000000000000000000000000000000000000000000000000000000000000004000",
	"root": null,
	"status": "0x1",
	"transactionHash": "0x120209b5bfe4f454a03656cc41d477f777d61d5158f2476e908843f584dee4d2",
	"transactionIndex": 52
}
[2018-04-26T23:53:35.891] [DEBUG] trans - TO:   0xd6e687ec57a840684f3b1b96b396427ef1e3ac81
[2018-04-26T23:53:35.891] [DEBUG] trans - AMOUNT:   165863100000000000000
[2018-04-26T23:53:35.891] [DEBUG] trans - Receipt info:  {
	"blockHash": "0xae2d019cebed090d2e2420d6af152aa90bbe134ef86d3f60ce8b3a20e5b1b037",
	"blockNumber": 5511589,
	"contractAddress": null,
	"cumulativeGasUsed": 4892354,
	"gasUsed": 51653,
	"logs": [
		{
			"address": "0x7e9e431a0B8c4D532C745B1043c7FA29a48D4fBa",
			"blockHash": "0xae2d019cebed090d2e2420d6af152aa90bbe134ef86d3f60ce8b3a20e5b1b037",
			"blockNumber": 5511589,
			"data": "0x000000000000000000000000000000000000000000000008fdd01aab6d17c000",
			"logIndex": 91,
			"topics": [
				"0xddf252ad1be2c89b69c2b068fc378daa952ba7f163c4a11628f55a4df523b3ef",
				"0x000000000000000000000000c9f42bcc3cd6c77fae537dd24ba96668fc864150",
				"0x000000000000000000000000d6e687ec57a840684f3b1b96b396427ef1e3ac81"
			],
			"transactionHash": "0x3c95ef2d39ee38d8ab2b04d9870ff7d83e7e6b1ec2f5a38889ccf26d27268d9c",
			"transactionIndex": 49,
			"transactionLogIndex": "0x0",
			"type": "mined",
			"id": "log_46396365"
		}
	],
	"logsBloom": "0x00000000000000000000000000000000000000000000000000000000008000000000000000000000000000000000000000000000100000000000000000000000000000000000010000000008000000000000040000000000000000080000000000000000000000000000000000000000000000000002000000000010000000000000000000000000000000000000000000000000000000000000000000000000000000000000000080000000000000000000000000000000000000000000000000001002000000000000000000000000000000000000000000000000000000000000000000000000000000000000000000000000000000000000000000004000",
	"root": null,
	"status": "0x1",
	"transactionHash": "0x3c95ef2d39ee38d8ab2b04d9870ff7d83e7e6b1ec2f5a38889ccf26d27268d9c",
	"transactionIndex": 49
}
[2018-04-26T23:53:35.894] [DEBUG] trans - TO:   0xeaefaa2ef75c203c1a44889a364941248cb5acb4
[2018-04-26T23:53:35.894] [DEBUG] trans - AMOUNT:   165697800000000000000
[2018-04-26T23:53:35.894] [DEBUG] trans - Receipt info:  {
	"blockHash": "0xae2d019cebed090d2e2420d6af152aa90bbe134ef86d3f60ce8b3a20e5b1b037",
	"blockNumber": 5511589,
	"contractAddress": null,
	"cumulativeGasUsed": 5356975,
	"gasUsed": 51653,
	"logs": [
		{
			"address": "0x7e9e431a0B8c4D532C745B1043c7FA29a48D4fBa",
			"blockHash": "0xae2d019cebed090d2e2420d6af152aa90bbe134ef86d3f60ce8b3a20e5b1b037",
			"blockNumber": 5511589,
			"data": "0x000000000000000000000000000000000000000000000008fb84d73207b88000",
			"logIndex": 100,
			"topics": [
				"0xddf252ad1be2c89b69c2b068fc378daa952ba7f163c4a11628f55a4df523b3ef",
				"0x000000000000000000000000c9f42bcc3cd6c77fae537dd24ba96668fc864150",
				"0x000000000000000000000000eaefaa2ef75c203c1a44889a364941248cb5acb4"
			],
			"transactionHash": "0xfcb7e5697d1f81b91c1ddd21ed5adf8176c8acddb2571e04a8057f300aa8b6bc",
			"transactionIndex": 58,
			"transactionLogIndex": "0x0",
			"type": "mined",
			"id": "log_35447c07"
		}
	],
	"logsBloom": "0x00000000000000000000000000000000000000000000000000000000008000000000000000000000000000000000000000000000100000000000000000000000000000000000010000000008000080000000000000000000000000000000000000000000000000000000000000080000000000000000000000000010000000000000000000000000000000000000000000000000000000000000000000000000100000000000000080000000000000000000000000000000000000000000000000001002000000000000000000000000000000000000000000000000000000000000000000000000000000000000000000000000000000000000000000004000",
	"root": null,
	"status": "0x1",
	"transactionHash": "0xfcb7e5697d1f81b91c1ddd21ed5adf8176c8acddb2571e04a8057f300aa8b6bc",
	"transactionIndex": 58
}
[2018-04-26T23:53:35.895] [DEBUG] trans - TO:   0xdd51e9dd9d7615823c997fe6615a93b3a58d55e8
[2018-04-26T23:53:35.895] [DEBUG] trans - AMOUNT:   102269100000000000000
[2018-04-26T23:53:35.895] [DEBUG] trans - Receipt info:  {
	"blockHash": "0xae2d019cebed090d2e2420d6af152aa90bbe134ef86d3f60ce8b3a20e5b1b037",
	"blockNumber": 5511589,
	"contractAddress": null,
	"cumulativeGasUsed": 5098902,
	"gasUsed": 51653,
	"logs": [
		{
			"address": "0x7e9e431a0B8c4D532C745B1043c7FA29a48D4fBa",
			"blockHash": "0xae2d019cebed090d2e2420d6af152aa90bbe134ef86d3f60ce8b3a20e5b1b037",
			"blockNumber": 5511589,
			"data": "0x0000000000000000000000000000000000000000000000058b44d49ae6e6c000",
			"logIndex": 95,
			"topics": [
				"0xddf252ad1be2c89b69c2b068fc378daa952ba7f163c4a11628f55a4df523b3ef",
				"0x000000000000000000000000c9f42bcc3cd6c77fae537dd24ba96668fc864150",
				"0x000000000000000000000000dd51e9dd9d7615823c997fe6615a93b3a58d55e8"
			],
			"transactionHash": "0x1c3be809897a956ff1bd90980b69d0ffe4d9bdb13dd516ce83a0275d5fab82e5",
			"transactionIndex": 53,
			"transactionLogIndex": "0x0",
			"type": "mined",
			"id": "log_2cf2e0f0"
		}
	],
	"logsBloom": "0x00080000000000000000000000000000000000000000000000000000008000000000000000000100000000000000000000000000100000000000000000000000000000000000010000000008000000000000000000000000000000000000000040000000000000000000000000000000000000000000000000000010000000000000000000000000000000000000000000000000000000000000000000000000000000000000000080000000000000000000000000000000000000000000000000001002000000000000000000000000000000000000000000000000000000000000000000000000000000000000000000000000000000000000000000004000",
	"root": null,
	"status": "0x1",
	"transactionHash": "0x1c3be809897a956ff1bd90980b69d0ffe4d9bdb13dd516ce83a0275d5fab82e5",
	"transactionIndex": 53
}
[2018-04-26T23:53:35.895] [DEBUG] trans - TO:   0xdd803dc6522b34634d3dc384c345238b6667f294
[2018-04-26T23:53:35.895] [DEBUG] trans - AMOUNT:   165820000000000000000
[2018-04-26T23:53:35.895] [DEBUG] trans - Receipt info:  {
	"blockHash": "0xae2d019cebed090d2e2420d6af152aa90bbe134ef86d3f60ce8b3a20e5b1b037",
	"blockNumber": 5511589,
	"contractAddress": null,
	"cumulativeGasUsed": 5150491,
	"gasUsed": 51589,
	"logs": [
		{
			"address": "0x7e9e431a0B8c4D532C745B1043c7FA29a48D4fBa",
			"blockHash": "0xae2d019cebed090d2e2420d6af152aa90bbe134ef86d3f60ce8b3a20e5b1b037",
			"blockNumber": 5511589,
			"data": "0x000000000000000000000000000000000000000000000008fd36fb72af460000",
			"logIndex": 96,
			"topics": [
				"0xddf252ad1be2c89b69c2b068fc378daa952ba7f163c4a11628f55a4df523b3ef",
				"0x000000000000000000000000c9f42bcc3cd6c77fae537dd24ba96668fc864150",
				"0x000000000000000000000000dd803dc6522b34634d3dc384c345238b6667f294"
			],
			"transactionHash": "0xd511929e97bb36a56f29c7b43893b11ba5ddc83b975eb451f71ff30213cddf11",
			"transactionIndex": 54,
			"transactionLogIndex": "0x0",
			"type": "mined",
			"id": "log_909952ec"
		}
	],
	"logsBloom": "0x00000000000000000000000004000000000000000000000000000000008000000000000000000000000000000000000000000000100000000400000000000000000000000000010000000008000000000000400000000000000000000000000000000000000000000000000000000000000000000000000000000010000000000000000000000000000000000000000000000000000000000000000000000000000000000000000080000000000000000000000000000000000000000000000000001002000000000000000000000000000000000000000000000000000000000000000000000000000000000000000000000000000000000000000000004000",
	"root": null,
	"status": "0x1",
	"transactionHash": "0xd511929e97bb36a56f29c7b43893b11ba5ddc83b975eb451f71ff30213cddf11",
	"transactionIndex": 54
}
[2018-04-26T23:53:35.895] [DEBUG] trans - TO:   0xdd8164dfe477181cdf39bccbe224c62f4035a3ab
[2018-04-26T23:53:35.895] [DEBUG] trans - AMOUNT:   348577700000000000000
[2018-04-26T23:53:35.895] [DEBUG] trans - Receipt info:  {
	"blockHash": "0xae2d019cebed090d2e2420d6af152aa90bbe134ef86d3f60ce8b3a20e5b1b037",
	"blockNumber": 5511589,
	"contractAddress": null,
	"cumulativeGasUsed": 5202144,
	"gasUsed": 51653,
	"logs": [
		{
			"address": "0x7e9e431a0B8c4D532C745B1043c7FA29a48D4fBa",
			"blockHash": "0xae2d019cebed090d2e2420d6af152aa90bbe134ef86d3f60ce8b3a20e5b1b037",
			"blockNumber": 5511589,
			"data": "0x000000000000000000000000000000000000000000000012e57cc34e62ae4000",
			"logIndex": 97,
			"topics": [
				"0xddf252ad1be2c89b69c2b068fc378daa952ba7f163c4a11628f55a4df523b3ef",
				"0x000000000000000000000000c9f42bcc3cd6c77fae537dd24ba96668fc864150",
				"0x000000000000000000000000dd8164dfe477181cdf39bccbe224c62f4035a3ab"
			],
			"transactionHash": "0x3cb0f810feca7796ec7c0bea2d8fa32ba56d7012779e3b5865783f8738cebde0",
			"transactionIndex": 55,
			"transactionLogIndex": "0x0",
			"type": "mined",
			"id": "log_91506094"
		}
	],
	"logsBloom": "0x00000000000000000800000000000000000000000000000000000000008000000000000000000000000000000000000000000000100000000000000000000000000000000000010000000008000000000000000000000000000000000000000000000000000000000000000000000000000000000000000000000010000000000000000000000000000000000000000000000000000000000000000000000000000000000000000080000000000000000000000000000000000000000000000000001002000000008000000000000000000000000000000000000000000000000000000000000800000000000000000000000000000000000000000000004000",
	"root": null,
	"status": "0x1",
	"transactionHash": "0x3cb0f810feca7796ec7c0bea2d8fa32ba56d7012779e3b5865783f8738cebde0",
	"transactionIndex": 55
}
[2018-04-26T23:53:35.896] [DEBUG] trans - TO:   0xe9a1a107fe5fd798417e4f60478de2e0acc87966
[2018-04-26T23:53:35.896] [DEBUG] trans - AMOUNT:   175736200000000000000
[2018-04-26T23:53:35.896] [DEBUG] trans - Receipt info:  {
	"blockHash": "0xae2d019cebed090d2e2420d6af152aa90bbe134ef86d3f60ce8b3a20e5b1b037",
	"blockNumber": 5511589,
	"contractAddress": null,
	"cumulativeGasUsed": 5305322,
	"gasUsed": 51589,
	"logs": [
		{
			"address": "0x7e9e431a0B8c4D532C745B1043c7FA29a48D4fBa",
			"blockHash": "0xae2d019cebed090d2e2420d6af152aa90bbe134ef86d3f60ce8b3a20e5b1b037",
			"blockNumber": 5511589,
			"data": "0x00000000000000000000000000000000000000000000000986d466cf49008000",
			"logIndex": 99,
			"topics": [
				"0xddf252ad1be2c89b69c2b068fc378daa952ba7f163c4a11628f55a4df523b3ef",
				"0x000000000000000000000000c9f42bcc3cd6c77fae537dd24ba96668fc864150",
				"0x000000000000000000000000e9a1a107fe5fd798417e4f60478de2e0acc87966"
			],
			"transactionHash": "0x42bf8a8e0666328a48ab1910363bf0b7dffe577af200e6bd406accaba69b175c",
			"transactionIndex": 57,
			"transactionLogIndex": "0x0",
			"type": "mined",
			"id": "log_7a07c597"
		}
	],
	"logsBloom": "0x00000000000000000000000000000000000000000000000000000000008000000000000000000000000000000000000000000000100000000000400000000000000000000000010000000008000000000000000000000000000000000000000000000000000000000000000000000000000000000000000000000010000000000040000000000000000000000000000000000000000000000000000000000000000000000000000080000000000000000000000000000000000000000000000000001002000000000000000000000000000000000000000000000000000000200000000000000000000000000000000000000000000000000000000000004000",
	"root": null,
	"status": "0x1",
	"transactionHash": "0x42bf8a8e0666328a48ab1910363bf0b7dffe577af200e6bd406accaba69b175c",
	"transactionIndex": 57
}
[2018-04-26T23:53:35.896] [DEBUG] trans - TO:   0xe39d1d56f6f84151166c3ebe02212d39ae6a43ae
[2018-04-26T23:53:35.896] [DEBUG] trans - AMOUNT:   165870000000000000000
[2018-04-26T23:53:35.896] [DEBUG] trans - Receipt info:  {
	"blockHash": "0xae2d019cebed090d2e2420d6af152aa90bbe134ef86d3f60ce8b3a20e5b1b037",
	"blockNumber": 5511589,
	"contractAddress": null,
	"cumulativeGasUsed": 5253733,
	"gasUsed": 51589,
	"logs": [
		{
			"address": "0x7e9e431a0B8c4D532C745B1043c7FA29a48D4fBa",
			"blockHash": "0xae2d019cebed090d2e2420d6af152aa90bbe134ef86d3f60ce8b3a20e5b1b037",
			"blockNumber": 5511589,
			"data": "0x000000000000000000000000000000000000000000000008fde89e2ede0b0000",
			"logIndex": 98,
			"topics": [
				"0xddf252ad1be2c89b69c2b068fc378daa952ba7f163c4a11628f55a4df523b3ef",
				"0x000000000000000000000000c9f42bcc3cd6c77fae537dd24ba96668fc864150",
				"0x000000000000000000000000e39d1d56f6f84151166c3ebe02212d39ae6a43ae"
			],
			"transactionHash": "0x41129523049a9f7599444a9a8e6480226900de835ea40ea16d5fd117f0a7cf80",
			"transactionIndex": 56,
			"transactionLogIndex": "0x0",
			"type": "mined",
			"id": "log_67eaf1da"
		}
	],
	"logsBloom": "0x00000000000000000000000000000000000000000000000000000000008000000000000000000000000000000000000000000000100000000000000000000000000000000000010000000008000000000000000000000000000000000000000000000000000100800000000000000000000000080000000000000010000000000000000000000000000000000000000000000000000000000000000000000000000000000000000080000000000000000000000000000000000000000000000000001002000000000000000000000000000000000000000000000000000000000000000000000000000000000000000000000000000000000000000000004000",
	"root": null,
	"status": "0x1",
	"transactionHash": "0x41129523049a9f7599444a9a8e6480226900de835ea40ea16d5fd117f0a7cf80",
	"transactionIndex": 56
}
[2018-04-26T23:53:35.899] [DEBUG] trans - TO:   0xed8454b2b5a504910fb7454e9f00578fdc91cc36
[2018-04-26T23:53:35.899] [DEBUG] trans - AMOUNT:   175800000000000000000
[2018-04-26T23:53:35.899] [DEBUG] trans - Receipt info:  {
	"blockHash": "0xae2d019cebed090d2e2420d6af152aa90bbe134ef86d3f60ce8b3a20e5b1b037",
	"blockNumber": 5511589,
	"contractAddress": null,
	"cumulativeGasUsed": 5460153,
	"gasUsed": 51525,
	"logs": [
		{
			"address": "0x7e9e431a0B8c4D532C745B1043c7FA29a48D4fBa",
			"blockHash": "0xae2d019cebed090d2e2420d6af152aa90bbe134ef86d3f60ce8b3a20e5b1b037",
			"blockNumber": 5511589,
			"data": "0x00000000000000000000000000000000000000000000000987b7109259ac0000",
			"logIndex": 102,
			"topics": [
				"0xddf252ad1be2c89b69c2b068fc378daa952ba7f163c4a11628f55a4df523b3ef",
				"0x000000000000000000000000c9f42bcc3cd6c77fae537dd24ba96668fc864150",
				"0x000000000000000000000000ed8454b2b5a504910fb7454e9f00578fdc91cc36"
			],
			"transactionHash": "0x9e17c9ff12c96750a8d58c5f15fdb66b58a62db133428e27939990fe9580fdc9",
			"transactionIndex": 60,
			"transactionLogIndex": "0x0",
			"type": "mined",
			"id": "log_2c9a7297"
		}
	],
	"logsBloom": "0x00000000000000000000000000000000000000000000000000000000008000000000000000000000000000080000000000000000100000000000000000000000000000000000010000000008000000000000000000000000000000000000000000000000000000000000000000000000000000000000000000000010000000000000000000000001000000000000000000000000000000000000000000000000000000000000000080000000000000000000400000000000000000000000000000001002000000000000000000000000000000000000000000000000000000000000000000000000000000000000000000000000000000000000000000004000",
	"root": null,
	"status": "0x1",
	"transactionHash": "0x9e17c9ff12c96750a8d58c5f15fdb66b58a62db133428e27939990fe9580fdc9",
	"transactionIndex": 60
}
[2018-04-26T23:53:35.900] [DEBUG] trans - TO:   0xd7ccd9484796b8d1fb5be7104a48f67f489e3646
[2018-04-26T23:53:35.900] [DEBUG] trans - AMOUNT:   102290000000000000000
[2018-04-26T23:53:35.900] [DEBUG] trans - Receipt info:  {
	"blockHash": "0xae2d019cebed090d2e2420d6af152aa90bbe134ef86d3f60ce8b3a20e5b1b037",
	"blockNumber": 5511589,
	"contractAddress": null,
	"cumulativeGasUsed": 4943943,
	"gasUsed": 51589,
	"logs": [
		{
			"address": "0x7e9e431a0B8c4D532C745B1043c7FA29a48D4fBa",
			"blockHash": "0xae2d019cebed090d2e2420d6af152aa90bbe134ef86d3f60ce8b3a20e5b1b037",
			"blockNumber": 5511589,
			"data": "0x0000000000000000000000000000000000000000000000058b8f150b5ab50000",
			"logIndex": 92,
			"topics": [
				"0xddf252ad1be2c89b69c2b068fc378daa952ba7f163c4a11628f55a4df523b3ef",
				"0x000000000000000000000000c9f42bcc3cd6c77fae537dd24ba96668fc864150",
				"0x000000000000000000000000d7ccd9484796b8d1fb5be7104a48f67f489e3646"
			],
			"transactionHash": "0xe9090fb07495751fa803c860cc931f603e0fd19e0e1068a063dae1ae9e9a668a",
			"transactionIndex": 50,
			"transactionLogIndex": "0x0",
			"type": "mined",
			"id": "log_54a5e04c"
		}
	],
	"logsBloom": "0x00000000000000000000000000000000000000000000000000000000008000000000000000000000000000000000000000000000100000000000000000000200000000000000010000000008000000000000000000000000000000000000000000000000000000000000000000000000000000000000000000000010000000000000000000000000000000000000000000000000000000000000000000002000000000000000000080000000000000000000000000000000000000000000000000001002000000000000000000000000000000000000000000000000000000000000000000000000000000000000000080000000000000000000000000004000",
	"root": null,
	"status": "0x1",
	"transactionHash": "0xe9090fb07495751fa803c860cc931f603e0fd19e0e1068a063dae1ae9e9a668a",
	"transactionIndex": 50
}
[2018-04-26T23:53:35.900] [DEBUG] trans - TO:   0xec7e7760da3e9fa41805d7f8c3a7938d0f37f716
[2018-04-26T23:53:35.900] [DEBUG] trans - AMOUNT:   102220600000000000000
[2018-04-26T23:53:35.900] [DEBUG] trans - Receipt info:  {
	"blockHash": "0xae2d019cebed090d2e2420d6af152aa90bbe134ef86d3f60ce8b3a20e5b1b037",
	"blockNumber": 5511589,
	"contractAddress": null,
	"cumulativeGasUsed": 5408628,
	"gasUsed": 51653,
	"logs": [
		{
			"address": "0x7e9e431a0B8c4D532C745B1043c7FA29a48D4fBa",
			"blockHash": "0xae2d019cebed090d2e2420d6af152aa90bbe134ef86d3f60ce8b3a20e5b1b037",
			"blockNumber": 5511589,
			"data": "0x0000000000000000000000000000000000000000000000058a98861caf4b8000",
			"logIndex": 101,
			"topics": [
				"0xddf252ad1be2c89b69c2b068fc378daa952ba7f163c4a11628f55a4df523b3ef",
				"0x000000000000000000000000c9f42bcc3cd6c77fae537dd24ba96668fc864150",
				"0x000000000000000000000000ec7e7760da3e9fa41805d7f8c3a7938d0f37f716"
			],
			"transactionHash": "0x23e779585dd09e2d391610a0bd9d6ca6114476080c613c518778b3b4d0989346",
			"transactionIndex": 59,
			"transactionLogIndex": "0x0",
			"type": "mined",
			"id": "log_6f3ed94c"
		}
	],
	"logsBloom": "0x00000000000000000000000000000000000000000000000000000000008000000000000000000000000000000000000000000000100000000000000000000000001080000000010000000008000000000000000000000000000000000000000000000000000000000000000000000000000000000000000000000010000000000010000000000000000000000000000000000000000000000000000000000000000000000000000080000000000000000000000000000000000000000000000000001002000000000000000000000000000000000000000000000000000000000000000000000000000000000000000000000000000000000000000000004000",
	"root": null,
	"status": "0x1",
	"transactionHash": "0x23e779585dd09e2d391610a0bd9d6ca6114476080c613c518778b3b4d0989346",
	"transactionIndex": 59
}
[2018-04-26T23:53:35.900] [DEBUG] trans - TO:   0xf17a2aa8cf9eeff4945f3529676967cc298c612b
[2018-04-26T23:53:35.900] [DEBUG] trans - AMOUNT:   165598700000000000000
[2018-04-26T23:53:35.900] [DEBUG] trans - Receipt info:  {
	"blockHash": "0xae2d019cebed090d2e2420d6af152aa90bbe134ef86d3f60ce8b3a20e5b1b037",
	"blockNumber": 5511589,
	"contractAddress": null,
	"cumulativeGasUsed": 5563459,
	"gasUsed": 51653,
	"logs": [
		{
			"address": "0x7e9e431a0B8c4D532C745B1043c7FA29a48D4fBa",
			"blockHash": "0xae2d019cebed090d2e2420d6af152aa90bbe134ef86d3f60ce8b3a20e5b1b037",
			"blockNumber": 5511589,
			"data": "0x000000000000000000000000000000000000000000000008fa24c4453e7ac000",
			"logIndex": 104,
			"topics": [
				"0xddf252ad1be2c89b69c2b068fc378daa952ba7f163c4a11628f55a4df523b3ef",
				"0x000000000000000000000000c9f42bcc3cd6c77fae537dd24ba96668fc864150",
				"0x000000000000000000000000f17a2aa8cf9eeff4945f3529676967cc298c612b"
			],
			"transactionHash": "0x156c00db0bec443953f8f9b42983861eb98b24e96d754b7e54b84e019c83d40d",
			"transactionIndex": 62,
			"transactionLogIndex": "0x0",
			"type": "mined",
			"id": "log_a5a0ec08"
		}
	],
	"logsBloom": "0x00000000000000000000000000000000000000002000000000000000008000000000000000000000000000000000000000000000100000000000000000000000000000000000010000000008000000000000000000000000000000000000000000000000100000000000000000000000000000000000000000000010000000000000000000000000000000000000000000000000000000000000000000004000000000000000000080000000000000000000000000000000000000000000000000001002000000000000000000000000000000000000000000000000000000000000000000000000000000000000000000000000000000000000000000004000",
	"root": null,
	"status": "0x1",
	"transactionHash": "0x156c00db0bec443953f8f9b42983861eb98b24e96d754b7e54b84e019c83d40d",
	"transactionIndex": 62
}
[2018-04-26T23:53:35.901] [DEBUG] trans - TO:   0xf18adef5c6b6b935ba244b9e04ef0f1191391b05
[2018-04-26T23:53:35.901] [DEBUG] trans - AMOUNT:   165793600000000000000
[2018-04-26T23:53:35.901] [DEBUG] trans - Receipt info:  {
	"blockHash": "0xae2d019cebed090d2e2420d6af152aa90bbe134ef86d3f60ce8b3a20e5b1b037",
	"blockNumber": 5511589,
	"contractAddress": null,
	"cumulativeGasUsed": 5615048,
	"gasUsed": 51589,
	"logs": [
		{
			"address": "0x7e9e431a0B8c4D532C745B1043c7FA29a48D4fBa",
			"blockHash": "0xae2d019cebed090d2e2420d6af152aa90bbe134ef86d3f60ce8b3a20e5b1b037",
			"blockNumber": 5511589,
			"data": "0x000000000000000000000000000000000000000000000008fcd930c9b1340000",
			"logIndex": 105,
			"topics": [
				"0xddf252ad1be2c89b69c2b068fc378daa952ba7f163c4a11628f55a4df523b3ef",
				"0x000000000000000000000000c9f42bcc3cd6c77fae537dd24ba96668fc864150",
				"0x000000000000000000000000f18adef5c6b6b935ba244b9e04ef0f1191391b05"
			],
			"transactionHash": "0x3534159b99cdb59599dafc46fc5b0492fadb2757d549eae3908d38f9b0bf17fd",
			"transactionIndex": 63,
			"transactionLogIndex": "0x0",
			"type": "mined",
			"id": "log_2bdfde78"
		}
	],
	"logsBloom": "0x00000000000000000000000000000000000000000000000000000000008000000000000000000000000000000000000000000000100800000000000000000000000000000000010000000008000000000000000000000000000000000000000000000000000000000000000000000000000000000000000000000010000000000000000000000000000800000000000000000000000000000000000000000000000000000000008080000000000000000000000000000000000000000000000000001002000000000000000000000000000000000000000000000000000000000000000000000000000000000000000000000000000000000000000000004000",
	"root": null,
	"status": "0x1",
	"transactionHash": "0x3534159b99cdb59599dafc46fc5b0492fadb2757d549eae3908d38f9b0bf17fd",
	"transactionIndex": 63
}
[2018-04-26T23:53:35.901] [DEBUG] trans - TO:   0xf2780c61273a89388ca427c1503269362adfe9d2
[2018-04-26T23:53:35.901] [DEBUG] trans - AMOUNT:   102228400000000000000
[2018-04-26T23:53:35.901] [DEBUG] trans - Receipt info:  {
	"blockHash": "0xae2d019cebed090d2e2420d6af152aa90bbe134ef86d3f60ce8b3a20e5b1b037",
	"blockNumber": 5511589,
	"contractAddress": null,
	"cumulativeGasUsed": 5666637,
	"gasUsed": 51589,
	"logs": [
		{
			"address": "0x7e9e431a0B8c4D532C745B1043c7FA29a48D4fBa",
			"blockHash": "0xae2d019cebed090d2e2420d6af152aa90bbe134ef86d3f60ce8b3a20e5b1b037",
			"blockNumber": 5511589,
			"data": "0x0000000000000000000000000000000000000000000000058ab43c2bb48b0000",
			"logIndex": 106,
			"topics": [
				"0xddf252ad1be2c89b69c2b068fc378daa952ba7f163c4a11628f55a4df523b3ef",
				"0x000000000000000000000000c9f42bcc3cd6c77fae537dd24ba96668fc864150",
				"0x000000000000000000000000f2780c61273a89388ca427c1503269362adfe9d2"
			],
			"transactionHash": "0x40510f699f6cbe388716058113716a8c85b61fdaaa208f0c7724812b6d279539",
			"transactionIndex": 64,
			"transactionLogIndex": "0x0",
			"type": "mined",
			"id": "log_bf576ded"
		}
	],
	"logsBloom": "0x00000000000000000000000000000000000000000000000000000000008000000000000000000000000000000000000000000000100000000000000000000000000000000000010000000008000000000000000000000000000000000000000000000000000000000000000000000000000000000000000000000010000000000000080000000000000000000000000000000000000000000000000000000000000000000000000080000000000000000000000000000000000000000000000000001002000000000000000000000000000000000000000000001000000000000000000000000000000000000000000000000000000000000000000000004200",
	"root": null,
	"status": "0x1",
	"transactionHash": "0x40510f699f6cbe388716058113716a8c85b61fdaaa208f0c7724812b6d279539",
	"transactionIndex": 64
}
[2018-04-26T23:53:35.902] [DEBUG] trans - TO:   0xf12e047c853cc5010547b257ee7cab5352d192f5
[2018-04-26T23:53:35.902] [DEBUG] trans - AMOUNT:   165827500000000000000
[2018-04-26T23:53:35.902] [DEBUG] trans - Receipt info:  {
	"blockHash": "0xae2d019cebed090d2e2420d6af152aa90bbe134ef86d3f60ce8b3a20e5b1b037",
	"blockNumber": 5511589,
	"contractAddress": null,
	"cumulativeGasUsed": 5511806,
	"gasUsed": 51653,
	"logs": [
		{
			"address": "0x7e9e431a0B8c4D532C745B1043c7FA29a48D4fBa",
			"blockHash": "0xae2d019cebed090d2e2420d6af152aa90bbe134ef86d3f60ce8b3a20e5b1b037",
			"blockNumber": 5511589,
			"data": "0x000000000000000000000000000000000000000000000008fd51a0a88316c000",
			"logIndex": 103,
			"topics": [
				"0xddf252ad1be2c89b69c2b068fc378daa952ba7f163c4a11628f55a4df523b3ef",
				"0x000000000000000000000000c9f42bcc3cd6c77fae537dd24ba96668fc864150",
				"0x000000000000000000000000f12e047c853cc5010547b257ee7cab5352d192f5"
			],
			"transactionHash": "0x50a3203a4e1fd9c5d1a1434b5eb17c569be39b76aa5be35f857da731349fc181",
			"transactionIndex": 61,
			"transactionLogIndex": "0x0",
			"type": "mined",
			"id": "log_842a444a"
		}
	],
	"logsBloom": "0x00000000000000000000000000000000000000000000000000000000008000000000000000000000000000000000000000000000100000000000000000000000000000000000010000000008000000000000000000000000000000000000000000000000000000000000000000000000000000000000000000000010000000000000000000000000000000000000000000000000000000000000000020000000000000000000000080000000000000000000000000000000000000000000000000001022000000000000000000000000000000000000000000000000001000000000000000000000000000000000000000000000000000000000000000004000",
	"root": null,
	"status": "0x1",
	"transactionHash": "0x50a3203a4e1fd9c5d1a1434b5eb17c569be39b76aa5be35f857da731349fc181",
	"transactionIndex": 61
}
