[2018-04-16T19:51:25.257] [DEBUG] trans - TO:   0x82a97fb0619706d6c130417a8af395c4c7e0fba2
[2018-04-16T19:51:25.259] [DEBUG] trans - AMOUNT:   104145100000000000000
[2018-04-16T19:51:25.259] [DEBUG] trans - Receipt info:  {
	"blockHash": "0x3787d1501515514d6348c02bfdc7d288c320848ceec60b3e12ac138434b0c6f3",
	"blockNumber": 5452432,
	"contractAddress": null,
	"cumulativeGasUsed": 142955,
	"gasUsed": 51653,
	"logs": [
		{
			"address": "0x7e9e431a0B8c4D532C745B1043c7FA29a48D4fBa",
			"blockHash": "0x3787d1501515514d6348c02bfdc7d288c320848ceec60b3e12ac138434b0c6f3",
			"blockNumber": 5452432,
			"data": "0x000000000000000000000000000000000000000000000005a54db8aa6588c000",
			"logIndex": 1,
			"topics": [
				"0xddf252ad1be2c89b69c2b068fc378daa952ba7f163c4a11628f55a4df523b3ef",
				"0x000000000000000000000000468b858c964f297fd8fce058032bf4b4911a8ad8",
				"0x00000000000000000000000082a97fb0619706d6c130417a8af395c4c7e0fba2"
			],
			"transactionHash": "0xecad877c686c2cdab4200f7d965a23848afb415cda2c9750817c026563b7691e",
			"transactionIndex": 3,
			"transactionLogIndex": "0x0",
			"type": "mined",
			"id": "log_e2ab70c6"
		}
	],
	"logsBloom": "0x00000000000000000000000000020000000000000000000000000000000000010000000000000000000000000000000000000000000000000000000000000000020000000000010000000008000000000000000000000000000000000020000000000000000000000000000000000000000000000000000000000010000000000000000000000000000000000000000000000000000000000000000000000000000000000000000080000000000000000000000000000004000000010000000000001002000000000000000000000000000000000000000000000000000000000000000000000000000000000000000000000000000000000000000000000000",
	"root": null,
	"status": "0x1",
	"transactionHash": "0xecad877c686c2cdab4200f7d965a23848afb415cda2c9750817c026563b7691e",
	"transactionIndex": 3
}
[2018-04-16T19:51:25.260] [DEBUG] trans - TO:   0xadc4f6236cfd775ab03abf67a124768bad67c989
[2018-04-16T19:51:25.260] [DEBUG] trans - AMOUNT:   104139100000000000000
[2018-04-16T19:51:25.260] [DEBUG] trans - Receipt info:  {
	"blockHash": "0x5de11cad642599d7567a0d1922ccee84bcf93615b84ee7758446b9eae2515927",
	"blockNumber": 5452433,
	"contractAddress": null,
	"cumulativeGasUsed": 847570,
	"gasUsed": 51653,
	"logs": [
		{
			"address": "0x7e9e431a0B8c4D532C745B1043c7FA29a48D4fBa",
			"blockHash": "0x5de11cad642599d7567a0d1922ccee84bcf93615b84ee7758446b9eae2515927",
			"blockNumber": 5452433,
			"data": "0x000000000000000000000000000000000000000000000005a53867b288e1c000",
			"logIndex": 27,
			"topics": [
				"0xddf252ad1be2c89b69c2b068fc378daa952ba7f163c4a11628f55a4df523b3ef",
				"0x000000000000000000000000468b858c964f297fd8fce058032bf4b4911a8ad8",
				"0x000000000000000000000000adc4f6236cfd775ab03abf67a124768bad67c989"
			],
			"transactionHash": "0xf2dbcbdcc81bac5b2cd0fba99ed653a6b70bf00d11ca1a9af81020c7c5d765b9",
			"transactionIndex": 10,
			"transactionLogIndex": "0x0",
			"type": "mined",
			"id": "log_b6d3f115"
		}
	],
	"logsBloom": "0x00000000000000000000000000020000000000000000000000000000000000000000000000000000000000200000000000000000000000000000000000000000000000000000010000000008000000000000000000000000000000000020000000000000000000000000000000000000000000000000000000008010000000000000000000000008000000000000000000000000000000000000000000000000000000000000000080000000000000000000000000000000000000010000000000001002000000000000000000000000000000000000000000000000000000000000000000000000000000000000000000000000000000000000000000000000",
	"root": null,
	"status": "0x1",
	"transactionHash": "0xf2dbcbdcc81bac5b2cd0fba99ed653a6b70bf00d11ca1a9af81020c7c5d765b9",
	"transactionIndex": 10
}
[2018-04-16T19:51:25.260] [DEBUG] trans - TO:   0x826adfb42f74d8e4e549212d1ae1744957015ffd
[2018-04-16T19:51:25.260] [DEBUG] trans - AMOUNT:   104139900000000000000
[2018-04-16T19:51:25.260] [DEBUG] trans - Receipt info:  {
	"blockHash": "0x3787d1501515514d6348c02bfdc7d288c320848ceec60b3e12ac138434b0c6f3",
	"blockNumber": 5452432,
	"contractAddress": null,
	"cumulativeGasUsed": 5776110,
	"gasUsed": 51653,
	"logs": [
		{
			"address": "0x7e9e431a0B8c4D532C745B1043c7FA29a48D4fBa",
			"blockHash": "0x3787d1501515514d6348c02bfdc7d288c320848ceec60b3e12ac138434b0c6f3",
			"blockNumber": 5452432,
			"data": "0x000000000000000000000000000000000000000000000005a53b3f4b0cb3c000",
			"logIndex": 12,
			"topics": [
				"0xddf252ad1be2c89b69c2b068fc378daa952ba7f163c4a11628f55a4df523b3ef",
				"0x000000000000000000000000468b858c964f297fd8fce058032bf4b4911a8ad8",
				"0x000000000000000000000000826adfb42f74d8e4e549212d1ae1744957015ffd"
			],
			"transactionHash": "0x959f5188c2948c9c98230d72a9a4fb22b47aea4ae42408ad070678dc80428829",
			"transactionIndex": 54,
			"transactionLogIndex": "0x0",
			"type": "mined",
			"id": "log_f1ea9954"
		}
	],
	"logsBloom": "0x00000000000000000000000000020000000000000000000000000000000000000000000000000000000000000000000000000000000000000000000000000000000000000000010000000008000000000000000000000000000000000020000000000000000000000000000000000000000000000000000000000010000000000000040000000000000000000000000000000000000000000000000000000000000000000000000080000000000000000000000000000000000000010000008000001002000000000000000000000000000000000000000000000000000000000000004000000000000000000000000000000000000000000000000000000000",
	"root": null,
	"status": "0x1",
	"transactionHash": "0x959f5188c2948c9c98230d72a9a4fb22b47aea4ae42408ad070678dc80428829",
	"transactionIndex": 54
}
[2018-04-16T19:51:25.260] [DEBUG] trans - TO:   0xc50b7a34ff8132034d05260f1df2580d03c41916
[2018-04-16T19:51:25.261] [DEBUG] trans - AMOUNT:   104134200000000000000
[2018-04-16T19:51:25.261] [DEBUG] trans - Receipt info:  {
	"blockHash": "0x5de11cad642599d7567a0d1922ccee84bcf93615b84ee7758446b9eae2515927",
	"blockNumber": 5452433,
	"contractAddress": null,
	"cumulativeGasUsed": 950812,
	"gasUsed": 51653,
	"logs": [
		{
			"address": "0x7e9e431a0B8c4D532C745B1043c7FA29a48D4fBa",
			"blockHash": "0x5de11cad642599d7567a0d1922ccee84bcf93615b84ee7758446b9eae2515927",
			"blockNumber": 5452433,
			"data": "0x000000000000000000000000000000000000000000000005a526ff2c617b8000",
			"logIndex": 29,
			"topics": [
				"0xddf252ad1be2c89b69c2b068fc378daa952ba7f163c4a11628f55a4df523b3ef",
				"0x000000000000000000000000468b858c964f297fd8fce058032bf4b4911a8ad8",
				"0x000000000000000000000000c50b7a34ff8132034d05260f1df2580d03c41916"
			],
			"transactionHash": "0xa6ab6c6f3c83cb363f424a257ddadba4733c5ab149c749a468881a04f67f0c4f",
			"transactionIndex": 12,
			"transactionLogIndex": "0x0",
			"type": "mined",
			"id": "log_ff31938b"
		}
	],
	"logsBloom": "0x00000000000000000000000000020000000000000000000000000000000000000000000000000000000000000000000000000000000000000000000000000000000000000000010000000008000000000000000000000000000000000020000000000000000000000000000000000000000000000000000000000010000020000000000000000000000000000000000000000000000000000000000000000000000000000000000080000000000000000000000000000000000000010000000000001002000000000000000000000000000000002000000000000000000000000000000000000000008000000000000000000000000000000000000000000000",
	"root": null,
	"status": "0x1",
	"transactionHash": "0xa6ab6c6f3c83cb363f424a257ddadba4733c5ab149c749a468881a04f67f0c4f",
	"transactionIndex": 12
}
[2018-04-16T19:51:25.261] [DEBUG] trans - TO:   0x9119d364626f03bd34383f20290f7a906a6d99aa
[2018-04-16T19:51:25.261] [DEBUG] trans - AMOUNT:   104128000000000000000
[2018-04-16T19:51:25.261] [DEBUG] trans - Receipt info:  {
	"blockHash": "0x5de11cad642599d7567a0d1922ccee84bcf93615b84ee7758446b9eae2515927",
	"blockNumber": 5452433,
	"contractAddress": null,
	"cumulativeGasUsed": 1105643,
	"gasUsed": 51589,
	"logs": [
		{
			"address": "0x7e9e431a0B8c4D532C745B1043c7FA29a48D4fBa",
			"blockHash": "0x5de11cad642599d7567a0d1922ccee84bcf93615b84ee7758446b9eae2515927",
			"blockNumber": 5452433,
			"data": "0x000000000000000000000000000000000000000000000005a510f84e63e00000",
			"logIndex": 32,
			"topics": [
				"0xddf252ad1be2c89b69c2b068fc378daa952ba7f163c4a11628f55a4df523b3ef",
				"0x000000000000000000000000468b858c964f297fd8fce058032bf4b4911a8ad8",
				"0x0000000000000000000000009119d364626f03bd34383f20290f7a906a6d99aa"
			],
			"transactionHash": "0xffba8ebd48066986810a46ff0278e168cdbe4a7437c166fd284923ff7d0d09a9",
			"transactionIndex": 15,
			"transactionLogIndex": "0x0",
			"type": "mined",
			"id": "log_1a198307"
		}
	],
	"logsBloom": "0x00000000000000000000000000020000000000000000000000000000000000000000000000000000000000000000000000000000000000000000000000000000000000000000010000000008000000000000000000000000000000000020000000000000000000000000000000000000000000000000000000000010000000000000000000010000000000000000000000000000000000000000000000000000000000001000000080000000000000000000000000000000000000010000000000001002000000000000000000000000000000000000000000000000000000000000000000000000000000000000000000000000000010000000000000000000",
	"root": null,
	"status": "0x1",
	"transactionHash": "0xffba8ebd48066986810a46ff0278e168cdbe4a7437c166fd284923ff7d0d09a9",
	"transactionIndex": 15
}
[2018-04-16T19:51:25.261] [DEBUG] trans - TO:   0xfe0ebb42b0fbaed9e274efb9028357577bdea8bd
[2018-04-16T19:51:25.261] [DEBUG] trans - AMOUNT:   104134100000000000000
[2018-04-16T19:51:25.261] [DEBUG] trans - Receipt info:  {
	"blockHash": "0x5de11cad642599d7567a0d1922ccee84bcf93615b84ee7758446b9eae2515927",
	"blockNumber": 5452433,
	"contractAddress": null,
	"cumulativeGasUsed": 1002465,
	"gasUsed": 51653,
	"logs": [
		{
			"address": "0x7e9e431a0B8c4D532C745B1043c7FA29a48D4fBa",
			"blockHash": "0x5de11cad642599d7567a0d1922ccee84bcf93615b84ee7758446b9eae2515927",
			"blockNumber": 5452433,
			"data": "0x000000000000000000000000000000000000000000000005a526a43951014000",
			"logIndex": 30,
			"topics": [
				"0xddf252ad1be2c89b69c2b068fc378daa952ba7f163c4a11628f55a4df523b3ef",
				"0x000000000000000000000000468b858c964f297fd8fce058032bf4b4911a8ad8",
				"0x000000000000000000000000fe0ebb42b0fbaed9e274efb9028357577bdea8bd"
			],
			"transactionHash": "0x0eb5bcd5107a6364965b75695eab544097abc6aa232b91915a5f9cfc0de01924",
			"transactionIndex": 13,
			"transactionLogIndex": "0x0",
			"type": "mined",
			"id": "log_fcf8e99c"
		}
	],
	"logsBloom": "0x00000000000000000000000000020000000000000000000000000000000000000000000000000000000000000000000000000000000000000000000000000000000000000000010000000008000000000000000000000000000000000020800000000000800000000000000000000000000000000000000000000010000000000000000000000000000000000000000000000000000000000000000000000000000000000000000080000000000000000000000000000000000000010000000000001002000000000000000000000000000000000000000000000000000000000000000000000000000000000000000000000000000020000000000000000000",
	"root": null,
	"status": "0x1",
	"transactionHash": "0x0eb5bcd5107a6364965b75695eab544097abc6aa232b91915a5f9cfc0de01924",
	"transactionIndex": 13
}
[2018-04-16T19:51:25.262] [DEBUG] trans - TO:   0x9a33f648e79ef08b82e932e7943d8af1a74a71a9
[2018-04-16T19:51:25.262] [DEBUG] trans - AMOUNT:   104130000000000000000
[2018-04-16T19:51:25.262] [DEBUG] trans - Receipt info:  {
	"blockHash": "0x5de11cad642599d7567a0d1922ccee84bcf93615b84ee7758446b9eae2515927",
	"blockNumber": 5452433,
	"contractAddress": null,
	"cumulativeGasUsed": 1054054,
	"gasUsed": 51589,
	"logs": [
		{
			"address": "0x7e9e431a0B8c4D532C745B1043c7FA29a48D4fBa",
			"blockHash": "0x5de11cad642599d7567a0d1922ccee84bcf93615b84ee7758446b9eae2515927",
			"blockNumber": 5452433,
			"data": "0x000000000000000000000000000000000000000000000005a518134bad6d0000",
			"logIndex": 31,
			"topics": [
				"0xddf252ad1be2c89b69c2b068fc378daa952ba7f163c4a11628f55a4df523b3ef",
				"0x000000000000000000000000468b858c964f297fd8fce058032bf4b4911a8ad8",
				"0x0000000000000000000000009a33f648e79ef08b82e932e7943d8af1a74a71a9"
			],
			"transactionHash": "0xec8435eba59a426f7f9c8e96dbd61b6cf486840824411fe0602d9c89f4e55cf3",
			"transactionIndex": 14,
			"transactionLogIndex": "0x0",
			"type": "mined",
			"id": "log_4756d5a5"
		}
	],
	"logsBloom": "0x00000000000000000000000000020000000000000000000000000000000000000000000000000000000000000000000000020000000000000000000000000000000000000000010000000008000000000000000000000000000000000020000000000000000000000000000000000000000000000000000000000010000000000000000000000000000000000000000000000000000000000000000000000000000080000000000080000000000000000000000000000000000000010000000000001002000000000000000000000000000000000000000000000000080000000000000000000000000000000000000000000000000000000000000000000000",
	"root": null,
	"status": "0x1",
	"transactionHash": "0xec8435eba59a426f7f9c8e96dbd61b6cf486840824411fe0602d9c89f4e55cf3",
	"transactionIndex": 14
}
[2018-04-16T19:51:25.262] [DEBUG] trans - TO:   0x78f7b610377b5eba08cf860c2c1945adcb9154d1
[2018-04-16T19:51:25.262] [DEBUG] trans - AMOUNT:   104122000000000000000
[2018-04-16T19:51:25.262] [DEBUG] trans - Receipt info:  {
	"blockHash": "0x5de11cad642599d7567a0d1922ccee84bcf93615b84ee7758446b9eae2515927",
	"blockNumber": 5452433,
	"contractAddress": null,
	"cumulativeGasUsed": 1193821,
	"gasUsed": 36589,
	"logs": [
		{
			"address": "0x7e9e431a0B8c4D532C745B1043c7FA29a48D4fBa",
			"blockHash": "0x5de11cad642599d7567a0d1922ccee84bcf93615b84ee7758446b9eae2515927",
			"blockNumber": 5452433,
			"data": "0x000000000000000000000000000000000000000000000005a4fba75687390000",
			"logIndex": 34,
			"topics": [
				"0xddf252ad1be2c89b69c2b068fc378daa952ba7f163c4a11628f55a4df523b3ef",
				"0x000000000000000000000000468b858c964f297fd8fce058032bf4b4911a8ad8",
				"0x00000000000000000000000078f7b610377b5eba08cf860c2c1945adcb9154d1"
			],
			"transactionHash": "0x23cf388eb3eba39052dafcde0a912f50a11a0d21a10d5c2a764f0795a6116e6b",
			"transactionIndex": 17,
			"transactionLogIndex": "0x0",
			"type": "mined",
			"id": "log_a0599661"
		}
	],
	"logsBloom": "0x00000000000000000000000000020000000000080000000000000000000000000000000000000000000000000000000000000000000000000000000000000000000000000000010000000008000000000000001000000000000000000020000000000000000000000000000000000000000000000000000000000010000000000000000000000000000000000000000000000000000000000000100000000000000000000000000080000000000000000000000000000000000000010000000000001002000000000000000000000000000000000000000000000000000000000000000000000000000000000000000000000000000000000000000000000000",
	"root": null,
	"status": "0x1",
	"transactionHash": "0x23cf388eb3eba39052dafcde0a912f50a11a0d21a10d5c2a764f0795a6116e6b",
	"transactionIndex": 17
}
[2018-04-16T19:51:25.262] [DEBUG] trans - TO:   0x14c6e6530ef67196ea67299c40224ebf3f560700
[2018-04-16T19:51:25.263] [DEBUG] trans - AMOUNT:   104121000000000000000
[2018-04-16T19:51:25.263] [DEBUG] trans - Receipt info:  {
	"blockHash": "0x5de11cad642599d7567a0d1922ccee84bcf93615b84ee7758446b9eae2515927",
	"blockNumber": 5452433,
	"contractAddress": null,
	"cumulativeGasUsed": 1245410,
	"gasUsed": 51589,
	"logs": [
		{
			"address": "0x7e9e431a0B8c4D532C745B1043c7FA29a48D4fBa",
			"blockHash": "0x5de11cad642599d7567a0d1922ccee84bcf93615b84ee7758446b9eae2515927",
			"blockNumber": 5452433,
			"data": "0x000000000000000000000000000000000000000000000005a4f819d7e2728000",
			"logIndex": 35,
			"topics": [
				"0xddf252ad1be2c89b69c2b068fc378daa952ba7f163c4a11628f55a4df523b3ef",
				"0x000000000000000000000000468b858c964f297fd8fce058032bf4b4911a8ad8",
				"0x00000000000000000000000014c6e6530ef67196ea67299c40224ebf3f560700"
			],
			"transactionHash": "0xf3a5fdc908c3fea93d69c6cc3da91f15fe8b3f8eed884b07fbc0ff58127c767a",
			"transactionIndex": 18,
			"transactionLogIndex": "0x0",
			"type": "mined",
			"id": "log_8f279c6d"
		}
	],
	"logsBloom": "0x00000000000000000000000000020000000000000000000000000000000000000000000000000000000000000000000000000000000000000000000000000000000000000000010000000008000000000000000004000000000000000020000000000000000000000000000000000000000000000000000000000010000000000000000000000000000000000000000000000000000000000000000000000000000000000000000080000000000000000000000000000000000000010000000000001002000000000001000020000000000000000000000000000000000000000000000000000000000000000000000000000000000000000000000000000000",
	"root": null,
	"status": "0x1",
	"transactionHash": "0xf3a5fdc908c3fea93d69c6cc3da91f15fe8b3f8eed884b07fbc0ff58127c767a",
	"transactionIndex": 18
}
[2018-04-16T19:51:25.263] [DEBUG] trans - TO:   0x4505f7f822b955f174f7ce64413c871ffdc39d02
[2018-04-16T19:51:25.263] [DEBUG] trans - AMOUNT:   104120700000000000000
[2018-04-16T19:51:25.263] [DEBUG] trans - Receipt info:  {
	"blockHash": "0x5de11cad642599d7567a0d1922ccee84bcf93615b84ee7758446b9eae2515927",
	"blockNumber": 5452433,
	"contractAddress": null,
	"cumulativeGasUsed": 1297063,
	"gasUsed": 51653,
	"logs": [
		{
			"address": "0x7e9e431a0B8c4D532C745B1043c7FA29a48D4fBa",
			"blockHash": "0x5de11cad642599d7567a0d1922ccee84bcf93615b84ee7758446b9eae2515927",
			"blockNumber": 5452433,
			"data": "0x000000000000000000000000000000000000000000000005a4f708feb103c000",
			"logIndex": 36,
			"topics": [
				"0xddf252ad1be2c89b69c2b068fc378daa952ba7f163c4a11628f55a4df523b3ef",
				"0x000000000000000000000000468b858c964f297fd8fce058032bf4b4911a8ad8",
				"0x0000000000000000000000004505f7f822b955f174f7ce64413c871ffdc39d02"
			],
			"transactionHash": "0x146604cf7b72f018e0c4883422d6f63ffba40f1135e31efeb605b3f6aacd21c2",
			"transactionIndex": 19,
			"transactionLogIndex": "0x0",
			"type": "mined",
			"id": "log_fdcb087a"
		}
	],
	"logsBloom": "0x00000000000000000000000000020000000000000000000000000000000000040000000000000000000000000000000000000000000000000000000000000000000000000000010000000008000000000000000000000000000000000020000000000000000000000000000000000000000000000000000000000014000000000000000000000000000000000000000000000000000000000000000000000000000000000000000080000000000000000000000000000000000000010000000000001002000000000000000000000000000000000000000001000000000000000000000000000000000000000000000000000000000000000000000000000000",
	"root": null,
	"status": "0x1",
	"transactionHash": "0x146604cf7b72f018e0c4883422d6f63ffba40f1135e31efeb605b3f6aacd21c2",
	"transactionIndex": 19
}
[2018-04-16T19:51:25.263] [DEBUG] trans - TO:   0x57d2b2ead00ce1c400ec90ac2acc2f24e3aa16c0
[2018-04-16T19:51:25.263] [DEBUG] trans - AMOUNT:   104126500000000000000
[2018-04-16T19:51:25.263] [DEBUG] trans - Receipt info:  {
	"blockHash": "0x5de11cad642599d7567a0d1922ccee84bcf93615b84ee7758446b9eae2515927",
	"blockNumber": 5452433,
	"contractAddress": null,
	"cumulativeGasUsed": 1157232,
	"gasUsed": 51589,
	"logs": [
		{
			"address": "0x7e9e431a0B8c4D532C745B1043c7FA29a48D4fBa",
			"blockHash": "0x5de11cad642599d7567a0d1922ccee84bcf93615b84ee7758446b9eae2515927",
			"blockNumber": 5452433,
			"data": "0x000000000000000000000000000000000000000000000005a50ba4106cb64000",
			"logIndex": 33,
			"topics": [
				"0xddf252ad1be2c89b69c2b068fc378daa952ba7f163c4a11628f55a4df523b3ef",
				"0x000000000000000000000000468b858c964f297fd8fce058032bf4b4911a8ad8",
				"0x00000000000000000000000057d2b2ead00ce1c400ec90ac2acc2f24e3aa16c0"
			],
			"transactionHash": "0x7872c5fb086f671cdc09f5db118fc6390e7b2f541cfaeb474e8d303070eab564",
			"transactionIndex": 16,
			"transactionLogIndex": "0x0",
			"type": "mined",
			"id": "log_8b6eb83e"
		}
	],
	"logsBloom": "0x00000000000000000000000000020000000000000000000000000000000000000000000000000000000000000000000000000000000000000000000000000000000000000000010000000008000000000000000000000000000000000020000000000000000000000000000000000000000000000000000000000010000000000000000000000000000000000000000000000000000000000000000000000000000000000000000080000000000000000000000002000000000000010000000000001002000000000000000000000000000000000000000000000000000000000000000000000000000000000000000100000000000000000000000000000080",
	"root": null,
	"status": "0x1",
	"transactionHash": "0x7872c5fb086f671cdc09f5db118fc6390e7b2f541cfaeb474e8d303070eab564",
	"transactionIndex": 16
}
[2018-04-16T19:51:25.264] [DEBUG] trans - TO:   0xdddc9a3fa0a362a4e16ed2ad38c0781347de0ccb
[2018-04-16T19:51:25.264] [DEBUG] trans - AMOUNT:   104107200000000000000
[2018-04-16T19:51:25.264] [DEBUG] trans - Receipt info:  {
	"blockHash": "0x5de11cad642599d7567a0d1922ccee84bcf93615b84ee7758446b9eae2515927",
	"blockNumber": 5452433,
	"contractAddress": null,
	"cumulativeGasUsed": 1451766,
	"gasUsed": 51525,
	"logs": [
		{
			"address": "0x7e9e431a0B8c4D532C745B1043c7FA29a48D4fBa",
			"blockHash": "0x5de11cad642599d7567a0d1922ccee84bcf93615b84ee7758446b9eae2515927",
			"blockNumber": 5452433,
			"data": "0x000000000000000000000000000000000000000000000005a4c712d1008c0000",
			"logIndex": 39,
			"topics": [
				"0xddf252ad1be2c89b69c2b068fc378daa952ba7f163c4a11628f55a4df523b3ef",
				"0x000000000000000000000000468b858c964f297fd8fce058032bf4b4911a8ad8",
				"0x000000000000000000000000dddc9a3fa0a362a4e16ed2ad38c0781347de0ccb"
			],
			"transactionHash": "0x8d59bbc17f26f67a9a23e47beb173e2300f3efcdab2def4e5922e41e034e6dc3",
			"transactionIndex": 22,
			"transactionLogIndex": "0x0",
			"type": "mined",
			"id": "log_91a19431"
		}
	],
	"logsBloom": "0x00000000000000000000000000020000000000000000000000000000000000000000000000000000000000000000000000000000000000000000000000000000000000000000010000000008000000000000000000000000000000000020000000000000000000000000000000000000000000000000000000000010000000000000001000000000000000000000000000000000000000000000000000000000080000000000000080000000000000000000000000000000000000010000000000001002000000000000000000000000000000000000000000000000000000000000000000000000000000000000000004000000000000000000000000000000",
	"root": null,
	"status": "0x1",
	"transactionHash": "0x8d59bbc17f26f67a9a23e47beb173e2300f3efcdab2def4e5922e41e034e6dc3",
	"transactionIndex": 22
}
[2018-04-16T19:51:25.264] [DEBUG] trans - TO:   0x19a8ace9249a6880099a2660100abdc6fd9bae9a
[2018-04-16T19:51:25.264] [DEBUG] trans - AMOUNT:   104113100000000000000
[2018-04-16T19:51:25.264] [DEBUG] trans - Receipt info:  {
	"blockHash": "0x5de11cad642599d7567a0d1922ccee84bcf93615b84ee7758446b9eae2515927",
	"blockNumber": 5452433,
	"contractAddress": null,
	"cumulativeGasUsed": 1348716,
	"gasUsed": 51653,
	"logs": [
		{
			"address": "0x7e9e431a0B8c4D532C745B1043c7FA29a48D4fBa",
			"blockHash": "0x5de11cad642599d7567a0d1922ccee84bcf93615b84ee7758446b9eae2515927",
			"blockNumber": 5452433,
			"data": "0x000000000000000000000000000000000000000000000005a4dc08d5ccb8c000",
			"logIndex": 37,
			"topics": [
				"0xddf252ad1be2c89b69c2b068fc378daa952ba7f163c4a11628f55a4df523b3ef",
				"0x000000000000000000000000468b858c964f297fd8fce058032bf4b4911a8ad8",
				"0x00000000000000000000000019a8ace9249a6880099a2660100abdc6fd9bae9a"
			],
			"transactionHash": "0xaa455e847a47ddee19d2aef5f45210e875b722b961d3662a98f3b02f05d071fa",
			"transactionIndex": 20,
			"transactionLogIndex": "0x0",
			"type": "mined",
			"id": "log_7da2075d"
		}
	],
	"logsBloom": "0x00000000000200000000000000020000000000000000000000000000000000000000000000000000000000000000000000000000000000000000000000000000000000000000010000000008000000020000000000000000000000000020000000000000000000000000000000000000000000000000000000000010000000000000000000000000000000000000000000000000000000000000000000000000000000000000000080000000000004000000000000000000000000010000000000001002000000000000000000000000000000000000000000000000000000000000000000000000000000000000000000000000000000000000000000000000",
	"root": null,
	"status": "0x1",
	"transactionHash": "0xaa455e847a47ddee19d2aef5f45210e875b722b961d3662a98f3b02f05d071fa",
	"transactionIndex": 20
}
[2018-04-16T19:51:25.264] [DEBUG] trans - TO:   0xc6f04a38c800b7e6e08a9d9d78ac8b578d091513
[2018-04-16T19:51:25.264] [DEBUG] trans - AMOUNT:   104112000000000000000
[2018-04-16T19:51:25.265] [DEBUG] trans - Receipt info:  {
	"blockHash": "0x5de11cad642599d7567a0d1922ccee84bcf93615b84ee7758446b9eae2515927",
	"blockNumber": 5452433,
	"contractAddress": null,
	"cumulativeGasUsed": 1400241,
	"gasUsed": 51525,
	"logs": [
		{
			"address": "0x7e9e431a0B8c4D532C745B1043c7FA29a48D4fBa",
			"blockHash": "0x5de11cad642599d7567a0d1922ccee84bcf93615b84ee7758446b9eae2515927",
			"blockNumber": 5452433,
			"data": "0x000000000000000000000000000000000000000000000005a4d8206417780000",
			"logIndex": 38,
			"topics": [
				"0xddf252ad1be2c89b69c2b068fc378daa952ba7f163c4a11628f55a4df523b3ef",
				"0x000000000000000000000000468b858c964f297fd8fce058032bf4b4911a8ad8",
				"0x000000000000000000000000c6f04a38c800b7e6e08a9d9d78ac8b578d091513"
			],
			"transactionHash": "0xf9e7cd2c520757eba2722721731824b5dabdca79e56152807b2dbfda1a93dc24",
			"transactionIndex": 21,
			"transactionLogIndex": "0x0",
			"type": "mined",
			"id": "log_a2e81edd"
		}
	],
	"logsBloom": "0x00000000000000000000000000020000000000000000000000000000000000000000000000000000000000000000000000000000000000000000000000000000000000000000010000000008008000000000000000000000000000000020000000000000000000000000000000000000000000000000000000000010000000000000000000000000000000000000000000000000000000000000000000000000000000000000000080000000000000000000000000000000000000010000000000001002000000400000000000000000000000000000000000000000000000000000000000000000000000000000000000000200000000000000000000000000",
	"root": null,
	"status": "0x1",
	"transactionHash": "0xf9e7cd2c520757eba2722721731824b5dabdca79e56152807b2dbfda1a93dc24",
	"transactionIndex": 21
}
[2018-04-16T19:51:25.265] [DEBUG] trans - TO:   0x3835ae84d153141a7f94fd868705c49d4fa7fff0
[2018-04-16T19:51:25.265] [DEBUG] trans - AMOUNT:   104102500000000000000
[2018-04-16T19:51:25.265] [DEBUG] trans - Receipt info:  {
	"blockHash": "0x5de11cad642599d7567a0d1922ccee84bcf93615b84ee7758446b9eae2515927",
	"blockNumber": 5452433,
	"contractAddress": null,
	"cumulativeGasUsed": 1503419,
	"gasUsed": 51653,
	"logs": [
		{
			"address": "0x7e9e431a0B8c4D532C745B1043c7FA29a48D4fBa",
			"blockHash": "0x5de11cad642599d7567a0d1922ccee84bcf93615b84ee7758446b9eae2515927",
			"blockNumber": 5452433,
			"data": "0x000000000000000000000000000000000000000000000005a4b66030fa1a4000",
			"logIndex": 40,
			"topics": [
				"0xddf252ad1be2c89b69c2b068fc378daa952ba7f163c4a11628f55a4df523b3ef",
				"0x000000000000000000000000468b858c964f297fd8fce058032bf4b4911a8ad8",
				"0x0000000000000000000000003835ae84d153141a7f94fd868705c49d4fa7fff0"
			],
			"transactionHash": "0xc3cff87ceee94e2872aad518d86325145fb71422ff30ff5cf3d2ffdf8b3373f8",
			"transactionIndex": 23,
			"transactionLogIndex": "0x0",
			"type": "mined",
			"id": "log_9fae621c"
		}
	],
	"logsBloom": "0x00000000000000000000000000020000000000000000000000000000000000000000000000000000000000000000000000000000000000000000000000000000000000800000010000000008000000000000000000000000000000000020000000000000000000000000000000000000000000000000000000000010000000000000000000000000000040000000000000002000000000000000000000000000000000000000000080000000000000000000000000000000000000010000000000001002000000000000000000000000000000000000000000000000000000000000000000000000000000000000000000000000000000000000000000000000",
	"root": null,
	"status": "0x1",
	"transactionHash": "0xc3cff87ceee94e2872aad518d86325145fb71422ff30ff5cf3d2ffdf8b3373f8",
	"transactionIndex": 23
}
[2018-04-16T19:51:25.265] [DEBUG] trans - TO:   0x13b5ee438596f0ccf4433effb80e491854d33675
[2018-04-16T19:51:25.265] [DEBUG] trans - AMOUNT:   104097700000000000000
[2018-04-16T19:51:25.265] [DEBUG] trans - Receipt info:  {
	"blockHash": "0x5de11cad642599d7567a0d1922ccee84bcf93615b84ee7758446b9eae2515927",
	"blockNumber": 5452433,
	"contractAddress": null,
	"cumulativeGasUsed": 1761492,
	"gasUsed": 51653,
	"logs": [
		{
			"address": "0x7e9e431a0B8c4D532C745B1043c7FA29a48D4fBa",
			"blockHash": "0x5de11cad642599d7567a0d1922ccee84bcf93615b84ee7758446b9eae2515927",
			"blockNumber": 5452433,
			"data": "0x000000000000000000000000000000000000000000000005a4a5529de32e4000",
			"logIndex": 45,
			"topics": [
				"0xddf252ad1be2c89b69c2b068fc378daa952ba7f163c4a11628f55a4df523b3ef",
				"0x000000000000000000000000468b858c964f297fd8fce058032bf4b4911a8ad8",
				"0x00000000000000000000000013b5ee438596f0ccf4433effb80e491854d33675"
			],
			"transactionHash": "0x8372f0dd26596b31309b86c606bfc2093d90ad7a0b2b107ff6784f02f3dc1c0c",
			"transactionIndex": 28,
			"transactionLogIndex": "0x0",
			"type": "mined",
			"id": "log_cad1923a"
		}
	],
	"logsBloom": "0x00000000000000000000000000020000000000000000000000000000000000000000000000000000000000000000000000000000800000010000000000000000000000000000010000000008000000000000000000000000000000000020000000000000000000000000000000000000000000000000000000000010000000000000000000000000000000000000000000000000000000000000000000000000000000000000000080000000000000000000000000000000000000010000000000001002000000000000000000000000000000000000000000000000000000000000000000000000000000000000000000000000400000000000000000000000",
	"root": null,
	"status": "0x1",
	"transactionHash": "0x8372f0dd26596b31309b86c606bfc2093d90ad7a0b2b107ff6784f02f3dc1c0c",
	"transactionIndex": 28
}
[2018-04-16T19:51:25.266] [DEBUG] trans - TO:   0x5b880553bdedb2a30215be7f8fcb12a593319db9
[2018-04-16T19:51:25.266] [DEBUG] trans - AMOUNT:   104100000000000000000
[2018-04-16T19:51:25.266] [DEBUG] trans - Receipt info:  {
	"blockHash": "0x5de11cad642599d7567a0d1922ccee84bcf93615b84ee7758446b9eae2515927",
	"blockNumber": 5452433,
	"contractAddress": null,
	"cumulativeGasUsed": 1606661,
	"gasUsed": 51589,
	"logs": [
		{
			"address": "0x7e9e431a0B8c4D532C745B1043c7FA29a48D4fBa",
			"blockHash": "0x5de11cad642599d7567a0d1922ccee84bcf93615b84ee7758446b9eae2515927",
			"blockNumber": 5452433,
			"data": "0x000000000000000000000000000000000000000000000005a4ad7e745e2a0000",
			"logIndex": 42,
			"topics": [
				"0xddf252ad1be2c89b69c2b068fc378daa952ba7f163c4a11628f55a4df523b3ef",
				"0x000000000000000000000000468b858c964f297fd8fce058032bf4b4911a8ad8",
				"0x0000000000000000000000005b880553bdedb2a30215be7f8fcb12a593319db9"
			],
			"transactionHash": "0x2730363cbfbbd341b14d59fa1a06f84e3bceab18ffe56aca63a31c5758fa1f53",
			"transactionIndex": 25,
			"transactionLogIndex": "0x0",
			"type": "mined",
			"id": "log_2f6d078d"
		}
	],
	"logsBloom": "0x00000000000000000000000000020000000000000000000000000000000000000000000000000000000000000000000000000000000000000000000000000000000000000000010000000008000000000000000000000000000000000020000000000000000000000000000000000000000000000000000000000010000000000000000000000000000000000000000000000000000000000000004000000000000000000000010080000000000000000000000000000000000000010000000000001002000000000020000000000000000000000000000000000000000000000000000000000000000000000000000000000000000000000000000000000000",
	"root": null,
	"status": "0x1",
	"transactionHash": "0x2730363cbfbbd341b14d59fa1a06f84e3bceab18ffe56aca63a31c5758fa1f53",
	"transactionIndex": 25
}
[2018-04-16T19:51:25.266] [DEBUG] trans - TO:   0xdd2882f32d1c72f37309f1c1e654f51b8ff1aae5
[2018-04-16T19:51:25.266] [DEBUG] trans - AMOUNT:   104100000000000000000
[2018-04-16T19:51:25.266] [DEBUG] trans - Receipt info:  {
	"blockHash": "0x5de11cad642599d7567a0d1922ccee84bcf93615b84ee7758446b9eae2515927",
	"blockNumber": 5452433,
	"contractAddress": null,
	"cumulativeGasUsed": 1658250,
	"gasUsed": 51589,
	"logs": [
		{
			"address": "0x7e9e431a0B8c4D532C745B1043c7FA29a48D4fBa",
			"blockHash": "0x5de11cad642599d7567a0d1922ccee84bcf93615b84ee7758446b9eae2515927",
			"blockNumber": 5452433,
			"data": "0x000000000000000000000000000000000000000000000005a4ad7e745e2a0000",
			"logIndex": 43,
			"topics": [
				"0xddf252ad1be2c89b69c2b068fc378daa952ba7f163c4a11628f55a4df523b3ef",
				"0x000000000000000000000000468b858c964f297fd8fce058032bf4b4911a8ad8",
				"0x000000000000000000000000dd2882f32d1c72f37309f1c1e654f51b8ff1aae5"
			],
			"transactionHash": "0x88a68bdae47661f8e2c6cdc7c03f125f29749785899a79a65775df480dcb014a",
			"transactionIndex": 26,
			"transactionLogIndex": "0x0",
			"type": "mined",
			"id": "log_66855fe7"
		}
	],
	"logsBloom": "0x00000000000000000000000000020000000000000000000000000000000000000000000000000000000000000000000000000000000000001000000000000000000000000000010000000008000000000000000000000000000000000020000000000000000000000000000000000000000000000000000000000010000000000000000000000000000000000000000000000000000000000000000000000000000000000000000080000000000000000100000000000000000000010000000000001002000000000000000000040000000000000000000000000000000000000000000000000000000000000000000000000000000000000000000000000000",
	"root": null,
	"status": "0x1",
	"transactionHash": "0x88a68bdae47661f8e2c6cdc7c03f125f29749785899a79a65775df480dcb014a",
	"transactionIndex": 26
}
[2018-04-16T19:51:25.267] [DEBUG] trans - TO:   0xf8c1e574294af8a97e18da024f9d9eaf0fe4839a
[2018-04-16T19:51:25.267] [DEBUG] trans - AMOUNT:   104100000000000000000
[2018-04-16T19:51:25.267] [DEBUG] trans - Receipt info:  {
	"blockHash": "0x5de11cad642599d7567a0d1922ccee84bcf93615b84ee7758446b9eae2515927",
	"blockNumber": 5452433,
	"contractAddress": null,
	"cumulativeGasUsed": 1709839,
	"gasUsed": 51589,
	"logs": [
		{
			"address": "0x7e9e431a0B8c4D532C745B1043c7FA29a48D4fBa",
			"blockHash": "0x5de11cad642599d7567a0d1922ccee84bcf93615b84ee7758446b9eae2515927",
			"blockNumber": 5452433,
			"data": "0x000000000000000000000000000000000000000000000005a4ad7e745e2a0000",
			"logIndex": 44,
			"topics": [
				"0xddf252ad1be2c89b69c2b068fc378daa952ba7f163c4a11628f55a4df523b3ef",
				"0x000000000000000000000000468b858c964f297fd8fce058032bf4b4911a8ad8",
				"0x000000000000000000000000f8c1e574294af8a97e18da024f9d9eaf0fe4839a"
			],
			"transactionHash": "0x33dfbdd66a7865073a9fa55543975713db3bc87089553d66e0d820ba95eedfdb",
			"transactionIndex": 27,
			"transactionLogIndex": "0x0",
			"type": "mined",
			"id": "log_7ef2ccee"
		}
	],
	"logsBloom": "0x00004000000000000000000000020000000000000000000000000000000000000000000000000000000000000020000000000000000000000000000000000000000000000000010000000008000000000000000000000000000000000020000000000000000000000000000000000000000000000000000000000010000000000000000000000000000000000000000000000000000000000000000000000000000000000000000080000000000000000000000000000000000000010000000000001002000000000000000000000000000000000000000000000000000000040000000000000000000000000000000000000000000000000000000000000000",
	"root": null,
	"status": "0x1",
	"transactionHash": "0x33dfbdd66a7865073a9fa55543975713db3bc87089553d66e0d820ba95eedfdb",
	"transactionIndex": 27
}
[2018-04-16T19:51:25.268] [DEBUG] trans - TO:   0xd3bdb253fa45f62266612977a493e52e89ce446d
[2018-04-16T19:51:25.268] [DEBUG] trans - AMOUNT:   104102500000000000000
[2018-04-16T19:51:25.268] [DEBUG] trans - Receipt info:  {
	"blockHash": "0x5de11cad642599d7567a0d1922ccee84bcf93615b84ee7758446b9eae2515927",
	"blockNumber": 5452433,
	"contractAddress": null,
	"cumulativeGasUsed": 1555072,
	"gasUsed": 51653,
	"logs": [
		{
			"address": "0x7e9e431a0B8c4D532C745B1043c7FA29a48D4fBa",
			"blockHash": "0x5de11cad642599d7567a0d1922ccee84bcf93615b84ee7758446b9eae2515927",
			"blockNumber": 5452433,
			"data": "0x000000000000000000000000000000000000000000000005a4b66030fa1a4000",
			"logIndex": 41,
			"topics": [
				"0xddf252ad1be2c89b69c2b068fc378daa952ba7f163c4a11628f55a4df523b3ef",
				"0x000000000000000000000000468b858c964f297fd8fce058032bf4b4911a8ad8",
				"0x000000000000000000000000d3bdb253fa45f62266612977a493e52e89ce446d"
			],
			"transactionHash": "0x9c1298e564c4056bd0e3687bd740952f14d6f9f444c3ba02926d685f2e7c4ad4",
			"transactionIndex": 24,
			"transactionLogIndex": "0x0",
			"type": "mined",
			"id": "log_a7071d4b"
		}
	],
	"logsBloom": "0x00000000000000000000000000020000000000000000000000000000000000000000000000000000000000000000020000000000000000000000000000000000000000000000010000000008040000000000000000000000000000000020000000000000000000000000000000000000000000000000000000000010000000000000000000000000000000000000000000000000000000000000000000000000000000000000000080000000000000000000000000000000000000010000000000001002000000000000000000000000000000002000000000000000000000000000000000000000000000000000000000000000000000000000000000000000",
	"root": null,
	"status": "0x1",
	"transactionHash": "0x9c1298e564c4056bd0e3687bd740952f14d6f9f444c3ba02926d685f2e7c4ad4",
	"transactionIndex": 24
}
[2018-04-16T19:51:25.268] [DEBUG] trans - TO:   0x60cee9b290b25d2aca3a9255e4a325bd977cc25e
[2018-04-16T19:51:25.268] [DEBUG] trans - AMOUNT:   104095000000000000000
[2018-04-16T19:51:25.268] [DEBUG] trans - Receipt info:  {
	"blockHash": "0x5de11cad642599d7567a0d1922ccee84bcf93615b84ee7758446b9eae2515927",
	"blockNumber": 5452433,
	"contractAddress": null,
	"cumulativeGasUsed": 1968104,
	"gasUsed": 51653,
	"logs": [
		{
			"address": "0x7e9e431a0B8c4D532C745B1043c7FA29a48D4fBa",
			"blockHash": "0x5de11cad642599d7567a0d1922ccee84bcf93615b84ee7758446b9eae2515927",
			"blockNumber": 5452433,
			"data": "0x000000000000000000000000000000000000000000000005a49bbafb26498000",
			"logIndex": 49,
			"topics": [
				"0xddf252ad1be2c89b69c2b068fc378daa952ba7f163c4a11628f55a4df523b3ef",
				"0x000000000000000000000000468b858c964f297fd8fce058032bf4b4911a8ad8",
				"0x00000000000000000000000060cee9b290b25d2aca3a9255e4a325bd977cc25e"
			],
			"transactionHash": "0x5711a58e156210346f277988d53fa62a9662d7fb35318707f27ded290e3acd72",
			"transactionIndex": 32,
			"transactionLogIndex": "0x0",
			"type": "mined",
			"id": "log_f613eb75"
		}
	],
	"logsBloom": "0x00000000000000000000000000020000000000000000000000000000000000000000000000000000000000000000000000000000000000000000000000000000000000000000010000000008000000000000000000000000000000000020000000000000000000000000000000000000000000000000000000000010000000000000000008000000000001000000000000000000000000000000000000000000000000000000000080000000000000000000000000000000000000010000000000001002000000000000000000800000000000000000000000000000000000000000000000000000000000000000000000000000000000000000000000000000",
	"root": null,
	"status": "0x1",
	"transactionHash": "0x5711a58e156210346f277988d53fa62a9662d7fb35318707f27ded290e3acd72",
	"transactionIndex": 32
}
[2018-04-16T19:51:25.268] [DEBUG] trans - TO:   0x02a62d6654934150b6b14fc6fffaace7deadf0f8
[2018-04-16T19:51:25.268] [DEBUG] trans - AMOUNT:   104095000000000000000
[2018-04-16T19:51:25.268] [DEBUG] trans - Receipt info:  {
	"blockHash": "0x5de11cad642599d7567a0d1922ccee84bcf93615b84ee7758446b9eae2515927",
	"blockNumber": 5452433,
	"contractAddress": null,
	"cumulativeGasUsed": 1916451,
	"gasUsed": 51653,
	"logs": [
		{
			"address": "0x7e9e431a0B8c4D532C745B1043c7FA29a48D4fBa",
			"blockHash": "0x5de11cad642599d7567a0d1922ccee84bcf93615b84ee7758446b9eae2515927",
			"blockNumber": 5452433,
			"data": "0x000000000000000000000000000000000000000000000005a49bbafb26498000",
			"logIndex": 48,
			"topics": [
				"0xddf252ad1be2c89b69c2b068fc378daa952ba7f163c4a11628f55a4df523b3ef",
				"0x000000000000000000000000468b858c964f297fd8fce058032bf4b4911a8ad8",
				"0x00000000000000000000000002a62d6654934150b6b14fc6fffaace7deadf0f8"
			],
			"transactionHash": "0x56106ad5e0050c161cb59ccb0742153f55a2df2ab4f9c2f823c24e88716ebfb9",
			"transactionIndex": 31,
			"transactionLogIndex": "0x0",
			"type": "mined",
			"id": "log_47f83073"
		}
	],
	"logsBloom": "0x00004000000000000000000000020000000000004000000000000000000000000000000000000000000000000000000000000000000000000000000000000000000000000000010000000008000000000000000000000000000000000020000000000000000000000000000000000000000000000000000000000010000000000000000000000000000000000000000000000000000000000000000000000000000000000000000080000000000000000000000000000000000000010000000000001002000000000000000000000000000000000000000000000000000000000000000000000000000000000000000000000000001000000000000000000000",
	"root": null,
	"status": "0x1",
	"transactionHash": "0x56106ad5e0050c161cb59ccb0742153f55a2df2ab4f9c2f823c24e88716ebfb9",
	"transactionIndex": 31
}
[2018-04-16T19:51:25.269] [DEBUG] trans - TO:   0x842b333cd06f2a6e28e35d598ece19d693059e47
[2018-04-16T19:51:25.269] [DEBUG] trans - AMOUNT:   104093500000000000000
[2018-04-16T19:51:25.269] [DEBUG] trans - Receipt info:  {
	"blockHash": "0x5de11cad642599d7567a0d1922ccee84bcf93615b84ee7758446b9eae2515927",
	"blockNumber": 5452433,
	"contractAddress": null,
	"cumulativeGasUsed": 2174716,
	"gasUsed": 51653,
	"logs": [
		{
			"address": "0x7e9e431a0B8c4D532C745B1043c7FA29a48D4fBa",
			"blockHash": "0x5de11cad642599d7567a0d1922ccee84bcf93615b84ee7758446b9eae2515927",
			"blockNumber": 5452433,
			"data": "0x000000000000000000000000000000000000000000000005a49666bd2f1fc000",
			"logIndex": 53,
			"topics": [
				"0xddf252ad1be2c89b69c2b068fc378daa952ba7f163c4a11628f55a4df523b3ef",
				"0x000000000000000000000000468b858c964f297fd8fce058032bf4b4911a8ad8",
				"0x000000000000000000000000842b333cd06f2a6e28e35d598ece19d693059e47"
			],
			"transactionHash": "0xaa492d7351232736d6518d9050b2fd906965b97f48ad73d4f9cca4353212cf50",
			"transactionIndex": 36,
			"transactionLogIndex": "0x0",
			"type": "mined",
			"id": "log_5e65401f"
		}
	],
	"logsBloom": "0x00000000000080000000000000020000000000000000000000000000000000000000000000000000000000000000000000000000000000000000000000000000000000000000010000000008000000000000000000000000000000100020000000000000000000000040000000000000000000000000000000000010000000000000000000000000000000000000000000000000000000000000000000000000000000000000000080000000000000000000000000000000000000010000000000001002000000000000000000000000000000000000000000000000000000000000000000000000000000000000000000000000000000000000000000000000",
	"root": null,
	"status": "0x1",
	"transactionHash": "0xaa492d7351232736d6518d9050b2fd906965b97f48ad73d4f9cca4353212cf50",
	"transactionIndex": 36
}
[2018-04-16T19:51:25.269] [DEBUG] trans - TO:   0xd72796a2acaf5090fd12a5daab4a823e1ad7974a
[2018-04-16T19:51:25.269] [DEBUG] trans - AMOUNT:   104095000000000000000
[2018-04-16T19:51:25.269] [DEBUG] trans - Receipt info:  {
	"blockHash": "0x5de11cad642599d7567a0d1922ccee84bcf93615b84ee7758446b9eae2515927",
	"blockNumber": 5452433,
	"contractAddress": null,
	"cumulativeGasUsed": 2071410,
	"gasUsed": 51653,
	"logs": [
		{
			"address": "0x7e9e431a0B8c4D532C745B1043c7FA29a48D4fBa",
			"blockHash": "0x5de11cad642599d7567a0d1922ccee84bcf93615b84ee7758446b9eae2515927",
			"blockNumber": 5452433,
			"data": "0x000000000000000000000000000000000000000000000005a49bbafb26498000",
			"logIndex": 51,
			"topics": [
				"0xddf252ad1be2c89b69c2b068fc378daa952ba7f163c4a11628f55a4df523b3ef",
				"0x000000000000000000000000468b858c964f297fd8fce058032bf4b4911a8ad8",
				"0x000000000000000000000000d72796a2acaf5090fd12a5daab4a823e1ad7974a"
			],
			"transactionHash": "0xa9c1f5dfeeb218e3209e1055225820046c0486e54f728253a129ebdc05f2a548",
			"transactionIndex": 34,
			"transactionLogIndex": "0x0",
			"type": "mined",
			"id": "log_891138a3"
		}
	],
	"logsBloom": "0x00000000000000000000000000021000000000000000000000000000000000000000000000000000000000000000000000000000000000000000000000000000000000000000010000000008000000000000000000000000000000000020000000000000000000000000000000000000000000000000000000000010000000000000000000000000000000000000000000000000000000000000000000000000000000000000000080000100000000000000000000000000000000010000000000001002000000040000000000000000000000000000000000000000000000000000000000000000000000000000000000000000000000000000000000000000",
	"root": null,
	"status": "0x1",
	"transactionHash": "0xa9c1f5dfeeb218e3209e1055225820046c0486e54f728253a129ebdc05f2a548",
	"transactionIndex": 34
}
[2018-04-16T19:51:25.270] [DEBUG] trans - TO:   0x590ac6dac89d9a4d8b574036c2c17f0395b62e67
[2018-04-16T19:51:25.270] [DEBUG] trans - AMOUNT:   104097000000000000000
[2018-04-16T19:51:25.270] [DEBUG] trans - Receipt info:  {
	"blockHash": "0x5de11cad642599d7567a0d1922ccee84bcf93615b84ee7758446b9eae2515927",
	"blockNumber": 5452433,
	"contractAddress": null,
	"cumulativeGasUsed": 1813145,
	"gasUsed": 51653,
	"logs": [
		{
			"address": "0x7e9e431a0B8c4D532C745B1043c7FA29a48D4fBa",
			"blockHash": "0x5de11cad642599d7567a0d1922ccee84bcf93615b84ee7758446b9eae2515927",
			"blockNumber": 5452433,
			"data": "0x000000000000000000000000000000000000000000000005a4a2d5f86fd68000",
			"logIndex": 46,
			"topics": [
				"0xddf252ad1be2c89b69c2b068fc378daa952ba7f163c4a11628f55a4df523b3ef",
				"0x000000000000000000000000468b858c964f297fd8fce058032bf4b4911a8ad8",
				"0x000000000000000000000000590ac6dac89d9a4d8b574036c2c17f0395b62e67"
			],
			"transactionHash": "0xb97459775326aac3b07cd5f41cc9e39c6aebb1fe86048033b0aab8ac90c43685",
			"transactionIndex": 29,
			"transactionLogIndex": "0x0",
			"type": "mined",
			"id": "log_bb476469"
		}
	],
	"logsBloom": "0x00000000000000000000000000020000000000000000000000000000000000000000000000000000000000000000000020000000000000000000000000000000000000000000010000000008000000000000000000000000000000000020000000000000000000000000000000000000000000000000000000000010000000000000000000000000000000000000000000000000000000000000000000000000000000000000000080000000000000800200000000000000000000010000000000001002000000000000000000000000000000000000000000000000000000000000000000000000000000000000000000000000000000000000000000000000",
	"root": null,
	"status": "0x1",
	"transactionHash": "0xb97459775326aac3b07cd5f41cc9e39c6aebb1fe86048033b0aab8ac90c43685",
	"transactionIndex": 29
}
[2018-04-16T19:51:25.270] [DEBUG] trans - TO:   0x559804308465eaff1b7cd036a04a2155ece24ca1
[2018-04-16T19:51:25.270] [DEBUG] trans - AMOUNT:   104094600000000000000
[2018-04-16T19:51:25.270] [DEBUG] trans - Receipt info:  {
	"blockHash": "0x5de11cad642599d7567a0d1922ccee84bcf93615b84ee7758446b9eae2515927",
	"blockNumber": 5452433,
	"contractAddress": null,
	"cumulativeGasUsed": 2123063,
	"gasUsed": 51653,
	"logs": [
		{
			"address": "0x7e9e431a0B8c4D532C745B1043c7FA29a48D4fBa",
			"blockHash": "0x5de11cad642599d7567a0d1922ccee84bcf93615b84ee7758446b9eae2515927",
			"blockNumber": 5452433,
			"data": "0x000000000000000000000000000000000000000000000005a49a4f2ee4608000",
			"logIndex": 52,
			"topics": [
				"0xddf252ad1be2c89b69c2b068fc378daa952ba7f163c4a11628f55a4df523b3ef",
				"0x000000000000000000000000468b858c964f297fd8fce058032bf4b4911a8ad8",
				"0x000000000000000000000000559804308465eaff1b7cd036a04a2155ece24ca1"
			],
			"transactionHash": "0x6cd85041c45e91071f1a8011d27d45f43ef1be48b7325bcd7760270eba7b31a2",
			"transactionIndex": 35,
			"transactionLogIndex": "0x0",
			"type": "mined",
			"id": "log_8a6a9b14"
		}
	],
	"logsBloom": "0x00000000000000000000000000020000000000000000000000000000000000000000000000000000000000000000000000000000000000000000000000000000000000000000010000000008000000000000000000000000000000000020000000000000010000000000000000000000000000000000000000000010000020000000000000000000000000000000000000000000000000000000000000000000000000000000000080000000000000000000000000000000000000010000000000001002000000000000000000000000000000000000000000000000000000000000000000000008000000000000000000000000000000000000000000000000",
	"root": null,
	"status": "0x1",
	"transactionHash": "0x6cd85041c45e91071f1a8011d27d45f43ef1be48b7325bcd7760270eba7b31a2",
	"transactionIndex": 35
}
[2018-04-16T19:51:25.271] [DEBUG] trans - TO:   0xfa2d1bfbf95476b0f6ebb6f0bc308bed4e317ebe
[2018-04-16T19:51:25.271] [DEBUG] trans - AMOUNT:   104090500000000000000
[2018-04-16T19:51:25.271] [DEBUG] trans - Receipt info:  {
	"blockHash": "0x5de11cad642599d7567a0d1922ccee84bcf93615b84ee7758446b9eae2515927",
	"blockNumber": 5452433,
	"contractAddress": null,
	"cumulativeGasUsed": 2277958,
	"gasUsed": 51653,
	"logs": [
		{
			"address": "0x7e9e431a0B8c4D532C745B1043c7FA29a48D4fBa",
			"blockHash": "0x5de11cad642599d7567a0d1922ccee84bcf93615b84ee7758446b9eae2515927",
			"blockNumber": 5452433,
			"data": "0x000000000000000000000000000000000000000000000005a48bbe4140cc4000",
			"logIndex": 55,
			"topics": [
				"0xddf252ad1be2c89b69c2b068fc378daa952ba7f163c4a11628f55a4df523b3ef",
				"0x000000000000000000000000468b858c964f297fd8fce058032bf4b4911a8ad8",
				"0x000000000000000000000000fa2d1bfbf95476b0f6ebb6f0bc308bed4e317ebe"
			],
			"transactionHash": "0xdea698269d2cd70dd2af2da3f4608f739da23a8cd73239ed8483106d5f8dd3db",
			"transactionIndex": 38,
			"transactionLogIndex": "0x0",
			"type": "mined",
			"id": "log_387b8e65"
		}
	],
	"logsBloom": "0x0000000000000000000000000002000000000000000000000000000000000000000000000000000000000000000000000000000000000000000000000000000000000000000001000000000a000000000000000000000004000000000020000000000000000000000000000000000000000000000000000000000010000000000000000000000000000000000000000000000000000000000000000000000000000000008000000080000000000000000000000000000000000000010000000000001002000000000000000000000000000000000000000000000000000000000000000000000000000000000000000000000000000000000000000000000000",
	"root": null,
	"status": "0x1",
	"transactionHash": "0xdea698269d2cd70dd2af2da3f4608f739da23a8cd73239ed8483106d5f8dd3db",
	"transactionIndex": 38
}
[2018-04-16T19:51:25.271] [DEBUG] trans - TO:   0x39ae912ed6d80b7252b87acd5c814128ab23a89d
[2018-04-16T19:51:25.271] [DEBUG] trans - AMOUNT:   104135600000000000000
[2018-04-16T19:51:25.271] [DEBUG] trans - Receipt info:  {
	"blockHash": "0x5de11cad642599d7567a0d1922ccee84bcf93615b84ee7758446b9eae2515927",
	"blockNumber": 5452433,
	"contractAddress": null,
	"cumulativeGasUsed": 899159,
	"gasUsed": 51589,
	"logs": [
		{
			"address": "0x7e9e431a0B8c4D532C745B1043c7FA29a48D4fBa",
			"blockHash": "0x5de11cad642599d7567a0d1922ccee84bcf93615b84ee7758446b9eae2515927",
			"blockNumber": 5452433,
			"data": "0x000000000000000000000000000000000000000000000005a52bf877482b0000",
			"logIndex": 28,
			"topics": [
				"0xddf252ad1be2c89b69c2b068fc378daa952ba7f163c4a11628f55a4df523b3ef",
				"0x000000000000000000000000468b858c964f297fd8fce058032bf4b4911a8ad8",
				"0x00000000000000000000000039ae912ed6d80b7252b87acd5c814128ab23a89d"
			],
			"transactionHash": "0xf5896ebf58d8cd8b548ab9f4c17bb9cc9f40f26ed0ec67c964f0585ac07aa226",
			"transactionIndex": 11,
			"transactionLogIndex": "0x0",
			"type": "mined",
			"id": "log_0ba51d74"
		}
	],
	"logsBloom": "0x00000000000000000000000000020000000000000000000000000000000000000000000000000000040000000000000000000000000000000000000000000000000000000000010000000008000000000000000000000000000000000020000000000000000000000000000000000000000000000000000000000010000000000000000000000000000000000000000000000000000000000000000000000000000000000000000080000000000000000000000000040000000000010000000000001002000000000000000000400000000000000000000000000000000000000000000000000000000000000000000000000000000000000000000000000000",
	"root": null,
	"status": "0x1",
	"transactionHash": "0xf5896ebf58d8cd8b548ab9f4c17bb9cc9f40f26ed0ec67c964f0585ac07aa226",
	"transactionIndex": 11
}
[2018-04-16T19:51:25.271] [DEBUG] trans - TO:   0xb8f3e945a54521e0912ee5d40716c364f663412c
[2018-04-16T19:51:25.271] [DEBUG] trans - AMOUNT:   104095000000000000000
[2018-04-16T19:51:25.271] [DEBUG] trans - Receipt info:  {
	"blockHash": "0x5de11cad642599d7567a0d1922ccee84bcf93615b84ee7758446b9eae2515927",
	"blockNumber": 5452433,
	"contractAddress": null,
	"cumulativeGasUsed": 2019757,
	"gasUsed": 51653,
	"logs": [
		{
			"address": "0x7e9e431a0B8c4D532C745B1043c7FA29a48D4fBa",
			"blockHash": "0x5de11cad642599d7567a0d1922ccee84bcf93615b84ee7758446b9eae2515927",
			"blockNumber": 5452433,
			"data": "0x000000000000000000000000000000000000000000000005a49bbafb26498000",
			"logIndex": 50,
			"topics": [
				"0xddf252ad1be2c89b69c2b068fc378daa952ba7f163c4a11628f55a4df523b3ef",
				"0x000000000000000000000000468b858c964f297fd8fce058032bf4b4911a8ad8",
				"0x000000000000000000000000b8f3e945a54521e0912ee5d40716c364f663412c"
			],
			"transactionHash": "0x087a0006734de5667b09d749a21f3260bc97a6c67f257d47278863a5f9a26b90",
			"transactionIndex": 33,
			"transactionLogIndex": "0x0",
			"type": "mined",
			"id": "log_1de0e6e2"
		}
	],
	"logsBloom": "0x00000000000000000000000000020000000000000000000000000000000000000000000000100000000000000000000000000000000000000000000000000000000000000000010000000008000000000000000000000000000000000020000000000000000000000000000000000000000000000000000080000010000000000000000000000000000000000400000000000000000000000000000000000000000000000000000080000000000000000000000000000000000000010000000000001002000000000000000000000000000000000000000000000000000000000000000000000000000000000000000000000000000000000000000000000000",
	"root": null,
	"status": "0x1",
	"transactionHash": "0x087a0006734de5667b09d749a21f3260bc97a6c67f257d47278863a5f9a26b90",
	"transactionIndex": 33
}
[2018-04-16T19:51:25.272] [DEBUG] trans - TO:   0xf83ced5e8307a0d558d635e4fa20f5cef922f104
[2018-04-16T19:51:25.272] [DEBUG] trans - AMOUNT:   104076100000000000000
[2018-04-16T19:51:25.272] [DEBUG] trans - Receipt info:  {
	"blockHash": "0x0ceacb2b52b29349097d1811def7a782845e3070136011b9b9cd3cf7c27433a0",
	"blockNumber": 5452434,
	"contractAddress": null,
	"cumulativeGasUsed": 2388722,
	"gasUsed": 51653,
	"logs": [
		{
			"address": "0x7e9e431a0B8c4D532C745B1043c7FA29a48D4fBa",
			"blockHash": "0x0ceacb2b52b29349097d1811def7a782845e3070136011b9b9cd3cf7c27433a0",
			"blockNumber": 5452434,
			"data": "0x000000000000000000000000000000000000000000000005a4589587fc084000",
			"logIndex": 45,
			"topics": [
				"0xddf252ad1be2c89b69c2b068fc378daa952ba7f163c4a11628f55a4df523b3ef",
				"0x000000000000000000000000468b858c964f297fd8fce058032bf4b4911a8ad8",
				"0x000000000000000000000000f83ced5e8307a0d558d635e4fa20f5cef922f104"
			],
			"transactionHash": "0xfaa7c1f7896d966027fb281af46ff2683af0ce0f99dd29c7718ff2f643c27701",
			"transactionIndex": 43,
			"transactionLogIndex": "0x0",
			"type": "mined",
			"id": "log_37f2a27e"
		}
	],
	"logsBloom": "0x00000000000000000000000000020000000000000000000000000000000000000000000000000000000000000000000000000000000000000000000000000000000000000000010000000008000000000000000000000000000000000020000000000000000000000000000000000000000000000000400000000010000000000000000000000000000000000000000000000000000000000000000000000000000000000000000080000000000000010000000000000000000000010000000000001002000000000000000000000000000000000000000000020000000000000000000000000000000000000000000000000000000000000000000000000000",
	"root": null,
	"status": "0x1",
	"transactionHash": "0xfaa7c1f7896d966027fb281af46ff2683af0ce0f99dd29c7718ff2f643c27701",
	"transactionIndex": 43
}
[2018-04-16T19:51:25.272] [DEBUG] trans - TO:   0xf86b86ae678ee401505aef7ce143c86800cc713e
[2018-04-16T19:51:25.272] [DEBUG] trans - AMOUNT:   104092600000000000000
[2018-04-16T19:51:25.272] [DEBUG] trans - Receipt info:  {
	"blockHash": "0x5de11cad642599d7567a0d1922ccee84bcf93615b84ee7758446b9eae2515927",
	"blockNumber": 5452433,
	"contractAddress": null,
	"cumulativeGasUsed": 2226305,
	"gasUsed": 51589,
	"logs": [
		{
			"address": "0x7e9e431a0B8c4D532C745B1043c7FA29a48D4fBa",
			"blockHash": "0x5de11cad642599d7567a0d1922ccee84bcf93615b84ee7758446b9eae2515927",
			"blockNumber": 5452433,
			"data": "0x000000000000000000000000000000000000000000000005a49334319ad38000",
			"logIndex": 54,
			"topics": [
				"0xddf252ad1be2c89b69c2b068fc378daa952ba7f163c4a11628f55a4df523b3ef",
				"0x000000000000000000000000468b858c964f297fd8fce058032bf4b4911a8ad8",
				"0x000000000000000000000000f86b86ae678ee401505aef7ce143c86800cc713e"
			],
			"transactionHash": "0x09804b634d3959e2651edda0f8798ff90ed407349882046aaa4c648eb0e556aa",
			"transactionIndex": 37,
			"transactionLogIndex": "0x0",
			"type": "mined",
			"id": "log_bcf58e5f"
		}
	],
	"logsBloom": "0x00000000000000000000000000020000000000000000000000000000000000000000000000000000000000000000000000000000000000000000000000000000000000000000010000000008000000000000000000000000000000000020000000000000000000000000000000000000000000000000000000000010000800000000000000000400004000000000000000000000000000000000000000000000000000000000000080000000000000000000000000000000000000010000000000001002000000000000000000000000000000000000000000000000000000000000000000000000000000000000000000000000000000000000000000000000",
	"root": null,
	"status": "0x1",
	"transactionHash": "0x09804b634d3959e2651edda0f8798ff90ed407349882046aaa4c648eb0e556aa",
	"transactionIndex": 37
}
[2018-04-16T19:51:25.272] [DEBUG] trans - TO:   0xab05c7c00a68a478a5e14cb428ca30909a5fa3f3
[2018-04-16T19:51:25.273] [DEBUG] trans - AMOUNT:   104079100000000000000
[2018-04-16T19:51:25.273] [DEBUG] trans - Receipt info:  {
	"blockHash": "0x0ceacb2b52b29349097d1811def7a782845e3070136011b9b9cd3cf7c27433a0",
	"blockNumber": 5452434,
	"contractAddress": null,
	"cumulativeGasUsed": 2337069,
	"gasUsed": 51653,
	"logs": [
		{
			"address": "0x7e9e431a0B8c4D532C745B1043c7FA29a48D4fBa",
			"blockHash": "0x0ceacb2b52b29349097d1811def7a782845e3070136011b9b9cd3cf7c27433a0",
			"blockNumber": 5452434,
			"data": "0x000000000000000000000000000000000000000000000005a4633e03ea5bc000",
			"logIndex": 44,
			"topics": [
				"0xddf252ad1be2c89b69c2b068fc378daa952ba7f163c4a11628f55a4df523b3ef",
				"0x000000000000000000000000468b858c964f297fd8fce058032bf4b4911a8ad8",
				"0x000000000000000000000000ab05c7c00a68a478a5e14cb428ca30909a5fa3f3"
			],
			"transactionHash": "0x0babe6c2622c23bf51ef266f8dfe8306c27f63ecff2c3d30a75dcacc6773eb05",
			"transactionIndex": 42,
			"transactionLogIndex": "0x0",
			"type": "mined",
			"id": "log_d6071f52"
		}
	],
	"logsBloom": "0x00000000000000000000000000020000000000000000000000000000000000000000000000000000000000000000000000000000000000000000000000000000000000000000010000000008000000000000000000000000000000000020000000000000000000000000000000000000000000000000000000000010000000000000000000000000000000000000020000000000000000000040000000000000000000000000000080000000000000001000000000000000000000010000000000001002000000000000000000000000000000000000000000000000000000000000000000000000000000000000000000000000000000000000000000000000",
	"root": null,
	"status": "0x1",
	"transactionHash": "0x0babe6c2622c23bf51ef266f8dfe8306c27f63ecff2c3d30a75dcacc6773eb05",
	"transactionIndex": 42
}
[2018-04-16T19:51:25.273] [DEBUG] trans - TO:   0x6ddce62819820fbc495982795e9c2babe4ff9ffd
[2018-04-16T19:51:25.273] [DEBUG] trans - AMOUNT:   104082900000000000000
[2018-04-16T19:51:25.273] [DEBUG] trans - Receipt info:  {
	"blockHash": "0x5de11cad642599d7567a0d1922ccee84bcf93615b84ee7758446b9eae2515927",
	"blockNumber": 5452433,
	"contractAddress": null,
	"cumulativeGasUsed": 2329611,
	"gasUsed": 51653,
	"logs": [
		{
			"address": "0x7e9e431a0B8c4D532C745B1043c7FA29a48D4fBa",
			"blockHash": "0x5de11cad642599d7567a0d1922ccee84bcf93615b84ee7758446b9eae2515927",
			"blockNumber": 5452433,
			"data": "0x000000000000000000000000000000000000000000000005a470be185c814000",
			"logIndex": 56,
			"topics": [
				"0xddf252ad1be2c89b69c2b068fc378daa952ba7f163c4a11628f55a4df523b3ef",
				"0x000000000000000000000000468b858c964f297fd8fce058032bf4b4911a8ad8",
				"0x0000000000000000000000006ddce62819820fbc495982795e9c2babe4ff9ffd"
			],
			"transactionHash": "0x4f06328402ffa1d910737f4c49f40087980c1f6e500eb56a889694a92751497e",
			"transactionIndex": 39,
			"transactionLogIndex": "0x0",
			"type": "mined",
			"id": "log_14bd3601"
		}
	],
	"logsBloom": "0x00000000000000000000000000020000000000000000200000000000000000000000000000000000000000000000000010000000000000000000000000000000000000000000010000000008000000000000000000000000000000000020000000000000000000000000000000000000000000000000000000000010000000000000000000000000000000000000000000000000000000000000000000000000000000000000000080000000000800000000000000000000000000010000000000001002000000000000000000000000000000000000000000000000000000000000000000000000000000000000000000000000000000000000000000000000",
	"root": null,
	"status": "0x1",
	"transactionHash": "0x4f06328402ffa1d910737f4c49f40087980c1f6e500eb56a889694a92751497e",
	"transactionIndex": 39
}
[2018-04-16T19:51:25.273] [DEBUG] trans - TO:   0x7242a61722a7b6bd1cf243befdd1b7e6ac0ddd49
[2018-04-16T19:51:25.273] [DEBUG] trans - AMOUNT:   104080000000000000000
[2018-04-16T19:51:25.273] [DEBUG] trans - Receipt info:  {
	"blockHash": "0x0ceacb2b52b29349097d1811def7a782845e3070136011b9b9cd3cf7c27433a0",
	"blockNumber": 5452434,
	"contractAddress": null,
	"cumulativeGasUsed": 2285416,
	"gasUsed": 51589,
	"logs": [
		{
			"address": "0x7e9e431a0B8c4D532C745B1043c7FA29a48D4fBa",
			"blockHash": "0x0ceacb2b52b29349097d1811def7a782845e3070136011b9b9cd3cf7c27433a0",
			"blockNumber": 5452434,
			"data": "0x000000000000000000000000000000000000000000000005a466708f7ea80000",
			"logIndex": 43,
			"topics": [
				"0xddf252ad1be2c89b69c2b068fc378daa952ba7f163c4a11628f55a4df523b3ef",
				"0x000000000000000000000000468b858c964f297fd8fce058032bf4b4911a8ad8",
				"0x0000000000000000000000007242a61722a7b6bd1cf243befdd1b7e6ac0ddd49"
			],
			"transactionHash": "0x75f3d586f84319c0bc236e8bc07c586ccdf0d05140183a68d5806beef1e2374e",
			"transactionIndex": 41,
			"transactionLogIndex": "0x0",
			"type": "mined",
			"id": "log_c3e6e621"
		}
	],
	"logsBloom": "0x00000002000000000000000000020000000000000000000000000000000800000000000000000000000000000000000000000002000000000000000000000000000000000000010000000008000000000000000000000000000000000020000000000000000000000000000000000000000000000000000000000010000000000000000000000000000000000000000000000000000000000000000000000000000000000000000080000000000000000000000000000000000000010000000000001002000000000000000000000000000000000000000000000000000000000000000000000000000000000000000000000000000000000000000000000000",
	"root": null,
	"status": "0x1",
	"transactionHash": "0x75f3d586f84319c0bc236e8bc07c586ccdf0d05140183a68d5806beef1e2374e",
	"transactionIndex": 41
}
[2018-04-16T19:51:25.274] [DEBUG] trans - TO:   0x4915279f076dfda20417c4e5fcfafd4959fe552d
[2018-04-16T19:51:25.274] [DEBUG] trans - AMOUNT:   104070000000000000000
[2018-04-16T19:51:25.274] [DEBUG] trans - Receipt info:  {
	"blockHash": "0x0ceacb2b52b29349097d1811def7a782845e3070136011b9b9cd3cf7c27433a0",
	"blockNumber": 5452434,
	"contractAddress": null,
	"cumulativeGasUsed": 2491964,
	"gasUsed": 51589,
	"logs": [
		{
			"address": "0x7e9e431a0B8c4D532C745B1043c7FA29a48D4fBa",
			"blockHash": "0x0ceacb2b52b29349097d1811def7a782845e3070136011b9b9cd3cf7c27433a0",
			"blockNumber": 5452434,
			"data": "0x000000000000000000000000000000000000000000000005a442e99d0ee70000",
			"logIndex": 47,
			"topics": [
				"0xddf252ad1be2c89b69c2b068fc378daa952ba7f163c4a11628f55a4df523b3ef",
				"0x000000000000000000000000468b858c964f297fd8fce058032bf4b4911a8ad8",
				"0x0000000000000000000000004915279f076dfda20417c4e5fcfafd4959fe552d"
			],
			"transactionHash": "0x03a58f8d41667ca5b31db5bb74a3ef6846960127c55c2def79490f913eee85c5",
			"transactionIndex": 45,
			"transactionLogIndex": "0x0",
			"type": "mined",
			"id": "log_573312e2"
		}
	],
	"logsBloom": "0x00000000000000000000000000020000000000000000000000000000000000000000000000000010000000000000000000000000000000000008000000000000000000000000010000000008000000000000000000000000000000000020000000000000000000000000000000000000000000000000000000000010000000000000000000000400000000000000000000000000000000000000000000000000000000000000000080000000000000000000000000000000000000010000000000001002000000000000000000000000000000000000000000000000000000000000000000000000000000000000000000000000000000000000000000000000",
	"root": null,
	"status": "0x1",
	"transactionHash": "0x03a58f8d41667ca5b31db5bb74a3ef6846960127c55c2def79490f913eee85c5",
	"transactionIndex": 45
}
[2018-04-16T19:51:25.274] [DEBUG] trans - TO:   0x1848651bc4eb8b3b6b3342b60e3eef2fb53784fa
[2018-04-16T19:51:25.274] [DEBUG] trans - AMOUNT:   104071100000000000000
[2018-04-16T19:51:25.274] [DEBUG] trans - Receipt info:  {
	"blockHash": "0x0ceacb2b52b29349097d1811def7a782845e3070136011b9b9cd3cf7c27433a0",
	"blockNumber": 5452434,
	"contractAddress": null,
	"cumulativeGasUsed": 2440375,
	"gasUsed": 51653,
	"logs": [
		{
			"address": "0x7e9e431a0B8c4D532C745B1043c7FA29a48D4fBa",
			"blockHash": "0x0ceacb2b52b29349097d1811def7a782845e3070136011b9b9cd3cf7c27433a0",
			"blockNumber": 5452434,
			"data": "0x000000000000000000000000000000000000000000000005a446d20ec427c000",
			"logIndex": 46,
			"topics": [
				"0xddf252ad1be2c89b69c2b068fc378daa952ba7f163c4a11628f55a4df523b3ef",
				"0x000000000000000000000000468b858c964f297fd8fce058032bf4b4911a8ad8",
				"0x0000000000000000000000001848651bc4eb8b3b6b3342b60e3eef2fb53784fa"
			],
			"transactionHash": "0xc56068e9915e5c3f66bd0f3cebce75f3f4b11cc9d138817af88a8a6326697667",
			"transactionIndex": 44,
			"transactionLogIndex": "0x0",
			"type": "mined",
			"id": "log_e2c9e5fe"
		}
	],
	"logsBloom": "0x00000000000000000000000000020000000000000000000000000000000000000000000000000000000000000000000000000000000000000000000000000000000000000000010000000088000000000000000000000000000000000020000000000000000000000000000000000000000000000000000000000010000000000000000000000000000000000000000000000000000000000000000000000000000000000000000080000000000000000000000000000000000000010000000000001002000000000000000000000000000000000000000008000000000000000000000000000000000000000000000004000000000000000000000000000000",
	"root": null,
	"status": "0x1",
	"transactionHash": "0xc56068e9915e5c3f66bd0f3cebce75f3f4b11cc9d138817af88a8a6326697667",
	"transactionIndex": 44
}
[2018-04-16T19:51:25.274] [DEBUG] trans - TO:   0xc95659979e35015bc747d5fcf7274e0a435088d9
[2018-04-16T19:51:25.274] [DEBUG] trans - AMOUNT:   104062800000000000000
[2018-04-16T19:51:25.274] [DEBUG] trans - Receipt info:  {
	"blockHash": "0x0ceacb2b52b29349097d1811def7a782845e3070136011b9b9cd3cf7c27433a0",
	"blockNumber": 5452434,
	"contractAddress": null,
	"cumulativeGasUsed": 2646859,
	"gasUsed": 51589,
	"logs": [
		{
			"address": "0x7e9e431a0B8c4D532C745B1043c7FA29a48D4fBa",
			"blockHash": "0x0ceacb2b52b29349097d1811def7a782845e3070136011b9b9cd3cf7c27433a0",
			"blockNumber": 5452434,
			"data": "0x000000000000000000000000000000000000000000000005a42955406c850000",
			"logIndex": 50,
			"topics": [
				"0xddf252ad1be2c89b69c2b068fc378daa952ba7f163c4a11628f55a4df523b3ef",
				"0x000000000000000000000000468b858c964f297fd8fce058032bf4b4911a8ad8",
				"0x000000000000000000000000c95659979e35015bc747d5fcf7274e0a435088d9"
			],
			"transactionHash": "0x4a00e066bb52bb3643a71b787aa292c85d449e4b5fae2f935d138f0a063cfdb5",
			"transactionIndex": 48,
			"transactionLogIndex": "0x0",
			"type": "mined",
			"id": "log_59aadbf1"
		}
	],
	"logsBloom": "0x00000000000040000000000000020000000000000000000000000000000000000000000000000000000000000000000000000000000000000000000000000000000000000000010000000008000000000000000000000000000000000020000000000000000000000000000000000000000000000000000000000010000000000000000000000000000000000000000000000000000000000000000000000000000000000000000080000000000000000000000000000000000000010000000020001002000000000000000000000000040000000000000000000000000000000000000000000000000000000000000000000000000000000000000000000000",
	"root": null,
	"status": "0x1",
	"transactionHash": "0x4a00e066bb52bb3643a71b787aa292c85d449e4b5fae2f935d138f0a063cfdb5",
	"transactionIndex": 48
}
[2018-04-16T19:51:25.275] [DEBUG] trans - TO:   0x9b13e5631309f23b513d1228eec553ce9ecdb072
[2018-04-16T19:51:25.275] [DEBUG] trans - AMOUNT:   104069300000000000000
[2018-04-16T19:51:25.275] [DEBUG] trans - Receipt info:  {
	"blockHash": "0x0ceacb2b52b29349097d1811def7a782845e3070136011b9b9cd3cf7c27433a0",
	"blockNumber": 5452434,
	"contractAddress": null,
	"cumulativeGasUsed": 2543617,
	"gasUsed": 51653,
	"logs": [
		{
			"address": "0x7e9e431a0B8c4D532C745B1043c7FA29a48D4fBa",
			"blockHash": "0x0ceacb2b52b29349097d1811def7a782845e3070136011b9b9cd3cf7c27433a0",
			"blockNumber": 5452434,
			"data": "0x000000000000000000000000000000000000000000000005a4406cf79b8f4000",
			"logIndex": 48,
			"topics": [
				"0xddf252ad1be2c89b69c2b068fc378daa952ba7f163c4a11628f55a4df523b3ef",
				"0x000000000000000000000000468b858c964f297fd8fce058032bf4b4911a8ad8",
				"0x0000000000000000000000009b13e5631309f23b513d1228eec553ce9ecdb072"
			],
			"transactionHash": "0x8b70a247b6ab7cababe619f1223789c0e439e161e4433ac8dad973bac7aaa572",
			"transactionIndex": 46,
			"transactionLogIndex": "0x0",
			"type": "mined",
			"id": "log_b440622a"
		}
	],
	"logsBloom": "0x00000000000000002000000000020000000000000000000000000000000000000000000000000000000000000000000001000000000000000000000000000000000000000000010000000008000000000000000000000000000000000020000000000000000000000000000000000000000000000000000000000010000000000000000000000000000000000000000000000020000000000000000000000000000000000000000080000000000000000000000000000000000000010000000000001002000000000000000000000000000000000000000000000000000000000000000000000000000000000000000000000000000000000000000000000000",
	"root": null,
	"status": "0x1",
	"transactionHash": "0x8b70a247b6ab7cababe619f1223789c0e439e161e4433ac8dad973bac7aaa572",
	"transactionIndex": 46
}
[2018-04-16T19:51:25.275] [DEBUG] trans - TO:   0x119a75b3d78f58fbb5a936335edb48e832d8aa30
[2018-04-16T19:51:25.275] [DEBUG] trans - AMOUNT:   104067000000000000000
[2018-04-16T19:51:25.275] [DEBUG] trans - Receipt info:  {
	"blockHash": "0x0ceacb2b52b29349097d1811def7a782845e3070136011b9b9cd3cf7c27433a0",
	"blockNumber": 5452434,
	"contractAddress": null,
	"cumulativeGasUsed": 2595270,
	"gasUsed": 51653,
	"logs": [
		{
			"address": "0x7e9e431a0B8c4D532C745B1043c7FA29a48D4fBa",
			"blockHash": "0x0ceacb2b52b29349097d1811def7a782845e3070136011b9b9cd3cf7c27433a0",
			"blockNumber": 5452434,
			"data": "0x000000000000000000000000000000000000000000000005a438412120938000",
			"logIndex": 49,
			"topics": [
				"0xddf252ad1be2c89b69c2b068fc378daa952ba7f163c4a11628f55a4df523b3ef",
				"0x000000000000000000000000468b858c964f297fd8fce058032bf4b4911a8ad8",
				"0x000000000000000000000000119a75b3d78f58fbb5a936335edb48e832d8aa30"
			],
			"transactionHash": "0xe858b3f9144b75ef1969db7584c2b1e4170e3518e77713b95119fd1878bcb2f8",
			"transactionIndex": 47,
			"transactionLogIndex": "0x0",
			"type": "mined",
			"id": "log_61c8797f"
		}
	],
	"logsBloom": "0x000000000000000000000000000a0000000000000000000000000000000000000000000000000000000000000000000000000000000000000000000000000000000000000000010000000008000000000000000000000000000000000020000000000000000000000000000000000000000000000000000000000010000000000000000100000000000000000000000000004000000000000000000000000000000000000000000080000000000000000000000000000000000000010000000000001002000000000000000000000000000000000000000000000000000000000000000000000000000000000000000000000000000000000000000000000000",
	"root": null,
	"status": "0x1",
	"transactionHash": "0xe858b3f9144b75ef1969db7584c2b1e4170e3518e77713b95119fd1878bcb2f8",
	"transactionIndex": 47
}
[2018-04-16T19:51:25.275] [DEBUG] trans - TO:   0x6736a0213c5e343908ccf917d0d7bc8fc9f7c679
[2018-04-16T19:51:25.275] [DEBUG] trans - AMOUNT:   104051500000000000000
[2018-04-16T19:51:25.275] [DEBUG] trans - Receipt info:  {
	"blockHash": "0x0ceacb2b52b29349097d1811def7a782845e3070136011b9b9cd3cf7c27433a0",
	"blockNumber": 5452434,
	"contractAddress": null,
	"cumulativeGasUsed": 2750037,
	"gasUsed": 51653,
	"logs": [
		{
			"address": "0x7e9e431a0B8c4D532C745B1043c7FA29a48D4fBa",
			"blockHash": "0x0ceacb2b52b29349097d1811def7a782845e3070136011b9b9cd3cf7c27433a0",
			"blockNumber": 5452434,
			"data": "0x000000000000000000000000000000000000000000000005a4012ff6268ec000",
			"logIndex": 52,
			"topics": [
				"0xddf252ad1be2c89b69c2b068fc378daa952ba7f163c4a11628f55a4df523b3ef",
				"0x000000000000000000000000468b858c964f297fd8fce058032bf4b4911a8ad8",
				"0x0000000000000000000000006736a0213c5e343908ccf917d0d7bc8fc9f7c679"
			],
			"transactionHash": "0x27b749f6529148cb513a6118296cdafe47bf3bb94ca563eaf871fdc2e7e9955d",
			"transactionIndex": 50,
			"transactionLogIndex": "0x0",
			"type": "mined",
			"id": "log_21d140f2"
		}
	],
	"logsBloom": "0x00000000000000000000000000020000000000000000000000000000000000000000000000000000000000000000000000000000000000000000000000000000000040000000010000000008000000000000000000000000000000000020000000000000000000000000000000000000000000000000000000000010000000000000000000000000000000000000000000000000000000000000002000000000000000000000000080000000000000000000000000000000000000090000000000001002000000000000000000000000000000000000000000000000000000000000000000000000000000000000000000000000000000000000000000000000",
	"root": null,
	"status": "0x1",
	"transactionHash": "0x27b749f6529148cb513a6118296cdafe47bf3bb94ca563eaf871fdc2e7e9955d",
	"transactionIndex": 50
}
[2018-04-16T19:51:25.276] [DEBUG] trans - TO:   0x3c3fbc61006f08d6cb573edce0804304192da783
[2018-04-16T19:51:25.276] [DEBUG] trans - AMOUNT:   104054400000000000000
[2018-04-16T19:51:25.276] [DEBUG] trans - Receipt info:  {
	"blockHash": "0x0ceacb2b52b29349097d1811def7a782845e3070136011b9b9cd3cf7c27433a0",
	"blockNumber": 5452434,
	"contractAddress": null,
	"cumulativeGasUsed": 2698384,
	"gasUsed": 51525,
	"logs": [
		{
			"address": "0x7e9e431a0B8c4D532C745B1043c7FA29a48D4fBa",
			"blockHash": "0x0ceacb2b52b29349097d1811def7a782845e3070136011b9b9cd3cf7c27433a0",
			"blockNumber": 5452434,
			"data": "0x000000000000000000000000000000000000000000000005a40b7d7f04680000",
			"logIndex": 51,
			"topics": [
				"0xddf252ad1be2c89b69c2b068fc378daa952ba7f163c4a11628f55a4df523b3ef",
				"0x000000000000000000000000468b858c964f297fd8fce058032bf4b4911a8ad8",
				"0x0000000000000000000000003c3fbc61006f08d6cb573edce0804304192da783"
			],
			"transactionHash": "0x1e681f9e70553a1ecae30d35116efe252db050a727ad46a6f45b87469dc6a79d",
			"transactionIndex": 49,
			"transactionLogIndex": "0x0",
			"type": "mined",
			"id": "log_34485c36"
		}
	],
	"logsBloom": "0x01000000000000000000000000020000000000000000000000000000000000000000000000000000000000000000000000000000000000000000000000000000000000000001010000000008000000000000000000000000000000000020000000000000000000000000000000000000000000000000000000000010000000000000000000000000000000000000000000000000000000000000000000000000000000000000000080020000000000000000000000000000000000010000000000001002000000000000000000000000000000000000000000000000000000000000000000000000000000000000000000000000000000000000000000000000",
	"root": null,
	"status": "0x1",
	"transactionHash": "0x1e681f9e70553a1ecae30d35116efe252db050a727ad46a6f45b87469dc6a79d",
	"transactionIndex": 49
}
[2018-04-16T19:51:25.276] [DEBUG] trans - TO:   0xc83813f23312d2f1255c3a8115a6e659d817d09c
[2018-04-16T19:51:25.276] [DEBUG] trans - AMOUNT:   104050000000000000000
[2018-04-16T19:51:25.276] [DEBUG] trans - Receipt info:  {
	"blockHash": "0x0ceacb2b52b29349097d1811def7a782845e3070136011b9b9cd3cf7c27433a0",
	"blockNumber": 5452434,
	"contractAddress": null,
	"cumulativeGasUsed": 2853279,
	"gasUsed": 51589,
	"logs": [
		{
			"address": "0x7e9e431a0B8c4D532C745B1043c7FA29a48D4fBa",
			"blockHash": "0x0ceacb2b52b29349097d1811def7a782845e3070136011b9b9cd3cf7c27433a0",
			"blockNumber": 5452434,
			"data": "0x000000000000000000000000000000000000000000000005a3fbdbb82f650000",
			"logIndex": 54,
			"topics": [
				"0xddf252ad1be2c89b69c2b068fc378daa952ba7f163c4a11628f55a4df523b3ef",
				"0x000000000000000000000000468b858c964f297fd8fce058032bf4b4911a8ad8",
				"0x000000000000000000000000c83813f23312d2f1255c3a8115a6e659d817d09c"
			],
			"transactionHash": "0xfc21464ba4d82db37c979532b932c927209aa3aafe2c25350f2e7470da734acd",
			"transactionIndex": 52,
			"transactionLogIndex": "0x0",
			"type": "mined",
			"id": "log_1dd8e9d5"
		}
	],
	"logsBloom": "0x00000000000000000000000000020000000000000000000000000000000000000000000000000000000000000000000000000000000000000000000000000000000000000000010000000008000000000004000000000000000000000020000000000000000000000000000000000000000000000000000000000010000000000000000000000000000000000000000000000000000000000000000000000000000000000000000080000000020000000000000000000000000000010000000000001002000000000000000000000000000000000000000000000000000000000000000000000000000000000000000000000400000000000000000000000000",
	"root": null,
	"status": "0x1",
	"transactionHash": "0xfc21464ba4d82db37c979532b932c927209aa3aafe2c25350f2e7470da734acd",
	"transactionIndex": 52
}
[2018-04-16T19:51:25.276] [DEBUG] trans - TO:   0x0549ea1df47bbdbaac40a99ee42cd55ab8b1d999
[2018-04-16T19:51:25.276] [DEBUG] trans - AMOUNT:   104051100000000000000
[2018-04-16T19:51:25.276] [DEBUG] trans - Receipt info:  {
	"blockHash": "0x0ceacb2b52b29349097d1811def7a782845e3070136011b9b9cd3cf7c27433a0",
	"blockNumber": 5452434,
	"contractAddress": null,
	"cumulativeGasUsed": 2801690,
	"gasUsed": 51653,
	"logs": [
		{
			"address": "0x7e9e431a0B8c4D532C745B1043c7FA29a48D4fBa",
			"blockHash": "0x0ceacb2b52b29349097d1811def7a782845e3070136011b9b9cd3cf7c27433a0",
			"blockNumber": 5452434,
			"data": "0x000000000000000000000000000000000000000000000005a3ffc429e4a5c000",
			"logIndex": 53,
			"topics": [
				"0xddf252ad1be2c89b69c2b068fc378daa952ba7f163c4a11628f55a4df523b3ef",
				"0x000000000000000000000000468b858c964f297fd8fce058032bf4b4911a8ad8",
				"0x0000000000000000000000000549ea1df47bbdbaac40a99ee42cd55ab8b1d999"
			],
			"transactionHash": "0xa2cadf096dcbd283b2aa957ba2f25461bcb585d950b89cf0ea0530e75cf7e7d4",
			"transactionIndex": 51,
			"transactionLogIndex": "0x0",
			"type": "mined",
			"id": "log_1dce3059"
		}
	],
	"logsBloom": "0x00000000000000000000000000020000000000000000000000000000000000000000000000000000000000000000000000000000000000000000000000000000000000000000010000000008000000000000000000000000000000000020000000000000000000000000000000000000000000000000000000000010000800000000000000000000000000000000000002000000000000000000000000000000000000000000000080000000000000000000000000000000000000010000000000001002000000000000000000000000000000000000000000000000000000000000000000000000000000000000000000000000000002000000000000000000",
	"root": null,
	"status": "0x1",
	"transactionHash": "0xa2cadf096dcbd283b2aa957ba2f25461bcb585d950b89cf0ea0530e75cf7e7d4",
	"transactionIndex": 51
}
[2018-04-16T19:51:25.277] [DEBUG] trans - TO:   0xfc9be572b0c5f2cad185a97f3e72fddb99375319
[2018-04-16T19:51:25.277] [DEBUG] trans - AMOUNT:   104030000000000000000
[2018-04-16T19:51:25.277] [DEBUG] trans - Receipt info:  {
	"blockHash": "0x0ceacb2b52b29349097d1811def7a782845e3070136011b9b9cd3cf7c27433a0",
	"blockNumber": 5452434,
	"contractAddress": null,
	"cumulativeGasUsed": 2904868,
	"gasUsed": 51589,
	"logs": [
		{
			"address": "0x7e9e431a0B8c4D532C745B1043c7FA29a48D4fBa",
			"blockHash": "0x0ceacb2b52b29349097d1811def7a782845e3070136011b9b9cd3cf7c27433a0",
			"blockNumber": 5452434,
			"data": "0x000000000000000000000000000000000000000000000005a3b4cdd34fe30000",
			"logIndex": 55,
			"topics": [
				"0xddf252ad1be2c89b69c2b068fc378daa952ba7f163c4a11628f55a4df523b3ef",
				"0x000000000000000000000000468b858c964f297fd8fce058032bf4b4911a8ad8",
				"0x000000000000000000000000fc9be572b0c5f2cad185a97f3e72fddb99375319"
			],
			"transactionHash": "0x912239c9cdd3fed53621c8107a0965692d8b769834172a071dc8fc196af31e71",
			"transactionIndex": 53,
			"transactionLogIndex": "0x0",
			"type": "mined",
			"id": "log_8d3c7a7f"
		}
	],
	"logsBloom": "0x00000000000000000000000000020000000000000000000000080000000000000000000000000000000000000000000000000000000000000000000000000000000000000000010000000008000000000000000000000000000000000020000000000000000000000000000000000000000000000000000000000010000000000000000000000000000000000000000000000000000000000000000000000000000000000000000080000000000000000000000000000000000000010000000000001002000100000000000000000000000000000000000000000000000000000000000000000000000000000000000000000000000000000000200000000000",
	"root": null,
	"status": "0x1",
	"transactionHash": "0x912239c9cdd3fed53621c8107a0965692d8b769834172a071dc8fc196af31e71",
	"transactionIndex": 53
}
[2018-04-16T19:51:25.277] [DEBUG] trans - TO:   0xceeb921749c5c7b4a6d20ededfb74b5043ff692e
[2018-04-16T19:51:25.277] [DEBUG] trans - AMOUNT:   104028400000000000000
[2018-04-16T19:51:25.277] [DEBUG] trans - Receipt info:  {
	"blockHash": "0x0ceacb2b52b29349097d1811def7a782845e3070136011b9b9cd3cf7c27433a0",
	"blockNumber": 5452434,
	"contractAddress": null,
	"cumulativeGasUsed": 2956457,
	"gasUsed": 51589,
	"logs": [
		{
			"address": "0x7e9e431a0B8c4D532C745B1043c7FA29a48D4fBa",
			"blockHash": "0x0ceacb2b52b29349097d1811def7a782845e3070136011b9b9cd3cf7c27433a0",
			"blockNumber": 5452434,
			"data": "0x000000000000000000000000000000000000000000000005a3af1ea2483f0000",
			"logIndex": 56,
			"topics": [
				"0xddf252ad1be2c89b69c2b068fc378daa952ba7f163c4a11628f55a4df523b3ef",
				"0x000000000000000000000000468b858c964f297fd8fce058032bf4b4911a8ad8",
				"0x000000000000000000000000ceeb921749c5c7b4a6d20ededfb74b5043ff692e"
			],
			"transactionHash": "0xceaaf4b89eec44dcf65a9ef613d735015b6054a572e7618d75a5302c53824bd4",
			"transactionIndex": 54,
			"transactionLogIndex": "0x0",
			"type": "mined",
			"id": "log_7376d163"
		}
	],
	"logsBloom": "0x00000000000000000000000000020000000000000000000000000000000100000000000000000000000000000000000000000000000000000000000000000000000000000000010000000008000000000000000000000000000000000020000000000000000000000000000000000000000000000000000000000010000000000000000000000000000000000000000000000000000000000000001000000000000000000000000080000000000000000000000000000000000000010000000000001002000000000000000000000000001000000000000000000000000000000000000000000000000000000000000000000000000000000000000000000000",
	"root": null,
	"status": "0x1",
	"transactionHash": "0xceaaf4b89eec44dcf65a9ef613d735015b6054a572e7618d75a5302c53824bd4",
	"transactionIndex": 54
}
[2018-04-16T19:51:25.277] [DEBUG] trans - TO:   0xd6d014d1b1919d96d0dee61e77b509291eb48c2d
[2018-04-16T19:51:25.277] [DEBUG] trans - AMOUNT:   104025100000000000000
[2018-04-16T19:51:25.277] [DEBUG] trans - Receipt info:  {
	"blockHash": "0x0ceacb2b52b29349097d1811def7a782845e3070136011b9b9cd3cf7c27433a0",
	"blockNumber": 5452434,
	"contractAddress": null,
	"cumulativeGasUsed": 3059763,
	"gasUsed": 51653,
	"logs": [
		{
			"address": "0x7e9e431a0B8c4D532C745B1043c7FA29a48D4fBa",
			"blockHash": "0x0ceacb2b52b29349097d1811def7a782845e3070136011b9b9cd3cf7c27433a0",
			"blockNumber": 5452434,
			"data": "0x000000000000000000000000000000000000000000000005a3a3654d287cc000",
			"logIndex": 58,
			"topics": [
				"0xddf252ad1be2c89b69c2b068fc378daa952ba7f163c4a11628f55a4df523b3ef",
				"0x000000000000000000000000468b858c964f297fd8fce058032bf4b4911a8ad8",
				"0x000000000000000000000000d6d014d1b1919d96d0dee61e77b509291eb48c2d"
			],
			"transactionHash": "0x2221eeb2c675ba15c1102ead4230d5019299ae6e88b90564cdd64cedbe8bed27",
			"transactionIndex": 56,
			"transactionLogIndex": "0x0",
			"type": "mined",
			"id": "log_48d5b63f"
		}
	],
	"logsBloom": "0x00000000040000000000000000020000000000000000000000000000000000000000000000000000000000000000000000800000000000000000000000000000000000000000010000000008000000000000000000000000000000000020000000000000000000000000000000000000000000000000000000000010000000000000000000000000000000000000000000000000000000000000000000000000000000000000000080000000000000000000000000000000000000010000000000001002000000000000000000000000000000000000000000000000000000000000000000000000000000000000000000000000000000400000000000000000",
	"root": null,
	"status": "0x1",
	"transactionHash": "0x2221eeb2c675ba15c1102ead4230d5019299ae6e88b90564cdd64cedbe8bed27",
	"transactionIndex": 56
}
[2018-04-16T19:51:25.278] [DEBUG] trans - TO:   0xf274aeb7745722a90d0c9b71b175bf35ca5edd76
[2018-04-16T19:51:25.278] [DEBUG] trans - AMOUNT:   104023200000000000000
[2018-04-16T19:51:25.278] [DEBUG] trans - Receipt info:  {
	"blockHash": "0x0ceacb2b52b29349097d1811def7a782845e3070136011b9b9cd3cf7c27433a0",
	"blockNumber": 5452434,
	"contractAddress": null,
	"cumulativeGasUsed": 3111352,
	"gasUsed": 51589,
	"logs": [
		{
			"address": "0x7e9e431a0B8c4D532C745B1043c7FA29a48D4fBa",
			"blockHash": "0x0ceacb2b52b29349097d1811def7a782845e3070136011b9b9cd3cf7c27433a0",
			"blockNumber": 5452434,
			"data": "0x000000000000000000000000000000000000000000000005a39ca542ef6a0000",
			"logIndex": 59,
			"topics": [
				"0xddf252ad1be2c89b69c2b068fc378daa952ba7f163c4a11628f55a4df523b3ef",
				"0x000000000000000000000000468b858c964f297fd8fce058032bf4b4911a8ad8",
				"0x000000000000000000000000f274aeb7745722a90d0c9b71b175bf35ca5edd76"
			],
			"transactionHash": "0xe9e9344ff218b55cb52a8ed042dcb014901eb545ce7dcada56c02c1efd89fec0",
			"transactionIndex": 57,
			"transactionLogIndex": "0x0",
			"type": "mined",
			"id": "log_9fd1f3ad"
		}
	],
	"logsBloom": "0x10000000000000000000000000020000000000000000000000000000000000000000000000000000000000000000000000000000000000000000000000000000000000000000010000000008000000000000000000000000000000000020000000000000000000000000000000000000000000000000000000000010000000000000000000000000000000000000000000000000000000000000000000000000000000000000000080000000000000000000000000000000000000010000000000001002000000000000000000000000000000000000000000000000000000000000000000000000000000000000000000000000002000000000000000100000",
	"root": null,
	"status": "0x1",
	"transactionHash": "0xe9e9344ff218b55cb52a8ed042dcb014901eb545ce7dcada56c02c1efd89fec0",
	"transactionIndex": 57
}
[2018-04-16T19:51:25.278] [DEBUG] trans - TO:   0x987a7290b3abbd59564d6d02cb68ad2fca4666ed
[2018-04-16T19:51:25.278] [DEBUG] trans - AMOUNT:   104095900000000000000
[2018-04-16T19:51:25.278] [DEBUG] trans - Receipt info:  {
	"blockHash": "0x5de11cad642599d7567a0d1922ccee84bcf93615b84ee7758446b9eae2515927",
	"blockNumber": 5452433,
	"contractAddress": null,
	"cumulativeGasUsed": 1864798,
	"gasUsed": 51653,
	"logs": [
		{
			"address": "0x7e9e431a0B8c4D532C745B1043c7FA29a48D4fBa",
			"blockHash": "0x5de11cad642599d7567a0d1922ccee84bcf93615b84ee7758446b9eae2515927",
			"blockNumber": 5452433,
			"data": "0x000000000000000000000000000000000000000000000005a49eed86ba95c000",
			"logIndex": 47,
			"topics": [
				"0xddf252ad1be2c89b69c2b068fc378daa952ba7f163c4a11628f55a4df523b3ef",
				"0x000000000000000000000000468b858c964f297fd8fce058032bf4b4911a8ad8",
				"0x000000000000000000000000987a7290b3abbd59564d6d02cb68ad2fca4666ed"
			],
			"transactionHash": "0x5c2d35c918df5a90957192066900ffdf687315872c424a43c743e905fc592663",
			"transactionIndex": 30,
			"transactionLogIndex": "0x0",
			"type": "mined",
			"id": "log_ccc7aa3b"
		}
	],
	"logsBloom": "0x00000000000000000000000000020000000000000000000000000000000000000000000000000000000000000000000000000000000000000000000000000000000000000000010000000008000000000000000000000000000000000020000000000000002000000040000000000000000000000000000000000010000000000000000000000000000000000000000000000000000000000000000000000000000000000000000080000000000000000000000000000000000000010000000000001002000000000000000000000000000000000000400000000000000000000000000000000000000000000000000000000000000000000000000000000000",
	"root": null,
	"status": "0x1",
	"transactionHash": "0x5c2d35c918df5a90957192066900ffdf687315872c424a43c743e905fc592663",
	"transactionIndex": 30
}
[2018-04-16T19:51:25.278] [DEBUG] trans - TO:   0x316504d72863c78811ddf949a4523f75bdd38c53
[2018-04-16T19:51:25.278] [DEBUG] trans - AMOUNT:   104026600000000000000
[2018-04-16T19:51:25.278] [DEBUG] trans - Receipt info:  {
	"blockHash": "0x0ceacb2b52b29349097d1811def7a782845e3070136011b9b9cd3cf7c27433a0",
	"blockNumber": 5452434,
	"contractAddress": null,
	"cumulativeGasUsed": 3008110,
	"gasUsed": 51653,
	"logs": [
		{
			"address": "0x7e9e431a0B8c4D532C745B1043c7FA29a48D4fBa",
			"blockHash": "0x0ceacb2b52b29349097d1811def7a782845e3070136011b9b9cd3cf7c27433a0",
			"blockNumber": 5452434,
			"data": "0x000000000000000000000000000000000000000000000005a3a8b98b1fa68000",
			"logIndex": 57,
			"topics": [
				"0xddf252ad1be2c89b69c2b068fc378daa952ba7f163c4a11628f55a4df523b3ef",
				"0x000000000000000000000000468b858c964f297fd8fce058032bf4b4911a8ad8",
				"0x000000000000000000000000316504d72863c78811ddf949a4523f75bdd38c53"
			],
			"transactionHash": "0x328bdd516d54c38090f5b144e386545d1de1d9bf6cc9a239f6ca835fe03a02a9",
			"transactionIndex": 55,
			"transactionLogIndex": "0x0",
			"type": "mined",
			"id": "log_33e6b526"
		}
	],
	"logsBloom": "0x00000000000000000000000000020001000000000000000000200000000000000000000000000000000000000000000000000000000000000000000000000000000000000000010000000008000000000010000000000000000000000020000000000000000000000000000000000000000000000000000000000010000000000000000000000000000000000000000000000000000000000000000000000000000000000000000080000000000000000000000000000000000000010000000000001002000000000000000000000000000000000000000000000000000000000000000000000000000000000000000000000000000000000000000000000000",
	"root": null,
	"status": "0x1",
	"transactionHash": "0x328bdd516d54c38090f5b144e386545d1de1d9bf6cc9a239f6ca835fe03a02a9",
	"transactionIndex": 55
}
[2018-04-16T19:51:25.279] [DEBUG] trans - TO:   0x735e1b71368a94e296579df993a0515801ba4473
[2018-04-16T19:51:25.279] [DEBUG] trans - AMOUNT:   104022600000000000000
[2018-04-16T19:51:25.279] [DEBUG] trans - Receipt info:  {
	"blockHash": "0x0ceacb2b52b29349097d1811def7a782845e3070136011b9b9cd3cf7c27433a0",
	"blockNumber": 5452434,
	"contractAddress": null,
	"cumulativeGasUsed": 3163005,
	"gasUsed": 51653,
	"logs": [
		{
			"address": "0x7e9e431a0B8c4D532C745B1043c7FA29a48D4fBa",
			"blockHash": "0x0ceacb2b52b29349097d1811def7a782845e3070136011b9b9cd3cf7c27433a0",
			"blockNumber": 5452434,
			"data": "0x000000000000000000000000000000000000000000000005a39a83908c8c8000",
			"logIndex": 60,
			"topics": [
				"0xddf252ad1be2c89b69c2b068fc378daa952ba7f163c4a11628f55a4df523b3ef",
				"0x000000000000000000000000468b858c964f297fd8fce058032bf4b4911a8ad8",
				"0x000000000000000000000000735e1b71368a94e296579df993a0515801ba4473"
			],
			"transactionHash": "0xd04d2535f606e89fa7bf3108aa8036859fcc35828f9ee390978e9f29522e0d8b",
			"transactionIndex": 58,
			"transactionLogIndex": "0x0",
			"type": "mined",
			"id": "log_1a9bb0d0"
		}
	],
	"logsBloom": "0x00000000000000000000000000020000000000000000000000000000000000000000000000000000000000000000000000000040000000000000000000000000000000000000010000000008000000000000000000000000000000000020000000000000000000000000000000000000000000000000000000000010001000000000000000000000000000000000000000000000000000000000000000200000000000000000000080000000000000000000000000000000000000010000000000001002000000000000000000000000000000000000000000000000000000000000000000000000000000000000000000000000000000000000000000000000",
	"root": null,
	"status": "0x1",
	"transactionHash": "0xd04d2535f606e89fa7bf3108aa8036859fcc35828f9ee390978e9f29522e0d8b",
	"transactionIndex": 58
}
