[2018-04-21T15:41:16.189] [DEBUG] trans - TO:   0xabf64e64b476d4d71d93a9ed2d7d82831eaa0a7b
[2018-04-21T15:41:16.191] [DEBUG] trans - AMOUNT:   300984000000000000000
[2018-04-21T15:41:16.191] [DEBUG] trans - Receipt info:  {
	"blockHash": "0x23432381bf9e616aea803005ed4d06d815b9027c1ad792af703c9254240ca9b0",
	"blockNumber": 5480518,
	"contractAddress": null,
	"cumulativeGasUsed": 444393,
	"gasUsed": 51589,
	"logs": [
		{
			"address": "0x7e9e431a0B8c4D532C745B1043c7FA29a48D4fBa",
			"blockHash": "0x23432381bf9e616aea803005ed4d06d815b9027c1ad792af703c9254240ca9b0",
			"blockNumber": 5480518,
			"data": "0x00000000000000000000000000000000000000000000001050fdf951842c0000",
			"logIndex": 6,
			"topics": [
				"0xddf252ad1be2c89b69c2b068fc378daa952ba7f163c4a11628f55a4df523b3ef",
				"0x000000000000000000000000468b858c964f297fd8fce058032bf4b4911a8ad8",
				"0x000000000000000000000000abf64e64b476d4d71d93a9ed2d7d82831eaa0a7b"
			],
			"transactionHash": "0x79f58351d7b9424d12b86d2abaeefebee877662ff679b0823d0772f461cb6e00",
			"transactionIndex": 14,
			"transactionLogIndex": "0x0",
			"type": "mined",
			"id": "log_54b8b5f5"
		}
	],
	"logsBloom": "0x00000000000000000000000000020000000000000000000000000000000000000000400000000000000000000000000000000000000000000000000000000000000000000000010000000008000000000000000000000000000000000020000000000000000000000000000000000000000000000000000000000010000000000000000000000000000000000000000000000000000000000000000000000000000000000000000080000000000000000000000000000000000000010000000000001002000000000000000000004000000000000000000000000000000000000000000000000000000000000000000000000000000000000000200000000000",
	"root": null,
	"status": "0x1",
	"transactionHash": "0x79f58351d7b9424d12b86d2abaeefebee877662ff679b0823d0772f461cb6e00",
	"transactionIndex": 14
}
[2018-04-21T15:41:16.196] [DEBUG] trans - TO:   0x3ad27b3a7ebfe83ef57eb9f3aba8da78a9ec5c6b
[2018-04-21T15:41:16.196] [DEBUG] trans - AMOUNT:   300981700000000000000
[2018-04-21T15:41:16.196] [DEBUG] trans - Receipt info:  {
	"blockHash": "0x23432381bf9e616aea803005ed4d06d815b9027c1ad792af703c9254240ca9b0",
	"blockNumber": 5480518,
	"contractAddress": null,
	"cumulativeGasUsed": 2216118,
	"gasUsed": 51653,
	"logs": [
		{
			"address": "0x7e9e431a0B8c4D532C745B1043c7FA29a48D4fBa",
			"blockHash": "0x23432381bf9e616aea803005ed4d06d815b9027c1ad792af703c9254240ca9b0",
			"blockNumber": 5480518,
			"data": "0x00000000000000000000000000000000000000000000001050f5cd7b09304000",
			"logIndex": 39,
			"topics": [
				"0xddf252ad1be2c89b69c2b068fc378daa952ba7f163c4a11628f55a4df523b3ef",
				"0x000000000000000000000000468b858c964f297fd8fce058032bf4b4911a8ad8",
				"0x0000000000000000000000003ad27b3a7ebfe83ef57eb9f3aba8da78a9ec5c6b"
			],
			"transactionHash": "0xf9cf98f118029f377a77db839f52fdd5e49cd2f147518b77051d1d077b7d413a",
			"transactionIndex": 60,
			"transactionLogIndex": "0x0",
			"type": "mined",
			"id": "log_3e2d4d4a"
		}
	],
	"logsBloom": "0x00000000000000000000000000020000000000000000000000000000000000000000000000000000000000000000000000000000000000000000000000000000000000000000010000000008000000000000000000000000000000000020000000000000100000000000000000000200000000000000000000000010000000000000000000000000000000000000000000000001000000000000000000000000000000000000000080000000000000000000000000000000000000010000000000001002000000000000000000000000000000000000000000000000000000000000000000000000000000000000000000000000000000000000000000000000",
	"root": null,
	"status": "0x1",
	"transactionHash": "0xf9cf98f118029f377a77db839f52fdd5e49cd2f147518b77051d1d077b7d413a",
	"transactionIndex": 60
}
[2018-04-21T15:42:13.280] [DEBUG] trans - TO:   0xfb5aa059587babae728a4e972f31fd19220638cf
[2018-04-21T15:42:13.280] [DEBUG] trans - AMOUNT:   300964000000000000000
[2018-04-21T15:42:13.280] [DEBUG] trans - Receipt info:  {
	"blockHash": "0x4f461a1041bd36415ac0006a998c624c3b3588f31c5769920367d5b49607cb45",
	"blockNumber": 5480520,
	"contractAddress": null,
	"cumulativeGasUsed": 3206802,
	"gasUsed": 51589,
	"logs": [
		{
			"address": "0x7e9e431a0B8c4D532C745B1043c7FA29a48D4fBa",
			"blockHash": "0x4f461a1041bd36415ac0006a998c624c3b3588f31c5769920367d5b49607cb45",
			"blockNumber": 5480520,
			"data": "0x00000000000000000000000000000000000000000000001050b6eb6ca4aa0000",
			"logIndex": 45,
			"topics": [
				"0xddf252ad1be2c89b69c2b068fc378daa952ba7f163c4a11628f55a4df523b3ef",
				"0x000000000000000000000000468b858c964f297fd8fce058032bf4b4911a8ad8",
				"0x000000000000000000000000fb5aa059587babae728a4e972f31fd19220638cf"
			],
			"transactionHash": "0x240c3107958b562914e3982ea93e2556b7fe1af98f030de857e68bf5281b4e6c",
			"transactionIndex": 101,
			"transactionLogIndex": "0x0",
			"type": "mined",
			"id": "log_2d3ad95e"
		}
	],
	"logsBloom": "0x00000000000000000000002000020000000000000000000000000000000000000000000000000000000000000000000000000000000000000000000000000000000000000000010000000008000000000000000000000000000000000020000000000000000000000000000000000000000000000000000000000010000000000000000000000000000000000000000000000000008000000000000000000000000000000000000080000000000000000000000000000000000000010000000000001002000000000000000000000000000000000000000000000000000000000000000000000000000000040000000000000000000000000000000000000000",
	"root": null,
	"status": "0x1",
	"transactionHash": "0x240c3107958b562914e3982ea93e2556b7fe1af98f030de857e68bf5281b4e6c",
	"transactionIndex": 101
}
[2018-04-21T15:42:13.280] [DEBUG] trans - TO:   0x2d319617b1ceb536916128f4b72107477ee3f5b6
[2018-04-21T15:42:13.280] [DEBUG] trans - AMOUNT:   300980000000000000000
[2018-04-21T15:42:13.280] [DEBUG] trans - Receipt info:  {
	"blockHash": "0x4f461a1041bd36415ac0006a998c624c3b3588f31c5769920367d5b49607cb45",
	"blockNumber": 5480520,
	"contractAddress": null,
	"cumulativeGasUsed": 3051907,
	"gasUsed": 51589,
	"logs": [
		{
			"address": "0x7e9e431a0B8c4D532C745B1043c7FA29a48D4fBa",
			"blockHash": "0x4f461a1041bd36415ac0006a998c624c3b3588f31c5769920367d5b49607cb45",
			"blockNumber": 5480520,
			"data": "0x00000000000000000000000000000000000000000000001050efc356f1120000",
			"logIndex": 42,
			"topics": [
				"0xddf252ad1be2c89b69c2b068fc378daa952ba7f163c4a11628f55a4df523b3ef",
				"0x000000000000000000000000468b858c964f297fd8fce058032bf4b4911a8ad8",
				"0x0000000000000000000000002d319617b1ceb536916128f4b72107477ee3f5b6"
			],
			"transactionHash": "0x3a2235fbe56db00a116e65e564aa5df0759688de1b447c6a1535822e3f803dbb",
			"transactionIndex": 98,
			"transactionLogIndex": "0x0",
			"type": "mined",
			"id": "log_3ef19a09"
		}
	],
	"logsBloom": "0x00000000000000000000000000020000000000000000000000000000000000000100100000000000000000000000000000000000000000000000000000000000000000000000010000000008000000000000000000000000000000000020000000000000000000000000000000000000000000000000000000000010000000000000000000000000000000000000000000000000000000000000000000000000000000000000000080000000000000000000000000000000000000010000000000001002000000000000000000000000000000000000000000000000000000000000000000000000000000000000000000000000000040000000000000000000",
	"root": null,
	"status": "0x1",
	"transactionHash": "0x3a2235fbe56db00a116e65e564aa5df0759688de1b447c6a1535822e3f803dbb",
	"transactionIndex": 98
}
[2018-04-21T15:42:13.281] [DEBUG] trans - TO:   0x25eec47df80b0560fb616efa23a976c61f307ccf
[2018-04-21T15:42:13.281] [DEBUG] trans - AMOUNT:   300969000000000000000
[2018-04-21T15:42:13.281] [DEBUG] trans - Receipt info:  {
	"blockHash": "0x4f461a1041bd36415ac0006a998c624c3b3588f31c5769920367d5b49607cb45",
	"blockNumber": 5480520,
	"contractAddress": null,
	"cumulativeGasUsed": 3103560,
	"gasUsed": 51653,
	"logs": [
		{
			"address": "0x7e9e431a0B8c4D532C745B1043c7FA29a48D4fBa",
			"blockHash": "0x4f461a1041bd36415ac0006a998c624c3b3588f31c5769920367d5b49607cb45",
			"blockNumber": 5480520,
			"data": "0x00000000000000000000000000000000000000000000001050c8aee5dc8a8000",
			"logIndex": 43,
			"topics": [
				"0xddf252ad1be2c89b69c2b068fc378daa952ba7f163c4a11628f55a4df523b3ef",
				"0x000000000000000000000000468b858c964f297fd8fce058032bf4b4911a8ad8",
				"0x00000000000000000000000025eec47df80b0560fb616efa23a976c61f307ccf"
			],
			"transactionHash": "0xe50edc4294fbd9be06d28709a7809bbcacbbff015a2a70fd09519d71c656abec",
			"transactionIndex": 99,
			"transactionLogIndex": "0x0",
			"type": "mined",
			"id": "log_5b8899a9"
		}
	],
	"logsBloom": "0x00000000000000000000000000020000000000000000000000000000000000000000000000000000000000000000000000000000000000000000000000000000000000000000010000000008000000000000000000000000000000000020000000000000000000000000000000000000000000000000000000000010000000008000040000000000000000000000000000000000000000000000000000000000000000000000000080000000000000000000000000000000000000010000000000001002000000000000000000000000000000000000000000000000000000000000001000000000000000000000000000000000000000000000000000000000",
	"root": null,
	"status": "0x1",
	"transactionHash": "0xe50edc4294fbd9be06d28709a7809bbcacbbff015a2a70fd09519d71c656abec",
	"transactionIndex": 99
}
[2018-04-21T15:42:13.281] [DEBUG] trans - TO:   0xd2929c6dd51fb26a1e557b087bf4d5df0ebc9a86
[2018-04-21T15:42:13.281] [DEBUG] trans - AMOUNT:   300954800000000000000
[2018-04-21T15:42:13.281] [DEBUG] trans - Receipt info:  {
	"blockHash": "0x4f461a1041bd36415ac0006a998c624c3b3588f31c5769920367d5b49607cb45",
	"blockNumber": 5480520,
	"contractAddress": null,
	"cumulativeGasUsed": 3310044,
	"gasUsed": 51589,
	"logs": [
		{
			"address": "0x7e9e431a0B8c4D532C745B1043c7FA29a48D4fBa",
			"blockHash": "0x4f461a1041bd36415ac0006a998c624c3b3588f31c5769920367d5b49607cb45",
			"blockNumber": 5480520,
			"data": "0x00000000000000000000000000000000000000000000001050963c12b8bb0000",
			"logIndex": 47,
			"topics": [
				"0xddf252ad1be2c89b69c2b068fc378daa952ba7f163c4a11628f55a4df523b3ef",
				"0x000000000000000000000000468b858c964f297fd8fce058032bf4b4911a8ad8",
				"0x000000000000000000000000d2929c6dd51fb26a1e557b087bf4d5df0ebc9a86"
			],
			"transactionHash": "0x4e62dcb09a1a1d3500d784bbdd811e0520640a2fdbc261b03594dc27640dfde6",
			"transactionIndex": 103,
			"transactionLogIndex": "0x0",
			"type": "mined",
			"id": "log_1e9b8a8c"
		}
	],
	"logsBloom": "0x00000000000000000000000000020000000000000000000000000000000800000000000000000000000000000000000000000000000000000000000000000000000000000000010000000108000000000000000000000000000000000020000000000000000000000000000000000000000000000000000000000010000000000000000000000000000000000000000000000000000000000000000000000000000000000000000080000100000000000000000000000000000000010000000000001002000000000000000000000000000000000000000000000000000000000000000000000000000000000000000000000000000000000000000000000000",
	"root": null,
	"status": "0x1",
	"transactionHash": "0x4e62dcb09a1a1d3500d784bbdd811e0520640a2fdbc261b03594dc27640dfde6",
	"transactionIndex": 103
}
[2018-04-21T15:42:13.281] [DEBUG] trans - TO:   0xce89d4c9386b4110f488d8a8651cd9bbde61afea
[2018-04-21T15:42:13.282] [DEBUG] trans - AMOUNT:   300960200000000000000
[2018-04-21T15:42:13.282] [DEBUG] trans - Receipt info:  {
	"blockHash": "0x4f461a1041bd36415ac0006a998c624c3b3588f31c5769920367d5b49607cb45",
	"blockNumber": 5480520,
	"contractAddress": null,
	"cumulativeGasUsed": 3258455,
	"gasUsed": 51653,
	"logs": [
		{
			"address": "0x7e9e431a0B8c4D532C745B1043c7FA29a48D4fBa",
			"blockHash": "0x4f461a1041bd36415ac0006a998c624c3b3588f31c5769920367d5b49607cb45",
			"blockNumber": 5480520,
			"data": "0x00000000000000000000000000000000000000000000001050a96b5832848000",
			"logIndex": 46,
			"topics": [
				"0xddf252ad1be2c89b69c2b068fc378daa952ba7f163c4a11628f55a4df523b3ef",
				"0x000000000000000000000000468b858c964f297fd8fce058032bf4b4911a8ad8",
				"0x000000000000000000000000ce89d4c9386b4110f488d8a8651cd9bbde61afea"
			],
			"transactionHash": "0x6ca48d0a00e50826aeeb96586f374efe2b1616a3fe9186529108554dc1137127",
			"transactionIndex": 102,
			"transactionLogIndex": "0x0",
			"type": "mined",
			"id": "log_d02b4f79"
		}
	],
	"logsBloom": "0x00000000000000000000000000020000000000000000000000000000000000000000000000000000000000000000000000000000000000000000000000000000000000000000010000000008000000000000000000000000000000000020000000000000000000000000000000000000000000000000000000000010000000000010000000000000000004000000000000000000000000000000000000000000000000000000000080000000000000000000000000000000000000010000000000001002000000000008000000000000000000000000000000000000000000000000000000000000000000000000000000000000000000000000000000000000",
	"root": null,
	"status": "0x1",
	"transactionHash": "0x6ca48d0a00e50826aeeb96586f374efe2b1616a3fe9186529108554dc1137127",
	"transactionIndex": 102
}
[2018-04-21T15:42:13.283] [DEBUG] trans - TO:   0x5644e80b0270494e89bde33d34b192a5a1708e73
[2018-04-21T15:42:13.283] [DEBUG] trans - AMOUNT:   300968900000000000000
[2018-04-21T15:42:13.283] [DEBUG] trans - Receipt info:  {
	"blockHash": "0x4f461a1041bd36415ac0006a998c624c3b3588f31c5769920367d5b49607cb45",
	"blockNumber": 5480520,
	"contractAddress": null,
	"cumulativeGasUsed": 3155213,
	"gasUsed": 51653,
	"logs": [
		{
			"address": "0x7e9e431a0B8c4D532C745B1043c7FA29a48D4fBa",
			"blockHash": "0x4f461a1041bd36415ac0006a998c624c3b3588f31c5769920367d5b49607cb45",
			"blockNumber": 5480520,
			"data": "0x00000000000000000000000000000000000000000000001050c853f2cc104000",
			"logIndex": 44,
			"topics": [
				"0xddf252ad1be2c89b69c2b068fc378daa952ba7f163c4a11628f55a4df523b3ef",
				"0x000000000000000000000000468b858c964f297fd8fce058032bf4b4911a8ad8",
				"0x0000000000000000000000005644e80b0270494e89bde33d34b192a5a1708e73"
			],
			"transactionHash": "0x7a6b3fdd452cae28431880dfbef8a635154d017aea70028168f20f6c82e0b628",
			"transactionIndex": 100,
			"transactionLogIndex": "0x0",
			"type": "mined",
			"id": "log_4baf5489"
		}
	],
	"logsBloom": "0x00000000000000000000000000020000000000000000000000000000000000000100000000000000000000000000000000000000000000000000000000000000000000800000010000000008000000000000000000000000000000002020000000000000000000000000000000000000000000000000000000000010000000000000000000000000000000000000000000000000000000000000000000000000000000000000000080000000000000000000000000000000000000010000000000001002000000000000000000000000000000000000000000000000000000000000000000000000000000000000000000000000000000000000000000000000",
	"root": null,
	"status": "0x1",
	"transactionHash": "0x7a6b3fdd452cae28431880dfbef8a635154d017aea70028168f20f6c82e0b628",
	"transactionIndex": 100
}
[2018-04-21T15:42:13.283] [DEBUG] trans - TO:   0x282d7d8a89ad40c821bbba676735b68fbc3a394d
[2018-04-21T15:42:13.283] [DEBUG] trans - AMOUNT:   300940700000000000000
[2018-04-21T15:42:13.283] [DEBUG] trans - Receipt info:  {
	"blockHash": "0x4f461a1041bd36415ac0006a998c624c3b3588f31c5769920367d5b49607cb45",
	"blockNumber": 5480520,
	"contractAddress": null,
	"cumulativeGasUsed": 3464939,
	"gasUsed": 51653,
	"logs": [
		{
			"address": "0x7e9e431a0B8c4D532C745B1043c7FA29a48D4fBa",
			"blockHash": "0x4f461a1041bd36415ac0006a998c624c3b3588f31c5769920367d5b49607cb45",
			"blockNumber": 5480520,
			"data": "0x00000000000000000000000000000000000000000000001050642432a565c000",
			"logIndex": 50,
			"topics": [
				"0xddf252ad1be2c89b69c2b068fc378daa952ba7f163c4a11628f55a4df523b3ef",
				"0x000000000000000000000000468b858c964f297fd8fce058032bf4b4911a8ad8",
				"0x000000000000000000000000282d7d8a89ad40c821bbba676735b68fbc3a394d"
			],
			"transactionHash": "0x471e22b49173054d3dfcbe000d00a1b78a4bc7067e5a8dca72b2ab2f36894f53",
			"transactionIndex": 106,
			"transactionLogIndex": "0x0",
			"type": "mined",
			"id": "log_3b1847e2"
		}
	],
	"logsBloom": "0x00000000000000000000000000020000000000000000200000000000000000000000000000000000000000000000000000000000000000000000000000000000000000000000010000000008000000000000000000000000000000000020000000000000000000000000000000000000000000000000000000000010000000000000000000000000100000000000000000000000000000000000000000000000000000000000000080000000000000000000000000000000000000010000000000001002000000000000000000000000000000000000000000000000000000000000000000000000000000000000000000000000000000000000001000000000",
	"root": null,
	"status": "0x1",
	"transactionHash": "0x471e22b49173054d3dfcbe000d00a1b78a4bc7067e5a8dca72b2ab2f36894f53",
	"transactionIndex": 106
}
[2018-04-21T15:42:13.283] [DEBUG] trans - TO:   0xacbdf3217ca15783e792e61f120c143dc4b152ab
[2018-04-21T15:42:13.283] [DEBUG] trans - AMOUNT:   300942400000000000000
[2018-04-21T15:42:13.283] [DEBUG] trans - Receipt info:  {
	"blockHash": "0x4f461a1041bd36415ac0006a998c624c3b3588f31c5769920367d5b49607cb45",
	"blockNumber": 5480520,
	"contractAddress": null,
	"cumulativeGasUsed": 3413286,
	"gasUsed": 51589,
	"logs": [
		{
			"address": "0x7e9e431a0B8c4D532C745B1043c7FA29a48D4fBa",
			"blockHash": "0x4f461a1041bd36415ac0006a998c624c3b3588f31c5769920367d5b49607cb45",
			"blockNumber": 5480520,
			"data": "0x000000000000000000000000000000000000000000000010506a2e56bd840000",
			"logIndex": 49,
			"topics": [
				"0xddf252ad1be2c89b69c2b068fc378daa952ba7f163c4a11628f55a4df523b3ef",
				"0x000000000000000000000000468b858c964f297fd8fce058032bf4b4911a8ad8",
				"0x000000000000000000000000acbdf3217ca15783e792e61f120c143dc4b152ab"
			],
			"transactionHash": "0x41a96cf10c29f01e45f57331428a325a3fa672f424ad9661fa194908f902e2ba",
			"transactionIndex": 105,
			"transactionLogIndex": "0x0",
			"type": "mined",
			"id": "log_d14a6cf0"
		}
	],
	"logsBloom": "0x00000000000000000000000000020000000000000000000000000000000000000000000000000000000000000000000000000000000000000000000000000000000000000000010000000008000000000000000000000000000000000020000000000000000000000000000000080000000000000000000000000010000000000000000000000000000000000000000000000000000000000000000000000000000000000000000080000000000000000000000000000000000000010000000000001002000000000000000000000000000000000000000800000000000000000000000000000000000000000000000000000000000000000000000000800000",
	"root": null,
	"status": "0x1",
	"transactionHash": "0x41a96cf10c29f01e45f57331428a325a3fa672f424ad9661fa194908f902e2ba",
	"transactionIndex": 105
}
[2018-04-21T15:42:13.284] [DEBUG] trans - TO:   0x7802d0ee7b094ce286aa97a2525f5e1f0a01df6a
[2018-04-21T15:42:13.284] [DEBUG] trans - AMOUNT:   300952200000000000000
[2018-04-21T15:42:13.284] [DEBUG] trans - Receipt info:  {
	"blockHash": "0x4f461a1041bd36415ac0006a998c624c3b3588f31c5769920367d5b49607cb45",
	"blockNumber": 5480520,
	"contractAddress": null,
	"cumulativeGasUsed": 3361697,
	"gasUsed": 51653,
	"logs": [
		{
			"address": "0x7e9e431a0B8c4D532C745B1043c7FA29a48D4fBa",
			"blockHash": "0x4f461a1041bd36415ac0006a998c624c3b3588f31c5769920367d5b49607cb45",
			"blockNumber": 5480520,
			"data": "0x000000000000000000000000000000000000000000000010508cff630c508000",
			"logIndex": 48,
			"topics": [
				"0xddf252ad1be2c89b69c2b068fc378daa952ba7f163c4a11628f55a4df523b3ef",
				"0x000000000000000000000000468b858c964f297fd8fce058032bf4b4911a8ad8",
				"0x0000000000000000000000007802d0ee7b094ce286aa97a2525f5e1f0a01df6a"
			],
			"transactionHash": "0xffa5a1887ee96e5eeb5f0ffb05d66e8843a267a35541649e1e210bfd2972f9d0",
			"transactionIndex": 104,
			"transactionLogIndex": "0x0",
			"type": "mined",
			"id": "log_181021f1"
		}
	],
	"logsBloom": "0x00000000000000000000000000020000000000000000000000000000000000000000000000000000000000000000000000000000000000000000000000000000000000000000010000000008000000000000000000000000000000000020000000000000000000000080000000000000000000000000000000000010000000000000000000001000000000000000000000000000000000000000000000000000000000000000000080000000000000000000000000000000000000010000000000001002000000000000000000000000000000008000000000000000000000000000000000000000000000000000000000000000000000000000000000000000",
	"root": null,
	"status": "0x1",
	"transactionHash": "0xffa5a1887ee96e5eeb5f0ffb05d66e8843a267a35541649e1e210bfd2972f9d0",
	"transactionIndex": 104
}
[2018-04-21T15:42:13.285] [DEBUG] trans - TO:   0xf74c8692c6c3f1081212e61fa30baef6d75023de
[2018-04-21T15:42:13.285] [DEBUG] trans - AMOUNT:   300932300000000000000
[2018-04-21T15:42:13.285] [DEBUG] trans - Receipt info:  {
	"blockHash": "0x4f461a1041bd36415ac0006a998c624c3b3588f31c5769920367d5b49607cb45",
	"blockNumber": 5480520,
	"contractAddress": null,
	"cumulativeGasUsed": 3619898,
	"gasUsed": 51653,
	"logs": [
		{
			"address": "0x7e9e431a0B8c4D532C745B1043c7FA29a48D4fBa",
			"blockHash": "0x4f461a1041bd36415ac0006a998c624c3b3588f31c5769920367d5b49607cb45",
			"blockNumber": 5480520,
			"data": "0x00000000000000000000000000000000000000000000001050464c713d48c000",
			"logIndex": 53,
			"topics": [
				"0xddf252ad1be2c89b69c2b068fc378daa952ba7f163c4a11628f55a4df523b3ef",
				"0x000000000000000000000000468b858c964f297fd8fce058032bf4b4911a8ad8",
				"0x000000000000000000000000f74c8692c6c3f1081212e61fa30baef6d75023de"
			],
			"transactionHash": "0x670013c3ff378105d622a8498c259838ae36ea9671aad4d6b3a90c2f4250eb63",
			"transactionIndex": 109,
			"transactionLogIndex": "0x0",
			"type": "mined",
			"id": "log_909cd79e"
		}
	],
	"logsBloom": "0x00000000000000000000000000020000000000000008000000000000000000000000000000000000000000000000000000000000000100000000000000000000000000000000010000000008000000000000000000000000000000000020000000000000000000000000000000000000000000000000000000000010000000000000000000000000000000000000000000000000000000000000000000000000000000000000000080000000000000000000000000000000000000010000000000001002000000000000000000000000000400000000000000000000000000000000000000000000000000000000000000000000000000000000000000000000",
	"root": null,
	"status": "0x1",
	"transactionHash": "0x670013c3ff378105d622a8498c259838ae36ea9671aad4d6b3a90c2f4250eb63",
	"transactionIndex": 109
}
[2018-04-21T15:42:13.285] [DEBUG] trans - TO:   0xc1e8886c0f95a94a5a2e9d293d5f35f7d6e9ee68
[2018-04-21T15:42:13.285] [DEBUG] trans - AMOUNT:   300939400000000000000
[2018-04-21T15:42:13.285] [DEBUG] trans - Receipt info:  {
	"blockHash": "0x4f461a1041bd36415ac0006a998c624c3b3588f31c5769920367d5b49607cb45",
	"blockNumber": 5480520,
	"contractAddress": null,
	"cumulativeGasUsed": 3516592,
	"gasUsed": 51653,
	"logs": [
		{
			"address": "0x7e9e431a0B8c4D532C745B1043c7FA29a48D4fBa",
			"blockHash": "0x4f461a1041bd36415ac0006a998c624c3b3588f31c5769920367d5b49607cb45",
			"blockNumber": 5480520,
			"data": "0x000000000000000000000000000000000000000000000010505f85dacf308000",
			"logIndex": 51,
			"topics": [
				"0xddf252ad1be2c89b69c2b068fc378daa952ba7f163c4a11628f55a4df523b3ef",
				"0x000000000000000000000000468b858c964f297fd8fce058032bf4b4911a8ad8",
				"0x000000000000000000000000c1e8886c0f95a94a5a2e9d293d5f35f7d6e9ee68"
			],
			"transactionHash": "0xe76d500913b682268e0e4b70ba64063965724bc493c61f529973d932baf6b24c",
			"transactionIndex": 107,
			"transactionLogIndex": "0x0",
			"type": "mined",
			"id": "log_2b2820f1"
		}
	],
	"logsBloom": "0x00000000000000000000000000020000000000000000000000000000000000000000000000000000000000000000000000000000000000000000000000000000000000000000012000000008000000000000000000000000000000000020000000000000000000000000000000000000000000000000000000000010000000000000000000000000000000000000000000000000000000000000000000000000000000000000000080000000000000000000000000000000000000010000000000001002000000000000000000000000000800000000000000000000000000000000000000000000000000000000000100000000000000000000000000000000",
	"root": null,
	"status": "0x1",
	"transactionHash": "0xe76d500913b682268e0e4b70ba64063965724bc493c61f529973d932baf6b24c",
	"transactionIndex": 107
}
[2018-04-21T15:42:13.286] [DEBUG] trans - TO:   0xe9c7bde2651cd2a5389e29aa4ba5b7edef6c7c0c
[2018-04-21T15:42:13.286] [DEBUG] trans - AMOUNT:   300932200000000000000
[2018-04-21T15:42:13.286] [DEBUG] trans - Receipt info:  {
	"blockHash": "0x4f461a1041bd36415ac0006a998c624c3b3588f31c5769920367d5b49607cb45",
	"blockNumber": 5480520,
	"contractAddress": null,
	"cumulativeGasUsed": 3671551,
	"gasUsed": 51653,
	"logs": [
		{
			"address": "0x7e9e431a0B8c4D532C745B1043c7FA29a48D4fBa",
			"blockHash": "0x4f461a1041bd36415ac0006a998c624c3b3588f31c5769920367d5b49607cb45",
			"blockNumber": 5480520,
			"data": "0x0000000000000000000000000000000000000000000000105045f17e2cce8000",
			"logIndex": 54,
			"topics": [
				"0xddf252ad1be2c89b69c2b068fc378daa952ba7f163c4a11628f55a4df523b3ef",
				"0x000000000000000000000000468b858c964f297fd8fce058032bf4b4911a8ad8",
				"0x000000000000000000000000e9c7bde2651cd2a5389e29aa4ba5b7edef6c7c0c"
			],
			"transactionHash": "0xb02d204828e7a0a368aabd06083b9512fac9f10d00604c543b9ef09397adcce4",
			"transactionIndex": 110,
			"transactionLogIndex": "0x0",
			"type": "mined",
			"id": "log_dc5bfcc0"
		}
	],
	"logsBloom": "0x00000000000000000000000000020000000000000000000000000000000000000000000000000000000000000000000000000000000000000000100000000000000000000000010000000008000000000000000000000000000000000020000000000000000000000000000000000010000000000000000000000010000000000000000000000000000000000000000000000000000000000000000000000000000000000000000080000000000000000000000000000000000000010000000000001002000001000000000000000000000000000000000000000000000000000000000000000000000000000000000000000000000000000000000000000000",
	"root": null,
	"status": "0x1",
	"transactionHash": "0xb02d204828e7a0a368aabd06083b9512fac9f10d00604c543b9ef09397adcce4",
	"transactionIndex": 110
}
[2018-04-21T15:42:13.286] [DEBUG] trans - TO:   0x0393c5ff0c709f59ad3fb78776b7ca62deaa5f44
[2018-04-21T15:42:13.286] [DEBUG] trans - AMOUNT:   300930000000000000000
[2018-04-21T15:42:13.286] [DEBUG] trans - Receipt info:  {
	"blockHash": "0x4f461a1041bd36415ac0006a998c624c3b3588f31c5769920367d5b49607cb45",
	"blockNumber": 5480520,
	"contractAddress": null,
	"cumulativeGasUsed": 3774729,
	"gasUsed": 51589,
	"logs": [
		{
			"address": "0x7e9e431a0B8c4D532C745B1043c7FA29a48D4fBa",
			"blockHash": "0x4f461a1041bd36415ac0006a998c624c3b3588f31c5769920367d5b49607cb45",
			"blockNumber": 5480520,
			"data": "0x000000000000000000000000000000000000000000000010503e209ac24d0000",
			"logIndex": 56,
			"topics": [
				"0xddf252ad1be2c89b69c2b068fc378daa952ba7f163c4a11628f55a4df523b3ef",
				"0x000000000000000000000000468b858c964f297fd8fce058032bf4b4911a8ad8",
				"0x0000000000000000000000000393c5ff0c709f59ad3fb78776b7ca62deaa5f44"
			],
			"transactionHash": "0x4fe4919d3f14670577fb6ed9a010ec209e5895b79257cac53271d57caf5e47a8",
			"transactionIndex": 112,
			"transactionLogIndex": "0x0",
			"type": "mined",
			"id": "log_618ee0a5"
		}
	],
	"logsBloom": "0x00000000000000000000000000020000000000000000000000000000000000000000400000000000000000000000000000000000000000000000000000000000000000000000010000000208000000000000000000000000000000008020000000000000000000000000000000000000000000000000000000000010000000000000000000000000000000000000000000000000000000000000000000000000000000000000000080000000000000000000000000000000000000010000000000001002000000000000000000000000000000000000000000000000000000000000000000000000000000000000000000000000000000000000000000000000",
	"root": null,
	"status": "0x1",
	"transactionHash": "0x4fe4919d3f14670577fb6ed9a010ec209e5895b79257cac53271d57caf5e47a8",
	"transactionIndex": 112
}
[2018-04-21T15:42:13.288] [DEBUG] trans - TO:   0x905c041a6fface5c013a41e06f518f9487eccb3f
[2018-04-21T15:42:13.288] [DEBUG] trans - AMOUNT:   300929600000000000000
[2018-04-21T15:42:13.288] [DEBUG] trans - Receipt info:  {
	"blockHash": "0x4f461a1041bd36415ac0006a998c624c3b3588f31c5769920367d5b49607cb45",
	"blockNumber": 5480520,
	"contractAddress": null,
	"cumulativeGasUsed": 3826318,
	"gasUsed": 51589,
	"logs": [
		{
			"address": "0x7e9e431a0B8c4D532C745B1043c7FA29a48D4fBa",
			"blockHash": "0x4f461a1041bd36415ac0006a998c624c3b3588f31c5769920367d5b49607cb45",
			"blockNumber": 5480520,
			"data": "0x000000000000000000000000000000000000000000000010503cb4ce80640000",
			"logIndex": 57,
			"topics": [
				"0xddf252ad1be2c89b69c2b068fc378daa952ba7f163c4a11628f55a4df523b3ef",
				"0x000000000000000000000000468b858c964f297fd8fce058032bf4b4911a8ad8",
				"0x000000000000000000000000905c041a6fface5c013a41e06f518f9487eccb3f"
			],
			"transactionHash": "0x702428846f6cfb0d71f85dbdf119bc1182651f8dc4e86c1b179974e2783cab1e",
			"transactionIndex": 113,
			"transactionLogIndex": "0x0",
			"type": "mined",
			"id": "log_2da6a1dd"
		}
	],
	"logsBloom": "0x00000000000000000000080000020000000000000000000000000000000000000000000000000000000000000000000000000000000000000000000000000000000000000000010000000008000000000000000000000000000000000020000000000000000000000000000000000000000000000000000000000010000000000000000000000000000000000000000000000000000000000000000000000000000000000000000080000000000000000000000000400000000000010000000000001002000000000000000000000000000000000000080000000000000000000000000000000000000000000000000000000000000000000000000000000000",
	"root": null,
	"status": "0x1",
	"transactionHash": "0x702428846f6cfb0d71f85dbdf119bc1182651f8dc4e86c1b179974e2783cab1e",
	"transactionIndex": 113
}
[2018-04-21T15:42:13.288] [DEBUG] trans - TO:   0xdb6a0d4a6cc9c3978d52982211cdb82e6aeaf624
[2018-04-21T15:42:13.288] [DEBUG] trans - AMOUNT:   300922600000000000000
[2018-04-21T15:42:13.288] [DEBUG] trans - Receipt info:  {
	"blockHash": "0x4f461a1041bd36415ac0006a998c624c3b3588f31c5769920367d5b49607cb45",
	"blockNumber": 5480520,
	"contractAddress": null,
	"cumulativeGasUsed": 4032738,
	"gasUsed": 51653,
	"logs": [
		{
			"address": "0x7e9e431a0B8c4D532C745B1043c7FA29a48D4fBa",
			"blockHash": "0x4f461a1041bd36415ac0006a998c624c3b3588f31c5769920367d5b49607cb45",
			"blockNumber": 5480520,
			"data": "0x0000000000000000000000000000000000000000000000105023d657fef68000",
			"logIndex": 61,
			"topics": [
				"0xddf252ad1be2c89b69c2b068fc378daa952ba7f163c4a11628f55a4df523b3ef",
				"0x000000000000000000000000468b858c964f297fd8fce058032bf4b4911a8ad8",
				"0x000000000000000000000000db6a0d4a6cc9c3978d52982211cdb82e6aeaf624"
			],
			"transactionHash": "0xecdc92194306524033fa96c6e5b9255669c83c8a5c79d27d720c96016b55f720",
			"transactionIndex": 117,
			"transactionLogIndex": "0x0",
			"type": "mined",
			"id": "log_d7526514"
		}
	],
	"logsBloom": "0x00000000000000000000000000020000000000000000000000000000000000000000000000000000000000000000000000000000000000008000000000000000000000000000010000000008000000000000000000000000000000000020000000000000000000000000000000000000000000000000000000000010080000000000000000000000000000000000000000000000000000000000000010000000000000000000000080000000000000000000000000000000000000010000000000001002000000000000000000000000000000000000000000000000000000000000000000000000000000000000000000000000000000000000000000000000",
	"root": null,
	"status": "0x1",
	"transactionHash": "0xecdc92194306524033fa96c6e5b9255669c83c8a5c79d27d720c96016b55f720",
	"transactionIndex": 117
}
[2018-04-21T15:42:13.290] [DEBUG] trans - TO:   0xc85b46d8eededd7511d4c650715480acf5066838
[2018-04-21T15:42:13.290] [DEBUG] trans - AMOUNT:   300934600000000000000
[2018-04-21T15:42:13.290] [DEBUG] trans - Receipt info:  {
	"blockHash": "0x4f461a1041bd36415ac0006a998c624c3b3588f31c5769920367d5b49607cb45",
	"blockNumber": 5480520,
	"contractAddress": null,
	"cumulativeGasUsed": 3568245,
	"gasUsed": 51653,
	"logs": [
		{
			"address": "0x7e9e431a0B8c4D532C745B1043c7FA29a48D4fBa",
			"blockHash": "0x4f461a1041bd36415ac0006a998c624c3b3588f31c5769920367d5b49607cb45",
			"blockNumber": 5480520,
			"data": "0x000000000000000000000000000000000000000000000010504e7847b8448000",
			"logIndex": 52,
			"topics": [
				"0xddf252ad1be2c89b69c2b068fc378daa952ba7f163c4a11628f55a4df523b3ef",
				"0x000000000000000000000000468b858c964f297fd8fce058032bf4b4911a8ad8",
				"0x000000000000000000000000c85b46d8eededd7511d4c650715480acf5066838"
			],
			"transactionHash": "0x4b3cb69a30d28ee708ca96c4db1d587a068196caa2774b6d3364e089d385dd39",
			"transactionIndex": 108,
			"transactionLogIndex": "0x0",
			"type": "mined",
			"id": "log_43272fb5"
		}
	],
	"logsBloom": "0x00000000000000000000000000020000000000000000000000000000000000000000000000000000000000000000000000000000100000000000000000000002000000000000010002000008000000000000000000000000000000000020000000000000000000000000000000000000000000000000000000000010000000000000000000000000000000000000000000000000000000000000000000000000000000000000000080000000000000000000000000000000000000010000000000001002000000000000000000000000000000000000000000000000000000000000000000000000000000000000000000000000000000000000000000000000",
	"root": null,
	"status": "0x1",
	"transactionHash": "0x4b3cb69a30d28ee708ca96c4db1d587a068196caa2774b6d3364e089d385dd39",
	"transactionIndex": 108
}
[2018-04-21T15:42:13.290] [DEBUG] trans - TO:   0x708f27ca1c1ac8888efd15db76f7d616a66f3d16
[2018-04-21T15:42:13.290] [DEBUG] trans - AMOUNT:   300923600000000000000
[2018-04-21T15:42:13.290] [DEBUG] trans - Receipt info:  {
	"blockHash": "0x4f461a1041bd36415ac0006a998c624c3b3588f31c5769920367d5b49607cb45",
	"blockNumber": 5480520,
	"contractAddress": null,
	"cumulativeGasUsed": 3981085,
	"gasUsed": 51589,
	"logs": [
		{
			"address": "0x7e9e431a0B8c4D532C745B1043c7FA29a48D4fBa",
			"blockHash": "0x4f461a1041bd36415ac0006a998c624c3b3588f31c5769920367d5b49607cb45",
			"blockNumber": 5480520,
			"data": "0x000000000000000000000000000000000000000000000010502763d6a3bd0000",
			"logIndex": 60,
			"topics": [
				"0xddf252ad1be2c89b69c2b068fc378daa952ba7f163c4a11628f55a4df523b3ef",
				"0x000000000000000000000000468b858c964f297fd8fce058032bf4b4911a8ad8",
				"0x000000000000000000000000708f27ca1c1ac8888efd15db76f7d616a66f3d16"
			],
			"transactionHash": "0xf05faf9bad173ff49a7000001b76ebc89b87b08bf146436dcf3a1be3cb229afa",
			"transactionIndex": 116,
			"transactionLogIndex": "0x0",
			"type": "mined",
			"id": "log_27541c5a"
		}
	],
	"logsBloom": "0x00000000000000000000000000020000000000000000000000000000000000000000000000000000000000000000000000000000000000000000000000000000000000000000010000000008000000000000000000002000000000000020000000000000000000000000000000000000000000000000000000000010000000000000000000000000000000000000000000000000000000000000000000000000000000000000000080000000000000000000000000000000000000010000000000001002000000000000000020000000000000000000000000000000000000000000000000000000000000000000000000000000000000000000000000000000",
	"root": null,
	"status": "0x1",
	"transactionHash": "0xf05faf9bad173ff49a7000001b76ebc89b87b08bf146436dcf3a1be3cb229afa",
	"transactionIndex": 116
}
[2018-04-21T15:42:13.291] [DEBUG] trans - TO:   0xc3b7252243e2c133a94a5ca46dea1f7fec9f1650
[2018-04-21T15:42:13.291] [DEBUG] trans - AMOUNT:   300927000000000000000
[2018-04-21T15:42:13.291] [DEBUG] trans - Receipt info:  {
	"blockHash": "0x4f461a1041bd36415ac0006a998c624c3b3588f31c5769920367d5b49607cb45",
	"blockNumber": 5480520,
	"contractAddress": null,
	"cumulativeGasUsed": 3877971,
	"gasUsed": 51653,
	"logs": [
		{
			"address": "0x7e9e431a0B8c4D532C745B1043c7FA29a48D4fBa",
			"blockHash": "0x4f461a1041bd36415ac0006a998c624c3b3588f31c5769920367d5b49607cb45",
			"blockNumber": 5480520,
			"data": "0x0000000000000000000000000000000000000000000000105033781ed3f98000",
			"logIndex": 58,
			"topics": [
				"0xddf252ad1be2c89b69c2b068fc378daa952ba7f163c4a11628f55a4df523b3ef",
				"0x000000000000000000000000468b858c964f297fd8fce058032bf4b4911a8ad8",
				"0x000000000000000000000000c3b7252243e2c133a94a5ca46dea1f7fec9f1650"
			],
			"transactionHash": "0xb655657b13e1ee1f57b2e83559312fbeffd26d97b76d1548b71e3086b380f71b",
			"transactionIndex": 114,
			"transactionLogIndex": "0x0",
			"type": "mined",
			"id": "log_77915a82"
		}
	],
	"logsBloom": "0x00000000000000000000000000020000000800000000000000000000000000000000000000000000000000000000000000000000000000000000000000000000000000000000010000000008000000000000000000000000000000000020000000000000000000000000000000000000000000000000000000000010000000000000000000000000000000000000000000000000000000000000000000000000000000004000000080000000000000000000000000000000000000010000000000001002000000000000000000000000000000000000000000000000000000000000000000000000000000000000000000000000000000000000000000000080",
	"root": null,
	"status": "0x1",
	"transactionHash": "0xb655657b13e1ee1f57b2e83559312fbeffd26d97b76d1548b71e3086b380f71b",
	"transactionIndex": 114
}
[2018-04-21T15:42:13.292] [DEBUG] trans - TO:   0x6f8e757d4a56039228945665ceb3c91e5614aa58
[2018-04-21T15:42:13.292] [DEBUG] trans - AMOUNT:   300906600000000000000
[2018-04-21T15:42:13.292] [DEBUG] trans - Receipt info:  {
	"blockHash": "0x4f461a1041bd36415ac0006a998c624c3b3588f31c5769920367d5b49607cb45",
	"blockNumber": 5480520,
	"contractAddress": null,
	"cumulativeGasUsed": 4239158,
	"gasUsed": 51653,
	"logs": [
		{
			"address": "0x7e9e431a0B8c4D532C745B1043c7FA29a48D4fBa",
			"blockHash": "0x4f461a1041bd36415ac0006a998c624c3b3588f31c5769920367d5b49607cb45",
			"blockNumber": 5480520,
			"data": "0x0000000000000000000000000000000000000000000000104feafe6db28e8000",
			"logIndex": 65,
			"topics": [
				"0xddf252ad1be2c89b69c2b068fc378daa952ba7f163c4a11628f55a4df523b3ef",
				"0x000000000000000000000000468b858c964f297fd8fce058032bf4b4911a8ad8",
				"0x0000000000000000000000006f8e757d4a56039228945665ceb3c91e5614aa58"
			],
			"transactionHash": "0x4c2a27a1bb9e12fc8ca4a373a84ff6feb1aa91fecfd46b5c4bceff8505a916a2",
			"transactionIndex": 121,
			"transactionLogIndex": "0x0",
			"type": "mined",
			"id": "log_f818e8ff"
		}
	],
	"logsBloom": "0x00000000000000000000000000020000000000000000000000000000040000000000000000000000000000000000000000000000000000000000000000000000000000000000010000000008000000000000000000000000000000000020000000000000000000000000000000000000000000000000000000000010000000200000000000000000000000000000000004000000000000000000000000000000000000000000000080000000000000000000000000000000000000010000000000001002000000000000000000000000000000000000000000000000000000000000000000000000000000000000000000000000000000000000000000000000",
	"root": null,
	"status": "0x1",
	"transactionHash": "0x4c2a27a1bb9e12fc8ca4a373a84ff6feb1aa91fecfd46b5c4bceff8505a916a2",
	"transactionIndex": 121
}
[2018-04-21T15:42:13.293] [DEBUG] trans - TO:   0x432c38207c3b25dc44f5c9d8bcc218104d4801a0
[2018-04-21T15:42:13.293] [DEBUG] trans - AMOUNT:   300920400000000000000
[2018-04-21T15:42:13.293] [DEBUG] trans - Receipt info:  {
	"blockHash": "0x4f461a1041bd36415ac0006a998c624c3b3588f31c5769920367d5b49607cb45",
	"blockNumber": 5480520,
	"contractAddress": null,
	"cumulativeGasUsed": 4135916,
	"gasUsed": 51589,
	"logs": [
		{
			"address": "0x7e9e431a0B8c4D532C745B1043c7FA29a48D4fBa",
			"blockHash": "0x4f461a1041bd36415ac0006a998c624c3b3588f31c5769920367d5b49607cb45",
			"blockNumber": 5480520,
			"data": "0x000000000000000000000000000000000000000000000010501c057494750000",
			"logIndex": 63,
			"topics": [
				"0xddf252ad1be2c89b69c2b068fc378daa952ba7f163c4a11628f55a4df523b3ef",
				"0x000000000000000000000000468b858c964f297fd8fce058032bf4b4911a8ad8",
				"0x000000000000000000000000432c38207c3b25dc44f5c9d8bcc218104d4801a0"
			],
			"transactionHash": "0x015635e38862427b3f9b98325bb2787d0ce654e307da9f53402038bcebbf31d3",
			"transactionIndex": 119,
			"transactionLogIndex": "0x0",
			"type": "mined",
			"id": "log_c3459cf4"
		}
	],
	"logsBloom": "0x00000080000000000000000000020000000000000000000000000000000000000000000000000000000000000000000800000000000000000000000000000000000000000000010000000008000000000000000000000000000000000020000000000000000000000000000000000000000000000000002000000010000000000000000000000000000000000000000000000000000000000000000000000000000000000000000080000000000000000000000000000000000000010000000000001002000000000000000000000000000000000000000000000000000000000000000000000000000000000000000000000000000000000000000000000000",
	"root": null,
	"status": "0x1",
	"transactionHash": "0x015635e38862427b3f9b98325bb2787d0ce654e307da9f53402038bcebbf31d3",
	"transactionIndex": 119
}
[2018-04-21T15:42:13.295] [DEBUG] trans - TO:   0xca44796a5efbf2c04e3f4eeef8df7452b446c82f
[2018-04-21T15:42:13.295] [DEBUG] trans - AMOUNT:   300920000000000000000
[2018-04-21T15:42:13.295] [DEBUG] trans - Receipt info:  {
	"blockHash": "0x4f461a1041bd36415ac0006a998c624c3b3588f31c5769920367d5b49607cb45",
	"blockNumber": 5480520,
	"contractAddress": null,
	"cumulativeGasUsed": 4187505,
	"gasUsed": 51589,
	"logs": [
		{
			"address": "0x7e9e431a0B8c4D532C745B1043c7FA29a48D4fBa",
			"blockHash": "0x4f461a1041bd36415ac0006a998c624c3b3588f31c5769920367d5b49607cb45",
			"blockNumber": 5480520,
			"data": "0x000000000000000000000000000000000000000000000010501a99a8528c0000",
			"logIndex": 64,
			"topics": [
				"0xddf252ad1be2c89b69c2b068fc378daa952ba7f163c4a11628f55a4df523b3ef",
				"0x000000000000000000000000468b858c964f297fd8fce058032bf4b4911a8ad8",
				"0x000000000000000000000000ca44796a5efbf2c04e3f4eeef8df7452b446c82f"
			],
			"transactionHash": "0x22091f4df894fe9bdca01fd28299fc5cbf599a42e4876f7d350a0ff17a38306c",
			"transactionIndex": 120,
			"transactionLogIndex": "0x0",
			"type": "mined",
			"id": "log_4ff666d8"
		}
	],
	"logsBloom": "0x00000000000000000000000000020000000000000000000000000000000000000000000000000000000000000000000000000000000000000000000000000000000000000000010000000008000000000000000000000000000000000020000000000000000000000000000000000000000000000000000000000010000000000000000000000000000000000000000000000000000000000000000000000000001000000000000080000000000000000000000000000000000000010000000000001002100000000000000000000000000000000000000000000000000000000200000000000000000000000000000000000000000000000000000000000000",
	"root": null,
	"status": "0x1",
	"transactionHash": "0x22091f4df894fe9bdca01fd28299fc5cbf599a42e4876f7d350a0ff17a38306c",
	"transactionIndex": 120
}
[2018-04-21T15:42:13.296] [DEBUG] trans - TO:   0x1a3c7607235e2bcf9dd80f0228a4c5245fe99f30
[2018-04-21T15:42:13.296] [DEBUG] trans - AMOUNT:   300921300000000000000
[2018-04-21T15:42:13.296] [DEBUG] trans - Receipt info:  {
	"blockHash": "0x4f461a1041bd36415ac0006a998c624c3b3588f31c5769920367d5b49607cb45",
	"blockNumber": 5480520,
	"contractAddress": null,
	"cumulativeGasUsed": 4084327,
	"gasUsed": 51589,
	"logs": [
		{
			"address": "0x7e9e431a0B8c4D532C745B1043c7FA29a48D4fBa",
			"blockHash": "0x4f461a1041bd36415ac0006a998c624c3b3588f31c5769920367d5b49607cb45",
			"blockNumber": 5480520,
			"data": "0x000000000000000000000000000000000000000000000010501f380028c14000",
			"logIndex": 62,
			"topics": [
				"0xddf252ad1be2c89b69c2b068fc378daa952ba7f163c4a11628f55a4df523b3ef",
				"0x000000000000000000000000468b858c964f297fd8fce058032bf4b4911a8ad8",
				"0x0000000000000000000000001a3c7607235e2bcf9dd80f0228a4c5245fe99f30"
			],
			"transactionHash": "0xe08ab755e9a4171bea7e4d34276f320efc0ccb6155a6b9ebbaa90234354947e5",
			"transactionIndex": 118,
			"transactionLogIndex": "0x0",
			"type": "mined",
			"id": "log_57799454"
		}
	],
	"logsBloom": "0x00000000000000000000000000020000000000000000000000000000000000000000000000000000000000000000000000000000000000000000000000000000000000000000010000000008000000000000000000000000000000000020000000000000000000000000000000000000000000000000000000000010001000000000000000000000000000000000000000000000000000000000000000000000000000000000000080000000000000000000000000000000000200010000000000001002000000000000000000000000000000000000000000000000000000000000000000000000000000000000000000000000000000000000000080000000",
	"root": null,
	"status": "0x1",
	"transactionHash": "0xe08ab755e9a4171bea7e4d34276f320efc0ccb6155a6b9ebbaa90234354947e5",
	"transactionIndex": 118
}
[2018-04-21T15:42:13.296] [DEBUG] trans - TO:   0x88e3322005985feb26e069db5efa4e6e27283113
[2018-04-21T15:42:13.296] [DEBUG] trans - AMOUNT:   300930400000000000000
[2018-04-21T15:42:13.296] [DEBUG] trans - Receipt info:  {
	"blockHash": "0x4f461a1041bd36415ac0006a998c624c3b3588f31c5769920367d5b49607cb45",
	"blockNumber": 5480520,
	"contractAddress": null,
	"cumulativeGasUsed": 3723140,
	"gasUsed": 51589,
	"logs": [
		{
			"address": "0x7e9e431a0B8c4D532C745B1043c7FA29a48D4fBa",
			"blockHash": "0x4f461a1041bd36415ac0006a998c624c3b3588f31c5769920367d5b49607cb45",
			"blockNumber": 5480520,
			"data": "0x000000000000000000000000000000000000000000000010503f8c6704360000",
			"logIndex": 55,
			"topics": [
				"0xddf252ad1be2c89b69c2b068fc378daa952ba7f163c4a11628f55a4df523b3ef",
				"0x000000000000000000000000468b858c964f297fd8fce058032bf4b4911a8ad8",
				"0x00000000000000000000000088e3322005985feb26e069db5efa4e6e27283113"
			],
			"transactionHash": "0xe40f65ea4a38cfca5069f6fa14fabe4301188d704dcbf12e28b1cb71d8e4361a",
			"transactionIndex": 111,
			"transactionLogIndex": "0x0",
			"type": "mined",
			"id": "log_4e732151"
		}
	],
	"logsBloom": "0x00000000000000000000000000020000000000000000000000000000000000000000000000000000000000000000000000000000200000000000000000000000000000000000010000000008000000000000000000000000000000000020000000000000000000000000000000000000000000000000000000000010000000000000000000000000000000000000000000000000000000000000000800000000000000000000000080000000000000000000000000000000000000010000000000001002000000000000000000000000000000000000000000000000000000000000000000000002000000000000000000000000000000000000000000000000",
	"root": null,
	"status": "0x1",
	"transactionHash": "0xe40f65ea4a38cfca5069f6fa14fabe4301188d704dcbf12e28b1cb71d8e4361a",
	"transactionIndex": 111
}
[2018-04-21T15:42:13.296] [DEBUG] trans - TO:   0x6334aff810c218c6ed9d02ce8a14d3e5fd969ffc
[2018-04-21T15:42:13.296] [DEBUG] trans - AMOUNT:   300906000000000000000
[2018-04-21T15:42:13.296] [DEBUG] trans - Receipt info:  {
	"blockHash": "0x4f461a1041bd36415ac0006a998c624c3b3588f31c5769920367d5b49607cb45",
	"blockNumber": 5480520,
	"contractAddress": null,
	"cumulativeGasUsed": 4290747,
	"gasUsed": 51589,
	"logs": [
		{
			"address": "0x7e9e431a0B8c4D532C745B1043c7FA29a48D4fBa",
			"blockHash": "0x4f461a1041bd36415ac0006a998c624c3b3588f31c5769920367d5b49607cb45",
			"blockNumber": 5480520,
			"data": "0x0000000000000000000000000000000000000000000000104fe8dcbb4fb10000",
			"logIndex": 66,
			"topics": [
				"0xddf252ad1be2c89b69c2b068fc378daa952ba7f163c4a11628f55a4df523b3ef",
				"0x000000000000000000000000468b858c964f297fd8fce058032bf4b4911a8ad8",
				"0x0000000000000000000000006334aff810c218c6ed9d02ce8a14d3e5fd969ffc"
			],
			"transactionHash": "0x38d86ce0933d251a7b27d66d4e11d16dbb03af2cdcb9953a41f10b335da6862d",
			"transactionIndex": 122,
			"transactionLogIndex": "0x0",
			"type": "mined",
			"id": "log_79263f1f"
		}
	],
	"logsBloom": "0x00000000000000000000000000020000000000000000000000000000000000000000000000000000000000000000000000000000000000000100000000000000000000000000010000000008000000000000000000000000000000000020000000000000000000000000000001000000000000000000000000000010000000000000000000000000000000000000000000000000000000000000000000000000000000000000000080000000000000000000000000000000000000010000000000001002000000000000000000000000000000000000000000000000000000100000000000000000000000000000000000000000000000000000000000000000",
	"root": null,
	"status": "0x1",
	"transactionHash": "0x38d86ce0933d251a7b27d66d4e11d16dbb03af2cdcb9953a41f10b335da6862d",
	"transactionIndex": 122
}
[2018-04-21T15:42:13.299] [DEBUG] trans - TO:   0x775664cb6966529e42c893a413cf17cc82f96972
[2018-04-21T15:42:13.299] [DEBUG] trans - AMOUNT:   300897400000000000000
[2018-04-21T15:42:13.299] [DEBUG] trans - Receipt info:  {
	"blockHash": "0x4f461a1041bd36415ac0006a998c624c3b3588f31c5769920367d5b49607cb45",
	"blockNumber": 5480520,
	"contractAddress": null,
	"cumulativeGasUsed": 4393989,
	"gasUsed": 51653,
	"logs": [
		{
			"address": "0x7e9e431a0B8c4D532C745B1043c7FA29a48D4fBa",
			"blockHash": "0x4f461a1041bd36415ac0006a998c624c3b3588f31c5769920367d5b49607cb45",
			"blockNumber": 5480520,
			"data": "0x0000000000000000000000000000000000000000000000104fca4f13c69f8000",
			"logIndex": 68,
			"topics": [
				"0xddf252ad1be2c89b69c2b068fc378daa952ba7f163c4a11628f55a4df523b3ef",
				"0x000000000000000000000000468b858c964f297fd8fce058032bf4b4911a8ad8",
				"0x000000000000000000000000775664cb6966529e42c893a413cf17cc82f96972"
			],
			"transactionHash": "0x1509521b1de50dcce588bab5be2fa3db5951ff237429c437a8b6b1234de203c1",
			"transactionIndex": 124,
			"transactionLogIndex": "0x0",
			"type": "mined",
			"id": "log_e880694e"
		}
	],
	"logsBloom": "0x00000000000000000000000000020000000000000000000000000000000000000000000000000000000000000000000000000000000000000000000000000000000000000000010000000008000000000000000000000000000000000020000000000000000000000000000000200000000000000000000000000010000000000000000000000000000000000000000000000000000000000000000000000000000000000000000080000000000000000000000000000000000000010020000000001002000000000000000000000000000000000000000000000010000000000000000000000000000000000000000000000000000000000000000000000000",
	"root": null,
	"status": "0x1",
	"transactionHash": "0x1509521b1de50dcce588bab5be2fa3db5951ff237429c437a8b6b1234de203c1",
	"transactionIndex": 124
}
[2018-04-21T15:42:13.299] [DEBUG] trans - TO:   0x93e27c3009d883b48ff4d32001080446e0783b82
[2018-04-21T15:42:13.299] [DEBUG] trans - AMOUNT:   300896000000000000000
[2018-04-21T15:42:13.299] [DEBUG] trans - Receipt info:  {
	"blockHash": "0x4f461a1041bd36415ac0006a998c624c3b3588f31c5769920367d5b49607cb45",
	"blockNumber": 5480520,
	"contractAddress": null,
	"cumulativeGasUsed": 4445578,
	"gasUsed": 51589,
	"logs": [
		{
			"address": "0x7e9e431a0B8c4D532C745B1043c7FA29a48D4fBa",
			"blockHash": "0x4f461a1041bd36415ac0006a998c624c3b3588f31c5769920367d5b49607cb45",
			"blockNumber": 5480520,
			"data": "0x0000000000000000000000000000000000000000000000104fc555c8dff00000",
			"logIndex": 69,
			"topics": [
				"0xddf252ad1be2c89b69c2b068fc378daa952ba7f163c4a11628f55a4df523b3ef",
				"0x000000000000000000000000468b858c964f297fd8fce058032bf4b4911a8ad8",
				"0x00000000000000000000000093e27c3009d883b48ff4d32001080446e0783b82"
			],
			"transactionHash": "0xfbd01ba62984805e1d5882f0f116e5a8d1e995d8fc7a9acf55f4a3cb600f3bcc",
			"transactionIndex": 125,
			"transactionLogIndex": "0x0",
			"type": "mined",
			"id": "log_4b925962"
		}
	],
	"logsBloom": "0x00000000000000000000000000020000000000000000000000000000000000000000000000000000000000000000000000000000000000000000000000000000000000000000010000000008000000000000000000000000000000000020080000000000400000000000000000000000000000000000000000000010000000000000000000000000000000000000000000000000000000000000000000000000000000000000000080000000000000000000000000000000000000010000000000001002000000000000000000000000000000000000000000000000000000000000000000000000000000000000000000000000000000000000200000000000",
	"root": null,
	"status": "0x1",
	"transactionHash": "0xfbd01ba62984805e1d5882f0f116e5a8d1e995d8fc7a9acf55f4a3cb600f3bcc",
	"transactionIndex": 125
}
[2018-04-21T15:42:13.300] [DEBUG] trans - TO:   0xe71e692a00571cae4d27f06a330563575e2ddff9
[2018-04-21T15:42:13.300] [DEBUG] trans - AMOUNT:   300924800000000000000
[2018-04-21T15:42:13.300] [DEBUG] trans - Receipt info:  {
	"blockHash": "0x4f461a1041bd36415ac0006a998c624c3b3588f31c5769920367d5b49607cb45",
	"blockNumber": 5480520,
	"contractAddress": null,
	"cumulativeGasUsed": 3929496,
	"gasUsed": 51525,
	"logs": [
		{
			"address": "0x7e9e431a0B8c4D532C745B1043c7FA29a48D4fBa",
			"blockHash": "0x4f461a1041bd36415ac0006a998c624c3b3588f31c5769920367d5b49607cb45",
			"blockNumber": 5480520,
			"data": "0x000000000000000000000000000000000000000000000010502ba73b69780000",
			"logIndex": 59,
			"topics": [
				"0xddf252ad1be2c89b69c2b068fc378daa952ba7f163c4a11628f55a4df523b3ef",
				"0x000000000000000000000000468b858c964f297fd8fce058032bf4b4911a8ad8",
				"0x000000000000000000000000e71e692a00571cae4d27f06a330563575e2ddff9"
			],
			"transactionHash": "0x40cd089ccd82ac4179451abed8c6db1bfed7ad64ff2df65c366a322581b97e17",
			"transactionIndex": 115,
			"transactionLogIndex": "0x0",
			"type": "mined",
			"id": "log_ab73d5a1"
		}
	],
	"logsBloom": "0x00000000000000000000000000020000000000000000000000000000000000000000000800000080000000000000000000000000000000000000000000000000000000000000010000000008000000000000000000000000000000000020000000000000000000000000000000000000000000000000000000000010000000000000000000000000000000000000000000000000000000000000000000000000080000000000000080000000000000000000000000000000000000010000000000001002000000000000000000000000000000000000000000000000000000000000000000000000000000000000000000000000000000000000000000000000",
	"root": null,
	"status": "0x1",
	"transactionHash": "0x40cd089ccd82ac4179451abed8c6db1bfed7ad64ff2df65c366a322581b97e17",
	"transactionIndex": 115
}
[2018-04-21T15:42:13.302] [DEBUG] trans - TO:   0xf55112788be78d39cef537d9d28bacb6ebb68595
[2018-04-21T15:42:13.302] [DEBUG] trans - AMOUNT:   300900000000000000000
[2018-04-21T15:42:13.302] [DEBUG] trans - Receipt info:  {
	"blockHash": "0x4f461a1041bd36415ac0006a998c624c3b3588f31c5769920367d5b49607cb45",
	"blockNumber": 5480520,
	"contractAddress": null,
	"cumulativeGasUsed": 4342336,
	"gasUsed": 51589,
	"logs": [
		{
			"address": "0x7e9e431a0B8c4D532C745B1043c7FA29a48D4fBa",
			"blockHash": "0x4f461a1041bd36415ac0006a998c624c3b3588f31c5769920367d5b49607cb45",
			"blockNumber": 5480520,
			"data": "0x0000000000000000000000000000000000000000000000104fd38bc3730a0000",
			"logIndex": 67,
			"topics": [
				"0xddf252ad1be2c89b69c2b068fc378daa952ba7f163c4a11628f55a4df523b3ef",
				"0x000000000000000000000000468b858c964f297fd8fce058032bf4b4911a8ad8",
				"0x000000000000000000000000f55112788be78d39cef537d9d28bacb6ebb68595"
			],
			"transactionHash": "0x4df189d65b9f288d10ed78916e0c226204bc5e89fad9982d3067f58b978eb145",
			"transactionIndex": 123,
			"transactionLogIndex": "0x0",
			"type": "mined",
			"id": "log_f7f59fd3"
		}
	],
	"logsBloom": "0x00000000000000000000000000020000000000000000000000040000000000000000000000000000000000000000000000000000000000000000000000000000000000000000010000000008000000000000000000000000000000000020000000000000000000000000000000000000000000000000000000100010000000000000000000000000000000000000000000000000000000000000000000000000000000000000000080000000000000000000000000000000000000010000000000001002000000000000040000000000000000000000000000000000000000000000000000000000000000000000000000000000000000000000000000000000",
	"root": null,
	"status": "0x1",
	"transactionHash": "0x4df189d65b9f288d10ed78916e0c226204bc5e89fad9982d3067f58b978eb145",
	"transactionIndex": 123
}
[2018-04-21T15:42:22.290] [DEBUG] trans - TO:   0x5ec87aaa7f4d6a76e02eed3ae22926cefa0c2b2d
[2018-04-21T15:42:22.290] [DEBUG] trans - AMOUNT:   300894600000000000000
[2018-04-21T15:42:22.290] [DEBUG] trans - Receipt info:  {
	"blockHash": "0x7aacbd278e9b5db7a51e2029bb7e579989ead2f59ba8fa99c27a39979103c40d",
	"blockNumber": 5480521,
	"contractAddress": null,
	"cumulativeGasUsed": 1088086,
	"gasUsed": 51653,
	"logs": [
		{
			"address": "0x7e9e431a0B8c4D532C745B1043c7FA29a48D4fBa",
			"blockHash": "0x7aacbd278e9b5db7a51e2029bb7e579989ead2f59ba8fa99c27a39979103c40d",
			"blockNumber": 5480521,
			"data": "0x0000000000000000000000000000000000000000000000104fc05c7df9408000",
			"logIndex": 7,
			"topics": [
				"0xddf252ad1be2c89b69c2b068fc378daa952ba7f163c4a11628f55a4df523b3ef",
				"0x000000000000000000000000468b858c964f297fd8fce058032bf4b4911a8ad8",
				"0x0000000000000000000000005ec87aaa7f4d6a76e02eed3ae22926cefa0c2b2d"
			],
			"transactionHash": "0x08089b030ec65a991006202c1f48895f06b7bb1983165daf79ab39e157068d79",
			"transactionIndex": 43,
			"transactionLogIndex": "0x0",
			"type": "mined",
			"id": "log_e73d7a2e"
		}
	],
	"logsBloom": "0x00000000000000000000000000020000000000000000000000000000000000000000000000000000000000000000000000000000000000000000000000000000000000000000010000000008000000000000000000000000000000000020000000000000000000000000000000000000400000000000000000000010000000000000000000000000000000000000000000000000000000000000000000000000000000000000000080000000000000001000000000000000001000010000000000001002000000000000000000000000000000000000000000000000000000000000000000000000000000000000000000000000000000000000000000000000",
	"root": null,
	"status": "0x1",
	"transactionHash": "0x08089b030ec65a991006202c1f48895f06b7bb1983165daf79ab39e157068d79",
	"transactionIndex": 43
}
[2018-04-21T15:42:43.321] [DEBUG] trans - TO:   0xea572abbc15e4a58234a419ff6b2bd940fec6ea0
[2018-04-21T15:42:43.321] [DEBUG] trans - AMOUNT:   300877700000000000000
[2018-04-21T15:42:43.321] [DEBUG] trans - Receipt info:  {
	"blockHash": "0xe7716d8a2ec1c1ad712e9d1550a9b34c8eee8f449915f66e1546e5643fb7b5aa",
	"blockNumber": 5480522,
	"contractAddress": null,
	"cumulativeGasUsed": 865522,
	"gasUsed": 51653,
	"logs": [
		{
			"address": "0x7e9e431a0B8c4D532C745B1043c7FA29a48D4fBa",
			"blockHash": "0xe7716d8a2ec1c1ad712e9d1550a9b34c8eee8f449915f66e1546e5643fb7b5aa",
			"blockNumber": 5480522,
			"data": "0x0000000000000000000000000000000000000000000000104f845208188c4000",
			"logIndex": 9,
			"topics": [
				"0xddf252ad1be2c89b69c2b068fc378daa952ba7f163c4a11628f55a4df523b3ef",
				"0x000000000000000000000000468b858c964f297fd8fce058032bf4b4911a8ad8",
				"0x000000000000000000000000ea572abbc15e4a58234a419ff6b2bd940fec6ea0"
			],
			"transactionHash": "0xb0f3efb7a5f39ee4efa2c9673309cb17612f8104fa5f94544f187feba5833413",
			"transactionIndex": 23,
			"transactionLogIndex": "0x0",
			"type": "mined",
			"id": "log_f872284c"
		}
	],
	"logsBloom": "0x00000000000000000000000000020000000000000000000000000000000000000000000000000000000000000000000000000000000000000000000000000000000000000000010000000008000000000000000000000000000000000020000000000000000000000000000000000000000000000000000000000010000000000000000000000000000000000000000000000000000000000000000000400000000000000000000080000000000000000000000000000000000000010000000000001002000000000000000000000000010000000000000000000000000000000000000000000000000000000000000000000000000000000000000000000100",
	"root": null,
	"status": "0x1",
	"transactionHash": "0xb0f3efb7a5f39ee4efa2c9673309cb17612f8104fa5f94544f187feba5833413",
	"transactionIndex": 23
}
[2018-04-21T15:42:43.321] [DEBUG] trans - TO:   0x92bc54fa6c253eb5da147d85a7bc8c0bc71c5bd6
[2018-04-21T15:42:43.321] [DEBUG] trans - AMOUNT:   300873800000000000000
[2018-04-21T15:42:43.321] [DEBUG] trans - Receipt info:  {
	"blockHash": "0xe7716d8a2ec1c1ad712e9d1550a9b34c8eee8f449915f66e1546e5643fb7b5aa",
	"blockNumber": 5480522,
	"contractAddress": null,
	"cumulativeGasUsed": 917111,
	"gasUsed": 51589,
	"logs": [
		{
			"address": "0x7e9e431a0B8c4D532C745B1043c7FA29a48D4fBa",
			"blockHash": "0xe7716d8a2ec1c1ad712e9d1550a9b34c8eee8f449915f66e1546e5643fb7b5aa",
			"blockNumber": 5480522,
			"data": "0x0000000000000000000000000000000000000000000000104f76770095ec8000",
			"logIndex": 10,
			"topics": [
				"0xddf252ad1be2c89b69c2b068fc378daa952ba7f163c4a11628f55a4df523b3ef",
				"0x000000000000000000000000468b858c964f297fd8fce058032bf4b4911a8ad8",
				"0x00000000000000000000000092bc54fa6c253eb5da147d85a7bc8c0bc71c5bd6"
			],
			"transactionHash": "0x8c4fc9af47e5d7f397cc93e6872de4173840a7b0ca0f8e45fb83ba3851a85fa9",
			"transactionIndex": 24,
			"transactionLogIndex": "0x0",
			"type": "mined",
			"id": "log_0492d983"
		}
	],
	"logsBloom": "0x00000000000000000000000000020000000000000000000000000000000000000000000000000000000000000000000000000000000000010000000000000000000000000000010000000008000000000000000000000000000000000020000000000000000000000000000000000000000000000000000000000010040000000000000000000000000000000000000000000000000000000000000000000000000000000000000080000000000000000000400000000000000000010000000000001002000000000000000000000000000000000000000000000000000000000000000000000000000000000000000000000000000000000000000000000000",
	"root": null,
	"status": "0x1",
	"transactionHash": "0x8c4fc9af47e5d7f397cc93e6872de4173840a7b0ca0f8e45fb83ba3851a85fa9",
	"transactionIndex": 24
}
[2018-04-21T15:42:43.322] [DEBUG] trans - TO:   0x98cea0ae55ce8e34a5a1122fd2517391ba5246e0
[2018-04-21T15:42:43.322] [DEBUG] trans - AMOUNT:   300891600000000000000
[2018-04-21T15:42:43.323] [DEBUG] trans - Receipt info:  {
	"blockHash": "0xe7716d8a2ec1c1ad712e9d1550a9b34c8eee8f449915f66e1546e5643fb7b5aa",
	"blockNumber": 5480522,
	"contractAddress": null,
	"cumulativeGasUsed": 813869,
	"gasUsed": 51589,
	"logs": [
		{
			"address": "0x7e9e431a0B8c4D532C745B1043c7FA29a48D4fBa",
			"blockHash": "0xe7716d8a2ec1c1ad712e9d1550a9b34c8eee8f449915f66e1546e5643fb7b5aa",
			"blockNumber": 5480522,
			"data": "0x0000000000000000000000000000000000000000000000104fb5b4020aed0000",
			"logIndex": 8,
			"topics": [
				"0xddf252ad1be2c89b69c2b068fc378daa952ba7f163c4a11628f55a4df523b3ef",
				"0x000000000000000000000000468b858c964f297fd8fce058032bf4b4911a8ad8",
				"0x00000000000000000000000098cea0ae55ce8e34a5a1122fd2517391ba5246e0"
			],
			"transactionHash": "0x70285d2e971f54ff344068806d3b42ecd0c4d398a84b19fabb1bf30f7040b126",
			"transactionIndex": 22,
			"transactionLogIndex": "0x0",
			"type": "mined",
			"id": "log_f9a978d7"
		}
	],
	"logsBloom": "0x00000000000000000000000000020000000000000000004000000000000000000000000000000000000000000000000000000000000000000000000000000000000000000000010000000008000000000000000000000000000000000020000000000000000000000000000000000000000000000000000000000010000000000000000000000008000000000000000000000000000000000000000000000000000000000000000080000000000000000000000000000000000000010000000000001002000000000000000000000000000000000000000000000000000000000000000000000000000002000000000000000000000000000000000000000000",
	"root": null,
	"status": "0x1",
	"transactionHash": "0x70285d2e971f54ff344068806d3b42ecd0c4d398a84b19fabb1bf30f7040b126",
	"transactionIndex": 22
}
[2018-04-21T15:42:43.323] [DEBUG] trans - TO:   0x29fb3ba4e98dc0cf83b2520b14a94172ce158313
[2018-04-21T15:42:43.323] [DEBUG] trans - AMOUNT:   300852400000000000000
[2018-04-21T15:42:43.323] [DEBUG] trans - Receipt info:  {
	"blockHash": "0xe7716d8a2ec1c1ad712e9d1550a9b34c8eee8f449915f66e1546e5643fb7b5aa",
	"blockNumber": 5480522,
	"contractAddress": null,
	"cumulativeGasUsed": 1072006,
	"gasUsed": 51589,
	"logs": [
		{
			"address": "0x7e9e431a0B8c4D532C745B1043c7FA29a48D4fBa",
			"blockHash": "0xe7716d8a2ec1c1ad712e9d1550a9b34c8eee8f449915f66e1546e5643fb7b5aa",
			"blockNumber": 5480522,
			"data": "0x0000000000000000000000000000000000000000000000104f2a6fd0cfbb0000",
			"logIndex": 13,
			"topics": [
				"0xddf252ad1be2c89b69c2b068fc378daa952ba7f163c4a11628f55a4df523b3ef",
				"0x000000000000000000000000468b858c964f297fd8fce058032bf4b4911a8ad8",
				"0x00000000000000000000000029fb3ba4e98dc0cf83b2520b14a94172ce158313"
			],
			"transactionHash": "0x6eec8395a069206525152a0c43eac56a44d86e2a9975ea940a51c5f7aef0b03b",
			"transactionIndex": 27,
			"transactionLogIndex": "0x0",
			"type": "mined",
			"id": "log_c4fccabd"
		}
	],
	"logsBloom": "0x00000000000000000000000000020000000000000000000000000000000000000000000000000000000000000000000000000000000000000000000000000000000000000000010000000008000000000000400000000000000008000020000000000000000000000000000000000004000000000000000000000010000000000000000000000000000000000000000000000000000000000000000000000000000000000000000080000000000000000000000000000000000000010000000000001002000000000000000000000000000000000000000000000000000000000000000000000000000000000000000000000000000000000000000000000000",
	"root": null,
	"status": "0x1",
	"transactionHash": "0x6eec8395a069206525152a0c43eac56a44d86e2a9975ea940a51c5f7aef0b03b",
	"transactionIndex": 27
}
[2018-04-21T15:42:43.323] [DEBUG] trans - TO:   0xaba3654a17339261f1edf0cff1ff82db7d177ea9
[2018-04-21T15:42:43.323] [DEBUG] trans - AMOUNT:   300853100000000000000
[2018-04-21T15:42:43.324] [DEBUG] trans - Receipt info:  {
	"blockHash": "0xe7716d8a2ec1c1ad712e9d1550a9b34c8eee8f449915f66e1546e5643fb7b5aa",
	"blockNumber": 5480522,
	"contractAddress": null,
	"cumulativeGasUsed": 1020417,
	"gasUsed": 51653,
	"logs": [
		{
			"address": "0x7e9e431a0B8c4D532C745B1043c7FA29a48D4fBa",
			"blockHash": "0xe7716d8a2ec1c1ad712e9d1550a9b34c8eee8f449915f66e1546e5643fb7b5aa",
			"blockNumber": 5480522,
			"data": "0x0000000000000000000000000000000000000000000000104f2cec764312c000",
			"logIndex": 12,
			"topics": [
				"0xddf252ad1be2c89b69c2b068fc378daa952ba7f163c4a11628f55a4df523b3ef",
				"0x000000000000000000000000468b858c964f297fd8fce058032bf4b4911a8ad8",
				"0x000000000000000000000000aba3654a17339261f1edf0cff1ff82db7d177ea9"
			],
			"transactionHash": "0x8a83f147f1ab8cd3034e4b53fbe6c01344320bc373e11c6e851edfa949897ae4",
			"transactionIndex": 26,
			"transactionLogIndex": "0x0",
			"type": "mined",
			"id": "log_b435f65b"
		}
	],
	"logsBloom": "0x00001000000000000000000000020000000000000000000000000000000000100000000000000000000000000000000000000000000000000000000000000000000000000000010000000008000000000000000000000000000000000020000000000000000000000000000000000000000000000000000000000010000000000000000000000000000000000000000000000000000000000000000000000000000000000000000080000000000000000000000000000000000000010000000000001002000000000000000000000000000000000000000000001000000000000000000000000000000000000000000000000000000000000000000000000000",
	"root": null,
	"status": "0x1",
	"transactionHash": "0x8a83f147f1ab8cd3034e4b53fbe6c01344320bc373e11c6e851edfa949897ae4",
	"transactionIndex": 26
}
[2018-04-21T15:42:43.324] [DEBUG] trans - TO:   0x5bbc45eae7b6b0da2ceb7898ccb3d1ac413d9089
[2018-04-21T15:42:43.324] [DEBUG] trans - AMOUNT:   300850000000000000000
[2018-04-21T15:42:43.324] [DEBUG] trans - Receipt info:  {
	"blockHash": "0xe7716d8a2ec1c1ad712e9d1550a9b34c8eee8f449915f66e1546e5643fb7b5aa",
	"blockNumber": 5480522,
	"contractAddress": null,
	"cumulativeGasUsed": 1123595,
	"gasUsed": 51589,
	"logs": [
		{
			"address": "0x7e9e431a0B8c4D532C745B1043c7FA29a48D4fBa",
			"blockHash": "0xe7716d8a2ec1c1ad712e9d1550a9b34c8eee8f449915f66e1546e5643fb7b5aa",
			"blockNumber": 5480522,
			"data": "0x0000000000000000000000000000000000000000000000104f21e90744450000",
			"logIndex": 14,
			"topics": [
				"0xddf252ad1be2c89b69c2b068fc378daa952ba7f163c4a11628f55a4df523b3ef",
				"0x000000000000000000000000468b858c964f297fd8fce058032bf4b4911a8ad8",
				"0x0000000000000000000000005bbc45eae7b6b0da2ceb7898ccb3d1ac413d9089"
			],
			"transactionHash": "0x4b760b3f147d2b50e2a79e3cb52c0e474751d6c14aee0c3df91f6de658efedfe",
			"transactionIndex": 28,
			"transactionLogIndex": "0x0",
			"type": "mined",
			"id": "log_e24ca3f7"
		}
	],
	"logsBloom": "0x02000000000000000000000000020000000000000000000000000000000000000000000000000000000000000000000000000000000000000000000000000000000000000000010000000008000000000000000000000000000000000020000000000000000000000000000000000000000000000000000000000010000000000000000000000000000000000000000020000000000000000000000000000000000000000000000080000000000000000000000000000000000000010000000000001002000000000000000000000000000000000000000000000000000000000000000000000000000000000000000001000000000000000000000000000000",
	"root": null,
	"status": "0x1",
	"transactionHash": "0x4b760b3f147d2b50e2a79e3cb52c0e474751d6c14aee0c3df91f6de658efedfe",
	"transactionIndex": 28
}
[2018-04-21T15:42:43.325] [DEBUG] trans - TO:   0x02a926ceec812c5118e5d90a58eba02f97c0b0b9
[2018-04-21T15:42:43.325] [DEBUG] trans - AMOUNT:   300834000000000000000
[2018-04-21T15:42:43.325] [DEBUG] trans - Receipt info:  {
	"blockHash": "0xe7716d8a2ec1c1ad712e9d1550a9b34c8eee8f449915f66e1546e5643fb7b5aa",
	"blockNumber": 5480522,
	"contractAddress": null,
	"cumulativeGasUsed": 1278426,
	"gasUsed": 51589,
	"logs": [
		{
			"address": "0x7e9e431a0B8c4D532C745B1043c7FA29a48D4fBa",
			"blockHash": "0xe7716d8a2ec1c1ad712e9d1550a9b34c8eee8f449915f66e1546e5643fb7b5aa",
			"blockNumber": 5480522,
			"data": "0x0000000000000000000000000000000000000000000000104ee9111cf7dd0000",
			"logIndex": 17,
			"topics": [
				"0xddf252ad1be2c89b69c2b068fc378daa952ba7f163c4a11628f55a4df523b3ef",
				"0x000000000000000000000000468b858c964f297fd8fce058032bf4b4911a8ad8",
				"0x00000000000000000000000002a926ceec812c5118e5d90a58eba02f97c0b0b9"
			],
			"transactionHash": "0x9bea83fa2e40f4a287900abcebb26dae9fd159efdddc8dd2d0b27c249d74f7ac",
			"transactionIndex": 31,
			"transactionLogIndex": "0x0",
			"type": "mined",
			"id": "log_83ef037e"
		}
	],
	"logsBloom": "0x00000000000000000000000000020000000000000000000000000000000000000000000000000000000000000000000000000000000000000000000000000000000000000000010000004008000000000000000000000000000000000020000000000000000000000000000000000000000000000000000000000010000000000000000000000000000000000000000000000000800000000000000000000000000000000000000080000000000000000000000000000000000000010000000000001002000000000000000000000000000000000000000000000000000000000000000000000000000000000080000000000000000000000000000000000000",
	"root": null,
	"status": "0x1",
	"transactionHash": "0x9bea83fa2e40f4a287900abcebb26dae9fd159efdddc8dd2d0b27c249d74f7ac",
	"transactionIndex": 31
}
[2018-04-21T15:42:43.325] [DEBUG] trans - TO:   0x7b101b824adf79f60c731f6210513b15255eefcd
[2018-04-21T15:42:43.325] [DEBUG] trans - AMOUNT:   300848800000000000000
[2018-04-21T15:42:43.325] [DEBUG] trans - Receipt info:  {
	"blockHash": "0xe7716d8a2ec1c1ad712e9d1550a9b34c8eee8f449915f66e1546e5643fb7b5aa",
	"blockNumber": 5480522,
	"contractAddress": null,
	"cumulativeGasUsed": 1175184,
	"gasUsed": 51589,
	"logs": [
		{
			"address": "0x7e9e431a0B8c4D532C745B1043c7FA29a48D4fBa",
			"blockHash": "0xe7716d8a2ec1c1ad712e9d1550a9b34c8eee8f449915f66e1546e5643fb7b5aa",
			"blockNumber": 5480522,
			"data": "0x0000000000000000000000000000000000000000000000104f1da5a27e8a0000",
			"logIndex": 15,
			"topics": [
				"0xddf252ad1be2c89b69c2b068fc378daa952ba7f163c4a11628f55a4df523b3ef",
				"0x000000000000000000000000468b858c964f297fd8fce058032bf4b4911a8ad8",
				"0x0000000000000000000000007b101b824adf79f60c731f6210513b15255eefcd"
			],
			"transactionHash": "0xb39915c050ffef7f788406c84dd028ac632a20cd96c9a573ae89a76dfa945a19",
			"transactionIndex": 29,
			"transactionLogIndex": "0x0",
			"type": "mined",
			"id": "log_411270ac"
		}
	],
	"logsBloom": "0x00000000000000000000000000020000000000000000000000000000000000000000000000000000000000000000000000000000000000000000000000000000000000000000010000000008000000000000000000000000000000000020000000000000000000000000000000000000000000000000000000000010000000000000000000080000000000000000000000001000000000000000000000400000000000000000000080000000000000000000000000000000000000010000000000001002000000000000000000000000000000000000000000000000000000000000000000000000000000000000000000000000000000000000000000000000",
	"root": null,
	"status": "0x1",
	"transactionHash": "0xb39915c050ffef7f788406c84dd028ac632a20cd96c9a573ae89a76dfa945a19",
	"transactionIndex": 29
}
[2018-04-21T15:42:43.325] [DEBUG] trans - TO:   0xcaeee5e72179e5fc42951b219a088b911ade9e39
[2018-04-21T15:42:43.325] [DEBUG] trans - AMOUNT:   300825100000000000000
[2018-04-21T15:42:43.325] [DEBUG] trans - Receipt info:  {
	"blockHash": "0xe7716d8a2ec1c1ad712e9d1550a9b34c8eee8f449915f66e1546e5643fb7b5aa",
	"blockNumber": 5480522,
	"contractAddress": null,
	"cumulativeGasUsed": 1433385,
	"gasUsed": 51653,
	"logs": [
		{
			"address": "0x7e9e431a0B8c4D532C745B1043c7FA29a48D4fBa",
			"blockHash": "0xe7716d8a2ec1c1ad712e9d1550a9b34c8eee8f449915f66e1546e5643fb7b5aa",
			"blockNumber": 5480522,
			"data": "0x0000000000000000000000000000000000000000000000104ec9729c3d5cc000",
			"logIndex": 20,
			"topics": [
				"0xddf252ad1be2c89b69c2b068fc378daa952ba7f163c4a11628f55a4df523b3ef",
				"0x000000000000000000000000468b858c964f297fd8fce058032bf4b4911a8ad8",
				"0x000000000000000000000000caeee5e72179e5fc42951b219a088b911ade9e39"
			],
			"transactionHash": "0xe4df37e559b33d8fc56894bd7baa64d197f6af048c59023e550d21ab9990a44b",
			"transactionIndex": 34,
			"transactionLogIndex": "0x0",
			"type": "mined",
			"id": "log_385490db"
		}
	],
	"logsBloom": "0x00000000000000000000000000020000000000000000000000000000000000000000000000000000000000000000000000000000000000000010000000000000000000000000010000000008000000000000000000000000000000000020000000000000000000000000000000000000000000000000000000000010000000000000000000000000000000000000000000000000000000000000000000000000000000000000000080000000000000000000000000000000000000010000000000001002000000000000000000040000000000000000000000000000000000000000000000000000000000000000000000000010000000000000000000000000",
	"root": null,
	"status": "0x1",
	"transactionHash": "0xe4df37e559b33d8fc56894bd7baa64d197f6af048c59023e550d21ab9990a44b",
	"transactionIndex": 34
}
[2018-04-21T15:42:43.326] [DEBUG] trans - TO:   0xc871ea741d4324535db9ac7e72928ab28c7cc747
[2018-04-21T15:42:43.326] [DEBUG] trans - AMOUNT:   300841000000000000000
[2018-04-21T15:42:43.326] [DEBUG] trans - Receipt info:  {
	"blockHash": "0xe7716d8a2ec1c1ad712e9d1550a9b34c8eee8f449915f66e1546e5643fb7b5aa",
	"blockNumber": 5480522,
	"contractAddress": null,
	"cumulativeGasUsed": 1226837,
	"gasUsed": 51653,
	"logs": [
		{
			"address": "0x7e9e431a0B8c4D532C745B1043c7FA29a48D4fBa",
			"blockHash": "0xe7716d8a2ec1c1ad712e9d1550a9b34c8eee8f449915f66e1546e5643fb7b5aa",
			"blockNumber": 5480522,
			"data": "0x0000000000000000000000000000000000000000000000104f01ef93794a8000",
			"logIndex": 16,
			"topics": [
				"0xddf252ad1be2c89b69c2b068fc378daa952ba7f163c4a11628f55a4df523b3ef",
				"0x000000000000000000000000468b858c964f297fd8fce058032bf4b4911a8ad8",
				"0x000000000000000000000000c871ea741d4324535db9ac7e72928ab28c7cc747"
			],
			"transactionHash": "0xa95d182816aba70e862ac167313df4af8dd9b81f07bebe21b3639c7d5e16bf69",
			"transactionIndex": 30,
			"transactionLogIndex": "0x0",
			"type": "mined",
			"id": "log_3b756c81"
		}
	],
	"logsBloom": "0x00000000000000000000000000020000000000000000000000000000000000000000000000000000000000000000000000000000000000000000000000000000000000000000010000000008000000000000000000000000000000000020000000000000000000000000000000000000000000000000000000000010000000000000000000000000000000800000000000000000000000000000000000000000000000000000000080000000000000000000000000000000000000410000000000001002000000000000000000000000000000000000000000400000000000000000000000000000000000000000000000000000000000000000000000000000",
	"root": null,
	"status": "0x1",
	"transactionHash": "0xa95d182816aba70e862ac167313df4af8dd9b81f07bebe21b3639c7d5e16bf69",
	"transactionIndex": 30
}
[2018-04-21T15:42:43.326] [DEBUG] trans - TO:   0xd7192ae6a35a687ea1aef63ec717f743d59e459f
[2018-04-21T15:42:43.326] [DEBUG] trans - AMOUNT:   300823700000000000000
[2018-04-21T15:42:43.326] [DEBUG] trans - Receipt info:  {
	"blockHash": "0xe7716d8a2ec1c1ad712e9d1550a9b34c8eee8f449915f66e1546e5643fb7b5aa",
	"blockNumber": 5480522,
	"contractAddress": null,
	"cumulativeGasUsed": 1485038,
	"gasUsed": 51653,
	"logs": [
		{
			"address": "0x7e9e431a0B8c4D532C745B1043c7FA29a48D4fBa",
			"blockHash": "0xe7716d8a2ec1c1ad712e9d1550a9b34c8eee8f449915f66e1546e5643fb7b5aa",
			"blockNumber": 5480522,
			"data": "0x0000000000000000000000000000000000000000000000104ec4795156ad4000",
			"logIndex": 21,
			"topics": [
				"0xddf252ad1be2c89b69c2b068fc378daa952ba7f163c4a11628f55a4df523b3ef",
				"0x000000000000000000000000468b858c964f297fd8fce058032bf4b4911a8ad8",
				"0x000000000000000000000000d7192ae6a35a687ea1aef63ec717f743d59e459f"
			],
			"transactionHash": "0x69aaf6e7b922911cc7bb4d34d545cd653c6371812a86368c386e2e2d950b0915",
			"transactionIndex": 35,
			"transactionLogIndex": "0x0",
			"type": "mined",
			"id": "log_d8320554"
		}
	],
	"logsBloom": "0x00000000000000000000000000020000000000000000000000000000000000000000000000000000000000000000000000000100000000000000000000000000000000000000010000000008000000000000000000000000000000000020000000000000000000000000000000000000000000000000000000010010000000000000000000000000000000000000000000000000000000000000000000000000000000000000000080000000000000000000000000000000000000010000000000001002000000000000000000000000000000000000000000000000000000000000000000008000000000000000000000000000000000000000000000000000",
	"root": null,
	"status": "0x1",
	"transactionHash": "0x69aaf6e7b922911cc7bb4d34d545cd653c6371812a86368c386e2e2d950b0915",
	"transactionIndex": 35
}
[2018-04-21T15:42:43.327] [DEBUG] trans - TO:   0x3adbde82ebaaed403e0abcb978f7bd0b301ada60
[2018-04-21T15:42:43.327] [DEBUG] trans - AMOUNT:   300827800000000000000
[2018-04-21T15:42:43.327] [DEBUG] trans - Receipt info:  {
	"blockHash": "0xe7716d8a2ec1c1ad712e9d1550a9b34c8eee8f449915f66e1546e5643fb7b5aa",
	"blockNumber": 5480522,
	"contractAddress": null,
	"cumulativeGasUsed": 1330079,
	"gasUsed": 51653,
	"logs": [
		{
			"address": "0x7e9e431a0B8c4D532C745B1043c7FA29a48D4fBa",
			"blockHash": "0xe7716d8a2ec1c1ad712e9d1550a9b34c8eee8f449915f66e1546e5643fb7b5aa",
			"blockNumber": 5480522,
			"data": "0x0000000000000000000000000000000000000000000000104ed30a3efa418000",
			"logIndex": 18,
			"topics": [
				"0xddf252ad1be2c89b69c2b068fc378daa952ba7f163c4a11628f55a4df523b3ef",
				"0x000000000000000000000000468b858c964f297fd8fce058032bf4b4911a8ad8",
				"0x0000000000000000000000003adbde82ebaaed403e0abcb978f7bd0b301ada60"
			],
			"transactionHash": "0xfcadb197eaf0b5a381921d49c2c5b784787c8f131aa8902ed3937da71b55a0b1",
			"transactionIndex": 32,
			"transactionLogIndex": "0x0",
			"type": "mined",
			"id": "log_bc12e8f8"
		}
	],
	"logsBloom": "0x00000000000000000000000000020000000000000000000000000000000000000000000000000000000000000000000000000000000000000000000000000000000000000000010000000008000000000000000000000000000000000020000000000000000000000000000000000000000000000000000000000010000000000000000000000000000000000000000200000000000000000000000000000000000000000000000080000000000000200000000000000040000000010000000000001002000000000000000000000000000000000000000000000000000000000000000000000000000000000000000000000000000000000000000000000000",
	"root": null,
	"status": "0x1",
	"transactionHash": "0xfcadb197eaf0b5a381921d49c2c5b784787c8f131aa8902ed3937da71b55a0b1",
	"transactionIndex": 32
}
[2018-04-21T15:42:43.327] [DEBUG] trans - TO:   0xad8dd481d3474c5eb803e6cb3bad2e89685584fe
[2018-04-21T15:42:43.327] [DEBUG] trans - AMOUNT:   300825400000000000000
[2018-04-21T15:42:43.327] [DEBUG] trans - Receipt info:  {
	"blockHash": "0xe7716d8a2ec1c1ad712e9d1550a9b34c8eee8f449915f66e1546e5643fb7b5aa",
	"blockNumber": 5480522,
	"contractAddress": null,
	"cumulativeGasUsed": 1381732,
	"gasUsed": 51653,
	"logs": [
		{
			"address": "0x7e9e431a0B8c4D532C745B1043c7FA29a48D4fBa",
			"blockHash": "0xe7716d8a2ec1c1ad712e9d1550a9b34c8eee8f449915f66e1546e5643fb7b5aa",
			"blockNumber": 5480522,
			"data": "0x0000000000000000000000000000000000000000000000104eca83756ecb8000",
			"logIndex": 19,
			"topics": [
				"0xddf252ad1be2c89b69c2b068fc378daa952ba7f163c4a11628f55a4df523b3ef",
				"0x000000000000000000000000468b858c964f297fd8fce058032bf4b4911a8ad8",
				"0x000000000000000000000000ad8dd481d3474c5eb803e6cb3bad2e89685584fe"
			],
			"transactionHash": "0x27c1271d2d16742e9ec4afad2f2b28818c43d572210526f2c457f042b0e53b54",
			"transactionIndex": 33,
			"transactionLogIndex": "0x0",
			"type": "mined",
			"id": "log_658578bc"
		}
	],
	"logsBloom": "0x00000000000000000000000000020000000000000000000000000000000000000000000000000000000000000000000000000000000000000000000000000000000000000000010000000008000000000000000010000000200000000020000000000000000000000000000000000000000000000000000000000010000000000000000000000000000000000000000000000000000000000000000000000000000000000000000080000000000000000000000000000000000000010000000000001002000000000000000000000000000000000004000000000000000000000000000000000000000000000000000000000000000000000000000000000000",
	"root": null,
	"status": "0x1",
	"transactionHash": "0x27c1271d2d16742e9ec4afad2f2b28818c43d572210526f2c457f042b0e53b54",
	"transactionIndex": 33
}
[2018-04-21T15:42:43.327] [DEBUG] trans - TO:   0x892ea79f0e4269b164bac91fedb053fad9fcbd4d
[2018-04-21T15:42:43.327] [DEBUG] trans - AMOUNT:   300819800000000000000
[2018-04-21T15:42:43.327] [DEBUG] trans - Receipt info:  {
	"blockHash": "0xe7716d8a2ec1c1ad712e9d1550a9b34c8eee8f449915f66e1546e5643fb7b5aa",
	"blockNumber": 5480522,
	"contractAddress": null,
	"cumulativeGasUsed": 1588344,
	"gasUsed": 51653,
	"logs": [
		{
			"address": "0x7e9e431a0B8c4D532C745B1043c7FA29a48D4fBa",
			"blockHash": "0xe7716d8a2ec1c1ad712e9d1550a9b34c8eee8f449915f66e1546e5643fb7b5aa",
			"blockNumber": 5480522,
			"data": "0x0000000000000000000000000000000000000000000000104eb69e49d40d8000",
			"logIndex": 23,
			"topics": [
				"0xddf252ad1be2c89b69c2b068fc378daa952ba7f163c4a11628f55a4df523b3ef",
				"0x000000000000000000000000468b858c964f297fd8fce058032bf4b4911a8ad8",
				"0x000000000000000000000000892ea79f0e4269b164bac91fedb053fad9fcbd4d"
			],
			"transactionHash": "0xc88bd2a1ba2d9c23abb2af69442fd0ff3f269985796ebb40ad5fb6e41ff170f3",
			"transactionIndex": 37,
			"transactionLogIndex": "0x0",
			"type": "mined",
			"id": "log_a83ea516"
		}
	],
	"logsBloom": "0x00000000000000000000000000020000000000000000000000000000000000000000000000000008040000000000000000000000000000000000000000000000000000000000010000000008000000000000000000000000000000000020000000000000000000000000000000000000000000000000000000000010000000000000000000000000000000000000000000000000000000000000000000000000000000000000000080000000000000000000000000000000000000010000000000001002000000000000000000000000000000000000000000000000000000000000000000000000010000000000000000000000000000000000000000000000",
	"root": null,
	"status": "0x1",
	"transactionHash": "0xc88bd2a1ba2d9c23abb2af69442fd0ff3f269985796ebb40ad5fb6e41ff170f3",
	"transactionIndex": 37
}
[2018-04-21T15:42:43.328] [DEBUG] trans - TO:   0x965750e876eb5055937f5f8c3c19e2dd17c75d1d
[2018-04-21T15:42:43.328] [DEBUG] trans - AMOUNT:   300812900000000000000
[2018-04-21T15:42:43.328] [DEBUG] trans - Receipt info:  {
	"blockHash": "0xe7716d8a2ec1c1ad712e9d1550a9b34c8eee8f449915f66e1546e5643fb7b5aa",
	"blockNumber": 5480522,
	"contractAddress": null,
	"cumulativeGasUsed": 1639997,
	"gasUsed": 51653,
	"logs": [
		{
			"address": "0x7e9e431a0B8c4D532C745B1043c7FA29a48D4fBa",
			"blockHash": "0xe7716d8a2ec1c1ad712e9d1550a9b34c8eee8f449915f66e1546e5643fb7b5aa",
			"blockNumber": 5480522,
			"data": "0x0000000000000000000000000000000000000000000000104e9e1ac6631a4000",
			"logIndex": 24,
			"topics": [
				"0xddf252ad1be2c89b69c2b068fc378daa952ba7f163c4a11628f55a4df523b3ef",
				"0x000000000000000000000000468b858c964f297fd8fce058032bf4b4911a8ad8",
				"0x000000000000000000000000965750e876eb5055937f5f8c3c19e2dd17c75d1d"
			],
			"transactionHash": "0x63feb3f5140b37128f5a1cbc68feb68f0ccc43d17ac9579e197203cbe7e473bc",
			"transactionIndex": 38,
			"transactionLogIndex": "0x0",
			"type": "mined",
			"id": "log_194b6507"
		}
	],
	"logsBloom": "0x00000000000000000000000000020000000000000000000000000000000000000000000000000000000000000000000000000000000000000000000000000000000000000000010000000008000000000000000000000000008000000020000000000000000000000000000000000000000000000000000000000010000000000000000000000000000000000000000000000000000000000000020000000000000000000000000080000020000000000000000000000000000000010000000000001002000000000000000000000000000000000000000000000000000000000000000000000000000000000000000000000000000000000000000000000000",
	"root": null,
	"status": "0x1",
	"transactionHash": "0x63feb3f5140b37128f5a1cbc68feb68f0ccc43d17ac9579e197203cbe7e473bc",
	"transactionIndex": 38
}
[2018-04-21T15:42:43.329] [DEBUG] trans - TO:   0x3d0f8d4802e40f290ba2404273d1a7b052af61ff
[2018-04-21T15:42:43.329] [DEBUG] trans - AMOUNT:   300820500000000000000
[2018-04-21T15:42:43.329] [DEBUG] trans - Receipt info:  {
	"blockHash": "0xe7716d8a2ec1c1ad712e9d1550a9b34c8eee8f449915f66e1546e5643fb7b5aa",
	"blockNumber": 5480522,
	"contractAddress": null,
	"cumulativeGasUsed": 1536691,
	"gasUsed": 51653,
	"logs": [
		{
			"address": "0x7e9e431a0B8c4D532C745B1043c7FA29a48D4fBa",
			"blockHash": "0xe7716d8a2ec1c1ad712e9d1550a9b34c8eee8f449915f66e1546e5643fb7b5aa",
			"blockNumber": 5480522,
			"data": "0x0000000000000000000000000000000000000000000000104eb91aef47654000",
			"logIndex": 22,
			"topics": [
				"0xddf252ad1be2c89b69c2b068fc378daa952ba7f163c4a11628f55a4df523b3ef",
				"0x000000000000000000000000468b858c964f297fd8fce058032bf4b4911a8ad8",
				"0x0000000000000000000000003d0f8d4802e40f290ba2404273d1a7b052af61ff"
			],
			"transactionHash": "0xb4b0dc555fb5ee0c35b07d4ac8d7e14205ab97756395c524e8586bdc89f287be",
			"transactionIndex": 36,
			"transactionLogIndex": "0x0",
			"type": "mined",
			"id": "log_34667320"
		}
	],
	"logsBloom": "0x00000000000000000000000000020000000000000000000000000000000000000000000000000400000000000000000000000000000000000000000000000000000000000000010000000008000000000000000000000000000000000020000000000000000000000000000000000000000000000000000000000010000000000000000000000000000000000000000000000000000000000000000000000000004000000000000080000000000000000000000000000000000000010000000000001002000000040000000000000000000000000000000000000000000000000000000000000000000000000000000000000000000000000000000000000000",
	"root": null,
	"status": "0x1",
	"transactionHash": "0xb4b0dc555fb5ee0c35b07d4ac8d7e14205ab97756395c524e8586bdc89f287be",
	"transactionIndex": 36
}
[2018-04-21T15:42:43.330] [DEBUG] trans - TO:   0x0d2c066a8578b61f294f475ae2a25fc9cb79b4a5
[2018-04-21T15:42:43.330] [DEBUG] trans - AMOUNT:   300867000000000000000
[2018-04-21T15:42:43.330] [DEBUG] trans - Receipt info:  {
	"blockHash": "0xe7716d8a2ec1c1ad712e9d1550a9b34c8eee8f449915f66e1546e5643fb7b5aa",
	"blockNumber": 5480522,
	"contractAddress": null,
	"cumulativeGasUsed": 968764,
	"gasUsed": 51653,
	"logs": [
		{
			"address": "0x7e9e431a0B8c4D532C745B1043c7FA29a48D4fBa",
			"blockHash": "0xe7716d8a2ec1c1ad712e9d1550a9b34c8eee8f449915f66e1546e5643fb7b5aa",
			"blockNumber": 5480522,
			"data": "0x0000000000000000000000000000000000000000000000104f5e4e7035738000",
			"logIndex": 11,
			"topics": [
				"0xddf252ad1be2c89b69c2b068fc378daa952ba7f163c4a11628f55a4df523b3ef",
				"0x000000000000000000000000468b858c964f297fd8fce058032bf4b4911a8ad8",
				"0x0000000000000000000000000d2c066a8578b61f294f475ae2a25fc9cb79b4a5"
			],
			"transactionHash": "0x0042503e15824f6e337e61afacc644ddad4a555dc84247d159cdcb12e43d7a65",
			"transactionIndex": 25,
			"transactionLogIndex": "0x0",
			"type": "mined",
			"id": "log_11ecaafc"
		}
	],
	"logsBloom": "0x00000000000000000000008000020000000000000000000000000000000000000000000000000000000000000000000000000000000000000000000000000000000000000000010000000008000000000000000000000000000000000020000000000000000000000000000000000000000000000000000000000010000000000000000000000000000000000000000000000000000000000000000000000000000000000000000080000000000000000000000000000000080000010000000010001002000000000000000000000000000000000000000000000000000000000000000000000000000000000000000000000000000000000000000000000000",
	"root": null,
	"status": "0x1",
	"transactionHash": "0x0042503e15824f6e337e61afacc644ddad4a555dc84247d159cdcb12e43d7a65",
	"transactionIndex": 25
}
[2018-04-21T15:42:43.330] [DEBUG] trans - TO:   0xd99e614479b3f437e64e5d518b4bd722141cdcc2
[2018-04-21T15:42:43.330] [DEBUG] trans - AMOUNT:   300805900000000000000
[2018-04-21T15:42:43.331] [DEBUG] trans - Receipt info:  {
	"blockHash": "0xe7716d8a2ec1c1ad712e9d1550a9b34c8eee8f449915f66e1546e5643fb7b5aa",
	"blockNumber": 5480522,
	"contractAddress": null,
	"cumulativeGasUsed": 1691650,
	"gasUsed": 51653,
	"logs": [
		{
			"address": "0x7e9e431a0B8c4D532C745B1043c7FA29a48D4fBa",
			"blockHash": "0xe7716d8a2ec1c1ad712e9d1550a9b34c8eee8f449915f66e1546e5643fb7b5aa",
			"blockNumber": 5480522,
			"data": "0x0000000000000000000000000000000000000000000000104e853c4fe1acc000",
			"logIndex": 25,
			"topics": [
				"0xddf252ad1be2c89b69c2b068fc378daa952ba7f163c4a11628f55a4df523b3ef",
				"0x000000000000000000000000468b858c964f297fd8fce058032bf4b4911a8ad8",
				"0x000000000000000000000000d99e614479b3f437e64e5d518b4bd722141cdcc2"
			],
			"transactionHash": "0xba2e7613ce75773e11e66cb0ccc47451183e25a22d79be022afc39039f1a00d6",
			"transactionIndex": 39,
			"transactionLogIndex": "0x0",
			"type": "mined",
			"id": "log_2dd4d7a1"
		}
	],
	"logsBloom": "0x00000000000000000000000000020000000000000000000000000000000000000000000000000000000000000000000000000000000000000000000000000000000000000000010000000008000000000000000000000000000000000020000000000000000000000000000000000100000000000000000000000010000000000000000000000000000000000000000000000000000000000000000000000000000000000000000080000000000000000000000000000000000000010000000000001002000000000000000000000000000000000000000000000000000000000004000000000000000000000020000000000000000000000000000000000000",
	"root": null,
	"status": "0x1",
	"transactionHash": "0xba2e7613ce75773e11e66cb0ccc47451183e25a22d79be022afc39039f1a00d6",
	"transactionIndex": 39
}
[2018-04-21T15:42:43.331] [DEBUG] trans - TO:   0x1720ee1a9438ce733141569bf8dcd31e43a55bee
[2018-04-21T15:42:43.331] [DEBUG] trans - AMOUNT:   300800000000000000000
[2018-04-21T15:42:43.331] [DEBUG] trans - Receipt info:  {
	"blockHash": "0xe7716d8a2ec1c1ad712e9d1550a9b34c8eee8f449915f66e1546e5643fb7b5aa",
	"blockNumber": 5480522,
	"contractAddress": null,
	"cumulativeGasUsed": 1743239,
	"gasUsed": 51589,
	"logs": [
		{
			"address": "0x7e9e431a0B8c4D532C745B1043c7FA29a48D4fBa",
			"blockHash": "0xe7716d8a2ec1c1ad712e9d1550a9b34c8eee8f449915f66e1546e5643fb7b5aa",
			"blockNumber": 5480522,
			"data": "0x0000000000000000000000000000000000000000000000104e70464b15800000",
			"logIndex": 26,
			"topics": [
				"0xddf252ad1be2c89b69c2b068fc378daa952ba7f163c4a11628f55a4df523b3ef",
				"0x000000000000000000000000468b858c964f297fd8fce058032bf4b4911a8ad8",
				"0x0000000000000000000000001720ee1a9438ce733141569bf8dcd31e43a55bee"
			],
			"transactionHash": "0xf32e3027a4981aa4ea61b9d50b285a49a5205ce7cb3e6a743d2a19ce70a345ad",
			"transactionIndex": 40,
			"transactionLogIndex": "0x0",
			"type": "mined",
			"id": "log_4e34d71e"
		}
	],
	"logsBloom": "0x00000000000000000000000000020000000000000000000000000000000000008000000000000000000000000000000000000000000000000000000000000000000000040000010000000008000000000000000000000000000000000020000000000000000000000000000000000000000000000000000000000010000000000000000000000000000000000000000000000000000000000000000000000000000000000000000080000000000000000000000000020000000000010000000000001002000000000000000000000000000000000000000000000000000000000000000000000000000000000000000000000000000000000000000000000000",
	"root": null,
	"status": "0x1",
	"transactionHash": "0xf32e3027a4981aa4ea61b9d50b285a49a5205ce7cb3e6a743d2a19ce70a345ad",
	"transactionIndex": 40
}
