[2018-04-22T14:17:01.140] [DEBUG] trans - TO:   0x21eedbe6013105c8074dde119fea459bad8364dd
[2018-04-22T14:17:01.141] [DEBUG] trans - AMOUNT:   405396600000000000000
[2018-04-22T14:17:01.141] [DEBUG] trans - Receipt info:  {
	"blockHash": "0x34b610fd27c155a482b1ac9315d00bb50de1539bb248445844d0e204ffb4a327",
	"blockNumber": 5486038,
	"contractAddress": null,
	"cumulativeGasUsed": 2941072,
	"gasUsed": 51653,
	"logs": [
		{
			"address": "0x7e9e431a0B8c4D532C745B1043c7FA29a48D4fBa",
			"blockHash": "0x34b610fd27c155a482b1ac9315d00bb50de1539bb248445844d0e204ffb4a327",
			"blockNumber": 5486038,
			"data": "0x000000000000000000000000000000000000000000000015fa020bd1171f8000",
			"logIndex": 40,
			"topics": [
				"0xddf252ad1be2c89b69c2b068fc378daa952ba7f163c4a11628f55a4df523b3ef",
				"0x000000000000000000000000468b858c964f297fd8fce058032bf4b4911a8ad8",
				"0x00000000000000000000000021eedbe6013105c8074dde119fea459bad8364dd"
			],
			"transactionHash": "0x6695ce6437b52e8d2f64723c9054045c544b32c24f0adedb7ee410dc6fbc0a1b",
			"transactionIndex": 86,
			"transactionLogIndex": "0x0",
			"type": "mined",
			"id": "log_21a1176d"
		}
	],
	"logsBloom": "0x01000000000000000000000000020000000000000000000000000000000000000000000000000000000000000000000000000000000000000000000000000000000000000000010000000008000000000000000000000000000000000020000000000000000000000000000000000000000000000000000000000010000000000000000000000000000000000000000000000000000000000000000040000000000000000000000080000000000000000000002000000000000000010000000000001002000000000000000000000000000000000000000000000000000000000000000000000000000000000000000000000000000000000000000000000000",
	"root": null,
	"status": "0x1",
	"transactionHash": "0x6695ce6437b52e8d2f64723c9054045c544b32c24f0adedb7ee410dc6fbc0a1b",
	"transactionIndex": 86
}
[2018-04-22T14:17:14.155] [DEBUG] trans - TO:   0x93c72fac925a1a443663849546737ac97b9b6e5b
[2018-04-22T14:17:14.155] [DEBUG] trans - AMOUNT:   405381000000000000000
[2018-04-22T14:17:14.155] [DEBUG] trans - Receipt info:  {
	"blockHash": "0x82a34bd32fcce83f1ec4767157c500e5da0254c3e7432928a4058e68df7aefea",
	"blockNumber": 5486039,
	"contractAddress": null,
	"cumulativeGasUsed": 5464180,
	"gasUsed": 51653,
	"logs": [
		{
			"address": "0x7e9e431a0B8c4D532C745B1043c7FA29a48D4fBa",
			"blockHash": "0x82a34bd32fcce83f1ec4767157c500e5da0254c3e7432928a4058e68df7aefea",
			"blockNumber": 5486039,
			"data": "0x000000000000000000000000000000000000000000000015f9ca9fb30ca08000",
			"logIndex": 18,
			"topics": [
				"0xddf252ad1be2c89b69c2b068fc378daa952ba7f163c4a11628f55a4df523b3ef",
				"0x000000000000000000000000468b858c964f297fd8fce058032bf4b4911a8ad8",
				"0x00000000000000000000000093c72fac925a1a443663849546737ac97b9b6e5b"
			],
			"transactionHash": "0xd27425a3c8370a9e2121c264c1dd706c6e01e9c212fe9f529b4d8a4ac9cf3782",
			"transactionIndex": 50,
			"transactionLogIndex": "0x0",
			"type": "mined",
			"id": "log_99a78c50"
		}
	],
	"logsBloom": "0x00000000000000000000000000020000000000000000000000000000000000000000000000000000000000000000000000000000000000000000000000000000000000000000010000000008000000040000000000000000000000040020000000000000000000000000000000000000000000000000000000000010000000000000000000000000000000000000000000000000000000000000000000000000000000000000000080000000000000000000000000000000000000010000000000001002000000000000000000000000000000000000000000000000000000000000000000800000000000000000000000000000000000000000000000000000",
	"root": null,
	"status": "0x1",
	"transactionHash": "0xd27425a3c8370a9e2121c264c1dd706c6e01e9c212fe9f529b4d8a4ac9cf3782",
	"transactionIndex": 50
}
[2018-04-22T14:17:14.155] [DEBUG] trans - TO:   0x4758374800ec45a850ce2acdbfe0c24901c49487
[2018-04-22T14:17:14.155] [DEBUG] trans - AMOUNT:   405390000000000000000
[2018-04-22T14:17:14.156] [DEBUG] trans - Receipt info:  {
	"blockHash": "0x82a34bd32fcce83f1ec4767157c500e5da0254c3e7432928a4058e68df7aefea",
	"blockNumber": 5486039,
	"contractAddress": null,
	"cumulativeGasUsed": 5412527,
	"gasUsed": 51525,
	"logs": [
		{
			"address": "0x7e9e431a0B8c4D532C745B1043c7FA29a48D4fBa",
			"blockHash": "0x82a34bd32fcce83f1ec4767157c500e5da0254c3e7432928a4058e68df7aefea",
			"blockNumber": 5486039,
			"data": "0x000000000000000000000000000000000000000000000015f9ea9926d79b0000",
			"logIndex": 17,
			"topics": [
				"0xddf252ad1be2c89b69c2b068fc378daa952ba7f163c4a11628f55a4df523b3ef",
				"0x000000000000000000000000468b858c964f297fd8fce058032bf4b4911a8ad8",
				"0x0000000000000000000000004758374800ec45a850ce2acdbfe0c24901c49487"
			],
			"transactionHash": "0xd79556b31271fa090eb2d6950ea0773c2ff43674560c4b958fe10aca869ca51d",
			"transactionIndex": 49,
			"transactionLogIndex": "0x0",
			"type": "mined",
			"id": "log_b75ed3af"
		}
	],
	"logsBloom": "0x00000000000000000000000000020000000000000000000000000080000000000000000000000000000000000000000000000020000000000000000000000000000000000000010000000008000000000000000000000000000000000020000000000000000000000000000000000000000000000000000000000010000000000000000000000000000000400000000000000000000000000000000000000000000000000000000080000000000000000000000000000000000000010000000000001002000000000000000000000000000000000000000000000000000000000000000000000000000000000000000000000000000000000000000000000000",
	"root": null,
	"status": "0x1",
	"transactionHash": "0xd79556b31271fa090eb2d6950ea0773c2ff43674560c4b958fe10aca869ca51d",
	"transactionIndex": 49
}
[2018-04-22T14:17:14.156] [DEBUG] trans - TO:   0x3a94eba3e1c423f200dd56fc1e03c7a4b5de774f
[2018-04-22T14:17:14.156] [DEBUG] trans - AMOUNT:   405175600000000000000
[2018-04-22T14:17:14.156] [DEBUG] trans - Receipt info:  {
	"blockHash": "0x82a34bd32fcce83f1ec4767157c500e5da0254c3e7432928a4058e68df7aefea",
	"blockNumber": 5486039,
	"contractAddress": null,
	"cumulativeGasUsed": 5619011,
	"gasUsed": 51525,
	"logs": [
		{
			"address": "0x7e9e431a0B8c4D532C745B1043c7FA29a48D4fBa",
			"blockHash": "0x82a34bd32fcce83f1ec4767157c500e5da0254c3e7432928a4058e68df7aefea",
			"blockNumber": 5486039,
			"data": "0x000000000000000000000000000000000000000000000015f6f0e57cd7c30000",
			"logIndex": 21,
			"topics": [
				"0xddf252ad1be2c89b69c2b068fc378daa952ba7f163c4a11628f55a4df523b3ef",
				"0x000000000000000000000000468b858c964f297fd8fce058032bf4b4911a8ad8",
				"0x0000000000000000000000003a94eba3e1c423f200dd56fc1e03c7a4b5de774f"
			],
			"transactionHash": "0xb40d461a74617400cb8f1dd4661fce3dc99c624c78245cf285770ea075feb4e0",
			"transactionIndex": 53,
			"transactionLogIndex": "0x0",
			"type": "mined",
			"id": "log_4702d455"
		}
	],
	"logsBloom": "0x00000000000000000000000000020000000000000000000000000000000000000000000000000000000000000000000000000000000000000000000000000000100000000000010000008008000000000000000000000000000000000020000000000000000000000000000000000000000000000000000000000010000000000000000000000000000000000000000000000000000000000000000000000000000000000000000080000000000000000000000000000000000000010000000000001002000000000000000000001000000000000000000000000000000000000000000000000000000000000000000000000000000000000000000000000000",
	"root": null,
	"status": "0x1",
	"transactionHash": "0xb40d461a74617400cb8f1dd4661fce3dc99c624c78245cf285770ea075feb4e0",
	"transactionIndex": 53
}
[2018-04-22T14:17:14.156] [DEBUG] trans - TO:   0x70e9e3ee37df121be7b443566678979160663617
[2018-04-22T14:17:14.156] [DEBUG] trans - AMOUNT:   405292500000000000000
[2018-04-22T14:17:14.156] [DEBUG] trans - Receipt info:  {
	"blockHash": "0x82a34bd32fcce83f1ec4767157c500e5da0254c3e7432928a4058e68df7aefea",
	"blockNumber": 5486039,
	"contractAddress": null,
	"cumulativeGasUsed": 5515833,
	"gasUsed": 51653,
	"logs": [
		{
			"address": "0x7e9e431a0B8c4D532C745B1043c7FA29a48D4fBa",
			"blockHash": "0x82a34bd32fcce83f1ec4767157c500e5da0254c3e7432928a4058e68df7aefea",
			"blockNumber": 5486039,
			"data": "0x000000000000000000000000000000000000000000000015f890356b16014000",
			"logIndex": 19,
			"topics": [
				"0xddf252ad1be2c89b69c2b068fc378daa952ba7f163c4a11628f55a4df523b3ef",
				"0x000000000000000000000000468b858c964f297fd8fce058032bf4b4911a8ad8",
				"0x00000000000000000000000070e9e3ee37df121be7b443566678979160663617"
			],
			"transactionHash": "0xde02fc7c09a42fd505a35646ddb7e334f191edd891272336b84e0f61cbe5eee4",
			"transactionIndex": 51,
			"transactionLogIndex": "0x0",
			"type": "mined",
			"id": "log_fce759e8"
		}
	],
	"logsBloom": "0x00000000000800000000000000020000000000000000000000000000000000000000000000000000000000000000000000000000000000000000000000000100000000000000010000000008000000000000000000000000000000000020000000000000000000000000000000000000000000000000000000000010000000000000000000000000000000000000000000000000000000000000000000000000000000000000000080000000000000000000000000000000000000010000000000001002000000000000000000000000000000000000000000000000000000000000000000000000200000000000000000000000000000000000000000000000",
	"root": null,
	"status": "0x1",
	"transactionHash": "0xde02fc7c09a42fd505a35646ddb7e334f191edd891272336b84e0f61cbe5eee4",
	"transactionIndex": 51
}
[2018-04-22T14:17:14.158] [DEBUG] trans - TO:   0x7dec7e949c025b6c9cf0f7bd176da4da36502d5b
[2018-04-22T14:17:14.158] [DEBUG] trans - AMOUNT:   405143800000000000000
[2018-04-22T14:17:14.158] [DEBUG] trans - Receipt info:  {
	"blockHash": "0x82a34bd32fcce83f1ec4767157c500e5da0254c3e7432928a4058e68df7aefea",
	"blockNumber": 5486039,
	"contractAddress": null,
	"cumulativeGasUsed": 5722317,
	"gasUsed": 51653,
	"logs": [
		{
			"address": "0x7e9e431a0B8c4D532C745B1043c7FA29a48D4fBa",
			"blockHash": "0x82a34bd32fcce83f1ec4767157c500e5da0254c3e7432928a4058e68df7aefea",
			"blockNumber": 5486039,
			"data": "0x000000000000000000000000000000000000000000000015f67feb8e5fe78000",
			"logIndex": 23,
			"topics": [
				"0xddf252ad1be2c89b69c2b068fc378daa952ba7f163c4a11628f55a4df523b3ef",
				"0x000000000000000000000000468b858c964f297fd8fce058032bf4b4911a8ad8",
				"0x0000000000000000000000007dec7e949c025b6c9cf0f7bd176da4da36502d5b"
			],
			"transactionHash": "0x907b40be4ac46ac123c1a9f4856d9d125e17076d633eb28368e3184c79201258",
			"transactionIndex": 55,
			"transactionLogIndex": "0x0",
			"type": "mined",
			"id": "log_2c9d6cc9"
		}
	],
	"logsBloom": "0x00000000000000000000000000020000000000000000000000000000000000000000000400000000000000000000000000000000000000000000000000000000000000000000010000000008000000000000000000000000000000000020000000000000000000000000000000000000000000000000000000000010000000000000000000000000000000000040000000000000000000000000000000000000000000000000000080000000000000000000000000000000000000010000000000001002000000000000000000000000000000000000000000000000000000000000000000000000000000800000000000000000000000000000000000000000",
	"root": null,
	"status": "0x1",
	"transactionHash": "0x907b40be4ac46ac123c1a9f4856d9d125e17076d633eb28368e3184c79201258",
	"transactionIndex": 55
}
[2018-04-22T14:17:14.158] [DEBUG] trans - TO:   0x37b9849ad5301ecc0b25ac3223fa9d47121831e2
[2018-04-22T14:17:14.158] [DEBUG] trans - AMOUNT:   405151100000000000000
[2018-04-22T14:17:14.158] [DEBUG] trans - Receipt info:  {
	"blockHash": "0x82a34bd32fcce83f1ec4767157c500e5da0254c3e7432928a4058e68df7aefea",
	"blockNumber": 5486039,
	"contractAddress": null,
	"cumulativeGasUsed": 5670664,
	"gasUsed": 51653,
	"logs": [
		{
			"address": "0x7e9e431a0B8c4D532C745B1043c7FA29a48D4fBa",
			"blockHash": "0x82a34bd32fcce83f1ec4767157c500e5da0254c3e7432928a4058e68df7aefea",
			"blockNumber": 5486039,
			"data": "0x000000000000000000000000000000000000000000000015f699dade12c3c000",
			"logIndex": 22,
			"topics": [
				"0xddf252ad1be2c89b69c2b068fc378daa952ba7f163c4a11628f55a4df523b3ef",
				"0x000000000000000000000000468b858c964f297fd8fce058032bf4b4911a8ad8",
				"0x00000000000000000000000037b9849ad5301ecc0b25ac3223fa9d47121831e2"
			],
			"transactionHash": "0x1d576fd56c9ae9ff8638c6cc98d7c8d0cda911c2222867a181a6d6ac71b2db8f",
			"transactionIndex": 54,
			"transactionLogIndex": "0x0",
			"type": "mined",
			"id": "log_02f80164"
		}
	],
	"logsBloom": "0x00000000000000002000000000020000000000000000000000000000000000000000008000000000000000000000000000000000000000000000000000000000000000000000010000000008000000000000001000000000000000000020000000000000000000000000000000000000000000000000000000000010000000000000000000000000000000000000000000000000000000000000000000000000000000000000000080000000000000000000000000000000000000010000000000001002000000000000000000000000000000000000000000000000000000000000000000000000000000000000000000000000000000000000000000000000",
	"root": null,
	"status": "0x1",
	"transactionHash": "0x1d576fd56c9ae9ff8638c6cc98d7c8d0cda911c2222867a181a6d6ac71b2db8f",
	"transactionIndex": 54
}
[2018-04-22T14:17:14.159] [DEBUG] trans - TO:   0x69e8427e3a2f234339fe07cf8c9950f755fcf2a8
[2018-04-22T14:17:14.159] [DEBUG] trans - AMOUNT:   405045200000000000000
[2018-04-22T14:17:14.159] [DEBUG] trans - Receipt info:  {
	"blockHash": "0x82a34bd32fcce83f1ec4767157c500e5da0254c3e7432928a4058e68df7aefea",
	"blockNumber": 5486039,
	"contractAddress": null,
	"cumulativeGasUsed": 5980454,
	"gasUsed": 51589,
	"logs": [
		{
			"address": "0x7e9e431a0B8c4D532C745B1043c7FA29a48D4fBa",
			"blockHash": "0x82a34bd32fcce83f1ec4767157c500e5da0254c3e7432928a4058e68df7aefea",
			"blockNumber": 5486039,
			"data": "0x000000000000000000000000000000000000000000000015f5219f60e90d0000",
			"logIndex": 28,
			"topics": [
				"0xddf252ad1be2c89b69c2b068fc378daa952ba7f163c4a11628f55a4df523b3ef",
				"0x000000000000000000000000468b858c964f297fd8fce058032bf4b4911a8ad8",
				"0x00000000000000000000000069e8427e3a2f234339fe07cf8c9950f755fcf2a8"
			],
			"transactionHash": "0x9bdcc6d26463bab9cb09a961a6448c6d14d0a45dfbd2978f9fd86b76529b7979",
			"transactionIndex": 60,
			"transactionLogIndex": "0x0",
			"type": "mined",
			"id": "log_25ffae5d"
		}
	],
	"logsBloom": "0x00000000000000000000000000020000000000000000000000000000000000000000000000000000000000000000000000000000000000000000000000000000000000000000010000000008000000000000000000000000000000000020000000000000000000000000000000000000000000000000000000000010000000000000000000000000000000000000000000000000000000000000000000000800000000000000000280000000000000000000000000000000000000010000010000001002000000000000000000000000000000000000000000000000000000000000000000000000000000000000000000000000000000000000000000000000",
	"root": null,
	"status": "0x1",
	"transactionHash": "0x9bdcc6d26463bab9cb09a961a6448c6d14d0a45dfbd2978f9fd86b76529b7979",
	"transactionIndex": 60
}
[2018-04-22T14:17:14.159] [DEBUG] trans - TO:   0xb3bc082be5a3593fea31f90131f55f0cf5d4363e
[2018-04-22T14:17:14.159] [DEBUG] trans - AMOUNT:   405227100000000000000
[2018-04-22T14:17:14.159] [DEBUG] trans - Receipt info:  {
	"blockHash": "0x82a34bd32fcce83f1ec4767157c500e5da0254c3e7432928a4058e68df7aefea",
	"blockNumber": 5486039,
	"contractAddress": null,
	"cumulativeGasUsed": 5567486,
	"gasUsed": 51653,
	"logs": [
		{
			"address": "0x7e9e431a0B8c4D532C745B1043c7FA29a48D4fBa",
			"blockHash": "0x82a34bd32fcce83f1ec4767157c500e5da0254c3e7432928a4058e68df7aefea",
			"blockNumber": 5486039,
			"data": "0x000000000000000000000000000000000000000000000015f7a7dc76fdb1c000",
			"logIndex": 20,
			"topics": [
				"0xddf252ad1be2c89b69c2b068fc378daa952ba7f163c4a11628f55a4df523b3ef",
				"0x000000000000000000000000468b858c964f297fd8fce058032bf4b4911a8ad8",
				"0x000000000000000000000000b3bc082be5a3593fea31f90131f55f0cf5d4363e"
			],
			"transactionHash": "0x93b6e30edf539e9bad658bb1d1f58598cf402104b976a7b784714b75f19b2f1c",
			"transactionIndex": 52,
			"transactionLogIndex": "0x0",
			"type": "mined",
			"id": "log_e5c64fda"
		}
	],
	"logsBloom": "0x00000000000000000000000000020800000000000000000000000000000000000000000000000000000000000000000000000000000000000000000000000000000000000000010000000008000000000000000000000000000000000020000000000000000000000000000000000000000000000000000000000010000000000000000000000000000002000000000000000000000000000000000000000000000000000000000080000000000000000004000000000000000000010000000000001002000000000000000000000000000000000000000000000000000000000000000000000000000000000000000000000000000000000000000000000000",
	"root": null,
	"status": "0x1",
	"transactionHash": "0x93b6e30edf539e9bad658bb1d1f58598cf402104b976a7b784714b75f19b2f1c",
	"transactionIndex": 52
}
[2018-04-22T14:17:14.160] [DEBUG] trans - TO:   0xd7225f258824feb40a49b82c5b66c949506964a3
[2018-04-22T14:17:14.160] [DEBUG] trans - AMOUNT:   405122300000000000000
[2018-04-22T14:17:14.160] [DEBUG] trans - Receipt info:  {
	"blockHash": "0x82a34bd32fcce83f1ec4767157c500e5da0254c3e7432928a4058e68df7aefea",
	"blockNumber": 5486039,
	"contractAddress": null,
	"cumulativeGasUsed": 5773970,
	"gasUsed": 51653,
	"logs": [
		{
			"address": "0x7e9e431a0B8c4D532C745B1043c7FA29a48D4fBa",
			"blockHash": "0x82a34bd32fcce83f1ec4767157c500e5da0254c3e7432928a4058e68df7aefea",
			"blockNumber": 5486039,
			"data": "0x000000000000000000000000000000000000000000000015f633896b893bc000",
			"logIndex": 24,
			"topics": [
				"0xddf252ad1be2c89b69c2b068fc378daa952ba7f163c4a11628f55a4df523b3ef",
				"0x000000000000000000000000468b858c964f297fd8fce058032bf4b4911a8ad8",
				"0x000000000000000000000000d7225f258824feb40a49b82c5b66c949506964a3"
			],
			"transactionHash": "0xb041481d801f1f1a04b94e7194dd69526ded272e8c83bf40a5a99f5fe3dbdb19",
			"transactionIndex": 56,
			"transactionLogIndex": "0x0",
			"type": "mined",
			"id": "log_efea00d3"
		}
	],
	"logsBloom": "0x00000000000000000000000000020000000000000000000000000000000000000000000000000000000000000000000000000000000000000000000000000000000000000000010000000008000000000001000000000000000000000020000000000000000000000100000000000000000000000000000000800010000000000000000000000000000000000000000000000000000000000000000000000000000000000000000080000000000000000000000000000000000000010000000000001002000000000000000000000000000000000000000000000000000000000000000000000000000000000000000000000000000000000000000000000000",
	"root": null,
	"status": "0x1",
	"transactionHash": "0xb041481d801f1f1a04b94e7194dd69526ded272e8c83bf40a5a99f5fe3dbdb19",
	"transactionIndex": 56
}
[2018-04-22T14:17:14.160] [DEBUG] trans - TO:   0x69ebb461e7677c1f3b85d4baa269c08a1da35ad0
[2018-04-22T14:17:14.160] [DEBUG] trans - AMOUNT:   405050000000000000000
[2018-04-22T14:17:14.160] [DEBUG] trans - Receipt info:  {
	"blockHash": "0x82a34bd32fcce83f1ec4767157c500e5da0254c3e7432928a4058e68df7aefea",
	"blockNumber": 5486039,
	"contractAddress": null,
	"cumulativeGasUsed": 5928865,
	"gasUsed": 51589,
	"logs": [
		{
			"address": "0x7e9e431a0B8c4D532C745B1043c7FA29a48D4fBa",
			"blockHash": "0x82a34bd32fcce83f1ec4767157c500e5da0254c3e7432928a4058e68df7aefea",
			"blockNumber": 5486039,
			"data": "0x000000000000000000000000000000000000000000000015f532acf3fff90000",
			"logIndex": 27,
			"topics": [
				"0xddf252ad1be2c89b69c2b068fc378daa952ba7f163c4a11628f55a4df523b3ef",
				"0x000000000000000000000000468b858c964f297fd8fce058032bf4b4911a8ad8",
				"0x00000000000000000000000069ebb461e7677c1f3b85d4baa269c08a1da35ad0"
			],
			"transactionHash": "0x0b50d0c3af39f553cb1badb17d00033c51b8016fbae05055ad1591f7e497d045",
			"transactionIndex": 59,
			"transactionLogIndex": "0x0",
			"type": "mined",
			"id": "log_a66ca785"
		}
	],
	"logsBloom": "0x00000000000000000000000000020000000000000000000000000000000000000000000000000001000000000000000000000000000000000000000000000000000000000000010000000008000000000000000000000000000000000020000000000000000000000000000000000000000000000000000000000010000000000000000000000000000000000000000000000000000000000000000000000000000000000000000080000000000000000000000000000000000000010000000000001002000000000000000000000000000000000000000000000000000000010000000000040000000000000000000000000000000000000000000000000000",
	"root": null,
	"status": "0x1",
	"transactionHash": "0x0b50d0c3af39f553cb1badb17d00033c51b8016fbae05055ad1591f7e497d045",
	"transactionIndex": 59
}
[2018-04-22T14:17:14.160] [DEBUG] trans - TO:   0xa9af5259db427ff1e9966c9aa7b1e50f20e320ab
[2018-04-22T14:17:14.161] [DEBUG] trans - AMOUNT:   405094700000000000000
[2018-04-22T14:17:14.161] [DEBUG] trans - Receipt info:  {
	"blockHash": "0x82a34bd32fcce83f1ec4767157c500e5da0254c3e7432928a4058e68df7aefea",
	"blockNumber": 5486039,
	"contractAddress": null,
	"cumulativeGasUsed": 5825623,
	"gasUsed": 51653,
	"logs": [
		{
			"address": "0x7e9e431a0B8c4D532C745B1043c7FA29a48D4fBa",
			"blockHash": "0x82a34bd32fcce83f1ec4767157c500e5da0254c3e7432928a4058e68df7aefea",
			"blockNumber": 5486039,
			"data": "0x000000000000000000000000000000000000000000000015f5d17b5dc56ec000",
			"logIndex": 25,
			"topics": [
				"0xddf252ad1be2c89b69c2b068fc378daa952ba7f163c4a11628f55a4df523b3ef",
				"0x000000000000000000000000468b858c964f297fd8fce058032bf4b4911a8ad8",
				"0x000000000000000000000000a9af5259db427ff1e9966c9aa7b1e50f20e320ab"
			],
			"transactionHash": "0xc2fb89386a12260ce5bbd4b13f6914e5b44a878721a2207d55cb41941dfb2f57",
			"transactionIndex": 57,
			"transactionLogIndex": "0x0",
			"type": "mined",
			"id": "log_a14c7d6b"
		}
	],
	"logsBloom": "0x00000000000000000000000000020000000000000000000000000000000000000000000000000000000000000000000000000000000000000000000000000000000000000000010000000008000000000000000000000000000000000020000000000000000000000000000000000000000000000000000000000010000000000000000000000000000000000000000000000000000000000000000000000002000000000000000080000000020000000000000000000000000000010000000000001002000000000000000000000000000000000000000000000000000000000000000000000000000000000000000000000000000000000000000000010000",
	"root": null,
	"status": "0x1",
	"transactionHash": "0xc2fb89386a12260ce5bbd4b13f6914e5b44a878721a2207d55cb41941dfb2f57",
	"transactionIndex": 57
}
[2018-04-22T14:17:14.161] [DEBUG] trans - TO:   0x33fa68fbb274db2924b8ca4260157f7f5b6a2b85
[2018-04-22T14:17:14.161] [DEBUG] trans - AMOUNT:   405000000000000000000
[2018-04-22T14:17:14.161] [DEBUG] trans - Receipt info:  {
	"blockHash": "0x82a34bd32fcce83f1ec4767157c500e5da0254c3e7432928a4058e68df7aefea",
	"blockNumber": 5486039,
	"contractAddress": null,
	"cumulativeGasUsed": 6032043,
	"gasUsed": 51589,
	"logs": [
		{
			"address": "0x7e9e431a0B8c4D532C745B1043c7FA29a48D4fBa",
			"blockHash": "0x82a34bd32fcce83f1ec4767157c500e5da0254c3e7432928a4058e68df7aefea",
			"blockNumber": 5486039,
			"data": "0x000000000000000000000000000000000000000000000015f4810a37d1340000",
			"logIndex": 29,
			"topics": [
				"0xddf252ad1be2c89b69c2b068fc378daa952ba7f163c4a11628f55a4df523b3ef",
				"0x000000000000000000000000468b858c964f297fd8fce058032bf4b4911a8ad8",
				"0x00000000000000000000000033fa68fbb274db2924b8ca4260157f7f5b6a2b85"
			],
			"transactionHash": "0xf1c173a3fee8ae770237ff4d31a95e95c5bac96a5619496ef19cc8c95d245908",
			"transactionIndex": 61,
			"transactionLogIndex": "0x0",
			"type": "mined",
			"id": "log_83f7c405"
		}
	],
	"logsBloom": "0x00000000000000000000000000020000000000000000000000000000000000000000000000000000000000000000000000000000000000000000000000000000000000000000010000000009000000000000000000000000000000000020000000000000000000000000000000000000000000000000000000000010000000000000000000000000000000000000000000000000000000000000000000000000080000000000000080000000000000000000000000000000000000050000000000001002000000000000000000000000000000000000000000000000000000000000000000000000000000000000000000000000000000000000000000000000",
	"root": null,
	"status": "0x1",
	"transactionHash": "0xf1c173a3fee8ae770237ff4d31a95e95c5bac96a5619496ef19cc8c95d245908",
	"transactionIndex": 61
}
[2018-04-22T14:17:14.162] [DEBUG] trans - TO:   0x760e0db534073bfb16ee97bb6c60b8de1253491f
[2018-04-22T14:17:14.162] [DEBUG] trans - AMOUNT:   405000000000000000000
[2018-04-22T14:17:14.162] [DEBUG] trans - Receipt info:  {
	"blockHash": "0x82a34bd32fcce83f1ec4767157c500e5da0254c3e7432928a4058e68df7aefea",
	"blockNumber": 5486039,
	"contractAddress": null,
	"cumulativeGasUsed": 6135221,
	"gasUsed": 51589,
	"logs": [
		{
			"address": "0x7e9e431a0B8c4D532C745B1043c7FA29a48D4fBa",
			"blockHash": "0x82a34bd32fcce83f1ec4767157c500e5da0254c3e7432928a4058e68df7aefea",
			"blockNumber": 5486039,
			"data": "0x000000000000000000000000000000000000000000000015f4810a37d1340000",
			"logIndex": 31,
			"topics": [
				"0xddf252ad1be2c89b69c2b068fc378daa952ba7f163c4a11628f55a4df523b3ef",
				"0x000000000000000000000000468b858c964f297fd8fce058032bf4b4911a8ad8",
				"0x000000000000000000000000760e0db534073bfb16ee97bb6c60b8de1253491f"
			],
			"transactionHash": "0xf79a955f0e2cb025912fadc6fc24c65f72db056c9b8c5018be3e67461a541231",
			"transactionIndex": 63,
			"transactionLogIndex": "0x0",
			"type": "mined",
			"id": "log_773ef6d6"
		}
	],
	"logsBloom": "0x00000000000000000000000000020000000000000000000000000000000000000000000000000000000000000000000000000000000000000000000000000000000000000000010000000008000000000000000008000000000000000020000000000000000000000000000000000000000000000000000000000010000000000000000000000000000000000000000000000000000000000000000000000000000000000000000080000000000000000000000000000000000000010000000000001002000000000000000000000000020000000000000000000000000000002000000000000000000000000000000000000000000000000000000000000000",
	"root": null,
	"status": "0x1",
	"transactionHash": "0xf79a955f0e2cb025912fadc6fc24c65f72db056c9b8c5018be3e67461a541231",
	"transactionIndex": 63
}
[2018-04-22T14:17:14.162] [DEBUG] trans - TO:   0x703a15b1fe7728c323958255272fb68b73c5eac3
[2018-04-22T14:17:14.162] [DEBUG] trans - AMOUNT:   405000000000000000000
[2018-04-22T14:17:14.162] [DEBUG] trans - Receipt info:  {
	"blockHash": "0x82a34bd32fcce83f1ec4767157c500e5da0254c3e7432928a4058e68df7aefea",
	"blockNumber": 5486039,
	"contractAddress": null,
	"cumulativeGasUsed": 6083632,
	"gasUsed": 51589,
	"logs": [
		{
			"address": "0x7e9e431a0B8c4D532C745B1043c7FA29a48D4fBa",
			"blockHash": "0x82a34bd32fcce83f1ec4767157c500e5da0254c3e7432928a4058e68df7aefea",
			"blockNumber": 5486039,
			"data": "0x000000000000000000000000000000000000000000000015f4810a37d1340000",
			"logIndex": 30,
			"topics": [
				"0xddf252ad1be2c89b69c2b068fc378daa952ba7f163c4a11628f55a4df523b3ef",
				"0x000000000000000000000000468b858c964f297fd8fce058032bf4b4911a8ad8",
				"0x000000000000000000000000703a15b1fe7728c323958255272fb68b73c5eac3"
			],
			"transactionHash": "0x74023de176ad2053c4bca734a5443d94b8c87ce2dfc3d000768b1757740d13c2",
			"transactionIndex": 62,
			"transactionLogIndex": "0x0",
			"type": "mined",
			"id": "log_efaa44fd"
		}
	],
	"logsBloom": "0x00000000000000000000000000020000000100000000000000000000000000000000000000000000000000000000000000000000000000000000000000000000000000000000010000000008000000000000000010800000000000000020000000000000000000000000000000000000000000000000000000000010000000000000000000000000000000000000000000000000000000000000000000000000000000000000000080000000000000000000000000000000000000010000000000001002000000000000000000000000000000000000000000000000000000000000000000000000000000000000000000000000000000000000000000000000",
	"root": null,
	"status": "0x1",
	"transactionHash": "0x74023de176ad2053c4bca734a5443d94b8c87ce2dfc3d000768b1757740d13c2",
	"transactionIndex": 62
}
[2018-04-22T14:17:14.163] [DEBUG] trans - TO:   0x97e303393b9822b2d788a1bd00aeb2dcc44da407
[2018-04-22T14:17:14.163] [DEBUG] trans - AMOUNT:   405000000000000000000
[2018-04-22T14:17:14.163] [DEBUG] trans - Receipt info:  {
	"blockHash": "0x82a34bd32fcce83f1ec4767157c500e5da0254c3e7432928a4058e68df7aefea",
	"blockNumber": 5486039,
	"contractAddress": null,
	"cumulativeGasUsed": 6186746,
	"gasUsed": 51525,
	"logs": [
		{
			"address": "0x7e9e431a0B8c4D532C745B1043c7FA29a48D4fBa",
			"blockHash": "0x82a34bd32fcce83f1ec4767157c500e5da0254c3e7432928a4058e68df7aefea",
			"blockNumber": 5486039,
			"data": "0x000000000000000000000000000000000000000000000015f4810a37d1340000",
			"logIndex": 32,
			"topics": [
				"0xddf252ad1be2c89b69c2b068fc378daa952ba7f163c4a11628f55a4df523b3ef",
				"0x000000000000000000000000468b858c964f297fd8fce058032bf4b4911a8ad8",
				"0x00000000000000000000000097e303393b9822b2d788a1bd00aeb2dcc44da407"
			],
			"transactionHash": "0x5166faf7a74e1115e7958990eb37d56550bf50097b4fda61d6cf248a9c400323",
			"transactionIndex": 64,
			"transactionLogIndex": "0x0",
			"type": "mined",
			"id": "log_ef36bada"
		}
	],
	"logsBloom": "0x00000000000000000000000000020020000000000000000000000000000000000000000000000000000000000000000000000000000020000000000000000000000000000000010000000008000000000000000000000000000000000020000000000000000000040000000000000000000000000000000000000010000000000000000000000000000000000000000000000000000000000000000000000000000000000000000080000000000000000000000000000000000000010000000000001002000000000000000000000000000000000000000000000000000000000000000000000000000000000000000000000000000000000000000000000000",
	"root": null,
	"status": "0x1",
	"transactionHash": "0x5166faf7a74e1115e7958990eb37d56550bf50097b4fda61d6cf248a9c400323",
	"transactionIndex": 64
}
[2018-04-22T14:17:14.164] [DEBUG] trans - TO:   0x823b8418933b0d36c3d48ab745d5c5e1f07f14c8
[2018-04-22T14:17:14.164] [DEBUG] trans - AMOUNT:   404914200000000000000
[2018-04-22T14:17:14.164] [DEBUG] trans - Receipt info:  {
	"blockHash": "0x82a34bd32fcce83f1ec4767157c500e5da0254c3e7432928a4058e68df7aefea",
	"blockNumber": 5486039,
	"contractAddress": null,
	"cumulativeGasUsed": 6444819,
	"gasUsed": 51653,
	"logs": [
		{
			"address": "0x7e9e431a0B8c4D532C745B1043c7FA29a48D4fBa",
			"blockHash": "0x82a34bd32fcce83f1ec4767157c500e5da0254c3e7432928a4058e68df7aefea",
			"blockNumber": 5486039,
			"data": "0x000000000000000000000000000000000000000000000015f350379297798000",
			"logIndex": 37,
			"topics": [
				"0xddf252ad1be2c89b69c2b068fc378daa952ba7f163c4a11628f55a4df523b3ef",
				"0x000000000000000000000000468b858c964f297fd8fce058032bf4b4911a8ad8",
				"0x000000000000000000000000823b8418933b0d36c3d48ab745d5c5e1f07f14c8"
			],
			"transactionHash": "0x518166987ebcecd22532f84858391acfec69709c832f73ec2f925f5ccf2f4a12",
			"transactionIndex": 69,
			"transactionLogIndex": "0x0",
			"type": "mined",
			"id": "log_b6f4d6c9"
		}
	],
	"logsBloom": "0x01000000000000000000000000020000000000000000000000000000000000000000000000000000000000000000000000000000000000000000000000000000000000000000014000000008000000000000000000000000000000000020000000000000000000000000000000000000000000000000000000000010000000000000000000000000000000000000000000000000000000000000000000000000000000000000000080000000000000000000000000000000000000010000000000001002000000000000000000000000000000000000000000000000000000000000000000000000000000000000000000000000000000002000000000000000",
	"root": null,
	"status": "0x1",
	"transactionHash": "0x518166987ebcecd22532f84858391acfec69709c832f73ec2f925f5ccf2f4a12",
	"transactionIndex": 69
}
[2018-04-22T14:17:14.165] [DEBUG] trans - TO:   0x8d29de9409152b5e4cdfccc4a6faddaf9cb793c3
[2018-04-22T14:17:14.165] [DEBUG] trans - AMOUNT:   404984500000000000000
[2018-04-22T14:17:14.165] [DEBUG] trans - Receipt info:  {
	"blockHash": "0x82a34bd32fcce83f1ec4767157c500e5da0254c3e7432928a4058e68df7aefea",
	"blockNumber": 5486039,
	"contractAddress": null,
	"cumulativeGasUsed": 6393166,
	"gasUsed": 51653,
	"logs": [
		{
			"address": "0x7e9e431a0B8c4D532C745B1043c7FA29a48D4fBa",
			"blockHash": "0x82a34bd32fcce83f1ec4767157c500e5da0254c3e7432928a4058e68df7aefea",
			"blockNumber": 5486039,
			"data": "0x000000000000000000000000000000000000000000000015f449f90cd72f4000",
			"logIndex": 36,
			"topics": [
				"0xddf252ad1be2c89b69c2b068fc378daa952ba7f163c4a11628f55a4df523b3ef",
				"0x000000000000000000000000468b858c964f297fd8fce058032bf4b4911a8ad8",
				"0x0000000000000000000000008d29de9409152b5e4cdfccc4a6faddaf9cb793c3"
			],
			"transactionHash": "0x1f589bf15c0e8b0912a14e9ab3deb98d32b249e6561c59bd5e89b7c50726951a",
			"transactionIndex": 68,
			"transactionLogIndex": "0x0",
			"type": "mined",
			"id": "log_e4681eb2"
		}
	],
	"logsBloom": "0x00000000000000000000000000020000000000000000000000000000000000000000000000000010000000000000000000000000000002000000000000000000000000000000010000000008000000000000000000000000000000000020000000000000000000000000000000000000000000000000000000000010000000000000000000000000000000000000000000000000000000000000000000000000000000000000000080000000000000000000000000000000000000010000000000001002000000000000000000000000000000000000000000000000000800000000000000000000000000000000000000000000000000000000000000000000",
	"root": null,
	"status": "0x1",
	"transactionHash": "0x1f589bf15c0e8b0912a14e9ab3deb98d32b249e6561c59bd5e89b7c50726951a",
	"transactionIndex": 68
}
[2018-04-22T14:17:14.166] [DEBUG] trans - TO:   0x1579be59b2e04c6b06a0e33706d6d214debdfb89
[2018-04-22T14:17:14.166] [DEBUG] trans - AMOUNT:   405064500000000000000
[2018-04-22T14:17:14.166] [DEBUG] trans - Receipt info:  {
	"blockHash": "0x82a34bd32fcce83f1ec4767157c500e5da0254c3e7432928a4058e68df7aefea",
	"blockNumber": 5486039,
	"contractAddress": null,
	"cumulativeGasUsed": 5877276,
	"gasUsed": 51653,
	"logs": [
		{
			"address": "0x7e9e431a0B8c4D532C745B1043c7FA29a48D4fBa",
			"blockHash": "0x82a34bd32fcce83f1ec4767157c500e5da0254c3e7432928a4058e68df7aefea",
			"blockNumber": 5486039,
			"data": "0x000000000000000000000000000000000000000000000015f56630a055374000",
			"logIndex": 26,
			"topics": [
				"0xddf252ad1be2c89b69c2b068fc378daa952ba7f163c4a11628f55a4df523b3ef",
				"0x000000000000000000000000468b858c964f297fd8fce058032bf4b4911a8ad8",
				"0x0000000000000000000000001579be59b2e04c6b06a0e33706d6d214debdfb89"
			],
			"transactionHash": "0xafcff303b41ca357d2c66421fc429fb0ac9582013e9d289a4bdb038b799225b9",
			"transactionIndex": 58,
			"transactionLogIndex": "0x0",
			"type": "mined",
			"id": "log_1c893c2d"
		}
	],
	"logsBloom": "0x00000000000000000000000000020000000000000000000000000000000010000000000000000000000000000000000000000000000000000000001000000000000000000000010000000008000000000000000000000000000000000020000000000000000000000000000000000000000000000000000000000010000000000000000000000000000000000000000000000000000000000000000000000000000000000000000080000000000000000000000000000000000000010000000000001002000000000000000000000000000000000000000000000000000000000000000002000000000000000000000000000000000000000000000000000000",
	"root": null,
	"status": "0x1",
	"transactionHash": "0xafcff303b41ca357d2c66421fc429fb0ac9582013e9d289a4bdb038b799225b9",
	"transactionIndex": 58
}
[2018-04-22T14:17:14.167] [DEBUG] trans - TO:   0xabe9f1b2f95f65635e4181f09ae99fb15993ca86
[2018-04-22T14:17:14.168] [DEBUG] trans - AMOUNT:   405000000000000000000
[2018-04-22T14:17:14.168] [DEBUG] trans - Receipt info:  {
	"blockHash": "0x82a34bd32fcce83f1ec4767157c500e5da0254c3e7432928a4058e68df7aefea",
	"blockNumber": 5486039,
	"contractAddress": null,
	"cumulativeGasUsed": 6238335,
	"gasUsed": 51589,
	"logs": [
		{
			"address": "0x7e9e431a0B8c4D532C745B1043c7FA29a48D4fBa",
			"blockHash": "0x82a34bd32fcce83f1ec4767157c500e5da0254c3e7432928a4058e68df7aefea",
			"blockNumber": 5486039,
			"data": "0x000000000000000000000000000000000000000000000015f4810a37d1340000",
			"logIndex": 33,
			"topics": [
				"0xddf252ad1be2c89b69c2b068fc378daa952ba7f163c4a11628f55a4df523b3ef",
				"0x000000000000000000000000468b858c964f297fd8fce058032bf4b4911a8ad8",
				"0x000000000000000000000000abe9f1b2f95f65635e4181f09ae99fb15993ca86"
			],
			"transactionHash": "0xf442e0f73181d8d57d7bec5643dd904f0c0f0b9cd7b241b164b277e64a8b5490",
			"transactionIndex": 65,
			"transactionLogIndex": "0x0",
			"type": "mined",
			"id": "log_03e5460b"
		}
	],
	"logsBloom": "0x00000000000000000000000000020000000200000000000000000000000000000000000000000000000000000000000000000000000000000000000000000000000000000000010000000008000000000000000000000000000000000020000000000000000000000000000000000000000000000000000000000010000000000008000000000000000000000000000000000000000000000001000000000000000000000000000080000000000000000000000000000000000000010000000000001002000000000000000000000000000000000000000000000000000000000000000000000000000000000000000000000000000000000000000000000000",
	"root": null,
	"status": "0x1",
	"transactionHash": "0xf442e0f73181d8d57d7bec5643dd904f0c0f0b9cd7b241b164b277e64a8b5490",
	"transactionIndex": 65
}
[2018-04-22T14:17:14.168] [DEBUG] trans - TO:   0xefad7c2ae9faf13ba88c6a29cfee3d49279af038
[2018-04-22T14:17:14.168] [DEBUG] trans - AMOUNT:   405000000000000000000
[2018-04-22T14:17:14.168] [DEBUG] trans - Receipt info:  {
	"blockHash": "0x82a34bd32fcce83f1ec4767157c500e5da0254c3e7432928a4058e68df7aefea",
	"blockNumber": 5486039,
	"contractAddress": null,
	"cumulativeGasUsed": 6289924,
	"gasUsed": 51589,
	"logs": [
		{
			"address": "0x7e9e431a0B8c4D532C745B1043c7FA29a48D4fBa",
			"blockHash": "0x82a34bd32fcce83f1ec4767157c500e5da0254c3e7432928a4058e68df7aefea",
			"blockNumber": 5486039,
			"data": "0x000000000000000000000000000000000000000000000015f4810a37d1340000",
			"logIndex": 34,
			"topics": [
				"0xddf252ad1be2c89b69c2b068fc378daa952ba7f163c4a11628f55a4df523b3ef",
				"0x000000000000000000000000468b858c964f297fd8fce058032bf4b4911a8ad8",
				"0x000000000000000000000000efad7c2ae9faf13ba88c6a29cfee3d49279af038"
			],
			"transactionHash": "0x936d22d5d25b576bae998eeb1388886824a4cf16906b3b38b113b8e5ec1007c0",
			"transactionIndex": 66,
			"transactionLogIndex": "0x0",
			"type": "mined",
			"id": "log_a087b79e"
		}
	],
	"logsBloom": "0x00000000000000000000000000020000000000000000000000000000100000000000000000000000000000000000000000000000000000000000000000000000000000000000010000000008000000000001000000000000000000000020000000000000000000000000000000000000000000000000000000000010000000000000000000000000000000000000000000000000000000000000000000000000000000000000000080000000000000000000000000000000000000010000000000001002000000000000000000000000000000000000000000000000000000000000000000000000000000000000000200000000000000000000000000000000",
	"root": null,
	"status": "0x1",
	"transactionHash": "0x936d22d5d25b576bae998eeb1388886824a4cf16906b3b38b113b8e5ec1007c0",
	"transactionIndex": 66
}
[2018-04-22T14:17:14.168] [DEBUG] trans - TO:   0x9b96d8b5b56e0abb32ceacb3ea1661ffb9454947
[2018-04-22T14:17:14.168] [DEBUG] trans - AMOUNT:   404900000000000000000
[2018-04-22T14:17:14.168] [DEBUG] trans - Receipt info:  {
	"blockHash": "0x82a34bd32fcce83f1ec4767157c500e5da0254c3e7432928a4058e68df7aefea",
	"blockNumber": 5486039,
	"contractAddress": null,
	"cumulativeGasUsed": 6547997,
	"gasUsed": 51589,
	"logs": [
		{
			"address": "0x7e9e431a0B8c4D532C745B1043c7FA29a48D4fBa",
			"blockHash": "0x82a34bd32fcce83f1ec4767157c500e5da0254c3e7432928a4058e68df7aefea",
			"blockNumber": 5486039,
			"data": "0x000000000000000000000000000000000000000000000015f31dc4bf73aa0000",
			"logIndex": 39,
			"topics": [
				"0xddf252ad1be2c89b69c2b068fc378daa952ba7f163c4a11628f55a4df523b3ef",
				"0x000000000000000000000000468b858c964f297fd8fce058032bf4b4911a8ad8",
				"0x0000000000000000000000009b96d8b5b56e0abb32ceacb3ea1661ffb9454947"
			],
			"transactionHash": "0x736bdd59c3b2ebed0941dc6fd43930c26081812d5be069344757fdff66840f72",
			"transactionIndex": 71,
			"transactionLogIndex": "0x0",
			"type": "mined",
			"id": "log_9567ebee"
		}
	],
	"logsBloom": "0x00000000000000000000000000020000000000000000000000000000000000000000000000000000000000000000000000000000000000000000000000000000000000000000010000000008000000000000000000000000000000000020000000000000000000000000000000000000000000000000000000000010000000000000000000000000000000000000000000000000002000000000000000000000000000000000000088000000000000000000000000000000000000010000000000003002000000000000000000000000000000000000000000000000000000000000000000000000000000000000000000000000000000000000000000000000",
	"root": null,
	"status": "0x1",
	"transactionHash": "0x736bdd59c3b2ebed0941dc6fd43930c26081812d5be069344757fdff66840f72",
	"transactionIndex": 71
}
[2018-04-22T14:17:14.170] [DEBUG] trans - TO:   0x3fec40c7099dadd1d986a3195e251a449b85b3cf
[2018-04-22T14:17:14.170] [DEBUG] trans - AMOUNT:   404849100000000000000
[2018-04-22T14:17:14.171] [DEBUG] trans - Receipt info:  {
	"blockHash": "0x82a34bd32fcce83f1ec4767157c500e5da0254c3e7432928a4058e68df7aefea",
	"blockNumber": 5486039,
	"contractAddress": null,
	"cumulativeGasUsed": 6651303,
	"gasUsed": 51653,
	"logs": [
		{
			"address": "0x7e9e431a0B8c4D532C745B1043c7FA29a48D4fBa",
			"blockHash": "0x82a34bd32fcce83f1ec4767157c500e5da0254c3e7432928a4058e68df7aefea",
			"blockNumber": 5486039,
			"data": "0x000000000000000000000000000000000000000000000015f268ef77b098c000",
			"logIndex": 41,
			"topics": [
				"0xddf252ad1be2c89b69c2b068fc378daa952ba7f163c4a11628f55a4df523b3ef",
				"0x000000000000000000000000468b858c964f297fd8fce058032bf4b4911a8ad8",
				"0x0000000000000000000000003fec40c7099dadd1d986a3195e251a449b85b3cf"
			],
			"transactionHash": "0x8706636ab0876a4a6ce9b5f00419b83750b80f58a3522ab834e4d1df330e0c1e",
			"transactionIndex": 73,
			"transactionLogIndex": "0x0",
			"type": "mined",
			"id": "log_27b321c3"
		}
	],
	"logsBloom": "0x00000000000000000000000000020000000000000000000000000000000000000000000000000000000000000000000000000000000000000000000000000000000000020000010000000008000000000000000000000000000000000020000000000000000000000000040000000000000000000000000000000010000000000000000000000000000000000000000000000000000000000000000000000000000000000000000080000000000000000000000000000000000000010000000000001002000000000000000000000000000000000000000000000000000000000000000000000000008000000000000000000000000000000000000000000000",
	"root": null,
	"status": "0x1",
	"transactionHash": "0x8706636ab0876a4a6ce9b5f00419b83750b80f58a3522ab834e4d1df330e0c1e",
	"transactionIndex": 73
}
[2018-04-22T14:17:14.171] [DEBUG] trans - TO:   0x0c0b51fb52808fdd39a9e22d6b2bd86ef8655414
[2018-04-22T14:17:14.171] [DEBUG] trans - AMOUNT:   404876500000000000000
[2018-04-22T14:17:14.171] [DEBUG] trans - Receipt info:  {
	"blockHash": "0x82a34bd32fcce83f1ec4767157c500e5da0254c3e7432928a4058e68df7aefea",
	"blockNumber": 5486039,
	"contractAddress": null,
	"cumulativeGasUsed": 6599650,
	"gasUsed": 51653,
	"logs": [
		{
			"address": "0x7e9e431a0B8c4D532C745B1043c7FA29a48D4fBa",
			"blockHash": "0x82a34bd32fcce83f1ec4767157c500e5da0254c3e7432928a4058e68df7aefea",
			"blockNumber": 5486039,
			"data": "0x000000000000000000000000000000000000000000000015f2ca479f53714000",
			"logIndex": 40,
			"topics": [
				"0xddf252ad1be2c89b69c2b068fc378daa952ba7f163c4a11628f55a4df523b3ef",
				"0x000000000000000000000000468b858c964f297fd8fce058032bf4b4911a8ad8",
				"0x0000000000000000000000000c0b51fb52808fdd39a9e22d6b2bd86ef8655414"
			],
			"transactionHash": "0x6d78d21504c735fd2f2aaffb138e589491e65a363b3c06c8a070d1d2ae9658bc",
			"transactionIndex": 72,
			"transactionLogIndex": "0x0",
			"type": "mined",
			"id": "log_fb7ba688"
		}
	],
	"logsBloom": "0x00000000000000000000000000020000000000000000000000000000000000000000000000000000000000000000000000000000000000000000000008000000000000000000010000000008000000000010000000000000000000000020000000000000000000000000000000000000000000000000000000000010000000000000000000000000000000000000000000000000000000000000000000000000000000000000000080000000000000000000000000002000000000010000000000001002000000000000000000000000000000000000000000000000000000000000000000000000000000000000000000000000000000000000000000000000",
	"root": null,
	"status": "0x1",
	"transactionHash": "0x6d78d21504c735fd2f2aaffb138e589491e65a363b3c06c8a070d1d2ae9658bc",
	"transactionIndex": 72
}
[2018-04-22T14:17:14.172] [DEBUG] trans - TO:   0xfee72a5868119f5d1629719e379b47fba3638cba
[2018-04-22T14:17:14.172] [DEBUG] trans - AMOUNT:   404817700000000000000
[2018-04-22T14:17:14.172] [DEBUG] trans - Receipt info:  {
	"blockHash": "0x82a34bd32fcce83f1ec4767157c500e5da0254c3e7432928a4058e68df7aefea",
	"blockNumber": 5486039,
	"contractAddress": null,
	"cumulativeGasUsed": 6754481,
	"gasUsed": 51653,
	"logs": [
		{
			"address": "0x7e9e431a0B8c4D532C745B1043c7FA29a48D4fBa",
			"blockHash": "0x82a34bd32fcce83f1ec4767157c500e5da0254c3e7432928a4058e68df7aefea",
			"blockNumber": 5486039,
			"data": "0x000000000000000000000000000000000000000000000015f1f961557aa64000",
			"logIndex": 43,
			"topics": [
				"0xddf252ad1be2c89b69c2b068fc378daa952ba7f163c4a11628f55a4df523b3ef",
				"0x000000000000000000000000468b858c964f297fd8fce058032bf4b4911a8ad8",
				"0x000000000000000000000000fee72a5868119f5d1629719e379b47fba3638cba"
			],
			"transactionHash": "0xc7dcb30101ce59743fb55175932bbb7be7c14a49837991f25c5751a710ef07a1",
			"transactionIndex": 75,
			"transactionLogIndex": "0x0",
			"type": "mined",
			"id": "log_2aebbe0c"
		}
	],
	"logsBloom": "0x00000000000000000000000000020000000000000000000000000000000000000000000000000000000000000000200000000000000000000000000000000000000000000000010000000008000000000000000000000000000000000020000000000000000000000000000000000000000000000000000000000010000000000000000000000000000000000000000000000000000000000000001000000000000000000000000080000000000000000000000000000000000000010000000000001002000000000000000000000000008000000000000000000000000000000000000000000000000000000000000000000000000000000000000000000000",
	"root": null,
	"status": "0x1",
	"transactionHash": "0xc7dcb30101ce59743fb55175932bbb7be7c14a49837991f25c5751a710ef07a1",
	"transactionIndex": 75
}
[2018-04-22T14:17:14.172] [DEBUG] trans - TO:   0x035ebfdf137175fd53d1679e6201fe8811e3d859
[2018-04-22T14:17:14.172] [DEBUG] trans - AMOUNT:   404803400000000000000
[2018-04-22T14:17:14.172] [DEBUG] trans - Receipt info:  {
	"blockHash": "0x82a34bd32fcce83f1ec4767157c500e5da0254c3e7432928a4058e68df7aefea",
	"blockNumber": 5486039,
	"contractAddress": null,
	"cumulativeGasUsed": 6857787,
	"gasUsed": 51653,
	"logs": [
		{
			"address": "0x7e9e431a0B8c4D532C745B1043c7FA29a48D4fBa",
			"blockHash": "0x82a34bd32fcce83f1ec4767157c500e5da0254c3e7432928a4058e68df7aefea",
			"blockNumber": 5486039,
			"data": "0x000000000000000000000000000000000000000000000015f1c6938f465c8000",
			"logIndex": 45,
			"topics": [
				"0xddf252ad1be2c89b69c2b068fc378daa952ba7f163c4a11628f55a4df523b3ef",
				"0x000000000000000000000000468b858c964f297fd8fce058032bf4b4911a8ad8",
				"0x000000000000000000000000035ebfdf137175fd53d1679e6201fe8811e3d859"
			],
			"transactionHash": "0xca4c4a50a574d8411360491ce37ef77c8ca2ab5b27f8fdb67226bc36020f8e6b",
			"transactionIndex": 77,
			"transactionLogIndex": "0x0",
			"type": "mined",
			"id": "log_96415252"
		}
	],
	"logsBloom": "0x00000000000000000000000000020000000000000000000000000000000000000000000000000000000000000000000000000000000000000000000000000000000000000000010000000008010000000000000000000000000000000020000000000000000000000000000000000000000000000000000000000010000000000000000000000000000000000000010000000000000000000000000000000000000000000000000080000000000000000000000000000000000000010000000000001002200000000000000000000000000000000000000000000000000000000000000000000000000000000000000000000000000000000000000000000000",
	"root": null,
	"status": "0x1",
	"transactionHash": "0xca4c4a50a574d8411360491ce37ef77c8ca2ab5b27f8fdb67226bc36020f8e6b",
	"transactionIndex": 77
}
[2018-04-22T14:17:14.175] [DEBUG] trans - TO:   0x7b75f714f46259609c9b0c7b7b876ba5c17635eb
[2018-04-22T14:17:14.175] [DEBUG] trans - AMOUNT:   404814100000000000000
[2018-04-22T14:17:14.175] [DEBUG] trans - Receipt info:  {
	"blockHash": "0x82a34bd32fcce83f1ec4767157c500e5da0254c3e7432928a4058e68df7aefea",
	"blockNumber": 5486039,
	"contractAddress": null,
	"cumulativeGasUsed": 6806134,
	"gasUsed": 51653,
	"logs": [
		{
			"address": "0x7e9e431a0B8c4D532C745B1043c7FA29a48D4fBa",
			"blockHash": "0x82a34bd32fcce83f1ec4767157c500e5da0254c3e7432928a4058e68df7aefea",
			"blockNumber": 5486039,
			"data": "0x000000000000000000000000000000000000000000000015f1ec972729754000",
			"logIndex": 44,
			"topics": [
				"0xddf252ad1be2c89b69c2b068fc378daa952ba7f163c4a11628f55a4df523b3ef",
				"0x000000000000000000000000468b858c964f297fd8fce058032bf4b4911a8ad8",
				"0x0000000000000000000000007b75f714f46259609c9b0c7b7b876ba5c17635eb"
			],
			"transactionHash": "0xe8a0258978af48f3965bc3e2d2fee7e7834c22e7b392ba0c09041918082bb05a",
			"transactionIndex": 76,
			"transactionLogIndex": "0x0",
			"type": "mined",
			"id": "log_5abdfb90"
		}
	],
	"logsBloom": "0x00000000000000400000000000020000000000000000000000000000000000000000000000000000000000000000000000000000000000000000000000000000000000000000010000000008000000000000000000000000000000000020000000000000000000000000000000000000000000000000000000000010000000000000000000000000000000010000000000000000000000000000000000000000000000000000000080000000000000000000000000000000000000010000000040001002000000000000000000000000000000000000000000000000000000000000000000000000000000000000000000000000000000000000000000000000",
	"root": null,
	"status": "0x1",
	"transactionHash": "0xe8a0258978af48f3965bc3e2d2fee7e7834c22e7b392ba0c09041918082bb05a",
	"transactionIndex": 76
}
[2018-04-22T14:17:14.176] [DEBUG] trans - TO:   0x44a25e461c39f67f282789232448ba281a0964d5
[2018-04-22T14:17:14.176] [DEBUG] trans - AMOUNT:   404786600000000000000
[2018-04-22T14:17:14.176] [DEBUG] trans - Receipt info:  {
	"blockHash": "0x82a34bd32fcce83f1ec4767157c500e5da0254c3e7432928a4058e68df7aefea",
	"blockNumber": 5486039,
	"contractAddress": null,
	"cumulativeGasUsed": 7012746,
	"gasUsed": 51653,
	"logs": [
		{
			"address": "0x7e9e431a0B8c4D532C745B1043c7FA29a48D4fBa",
			"blockHash": "0x82a34bd32fcce83f1ec4767157c500e5da0254c3e7432928a4058e68df7aefea",
			"blockNumber": 5486039,
			"data": "0x000000000000000000000000000000000000000000000015f18ae40c76228000",
			"logIndex": 48,
			"topics": [
				"0xddf252ad1be2c89b69c2b068fc378daa952ba7f163c4a11628f55a4df523b3ef",
				"0x000000000000000000000000468b858c964f297fd8fce058032bf4b4911a8ad8",
				"0x00000000000000000000000044a25e461c39f67f282789232448ba281a0964d5"
			],
			"transactionHash": "0xe64e20cbdfaa3e2719d75dbed9903c4b2d33c4aab9102ad741825f3647f102cc",
			"transactionIndex": 80,
			"transactionLogIndex": "0x0",
			"type": "mined",
			"id": "log_135b5892"
		}
	],
	"logsBloom": "0x00000000000000000000000000020000000000000000000000000000000000000000000000000000000000000000000000000000000000000000000000000000000004000000010000000008000000000000000000000000000000000020000000000000000000000000000000000000000000000000000000000010000000000000000000000000000000000000000000000000000000000000000000000000000000000000000080000000000000000000000000000000000000010000000000001002000000000000000000000000000000000000000000200000000000000000000000000000000000000000000400000000000000000000000000000000",
	"root": null,
	"status": "0x1",
	"transactionHash": "0xe64e20cbdfaa3e2719d75dbed9903c4b2d33c4aab9102ad741825f3647f102cc",
	"transactionIndex": 80
}
[2018-04-22T14:17:14.177] [DEBUG] trans - TO:   0xf983a4bf87734df766907f3fb477ba617673ff12
[2018-04-22T14:17:14.177] [DEBUG] trans - AMOUNT:   405000000000000000000
[2018-04-22T14:17:14.177] [DEBUG] trans - Receipt info:  {
	"blockHash": "0x82a34bd32fcce83f1ec4767157c500e5da0254c3e7432928a4058e68df7aefea",
	"blockNumber": 5486039,
	"contractAddress": null,
	"cumulativeGasUsed": 6341513,
	"gasUsed": 51589,
	"logs": [
		{
			"address": "0x7e9e431a0B8c4D532C745B1043c7FA29a48D4fBa",
			"blockHash": "0x82a34bd32fcce83f1ec4767157c500e5da0254c3e7432928a4058e68df7aefea",
			"blockNumber": 5486039,
			"data": "0x000000000000000000000000000000000000000000000015f4810a37d1340000",
			"logIndex": 35,
			"topics": [
				"0xddf252ad1be2c89b69c2b068fc378daa952ba7f163c4a11628f55a4df523b3ef",
				"0x000000000000000000000000468b858c964f297fd8fce058032bf4b4911a8ad8",
				"0x000000000000000000000000f983a4bf87734df766907f3fb477ba617673ff12"
			],
			"transactionHash": "0xb71f50355dd73d3b09f1933be14e6f7052ad6c4464cfab33b3d12b971c3eb2da",
			"transactionIndex": 67,
			"transactionLogIndex": "0x0",
			"type": "mined",
			"id": "log_0dde56e2"
		}
	],
	"logsBloom": "0x00000000000000000000000000020000000000000000000000000000000000000000000000000000000000000000000000000000000000000000000000000000000000400000010000000008000000000000000000000000000000000020000000000000000000000000000000000000000000000000000000000010000000000000000000000000200000000000000000000000000000000000000000000000000000000000000080000000000000000000000000000000000000010000000000001002000000000000000000000000000000000000000000000000000000000000000000001000000000000000000000000000000000000000000000000000",
	"root": null,
	"status": "0x1",
	"transactionHash": "0xb71f50355dd73d3b09f1933be14e6f7052ad6c4464cfab33b3d12b971c3eb2da",
	"transactionIndex": 67
}
[2018-04-22T14:17:14.177] [DEBUG] trans - TO:   0x1623c1e73fb630d22aa50a175be0ffcf9a43b7de
[2018-04-22T14:17:14.177] [DEBUG] trans - AMOUNT:   404796600000000000000
[2018-04-22T14:17:14.177] [DEBUG] trans - Receipt info:  {
	"blockHash": "0x82a34bd32fcce83f1ec4767157c500e5da0254c3e7432928a4058e68df7aefea",
	"blockNumber": 5486039,
	"contractAddress": null,
	"cumulativeGasUsed": 6909440,
	"gasUsed": 51653,
	"logs": [
		{
			"address": "0x7e9e431a0B8c4D532C745B1043c7FA29a48D4fBa",
			"blockHash": "0x82a34bd32fcce83f1ec4767157c500e5da0254c3e7432928a4058e68df7aefea",
			"blockNumber": 5486039,
			"data": "0x000000000000000000000000000000000000000000000015f1ae6afee5e38000",
			"logIndex": 46,
			"topics": [
				"0xddf252ad1be2c89b69c2b068fc378daa952ba7f163c4a11628f55a4df523b3ef",
				"0x000000000000000000000000468b858c964f297fd8fce058032bf4b4911a8ad8",
				"0x0000000000000000000000001623c1e73fb630d22aa50a175be0ffcf9a43b7de"
			],
			"transactionHash": "0x9706ad615220cefa9452f947f8ce78d8ed536148bc5c501d89e107f80fbe1e53",
			"transactionIndex": 78,
			"transactionLogIndex": "0x0",
			"type": "mined",
			"id": "log_9677b128"
		}
	],
	"logsBloom": "0x00000000000000000020000000020000000000000000000000000000000000000000000000000000000000000000000000000000000000000000000000000000000000000000010000000008000000000000000000000000000004000020000000000000000000000000000000000000000000000000000000000010000000000000000000000000000000000000000000000000100000000000000000000000000000000000000080000000000000000000000000000000000000010000000000001002000000000000000000000000000000000000000000000000000000000000000000000000000000000000000000000000000000000000000000000000",
	"root": null,
	"status": "0x1",
	"transactionHash": "0x9706ad615220cefa9452f947f8ce78d8ed536148bc5c501d89e107f80fbe1e53",
	"transactionIndex": 78
}
[2018-04-22T14:17:14.180] [DEBUG] trans - TO:   0x41c113da1a89054a47edc866e526368c04201562
[2018-04-22T14:17:14.180] [DEBUG] trans - AMOUNT:   404769000000000000000
[2018-04-22T14:17:14.180] [DEBUG] trans - Receipt info:  {
	"blockHash": "0x82a34bd32fcce83f1ec4767157c500e5da0254c3e7432928a4058e68df7aefea",
	"blockNumber": 5486039,
	"contractAddress": null,
	"cumulativeGasUsed": 7064399,
	"gasUsed": 51653,
	"logs": [
		{
			"address": "0x7e9e431a0B8c4D532C745B1043c7FA29a48D4fBa",
			"blockHash": "0x82a34bd32fcce83f1ec4767157c500e5da0254c3e7432928a4058e68df7aefea",
			"blockNumber": 5486039,
			"data": "0x000000000000000000000000000000000000000000000015f14c5cf122168000",
			"logIndex": 49,
			"topics": [
				"0xddf252ad1be2c89b69c2b068fc378daa952ba7f163c4a11628f55a4df523b3ef",
				"0x000000000000000000000000468b858c964f297fd8fce058032bf4b4911a8ad8",
				"0x00000000000000000000000041c113da1a89054a47edc866e526368c04201562"
			],
			"transactionHash": "0x29d40e1dc826a6792fec2402a842bb150385cc2dcc9701edea9973c25baa34cd",
			"transactionIndex": 81,
			"transactionLogIndex": "0x0",
			"type": "mined",
			"id": "log_5ed995f8"
		}
	],
	"logsBloom": "0x00000000000000000000000000020000000000000000000000000000000000000000000000000000000000000000000000000000000000000000000000000000000000000000010000000008000000000000000000000000000000000020000000000000000000000000080000000000000000000000000000000010000000000000001000000000000000000000000000000000000000000000000000000000000000000000000080000000000000000000000000000000000000010000000000001002000000000000000000000000000000000000000008000000000000000000000000000000000000000000000000000000000000000000000000000000",
	"root": null,
	"status": "0x1",
	"transactionHash": "0x29d40e1dc826a6792fec2402a842bb150385cc2dcc9701edea9973c25baa34cd",
	"transactionIndex": 81
}
[2018-04-22T14:17:14.180] [DEBUG] trans - TO:   0x2ac92d0c2b8a50e92dacf28483768506381cf3f4
[2018-04-22T14:17:14.180] [DEBUG] trans - AMOUNT:   404791800000000000000
[2018-04-22T14:17:14.180] [DEBUG] trans - Receipt info:  {
	"blockHash": "0x82a34bd32fcce83f1ec4767157c500e5da0254c3e7432928a4058e68df7aefea",
	"blockNumber": 5486039,
	"contractAddress": null,
	"cumulativeGasUsed": 6961093,
	"gasUsed": 51653,
	"logs": [
		{
			"address": "0x7e9e431a0B8c4D532C745B1043c7FA29a48D4fBa",
			"blockHash": "0x82a34bd32fcce83f1ec4767157c500e5da0254c3e7432928a4058e68df7aefea",
			"blockNumber": 5486039,
			"data": "0x000000000000000000000000000000000000000000000015f19d5d6bcef78000",
			"logIndex": 47,
			"topics": [
				"0xddf252ad1be2c89b69c2b068fc378daa952ba7f163c4a11628f55a4df523b3ef",
				"0x000000000000000000000000468b858c964f297fd8fce058032bf4b4911a8ad8",
				"0x0000000000000000000000002ac92d0c2b8a50e92dacf28483768506381cf3f4"
			],
			"transactionHash": "0x9c83ac79357b4a4f6056b10cc1fa6f76bf9bbac7e5ca3b06c6590980b560b5ea",
			"transactionIndex": 79,
			"transactionLogIndex": "0x0",
			"type": "mined",
			"id": "log_3bc14da2"
		}
	],
	"logsBloom": "0x00000000000100000000000000020000000000000000000000000000000000000000000000000000000000000000000000010000000000000000000000000000000000000000010000000008000000000000000000000000000000000020000000000000000000000000000000000000000000000000000000000010000000000000000000000000000000000000000000000000000000000000000000000000000000000000000080000000000000000000000000000000000000010000000000001002000000000000000000000000000000000000000100000000000000000000000000000000000000000000000000000000000000000000000000000000",
	"root": null,
	"status": "0x1",
	"transactionHash": "0x9c83ac79357b4a4f6056b10cc1fa6f76bf9bbac7e5ca3b06c6590980b560b5ea",
	"transactionIndex": 79
}
[2018-04-22T14:17:14.181] [DEBUG] trans - TO:   0x26f489a0bcb5960642be5cb33b9f72d57e99755b
[2018-04-22T14:17:14.181] [DEBUG] trans - AMOUNT:   404737000000000000000
[2018-04-22T14:17:14.181] [DEBUG] trans - Receipt info:  {
	"blockHash": "0x82a34bd32fcce83f1ec4767157c500e5da0254c3e7432928a4058e68df7aefea",
	"blockNumber": 5486039,
	"contractAddress": null,
	"cumulativeGasUsed": 7116052,
	"gasUsed": 51653,
	"logs": [
		{
			"address": "0x7e9e431a0B8c4D532C745B1043c7FA29a48D4fBa",
			"blockHash": "0x82a34bd32fcce83f1ec4767157c500e5da0254c3e7432928a4058e68df7aefea",
			"blockNumber": 5486039,
			"data": "0x000000000000000000000000000000000000000000000015f0daad1c89468000",
			"logIndex": 50,
			"topics": [
				"0xddf252ad1be2c89b69c2b068fc378daa952ba7f163c4a11628f55a4df523b3ef",
				"0x000000000000000000000000468b858c964f297fd8fce058032bf4b4911a8ad8",
				"0x00000000000000000000000026f489a0bcb5960642be5cb33b9f72d57e99755b"
			],
			"transactionHash": "0x50a96a60869f844ed338934b05a28bd9b9f0a8d502e3da4711d12feee21878ab",
			"transactionIndex": 82,
			"transactionLogIndex": "0x0",
			"type": "mined",
			"id": "log_c7428efe"
		}
	],
	"logsBloom": "0x00000000000000000000000000020000000010000000000000000000000000000000000000000000000000000000000000000000000000000000000000000000000000000008010000000008000000000000000000000000000000000020000000000000000000000000000000000000000000000000000000000010000000000000000000000000000000000000000000000004000000000000000000000000000000000000000080000000000000000000000000000000000000010000000000001002000000000000000000000000000000000000000000000000000000000000000000000000000000000000000000000000000000000000000000000000",
	"root": null,
	"status": "0x1",
	"transactionHash": "0x50a96a60869f844ed338934b05a28bd9b9f0a8d502e3da4711d12feee21878ab",
	"transactionIndex": 82
}
[2018-04-22T14:17:14.182] [DEBUG] trans - TO:   0x6f6fd12ff738898e4c34a06beba9955b3b6e02cb
[2018-04-22T14:17:14.182] [DEBUG] trans - AMOUNT:   404726500000000000000
[2018-04-22T14:17:14.182] [DEBUG] trans - Receipt info:  {
	"blockHash": "0x82a34bd32fcce83f1ec4767157c500e5da0254c3e7432928a4058e68df7aefea",
	"blockNumber": 5486039,
	"contractAddress": null,
	"cumulativeGasUsed": 7167705,
	"gasUsed": 51653,
	"logs": [
		{
			"address": "0x7e9e431a0B8c4D532C745B1043c7FA29a48D4fBa",
			"blockHash": "0x82a34bd32fcce83f1ec4767157c500e5da0254c3e7432928a4058e68df7aefea",
			"blockNumber": 5486039,
			"data": "0x000000000000000000000000000000000000000000000015f0b55f6ac7224000",
			"logIndex": 51,
			"topics": [
				"0xddf252ad1be2c89b69c2b068fc378daa952ba7f163c4a11628f55a4df523b3ef",
				"0x000000000000000000000000468b858c964f297fd8fce058032bf4b4911a8ad8",
				"0x0000000000000000000000006f6fd12ff738898e4c34a06beba9955b3b6e02cb"
			],
			"transactionHash": "0x87ea2a5d6b68b4c89dc5319cec229239b2c93f3d7a2c729393bd0cb248f2d815",
			"transactionIndex": 83,
			"transactionLogIndex": "0x0",
			"type": "mined",
			"id": "log_8467668f"
		}
	],
	"logsBloom": "0x00000000000000000000000000020000000000000000000000000000000000000000000000000010000000000000000000000000000000000000000000000000000000000000010000000008000000000000000000000000000000000020000000000000000000000000000000000000000400000000000000000010000000000000000000000000000000000000000000000000000000000000000000000000000000000000000080000000000000000000000000000000000000010000000000001002000000000000000000000000000000000000000000000000000000000000000000000000000000000000000000800000000000000000000000000000",
	"root": null,
	"status": "0x1",
	"transactionHash": "0x87ea2a5d6b68b4c89dc5319cec229239b2c93f3d7a2c729393bd0cb248f2d815",
	"transactionIndex": 83
}
[2018-04-22T14:17:14.183] [DEBUG] trans - TO:   0xeec8c7d708c06c5a72eed12471a4db6c697ee652
[2018-04-22T14:17:14.183] [DEBUG] trans - AMOUNT:   404717800000000000000
[2018-04-22T14:17:14.183] [DEBUG] trans - Receipt info:  {
	"blockHash": "0x82a34bd32fcce83f1ec4767157c500e5da0254c3e7432928a4058e68df7aefea",
	"blockNumber": 5486039,
	"contractAddress": null,
	"cumulativeGasUsed": 7219358,
	"gasUsed": 51653,
	"logs": [
		{
			"address": "0x7e9e431a0B8c4D532C745B1043c7FA29a48D4fBa",
			"blockHash": "0x82a34bd32fcce83f1ec4767157c500e5da0254c3e7432928a4058e68df7aefea",
			"blockNumber": 5486039,
			"data": "0x000000000000000000000000000000000000000000000015f09676d02d968000",
			"logIndex": 52,
			"topics": [
				"0xddf252ad1be2c89b69c2b068fc378daa952ba7f163c4a11628f55a4df523b3ef",
				"0x000000000000000000000000468b858c964f297fd8fce058032bf4b4911a8ad8",
				"0x000000000000000000000000eec8c7d708c06c5a72eed12471a4db6c697ee652"
			],
			"transactionHash": "0x83e0333a18c35643d3b4251700170302511ba3d7aef716f5a8dedf5d51b4f144",
			"transactionIndex": 84,
			"transactionLogIndex": "0x0",
			"type": "mined",
			"id": "log_56cb4fc9"
		}
	],
	"logsBloom": "0x00000000000000000000000000020000000000000000000000000000000000000000000000000000000000000000000000000000000000000000000000000000008000000000010000000808000000000000000000000000000000000020000000000000000000000000000000000000000000000000000000000010000000000000000000000000000000000000000000000000000000000000000000000000000000000000000080000100000000000000000000000000000000010000000000001002000000000000000000000000000000000000000000000000000000000000000000000000000000000000000000000000000000000000000000000000",
	"root": null,
	"status": "0x1",
	"transactionHash": "0x83e0333a18c35643d3b4251700170302511ba3d7aef716f5a8dedf5d51b4f144",
	"transactionIndex": 84
}
[2018-04-22T14:17:14.183] [DEBUG] trans - TO:   0x1cf4520968ef7badd746be671101489e981bab61
[2018-04-22T14:17:14.183] [DEBUG] trans - AMOUNT:   404692000000000000000
[2018-04-22T14:17:14.183] [DEBUG] trans - Receipt info:  {
	"blockHash": "0x82a34bd32fcce83f1ec4767157c500e5da0254c3e7432928a4058e68df7aefea",
	"blockNumber": 5486039,
	"contractAddress": null,
	"cumulativeGasUsed": 7270947,
	"gasUsed": 51589,
	"logs": [
		{
			"address": "0x7e9e431a0B8c4D532C745B1043c7FA29a48D4fBa",
			"blockHash": "0x82a34bd32fcce83f1ec4767157c500e5da0254c3e7432928a4058e68df7aefea",
			"blockNumber": 5486039,
			"data": "0x000000000000000000000000000000000000000000000015f03acdd992620000",
			"logIndex": 53,
			"topics": [
				"0xddf252ad1be2c89b69c2b068fc378daa952ba7f163c4a11628f55a4df523b3ef",
				"0x000000000000000000000000468b858c964f297fd8fce058032bf4b4911a8ad8",
				"0x0000000000000000000000001cf4520968ef7badd746be671101489e981bab61"
			],
			"transactionHash": "0xf51e94d69676d1b00e7da21483672e7e4275c6e0a5d34282e7ff7aec098ca967",
			"transactionIndex": 85,
			"transactionLogIndex": "0x0",
			"type": "mined",
			"id": "log_5660e26e"
		}
	],
	"logsBloom": "0x00000000000000000000000000020000000000000000000000000000000000000000000000000000000000000000000000000000000000000000000000000000000000000000010000000008000000000000000000000000000000000020000000000000000000000000000000000000000000000000000000000010000000000000000000000000000000000000000400000000004000000000080000000000000000000000000080000000000000000000000000000000000000010000000000001002000000000000000000000000000000000000000000000000000000000000000000000000000000000000000000000000000000000000000000000000",
	"root": null,
	"status": "0x1",
	"transactionHash": "0xf51e94d69676d1b00e7da21483672e7e4275c6e0a5d34282e7ff7aec098ca967",
	"transactionIndex": 85
}
[2018-04-22T14:17:14.183] [DEBUG] trans - TO:   0x5f32c50ee8e1d9593b7d5140a1b0d76bbea93654
[2018-04-22T14:17:14.183] [DEBUG] trans - AMOUNT:   404668100000000000000
[2018-04-22T14:17:14.183] [DEBUG] trans - Receipt info:  {
	"blockHash": "0x82a34bd32fcce83f1ec4767157c500e5da0254c3e7432928a4058e68df7aefea",
	"blockNumber": 5486039,
	"contractAddress": null,
	"cumulativeGasUsed": 7322600,
	"gasUsed": 51653,
	"logs": [
		{
			"address": "0x7e9e431a0B8c4D532C745B1043c7FA29a48D4fBa",
			"blockHash": "0x82a34bd32fcce83f1ec4767157c500e5da0254c3e7432928a4058e68df7aefea",
			"blockNumber": 5486039,
			"data": "0x000000000000000000000000000000000000000000000015efe5e4ed30404000",
			"logIndex": 54,
			"topics": [
				"0xddf252ad1be2c89b69c2b068fc378daa952ba7f163c4a11628f55a4df523b3ef",
				"0x000000000000000000000000468b858c964f297fd8fce058032bf4b4911a8ad8",
				"0x0000000000000000000000005f32c50ee8e1d9593b7d5140a1b0d76bbea93654"
			],
			"transactionHash": "0x26a8ad821732d69d42fb5bec28a3bc8559dfe735cf6826882c33857f8a139b4e",
			"transactionIndex": 86,
			"transactionLogIndex": "0x0",
			"type": "mined",
			"id": "log_f07d5d7b"
		}
	],
	"logsBloom": "0x00000000000000000000000000020000000000040000000000000000000000000000000000000000000000000000000000000000000000000000000000000000000000000000010000000008000000000000000000000000000000000020000000000000000000000000000000000000000800000000000000000010000000000000000000000000000000000000000000000000000000000000000000000000000000000000000080000000000000000000000000000000000000010000000000001002000000000000000000000000000000000000000000200000000000000000000000000000000000000000000000000000000000000000000000000000",
	"root": null,
	"status": "0x1",
	"transactionHash": "0x26a8ad821732d69d42fb5bec28a3bc8559dfe735cf6826882c33857f8a139b4e",
	"transactionIndex": 86
}
[2018-04-22T14:17:14.185] [DEBUG] trans - TO:   0x0092999ce1555be2cea659aeb5c7eb2e3d44b0ce
[2018-04-22T14:17:14.185] [DEBUG] trans - AMOUNT:   404640400000000000000
[2018-04-22T14:17:14.185] [DEBUG] trans - Receipt info:  {
	"blockHash": "0x82a34bd32fcce83f1ec4767157c500e5da0254c3e7432928a4058e68df7aefea",
	"blockNumber": 5486039,
	"contractAddress": null,
	"cumulativeGasUsed": 7425778,
	"gasUsed": 51525,
	"logs": [
		{
			"address": "0x7e9e431a0B8c4D532C745B1043c7FA29a48D4fBa",
			"blockHash": "0x82a34bd32fcce83f1ec4767157c500e5da0254c3e7432928a4058e68df7aefea",
			"blockNumber": 5486039,
			"data": "0x000000000000000000000000000000000000000000000015ef837bec5bf90000",
			"logIndex": 56,
			"topics": [
				"0xddf252ad1be2c89b69c2b068fc378daa952ba7f163c4a11628f55a4df523b3ef",
				"0x000000000000000000000000468b858c964f297fd8fce058032bf4b4911a8ad8",
				"0x0000000000000000000000000092999ce1555be2cea659aeb5c7eb2e3d44b0ce"
			],
			"transactionHash": "0xdd845aa0e9ffe4493511475acdb9d825c0650acab599e4960318152334d5e067",
			"transactionIndex": 88,
			"transactionLogIndex": "0x0",
			"type": "mined",
			"id": "log_039437fe"
		}
	],
	"logsBloom": "0x00000000000000000000000000030000000000000000000000000000000000000000000000000000000000000000000000000000000000000000000000000000000000000000010000000008000000000000000000000000000000000020000000000000000080000000000000000000000000000000000000000010000000000000000000000000000000000000800000000000000000000000000000000000000000000000000080000000000000000000000000000000000000010000000000001002000000000000000000000000000000000000000000000000000000000000000000000000000000000000000000000000000000000000000000000000",
	"root": null,
	"status": "0x1",
	"transactionHash": "0xdd845aa0e9ffe4493511475acdb9d825c0650acab599e4960318152334d5e067",
	"transactionIndex": 88
}
[2018-04-22T14:17:14.186] [DEBUG] trans - TO:   0xc0401319a210a0acd019d0e558dab96171a5ef48
[2018-04-22T14:17:14.187] [DEBUG] trans - AMOUNT:   404665300000000000000
[2018-04-22T14:17:14.187] [DEBUG] trans - Receipt info:  {
	"blockHash": "0x82a34bd32fcce83f1ec4767157c500e5da0254c3e7432928a4058e68df7aefea",
	"blockNumber": 5486039,
	"contractAddress": null,
	"cumulativeGasUsed": 7374253,
	"gasUsed": 51653,
	"logs": [
		{
			"address": "0x7e9e431a0B8c4D532C745B1043c7FA29a48D4fBa",
			"blockHash": "0x82a34bd32fcce83f1ec4767157c500e5da0254c3e7432928a4058e68df7aefea",
			"blockNumber": 5486039,
			"data": "0x000000000000000000000000000000000000000000000015efdbf25762e14000",
			"logIndex": 55,
			"topics": [
				"0xddf252ad1be2c89b69c2b068fc378daa952ba7f163c4a11628f55a4df523b3ef",
				"0x000000000000000000000000468b858c964f297fd8fce058032bf4b4911a8ad8",
				"0x000000000000000000000000c0401319a210a0acd019d0e558dab96171a5ef48"
			],
			"transactionHash": "0x991fd153f59ed1abfeff9bab637236fe5d42702a23c9688b43746d6520afcfeb",
			"transactionIndex": 87,
			"transactionLogIndex": "0x0",
			"type": "mined",
			"id": "log_a3b2d538"
		}
	],
	"logsBloom": "0x00000200000000000000000000020000000000000000000000000000000000020000000000000000000000000000000000000000000000000000000000000000000000000000010000000008000000000000000000000000000000000020000000000000000000000000000000000000000000000000000000000010000000000000000000000000000000000000000000000000000000000000000000000000000000000000000080000000000000000000000000000000002000010000000000001002000000000000000000000000000000000000000000000000000000000000000000000000000000000000000000000000000000000000000000000000",
	"root": null,
	"status": "0x1",
	"transactionHash": "0x991fd153f59ed1abfeff9bab637236fe5d42702a23c9688b43746d6520afcfeb",
	"transactionIndex": 87
}
[2018-04-22T14:17:14.187] [DEBUG] trans - TO:   0xb5b635da95f6baf8be05dab3d72eda7c91f8e3d1
[2018-04-22T14:17:14.187] [DEBUG] trans - AMOUNT:   404616300000000000000
[2018-04-22T14:17:14.187] [DEBUG] trans - Receipt info:  {
	"blockHash": "0x82a34bd32fcce83f1ec4767157c500e5da0254c3e7432928a4058e68df7aefea",
	"blockNumber": 5486039,
	"contractAddress": null,
	"cumulativeGasUsed": 7477431,
	"gasUsed": 51653,
	"logs": [
		{
			"address": "0x7e9e431a0B8c4D532C745B1043c7FA29a48D4fBa",
			"blockHash": "0x82a34bd32fcce83f1ec4767157c500e5da0254c3e7432928a4058e68df7aefea",
			"blockNumber": 5486039,
			"data": "0x000000000000000000000000000000000000000000000015ef2ddd19d8e2c000",
			"logIndex": 57,
			"topics": [
				"0xddf252ad1be2c89b69c2b068fc378daa952ba7f163c4a11628f55a4df523b3ef",
				"0x000000000000000000000000468b858c964f297fd8fce058032bf4b4911a8ad8",
				"0x000000000000000000000000b5b635da95f6baf8be05dab3d72eda7c91f8e3d1"
			],
			"transactionHash": "0x64893f8515fc2fb5a03f63788b8be293f7311afcc5cb1afa2335b51dc6113d73",
			"transactionIndex": 89,
			"transactionLogIndex": "0x0",
			"type": "mined",
			"id": "log_5cf4ff76"
		}
	],
	"logsBloom": "0x0000000000000000000000000002000000000000000000000000000000000000000000000000000000000000000000000000000000000000000000000000000000000000000001000000000a000000000000000000000000000000000020000000000000000000010000000000400000000000000000000000000010000000000000000000000000000000000000000000000000000000000000000000000000000000000000000080000000000000000000000000000000000000010000000000001002000000000000000000000000000000000000000000000000000000000000000000000000000000000000000000000000000000000000000000000000",
	"root": null,
	"status": "0x1",
	"transactionHash": "0x64893f8515fc2fb5a03f63788b8be293f7311afcc5cb1afa2335b51dc6113d73",
	"transactionIndex": 89
}
[2018-04-22T14:17:14.187] [DEBUG] trans - TO:   0x76d9453a78c7ad4b1c2f357b9e509f94f7a4895e
[2018-04-22T14:17:14.187] [DEBUG] trans - AMOUNT:   404585500000000000000
[2018-04-22T14:17:14.187] [DEBUG] trans - Receipt info:  {
	"blockHash": "0x82a34bd32fcce83f1ec4767157c500e5da0254c3e7432928a4058e68df7aefea",
	"blockNumber": 5486039,
	"contractAddress": null,
	"cumulativeGasUsed": 7683915,
	"gasUsed": 51653,
	"logs": [
		{
			"address": "0x7e9e431a0B8c4D532C745B1043c7FA29a48D4fBa",
			"blockHash": "0x82a34bd32fcce83f1ec4767157c500e5da0254c3e7432928a4058e68df7aefea",
			"blockNumber": 5486039,
			"data": "0x000000000000000000000000000000000000000000000015eec070aa05cdc000",
			"logIndex": 61,
			"topics": [
				"0xddf252ad1be2c89b69c2b068fc378daa952ba7f163c4a11628f55a4df523b3ef",
				"0x000000000000000000000000468b858c964f297fd8fce058032bf4b4911a8ad8",
				"0x00000000000000000000000076d9453a78c7ad4b1c2f357b9e509f94f7a4895e"
			],
			"transactionHash": "0xb610706c259ba75934a3ef37badcb9d114118e0e99ce81d28fca4bb68f664589",
			"transactionIndex": 93,
			"transactionLogIndex": "0x0",
			"type": "mined",
			"id": "log_d809fa63"
		}
	],
	"logsBloom": "0x00000000000000000000000000020000000000000000000000000000000000000000000000200000000000000000000000000000000000000000000000000000000000000000010000000008000000000000000000000000000000000020000000000000000000000000000000000000000040000000000000000010000000000000000000000000000000000000000000000000000000000000000000000000000000000000000080000000000000000000000000000000000000010000000000001002000000000000000000000000000000000000000000000000000000000000000000000000000000000000000200000000000000000000000000000000",
	"root": null,
	"status": "0x1",
	"transactionHash": "0xb610706c259ba75934a3ef37badcb9d114118e0e99ce81d28fca4bb68f664589",
	"transactionIndex": 93
}
[2018-04-22T14:17:14.187] [DEBUG] trans - TO:   0xb80d1b92506b904d1d595fd08584885cf0833fa6
[2018-04-22T14:17:14.188] [DEBUG] trans - AMOUNT:   404600000000000000000
[2018-04-22T14:17:14.188] [DEBUG] trans - Receipt info:  {
	"blockHash": "0x82a34bd32fcce83f1ec4767157c500e5da0254c3e7432928a4058e68df7aefea",
	"blockNumber": 5486039,
	"contractAddress": null,
	"cumulativeGasUsed": 7580609,
	"gasUsed": 51589,
	"logs": [
		{
			"address": "0x7e9e431a0B8c4D532C745B1043c7FA29a48D4fBa",
			"blockHash": "0x82a34bd32fcce83f1ec4767157c500e5da0254c3e7432928a4058e68df7aefea",
			"blockNumber": 5486039,
			"data": "0x000000000000000000000000000000000000000000000015eef3f4565b0c0000",
			"logIndex": 59,
			"topics": [
				"0xddf252ad1be2c89b69c2b068fc378daa952ba7f163c4a11628f55a4df523b3ef",
				"0x000000000000000000000000468b858c964f297fd8fce058032bf4b4911a8ad8",
				"0x000000000000000000000000b80d1b92506b904d1d595fd08584885cf0833fa6"
			],
			"transactionHash": "0x95b96c40eb9a1f8cf9f71750c96a26578af9346cd8ff7a8fd32137b522dd3b18",
			"transactionIndex": 91,
			"transactionLogIndex": "0x0",
			"type": "mined",
			"id": "log_316db72a"
		}
	],
	"logsBloom": "0x00000000000000000000000000020000000000000000000000000000000000000000000000000000000000000000000000000000000000000000000000000000000000000000010000000008000000000000000000000000000000000020000000000000000000000000000000000000000000000000000000000010000000000000100000000000000000000000000000000000000000000000000000000000000000000000000080000000000000000000000000000000000000010000000000001002000000000000000010000000000000000000000000000000000000000000000000000000000000000000000000000000000000000000000000000000",
	"root": null,
	"status": "0x1",
	"transactionHash": "0x95b96c40eb9a1f8cf9f71750c96a26578af9346cd8ff7a8fd32137b522dd3b18",
	"transactionIndex": 91
}
[2018-04-22T14:17:14.188] [DEBUG] trans - TO:   0x80964a1d7c7e7cd344f0d4c843fa88ad7bc2a11d
[2018-04-22T14:17:14.188] [DEBUG] trans - AMOUNT:   404603500000000000000
[2018-04-22T14:17:14.188] [DEBUG] trans - Receipt info:  {
	"blockHash": "0x82a34bd32fcce83f1ec4767157c500e5da0254c3e7432928a4058e68df7aefea",
	"blockNumber": 5486039,
	"contractAddress": null,
	"cumulativeGasUsed": 7529020,
	"gasUsed": 51589,
	"logs": [
		{
			"address": "0x7e9e431a0B8c4D532C745B1043c7FA29a48D4fBa",
			"blockHash": "0x82a34bd32fcce83f1ec4767157c500e5da0254c3e7432928a4058e68df7aefea",
			"blockNumber": 5486039,
			"data": "0x000000000000000000000000000000000000000000000015ef0063919bc2c000",
			"logIndex": 58,
			"topics": [
				"0xddf252ad1be2c89b69c2b068fc378daa952ba7f163c4a11628f55a4df523b3ef",
				"0x000000000000000000000000468b858c964f297fd8fce058032bf4b4911a8ad8",
				"0x00000000000000000000000080964a1d7c7e7cd344f0d4c843fa88ad7bc2a11d"
			],
			"transactionHash": "0x4dfa0fdff190aea01c0399e66a7019150f500183c9cfcd77002ed971d1edf4c1",
			"transactionIndex": 90,
			"transactionLogIndex": "0x0",
			"type": "mined",
			"id": "log_7a04f8eb"
		}
	],
	"logsBloom": "0x00000000000000000000000000020000000000000000000000000000000000000000000000000000000000000000000000000000000000000000000000000000000000000000010000000008000000000001000000000000000000000020000000000000000000000000000000000000000000000000000000000010000000010000000000000000000000000000000000000000000000000000000000000000000000000000000080000000000000000000000000040000000000010000000000001002000000000000000000000000000000000000000000000000000000000000000000000000000000000000000000000000000000000000000000000000",
	"root": null,
	"status": "0x1",
	"transactionHash": "0x4dfa0fdff190aea01c0399e66a7019150f500183c9cfcd77002ed971d1edf4c1",
	"transactionIndex": 90
}
[2018-04-22T14:17:14.188] [DEBUG] trans - TO:   0x56eb6a4764fa89261263a9e073ac4cebe1b5f263
[2018-04-22T14:17:14.189] [DEBUG] trans - AMOUNT:   404590100000000000000
[2018-04-22T14:17:14.189] [DEBUG] trans - Receipt info:  {
	"blockHash": "0x82a34bd32fcce83f1ec4767157c500e5da0254c3e7432928a4058e68df7aefea",
	"blockNumber": 5486039,
	"contractAddress": null,
	"cumulativeGasUsed": 7632262,
	"gasUsed": 51653,
	"logs": [
		{
			"address": "0x7e9e431a0B8c4D532C745B1043c7FA29a48D4fBa",
			"blockHash": "0x82a34bd32fcce83f1ec4767157c500e5da0254c3e7432928a4058e68df7aefea",
			"blockNumber": 5486039,
			"data": "0x000000000000000000000000000000000000000000000015eed0c856fbc54000",
			"logIndex": 60,
			"topics": [
				"0xddf252ad1be2c89b69c2b068fc378daa952ba7f163c4a11628f55a4df523b3ef",
				"0x000000000000000000000000468b858c964f297fd8fce058032bf4b4911a8ad8",
				"0x00000000000000000000000056eb6a4764fa89261263a9e073ac4cebe1b5f263"
			],
			"transactionHash": "0xea237c3ef4019b709522e6171572ab5c5d3b0d31d1c23e9ed7f2f3170d05f140",
			"transactionIndex": 92,
			"transactionLogIndex": "0x0",
			"type": "mined",
			"id": "log_eadfe024"
		}
	],
	"logsBloom": "0x00000000000000000000000000020000000000000000000000000000000000000000000000000000000000000000000000000000000000000000000000000000000000000000010002000008000000000000000000000000000000000020000000000000000000000000000000000000000000000000000000000010000000000000000000000000400000000000000000000000000000000000000000000000000000000000000080000000000000000000000000000000000000010000000000001002000000000000000000000000000000002000000000000000000000000000000000000000000000000000000000000000000000000000000000000000",
	"root": null,
	"status": "0x1",
	"transactionHash": "0xea237c3ef4019b709522e6171572ab5c5d3b0d31d1c23e9ed7f2f3170d05f140",
	"transactionIndex": 92
}
[2018-04-22T14:17:14.189] [DEBUG] trans - TO:   0xc6c9adc90567e59ebea83ed2236e06082331739e
[2018-04-22T14:17:14.189] [DEBUG] trans - AMOUNT:   404576600000000000000
[2018-04-22T14:17:14.189] [DEBUG] trans - Receipt info:  {
	"blockHash": "0x82a34bd32fcce83f1ec4767157c500e5da0254c3e7432928a4058e68df7aefea",
	"blockNumber": 5486039,
	"contractAddress": null,
	"cumulativeGasUsed": 7787157,
	"gasUsed": 51653,
	"logs": [
		{
			"address": "0x7e9e431a0B8c4D532C745B1043c7FA29a48D4fBa",
			"blockHash": "0x82a34bd32fcce83f1ec4767157c500e5da0254c3e7432928a4058e68df7aefea",
			"blockNumber": 5486039,
			"data": "0x000000000000000000000000000000000000000000000015eea0d2294b4d8000",
			"logIndex": 63,
			"topics": [
				"0xddf252ad1be2c89b69c2b068fc378daa952ba7f163c4a11628f55a4df523b3ef",
				"0x000000000000000000000000468b858c964f297fd8fce058032bf4b4911a8ad8",
				"0x000000000000000000000000c6c9adc90567e59ebea83ed2236e06082331739e"
			],
			"transactionHash": "0x23a313faeba61d011d6c3235c3613a0eb32ab2fc117fdb1327c14eb8ab2f7823",
			"transactionIndex": 95,
			"transactionLogIndex": "0x0",
			"type": "mined",
			"id": "log_7f3e15d2"
		}
	],
	"logsBloom": "0x00000000000000000000000000020000000000000000000000000000000000000000000000000000000000000000000000000000000000000000000000000000000000000000010000000008000000000000000000000000000000000020000000000000000000000000000000000000000000000000000000000010000000000000000000000000000000000000000000000000000000000000000000000000000000002000000080000000002000000000000000000000000000010000000000001002000000000000000000000000000000000000000000000000000000000000000000000000000000000800000000000000000000000000000000000000",
	"root": null,
	"status": "0x1",
	"transactionHash": "0x23a313faeba61d011d6c3235c3613a0eb32ab2fc117fdb1327c14eb8ab2f7823",
	"transactionIndex": 95
}
[2018-04-22T14:17:14.189] [DEBUG] trans - TO:   0x6e4d34bb58c1d72c2d64cc20ee91fccdeaef3378
[2018-04-22T14:17:14.189] [DEBUG] trans - AMOUNT:   404552800000000000000
[2018-04-22T14:17:14.190] [DEBUG] trans - Receipt info:  {
	"blockHash": "0x82a34bd32fcce83f1ec4767157c500e5da0254c3e7432928a4058e68df7aefea",
	"blockNumber": 5486039,
	"contractAddress": null,
	"cumulativeGasUsed": 7838746,
	"gasUsed": 51589,
	"logs": [
		{
			"address": "0x7e9e431a0B8c4D532C745B1043c7FA29a48D4fBa",
			"blockHash": "0x82a34bd32fcce83f1ec4767157c500e5da0254c3e7432928a4058e68df7aefea",
			"blockNumber": 5486039,
			"data": "0x000000000000000000000000000000000000000000000015ee4c442ff9a60000",
			"logIndex": 64,
			"topics": [
				"0xddf252ad1be2c89b69c2b068fc378daa952ba7f163c4a11628f55a4df523b3ef",
				"0x000000000000000000000000468b858c964f297fd8fce058032bf4b4911a8ad8",
				"0x0000000000000000000000006e4d34bb58c1d72c2d64cc20ee91fccdeaef3378"
			],
			"transactionHash": "0xbe38c343b9969a62fd16ad9a95bda0a74db461e7fbaef188f05955f104a25fd0",
			"transactionIndex": 96,
			"transactionLogIndex": "0x0",
			"type": "mined",
			"id": "log_698bcbb2"
		}
	],
	"logsBloom": "0x00000000000000000000000000020400000000000000000000000000000000000000000000000000000000000000000000000000000000000000000000000000000000000000010000000088000000000000000000000000000000000020000000000000000000000000000000000000000000000000000020000010000000000000000000000000000000000000000000000000000000000000000000000000000000000000000080000000000000000000000000000000000000010000000000001002000000000000000000000000000000000000000000000000000000000000000000000000000000000000000000000000000000000000000000000000",
	"root": null,
	"status": "0x1",
	"transactionHash": "0xbe38c343b9969a62fd16ad9a95bda0a74db461e7fbaef188f05955f104a25fd0",
	"transactionIndex": 96
}
[2018-04-22T14:17:14.190] [DEBUG] trans - TO:   0x9aa84d00a2f2a46701631939a8de7fa6b88644fa
[2018-04-22T14:17:14.190] [DEBUG] trans - AMOUNT:   404832400000000000000
[2018-04-22T14:17:14.190] [DEBUG] trans - Receipt info:  {
	"blockHash": "0x82a34bd32fcce83f1ec4767157c500e5da0254c3e7432928a4058e68df7aefea",
	"blockNumber": 5486039,
	"contractAddress": null,
	"cumulativeGasUsed": 6702828,
	"gasUsed": 51525,
	"logs": [
		{
			"address": "0x7e9e431a0B8c4D532C745B1043c7FA29a48D4fBa",
			"blockHash": "0x82a34bd32fcce83f1ec4767157c500e5da0254c3e7432928a4058e68df7aefea",
			"blockNumber": 5486039,
			"data": "0x000000000000000000000000000000000000000000000015f22d9ae7f0d90000",
			"logIndex": 42,
			"topics": [
				"0xddf252ad1be2c89b69c2b068fc378daa952ba7f163c4a11628f55a4df523b3ef",
				"0x000000000000000000000000468b858c964f297fd8fce058032bf4b4911a8ad8",
				"0x0000000000000000000000009aa84d00a2f2a46701631939a8de7fa6b88644fa"
			],
			"transactionHash": "0xf905b9beac6ee47922e5099089fdde55a87e42f4bb037c8e4bdcb330f46a937b",
			"transactionIndex": 74,
			"transactionLogIndex": "0x0",
			"type": "mined",
			"id": "log_3f301f23"
		}
	],
	"logsBloom": "0x00000000000000000000000000020000000000000000000000000000000000000000000000000000000000000000000000000000000000000000000000000000000000000000010000000008000000000000000000000000000000000020000000000000000000000000000000000000000000000000000000000010000000000000000000000000000000000000000000000000000000000000000000000000000000000000000080000000000000000000000000000000000000010000000000001002000020000000000000000000000000000000000000000000000000020000000000000004000000000000000000000000000000000000000000000000",
	"root": null,
	"status": "0x1",
	"transactionHash": "0xf905b9beac6ee47922e5099089fdde55a87e42f4bb037c8e4bdcb330f46a937b",
	"transactionIndex": 74
}
[2018-04-22T14:17:14.190] [DEBUG] trans - TO:   0x418228125898f2c1e6637add20846f43b9bbce4f
[2018-04-22T14:17:14.190] [DEBUG] trans - AMOUNT:   404550000000000000000
[2018-04-22T14:17:14.190] [DEBUG] trans - Receipt info:  {
	"blockHash": "0x82a34bd32fcce83f1ec4767157c500e5da0254c3e7432928a4058e68df7aefea",
	"blockNumber": 5486039,
	"contractAddress": null,
	"cumulativeGasUsed": 7890335,
	"gasUsed": 51589,
	"logs": [
		{
			"address": "0x7e9e431a0B8c4D532C745B1043c7FA29a48D4fBa",
			"blockHash": "0x82a34bd32fcce83f1ec4767157c500e5da0254c3e7432928a4058e68df7aefea",
			"blockNumber": 5486039,
			"data": "0x000000000000000000000000000000000000000000000015ee42519a2c470000",
			"logIndex": 65,
			"topics": [
				"0xddf252ad1be2c89b69c2b068fc378daa952ba7f163c4a11628f55a4df523b3ef",
				"0x000000000000000000000000468b858c964f297fd8fce058032bf4b4911a8ad8",
				"0x000000000000000000000000418228125898f2c1e6637add20846f43b9bbce4f"
			],
			"transactionHash": "0x9af79f7a486c1ade4c670ce1e861fcc926a1b5824c1dea66b6090af68017b93e",
			"transactionIndex": 97,
			"transactionLogIndex": "0x0",
			"type": "mined",
			"id": "log_408bd56e"
		}
	],
	"logsBloom": "0x00000000000000000000000000020000000000000000000000000000000000000000000000000000000000000000000000000000000000000000000000000000000000000000010000000008000000002000000000040000000000000020000000000000000000000000000000000000000000000000000000000010000000000000000000000000000000000000000000000000000000000000000000000000000000000040000080000000000000000000000000000000000000010000000000001002000000000000000000000000000000000000000000000000000000000000000000000000000000000000000000000000000000000000000000000000",
	"root": null,
	"status": "0x1",
	"transactionHash": "0x9af79f7a486c1ade4c670ce1e861fcc926a1b5824c1dea66b6090af68017b93e",
	"transactionIndex": 97
}
[2018-04-22T14:17:14.190] [DEBUG] trans - TO:   0xfa3ecc6a4ae46c26dddcb0f98155e33bbf0d4b2e
[2018-04-22T14:17:14.190] [DEBUG] trans - AMOUNT:   404580000000000000000
[2018-04-22T14:17:14.190] [DEBUG] trans - Receipt info:  {
	"blockHash": "0x82a34bd32fcce83f1ec4767157c500e5da0254c3e7432928a4058e68df7aefea",
	"blockNumber": 5486039,
	"contractAddress": null,
	"cumulativeGasUsed": 7735504,
	"gasUsed": 51589,
	"logs": [
		{
			"address": "0x7e9e431a0B8c4D532C745B1043c7FA29a48D4fBa",
			"blockHash": "0x82a34bd32fcce83f1ec4767157c500e5da0254c3e7432928a4058e68df7aefea",
			"blockNumber": 5486039,
			"data": "0x000000000000000000000000000000000000000000000015eeace6717b8a0000",
			"logIndex": 62,
			"topics": [
				"0xddf252ad1be2c89b69c2b068fc378daa952ba7f163c4a11628f55a4df523b3ef",
				"0x000000000000000000000000468b858c964f297fd8fce058032bf4b4911a8ad8",
				"0x000000000000000000000000fa3ecc6a4ae46c26dddcb0f98155e33bbf0d4b2e"
			],
			"transactionHash": "0x908da126ca3e7de230d71de18493bf514af31f8d6a605e86b9a02741e5aa5780",
			"transactionIndex": 94,
			"transactionLogIndex": "0x0",
			"type": "mined",
			"id": "log_1f46adfc"
		}
	],
	"logsBloom": "0x00000000000000000000000000020000000000000000000000000000000000000000000000000000000000000000000000000000000000000000000000000000000000000000010000000008000000000000000000000000000000000020000000000000000000001000100000000000000000000000000000000110000000000000000000000000000000000000000000000000000000000000000000000000000000000000000080000000000000000000000000000000000000010000000000001002000000000000000000000000000000000000000000000000000000000000000000000000000000000000000000000000000000000000000000000000",
	"root": null,
	"status": "0x1",
	"transactionHash": "0x908da126ca3e7de230d71de18493bf514af31f8d6a605e86b9a02741e5aa5780",
	"transactionIndex": 94
}
[2018-04-22T14:17:14.191] [DEBUG] trans - TO:   0x571faddf6a29295906e574e9cc32584ec067d845
[2018-04-22T14:17:14.191] [DEBUG] trans - AMOUNT:   404900000000000000000
[2018-04-22T14:17:14.191] [DEBUG] trans - Receipt info:  {
	"blockHash": "0x82a34bd32fcce83f1ec4767157c500e5da0254c3e7432928a4058e68df7aefea",
	"blockNumber": 5486039,
	"contractAddress": null,
	"cumulativeGasUsed": 6496408,
	"gasUsed": 51589,
	"logs": [
		{
			"address": "0x7e9e431a0B8c4D532C745B1043c7FA29a48D4fBa",
			"blockHash": "0x82a34bd32fcce83f1ec4767157c500e5da0254c3e7432928a4058e68df7aefea",
			"blockNumber": 5486039,
			"data": "0x000000000000000000000000000000000000000000000015f31dc4bf73aa0000",
			"logIndex": 38,
			"topics": [
				"0xddf252ad1be2c89b69c2b068fc378daa952ba7f163c4a11628f55a4df523b3ef",
				"0x000000000000000000000000468b858c964f297fd8fce058032bf4b4911a8ad8",
				"0x000000000000000000000000571faddf6a29295906e574e9cc32584ec067d845"
			],
			"transactionHash": "0xd32cc7b9e8f648c13af363ecbbcde8aae5a0b81b5a874e0af9b44485de579595",
			"transactionIndex": 70,
			"transactionLogIndex": "0x0",
			"type": "mined",
			"id": "log_5a1f60ac"
		}
	],
	"logsBloom": "0x00000000000000000000000000020000000000000000000000000000000000000001000000000020000000000000000000000000000000000000000000000000000000000000010000000008000000000000000000000000000000000020000000000000000000000000000000000000000000000000000000000010000000800000000000000000000000000000000000000000000000000000000000000000000000000000000080000000000000000000000000000000000000010000000000001002000000000000000000000000000000000000000000000000000000000000000000000000000000000000000000000000000000000000000000000000",
	"root": null,
	"status": "0x1",
	"transactionHash": "0xd32cc7b9e8f648c13af363ecbbcde8aae5a0b81b5a874e0af9b44485de579595",
	"transactionIndex": 70
}
