[2018-04-16T13:19:19.544] [DEBUG] trans - TO:   0x5528a21feedb60f30266e419454cd274fee3a5ef
[2018-04-16T13:19:19.545] [DEBUG] trans - AMOUNT:   100829100000000000000
[2018-04-16T13:19:19.545] [DEBUG] trans - Receipt info:  {
	"blockHash": "0xaca3a685531fd524b9eccfeb862c6381b06b363d8111c4345298aa0b44b81fc4",
	"blockNumber": 5450871,
	"contractAddress": null,
	"cumulativeGasUsed": 2169099,
	"gasUsed": 51653,
	"logs": [
		{
			"address": "0x7e9e431a0B8c4D532C745B1043c7FA29a48D4fBa",
			"blockHash": "0xaca3a685531fd524b9eccfeb862c6381b06b363d8111c4345298aa0b44b81fc4",
			"blockNumber": 5450871,
			"data": "0x0000000000000000000000000000000000000000000000057748ec3c0a56c000",
			"logIndex": 49,
			"topics": [
				"0xddf252ad1be2c89b69c2b068fc378daa952ba7f163c4a11628f55a4df523b3ef",
				"0x000000000000000000000000468b858c964f297fd8fce058032bf4b4911a8ad8",
				"0x0000000000000000000000005528a21feedb60f30266e419454cd274fee3a5ef"
			],
			"transactionHash": "0x2bcfc94a0f0284ceef5a30eb72f16f82f25b900a64efffb7984d077ac209f725",
			"transactionIndex": 58,
			"transactionLogIndex": "0x0",
			"type": "mined",
			"id": "log_5001c3ab"
		}
	],
	"logsBloom": "0x00000000000000000000000000020000000000000000000000000000000000000000000000000000010000000000000000000000000004000000000000000000000000000000010000000008000000000000000008000000000000000020000000000000000000000000000000000000000000000000000000000010000000000000000000000000000000000000000000000000000000000000000000000000000000000000000080000000000000000000000000000000000000010000000000001002000000000000000000000000000000000000000000000000000000000000000000000000000000000000000000000000000000000000000000000000",
	"root": null,
	"status": "0x1",
	"transactionHash": "0x2bcfc94a0f0284ceef5a30eb72f16f82f25b900a64efffb7984d077ac209f725",
	"transactionIndex": 58
}
[2018-04-16T13:19:19.546] [DEBUG] trans - TO:   0x4a8c2e2f2d93e49886622b69294c9acd378cc439
[2018-04-16T13:19:19.546] [DEBUG] trans - AMOUNT:   100829100000000000000
[2018-04-16T13:19:19.546] [DEBUG] trans - Receipt info:  {
	"blockHash": "0xa48dc94584b2ac03f917fbafeac9b19119f4a4dafd5b26ccd69875b55a31e66e",
	"blockNumber": 5450870,
	"contractAddress": null,
	"cumulativeGasUsed": 1465994,
	"gasUsed": 51653,
	"logs": [
		{
			"address": "0x7e9e431a0B8c4D532C745B1043c7FA29a48D4fBa",
			"blockHash": "0xa48dc94584b2ac03f917fbafeac9b19119f4a4dafd5b26ccd69875b55a31e66e",
			"blockNumber": 5450870,
			"data": "0x0000000000000000000000000000000000000000000000057748ec3c0a56c000",
			"logIndex": 24,
			"topics": [
				"0xddf252ad1be2c89b69c2b068fc378daa952ba7f163c4a11628f55a4df523b3ef",
				"0x000000000000000000000000468b858c964f297fd8fce058032bf4b4911a8ad8",
				"0x0000000000000000000000004a8c2e2f2d93e49886622b69294c9acd378cc439"
			],
			"transactionHash": "0x084650ef199b71b702eb71f771073357c8beb12ddb50dc0afba0b15cb30bb506",
			"transactionIndex": 37,
			"transactionLogIndex": "0x0",
			"type": "mined",
			"id": "log_9c7337f9"
		}
	],
	"logsBloom": "0x00000000000000000000000000020000000000000000000000000000000000000000000000000000000000000000000000000000000000000000000000000000000000000000010000000008000000000000000000000000000000000020000000000000000000000000000000000000000000000000000000000010000000000000000000000000000000080100000000000000000000000000000000000000000000000000000080000000000000000000000000000000000000010000000000001002000000000000000000000000000000000000000000008000000000000000000000000000000000000000000000000000000000000000000000000000",
	"root": null,
	"status": "0x1",
	"transactionHash": "0x084650ef199b71b702eb71f771073357c8beb12ddb50dc0afba0b15cb30bb506",
	"transactionIndex": 37
}
[2018-04-16T13:19:19.547] [DEBUG] trans - TO:   0x83c01eb700664d9733cd971d34ad3989c3171842
[2018-04-16T13:19:19.547] [DEBUG] trans - AMOUNT:   100825600000000000000
[2018-04-16T13:19:19.547] [DEBUG] trans - Receipt info:  {
	"blockHash": "0xaca3a685531fd524b9eccfeb862c6381b06b363d8111c4345298aa0b44b81fc4",
	"blockNumber": 5450871,
	"contractAddress": null,
	"cumulativeGasUsed": 4076819,
	"gasUsed": 51461,
	"logs": [
		{
			"address": "0x7e9e431a0B8c4D532C745B1043c7FA29a48D4fBa",
			"blockHash": "0xaca3a685531fd524b9eccfeb862c6381b06b363d8111c4345298aa0b44b81fc4",
			"blockNumber": 5450871,
			"data": "0x000000000000000000000000000000000000000000000005773c7d00c9a00000",
			"logIndex": 75,
			"topics": [
				"0xddf252ad1be2c89b69c2b068fc378daa952ba7f163c4a11628f55a4df523b3ef",
				"0x000000000000000000000000468b858c964f297fd8fce058032bf4b4911a8ad8",
				"0x00000000000000000000000083c01eb700664d9733cd971d34ad3989c3171842"
			],
			"transactionHash": "0x71fa41d95b151d3e075aa926f6bf89496e2b152d39af6cd33bd1afad85d08b23",
			"transactionIndex": 87,
			"transactionLogIndex": "0x0",
			"type": "mined",
			"id": "log_37038ae6"
		}
	],
	"logsBloom": "0x00000000000000000000000000020000000000000000000000000000000000000000000000000000000000000000000000000000000000000000000000000000000000000000010000000008000000000000000000000000000000000020000000000000000000000000000000000000000000000000000000000010000000000000000000000000000000000000000000000000000000000000000000004000000000000000000080000000000000000000000000000000000000010000000000001002000000000000000000000000000000000000000000000000000000200000000000000000010000000000000000000000000000000000000000000000",
	"root": null,
	"status": "0x1",
	"transactionHash": "0x71fa41d95b151d3e075aa926f6bf89496e2b152d39af6cd33bd1afad85d08b23",
	"transactionIndex": 87
}
[2018-04-16T13:19:19.548] [DEBUG] trans - TO:   0x682904f411499d892ee9496d99381676dceadfea
[2018-04-16T13:19:19.548] [DEBUG] trans - AMOUNT:   100828700000000000000
[2018-04-16T13:19:19.548] [DEBUG] trans - Receipt info:  {
	"blockHash": "0xaca3a685531fd524b9eccfeb862c6381b06b363d8111c4345298aa0b44b81fc4",
	"blockNumber": 5450871,
	"contractAddress": null,
	"cumulativeGasUsed": 3861330,
	"gasUsed": 51653,
	"logs": [
		{
			"address": "0x7e9e431a0B8c4D532C745B1043c7FA29a48D4fBa",
			"blockHash": "0xaca3a685531fd524b9eccfeb862c6381b06b363d8111c4345298aa0b44b81fc4",
			"blockNumber": 5450871,
			"data": "0x0000000000000000000000000000000000000000000000057747806fc86dc000",
			"logIndex": 74,
			"topics": [
				"0xddf252ad1be2c89b69c2b068fc378daa952ba7f163c4a11628f55a4df523b3ef",
				"0x000000000000000000000000468b858c964f297fd8fce058032bf4b4911a8ad8",
				"0x000000000000000000000000682904f411499d892ee9496d99381676dceadfea"
			],
			"transactionHash": "0xb4be0056e4f04070271689dc0e018b0d850f21c760b2128412013f340f6bc792",
			"transactionIndex": 84,
			"transactionLogIndex": "0x0",
			"type": "mined",
			"id": "log_2ffc1b0e"
		}
	],
	"logsBloom": "0x00000000000000000000000000020000000000000000000000000000000000000000000000000000000000000000000000000000000000000000000000000000000000000000010000000008000000000000000000000000000000000020000000000000000000000000000000000000000000000000000000000010000000000000000000000200000000000000000000000000000000000000000400000000000000000000000080000000000000000000000000000000000000010000000000001002000000000000000000000000000000000000000000000000000000000000000000010000000000000000000000000000000000000000000000000000",
	"root": null,
	"status": "0x1",
	"transactionHash": "0xb4be0056e4f04070271689dc0e018b0d850f21c760b2128412013f340f6bc792",
	"transactionIndex": 84
}
[2018-04-16T13:19:19.548] [DEBUG] trans - TO:   0x8bd6619d9bb2d5b482d009773da397dd01a3a2ff
[2018-04-16T13:19:19.548] [DEBUG] trans - AMOUNT:   100822600000000000000
[2018-04-16T13:19:19.548] [DEBUG] trans - Receipt info:  {
	"blockHash": "0xaca3a685531fd524b9eccfeb862c6381b06b363d8111c4345298aa0b44b81fc4",
	"blockNumber": 5450871,
	"contractAddress": null,
	"cumulativeGasUsed": 4657277,
	"gasUsed": 51653,
	"logs": [
		{
			"address": "0x7e9e431a0B8c4D532C745B1043c7FA29a48D4fBa",
			"blockHash": "0xaca3a685531fd524b9eccfeb862c6381b06b363d8111c4345298aa0b44b81fc4",
			"blockNumber": 5450871,
			"data": "0x0000000000000000000000000000000000000000000000057731d484db4c8000",
			"logIndex": 80,
			"topics": [
				"0xddf252ad1be2c89b69c2b068fc378daa952ba7f163c4a11628f55a4df523b3ef",
				"0x000000000000000000000000468b858c964f297fd8fce058032bf4b4911a8ad8",
				"0x0000000000000000000000008bd6619d9bb2d5b482d009773da397dd01a3a2ff"
			],
			"transactionHash": "0xddb52721f0e143fe20424969c6d948e0197ace8c7009f20fcf7ca7769f76eace",
			"transactionIndex": 96,
			"transactionLogIndex": "0x0",
			"type": "mined",
			"id": "log_4d9147f5"
		}
	],
	"logsBloom": "0x00000000000000000000000000020000000000000000000000000000000000000000000000000000000000000000000000000000000000000000002000000000000000000000010000000008000000000000000000000000000000000020000000000000000000000000000000000000000000000000000400000010000000000000000000000000000000000000000000000000000000000000000000000000000000000000000080000800000000000000000000000000000000010000000000001002000000000000000000000000000000000000000000000000000000000000000000000000000000000000000000000000000000000000000000000000",
	"root": null,
	"status": "0x1",
	"transactionHash": "0xddb52721f0e143fe20424969c6d948e0197ace8c7009f20fcf7ca7769f76eace",
	"transactionIndex": 96
}
[2018-04-16T13:19:19.549] [DEBUG] trans - TO:   0x5f2a52b6760c1da70961aecf3fe87fbc3c300173
[2018-04-16T13:19:19.549] [DEBUG] trans - AMOUNT:   100823400000000000000
[2018-04-16T13:19:19.549] [DEBUG] trans - Receipt info:  {
	"blockHash": "0xaca3a685531fd524b9eccfeb862c6381b06b363d8111c4345298aa0b44b81fc4",
	"blockNumber": 5450871,
	"contractAddress": null,
	"cumulativeGasUsed": 4292436,
	"gasUsed": 51653,
	"logs": [
		{
			"address": "0x7e9e431a0B8c4D532C745B1043c7FA29a48D4fBa",
			"blockHash": "0xaca3a685531fd524b9eccfeb862c6381b06b363d8111c4345298aa0b44b81fc4",
			"blockNumber": 5450871,
			"data": "0x0000000000000000000000000000000000000000000000057734ac1d5f1e8000",
			"logIndex": 76,
			"topics": [
				"0xddf252ad1be2c89b69c2b068fc378daa952ba7f163c4a11628f55a4df523b3ef",
				"0x000000000000000000000000468b858c964f297fd8fce058032bf4b4911a8ad8",
				"0x0000000000000000000000005f2a52b6760c1da70961aecf3fe87fbc3c300173"
			],
			"transactionHash": "0xa1a0738e7ab1023f6ef2e6d96953dc982b0298212a454091f18c9c7284eeed3f",
			"transactionIndex": 90,
			"transactionLogIndex": "0x0",
			"type": "mined",
			"id": "log_b6086b52"
		}
	],
	"logsBloom": "0x00000000000000000000000000020000000000000000000000000000000000000000000000000000000000000000000000000000000000000000000000000000000000000000010000000008000000000000000000000000000000000020000000000000000000010000000000000000000000000000000000000010000000000000000000000000000000000000000000000000000000000000000000000000000000000000000080000000000000000000000000000000000000010000000000801002000000000000000000000000000000000000000000004000000000000000000000000000000000000000000000000000000000000000000000000000",
	"root": null,
	"status": "0x1",
	"transactionHash": "0xa1a0738e7ab1023f6ef2e6d96953dc982b0298212a454091f18c9c7284eeed3f",
	"transactionIndex": 90
}
[2018-04-16T13:19:19.549] [DEBUG] trans - TO:   0xc574e1eb973bcff08da3be7886dfa693d2439c78
[2018-04-16T13:19:19.549] [DEBUG] trans - AMOUNT:   100823300000000000000
[2018-04-16T13:19:19.549] [DEBUG] trans - Receipt info:  {
	"blockHash": "0xaca3a685531fd524b9eccfeb862c6381b06b363d8111c4345298aa0b44b81fc4",
	"blockNumber": 5450871,
	"contractAddress": null,
	"cumulativeGasUsed": 4442108,
	"gasUsed": 51653,
	"logs": [
		{
			"address": "0x7e9e431a0B8c4D532C745B1043c7FA29a48D4fBa",
			"blockHash": "0xaca3a685531fd524b9eccfeb862c6381b06b363d8111c4345298aa0b44b81fc4",
			"blockNumber": 5450871,
			"data": "0x0000000000000000000000000000000000000000000000057734512a4ea44000",
			"logIndex": 79,
			"topics": [
				"0xddf252ad1be2c89b69c2b068fc378daa952ba7f163c4a11628f55a4df523b3ef",
				"0x000000000000000000000000468b858c964f297fd8fce058032bf4b4911a8ad8",
				"0x000000000000000000000000c574e1eb973bcff08da3be7886dfa693d2439c78"
			],
			"transactionHash": "0xe4abb4965af273d89feac71aee4aa9a0711e6e3117d1821ec5fdcc1c58d6f122",
			"transactionIndex": 93,
			"transactionLogIndex": "0x0",
			"type": "mined",
			"id": "log_b9fcb340"
		}
	],
	"logsBloom": "0x00000000000000000000000000020000000000002000000000000000000000000000000000000000000000000000000000000000000000000000000000000000000000000000010000000008000000000000000000000000000000000020000000000000000000000000000000000000000000000000000000000010400000000000000000000000000000000000000000000000000000000000000000000000000000080000000080000000000000000000000000000000000000010000000000001002000000000000000000000000000000000000000000000000000000000000000000000000000000000000000000000000000000000000000000000000",
	"root": null,
	"status": "0x1",
	"transactionHash": "0xe4abb4965af273d89feac71aee4aa9a0711e6e3117d1821ec5fdcc1c58d6f122",
	"transactionIndex": 93
}
[2018-04-16T13:19:19.550] [DEBUG] trans - TO:   0xb652c0d068dcdcdd19f58f57a2b5531aa6d0dbdf
[2018-04-16T13:19:19.550] [DEBUG] trans - AMOUNT:   100829000000000000000
[2018-04-16T13:19:19.550] [DEBUG] trans - Receipt info:  {
	"blockHash": "0xaca3a685531fd524b9eccfeb862c6381b06b363d8111c4345298aa0b44b81fc4",
	"blockNumber": 5450871,
	"contractAddress": null,
	"cumulativeGasUsed": 3334889,
	"gasUsed": 51653,
	"logs": [
		{
			"address": "0x7e9e431a0B8c4D532C745B1043c7FA29a48D4fBa",
			"blockHash": "0xaca3a685531fd524b9eccfeb862c6381b06b363d8111c4345298aa0b44b81fc4",
			"blockNumber": 5450871,
			"data": "0x00000000000000000000000000000000000000000000000577489148f9dc8000",
			"logIndex": 69,
			"topics": [
				"0xddf252ad1be2c89b69c2b068fc378daa952ba7f163c4a11628f55a4df523b3ef",
				"0x000000000000000000000000468b858c964f297fd8fce058032bf4b4911a8ad8",
				"0x000000000000000000000000b652c0d068dcdcdd19f58f57a2b5531aa6d0dbdf"
			],
			"transactionHash": "0xe679e9c05c1332852ce4b0528ea53ca6d7daef8cf6de639ab9ff200984ea6637",
			"transactionIndex": 76,
			"transactionLogIndex": "0x0",
			"type": "mined",
			"id": "log_b35b8660"
		}
	],
	"logsBloom": "0x00000000000000000000000000020000000000000000000000000000000000000000000000000000000000000000000000000000000000000000000000000000000000000000010000000008000000000000000000000000000000000020000000000000000000000000000000000000000000000000000000000010000000000000000000000000000000000000000000000000000000000000000000000000000000000000000080000000040000000000000000000000020000010000000000001002000000000000000000000000000000000000000000000000000000000000000000000000000000000000000000000000000000000000080000000000",
	"root": null,
	"status": "0x1",
	"transactionHash": "0xe679e9c05c1332852ce4b0528ea53ca6d7daef8cf6de639ab9ff200984ea6637",
	"transactionIndex": 76
}
[2018-04-16T13:19:19.550] [DEBUG] trans - TO:   0xea0875973f7347e23818dc96a2a623b2344200ff
[2018-04-16T13:19:19.550] [DEBUG] trans - AMOUNT:   100822000000000000000
[2018-04-16T13:19:19.550] [DEBUG] trans - Receipt info:  {
	"blockHash": "0xaca3a685531fd524b9eccfeb862c6381b06b363d8111c4345298aa0b44b81fc4",
	"blockNumber": 5450871,
	"contractAddress": null,
	"cumulativeGasUsed": 4872830,
	"gasUsed": 51525,
	"logs": [
		{
			"address": "0x7e9e431a0B8c4D532C745B1043c7FA29a48D4fBa",
			"blockHash": "0xaca3a685531fd524b9eccfeb862c6381b06b363d8111c4345298aa0b44b81fc4",
			"blockNumber": 5450871,
			"data": "0x000000000000000000000000000000000000000000000005772fb2d2786f0000",
			"logIndex": 81,
			"topics": [
				"0xddf252ad1be2c89b69c2b068fc378daa952ba7f163c4a11628f55a4df523b3ef",
				"0x000000000000000000000000468b858c964f297fd8fce058032bf4b4911a8ad8",
				"0x000000000000000000000000ea0875973f7347e23818dc96a2a623b2344200ff"
			],
			"transactionHash": "0x3822d3d03a669b645a6f1260d930fd30a59c8e1c8c7468ab6924b74338a6d189",
			"transactionIndex": 99,
			"transactionLogIndex": "0x0",
			"type": "mined",
			"id": "log_0e48ddad"
		}
	],
	"logsBloom": "0x00000000000000000000000000020000000000000000000000100000000000000000000000000000000000000000000000000000000000000000000000000000000000000000010000000008000000000000000000000000000000000020000000000000000000000000000000000000000000000000000000000010000000000000000000080000000000000000000000000000000000000000000000000000000000000000000080000000000000000000000000000000000000010000000000001002000000000000000000000000000000000000000000000000000000000000001000000000000000000000000000000000000000000000000000000000",
	"root": null,
	"status": "0x1",
	"transactionHash": "0x3822d3d03a669b645a6f1260d930fd30a59c8e1c8c7468ab6924b74338a6d189",
	"transactionIndex": 99
}
[2018-04-16T13:19:19.550] [DEBUG] trans - TO:   0x148f77c36c2e22045d64a4063ee4d245290a2bba
[2018-04-16T13:19:19.550] [DEBUG] trans - AMOUNT:   100821500000000000000
[2018-04-16T13:19:19.551] [DEBUG] trans - Receipt info:  {
	"blockHash": "0xaca3a685531fd524b9eccfeb862c6381b06b363d8111c4345298aa0b44b81fc4",
	"blockNumber": 5450871,
	"contractAddress": null,
	"cumulativeGasUsed": 5088127,
	"gasUsed": 51653,
	"logs": [
		{
			"address": "0x7e9e431a0B8c4D532C745B1043c7FA29a48D4fBa",
			"blockHash": "0xaca3a685531fd524b9eccfeb862c6381b06b363d8111c4345298aa0b44b81fc4",
			"blockNumber": 5450871,
			"data": "0x000000000000000000000000000000000000000000000005772dec13260bc000",
			"logIndex": 82,
			"topics": [
				"0xddf252ad1be2c89b69c2b068fc378daa952ba7f163c4a11628f55a4df523b3ef",
				"0x000000000000000000000000468b858c964f297fd8fce058032bf4b4911a8ad8",
				"0x000000000000000000000000148f77c36c2e22045d64a4063ee4d245290a2bba"
			],
			"transactionHash": "0x00c62bb99e61b6bc8e1a65bbf2809cfa36aeefc8bb29e75f0bc74b4034af02bd",
			"transactionIndex": 102,
			"transactionLogIndex": "0x0",
			"type": "mined",
			"id": "log_d806cb72"
		}
	],
	"logsBloom": "0x00000000000000000000000000020000000000000000000000000000000000000000000000000000000000000000000000000000000000000000000000000000000000000000010000000008000000000000000000000000000000000020000000000004000000000000000000000008000000000000000000000010000000000000000000000000000000000000000000000000000000000000000000000000000000000000000080000000000000000000000000000000000000010000000000001002000000000000000000000000002000000000000000000000000000000000000000000000000000000000000000000000000000000000000000000000",
	"root": null,
	"status": "0x1",
	"transactionHash": "0x00c62bb99e61b6bc8e1a65bbf2809cfa36aeefc8bb29e75f0bc74b4034af02bd",
	"transactionIndex": 102
}
[2018-04-16T13:19:19.552] [DEBUG] trans - TO:   0x000962306aabdf2ba2bbc8d1a5be3444aec2bd3c
[2018-04-16T13:19:19.553] [DEBUG] trans - AMOUNT:   100817100000000000000
[2018-04-16T13:19:19.553] [DEBUG] trans - Receipt info:  {
	"blockHash": "0xaca3a685531fd524b9eccfeb862c6381b06b363d8111c4345298aa0b44b81fc4",
	"blockNumber": 5450871,
	"contractAddress": null,
	"cumulativeGasUsed": 6246957,
	"gasUsed": 51589,
	"logs": [
		{
			"address": "0x7e9e431a0B8c4D532C745B1043c7FA29a48D4fBa",
			"blockHash": "0xaca3a685531fd524b9eccfeb862c6381b06b363d8111c4345298aa0b44b81fc4",
			"blockNumber": 5450871,
			"data": "0x000000000000000000000000000000000000000000000005771e4a4c5108c000",
			"logIndex": 91,
			"topics": [
				"0xddf252ad1be2c89b69c2b068fc378daa952ba7f163c4a11628f55a4df523b3ef",
				"0x000000000000000000000000468b858c964f297fd8fce058032bf4b4911a8ad8",
				"0x000000000000000000000000000962306aabdf2ba2bbc8d1a5be3444aec2bd3c"
			],
			"transactionHash": "0xd1fe7066332ce29af5f10195e414fc308050b79efd2ebd1cceeb770f6d5ee228",
			"transactionIndex": 114,
			"transactionLogIndex": "0x0",
			"type": "mined",
			"id": "log_412bc6a0"
		}
	],
	"logsBloom": "0x00000000000000000000000000020000000000000000000000000000000000000000000000000000000000000000000000000000000000000000000000000000000000000000010000000008000000000000000000000000000000000020000000000000000000000000000000000000000000000000000000000010000000000000000000000000000000000000000000000000000010000000000000000000000000000000000080000000000000000000000000000000000000010000000000001202000000000000000000000000000000000000000000000000000000000000000002000000000000000000000000000000000000000000000000000000",
	"root": null,
	"status": "0x1",
	"transactionHash": "0xd1fe7066332ce29af5f10195e414fc308050b79efd2ebd1cceeb770f6d5ee228",
	"transactionIndex": 114
}
[2018-04-16T13:19:19.553] [DEBUG] trans - TO:   0x89591b96b9ac1dfb14cca384aae345f6830a4874
[2018-04-16T13:19:19.553] [DEBUG] trans - AMOUNT:   100820000000000000000
[2018-04-16T13:19:19.553] [DEBUG] trans - Receipt info:  {
	"blockHash": "0xaca3a685531fd524b9eccfeb862c6381b06b363d8111c4345298aa0b44b81fc4",
	"blockNumber": 5450871,
	"contractAddress": null,
	"cumulativeGasUsed": 5671658,
	"gasUsed": 51589,
	"logs": [
		{
			"address": "0x7e9e431a0B8c4D532C745B1043c7FA29a48D4fBa",
			"blockHash": "0xaca3a685531fd524b9eccfeb862c6381b06b363d8111c4345298aa0b44b81fc4",
			"blockNumber": 5450871,
			"data": "0x000000000000000000000000000000000000000000000005772897d52ee20000",
			"logIndex": 85,
			"topics": [
				"0xddf252ad1be2c89b69c2b068fc378daa952ba7f163c4a11628f55a4df523b3ef",
				"0x000000000000000000000000468b858c964f297fd8fce058032bf4b4911a8ad8",
				"0x00000000000000000000000089591b96b9ac1dfb14cca384aae345f6830a4874"
			],
			"transactionHash": "0x129d5f6c70a150257c4733ee339006c4c513212a7adffba31f2735f364e718e9",
			"transactionIndex": 108,
			"transactionLogIndex": "0x0",
			"type": "mined",
			"id": "log_d9367b1c"
		}
	],
	"logsBloom": "0x00000000000000000000000000020000000000000000000000000000000000000000000000000000000000000000000000000000000000000000000000000000000020000000010000000008000000000000000000000000000000000020000000000000000000000000000000000000000000000000010000000010000000000000000000000000000000000000000000000000000000000000000000000000000000000000000080000000000000000000000000000000000000010000000000001002000000000000000000000000000000000000000000000000000000000000000000000000000000000000000000000000000000004000000000000000",
	"root": null,
	"status": "0x1",
	"transactionHash": "0x129d5f6c70a150257c4733ee339006c4c513212a7adffba31f2735f364e718e9",
	"transactionIndex": 108
}
[2018-04-16T13:19:19.553] [DEBUG] trans - TO:   0x10a26b1af2ad5469c7bcddfba854d5cf3b6b87dc
[2018-04-16T13:19:19.553] [DEBUG] trans - AMOUNT:   100819500000000000000
[2018-04-16T13:19:19.553] [DEBUG] trans - Receipt info:  {
	"blockHash": "0xaca3a685531fd524b9eccfeb862c6381b06b363d8111c4345298aa0b44b81fc4",
	"blockNumber": 5450871,
	"contractAddress": null,
	"cumulativeGasUsed": 5843171,
	"gasUsed": 51653,
	"logs": [
		{
			"address": "0x7e9e431a0B8c4D532C745B1043c7FA29a48D4fBa",
			"blockHash": "0xaca3a685531fd524b9eccfeb862c6381b06b363d8111c4345298aa0b44b81fc4",
			"blockNumber": 5450871,
			"data": "0x0000000000000000000000000000000000000000000000057726d115dc7ec000",
			"logIndex": 89,
			"topics": [
				"0xddf252ad1be2c89b69c2b068fc378daa952ba7f163c4a11628f55a4df523b3ef",
				"0x000000000000000000000000468b858c964f297fd8fce058032bf4b4911a8ad8",
				"0x00000000000000000000000010a26b1af2ad5469c7bcddfba854d5cf3b6b87dc"
			],
			"transactionHash": "0xc3cc099fc64ca942d7b747cd3a9ad648f27701b1a39880fe35443114f1f9569a",
			"transactionIndex": 110,
			"transactionLogIndex": "0x0",
			"type": "mined",
			"id": "log_9acb2b8f"
		}
	],
	"logsBloom": "0x00000000000000000000000000020000000000000000000000000000000000000000000000000000000000000000000000000000000000000000000000000000000000000000010000000008000000000000002000000000000000000020000000000000000000000000000000000000000000000000000000000010000000000000000000000000000000000000000000000000000000000000000000000000000000000000000080000000000000000000000000000000000000010000000000001002000000000000000000000000000000000000200000000000000000000000000000000000000000000000000000000000000000000000000004000000",
	"root": null,
	"status": "0x1",
	"transactionHash": "0xc3cc099fc64ca942d7b747cd3a9ad648f27701b1a39880fe35443114f1f9569a",
	"transactionIndex": 110
}
[2018-04-16T13:19:19.554] [DEBUG] trans - TO:   0x1b5bd387e3245241ac0d7696e61845e9a75cc76c
[2018-04-16T13:19:19.554] [DEBUG] trans - AMOUNT:   100818000000000000000
[2018-04-16T13:19:19.554] [DEBUG] trans - Receipt info:  {
	"blockHash": "0xaca3a685531fd524b9eccfeb862c6381b06b363d8111c4345298aa0b44b81fc4",
	"blockNumber": 5450871,
	"contractAddress": null,
	"cumulativeGasUsed": 6052660,
	"gasUsed": 51589,
	"logs": [
		{
			"address": "0x7e9e431a0B8c4D532C745B1043c7FA29a48D4fBa",
			"blockHash": "0xaca3a685531fd524b9eccfeb862c6381b06b363d8111c4345298aa0b44b81fc4",
			"blockNumber": 5450871,
			"data": "0x00000000000000000000000000000000000000000000000577217cd7e5550000",
			"logIndex": 90,
			"topics": [
				"0xddf252ad1be2c89b69c2b068fc378daa952ba7f163c4a11628f55a4df523b3ef",
				"0x000000000000000000000000468b858c964f297fd8fce058032bf4b4911a8ad8",
				"0x0000000000000000000000001b5bd387e3245241ac0d7696e61845e9a75cc76c"
			],
			"transactionHash": "0x3746a61fc1fbec3f6dfd344aec8d368cb4186fb51c8d26059c4feb855d4589bc",
			"transactionIndex": 112,
			"transactionLogIndex": "0x0",
			"type": "mined",
			"id": "log_6a117a95"
		}
	],
	"logsBloom": "0x00000000000000000000000000020000000000000000000000000000000000000000000000000000000000000000000000000000000000000040000000000000000000000000010002000008000000000000000000000000000000000020000000000000000000000000000000000000000000000000000000000010000000000000000000000000000000000000000000000000000000000000000000000000000000000000000080000000000000000000000000000000000000010000000000001002000000000000000000000000000000400000000000000000000000000000000000000000000000000000000000000000000000000000000000000000",
	"root": null,
	"status": "0x1",
	"transactionHash": "0x3746a61fc1fbec3f6dfd344aec8d368cb4186fb51c8d26059c4feb855d4589bc",
	"transactionIndex": 112
}
[2018-04-16T13:19:19.554] [DEBUG] trans - TO:   0xb739c71a2cad5c57f8e8c0cad1daab558da97650
[2018-04-16T13:19:19.554] [DEBUG] trans - AMOUNT:   100815700000000000000
[2018-04-16T13:19:19.554] [DEBUG] trans - Receipt info:  {
	"blockHash": "0xaca3a685531fd524b9eccfeb862c6381b06b363d8111c4345298aa0b44b81fc4",
	"blockNumber": 5450871,
	"contractAddress": null,
	"cumulativeGasUsed": 6350199,
	"gasUsed": 51653,
	"logs": [
		{
			"address": "0x7e9e431a0B8c4D532C745B1043c7FA29a48D4fBa",
			"blockHash": "0xaca3a685531fd524b9eccfeb862c6381b06b363d8111c4345298aa0b44b81fc4",
			"blockNumber": 5450871,
			"data": "0x000000000000000000000000000000000000000000000005771951016a594000",
			"logIndex": 93,
			"topics": [
				"0xddf252ad1be2c89b69c2b068fc378daa952ba7f163c4a11628f55a4df523b3ef",
				"0x000000000000000000000000468b858c964f297fd8fce058032bf4b4911a8ad8",
				"0x000000000000000000000000b739c71a2cad5c57f8e8c0cad1daab558da97650"
			],
			"transactionHash": "0xb1595e2b5eb64248f07a5d66dcea3db487fd43dbeb79d7072293484fdc00d5a7",
			"transactionIndex": 116,
			"transactionLogIndex": "0x0",
			"type": "mined",
			"id": "log_df4af8b5"
		}
	],
	"logsBloom": "0x00000000000000000000000000020000000000000000000000000000000000000000000000000000000000000000000000000000000000000000000000000000000000000000010000000008000000000000000000000000000000000020000000000000000000000000000000000000000000000000000000001010000040000000000000000000000000000000000000000000000000000000000000000000000000000000000080000000000000001000000000000000000000010000000000001002000000000000000000000000000000000000000000000000000000000000000000000000000000000000000000000000000000000000000000000000",
	"root": null,
	"status": "0x1",
	"transactionHash": "0xb1595e2b5eb64248f07a5d66dcea3db487fd43dbeb79d7072293484fdc00d5a7",
	"transactionIndex": 116
}
[2018-04-16T13:19:19.554] [DEBUG] trans - TO:   0x9491076e186a8b637dffceee2d4684731e930dfa
[2018-04-16T13:19:19.554] [DEBUG] trans - AMOUNT:   100814700000000000000
[2018-04-16T13:19:19.555] [DEBUG] trans - Receipt info:  {
	"blockHash": "0xaca3a685531fd524b9eccfeb862c6381b06b363d8111c4345298aa0b44b81fc4",
	"blockNumber": 5450871,
	"contractAddress": null,
	"cumulativeGasUsed": 6401852,
	"gasUsed": 51653,
	"logs": [
		{
			"address": "0x7e9e431a0B8c4D532C745B1043c7FA29a48D4fBa",
			"blockHash": "0xaca3a685531fd524b9eccfeb862c6381b06b363d8111c4345298aa0b44b81fc4",
			"blockNumber": 5450871,
			"data": "0x0000000000000000000000000000000000000000000000057715c382c592c000",
			"logIndex": 94,
			"topics": [
				"0xddf252ad1be2c89b69c2b068fc378daa952ba7f163c4a11628f55a4df523b3ef",
				"0x000000000000000000000000468b858c964f297fd8fce058032bf4b4911a8ad8",
				"0x0000000000000000000000009491076e186a8b637dffceee2d4684731e930dfa"
			],
			"transactionHash": "0xec566abef98381e5c53b5fa9a697690976b27570bf9420eede69adf661fbeb1e",
			"transactionIndex": 117,
			"transactionLogIndex": "0x0",
			"type": "mined",
			"id": "log_e225b0e7"
		}
	],
	"logsBloom": "0x00000000000000000000000000020000000000000000000000000000000000000000000000000000000000000000000000000000000000000000000000000000000000000000010000000008000000000000000000000000000000000020000080000000000000000000000000000000000000000000000000000010000000000000000000000000000000000000000000000000000000000000000000000000000000000000040080000000000000000000000000000000000000010000000000001042000000000000000000000000000000000000000000000000000000000000000000000000000000000000000000000000000000000000000000000000",
	"root": null,
	"status": "0x1",
	"transactionHash": "0xec566abef98381e5c53b5fa9a697690976b27570bf9420eede69adf661fbeb1e",
	"transactionIndex": 117
}
[2018-04-16T13:19:19.555] [DEBUG] trans - TO:   0x78fc58bdb90c673ca2829c7b7b76d64cb4fa24a2
[2018-04-16T13:19:19.555] [DEBUG] trans - AMOUNT:   100816000000000000000
[2018-04-16T13:19:19.555] [DEBUG] trans - Receipt info:  {
	"blockHash": "0xaca3a685531fd524b9eccfeb862c6381b06b363d8111c4345298aa0b44b81fc4",
	"blockNumber": 5450871,
	"contractAddress": null,
	"cumulativeGasUsed": 6298546,
	"gasUsed": 51589,
	"logs": [
		{
			"address": "0x7e9e431a0B8c4D532C745B1043c7FA29a48D4fBa",
			"blockHash": "0xaca3a685531fd524b9eccfeb862c6381b06b363d8111c4345298aa0b44b81fc4",
			"blockNumber": 5450871,
			"data": "0x000000000000000000000000000000000000000000000005771a61da9bc80000",
			"logIndex": 92,
			"topics": [
				"0xddf252ad1be2c89b69c2b068fc378daa952ba7f163c4a11628f55a4df523b3ef",
				"0x000000000000000000000000468b858c964f297fd8fce058032bf4b4911a8ad8",
				"0x00000000000000000000000078fc58bdb90c673ca2829c7b7b76d64cb4fa24a2"
			],
			"transactionHash": "0x89b0353e3fecbd938c759fa4b280f2ec84606a73898c586bfc3cc83bdb861ebc",
			"transactionIndex": 115,
			"transactionLogIndex": "0x0",
			"type": "mined",
			"id": "log_66f380b8"
		}
	],
	"logsBloom": "0x00000000000000000000000000020000000000000000000000000000000000000000000000000000000000000000000000000000000000000000000000000000000000000000010000000008000000000000000000000000000000000020000000000000000000000000000000000000000000000000000000000010000000000000000000000000000000000000000000000010000000000000000000000000000000000000000080000000000000000000000000000000000000010000000000001002000000000000000000000000020000000000000000000000000000000000080000000000000000000000000000000000000000000000000000000000",
	"root": null,
	"status": "0x1",
	"transactionHash": "0x89b0353e3fecbd938c759fa4b280f2ec84606a73898c586bfc3cc83bdb861ebc",
	"transactionIndex": 115
}
[2018-04-16T13:19:19.556] [DEBUG] trans - TO:   0x89503dedea120847e4d4af5d1a0dd63b35fa021b
[2018-04-16T13:19:19.556] [DEBUG] trans - AMOUNT:   100814100000000000000
[2018-04-16T13:19:19.556] [DEBUG] trans - Receipt info:  {
	"blockHash": "0xaca3a685531fd524b9eccfeb862c6381b06b363d8111c4345298aa0b44b81fc4",
	"blockNumber": 5450871,
	"contractAddress": null,
	"cumulativeGasUsed": 6453505,
	"gasUsed": 51653,
	"logs": [
		{
			"address": "0x7e9e431a0B8c4D532C745B1043c7FA29a48D4fBa",
			"blockHash": "0xaca3a685531fd524b9eccfeb862c6381b06b363d8111c4345298aa0b44b81fc4",
			"blockNumber": 5450871,
			"data": "0x0000000000000000000000000000000000000000000000057713a1d062b54000",
			"logIndex": 95,
			"topics": [
				"0xddf252ad1be2c89b69c2b068fc378daa952ba7f163c4a11628f55a4df523b3ef",
				"0x000000000000000000000000468b858c964f297fd8fce058032bf4b4911a8ad8",
				"0x00000000000000000000000089503dedea120847e4d4af5d1a0dd63b35fa021b"
			],
			"transactionHash": "0xa57942eb2facf1b841293c222a34b21bdf318ffb395f284b7da2913827a3e6e3",
			"transactionIndex": 118,
			"transactionLogIndex": "0x0",
			"type": "mined",
			"id": "log_11f6b34a"
		}
	],
	"logsBloom": "0x00000000000000000000000000020000000000000000020000002000000000000000000000000000000000000000000000000000000100000000000000000000000000000000010000000008000000000000000000000000000000000020000000000000000000000000000000000000000000000000000000000010000000000000000000000000000000000000000000000000000000000000000000000000000000000000000080000000000000000000000000000000000000010000000000001002000000000000000000000000000000000000000000000000000000000000000000000000000000000000000000000000000000000000000000000000",
	"root": null,
	"status": "0x1",
	"transactionHash": "0xa57942eb2facf1b841293c222a34b21bdf318ffb395f284b7da2913827a3e6e3",
	"transactionIndex": 118
}
[2018-04-16T13:19:19.557] [DEBUG] trans - TO:   0xb890248984623cd1de3c907e910fbd333f0c3206
[2018-04-16T13:19:19.557] [DEBUG] trans - AMOUNT:   100812300000000000000
[2018-04-16T13:19:19.557] [DEBUG] trans - Receipt info:  {
	"blockHash": "0xaca3a685531fd524b9eccfeb862c6381b06b363d8111c4345298aa0b44b81fc4",
	"blockNumber": 5450871,
	"contractAddress": null,
	"cumulativeGasUsed": 6556811,
	"gasUsed": 51653,
	"logs": [
		{
			"address": "0x7e9e431a0B8c4D532C745B1043c7FA29a48D4fBa",
			"blockHash": "0xaca3a685531fd524b9eccfeb862c6381b06b363d8111c4345298aa0b44b81fc4",
			"blockNumber": 5450871,
			"data": "0x000000000000000000000000000000000000000000000005770d3cb93a1cc000",
			"logIndex": 97,
			"topics": [
				"0xddf252ad1be2c89b69c2b068fc378daa952ba7f163c4a11628f55a4df523b3ef",
				"0x000000000000000000000000468b858c964f297fd8fce058032bf4b4911a8ad8",
				"0x000000000000000000000000b890248984623cd1de3c907e910fbd333f0c3206"
			],
			"transactionHash": "0x88189de2997601dde949a837806129c8b1c4d3344a87ef1223cb25e1b024998f",
			"transactionIndex": 120,
			"transactionLogIndex": "0x0",
			"type": "mined",
			"id": "log_7d0e0576"
		}
	],
	"logsBloom": "0x02020000000000000000000000020000000000000000000000000000000000000000000000000000001000000000000000000000000000000000000000000000000000000000010000000008000000000000000000000000000000000020000000000000000000000000000000000000000000000000000000000010000000000000000000000000000000000000000000000000000000000000000000000000000000000000000080000000000000000000000000000000000000010000000000001002000000000000000000000000000000000000000000000000000000000000000000000000000000000000000000000000000000000000000000000000",
	"root": null,
	"status": "0x1",
	"transactionHash": "0x88189de2997601dde949a837806129c8b1c4d3344a87ef1223cb25e1b024998f",
	"transactionIndex": 120
}
[2018-04-16T13:19:19.557] [DEBUG] trans - TO:   0x9ae271ea1945f2a5c8bf405dcd5a2520bdebb155
[2018-04-16T13:19:19.557] [DEBUG] trans - AMOUNT:   100812100000000000000
[2018-04-16T13:19:19.558] [DEBUG] trans - Receipt info:  {
	"blockHash": "0xaca3a685531fd524b9eccfeb862c6381b06b363d8111c4345298aa0b44b81fc4",
	"blockNumber": 5450871,
	"contractAddress": null,
	"cumulativeGasUsed": 6608464,
	"gasUsed": 51653,
	"logs": [
		{
			"address": "0x7e9e431a0B8c4D532C745B1043c7FA29a48D4fBa",
			"blockHash": "0xaca3a685531fd524b9eccfeb862c6381b06b363d8111c4345298aa0b44b81fc4",
			"blockNumber": 5450871,
			"data": "0x000000000000000000000000000000000000000000000005770c86d319284000",
			"logIndex": 98,
			"topics": [
				"0xddf252ad1be2c89b69c2b068fc378daa952ba7f163c4a11628f55a4df523b3ef",
				"0x000000000000000000000000468b858c964f297fd8fce058032bf4b4911a8ad8",
				"0x0000000000000000000000009ae271ea1945f2a5c8bf405dcd5a2520bdebb155"
			],
			"transactionHash": "0xc4fbf2db02e567bb39149430fb700167bbf60ab03909a86d022cc90d5042a51d",
			"transactionIndex": 121,
			"transactionLogIndex": "0x0",
			"type": "mined",
			"id": "log_510be062"
		}
	],
	"logsBloom": "0x00000000000000000000000000020000000000000000000000000000000000000000000000000000000000000000000000000000000000000000000000000000000000000000010000000008000000000000000000000000000000000020000000000000000000000000000000000000000000000000000000000010000000000000000000000000000000000000000000000000000004000008000000000000000000000000000080000000000000000800000000000000000000010000000000001002000000000000000000000000000000000000000000000000000000000000000000000000000000000000000000000000000000000000000000000000",
	"root": null,
	"status": "0x1",
	"transactionHash": "0xc4fbf2db02e567bb39149430fb700167bbf60ab03909a86d022cc90d5042a51d",
	"transactionIndex": 121
}
[2018-04-16T13:19:19.558] [DEBUG] trans - TO:   0xf6dc974c62fd0492a18dbf9784eda714cefeb7ba
[2018-04-16T13:19:19.558] [DEBUG] trans - AMOUNT:   100821300000000000000
[2018-04-16T13:19:19.558] [DEBUG] trans - Receipt info:  {
	"blockHash": "0xaca3a685531fd524b9eccfeb862c6381b06b363d8111c4345298aa0b44b81fc4",
	"blockNumber": 5450871,
	"contractAddress": null,
	"cumulativeGasUsed": 5267744,
	"gasUsed": 51653,
	"logs": [
		{
			"address": "0x7e9e431a0B8c4D532C745B1043c7FA29a48D4fBa",
			"blockHash": "0xaca3a685531fd524b9eccfeb862c6381b06b363d8111c4345298aa0b44b81fc4",
			"blockNumber": 5450871,
			"data": "0x000000000000000000000000000000000000000000000005772d362d05174000",
			"logIndex": 83,
			"topics": [
				"0xddf252ad1be2c89b69c2b068fc378daa952ba7f163c4a11628f55a4df523b3ef",
				"0x000000000000000000000000468b858c964f297fd8fce058032bf4b4911a8ad8",
				"0x000000000000000000000000f6dc974c62fd0492a18dbf9784eda714cefeb7ba"
			],
			"transactionHash": "0x37f20b8ff09d9a2dfc30e92c964d660fd6f5f6a90ce9cae9a82ce6e3a6308ea2",
			"transactionIndex": 104,
			"transactionLogIndex": "0x0",
			"type": "mined",
			"id": "log_9a1a4c85"
		}
	],
	"logsBloom": "0x00000000000000000000000000020000000000000000000000000000000000000000000000000000000000000000000000000000000000000000000000000000000000000000010000000008000000000000000000000000000000000020000000000000000000000000000000000000000000000000000000000010001000000000000000000000000000000000000000000000000000000000800000040000000000000000000080000000000000000000000000000000000000010000000000001002000000000000000000000000000000000000000000000000000000000000000000000000000000000000000000000000000000000000000000000000",
	"root": null,
	"status": "0x1",
	"transactionHash": "0x37f20b8ff09d9a2dfc30e92c964d660fd6f5f6a90ce9cae9a82ce6e3a6308ea2",
	"transactionIndex": 104
}
[2018-04-16T13:19:19.558] [DEBUG] trans - TO:   0x4f58d0e282bfef8678bcdacd7140d72711e73a9c
[2018-04-16T13:19:19.558] [DEBUG] trans - AMOUNT:   100813500000000000000
[2018-04-16T13:19:19.558] [DEBUG] trans - Receipt info:  {
	"blockHash": "0xaca3a685531fd524b9eccfeb862c6381b06b363d8111c4345298aa0b44b81fc4",
	"blockNumber": 5450871,
	"contractAddress": null,
	"cumulativeGasUsed": 6505158,
	"gasUsed": 51653,
	"logs": [
		{
			"address": "0x7e9e431a0B8c4D532C745B1043c7FA29a48D4fBa",
			"blockHash": "0xaca3a685531fd524b9eccfeb862c6381b06b363d8111c4345298aa0b44b81fc4",
			"blockNumber": 5450871,
			"data": "0x0000000000000000000000000000000000000000000000057711801dffd7c000",
			"logIndex": 96,
			"topics": [
				"0xddf252ad1be2c89b69c2b068fc378daa952ba7f163c4a11628f55a4df523b3ef",
				"0x000000000000000000000000468b858c964f297fd8fce058032bf4b4911a8ad8",
				"0x0000000000000000000000004f58d0e282bfef8678bcdacd7140d72711e73a9c"
			],
			"transactionHash": "0x65fd51cdb5d5a26ce94eb7978808f19b68d9d034bfbbcb3c59ad117a42ffa995",
			"transactionIndex": 119,
			"transactionLogIndex": "0x0",
			"type": "mined",
			"id": "log_860d0fc2"
		}
	],
	"logsBloom": "0x00000000000000000000000000020000000040000000000000000000000000000000000000000000000000000000000000000000000000000000000000000000000000000000010000000008000000000000000000000000000000000020000000000000000000000000000000000000000000000000000000000010000000000000000000000000000000000000000000000000000000000000000000000000000000000000000080000000000000000000000008000000000000010000000000001002000000000000000000000000000000000000000000000000000000000000010000000000000000000000000000000000000000000000000000000000",
	"root": null,
	"status": "0x1",
	"transactionHash": "0x65fd51cdb5d5a26ce94eb7978808f19b68d9d034bfbbcb3c59ad117a42ffa995",
	"transactionIndex": 119
}
[2018-04-16T13:19:19.559] [DEBUG] trans - TO:   0xe2a26644341b19c1ed0c4bcf6d20aac48f563053
[2018-04-16T13:19:19.559] [DEBUG] trans - AMOUNT:   100809000000000000000
[2018-04-16T13:19:19.559] [DEBUG] trans - Receipt info:  {
	"blockHash": "0xaca3a685531fd524b9eccfeb862c6381b06b363d8111c4345298aa0b44b81fc4",
	"blockNumber": 5450871,
	"contractAddress": null,
	"cumulativeGasUsed": 6954715,
	"gasUsed": 51653,
	"logs": [
		{
			"address": "0x7e9e431a0B8c4D532C745B1043c7FA29a48D4fBa",
			"blockHash": "0xaca3a685531fd524b9eccfeb862c6381b06b363d8111c4345298aa0b44b81fc4",
			"blockNumber": 5450871,
			"data": "0x000000000000000000000000000000000000000000000005770183641a5a8000",
			"logIndex": 105,
			"topics": [
				"0xddf252ad1be2c89b69c2b068fc378daa952ba7f163c4a11628f55a4df523b3ef",
				"0x000000000000000000000000468b858c964f297fd8fce058032bf4b4911a8ad8",
				"0x000000000000000000000000e2a26644341b19c1ed0c4bcf6d20aac48f563053"
			],
			"transactionHash": "0x94fc0d366cac811f92714866d5df7ddda9a0ddaf943e30d9ac64b76d51de2378",
			"transactionIndex": 128,
			"transactionLogIndex": "0x0",
			"type": "mined",
			"id": "log_e93aabb0"
		}
	],
	"logsBloom": "0x00000000000000000000000000020000000000000000000000000000000000000000000000400000000000000000000000000010000000000000000000000000000000000000010000000008000000000000000000000000000000000020000000000000000000000000000000000000000000000000000000000010000000000000000000000000000000000000000008000000000000000000000000000000000000000000000080000000000000000000000000000000000000010000000000001002000000000000000000000000000000000000000000000000000000000000000000000000000000000000000000000000000000000000000000000000",
	"root": null,
	"status": "0x1",
	"transactionHash": "0x94fc0d366cac811f92714866d5df7ddda9a0ddaf943e30d9ac64b76d51de2378",
	"transactionIndex": 128
}
[2018-04-16T13:19:19.559] [DEBUG] trans - TO:   0x7138ced34d3338252f4da171e2d3cfccdf343844
[2018-04-16T13:19:19.560] [DEBUG] trans - AMOUNT:   100810800000000000000
[2018-04-16T13:19:19.560] [DEBUG] trans - Receipt info:  {
	"blockHash": "0xaca3a685531fd524b9eccfeb862c6381b06b363d8111c4345298aa0b44b81fc4",
	"blockNumber": 5450871,
	"contractAddress": null,
	"cumulativeGasUsed": 6711706,
	"gasUsed": 51589,
	"logs": [
		{
			"address": "0x7e9e431a0B8c4D532C745B1043c7FA29a48D4fBa",
			"blockHash": "0xaca3a685531fd524b9eccfeb862c6381b06b363d8111c4345298aa0b44b81fc4",
			"blockNumber": 5450871,
			"data": "0x0000000000000000000000000000000000000000000000057707e87b42f30000",
			"logIndex": 100,
			"topics": [
				"0xddf252ad1be2c89b69c2b068fc378daa952ba7f163c4a11628f55a4df523b3ef",
				"0x000000000000000000000000468b858c964f297fd8fce058032bf4b4911a8ad8",
				"0x0000000000000000000000007138ced34d3338252f4da171e2d3cfccdf343844"
			],
			"transactionHash": "0x0494a18f624f72619262cf868b4a4cdec05bb1279a9d6be841e5e403e363afc8",
			"transactionIndex": 123,
			"transactionLogIndex": "0x0",
			"type": "mined",
			"id": "log_68e7c0d9"
		}
	],
	"logsBloom": "0x00000000000000000000000000020000000000000000000000000000000000000000000000000000000000000000000000000000000000000000000002000000000000000000010000000008000000000000000000000000000000000020000000000000000000000000000000000000000000000000000000000010000000000000000000000000000000000000000000000000000000000000400000000000000000000000000080000000000000000000000000000000000000010000000000001002002000000000000000000000000000000000000000000000000000000000000000000000000000000000000000000000000000000000000000000000",
	"root": null,
	"status": "0x1",
	"transactionHash": "0x0494a18f624f72619262cf868b4a4cdec05bb1279a9d6be841e5e403e363afc8",
	"transactionIndex": 123
}
[2018-04-16T13:19:19.560] [DEBUG] trans - TO:   0x2bab5247d173131f8243ae348464b093e50d0726
[2018-04-16T13:19:19.560] [DEBUG] trans - AMOUNT:   100810000000000000000
[2018-04-16T13:19:19.560] [DEBUG] trans - Receipt info:  {
	"blockHash": "0xaca3a685531fd524b9eccfeb862c6381b06b363d8111c4345298aa0b44b81fc4",
	"blockNumber": 5450871,
	"contractAddress": null,
	"cumulativeGasUsed": 6799820,
	"gasUsed": 51589,
	"logs": [
		{
			"address": "0x7e9e431a0B8c4D532C745B1043c7FA29a48D4fBa",
			"blockHash": "0xaca3a685531fd524b9eccfeb862c6381b06b363d8111c4345298aa0b44b81fc4",
			"blockNumber": 5450871,
			"data": "0x000000000000000000000000000000000000000000000005770510e2bf210000",
			"logIndex": 102,
			"topics": [
				"0xddf252ad1be2c89b69c2b068fc378daa952ba7f163c4a11628f55a4df523b3ef",
				"0x000000000000000000000000468b858c964f297fd8fce058032bf4b4911a8ad8",
				"0x0000000000000000000000002bab5247d173131f8243ae348464b093e50d0726"
			],
			"transactionHash": "0xa4c97c9a13d0fbfce94dea844ed31fd670b4c0fe9eb605a75263da61dfeb0593",
			"transactionIndex": 125,
			"transactionLogIndex": "0x0",
			"type": "mined",
			"id": "log_622f8758"
		}
	],
	"logsBloom": "0x00000000000000000000000000020000000000000000000000000000000000000000000002000000000000000000000000000000000000000000000000000000000000000000010000000008000000000000000000000000000000000020000000000000000000000000000000000000000000000000000000000010000000000000000000000000000000000000040000000000000000000000000000000000000000000000000080000000000000000000000000000000000000010000000000001002000000000000000000000000000000000000000000000000000000000000000000000000000000000000000000000000000000000000000000800000",
	"root": null,
	"status": "0x1",
	"transactionHash": "0xa4c97c9a13d0fbfce94dea844ed31fd670b4c0fe9eb605a75263da61dfeb0593",
	"transactionIndex": 125
}
[2018-04-16T13:19:19.560] [DEBUG] trans - TO:   0x2230aa73bc92351de4c9d1bc8a5caf37a9233f99
[2018-04-16T13:19:19.560] [DEBUG] trans - AMOUNT:   100809100000000000000
[2018-04-16T13:19:19.560] [DEBUG] trans - Receipt info:  {
	"blockHash": "0xaca3a685531fd524b9eccfeb862c6381b06b363d8111c4345298aa0b44b81fc4",
	"blockNumber": 5450871,
	"contractAddress": null,
	"cumulativeGasUsed": 6903062,
	"gasUsed": 51653,
	"logs": [
		{
			"address": "0x7e9e431a0B8c4D532C745B1043c7FA29a48D4fBa",
			"blockHash": "0xaca3a685531fd524b9eccfeb862c6381b06b363d8111c4345298aa0b44b81fc4",
			"blockNumber": 5450871,
			"data": "0x0000000000000000000000000000000000000000000000057701de572ad4c000",
			"logIndex": 104,
			"topics": [
				"0xddf252ad1be2c89b69c2b068fc378daa952ba7f163c4a11628f55a4df523b3ef",
				"0x000000000000000000000000468b858c964f297fd8fce058032bf4b4911a8ad8",
				"0x0000000000000000000000002230aa73bc92351de4c9d1bc8a5caf37a9233f99"
			],
			"transactionHash": "0x1fb1f75aea88e774ea33493962cb3a7b9bdcd42074d19ead7fa570ba2a9825c9",
			"transactionIndex": 127,
			"transactionLogIndex": "0x0",
			"type": "mined",
			"id": "log_065ed38d"
		}
	],
	"logsBloom": "0x00000000000000000000000000020000000000000000000000000000000000400000000000000000000000000000000000000000000000000000000000000000000000000000010000000008000000000000000000000000000000000020000000000000000000040000000000000000000000000000000000000010000000000000000000000000000000000000000000000000000000000000000000000000000000000000000080000000000000000000000000000000000000010000000000001002000000000000000000000000000000000000000000000000010000000000000000000000000000000000000000000000000000000000000000000000",
	"root": null,
	"status": "0x1",
	"transactionHash": "0x1fb1f75aea88e774ea33493962cb3a7b9bdcd42074d19ead7fa570ba2a9825c9",
	"transactionIndex": 127
}
[2018-04-16T13:19:19.561] [DEBUG] trans - TO:   0x00f7a11efa3e410e32fd915112b729e958a5e7ec
[2018-04-16T13:19:19.561] [DEBUG] trans - AMOUNT:   100810000000000000000
[2018-04-16T13:19:19.561] [DEBUG] trans - Receipt info:  {
	"blockHash": "0xaca3a685531fd524b9eccfeb862c6381b06b363d8111c4345298aa0b44b81fc4",
	"blockNumber": 5450871,
	"contractAddress": null,
	"cumulativeGasUsed": 6748231,
	"gasUsed": 36525,
	"logs": [
		{
			"address": "0x7e9e431a0B8c4D532C745B1043c7FA29a48D4fBa",
			"blockHash": "0xaca3a685531fd524b9eccfeb862c6381b06b363d8111c4345298aa0b44b81fc4",
			"blockNumber": 5450871,
			"data": "0x000000000000000000000000000000000000000000000005770510e2bf210000",
			"logIndex": 101,
			"topics": [
				"0xddf252ad1be2c89b69c2b068fc378daa952ba7f163c4a11628f55a4df523b3ef",
				"0x000000000000000000000000468b858c964f297fd8fce058032bf4b4911a8ad8",
				"0x00000000000000000000000000f7a11efa3e410e32fd915112b729e958a5e7ec"
			],
			"transactionHash": "0x5e2b771ee7329f47a2ed713b0ac0f30e9fb0de1ef8c6bc0eaa56e3aa7edd6b69",
			"transactionIndex": 124,
			"transactionLogIndex": "0x0",
			"type": "mined",
			"id": "log_29104f9c"
		}
	],
	"logsBloom": "0x00000000000000000000000000020000000000000000000000000000000000000000000000000000000000000000000000000000000000000000000000000000000000000000010000000008000000000000000000000000000000000020000000000000000000000000000040000000000000000000000000000010000000000000000000000000000000000000000000000000000000000000000000000000000000000000000080000000000000000000000000000000000000010000000200001002000000000000000000000000000000000000000000080000000000000000000000000000000000000000000000000000000000000000000000000000",
	"root": null,
	"status": "0x1",
	"transactionHash": "0x5e2b771ee7329f47a2ed713b0ac0f30e9fb0de1ef8c6bc0eaa56e3aa7edd6b69",
	"transactionIndex": 124
}
[2018-04-16T13:19:19.561] [DEBUG] trans - TO:   0xaab56920ac1eab7a5c29688d6e612ef7eebfe3c6
[2018-04-16T13:19:19.561] [DEBUG] trans - AMOUNT:   100820500000000000000
[2018-04-16T13:19:19.561] [DEBUG] trans - Receipt info:  {
	"blockHash": "0xaca3a685531fd524b9eccfeb862c6381b06b363d8111c4345298aa0b44b81fc4",
	"blockNumber": 5450871,
	"contractAddress": null,
	"cumulativeGasUsed": 5477361,
	"gasUsed": 51653,
	"logs": [
		{
			"address": "0x7e9e431a0B8c4D532C745B1043c7FA29a48D4fBa",
			"blockHash": "0xaca3a685531fd524b9eccfeb862c6381b06b363d8111c4345298aa0b44b81fc4",
			"blockNumber": 5450871,
			"data": "0x000000000000000000000000000000000000000000000005772a5e9481454000",
			"logIndex": 84,
			"topics": [
				"0xddf252ad1be2c89b69c2b068fc378daa952ba7f163c4a11628f55a4df523b3ef",
				"0x000000000000000000000000468b858c964f297fd8fce058032bf4b4911a8ad8",
				"0x000000000000000000000000aab56920ac1eab7a5c29688d6e612ef7eebfe3c6"
			],
			"transactionHash": "0x6d7ad20f7784734c21d4982bd6f39f24582acd36e7d64df4beeecde4bc285d1d",
			"transactionIndex": 106,
			"transactionLogIndex": "0x0",
			"type": "mined",
			"id": "log_806da5ae"
		}
	],
	"logsBloom": "0x00000000000000000000000000020000000040000000000000000000000000000000000000000000000000000000000000000000000000000000000000000000000000000000010000000008000000000000000000000000000000000120000000000000000000000000000000000000000000000000000000000010000000000000000000000000000000000000000000000000000000000000000000000000000000000000000080000000000000000002000000000000000000010000000000001002000000000000000000000000000000000000000000000000000000000000000000000000000000000000000000000000000000000000000000000000",
	"root": null,
	"status": "0x1",
	"transactionHash": "0x6d7ad20f7784734c21d4982bd6f39f24582acd36e7d64df4beeecde4bc285d1d",
	"transactionIndex": 106
}
[2018-04-16T13:19:19.561] [DEBUG] trans - TO:   0xaa54cf3a4007acecb99ed23d0abc9f4af00d011d
[2018-04-16T13:19:19.562] [DEBUG] trans - AMOUNT:   100811000000000000000
[2018-04-16T13:19:19.562] [DEBUG] trans - Receipt info:  {
	"blockHash": "0xaca3a685531fd524b9eccfeb862c6381b06b363d8111c4345298aa0b44b81fc4",
	"blockNumber": 5450871,
	"contractAddress": null,
	"cumulativeGasUsed": 6660117,
	"gasUsed": 51653,
	"logs": [
		{
			"address": "0x7e9e431a0B8c4D532C745B1043c7FA29a48D4fBa",
			"blockHash": "0xaca3a685531fd524b9eccfeb862c6381b06b363d8111c4345298aa0b44b81fc4",
			"blockNumber": 5450871,
			"data": "0x00000000000000000000000000000000000000000000000577089e6163e78000",
			"logIndex": 99,
			"topics": [
				"0xddf252ad1be2c89b69c2b068fc378daa952ba7f163c4a11628f55a4df523b3ef",
				"0x000000000000000000000000468b858c964f297fd8fce058032bf4b4911a8ad8",
				"0x000000000000000000000000aa54cf3a4007acecb99ed23d0abc9f4af00d011d"
			],
			"transactionHash": "0x0cec46dc6f312b0b95b4007a6e49ab06f6ed2e992d9771aaa19358a480325f75",
			"transactionIndex": 122,
			"transactionLogIndex": "0x0",
			"type": "mined",
			"id": "log_f08c87c4"
		}
	],
	"logsBloom": "0x00000000000000000000000000020000000000000000000000000000000000000000000000000000000000000000000000000000000000000000000000000000000000000000050000000008000000000000000000000000000000000020000000000000000000000000000000000000000000000000000000000010000000000000000000000000000000000008000000000000000000000000000000000000000000000000000080000000000000000008000000000000000000010000000000001002000000000000000000000000000000000000000000000000000000000000000000000000000000000000000000000000000000000000000000000000",
	"root": null,
	"status": "0x1",
	"transactionHash": "0x0cec46dc6f312b0b95b4007a6e49ab06f6ed2e992d9771aaa19358a480325f75",
	"transactionIndex": 122
}
[2018-04-16T13:19:19.562] [DEBUG] trans - TO:   0xbf8591772f9a1b3e29751f6b066f09c3b539c7ff
[2018-04-16T13:19:19.562] [DEBUG] trans - AMOUNT:   100810000000000000000
[2018-04-16T13:19:19.563] [DEBUG] trans - Receipt info:  {
	"blockHash": "0xaca3a685531fd524b9eccfeb862c6381b06b363d8111c4345298aa0b44b81fc4",
	"blockNumber": 5450871,
	"contractAddress": null,
	"cumulativeGasUsed": 6851409,
	"gasUsed": 51589,
	"logs": [
		{
			"address": "0x7e9e431a0B8c4D532C745B1043c7FA29a48D4fBa",
			"blockHash": "0xaca3a685531fd524b9eccfeb862c6381b06b363d8111c4345298aa0b44b81fc4",
			"blockNumber": 5450871,
			"data": "0x000000000000000000000000000000000000000000000005770510e2bf210000",
			"logIndex": 103,
			"topics": [
				"0xddf252ad1be2c89b69c2b068fc378daa952ba7f163c4a11628f55a4df523b3ef",
				"0x000000000000000000000000468b858c964f297fd8fce058032bf4b4911a8ad8",
				"0x000000000000000000000000bf8591772f9a1b3e29751f6b066f09c3b539c7ff"
			],
			"transactionHash": "0xe80ae774e081673899deff959f7245ff7cf38fd5211615833607d76719690933",
			"transactionIndex": 126,
			"transactionLogIndex": "0x0",
			"type": "mined",
			"id": "log_0e0b9a2d"
		}
	],
	"logsBloom": "0x00000000000000000000000000020000000000000000000000000000000000000000000000000000000000000000000000000000000000000000000000000000000000000000010000000008000000000000000000000000000000000020002000000000000000000000000000000000000000000000000000000010000000000000000000000000000000000000000000004000000000000000000000000000000000000000000080000000000000000000000000000000000000010000000000001002000000000000000000000000000000000000000000000080000000000000000000000000000000000000000000000000000000000000000000000000",
	"root": null,
	"status": "0x1",
	"transactionHash": "0xe80ae774e081673899deff959f7245ff7cf38fd5211615833607d76719690933",
	"transactionIndex": 126
}
[2018-04-16T13:19:19.564] [DEBUG] trans - TO:   0x2cf6470d0d9da107eec3138000bb8146046efed6
[2018-04-16T13:19:19.564] [DEBUG] trans - AMOUNT:   100808100000000000000
[2018-04-16T13:19:19.564] [DEBUG] trans - Receipt info:  {
	"blockHash": "0xaca3a685531fd524b9eccfeb862c6381b06b363d8111c4345298aa0b44b81fc4",
	"blockNumber": 5450871,
	"contractAddress": null,
	"cumulativeGasUsed": 7057957,
	"gasUsed": 51589,
	"logs": [
		{
			"address": "0x7e9e431a0B8c4D532C745B1043c7FA29a48D4fBa",
			"blockHash": "0xaca3a685531fd524b9eccfeb862c6381b06b363d8111c4345298aa0b44b81fc4",
			"blockNumber": 5450871,
			"data": "0x00000000000000000000000000000000000000000000000576fe50d8860e4000",
			"logIndex": 107,
			"topics": [
				"0xddf252ad1be2c89b69c2b068fc378daa952ba7f163c4a11628f55a4df523b3ef",
				"0x000000000000000000000000468b858c964f297fd8fce058032bf4b4911a8ad8",
				"0x0000000000000000000000002cf6470d0d9da107eec3138000bb8146046efed6"
			],
			"transactionHash": "0x80e664a6028666aa95811c8f153fe4e93f264f80375b81481b0b5d4bc06e60c0",
			"transactionIndex": 130,
			"transactionLogIndex": "0x0",
			"type": "mined",
			"id": "log_108b98f7"
		}
	],
	"logsBloom": "0x00000000000000000000000000020000000000000000000000000000000000000000000000000000000000000000000000000000000000000020000000000000000000000000010000000008000000000000000000000000000000000020000000000000000000000000000000000000000000000000080000000010000000000000000000000000000000000000000000000000000100000000000000000000000000000000000080000000000000000000000000000000000000010000000000001002000000000000000000000000000000000000000000000000000000000000000000000000000000000000000000000000000000000000000000000000",
	"root": null,
	"status": "0x1",
	"transactionHash": "0x80e664a6028666aa95811c8f153fe4e93f264f80375b81481b0b5d4bc06e60c0",
	"transactionIndex": 130
}
[2018-04-16T13:19:19.564] [DEBUG] trans - TO:   0x3f3066c7473d5792eb4bca3e9131af8189680b5c
[2018-04-16T13:19:19.564] [DEBUG] trans - AMOUNT:   100805900000000000000
[2018-04-16T13:19:19.564] [DEBUG] trans - Receipt info:  {
	"blockHash": "0xaca3a685531fd524b9eccfeb862c6381b06b363d8111c4345298aa0b44b81fc4",
	"blockNumber": 5450871,
	"contractAddress": null,
	"cumulativeGasUsed": 7109610,
	"gasUsed": 51653,
	"logs": [
		{
			"address": "0x7e9e431a0B8c4D532C745B1043c7FA29a48D4fBa",
			"blockHash": "0xaca3a685531fd524b9eccfeb862c6381b06b363d8111c4345298aa0b44b81fc4",
			"blockNumber": 5450871,
			"data": "0x00000000000000000000000000000000000000000000000576f67ff51b8cc000",
			"logIndex": 108,
			"topics": [
				"0xddf252ad1be2c89b69c2b068fc378daa952ba7f163c4a11628f55a4df523b3ef",
				"0x000000000000000000000000468b858c964f297fd8fce058032bf4b4911a8ad8",
				"0x0000000000000000000000003f3066c7473d5792eb4bca3e9131af8189680b5c"
			],
			"transactionHash": "0xb807ab3ff9f859a35b50b91c7bed5aebd0099c608e6c2101838d489c7533c0bc",
			"transactionIndex": 131,
			"transactionLogIndex": "0x0",
			"type": "mined",
			"id": "log_59781ecf"
		}
	],
	"logsBloom": "0x00000000000000000000000000020000000000000000000000000000000000000000000000000000000000000000000000000000000000000000000000000000000000000000010000000008000000000000000000000000000000000020000000000000000000000000000000000000000000000000000000000010000000000000000000000000000000000000000000000000000000000000000000000000000000000000000080000000000000000000000000000001000000010000000000001002040000000000000000000000000000000000000000000000000000000000000000000000000000000000000000100000000000000000000000000000",
	"root": null,
	"status": "0x1",
	"transactionHash": "0xb807ab3ff9f859a35b50b91c7bed5aebd0099c608e6c2101838d489c7533c0bc",
	"transactionIndex": 131
}
[2018-04-16T13:19:19.565] [DEBUG] trans - TO:   0xd371a19bb5b241dbf5e40b7d7573c44d19a7235f
[2018-04-16T13:19:19.565] [DEBUG] trans - AMOUNT:   100805900000000000000
[2018-04-16T13:19:19.565] [DEBUG] trans - Receipt info:  {
	"blockHash": "0xaca3a685531fd524b9eccfeb862c6381b06b363d8111c4345298aa0b44b81fc4",
	"blockNumber": 5450871,
	"contractAddress": null,
	"cumulativeGasUsed": 7212916,
	"gasUsed": 51653,
	"logs": [
		{
			"address": "0x7e9e431a0B8c4D532C745B1043c7FA29a48D4fBa",
			"blockHash": "0xaca3a685531fd524b9eccfeb862c6381b06b363d8111c4345298aa0b44b81fc4",
			"blockNumber": 5450871,
			"data": "0x00000000000000000000000000000000000000000000000576f67ff51b8cc000",
			"logIndex": 110,
			"topics": [
				"0xddf252ad1be2c89b69c2b068fc378daa952ba7f163c4a11628f55a4df523b3ef",
				"0x000000000000000000000000468b858c964f297fd8fce058032bf4b4911a8ad8",
				"0x000000000000000000000000d371a19bb5b241dbf5e40b7d7573c44d19a7235f"
			],
			"transactionHash": "0x9c5dfde4c9f3e4954322d15a1cfe66e783751ce4406729272ac688bcd6141e65",
			"transactionIndex": 133,
			"transactionLogIndex": "0x0",
			"type": "mined",
			"id": "log_a24077df"
		}
	],
	"logsBloom": "0x00000000000000000000000000020000000000000000000000000000000001000000000000000000000000000000000000000000000000000000004000000000000000000000010000000008000000000000000000000000000000000020000000000000000000000000000000000000000000000000000000000010040000000000000000000000000000000000000000000000000000000000000000000000000000000000000080000000000000000000000000000000000000010000000000001002000000000000000000000000000000000000000000000000000000000000000000000000000000000000000000000000000000000000000000000000",
	"root": null,
	"status": "0x1",
	"transactionHash": "0x9c5dfde4c9f3e4954322d15a1cfe66e783751ce4406729272ac688bcd6141e65",
	"transactionIndex": 133
}
[2018-04-16T13:19:19.565] [DEBUG] trans - TO:   0x1c181574b5eb6e3c968e3ebc3b32fd6dc6a908df
[2018-04-16T13:19:19.565] [DEBUG] trans - AMOUNT:   100805400000000000000
[2018-04-16T13:19:19.566] [DEBUG] trans - Receipt info:  {
	"blockHash": "0xaca3a685531fd524b9eccfeb862c6381b06b363d8111c4345298aa0b44b81fc4",
	"blockNumber": 5450871,
	"contractAddress": null,
	"cumulativeGasUsed": 7264569,
	"gasUsed": 51653,
	"logs": [
		{
			"address": "0x7e9e431a0B8c4D532C745B1043c7FA29a48D4fBa",
			"blockHash": "0xaca3a685531fd524b9eccfeb862c6381b06b363d8111c4345298aa0b44b81fc4",
			"blockNumber": 5450871,
			"data": "0x00000000000000000000000000000000000000000000000576f4b935c9298000",
			"logIndex": 111,
			"topics": [
				"0xddf252ad1be2c89b69c2b068fc378daa952ba7f163c4a11628f55a4df523b3ef",
				"0x000000000000000000000000468b858c964f297fd8fce058032bf4b4911a8ad8",
				"0x0000000000000000000000001c181574b5eb6e3c968e3ebc3b32fd6dc6a908df"
			],
			"transactionHash": "0x418929ac2481cd9ad16a1b3dcf32c519967ad75289bcdec98b97750f577a7619",
			"transactionIndex": 134,
			"transactionLogIndex": "0x0",
			"type": "mined",
			"id": "log_cbf26306"
		}
	],
	"logsBloom": "0x00000000000000000000000000020000000000000000000000000000000000000000000000000000000000000000000000000000000000000000000000000000000000000000010000000008000000000000000000000020000000000020000000000000000000000000000000000000000000000000000000000010000000000000000010000000000000000000000000000000000000000000000000000000000000000000000080000000000000000000000000000000000400010000000000001002000000000000000000000000000000000000000000000000000000000000000000000000000000000000000000000000000000000000000000000000",
	"root": null,
	"status": "0x1",
	"transactionHash": "0x418929ac2481cd9ad16a1b3dcf32c519967ad75289bcdec98b97750f577a7619",
	"transactionIndex": 134
}
[2018-04-16T13:19:19.566] [DEBUG] trans - TO:   0x77795d434edd595ab420fb477cd08d2790a866de
[2018-04-16T13:19:19.566] [DEBUG] trans - AMOUNT:   100804900000000000000
[2018-04-16T13:19:19.566] [DEBUG] trans - Receipt info:  {
	"blockHash": "0xaca3a685531fd524b9eccfeb862c6381b06b363d8111c4345298aa0b44b81fc4",
	"blockNumber": 5450871,
	"contractAddress": null,
	"cumulativeGasUsed": 7316222,
	"gasUsed": 51653,
	"logs": [
		{
			"address": "0x7e9e431a0B8c4D532C745B1043c7FA29a48D4fBa",
			"blockHash": "0xaca3a685531fd524b9eccfeb862c6381b06b363d8111c4345298aa0b44b81fc4",
			"blockNumber": 5450871,
			"data": "0x00000000000000000000000000000000000000000000000576f2f27676c64000",
			"logIndex": 112,
			"topics": [
				"0xddf252ad1be2c89b69c2b068fc378daa952ba7f163c4a11628f55a4df523b3ef",
				"0x000000000000000000000000468b858c964f297fd8fce058032bf4b4911a8ad8",
				"0x00000000000000000000000077795d434edd595ab420fb477cd08d2790a866de"
			],
			"transactionHash": "0xa3e4f1b7eec2464bbb54afcc68ded001ea8f73081aae36b387a759092ac4ff62",
			"transactionIndex": 135,
			"transactionLogIndex": "0x0",
			"type": "mined",
			"id": "log_1642995b"
		}
	],
	"logsBloom": "0x00000000000000000000000000020000000000000000000000000000000000000000000200000000000000000000000000000000000000000000000000000000000000000000010000000008000000000000000000000000000000000020000000000000000000000000000000000000000000000000000000000010000000000000000000000000000000000000200000000000000000000000000000000000000000000000000080000000000000000000000000000000000000010000000000001002000000000000000000000000000000000000000000000000000000000000000000000000000000000000200000000000000000000000000000000000",
	"root": null,
	"status": "0x1",
	"transactionHash": "0xa3e4f1b7eec2464bbb54afcc68ded001ea8f73081aae36b387a759092ac4ff62",
	"transactionIndex": 135
}
[2018-04-16T13:19:19.568] [DEBUG] trans - TO:   0x1b675f44517c3be397ffd55fd278458045f892f3
[2018-04-16T13:19:19.568] [DEBUG] trans - AMOUNT:   100804400000000000000
[2018-04-16T13:19:19.568] [DEBUG] trans - Receipt info:  {
	"blockHash": "0xaca3a685531fd524b9eccfeb862c6381b06b363d8111c4345298aa0b44b81fc4",
	"blockNumber": 5450871,
	"contractAddress": null,
	"cumulativeGasUsed": 7367811,
	"gasUsed": 51589,
	"logs": [
		{
			"address": "0x7e9e431a0B8c4D532C745B1043c7FA29a48D4fBa",
			"blockHash": "0xaca3a685531fd524b9eccfeb862c6381b06b363d8111c4345298aa0b44b81fc4",
			"blockNumber": 5450871,
			"data": "0x00000000000000000000000000000000000000000000000576f12bb724630000",
			"logIndex": 113,
			"topics": [
				"0xddf252ad1be2c89b69c2b068fc378daa952ba7f163c4a11628f55a4df523b3ef",
				"0x000000000000000000000000468b858c964f297fd8fce058032bf4b4911a8ad8",
				"0x0000000000000000000000001b675f44517c3be397ffd55fd278458045f892f3"
			],
			"transactionHash": "0x7c491e7c8d1025db6362f08b9d7919a2d935e56f8181fcb56312d18bb3b79eb8",
			"transactionIndex": 136,
			"transactionLogIndex": "0x0",
			"type": "mined",
			"id": "log_2b9a26b6"
		}
	],
	"logsBloom": "0x00000000000000000000000000020000000000000000000000000000000000000000000000000000000000080000000000000000000000000000000000000000000000000000010000000008000000000000000000000000000000000020000000000000000000000000000000000000000000000000000000000010000000000000000000000000000000000000000000000000000000000000000000000000000000000000000080000000000000000000000000000000000000010000000000001002000000000000000000000000000200000000000000000000000000000000000000000000000000000000000000000000008000000000000000000000",
	"root": null,
	"status": "0x1",
	"transactionHash": "0x7c491e7c8d1025db6362f08b9d7919a2d935e56f8181fcb56312d18bb3b79eb8",
	"transactionIndex": 136
}
[2018-04-16T13:19:19.568] [DEBUG] trans - TO:   0x9d169f9be9e42480eb8174b53fd5d8f7ea402efe
[2018-04-16T13:19:19.568] [DEBUG] trans - AMOUNT:   100803900000000000000
[2018-04-16T13:19:19.568] [DEBUG] trans - Receipt info:  {
	"blockHash": "0xaca3a685531fd524b9eccfeb862c6381b06b363d8111c4345298aa0b44b81fc4",
	"blockNumber": 5450871,
	"contractAddress": null,
	"cumulativeGasUsed": 7419464,
	"gasUsed": 51653,
	"logs": [
		{
			"address": "0x7e9e431a0B8c4D532C745B1043c7FA29a48D4fBa",
			"blockHash": "0xaca3a685531fd524b9eccfeb862c6381b06b363d8111c4345298aa0b44b81fc4",
			"blockNumber": 5450871,
			"data": "0x00000000000000000000000000000000000000000000000576ef64f7d1ffc000",
			"logIndex": 114,
			"topics": [
				"0xddf252ad1be2c89b69c2b068fc378daa952ba7f163c4a11628f55a4df523b3ef",
				"0x000000000000000000000000468b858c964f297fd8fce058032bf4b4911a8ad8",
				"0x0000000000000000000000009d169f9be9e42480eb8174b53fd5d8f7ea402efe"
			],
			"transactionHash": "0xedbf79f90955d13f71a985edc34258a4c691a8a282a30b1989fecbfd59b380d2",
			"transactionIndex": 137,
			"transactionLogIndex": "0x0",
			"type": "mined",
			"id": "log_469d5cc4"
		}
	],
	"logsBloom": "0x00000000000000000000000000020000000000000000000000000000000000000000000000000000000000000000000000000000000000000000000000000000000000000000010000000008000000000000000000000000000000000020000000002000000000000000000000000000000000000000000000000010000000000000000000000000000000000000000000000000000000000080000000000000000000000001000080000000000000000000000000000000000000010000000000001002000000000000000000000000000000000000000000000000000000000000000000000000000000000000000000000000000000000000000000000000",
	"root": null,
	"status": "0x1",
	"transactionHash": "0xedbf79f90955d13f71a985edc34258a4c691a8a282a30b1989fecbfd59b380d2",
	"transactionIndex": 137
}
[2018-04-16T13:19:19.569] [DEBUG] trans - TO:   0x9373f0b9f865350ce2d1b8b296e8202030b5eea4
[2018-04-16T13:19:19.569] [DEBUG] trans - AMOUNT:   100803200000000000000
[2018-04-16T13:19:19.569] [DEBUG] trans - Receipt info:  {
	"blockHash": "0xaca3a685531fd524b9eccfeb862c6381b06b363d8111c4345298aa0b44b81fc4",
	"blockNumber": 5450871,
	"contractAddress": null,
	"cumulativeGasUsed": 7471053,
	"gasUsed": 51589,
	"logs": [
		{
			"address": "0x7e9e431a0B8c4D532C745B1043c7FA29a48D4fBa",
			"blockHash": "0xaca3a685531fd524b9eccfeb862c6381b06b363d8111c4345298aa0b44b81fc4",
			"blockNumber": 5450871,
			"data": "0x00000000000000000000000000000000000000000000000576ece8525ea80000",
			"logIndex": 115,
			"topics": [
				"0xddf252ad1be2c89b69c2b068fc378daa952ba7f163c4a11628f55a4df523b3ef",
				"0x000000000000000000000000468b858c964f297fd8fce058032bf4b4911a8ad8",
				"0x0000000000000000000000009373f0b9f865350ce2d1b8b296e8202030b5eea4"
			],
			"transactionHash": "0xb6638de612f05dd99b6417a0711add6676b7add29d0971aaa4d52bb25dca9349",
			"transactionIndex": 138,
			"transactionLogIndex": "0x0",
			"type": "mined",
			"id": "log_69dc4f46"
		}
	],
	"logsBloom": "0x00000000000000000000000000020000000000000000000000000000000000000000000000000000000000000000000000000000000000000000000000000004000000000000010000000008000000000000000000000000000000000020000000000000000000000000000000000000000000000000000000000010000000000000000000000000000000000000000000000000000000000000000000000000000000000000000080000000000000000000000000000000000002010000000000001002000000000000000000002000000000000000000000000000000000000000000000000000000000000000000000000000000000000000000000000000",
	"root": null,
	"status": "0x1",
	"transactionHash": "0xb6638de612f05dd99b6417a0711add6676b7add29d0971aaa4d52bb25dca9349",
	"transactionIndex": 138
}
[2018-04-16T13:19:19.569] [DEBUG] trans - TO:   0x95d8edd64227de62a56980efbae4aeef353f107a
[2018-04-16T13:19:19.569] [DEBUG] trans - AMOUNT:   100803000000000000000
[2018-04-16T13:19:19.569] [DEBUG] trans - Receipt info:  {
	"blockHash": "0xaca3a685531fd524b9eccfeb862c6381b06b363d8111c4345298aa0b44b81fc4",
	"blockNumber": 5450871,
	"contractAddress": null,
	"cumulativeGasUsed": 7522706,
	"gasUsed": 51653,
	"logs": [
		{
			"address": "0x7e9e431a0B8c4D532C745B1043c7FA29a48D4fBa",
			"blockHash": "0xaca3a685531fd524b9eccfeb862c6381b06b363d8111c4345298aa0b44b81fc4",
			"blockNumber": 5450871,
			"data": "0x00000000000000000000000000000000000000000000000576ec326c3db38000",
			"logIndex": 116,
			"topics": [
				"0xddf252ad1be2c89b69c2b068fc378daa952ba7f163c4a11628f55a4df523b3ef",
				"0x000000000000000000000000468b858c964f297fd8fce058032bf4b4911a8ad8",
				"0x00000000000000000000000095d8edd64227de62a56980efbae4aeef353f107a"
			],
			"transactionHash": "0x15c747a618f1e022c833f7fd7689b0b65aea5babc4a9e85d6287fb4aa267bd01",
			"transactionIndex": 139,
			"transactionLogIndex": "0x0",
			"type": "mined",
			"id": "log_31cfbd89"
		}
	],
	"logsBloom": "0x00000000000000000000000000020000000000000000000000000000000000400000000000000000000000000000000000000000000000000000000000000000000000000000010400000008000000000000000000000000000000000020000000000000000000000000000000000000000000000000000000000010000000000000000000000000000000000000000000000000000000000000000000000000000000000000000080000000000000000000000000000000000002010000000000001002000000000000000000000000000000000000000000000000000000000000000000000000000000000000000000000000000000000000000000000000",
	"root": null,
	"status": "0x1",
	"transactionHash": "0x15c747a618f1e022c833f7fd7689b0b65aea5babc4a9e85d6287fb4aa267bd01",
	"transactionIndex": 139
}
[2018-04-16T13:19:19.571] [DEBUG] trans - TO:   0x523aa9895cae8bf5690a3fbd4affbe33f1276843
[2018-04-16T13:19:19.571] [DEBUG] trans - AMOUNT:   100805900000000000000
[2018-04-16T13:19:19.571] [DEBUG] trans - Receipt info:  {
	"blockHash": "0xaca3a685531fd524b9eccfeb862c6381b06b363d8111c4345298aa0b44b81fc4",
	"blockNumber": 5450871,
	"contractAddress": null,
	"cumulativeGasUsed": 7161263,
	"gasUsed": 51653,
	"logs": [
		{
			"address": "0x7e9e431a0B8c4D532C745B1043c7FA29a48D4fBa",
			"blockHash": "0xaca3a685531fd524b9eccfeb862c6381b06b363d8111c4345298aa0b44b81fc4",
			"blockNumber": 5450871,
			"data": "0x00000000000000000000000000000000000000000000000576f67ff51b8cc000",
			"logIndex": 109,
			"topics": [
				"0xddf252ad1be2c89b69c2b068fc378daa952ba7f163c4a11628f55a4df523b3ef",
				"0x000000000000000000000000468b858c964f297fd8fce058032bf4b4911a8ad8",
				"0x000000000000000000000000523aa9895cae8bf5690a3fbd4affbe33f1276843"
			],
			"transactionHash": "0xb712e57153dbbfc4fabc0df544d8715cb5bb0727ee43c47a7fb6ecba22e216e5",
			"transactionIndex": 132,
			"transactionLogIndex": "0x0",
			"type": "mined",
			"id": "log_c7b50b5b"
		}
	],
	"logsBloom": "0x00000000000000000000000000020000000000000000000000000000000000000000000000000000000000000000000000000000000000000001000000000000000000000000010000000008000000000000000000000000000000000020000000000000000000000000000000000000000000000000000000000010000000000000000000000000000000000000000000000000000000000000000000000000000000020000000080000000000000000000000000000000000000010000000200001002000000000000000000000000000000000000000000000000000000000000000000000000000000000000000000000000000000000000000000000000",
	"root": null,
	"status": "0x1",
	"transactionHash": "0xb712e57153dbbfc4fabc0df544d8715cb5bb0727ee43c47a7fb6ecba22e216e5",
	"transactionIndex": 132
}
[2018-04-16T13:19:19.572] [DEBUG] trans - TO:   0xeabce3c6135e0bc62eca0bb963293cb20f94b56a
[2018-04-16T13:19:19.572] [DEBUG] trans - AMOUNT:   100809000000000000000
[2018-04-16T13:19:19.572] [DEBUG] trans - Receipt info:  {
	"blockHash": "0xaca3a685531fd524b9eccfeb862c6381b06b363d8111c4345298aa0b44b81fc4",
	"blockNumber": 5450871,
	"contractAddress": null,
	"cumulativeGasUsed": 7006368,
	"gasUsed": 51653,
	"logs": [
		{
			"address": "0x7e9e431a0B8c4D532C745B1043c7FA29a48D4fBa",
			"blockHash": "0xaca3a685531fd524b9eccfeb862c6381b06b363d8111c4345298aa0b44b81fc4",
			"blockNumber": 5450871,
			"data": "0x000000000000000000000000000000000000000000000005770183641a5a8000",
			"logIndex": 106,
			"topics": [
				"0xddf252ad1be2c89b69c2b068fc378daa952ba7f163c4a11628f55a4df523b3ef",
				"0x000000000000000000000000468b858c964f297fd8fce058032bf4b4911a8ad8",
				"0x000000000000000000000000eabce3c6135e0bc62eca0bb963293cb20f94b56a"
			],
			"transactionHash": "0xad764068005ef246e58a46ea1510cb0d3fea5bbcf499ad8e066ff7d2b8dfd78e",
			"transactionIndex": 129,
			"transactionLogIndex": "0x0",
			"type": "mined",
			"id": "log_038c00ce"
		}
	],
	"logsBloom": "0x00000000000000000000000000020000000000000000000000000000000000000000000000000000000200000000000000000000000001000000000000000000000002000000010000000008000000000000000000000000000000000020000000000000000000000000000000000000000000000000000000000010000000000000000000000000000000000000000000000000000000000000000000000000000000000000000080000000000000000000000000000000000000010000000000001002000000000000000000000000000000000000000000000000000000000000000000000000000000000000000000000000000000000000000000000000",
	"root": null,
	"status": "0x1",
	"transactionHash": "0xad764068005ef246e58a46ea1510cb0d3fea5bbcf499ad8e066ff7d2b8dfd78e",
	"transactionIndex": 129
}
[2018-04-16T13:19:24.558] [DEBUG] trans - TO:   0xeccaa210eb7f112b10057f979f4b423805fa7da6
[2018-04-16T13:19:24.558] [DEBUG] trans - AMOUNT:   100800500000000000000
[2018-04-16T13:19:24.558] [DEBUG] trans - Receipt info:  {
	"blockHash": "0x1c2b27ee6d82e2cf5c78a5dc369b320245ed154ffe099453886fc285e6289957",
	"blockNumber": 5450872,
	"contractAddress": null,
	"cumulativeGasUsed": 51653,
	"gasUsed": 51653,
	"logs": [
		{
			"address": "0x7e9e431a0B8c4D532C745B1043c7FA29a48D4fBa",
			"blockHash": "0x1c2b27ee6d82e2cf5c78a5dc369b320245ed154ffe099453886fc285e6289957",
			"blockNumber": 5450872,
			"data": "0x00000000000000000000000000000000000000000000000576e350afa1c34000",
			"logIndex": 0,
			"topics": [
				"0xddf252ad1be2c89b69c2b068fc378daa952ba7f163c4a11628f55a4df523b3ef",
				"0x000000000000000000000000468b858c964f297fd8fce058032bf4b4911a8ad8",
				"0x000000000000000000000000eccaa210eb7f112b10057f979f4b423805fa7da6"
			],
			"transactionHash": "0x12071bb0f012f3e2f27cc6b0921c5720c9ef16c7386c586e9e63d66d00de0746",
			"transactionIndex": 0,
			"transactionLogIndex": "0x0",
			"type": "mined",
			"id": "log_5ae74a24"
		}
	],
	"logsBloom": "0x00000000000000000000000000020000000000000000000000000000000000000000000000000000000000000000000000000000000000000000000000000000000000000000010000000008000000000000000000000040000000000020000000000000000000000000000000000000000000000000000000000010000000000000000000000000000000000000000000000000000000000000000000000000000000000000000080000000000000000000000000000000000000030000000000001002000000000000000000000000000000000000000000000000000000000000000000000000000000000000000800000000000000000000000000000000",
	"root": null,
	"status": "0x1",
	"transactionHash": "0x12071bb0f012f3e2f27cc6b0921c5720c9ef16c7386c586e9e63d66d00de0746",
	"transactionIndex": 0
}
[2018-04-16T13:19:28.563] [DEBUG] trans - TO:   0x1d645c80fd08d9e94cbd254671357889746e216a
[2018-04-16T13:19:28.563] [DEBUG] trans - AMOUNT:   100800000000000000000
[2018-04-16T13:19:28.563] [DEBUG] trans - Receipt info:  {
	"blockHash": "0x3e3d1e130368f23a8982260d8d4a08f2975f8da400f20917b17de6e9ea133e56",
	"blockNumber": 5450873,
	"contractAddress": null,
	"cumulativeGasUsed": 2143849,
	"gasUsed": 51589,
	"logs": [
		{
			"address": "0x7e9e431a0B8c4D532C745B1043c7FA29a48D4fBa",
			"blockHash": "0x3e3d1e130368f23a8982260d8d4a08f2975f8da400f20917b17de6e9ea133e56",
			"blockNumber": 5450873,
			"data": "0x00000000000000000000000000000000000000000000000576e189f04f600000",
			"logIndex": 38,
			"topics": [
				"0xddf252ad1be2c89b69c2b068fc378daa952ba7f163c4a11628f55a4df523b3ef",
				"0x000000000000000000000000468b858c964f297fd8fce058032bf4b4911a8ad8",
				"0x0000000000000000000000001d645c80fd08d9e94cbd254671357889746e216a"
			],
			"transactionHash": "0x5613756693600af445d0627491f25cf24ef144f10f7149d675b839dccc0a913b",
			"transactionIndex": 36,
			"transactionLogIndex": "0x0",
			"type": "mined",
			"id": "log_c0539a2e"
		}
	],
	"logsBloom": "0x00000000000000000000000000020000000000000000000000000000000000000000000000000000000000000000000000000000000000000000000000000000000000000000010000000008000000000000000000000000000000000020000000000000000000000000000000000000000000000000000000000010000000000000000000000000000000000000000008000000000000000000000000000000008000000000000080000000000000000000000000000000000000010000000000001002000000000000000000000000000000000000000000000000000000000000000000000000000000000000000000000000000000000000000000400000",
	"root": null,
	"status": "0x1",
	"transactionHash": "0x5613756693600af445d0627491f25cf24ef144f10f7149d675b839dccc0a913b",
	"transactionIndex": 36
}
[2018-04-16T13:19:28.564] [DEBUG] trans - TO:   0x48f6b4fb1651276b13ac07b95dcd56c911e81081
[2018-04-16T13:19:28.564] [DEBUG] trans - AMOUNT:   100800000000000000000
[2018-04-16T13:19:28.564] [DEBUG] trans - Receipt info:  {
	"blockHash": "0x3e3d1e130368f23a8982260d8d4a08f2975f8da400f20917b17de6e9ea133e56",
	"blockNumber": 5450873,
	"contractAddress": null,
	"cumulativeGasUsed": 2247027,
	"gasUsed": 51589,
	"logs": [
		{
			"address": "0x7e9e431a0B8c4D532C745B1043c7FA29a48D4fBa",
			"blockHash": "0x3e3d1e130368f23a8982260d8d4a08f2975f8da400f20917b17de6e9ea133e56",
			"blockNumber": 5450873,
			"data": "0x00000000000000000000000000000000000000000000000576e189f04f600000",
			"logIndex": 40,
			"topics": [
				"0xddf252ad1be2c89b69c2b068fc378daa952ba7f163c4a11628f55a4df523b3ef",
				"0x000000000000000000000000468b858c964f297fd8fce058032bf4b4911a8ad8",
				"0x00000000000000000000000048f6b4fb1651276b13ac07b95dcd56c911e81081"
			],
			"transactionHash": "0x10c91a65bfeedafb336b6a045d000feae894169f55657a4d02e62cf27326f69c",
			"transactionIndex": 38,
			"transactionLogIndex": "0x0",
			"type": "mined",
			"id": "log_ff8eceaf"
		}
	],
	"logsBloom": "0x00000000000000000000000000020000000000000000000000000000000000000000000000000000004000000000000000000000000000000000000000000000000000000000010000000008000000000000000000000000000000000020000400000000000000000000001000000000000000000000000000000010000000000000000000000000000000000000000000000000000000000000000000000000000000000000000080000000000000000000000000000000000000010000000000001002000000000000000000000000000000000000000000000000000000000000000000000000000000000000000000000000000000000000000000000000",
	"root": null,
	"status": "0x1",
	"transactionHash": "0x10c91a65bfeedafb336b6a045d000feae894169f55657a4d02e62cf27326f69c",
	"transactionIndex": 38
}
[2018-04-16T13:19:28.564] [DEBUG] trans - TO:   0x3c838b849e32f56712b9f39c3a13f0cc318536d6
[2018-04-16T13:19:28.564] [DEBUG] trans - AMOUNT:   100800000000000000000
[2018-04-16T13:19:28.564] [DEBUG] trans - Receipt info:  {
	"blockHash": "0x3e3d1e130368f23a8982260d8d4a08f2975f8da400f20917b17de6e9ea133e56",
	"blockNumber": 5450873,
	"contractAddress": null,
	"cumulativeGasUsed": 2195438,
	"gasUsed": 51589,
	"logs": [
		{
			"address": "0x7e9e431a0B8c4D532C745B1043c7FA29a48D4fBa",
			"blockHash": "0x3e3d1e130368f23a8982260d8d4a08f2975f8da400f20917b17de6e9ea133e56",
			"blockNumber": 5450873,
			"data": "0x00000000000000000000000000000000000000000000000576e189f04f600000",
			"logIndex": 39,
			"topics": [
				"0xddf252ad1be2c89b69c2b068fc378daa952ba7f163c4a11628f55a4df523b3ef",
				"0x000000000000000000000000468b858c964f297fd8fce058032bf4b4911a8ad8",
				"0x0000000000000000000000003c838b849e32f56712b9f39c3a13f0cc318536d6"
			],
			"transactionHash": "0xeba58ff9c342320ed90bf792bce7c736d9a0a00f2c58cb66f8e88b72ebad7b90",
			"transactionIndex": 37,
			"transactionLogIndex": "0x0",
			"type": "mined",
			"id": "log_9c29faf7"
		}
	],
	"logsBloom": "0x00000000004000000000000000020000000000000000000000000000000000000000000000000000000000000000000000000000000000000000000000000000000000000000010000000008000000000000000000000000000000000020000000000000000000000000000000000000000000000000000000000010000000000000000000000000000000000000000000000000000000000000000000010000000000000000000080000000000000000000000000000000000000010000000000001002000000000000000000000000000008000000000000000000000000000000000000000000000000000000000000000000000000000000000000000000",
	"root": null,
	"status": "0x1",
	"transactionHash": "0xeba58ff9c342320ed90bf792bce7c736d9a0a00f2c58cb66f8e88b72ebad7b90",
	"transactionIndex": 37
}
[2018-04-16T13:19:28.565] [DEBUG] trans - TO:   0x579b6b0327792f40b939f48932e719ef7748cf96
[2018-04-16T13:19:28.565] [DEBUG] trans - AMOUNT:   100800000000000000000
[2018-04-16T13:19:28.565] [DEBUG] trans - Receipt info:  {
	"blockHash": "0x3e3d1e130368f23a8982260d8d4a08f2975f8da400f20917b17de6e9ea133e56",
	"blockNumber": 5450873,
	"contractAddress": null,
	"cumulativeGasUsed": 2298616,
	"gasUsed": 51589,
	"logs": [
		{
			"address": "0x7e9e431a0B8c4D532C745B1043c7FA29a48D4fBa",
			"blockHash": "0x3e3d1e130368f23a8982260d8d4a08f2975f8da400f20917b17de6e9ea133e56",
			"blockNumber": 5450873,
			"data": "0x00000000000000000000000000000000000000000000000576e189f04f600000",
			"logIndex": 41,
			"topics": [
				"0xddf252ad1be2c89b69c2b068fc378daa952ba7f163c4a11628f55a4df523b3ef",
				"0x000000000000000000000000468b858c964f297fd8fce058032bf4b4911a8ad8",
				"0x000000000000000000000000579b6b0327792f40b939f48932e719ef7748cf96"
			],
			"transactionHash": "0x11d607f1ce16b11ac2b4b580fc611640de2ce1c28b842504bceeb231078d19d3",
			"transactionIndex": 39,
			"transactionLogIndex": "0x0",
			"type": "mined",
			"id": "log_5da5956d"
		}
	],
	"logsBloom": "0x00000000000000000000000000020000000000000000000000000000000000000000000000000008000000000000000000000000000000000000000000000000000000000000010000000008000000000000000000000000000000000020000000000000000000000000001000000000000000000000000000000010000000000000000000000000000000000000000000000000000000000000000000000000000000000000000080000000000000000000000000000000000000010000000000001002000000000000000000000000000800000000000000000000000000000000000000000000000000000000000000000000000000000000000000000000",
	"root": null,
	"status": "0x1",
	"transactionHash": "0x11d607f1ce16b11ac2b4b580fc611640de2ce1c28b842504bceeb231078d19d3",
	"transactionIndex": 39
}
[2018-04-16T13:19:28.565] [DEBUG] trans - TO:   0x82c1cb466ce90514c1d651d3716fd62dec62042e
[2018-04-16T13:19:28.565] [DEBUG] trans - AMOUNT:   100800000000000000000
[2018-04-16T13:19:28.565] [DEBUG] trans - Receipt info:  {
	"blockHash": "0x3e3d1e130368f23a8982260d8d4a08f2975f8da400f20917b17de6e9ea133e56",
	"blockNumber": 5450873,
	"contractAddress": null,
	"cumulativeGasUsed": 2350205,
	"gasUsed": 51589,
	"logs": [
		{
			"address": "0x7e9e431a0B8c4D532C745B1043c7FA29a48D4fBa",
			"blockHash": "0x3e3d1e130368f23a8982260d8d4a08f2975f8da400f20917b17de6e9ea133e56",
			"blockNumber": 5450873,
			"data": "0x00000000000000000000000000000000000000000000000576e189f04f600000",
			"logIndex": 42,
			"topics": [
				"0xddf252ad1be2c89b69c2b068fc378daa952ba7f163c4a11628f55a4df523b3ef",
				"0x000000000000000000000000468b858c964f297fd8fce058032bf4b4911a8ad8",
				"0x00000000000000000000000082c1cb466ce90514c1d651d3716fd62dec62042e"
			],
			"transactionHash": "0x30dd616d15f1917ace9ad42d14c1d60b263d858f974b169159e2a55a0d0932ca",
			"transactionIndex": 40,
			"transactionLogIndex": "0x0",
			"type": "mined",
			"id": "log_94d8e6ca"
		}
	],
	"logsBloom": "0x00000000000000000000000000020000000000000000000000000000000000000000000000000000000000000000000000000000000000000000000000000000000000000000010000000008000800000000000000000000000000000020000000000000000000000000000000000000000000000000000000000010000000000000000000000000000000000000000000000000000000000000000000008000000000000000000080000000000000000000000000000000000000010000000000001002000000000000000000000000000000000000000000000000000800000000000000000000000000000000000000000000000000000000000000000000",
	"root": null,
	"status": "0x1",
	"transactionHash": "0x30dd616d15f1917ace9ad42d14c1d60b263d858f974b169159e2a55a0d0932ca",
	"transactionIndex": 40
}
[2018-04-16T13:19:28.565] [DEBUG] trans - TO:   0xc3a88d3a688298742d2e2dadbed6d83aac4534a6
[2018-04-16T13:19:28.565] [DEBUG] trans - AMOUNT:   100800000000000000000
[2018-04-16T13:19:28.566] [DEBUG] trans - Receipt info:  {
	"blockHash": "0x3e3d1e130368f23a8982260d8d4a08f2975f8da400f20917b17de6e9ea133e56",
	"blockNumber": 5450873,
	"contractAddress": null,
	"cumulativeGasUsed": 2453383,
	"gasUsed": 51589,
	"logs": [
		{
			"address": "0x7e9e431a0B8c4D532C745B1043c7FA29a48D4fBa",
			"blockHash": "0x3e3d1e130368f23a8982260d8d4a08f2975f8da400f20917b17de6e9ea133e56",
			"blockNumber": 5450873,
			"data": "0x00000000000000000000000000000000000000000000000576e189f04f600000",
			"logIndex": 44,
			"topics": [
				"0xddf252ad1be2c89b69c2b068fc378daa952ba7f163c4a11628f55a4df523b3ef",
				"0x000000000000000000000000468b858c964f297fd8fce058032bf4b4911a8ad8",
				"0x000000000000000000000000c3a88d3a688298742d2e2dadbed6d83aac4534a6"
			],
			"transactionHash": "0x2225dccb9759bcc0e361340e0d9f3488a731cfbcf7b52116956b66fca21ccb06",
			"transactionIndex": 42,
			"transactionLogIndex": "0x0",
			"type": "mined",
			"id": "log_b8dd1938"
		}
	],
	"logsBloom": "0x00000000000000000000000000020000000000000000000000000000000000000000000000000000000000001000000000000000000000000000000000000000000000000000010000000008000000000000000000000000000000000020000000000000000000000000000000000000000000000000000000000010000000000000000000000000000000000000000000000000000000000000000800000000000000000000000080000000000000000000000000000000000000010000000000001002800000000000000000000000000000000000000000000000000000000000000000000000000000000000000000000000000000000000000000000000",
	"root": null,
	"status": "0x1",
	"transactionHash": "0x2225dccb9759bcc0e361340e0d9f3488a731cfbcf7b52116956b66fca21ccb06",
	"transactionIndex": 42
}
[2018-04-16T13:19:28.566] [DEBUG] trans - TO:   0xa7570505e4c22a694b774d10a0e0e231d6d4b7ae
[2018-04-16T13:19:28.566] [DEBUG] trans - AMOUNT:   100800000000000000000
[2018-04-16T13:19:28.566] [DEBUG] trans - Receipt info:  {
	"blockHash": "0x3e3d1e130368f23a8982260d8d4a08f2975f8da400f20917b17de6e9ea133e56",
	"blockNumber": 5450873,
	"contractAddress": null,
	"cumulativeGasUsed": 2401794,
	"gasUsed": 51589,
	"logs": [
		{
			"address": "0x7e9e431a0B8c4D532C745B1043c7FA29a48D4fBa",
			"blockHash": "0x3e3d1e130368f23a8982260d8d4a08f2975f8da400f20917b17de6e9ea133e56",
			"blockNumber": 5450873,
			"data": "0x00000000000000000000000000000000000000000000000576e189f04f600000",
			"logIndex": 43,
			"topics": [
				"0xddf252ad1be2c89b69c2b068fc378daa952ba7f163c4a11628f55a4df523b3ef",
				"0x000000000000000000000000468b858c964f297fd8fce058032bf4b4911a8ad8",
				"0x000000000000000000000000a7570505e4c22a694b774d10a0e0e231d6d4b7ae"
			],
			"transactionHash": "0xadcf6f6b83451148fb6bdb2f71143b52bf0176270fc39cfbf31ecc5e37a24b6b",
			"transactionIndex": 41,
			"transactionLogIndex": "0x0",
			"type": "mined",
			"id": "log_3a2e1783"
		}
	],
	"logsBloom": "0x00000000000000000000000000020000000000000000000000000000000000000000000000000000000000000000000001000000000040000000000000000000000000000000010000000008000000000000000000000000000000000020000000004000000000000000000000000000000000000000000000000010000000000000000000000000000000000000000000000000000000000000000000000000000000000000000080000000000000000000000000000000000000010000000000001002000000000000000000000000000000000000000000000000000000000000000000000000000000000000000000000000000000000000000000000000",
	"root": null,
	"status": "0x1",
	"transactionHash": "0xadcf6f6b83451148fb6bdb2f71143b52bf0176270fc39cfbf31ecc5e37a24b6b",
	"transactionIndex": 41
}
[2018-04-16T13:19:28.566] [DEBUG] trans - TO:   0xd66f8d899b6eba30e6157511e548ad9d61cf9862
[2018-04-16T13:19:28.566] [DEBUG] trans - AMOUNT:   100800000000000000000
[2018-04-16T13:19:28.566] [DEBUG] trans - Receipt info:  {
	"blockHash": "0x3e3d1e130368f23a8982260d8d4a08f2975f8da400f20917b17de6e9ea133e56",
	"blockNumber": 5450873,
	"contractAddress": null,
	"cumulativeGasUsed": 2504972,
	"gasUsed": 51589,
	"logs": [
		{
			"address": "0x7e9e431a0B8c4D532C745B1043c7FA29a48D4fBa",
			"blockHash": "0x3e3d1e130368f23a8982260d8d4a08f2975f8da400f20917b17de6e9ea133e56",
			"blockNumber": 5450873,
			"data": "0x00000000000000000000000000000000000000000000000576e189f04f600000",
			"logIndex": 45,
			"topics": [
				"0xddf252ad1be2c89b69c2b068fc378daa952ba7f163c4a11628f55a4df523b3ef",
				"0x000000000000000000000000468b858c964f297fd8fce058032bf4b4911a8ad8",
				"0x000000000000000000000000d66f8d899b6eba30e6157511e548ad9d61cf9862"
			],
			"transactionHash": "0x9aa900bb46ca1230122d9465e7792449de2a67c4314d41e511db721acf398cd9",
			"transactionIndex": 43,
			"transactionLogIndex": "0x0",
			"type": "mined",
			"id": "log_d347c5be"
		}
	],
	"logsBloom": "0x00000000000000000000000000020000000000000000000000000000000000000000000000000000000000000000000000000000000000000000000000000000000000000000010000000008000000000000000000000000000000000020000000000000000000000000000000000000000000000000000000000010000000000000000000000000000000000000010000000000000000000002000000000000000000000000000080000000000000000000000000000000000000010000000000001002000000000000000000000000000000000000000000000000000000000000000000000000000000000000000040000000000000000000000000000000",
	"root": null,
	"status": "0x1",
	"transactionHash": "0x9aa900bb46ca1230122d9465e7792449de2a67c4314d41e511db721acf398cd9",
	"transactionIndex": 43
}
