[2018-04-18T12:53:42.943] [DEBUG] trans - TO:   0x5b7f03364f8025fdaa5142265a94931815425c58
[2018-04-18T12:53:42.944] [DEBUG] trans - AMOUNT:   149218600000000000000
[2018-04-18T12:53:42.944] [DEBUG] trans - Receipt info:  {
	"blockHash": "0x9b02492f26f4fcbbfc6da056ddf5b475d8090374dac8670d250f68a9ed28a179",
	"blockNumber": 5462438,
	"contractAddress": null,
	"cumulativeGasUsed": 4860360,
	"gasUsed": 51653,
	"logs": [
		{
			"address": "0x7e9e431a0B8c4D532C745B1043c7FA29a48D4fBa",
			"blockHash": "0x9b02492f26f4fcbbfc6da056ddf5b475d8090374dac8670d250f68a9ed28a179",
			"blockNumber": 5462438,
			"data": "0x00000000000000000000000000000000000000000000000816d2f61b211a8000",
			"logIndex": 88,
			"topics": [
				"0xddf252ad1be2c89b69c2b068fc378daa952ba7f163c4a11628f55a4df523b3ef",
				"0x000000000000000000000000468b858c964f297fd8fce058032bf4b4911a8ad8",
				"0x0000000000000000000000005b7f03364f8025fdaa5142265a94931815425c58"
			],
			"transactionHash": "0xc015d57373d646c25885246d5768d4616ba745e95ba2c54f94c60cf4387477d4",
			"transactionIndex": 109,
			"transactionLogIndex": "0x0",
			"type": "mined",
			"id": "log_ed431a88"
		}
	],
	"logsBloom": "0x00000000000000000000000000020000000000000000000000000000000000000000000000000000000000000000000000000000000000000000000000000000000000000000010000000008000000000000000000000000000020000020000000000000000000000000000000000000000000000000000000000010000000000000000000000000000000000000000000000000000000000000000000000000000000000000000080000000000000000000000000000000000000010000000000001002000000000000000004000000000000000000000000000000000000000000000000000000000000000000000000000000000020000000000000000000",
	"root": null,
	"status": "0x1",
	"transactionHash": "0xc015d57373d646c25885246d5768d4616ba745e95ba2c54f94c60cf4387477d4",
	"transactionIndex": 109
}
[2018-04-18T12:53:58.960] [DEBUG] trans - TO:   0xf7570041c6d9e0f3a1de52c549468aff4370b770
[2018-04-18T12:53:58.960] [DEBUG] trans - AMOUNT:   149217000000000000000
[2018-04-18T12:53:58.960] [DEBUG] trans - Receipt info:  {
	"blockHash": "0xc187d5c416ab33c952b40392e5b8a433be10008796df22352e5e2e176874cc2d",
	"blockNumber": 5462440,
	"contractAddress": null,
	"cumulativeGasUsed": 2720691,
	"gasUsed": 51589,
	"logs": [
		{
			"address": "0x7e9e431a0B8c4D532C745B1043c7FA29a48D4fBa",
			"blockHash": "0xc187d5c416ab33c952b40392e5b8a433be10008796df22352e5e2e176874cc2d",
			"blockNumber": 5462440,
			"data": "0x00000000000000000000000000000000000000000000000816cd46ea19768000",
			"logIndex": 69,
			"topics": [
				"0xddf252ad1be2c89b69c2b068fc378daa952ba7f163c4a11628f55a4df523b3ef",
				"0x000000000000000000000000468b858c964f297fd8fce058032bf4b4911a8ad8",
				"0x000000000000000000000000f7570041c6d9e0f3a1de52c549468aff4370b770"
			],
			"transactionHash": "0xec005012cf39b37390007af17bf91eb0408b0ac2d4d4009002fa0be2e3aa66cc",
			"transactionIndex": 49,
			"transactionLogIndex": "0x0",
			"type": "mined",
			"id": "log_552275f5"
		}
	],
	"logsBloom": "0x00000000000000000000000000020000000000000000000000000000000000000000000000000000000000000000000000000000000000000000000000000000000000000000010000000008000000000000000000000000000000000020000000000000000000000000000000000000000000000000000000000010000000000000000800000000000000000000000000000000000000000000000010000000000000000000000080000000000000000000000000000000100000010000000000001002000000000000000000000000000000000000000000000000000000000000000000000000000000000000000000000000000000000000000000000000",
	"root": null,
	"status": "0x1",
	"transactionHash": "0xec005012cf39b37390007af17bf91eb0408b0ac2d4d4009002fa0be2e3aa66cc",
	"transactionIndex": 49
}
[2018-04-18T12:54:00.961] [DEBUG] trans - TO:   0xcee9a4a6fb90dde5ec1eee27ed44bc71766818d1
[2018-04-18T12:54:00.961] [DEBUG] trans - AMOUNT:   149209600000000000000
[2018-04-18T12:54:00.961] [DEBUG] trans - Receipt info:  {
	"blockHash": "0x361469779063e2af7de4232e5ff4b80948c5bfa851e8389a5e4e9d664620fa78",
	"blockNumber": 5462441,
	"contractAddress": null,
	"cumulativeGasUsed": 574315,
	"gasUsed": 51589,
	"logs": [
		{
			"address": "0x7e9e431a0B8c4D532C745B1043c7FA29a48D4fBa",
			"blockHash": "0x361469779063e2af7de4232e5ff4b80948c5bfa851e8389a5e4e9d664620fa78",
			"blockNumber": 5462441,
			"data": "0x00000000000000000000000000000000000000000000000816b2fca756200000",
			"logIndex": 7,
			"topics": [
				"0xddf252ad1be2c89b69c2b068fc378daa952ba7f163c4a11628f55a4df523b3ef",
				"0x000000000000000000000000468b858c964f297fd8fce058032bf4b4911a8ad8",
				"0x000000000000000000000000cee9a4a6fb90dde5ec1eee27ed44bc71766818d1"
			],
			"transactionHash": "0xf3f6e356f73b7bfa553f9148b2fcabce36825802984e0de1d650ad84d43e8007",
			"transactionIndex": 14,
			"transactionLogIndex": "0x0",
			"type": "mined",
			"id": "log_9ec6eb3a"
		}
	],
	"logsBloom": "0x00000000000000000000000000020000000000000000000000000000000000000000000000000000000000000000000000000008000000000000000000000000000000000000010000000008000000000000000000000000000000000020000000000000000000000000000000000000000000000000000000000010000000000000000000000000100000100000000000000000000000000000000000000000000000000000000080000000000000000000000000000000000000010000000000001002000000000000000000000000000000000000000000000000000000000000000000000000000000000000000000000000000000000000000000000000",
	"root": null,
	"status": "0x1",
	"transactionHash": "0xf3f6e356f73b7bfa553f9148b2fcabce36825802984e0de1d650ad84d43e8007",
	"transactionIndex": 14
}
[2018-04-18T12:54:04.965] [DEBUG] trans - TO:   0x4088a02eb57046b81aada27126e715ef88bfb9ae
[2018-04-18T12:54:04.965] [DEBUG] trans - AMOUNT:   149207000000000000000
[2018-04-18T12:54:04.965] [DEBUG] trans - Receipt info:  {
	"blockHash": "0x4efd961119cad8a9fdb9dd90e9ef711100523b1976c29574724b6b805470d5a2",
	"blockNumber": 5462442,
	"contractAddress": null,
	"cumulativeGasUsed": 653461,
	"gasUsed": 51653,
	"logs": [
		{
			"address": "0x7e9e431a0B8c4D532C745B1043c7FA29a48D4fBa",
			"blockHash": "0x4efd961119cad8a9fdb9dd90e9ef711100523b1976c29574724b6b805470d5a2",
			"blockNumber": 5462442,
			"data": "0x00000000000000000000000000000000000000000000000816a9bff7a9b58000",
			"logIndex": 13,
			"topics": [
				"0xddf252ad1be2c89b69c2b068fc378daa952ba7f163c4a11628f55a4df523b3ef",
				"0x000000000000000000000000468b858c964f297fd8fce058032bf4b4911a8ad8",
				"0x0000000000000000000000004088a02eb57046b81aada27126e715ef88bfb9ae"
			],
			"transactionHash": "0x5deca7b0024fab6410a69016206f225d5cf67b9c7db56eb1755a3eab128e953f",
			"transactionIndex": 18,
			"transactionLogIndex": "0x0",
			"type": "mined",
			"id": "log_935120fd"
		}
	],
	"logsBloom": "0x00000000000000000000000000020000000000000000000000000000000000000000000000000000000000000000000100000000000000000000000000000000000000000000010000000008000000000000000000000000000000000020000000000000000000000000000000000000000000000000000000000010000000000000000000000000000000000000000000000000000000000000000000000000000000000000000080000000000000000000000000000000000000010000400000001002000000000000000000000000000000000000000000000000000000000000000000000000000000000004000000000000000000000000000000000000",
	"root": null,
	"status": "0x1",
	"transactionHash": "0x5deca7b0024fab6410a69016206f225d5cf67b9c7db56eb1755a3eab128e953f",
	"transactionIndex": 18
}
[2018-04-18T12:54:29.001] [DEBUG] trans - TO:   0x0cdd0815b807a28d1376b3039a5db7b6fe9aa9ef
[2018-04-18T12:54:29.001] [DEBUG] trans - AMOUNT:   149200000000000000000
[2018-04-18T12:54:29.001] [DEBUG] trans - Receipt info:  {
	"blockHash": "0x15e41e76828670b66383d173880c7321e405997b15b9dc401506dfb5ca53366b",
	"blockNumber": 5462444,
	"contractAddress": null,
	"cumulativeGasUsed": 1857730,
	"gasUsed": 51589,
	"logs": [
		{
			"address": "0x7e9e431a0B8c4D532C745B1043c7FA29a48D4fBa",
			"blockHash": "0x15e41e76828670b66383d173880c7321e405997b15b9dc401506dfb5ca53366b",
			"blockNumber": 5462444,
			"data": "0x0000000000000000000000000000000000000000000000081690e18128480000",
			"logIndex": 23,
			"topics": [
				"0xddf252ad1be2c89b69c2b068fc378daa952ba7f163c4a11628f55a4df523b3ef",
				"0x000000000000000000000000468b858c964f297fd8fce058032bf4b4911a8ad8",
				"0x0000000000000000000000000cdd0815b807a28d1376b3039a5db7b6fe9aa9ef"
			],
			"transactionHash": "0xc53c2ef3de5ef0ce9080aa1b835a484a56ca27fc0ae77c56b111689e4e3b9fe5",
			"transactionIndex": 63,
			"transactionLogIndex": "0x0",
			"type": "mined",
			"id": "log_ccf8688f"
		}
	],
	"logsBloom": "0x00000000000000000000000000420000000000000000000000000000000000000000000000000000000000000000000000000000000000000000000000000000000000000000010000000008000000000000000000000000000000000020000000000000000000000000040000000000000000000000000000000010000000000000000000040000000000000000000000000000000000000000000000000000000000000000000080000000000000000000000000000000000000010000000000001002000000000000000000000000000000000000000000000000000000000000000000000000000000000000000000000000000000000000000000000000",
	"root": null,
	"status": "0x1",
	"transactionHash": "0xc53c2ef3de5ef0ce9080aa1b835a484a56ca27fc0ae77c56b111689e4e3b9fe5",
	"transactionIndex": 63
}
[2018-04-18T12:54:30.002] [DEBUG] trans - TO:   0x13ff1cf0a084f3b158df9da1ee881097d9da02b4
[2018-04-18T12:54:30.002] [DEBUG] trans - AMOUNT:   149200000000000000000
[2018-04-18T12:54:30.002] [DEBUG] trans - Receipt info:  {
	"blockHash": "0x452764db3419f26f7a3f1b77e2e6966aee816d2b7afe377fccf78247486143db",
	"blockNumber": 5462445,
	"contractAddress": null,
	"cumulativeGasUsed": 211291,
	"gasUsed": 51589,
	"logs": [
		{
			"address": "0x7e9e431a0B8c4D532C745B1043c7FA29a48D4fBa",
			"blockHash": "0x452764db3419f26f7a3f1b77e2e6966aee816d2b7afe377fccf78247486143db",
			"blockNumber": 5462445,
			"data": "0x0000000000000000000000000000000000000000000000081690e18128480000",
			"logIndex": 1,
			"topics": [
				"0xddf252ad1be2c89b69c2b068fc378daa952ba7f163c4a11628f55a4df523b3ef",
				"0x000000000000000000000000468b858c964f297fd8fce058032bf4b4911a8ad8",
				"0x00000000000000000000000013ff1cf0a084f3b158df9da1ee881097d9da02b4"
			],
			"transactionHash": "0x4b295e8a3044072fddba74595f2be1ddbcf448c22c64126623fe258a511c9b0c",
			"transactionIndex": 4,
			"transactionLogIndex": "0x0",
			"type": "mined",
			"id": "log_38490ced"
		}
	],
	"logsBloom": "0x00000000000000000000000000020000000000000000000000080000000000000000000000000000000000000000000000000000000000000000000000000000000000000000010000000008000000000000000000000000000000000020000000000000000000000000000000000000000000000000000000000010000000000000000000000000000000000000000000000000000000400000000000000000000000000000000080000000000000000000000000000000000000010000000000001002000020000000000000000000000000000000000000000000000000000000000000000000000000000000000000000000000000000000000000000000",
	"root": null,
	"status": "0x1",
	"transactionHash": "0x4b295e8a3044072fddba74595f2be1ddbcf448c22c64126623fe258a511c9b0c",
	"transactionIndex": 4
}
[2018-04-18T12:54:34.011] [DEBUG] trans - TO:   0x25f68ea1155dfc4167eef006a96b3aa0e090e9f1
[2018-04-18T12:54:34.011] [DEBUG] trans - AMOUNT:   149200000000000000000
[2018-04-18T12:54:34.011] [DEBUG] trans - Receipt info:  {
	"blockHash": "0xf2d6996b4f353e102d947a415f30caa068ac1260106d33fe276f9ed2dd98902c",
	"blockNumber": 5462446,
	"contractAddress": null,
	"cumulativeGasUsed": 51589,
	"gasUsed": 51589,
	"logs": [
		{
			"address": "0x7e9e431a0B8c4D532C745B1043c7FA29a48D4fBa",
			"blockHash": "0xf2d6996b4f353e102d947a415f30caa068ac1260106d33fe276f9ed2dd98902c",
			"blockNumber": 5462446,
			"data": "0x0000000000000000000000000000000000000000000000081690e18128480000",
			"logIndex": 0,
			"topics": [
				"0xddf252ad1be2c89b69c2b068fc378daa952ba7f163c4a11628f55a4df523b3ef",
				"0x000000000000000000000000468b858c964f297fd8fce058032bf4b4911a8ad8",
				"0x00000000000000000000000025f68ea1155dfc4167eef006a96b3aa0e090e9f1"
			],
			"transactionHash": "0xdec907f4b0b3317e76f4f166a72be20f4c3725b71a3081f48343eca961bd1a0a",
			"transactionIndex": 0,
			"transactionLogIndex": "0x0",
			"type": "mined",
			"id": "log_c82d8243"
		}
	],
	"logsBloom": "0x00000000000000000000000000020000000000000000000000000000000000000000000000000000000000000000000000000000000010000000000000000000000000000000010000000008000000000000000000000000000000000020000000000000000000000000000000000000000000000000000000000010000000000000002000000000000000000000000000000000000000000000000000000000000000000000000080000000000000000000000000000000000000010000000000001002000000000000000000000000000000000000000000000000000000000000000100000000000000000000000000000000000000000000000000000000",
	"root": null,
	"status": "0x1",
	"transactionHash": "0xdec907f4b0b3317e76f4f166a72be20f4c3725b71a3081f48343eca961bd1a0a",
	"transactionIndex": 0
}
[2018-04-18T12:54:34.012] [DEBUG] trans - TO:   0x4f8eaceeafe38068feae9e0ed1ac3003b9872981
[2018-04-18T12:54:34.012] [DEBUG] trans - AMOUNT:   149200000000000000000
[2018-04-18T12:54:34.012] [DEBUG] trans - Receipt info:  {
	"blockHash": "0xf2d6996b4f353e102d947a415f30caa068ac1260106d33fe276f9ed2dd98902c",
	"blockNumber": 5462446,
	"contractAddress": null,
	"cumulativeGasUsed": 3706575,
	"gasUsed": 51589,
	"logs": [
		{
			"address": "0x7e9e431a0B8c4D532C745B1043c7FA29a48D4fBa",
			"blockHash": "0xf2d6996b4f353e102d947a415f30caa068ac1260106d33fe276f9ed2dd98902c",
			"blockNumber": 5462446,
			"data": "0x0000000000000000000000000000000000000000000000081690e18128480000",
			"logIndex": 66,
			"topics": [
				"0xddf252ad1be2c89b69c2b068fc378daa952ba7f163c4a11628f55a4df523b3ef",
				"0x000000000000000000000000468b858c964f297fd8fce058032bf4b4911a8ad8",
				"0x0000000000000000000000004f8eaceeafe38068feae9e0ed1ac3003b9872981"
			],
			"transactionHash": "0xb4a6f3a1a30304ccc7cb563a83cebeaae2f0063d1572dfabc19e91f31a8e93e2",
			"transactionIndex": 65,
			"transactionLogIndex": "0x0",
			"type": "mined",
			"id": "log_07858dd2"
		}
	],
	"logsBloom": "0x00000000000000000000000000020000000000000000000000000000000000000000000000000000000000000000000000000000000000000000000000000000000000000000010000000008000000000000000000000000000000000020000000000000000000000000000000000000000000000000000000000018000000000000000000000000000000000000000000000000000000000000000000000000000000000000000080000000000000000000000000000000000000010000000010081002000000000000000000000000000000000000000000000000000000000000000000000000000000000000000000000000000000000000000000000000",
	"root": null,
	"status": "0x1",
	"transactionHash": "0xb4a6f3a1a30304ccc7cb563a83cebeaae2f0063d1572dfabc19e91f31a8e93e2",
	"transactionIndex": 65
}
[2018-04-18T12:54:34.012] [DEBUG] trans - TO:   0x71e8e60eec820839f9c853ea6b2c88e45de7f1cb
[2018-04-18T12:54:34.012] [DEBUG] trans - AMOUNT:   149200000000000000000
[2018-04-18T12:54:34.013] [DEBUG] trans - Receipt info:  {
	"blockHash": "0xf2d6996b4f353e102d947a415f30caa068ac1260106d33fe276f9ed2dd98902c",
	"blockNumber": 5462446,
	"contractAddress": null,
	"cumulativeGasUsed": 4789794,
	"gasUsed": 51589,
	"logs": [
		{
			"address": "0x7e9e431a0B8c4D532C745B1043c7FA29a48D4fBa",
			"blockHash": "0xf2d6996b4f353e102d947a415f30caa068ac1260106d33fe276f9ed2dd98902c",
			"blockNumber": 5462446,
			"data": "0x0000000000000000000000000000000000000000000000081690e18128480000",
			"logIndex": 78,
			"topics": [
				"0xddf252ad1be2c89b69c2b068fc378daa952ba7f163c4a11628f55a4df523b3ef",
				"0x000000000000000000000000468b858c964f297fd8fce058032bf4b4911a8ad8",
				"0x00000000000000000000000071e8e60eec820839f9c853ea6b2c88e45de7f1cb"
			],
			"transactionHash": "0x2216979634f68b6a7b06206619b37b70776c57ec9cd6cecaa408cb276677d4cd",
			"transactionIndex": 74,
			"transactionLogIndex": "0x0",
			"type": "mined",
			"id": "log_bbd1606e"
		}
	],
	"logsBloom": "0x00000000000000000000000000020000000000000000000000000000000000000000000000000000000000000004200000000000000000000000000000000000000000000000010000000008000000000000000000000000000000000020000000000000000000000000000000000000000000000000000000000010000000000000000000000000000000000000000000000000000000000000000100000000000000000000000080000000000000000000000000000000000000010000000000001002000000000000000000000000000000000000000000000000000000000000000000000000000000000000000000000000000000000000000000000000",
	"root": null,
	"status": "0x1",
	"transactionHash": "0x2216979634f68b6a7b06206619b37b70776c57ec9cd6cecaa408cb276677d4cd",
	"transactionIndex": 74
}
[2018-04-18T12:54:34.013] [DEBUG] trans - TO:   0x66f2db89896861ab82ef10d377659c1337ffdaad
[2018-04-18T12:54:34.013] [DEBUG] trans - AMOUNT:   149200000000000000000
[2018-04-18T12:54:34.013] [DEBUG] trans - Receipt info:  {
	"blockHash": "0xf2d6996b4f353e102d947a415f30caa068ac1260106d33fe276f9ed2dd98902c",
	"blockNumber": 5462446,
	"contractAddress": null,
	"cumulativeGasUsed": 4428721,
	"gasUsed": 51589,
	"logs": [
		{
			"address": "0x7e9e431a0B8c4D532C745B1043c7FA29a48D4fBa",
			"blockHash": "0xf2d6996b4f353e102d947a415f30caa068ac1260106d33fe276f9ed2dd98902c",
			"blockNumber": 5462446,
			"data": "0x0000000000000000000000000000000000000000000000081690e18128480000",
			"logIndex": 74,
			"topics": [
				"0xddf252ad1be2c89b69c2b068fc378daa952ba7f163c4a11628f55a4df523b3ef",
				"0x000000000000000000000000468b858c964f297fd8fce058032bf4b4911a8ad8",
				"0x00000000000000000000000066f2db89896861ab82ef10d377659c1337ffdaad"
			],
			"transactionHash": "0x64e93732034a798debcbb0b6a01fa5d156aa3e69a6988e8716b1c4d499555294",
			"transactionIndex": 71,
			"transactionLogIndex": "0x0",
			"type": "mined",
			"id": "log_30e9fbce"
		}
	],
	"logsBloom": "0x00000000000000000000002000020000000000000000000000000000000000000000000000000000000000000000000000000000000000000000000000000000000000000000010000000008000000000000000000000000000000000020000000000000000000000000000002000000000000000000000000000010000000000000000000000001000000000000000000000000000000000000000000000000000000000000000080000000000000000000000000000000000000010000000000001002000000000000000000000000000000000000000000000000000000000000000000000000000000000000000000000000000000000000000000000000",
	"root": null,
	"status": "0x1",
	"transactionHash": "0x64e93732034a798debcbb0b6a01fa5d156aa3e69a6988e8716b1c4d499555294",
	"transactionIndex": 71
}
[2018-04-18T12:54:34.013] [DEBUG] trans - TO:   0x93e459a7fa7886ce52993a48445646a1342f1bf0
[2018-04-18T12:54:34.013] [DEBUG] trans - AMOUNT:   149200000000000000000
[2018-04-18T12:54:34.013] [DEBUG] trans - Receipt info:  {
	"blockHash": "0xf2d6996b4f353e102d947a415f30caa068ac1260106d33fe276f9ed2dd98902c",
	"blockNumber": 5462446,
	"contractAddress": null,
	"cumulativeGasUsed": 5326773,
	"gasUsed": 51589,
	"logs": [
		{
			"address": "0x7e9e431a0B8c4D532C745B1043c7FA29a48D4fBa",
			"blockHash": "0xf2d6996b4f353e102d947a415f30caa068ac1260106d33fe276f9ed2dd98902c",
			"blockNumber": 5462446,
			"data": "0x0000000000000000000000000000000000000000000000081690e18128480000",
			"logIndex": 85,
			"topics": [
				"0xddf252ad1be2c89b69c2b068fc378daa952ba7f163c4a11628f55a4df523b3ef",
				"0x000000000000000000000000468b858c964f297fd8fce058032bf4b4911a8ad8",
				"0x00000000000000000000000093e459a7fa7886ce52993a48445646a1342f1bf0"
			],
			"transactionHash": "0x067b7ecadf56b615878b15ed374da4a081eef240d0dd348c74232f463f32b805",
			"transactionIndex": 79,
			"transactionLogIndex": "0x0",
			"type": "mined",
			"id": "log_0656548b"
		}
	],
	"logsBloom": "0x00000000000000040000000000020000000000000000000000000000000000000000000000000000000000000000000000000000000000000000000000000000000000000000010000000008000000000000000000000000000000000020000000000000000000000000000000000000000000000000000000000010000000000000000000000000000000000000000000000000000000000000000000000000000000000000000080000000000000000000000000000000000000010000000000001002000000000000000000000000000000000000000000004000000000000000000000000000000000000000000000000000000000000000040000000000",
	"root": null,
	"status": "0x1",
	"transactionHash": "0x067b7ecadf56b615878b15ed374da4a081eef240d0dd348c74232f463f32b805",
	"transactionIndex": 79
}
[2018-04-18T12:54:34.014] [DEBUG] trans - TO:   0x2c95ad515ad544387565c4f2d9c40d387d4dcf26
[2018-04-18T12:54:34.014] [DEBUG] trans - AMOUNT:   149200000000000000000
[2018-04-18T12:54:34.014] [DEBUG] trans - Receipt info:  {
	"blockHash": "0xf2d6996b4f353e102d947a415f30caa068ac1260106d33fe276f9ed2dd98902c",
	"blockNumber": 5462446,
	"contractAddress": null,
	"cumulativeGasUsed": 3345502,
	"gasUsed": 51589,
	"logs": [
		{
			"address": "0x7e9e431a0B8c4D532C745B1043c7FA29a48D4fBa",
			"blockHash": "0xf2d6996b4f353e102d947a415f30caa068ac1260106d33fe276f9ed2dd98902c",
			"blockNumber": 5462446,
			"data": "0x0000000000000000000000000000000000000000000000081690e18128480000",
			"logIndex": 62,
			"topics": [
				"0xddf252ad1be2c89b69c2b068fc378daa952ba7f163c4a11628f55a4df523b3ef",
				"0x000000000000000000000000468b858c964f297fd8fce058032bf4b4911a8ad8",
				"0x0000000000000000000000002c95ad515ad544387565c4f2d9c40d387d4dcf26"
			],
			"transactionHash": "0x513904069534f5b361d72b217c4f148f9eb3fded2b3df3639e0043f22de92e5d",
			"transactionIndex": 62,
			"transactionLogIndex": "0x0",
			"type": "mined",
			"id": "log_1a134402"
		}
	],
	"logsBloom": "0x00000000000000002000000000020000000000000000000000000000000200000000000000000000000000000000000000000000000000000000000000000000000000000000010000000008000000000000000000000000000000000020000000000000000000000000000000000000000000000000000000000010000000000000000000000000000000000000000000000000000000000000000000000000000000000000000080000000000000000000000000000000000000010000000000001002000000000000000000000000000000000000000000000000000000000000000000000000000000000000000000000000000000000400000000000000",
	"root": null,
	"status": "0x1",
	"transactionHash": "0x513904069534f5b361d72b217c4f148f9eb3fded2b3df3639e0043f22de92e5d",
	"transactionIndex": 62
}
[2018-04-18T12:54:34.015] [DEBUG] trans - TO:   0x2b1b3bdc0b8ebe76ad734fa75afdf86dfcd05bfb
[2018-04-18T12:54:34.015] [DEBUG] trans - AMOUNT:   149200000000000000000
[2018-04-18T12:54:34.015] [DEBUG] trans - Receipt info:  {
	"blockHash": "0xf2d6996b4f353e102d947a415f30caa068ac1260106d33fe276f9ed2dd98902c",
	"blockNumber": 5462446,
	"contractAddress": null,
	"cumulativeGasUsed": 2984429,
	"gasUsed": 51589,
	"logs": [
		{
			"address": "0x7e9e431a0B8c4D532C745B1043c7FA29a48D4fBa",
			"blockHash": "0xf2d6996b4f353e102d947a415f30caa068ac1260106d33fe276f9ed2dd98902c",
			"blockNumber": 5462446,
			"data": "0x0000000000000000000000000000000000000000000000081690e18128480000",
			"logIndex": 58,
			"topics": [
				"0xddf252ad1be2c89b69c2b068fc378daa952ba7f163c4a11628f55a4df523b3ef",
				"0x000000000000000000000000468b858c964f297fd8fce058032bf4b4911a8ad8",
				"0x0000000000000000000000002b1b3bdc0b8ebe76ad734fa75afdf86dfcd05bfb"
			],
			"transactionHash": "0x2461013d67a8161d52111c65a8b5d675b3923eeff4759d05cda0b35b60bbfd07",
			"transactionIndex": 59,
			"transactionLogIndex": "0x0",
			"type": "mined",
			"id": "log_d59eb427"
		}
	],
	"logsBloom": "0x00000000000000000000000000020000000000400000000000000000000000000000000000000000000000000000000000000000000000000000000000000000000000000000010000000008000000000000000000000000000000000020000000000000000080000000000000000000000000000000000000000010000000000000000000000000000000000000000000000000000000000000000000000000000000000000000080000000000040000000000000000000000000010000000000001002000000000000000000000000000000000000000000000000000000000000000000000000000000000000000000000000000000000000000000000000",
	"root": null,
	"status": "0x1",
	"transactionHash": "0x2461013d67a8161d52111c65a8b5d675b3923eeff4759d05cda0b35b60bbfd07",
	"transactionIndex": 59
}
[2018-04-18T12:54:34.015] [DEBUG] trans - TO:   0x94b1b98c1fa4b1e277bc78a589757e4189cae2e3
[2018-04-18T12:54:34.015] [DEBUG] trans - AMOUNT:   149200000000000000000
[2018-04-18T12:54:34.015] [DEBUG] trans - Receipt info:  {
	"blockHash": "0xf2d6996b4f353e102d947a415f30caa068ac1260106d33fe276f9ed2dd98902c",
	"blockNumber": 5462446,
	"contractAddress": null,
	"cumulativeGasUsed": 5378362,
	"gasUsed": 51589,
	"logs": [
		{
			"address": "0x7e9e431a0B8c4D532C745B1043c7FA29a48D4fBa",
			"blockHash": "0xf2d6996b4f353e102d947a415f30caa068ac1260106d33fe276f9ed2dd98902c",
			"blockNumber": 5462446,
			"data": "0x0000000000000000000000000000000000000000000000081690e18128480000",
			"logIndex": 86,
			"topics": [
				"0xddf252ad1be2c89b69c2b068fc378daa952ba7f163c4a11628f55a4df523b3ef",
				"0x000000000000000000000000468b858c964f297fd8fce058032bf4b4911a8ad8",
				"0x00000000000000000000000094b1b98c1fa4b1e277bc78a589757e4189cae2e3"
			],
			"transactionHash": "0x8cf4d9c4691c144dc2738e39aeba9e4542a6905a03992dddc6bff03ef3484728",
			"transactionIndex": 80,
			"transactionLogIndex": "0x0",
			"type": "mined",
			"id": "log_e90453be"
		}
	],
	"logsBloom": "0x00000000000000000000000000020000000000000000000000000000000000000000000000000000000000000000000000000000000000000000100000000000000000000000010000000008000000000000000000000000000000000020000000000000000000000000000000000000000000000000000000000010000000000000000000000000000000000000800000000000000000000000000000000000000000400000000080000000000000000000000000000000000000010000000000001002000000000000000000000000000000000000000000000000000000000000000000000000000000000000000000000000000000000000000000000000",
	"root": null,
	"status": "0x1",
	"transactionHash": "0x8cf4d9c4691c144dc2738e39aeba9e4542a6905a03992dddc6bff03ef3484728",
	"transactionIndex": 80
}
[2018-04-18T12:54:34.015] [DEBUG] trans - TO:   0x98b3de25a38830d6ef700cb5328bd8cfac6cabde
[2018-04-18T12:54:34.016] [DEBUG] trans - AMOUNT:   149200000000000000000
[2018-04-18T12:54:34.016] [DEBUG] trans - Receipt info:  {
	"blockHash": "0xf2d6996b4f353e102d947a415f30caa068ac1260106d33fe276f9ed2dd98902c",
	"blockNumber": 5462446,
	"contractAddress": null,
	"cumulativeGasUsed": 5481540,
	"gasUsed": 51589,
	"logs": [
		{
			"address": "0x7e9e431a0B8c4D532C745B1043c7FA29a48D4fBa",
			"blockHash": "0xf2d6996b4f353e102d947a415f30caa068ac1260106d33fe276f9ed2dd98902c",
			"blockNumber": 5462446,
			"data": "0x0000000000000000000000000000000000000000000000081690e18128480000",
			"logIndex": 88,
			"topics": [
				"0xddf252ad1be2c89b69c2b068fc378daa952ba7f163c4a11628f55a4df523b3ef",
				"0x000000000000000000000000468b858c964f297fd8fce058032bf4b4911a8ad8",
				"0x00000000000000000000000098b3de25a38830d6ef700cb5328bd8cfac6cabde"
			],
			"transactionHash": "0xe84f50e041a68b9830eb05f228f399eb1c086c67e79f7064cec90609c4b1d464",
			"transactionIndex": 82,
			"transactionLogIndex": "0x0",
			"type": "mined",
			"id": "log_471369d1"
		}
	],
	"logsBloom": "0x00000000000000000000000000020000000000000000000000000000000000000000000000000000000000000000000000000000000000000000000000000000000004000000010000000008000000000000000000000000000000000020000000000000000000000000000000000000000000000000000000000014000000000000000000000000000000000000000000000000000000000000000000000000000000000000000084000000000000000000000000000000000000010000000000001002000000000000000000000000000000000000000000000000000000000000000000000000000000000000000000000000000000000000000000000000",
	"root": null,
	"status": "0x1",
	"transactionHash": "0xe84f50e041a68b9830eb05f228f399eb1c086c67e79f7064cec90609c4b1d464",
	"transactionIndex": 82
}
[2018-04-18T12:54:34.017] [DEBUG] trans - TO:   0xcdad4f2c30fea25e3f6b691050f0924544dc6806
[2018-04-18T12:54:34.017] [DEBUG] trans - AMOUNT:   149200000000000000000
[2018-04-18T12:54:34.017] [DEBUG] trans - Receipt info:  {
	"blockHash": "0xf2d6996b4f353e102d947a415f30caa068ac1260106d33fe276f9ed2dd98902c",
	"blockNumber": 5462446,
	"contractAddress": null,
	"cumulativeGasUsed": 5636307,
	"gasUsed": 51589,
	"logs": [
		{
			"address": "0x7e9e431a0B8c4D532C745B1043c7FA29a48D4fBa",
			"blockHash": "0xf2d6996b4f353e102d947a415f30caa068ac1260106d33fe276f9ed2dd98902c",
			"blockNumber": 5462446,
			"data": "0x0000000000000000000000000000000000000000000000081690e18128480000",
			"logIndex": 91,
			"topics": [
				"0xddf252ad1be2c89b69c2b068fc378daa952ba7f163c4a11628f55a4df523b3ef",
				"0x000000000000000000000000468b858c964f297fd8fce058032bf4b4911a8ad8",
				"0x000000000000000000000000cdad4f2c30fea25e3f6b691050f0924544dc6806"
			],
			"transactionHash": "0xbb135d05599670a13b42e05b94a754822da6b82d7c800dddc632fbbc312d30e6",
			"transactionIndex": 85,
			"transactionLogIndex": "0x0",
			"type": "mined",
			"id": "log_0ceda75a"
		}
	],
	"logsBloom": "0x00000000000000000000000000020000000000000000000000000000000000000000000000000000000000000000000100000000000000000000000000000000000000000000010000000008000000000000000000000000000000000020000000000000000000000000000000000000400000000000000000000010000000000000000000000000000000000000000000000000000000000000000000000000000000000000000080000000000000000000000000000000000000010000000000001002000000000000000000000000100000000000000000000000000000000000000000000000000000000000000000000000000000000000000000000000",
	"root": null,
	"status": "0x1",
	"transactionHash": "0xbb135d05599670a13b42e05b94a754822da6b82d7c800dddc632fbbc312d30e6",
	"transactionIndex": 85
}
[2018-04-18T12:54:34.018] [DEBUG] trans - TO:   0xc6c25e7873fbaec421ca24fbb3714ff4148b4ef6
[2018-04-18T12:54:34.018] [DEBUG] trans - AMOUNT:   149200000000000000000
[2018-04-18T12:54:34.018] [DEBUG] trans - Receipt info:  {
	"blockHash": "0xf2d6996b4f353e102d947a415f30caa068ac1260106d33fe276f9ed2dd98902c",
	"blockNumber": 5462446,
	"contractAddress": null,
	"cumulativeGasUsed": 5584718,
	"gasUsed": 51589,
	"logs": [
		{
			"address": "0x7e9e431a0B8c4D532C745B1043c7FA29a48D4fBa",
			"blockHash": "0xf2d6996b4f353e102d947a415f30caa068ac1260106d33fe276f9ed2dd98902c",
			"blockNumber": 5462446,
			"data": "0x0000000000000000000000000000000000000000000000081690e18128480000",
			"logIndex": 90,
			"topics": [
				"0xddf252ad1be2c89b69c2b068fc378daa952ba7f163c4a11628f55a4df523b3ef",
				"0x000000000000000000000000468b858c964f297fd8fce058032bf4b4911a8ad8",
				"0x000000000000000000000000c6c25e7873fbaec421ca24fbb3714ff4148b4ef6"
			],
			"transactionHash": "0x9d0bbabefec803d2a681fd55520f551a76855c6783cc91490c1f5f38c3384d40",
			"transactionIndex": 84,
			"transactionLogIndex": "0x0",
			"type": "mined",
			"id": "log_c9cda9e7"
		}
	],
	"logsBloom": "0x00000000000000000000000000020000000000000000100000000000000000000000000000000000000000000000000000000000000000000000000000000000000000000000010000000008000000000000000000000000000000000020000000000000000000000000000000000000000000000000000000000010000000000000000000000000000000000000000000000000000000000000000000000000000000000000000080000000000000000000000000000000000000010000000000001002000000000000000000000000000000000000000000000000000000000000000000000000000200000000000400000000000000000000000000000000",
	"root": null,
	"status": "0x1",
	"transactionHash": "0x9d0bbabefec803d2a681fd55520f551a76855c6783cc91490c1f5f38c3384d40",
	"transactionIndex": 84
}
[2018-04-18T12:54:34.018] [DEBUG] trans - TO:   0x917f22c0aed8c3b860802f098b5e9233532bcc0f
[2018-04-18T12:54:34.018] [DEBUG] trans - AMOUNT:   149200000000000000000
[2018-04-18T12:54:34.018] [DEBUG] trans - Receipt info:  {
	"blockHash": "0xf2d6996b4f353e102d947a415f30caa068ac1260106d33fe276f9ed2dd98902c",
	"blockNumber": 5462446,
	"contractAddress": null,
	"cumulativeGasUsed": 5150867,
	"gasUsed": 51589,
	"logs": [
		{
			"address": "0x7e9e431a0B8c4D532C745B1043c7FA29a48D4fBa",
			"blockHash": "0xf2d6996b4f353e102d947a415f30caa068ac1260106d33fe276f9ed2dd98902c",
			"blockNumber": 5462446,
			"data": "0x0000000000000000000000000000000000000000000000081690e18128480000",
			"logIndex": 82,
			"topics": [
				"0xddf252ad1be2c89b69c2b068fc378daa952ba7f163c4a11628f55a4df523b3ef",
				"0x000000000000000000000000468b858c964f297fd8fce058032bf4b4911a8ad8",
				"0x000000000000000000000000917f22c0aed8c3b860802f098b5e9233532bcc0f"
			],
			"transactionHash": "0x6da7d2420461e389eb48fe41355ee5d566b2620634e111ec23c8fb41a848fda2",
			"transactionIndex": 77,
			"transactionLogIndex": "0x0",
			"type": "mined",
			"id": "log_61d331b5"
		}
	],
	"logsBloom": "0x00000000000000000000000000020000000000000000000000000000000000000000000000000000000000000000000000000000000000000000000000000000000000000001010000000008000000000000000000000000000000000020000000000000000000000000000000000000000000000000000000000010000000000000000000000000000000000000000000000000000000000000000000000000000000000000000180000000000000000000000000000000000000010000000000001002000000000000000000000000000000000000000000000000000000001000000000000000000000000000000000000000000000000000000000000000",
	"root": null,
	"status": "0x1",
	"transactionHash": "0x6da7d2420461e389eb48fe41355ee5d566b2620634e111ec23c8fb41a848fda2",
	"transactionIndex": 77
}
[2018-04-18T12:54:34.018] [DEBUG] trans - TO:   0x9611a3b29b6629dc6f0a4d6533b79e983279a59f
[2018-04-18T12:54:34.018] [DEBUG] trans - AMOUNT:   149200000000000000000
[2018-04-18T12:54:34.018] [DEBUG] trans - Receipt info:  {
	"blockHash": "0xf2d6996b4f353e102d947a415f30caa068ac1260106d33fe276f9ed2dd98902c",
	"blockNumber": 5462446,
	"contractAddress": null,
	"cumulativeGasUsed": 5429951,
	"gasUsed": 51589,
	"logs": [
		{
			"address": "0x7e9e431a0B8c4D532C745B1043c7FA29a48D4fBa",
			"blockHash": "0xf2d6996b4f353e102d947a415f30caa068ac1260106d33fe276f9ed2dd98902c",
			"blockNumber": 5462446,
			"data": "0x0000000000000000000000000000000000000000000000081690e18128480000",
			"logIndex": 87,
			"topics": [
				"0xddf252ad1be2c89b69c2b068fc378daa952ba7f163c4a11628f55a4df523b3ef",
				"0x000000000000000000000000468b858c964f297fd8fce058032bf4b4911a8ad8",
				"0x0000000000000000000000009611a3b29b6629dc6f0a4d6533b79e983279a59f"
			],
			"transactionHash": "0x7f334f41ee71aedc10478487551012885251cc89b86f896a17af137c1757d1ed",
			"transactionIndex": 81,
			"transactionLogIndex": "0x0",
			"type": "mined",
			"id": "log_fcb44eab"
		}
	],
	"logsBloom": "0x00000000000020000000000000020000000000000000000000000000000000000000000000000000000000000000000000000000000000000000000000000000000000000000010000000008000000000000000000000000000000000020000000000000000000000000000000000000000000000000000000000010000000000000020000000000000000000000000000000000000000000000000000000000000000000000000080000000000000000000000000000000000000010000000000001002200000000000000000000000000000000000000000000000000000000000000000000000000000000000000000000000000000000000000000000000",
	"root": null,
	"status": "0x1",
	"transactionHash": "0x7f334f41ee71aedc10478487551012885251cc89b86f896a17af137c1757d1ed",
	"transactionIndex": 81
}
[2018-04-18T12:54:34.020] [DEBUG] trans - TO:   0x5c989114f483b864ba840319049a18489945ef17
[2018-04-18T12:54:34.020] [DEBUG] trans - AMOUNT:   149200000000000000000
[2018-04-18T12:54:34.020] [DEBUG] trans - Receipt info:  {
	"blockHash": "0xf2d6996b4f353e102d947a415f30caa068ac1260106d33fe276f9ed2dd98902c",
	"blockNumber": 5462446,
	"contractAddress": null,
	"cumulativeGasUsed": 4067648,
	"gasUsed": 51589,
	"logs": [
		{
			"address": "0x7e9e431a0B8c4D532C745B1043c7FA29a48D4fBa",
			"blockHash": "0xf2d6996b4f353e102d947a415f30caa068ac1260106d33fe276f9ed2dd98902c",
			"blockNumber": 5462446,
			"data": "0x0000000000000000000000000000000000000000000000081690e18128480000",
			"logIndex": 70,
			"topics": [
				"0xddf252ad1be2c89b69c2b068fc378daa952ba7f163c4a11628f55a4df523b3ef",
				"0x000000000000000000000000468b858c964f297fd8fce058032bf4b4911a8ad8",
				"0x0000000000000000000000005c989114f483b864ba840319049a18489945ef17"
			],
			"transactionHash": "0xe858995b3dc2dae6fce8b06d4328cabbea50363c9e72f13ff1b950cb685dd661",
			"transactionIndex": 68,
			"transactionLogIndex": "0x0",
			"type": "mined",
			"id": "log_f03dba46"
		}
	],
	"logsBloom": "0x00000000000000000000000000020000000000000000000000000000000000000000000000000000000000000000000000000000000000000000000000000000000000000000010001000008000000000000000000000000000000000020000000000000000000000000000000000000000000000000000000000010000000000000000000000000000000000000000000000000000000000000020000000000000000000000000080000000000000000000000000000000000000010000000000001002000000000000000000000000000000000000000000000000000000000000000000000000000000000000000000000000000000000000000020000000",
	"root": null,
	"status": "0x1",
	"transactionHash": "0xe858995b3dc2dae6fce8b06d4328cabbea50363c9e72f13ff1b950cb685dd661",
	"transactionIndex": 68
}
[2018-04-18T12:54:34.020] [DEBUG] trans - TO:   0xb5670c4353745f73d3577a710bd83230bf0c0365
[2018-04-18T12:54:34.020] [DEBUG] trans - AMOUNT:   149200000000000000000
[2018-04-18T12:54:34.020] [DEBUG] trans - Receipt info:  {
	"blockHash": "0xf2d6996b4f353e102d947a415f30caa068ac1260106d33fe276f9ed2dd98902c",
	"blockNumber": 5462446,
	"contractAddress": null,
	"cumulativeGasUsed": 5533129,
	"gasUsed": 51589,
	"logs": [
		{
			"address": "0x7e9e431a0B8c4D532C745B1043c7FA29a48D4fBa",
			"blockHash": "0xf2d6996b4f353e102d947a415f30caa068ac1260106d33fe276f9ed2dd98902c",
			"blockNumber": 5462446,
			"data": "0x0000000000000000000000000000000000000000000000081690e18128480000",
			"logIndex": 89,
			"topics": [
				"0xddf252ad1be2c89b69c2b068fc378daa952ba7f163c4a11628f55a4df523b3ef",
				"0x000000000000000000000000468b858c964f297fd8fce058032bf4b4911a8ad8",
				"0x000000000000000000000000b5670c4353745f73d3577a710bd83230bf0c0365"
			],
			"transactionHash": "0xa31aa9c85f1de50fd9b112b9a28658ec6362f7a89f28256a56798ee37f283cfb",
			"transactionIndex": 83,
			"transactionLogIndex": "0x0",
			"type": "mined",
			"id": "log_bf073274"
		}
	],
	"logsBloom": "0x00400000000000000000000000020000000000000000000000000000000000000000000000000000000000000000000000000000000000000000000000000000000000000000010000000008000000000000000000000000000000000020000000000000000000000000000000000000000000000000000000000010000000000000000000000000000000000000000000000000000000000040000000000000000000000000000080000000000000000000200000000000000000010000000000001002000000000000000000000000000000000000000000000000000000000000000000000000000000000000000000000000000000000000000000000000",
	"root": null,
	"status": "0x1",
	"transactionHash": "0xa31aa9c85f1de50fd9b112b9a28658ec6362f7a89f28256a56798ee37f283cfb",
	"transactionIndex": 83
}
[2018-04-18T12:54:34.021] [DEBUG] trans - TO:   0xf204a661a037b20104f32d2e8dc55e8fb0f0ea1a
[2018-04-18T12:54:34.021] [DEBUG] trans - AMOUNT:   149185600000000000000
[2018-04-18T12:54:34.021] [DEBUG] trans - Receipt info:  {
	"blockHash": "0xf2d6996b4f353e102d947a415f30caa068ac1260106d33fe276f9ed2dd98902c",
	"blockNumber": 5462446,
	"contractAddress": null,
	"cumulativeGasUsed": 5842599,
	"gasUsed": 51589,
	"logs": [
		{
			"address": "0x7e9e431a0B8c4D532C745B1043c7FA29a48D4fBa",
			"blockHash": "0xf2d6996b4f353e102d947a415f30caa068ac1260106d33fe276f9ed2dd98902c",
			"blockNumber": 5462446,
			"data": "0x000000000000000000000000000000000000000000000008165db8c7e3840000",
			"logIndex": 95,
			"topics": [
				"0xddf252ad1be2c89b69c2b068fc378daa952ba7f163c4a11628f55a4df523b3ef",
				"0x000000000000000000000000468b858c964f297fd8fce058032bf4b4911a8ad8",
				"0x000000000000000000000000f204a661a037b20104f32d2e8dc55e8fb0f0ea1a"
			],
			"transactionHash": "0x9b5762e4cb18e288e1218b9d34e930e6ab84983c397492daa4e92ab28e91460f",
			"transactionIndex": 89,
			"transactionLogIndex": "0x0",
			"type": "mined",
			"id": "log_c5115c9e"
		}
	],
	"logsBloom": "0x00000000000000000000040000020000000000000000000000000000000020000000000000000000000000004000000000000000000000000000000000000000000000000000010000000008000000000000000000000000000000000020000000000000000000000000000000000000000000000000000000000010000000000000000000000000000000000000000000000000000000000000000000000000000000000000000080000000000000000000000000000000000000010000000000001002000000000000000000000000000000000000000000000000000000000000000000000000000000000000000000000000000000000000000000000000",
	"root": null,
	"status": "0x1",
	"transactionHash": "0x9b5762e4cb18e288e1218b9d34e930e6ab84983c397492daa4e92ab28e91460f",
	"transactionIndex": 89
}
[2018-04-18T12:54:34.022] [DEBUG] trans - TO:   0x376bef0c1c80384ff69a569a04539e3ac3ec4997
[2018-04-18T12:54:34.022] [DEBUG] trans - AMOUNT:   149175700000000000000
[2018-04-18T12:54:34.022] [DEBUG] trans - Receipt info:  {
	"blockHash": "0xf2d6996b4f353e102d947a415f30caa068ac1260106d33fe276f9ed2dd98902c",
	"blockNumber": 5462446,
	"contractAddress": null,
	"cumulativeGasUsed": 5997558,
	"gasUsed": 51653,
	"logs": [
		{
			"address": "0x7e9e431a0B8c4D532C745B1043c7FA29a48D4fBa",
			"blockHash": "0xf2d6996b4f353e102d947a415f30caa068ac1260106d33fe276f9ed2dd98902c",
			"blockNumber": 5462446,
			"data": "0x000000000000000000000000000000000000000000000008163a8cc8843d4000",
			"logIndex": 98,
			"topics": [
				"0xddf252ad1be2c89b69c2b068fc378daa952ba7f163c4a11628f55a4df523b3ef",
				"0x000000000000000000000000468b858c964f297fd8fce058032bf4b4911a8ad8",
				"0x000000000000000000000000376bef0c1c80384ff69a569a04539e3ac3ec4997"
			],
			"transactionHash": "0x8ad65e9e3c3b023918c39c968e9d5e4837128d7cdfe9362b561f73a6edf59aea",
			"transactionIndex": 92,
			"transactionLogIndex": "0x0",
			"type": "mined",
			"id": "log_8c2b2686"
		}
	],
	"logsBloom": "0x00000000000000000000000000020000000000000000000000000000000000000000000000000000000000010000000000000000000000000000000000000000000000000000010000000008000000000000000000000000000000008020000000000000000000000000000000000000000000000000000000000010000000000000000000000000000000000000000000000000000000000000000000000000000000000000000080000800000000000000000000000000000000010000000000001002000000000000000000000000000000000000000000000000000000000000000000000000000000000000000000000000000000000000000000000000",
	"root": null,
	"status": "0x1",
	"transactionHash": "0x8ad65e9e3c3b023918c39c968e9d5e4837128d7cdfe9362b561f73a6edf59aea",
	"transactionIndex": 92
}
[2018-04-18T12:54:34.023] [DEBUG] trans - TO:   0xd03cc72f6887ed52b9256a453bcfbb2d5c458803
[2018-04-18T12:54:34.023] [DEBUG] trans - AMOUNT:   149162700000000000000
[2018-04-18T12:54:34.023] [DEBUG] trans - Receipt info:  {
	"blockHash": "0xf2d6996b4f353e102d947a415f30caa068ac1260106d33fe276f9ed2dd98902c",
	"blockNumber": 5462446,
	"contractAddress": null,
	"cumulativeGasUsed": 6049211,
	"gasUsed": 51653,
	"logs": [
		{
			"address": "0x7e9e431a0B8c4D532C745B1043c7FA29a48D4fBa",
			"blockHash": "0xf2d6996b4f353e102d947a415f30caa068ac1260106d33fe276f9ed2dd98902c",
			"blockNumber": 5462446,
			"data": "0x000000000000000000000000000000000000000000000008160c5d5a2628c000",
			"logIndex": 99,
			"topics": [
				"0xddf252ad1be2c89b69c2b068fc378daa952ba7f163c4a11628f55a4df523b3ef",
				"0x000000000000000000000000468b858c964f297fd8fce058032bf4b4911a8ad8",
				"0x000000000000000000000000d03cc72f6887ed52b9256a453bcfbb2d5c458803"
			],
			"transactionHash": "0x302d12d0616a96210d426457911c5a79977c160d7750c5b9bf246e84000961f8",
			"transactionIndex": 93,
			"transactionLogIndex": "0x0",
			"type": "mined",
			"id": "log_67b17190"
		}
	],
	"logsBloom": "0x00000000000000000000000000020000000000000000000000000000000000000000000000000000000100000000000000000000000000000000000000000000000000000000010000000008000000000000000000000000000000000020000000000000000000000000000000000000000000000000000000000010000000000000000000000000000000000000000000000000000000000000000000000000000000000000000080000000000000000000000000000000000000010000000000001002000000000000000000000000000000000000000000000000000000000000000400000000000000000000000000000000000000000400000000000000",
	"root": null,
	"status": "0x1",
	"transactionHash": "0x302d12d0616a96210d426457911c5a79977c160d7750c5b9bf246e84000961f8",
	"transactionIndex": 93
}
[2018-04-18T12:54:34.023] [DEBUG] trans - TO:   0xdc220f347627c66854e0cb93779658fbd34a6935
[2018-04-18T12:54:34.023] [DEBUG] trans - AMOUNT:   149189200000000000000
[2018-04-18T12:54:34.023] [DEBUG] trans - Receipt info:  {
	"blockHash": "0xf2d6996b4f353e102d947a415f30caa068ac1260106d33fe276f9ed2dd98902c",
	"blockNumber": 5462446,
	"contractAddress": null,
	"cumulativeGasUsed": 5791010,
	"gasUsed": 51589,
	"logs": [
		{
			"address": "0x7e9e431a0B8c4D532C745B1043c7FA29a48D4fBa",
			"blockHash": "0xf2d6996b4f353e102d947a415f30caa068ac1260106d33fe276f9ed2dd98902c",
			"blockNumber": 5462446,
			"data": "0x000000000000000000000000000000000000000000000008166a82f634b50000",
			"logIndex": 94,
			"topics": [
				"0xddf252ad1be2c89b69c2b068fc378daa952ba7f163c4a11628f55a4df523b3ef",
				"0x000000000000000000000000468b858c964f297fd8fce058032bf4b4911a8ad8",
				"0x000000000000000000000000dc220f347627c66854e0cb93779658fbd34a6935"
			],
			"transactionHash": "0x946713d4ed941e87300998362a00195c7514443134481ac5d3138acb1cf6e261",
			"transactionIndex": 88,
			"transactionLogIndex": "0x0",
			"type": "mined",
			"id": "log_151590b0"
		}
	],
	"logsBloom": "0x00000000000000000000000000020000000000000000000000000000000010000000000000000000000000000000000000000000000000000000000000000000000000000000010000000008000000000000000000000000000000000020000000000000000000000000000000000000400000000000000000000010000000000000000000000000000000000000000000000000000000000000000000000000000000000000000080000000000000000000000000000000000000010000000008001002000000000000000000000000000000000000000000000000000000000000000000000000000000000000000000000000000000000000000000000000",
	"root": null,
	"status": "0x1",
	"transactionHash": "0x946713d4ed941e87300998362a00195c7514443134481ac5d3138acb1cf6e261",
	"transactionIndex": 88
}
[2018-04-18T12:54:34.024] [DEBUG] trans - TO:   0xfd4d5aae37d371686e794559880088379203923d
[2018-04-18T12:54:34.024] [DEBUG] trans - AMOUNT:   149200000000000000000
[2018-04-18T12:54:34.024] [DEBUG] trans - Receipt info:  {
	"blockHash": "0xf2d6996b4f353e102d947a415f30caa068ac1260106d33fe276f9ed2dd98902c",
	"blockNumber": 5462446,
	"contractAddress": null,
	"cumulativeGasUsed": 5739421,
	"gasUsed": 51525,
	"logs": [
		{
			"address": "0x7e9e431a0B8c4D532C745B1043c7FA29a48D4fBa",
			"blockHash": "0xf2d6996b4f353e102d947a415f30caa068ac1260106d33fe276f9ed2dd98902c",
			"blockNumber": 5462446,
			"data": "0x0000000000000000000000000000000000000000000000081690e18128480000",
			"logIndex": 93,
			"topics": [
				"0xddf252ad1be2c89b69c2b068fc378daa952ba7f163c4a11628f55a4df523b3ef",
				"0x000000000000000000000000468b858c964f297fd8fce058032bf4b4911a8ad8",
				"0x000000000000000000000000fd4d5aae37d371686e794559880088379203923d"
			],
			"transactionHash": "0xe0cb704603f3c451365b62e265f2f9f956f757a7b8b1dd409556761de9ac509c",
			"transactionIndex": 87,
			"transactionLogIndex": "0x0",
			"type": "mined",
			"id": "log_cb8b54cd"
		}
	],
	"logsBloom": "0x00000000000000000000000000020000000000000000000000000000000000000000000000000000000000000000000000000000000000000000000000000000000000000000010000000008000000000000000000000000000000000020000000000800000000000000000000000000000000000000000000000010000000000000000000000000000000000000000000000000000000000000000000000000000000000000000080000000000000000000000000000008000000010000000000001002000000000000000000000000000000000000000000000000000000000000000000000000000000000000000008000000000000000000000000000000",
	"root": null,
	"status": "0x1",
	"transactionHash": "0xe0cb704603f3c451365b62e265f2f9f956f757a7b8b1dd409556761de9ac509c",
	"transactionIndex": 87
}
[2018-04-18T12:54:34.024] [DEBUG] trans - TO:   0x523dfaba4ddbfee38b50a1ecd881cc3a61370179
[2018-04-18T12:54:34.024] [DEBUG] trans - AMOUNT:   149150200000000000000
[2018-04-18T12:54:34.024] [DEBUG] trans - Receipt info:  {
	"blockHash": "0xf2d6996b4f353e102d947a415f30caa068ac1260106d33fe276f9ed2dd98902c",
	"blockNumber": 5462446,
	"contractAddress": null,
	"cumulativeGasUsed": 6204106,
	"gasUsed": 51653,
	"logs": [
		{
			"address": "0x7e9e431a0B8c4D532C745B1043c7FA29a48D4fBa",
			"blockHash": "0xf2d6996b4f353e102d947a415f30caa068ac1260106d33fe276f9ed2dd98902c",
			"blockNumber": 5462446,
			"data": "0x00000000000000000000000000000000000000000000000815dff4ab1a778000",
			"logIndex": 102,
			"topics": [
				"0xddf252ad1be2c89b69c2b068fc378daa952ba7f163c4a11628f55a4df523b3ef",
				"0x000000000000000000000000468b858c964f297fd8fce058032bf4b4911a8ad8",
				"0x000000000000000000000000523dfaba4ddbfee38b50a1ecd881cc3a61370179"
			],
			"transactionHash": "0xfdadb1e76a2b4aeadd1f0f212cd1aee078790e8cd0794761030a2d157dd6f807",
			"transactionIndex": 96,
			"transactionLogIndex": "0x0",
			"type": "mined",
			"id": "log_8c0d6ef5"
		}
	],
	"logsBloom": "0x00000000000000000000000000020000000000000000000000000000000000000000000000000000000000000000000000000000000000000000000000000000000020000000010000000008000000000000000000000000000000000020000000000000000000000000000000000000000000000000000000000010000000000000000000000000000000000000000000000000000000000000000000000000000000000000000080000000000000000000000000000000000000010000000000001002004000000000000000000000000000000000000000000000000000000000000000000000000000000000000001000000000000000000000000000000",
	"root": null,
	"status": "0x1",
	"transactionHash": "0xfdadb1e76a2b4aeadd1f0f212cd1aee078790e8cd0794761030a2d157dd6f807",
	"transactionIndex": 96
}
[2018-04-18T12:54:34.026] [DEBUG] trans - TO:   0xe2237fe384b9e8e4dbf26e0a1a0c5b0bd2a8fcfb
[2018-04-18T12:54:34.026] [DEBUG] trans - AMOUNT:   149185100000000000000
[2018-04-18T12:54:34.026] [DEBUG] trans - Receipt info:  {
	"blockHash": "0xf2d6996b4f353e102d947a415f30caa068ac1260106d33fe276f9ed2dd98902c",
	"blockNumber": 5462446,
	"contractAddress": null,
	"cumulativeGasUsed": 5894252,
	"gasUsed": 51653,
	"logs": [
		{
			"address": "0x7e9e431a0B8c4D532C745B1043c7FA29a48D4fBa",
			"blockHash": "0xf2d6996b4f353e102d947a415f30caa068ac1260106d33fe276f9ed2dd98902c",
			"blockNumber": 5462446,
			"data": "0x000000000000000000000000000000000000000000000008165bf2089120c000",
			"logIndex": 96,
			"topics": [
				"0xddf252ad1be2c89b69c2b068fc378daa952ba7f163c4a11628f55a4df523b3ef",
				"0x000000000000000000000000468b858c964f297fd8fce058032bf4b4911a8ad8",
				"0x000000000000000000000000e2237fe384b9e8e4dbf26e0a1a0c5b0bd2a8fcfb"
			],
			"transactionHash": "0xef49a021b23234475eba9421c9901042dd00e6beaa941f63cb336269a01d5175",
			"transactionIndex": 90,
			"transactionLogIndex": "0x0",
			"type": "mined",
			"id": "log_71c5537c"
		}
	],
	"logsBloom": "0x00000000000000000000000000020000000000000000000000000000000000000000000000000000000000000000000000000000000000000000000000000000000000000000010000000008000000000000000000400000000000000020000000000000000000000000000000000000000000000000000000000010000000000000000000000000000000000000000000000000000000000000000000000000000000000000010080000000000000000080000000000000000000010000000000001002000000000000000000000000000000000000000000000000000000000000000000000000000000000000000000000000000000000000000000000000",
	"root": null,
	"status": "0x1",
	"transactionHash": "0xef49a021b23234475eba9421c9901042dd00e6beaa941f63cb336269a01d5175",
	"transactionIndex": 90
}
[2018-04-18T12:54:34.026] [DEBUG] trans - TO:   0x000baf0cca74c78e57830e4d7811be29e8022ab5
[2018-04-18T12:54:34.027] [DEBUG] trans - AMOUNT:   149150000000000000000
[2018-04-18T12:54:34.027] [DEBUG] trans - Receipt info:  {
	"blockHash": "0xf2d6996b4f353e102d947a415f30caa068ac1260106d33fe276f9ed2dd98902c",
	"blockNumber": 5462446,
	"contractAddress": null,
	"cumulativeGasUsed": 6255631,
	"gasUsed": 51525,
	"logs": [
		{
			"address": "0x7e9e431a0B8c4D532C745B1043c7FA29a48D4fBa",
			"blockHash": "0xf2d6996b4f353e102d947a415f30caa068ac1260106d33fe276f9ed2dd98902c",
			"blockNumber": 5462446,
			"data": "0x00000000000000000000000000000000000000000000000815df3ec4f9830000",
			"logIndex": 103,
			"topics": [
				"0xddf252ad1be2c89b69c2b068fc378daa952ba7f163c4a11628f55a4df523b3ef",
				"0x000000000000000000000000468b858c964f297fd8fce058032bf4b4911a8ad8",
				"0x000000000000000000000000000baf0cca74c78e57830e4d7811be29e8022ab5"
			],
			"transactionHash": "0xd9a48bc1bb7d1af2685d17834d59fb207d8e7f71a999ee904f034003bb1c5c43",
			"transactionIndex": 97,
			"transactionLogIndex": "0x0",
			"type": "mined",
			"id": "log_ae8e079f"
		}
	],
	"logsBloom": "0x00000000000000000000000000020000000000000000000000000000000000000000000000000000000000000000000000000000000000000000000000000000000000000000010000000008000000000000000000000000000000000020000000000000000000000000000000000000000000000020000000000010000000000000000000000000000000000000000000000000000000000000000000000000000000000000000080000000008000000000000000000000000000010000000000001002000000000000000000000000000000000000000000000000000200000000000000000000000000000000000000000000000000000000000000000000",
	"root": null,
	"status": "0x1",
	"transactionHash": "0xd9a48bc1bb7d1af2685d17834d59fb207d8e7f71a999ee904f034003bb1c5c43",
	"transactionIndex": 97
}
[2018-04-18T12:54:34.027] [DEBUG] trans - TO:   0x24f20c8a4c327dd204c0210d88e873ecbb6409ff
[2018-04-18T12:54:34.027] [DEBUG] trans - AMOUNT:   149150000000000000000
[2018-04-18T12:54:34.027] [DEBUG] trans - Receipt info:  {
	"blockHash": "0xf2d6996b4f353e102d947a415f30caa068ac1260106d33fe276f9ed2dd98902c",
	"blockNumber": 5462446,
	"contractAddress": null,
	"cumulativeGasUsed": 6358809,
	"gasUsed": 51589,
	"logs": [
		{
			"address": "0x7e9e431a0B8c4D532C745B1043c7FA29a48D4fBa",
			"blockHash": "0xf2d6996b4f353e102d947a415f30caa068ac1260106d33fe276f9ed2dd98902c",
			"blockNumber": 5462446,
			"data": "0x00000000000000000000000000000000000000000000000815df3ec4f9830000",
			"logIndex": 105,
			"topics": [
				"0xddf252ad1be2c89b69c2b068fc378daa952ba7f163c4a11628f55a4df523b3ef",
				"0x000000000000000000000000468b858c964f297fd8fce058032bf4b4911a8ad8",
				"0x00000000000000000000000024f20c8a4c327dd204c0210d88e873ecbb6409ff"
			],
			"transactionHash": "0x9dc7d648e334efc05a3f5b33e2310a621d73d72813f16292084d2bf0fc573ece",
			"transactionIndex": 99,
			"transactionLogIndex": "0x0",
			"type": "mined",
			"id": "log_5cfee34a"
		}
	],
	"logsBloom": "0x00000000000000000000000000020000000000000000000002000000000000000000000000000000000000000000000000000000000000000000000000000000000000000000010000000008000000000000000000000000000000000020000008000000000000000000000000000000000000000000000000000010000000000000000000000000000000000000000000000000000000000000000000000000000000000000000080000000000000000000000000040000000000010000000000001002000000000000000000000000000000000000000000000000000000000000000000000000000000000000000000000000000000000000000000000000",
	"root": null,
	"status": "0x1",
	"transactionHash": "0x9dc7d648e334efc05a3f5b33e2310a621d73d72813f16292084d2bf0fc573ece",
	"transactionIndex": 99
}
[2018-04-18T12:54:34.028] [DEBUG] trans - TO:   0x065527da1aace6d943b7b02924f4e407daff3661
[2018-04-18T12:54:34.028] [DEBUG] trans - AMOUNT:   149150000000000000000
[2018-04-18T12:54:34.028] [DEBUG] trans - Receipt info:  {
	"blockHash": "0xf2d6996b4f353e102d947a415f30caa068ac1260106d33fe276f9ed2dd98902c",
	"blockNumber": 5462446,
	"contractAddress": null,
	"cumulativeGasUsed": 6307220,
	"gasUsed": 51589,
	"logs": [
		{
			"address": "0x7e9e431a0B8c4D532C745B1043c7FA29a48D4fBa",
			"blockHash": "0xf2d6996b4f353e102d947a415f30caa068ac1260106d33fe276f9ed2dd98902c",
			"blockNumber": 5462446,
			"data": "0x00000000000000000000000000000000000000000000000815df3ec4f9830000",
			"logIndex": 104,
			"topics": [
				"0xddf252ad1be2c89b69c2b068fc378daa952ba7f163c4a11628f55a4df523b3ef",
				"0x000000000000000000000000468b858c964f297fd8fce058032bf4b4911a8ad8",
				"0x000000000000000000000000065527da1aace6d943b7b02924f4e407daff3661"
			],
			"transactionHash": "0x9dc34458af096ce685dc4535563654411087f55da0586388f8fb007818d3daa4",
			"transactionIndex": 98,
			"transactionLogIndex": "0x0",
			"type": "mined",
			"id": "log_81f6a3c3"
		}
	],
	"logsBloom": "0x00000000000000000000000000020000000000000000000000000000000000000000000000000000000000000000000000000000000000000000000000000000000000000000010000000008000000000000000000000000000000000020000000000000000000000000000000000000000000000000000000000010080000000000000000000000000000000000000000000000000000000000000000000000000000000000000080000000000000000000000000000000000000010000000000001002000000000000020000000000000008000000000000000000000000000000000000000000000000000000000000000000000000000000000000000000",
	"root": null,
	"status": "0x1",
	"transactionHash": "0x9dc34458af096ce685dc4535563654411087f55da0586388f8fb007818d3daa4",
	"transactionIndex": 98
}
[2018-04-18T12:54:34.029] [DEBUG] trans - TO:   0x3655361f0c410298da23cffafda15db3ed9778c1
[2018-04-18T12:54:34.029] [DEBUG] trans - AMOUNT:   149150000000000000000
[2018-04-18T12:54:34.029] [DEBUG] trans - Receipt info:  {
	"blockHash": "0xf2d6996b4f353e102d947a415f30caa068ac1260106d33fe276f9ed2dd98902c",
	"blockNumber": 5462446,
	"contractAddress": null,
	"cumulativeGasUsed": 6461987,
	"gasUsed": 51589,
	"logs": [
		{
			"address": "0x7e9e431a0B8c4D532C745B1043c7FA29a48D4fBa",
			"blockHash": "0xf2d6996b4f353e102d947a415f30caa068ac1260106d33fe276f9ed2dd98902c",
			"blockNumber": 5462446,
			"data": "0x00000000000000000000000000000000000000000000000815df3ec4f9830000",
			"logIndex": 107,
			"topics": [
				"0xddf252ad1be2c89b69c2b068fc378daa952ba7f163c4a11628f55a4df523b3ef",
				"0x000000000000000000000000468b858c964f297fd8fce058032bf4b4911a8ad8",
				"0x0000000000000000000000003655361f0c410298da23cffafda15db3ed9778c1"
			],
			"transactionHash": "0x067e610fb0c0c14e81a4748599b45f4b43c79f4090b9b9df04ad992eb0f92781",
			"transactionIndex": 101,
			"transactionLogIndex": "0x0",
			"type": "mined",
			"id": "log_0b9fd0e7"
		}
	],
	"logsBloom": "0x00000000000000000000000000020000000000000000000000000000000000000000000000000000000000000000000000000000000000040000000000000000000000000000010000020008000000000000000000000000000000000020000000000000000000800000000000000000000000000000000000000010000000000000000000000000000000000000000000000000000000000000000000000000000000000000000080000000000000000000000000000000000000010000000000001002000000000000000000000000000000000000000000000000000000000000000000000000000000000000000000000000000000000000000000000000",
	"root": null,
	"status": "0x1",
	"transactionHash": "0x067e610fb0c0c14e81a4748599b45f4b43c79f4090b9b9df04ad992eb0f92781",
	"transactionIndex": 101
}
[2018-04-18T12:54:34.030] [DEBUG] trans - TO:   0x86d664dfbbfce703beca595b057606c51204647a
[2018-04-18T12:54:34.030] [DEBUG] trans - AMOUNT:   149155000000000000000
[2018-04-18T12:54:34.030] [DEBUG] trans - Receipt info:  {
	"blockHash": "0xf2d6996b4f353e102d947a415f30caa068ac1260106d33fe276f9ed2dd98902c",
	"blockNumber": 5462446,
	"contractAddress": null,
	"cumulativeGasUsed": 6100864,
	"gasUsed": 51653,
	"logs": [
		{
			"address": "0x7e9e431a0B8c4D532C745B1043c7FA29a48D4fBa",
			"blockHash": "0xf2d6996b4f353e102d947a415f30caa068ac1260106d33fe276f9ed2dd98902c",
			"blockNumber": 5462446,
			"data": "0x00000000000000000000000000000000000000000000000815f1023e31638000",
			"logIndex": 100,
			"topics": [
				"0xddf252ad1be2c89b69c2b068fc378daa952ba7f163c4a11628f55a4df523b3ef",
				"0x000000000000000000000000468b858c964f297fd8fce058032bf4b4911a8ad8",
				"0x00000000000000000000000086d664dfbbfce703beca595b057606c51204647a"
			],
			"transactionHash": "0x1b32ccdb7154340c33574f2f1f11f7703b969d56c474a2bb630a8714df5ed800",
			"transactionIndex": 94,
			"transactionLogIndex": "0x0",
			"type": "mined",
			"id": "log_0c5c37f1"
		}
	],
	"logsBloom": "0x00000000000000000000000000020000000000000000000000000000000000000000000000000000000008000000000000000000000000100000000000000000000000000000010000000008000000000000000000000000000000000020000000000000000000000000000000000000000000000000000000000010000000000008000000000000000000000000000000000000000000000000000000000000000000000000000080000000000000000000000000000000000000010000000000001002000000000000000000000000000000000000000000000000000000000000000000000000000000000000000000000000000000000000000000000000",
	"root": null,
	"status": "0x1",
	"transactionHash": "0x1b32ccdb7154340c33574f2f1f11f7703b969d56c474a2bb630a8714df5ed800",
	"transactionIndex": 94
}
[2018-04-18T12:54:34.030] [DEBUG] trans - TO:   0xef3cdcd0c56c70edc03e20bfe806af769f2f8798
[2018-04-18T12:54:34.030] [DEBUG] trans - AMOUNT:   149200000000000000000
[2018-04-18T12:54:34.030] [DEBUG] trans - Receipt info:  {
	"blockHash": "0xf2d6996b4f353e102d947a415f30caa068ac1260106d33fe276f9ed2dd98902c",
	"blockNumber": 5462446,
	"contractAddress": null,
	"cumulativeGasUsed": 5687896,
	"gasUsed": 51589,
	"logs": [
		{
			"address": "0x7e9e431a0B8c4D532C745B1043c7FA29a48D4fBa",
			"blockHash": "0xf2d6996b4f353e102d947a415f30caa068ac1260106d33fe276f9ed2dd98902c",
			"blockNumber": 5462446,
			"data": "0x0000000000000000000000000000000000000000000000081690e18128480000",
			"logIndex": 92,
			"topics": [
				"0xddf252ad1be2c89b69c2b068fc378daa952ba7f163c4a11628f55a4df523b3ef",
				"0x000000000000000000000000468b858c964f297fd8fce058032bf4b4911a8ad8",
				"0x000000000000000000000000ef3cdcd0c56c70edc03e20bfe806af769f2f8798"
			],
			"transactionHash": "0x7d5b7c80d6af6b1c37294978293fae4a36341c381626cc1722aee6dea2d3ca34",
			"transactionIndex": 86,
			"transactionLogIndex": "0x0",
			"type": "mined",
			"id": "log_61cdecb3"
		}
	],
	"logsBloom": "0x00000000000000000000000000020000000000000000000000000000000000000000000000000000000000000000200000000000000000000000000000020000000000000000010000000008000000000000000000000000000000000020000000000000000000000000000000000000000000000000000000000010000000000000000000000000000000000000000000000000000000000000000000000000000000000000000080000000000000000000000000000000000000010000000000001002000000000000000000000000000000000000000000000000000000000000000000000000000000000000000000000000000000000000000000008000",
	"root": null,
	"status": "0x1",
	"transactionHash": "0x7d5b7c80d6af6b1c37294978293fae4a36341c381626cc1722aee6dea2d3ca34",
	"transactionIndex": 86
}
[2018-04-18T12:54:34.031] [DEBUG] trans - TO:   0x40fa310ee9ab2bd5784bce7c9a770cae3f99e9f7
[2018-04-18T12:54:34.031] [DEBUG] trans - AMOUNT:   149150000000000000000
[2018-04-18T12:54:34.031] [DEBUG] trans - Receipt info:  {
	"blockHash": "0xf2d6996b4f353e102d947a415f30caa068ac1260106d33fe276f9ed2dd98902c",
	"blockNumber": 5462446,
	"contractAddress": null,
	"cumulativeGasUsed": 6513576,
	"gasUsed": 51589,
	"logs": [
		{
			"address": "0x7e9e431a0B8c4D532C745B1043c7FA29a48D4fBa",
			"blockHash": "0xf2d6996b4f353e102d947a415f30caa068ac1260106d33fe276f9ed2dd98902c",
			"blockNumber": 5462446,
			"data": "0x00000000000000000000000000000000000000000000000815df3ec4f9830000",
			"logIndex": 108,
			"topics": [
				"0xddf252ad1be2c89b69c2b068fc378daa952ba7f163c4a11628f55a4df523b3ef",
				"0x000000000000000000000000468b858c964f297fd8fce058032bf4b4911a8ad8",
				"0x00000000000000000000000040fa310ee9ab2bd5784bce7c9a770cae3f99e9f7"
			],
			"transactionHash": "0x0f3ab5f901c4f57181f8246adf3f9d0da9e158b3c5346a08d1293964d5cd190a",
			"transactionIndex": 102,
			"transactionLogIndex": "0x0",
			"type": "mined",
			"id": "log_187a6c9d"
		}
	],
	"logsBloom": "0x00040000000000000000000000020000000000000000000000000000000000000000000000000000000000000000000000000000000000000000000000000000000000000000010000000008000000000000000000000000000000000020000000000000000000000000000000000000000000000000000080000010000000000000000000000000000000000000000000000000000000080000000000000000000000000000000080000000000000000000000000000000000000010000000000001002000000000000000000000000000000000000000000000000000000000000000000000000000000000000000000000000000000000000000000000000",
	"root": null,
	"status": "0x1",
	"transactionHash": "0x0f3ab5f901c4f57181f8246adf3f9d0da9e158b3c5346a08d1293964d5cd190a",
	"transactionIndex": 102
}
[2018-04-18T12:54:34.032] [DEBUG] trans - TO:   0x346a88f25016093e79104d3e04f4e27d4e21acda
[2018-04-18T12:54:34.033] [DEBUG] trans - AMOUNT:   149150000000000000000
[2018-04-18T12:54:34.033] [DEBUG] trans - Receipt info:  {
	"blockHash": "0xf2d6996b4f353e102d947a415f30caa068ac1260106d33fe276f9ed2dd98902c",
	"blockNumber": 5462446,
	"contractAddress": null,
	"cumulativeGasUsed": 6410398,
	"gasUsed": 51589,
	"logs": [
		{
			"address": "0x7e9e431a0B8c4D532C745B1043c7FA29a48D4fBa",
			"blockHash": "0xf2d6996b4f353e102d947a415f30caa068ac1260106d33fe276f9ed2dd98902c",
			"blockNumber": 5462446,
			"data": "0x00000000000000000000000000000000000000000000000815df3ec4f9830000",
			"logIndex": 106,
			"topics": [
				"0xddf252ad1be2c89b69c2b068fc378daa952ba7f163c4a11628f55a4df523b3ef",
				"0x000000000000000000000000468b858c964f297fd8fce058032bf4b4911a8ad8",
				"0x000000000000000000000000346a88f25016093e79104d3e04f4e27d4e21acda"
			],
			"transactionHash": "0xd7d08082b2a3844cc2735b554b6c081304f71856ba94941f80513666a8e5655d",
			"transactionIndex": 100,
			"transactionLogIndex": "0x0",
			"type": "mined",
			"id": "log_f8f0dbe0"
		}
	],
	"logsBloom": "0x00000000000000000000000000020000000000000000000000000000000000000000000000000000000080000000000000000000000000000000000200000000000000000000010000000008000000000000000000000000000000000020000000000000000000000000000000000000000000000000000000000010000000000000000000000000000000000000000000000000000000000000000000000000000000000000000080000000000000000000000000000000000000010000000000001002000000000000000000000000000000000000000000000000000000000000000000000000000000000800000000000000000000000000000000000000",
	"root": null,
	"status": "0x1",
	"transactionHash": "0xd7d08082b2a3844cc2735b554b6c081304f71856ba94941f80513666a8e5655d",
	"transactionIndex": 100
}
[2018-04-18T12:54:34.033] [DEBUG] trans - TO:   0x7678c4e76a0eb62da010cfbaf46cfe977b68abea
[2018-04-18T12:54:34.033] [DEBUG] trans - AMOUNT:   149150000000000000000
[2018-04-18T12:54:34.033] [DEBUG] trans - Receipt info:  {
	"blockHash": "0xf2d6996b4f353e102d947a415f30caa068ac1260106d33fe276f9ed2dd98902c",
	"blockNumber": 5462446,
	"contractAddress": null,
	"cumulativeGasUsed": 6771521,
	"gasUsed": 51589,
	"logs": [
		{
			"address": "0x7e9e431a0B8c4D532C745B1043c7FA29a48D4fBa",
			"blockHash": "0xf2d6996b4f353e102d947a415f30caa068ac1260106d33fe276f9ed2dd98902c",
			"blockNumber": 5462446,
			"data": "0x00000000000000000000000000000000000000000000000815df3ec4f9830000",
			"logIndex": 113,
			"topics": [
				"0xddf252ad1be2c89b69c2b068fc378daa952ba7f163c4a11628f55a4df523b3ef",
				"0x000000000000000000000000468b858c964f297fd8fce058032bf4b4911a8ad8",
				"0x0000000000000000000000007678c4e76a0eb62da010cfbaf46cfe977b68abea"
			],
			"transactionHash": "0xde0f56c455325959fc641ed3e9a1a287458a1ba808e63ef30f13486a2c4d8f2a",
			"transactionIndex": 107,
			"transactionLogIndex": "0x0",
			"type": "mined",
			"id": "log_da6962b8"
		}
	],
	"logsBloom": "0x00000000000000000000000000020000000000000000000000000000000000000000000000000000000000000000000000000000000000000000000000000000000000000000010000000008000000000000000000000000000000000020000000000000010000000000000000000000000000000000000000000010000000000000000000000000000000000000000000000000000000000000000000000000000000000000000080000000000000000000000000000200000000010000000000001002000000000000000000000000000000000000000000000000000000000000000000000000000000000000000000000000000000000000000008000000",
	"root": null,
	"status": "0x1",
	"transactionHash": "0xde0f56c455325959fc641ed3e9a1a287458a1ba808e63ef30f13486a2c4d8f2a",
	"transactionIndex": 107
}
[2018-04-18T12:54:34.034] [DEBUG] trans - TO:   0x43a69084a7de7fadc3e3e03563b8ef0f0767490c
[2018-04-18T12:54:34.034] [DEBUG] trans - AMOUNT:   149150000000000000000
[2018-04-18T12:54:34.034] [DEBUG] trans - Receipt info:  {
	"blockHash": "0xf2d6996b4f353e102d947a415f30caa068ac1260106d33fe276f9ed2dd98902c",
	"blockNumber": 5462446,
	"contractAddress": null,
	"cumulativeGasUsed": 6616754,
	"gasUsed": 51589,
	"logs": [
		{
			"address": "0x7e9e431a0B8c4D532C745B1043c7FA29a48D4fBa",
			"blockHash": "0xf2d6996b4f353e102d947a415f30caa068ac1260106d33fe276f9ed2dd98902c",
			"blockNumber": 5462446,
			"data": "0x00000000000000000000000000000000000000000000000815df3ec4f9830000",
			"logIndex": 110,
			"topics": [
				"0xddf252ad1be2c89b69c2b068fc378daa952ba7f163c4a11628f55a4df523b3ef",
				"0x000000000000000000000000468b858c964f297fd8fce058032bf4b4911a8ad8",
				"0x00000000000000000000000043a69084a7de7fadc3e3e03563b8ef0f0767490c"
			],
			"transactionHash": "0xbd2cdfd03faa1eda04a579ac50329e01ac232b01c4f5cf92b7bb55e3bd639700",
			"transactionIndex": 104,
			"transactionLogIndex": "0x0",
			"type": "mined",
			"id": "log_1ccc910c"
		}
	],
	"logsBloom": "0x00000000000000000000000000020000008000000008000000000000000000000000000000000000000000000000000000000000000000000000000000000000000000000000010000000008000000000000000000000000000000000020000000000000000000010000000000000000000000000000000000000010000000000000000000000000000000000000000000000000000000000000000000000000000000000000000080000000000000000000000000000000000000010000000000001002000000000000000000000000000000000000000000000000000000000000000000000000000000000000000000000000000000000000000000000000",
	"root": null,
	"status": "0x1",
	"transactionHash": "0xbd2cdfd03faa1eda04a579ac50329e01ac232b01c4f5cf92b7bb55e3bd639700",
	"transactionIndex": 104
}
[2018-04-18T12:54:34.035] [DEBUG] trans - TO:   0x5a75914228eafd3f2f9029646f3acbf1222f2006
[2018-04-18T12:54:34.035] [DEBUG] trans - AMOUNT:   149150000000000000000
[2018-04-18T12:54:34.035] [DEBUG] trans - Receipt info:  {
	"blockHash": "0xf2d6996b4f353e102d947a415f30caa068ac1260106d33fe276f9ed2dd98902c",
	"blockNumber": 5462446,
	"contractAddress": null,
	"cumulativeGasUsed": 6719932,
	"gasUsed": 51589,
	"logs": [
		{
			"address": "0x7e9e431a0B8c4D532C745B1043c7FA29a48D4fBa",
			"blockHash": "0xf2d6996b4f353e102d947a415f30caa068ac1260106d33fe276f9ed2dd98902c",
			"blockNumber": 5462446,
			"data": "0x00000000000000000000000000000000000000000000000815df3ec4f9830000",
			"logIndex": 112,
			"topics": [
				"0xddf252ad1be2c89b69c2b068fc378daa952ba7f163c4a11628f55a4df523b3ef",
				"0x000000000000000000000000468b858c964f297fd8fce058032bf4b4911a8ad8",
				"0x0000000000000000000000005a75914228eafd3f2f9029646f3acbf1222f2006"
			],
			"transactionHash": "0xb64f9e830996ee205a5736681028fc7781a9a8b98fea03048a0b4b7d4019e45f",
			"transactionIndex": 106,
			"transactionLogIndex": "0x0",
			"type": "mined",
			"id": "log_b6e12f66"
		}
	],
	"logsBloom": "0x00000000000000000000000000020000400000000000000000000000000000000000000000000000000000000000000000000000000000000000000000000000000000000000010000000008000000000000000000000000000000000020000000000004000000000000000000000000000000000000000000000010000000000000000000000000000000000000000800000000000000000000000000000000000000000000000080000000000000000000000000000000000000010000000000001002000000000000000000000000000000000000000000000000000000000000000000000000000000000000000000000000000000000000000000000000",
	"root": null,
	"status": "0x1",
	"transactionHash": "0xb64f9e830996ee205a5736681028fc7781a9a8b98fea03048a0b4b7d4019e45f",
	"transactionIndex": 106
}
[2018-04-18T12:54:34.036] [DEBUG] trans - TO:   0x4d1b81ea60f0e408dcf016373f795872eade6ea5
[2018-04-18T12:54:34.036] [DEBUG] trans - AMOUNT:   149150000000000000000
[2018-04-18T12:54:34.036] [DEBUG] trans - Receipt info:  {
	"blockHash": "0xf2d6996b4f353e102d947a415f30caa068ac1260106d33fe276f9ed2dd98902c",
	"blockNumber": 5462446,
	"contractAddress": null,
	"cumulativeGasUsed": 6668343,
	"gasUsed": 51589,
	"logs": [
		{
			"address": "0x7e9e431a0B8c4D532C745B1043c7FA29a48D4fBa",
			"blockHash": "0xf2d6996b4f353e102d947a415f30caa068ac1260106d33fe276f9ed2dd98902c",
			"blockNumber": 5462446,
			"data": "0x00000000000000000000000000000000000000000000000815df3ec4f9830000",
			"logIndex": 111,
			"topics": [
				"0xddf252ad1be2c89b69c2b068fc378daa952ba7f163c4a11628f55a4df523b3ef",
				"0x000000000000000000000000468b858c964f297fd8fce058032bf4b4911a8ad8",
				"0x0000000000000000000000004d1b81ea60f0e408dcf016373f795872eade6ea5"
			],
			"transactionHash": "0x53052bba8815af76fb2c749a5664e470c823835aa5103debefe431d212d306ed",
			"transactionIndex": 105,
			"transactionLogIndex": "0x0",
			"type": "mined",
			"id": "log_6c9544c2"
		}
	],
	"logsBloom": "0x00000000000000000000000000020000000000000000000000000000000000000000000000000000000000000000000000000000000000000000000000000000000000000000010000000008400000000000000000000000000000000020000000000000000000000000000000000000000000000000000000000010000000000000000000000000000000000000010000000000000000000000000000000000000000000000000080000000000000000000000000000000000000010000000000001002000000000000000000000000000000000000000000000000000000000000000000000000000000200000000000000000000000000000000000000000",
	"root": null,
	"status": "0x1",
	"transactionHash": "0x53052bba8815af76fb2c749a5664e470c823835aa5103debefe431d212d306ed",
	"transactionIndex": 105
}
[2018-04-18T12:54:34.037] [DEBUG] trans - TO:   0x7bd2c1333244fc2bbdd05d8fdef82a1745e3b66f
[2018-04-18T12:54:34.037] [DEBUG] trans - AMOUNT:   149185000000000000000
[2018-04-18T12:54:34.037] [DEBUG] trans - Receipt info:  {
	"blockHash": "0xf2d6996b4f353e102d947a415f30caa068ac1260106d33fe276f9ed2dd98902c",
	"blockNumber": 5462446,
	"contractAddress": null,
	"cumulativeGasUsed": 5945905,
	"gasUsed": 51653,
	"logs": [
		{
			"address": "0x7e9e431a0B8c4D532C745B1043c7FA29a48D4fBa",
			"blockHash": "0xf2d6996b4f353e102d947a415f30caa068ac1260106d33fe276f9ed2dd98902c",
			"blockNumber": 5462446,
			"data": "0x000000000000000000000000000000000000000000000008165b971580a68000",
			"logIndex": 97,
			"topics": [
				"0xddf252ad1be2c89b69c2b068fc378daa952ba7f163c4a11628f55a4df523b3ef",
				"0x000000000000000000000000468b858c964f297fd8fce058032bf4b4911a8ad8",
				"0x0000000000000000000000007bd2c1333244fc2bbdd05d8fdef82a1745e3b66f"
			],
			"transactionHash": "0x2e58832382ee1aa05d43cfcfc7cfced8b30276b72e5528277a2070bdaf68c5a8",
			"transactionIndex": 91,
			"transactionLogIndex": "0x0",
			"type": "mined",
			"id": "log_ce2e9947"
		}
	],
	"logsBloom": "0x00000000000000000000000000020000000000000000000000000000000000000000000000000000000000000000000000000000000000000000000000000000000000000000010000000008000000000000000000000000000000000020000000000000000000000000000000000000000000000000000000000010100000000000000000000000000000000000000000000200000000000000000000000000000000000000000080000000000000000000000000000000000000010000000000001802000000000000000000000000000000000000000000000000000000000000000000000000000000000000000000000000000000000000000000000000",
	"root": null,
	"status": "0x1",
	"transactionHash": "0x2e58832382ee1aa05d43cfcfc7cfced8b30276b72e5528277a2070bdaf68c5a8",
	"transactionIndex": 91
}
[2018-04-18T12:54:34.037] [DEBUG] trans - TO:   0xc6a4308d3a57b67880e075077b2d0ab6d4f26e34
[2018-04-18T12:54:34.037] [DEBUG] trans - AMOUNT:   149150000000000000000
[2018-04-18T12:54:34.037] [DEBUG] trans - Receipt info:  {
	"blockHash": "0xf2d6996b4f353e102d947a415f30caa068ac1260106d33fe276f9ed2dd98902c",
	"blockNumber": 5462446,
	"contractAddress": null,
	"cumulativeGasUsed": 6874699,
	"gasUsed": 51589,
	"logs": [
		{
			"address": "0x7e9e431a0B8c4D532C745B1043c7FA29a48D4fBa",
			"blockHash": "0xf2d6996b4f353e102d947a415f30caa068ac1260106d33fe276f9ed2dd98902c",
			"blockNumber": 5462446,
			"data": "0x00000000000000000000000000000000000000000000000815df3ec4f9830000",
			"logIndex": 115,
			"topics": [
				"0xddf252ad1be2c89b69c2b068fc378daa952ba7f163c4a11628f55a4df523b3ef",
				"0x000000000000000000000000468b858c964f297fd8fce058032bf4b4911a8ad8",
				"0x000000000000000000000000c6a4308d3a57b67880e075077b2d0ab6d4f26e34"
			],
			"transactionHash": "0xdcaae9478f2eae5621672689470ad04bc3cf95935014888e763bf3843f0a2839",
			"transactionIndex": 109,
			"transactionLogIndex": "0x0",
			"type": "mined",
			"id": "log_bd87fac0"
		}
	],
	"logsBloom": "0x00000000000000000000000000020000000000000000000004000000000000000000000000000000000000000000000000000000000000000000000000000000000000000000010000000008000000000000000000000000000000000020000000000000000000000000000000000000000000000000000000000010000000000000000000000000000000000000000000000000000000000000000000002000000000000000000080000000000000000000000000000000000000010000000000001002000000000000000000000000000000000000000000000000000000000000000000000000000000000080000000000000000000000000000000000000",
	"root": null,
	"status": "0x1",
	"transactionHash": "0xdcaae9478f2eae5621672689470ad04bc3cf95935014888e763bf3843f0a2839",
	"transactionIndex": 109
}
[2018-04-18T12:54:34.038] [DEBUG] trans - TO:   0xd456136f6bcc0e72c3ebf47aea85fcbcb7d3867b
[2018-04-18T12:54:34.038] [DEBUG] trans - AMOUNT:   149150000000000000000
[2018-04-18T12:54:34.038] [DEBUG] trans - Receipt info:  {
	"blockHash": "0xf2d6996b4f353e102d947a415f30caa068ac1260106d33fe276f9ed2dd98902c",
	"blockNumber": 5462446,
	"contractAddress": null,
	"cumulativeGasUsed": 6926288,
	"gasUsed": 51589,
	"logs": [
		{
			"address": "0x7e9e431a0B8c4D532C745B1043c7FA29a48D4fBa",
			"blockHash": "0xf2d6996b4f353e102d947a415f30caa068ac1260106d33fe276f9ed2dd98902c",
			"blockNumber": 5462446,
			"data": "0x00000000000000000000000000000000000000000000000815df3ec4f9830000",
			"logIndex": 116,
			"topics": [
				"0xddf252ad1be2c89b69c2b068fc378daa952ba7f163c4a11628f55a4df523b3ef",
				"0x000000000000000000000000468b858c964f297fd8fce058032bf4b4911a8ad8",
				"0x000000000000000000000000d456136f6bcc0e72c3ebf47aea85fcbcb7d3867b"
			],
			"transactionHash": "0xdc17049228c9f51bd97d6490efc2f402081e64e068313249352813fc78734a7e",
			"transactionIndex": 110,
			"transactionLogIndex": "0x0",
			"type": "mined",
			"id": "log_c3fc2e6a"
		}
	],
	"logsBloom": "0x00000000000000000000000000020000000000000000000000000000000000000000000000000000000000000000000000000000000040000000000000000000000000000000010000400008000000000000000000000000000000000020200000000000000000000000000000000000000000000000000000000010000000000000000000000000000000000000000000000000000000000000000000000000000000000000000080000000000000000000000000000000000000010000000000001002000000000000000000000000000000000000000000000000000000000000000000000000000000000000000000000000000000000000000000000000",
	"root": null,
	"status": "0x1",
	"transactionHash": "0xdc17049228c9f51bd97d6490efc2f402081e64e068313249352813fc78734a7e",
	"transactionIndex": 110
}
[2018-04-18T12:54:34.040] [DEBUG] trans - TO:   0x7ab126dd521226dcd15f89a3a9853facc2e28f41
[2018-04-18T12:54:34.040] [DEBUG] trans - AMOUNT:   149150000000000000000
[2018-04-18T12:54:34.040] [DEBUG] trans - Receipt info:  {
	"blockHash": "0xf2d6996b4f353e102d947a415f30caa068ac1260106d33fe276f9ed2dd98902c",
	"blockNumber": 5462446,
	"contractAddress": null,
	"cumulativeGasUsed": 6823110,
	"gasUsed": 51589,
	"logs": [
		{
			"address": "0x7e9e431a0B8c4D532C745B1043c7FA29a48D4fBa",
			"blockHash": "0xf2d6996b4f353e102d947a415f30caa068ac1260106d33fe276f9ed2dd98902c",
			"blockNumber": 5462446,
			"data": "0x00000000000000000000000000000000000000000000000815df3ec4f9830000",
			"logIndex": 114,
			"topics": [
				"0xddf252ad1be2c89b69c2b068fc378daa952ba7f163c4a11628f55a4df523b3ef",
				"0x000000000000000000000000468b858c964f297fd8fce058032bf4b4911a8ad8",
				"0x0000000000000000000000007ab126dd521226dcd15f89a3a9853facc2e28f41"
			],
			"transactionHash": "0x54660c25e99b0b1b6f62c95b9207353c9a0545852fdf5bbc43927eb2462a2668",
			"transactionIndex": 108,
			"transactionLogIndex": "0x0",
			"type": "mined",
			"id": "log_8a953735"
		}
	],
	"logsBloom": "0x00000000000000000000000000020000000000000000000000000000000000000000000000004000000000000000000000000000000000000000000000000000000000000020010000000008000000000000000000000000000000000020000000000000000000000000000000000000000000000000000000000010000000000000000000000000000000000000000000000000000000000000000000000000000000000000000080000000000000000000000000000000000000010000000000001002000000000000000000000000000000000000000000000000000000000000000080000000000000000000000000000000000000000000000000000000",
	"root": null,
	"status": "0x1",
	"transactionHash": "0x54660c25e99b0b1b6f62c95b9207353c9a0545852fdf5bbc43927eb2462a2668",
	"transactionIndex": 108
}
[2018-04-18T12:54:34.040] [DEBUG] trans - TO:   0x42aa9f1019b7f80a4ba2a48d2d1e2f7c86105ed6
[2018-04-18T12:54:34.040] [DEBUG] trans - AMOUNT:   149150000000000000000
[2018-04-18T12:54:34.040] [DEBUG] trans - Receipt info:  {
	"blockHash": "0xf2d6996b4f353e102d947a415f30caa068ac1260106d33fe276f9ed2dd98902c",
	"blockNumber": 5462446,
	"contractAddress": null,
	"cumulativeGasUsed": 6565165,
	"gasUsed": 51589,
	"logs": [
		{
			"address": "0x7e9e431a0B8c4D532C745B1043c7FA29a48D4fBa",
			"blockHash": "0xf2d6996b4f353e102d947a415f30caa068ac1260106d33fe276f9ed2dd98902c",
			"blockNumber": 5462446,
			"data": "0x00000000000000000000000000000000000000000000000815df3ec4f9830000",
			"logIndex": 109,
			"topics": [
				"0xddf252ad1be2c89b69c2b068fc378daa952ba7f163c4a11628f55a4df523b3ef",
				"0x000000000000000000000000468b858c964f297fd8fce058032bf4b4911a8ad8",
				"0x00000000000000000000000042aa9f1019b7f80a4ba2a48d2d1e2f7c86105ed6"
			],
			"transactionHash": "0xc294f9a6a58544612ad66336dadcfdad8e674ef93496ef853ef5f51635e3f0fc",
			"transactionIndex": 103,
			"transactionLogIndex": "0x0",
			"type": "mined",
			"id": "log_0aea6a7f"
		}
	],
	"logsBloom": "0x00000000000000000000000000020000000000000000000000000000000000000000000000000000000000000000000000000000000000000000000000000000000000000000010000000008000000000000000000000000000000000020000000000000000000000000000000000000000000000000000000000010000000000000000010000000000000000000000000000000000000000000000000000008000000000000000080000000000000000000000000000000000000010000000000001002000000000000000000000000000000000000000000000000000000000000000200000000000000000000000000000000000000000000000000000000",
	"root": null,
	"status": "0x1",
	"transactionHash": "0xc294f9a6a58544612ad66336dadcfdad8e674ef93496ef853ef5f51635e3f0fc",
	"transactionIndex": 103
}
[2018-04-18T12:54:34.040] [DEBUG] trans - TO:   0x9e7912ae46a5ebf9a0e50b577fb70c10edc68933
[2018-04-18T12:54:34.040] [DEBUG] trans - AMOUNT:   149152000000000000000
[2018-04-18T12:54:34.040] [DEBUG] trans - Receipt info:  {
	"blockHash": "0xf2d6996b4f353e102d947a415f30caa068ac1260106d33fe276f9ed2dd98902c",
	"blockNumber": 5462446,
	"contractAddress": null,
	"cumulativeGasUsed": 6152453,
	"gasUsed": 51589,
	"logs": [
		{
			"address": "0x7e9e431a0B8c4D532C745B1043c7FA29a48D4fBa",
			"blockHash": "0xf2d6996b4f353e102d947a415f30caa068ac1260106d33fe276f9ed2dd98902c",
			"blockNumber": 5462446,
			"data": "0x00000000000000000000000000000000000000000000000815e659c243100000",
			"logIndex": 101,
			"topics": [
				"0xddf252ad1be2c89b69c2b068fc378daa952ba7f163c4a11628f55a4df523b3ef",
				"0x000000000000000000000000468b858c964f297fd8fce058032bf4b4911a8ad8",
				"0x0000000000000000000000009e7912ae46a5ebf9a0e50b577fb70c10edc68933"
			],
			"transactionHash": "0x3a86273f6b8d9bebde91ef7e929ac9cd57e1dc8a8e9cb7adc1570a1c78d897ad",
			"transactionIndex": 95,
			"transactionLogIndex": "0x0",
			"type": "mined",
			"id": "log_ea4b2328"
		}
	],
	"logsBloom": "0x00000000000000000000000000020000000000000000000000000000000000000000000000000000000000000000000000000000000000000000000000000000000000000000010000000008000000000000000000000000000000000020000000000000000000000000000000000000000000000000000000000010000000000000000000000000000000000000000000000000000000000000000000000000000000000000000080000000000000000000000000000000000000010000000000001002000000000000000000000000000000000000000000000000000000000000000000000000400000000000000000000000000000000000000000000000",
	"root": null,
	"status": "0x1",
	"transactionHash": "0x3a86273f6b8d9bebde91ef7e929ac9cd57e1dc8a8e9cb7adc1570a1c78d897ad",
	"transactionIndex": 95
}
[2018-04-18T12:54:34.042] [DEBUG] trans - TO:   0xc101224cd14a671ec8e69197a6f7cc457a0232ee
[2018-04-18T12:54:34.042] [DEBUG] trans - AMOUNT:   149139200000000000000
[2018-04-18T12:54:34.042] [DEBUG] trans - Receipt info:  {
	"blockHash": "0xf2d6996b4f353e102d947a415f30caa068ac1260106d33fe276f9ed2dd98902c",
	"blockNumber": 5462446,
	"contractAddress": null,
	"cumulativeGasUsed": 7132708,
	"gasUsed": 51589,
	"logs": [
		{
			"address": "0x7e9e431a0B8c4D532C745B1043c7FA29a48D4fBa",
			"blockHash": "0xf2d6996b4f353e102d947a415f30caa068ac1260106d33fe276f9ed2dd98902c",
			"blockNumber": 5462446,
			"data": "0x00000000000000000000000000000000000000000000000815b8e03a05f00000",
			"logIndex": 120,
			"topics": [
				"0xddf252ad1be2c89b69c2b068fc378daa952ba7f163c4a11628f55a4df523b3ef",
				"0x000000000000000000000000468b858c964f297fd8fce058032bf4b4911a8ad8",
				"0x000000000000000000000000c101224cd14a671ec8e69197a6f7cc457a0232ee"
			],
			"transactionHash": "0x98831199e78ade847895a5cc11d10dc34b4a0e675698cd2a435d5b201f0c378b",
			"transactionIndex": 114,
			"transactionLogIndex": "0x0",
			"type": "mined",
			"id": "log_a8917aad"
		}
	],
	"logsBloom": "0x00000000000000000000800000020000000000000000000000000000000000000000000000000000000000000000000000000000000000000000000000000000000000000000010000000008000000000000000000000000000000000020000000000000000000000000000000000000000000000000000000002010000000000000000000000000000000000000000000000000000000000000000000000000000000000000000080000000000000000000000000000000000000010000000000001002000000000000000000000000000000000000000000000000000000000000000000000000000000000000080000000000000000000000000000000000",
	"root": null,
	"status": "0x1",
	"transactionHash": "0x98831199e78ade847895a5cc11d10dc34b4a0e675698cd2a435d5b201f0c378b",
	"transactionIndex": 114
}
[2018-04-18T12:54:34.043] [DEBUG] trans - TO:   0xf94e46d960c380ba0faedaec765f038ae44d9edc
[2018-04-18T12:54:34.043] [DEBUG] trans - AMOUNT:   149150000000000000000
[2018-04-18T12:54:34.043] [DEBUG] trans - Receipt info:  {
	"blockHash": "0xf2d6996b4f353e102d947a415f30caa068ac1260106d33fe276f9ed2dd98902c",
	"blockNumber": 5462446,
	"contractAddress": null,
	"cumulativeGasUsed": 6977877,
	"gasUsed": 51589,
	"logs": [
		{
			"address": "0x7e9e431a0B8c4D532C745B1043c7FA29a48D4fBa",
			"blockHash": "0xf2d6996b4f353e102d947a415f30caa068ac1260106d33fe276f9ed2dd98902c",
			"blockNumber": 5462446,
			"data": "0x00000000000000000000000000000000000000000000000815df3ec4f9830000",
			"logIndex": 117,
			"topics": [
				"0xddf252ad1be2c89b69c2b068fc378daa952ba7f163c4a11628f55a4df523b3ef",
				"0x000000000000000000000000468b858c964f297fd8fce058032bf4b4911a8ad8",
				"0x000000000000000000000000f94e46d960c380ba0faedaec765f038ae44d9edc"
			],
			"transactionHash": "0x40386836d9a14060025ab93893ab8a80becf07fec3f38f485e3e8ecd82a0cdf9",
			"transactionIndex": 111,
			"transactionLogIndex": "0x0",
			"type": "mined",
			"id": "log_7489f1c2"
		}
	],
	"logsBloom": "0x00000004000000000000000000020000000000000000000000000000000000000000000000000000000000000000000000000000000000000000000000000000000000000000010000000008000000000000100000000000000000000020000000000000000000000000000000000000000000000000000000000010000000000000000000000000000000000000000001000000000000000000000000000000000000000000000080000000000000000000000000000000000000010000000000001002000000000000000000000000000000000000000000000000000000000000000000000000000000000000000000000000000000000000000000000000",
	"root": null,
	"status": "0x1",
	"transactionHash": "0x40386836d9a14060025ab93893ab8a80becf07fec3f38f485e3e8ecd82a0cdf9",
	"transactionIndex": 111
}
[2018-04-18T12:54:34.043] [DEBUG] trans - TO:   0x94d4d7c429bf9172cb1c49c8d7bf5908493dc8de
[2018-04-18T12:54:34.044] [DEBUG] trans - AMOUNT:   149144600000000000000
[2018-04-18T12:54:34.044] [DEBUG] trans - Receipt info:  {
	"blockHash": "0xf2d6996b4f353e102d947a415f30caa068ac1260106d33fe276f9ed2dd98902c",
	"blockNumber": 5462446,
	"contractAddress": null,
	"cumulativeGasUsed": 7081119,
	"gasUsed": 51653,
	"logs": [
		{
			"address": "0x7e9e431a0B8c4D532C745B1043c7FA29a48D4fBa",
			"blockHash": "0xf2d6996b4f353e102d947a415f30caa068ac1260106d33fe276f9ed2dd98902c",
			"blockNumber": 5462446,
			"data": "0x00000000000000000000000000000000000000000000000815cc0f7f7fb98000",
			"logIndex": 119,
			"topics": [
				"0xddf252ad1be2c89b69c2b068fc378daa952ba7f163c4a11628f55a4df523b3ef",
				"0x000000000000000000000000468b858c964f297fd8fce058032bf4b4911a8ad8",
				"0x00000000000000000000000094d4d7c429bf9172cb1c49c8d7bf5908493dc8de"
			],
			"transactionHash": "0x37ac4e4c3b1e049ad989dadc72cb58c9205ae1a956f37baf32a27573395d2bad",
			"transactionIndex": 113,
			"transactionLogIndex": "0x0",
			"type": "mined",
			"id": "log_163b28cf"
		}
	],
	"logsBloom": "0x00000000000000000000000000020000000000000000000000000000000000000000000000001000000000000000000000000000000000000000000000000000000000000000010000000008000000000000000000000400000000000020000000000000000000000000000000000000000000000000000008000010000000000000000000000000000000000000000000000000000000000000000000000000000000000000000080000000000000000000000000000000000000010000000000001002000000000000000000000000000000000000000000000000000000000000000000000000000000000000000000000000000000000000000000000000",
	"root": null,
	"status": "0x1",
	"transactionHash": "0x37ac4e4c3b1e049ad989dadc72cb58c9205ae1a956f37baf32a27573395d2bad",
	"transactionIndex": 113
}
[2018-04-18T12:54:34.044] [DEBUG] trans - TO:   0xef207837b0617c931dde22080cde9f10189211f9
[2018-04-18T12:54:34.044] [DEBUG] trans - AMOUNT:   149146400000000000000
[2018-04-18T12:54:34.044] [DEBUG] trans - Receipt info:  {
	"blockHash": "0xf2d6996b4f353e102d947a415f30caa068ac1260106d33fe276f9ed2dd98902c",
	"blockNumber": 5462446,
	"contractAddress": null,
	"cumulativeGasUsed": 7029466,
	"gasUsed": 51589,
	"logs": [
		{
			"address": "0x7e9e431a0B8c4D532C745B1043c7FA29a48D4fBa",
			"blockHash": "0xf2d6996b4f353e102d947a415f30caa068ac1260106d33fe276f9ed2dd98902c",
			"blockNumber": 5462446,
			"data": "0x00000000000000000000000000000000000000000000000815d27496a8520000",
			"logIndex": 118,
			"topics": [
				"0xddf252ad1be2c89b69c2b068fc378daa952ba7f163c4a11628f55a4df523b3ef",
				"0x000000000000000000000000468b858c964f297fd8fce058032bf4b4911a8ad8",
				"0x000000000000000000000000ef207837b0617c931dde22080cde9f10189211f9"
			],
			"transactionHash": "0xd13aa753cce019cf94975cfeb82e074a58fcf0d73b4580a9143cbfb5c99e12c9",
			"transactionIndex": 112,
			"transactionLogIndex": "0x0",
			"type": "mined",
			"id": "log_9ed73694"
		}
	],
	"logsBloom": "0x00000000000000000000000000020000000000000000200000000000000000000000000000000000000000000000000000000000000000000000000000000000000000000000010000000008000000000000000100000000000000000020000000000000000000000000000000000000000000000000000000000010000000000000000000000000000000000000000000000000000000000000000000000000000000000000000080000000000000000000000000000000000000010000000000001002000000000000000000000000000000000000000000000000000000000000000000000000000000000000000000000000002000000000000000000000",
	"root": null,
	"status": "0x1",
	"transactionHash": "0xd13aa753cce019cf94975cfeb82e074a58fcf0d73b4580a9143cbfb5c99e12c9",
	"transactionIndex": 112
}
