[2018-04-20T09:56:48.177] [DEBUG] trans - TO:   0x23475c7edb7e3d17dfab5cf7bf4160b411b3e3fa
[2018-04-20T09:56:48.178] [DEBUG] trans - AMOUNT:   220300000000000000000
[2018-04-20T09:56:48.178] [DEBUG] trans - Receipt info:  {
	"blockHash": "0x5f957f8fb03fd1210925785b72989fb6e5677504193c1ae7eb3adc48c46e9b10",
	"blockNumber": 5473280,
	"contractAddress": null,
	"cumulativeGasUsed": 4405816,
	"gasUsed": 51589,
	"logs": [
		{
			"address": "0x7e9e431a0B8c4D532C745B1043c7FA29a48D4fBa",
			"blockHash": "0x5f957f8fb03fd1210925785b72989fb6e5677504193c1ae7eb3adc48c46e9b10",
			"blockNumber": 5473280,
			"data": "0x00000000000000000000000000000000000000000000000bf146d2ccf28e0000",
			"logIndex": 86,
			"topics": [
				"0xddf252ad1be2c89b69c2b068fc378daa952ba7f163c4a11628f55a4df523b3ef",
				"0x000000000000000000000000468b858c964f297fd8fce058032bf4b4911a8ad8",
				"0x00000000000000000000000023475c7edb7e3d17dfab5cf7bf4160b411b3e3fa"
			],
			"transactionHash": "0x4f323f0659a94b70b8a4f802385c5449936aaf507a4c11791c38d00beeb3dc81",
			"transactionIndex": 121,
			"transactionLogIndex": "0x0",
			"type": "mined",
			"id": "log_e1222ab5"
		}
	],
	"logsBloom": "0x00000000000000000000000000020000000000000000000000000000000000000000000000000000000000000000000000000000000000000000000000000000000000000000010000000008000000000000000000000000000000000021000000000000000000000000000000000000000000000000000000000010000000000000000100000000000000000000000000000000000000000000000000000000000000000000000080000000000000000000000000000000000000010000000000001002000000000000000000000000000000000000000000000000000000000000000000000000000000000000020000000000000000000000000000000000",
	"root": null,
	"status": "0x1",
	"transactionHash": "0x4f323f0659a94b70b8a4f802385c5449936aaf507a4c11791c38d00beeb3dc81",
	"transactionIndex": 121
}
[2018-04-20T09:56:55.187] [DEBUG] trans - TO:   0xb749b8449e41dc654ec679efc8a18d081b4f4531
[2018-04-20T09:56:55.187] [DEBUG] trans - AMOUNT:   220281200000000000000
[2018-04-20T09:56:55.187] [DEBUG] trans - Receipt info:  {
	"blockHash": "0xf270ec6f8372c5f7619c94ea084323127e5c39932f7f3f745ac143be843c2410",
	"blockNumber": 5473280,
	"contractAddress": null,
	"cumulativeGasUsed": 5588679,
	"gasUsed": 51589,
	"logs": [
		{
			"address": "0x7e9e431a0B8c4D532C745B1043c7FA29a48D4fBa",
			"blockHash": "0xf270ec6f8372c5f7619c94ea084323127e5c39932f7f3f745ac143be843c2410",
			"blockNumber": 5473280,
			"data": "0x00000000000000000000000000000000000000000000000bf104084cd8c70000",
			"logIndex": 105,
			"topics": [
				"0xddf252ad1be2c89b69c2b068fc378daa952ba7f163c4a11628f55a4df523b3ef",
				"0x000000000000000000000000468b858c964f297fd8fce058032bf4b4911a8ad8",
				"0x000000000000000000000000b749b8449e41dc654ec679efc8a18d081b4f4531"
			],
			"transactionHash": "0x79ce63bebb68090e9dd72ee8305cff4e95622c5b1e00625274a2173d67e1946d",
			"transactionIndex": 160,
			"transactionLogIndex": "0x0",
			"type": "mined",
			"id": "log_e70ee2d2"
		}
	],
	"logsBloom": "0x00000000000000000000000000020000000000000000000000000000000000000000000000000000000000000000000000000000000000000000000000000000000000000000010000000008000000000000000000000000000000000020000000000800000000000000000000000000000000000000000000000010000000000000000000000000000000000000000000000000000000000000000000000000000000000000000080000000000040000000000000000010000000010000000000001002000000000000000000000000000000000000000000000000000000000000000000000000000000000000000000000000000000000000000000000000",
	"root": null,
	"status": "0x1",
	"transactionHash": "0x79ce63bebb68090e9dd72ee8305cff4e95622c5b1e00625274a2173d67e1946d",
	"transactionIndex": 160
}
[2018-04-20T09:56:55.188] [DEBUG] trans - TO:   0xdd8af7102ff768201e873baf22c30480b52ea6e3
[2018-04-20T09:56:55.188] [DEBUG] trans - AMOUNT:   220170100000000000000
[2018-04-20T09:56:55.188] [DEBUG] trans - Receipt info:  {
	"blockHash": "0xf270ec6f8372c5f7619c94ea084323127e5c39932f7f3f745ac143be843c2410",
	"blockNumber": 5473280,
	"contractAddress": null,
	"cumulativeGasUsed": 5898341,
	"gasUsed": 51653,
	"logs": [
		{
			"address": "0x7e9e431a0B8c4D532C745B1043c7FA29a48D4fBa",
			"blockHash": "0xf270ec6f8372c5f7619c94ea084323127e5c39932f7f3f745ac143be843c2410",
			"blockNumber": 5473280,
			"data": "0x00000000000000000000000000000000000000000000000bef795370563b4000",
			"logIndex": 111,
			"topics": [
				"0xddf252ad1be2c89b69c2b068fc378daa952ba7f163c4a11628f55a4df523b3ef",
				"0x000000000000000000000000468b858c964f297fd8fce058032bf4b4911a8ad8",
				"0x000000000000000000000000dd8af7102ff768201e873baf22c30480b52ea6e3"
			],
			"transactionHash": "0xac992fbbc73aa33795b9c8dd5dd3ab93c3f4702d62b60915b66aef668739c52d",
			"transactionIndex": 166,
			"transactionLogIndex": "0x0",
			"type": "mined",
			"id": "log_5ce7f3f3"
		}
	],
	"logsBloom": "0x00000000000000000000000000020000000000000000000000000000000000000000000000000000000000000000000000000000000000000000000000000000000000000000010000020008000000000000000000000000000000000020000000000000000000000000000000000000000000000002000000000010000000000000000000000000000000000000000000000000000000000000000000000000000000000000000080000000000000000000000000000000000000010000000000001002000000000000000000000000000000000000000000000000000000000000000000000000000000000000000020000000000000000000000000000000",
	"root": null,
	"status": "0x1",
	"transactionHash": "0xac992fbbc73aa33795b9c8dd5dd3ab93c3f4702d62b60915b66aef668739c52d",
	"transactionIndex": 166
}
[2018-04-20T09:56:55.189] [DEBUG] trans - TO:   0x2796f1d1e5c06a8e66af5578f135829bc60679ad
[2018-04-20T09:56:55.189] [DEBUG] trans - AMOUNT:   220265600000000000000
[2018-04-20T09:56:55.189] [DEBUG] trans - Receipt info:  {
	"blockHash": "0xf270ec6f8372c5f7619c94ea084323127e5c39932f7f3f745ac143be843c2410",
	"blockNumber": 5473280,
	"contractAddress": null,
	"cumulativeGasUsed": 5640268,
	"gasUsed": 51589,
	"logs": [
		{
			"address": "0x7e9e431a0B8c4D532C745B1043c7FA29a48D4fBa",
			"blockHash": "0xf270ec6f8372c5f7619c94ea084323127e5c39932f7f3f745ac143be843c2410",
			"blockNumber": 5473280,
			"data": "0x00000000000000000000000000000000000000000000000bf0cc9c2ece480000",
			"logIndex": 106,
			"topics": [
				"0xddf252ad1be2c89b69c2b068fc378daa952ba7f163c4a11628f55a4df523b3ef",
				"0x000000000000000000000000468b858c964f297fd8fce058032bf4b4911a8ad8",
				"0x0000000000000000000000002796f1d1e5c06a8e66af5578f135829bc60679ad"
			],
			"transactionHash": "0xf28c854aa734ad7a7f3bd63c07a77930ac308f66b25fbff4ca927d0f7b89cc18",
			"transactionIndex": 161,
			"transactionLogIndex": "0x0",
			"type": "mined",
			"id": "log_c30b4243"
		}
	],
	"logsBloom": "0x00000000000000001000000000020000000000000000000000000000000000000000000000000000000000000000000000000000000000000000000000000000000000000000010000000008000000000000000000000000000000000020000000000000000000000000001000000000000000000000000000000010000000000000000000000000000000000000000000000000000000000000000000000000000000000000000080000000000000000000000000000000000000050000000000001002000000000000000000000000000000000000000000000000000000000000000000000000000000000000000000000000000000000000000000000000",
	"root": null,
	"status": "0x1",
	"transactionHash": "0xf28c854aa734ad7a7f3bd63c07a77930ac308f66b25fbff4ca927d0f7b89cc18",
	"transactionIndex": 161
}
[2018-04-20T09:56:55.190] [DEBUG] trans - TO:   0x44d3f2a3a465dac6f3b1b96138267ba7f8fa7770
[2018-04-20T09:56:55.190] [DEBUG] trans - AMOUNT:   220240000000000000000
[2018-04-20T09:56:55.190] [DEBUG] trans - Receipt info:  {
	"blockHash": "0xf270ec6f8372c5f7619c94ea084323127e5c39932f7f3f745ac143be843c2410",
	"blockNumber": 5473280,
	"contractAddress": null,
	"cumulativeGasUsed": 5691857,
	"gasUsed": 51589,
	"logs": [
		{
			"address": "0x7e9e431a0B8c4D532C745B1043c7FA29a48D4fBa",
			"blockHash": "0xf270ec6f8372c5f7619c94ea084323127e5c39932f7f3f745ac143be843c2410",
			"blockNumber": 5473280,
			"data": "0x00000000000000000000000000000000000000000000000bf071a91e54080000",
			"logIndex": 107,
			"topics": [
				"0xddf252ad1be2c89b69c2b068fc378daa952ba7f163c4a11628f55a4df523b3ef",
				"0x000000000000000000000000468b858c964f297fd8fce058032bf4b4911a8ad8",
				"0x00000000000000000000000044d3f2a3a465dac6f3b1b96138267ba7f8fa7770"
			],
			"transactionHash": "0xa7081a42911a9ddbd0383ca290c2cab43c71bb1174b51f69ebd523f0c536b1c3",
			"transactionIndex": 162,
			"transactionLogIndex": "0x0",
			"type": "mined",
			"id": "log_add18ef2"
		}
	],
	"logsBloom": "0x00000000000000000000000000020000000000000000000000000000000000000000000000000000000000000000000000000000000000000000000000000000000000000000010000000028000000000000000000000000000000000020000000000000000000000000000000000000000000000000000000000010000000000000000000000000000000000000000000000000000000000000000000000000000000000000000080000000000000000000000000000000000000010000000000001002000100000000000000000000000000000000000000000000000000000000000000000000000000000000400000000000000000000000000000000000",
	"root": null,
	"status": "0x1",
	"transactionHash": "0xa7081a42911a9ddbd0383ca290c2cab43c71bb1174b51f69ebd523f0c536b1c3",
	"transactionIndex": 162
}
[2018-04-20T09:56:55.192] [DEBUG] trans - TO:   0x9c4dde7ff044c977a4d14fe85cd08472b046561e
[2018-04-20T09:56:55.192] [DEBUG] trans - AMOUNT:   220200800000000000000
[2018-04-20T09:56:55.192] [DEBUG] trans - Receipt info:  {
	"blockHash": "0xf270ec6f8372c5f7619c94ea084323127e5c39932f7f3f745ac143be843c2410",
	"blockNumber": 5473280,
	"contractAddress": null,
	"cumulativeGasUsed": 5743446,
	"gasUsed": 51589,
	"logs": [
		{
			"address": "0x7e9e431a0B8c4D532C745B1043c7FA29a48D4fBa",
			"blockHash": "0xf270ec6f8372c5f7619c94ea084323127e5c39932f7f3f745ac143be843c2410",
			"blockNumber": 5473280,
			"data": "0x00000000000000000000000000000000000000000000000befe664ed18d60000",
			"logIndex": 108,
			"topics": [
				"0xddf252ad1be2c89b69c2b068fc378daa952ba7f163c4a11628f55a4df523b3ef",
				"0x000000000000000000000000468b858c964f297fd8fce058032bf4b4911a8ad8",
				"0x0000000000000000000000009c4dde7ff044c977a4d14fe85cd08472b046561e"
			],
			"transactionHash": "0x3d51b47e4a5f28e04cdd78d92435c011754dc41e92e3ba5dfe184fc1068b04cc",
			"transactionIndex": 163,
			"transactionLogIndex": "0x0",
			"type": "mined",
			"id": "log_365ec60c"
		}
	],
	"logsBloom": "0x00000000000000000000000000020000000000000000000000000000000000000000000000000000000000000000000000000000000000000000000000000000000000000000010000000008000000000000000000000000000000800020000000000000000000000000000000000000000000000000000000000010000000000000000000000000000000000000000000000000000000000000000000000000000000000000000080000000004000000000000000000000000000010000000000001002000000000000000000000000000000000000000000000000000000000000000000000000000000000000000000000000000000000000000100000000",
	"root": null,
	"status": "0x1",
	"transactionHash": "0x3d51b47e4a5f28e04cdd78d92435c011754dc41e92e3ba5dfe184fc1068b04cc",
	"transactionIndex": 163
}
[2018-04-20T09:56:55.193] [DEBUG] trans - TO:   0xfdf208bcdf24f25c3ee4eaad199e46f59af4e8c5
[2018-04-20T09:56:55.193] [DEBUG] trans - AMOUNT:   220185400000000000000
[2018-04-20T09:56:55.193] [DEBUG] trans - Receipt info:  {
	"blockHash": "0xf270ec6f8372c5f7619c94ea084323127e5c39932f7f3f745ac143be843c2410",
	"blockNumber": 5473280,
	"contractAddress": null,
	"cumulativeGasUsed": 5795099,
	"gasUsed": 51653,
	"logs": [
		{
			"address": "0x7e9e431a0B8c4D532C745B1043c7FA29a48D4fBa",
			"blockHash": "0xf270ec6f8372c5f7619c94ea084323127e5c39932f7f3f745ac143be843c2410",
			"blockNumber": 5473280,
			"data": "0x00000000000000000000000000000000000000000000000befafaeb52f4b8000",
			"logIndex": 109,
			"topics": [
				"0xddf252ad1be2c89b69c2b068fc378daa952ba7f163c4a11628f55a4df523b3ef",
				"0x000000000000000000000000468b858c964f297fd8fce058032bf4b4911a8ad8",
				"0x000000000000000000000000fdf208bcdf24f25c3ee4eaad199e46f59af4e8c5"
			],
			"transactionHash": "0x988c7d511f2ec98172bfef86d8be1a3504e8291ada06bd78f956a7547de5d066",
			"transactionIndex": 164,
			"transactionLogIndex": "0x0",
			"type": "mined",
			"id": "log_7fc22ed5"
		}
	],
	"logsBloom": "0x00000000000000000000000000020000000000000000008000000000000000000000000000000002000000000000000000000000000000000000000000000000000000000000010000000008000000000004000000000000000000000020000000000000000000000000000000000000000000000000000000000010000000000000000000000000000000000000000000000000000000000000000000000000000000000000000080000000000000000000000000000000000000010000000000001002000000000000000000000000000000000000000000000000000000000000000000000000000000000000000000000000000000000000000000000000",
	"root": null,
	"status": "0x1",
	"transactionHash": "0x988c7d511f2ec98172bfef86d8be1a3504e8291ada06bd78f956a7547de5d066",
	"transactionIndex": 164
}
[2018-04-20T09:56:55.196] [DEBUG] trans - TO:   0xf6352643af8794d272c5fcb6aca9040cf2f3ac94
[2018-04-20T09:56:55.196] [DEBUG] trans - AMOUNT:   220177600000000000000
[2018-04-20T09:56:55.196] [DEBUG] trans - Receipt info:  {
	"blockHash": "0xf270ec6f8372c5f7619c94ea084323127e5c39932f7f3f745ac143be843c2410",
	"blockNumber": 5473280,
	"contractAddress": null,
	"cumulativeGasUsed": 5846688,
	"gasUsed": 51589,
	"logs": [
		{
			"address": "0x7e9e431a0B8c4D532C745B1043c7FA29a48D4fBa",
			"blockHash": "0xf270ec6f8372c5f7619c94ea084323127e5c39932f7f3f745ac143be843c2410",
			"blockNumber": 5473280,
			"data": "0x00000000000000000000000000000000000000000000000bef93f8a62a0c0000",
			"logIndex": 110,
			"topics": [
				"0xddf252ad1be2c89b69c2b068fc378daa952ba7f163c4a11628f55a4df523b3ef",
				"0x000000000000000000000000468b858c964f297fd8fce058032bf4b4911a8ad8",
				"0x000000000000000000000000f6352643af8794d272c5fcb6aca9040cf2f3ac94"
			],
			"transactionHash": "0x770e42de4137585d9c47bbe8ee3e8dbe14b2d1d2dd812c0206af1de6284b3f59",
			"transactionIndex": 165,
			"transactionLogIndex": "0x0",
			"type": "mined",
			"id": "log_28dae582"
		}
	],
	"logsBloom": "0x00000000000000000000000000020000000000000000000000000000000000000000000000000000000000000000000000000000000000000000000080000000000000000000010000000008000000000000000000000000000000000020000000000000000000000000000000000000000000000020000000000010000000000000000000000400000000000000000000000000000000000000000000000000000000000000000080000000000000000000000000000000000000010000000000001002000000000000000000000000000000000000000000000000000000000000000000000000000000000000000000000000000000000000000000000000",
	"root": null,
	"status": "0x1",
	"transactionHash": "0x770e42de4137585d9c47bbe8ee3e8dbe14b2d1d2dd812c0206af1de6284b3f59",
	"transactionIndex": 165
}
[2018-04-20T09:56:55.196] [DEBUG] trans - TO:   0xa3a87b56052eb18607369a4c43a80e51dbbe1810
[2018-04-20T09:56:55.196] [DEBUG] trans - AMOUNT:   220159000000000000000
[2018-04-20T09:56:55.196] [DEBUG] trans - Receipt info:  {
	"blockHash": "0xf270ec6f8372c5f7619c94ea084323127e5c39932f7f3f745ac143be843c2410",
	"blockNumber": 5473280,
	"contractAddress": null,
	"cumulativeGasUsed": 5949994,
	"gasUsed": 51653,
	"logs": [
		{
			"address": "0x7e9e431a0B8c4D532C745B1043c7FA29a48D4fBa",
			"blockHash": "0xf270ec6f8372c5f7619c94ea084323127e5c39932f7f3f745ac143be843c2410",
			"blockNumber": 5473280,
			"data": "0x00000000000000000000000000000000000000000000000bef51e40c31398000",
			"logIndex": 112,
			"topics": [
				"0xddf252ad1be2c89b69c2b068fc378daa952ba7f163c4a11628f55a4df523b3ef",
				"0x000000000000000000000000468b858c964f297fd8fce058032bf4b4911a8ad8",
				"0x000000000000000000000000a3a87b56052eb18607369a4c43a80e51dbbe1810"
			],
			"transactionHash": "0xac99f8e69c829a78f441b745ce14017325cc4ca8067e95953cb6160f7f771943",
			"transactionIndex": 167,
			"transactionLogIndex": "0x0",
			"type": "mined",
			"id": "log_5ce908db"
		}
	],
	"logsBloom": "0x00000000080000000000000000020000000000000000000000000000000000000000000000000000000000000000000000000000000000000000000000000000000010000000010000000008000000000000008000000000000000000020000000000000000000000000000000000000000000000000000000000010000000000000000000000000000000000000000000000000000000000000000000000000000000000000000080000000000000000000000000000000000000010000000000001002000000000000000000000000000000000000000000000000000000000000000000000000000000000000000000000000000000000000000000000000",
	"root": null,
	"status": "0x1",
	"transactionHash": "0xac99f8e69c829a78f441b745ce14017325cc4ca8067e95953cb6160f7f771943",
	"transactionIndex": 167
}
[2018-04-20T09:56:55.197] [DEBUG] trans - TO:   0xf2bd2ab4f71560181e1002dde444661f6d5ae83a
[2018-04-20T09:56:55.197] [DEBUG] trans - AMOUNT:   220151600000000000000
[2018-04-20T09:56:55.197] [DEBUG] trans - Receipt info:  {
	"blockHash": "0xf270ec6f8372c5f7619c94ea084323127e5c39932f7f3f745ac143be843c2410",
	"blockNumber": 5473280,
	"contractAddress": null,
	"cumulativeGasUsed": 6104825,
	"gasUsed": 51589,
	"logs": [
		{
			"address": "0x7e9e431a0B8c4D532C745B1043c7FA29a48D4fBa",
			"blockHash": "0xf270ec6f8372c5f7619c94ea084323127e5c39932f7f3f745ac143be843c2410",
			"blockNumber": 5473280,
			"data": "0x00000000000000000000000000000000000000000000000bef3799c96de30000",
			"logIndex": 115,
			"topics": [
				"0xddf252ad1be2c89b69c2b068fc378daa952ba7f163c4a11628f55a4df523b3ef",
				"0x000000000000000000000000468b858c964f297fd8fce058032bf4b4911a8ad8",
				"0x000000000000000000000000f2bd2ab4f71560181e1002dde444661f6d5ae83a"
			],
			"transactionHash": "0x6acf71c49c83916967b9fc43ab548412be91ea9911e5df496e33886d7f3f2a55",
			"transactionIndex": 170,
			"transactionLogIndex": "0x0",
			"type": "mined",
			"id": "log_48922053"
		}
	],
	"logsBloom": "0x00000000000000000000000000020000000000000000000000000000000000000000000000000000000000000000000400000000000000000000000000000000000000000000010000000008000000000000000000000000000000000020000000000000000000000000000004000000000000000000000000000010000800000000000000000000000000000000000000000000000000000000000000000000000000000000000080000000000000000000000000000000000000010000000000001002000000000000000000000000000000000000000000000000000000000000000000000000000000000000000000000000000000000000000000000000",
	"root": null,
	"status": "0x1",
	"transactionHash": "0x6acf71c49c83916967b9fc43ab548412be91ea9911e5df496e33886d7f3f2a55",
	"transactionIndex": 170
}
[2018-04-20T09:56:55.197] [DEBUG] trans - TO:   0x2504cdbe048c4ec39d05904c7ba2e5c602b1b671
[2018-04-20T09:56:55.197] [DEBUG] trans - AMOUNT:   220157000000000000000
[2018-04-20T09:56:55.197] [DEBUG] trans - Receipt info:  {
	"blockHash": "0xf270ec6f8372c5f7619c94ea084323127e5c39932f7f3f745ac143be843c2410",
	"blockNumber": 5473280,
	"contractAddress": null,
	"cumulativeGasUsed": 6001647,
	"gasUsed": 51653,
	"logs": [
		{
			"address": "0x7e9e431a0B8c4D532C745B1043c7FA29a48D4fBa",
			"blockHash": "0xf270ec6f8372c5f7619c94ea084323127e5c39932f7f3f745ac143be843c2410",
			"blockNumber": 5473280,
			"data": "0x00000000000000000000000000000000000000000000000bef4ac90ee7ac8000",
			"logIndex": 113,
			"topics": [
				"0xddf252ad1be2c89b69c2b068fc378daa952ba7f163c4a11628f55a4df523b3ef",
				"0x000000000000000000000000468b858c964f297fd8fce058032bf4b4911a8ad8",
				"0x0000000000000000000000002504cdbe048c4ec39d05904c7ba2e5c602b1b671"
			],
			"transactionHash": "0xe90941cfa4ddc176cb5c93da56c40a9271c49878adf0e0fa336765f22e96b2d5",
			"transactionIndex": 168,
			"transactionLogIndex": "0x0",
			"type": "mined",
			"id": "log_9dd9f010"
		}
	],
	"logsBloom": "0x00000000000000000000000000020000000000000000000000000000000000000000000000000000400000000000000000000000000000000000008000000000000000000000010000000008000000000002000000000000000000000020000000000000000000000000000000000000000000000000000000000010000000000000000000000000000000000000000000000000000000000000000000000000000000000000000080000000000000000000000000000000000000010000000000001002000000000000000000000000000000000000000000000000000000000000000000000000000000000000000000000000000000000000000000000000",
	"root": null,
	"status": "0x1",
	"transactionHash": "0xe90941cfa4ddc176cb5c93da56c40a9271c49878adf0e0fa336765f22e96b2d5",
	"transactionIndex": 168
}
[2018-04-20T09:56:55.202] [DEBUG] trans - TO:   0xbc48140d3505a9a19eaeec8eff77bad3099c17e2
[2018-04-20T09:56:55.202] [DEBUG] trans - AMOUNT:   220124400000000000000
[2018-04-20T09:56:55.202] [DEBUG] trans - Receipt info:  {
	"blockHash": "0xf270ec6f8372c5f7619c94ea084323127e5c39932f7f3f745ac143be843c2410",
	"blockNumber": 5473280,
	"contractAddress": null,
	"cumulativeGasUsed": 6259720,
	"gasUsed": 51589,
	"logs": [
		{
			"address": "0x7e9e431a0B8c4D532C745B1043c7FA29a48D4fBa",
			"blockHash": "0xf270ec6f8372c5f7619c94ea084323127e5c39932f7f3f745ac143be843c2410",
			"blockNumber": 5473280,
			"data": "0x00000000000000000000000000000000000000000000000beed6f787ebff0000",
			"logIndex": 118,
			"topics": [
				"0xddf252ad1be2c89b69c2b068fc378daa952ba7f163c4a11628f55a4df523b3ef",
				"0x000000000000000000000000468b858c964f297fd8fce058032bf4b4911a8ad8",
				"0x000000000000000000000000bc48140d3505a9a19eaeec8eff77bad3099c17e2"
			],
			"transactionHash": "0xad2913dd904269e925e4eb78d7f2718d0a1cd0e917f5ec5f4ff236acff4b9453",
			"transactionIndex": 173,
			"transactionLogIndex": "0x0",
			"type": "mined",
			"id": "log_f5d351e5"
		}
	],
	"logsBloom": "0x00000000000000000000000000020000000000000000000000000000000000000000000000000000000000000000000000000000000000000000000000000000000000000000810000000008000000000000000000000000000000000020000000000000000000000000000000000000000000000000000000000010000000000000000000000000000000000000000000000000000000000000000000000000000000000000000080000000000000000000000000000000000000010000800000001002000000000000000000000400000000000000000000000000000000000000000000000000000000000000000000000000000000000000000000000000",
	"root": null,
	"status": "0x1",
	"transactionHash": "0xad2913dd904269e925e4eb78d7f2718d0a1cd0e917f5ec5f4ff236acff4b9453",
	"transactionIndex": 173
}
[2018-04-20T09:56:55.203] [DEBUG] trans - TO:   0xfb0fe77120c6b56b11fe42bc8296c3508a46bc9c
[2018-04-20T09:56:55.203] [DEBUG] trans - AMOUNT:   220129100000000000000
[2018-04-20T09:56:55.203] [DEBUG] trans - Receipt info:  {
	"blockHash": "0xf270ec6f8372c5f7619c94ea084323127e5c39932f7f3f745ac143be843c2410",
	"blockNumber": 5473280,
	"contractAddress": null,
	"cumulativeGasUsed": 6208131,
	"gasUsed": 51653,
	"logs": [
		{
			"address": "0x7e9e431a0B8c4D532C745B1043c7FA29a48D4fBa",
			"blockHash": "0xf270ec6f8372c5f7619c94ea084323127e5c39932f7f3f745ac143be843c2410",
			"blockNumber": 5473280,
			"data": "0x00000000000000000000000000000000000000000000000beee7aa27f270c000",
			"logIndex": 117,
			"topics": [
				"0xddf252ad1be2c89b69c2b068fc378daa952ba7f163c4a11628f55a4df523b3ef",
				"0x000000000000000000000000468b858c964f297fd8fce058032bf4b4911a8ad8",
				"0x000000000000000000000000fb0fe77120c6b56b11fe42bc8296c3508a46bc9c"
			],
			"transactionHash": "0xe3b7a72c958b63dc9f8fe904a5823a2f08e3e5b138a091945475e928abcc68dc",
			"transactionIndex": 172,
			"transactionLogIndex": "0x0",
			"type": "mined",
			"id": "log_40e71c75"
		}
	],
	"logsBloom": "0x00000000000000000000000000020000000008000000000000000000800000000000000000000000000000000000000000000000000000008000000000000000000000000000010000000008000000000000000000000000000000000020000000000000000000000000000000000000000000000000000000000010000000000000000000000000000000000000000000000000000000000000000000000000000000000000000080000000000000000000000000000000000000010000000000001002000000000000000000000000000000000000000000000000000000000000000000000000000000000000000000000000000000000000000000000000",
	"root": null,
	"status": "0x1",
	"transactionHash": "0xe3b7a72c958b63dc9f8fe904a5823a2f08e3e5b138a091945475e928abcc68dc",
	"transactionIndex": 172
}
[2018-04-20T09:56:55.203] [DEBUG] trans - TO:   0xe7727f4fd449b3b0bec396112f092067c3137aa0
[2018-04-20T09:56:55.203] [DEBUG] trans - AMOUNT:   220151600000000000000
[2018-04-20T09:56:55.203] [DEBUG] trans - Receipt info:  {
	"blockHash": "0xf270ec6f8372c5f7619c94ea084323127e5c39932f7f3f745ac143be843c2410",
	"blockNumber": 5473280,
	"contractAddress": null,
	"cumulativeGasUsed": 6053236,
	"gasUsed": 51589,
	"logs": [
		{
			"address": "0x7e9e431a0B8c4D532C745B1043c7FA29a48D4fBa",
			"blockHash": "0xf270ec6f8372c5f7619c94ea084323127e5c39932f7f3f745ac143be843c2410",
			"blockNumber": 5473280,
			"data": "0x00000000000000000000000000000000000000000000000bef3799c96de30000",
			"logIndex": 114,
			"topics": [
				"0xddf252ad1be2c89b69c2b068fc378daa952ba7f163c4a11628f55a4df523b3ef",
				"0x000000000000000000000000468b858c964f297fd8fce058032bf4b4911a8ad8",
				"0x000000000000000000000000e7727f4fd449b3b0bec396112f092067c3137aa0"
			],
			"transactionHash": "0xd3d183d3e744a9fc5aa9ac8fb64ecf89238569179205b7186920903cd0a78f6b",
			"transactionIndex": 169,
			"transactionLogIndex": "0x0",
			"type": "mined",
			"id": "log_2cd1bbcd"
		}
	],
	"logsBloom": "0x00200000000000000000000000020000000000000000000000000000000000000000000000000000000000000000000000000000000000000000000000000000000000000000010000000008000000000000000000000000000000000020000000000000000000000000000000000000000000000000000000000010000000000000000000000000000000000000000000000000000000000000000000000000000000000000000080000000000000000000000000000000000000010000000800001002000000000000000000000000000000000000000000000200000000000000000000000000000000000000000000000000000000000000000000000000",
	"root": null,
	"status": "0x1",
	"transactionHash": "0xd3d183d3e744a9fc5aa9ac8fb64ecf89238569179205b7186920903cd0a78f6b",
	"transactionIndex": 169
}
[2018-04-20T09:56:55.203] [DEBUG] trans - TO:   0x16d990cbce68545c142a3fb0c7fa0f74b59d498d
[2018-04-20T09:56:55.204] [DEBUG] trans - AMOUNT:   220110600000000000000
[2018-04-20T09:56:55.204] [DEBUG] trans - Receipt info:  {
	"blockHash": "0xf270ec6f8372c5f7619c94ea084323127e5c39932f7f3f745ac143be843c2410",
	"blockNumber": 5473280,
	"contractAddress": null,
	"cumulativeGasUsed": 6363026,
	"gasUsed": 51653,
	"logs": [
		{
			"address": "0x7e9e431a0B8c4D532C745B1043c7FA29a48D4fBa",
			"blockHash": "0xf270ec6f8372c5f7619c94ea084323127e5c39932f7f3f745ac143be843c2410",
			"blockNumber": 5473280,
			"data": "0x00000000000000000000000000000000000000000000000beea5f0810a188000",
			"logIndex": 120,
			"topics": [
				"0xddf252ad1be2c89b69c2b068fc378daa952ba7f163c4a11628f55a4df523b3ef",
				"0x000000000000000000000000468b858c964f297fd8fce058032bf4b4911a8ad8",
				"0x00000000000000000000000016d990cbce68545c142a3fb0c7fa0f74b59d498d"
			],
			"transactionHash": "0x48569b77a2841a718971e743b3eb1f71b75b8f3e4e356dd9f214dedff06cd5de",
			"transactionIndex": 175,
			"transactionLogIndex": "0x0",
			"type": "mined",
			"id": "log_242a3a52"
		}
	],
	"logsBloom": "0x00000000000000000000000000020000000000000000000000000000000000000000000000000000000000000000000000000000000000000000000000000000000000000000010000000008000000000000000000000000000000000020000000000000000000000000000000000000000000000000000000000010000000000000000000000000000000000000000000000000000000000000000000000000000000000000000080000000000000000000000000000000000000010000000000001002000000000000000000000000000000000000000000000000000002000000008000000000000000000000000000000020000000000000000000000000",
	"root": null,
	"status": "0x1",
	"transactionHash": "0x48569b77a2841a718971e743b3eb1f71b75b8f3e4e356dd9f214dedff06cd5de",
	"transactionIndex": 175
}
[2018-04-20T09:56:55.206] [DEBUG] trans - TO:   0x427742e22ccece4a8ea0307a795fa1dfba26bd66
[2018-04-20T09:56:55.206] [DEBUG] trans - AMOUNT:   220147800000000000000
[2018-04-20T09:56:55.206] [DEBUG] trans - Receipt info:  {
	"blockHash": "0xf270ec6f8372c5f7619c94ea084323127e5c39932f7f3f745ac143be843c2410",
	"blockNumber": 5473280,
	"contractAddress": null,
	"cumulativeGasUsed": 6156478,
	"gasUsed": 51653,
	"logs": [
		{
			"address": "0x7e9e431a0B8c4D532C745B1043c7FA29a48D4fBa",
			"blockHash": "0xf270ec6f8372c5f7619c94ea084323127e5c39932f7f3f745ac143be843c2410",
			"blockNumber": 5473280,
			"data": "0x00000000000000000000000000000000000000000000000bef2a19b4fbbd8000",
			"logIndex": 116,
			"topics": [
				"0xddf252ad1be2c89b69c2b068fc378daa952ba7f163c4a11628f55a4df523b3ef",
				"0x000000000000000000000000468b858c964f297fd8fce058032bf4b4911a8ad8",
				"0x000000000000000000000000427742e22ccece4a8ea0307a795fa1dfba26bd66"
			],
			"transactionHash": "0x45a36c1ddd73420b0d9586a835ddcce2b6310241e88b726a7db1f5d3a80f96f5",
			"transactionIndex": 171,
			"transactionLogIndex": "0x0",
			"type": "mined",
			"id": "log_820aa100"
		}
	],
	"logsBloom": "0x00000000000000000000000000020000000000000000000000000000000000000000000000000000000000000000000000000000000000000000000000000000000000000800010000000008000000000000000000000000000000000020000000000000000000000000000000400000000000000000000000000010000000000000000000000000000000000000000000000000000000000100000000000000000000000000000080000000000000000000000000000000000000010000000000001002000000000000000000000000000000000000000000000000000000000000000000000000000000000000000000000000000000000000000000000000",
	"root": null,
	"status": "0x1",
	"transactionHash": "0x45a36c1ddd73420b0d9586a835ddcce2b6310241e88b726a7db1f5d3a80f96f5",
	"transactionIndex": 171
}
[2018-04-20T09:56:55.208] [DEBUG] trans - TO:   0x5446bc00dc1fb185e39bc32be6bc469fe283adf7
[2018-04-20T09:56:55.208] [DEBUG] trans - AMOUNT:   220050000000000000000
[2018-04-20T09:56:55.208] [DEBUG] trans - Receipt info:  {
	"blockHash": "0xf270ec6f8372c5f7619c94ea084323127e5c39932f7f3f745ac143be843c2410",
	"blockNumber": 5473280,
	"contractAddress": null,
	"cumulativeGasUsed": 6672688,
	"gasUsed": 51525,
	"logs": [
		{
			"address": "0x7e9e431a0B8c4D532C745B1043c7FA29a48D4fBa",
			"blockHash": "0xf270ec6f8372c5f7619c94ea084323127e5c39932f7f3f745ac143be843c2410",
			"blockNumber": 5473280,
			"data": "0x00000000000000000000000000000000000000000000000bedcea52008b50000",
			"logIndex": 126,
			"topics": [
				"0xddf252ad1be2c89b69c2b068fc378daa952ba7f163c4a11628f55a4df523b3ef",
				"0x000000000000000000000000468b858c964f297fd8fce058032bf4b4911a8ad8",
				"0x0000000000000000000000005446bc00dc1fb185e39bc32be6bc469fe283adf7"
			],
			"transactionHash": "0xf817f7bcef4493b7f3a9f27da8769a679594ae471f8d4094c2cf2d9a7b36b9b0",
			"transactionIndex": 181,
			"transactionLogIndex": "0x0",
			"type": "mined",
			"id": "log_cdf5808e"
		}
	],
	"logsBloom": "0x00000000000000000000000000020000000000000000000000000000000000000000001000000000000000000000000000000000000000000000000000000000000000000000010000000008000000000000000000000000000000000020000000000000000000000000000000000000000000000000000000000010000000000000000000000000000000000000000000000000000000000000000000000000000000000000000080000000000000000000000000000000000000010000000000001002000000000000000000000000000000000000000000000000000000000000010000000000000000000000001000000000000000000000000000000000",
	"root": null,
	"status": "0x1",
	"transactionHash": "0xf817f7bcef4493b7f3a9f27da8769a679594ae471f8d4094c2cf2d9a7b36b9b0",
	"transactionIndex": 181
}
[2018-04-20T09:56:55.214] [DEBUG] trans - TO:   0x4e088be2517e7f47b7109c8b6c4fbe80ea2e4ea8
[2018-04-20T09:56:55.214] [DEBUG] trans - AMOUNT:   220063400000000000000
[2018-04-20T09:56:55.214] [DEBUG] trans - Receipt info:  {
	"blockHash": "0xf270ec6f8372c5f7619c94ea084323127e5c39932f7f3f745ac143be843c2410",
	"blockNumber": 5473280,
	"contractAddress": null,
	"cumulativeGasUsed": 6569574,
	"gasUsed": 51653,
	"logs": [
		{
			"address": "0x7e9e431a0B8c4D532C745B1043c7FA29a48D4fBa",
			"blockHash": "0xf270ec6f8372c5f7619c94ea084323127e5c39932f7f3f745ac143be843c2410",
			"blockNumber": 5473280,
			"data": "0x00000000000000000000000000000000000000000000000bedfe405aa8b28000",
			"logIndex": 124,
			"topics": [
				"0xddf252ad1be2c89b69c2b068fc378daa952ba7f163c4a11628f55a4df523b3ef",
				"0x000000000000000000000000468b858c964f297fd8fce058032bf4b4911a8ad8",
				"0x0000000000000000000000004e088be2517e7f47b7109c8b6c4fbe80ea2e4ea8"
			],
			"transactionHash": "0x566a936be570daf66fc921120fed9cebf66040f41886062d3878d17a64a8a6aa",
			"transactionIndex": 179,
			"transactionLogIndex": "0x0",
			"type": "mined",
			"id": "log_b961e787"
		}
	],
	"logsBloom": "0x00000400000000000000000000020000000000000000000000000000000000000000000000000000000000000000000000000000000000000000000000000000000000000000010000000008000000000000000000000000000000000020000000000000000400000000000000000000000000000000000000000010000000000000000000000000000000000000000000000000400000000000000000000000000000000000000080000000000000000000000000000000000000010000000000001002000000000000000000000000000000000000000000000000000000000000000000000000000000000000000000000000000000000000000000000000",
	"root": null,
	"status": "0x1",
	"transactionHash": "0x566a936be570daf66fc921120fed9cebf66040f41886062d3878d17a64a8a6aa",
	"transactionIndex": 179
}
[2018-04-20T09:56:55.214] [DEBUG] trans - TO:   0x80a70b98862b6f23c902d3a6ed1a1ed41c1d9ade
[2018-04-20T09:56:55.215] [DEBUG] trans - AMOUNT:   220070900000000000000
[2018-04-20T09:56:55.215] [DEBUG] trans - Receipt info:  {
	"blockHash": "0xf270ec6f8372c5f7619c94ea084323127e5c39932f7f3f745ac143be843c2410",
	"blockNumber": 5473280,
	"contractAddress": null,
	"cumulativeGasUsed": 6517921,
	"gasUsed": 51653,
	"logs": [
		{
			"address": "0x7e9e431a0B8c4D532C745B1043c7FA29a48D4fBa",
			"blockHash": "0xf270ec6f8372c5f7619c94ea084323127e5c39932f7f3f745ac143be843c2410",
			"blockNumber": 5473280,
			"data": "0x00000000000000000000000000000000000000000000000bee18e5907c834000",
			"logIndex": 123,
			"topics": [
				"0xddf252ad1be2c89b69c2b068fc378daa952ba7f163c4a11628f55a4df523b3ef",
				"0x000000000000000000000000468b858c964f297fd8fce058032bf4b4911a8ad8",
				"0x00000000000000000000000080a70b98862b6f23c902d3a6ed1a1ed41c1d9ade"
			],
			"transactionHash": "0x7bd4f680c2cf7c7694ae5b4501ee2735ecd140079c8ff7c5bc09f580da4725bd",
			"transactionIndex": 178,
			"transactionLogIndex": "0x0",
			"type": "mined",
			"id": "log_5253079c"
		}
	],
	"logsBloom": "0x00000000000000000000000000020000000000000000000000000000000000000000000000000000000000000000001000000000000000000000000000000000000000000000010000000008000000000000000000000000000000000020000000000000000000000000000000000000000000000000000000000010000000000000000000000000000000000000000000000000000000000000000000000000000000000000000080000000000020000000000000000000000000010000000000001002000000000000000000000000000000000000000000000000000000000000000000000000000000000000000000000000000400000000000000000000",
	"root": null,
	"status": "0x1",
	"transactionHash": "0x7bd4f680c2cf7c7694ae5b4501ee2735ecd140079c8ff7c5bc09f580da4725bd",
	"transactionIndex": 178
}
[2018-04-20T09:56:55.215] [DEBUG] trans - TO:   0x776866761ea3ecf8f7e42f967675b7893bf59a4f
[2018-04-20T09:56:55.215] [DEBUG] trans - AMOUNT:   220052000000000000000
[2018-04-20T09:56:55.215] [DEBUG] trans - Receipt info:  {
	"blockHash": "0xf270ec6f8372c5f7619c94ea084323127e5c39932f7f3f745ac143be843c2410",
	"blockNumber": 5473280,
	"contractAddress": null,
	"cumulativeGasUsed": 6621163,
	"gasUsed": 51589,
	"logs": [
		{
			"address": "0x7e9e431a0B8c4D532C745B1043c7FA29a48D4fBa",
			"blockHash": "0xf270ec6f8372c5f7619c94ea084323127e5c39932f7f3f745ac143be843c2410",
			"blockNumber": 5473280,
			"data": "0x00000000000000000000000000000000000000000000000bedd5c01d52420000",
			"logIndex": 125,
			"topics": [
				"0xddf252ad1be2c89b69c2b068fc378daa952ba7f163c4a11628f55a4df523b3ef",
				"0x000000000000000000000000468b858c964f297fd8fce058032bf4b4911a8ad8",
				"0x000000000000000000000000776866761ea3ecf8f7e42f967675b7893bf59a4f"
			],
			"transactionHash": "0x5082f61bb046250c5b92b7154b55dfa253f4c365adcc4586f9269918edf53ce8",
			"transactionIndex": 180,
			"transactionLogIndex": "0x0",
			"type": "mined",
			"id": "log_878436c5"
		}
	],
	"logsBloom": "0x00000000000000000000000000020000000000000000000000000000000000000000000000000000000000000000000000000000000000000000000000000000000000000000010000000008000000000000000000000000000000000020000000000000000000000000000000000000000000000000000000000010000000004000000000000000000000000000000000000000000000000000000000000000000000000000000080800000000000000800000000000000000000010000000000001002000000000000000000000000000000000000000000000000000000000000000000000000000000000000000000000000000000000000000000000000",
	"root": null,
	"status": "0x1",
	"transactionHash": "0x5082f61bb046250c5b92b7154b55dfa253f4c365adcc4586f9269918edf53ce8",
	"transactionIndex": 180
}
[2018-04-20T09:56:55.219] [DEBUG] trans - TO:   0x50a4d09e23637efa381c7e4511a1004cb09f8c5f
[2018-04-20T09:56:55.219] [DEBUG] trans - AMOUNT:   220019500000000000000
[2018-04-20T09:56:55.219] [DEBUG] trans - Receipt info:  {
	"blockHash": "0xf270ec6f8372c5f7619c94ea084323127e5c39932f7f3f745ac143be843c2410",
	"blockNumber": 5473280,
	"contractAddress": null,
	"cumulativeGasUsed": 6827519,
	"gasUsed": 51589,
	"logs": [
		{
			"address": "0x7e9e431a0B8c4D532C745B1043c7FA29a48D4fBa",
			"blockHash": "0xf270ec6f8372c5f7619c94ea084323127e5c39932f7f3f745ac143be843c2410",
			"blockNumber": 5473280,
			"data": "0x00000000000000000000000000000000000000000000000bed624989670ec000",
			"logIndex": 129,
			"topics": [
				"0xddf252ad1be2c89b69c2b068fc378daa952ba7f163c4a11628f55a4df523b3ef",
				"0x000000000000000000000000468b858c964f297fd8fce058032bf4b4911a8ad8",
				"0x00000000000000000000000050a4d09e23637efa381c7e4511a1004cb09f8c5f"
			],
			"transactionHash": "0x99bd5466df52daae184642f61a7f6683ab2d92586e053b0abb0613b646ec177b",
			"transactionIndex": 184,
			"transactionLogIndex": "0x0",
			"type": "mined",
			"id": "log_9eda4388"
		}
	],
	"logsBloom": "0x00000000000000000000000000020000000000000000000000000000000000000000000000000000000000000000000000000000200000000000000000000000000000000000010000000008000000000000000000000000000000000020000020000100000000000000000000000000000000000000000000000010000000000000000000000000000000000000000000000000000000000000000000000000000000000000000080000000000000000000000000000000000000010000000000001002000000000000000000000000000000000000000000000000000000000000000000000000000000000000000000000000000000000000000000000000",
	"root": null,
	"status": "0x1",
	"transactionHash": "0x99bd5466df52daae184642f61a7f6683ab2d92586e053b0abb0613b646ec177b",
	"transactionIndex": 184
}
[2018-04-20T09:56:55.219] [DEBUG] trans - TO:   0x5fb2f31759386a16c3620b638d9dd98faa4cccff
[2018-04-20T09:56:55.219] [DEBUG] trans - AMOUNT:   220030000000000000000
[2018-04-20T09:56:55.220] [DEBUG] trans - Receipt info:  {
	"blockHash": "0xf270ec6f8372c5f7619c94ea084323127e5c39932f7f3f745ac143be843c2410",
	"blockNumber": 5473280,
	"contractAddress": null,
	"cumulativeGasUsed": 6775930,
	"gasUsed": 51589,
	"logs": [
		{
			"address": "0x7e9e431a0B8c4D532C745B1043c7FA29a48D4fBa",
			"blockHash": "0xf270ec6f8372c5f7619c94ea084323127e5c39932f7f3f745ac143be843c2410",
			"blockNumber": 5473280,
			"data": "0x00000000000000000000000000000000000000000000000bed87973b29330000",
			"logIndex": 128,
			"topics": [
				"0xddf252ad1be2c89b69c2b068fc378daa952ba7f163c4a11628f55a4df523b3ef",
				"0x000000000000000000000000468b858c964f297fd8fce058032bf4b4911a8ad8",
				"0x0000000000000000000000005fb2f31759386a16c3620b638d9dd98faa4cccff"
			],
			"transactionHash": "0x8d7b5a0b8af0575b104c4b8bbcfde85507462581005e58c72eacd971d271d490",
			"transactionIndex": 183,
			"transactionLogIndex": "0x0",
			"type": "mined",
			"id": "log_ac3108d0"
		}
	],
	"logsBloom": "0x00000000000000000000000000020000000000000000000000000000000000000000000000000000000000000000000000000000000000000000000000000000000000000000010000000008000000000000000000000000000000000020000000000000000000000000000000000000000800000000000000000010000000000000000000000000000000000000000000000000400000000000000000000000000000000000000080000000000000000000000000000000000000010000000000001002000000000000000000000000000000000000000000000000000000000000000000000001000000000000000000000000000000000000000000000000",
	"root": null,
	"status": "0x1",
	"transactionHash": "0x8d7b5a0b8af0575b104c4b8bbcfde85507462581005e58c72eacd971d271d490",
	"transactionIndex": 183
}
[2018-04-20T09:56:55.221] [DEBUG] trans - TO:   0x9cfd81acd49f4e2215c5f3556ca6b80948ca5d62
[2018-04-20T09:56:55.221] [DEBUG] trans - AMOUNT:   220045700000000000000
[2018-04-20T09:56:55.221] [DEBUG] trans - Receipt info:  {
	"blockHash": "0xf270ec6f8372c5f7619c94ea084323127e5c39932f7f3f745ac143be843c2410",
	"blockNumber": 5473280,
	"contractAddress": null,
	"cumulativeGasUsed": 6724341,
	"gasUsed": 51653,
	"logs": [
		{
			"address": "0x7e9e431a0B8c4D532C745B1043c7FA29a48D4fBa",
			"blockHash": "0xf270ec6f8372c5f7619c94ea084323127e5c39932f7f3f745ac143be843c2410",
			"blockNumber": 5473280,
			"data": "0x00000000000000000000000000000000000000000000000bedbf5e4c442c4000",
			"logIndex": 127,
			"topics": [
				"0xddf252ad1be2c89b69c2b068fc378daa952ba7f163c4a11628f55a4df523b3ef",
				"0x000000000000000000000000468b858c964f297fd8fce058032bf4b4911a8ad8",
				"0x0000000000000000000000009cfd81acd49f4e2215c5f3556ca6b80948ca5d62"
			],
			"transactionHash": "0xcdbab441e82863d02a2d3bf0ba14e7134dc195c887d24d98146b70098457125c",
			"transactionIndex": 182,
			"transactionLogIndex": "0x0",
			"type": "mined",
			"id": "log_ec579623"
		}
	],
	"logsBloom": "0x00000000000000000000000000020000000000000000000000000000000000000000000000000000000000000000000000000000000000000000000000000000000000000000010000000008000000000000000000000000000000000020000000000000000000000000000000000000000000000000000000000010000000000000000000001000000000000000000000000000000000000000000000000000000000000000000080000000000000000000000000040000000000410000000000001002000000000000000000000000000000000000000000000000000000000000000000000000000000000000000000000000000000000000000000000000",
	"root": null,
	"status": "0x1",
	"transactionHash": "0xcdbab441e82863d02a2d3bf0ba14e7134dc195c887d24d98146b70098457125c",
	"transactionIndex": 182
}
[2018-04-20T09:56:55.221] [DEBUG] trans - TO:   0x70102d92751beb099410131fae35ff6bc610ecbd
[2018-04-20T09:56:55.221] [DEBUG] trans - AMOUNT:   220123500000000000000
[2018-04-20T09:56:55.221] [DEBUG] trans - Receipt info:  {
	"blockHash": "0xf270ec6f8372c5f7619c94ea084323127e5c39932f7f3f745ac143be843c2410",
	"blockNumber": 5473280,
	"contractAddress": null,
	"cumulativeGasUsed": 6311373,
	"gasUsed": 51653,
	"logs": [
		{
			"address": "0x7e9e431a0B8c4D532C745B1043c7FA29a48D4fBa",
			"blockHash": "0xf270ec6f8372c5f7619c94ea084323127e5c39932f7f3f745ac143be843c2410",
			"blockNumber": 5473280,
			"data": "0x00000000000000000000000000000000000000000000000beed3c4fc57b2c000",
			"logIndex": 119,
			"topics": [
				"0xddf252ad1be2c89b69c2b068fc378daa952ba7f163c4a11628f55a4df523b3ef",
				"0x000000000000000000000000468b858c964f297fd8fce058032bf4b4911a8ad8",
				"0x00000000000000000000000070102d92751beb099410131fae35ff6bc610ecbd"
			],
			"transactionHash": "0x1da72209fc6a720a58d1a8d88c26e0fb1a2944ebcd3e8efbe05f6b3b7c75a2a9",
			"transactionIndex": 174,
			"transactionLogIndex": "0x0",
			"type": "mined",
			"id": "log_9e462e4c"
		}
	],
	"logsBloom": "0x00000000000000000000000000020000000000000000000000000000000000000000000000000000000000000000000000000000000000000000000000000000000000000000010000000008000000000000000000000000000000000020000000000000000000000000000000000000000000000000000000000010000000000000000000000000000000000000000000000000000000000000000000000000000000002000000080000000000000000000000000000000000000010000000000001002000000800000000000000000000000000000000010000000000000000000000000000000000000000000000000000000000000000000000000000000",
	"root": null,
	"status": "0x1",
	"transactionHash": "0x1da72209fc6a720a58d1a8d88c26e0fb1a2944ebcd3e8efbe05f6b3b7c75a2a9",
	"transactionIndex": 174
}
[2018-04-20T09:56:55.222] [DEBUG] trans - TO:   0xaf655c390fdb63c1616047a901dcc55ed5ca2bdd
[2018-04-20T09:56:55.222] [DEBUG] trans - AMOUNT:   220000900000000000000
[2018-04-20T09:56:55.222] [DEBUG] trans - Receipt info:  {
	"blockHash": "0xf270ec6f8372c5f7619c94ea084323127e5c39932f7f3f745ac143be843c2410",
	"blockNumber": 5473280,
	"contractAddress": null,
	"cumulativeGasUsed": 7034003,
	"gasUsed": 51653,
	"logs": [
		{
			"address": "0x7e9e431a0B8c4D532C745B1043c7FA29a48D4fBa",
			"blockHash": "0xf270ec6f8372c5f7619c94ea084323127e5c39932f7f3f745ac143be843c2410",
			"blockNumber": 5473280,
			"data": "0x00000000000000000000000000000000000000000000000bed2034ef6e3c4000",
			"logIndex": 133,
			"topics": [
				"0xddf252ad1be2c89b69c2b068fc378daa952ba7f163c4a11628f55a4df523b3ef",
				"0x000000000000000000000000468b858c964f297fd8fce058032bf4b4911a8ad8",
				"0x000000000000000000000000af655c390fdb63c1616047a901dcc55ed5ca2bdd"
			],
			"transactionHash": "0xf89b13389bca9a3e6b8fc3ce5716fae5cf0fa543d64a5fe5b7cce492f8ee71ea",
			"transactionIndex": 188,
			"transactionLogIndex": "0x0",
			"type": "mined",
			"id": "log_23920025"
		}
	],
	"logsBloom": "0x00000000000000000000000000020000000000000000000000000000000000000000000000000200000000000000000000000001000000000000000000000000000000000000010080000008000000000000000000000000000000000020000000000000000000000000000000000000000000000000000000000010000000000000000000000000000000000000000000000000000000000000000000000000000000000000000080000000000000000000000000000000000000010000000000001002000000000000000000000000000000000000000000000000000000000000000000000000000000000000000000000000000000000000000000000000",
	"root": null,
	"status": "0x1",
	"transactionHash": "0xf89b13389bca9a3e6b8fc3ce5716fae5cf0fa543d64a5fe5b7cce492f8ee71ea",
	"transactionIndex": 188
}
[2018-04-20T09:56:55.227] [DEBUG] trans - TO:   0x7174d140279037ac34d26f02afe3510f45f4b7d7
[2018-04-20T09:56:55.227] [DEBUG] trans - AMOUNT:   220010000000000000000
[2018-04-20T09:56:55.227] [DEBUG] trans - Receipt info:  {
	"blockHash": "0xf270ec6f8372c5f7619c94ea084323127e5c39932f7f3f745ac143be843c2410",
	"blockNumber": 5473280,
	"contractAddress": null,
	"cumulativeGasUsed": 6982350,
	"gasUsed": 51589,
	"logs": [
		{
			"address": "0x7e9e431a0B8c4D532C745B1043c7FA29a48D4fBa",
			"blockHash": "0xf270ec6f8372c5f7619c94ea084323127e5c39932f7f3f745ac143be843c2410",
			"blockNumber": 5473280,
			"data": "0x00000000000000000000000000000000000000000000000bed40895649b10000",
			"logIndex": 132,
			"topics": [
				"0xddf252ad1be2c89b69c2b068fc378daa952ba7f163c4a11628f55a4df523b3ef",
				"0x000000000000000000000000468b858c964f297fd8fce058032bf4b4911a8ad8",
				"0x0000000000000000000000007174d140279037ac34d26f02afe3510f45f4b7d7"
			],
			"transactionHash": "0x41e5f326786aa5092d947f68424c54013b4f41a0fff1a85ad8efac38132b9f52",
			"transactionIndex": 187,
			"transactionLogIndex": "0x0",
			"type": "mined",
			"id": "log_3df98c17"
		}
	],
	"logsBloom": "0x00000000000000000000000000020000000000000000000000000008000000000000000000000000000000000000000000000000000000000000000000004000000000000000010000000008000000000000000000000000000000000020000000000000000004000000000000000000000000000000000000000010000000000000000000000000000000000000000000000000000000000000000000000000000000000000000080000000000000000000000000000000000000010000000000001002000000000000000000000000000000000000000000000000000000000000000000000000000000000000000000000000000000000000000000000000",
	"root": null,
	"status": "0x1",
	"transactionHash": "0x41e5f326786aa5092d947f68424c54013b4f41a0fff1a85ad8efac38132b9f52",
	"transactionIndex": 187
}
[2018-04-20T09:56:55.228] [DEBUG] trans - TO:   0xa18f62b13386361e75eeaa98acb9ac1f541b511e
[2018-04-20T09:56:55.228] [DEBUG] trans - AMOUNT:   220016700000000000000
[2018-04-20T09:56:55.228] [DEBUG] trans - Receipt info:  {
	"blockHash": "0xf270ec6f8372c5f7619c94ea084323127e5c39932f7f3f745ac143be843c2410",
	"blockNumber": 5473280,
	"contractAddress": null,
	"cumulativeGasUsed": 6930761,
	"gasUsed": 51653,
	"logs": [
		{
			"address": "0x7e9e431a0B8c4D532C745B1043c7FA29a48D4fBa",
			"blockHash": "0xf270ec6f8372c5f7619c94ea084323127e5c39932f7f3f745ac143be843c2410",
			"blockNumber": 5473280,
			"data": "0x00000000000000000000000000000000000000000000000bed5856f399afc000",
			"logIndex": 131,
			"topics": [
				"0xddf252ad1be2c89b69c2b068fc378daa952ba7f163c4a11628f55a4df523b3ef",
				"0x000000000000000000000000468b858c964f297fd8fce058032bf4b4911a8ad8",
				"0x000000000000000000000000a18f62b13386361e75eeaa98acb9ac1f541b511e"
			],
			"transactionHash": "0xbcfc4a64dd0c7a3e20b9e1a0f8bc32a69ca4d613ef2bb37fee63ccef84ee7b9a",
			"transactionIndex": 186,
			"transactionLogIndex": "0x0",
			"type": "mined",
			"id": "log_db0bea5f"
		}
	],
	"logsBloom": "0x00000000000000000000000000020000000000000000000000000000000000000000000000000000000000000000000000000000000000000000000000000000000000000000010000000008000000000000000000000000000000000060000000000000000000000000000000000000000000000000000000000010000000000000000000000000000000000000000000000000000000000000000000000000000000000000000080010000000000000000000000000000000000010000000000001002000001000000000000000000000000000000000000000000000000000000000000000000000000000000000000000000000000000000000000000000",
	"root": null,
	"status": "0x1",
	"transactionHash": "0xbcfc4a64dd0c7a3e20b9e1a0f8bc32a69ca4d613ef2bb37fee63ccef84ee7b9a",
	"transactionIndex": 186
}
[2018-04-20T09:56:55.228] [DEBUG] trans - TO:   0xb7484589b63a73e45962f19504d2929a597ab618
[2018-04-20T09:56:55.228] [DEBUG] trans - AMOUNT:   220018400000000000000
[2018-04-20T09:56:55.228] [DEBUG] trans - Receipt info:  {
	"blockHash": "0xf270ec6f8372c5f7619c94ea084323127e5c39932f7f3f745ac143be843c2410",
	"blockNumber": 5473280,
	"contractAddress": null,
	"cumulativeGasUsed": 6879108,
	"gasUsed": 51589,
	"logs": [
		{
			"address": "0x7e9e431a0B8c4D532C745B1043c7FA29a48D4fBa",
			"blockHash": "0xf270ec6f8372c5f7619c94ea084323127e5c39932f7f3f745ac143be843c2410",
			"blockNumber": 5473280,
			"data": "0x00000000000000000000000000000000000000000000000bed5e6117b1ce0000",
			"logIndex": 130,
			"topics": [
				"0xddf252ad1be2c89b69c2b068fc378daa952ba7f163c4a11628f55a4df523b3ef",
				"0x000000000000000000000000468b858c964f297fd8fce058032bf4b4911a8ad8",
				"0x000000000000000000000000b7484589b63a73e45962f19504d2929a597ab618"
			],
			"transactionHash": "0x80ba8647110cd068a017319e297b949b7c2596f0c77d98cb5c0002e3abc6c4e3",
			"transactionIndex": 185,
			"transactionLogIndex": "0x0",
			"type": "mined",
			"id": "log_4948c8e5"
		}
	],
	"logsBloom": "0x00000000000010000000000000020000000000000000000000000000000000000000000002000000000000000000000000000000000000000000000000000000000000000000010000000008000000000000000000000000000000000020000000000000000008000000000000000000000000000000000000000010000000000000000000000000000000000000000000000000000000000000000000000000000000000000000080000000000000000000000000000000000000010000000000001002000000000000000000000000000000000000000000000000000000000000000000000000000000000000000000000000000000000000000000000000",
	"root": null,
	"status": "0x1",
	"transactionHash": "0x80ba8647110cd068a017319e297b949b7c2596f0c77d98cb5c0002e3abc6c4e3",
	"transactionIndex": 185
}
[2018-04-20T09:56:55.229] [DEBUG] trans - TO:   0x351ef98053957a37e5ffe39b2885f8935e649670
[2018-04-20T09:56:55.229] [DEBUG] trans - AMOUNT:   220000000000000000000
[2018-04-20T09:56:55.229] [DEBUG] trans - Receipt info:  {
	"blockHash": "0xf270ec6f8372c5f7619c94ea084323127e5c39932f7f3f745ac143be843c2410",
	"blockNumber": 5473280,
	"contractAddress": null,
	"cumulativeGasUsed": 7291948,
	"gasUsed": 51589,
	"logs": [
		{
			"address": "0x7e9e431a0B8c4D532C745B1043c7FA29a48D4fBa",
			"blockHash": "0xf270ec6f8372c5f7619c94ea084323127e5c39932f7f3f745ac143be843c2410",
			"blockNumber": 5473280,
			"data": "0x00000000000000000000000000000000000000000000000bed1d0263d9f00000",
			"logIndex": 138,
			"topics": [
				"0xddf252ad1be2c89b69c2b068fc378daa952ba7f163c4a11628f55a4df523b3ef",
				"0x000000000000000000000000468b858c964f297fd8fce058032bf4b4911a8ad8",
				"0x000000000000000000000000351ef98053957a37e5ffe39b2885f8935e649670"
			],
			"transactionHash": "0x55430c719630f1cf49d15cd9142efb91e26687bae77c5197e088adf2b8ec6c10",
			"transactionIndex": 193,
			"transactionLogIndex": "0x0",
			"type": "mined",
			"id": "log_240d8ff2"
		}
	],
	"logsBloom": "0x00000000000000000000000000020000000000000000000000000000000000000000000000000000000000000000000000000000000000000000000000000000000000000000010000000008000000000000000000000000000000000020000000000000000000000000000000000000000000000000000100000010000000000000000000000000000000000000000000000000000000000000000000004000000000000000000080000000000000000000000000000000000000010000000000001002000000000000000000000000000000000000000000000000000100000000000000000000000000000000000000000000000000000000000000000000",
	"root": null,
	"status": "0x1",
	"transactionHash": "0x55430c719630f1cf49d15cd9142efb91e26687bae77c5197e088adf2b8ec6c10",
	"transactionIndex": 193
}
[2018-04-20T09:56:55.231] [DEBUG] trans - TO:   0x056a444229f695e6ad0b4fc58b4d13f8c741dc99
[2018-04-20T09:56:55.231] [DEBUG] trans - AMOUNT:   220000000000000000000
[2018-04-20T09:56:55.231] [DEBUG] trans - Receipt info:  {
	"blockHash": "0xf270ec6f8372c5f7619c94ea084323127e5c39932f7f3f745ac143be843c2410",
	"blockNumber": 5473280,
	"contractAddress": null,
	"cumulativeGasUsed": 7137181,
	"gasUsed": 51589,
	"logs": [
		{
			"address": "0x7e9e431a0B8c4D532C745B1043c7FA29a48D4fBa",
			"blockHash": "0xf270ec6f8372c5f7619c94ea084323127e5c39932f7f3f745ac143be843c2410",
			"blockNumber": 5473280,
			"data": "0x00000000000000000000000000000000000000000000000bed1d0263d9f00000",
			"logIndex": 135,
			"topics": [
				"0xddf252ad1be2c89b69c2b068fc378daa952ba7f163c4a11628f55a4df523b3ef",
				"0x000000000000000000000000468b858c964f297fd8fce058032bf4b4911a8ad8",
				"0x000000000000000000000000056a444229f695e6ad0b4fc58b4d13f8c741dc99"
			],
			"transactionHash": "0xbb39afc9e8dd582d4141f05fb600f9f5652761f43cc047fe161e09bc9b18055a",
			"transactionIndex": 190,
			"transactionLogIndex": "0x0",
			"type": "mined",
			"id": "log_11ed44e3"
		}
	],
	"logsBloom": "0x00000000000020000000000000020000000000000000000000000000000000000000000000000000000000000000000000000000000000000000000000000000000000000000010000000008000000000000000000000000000000000020000000000000000000000000000000000000000000000000000000000010000000000000000000000000000000000000000000400000000000000000000000000000000000000000000081000000000000000000000000000000000000010000000000001002000000000000000000000000000000000000000000000000000000000000000000000000000000000000000000000000000000000000000000000000",
	"root": null,
	"status": "0x1",
	"transactionHash": "0xbb39afc9e8dd582d4141f05fb600f9f5652761f43cc047fe161e09bc9b18055a",
	"transactionIndex": 190
}
[2018-04-20T09:56:55.233] [DEBUG] trans - TO:   0x3ca846f4e712edffbfb6be46c2cccd61fab35120
[2018-04-20T09:56:55.233] [DEBUG] trans - AMOUNT:   220000800000000000000
[2018-04-20T09:56:55.233] [DEBUG] trans - Receipt info:  {
	"blockHash": "0xf270ec6f8372c5f7619c94ea084323127e5c39932f7f3f745ac143be843c2410",
	"blockNumber": 5473280,
	"contractAddress": null,
	"cumulativeGasUsed": 7085592,
	"gasUsed": 51589,
	"logs": [
		{
			"address": "0x7e9e431a0B8c4D532C745B1043c7FA29a48D4fBa",
			"blockHash": "0xf270ec6f8372c5f7619c94ea084323127e5c39932f7f3f745ac143be843c2410",
			"blockNumber": 5473280,
			"data": "0x00000000000000000000000000000000000000000000000bed1fd9fc5dc20000",
			"logIndex": 134,
			"topics": [
				"0xddf252ad1be2c89b69c2b068fc378daa952ba7f163c4a11628f55a4df523b3ef",
				"0x000000000000000000000000468b858c964f297fd8fce058032bf4b4911a8ad8",
				"0x0000000000000000000000003ca846f4e712edffbfb6be46c2cccd61fab35120"
			],
			"transactionHash": "0x4c541a5ddfb9a09a6339f39e98df378bd269c0c20f7cb2b3200be968e8dd50a7",
			"transactionIndex": 189,
			"transactionLogIndex": "0x0",
			"type": "mined",
			"id": "log_36956123"
		}
	],
	"logsBloom": "0x00000000000000000008000000020000000000000000000000000000000000000000000000000000000000000000000000000000000000000000000001000000000000000000010000000008000000000000000000000000000000000020000000000000000000000000000000000000000000000000000000000010000000000000000000000000000000000000000000000000000000000000000000000000000000000000000080000000000000000000000000000000000000010000000000001002000000000000000000000000000000000000000000000000000000000000000000000000000000000000000000000000000000000000080000000000",
	"root": null,
	"status": "0x1",
	"transactionHash": "0x4c541a5ddfb9a09a6339f39e98df378bd269c0c20f7cb2b3200be968e8dd50a7",
	"transactionIndex": 189
}
[2018-04-20T09:56:55.234] [DEBUG] trans - TO:   0x1a5f89dc0dae29c8eef60408d1c0f11f29edbad7
[2018-04-20T09:56:55.234] [DEBUG] trans - AMOUNT:   220000000000000000000
[2018-04-20T09:56:55.234] [DEBUG] trans - Receipt info:  {
	"blockHash": "0xf270ec6f8372c5f7619c94ea084323127e5c39932f7f3f745ac143be843c2410",
	"blockNumber": 5473280,
	"contractAddress": null,
	"cumulativeGasUsed": 7188770,
	"gasUsed": 51589,
	"logs": [
		{
			"address": "0x7e9e431a0B8c4D532C745B1043c7FA29a48D4fBa",
			"blockHash": "0xf270ec6f8372c5f7619c94ea084323127e5c39932f7f3f745ac143be843c2410",
			"blockNumber": 5473280,
			"data": "0x00000000000000000000000000000000000000000000000bed1d0263d9f00000",
			"logIndex": 136,
			"topics": [
				"0xddf252ad1be2c89b69c2b068fc378daa952ba7f163c4a11628f55a4df523b3ef",
				"0x000000000000000000000000468b858c964f297fd8fce058032bf4b4911a8ad8",
				"0x0000000000000000000000001a5f89dc0dae29c8eef60408d1c0f11f29edbad7"
			],
			"transactionHash": "0x382c58789c0bc4d98ce4d50e6a8e27f5ecba2f4c117bce4309e9de6616a0feff",
			"transactionIndex": 191,
			"transactionLogIndex": "0x0",
			"type": "mined",
			"id": "log_ce0c26e6"
		}
	],
	"logsBloom": "0x00000000000000000000000000020000000000000000000000000000000040000000000000000000000000000000000000000000000000000000000000000000000000000000010000000008000000000000000000000000000000000020000020000000000000000000000000000000000000000000000000000010000000000000000000000000000000000000000000000000000000000000000000000000000000000000000080000000000000000000000000000000000000010000000000001002000000004000000000000000000000000000000000000000000000000000000000000000000000000000000000000000000000000000000000000000",
	"root": null,
	"status": "0x1",
	"transactionHash": "0x382c58789c0bc4d98ce4d50e6a8e27f5ecba2f4c117bce4309e9de6616a0feff",
	"transactionIndex": 191
}
[2018-04-20T09:56:55.234] [DEBUG] trans - TO:   0x48f114a1d2ce9a19549574829427e682555048e8
[2018-04-20T09:56:55.234] [DEBUG] trans - AMOUNT:   220000000000000000000
[2018-04-20T09:56:55.234] [DEBUG] trans - Receipt info:  {
	"blockHash": "0xf270ec6f8372c5f7619c94ea084323127e5c39932f7f3f745ac143be843c2410",
	"blockNumber": 5473280,
	"contractAddress": null,
	"cumulativeGasUsed": 7395126,
	"gasUsed": 51589,
	"logs": [
		{
			"address": "0x7e9e431a0B8c4D532C745B1043c7FA29a48D4fBa",
			"blockHash": "0xf270ec6f8372c5f7619c94ea084323127e5c39932f7f3f745ac143be843c2410",
			"blockNumber": 5473280,
			"data": "0x00000000000000000000000000000000000000000000000bed1d0263d9f00000",
			"logIndex": 140,
			"topics": [
				"0xddf252ad1be2c89b69c2b068fc378daa952ba7f163c4a11628f55a4df523b3ef",
				"0x000000000000000000000000468b858c964f297fd8fce058032bf4b4911a8ad8",
				"0x00000000000000000000000048f114a1d2ce9a19549574829427e682555048e8"
			],
			"transactionHash": "0x6b23df2e88607a0111cef06c75206571204fe42389839922b43852c5d6c826d8",
			"transactionIndex": 195,
			"transactionLogIndex": "0x0",
			"type": "mined",
			"id": "log_37cb2cb1"
		}
	],
	"logsBloom": "0x00000000000000000000000000020000000000000000000000000000000000000000000200000000000000000000000000000000000000000000000000000000000000000000010000000008000000000000000000000000000000000020000000000000000000000000000000000000000000000000000000000010000000000000000000000000000000000000000000000000000000000000000000000000000000000000000080000000000000000000000000000000000000010000000000001002000000000000000000000000000000000000000000000000000000000000000000000000000000010000000000000000000000000000000000000000",
	"root": null,
	"status": "0x1",
	"transactionHash": "0x6b23df2e88607a0111cef06c75206571204fe42389839922b43852c5d6c826d8",
	"transactionIndex": 195
}
[2018-04-20T09:56:55.237] [DEBUG] trans - TO:   0x504729aeb36009b0d2ba441ffe5317fa6244328d
[2018-04-20T09:56:55.237] [DEBUG] trans - AMOUNT:   220000000000000000000
[2018-04-20T09:56:55.237] [DEBUG] trans - Receipt info:  {
	"blockHash": "0xf270ec6f8372c5f7619c94ea084323127e5c39932f7f3f745ac143be843c2410",
	"blockNumber": 5473280,
	"contractAddress": null,
	"cumulativeGasUsed": 7498240,
	"gasUsed": 51589,
	"logs": [
		{
			"address": "0x7e9e431a0B8c4D532C745B1043c7FA29a48D4fBa",
			"blockHash": "0xf270ec6f8372c5f7619c94ea084323127e5c39932f7f3f745ac143be843c2410",
			"blockNumber": 5473280,
			"data": "0x00000000000000000000000000000000000000000000000bed1d0263d9f00000",
			"logIndex": 142,
			"topics": [
				"0xddf252ad1be2c89b69c2b068fc378daa952ba7f163c4a11628f55a4df523b3ef",
				"0x000000000000000000000000468b858c964f297fd8fce058032bf4b4911a8ad8",
				"0x000000000000000000000000504729aeb36009b0d2ba441ffe5317fa6244328d"
			],
			"transactionHash": "0x0300ad410753bb75c329858714b1e7a8b9bdb0db24e9245c2a8dc025bec9515d",
			"transactionIndex": 197,
			"transactionLogIndex": "0x0",
			"type": "mined",
			"id": "log_dac413fb"
		}
	],
	"logsBloom": "0x00000000000000000000000000020000000000010000000000000000000000000000000000000000000000000000000000000000000000000000000000000000000000000000010000000008000000000000000000000000000000000020000000000000000000000000000000000000000000000000000000001010000000000000000000000000000000040000000000000000000000000000000000000000000000000000000080000000000000000000000000000000000000010000000000001002000000000000000000000000000000000000000000000000000000000000000000000000000000000000000000000000000000000000000000000000",
	"root": null,
	"status": "0x1",
	"transactionHash": "0x0300ad410753bb75c329858714b1e7a8b9bdb0db24e9245c2a8dc025bec9515d",
	"transactionIndex": 197
}
[2018-04-20T09:56:55.242] [DEBUG] trans - TO:   0x490c1551db3ba0ec984a05002783ec618949b9a0
[2018-04-20T09:56:55.242] [DEBUG] trans - AMOUNT:   220000000000000000000
[2018-04-20T09:56:55.242] [DEBUG] trans - Receipt info:  {
	"blockHash": "0xf270ec6f8372c5f7619c94ea084323127e5c39932f7f3f745ac143be843c2410",
	"blockNumber": 5473280,
	"contractAddress": null,
	"cumulativeGasUsed": 7446651,
	"gasUsed": 51525,
	"logs": [
		{
			"address": "0x7e9e431a0B8c4D532C745B1043c7FA29a48D4fBa",
			"blockHash": "0xf270ec6f8372c5f7619c94ea084323127e5c39932f7f3f745ac143be843c2410",
			"blockNumber": 5473280,
			"data": "0x00000000000000000000000000000000000000000000000bed1d0263d9f00000",
			"logIndex": 141,
			"topics": [
				"0xddf252ad1be2c89b69c2b068fc378daa952ba7f163c4a11628f55a4df523b3ef",
				"0x000000000000000000000000468b858c964f297fd8fce058032bf4b4911a8ad8",
				"0x000000000000000000000000490c1551db3ba0ec984a05002783ec618949b9a0"
			],
			"transactionHash": "0xebee0f82fe7c32a711764a496deae6d7c53928578c8ffdead0a9f2720d457490",
			"transactionIndex": 196,
			"transactionLogIndex": "0x0",
			"type": "mined",
			"id": "log_07d10f48"
		}
	],
	"logsBloom": "0x00000000000000000000000000020000000000000000000000000000000000000000000000000000000000000000000000000000000000000000000000000000000000000000010000000008000000000000000000000000000000000020000000000000000000000000000000000000000000000000000000000010000000000000000000000000000000010000000000000000000000000000000000000000000000000000000080000000000000001000000000000000000000010000000000001002000000000000000000000000000000000000000000000000000000000000000000000000000000000000000000020000000000000000000000000000",
	"root": null,
	"status": "0x1",
	"transactionHash": "0xebee0f82fe7c32a711764a496deae6d7c53928578c8ffdead0a9f2720d457490",
	"transactionIndex": 196
}
[2018-04-20T09:56:55.242] [DEBUG] trans - TO:   0x4781fce27fec8961340d326741370d860bcccb6a
[2018-04-20T09:56:55.242] [DEBUG] trans - AMOUNT:   220000000000000000000
[2018-04-20T09:56:55.242] [DEBUG] trans - Receipt info:  {
	"blockHash": "0xf270ec6f8372c5f7619c94ea084323127e5c39932f7f3f745ac143be843c2410",
	"blockNumber": 5473280,
	"contractAddress": null,
	"cumulativeGasUsed": 7343537,
	"gasUsed": 51589,
	"logs": [
		{
			"address": "0x7e9e431a0B8c4D532C745B1043c7FA29a48D4fBa",
			"blockHash": "0xf270ec6f8372c5f7619c94ea084323127e5c39932f7f3f745ac143be843c2410",
			"blockNumber": 5473280,
			"data": "0x00000000000000000000000000000000000000000000000bed1d0263d9f00000",
			"logIndex": 139,
			"topics": [
				"0xddf252ad1be2c89b69c2b068fc378daa952ba7f163c4a11628f55a4df523b3ef",
				"0x000000000000000000000000468b858c964f297fd8fce058032bf4b4911a8ad8",
				"0x0000000000000000000000004781fce27fec8961340d326741370d860bcccb6a"
			],
			"transactionHash": "0x8c62f4728e95e4f43178128d794bf1ce53d92eb6e3e7ef8008a9997bbf43962f",
			"transactionIndex": 194,
			"transactionLogIndex": "0x0",
			"type": "mined",
			"id": "log_f0317c50"
		}
	],
	"logsBloom": "0x00000000040000000000000000020000000000000000000000000000000000000000000000000000000000000000000000000000000000000000000000000000000000000000010000000008000000000000000000000000000000000020000000000000000000000000000000000000000080000000000000000010000000000000000000000000000000000000000000000000000000000000000000000000000000000080000080000000000000000000000000000000000000010000000000001002000000000000000000000000000000000000000000000000000000000000000000000000000000000000000000000000000000000000000000000000",
	"root": null,
	"status": "0x1",
	"transactionHash": "0x8c62f4728e95e4f43178128d794bf1ce53d92eb6e3e7ef8008a9997bbf43962f",
	"transactionIndex": 194
}
[2018-04-20T09:56:55.243] [DEBUG] trans - TO:   0x7e69c16698f303ea2226b57d96d2352a7493cb85
[2018-04-20T09:56:55.243] [DEBUG] trans - AMOUNT:   220000000000000000000
[2018-04-20T09:56:55.243] [DEBUG] trans - Receipt info:  {
	"blockHash": "0xf270ec6f8372c5f7619c94ea084323127e5c39932f7f3f745ac143be843c2410",
	"blockNumber": 5473280,
	"contractAddress": null,
	"cumulativeGasUsed": 7704596,
	"gasUsed": 51589,
	"logs": [
		{
			"address": "0x7e9e431a0B8c4D532C745B1043c7FA29a48D4fBa",
			"blockHash": "0xf270ec6f8372c5f7619c94ea084323127e5c39932f7f3f745ac143be843c2410",
			"blockNumber": 5473280,
			"data": "0x00000000000000000000000000000000000000000000000bed1d0263d9f00000",
			"logIndex": 146,
			"topics": [
				"0xddf252ad1be2c89b69c2b068fc378daa952ba7f163c4a11628f55a4df523b3ef",
				"0x000000000000000000000000468b858c964f297fd8fce058032bf4b4911a8ad8",
				"0x0000000000000000000000007e69c16698f303ea2226b57d96d2352a7493cb85"
			],
			"transactionHash": "0xef55664a89fb2c9526e973d869a056438a6f53ea1a9360d6810b10ee5a8cb97b",
			"transactionIndex": 201,
			"transactionLogIndex": "0x0",
			"type": "mined",
			"id": "log_155733b6"
		}
	],
	"logsBloom": "0x00000000000000000000000000021000000000000000000000000000000000000000000000000000000000000000000000000000000000000000000000000000000000000000010000000008000000000000000000000000000000000020000000000000000000000000000000000000000000000800000000000010000000000000000000000000000000000000000000000000000000000000000000000000000000000000000080000000000000000000000000000000000000010000000000001002000000000000000000000000040000000000000000000000000000000000000000000000000000000000000000000000000000000000000000000000",
	"root": null,
	"status": "0x1",
	"transactionHash": "0xef55664a89fb2c9526e973d869a056438a6f53ea1a9360d6810b10ee5a8cb97b",
	"transactionIndex": 201
}
[2018-04-20T09:56:55.246] [DEBUG] trans - TO:   0x649d4d449f3051ef02bda83a3910492f28eff954
[2018-04-20T09:56:55.246] [DEBUG] trans - AMOUNT:   220000000000000000000
[2018-04-20T09:56:55.246] [DEBUG] trans - Receipt info:  {
	"blockHash": "0xf270ec6f8372c5f7619c94ea084323127e5c39932f7f3f745ac143be843c2410",
	"blockNumber": 5473280,
	"contractAddress": null,
	"cumulativeGasUsed": 7549829,
	"gasUsed": 51589,
	"logs": [
		{
			"address": "0x7e9e431a0B8c4D532C745B1043c7FA29a48D4fBa",
			"blockHash": "0xf270ec6f8372c5f7619c94ea084323127e5c39932f7f3f745ac143be843c2410",
			"blockNumber": 5473280,
			"data": "0x00000000000000000000000000000000000000000000000bed1d0263d9f00000",
			"logIndex": 143,
			"topics": [
				"0xddf252ad1be2c89b69c2b068fc378daa952ba7f163c4a11628f55a4df523b3ef",
				"0x000000000000000000000000468b858c964f297fd8fce058032bf4b4911a8ad8",
				"0x000000000000000000000000649d4d449f3051ef02bda83a3910492f28eff954"
			],
			"transactionHash": "0x3a8287be64a9be08f28889198398abb382cb0356b4f43896ebe50f3d29417ae7",
			"transactionIndex": 198,
			"transactionLogIndex": "0x0",
			"type": "mined",
			"id": "log_f718c72d"
		}
	],
	"logsBloom": "0x00000000000000000000000000020000000000000000000020000000000000000000000000000000000200000000000000000000000000000000000000000000000000000000010000000008000000000000000000000000000000000020000000000000000000000000000000000000000000000000000000000010000000000000000000000000000000000000000000000000000000000000000000000000000000000000000080000000000000000000000000000000000000010000000000001002000000000000000000000000000000000000000000000000000000000000000000000000000000000000000020000000000000000000000000000000",
	"root": null,
	"status": "0x1",
	"transactionHash": "0x3a8287be64a9be08f28889198398abb382cb0356b4f43896ebe50f3d29417ae7",
	"transactionIndex": 198
}
[2018-04-20T09:56:55.250] [DEBUG] trans - TO:   0x758e1189ea9598cf5ba43a065e9ecb7c5293deda
[2018-04-20T09:56:55.250] [DEBUG] trans - AMOUNT:   220000000000000000000
[2018-04-20T09:56:55.250] [DEBUG] trans - Receipt info:  {
	"blockHash": "0xf270ec6f8372c5f7619c94ea084323127e5c39932f7f3f745ac143be843c2410",
	"blockNumber": 5473280,
	"contractAddress": null,
	"cumulativeGasUsed": 7601418,
	"gasUsed": 51589,
	"logs": [
		{
			"address": "0x7e9e431a0B8c4D532C745B1043c7FA29a48D4fBa",
			"blockHash": "0xf270ec6f8372c5f7619c94ea084323127e5c39932f7f3f745ac143be843c2410",
			"blockNumber": 5473280,
			"data": "0x00000000000000000000000000000000000000000000000bed1d0263d9f00000",
			"logIndex": 144,
			"topics": [
				"0xddf252ad1be2c89b69c2b068fc378daa952ba7f163c4a11628f55a4df523b3ef",
				"0x000000000000000000000000468b858c964f297fd8fce058032bf4b4911a8ad8",
				"0x000000000000000000000000758e1189ea9598cf5ba43a065e9ecb7c5293deda"
			],
			"transactionHash": "0xfde71330c5faae9e9b39a84508586ea0275f1f6824b75f7630c6204d9451c30d",
			"transactionIndex": 199,
			"transactionLogIndex": "0x0",
			"type": "mined",
			"id": "log_5c777e28"
		}
	],
	"logsBloom": "0x00000000000000000000000000020000000000000000000000000000000000000000000000000000000000000000000000000000000000000000000000000000000000000000010000000008000000000000000000000000000000000020000000000000000000000000000000000000000000000000000000000010000000000000000000000000000000000000000000000000000000000200000000000000000000000000000080000000000000000000000000000000000000010000000000001002000000000000000000000000000000400000000020000000000000000000000000000000000000000000000000000000000000000000000000000000",
	"root": null,
	"status": "0x1",
	"transactionHash": "0xfde71330c5faae9e9b39a84508586ea0275f1f6824b75f7630c6204d9451c30d",
	"transactionIndex": 199
}
[2018-04-20T09:56:55.250] [DEBUG] trans - TO:   0x7c8617d0aef89316acd3636ec051bb7f1154794f
[2018-04-20T09:56:55.250] [DEBUG] trans - AMOUNT:   220000000000000000000
[2018-04-20T09:56:55.251] [DEBUG] trans - Receipt info:  {
	"blockHash": "0xf270ec6f8372c5f7619c94ea084323127e5c39932f7f3f745ac143be843c2410",
	"blockNumber": 5473280,
	"contractAddress": null,
	"cumulativeGasUsed": 7653007,
	"gasUsed": 51589,
	"logs": [
		{
			"address": "0x7e9e431a0B8c4D532C745B1043c7FA29a48D4fBa",
			"blockHash": "0xf270ec6f8372c5f7619c94ea084323127e5c39932f7f3f745ac143be843c2410",
			"blockNumber": 5473280,
			"data": "0x00000000000000000000000000000000000000000000000bed1d0263d9f00000",
			"logIndex": 145,
			"topics": [
				"0xddf252ad1be2c89b69c2b068fc378daa952ba7f163c4a11628f55a4df523b3ef",
				"0x000000000000000000000000468b858c964f297fd8fce058032bf4b4911a8ad8",
				"0x0000000000000000000000007c8617d0aef89316acd3636ec051bb7f1154794f"
			],
			"transactionHash": "0xb6aeabe0f9c93378d5c9975e58577dcb29cfe921b54e3af10fc5aa819c7fbd85",
			"transactionIndex": 200,
			"transactionLogIndex": "0x0",
			"type": "mined",
			"id": "log_273cbfbc"
		}
	],
	"logsBloom": "0x00000000000000000000000000020800000000000000000000000000000000000100000000000000000000000000000000000000000000000000000000000000000000000000010000000008000000000000000000000000000000000020000000000000000000000000000000000000000000000000000000000010000000000000000000000000000000000000000000000000000000000000000000000000000000000000000080000000000000000000000000000000000000010000000000001002000000000000000000000000000000000000000000000000000000000000000000000000000000040000000000000000000000000000000000000000",
	"root": null,
	"status": "0x1",
	"transactionHash": "0xb6aeabe0f9c93378d5c9975e58577dcb29cfe921b54e3af10fc5aa819c7fbd85",
	"transactionIndex": 200
}
[2018-04-20T09:56:55.251] [DEBUG] trans - TO:   0x1eb147b10377d463dc9521a779b725065bd1b0bc
[2018-04-20T09:56:55.251] [DEBUG] trans - AMOUNT:   220000000000000000000
[2018-04-20T09:56:55.251] [DEBUG] trans - Receipt info:  {
	"blockHash": "0xf270ec6f8372c5f7619c94ea084323127e5c39932f7f3f745ac143be843c2410",
	"blockNumber": 5473280,
	"contractAddress": null,
	"cumulativeGasUsed": 7240359,
	"gasUsed": 51589,
	"logs": [
		{
			"address": "0x7e9e431a0B8c4D532C745B1043c7FA29a48D4fBa",
			"blockHash": "0xf270ec6f8372c5f7619c94ea084323127e5c39932f7f3f745ac143be843c2410",
			"blockNumber": 5473280,
			"data": "0x00000000000000000000000000000000000000000000000bed1d0263d9f00000",
			"logIndex": 137,
			"topics": [
				"0xddf252ad1be2c89b69c2b068fc378daa952ba7f163c4a11628f55a4df523b3ef",
				"0x000000000000000000000000468b858c964f297fd8fce058032bf4b4911a8ad8",
				"0x0000000000000000000000001eb147b10377d463dc9521a779b725065bd1b0bc"
			],
			"transactionHash": "0x17c686ab51fe20eff3999e3a40af17b4215457e06d9d903e77b705f9f6b38197",
			"transactionIndex": 192,
			"transactionLogIndex": "0x0",
			"type": "mined",
			"id": "log_d8e12878"
		}
	],
	"logsBloom": "0x00000000000000000000000000020000000000000000000000000000000000000000000000000000000000000000000000000000000000000000000000000000000000000000010000000008000000000000000000000000000000000020000002000000000000000000000000000000000000000000000000000010000000000000000000000000000000000000000000020000000000000000000000000000000000000000000080000000000000000000000000000000000000010000000000001002000000000000000000000000000000000000000000000040000000000000000000000000000000000000000000000000000000000000000000000000",
	"root": null,
	"status": "0x1",
	"transactionHash": "0x17c686ab51fe20eff3999e3a40af17b4215457e06d9d903e77b705f9f6b38197",
	"transactionIndex": 192
}
[2018-04-20T09:56:55.254] [DEBUG] trans - TO:   0x8d91e60f75047151a4b58243ccfcb4fa9516c4bb
[2018-04-20T09:56:55.254] [DEBUG] trans - AMOUNT:   220000000000000000000
[2018-04-20T09:56:55.254] [DEBUG] trans - Receipt info:  {
	"blockHash": "0xf270ec6f8372c5f7619c94ea084323127e5c39932f7f3f745ac143be843c2410",
	"blockNumber": 5473280,
	"contractAddress": null,
	"cumulativeGasUsed": 7807774,
	"gasUsed": 51589,
	"logs": [
		{
			"address": "0x7e9e431a0B8c4D532C745B1043c7FA29a48D4fBa",
			"blockHash": "0xf270ec6f8372c5f7619c94ea084323127e5c39932f7f3f745ac143be843c2410",
			"blockNumber": 5473280,
			"data": "0x00000000000000000000000000000000000000000000000bed1d0263d9f00000",
			"logIndex": 148,
			"topics": [
				"0xddf252ad1be2c89b69c2b068fc378daa952ba7f163c4a11628f55a4df523b3ef",
				"0x000000000000000000000000468b858c964f297fd8fce058032bf4b4911a8ad8",
				"0x0000000000000000000000008d91e60f75047151a4b58243ccfcb4fa9516c4bb"
			],
			"transactionHash": "0x6384a3a5e55f73adb2df67fcea7e25124498cea6b3666a38f5e20ca817b6c766",
			"transactionIndex": 203,
			"transactionLogIndex": "0x0",
			"type": "mined",
			"id": "log_7dd8f97d"
		}
	],
	"logsBloom": "0x00000000000000000000000000020000010000000000000000000000000000000000000000000000000000000000000000000000000000000000000000000000004000000000010000000008000000000000000000000000000000000020000000000000000000000000000000000000000000000000000000000010000000000000000000000000000000000000000000000000000000000000000000000000000000000000000080000004000000000000000000000000000000010000000000001002000000000000000000000000000000000000000000000000000000000000000000000000000000000000000000000000000000000000000000000000",
	"root": null,
	"status": "0x1",
	"transactionHash": "0x6384a3a5e55f73adb2df67fcea7e25124498cea6b3666a38f5e20ca817b6c766",
	"transactionIndex": 203
}
[2018-04-20T09:56:55.258] [DEBUG] trans - TO:   0x63fe8a8fcbc00c8fe4d32e100a608f5922dab77c
[2018-04-20T09:56:55.258] [DEBUG] trans - AMOUNT:   220082600000000000000
[2018-04-20T09:56:55.258] [DEBUG] trans - Receipt info:  {
	"blockHash": "0xf270ec6f8372c5f7619c94ea084323127e5c39932f7f3f745ac143be843c2410",
	"blockNumber": 5473280,
	"contractAddress": null,
	"cumulativeGasUsed": 6466268,
	"gasUsed": 51653,
	"logs": [
		{
			"address": "0x7e9e431a0B8c4D532C745B1043c7FA29a48D4fBa",
			"blockHash": "0xf270ec6f8372c5f7619c94ea084323127e5c39932f7f3f745ac143be843c2410",
			"blockNumber": 5473280,
			"data": "0x00000000000000000000000000000000000000000000000bee4276a704628000",
			"logIndex": 122,
			"topics": [
				"0xddf252ad1be2c89b69c2b068fc378daa952ba7f163c4a11628f55a4df523b3ef",
				"0x000000000000000000000000468b858c964f297fd8fce058032bf4b4911a8ad8",
				"0x00000000000000000000000063fe8a8fcbc00c8fe4d32e100a608f5922dab77c"
			],
			"transactionHash": "0xb71f77fe566e17d39336141a81e9328a75ec1d7c315c9c4de843f727c9290123",
			"transactionIndex": 177,
			"transactionLogIndex": "0x0",
			"type": "mined",
			"id": "log_044da8e0"
		}
	],
	"logsBloom": "0x00000000000000000000000000020000000000000000000000000000000000000000000000000000000000000000000000000000000000000000000000000000000000000000010000000008000000000000000000000000000000000020000000000000000000000000000000000000000000400000000000000010000000000000000020000000000000000000000000000000000000000000000000000000000000000000000080000000000000000000000000000000000000010000000000001002000000000000000000000000000000000000000000000000000000040000000000000000000000000000000000000000000000000000000000000000",
	"root": null,
	"status": "0x1",
	"transactionHash": "0xb71f77fe566e17d39336141a81e9328a75ec1d7c315c9c4de843f727c9290123",
	"transactionIndex": 177
}
[2018-04-20T09:56:55.259] [DEBUG] trans - TO:   0x9227c9651b10cd73f85df1c630991d9ca7b0870c
[2018-04-20T09:56:55.259] [DEBUG] trans - AMOUNT:   220000000000000000000
[2018-04-20T09:56:55.259] [DEBUG] trans - Receipt info:  {
	"blockHash": "0xf270ec6f8372c5f7619c94ea084323127e5c39932f7f3f745ac143be843c2410",
	"blockNumber": 5473280,
	"contractAddress": null,
	"cumulativeGasUsed": 7859363,
	"gasUsed": 51589,
	"logs": [
		{
			"address": "0x7e9e431a0B8c4D532C745B1043c7FA29a48D4fBa",
			"blockHash": "0xf270ec6f8372c5f7619c94ea084323127e5c39932f7f3f745ac143be843c2410",
			"blockNumber": 5473280,
			"data": "0x00000000000000000000000000000000000000000000000bed1d0263d9f00000",
			"logIndex": 149,
			"topics": [
				"0xddf252ad1be2c89b69c2b068fc378daa952ba7f163c4a11628f55a4df523b3ef",
				"0x000000000000000000000000468b858c964f297fd8fce058032bf4b4911a8ad8",
				"0x0000000000000000000000009227c9651b10cd73f85df1c630991d9ca7b0870c"
			],
			"transactionHash": "0xcb134b6d4e838e9e51892f5d93687ce3d20d9f279b403299043aef476f6b3cc7",
			"transactionIndex": 204,
			"transactionLogIndex": "0x0",
			"type": "mined",
			"id": "log_cbe3ee96"
		}
	],
	"logsBloom": "0x00000000000000000000000000020000000000000000000004000000000000000000000000000000000000000000000000000000000000000000000000000000000000000000010000000008000000000000000000080000040000000020000000000000000000000000000000000000000000000000000000000010000000000000000000000000000000000000000000000000000000000000000000000000000000000000000080000000000000000000000000000000000000010000000000001002000000000000000000000000000000000000000000000000000000000000000000000000000000000000000000000000000000000000000000000000",
	"root": null,
	"status": "0x1",
	"transactionHash": "0xcb134b6d4e838e9e51892f5d93687ce3d20d9f279b403299043aef476f6b3cc7",
	"transactionIndex": 204
}
[2018-04-20T09:56:55.259] [DEBUG] trans - TO:   0x817884213a092b3c5ed1fba55cd9e660bedf6435
[2018-04-20T09:56:55.259] [DEBUG] trans - AMOUNT:   220000000000000000000
[2018-04-20T09:56:55.259] [DEBUG] trans - Receipt info:  {
	"blockHash": "0xf270ec6f8372c5f7619c94ea084323127e5c39932f7f3f745ac143be843c2410",
	"blockNumber": 5473280,
	"contractAddress": null,
	"cumulativeGasUsed": 7756185,
	"gasUsed": 51589,
	"logs": [
		{
			"address": "0x7e9e431a0B8c4D532C745B1043c7FA29a48D4fBa",
			"blockHash": "0xf270ec6f8372c5f7619c94ea084323127e5c39932f7f3f745ac143be843c2410",
			"blockNumber": 5473280,
			"data": "0x00000000000000000000000000000000000000000000000bed1d0263d9f00000",
			"logIndex": 147,
			"topics": [
				"0xddf252ad1be2c89b69c2b068fc378daa952ba7f163c4a11628f55a4df523b3ef",
				"0x000000000000000000000000468b858c964f297fd8fce058032bf4b4911a8ad8",
				"0x000000000000000000000000817884213a092b3c5ed1fba55cd9e660bedf6435"
			],
			"transactionHash": "0xdef71aa4ec56937e7be3f5d8e53b1ace33143ea8fc1c9fac0d8fce0d592f4610",
			"transactionIndex": 202,
			"transactionLogIndex": "0x0",
			"type": "mined",
			"id": "log_2d9c4cd6"
		}
	],
	"logsBloom": "0x00000000000000000000000000020000000000000000000000000000000000000000000000000000000000000000000000000000000000000000000000000000000000000000010000000008000000000000000000000000000000000020000000000000000000000000000000000000000000000000000000000010000000000000000000000000000000000000000000000000000040000000000000000000000000000000000080000000000000000000000000000000000004210000000000001002000000000000000000000000000000000000000000000000000000000000000000000000000000000000000000000000000000000000000000000000",
	"root": null,
	"status": "0x1",
	"transactionHash": "0xdef71aa4ec56937e7be3f5d8e53b1ace33143ea8fc1c9fac0d8fce0d592f4610",
	"transactionIndex": 202
}
[2018-04-20T09:56:55.260] [DEBUG] trans - TO:   0x844577d34ebc2025d20bb3b57a75ebb3eb2f13fd
[2018-04-20T09:56:55.260] [DEBUG] trans - AMOUNT:   220100000000000000000
[2018-04-20T09:56:55.260] [DEBUG] trans - Receipt info:  {
	"blockHash": "0xf270ec6f8372c5f7619c94ea084323127e5c39932f7f3f745ac143be843c2410",
	"blockNumber": 5473280,
	"contractAddress": null,
	"cumulativeGasUsed": 6414615,
	"gasUsed": 51589,
	"logs": [
		{
			"address": "0x7e9e431a0B8c4D532C745B1043c7FA29a48D4fBa",
			"blockHash": "0xf270ec6f8372c5f7619c94ea084323127e5c39932f7f3f745ac143be843c2410",
			"blockNumber": 5473280,
			"data": "0x00000000000000000000000000000000000000000000000bee8047dc377a0000",
			"logIndex": 121,
			"topics": [
				"0xddf252ad1be2c89b69c2b068fc378daa952ba7f163c4a11628f55a4df523b3ef",
				"0x000000000000000000000000468b858c964f297fd8fce058032bf4b4911a8ad8",
				"0x000000000000000000000000844577d34ebc2025d20bb3b57a75ebb3eb2f13fd"
			],
			"transactionHash": "0xb9b3e199c48ca4de4f448eabbba8a94d6a06e60378334b056254923b0edd807b",
			"transactionIndex": 176,
			"transactionLogIndex": "0x0",
			"type": "mined",
			"id": "log_631c6f04"
		}
	],
	"logsBloom": "0x00000000000000000000000000820000000000000000000000000000000000000000000000000000000000000000000000000000000000000000000000000000000000000000010000000008000000000000000000000000000000000020000000000000000000000000000000000000000000000000000000000010000000000000000000000000000000000000000000000000000000000000000000000000000000000000000080000000000000000000000000000000000000010000000000001002000000000000000000000000000000000000000000000000000000000000000000000000010000000000000000000000000000000000000000000400",
	"root": null,
	"status": "0x1",
	"transactionHash": "0xb9b3e199c48ca4de4f448eabbba8a94d6a06e60378334b056254923b0edd807b",
	"transactionIndex": 176
}
[2018-04-20T09:57:21.239] [DEBUG] trans - TO:   0x99f901c1491927bf85b51a56c217e0ee4acbfdc1
[2018-04-20T09:57:21.239] [DEBUG] trans - AMOUNT:   220000000000000000000
[2018-04-20T09:57:21.239] [DEBUG] trans - Receipt info:  {
	"blockHash": "0x004db29a22f25d2cf8d70c8bb0924dfb62213c2ccd734bee0509d23b4317c034",
	"blockNumber": 5473281,
	"contractAddress": null,
	"cumulativeGasUsed": 4503390,
	"gasUsed": 51589,
	"logs": [
		{
			"address": "0x7e9e431a0B8c4D532C745B1043c7FA29a48D4fBa",
			"blockHash": "0x004db29a22f25d2cf8d70c8bb0924dfb62213c2ccd734bee0509d23b4317c034",
			"blockNumber": 5473281,
			"data": "0x00000000000000000000000000000000000000000000000bed1d0263d9f00000",
			"logIndex": 70,
			"topics": [
				"0xddf252ad1be2c89b69c2b068fc378daa952ba7f163c4a11628f55a4df523b3ef",
				"0x000000000000000000000000468b858c964f297fd8fce058032bf4b4911a8ad8",
				"0x00000000000000000000000099f901c1491927bf85b51a56c217e0ee4acbfdc1"
			],
			"transactionHash": "0xb9bd36d62c8cb5d54a77a6227817802204f675799a52b3379f3bb375ad16b9f4",
			"transactionIndex": 84,
			"transactionLogIndex": "0x0",
			"type": "mined",
			"id": "log_1a8380aa"
		}
	],
	"logsBloom": "0x00000000000000000000000000020000000000000000000000000000000000000000000000000000000000000000000000000000000000000000000000000000000000000000010000000008000000000000000000000002000000000020000000000004000000000000000000000000000000000000000000000010000000000000000000000000000000000000000000000000000000000000000000000000000000000000000080000000000000000000000000000000000000010000000000001002000000000000000000000000000000000000000040000000000000000000000000000000000000000000000000000000000000000000000000000000",
	"root": null,
	"status": "0x1",
	"transactionHash": "0xb9bd36d62c8cb5d54a77a6227817802204f675799a52b3379f3bb375ad16b9f4",
	"transactionIndex": 84
}
[2018-04-20T09:57:25.244] [DEBUG] trans - TO:   0xa3660e61e5dcda598fa6de836ecca8a64b048065
[2018-04-20T09:57:25.244] [DEBUG] trans - AMOUNT:   220000000000000000000
[2018-04-20T09:57:25.244] [DEBUG] trans - Receipt info:  {
	"blockHash": "0x08a1dbd88a3d5f89bf6917b6a0ccbccf28fa6173691c0a80277ff8ea0c9b609c",
	"blockNumber": 5473282,
	"contractAddress": null,
	"cumulativeGasUsed": 2067349,
	"gasUsed": 51589,
	"logs": [
		{
			"address": "0x7e9e431a0B8c4D532C745B1043c7FA29a48D4fBa",
			"blockHash": "0x08a1dbd88a3d5f89bf6917b6a0ccbccf28fa6173691c0a80277ff8ea0c9b609c",
			"blockNumber": 5473282,
			"data": "0x00000000000000000000000000000000000000000000000bed1d0263d9f00000",
			"logIndex": 20,
			"topics": [
				"0xddf252ad1be2c89b69c2b068fc378daa952ba7f163c4a11628f55a4df523b3ef",
				"0x000000000000000000000000468b858c964f297fd8fce058032bf4b4911a8ad8",
				"0x000000000000000000000000a3660e61e5dcda598fa6de836ecca8a64b048065"
			],
			"transactionHash": "0x61f66f24ed59e466dd3bd3dc08a1b280acbe664c99efe6e250dd1ab9328a1e3b",
			"transactionIndex": 58,
			"transactionLogIndex": "0x0",
			"type": "mined",
			"id": "log_ead9f0d1"
		}
	],
	"logsBloom": "0x00000000000000000000000000020000000000000000000000000000000000000000000000000000000000000000000000000000000000000000000000000000000000000000010000000008000000000000000000000000000000000020000000000000000000000000000000000000000000000000000000000010800000000000000000000000000000000000000000000000000000000000000000000000000000000000040080000000000000000000000000000000000000010000000000005002000000000000000000000000000000000000000000000000000000000000000000000000000000000000000000000000000000000000000000000000",
	"root": null,
	"status": "0x1",
	"transactionHash": "0x61f66f24ed59e466dd3bd3dc08a1b280acbe664c99efe6e250dd1ab9328a1e3b",
	"transactionIndex": 58
}
[2018-04-20T09:57:25.245] [DEBUG] trans - TO:   0xa632b8d628dc9708cbaadc7413594dfc6f805f19
[2018-04-20T09:57:25.245] [DEBUG] trans - AMOUNT:   220000000000000000000
[2018-04-20T09:57:25.245] [DEBUG] trans - Receipt info:  {
	"blockHash": "0x08a1dbd88a3d5f89bf6917b6a0ccbccf28fa6173691c0a80277ff8ea0c9b609c",
	"blockNumber": 5473282,
	"contractAddress": null,
	"cumulativeGasUsed": 6568820,
	"gasUsed": 51589,
	"logs": [
		{
			"address": "0x7e9e431a0B8c4D532C745B1043c7FA29a48D4fBa",
			"blockHash": "0x08a1dbd88a3d5f89bf6917b6a0ccbccf28fa6173691c0a80277ff8ea0c9b609c",
			"blockNumber": 5473282,
			"data": "0x00000000000000000000000000000000000000000000000bed1d0263d9f00000",
			"logIndex": 95,
			"topics": [
				"0xddf252ad1be2c89b69c2b068fc378daa952ba7f163c4a11628f55a4df523b3ef",
				"0x000000000000000000000000468b858c964f297fd8fce058032bf4b4911a8ad8",
				"0x000000000000000000000000a632b8d628dc9708cbaadc7413594dfc6f805f19"
			],
			"transactionHash": "0xca218bb8f38e3caf24863c465a0d9fe60f6f83dbaca03ea9276081d7fe2e97f1",
			"transactionIndex": 142,
			"transactionLogIndex": "0x0",
			"type": "mined",
			"id": "log_dccc0303"
		}
	],
	"logsBloom": "0x00000000000000000000000000020000000000000000000020000000000000000000000000000000000000000000000000000000000000000000000000000000000000000000010000000008000000000000000000000000000000000020000000000000000000000000000000000000000000000000000000000010000000000000000000000000000000000000000000000000000000000000000000000000000000000000000080000000100000400000000000000000000000010000000000001002000000000000000000000000000000000000000000000000000000000000000000000000000000000000000000000000000000000000000000000000",
	"root": null,
	"status": "0x1",
	"transactionHash": "0xca218bb8f38e3caf24863c465a0d9fe60f6f83dbaca03ea9276081d7fe2e97f1",
	"transactionIndex": 142
}
[2018-04-20T09:57:25.246] [DEBUG] trans - TO:   0xa48442bcbd2c232ab7ef922cbdd6389b97bdf717
[2018-04-20T09:57:25.246] [DEBUG] trans - AMOUNT:   220000000000000000000
[2018-04-20T09:57:25.246] [DEBUG] trans - Receipt info:  {
	"blockHash": "0x08a1dbd88a3d5f89bf6917b6a0ccbccf28fa6173691c0a80277ff8ea0c9b609c",
	"blockNumber": 5473282,
	"contractAddress": null,
	"cumulativeGasUsed": 6029470,
	"gasUsed": 51589,
	"logs": [
		{
			"address": "0x7e9e431a0B8c4D532C745B1043c7FA29a48D4fBa",
			"blockHash": "0x08a1dbd88a3d5f89bf6917b6a0ccbccf28fa6173691c0a80277ff8ea0c9b609c",
			"blockNumber": 5473282,
			"data": "0x00000000000000000000000000000000000000000000000bed1d0263d9f00000",
			"logIndex": 92,
			"topics": [
				"0xddf252ad1be2c89b69c2b068fc378daa952ba7f163c4a11628f55a4df523b3ef",
				"0x000000000000000000000000468b858c964f297fd8fce058032bf4b4911a8ad8",
				"0x000000000000000000000000a48442bcbd2c232ab7ef922cbdd6389b97bdf717"
			],
			"transactionHash": "0x28034cc9e82f6f6dd13b0b44f0ebfdbcfc938dac2e1165167ad822ae6f0157cd",
			"transactionIndex": 135,
			"transactionLogIndex": "0x0",
			"type": "mined",
			"id": "log_62013f1f"
		}
	],
	"logsBloom": "0x00000000000000000000000002020000000000000000000000000000000000000000000000000000000000000000000000000000000000000000000000000000000000000000010000000008000000000000000000000000000000000020000000000000000000000000000000000000000000000000000000000010000000000000000000000000000000000000000000000000000000000000000000000000000000000000000080000000000000000000000000000000000040010000000000001002000000000000000000000000000000000000000000000000000000000000000000000000000000000000000000020000000000000000000000000000",
	"root": null,
	"status": "0x1",
	"transactionHash": "0x28034cc9e82f6f6dd13b0b44f0ebfdbcfc938dac2e1165167ad822ae6f0157cd",
	"transactionIndex": 135
}
