[2018-04-17T17:12:18.331] [DEBUG] trans - TO:   0xbe0f4e1b5abd401e742aac6cc8a8da7f35a3f038
[2018-04-17T17:12:18.332] [DEBUG] trans - AMOUNT:   124068800000000000000
[2018-04-17T17:12:18.332] [DEBUG] trans - Receipt info:  {
	"blockHash": "0x5c52f84aedb72f50044360647511640a7ecaeccd471b5a9a6cf66e29e859e6a3",
	"blockNumber": 5457648,
	"contractAddress": null,
	"cumulativeGasUsed": 3673011,
	"gasUsed": 51589,
	"logs": [
		{
			"address": "0x7e9e431a0B8c4D532C745B1043c7FA29a48D4fBa",
			"blockHash": "0x5c52f84aedb72f50044360647511640a7ecaeccd471b5a9a6cf66e29e859e6a3",
			"blockNumber": 5457648,
			"data": "0x000000000000000000000000000000000000000000000006b9ccec415cfc0000",
			"logIndex": 85,
			"topics": [
				"0xddf252ad1be2c89b69c2b068fc378daa952ba7f163c4a11628f55a4df523b3ef",
				"0x000000000000000000000000468b858c964f297fd8fce058032bf4b4911a8ad8",
				"0x000000000000000000000000be0f4e1b5abd401e742aac6cc8a8da7f35a3f038"
			],
			"transactionHash": "0x967affcfec3f4fb6cc555e1ab761588701f66d0161e23170e6cc1dc42fd7b4fd",
			"transactionIndex": 59,
			"transactionLogIndex": "0x0",
			"type": "mined",
			"id": "log_b94f87a8"
		}
	],
	"logsBloom": "0x00000000000000000000000000020000000000000000000000000000000000000000000000000000000000000000000000000000000000000000000000000000000000000000010000000008000000000000000000000000002000000020000000000000000000000000000000000000000000000000000000000010000000000000000000000000000000000000000000000020000000000000000000200000000000000000000080000000000000000000000000000000000000010000000000001002000000000000000000000000000000000000000000000000000000000000000000000000000000000000000000000000000000000000000000000000",
	"root": null,
	"status": "0x1",
	"transactionHash": "0x967affcfec3f4fb6cc555e1ab761588701f66d0161e23170e6cc1dc42fd7b4fd",
	"transactionIndex": 59
}
[2018-04-17T17:12:40.364] [DEBUG] trans - TO:   0x561bb46dd3ddfad4e73db6b44b4f86442a25ffde
[2018-04-17T17:12:40.364] [DEBUG] trans - AMOUNT:   124063200000000000000
[2018-04-17T17:12:40.364] [DEBUG] trans - Receipt info:  {
	"blockHash": "0xfdb01435b4533d40bdea57112ff586cfd8f9d48af33c2e43da0365744e19c6be",
	"blockNumber": 5457649,
	"contractAddress": null,
	"cumulativeGasUsed": 1193729,
	"gasUsed": 51589,
	"logs": [
		{
			"address": "0x7e9e431a0B8c4D532C745B1043c7FA29a48D4fBa",
			"blockHash": "0xfdb01435b4533d40bdea57112ff586cfd8f9d48af33c2e43da0365744e19c6be",
			"blockNumber": 5457649,
			"data": "0x000000000000000000000000000000000000000000000006b9b90715c23e0000",
			"logIndex": 2,
			"topics": [
				"0xddf252ad1be2c89b69c2b068fc378daa952ba7f163c4a11628f55a4df523b3ef",
				"0x000000000000000000000000468b858c964f297fd8fce058032bf4b4911a8ad8",
				"0x000000000000000000000000561bb46dd3ddfad4e73db6b44b4f86442a25ffde"
			],
			"transactionHash": "0xc7250cf5b78fd1d51f4c7d421a170e9b901b6d2bb500cfb5919c6d649a113c5c",
			"transactionIndex": 10,
			"transactionLogIndex": "0x0",
			"type": "mined",
			"id": "log_5dc247d6"
		}
	],
	"logsBloom": "0x00000000000000000000000000020000000000000000000000000000000000000000000000000000000000000000000000000000000000000000000000000000010000000000010000000008000000000000000000000000000000000020000000000000000000000000000000000000000000000000000000000010000000000000000000000004000000000000000000000000000000000000000000000000000000000000000080000000000000000000000000000000000000010000000000001002000000000000000000000000000000000200000000000000000000000000000000000000000000000000000000000000000000000000000000000000",
	"root": null,
	"status": "0x1",
	"transactionHash": "0xc7250cf5b78fd1d51f4c7d421a170e9b901b6d2bb500cfb5919c6d649a113c5c",
	"transactionIndex": 10
}
[2018-04-17T17:12:53.389] [DEBUG] trans - TO:   0x587bac00955bad185b392bafdad4bddce959d9b8
[2018-04-17T17:12:53.389] [DEBUG] trans - AMOUNT:   124055500000000000000
[2018-04-17T17:12:53.389] [DEBUG] trans - Receipt info:  {
	"blockHash": "0x95b2522176039ae7052579fd895b55f63d4aabbb3da642ab9118ea8a9c33c163",
	"blockNumber": 5457650,
	"contractAddress": null,
	"cumulativeGasUsed": 2673673,
	"gasUsed": 51589,
	"logs": [
		{
			"address": "0x7e9e431a0B8c4D532C745B1043c7FA29a48D4fBa",
			"blockHash": "0x95b2522176039ae7052579fd895b55f63d4aabbb3da642ab9118ea8a9c33c163",
			"blockNumber": 5457650,
			"data": "0x000000000000000000000000000000000000000000000006b99dabf9cd78c000",
			"logIndex": 44,
			"topics": [
				"0xddf252ad1be2c89b69c2b068fc378daa952ba7f163c4a11628f55a4df523b3ef",
				"0x000000000000000000000000468b858c964f297fd8fce058032bf4b4911a8ad8",
				"0x000000000000000000000000587bac00955bad185b392bafdad4bddce959d9b8"
			],
			"transactionHash": "0x44199e9faafa0bec622c1a5a64467077df1c156b2966ccfb45b49b83ca0d38ec",
			"transactionIndex": 43,
			"transactionLogIndex": "0x0",
			"type": "mined",
			"id": "log_1bac5f87"
		}
	],
	"logsBloom": "0x00000000000000000000000000020000000000000000000000000000000000000000000000000000000000000000000000000000000000000000000000000000000000000000010000000008000000000000000000000000000000000020000000000000000000000000000000000000000080000000000000000010000000000000000000000000000000000000000000000000000000000000000000000000000000000000000080000000000000000000000000000000000000010080000000001002000000000000000000000000000000000000000000000000000000000000000000000020000000000000000000000000000000000000000000000000",
	"root": null,
	"status": "0x1",
	"transactionHash": "0x44199e9faafa0bec622c1a5a64467077df1c156b2966ccfb45b49b83ca0d38ec",
	"transactionIndex": 43
}
[2018-04-17T17:13:10.407] [DEBUG] trans - TO:   0x2553fe12aa4480324211947f58f7a4672ef51cb2
[2018-04-17T17:13:10.407] [DEBUG] trans - AMOUNT:   124051800000000000000
[2018-04-17T17:13:10.407] [DEBUG] trans - Receipt info:  {
	"blockHash": "0x43777f0732fed5c1a185ae239c7127b3785e6e0bbe1919c4b3e1d534ec35f2c1",
	"blockNumber": 5457651,
	"contractAddress": null,
	"cumulativeGasUsed": 5065433,
	"gasUsed": 51653,
	"logs": [
		{
			"address": "0x7e9e431a0B8c4D532C745B1043c7FA29a48D4fBa",
			"blockHash": "0x43777f0732fed5c1a185ae239c7127b3785e6e0bbe1919c4b3e1d534ec35f2c1",
			"blockNumber": 5457651,
			"data": "0x000000000000000000000000000000000000000000000006b99086d86bcd8000",
			"logIndex": 226,
			"topics": [
				"0xddf252ad1be2c89b69c2b068fc378daa952ba7f163c4a11628f55a4df523b3ef",
				"0x000000000000000000000000468b858c964f297fd8fce058032bf4b4911a8ad8",
				"0x0000000000000000000000002553fe12aa4480324211947f58f7a4672ef51cb2"
			],
			"transactionHash": "0x23e7fa0511322a181687866c69f82a31cadf970a339f0d5667fb1b2fd296fdfb",
			"transactionIndex": 49,
			"transactionLogIndex": "0x0",
			"type": "mined",
			"id": "log_5c630122"
		}
	],
	"logsBloom": "0x00000000000000000000000000020000000000000000000000000000000000000000000000000000000000000000000000000000000000000000000000000000000000000000010000000008000000000000000000000000000000000020000000000000000000000000000000000000000000000000000000000010400000000000000000000000000000000000000000000000000000000000000000000000200000000000000080000000000000000000000000000000000000010000000000001002000000000000000000000000000000000000000000000000000000000000000000000000000200000000000000000000000000000000000000000000",
	"root": null,
	"status": "0x1",
	"transactionHash": "0x23e7fa0511322a181687866c69f82a31cadf970a339f0d5667fb1b2fd296fdfb",
	"transactionIndex": 49
}
[2018-04-17T17:13:26.428] [DEBUG] trans - TO:   0xd6391ec5a16de9509a47848c5396dde7359ba5ec
[2018-04-17T17:13:26.428] [DEBUG] trans - AMOUNT:   124050000000000000000
[2018-04-17T17:13:26.428] [DEBUG] trans - Receipt info:  {
	"blockHash": "0xcb90b0f0671926e6e6401f1ab0c5c0bf513ecb73db96c17d034d7780a068bfc6",
	"blockNumber": 5457652,
	"contractAddress": null,
	"cumulativeGasUsed": 258361,
	"gasUsed": 51589,
	"logs": [
		{
			"address": "0x7e9e431a0B8c4D532C745B1043c7FA29a48D4fBa",
			"blockHash": "0xcb90b0f0671926e6e6401f1ab0c5c0bf513ecb73db96c17d034d7780a068bfc6",
			"blockNumber": 5457652,
			"data": "0x000000000000000000000000000000000000000000000006b98a21c143350000",
			"logIndex": 4,
			"topics": [
				"0xddf252ad1be2c89b69c2b068fc378daa952ba7f163c4a11628f55a4df523b3ef",
				"0x000000000000000000000000468b858c964f297fd8fce058032bf4b4911a8ad8",
				"0x000000000000000000000000d6391ec5a16de9509a47848c5396dde7359ba5ec"
			],
			"transactionHash": "0xd3f6abc706b7c960c5a8301c436105434e16edc74e33404a972492ea0b06fd70",
			"transactionIndex": 6,
			"transactionLogIndex": "0x0",
			"type": "mined",
			"id": "log_f60a6b04"
		}
	],
	"logsBloom": "0x00000000000000000000000000020000000000200000000000000000000000000000000000000000000000000000000000002000000000000000000000000000000000000000010000000008000000000000000000000000000000040020000000000000000000000000000000000000000000000000000000000010000000000000000000000000000000000000000000000000000000000000000000000000000000000000000080000000000000000000000000000000000000010000000000001002000000000000000000000000000000000000000000000000000000000000000000000000000000000000000000000000000000000000000000000000",
	"root": null,
	"status": "0x1",
	"transactionHash": "0xd3f6abc706b7c960c5a8301c436105434e16edc74e33404a972492ea0b06fd70",
	"transactionIndex": 6
}
[2018-04-17T17:13:26.429] [DEBUG] trans - TO:   0x999f19517cbacac8f1dc7770b346c103e2ec4449
[2018-04-17T17:13:26.429] [DEBUG] trans - AMOUNT:   124051000000000000000
[2018-04-17T17:13:26.429] [DEBUG] trans - Receipt info:  {
	"blockHash": "0xcb90b0f0671926e6e6401f1ab0c5c0bf513ecb73db96c17d034d7780a068bfc6",
	"blockNumber": 5457652,
	"contractAddress": null,
	"cumulativeGasUsed": 185772,
	"gasUsed": 51653,
	"logs": [
		{
			"address": "0x7e9e431a0B8c4D532C745B1043c7FA29a48D4fBa",
			"blockHash": "0xcb90b0f0671926e6e6401f1ab0c5c0bf513ecb73db96c17d034d7780a068bfc6",
			"blockNumber": 5457652,
			"data": "0x000000000000000000000000000000000000000000000006b98daf3fe7fb8000",
			"logIndex": 3,
			"topics": [
				"0xddf252ad1be2c89b69c2b068fc378daa952ba7f163c4a11628f55a4df523b3ef",
				"0x000000000000000000000000468b858c964f297fd8fce058032bf4b4911a8ad8",
				"0x000000000000000000000000999f19517cbacac8f1dc7770b346c103e2ec4449"
			],
			"transactionHash": "0x05ae4e3d5a77fe2b11e9bcd016044afde4c9d6017971a25fa4667b397a591a9d",
			"transactionIndex": 4,
			"transactionLogIndex": "0x0",
			"type": "mined",
			"id": "log_00bd6555"
		}
	],
	"logsBloom": "0x00000000002000000000000000020000000000000000000000000000000000000000000000000000000000000000000000000000000000000000000000000000000000000000010010000008000000000000000000000000000000000020000000000000000000000000000000000000000000000000000000400010000000000000000000000000000000000000000000000000000000000000000000000000000000000000000080000000000000000000000000000000000000010000000000001002000000000000000000000000000000000000000000000000000000000000000000000000000000000000000000000000000000000000000000000000",
	"root": null,
	"status": "0x1",
	"transactionHash": "0x05ae4e3d5a77fe2b11e9bcd016044afde4c9d6017971a25fa4667b397a591a9d",
	"transactionIndex": 4
}
[2018-04-17T17:13:26.429] [DEBUG] trans - TO:   0x0524d2e7e1c7b4d812db7f83cb7efe888a81abc3
[2018-04-17T17:13:26.429] [DEBUG] trans - AMOUNT:   124047800000000000000
[2018-04-17T17:13:26.429] [DEBUG] trans - Receipt info:  {
	"blockHash": "0xcb90b0f0671926e6e6401f1ab0c5c0bf513ecb73db96c17d034d7780a068bfc6",
	"blockNumber": 5457652,
	"contractAddress": null,
	"cumulativeGasUsed": 331014,
	"gasUsed": 51653,
	"logs": [
		{
			"address": "0x7e9e431a0B8c4D532C745B1043c7FA29a48D4fBa",
			"blockHash": "0xcb90b0f0671926e6e6401f1ab0c5c0bf513ecb73db96c17d034d7780a068bfc6",
			"blockNumber": 5457652,
			"data": "0x000000000000000000000000000000000000000000000006b98250ddd8b38000",
			"logIndex": 5,
			"topics": [
				"0xddf252ad1be2c89b69c2b068fc378daa952ba7f163c4a11628f55a4df523b3ef",
				"0x000000000000000000000000468b858c964f297fd8fce058032bf4b4911a8ad8",
				"0x0000000000000000000000000524d2e7e1c7b4d812db7f83cb7efe888a81abc3"
			],
			"transactionHash": "0xd6dfef0b838f7ba7ac39e0904a4626712b3b2f310374ae5e9b2466d849c075f5",
			"transactionIndex": 8,
			"transactionLogIndex": "0x0",
			"type": "mined",
			"id": "log_5f4c0879"
		}
	],
	"logsBloom": "0x00000000000000000000000000020000000000000000000000000000000000000000000000000000000000000000000000000000000000000000000000000000000000000000010000000008000000000000000000000000000000000020000000000000000000000000000000000000000000000000000000000010000020000000000000002000000000000000000000000000000000000000000000000000002000000000000080000000000000000000000000000000000000010000000000001002000000000000000000000000000000000000000000000000000000000000000000000000000000000000000000000000000000000000000000000000",
	"root": null,
	"status": "0x1",
	"transactionHash": "0xd6dfef0b838f7ba7ac39e0904a4626712b3b2f310374ae5e9b2466d849c075f5",
	"transactionIndex": 8
}
[2018-04-17T17:13:26.429] [DEBUG] trans - TO:   0xed4dee6b087aac9fa8da5da021658f6822ec1c41
[2018-04-17T17:13:26.429] [DEBUG] trans - AMOUNT:   124047100000000000000
[2018-04-17T17:13:26.430] [DEBUG] trans - Receipt info:  {
	"blockHash": "0xcb90b0f0671926e6e6401f1ab0c5c0bf513ecb73db96c17d034d7780a068bfc6",
	"blockNumber": 5457652,
	"contractAddress": null,
	"cumulativeGasUsed": 403667,
	"gasUsed": 51653,
	"logs": [
		{
			"address": "0x7e9e431a0B8c4D532C745B1043c7FA29a48D4fBa",
			"blockHash": "0xcb90b0f0671926e6e6401f1ab0c5c0bf513ecb73db96c17d034d7780a068bfc6",
			"blockNumber": 5457652,
			"data": "0x000000000000000000000000000000000000000000000006b97fd438655bc000",
			"logIndex": 6,
			"topics": [
				"0xddf252ad1be2c89b69c2b068fc378daa952ba7f163c4a11628f55a4df523b3ef",
				"0x000000000000000000000000468b858c964f297fd8fce058032bf4b4911a8ad8",
				"0x000000000000000000000000ed4dee6b087aac9fa8da5da021658f6822ec1c41"
			],
			"transactionHash": "0x41e3e11af4259d02a89e47a140ededd742a373bb1c28fd4e6be89b46547cf822",
			"transactionIndex": 10,
			"transactionLogIndex": "0x0",
			"type": "mined",
			"id": "log_6d5d48e2"
		}
	],
	"logsBloom": "0x00000000000000000000000000020000000000000000000000000000000000000000000000000000000000000000000000000000000200000000000000000000000000000000010000000008000000000000000000000000000000000020000000000000000000000000000000000000000000000000000000000010000000000000000000000000000000000000000000000000000000000000010000000000000000000000000080000000000000000000000000000000000000010000000000001002000000000000000000000000000000000000000000000000000000000000000000000000000000000000000000000000000000000000000200000000",
	"root": null,
	"status": "0x1",
	"transactionHash": "0x41e3e11af4259d02a89e47a140ededd742a373bb1c28fd4e6be89b46547cf822",
	"transactionIndex": 10
}
[2018-04-17T17:13:26.430] [DEBUG] trans - TO:   0x4296affee5bd8ba060f1ae4704d521b82043b8d5
[2018-04-17T17:13:26.430] [DEBUG] trans - AMOUNT:   124043800000000000000
[2018-04-17T17:13:26.430] [DEBUG] trans - Receipt info:  {
	"blockHash": "0xcb90b0f0671926e6e6401f1ab0c5c0bf513ecb73db96c17d034d7780a068bfc6",
	"blockNumber": 5457652,
	"contractAddress": null,
	"cumulativeGasUsed": 476320,
	"gasUsed": 51653,
	"logs": [
		{
			"address": "0x7e9e431a0B8c4D532C745B1043c7FA29a48D4fBa",
			"blockHash": "0xcb90b0f0671926e6e6401f1ab0c5c0bf513ecb73db96c17d034d7780a068bfc6",
			"blockNumber": 5457652,
			"data": "0x000000000000000000000000000000000000000000000006b9741ae345998000",
			"logIndex": 7,
			"topics": [
				"0xddf252ad1be2c89b69c2b068fc378daa952ba7f163c4a11628f55a4df523b3ef",
				"0x000000000000000000000000468b858c964f297fd8fce058032bf4b4911a8ad8",
				"0x0000000000000000000000004296affee5bd8ba060f1ae4704d521b82043b8d5"
			],
			"transactionHash": "0xfcba66b91f9dfec82291e2283021b18a86a03280cf9ab164cd4f4238914fb72b",
			"transactionIndex": 12,
			"transactionLogIndex": "0x0",
			"type": "mined",
			"id": "log_dadb3302"
		}
	],
	"logsBloom": "0x00000000000000000000000000020000000000000000000000000000000000000000000000000000000000000000000000000000000000000000000000000000000000000000010000000008000000000000000000000000000000000020000000000000000000000000000000000000000000000000000000000010000000000000000000000000000000000000000000000000000000000000000000000000000000000000000080000000000000000000000000000000000000010000000000001002000000000000000000000000010000000000000000000000000000000000000100001000000000000000000000000000000000000000000000000000",
	"root": null,
	"status": "0x1",
	"transactionHash": "0xfcba66b91f9dfec82291e2283021b18a86a03280cf9ab164cd4f4238914fb72b",
	"transactionIndex": 12
}
[2018-04-17T17:13:26.430] [DEBUG] trans - TO:   0x627dab6bc1272272a3fb7e371e1c013cce7ff741
[2018-04-17T17:13:26.430] [DEBUG] trans - AMOUNT:   124043800000000000000
[2018-04-17T17:13:26.430] [DEBUG] trans - Receipt info:  {
	"blockHash": "0xcb90b0f0671926e6e6401f1ab0c5c0bf513ecb73db96c17d034d7780a068bfc6",
	"blockNumber": 5457652,
	"contractAddress": null,
	"cumulativeGasUsed": 548973,
	"gasUsed": 51653,
	"logs": [
		{
			"address": "0x7e9e431a0B8c4D532C745B1043c7FA29a48D4fBa",
			"blockHash": "0xcb90b0f0671926e6e6401f1ab0c5c0bf513ecb73db96c17d034d7780a068bfc6",
			"blockNumber": 5457652,
			"data": "0x000000000000000000000000000000000000000000000006b9741ae345998000",
			"logIndex": 8,
			"topics": [
				"0xddf252ad1be2c89b69c2b068fc378daa952ba7f163c4a11628f55a4df523b3ef",
				"0x000000000000000000000000468b858c964f297fd8fce058032bf4b4911a8ad8",
				"0x000000000000000000000000627dab6bc1272272a3fb7e371e1c013cce7ff741"
			],
			"transactionHash": "0x7100b88a1e59dfd474704c3e054642fbfb29c6ff3fc8200c3064f4efa928560a",
			"transactionIndex": 14,
			"transactionLogIndex": "0x0",
			"type": "mined",
			"id": "log_ca871963"
		}
	],
	"logsBloom": "0x00000000000000000000000000020000000000000000000000000000000000000000000000000000000000008000000000000000000000000040000000000000000000000000010000000008000000000020000000000000000000000020000000000000000000000000000000000000000000000000000000000010000000000000000000000000000000000000000000000000000000000000000000000000000000000000000080000000000000000000000000000000000000010000000000001002000000000000000000000000000000000000000000000000000000000000000000000000000000000000000000000000000000000000000000000000",
	"root": null,
	"status": "0x1",
	"transactionHash": "0x7100b88a1e59dfd474704c3e054642fbfb29c6ff3fc8200c3064f4efa928560a",
	"transactionIndex": 14
}
[2018-04-17T17:13:26.430] [DEBUG] trans - TO:   0xe3a99fd9288a66f9ddddaeba4dcaff37c93b8021
[2018-04-17T17:13:26.430] [DEBUG] trans - AMOUNT:   124035500000000000000
[2018-04-17T17:13:26.431] [DEBUG] trans - Receipt info:  {
	"blockHash": "0xcb90b0f0671926e6e6401f1ab0c5c0bf513ecb73db96c17d034d7780a068bfc6",
	"blockNumber": 5457652,
	"contractAddress": null,
	"cumulativeGasUsed": 694151,
	"gasUsed": 51653,
	"logs": [
		{
			"address": "0x7e9e431a0B8c4D532C745B1043c7FA29a48D4fBa",
			"blockHash": "0xcb90b0f0671926e6e6401f1ab0c5c0bf513ecb73db96c17d034d7780a068bfc6",
			"blockNumber": 5457652,
			"data": "0x000000000000000000000000000000000000000000000006b9569e14edf6c000",
			"logIndex": 10,
			"topics": [
				"0xddf252ad1be2c89b69c2b068fc378daa952ba7f163c4a11628f55a4df523b3ef",
				"0x000000000000000000000000468b858c964f297fd8fce058032bf4b4911a8ad8",
				"0x000000000000000000000000e3a99fd9288a66f9ddddaeba4dcaff37c93b8021"
			],
			"transactionHash": "0xdc5ee1a0b710039cf7eff3c2bcbc384c9f79006101ef71dfa56969fbf5c32c5b",
			"transactionIndex": 18,
			"transactionLogIndex": "0x0",
			"type": "mined",
			"id": "log_55ae0a1e"
		}
	],
	"logsBloom": "0x00000000000000000000000000020000000000000000000000000000000000000000000000000000000000001000000000000000000000000000000000000000000000000000010000000008000000000000000000000000000000000020000000000000000000000000000000000000000000000000000000000010000000000000000000000000000000000000000000000000000000000000000000000000000000000000000080000000000000000000000000100000000000010000000000001002000000000000000000000000000000000000000000000000000000000000000000000000000000000000000000000100000000000000000000000000",
	"root": null,
	"status": "0x1",
	"transactionHash": "0xdc5ee1a0b710039cf7eff3c2bcbc384c9f79006101ef71dfa56969fbf5c32c5b",
	"transactionIndex": 18
}
[2018-04-17T17:13:26.431] [DEBUG] trans - TO:   0x3fc75653549f5bf682189f00c62dbf66ac4955d0
[2018-04-17T17:13:26.431] [DEBUG] trans - AMOUNT:   124037200000000000000
[2018-04-17T17:13:26.431] [DEBUG] trans - Receipt info:  {
	"blockHash": "0xcb90b0f0671926e6e6401f1ab0c5c0bf513ecb73db96c17d034d7780a068bfc6",
	"blockNumber": 5457652,
	"contractAddress": null,
	"cumulativeGasUsed": 621498,
	"gasUsed": 51525,
	"logs": [
		{
			"address": "0x7e9e431a0B8c4D532C745B1043c7FA29a48D4fBa",
			"blockHash": "0xcb90b0f0671926e6e6401f1ab0c5c0bf513ecb73db96c17d034d7780a068bfc6",
			"blockNumber": 5457652,
			"data": "0x000000000000000000000000000000000000000000000006b95ca83906150000",
			"logIndex": 9,
			"topics": [
				"0xddf252ad1be2c89b69c2b068fc378daa952ba7f163c4a11628f55a4df523b3ef",
				"0x000000000000000000000000468b858c964f297fd8fce058032bf4b4911a8ad8",
				"0x0000000000000000000000003fc75653549f5bf682189f00c62dbf66ac4955d0"
			],
			"transactionHash": "0xbb461826b67cd727d8708cdaa16f3355b769086cfc794394c250cca4c008deda",
			"transactionIndex": 16,
			"transactionLogIndex": "0x0",
			"type": "mined",
			"id": "log_b8d40d16"
		}
	],
	"logsBloom": "0x00000000000000000000000000020000000000000000000000000000000000000000000000000000000000000000000000000000000000000000000000000000000000000000010000000008000000000000000000000000000000800020000000000000000000000000000000000000000000000000000000000010000000000000000000000004000000000000000000000000000080000000000000000000000000000000000080000000000000000000000000000000000000010000000000001002000000000000000000000000000000000000000000000000000000000000000000000000000000000000000000000000000000000000000000000000",
	"root": null,
	"status": "0x1",
	"transactionHash": "0xbb461826b67cd727d8708cdaa16f3355b769086cfc794394c250cca4c008deda",
	"transactionIndex": 16
}
[2018-04-17T17:13:26.432] [DEBUG] trans - TO:   0x3024f45083ef424e5f92dbff522cd0d3e42ff36f
[2018-04-17T17:13:26.432] [DEBUG] trans - AMOUNT:   124010000000000000000
[2018-04-17T17:13:26.432] [DEBUG] trans - Receipt info:  {
	"blockHash": "0xcb90b0f0671926e6e6401f1ab0c5c0bf513ecb73db96c17d034d7780a068bfc6",
	"blockNumber": 5457652,
	"contractAddress": null,
	"cumulativeGasUsed": 984635,
	"gasUsed": 51589,
	"logs": [
		{
			"address": "0x7e9e431a0B8c4D532C745B1043c7FA29a48D4fBa",
			"blockHash": "0xcb90b0f0671926e6e6401f1ab0c5c0bf513ecb73db96c17d034d7780a068bfc6",
			"blockNumber": 5457652,
			"data": "0x000000000000000000000000000000000000000000000006b8fc05f784310000",
			"logIndex": 14,
			"topics": [
				"0xddf252ad1be2c89b69c2b068fc378daa952ba7f163c4a11628f55a4df523b3ef",
				"0x000000000000000000000000468b858c964f297fd8fce058032bf4b4911a8ad8",
				"0x0000000000000000000000003024f45083ef424e5f92dbff522cd0d3e42ff36f"
			],
			"transactionHash": "0x1e71fd987cc93bf76a03697b671781345fda4385f765f8239bbff657c859afa0",
			"transactionIndex": 26,
			"transactionLogIndex": "0x0",
			"type": "mined",
			"id": "log_6c666e25"
		}
	],
	"logsBloom": "0x00000000000000000000000000020000000000000000000000000000000000000000000000000000000000000000000000000000000000000000000000000000000000000000010000000008000000000000000000000000000000000020000000000000000000000000000000000000000000000000000000000010000000000000000000000000000000000000000000000000000000000000000000000000000000000000000080000000000000000000000000000000000000010000000000001002000000000000000000000000000000004000000000000000000000000000000000000000000000000080000000080000000000000000000000000000",
	"root": null,
	"status": "0x1",
	"transactionHash": "0x1e71fd987cc93bf76a03697b671781345fda4385f765f8239bbff657c859afa0",
	"transactionIndex": 26
}
[2018-04-17T17:13:26.432] [DEBUG] trans - TO:   0xb6f0e125905168fc0a2ad64632ba0d6686fbf881
[2018-04-17T17:13:26.432] [DEBUG] trans - AMOUNT:   124015300000000000000
[2018-04-17T17:13:26.432] [DEBUG] trans - Receipt info:  {
	"blockHash": "0xcb90b0f0671926e6e6401f1ab0c5c0bf513ecb73db96c17d034d7780a068bfc6",
	"blockNumber": 5457652,
	"contractAddress": null,
	"cumulativeGasUsed": 912046,
	"gasUsed": 51653,
	"logs": [
		{
			"address": "0x7e9e431a0B8c4D532C745B1043c7FA29a48D4fBa",
			"blockHash": "0xcb90b0f0671926e6e6401f1ab0c5c0bf513ecb73db96c17d034d7780a068bfc6",
			"blockNumber": 5457652,
			"data": "0x000000000000000000000000000000000000000000000006b90eda49ed804000",
			"logIndex": 13,
			"topics": [
				"0xddf252ad1be2c89b69c2b068fc378daa952ba7f163c4a11628f55a4df523b3ef",
				"0x000000000000000000000000468b858c964f297fd8fce058032bf4b4911a8ad8",
				"0x000000000000000000000000b6f0e125905168fc0a2ad64632ba0d6686fbf881"
			],
			"transactionHash": "0x1602e9d490412662683844d59cdc04bfad586875856527e8bafb5d0f724a775f",
			"transactionIndex": 24,
			"transactionLogIndex": "0x0",
			"type": "mined",
			"id": "log_534bfa9c"
		}
	],
	"logsBloom": "0x00000000000000000000000000020000000000000000000000000000000000000000000000000000000000000000000000000000000000000000000000000000000000000000010000000008000000000000000000000000000000000020000000000000000000000000000000000000000000000000000000000010000000000000000000080000000000000000080000000000000000000000000000000000000000000000000080000000000800000000000000000000000000010000000000001002000000000000000000000000000000000000000000000000000000000000000000000000000000000000000000000000000000000000000000000000",
	"root": null,
	"status": "0x1",
	"transactionHash": "0x1602e9d490412662683844d59cdc04bfad586875856527e8bafb5d0f724a775f",
	"transactionIndex": 24
}
[2018-04-17T17:13:26.432] [DEBUG] trans - TO:   0x9ae5c4c935c25bd45fa44fadf5c28f21faf27310
[2018-04-17T17:13:26.432] [DEBUG] trans - AMOUNT:   124032700000000000000
[2018-04-17T17:13:26.432] [DEBUG] trans - Receipt info:  {
	"blockHash": "0xcb90b0f0671926e6e6401f1ab0c5c0bf513ecb73db96c17d034d7780a068bfc6",
	"blockNumber": 5457652,
	"contractAddress": null,
	"cumulativeGasUsed": 839393,
	"gasUsed": 51653,
	"logs": [
		{
			"address": "0x7e9e431a0B8c4D532C745B1043c7FA29a48D4fBa",
			"blockHash": "0xcb90b0f0671926e6e6401f1ab0c5c0bf513ecb73db96c17d034d7780a068bfc6",
			"blockNumber": 5457652,
			"data": "0x000000000000000000000000000000000000000000000006b94cab7f2097c000",
			"logIndex": 12,
			"topics": [
				"0xddf252ad1be2c89b69c2b068fc378daa952ba7f163c4a11628f55a4df523b3ef",
				"0x000000000000000000000000468b858c964f297fd8fce058032bf4b4911a8ad8",
				"0x0000000000000000000000009ae5c4c935c25bd45fa44fadf5c28f21faf27310"
			],
			"transactionHash": "0x546089cf62ca648ab2d542c04d9b0698ad95d1b302fbe7e6a848cfee2a2675d6",
			"transactionIndex": 22,
			"transactionLogIndex": "0x0",
			"type": "mined",
			"id": "log_37241a94"
		}
	],
	"logsBloom": "0x00000000000000000000000000020000000000000000000000000000000004000000000000000000000000000000000000000000000000000000000000000000000000000000010000000008000000000000000000000000000000000020000000000000000000000000000000000000000000000000000000000010000000000000000000000000000000000000000000000000000000000000000010000000000000000000000080000000000000000000000000000000000000010000000000001002000000000000000000000000000000000000000000000000000000000000000000000000000000000000000000000000001000000000000000000000",
	"root": null,
	"status": "0x1",
	"transactionHash": "0x546089cf62ca648ab2d542c04d9b0698ad95d1b302fbe7e6a848cfee2a2675d6",
	"transactionIndex": 22
}
[2018-04-17T17:13:26.433] [DEBUG] trans - TO:   0x6c34dd63895e4a69add303ca7c5af71dde76250e
[2018-04-17T17:13:26.433] [DEBUG] trans - AMOUNT:   124035200000000000000
[2018-04-17T17:13:26.433] [DEBUG] trans - Receipt info:  {
	"blockHash": "0xcb90b0f0671926e6e6401f1ab0c5c0bf513ecb73db96c17d034d7780a068bfc6",
	"blockNumber": 5457652,
	"contractAddress": null,
	"cumulativeGasUsed": 766740,
	"gasUsed": 51589,
	"logs": [
		{
			"address": "0x7e9e431a0B8c4D532C745B1043c7FA29a48D4fBa",
			"blockHash": "0xcb90b0f0671926e6e6401f1ab0c5c0bf513ecb73db96c17d034d7780a068bfc6",
			"blockNumber": 5457652,
			"data": "0x000000000000000000000000000000000000000000000006b9558d3bbc880000",
			"logIndex": 11,
			"topics": [
				"0xddf252ad1be2c89b69c2b068fc378daa952ba7f163c4a11628f55a4df523b3ef",
				"0x000000000000000000000000468b858c964f297fd8fce058032bf4b4911a8ad8",
				"0x0000000000000000000000006c34dd63895e4a69add303ca7c5af71dde76250e"
			],
			"transactionHash": "0x62b531034b6613334f7a40fbd2b4a9c4a03959e873b39a59a5fde4d48b718599",
			"transactionIndex": 20,
			"transactionLogIndex": "0x0",
			"type": "mined",
			"id": "log_6dcb6c73"
		}
	],
	"logsBloom": "0x00000000000000000000000000020000000000000000000000000000000000000000000000000000000000000000000000000000000000000000000000000000000000000000010000000008000000000000000000000000000000000020000000000000000000000000000000000000000000000000000000000010000000000000000000000000000000001000000000000000000000000000000000000000000000000000000080000000000000000000000000000000000000010000000000001002000000400000000000000000000000000000000000000000000000000000000000000000000000000000000000000000000000000000000000020000",
	"root": null,
	"status": "0x1",
	"transactionHash": "0x62b531034b6613334f7a40fbd2b4a9c4a03959e873b39a59a5fde4d48b718599",
	"transactionIndex": 20
}
[2018-04-17T17:13:26.433] [DEBUG] trans - TO:   0x405448eb29551d67b8a2060c450133ef80a4e52a
[2018-04-17T17:13:26.433] [DEBUG] trans - AMOUNT:   124000000000000000000
[2018-04-17T17:13:26.433] [DEBUG] trans - Receipt info:  {
	"blockHash": "0xcb90b0f0671926e6e6401f1ab0c5c0bf513ecb73db96c17d034d7780a068bfc6",
	"blockNumber": 5457652,
	"contractAddress": null,
	"cumulativeGasUsed": 1347580,
	"gasUsed": 51589,
	"logs": [
		{
			"address": "0x7e9e431a0B8c4D532C745B1043c7FA29a48D4fBa",
			"blockHash": "0xcb90b0f0671926e6e6401f1ab0c5c0bf513ecb73db96c17d034d7780a068bfc6",
			"blockNumber": 5457652,
			"data": "0x000000000000000000000000000000000000000000000006b8d87f0514700000",
			"logIndex": 19,
			"topics": [
				"0xddf252ad1be2c89b69c2b068fc378daa952ba7f163c4a11628f55a4df523b3ef",
				"0x000000000000000000000000468b858c964f297fd8fce058032bf4b4911a8ad8",
				"0x000000000000000000000000405448eb29551d67b8a2060c450133ef80a4e52a"
			],
			"transactionHash": "0x94556ba842b2008e816f4bb1e90bd43c0c42dd38b6ee685ed3467f16a53e0052",
			"transactionIndex": 36,
			"transactionLogIndex": "0x0",
			"type": "mined",
			"id": "log_aeb51fa4"
		}
	],
	"logsBloom": "0x00000000000000000000000000020000000000000000000000000000000000000000000000000000000000080000000000000000000000000000000000000000000000000000010000000008000400000000000000000000000000000020000000000000000000000000000000000000000000000000000000000010000000000000000000000000000000000000000000000000000000000000000000000000000000000000000080000000000000000000000000000000000000010000000080001002000000000000000000000000000000000000000000000000000000000000000000000000000000000000000000000000000000000000000000000000",
	"root": null,
	"status": "0x1",
	"transactionHash": "0x94556ba842b2008e816f4bb1e90bd43c0c42dd38b6ee685ed3467f16a53e0052",
	"transactionIndex": 36
}
[2018-04-17T17:13:26.433] [DEBUG] trans - TO:   0x17f8045494f8a50186405e26e63ccf83b6889e73
[2018-04-17T17:13:26.433] [DEBUG] trans - AMOUNT:   124000000000000000000
[2018-04-17T17:13:26.433] [DEBUG] trans - Receipt info:  {
	"blockHash": "0xcb90b0f0671926e6e6401f1ab0c5c0bf513ecb73db96c17d034d7780a068bfc6",
	"blockNumber": 5457652,
	"contractAddress": null,
	"cumulativeGasUsed": 1057224,
	"gasUsed": 51589,
	"logs": [
		{
			"address": "0x7e9e431a0B8c4D532C745B1043c7FA29a48D4fBa",
			"blockHash": "0xcb90b0f0671926e6e6401f1ab0c5c0bf513ecb73db96c17d034d7780a068bfc6",
			"blockNumber": 5457652,
			"data": "0x000000000000000000000000000000000000000000000006b8d87f0514700000",
			"logIndex": 15,
			"topics": [
				"0xddf252ad1be2c89b69c2b068fc378daa952ba7f163c4a11628f55a4df523b3ef",
				"0x000000000000000000000000468b858c964f297fd8fce058032bf4b4911a8ad8",
				"0x00000000000000000000000017f8045494f8a50186405e26e63ccf83b6889e73"
			],
			"transactionHash": "0x35b09e12e7aeb071e9eac974127b19992167e61f49c4b3042fa7cf08d6bf2818",
			"transactionIndex": 28,
			"transactionLogIndex": "0x0",
			"type": "mined",
			"id": "log_ec2ab26a"
		}
	],
	"logsBloom": "0x00000000000000000000000000020000000000000000000000000000000000000000000000000000000000000000000000000000000000000000000000000000000000000000010000000008000000020000000000000000000000000020000000000000000000000000000000000000000000000000000000000010000000000000000040000000000000000000000000000020000000000000000000000000000000000000000080000000000000000000000000000000000000010000000000001002000000000000000000000000000000000000000000000000000000000000000000000000000000000000000000000000000000000000000000000000",
	"root": null,
	"status": "0x1",
	"transactionHash": "0x35b09e12e7aeb071e9eac974127b19992167e61f49c4b3042fa7cf08d6bf2818",
	"transactionIndex": 28
}
[2018-04-17T17:13:26.433] [DEBUG] trans - TO:   0x3ea58aef61b4d67607cd60b27c20b957a8a83fab
[2018-04-17T17:13:26.433] [DEBUG] trans - AMOUNT:   124000000000000000000
[2018-04-17T17:13:26.434] [DEBUG] trans - Receipt info:  {
	"blockHash": "0xcb90b0f0671926e6e6401f1ab0c5c0bf513ecb73db96c17d034d7780a068bfc6",
	"blockNumber": 5457652,
	"contractAddress": null,
	"cumulativeGasUsed": 1274991,
	"gasUsed": 51589,
	"logs": [
		{
			"address": "0x7e9e431a0B8c4D532C745B1043c7FA29a48D4fBa",
			"blockHash": "0xcb90b0f0671926e6e6401f1ab0c5c0bf513ecb73db96c17d034d7780a068bfc6",
			"blockNumber": 5457652,
			"data": "0x000000000000000000000000000000000000000000000006b8d87f0514700000",
			"logIndex": 18,
			"topics": [
				"0xddf252ad1be2c89b69c2b068fc378daa952ba7f163c4a11628f55a4df523b3ef",
				"0x000000000000000000000000468b858c964f297fd8fce058032bf4b4911a8ad8",
				"0x0000000000000000000000003ea58aef61b4d67607cd60b27c20b957a8a83fab"
			],
			"transactionHash": "0xf0b31d513cabf0ddc36f39a4e59b8bb053da75d08878c1dce8c69a12b655a5c1",
			"transactionIndex": 34,
			"transactionLogIndex": "0x0",
			"type": "mined",
			"id": "log_5d040a32"
		}
	],
	"logsBloom": "0x00000000000000000000000000020000000000000000000000000000000000000000000000000000000400000000000000000000000000000000000000000000000000000000010000000008000000000000000000000000000000000020000000000000000000000000000000000000000000000000000000000010000000000000000000000000000000000000000000000000000000000000000000000000000000000000004080000000000004000000000000000000000000010000000000001002000000000000000000000000000000000000000000000000000000000000000000000000000000000000000000000000000000000000000000000000",
	"root": null,
	"status": "0x1",
	"transactionHash": "0xf0b31d513cabf0ddc36f39a4e59b8bb053da75d08878c1dce8c69a12b655a5c1",
	"transactionIndex": 34
}
[2018-04-17T17:13:26.434] [DEBUG] trans - TO:   0x266c5a8af909e41671b9b8163f622b3c9db315c8
[2018-04-17T17:13:26.434] [DEBUG] trans - AMOUNT:   124000000000000000000
[2018-04-17T17:13:26.434] [DEBUG] trans - Receipt info:  {
	"blockHash": "0xcb90b0f0671926e6e6401f1ab0c5c0bf513ecb73db96c17d034d7780a068bfc6",
	"blockNumber": 5457652,
	"contractAddress": null,
	"cumulativeGasUsed": 1129813,
	"gasUsed": 51589,
	"logs": [
		{
			"address": "0x7e9e431a0B8c4D532C745B1043c7FA29a48D4fBa",
			"blockHash": "0xcb90b0f0671926e6e6401f1ab0c5c0bf513ecb73db96c17d034d7780a068bfc6",
			"blockNumber": 5457652,
			"data": "0x000000000000000000000000000000000000000000000006b8d87f0514700000",
			"logIndex": 16,
			"topics": [
				"0xddf252ad1be2c89b69c2b068fc378daa952ba7f163c4a11628f55a4df523b3ef",
				"0x000000000000000000000000468b858c964f297fd8fce058032bf4b4911a8ad8",
				"0x000000000000000000000000266c5a8af909e41671b9b8163f622b3c9db315c8"
			],
			"transactionHash": "0x2d126397dc0081acb927d8224e547c855918e0ed530e057cb5da95756bfa93f0",
			"transactionIndex": 30,
			"transactionLogIndex": "0x0",
			"type": "mined",
			"id": "log_819ce0f2"
		}
	],
	"logsBloom": "0x00000000000000000000000000020000000000000000000000000800000000000000000000000000000000000000000000000000000000000000000000000000000000000000010000000008000000000000000000000000000000000020000000000000000000000000000000000000000000000000000000000010000000000000000000000000000000000000000000000000000000000000000000000000000000000000000080000000000000400000000000000000000000010000000000001002000000000000000000000000000000000000000000000000000000000000000000000000000000000200000000000000000000000000000000000000",
	"root": null,
	"status": "0x1",
	"transactionHash": "0x2d126397dc0081acb927d8224e547c855918e0ed530e057cb5da95756bfa93f0",
	"transactionIndex": 30
}
[2018-04-17T17:13:26.434] [DEBUG] trans - TO:   0x627f1e2f42392d2d9d6f7359bd09f012ca843cfb
[2018-04-17T17:13:26.434] [DEBUG] trans - AMOUNT:   124000000000000000000
[2018-04-17T17:13:26.434] [DEBUG] trans - Receipt info:  {
	"blockHash": "0xcb90b0f0671926e6e6401f1ab0c5c0bf513ecb73db96c17d034d7780a068bfc6",
	"blockNumber": 5457652,
	"contractAddress": null,
	"cumulativeGasUsed": 1565347,
	"gasUsed": 51589,
	"logs": [
		{
			"address": "0x7e9e431a0B8c4D532C745B1043c7FA29a48D4fBa",
			"blockHash": "0xcb90b0f0671926e6e6401f1ab0c5c0bf513ecb73db96c17d034d7780a068bfc6",
			"blockNumber": 5457652,
			"data": "0x000000000000000000000000000000000000000000000006b8d87f0514700000",
			"logIndex": 22,
			"topics": [
				"0xddf252ad1be2c89b69c2b068fc378daa952ba7f163c4a11628f55a4df523b3ef",
				"0x000000000000000000000000468b858c964f297fd8fce058032bf4b4911a8ad8",
				"0x000000000000000000000000627f1e2f42392d2d9d6f7359bd09f012ca843cfb"
			],
			"transactionHash": "0x44f4f1b90c3d43354d8ba3ddc3c40fa7fb6e85098ce6bb471cc8ebdbcf190602",
			"transactionIndex": 42,
			"transactionLogIndex": "0x0",
			"type": "mined",
			"id": "log_b6c4e565"
		}
	],
	"logsBloom": "0x00000000000000000000000000020000000000000000000000000000000000000000000000000000000000000000000000000000000000000000000000000000000000000000010000000008000000000000000000000000000000000020000000000000000000000000000000000000000000000000000000000010000000000000000000000000000000000000000000000000000000000000000000000000000000000000000080000000000000000000000000000001000000010000000000001002000040000000000000000000000000000001000000000000000000000000000000000000000000000000000000000000000000000000000000000000",
	"root": null,
	"status": "0x1",
	"transactionHash": "0x44f4f1b90c3d43354d8ba3ddc3c40fa7fb6e85098ce6bb471cc8ebdbcf190602",
	"transactionIndex": 42
}
[2018-04-17T17:13:26.435] [DEBUG] trans - TO:   0x61765adfa8566c33d88ac1ac487ff45f0e650e48
[2018-04-17T17:13:26.435] [DEBUG] trans - AMOUNT:   124000000000000000000
[2018-04-17T17:13:26.435] [DEBUG] trans - Receipt info:  {
	"blockHash": "0xcb90b0f0671926e6e6401f1ab0c5c0bf513ecb73db96c17d034d7780a068bfc6",
	"blockNumber": 5457652,
	"contractAddress": null,
	"cumulativeGasUsed": 1492758,
	"gasUsed": 51589,
	"logs": [
		{
			"address": "0x7e9e431a0B8c4D532C745B1043c7FA29a48D4fBa",
			"blockHash": "0xcb90b0f0671926e6e6401f1ab0c5c0bf513ecb73db96c17d034d7780a068bfc6",
			"blockNumber": 5457652,
			"data": "0x000000000000000000000000000000000000000000000006b8d87f0514700000",
			"logIndex": 21,
			"topics": [
				"0xddf252ad1be2c89b69c2b068fc378daa952ba7f163c4a11628f55a4df523b3ef",
				"0x000000000000000000000000468b858c964f297fd8fce058032bf4b4911a8ad8",
				"0x00000000000000000000000061765adfa8566c33d88ac1ac487ff45f0e650e48"
			],
			"transactionHash": "0xbcaaf64509f5009a9f613116a412a0a7df365a3c2699550523f53501f001096b",
			"transactionIndex": 40,
			"transactionLogIndex": "0x0",
			"type": "mined",
			"id": "log_9a7200d6"
		}
	],
	"logsBloom": "0x00000000000000000000000000020000000000000000000000000000000000000000000000000000000000000000000000000000000000000000000000000000000000000000010000000048000000000000000000000000000000000020000000000800000000000000000000000000000000000000000000000010000000000000000000000000000000000000000000000000000000000000000000000000000000000000000080000000000000000000000000000000000000010000000000001002000000000000000000000000000000000000000000000000000000000000000000000000000000000000000000000000000000000000000000000001",
	"root": null,
	"status": "0x1",
	"transactionHash": "0xbcaaf64509f5009a9f613116a412a0a7df365a3c2699550523f53501f001096b",
	"transactionIndex": 40
}
[2018-04-17T17:13:26.435] [DEBUG] trans - TO:   0x41996f521c9d08b57e2ae9625297eef76559d09f
[2018-04-17T17:13:26.435] [DEBUG] trans - AMOUNT:   124000000000000000000
[2018-04-17T17:13:26.435] [DEBUG] trans - Receipt info:  {
	"blockHash": "0xcb90b0f0671926e6e6401f1ab0c5c0bf513ecb73db96c17d034d7780a068bfc6",
	"blockNumber": 5457652,
	"contractAddress": null,
	"cumulativeGasUsed": 1420169,
	"gasUsed": 51589,
	"logs": [
		{
			"address": "0x7e9e431a0B8c4D532C745B1043c7FA29a48D4fBa",
			"blockHash": "0xcb90b0f0671926e6e6401f1ab0c5c0bf513ecb73db96c17d034d7780a068bfc6",
			"blockNumber": 5457652,
			"data": "0x000000000000000000000000000000000000000000000006b8d87f0514700000",
			"logIndex": 20,
			"topics": [
				"0xddf252ad1be2c89b69c2b068fc378daa952ba7f163c4a11628f55a4df523b3ef",
				"0x000000000000000000000000468b858c964f297fd8fce058032bf4b4911a8ad8",
				"0x00000000000000000000000041996f521c9d08b57e2ae9625297eef76559d09f"
			],
			"transactionHash": "0x1df4c219c292c8b48fb1bb22f3fcd476abefb262b49b00df9fb0ed450a1099a8",
			"transactionIndex": 38,
			"transactionLogIndex": "0x0",
			"type": "mined",
			"id": "log_f433a94a"
		}
	],
	"logsBloom": "0x00000000000000000000000000020000000000000000000000000000000000000000000000000000000000000000000000000000000000000000000000000000000000000000010000000008000000000000000000000000000000000020040000000000000000000000000000000000000000000000000000000010000000000000000000000000200000000000000000000000000000000000000000000000000000000000000080000000000000000000000000000000000000011000000000001002000000000000000000000000000000000000000000000000000000000000000000000000000000000000000000000000000000000000000000000000",
	"root": null,
	"status": "0x1",
	"transactionHash": "0x1df4c219c292c8b48fb1bb22f3fcd476abefb262b49b00df9fb0ed450a1099a8",
	"transactionIndex": 38
}
[2018-04-17T17:13:26.435] [DEBUG] trans - TO:   0x71ddc433b46f244a6ff0783c03a60cf169a67786
[2018-04-17T17:13:26.435] [DEBUG] trans - AMOUNT:   124000000000000000000
[2018-04-17T17:13:26.435] [DEBUG] trans - Receipt info:  {
	"blockHash": "0xcb90b0f0671926e6e6401f1ab0c5c0bf513ecb73db96c17d034d7780a068bfc6",
	"blockNumber": 5457652,
	"contractAddress": null,
	"cumulativeGasUsed": 1668525,
	"gasUsed": 51589,
	"logs": [
		{
			"address": "0x7e9e431a0B8c4D532C745B1043c7FA29a48D4fBa",
			"blockHash": "0xcb90b0f0671926e6e6401f1ab0c5c0bf513ecb73db96c17d034d7780a068bfc6",
			"blockNumber": 5457652,
			"data": "0x000000000000000000000000000000000000000000000006b8d87f0514700000",
			"logIndex": 24,
			"topics": [
				"0xddf252ad1be2c89b69c2b068fc378daa952ba7f163c4a11628f55a4df523b3ef",
				"0x000000000000000000000000468b858c964f297fd8fce058032bf4b4911a8ad8",
				"0x00000000000000000000000071ddc433b46f244a6ff0783c03a60cf169a67786"
			],
			"transactionHash": "0xf22257da4816de8011c806d5a42419d3362424d81b6c7a9c64671d1ba5ae1b4e",
			"transactionIndex": 44,
			"transactionLogIndex": "0x0",
			"type": "mined",
			"id": "log_4299e5d5"
		}
	],
	"logsBloom": "0x00000000000000000000000000020000000000000000000000000100000000000000000000000000000000000000000000000000000000000000000000000000000000000000010000000008000000200000000000000000000000000020000000000000000000000000000000000000000000000000000000000010000000000000000000000000000000000000000000200000000000000000000000000000000000000000000080000000000000000000000000000000000000010000000000001002000000000000000000000000000000000000000000000000000000000000000000000000000000000000000000000000000000000000000000000000",
	"root": null,
	"status": "0x1",
	"transactionHash": "0xf22257da4816de8011c806d5a42419d3362424d81b6c7a9c64671d1ba5ae1b4e",
	"transactionIndex": 44
}
[2018-04-17T17:13:26.436] [DEBUG] trans - TO:   0xad0bf76c6d1133d44564e8e20b0fe7c57e4f2f21
[2018-04-17T17:13:26.436] [DEBUG] trans - AMOUNT:   124000000000000000000
[2018-04-17T17:13:26.436] [DEBUG] trans - Receipt info:  {
	"blockHash": "0xcb90b0f0671926e6e6401f1ab0c5c0bf513ecb73db96c17d034d7780a068bfc6",
	"blockNumber": 5457652,
	"contractAddress": null,
	"cumulativeGasUsed": 1874881,
	"gasUsed": 51589,
	"logs": [
		{
			"address": "0x7e9e431a0B8c4D532C745B1043c7FA29a48D4fBa",
			"blockHash": "0xcb90b0f0671926e6e6401f1ab0c5c0bf513ecb73db96c17d034d7780a068bfc6",
			"blockNumber": 5457652,
			"data": "0x000000000000000000000000000000000000000000000006b8d87f0514700000",
			"logIndex": 28,
			"topics": [
				"0xddf252ad1be2c89b69c2b068fc378daa952ba7f163c4a11628f55a4df523b3ef",
				"0x000000000000000000000000468b858c964f297fd8fce058032bf4b4911a8ad8",
				"0x000000000000000000000000ad0bf76c6d1133d44564e8e20b0fe7c57e4f2f21"
			],
			"transactionHash": "0xc2fa40b3b7de2694e881a431a767a705027e04b7eb1e0aebd75fb59c8480ff0e",
			"transactionIndex": 48,
			"transactionLogIndex": "0x0",
			"type": "mined",
			"id": "log_33321649"
		}
	],
	"logsBloom": "0x00000000000000000000000000020000000000000000000000000000000000000000000000000000000000000000000000000000000000000000000000000000000000000000010000000008000000000000000000000000000000000020000000000000200000000000000000000000000000000000000000000010000000000000000000000020000000000000000000000000000000000000000000000000000000000000000080000000000000000000000000000000000000010000000000001002000000000000000000000000000000000000000000000000000000000000000000000000000000000000000000010000000000000000000000000000",
	"root": null,
	"status": "0x1",
	"transactionHash": "0xc2fa40b3b7de2694e881a431a767a705027e04b7eb1e0aebd75fb59c8480ff0e",
	"transactionIndex": 48
}
[2018-04-17T17:13:26.436] [DEBUG] trans - TO:   0x7c2f2ad0c5e2da158280d7686a44c6f9f106d2b0
[2018-04-17T17:13:26.436] [DEBUG] trans - AMOUNT:   124000000000000000000
[2018-04-17T17:13:26.437] [DEBUG] trans - Receipt info:  {
	"blockHash": "0xcb90b0f0671926e6e6401f1ab0c5c0bf513ecb73db96c17d034d7780a068bfc6",
	"blockNumber": 5457652,
	"contractAddress": null,
	"cumulativeGasUsed": 1720114,
	"gasUsed": 51589,
	"logs": [
		{
			"address": "0x7e9e431a0B8c4D532C745B1043c7FA29a48D4fBa",
			"blockHash": "0xcb90b0f0671926e6e6401f1ab0c5c0bf513ecb73db96c17d034d7780a068bfc6",
			"blockNumber": 5457652,
			"data": "0x000000000000000000000000000000000000000000000006b8d87f0514700000",
			"logIndex": 25,
			"topics": [
				"0xddf252ad1be2c89b69c2b068fc378daa952ba7f163c4a11628f55a4df523b3ef",
				"0x000000000000000000000000468b858c964f297fd8fce058032bf4b4911a8ad8",
				"0x0000000000000000000000007c2f2ad0c5e2da158280d7686a44c6f9f106d2b0"
			],
			"transactionHash": "0x51a93736f87d6a9aca030213adfda4e831753ce0e54cb019a7a72e759178ab83",
			"transactionIndex": 45,
			"transactionLogIndex": "0x0",
			"type": "mined",
			"id": "log_f914def2"
		}
	],
	"logsBloom": "0x00000000200000000000000000020000000000000000000000000000000000000000000020000000000000000000000000000000000000000000000000000000000000000000010000000008000000000000000000000000000000000020000000000000000000000000080000000000000000000000000000000010000000000000000000000000000000000000000000000000000000000000000000000000000000000000000080000000000000000000000000000000000000010000000000001002000000000000000000000000000000000000000000000000000000000000000000000000000000000000000000000000000000000000000000000000",
	"root": null,
	"status": "0x1",
	"transactionHash": "0x51a93736f87d6a9aca030213adfda4e831753ce0e54cb019a7a72e759178ab83",
	"transactionIndex": 45
}
[2018-04-17T17:13:26.437] [DEBUG] trans - TO:   0x34d88c286ca563dbedbb5f523ceb4640d58e2dd4
[2018-04-17T17:13:26.437] [DEBUG] trans - AMOUNT:   124000000000000000000
[2018-04-17T17:13:26.437] [DEBUG] trans - Receipt info:  {
	"blockHash": "0xcb90b0f0671926e6e6401f1ab0c5c0bf513ecb73db96c17d034d7780a068bfc6",
	"blockNumber": 5457652,
	"contractAddress": null,
	"cumulativeGasUsed": 1202402,
	"gasUsed": 51589,
	"logs": [
		{
			"address": "0x7e9e431a0B8c4D532C745B1043c7FA29a48D4fBa",
			"blockHash": "0xcb90b0f0671926e6e6401f1ab0c5c0bf513ecb73db96c17d034d7780a068bfc6",
			"blockNumber": 5457652,
			"data": "0x000000000000000000000000000000000000000000000006b8d87f0514700000",
			"logIndex": 17,
			"topics": [
				"0xddf252ad1be2c89b69c2b068fc378daa952ba7f163c4a11628f55a4df523b3ef",
				"0x000000000000000000000000468b858c964f297fd8fce058032bf4b4911a8ad8",
				"0x00000000000000000000000034d88c286ca563dbedbb5f523ceb4640d58e2dd4"
			],
			"transactionHash": "0x49364d9cc70700d6e4874c77942847c4252fccee526a49f48fecef206438af2a",
			"transactionIndex": 32,
			"transactionLogIndex": "0x0",
			"type": "mined",
			"id": "log_2f4ce665"
		}
	],
	"logsBloom": "0x00000000000000000000000000020000000000000000000000000000000000000000000000000000000000000000000000000000000000000000000000000000000008000000010000000008000000000000000008000000000000000020000000000000000000000000000000000000000000000000000000000010000000000000000000000000000000000000000000000000000000000000000000000000000000000000000080000000000000000000000000000000000000010000000000001002000000000000000000000000000000000000000000000000000000000000000000000000000000000000000000000000000000000000008000000000",
	"root": null,
	"status": "0x1",
	"transactionHash": "0x49364d9cc70700d6e4874c77942847c4252fccee526a49f48fecef206438af2a",
	"transactionIndex": 32
}
[2018-04-17T17:13:26.438] [DEBUG] trans - TO:   0x955818b19086a0336f67039c659f6af3de2ebb97
[2018-04-17T17:13:26.438] [DEBUG] trans - AMOUNT:   124000000000000000000
[2018-04-17T17:13:26.438] [DEBUG] trans - Receipt info:  {
	"blockHash": "0xcb90b0f0671926e6e6401f1ab0c5c0bf513ecb73db96c17d034d7780a068bfc6",
	"blockNumber": 5457652,
	"contractAddress": null,
	"cumulativeGasUsed": 1823292,
	"gasUsed": 51589,
	"logs": [
		{
			"address": "0x7e9e431a0B8c4D532C745B1043c7FA29a48D4fBa",
			"blockHash": "0xcb90b0f0671926e6e6401f1ab0c5c0bf513ecb73db96c17d034d7780a068bfc6",
			"blockNumber": 5457652,
			"data": "0x000000000000000000000000000000000000000000000006b8d87f0514700000",
			"logIndex": 27,
			"topics": [
				"0xddf252ad1be2c89b69c2b068fc378daa952ba7f163c4a11628f55a4df523b3ef",
				"0x000000000000000000000000468b858c964f297fd8fce058032bf4b4911a8ad8",
				"0x000000000000000000000000955818b19086a0336f67039c659f6af3de2ebb97"
			],
			"transactionHash": "0x5bcbd9444e7b1c7845f523f383b56dfe0f2a616c38926df538f390f2f1dd844f",
			"transactionIndex": 47,
			"transactionLogIndex": "0x0",
			"type": "mined",
			"id": "log_24da8cd3"
		}
	],
	"logsBloom": "0x00000000000000000000000000020000000000000002000000000000000000000000000000000000000000000000000000000000000000000000000000000000000000000000010000000008000000000000000000000000000000000020000000000000000000000000000000000000000000000000000000004010000000000000000000000000000000000000000000000000000000000000000000000000000000000000000080000000000000000000000000000000000000010000000000001002000000000000000000000000000000000000020000000000000000000000000000000000000000000000000000000000000000000000000000000000",
	"root": null,
	"status": "0x1",
	"transactionHash": "0x5bcbd9444e7b1c7845f523f383b56dfe0f2a616c38926df538f390f2f1dd844f",
	"transactionIndex": 47
}
[2018-04-17T17:13:26.439] [DEBUG] trans - TO:   0xc8e90f8fd783b1e159bc51ebbc0c3c021d32714a
[2018-04-17T17:13:26.439] [DEBUG] trans - AMOUNT:   124000000000000000000
[2018-04-17T17:13:26.439] [DEBUG] trans - Receipt info:  {
	"blockHash": "0xcb90b0f0671926e6e6401f1ab0c5c0bf513ecb73db96c17d034d7780a068bfc6",
	"blockNumber": 5457652,
	"contractAddress": null,
	"cumulativeGasUsed": 1978059,
	"gasUsed": 51589,
	"logs": [
		{
			"address": "0x7e9e431a0B8c4D532C745B1043c7FA29a48D4fBa",
			"blockHash": "0xcb90b0f0671926e6e6401f1ab0c5c0bf513ecb73db96c17d034d7780a068bfc6",
			"blockNumber": 5457652,
			"data": "0x000000000000000000000000000000000000000000000006b8d87f0514700000",
			"logIndex": 30,
			"topics": [
				"0xddf252ad1be2c89b69c2b068fc378daa952ba7f163c4a11628f55a4df523b3ef",
				"0x000000000000000000000000468b858c964f297fd8fce058032bf4b4911a8ad8",
				"0x000000000000000000000000c8e90f8fd783b1e159bc51ebbc0c3c021d32714a"
			],
			"transactionHash": "0x0f2bbdd9d5505fc677a72808aa2390f0bda721e62068de2efa0d1ac0da5c7166",
			"transactionIndex": 50,
			"transactionLogIndex": "0x0",
			"type": "mined",
			"id": "log_21f17795"
		}
	],
	"logsBloom": "0x00000000000000000000000000020000000000000000000000000000000000000000000000000000000000000000000000000000000000000000000000000000000000000000010000000008000000000000000000000000000000000020000000000000000000000000000000000000000000000000000000000010000000000000000000000000000000000000000000000000000000000000000000000000000000000000000080000000400000000000000000000000000000010000000000001002000000000000000000000000000000000000000000000000000000000000000000000000000000000000000000000000000000000002000000004000",
	"root": null,
	"status": "0x1",
	"transactionHash": "0x0f2bbdd9d5505fc677a72808aa2390f0bda721e62068de2efa0d1ac0da5c7166",
	"transactionIndex": 50
}
[2018-04-17T17:13:26.439] [DEBUG] trans - TO:   0xbdcea8819c4a305ce3de6bbb1db0973d4565d178
[2018-04-17T17:13:26.439] [DEBUG] trans - AMOUNT:   124000000000000000000
[2018-04-17T17:13:26.439] [DEBUG] trans - Receipt info:  {
	"blockHash": "0xcb90b0f0671926e6e6401f1ab0c5c0bf513ecb73db96c17d034d7780a068bfc6",
	"blockNumber": 5457652,
	"contractAddress": null,
	"cumulativeGasUsed": 1926470,
	"gasUsed": 51589,
	"logs": [
		{
			"address": "0x7e9e431a0B8c4D532C745B1043c7FA29a48D4fBa",
			"blockHash": "0xcb90b0f0671926e6e6401f1ab0c5c0bf513ecb73db96c17d034d7780a068bfc6",
			"blockNumber": 5457652,
			"data": "0x000000000000000000000000000000000000000000000006b8d87f0514700000",
			"logIndex": 29,
			"topics": [
				"0xddf252ad1be2c89b69c2b068fc378daa952ba7f163c4a11628f55a4df523b3ef",
				"0x000000000000000000000000468b858c964f297fd8fce058032bf4b4911a8ad8",
				"0x000000000000000000000000bdcea8819c4a305ce3de6bbb1db0973d4565d178"
			],
			"transactionHash": "0x0e0ba4c176983ef151ab9030593a54fee1d4e2f2283aa98c4861b2de1dd249e0",
			"transactionIndex": 49,
			"transactionLogIndex": "0x0",
			"type": "mined",
			"id": "log_ea711402"
		}
	],
	"logsBloom": "0x00000000000000000000000000020000020000000000000000000000000000000000000000000000000000000000000000000000000000000000000000000000000000000000010000000008000000000000000000000000000000000020001000000000000000000000000000000000000000000000000000000010000000000000000000000000000000000000000000000000000000000000000000000000000000000000000080000000000000000000001000000000000000010000000000001002000000000000000000000000000000000000000000000000000000000000000000000000000000000000000000000000000000000000000000000000",
	"root": null,
	"status": "0x1",
	"transactionHash": "0x0e0ba4c176983ef151ab9030593a54fee1d4e2f2283aa98c4861b2de1dd249e0",
	"transactionIndex": 49
}
[2018-04-17T17:13:26.439] [DEBUG] trans - TO:   0xd93ea8b0c4d4ca07f7f31495b59aefbd908df2b5
[2018-04-17T17:13:26.439] [DEBUG] trans - AMOUNT:   124000000000000000000
[2018-04-17T17:13:26.439] [DEBUG] trans - Receipt info:  {
	"blockHash": "0xcb90b0f0671926e6e6401f1ab0c5c0bf513ecb73db96c17d034d7780a068bfc6",
	"blockNumber": 5457652,
	"contractAddress": null,
	"cumulativeGasUsed": 2081237,
	"gasUsed": 51589,
	"logs": [
		{
			"address": "0x7e9e431a0B8c4D532C745B1043c7FA29a48D4fBa",
			"blockHash": "0xcb90b0f0671926e6e6401f1ab0c5c0bf513ecb73db96c17d034d7780a068bfc6",
			"blockNumber": 5457652,
			"data": "0x000000000000000000000000000000000000000000000006b8d87f0514700000",
			"logIndex": 32,
			"topics": [
				"0xddf252ad1be2c89b69c2b068fc378daa952ba7f163c4a11628f55a4df523b3ef",
				"0x000000000000000000000000468b858c964f297fd8fce058032bf4b4911a8ad8",
				"0x000000000000000000000000d93ea8b0c4d4ca07f7f31495b59aefbd908df2b5"
			],
			"transactionHash": "0xc68fe233d8beee84f0b0e4c335d68f92fdc156af88d0a7170e16f127b4756034",
			"transactionIndex": 52,
			"transactionLogIndex": "0x0",
			"type": "mined",
			"id": "log_cfacc74f"
		}
	],
	"logsBloom": "0x00000000000000000000000000020000000000000000000000000000000000000000000000000000000000000000000000000000000000000000000000000000000000000000010000000008000000000000000000000000000000004020000000000000000000000000000000000000000000000000000000000010000000000000000000000000000002000000000000000000000000000000000100000000000000000000000080000000000000000000000000000000000000010000000000001002000000000000000000000000000000000000000000000000000000000000000000000000000000000000000000000000000000000000000000000000",
	"root": null,
	"status": "0x1",
	"transactionHash": "0xc68fe233d8beee84f0b0e4c335d68f92fdc156af88d0a7170e16f127b4756034",
	"transactionIndex": 52
}
[2018-04-17T17:13:26.440] [DEBUG] trans - TO:   0xca690e10e63a86ccdda8730a089473892b1079ca
[2018-04-17T17:13:26.440] [DEBUG] trans - AMOUNT:   124000000000000000000
[2018-04-17T17:13:26.440] [DEBUG] trans - Receipt info:  {
	"blockHash": "0xcb90b0f0671926e6e6401f1ab0c5c0bf513ecb73db96c17d034d7780a068bfc6",
	"blockNumber": 5457652,
	"contractAddress": null,
	"cumulativeGasUsed": 2029648,
	"gasUsed": 51589,
	"logs": [
		{
			"address": "0x7e9e431a0B8c4D532C745B1043c7FA29a48D4fBa",
			"blockHash": "0xcb90b0f0671926e6e6401f1ab0c5c0bf513ecb73db96c17d034d7780a068bfc6",
			"blockNumber": 5457652,
			"data": "0x000000000000000000000000000000000000000000000006b8d87f0514700000",
			"logIndex": 31,
			"topics": [
				"0xddf252ad1be2c89b69c2b068fc378daa952ba7f163c4a11628f55a4df523b3ef",
				"0x000000000000000000000000468b858c964f297fd8fce058032bf4b4911a8ad8",
				"0x000000000000000000000000ca690e10e63a86ccdda8730a089473892b1079ca"
			],
			"transactionHash": "0x2bcf1d979fd5c88c1e4bbecc7985945c3f0a38af4b5ad40afb581da6db366e66",
			"transactionIndex": 51,
			"transactionLogIndex": "0x0",
			"type": "mined",
			"id": "log_4b2230f2"
		}
	],
	"logsBloom": "0x00000000000000000000000000020000000000000000000000000000000000000000000000000000000000000000000000000000000000000000000000000000000000000000010000000008000000000000000000000000000000000020000000000400000000000000000000000000000400000000000000000010000000000000000000000000000000000000000000000000000000000000000000000000000000000000000080000000000000000000000000000000000000010000000000001002000000000000000000000000000000000000000010000000000000000000000000000000000000000000000000000000000000000000000000000000",
	"root": null,
	"status": "0x1",
	"transactionHash": "0x2bcf1d979fd5c88c1e4bbecc7985945c3f0a38af4b5ad40afb581da6db366e66",
	"transactionIndex": 51
}
[2018-04-17T17:13:26.440] [DEBUG] trans - TO:   0xde1d5dab060b7cb85ba1368980f07a336e5a5d38
[2018-04-17T17:13:26.440] [DEBUG] trans - AMOUNT:   124000000000000000000
[2018-04-17T17:13:26.440] [DEBUG] trans - Receipt info:  {
	"blockHash": "0xcb90b0f0671926e6e6401f1ab0c5c0bf513ecb73db96c17d034d7780a068bfc6",
	"blockNumber": 5457652,
	"contractAddress": null,
	"cumulativeGasUsed": 2132826,
	"gasUsed": 51589,
	"logs": [
		{
			"address": "0x7e9e431a0B8c4D532C745B1043c7FA29a48D4fBa",
			"blockHash": "0xcb90b0f0671926e6e6401f1ab0c5c0bf513ecb73db96c17d034d7780a068bfc6",
			"blockNumber": 5457652,
			"data": "0x000000000000000000000000000000000000000000000006b8d87f0514700000",
			"logIndex": 33,
			"topics": [
				"0xddf252ad1be2c89b69c2b068fc378daa952ba7f163c4a11628f55a4df523b3ef",
				"0x000000000000000000000000468b858c964f297fd8fce058032bf4b4911a8ad8",
				"0x000000000000000000000000de1d5dab060b7cb85ba1368980f07a336e5a5d38"
			],
			"transactionHash": "0x021c2b90a0d3e3f4de129bde6f02f7441f47bf4df608c1c8e03ce59d20de0657",
			"transactionIndex": 53,
			"transactionLogIndex": "0x0",
			"type": "mined",
			"id": "log_1a073e7c"
		}
	],
	"logsBloom": "0x00000000000000000000000000020000000000000000000000000000000000000040000000000000000000000000000000000000000000000000000000000000000000000000010000000008000000000000000000000000000000000020000000000000000000000000000000000000000000000000000000000010000000000000000000000000000000000000000080000000000000000000000000000000000020000000000080000000000000000000000000000000000000010000000000001002000000000000000000000000000000000000000000000000000000000000000000000000000000000000000000000000000000000000000000000000",
	"root": null,
	"status": "0x1",
	"transactionHash": "0x021c2b90a0d3e3f4de129bde6f02f7441f47bf4df608c1c8e03ce59d20de0657",
	"transactionIndex": 53
}
[2018-04-17T17:13:26.440] [DEBUG] trans - TO:   0xde64cb6eec4bd4b11a8eb859b577a8a327beb34f
[2018-04-17T17:13:26.440] [DEBUG] trans - AMOUNT:   124000000000000000000
[2018-04-17T17:13:26.441] [DEBUG] trans - Receipt info:  {
	"blockHash": "0xcb90b0f0671926e6e6401f1ab0c5c0bf513ecb73db96c17d034d7780a068bfc6",
	"blockNumber": 5457652,
	"contractAddress": null,
	"cumulativeGasUsed": 2184415,
	"gasUsed": 51589,
	"logs": [
		{
			"address": "0x7e9e431a0B8c4D532C745B1043c7FA29a48D4fBa",
			"blockHash": "0xcb90b0f0671926e6e6401f1ab0c5c0bf513ecb73db96c17d034d7780a068bfc6",
			"blockNumber": 5457652,
			"data": "0x000000000000000000000000000000000000000000000006b8d87f0514700000",
			"logIndex": 34,
			"topics": [
				"0xddf252ad1be2c89b69c2b068fc378daa952ba7f163c4a11628f55a4df523b3ef",
				"0x000000000000000000000000468b858c964f297fd8fce058032bf4b4911a8ad8",
				"0x000000000000000000000000de64cb6eec4bd4b11a8eb859b577a8a327beb34f"
			],
			"transactionHash": "0xc7263d2f69b212184bd9a1bc6c646bc840431f678c8e334544121240d99b4ef9",
			"transactionIndex": 54,
			"transactionLogIndex": "0x0",
			"type": "mined",
			"id": "log_4695425f"
		}
	],
	"logsBloom": "0x00000000000000000000000000020000000000000000000000000000000000000000000000000100000000000000000000000000000000000000000000000000000000000000010000000008000000000400000000000000000000000020000000000000000000000000000000000000000000000000000000000010000000000000000000000000000000000000000000000000000000000000000000000000000000000000000080000000000000000000000000000000000000012000000000001002000000000000000000000000000000000000000000000000000000000000000000000000000000000000000000000000000000000000000000000000",
	"root": null,
	"status": "0x1",
	"transactionHash": "0xc7263d2f69b212184bd9a1bc6c646bc840431f678c8e334544121240d99b4ef9",
	"transactionIndex": 54
}
[2018-04-17T17:13:26.441] [DEBUG] trans - TO:   0xe17ea80704f50564d6a2b0325ac9cbf31721a7b0
[2018-04-17T17:13:26.441] [DEBUG] trans - AMOUNT:   124000000000000000000
[2018-04-17T17:13:26.441] [DEBUG] trans - Receipt info:  {
	"blockHash": "0xcb90b0f0671926e6e6401f1ab0c5c0bf513ecb73db96c17d034d7780a068bfc6",
	"blockNumber": 5457652,
	"contractAddress": null,
	"cumulativeGasUsed": 2236004,
	"gasUsed": 51589,
	"logs": [
		{
			"address": "0x7e9e431a0B8c4D532C745B1043c7FA29a48D4fBa",
			"blockHash": "0xcb90b0f0671926e6e6401f1ab0c5c0bf513ecb73db96c17d034d7780a068bfc6",
			"blockNumber": 5457652,
			"data": "0x000000000000000000000000000000000000000000000006b8d87f0514700000",
			"logIndex": 35,
			"topics": [
				"0xddf252ad1be2c89b69c2b068fc378daa952ba7f163c4a11628f55a4df523b3ef",
				"0x000000000000000000000000468b858c964f297fd8fce058032bf4b4911a8ad8",
				"0x000000000000000000000000e17ea80704f50564d6a2b0325ac9cbf31721a7b0"
			],
			"transactionHash": "0xe1126e94c2fe3a88df8915da4fa6fa78fe280e089f159e4e1a89f6ff40694678",
			"transactionIndex": 55,
			"transactionLogIndex": "0x0",
			"type": "mined",
			"id": "log_ec2bd438"
		}
	],
	"logsBloom": "0x00000000000000000000000000020000000000000000000000000000000000000000000000000000000000000000000000000000000000000000000000400000000000000000010000000008000000000000000000800000000000000020000000000000000000000000000000000000000000000000000000000010000000000000000000000000000000000000000000000000000000000000000000000000000000000000000080000000000000000000000004000000000000010000000000001002000000000000000000000000000000000000000000000000000000000000000000000000000000000000000000000000000000000000000000000000",
	"root": null,
	"status": "0x1",
	"transactionHash": "0xe1126e94c2fe3a88df8915da4fa6fa78fe280e089f159e4e1a89f6ff40694678",
	"transactionIndex": 55
}
[2018-04-17T17:13:26.441] [DEBUG] trans - TO:   0xedc2e1f2d4b30dccfd0b1ea14fbf4c91d451ee31
[2018-04-17T17:13:26.441] [DEBUG] trans - AMOUNT:   124000000000000000000
[2018-04-17T17:13:26.441] [DEBUG] trans - Receipt info:  {
	"blockHash": "0xcb90b0f0671926e6e6401f1ab0c5c0bf513ecb73db96c17d034d7780a068bfc6",
	"blockNumber": 5457652,
	"contractAddress": null,
	"cumulativeGasUsed": 2287593,
	"gasUsed": 51589,
	"logs": [
		{
			"address": "0x7e9e431a0B8c4D532C745B1043c7FA29a48D4fBa",
			"blockHash": "0xcb90b0f0671926e6e6401f1ab0c5c0bf513ecb73db96c17d034d7780a068bfc6",
			"blockNumber": 5457652,
			"data": "0x000000000000000000000000000000000000000000000006b8d87f0514700000",
			"logIndex": 36,
			"topics": [
				"0xddf252ad1be2c89b69c2b068fc378daa952ba7f163c4a11628f55a4df523b3ef",
				"0x000000000000000000000000468b858c964f297fd8fce058032bf4b4911a8ad8",
				"0x000000000000000000000000edc2e1f2d4b30dccfd0b1ea14fbf4c91d451ee31"
			],
			"transactionHash": "0x10c4c5605a5410fa459831e1af1e6dc144e32ba9716fdb3066c3de9f3f257ab6",
			"transactionIndex": 56,
			"transactionLogIndex": "0x0",
			"type": "mined",
			"id": "log_ccd20aec"
		}
	],
	"logsBloom": "0x00000000000000000000000000020000000000000000000000000000000000000000000000000000000000000000000000000000000000000000000000000000000000000000010000000008000000000000000000000000000040000020000000000000000000000000000010000000000000000000000000000010000000000000000000400000000000000000000000000000000000000000000000000000000000000000000080000000000000000000000000000000000000010000000000001002000000000000000000000000000000000000000000000000000000000000000000000000000000000000000000000000000000000000000000000000",
	"root": null,
	"status": "0x1",
	"transactionHash": "0x10c4c5605a5410fa459831e1af1e6dc144e32ba9716fdb3066c3de9f3f257ab6",
	"transactionIndex": 56
}
[2018-04-17T17:13:26.442] [DEBUG] trans - TO:   0xfc4d0cf1b56344ddcea733aa5d7676818c953c74
[2018-04-17T17:13:26.442] [DEBUG] trans - AMOUNT:   123996800000000000000
[2018-04-17T17:13:26.442] [DEBUG] trans - Receipt info:  {
	"blockHash": "0xcb90b0f0671926e6e6401f1ab0c5c0bf513ecb73db96c17d034d7780a068bfc6",
	"blockNumber": 5457652,
	"contractAddress": null,
	"cumulativeGasUsed": 2493821,
	"gasUsed": 51589,
	"logs": [
		{
			"address": "0x7e9e431a0B8c4D532C745B1043c7FA29a48D4fBa",
			"blockHash": "0xcb90b0f0671926e6e6401f1ab0c5c0bf513ecb73db96c17d034d7780a068bfc6",
			"blockNumber": 5457652,
			"data": "0x000000000000000000000000000000000000000000000006b8cd20a305280000",
			"logIndex": 40,
			"topics": [
				"0xddf252ad1be2c89b69c2b068fc378daa952ba7f163c4a11628f55a4df523b3ef",
				"0x000000000000000000000000468b858c964f297fd8fce058032bf4b4911a8ad8",
				"0x000000000000000000000000fc4d0cf1b56344ddcea733aa5d7676818c953c74"
			],
			"transactionHash": "0xe5ebed7342def9609ffd45047ee6a49b5de5ac4d3e88f5b466341e11cdb98df2",
			"transactionIndex": 60,
			"transactionLogIndex": "0x0",
			"type": "mined",
			"id": "log_3d5f79d3"
		}
	],
	"logsBloom": "0x00000000000000000000000000020000000000000000000000000000000000000000000000000000000000000000000000000000000000000000000000000000000000000000010000000008000000000000000000000000000000000020000000000000002000000000000000000400000000000000000000000010000000000000000000000000000000000000000000000000000000000000000000000000000000000000000080000000000000000000000000000000000000010000000000001002000000000000000000000000000000000000000000000000000000000000000000000000000000000000000080000000000000000000000000000000",
	"root": null,
	"status": "0x1",
	"transactionHash": "0xe5ebed7342def9609ffd45047ee6a49b5de5ac4d3e88f5b466341e11cdb98df2",
	"transactionIndex": 60
}
[2018-04-17T17:13:26.442] [DEBUG] trans - TO:   0xfb1264e0757e6ab7534d523469206bab92e118ec
[2018-04-17T17:13:26.442] [DEBUG] trans - AMOUNT:   124000000000000000000
[2018-04-17T17:13:26.442] [DEBUG] trans - Receipt info:  {
	"blockHash": "0xcb90b0f0671926e6e6401f1ab0c5c0bf513ecb73db96c17d034d7780a068bfc6",
	"blockNumber": 5457652,
	"contractAddress": null,
	"cumulativeGasUsed": 2390643,
	"gasUsed": 51589,
	"logs": [
		{
			"address": "0x7e9e431a0B8c4D532C745B1043c7FA29a48D4fBa",
			"blockHash": "0xcb90b0f0671926e6e6401f1ab0c5c0bf513ecb73db96c17d034d7780a068bfc6",
			"blockNumber": 5457652,
			"data": "0x000000000000000000000000000000000000000000000006b8d87f0514700000",
			"logIndex": 38,
			"topics": [
				"0xddf252ad1be2c89b69c2b068fc378daa952ba7f163c4a11628f55a4df523b3ef",
				"0x000000000000000000000000468b858c964f297fd8fce058032bf4b4911a8ad8",
				"0x000000000000000000000000fb1264e0757e6ab7534d523469206bab92e118ec"
			],
			"transactionHash": "0xbca7746a46c4e4f444354bf1984008b432020acc91ea382ba41f63907e13b4ce",
			"transactionIndex": 58,
			"transactionLogIndex": "0x0",
			"type": "mined",
			"id": "log_a570922d"
		}
	],
	"logsBloom": "0x00000000000000000000000000020000000000000000000000000000000000000000000000000000000000000000000000000000000000000000000000000000000000000000010000000008000000000000000000000000000000000020000000000000000000000080000000000000000000000000000000002010000000000000000000000000000000000000000000000000000000000000000000000000000000000000000080000000000000000000000000000000000000010000000000001002000000000000000000000000000000000000000000000000000000000000000000000000000000000000000000000000000000080000000000000000",
	"root": null,
	"status": "0x1",
	"transactionHash": "0xbca7746a46c4e4f444354bf1984008b432020acc91ea382ba41f63907e13b4ce",
	"transactionIndex": 58
}
[2018-04-17T17:13:26.442] [DEBUG] trans - TO:   0xf9ceae99a4db00d9e91cecdaa073861f5fdb00ee
[2018-04-17T17:13:26.442] [DEBUG] trans - AMOUNT:   124000000000000000000
[2018-04-17T17:13:26.442] [DEBUG] trans - Receipt info:  {
	"blockHash": "0xcb90b0f0671926e6e6401f1ab0c5c0bf513ecb73db96c17d034d7780a068bfc6",
	"blockNumber": 5457652,
	"contractAddress": null,
	"cumulativeGasUsed": 2339054,
	"gasUsed": 51461,
	"logs": [
		{
			"address": "0x7e9e431a0B8c4D532C745B1043c7FA29a48D4fBa",
			"blockHash": "0xcb90b0f0671926e6e6401f1ab0c5c0bf513ecb73db96c17d034d7780a068bfc6",
			"blockNumber": 5457652,
			"data": "0x000000000000000000000000000000000000000000000006b8d87f0514700000",
			"logIndex": 37,
			"topics": [
				"0xddf252ad1be2c89b69c2b068fc378daa952ba7f163c4a11628f55a4df523b3ef",
				"0x000000000000000000000000468b858c964f297fd8fce058032bf4b4911a8ad8",
				"0x000000000000000000000000f9ceae99a4db00d9e91cecdaa073861f5fdb00ee"
			],
			"transactionHash": "0xf7823a1be0f685f77c4d3b8ba6b548af28fbe38aeb969ca6a63a8c8953665c6e",
			"transactionIndex": 57,
			"transactionLogIndex": "0x0",
			"type": "mined",
			"id": "log_29d6fb4d"
		}
	],
	"logsBloom": "0x00000000020000000000000000020000000040000000000000000000000000000000000000000000000000000000000000000000000000000000000000000000000000000000010000000008000000000000000000000000000000000020000000000000000000000000000000000000000000000000000000000010000000000000000000000000000000000000000000000000000000000000000000000000000000000000000080000000000000000000000000000000000200010000000000001002000000000000000000000000000000000000000000000000000000000000000000000000000000000000000000000000000000000000000000000000",
	"root": null,
	"status": "0x1",
	"transactionHash": "0xf7823a1be0f685f77c4d3b8ba6b548af28fbe38aeb969ca6a63a8c8953665c6e",
	"transactionIndex": 57
}
[2018-04-17T17:13:26.442] [DEBUG] trans - TO:   0xfc7ec708efd19f31bf3d43b8912d908b10fe78dc
[2018-04-17T17:13:26.442] [DEBUG] trans - AMOUNT:   124000000000000000000
[2018-04-17T17:13:26.442] [DEBUG] trans - Receipt info:  {
	"blockHash": "0xcb90b0f0671926e6e6401f1ab0c5c0bf513ecb73db96c17d034d7780a068bfc6",
	"blockNumber": 5457652,
	"contractAddress": null,
	"cumulativeGasUsed": 2442232,
	"gasUsed": 51589,
	"logs": [
		{
			"address": "0x7e9e431a0B8c4D532C745B1043c7FA29a48D4fBa",
			"blockHash": "0xcb90b0f0671926e6e6401f1ab0c5c0bf513ecb73db96c17d034d7780a068bfc6",
			"blockNumber": 5457652,
			"data": "0x000000000000000000000000000000000000000000000006b8d87f0514700000",
			"logIndex": 39,
			"topics": [
				"0xddf252ad1be2c89b69c2b068fc378daa952ba7f163c4a11628f55a4df523b3ef",
				"0x000000000000000000000000468b858c964f297fd8fce058032bf4b4911a8ad8",
				"0x000000000000000000000000fc7ec708efd19f31bf3d43b8912d908b10fe78dc"
			],
			"transactionHash": "0xfed0a174ee070acbc34ce20430a8e04436e054d2159e2ae6a9efc0ad3147b09d",
			"transactionIndex": 59,
			"transactionLogIndex": "0x0",
			"type": "mined",
			"id": "log_06f3f62a"
		}
	],
	"logsBloom": "0x00000000000000000002000000020000000000000000000000000000000000000000000002000000000000000000000000000000000000000000000000000000000000000000010000000008000000000000000000000000000000000020000000000000000000000000000000000000000000000000000000000010000000000000000000000000000000000000000000000000000000000000000000000000000000000000000080000000000000000000000000000000000000010000004000001002000000000000000000000000000000000000000000000000000000000000000000000000000000000000000000000000000000000000000000000000",
	"root": null,
	"status": "0x1",
	"transactionHash": "0xfed0a174ee070acbc34ce20430a8e04436e054d2159e2ae6a9efc0ad3147b09d",
	"transactionIndex": 59
}
[2018-04-17T17:13:26.443] [DEBUG] trans - TO:   0x04e1b46bd9be34072b7abbc367830c0a08465823
[2018-04-17T17:13:26.443] [DEBUG] trans - AMOUNT:   123985400000000000000
[2018-04-17T17:13:26.443] [DEBUG] trans - Receipt info:  {
	"blockHash": "0xcb90b0f0671926e6e6401f1ab0c5c0bf513ecb73db96c17d034d7780a068bfc6",
	"blockNumber": 5457652,
	"contractAddress": null,
	"cumulativeGasUsed": 2648716,
	"gasUsed": 51653,
	"logs": [
		{
			"address": "0x7e9e431a0B8c4D532C745B1043c7FA29a48D4fBa",
			"blockHash": "0xcb90b0f0671926e6e6401f1ab0c5c0bf513ecb73db96c17d034d7780a068bfc6",
			"blockNumber": 5457652,
			"data": "0x000000000000000000000000000000000000000000000006b8a4a065aeb78000",
			"logIndex": 43,
			"topics": [
				"0xddf252ad1be2c89b69c2b068fc378daa952ba7f163c4a11628f55a4df523b3ef",
				"0x000000000000000000000000468b858c964f297fd8fce058032bf4b4911a8ad8",
				"0x00000000000000000000000004e1b46bd9be34072b7abbc367830c0a08465823"
			],
			"transactionHash": "0x4fc9d41ba46ce3ecd0872b1f02830c0f35ed326947a2910c648b5324440d9755",
			"transactionIndex": 63,
			"transactionLogIndex": "0x0",
			"type": "mined",
			"id": "log_2f1a91b6"
		}
	],
	"logsBloom": "0x00000000000000000000000000020000000000000000000000000000000000000000000000000000000000000000000000000000000000000000000000000000000000000000010000000008000000000000000000000000000000000020000000000000000000000000000000100000000000000000000000000010000000000000000000000000000000000000000000000000000000000000000000008000000000000000000080000000000000000000000000000000000000010000000000001802000000000000000000000000000000000000000000000000000000000000000000000000000000000000000000000000000000000000000000000000",
	"root": null,
	"status": "0x1",
	"transactionHash": "0x4fc9d41ba46ce3ecd0872b1f02830c0f35ed326947a2910c648b5324440d9755",
	"transactionIndex": 63
}
[2018-04-17T17:13:26.443] [DEBUG] trans - TO:   0x5f315d6c2260ccba4d307959c18445a1c916472f
[2018-04-17T17:13:26.443] [DEBUG] trans - AMOUNT:   123996200000000000000
[2018-04-17T17:13:26.443] [DEBUG] trans - Receipt info:  {
	"blockHash": "0xcb90b0f0671926e6e6401f1ab0c5c0bf513ecb73db96c17d034d7780a068bfc6",
	"blockNumber": 5457652,
	"contractAddress": null,
	"cumulativeGasUsed": 2545474,
	"gasUsed": 51653,
	"logs": [
		{
			"address": "0x7e9e431a0B8c4D532C745B1043c7FA29a48D4fBa",
			"blockHash": "0xcb90b0f0671926e6e6401f1ab0c5c0bf513ecb73db96c17d034d7780a068bfc6",
			"blockNumber": 5457652,
			"data": "0x000000000000000000000000000000000000000000000006b8cafef0a24a8000",
			"logIndex": 41,
			"topics": [
				"0xddf252ad1be2c89b69c2b068fc378daa952ba7f163c4a11628f55a4df523b3ef",
				"0x000000000000000000000000468b858c964f297fd8fce058032bf4b4911a8ad8",
				"0x0000000000000000000000005f315d6c2260ccba4d307959c18445a1c916472f"
			],
			"transactionHash": "0xfa83da5c381693bb84a1177763847eaa573ac8b133d72d1c1a8224efd82c21d4",
			"transactionIndex": 61,
			"transactionLogIndex": "0x0",
			"type": "mined",
			"id": "log_8dad869f"
		}
	],
	"logsBloom": "0x00000000000000000000000000020000000000000000000000000000000000000000000000000000000000000002000000000000000000000000000000000000000000000000010000000008000000000000000000000000000000000020000000000000000000000000000000000000000000000040000000000010000000000000000000000000000000000000000000000000000000000000000000000000000000800000000080000000000000000000000000000000000000010000000000001002000000000000000000000000000000000000000000000000000000000000000000000000000000000000000000000000000000000000000000000000",
	"root": null,
	"status": "0x1",
	"transactionHash": "0xfa83da5c381693bb84a1177763847eaa573ac8b133d72d1c1a8224efd82c21d4",
	"transactionIndex": 61
}
[2018-04-17T17:13:26.443] [DEBUG] trans - TO:   0x4df5b2fa840faace1229903ebe467292b8f28fbd
[2018-04-17T17:13:26.443] [DEBUG] trans - AMOUNT:   123994000000000000000
[2018-04-17T17:13:26.443] [DEBUG] trans - Receipt info:  {
	"blockHash": "0xcb90b0f0671926e6e6401f1ab0c5c0bf513ecb73db96c17d034d7780a068bfc6",
	"blockNumber": 5457652,
	"contractAddress": null,
	"cumulativeGasUsed": 2597063,
	"gasUsed": 51589,
	"logs": [
		{
			"address": "0x7e9e431a0B8c4D532C745B1043c7FA29a48D4fBa",
			"blockHash": "0xcb90b0f0671926e6e6401f1ab0c5c0bf513ecb73db96c17d034d7780a068bfc6",
			"blockNumber": 5457652,
			"data": "0x000000000000000000000000000000000000000000000006b8c32e0d37c90000",
			"logIndex": 42,
			"topics": [
				"0xddf252ad1be2c89b69c2b068fc378daa952ba7f163c4a11628f55a4df523b3ef",
				"0x000000000000000000000000468b858c964f297fd8fce058032bf4b4911a8ad8",
				"0x0000000000000000000000004df5b2fa840faace1229903ebe467292b8f28fbd"
			],
			"transactionHash": "0xdc1704b7b6ea629439c8f1adeca2cb74172c5081291be2c9c7ed5275259d313b",
			"transactionIndex": 62,
			"transactionLogIndex": "0x0",
			"type": "mined",
			"id": "log_bb458aa5"
		}
	],
	"logsBloom": "0x00000000000000000000000000020000000000000000000000000000000000000000000000000000400000000000000000000000000000000000000000000000000000000000010000000008000000000000000000000200000000000020000000000000000000000000000000000000000000000000000000000010000000000000000000000000000000000000000000000000000000000000000000000000000000000000000080000000000000000000000000000000000000010000000000001002000000000000000000000000000000000000000000000000000000000200000000000000000000000000000000000000000000000000000000000000",
	"root": null,
	"status": "0x1",
	"transactionHash": "0xdc1704b7b6ea629439c8f1adeca2cb74172c5081291be2c9c7ed5275259d313b",
	"transactionIndex": 62
}
[2018-04-17T17:13:26.443] [DEBUG] trans - TO:   0x7f13a78de5ad0f88741cc31ae961de13e45c53bb
[2018-04-17T17:13:26.443] [DEBUG] trans - AMOUNT:   124000000000000000000
[2018-04-17T17:13:26.443] [DEBUG] trans - Receipt info:  {
	"blockHash": "0xcb90b0f0671926e6e6401f1ab0c5c0bf513ecb73db96c17d034d7780a068bfc6",
	"blockNumber": 5457652,
	"contractAddress": null,
	"cumulativeGasUsed": 1771703,
	"gasUsed": 51589,
	"logs": [
		{
			"address": "0x7e9e431a0B8c4D532C745B1043c7FA29a48D4fBa",
			"blockHash": "0xcb90b0f0671926e6e6401f1ab0c5c0bf513ecb73db96c17d034d7780a068bfc6",
			"blockNumber": 5457652,
			"data": "0x000000000000000000000000000000000000000000000006b8d87f0514700000",
			"logIndex": 26,
			"topics": [
				"0xddf252ad1be2c89b69c2b068fc378daa952ba7f163c4a11628f55a4df523b3ef",
				"0x000000000000000000000000468b858c964f297fd8fce058032bf4b4911a8ad8",
				"0x0000000000000000000000007f13a78de5ad0f88741cc31ae961de13e45c53bb"
			],
			"transactionHash": "0x83c9c7fcf190e66560aaff838157712ae0db32c6d497b22cd9f7e03bbc0129fd",
			"transactionIndex": 46,
			"transactionLogIndex": "0x0",
			"type": "mined",
			"id": "log_704f2ecc"
		}
	],
	"logsBloom": "0x00000000000000000000000000020000000000000000000000000000000000000000000000000000000000000000000000000000000000000000000000000000000000000000010000000008000002000000000000000000000008000020000000000000000000000000000000000000000000000000000000000010000000000000000000000000000000000000000000000000000000000000000000000000000000000000000080000000000000000000000000000000000000010000000000001002000000000000000000000000000000000000000000000000000000000000000000000000080000000000000000000000000000000000000000000000",
	"root": null,
	"status": "0x1",
	"transactionHash": "0x83c9c7fcf190e66560aaff838157712ae0db32c6d497b22cd9f7e03bbc0129fd",
	"transactionIndex": 46
}
[2018-04-17T17:13:26.444] [DEBUG] trans - TO:   0xb0bf1a72989836165d64d7ead6ce96154e23a171
[2018-04-17T17:13:26.444] [DEBUG] trans - AMOUNT:   123985000000000000000
[2018-04-17T17:13:26.444] [DEBUG] trans - Receipt info:  {
	"blockHash": "0xcb90b0f0671926e6e6401f1ab0c5c0bf513ecb73db96c17d034d7780a068bfc6",
	"blockNumber": 5457652,
	"contractAddress": null,
	"cumulativeGasUsed": 2700369,
	"gasUsed": 51653,
	"logs": [
		{
			"address": "0x7e9e431a0B8c4D532C745B1043c7FA29a48D4fBa",
			"blockHash": "0xcb90b0f0671926e6e6401f1ab0c5c0bf513ecb73db96c17d034d7780a068bfc6",
			"blockNumber": 5457652,
			"data": "0x000000000000000000000000000000000000000000000006b8a334996cce8000",
			"logIndex": 44,
			"topics": [
				"0xddf252ad1be2c89b69c2b068fc378daa952ba7f163c4a11628f55a4df523b3ef",
				"0x000000000000000000000000468b858c964f297fd8fce058032bf4b4911a8ad8",
				"0x000000000000000000000000b0bf1a72989836165d64d7ead6ce96154e23a171"
			],
			"transactionHash": "0x820227095ec63654df686f5b804e32e75d02325d76f43c73ed4858ec143b4d8f",
			"transactionIndex": 64,
			"transactionLogIndex": "0x0",
			"type": "mined",
			"id": "log_11754357"
		}
	],
	"logsBloom": "0x00000000000000000000000000020000000000000000000000000000000000000000000000000000000000000000000000400000000000000000000000000000000000000000010000000008000000000000000000000000000000000020000000000000000000000000000000000000000000000000000000000010000000000000000000000000000000000000000000000000000000000000000000000000000000000000000080000000000000000000000000000000000000010000000000001002000000000000000000000000000000000000000000000000000000000000000000000000002000000000000000000000000000000020000000000000",
	"root": null,
	"status": "0x1",
	"transactionHash": "0x820227095ec63654df686f5b804e32e75d02325d76f43c73ed4858ec143b4d8f",
	"transactionIndex": 64
}
[2018-04-17T17:13:26.444] [DEBUG] trans - TO:   0x68efb2806bb11348714744c54527de43fc2a9f35
[2018-04-17T17:13:26.444] [DEBUG] trans - AMOUNT:   124000000000000000000
[2018-04-17T17:13:26.444] [DEBUG] trans - Receipt info:  {
	"blockHash": "0xcb90b0f0671926e6e6401f1ab0c5c0bf513ecb73db96c17d034d7780a068bfc6",
	"blockNumber": 5457652,
	"contractAddress": null,
	"cumulativeGasUsed": 1616936,
	"gasUsed": 51589,
	"logs": [
		{
			"address": "0x7e9e431a0B8c4D532C745B1043c7FA29a48D4fBa",
			"blockHash": "0xcb90b0f0671926e6e6401f1ab0c5c0bf513ecb73db96c17d034d7780a068bfc6",
			"blockNumber": 5457652,
			"data": "0x000000000000000000000000000000000000000000000006b8d87f0514700000",
			"logIndex": 23,
			"topics": [
				"0xddf252ad1be2c89b69c2b068fc378daa952ba7f163c4a11628f55a4df523b3ef",
				"0x000000000000000000000000468b858c964f297fd8fce058032bf4b4911a8ad8",
				"0x00000000000000000000000068efb2806bb11348714744c54527de43fc2a9f35"
			],
			"transactionHash": "0xb4a38050a7daf81e8ff1e3a48ec586bbfbf7465e165fa881996283f8821b1c0b",
			"transactionIndex": 43,
			"transactionLogIndex": "0x0",
			"type": "mined",
			"id": "log_156f8341"
		}
	],
	"logsBloom": "0x00000000000000000000000000020000000000000000000000000000000000000000000000000000000000000000000000000000000000000000000000000000000000000000010000000008000000000000000000000000000000000020000000000000000000000000000000000000000000000000200000000010000000000000000000000000000000000000000000000000002000000000000000000000000000000000000080000000000000000000000000000000040000010000000000001002000000000000000000000000000000000000000000000000000000000000000000000000000000000000000000000000000000000000000000000000",
	"root": null,
	"status": "0x1",
	"transactionHash": "0xb4a38050a7daf81e8ff1e3a48ec586bbfbf7465e165fa881996283f8821b1c0b",
	"transactionIndex": 43
}
[2018-04-17T17:13:26.444] [DEBUG] trans - TO:   0x23c88f537a2b8a495035dbc16b561858432e60d8
[2018-04-17T17:13:26.444] [DEBUG] trans - AMOUNT:   123980800000000000000
[2018-04-17T17:13:26.444] [DEBUG] trans - Receipt info:  {
	"blockHash": "0xcb90b0f0671926e6e6401f1ab0c5c0bf513ecb73db96c17d034d7780a068bfc6",
	"blockNumber": 5457652,
	"contractAddress": null,
	"cumulativeGasUsed": 2751958,
	"gasUsed": 51589,
	"logs": [
		{
			"address": "0x7e9e431a0B8c4D532C745B1043c7FA29a48D4fBa",
			"blockHash": "0xcb90b0f0671926e6e6401f1ab0c5c0bf513ecb73db96c17d034d7780a068bfc6",
			"blockNumber": 5457652,
			"data": "0x000000000000000000000000000000000000000000000006b89448b8b8c00000",
			"logIndex": 45,
			"topics": [
				"0xddf252ad1be2c89b69c2b068fc378daa952ba7f163c4a11628f55a4df523b3ef",
				"0x000000000000000000000000468b858c964f297fd8fce058032bf4b4911a8ad8",
				"0x00000000000000000000000023c88f537a2b8a495035dbc16b561858432e60d8"
			],
			"transactionHash": "0x8ab30a9aa31aaa2a0e8c80bc7644a9df008b92705992ed6d2b1d27bc69c6a1ad",
			"transactionIndex": 65,
			"transactionLogIndex": "0x0",
			"type": "mined",
			"id": "log_66cdf563"
		}
	],
	"logsBloom": "0x00000000000000000000000000020000000000000000000000000000000000000000000000000000000000000000000000000000000000000000000000002800000000000000010000000008000000000000000000000000000000000020000000000000000000000000000000000000000000000000000000000010000000000000002000000000000000000000000000000000000000000000000000000000000000000000000080000000000000000000000000000000000000010000000000001002000000000000000000000000000000000000000000000000000000000000000000000000000000000000000000000000000000000000000000000000",
	"root": null,
	"status": "0x1",
	"transactionHash": "0x8ab30a9aa31aaa2a0e8c80bc7644a9df008b92705992ed6d2b1d27bc69c6a1ad",
	"transactionIndex": 65
}
[2018-04-17T17:13:26.444] [DEBUG] trans - TO:   0x5fb5689ac8d3ad082e5271d99b4eacb9be581056
[2018-04-17T17:13:26.444] [DEBUG] trans - AMOUNT:   123980100000000000000
[2018-04-17T17:13:26.444] [DEBUG] trans - Receipt info:  {
	"blockHash": "0xcb90b0f0671926e6e6401f1ab0c5c0bf513ecb73db96c17d034d7780a068bfc6",
	"blockNumber": 5457652,
	"contractAddress": null,
	"cumulativeGasUsed": 2803611,
	"gasUsed": 51653,
	"logs": [
		{
			"address": "0x7e9e431a0B8c4D532C745B1043c7FA29a48D4fBa",
			"blockHash": "0xcb90b0f0671926e6e6401f1ab0c5c0bf513ecb73db96c17d034d7780a068bfc6",
			"blockNumber": 5457652,
			"data": "0x000000000000000000000000000000000000000000000006b891cc1345684000",
			"logIndex": 46,
			"topics": [
				"0xddf252ad1be2c89b69c2b068fc378daa952ba7f163c4a11628f55a4df523b3ef",
				"0x000000000000000000000000468b858c964f297fd8fce058032bf4b4911a8ad8",
				"0x0000000000000000000000005fb5689ac8d3ad082e5271d99b4eacb9be581056"
			],
			"transactionHash": "0x3bde506c6c26dd920d69fd0552288c58671d9e876dfe4ed8744dc3005d324741",
			"transactionIndex": 66,
			"transactionLogIndex": "0x0",
			"type": "mined",
			"id": "log_ec2e8213"
		}
	],
	"logsBloom": "0x00000000000002000000000000020000000000008000000000000000000000000000000000000000000000000000000000000000000000000000000000000000000000000000010000000008000000000000000000000000040000000020000000000000000000000000000000000000000000000000000000000010000000000000000000000000000000000000000000000000000000000000000000000000000000000000000080000000000000000000000000000000000000010000000000001002000000000000000000000000000000000000000000000000000000000000000000000000000000000000000000000000000000000000000000000000",
	"root": null,
	"status": "0x1",
	"transactionHash": "0x3bde506c6c26dd920d69fd0552288c58671d9e876dfe4ed8744dc3005d324741",
	"transactionIndex": 66
}
[2018-04-17T17:13:26.445] [DEBUG] trans - TO:   0x8142a28c1b0580749da203678a067aca6e0fb450
[2018-04-17T17:13:26.445] [DEBUG] trans - AMOUNT:   123980000000000000000
[2018-04-17T17:13:26.445] [DEBUG] trans - Receipt info:  {
	"blockHash": "0xcb90b0f0671926e6e6401f1ab0c5c0bf513ecb73db96c17d034d7780a068bfc6",
	"blockNumber": 5457652,
	"contractAddress": null,
	"cumulativeGasUsed": 2855200,
	"gasUsed": 51589,
	"logs": [
		{
			"address": "0x7e9e431a0B8c4D532C745B1043c7FA29a48D4fBa",
			"blockHash": "0xcb90b0f0671926e6e6401f1ab0c5c0bf513ecb73db96c17d034d7780a068bfc6",
			"blockNumber": 5457652,
			"data": "0x000000000000000000000000000000000000000000000006b891712034ee0000",
			"logIndex": 47,
			"topics": [
				"0xddf252ad1be2c89b69c2b068fc378daa952ba7f163c4a11628f55a4df523b3ef",
				"0x000000000000000000000000468b858c964f297fd8fce058032bf4b4911a8ad8",
				"0x0000000000000000000000008142a28c1b0580749da203678a067aca6e0fb450"
			],
			"transactionHash": "0x5f68cdbcf44584104efec3a8b4be0537c3b27e7da94386f81abb03cec9a71f70",
			"transactionIndex": 67,
			"transactionLogIndex": "0x0",
			"type": "mined",
			"id": "log_d04741f1"
		}
	],
	"logsBloom": "0x00000000000000000000000000020000000000000000000000000000000000000000000000000000000000000000000000000000000000000000000000000000000000000000010000000008000000000000000000000000000000000020000001000000000000000000000000000000000000000000000000001010000000000000000000000000000000000000000000000000000000000000000000000000000000000000000080000000000000000000000000000000000000010000000000001002000002000000000000000000000000000000000000000000000000000000000000000000000000000000000000000000000000000000000000000000",
	"root": null,
	"status": "0x1",
	"transactionHash": "0x5f68cdbcf44584104efec3a8b4be0537c3b27e7da94386f81abb03cec9a71f70",
	"transactionIndex": 67
}
[2018-04-17T17:13:26.445] [DEBUG] trans - TO:   0x99a79da073e794f392e4db00c29ea41ded3501bc
[2018-04-17T17:13:26.445] [DEBUG] trans - AMOUNT:   123975400000000000000
[2018-04-17T17:13:26.445] [DEBUG] trans - Receipt info:  {
	"blockHash": "0xcb90b0f0671926e6e6401f1ab0c5c0bf513ecb73db96c17d034d7780a068bfc6",
	"blockNumber": 5457652,
	"contractAddress": null,
	"cumulativeGasUsed": 2906789,
	"gasUsed": 51589,
	"logs": [
		{
			"address": "0x7e9e431a0B8c4D532C745B1043c7FA29a48D4fBa",
			"blockHash": "0xcb90b0f0671926e6e6401f1ab0c5c0bf513ecb73db96c17d034d7780a068bfc6",
			"blockNumber": 5457652,
			"data": "0x000000000000000000000000000000000000000000000006b88119733ef68000",
			"logIndex": 48,
			"topics": [
				"0xddf252ad1be2c89b69c2b068fc378daa952ba7f163c4a11628f55a4df523b3ef",
				"0x000000000000000000000000468b858c964f297fd8fce058032bf4b4911a8ad8",
				"0x00000000000000000000000099a79da073e794f392e4db00c29ea41ded3501bc"
			],
			"transactionHash": "0x32b70f57d9d98acda3a9ac4bd9153719181a99958b07bcd7f95245a5a8c688b5",
			"transactionIndex": 68,
			"transactionLogIndex": "0x0",
			"type": "mined",
			"id": "log_a18a5e61"
		}
	],
	"logsBloom": "0x00000000000010000000000000020000000000000000000000000000000000000000000000000000000000000000000000000000000000000000000000000000000000000000010000000008800000000000000000000000000000000020000000000000000000000000000000000000000000000000000000000010000000000000000000000000000000000000000000000000000000000000000000000000000000000000000080000000000000000000000000000000000000010000000000001002000000000000000000000000000000000000000000000000000000000000000000001000000000000000000000000000000000000000000000000000",
	"root": null,
	"status": "0x1",
	"transactionHash": "0x32b70f57d9d98acda3a9ac4bd9153719181a99958b07bcd7f95245a5a8c688b5",
	"transactionIndex": 68
}
