[2018-04-21T15:02:25.986] [DEBUG] trans - TO:   0x75687b634168ab37cd08d0cc2c1cf849f5afd58a
[2018-04-21T15:02:25.987] [DEBUG] trans - AMOUNT:   299300000000000000000
[2018-04-21T15:02:25.987] [DEBUG] trans - Receipt info:  {
	"blockHash": "0x1b5832b5f03a5b937a7db06c3776950295e89f14e0b886f547384dd004d45565",
	"blockNumber": 5480339,
	"contractAddress": null,
	"cumulativeGasUsed": 3698396,
	"gasUsed": 51589,
	"logs": [
		{
			"address": "0x7e9e431a0B8c4D532C745B1043c7FA29a48D4fBa",
			"blockHash": "0x1b5832b5f03a5b937a7db06c3776950295e89f14e0b886f547384dd004d45565",
			"blockNumber": 5480339,
			"data": "0x000000000000000000000000000000000000000000000010399f343d9a6a0000",
			"logIndex": 27,
			"topics": [
				"0xddf252ad1be2c89b69c2b068fc378daa952ba7f163c4a11628f55a4df523b3ef",
				"0x000000000000000000000000468b858c964f297fd8fce058032bf4b4911a8ad8",
				"0x00000000000000000000000075687b634168ab37cd08d0cc2c1cf849f5afd58a"
			],
			"transactionHash": "0x83132f625346a55231017e495d7bcd703e18aef90884132153ce356a5914fb8a",
			"transactionIndex": 129,
			"transactionLogIndex": "0x0",
			"type": "mined",
			"id": "log_5453888b"
		}
	],
	"logsBloom": "0x00000000000000000000000000020000000000000000000004000000000000000000000000000000000000000000000000000000000000000000000000000000000000000000010000000008000000000000000000000000000000000020000000200000000000000000000000000000000000000000000000000010000000000000000000000020000000000000000000000000000000000000000000000000000000000000000080000000000000000000000000000000000000010000000000001002000000000000000000000000000000000000000000000000000000000000000000000000000000000000000000000000000000000000000000000000",
	"root": null,
	"status": "0x1",
	"transactionHash": "0x83132f625346a55231017e495d7bcd703e18aef90884132153ce356a5914fb8a",
	"transactionIndex": 129
}
[2018-04-21T15:02:43.007] [DEBUG] trans - TO:   0x86ec1bd3692ba1c4be842191b54dd41d22ace2dc
[2018-04-21T15:02:43.007] [DEBUG] trans - AMOUNT:   299300000000000000000
[2018-04-21T15:02:43.007] [DEBUG] trans - Receipt info:  {
	"blockHash": "0x6ba777dc49a5bb39396d2cdd6b4d1a3437ada8c795b846005ed44fd9f9d0c071",
	"blockNumber": 5480341,
	"contractAddress": null,
	"cumulativeGasUsed": 782626,
	"gasUsed": 51589,
	"logs": [
		{
			"address": "0x7e9e431a0B8c4D532C745B1043c7FA29a48D4fBa",
			"blockHash": "0x6ba777dc49a5bb39396d2cdd6b4d1a3437ada8c795b846005ed44fd9f9d0c071",
			"blockNumber": 5480341,
			"data": "0x000000000000000000000000000000000000000000000010399f343d9a6a0000",
			"logIndex": 9,
			"topics": [
				"0xddf252ad1be2c89b69c2b068fc378daa952ba7f163c4a11628f55a4df523b3ef",
				"0x000000000000000000000000468b858c964f297fd8fce058032bf4b4911a8ad8",
				"0x00000000000000000000000086ec1bd3692ba1c4be842191b54dd41d22ace2dc"
			],
			"transactionHash": "0x441472849006ce075ed2ea9a44c2075a8948700cb1024181d5226d0aef5e9b11",
			"transactionIndex": 25,
			"transactionLogIndex": "0x0",
			"type": "mined",
			"id": "log_8a399c81"
		}
	],
	"logsBloom": "0x00000000000000000000000000020000000000000000000000000000000080000000000000000000000000000000000000000000000000000000000000000000000000000000010000000008000000000000000000000000000000000020000000000000000000000000000000000000000000000000000000000010000000000000008000000000000000000000000000000000000000000000000000000000000000000000000080000000000000000000000000000000000000010000000000001002000000000004000000000000000000000000000000000000000000000000000000000000000000000000000000000000000000000000000000000000",
	"root": null,
	"status": "0x1",
	"transactionHash": "0x441472849006ce075ed2ea9a44c2075a8948700cb1024181d5226d0aef5e9b11",
	"transactionIndex": 25
}
[2018-04-21T15:02:43.008] [DEBUG] trans - TO:   0xa9b3ac287d4724283161949d533df7cc668b8599
[2018-04-21T15:02:43.008] [DEBUG] trans - AMOUNT:   299300000000000000000
[2018-04-21T15:02:43.008] [DEBUG] trans - Receipt info:  {
	"blockHash": "0x6ba777dc49a5bb39396d2cdd6b4d1a3437ada8c795b846005ed44fd9f9d0c071",
	"blockNumber": 5480341,
	"contractAddress": null,
	"cumulativeGasUsed": 6532193,
	"gasUsed": 51589,
	"logs": [
		{
			"address": "0x7e9e431a0B8c4D532C745B1043c7FA29a48D4fBa",
			"blockHash": "0x6ba777dc49a5bb39396d2cdd6b4d1a3437ada8c795b846005ed44fd9f9d0c071",
			"blockNumber": 5480341,
			"data": "0x000000000000000000000000000000000000000000000010399f343d9a6a0000",
			"logIndex": 238,
			"topics": [
				"0xddf252ad1be2c89b69c2b068fc378daa952ba7f163c4a11628f55a4df523b3ef",
				"0x000000000000000000000000468b858c964f297fd8fce058032bf4b4911a8ad8",
				"0x000000000000000000000000a9b3ac287d4724283161949d533df7cc668b8599"
			],
			"transactionHash": "0x8f016df6e9f9b7b441cde1d59aa333ed6cde7f398fba43f7276e35256eba1892",
			"transactionIndex": 70,
			"transactionLogIndex": "0x0",
			"type": "mined",
			"id": "log_3501de72"
		}
	],
	"logsBloom": "0x00000000000000000000000000020000000000000000000000000000000000000000000000000000000000000000000001000000000000000000000000000000000000000000010000000008000000000000000000000000000000000020000000000000000000000000000000000000000000000000000000000010000000000000000000000000000000000000000000000000000000000000002000000000000000000000000080000000000000000000000000000000000000010000000000001002000001000000000000000000000000000000000000000000000000000000000000000000000000000000000000000000000000000000000000000000",
	"root": null,
	"status": "0x1",
	"transactionHash": "0x8f016df6e9f9b7b441cde1d59aa333ed6cde7f398fba43f7276e35256eba1892",
	"transactionIndex": 70
}
[2018-04-21T15:02:43.013] [DEBUG] trans - TO:   0x91d09a3e6de1ca64ba9b7bd16f4f157c4cec607a
[2018-04-21T15:02:43.014] [DEBUG] trans - AMOUNT:   299300000000000000000
[2018-04-21T15:02:43.014] [DEBUG] trans - Receipt info:  {
	"blockHash": "0x6ba777dc49a5bb39396d2cdd6b4d1a3437ada8c795b846005ed44fd9f9d0c071",
	"blockNumber": 5480341,
	"contractAddress": null,
	"cumulativeGasUsed": 5929763,
	"gasUsed": 51589,
	"logs": [
		{
			"address": "0x7e9e431a0B8c4D532C745B1043c7FA29a48D4fBa",
			"blockHash": "0x6ba777dc49a5bb39396d2cdd6b4d1a3437ada8c795b846005ed44fd9f9d0c071",
			"blockNumber": 5480341,
			"data": "0x000000000000000000000000000000000000000000000010399f343d9a6a0000",
			"logIndex": 232,
			"topics": [
				"0xddf252ad1be2c89b69c2b068fc378daa952ba7f163c4a11628f55a4df523b3ef",
				"0x000000000000000000000000468b858c964f297fd8fce058032bf4b4911a8ad8",
				"0x00000000000000000000000091d09a3e6de1ca64ba9b7bd16f4f157c4cec607a"
			],
			"transactionHash": "0x0eba44a2b581da16107853032a0883efc48730f8f14cc1aafff65d002e8ef981",
			"transactionIndex": 59,
			"transactionLogIndex": "0x0",
			"type": "mined",
			"id": "log_a14fe41f"
		}
	],
	"logsBloom": "0x01000000000000000000000000020000000000000000000000000000000000000000000000000000000000000000000000000000000000000000000000000000000000000000010000000008000000000000000000000000000000000020000000000000000000000800000000000000000000000000000000000010000800000000000000000000000000000000000000000000000000000000000000000000000000000000000080000000000000000000000000000000000000010000000000001002000000000000000000000000000000000000000000000000000000000000000000000000000000000000000000000000000000000000000000000000",
	"root": null,
	"status": "0x1",
	"transactionHash": "0x0eba44a2b581da16107853032a0883efc48730f8f14cc1aafff65d002e8ef981",
	"transactionIndex": 59
}
[2018-04-21T15:02:43.014] [DEBUG] trans - TO:   0xdd517854a32f5b745a613a46b4f0dda79b1610d5
[2018-04-21T15:02:43.014] [DEBUG] trans - AMOUNT:   299300000000000000000
[2018-04-21T15:02:43.014] [DEBUG] trans - Receipt info:  {
	"blockHash": "0x6ba777dc49a5bb39396d2cdd6b4d1a3437ada8c795b846005ed44fd9f9d0c071",
	"blockNumber": 5480341,
	"contractAddress": null,
	"cumulativeGasUsed": 7055340,
	"gasUsed": 51589,
	"logs": [
		{
			"address": "0x7e9e431a0B8c4D532C745B1043c7FA29a48D4fBa",
			"blockHash": "0x6ba777dc49a5bb39396d2cdd6b4d1a3437ada8c795b846005ed44fd9f9d0c071",
			"blockNumber": 5480341,
			"data": "0x000000000000000000000000000000000000000000000010399f343d9a6a0000",
			"logIndex": 243,
			"topics": [
				"0xddf252ad1be2c89b69c2b068fc378daa952ba7f163c4a11628f55a4df523b3ef",
				"0x000000000000000000000000468b858c964f297fd8fce058032bf4b4911a8ad8",
				"0x000000000000000000000000dd517854a32f5b745a613a46b4f0dda79b1610d5"
			],
			"transactionHash": "0x72d08ab2eeb707ce72c0bc80d242efd6ac7ff6483d23de249c521a7ae760b176",
			"transactionIndex": 78,
			"transactionLogIndex": "0x0",
			"type": "mined",
			"id": "log_7dd3924f"
		}
	],
	"logsBloom": "0x00000000000000000000000000020000000000000000000000000000000000008000000000000000000000000000000000000000000000000000000000000000000000000000010000000008000000000100000000000000000000000020000000000000000000000000000000000000000000000000000000000010000000000000000000000000000000000000000000000000000000000000000000000000000000000000000080000000000000000000000000010000000000010000000000001002000000000000000000000000000000000000000000000000000000000000000000000000000000000000000000000000000000000000000000000000",
	"root": null,
	"status": "0x1",
	"transactionHash": "0x72d08ab2eeb707ce72c0bc80d242efd6ac7ff6483d23de249c521a7ae760b176",
	"transactionIndex": 78
}
[2018-04-21T15:02:43.015] [DEBUG] trans - TO:   0xdfe408c336a218cfb39e693be1d74e39e83f05f0
[2018-04-21T15:02:43.015] [DEBUG] trans - AMOUNT:   299300000000000000000
[2018-04-21T15:02:43.015] [DEBUG] trans - Receipt info:  {
	"blockHash": "0x6ba777dc49a5bb39396d2cdd6b4d1a3437ada8c795b846005ed44fd9f9d0c071",
	"blockNumber": 5480341,
	"contractAddress": null,
	"cumulativeGasUsed": 7602175,
	"gasUsed": 51589,
	"logs": [
		{
			"address": "0x7e9e431a0B8c4D532C745B1043c7FA29a48D4fBa",
			"blockHash": "0x6ba777dc49a5bb39396d2cdd6b4d1a3437ada8c795b846005ed44fd9f9d0c071",
			"blockNumber": 5480341,
			"data": "0x000000000000000000000000000000000000000000000010399f343d9a6a0000",
			"logIndex": 247,
			"topics": [
				"0xddf252ad1be2c89b69c2b068fc378daa952ba7f163c4a11628f55a4df523b3ef",
				"0x000000000000000000000000468b858c964f297fd8fce058032bf4b4911a8ad8",
				"0x000000000000000000000000dfe408c336a218cfb39e693be1d74e39e83f05f0"
			],
			"transactionHash": "0x7fe3fa7b347bc2a077d8833e565c5091f1ab3f3e496bcf8a98cd527d2c393857",
			"transactionIndex": 84,
			"transactionLogIndex": "0x0",
			"type": "mined",
			"id": "log_a3879a12"
		}
	],
	"logsBloom": "0x00000000000000000000000000020000000000000000000000000000000000000000000000000000000000000000000000000000000000000000000000000000000000000000010000010008000000000000000000000000000000000020000000000000000000004000000000000000000000000000000080000010000000000000000000000000000000000000000000000000000000000000000000000000000000000000000080000000000000000000000000000000000000010000000000001002000000000000000000000000000000000000000000000000000000000000000000000000000000000000000000000000000000000000000000000000",
	"root": null,
	"status": "0x1",
	"transactionHash": "0x7fe3fa7b347bc2a077d8833e565c5091f1ab3f3e496bcf8a98cd527d2c393857",
	"transactionIndex": 84
}
[2018-04-21T15:03:11.051] [DEBUG] trans - TO:   0x7e9387ae959906a34790e1af55fd0ebf3c217ad8
[2018-04-21T15:03:11.051] [DEBUG] trans - AMOUNT:   299290000000000000000
[2018-04-21T15:03:11.051] [DEBUG] trans - Receipt info:  {
	"blockHash": "0x24e448b1d69990ef91f2dd9d8f920571a04efba166de88e6bf475bf1a0db61ff",
	"blockNumber": 5480343,
	"contractAddress": null,
	"cumulativeGasUsed": 3247056,
	"gasUsed": 51589,
	"logs": [
		{
			"address": "0x7e9e431a0B8c4D532C745B1043c7FA29a48D4fBa",
			"blockHash": "0x24e448b1d69990ef91f2dd9d8f920571a04efba166de88e6bf475bf1a0db61ff",
			"blockNumber": 5480343,
			"data": "0x000000000000000000000000000000000000000000000010397bad4b2aa90000",
			"logIndex": 13,
			"topics": [
				"0xddf252ad1be2c89b69c2b068fc378daa952ba7f163c4a11628f55a4df523b3ef",
				"0x000000000000000000000000468b858c964f297fd8fce058032bf4b4911a8ad8",
				"0x0000000000000000000000007e9387ae959906a34790e1af55fd0ebf3c217ad8"
			],
			"transactionHash": "0xa7b6c72a54c57f896d1d5069ba2eb299f0dd6049ad2e589c2c53b8ff8958c3e3",
			"transactionIndex": 143,
			"transactionLogIndex": "0x0",
			"type": "mined",
			"id": "log_8e2e063a"
		}
	],
	"logsBloom": "0x00000000080000000000000000020000000000000000000000000000000000000000400000000000000000000000000000000000000000000000000000000000000000000000010000000008000000000000000000000000000000000020000000000000000000000000000000000000000000000000000000000010000000000000000000000000000000000000000000000000000000000000000000000000000000000000000080000000000000000000000000000000000000010000000000001002000000000000000000000000000000000000000000020000000000000000000000000000000000000000000000000000000000000000000000000000",
	"root": null,
	"status": "0x1",
	"transactionHash": "0xa7b6c72a54c57f896d1d5069ba2eb299f0dd6049ad2e589c2c53b8ff8958c3e3",
	"transactionIndex": 143
}
[2018-04-21T15:03:11.055] [DEBUG] trans - TO:   0x9d98de70a442dd7484b25c8c7dafb3f1951f1b78
[2018-04-21T15:03:11.055] [DEBUG] trans - AMOUNT:   299290000000000000000
[2018-04-21T15:03:11.055] [DEBUG] trans - Receipt info:  {
	"blockHash": "0x24e448b1d69990ef91f2dd9d8f920571a04efba166de88e6bf475bf1a0db61ff",
	"blockNumber": 5480343,
	"contractAddress": null,
	"cumulativeGasUsed": 7097853,
	"gasUsed": 51589,
	"logs": [
		{
			"address": "0x7e9e431a0B8c4D532C745B1043c7FA29a48D4fBa",
			"blockHash": "0x24e448b1d69990ef91f2dd9d8f920571a04efba166de88e6bf475bf1a0db61ff",
			"blockNumber": 5480343,
			"data": "0x000000000000000000000000000000000000000000000010397bad4b2aa90000",
			"logIndex": 61,
			"topics": [
				"0xddf252ad1be2c89b69c2b068fc378daa952ba7f163c4a11628f55a4df523b3ef",
				"0x000000000000000000000000468b858c964f297fd8fce058032bf4b4911a8ad8",
				"0x0000000000000000000000009d98de70a442dd7484b25c8c7dafb3f1951f1b78"
			],
			"transactionHash": "0x58d6551cc3c490ae7fd0d35c7bf8bbff403a6dc462a47672618ee0be8a0eee26",
			"transactionIndex": 231,
			"transactionLogIndex": "0x0",
			"type": "mined",
			"id": "log_95406749"
		}
	],
	"logsBloom": "0x00000000000000000000000000020000000000000000000000000000000000000000000000000000000000000000000000000000000000000000000000000000000000000000010000000008000000000000000000000000000000000020000000000800000000000000000000000080000000000000000000000010000000000000000000000000000000000000000000000000000000000000000000000000000000000000000080000000000000000000000000000000000000010000000000001002000000000000000000000000000000000000000000000000000000000000000000000000000000000000000000000000000000000000000800000000",
	"root": null,
	"status": "0x1",
	"transactionHash": "0x58d6551cc3c490ae7fd0d35c7bf8bbff403a6dc462a47672618ee0be8a0eee26",
	"transactionIndex": 231
}
[2018-04-21T15:03:11.056] [DEBUG] trans - TO:   0xaa5fbfcddc1a8cc93b95498880951526ee7314a5
[2018-04-21T15:03:11.056] [DEBUG] trans - AMOUNT:   299290000000000000000
[2018-04-21T15:03:11.056] [DEBUG] trans - Receipt info:  {
	"blockHash": "0x24e448b1d69990ef91f2dd9d8f920571a04efba166de88e6bf475bf1a0db61ff",
	"blockNumber": 5480343,
	"contractAddress": null,
	"cumulativeGasUsed": 7799698,
	"gasUsed": 51589,
	"logs": [
		{
			"address": "0x7e9e431a0B8c4D532C745B1043c7FA29a48D4fBa",
			"blockHash": "0x24e448b1d69990ef91f2dd9d8f920571a04efba166de88e6bf475bf1a0db61ff",
			"blockNumber": 5480343,
			"data": "0x000000000000000000000000000000000000000000000010397bad4b2aa90000",
			"logIndex": 66,
			"topics": [
				"0xddf252ad1be2c89b69c2b068fc378daa952ba7f163c4a11628f55a4df523b3ef",
				"0x000000000000000000000000468b858c964f297fd8fce058032bf4b4911a8ad8",
				"0x000000000000000000000000aa5fbfcddc1a8cc93b95498880951526ee7314a5"
			],
			"transactionHash": "0x241ae345263390876bd558b84f05cad84a9ac68d5ecd34318510afac311d8cf8",
			"transactionIndex": 236,
			"transactionLogIndex": "0x0",
			"type": "mined",
			"id": "log_941e6713"
		}
	],
	"logsBloom": "0x00000000000000000000000000020000000000000000000000000000000000000000000000000000000000000000000000000000000000000000000000000000000000000000010000000008000000000000000000000000000000000020000000000000000000000000000000000000000000000000000000000010000000000000000000008000000000000000000000000000000000000000000000000000000000000000000080000000000000000000000000000000000000010000000040001002000000002000000000000000000000000000000000000000000000000000000000000000000000000000000000000000000000000000000000000000",
	"root": null,
	"status": "0x1",
	"transactionHash": "0x241ae345263390876bd558b84f05cad84a9ac68d5ecd34318510afac311d8cf8",
	"transactionIndex": 236
}
[2018-04-21T15:03:11.057] [DEBUG] trans - TO:   0x68e5383c9fc1a64f1040e036b102b64cd1a1b39b
[2018-04-21T15:03:11.057] [DEBUG] trans - AMOUNT:   299289600000000000000
[2018-04-21T15:03:11.057] [DEBUG] trans - Receipt info:  {
	"blockHash": "0x24e448b1d69990ef91f2dd9d8f920571a04efba166de88e6bf475bf1a0db61ff",
	"blockNumber": 5480343,
	"contractAddress": null,
	"cumulativeGasUsed": 7851287,
	"gasUsed": 51589,
	"logs": [
		{
			"address": "0x7e9e431a0B8c4D532C745B1043c7FA29a48D4fBa",
			"blockHash": "0x24e448b1d69990ef91f2dd9d8f920571a04efba166de88e6bf475bf1a0db61ff",
			"blockNumber": 5480343,
			"data": "0x000000000000000000000000000000000000000000000010397a417ee8c00000",
			"logIndex": 67,
			"topics": [
				"0xddf252ad1be2c89b69c2b068fc378daa952ba7f163c4a11628f55a4df523b3ef",
				"0x000000000000000000000000468b858c964f297fd8fce058032bf4b4911a8ad8",
				"0x00000000000000000000000068e5383c9fc1a64f1040e036b102b64cd1a1b39b"
			],
			"transactionHash": "0xcd192eac89619b028501ca1cec75800034d7091b6615a37c9701334f0c406520",
			"transactionIndex": 237,
			"transactionLogIndex": "0x0",
			"type": "mined",
			"id": "log_7596880d"
		}
	],
	"logsBloom": "0x00000000000000000000000000020000000000000000000000001000100000040000000000000000000000000000000000000000000000000000000000000000000000000000010000000008000000000000000000000000000000000020000000000000000000000000000000000000000000000000000000000010000000000000000000000000000000000000000000000000000000000000000000000000000000000000000080000000000000000000000000000000000000010000000000001002000000000000000000000000000000000000000000000000000000000000000000000000000000000000000000000000000000000000000000000000",
	"root": null,
	"status": "0x1",
	"transactionHash": "0xcd192eac89619b028501ca1cec75800034d7091b6615a37c9701334f0c406520",
	"transactionIndex": 237
}
[2018-04-21T15:03:24.068] [DEBUG] trans - TO:   0x1ffde8aa5d96fb4b10abeacab4aed3a1a1937ca2
[2018-04-21T15:03:24.068] [DEBUG] trans - AMOUNT:   299251500000000000000
[2018-04-21T15:03:24.068] [DEBUG] trans - Receipt info:  {
	"blockHash": "0xaea0bfae2ebb8bdc0158f7220e805674257f7acf34a40e3a91beb19794b79412",
	"blockNumber": 5480345,
	"contractAddress": null,
	"cumulativeGasUsed": 6096182,
	"gasUsed": 51653,
	"logs": [
		{
			"address": "0x7e9e431a0B8c4D532C745B1043c7FA29a48D4fBa",
			"blockHash": "0xaea0bfae2ebb8bdc0158f7220e805674257f7acf34a40e3a91beb19794b79412",
			"blockNumber": 5480345,
			"data": "0x00000000000000000000000000000000000000000000001038f2e5bf62cec000",
			"logIndex": 92,
			"topics": [
				"0xddf252ad1be2c89b69c2b068fc378daa952ba7f163c4a11628f55a4df523b3ef",
				"0x000000000000000000000000468b858c964f297fd8fce058032bf4b4911a8ad8",
				"0x0000000000000000000000001ffde8aa5d96fb4b10abeacab4aed3a1a1937ca2"
			],
			"transactionHash": "0x4e3538892c3dc91e48fcbbe1660e9f12894b761126693548b2f73b74fae7982b",
			"transactionIndex": 89,
			"transactionLogIndex": "0x0",
			"type": "mined",
			"id": "log_bee0b2c4"
		}
	],
	"logsBloom": "0x00000000000000000000000000020000000000000000000000000000000000000000000000000000000000000000000000000000000000000000000000000000000000000000010000080008000000000000000000000000000000000020000000000000000000000000000000000000000000000000000000020010000000000000000000000000000000000000000000000000000000000000000000000000000000000000000080000000000000000000000000000000000000010000000000001002000000000000000000000100000000000000000000000000000000000000000000000000000000000000000000000000000000000000000000000000",
	"root": null,
	"status": "0x1",
	"transactionHash": "0x4e3538892c3dc91e48fcbbe1660e9f12894b761126693548b2f73b74fae7982b",
	"transactionIndex": 89
}
[2018-04-21T15:03:24.069] [DEBUG] trans - TO:   0x1a17b14a87fb5f9211fdc751778dd0c15a4a340d
[2018-04-21T15:03:24.069] [DEBUG] trans - AMOUNT:   299200000000000000000
[2018-04-21T15:03:24.069] [DEBUG] trans - Receipt info:  {
	"blockHash": "0xaea0bfae2ebb8bdc0158f7220e805674257f7acf34a40e3a91beb19794b79412",
	"blockNumber": 5480345,
	"contractAddress": null,
	"cumulativeGasUsed": 6732263,
	"gasUsed": 51589,
	"logs": [
		{
			"address": "0x7e9e431a0B8c4D532C745B1043c7FA29a48D4fBa",
			"blockHash": "0xaea0bfae2ebb8bdc0158f7220e805674257f7acf34a40e3a91beb19794b79412",
			"blockNumber": 5480345,
			"data": "0x000000000000000000000000000000000000000000000010383beec53ce00000",
			"logIndex": 101,
			"topics": [
				"0xddf252ad1be2c89b69c2b068fc378daa952ba7f163c4a11628f55a4df523b3ef",
				"0x000000000000000000000000468b858c964f297fd8fce058032bf4b4911a8ad8",
				"0x0000000000000000000000001a17b14a87fb5f9211fdc751778dd0c15a4a340d"
			],
			"transactionHash": "0xc58ca33506ad0e1c599cd8fc4d0f830869aae5df20f899dbfa5e95a5c05de1ee",
			"transactionIndex": 96,
			"transactionLogIndex": "0x0",
			"type": "mined",
			"id": "log_d6cdecbb"
		}
	],
	"logsBloom": "0x00000000000000000000000000020000000000000000000000000000000000000000000000000000000000000000000000000000000000000000000000000000000000000000010000000108000000000000000000000000000000000020000000000000000000000000000000000000000000000000040000000010000000000000000000000000000000000000000000000000000000000000000000000001000000000000000080000000000000000000000000000000000000010000000000001002000000000000000000000000000000000000000000000000000000000000000000000000000000000000000000000000000000000000000000000000",
	"root": null,
	"status": "0x1",
	"transactionHash": "0xc58ca33506ad0e1c599cd8fc4d0f830869aae5df20f899dbfa5e95a5c05de1ee",
	"transactionIndex": 96
}
[2018-04-21T15:03:24.069] [DEBUG] trans - TO:   0xb3a72642582c2fb758aaf51ba4cd095686565a50
[2018-04-21T15:03:24.069] [DEBUG] trans - AMOUNT:   299238600000000000000
[2018-04-21T15:03:24.069] [DEBUG] trans - Receipt info:  {
	"blockHash": "0xaea0bfae2ebb8bdc0158f7220e805674257f7acf34a40e3a91beb19794b79412",
	"blockNumber": 5480345,
	"contractAddress": null,
	"cumulativeGasUsed": 6451869,
	"gasUsed": 51653,
	"logs": [
		{
			"address": "0x7e9e431a0B8c4D532C745B1043c7FA29a48D4fBa",
			"blockHash": "0xaea0bfae2ebb8bdc0158f7220e805674257f7acf34a40e3a91beb19794b79412",
			"blockNumber": 5480345,
			"data": "0x00000000000000000000000000000000000000000000001038c5114415348000",
			"logIndex": 96,
			"topics": [
				"0xddf252ad1be2c89b69c2b068fc378daa952ba7f163c4a11628f55a4df523b3ef",
				"0x000000000000000000000000468b858c964f297fd8fce058032bf4b4911a8ad8",
				"0x000000000000000000000000b3a72642582c2fb758aaf51ba4cd095686565a50"
			],
			"transactionHash": "0x919bd90b0b7d53ceadecb0524e0bf2c57532b7b2a1977e44aba8e3637282e107",
			"transactionIndex": 92,
			"transactionLogIndex": "0x0",
			"type": "mined",
			"id": "log_c5b36f0e"
		}
	],
	"logsBloom": "0x00000000000000000000000000020000000000000000000000000000000000000000000000000000000000000000000000000000000000000000000000000000000000000000010000000008000000000000000000000000000000000020000000000000000000000000000000000000000000000000000000000010000000000000000000000000000000000000000000000000000000000000000000000000000000000000000080000000000000000000000002000000000000010000000000001002000800000000100000000000000000000000000000000000000000000000000000000000000000000000000000000000000000000000000000000000",
	"root": null,
	"status": "0x1",
	"transactionHash": "0x919bd90b0b7d53ceadecb0524e0bf2c57532b7b2a1977e44aba8e3637282e107",
	"transactionIndex": 92
}
[2018-04-21T15:03:24.070] [DEBUG] trans - TO:   0x3410d74bf6b1e69f9121b925ef72011bd74866cf
[2018-04-21T15:03:24.070] [DEBUG] trans - AMOUNT:   299200000000000000000
[2018-04-21T15:03:24.070] [DEBUG] trans - Receipt info:  {
	"blockHash": "0xaea0bfae2ebb8bdc0158f7220e805674257f7acf34a40e3a91beb19794b79412",
	"blockNumber": 5480345,
	"contractAddress": null,
	"cumulativeGasUsed": 6783852,
	"gasUsed": 51589,
	"logs": [
		{
			"address": "0x7e9e431a0B8c4D532C745B1043c7FA29a48D4fBa",
			"blockHash": "0xaea0bfae2ebb8bdc0158f7220e805674257f7acf34a40e3a91beb19794b79412",
			"blockNumber": 5480345,
			"data": "0x000000000000000000000000000000000000000000000010383beec53ce00000",
			"logIndex": 102,
			"topics": [
				"0xddf252ad1be2c89b69c2b068fc378daa952ba7f163c4a11628f55a4df523b3ef",
				"0x000000000000000000000000468b858c964f297fd8fce058032bf4b4911a8ad8",
				"0x0000000000000000000000003410d74bf6b1e69f9121b925ef72011bd74866cf"
			],
			"transactionHash": "0x3bef7a666cd5955aef43e6e1c2aa757b178d815781c4b5b468bd60dc4e31454b",
			"transactionIndex": 97,
			"transactionLogIndex": "0x0",
			"type": "mined",
			"id": "log_a793b9d8"
		}
	],
	"logsBloom": "0x00000000000000000000000000020000000000000000000000000000000000000000000000000000000000000000000000000000000000000000000000000000000000000000010000000008000000000000002000000080000000000020000000000000000000000000000000000000000000000000000000000010000000000000000000000000000000000000000000000000000000000000000000000000000000000000000080000000000000000000000000000000000000010000000000001002000000000000000000000000000000000000000000000000000000000000000000000100000000000000000000000000000000000000000000000000",
	"root": null,
	"status": "0x1",
	"transactionHash": "0x3bef7a666cd5955aef43e6e1c2aa757b178d815781c4b5b468bd60dc4e31454b",
	"transactionIndex": 97
}
[2018-04-21T15:03:24.071] [DEBUG] trans - TO:   0x6e8805ec39762c922446b71d8f1dde2ea9da5cb8
[2018-04-21T15:03:24.071] [DEBUG] trans - AMOUNT:   299208500000000000000
[2018-04-21T15:03:24.071] [DEBUG] trans - Receipt info:  {
	"blockHash": "0xaea0bfae2ebb8bdc0158f7220e805674257f7acf34a40e3a91beb19794b79412",
	"blockNumber": 5480345,
	"contractAddress": null,
	"cumulativeGasUsed": 6680674,
	"gasUsed": 51653,
	"logs": [
		{
			"address": "0x7e9e431a0B8c4D532C745B1043c7FA29a48D4fBa",
			"blockHash": "0xaea0bfae2ebb8bdc0158f7220e805674257f7acf34a40e3a91beb19794b79412",
			"blockNumber": 5480345,
			"data": "0x000000000000000000000000000000000000000000000010385a2179b5774000",
			"logIndex": 100,
			"topics": [
				"0xddf252ad1be2c89b69c2b068fc378daa952ba7f163c4a11628f55a4df523b3ef",
				"0x000000000000000000000000468b858c964f297fd8fce058032bf4b4911a8ad8",
				"0x0000000000000000000000006e8805ec39762c922446b71d8f1dde2ea9da5cb8"
			],
			"transactionHash": "0xb88bea9bea4158ef3cf4b9ecc03bd757e9ce83e8c70b32b72e2669841f1d73a4",
			"transactionIndex": 95,
			"transactionLogIndex": "0x0",
			"type": "mined",
			"id": "log_a5350d83"
		}
	],
	"logsBloom": "0x00000000000000000000000000020000000000000000000004000000000000000000000000000000000000000000000000000000000000000000000000000000000000000000010000000008000000000000000000000000000000000020000000000000000000000000000000000000000000000000000000000010000000000000000000000000000000000000000000000000000000000000000000000000000000000000000080000000000000000000000000000000000000010000000000001002000000000000000000000000000000000010000000000000000000000000000000000000000000000000000000000000000000200000000000000000",
	"root": null,
	"status": "0x1",
	"transactionHash": "0xb88bea9bea4158ef3cf4b9ecc03bd757e9ce83e8c70b32b72e2669841f1d73a4",
	"transactionIndex": 95
}
[2018-04-21T15:03:24.072] [DEBUG] trans - TO:   0x9e0ebb4c01463b1f9c18cf024853c6b89f357191
[2018-04-21T15:03:24.072] [DEBUG] trans - AMOUNT:   299200000000000000000
[2018-04-21T15:03:24.072] [DEBUG] trans - Receipt info:  {
	"blockHash": "0xaea0bfae2ebb8bdc0158f7220e805674257f7acf34a40e3a91beb19794b79412",
	"blockNumber": 5480345,
	"contractAddress": null,
	"cumulativeGasUsed": 6990208,
	"gasUsed": 51589,
	"logs": [
		{
			"address": "0x7e9e431a0B8c4D532C745B1043c7FA29a48D4fBa",
			"blockHash": "0xaea0bfae2ebb8bdc0158f7220e805674257f7acf34a40e3a91beb19794b79412",
			"blockNumber": 5480345,
			"data": "0x000000000000000000000000000000000000000000000010383beec53ce00000",
			"logIndex": 106,
			"topics": [
				"0xddf252ad1be2c89b69c2b068fc378daa952ba7f163c4a11628f55a4df523b3ef",
				"0x000000000000000000000000468b858c964f297fd8fce058032bf4b4911a8ad8",
				"0x0000000000000000000000009e0ebb4c01463b1f9c18cf024853c6b89f357191"
			],
			"transactionHash": "0xf4e2b8862059935283e5750608f4f1bda48b66c84c9d95d8291864779e5c5157",
			"transactionIndex": 101,
			"transactionLogIndex": "0x0",
			"type": "mined",
			"id": "log_e58bb723"
		}
	],
	"logsBloom": "0x00000000000000000000000000020000000000000000000000000000000000000000000000000000000000000000000000000000000000000000000000000000000000000000018000000008000000000000000000000000000000000020000000000000000000000000000000000000000000000000000000000010000000000000000000000000000000000000000000000000000000000000000000000000000000000000000080000000000000000000000000000000000000010000000000001002000000000000000000400000000000000000000000000000000000000000000002000000000000000000000000000000000000000000000000000000",
	"root": null,
	"status": "0x1",
	"transactionHash": "0xf4e2b8862059935283e5750608f4f1bda48b66c84c9d95d8291864779e5c5157",
	"transactionIndex": 101
}
[2018-04-21T15:03:24.072] [DEBUG] trans - TO:   0xa19d5b01c1c9c2336db559d8029bcabb6c096067
[2018-04-21T15:03:24.072] [DEBUG] trans - AMOUNT:   299200000000000000000
[2018-04-21T15:03:24.072] [DEBUG] trans - Receipt info:  {
	"blockHash": "0xaea0bfae2ebb8bdc0158f7220e805674257f7acf34a40e3a91beb19794b79412",
	"blockNumber": 5480345,
	"contractAddress": null,
	"cumulativeGasUsed": 7041797,
	"gasUsed": 51589,
	"logs": [
		{
			"address": "0x7e9e431a0B8c4D532C745B1043c7FA29a48D4fBa",
			"blockHash": "0xaea0bfae2ebb8bdc0158f7220e805674257f7acf34a40e3a91beb19794b79412",
			"blockNumber": 5480345,
			"data": "0x000000000000000000000000000000000000000000000010383beec53ce00000",
			"logIndex": 107,
			"topics": [
				"0xddf252ad1be2c89b69c2b068fc378daa952ba7f163c4a11628f55a4df523b3ef",
				"0x000000000000000000000000468b858c964f297fd8fce058032bf4b4911a8ad8",
				"0x000000000000000000000000a19d5b01c1c9c2336db559d8029bcabb6c096067"
			],
			"transactionHash": "0x3e85513da749a6fa096a135905f51978bd3789e6525d97010a46c1c520d6f64c",
			"transactionIndex": 102,
			"transactionLogIndex": "0x0",
			"type": "mined",
			"id": "log_4cb8a5af"
		}
	],
	"logsBloom": "0x00000000000000000000000000020000000000000000000000000000000000000000000000000000000000000000000000000000000000000000800000000000000000000000010000000008000000000000000000000000000000000020000000000000000000000000200000000000000000000000000000000010000000000000000000000000000000000000000000000000000000000000000000000000000000000000000080000000000000000000000000000000000000010000000000001002000000000000000000000000000000000000000000000000000000000000000000000000200000000000000000000000000000000000000000000000",
	"root": null,
	"status": "0x1",
	"transactionHash": "0x3e85513da749a6fa096a135905f51978bd3789e6525d97010a46c1c520d6f64c",
	"transactionIndex": 102
}
[2018-04-21T15:03:24.073] [DEBUG] trans - TO:   0x7c5cf8162f05f92c332e7e0b8cda614f067d0ed1
[2018-04-21T15:03:24.073] [DEBUG] trans - AMOUNT:   299225000000000000000
[2018-04-21T15:03:24.073] [DEBUG] trans - Receipt info:  {
	"blockHash": "0xaea0bfae2ebb8bdc0158f7220e805674257f7acf34a40e3a91beb19794b79412",
	"blockNumber": 5480345,
	"contractAddress": null,
	"cumulativeGasUsed": 6629021,
	"gasUsed": 51653,
	"logs": [
		{
			"address": "0x7e9e431a0B8c4D532C745B1043c7FA29a48D4fBa",
			"blockHash": "0xaea0bfae2ebb8bdc0158f7220e805674257f7acf34a40e3a91beb19794b79412",
			"blockNumber": 5480345,
			"data": "0x0000000000000000000000000000000000000000000000103894c02354428000",
			"logIndex": 99,
			"topics": [
				"0xddf252ad1be2c89b69c2b068fc378daa952ba7f163c4a11628f55a4df523b3ef",
				"0x000000000000000000000000468b858c964f297fd8fce058032bf4b4911a8ad8",
				"0x0000000000000000000000007c5cf8162f05f92c332e7e0b8cda614f067d0ed1"
			],
			"transactionHash": "0x84c40a42d451e0867e67b3c1d1a6c71d9aa9b0501bf97ac265fcf6c9da68b247",
			"transactionIndex": 94,
			"transactionLogIndex": "0x0",
			"type": "mined",
			"id": "log_f45e7fea"
		}
	],
	"logsBloom": "0x00000000000000000000000000020000000000000000000000000000000000000000000000000000000000000000000000000000000000000000000000000000000000000000010000000008000000000000000000000000000000000020000000000080001000000000000000000000000000000000000000000010000000000000000080000000000000000000000000000000000000000000000000000000000000000000000080000000000000000000000000000000000000010000000000001002000000000000000000000000000000000000000000000000000000000000000000000000000000000000000000000000000000000000000000000000",
	"root": null,
	"status": "0x1",
	"transactionHash": "0x84c40a42d451e0867e67b3c1d1a6c71d9aa9b0501bf97ac265fcf6c9da68b247",
	"transactionIndex": 94
}
[2018-04-21T15:03:24.074] [DEBUG] trans - TO:   0x37cb2ded02becafc5f315e066e21addec23a8c52
[2018-04-21T15:03:24.074] [DEBUG] trans - AMOUNT:   299200000000000000000
[2018-04-21T15:03:24.074] [DEBUG] trans - Receipt info:  {
	"blockHash": "0xaea0bfae2ebb8bdc0158f7220e805674257f7acf34a40e3a91beb19794b79412",
	"blockNumber": 5480345,
	"contractAddress": null,
	"cumulativeGasUsed": 6835441,
	"gasUsed": 51589,
	"logs": [
		{
			"address": "0x7e9e431a0B8c4D532C745B1043c7FA29a48D4fBa",
			"blockHash": "0xaea0bfae2ebb8bdc0158f7220e805674257f7acf34a40e3a91beb19794b79412",
			"blockNumber": 5480345,
			"data": "0x000000000000000000000000000000000000000000000010383beec53ce00000",
			"logIndex": 103,
			"topics": [
				"0xddf252ad1be2c89b69c2b068fc378daa952ba7f163c4a11628f55a4df523b3ef",
				"0x000000000000000000000000468b858c964f297fd8fce058032bf4b4911a8ad8",
				"0x00000000000000000000000037cb2ded02becafc5f315e066e21addec23a8c52"
			],
			"transactionHash": "0x72a76b522079ce095af2bdc989a4b41df5382f0a8009d7404c5d13d8cc6643ca",
			"transactionIndex": 98,
			"transactionLogIndex": "0x0",
			"type": "mined",
			"id": "log_30675a4e"
		}
	],
	"logsBloom": "0x00000000000000000000000000020000000000000000000020000000000000000000000000000000000000000000000000000000000000000000000000000000000000000000010000000008000000000000000000000000000000000020000000000000000000000000000000000000000000000000000000000010000000000000000040000000000000000000000000000000000000000000000000000000000000000000000080000000000000000000000000000000000000010000000001001002000000000000000000000000000000000000000000000000000000000000000000000000000000000000000000000000000000000000000000000000",
	"root": null,
	"status": "0x1",
	"transactionHash": "0x72a76b522079ce095af2bdc989a4b41df5382f0a8009d7404c5d13d8cc6643ca",
	"transactionIndex": 98
}
[2018-04-21T15:03:24.074] [DEBUG] trans - TO:   0x669f01ee666c606b4b0da109179668c80e86ad44
[2018-04-21T15:03:24.074] [DEBUG] trans - AMOUNT:   299269000000000000000
[2018-04-21T15:03:24.074] [DEBUG] trans - Receipt info:  {
	"blockHash": "0xaea0bfae2ebb8bdc0158f7220e805674257f7acf34a40e3a91beb19794b79412",
	"blockNumber": 5480345,
	"contractAddress": null,
	"cumulativeGasUsed": 398578,
	"gasUsed": 51653,
	"logs": [
		{
			"address": "0x7e9e431a0B8c4D532C745B1043c7FA29a48D4fBa",
			"blockHash": "0xaea0bfae2ebb8bdc0158f7220e805674257f7acf34a40e3a91beb19794b79412",
			"blockNumber": 5480345,
			"data": "0x000000000000000000000000000000000000000000000010393111e7a6608000",
			"logIndex": 3,
			"topics": [
				"0xddf252ad1be2c89b69c2b068fc378daa952ba7f163c4a11628f55a4df523b3ef",
				"0x000000000000000000000000468b858c964f297fd8fce058032bf4b4911a8ad8",
				"0x000000000000000000000000669f01ee666c606b4b0da109179668c80e86ad44"
			],
			"transactionHash": "0xc38078995aac359e560f8665bc2b6b9420c9314512c95b8c9677f366a4cd470c",
			"transactionIndex": 9,
			"transactionLogIndex": "0x0",
			"type": "mined",
			"id": "log_71fb58f5"
		}
	],
	"logsBloom": "0x00000000000000000000000000028000000080000000000000000000000000000000000000000000000000000000000000000000000000000000000000000000000000000000010000000008000000000000000000000000000000000020000000000000000000000000000000000000000000000000000000000010000000000000000000000000000000000000000000000000000000000000000000800000000000000000000080000000000000000000000000000000000000010000000000001002000000000000000000000000000000000000000000000000000000000000000000000000000000000000000000000000000000000000000000000000",
	"root": null,
	"status": "0x1",
	"transactionHash": "0xc38078995aac359e560f8665bc2b6b9420c9314512c95b8c9677f366a4cd470c",
	"transactionIndex": 9
}
[2018-04-21T15:03:24.075] [DEBUG] trans - TO:   0xd0c688fcc66004effc50a75b5b1ffd1be69c6346
[2018-04-21T15:03:24.075] [DEBUG] trans - AMOUNT:   299200000000000000000
[2018-04-21T15:03:24.075] [DEBUG] trans - Receipt info:  {
	"blockHash": "0xaea0bfae2ebb8bdc0158f7220e805674257f7acf34a40e3a91beb19794b79412",
	"blockNumber": 5480345,
	"contractAddress": null,
	"cumulativeGasUsed": 7196564,
	"gasUsed": 51589,
	"logs": [
		{
			"address": "0x7e9e431a0B8c4D532C745B1043c7FA29a48D4fBa",
			"blockHash": "0xaea0bfae2ebb8bdc0158f7220e805674257f7acf34a40e3a91beb19794b79412",
			"blockNumber": 5480345,
			"data": "0x000000000000000000000000000000000000000000000010383beec53ce00000",
			"logIndex": 110,
			"topics": [
				"0xddf252ad1be2c89b69c2b068fc378daa952ba7f163c4a11628f55a4df523b3ef",
				"0x000000000000000000000000468b858c964f297fd8fce058032bf4b4911a8ad8",
				"0x000000000000000000000000d0c688fcc66004effc50a75b5b1ffd1be69c6346"
			],
			"transactionHash": "0x801d0cd196d7ed983e3490aae89db64ffa2f67c8b35190516fba5571a8f9dfbe",
			"transactionIndex": 105,
			"transactionLogIndex": "0x0",
			"type": "mined",
			"id": "log_d9ece3b1"
		}
	],
	"logsBloom": "0x00000000000000000000000000020000000000000000000000000000000000000000000000000000000000000000000000000000000000000000000000000000000000000000010000000008000000000000000000000000000000040020000000000000000000000000000000000000000000001000000000000010000000000000000000000000000000000000000000000000000000000000000000000000000000000000000080000000000000000000000200000000000000010000000000001002000000000000000000000000000000000000000000000000000000000000000000000000000000000000000000000000000000000000000000000000",
	"root": null,
	"status": "0x1",
	"transactionHash": "0x801d0cd196d7ed983e3490aae89db64ffa2f67c8b35190516fba5571a8f9dfbe",
	"transactionIndex": 105
}
[2018-04-21T15:03:24.076] [DEBUG] trans - TO:   0x6c211683b628f10e3e2bc86f14d051c63b5f4d3e
[2018-04-21T15:03:24.076] [DEBUG] trans - AMOUNT:   299200000000000000000
[2018-04-21T15:03:24.076] [DEBUG] trans - Receipt info:  {
	"blockHash": "0xaea0bfae2ebb8bdc0158f7220e805674257f7acf34a40e3a91beb19794b79412",
	"blockNumber": 5480345,
	"contractAddress": null,
	"cumulativeGasUsed": 6887030,
	"gasUsed": 51589,
	"logs": [
		{
			"address": "0x7e9e431a0B8c4D532C745B1043c7FA29a48D4fBa",
			"blockHash": "0xaea0bfae2ebb8bdc0158f7220e805674257f7acf34a40e3a91beb19794b79412",
			"blockNumber": 5480345,
			"data": "0x000000000000000000000000000000000000000000000010383beec53ce00000",
			"logIndex": 104,
			"topics": [
				"0xddf252ad1be2c89b69c2b068fc378daa952ba7f163c4a11628f55a4df523b3ef",
				"0x000000000000000000000000468b858c964f297fd8fce058032bf4b4911a8ad8",
				"0x0000000000000000000000006c211683b628f10e3e2bc86f14d051c63b5f4d3e"
			],
			"transactionHash": "0x8c4ed17014b6f11d4c7904b3e52d16a22d8fed9e23461272376595c6dd6907c3",
			"transactionIndex": 99,
			"transactionLogIndex": "0x0",
			"type": "mined",
			"id": "log_33f8bca2"
		}
	],
	"logsBloom": "0x00000000000000000000000000020000000000000000000000000000000000000000000000000000000000000000000000000000000000000000000000000000000000000000010000000008000000000000000000000000000000000020000000000000000001000000000000000000000000000000000000000010000000000000000000000000000000000000000000000000000000000000000000001000000000000000000080000000000000000000000000000000000000010000000000001002000000010000000000000000000000000000000000000000000000000000000000000000000000000000000000000000000000000000000000000000",
	"root": null,
	"status": "0x1",
	"transactionHash": "0x8c4ed17014b6f11d4c7904b3e52d16a22d8fed9e23461272376595c6dd6907c3",
	"transactionIndex": 99
}
[2018-04-21T15:03:24.082] [DEBUG] trans - TO:   0xb3e1da4bb7daddf47ca8f58bd69cdfa1e4a10ad8
[2018-04-21T15:03:24.082] [DEBUG] trans - AMOUNT:   299200000000000000000
[2018-04-21T15:03:24.082] [DEBUG] trans - Receipt info:  {
	"blockHash": "0xaea0bfae2ebb8bdc0158f7220e805674257f7acf34a40e3a91beb19794b79412",
	"blockNumber": 5480345,
	"contractAddress": null,
	"cumulativeGasUsed": 7093386,
	"gasUsed": 51589,
	"logs": [
		{
			"address": "0x7e9e431a0B8c4D532C745B1043c7FA29a48D4fBa",
			"blockHash": "0xaea0bfae2ebb8bdc0158f7220e805674257f7acf34a40e3a91beb19794b79412",
			"blockNumber": 5480345,
			"data": "0x000000000000000000000000000000000000000000000010383beec53ce00000",
			"logIndex": 108,
			"topics": [
				"0xddf252ad1be2c89b69c2b068fc378daa952ba7f163c4a11628f55a4df523b3ef",
				"0x000000000000000000000000468b858c964f297fd8fce058032bf4b4911a8ad8",
				"0x000000000000000000000000b3e1da4bb7daddf47ca8f58bd69cdfa1e4a10ad8"
			],
			"transactionHash": "0x96789809a07bd25e27ac95b3dbed63349275ad09126ec86400558457bf10a4b7",
			"transactionIndex": 103,
			"transactionLogIndex": "0x0",
			"type": "mined",
			"id": "log_d3ca7211"
		}
	],
	"logsBloom": "0x00000000000000000000000000020000000000000000000000000000000001000000000000000000020000000000000000000000000000000000000000000000000000000000010000000008000000000000000000000000000000000020000000000000000000000000000000000000000000000000000000000010000000000000000000000000000000000000000000000000000000000000000000000000000000000000000080000000000000000000000000000000000000010000000000001002000000000000000000080000000000000000000000000000000000000000000000000000000000000000000000000000000000000000000000000000",
	"root": null,
	"status": "0x1",
	"transactionHash": "0x96789809a07bd25e27ac95b3dbed63349275ad09126ec86400558457bf10a4b7",
	"transactionIndex": 103
}
[2018-04-21T15:03:24.082] [DEBUG] trans - TO:   0xb490c5a7757e729f3111047b2b9dc5bdb77ca020
[2018-04-21T15:03:24.082] [DEBUG] trans - AMOUNT:   299200000000000000000
[2018-04-21T15:03:24.082] [DEBUG] trans - Receipt info:  {
	"blockHash": "0xaea0bfae2ebb8bdc0158f7220e805674257f7acf34a40e3a91beb19794b79412",
	"blockNumber": 5480345,
	"contractAddress": null,
	"cumulativeGasUsed": 7144975,
	"gasUsed": 51589,
	"logs": [
		{
			"address": "0x7e9e431a0B8c4D532C745B1043c7FA29a48D4fBa",
			"blockHash": "0xaea0bfae2ebb8bdc0158f7220e805674257f7acf34a40e3a91beb19794b79412",
			"blockNumber": 5480345,
			"data": "0x000000000000000000000000000000000000000000000010383beec53ce00000",
			"logIndex": 109,
			"topics": [
				"0xddf252ad1be2c89b69c2b068fc378daa952ba7f163c4a11628f55a4df523b3ef",
				"0x000000000000000000000000468b858c964f297fd8fce058032bf4b4911a8ad8",
				"0x000000000000000000000000b490c5a7757e729f3111047b2b9dc5bdb77ca020"
			],
			"transactionHash": "0xfb1f89584f6d594c596f0d70b41480814b08abe060bd176542fbb769b448c0e5",
			"transactionIndex": 104,
			"transactionLogIndex": "0x0",
			"type": "mined",
			"id": "log_19b0f999"
		}
	],
	"logsBloom": "0x00000000000000000000000000020000000000000000000000000000000000000000000000000000000000000000000000000000000000000000000000000000000000000000010000000088000000000000100000000000000000000020000000000000000000000000000000000000000000000000000000000010000000000000000000000000000000000000000000000000000000000000000200000000000000000000000080000000000000000000000000000000000000010000000000001002000000000000000000000000000000000000000000000000000000000000000000000000000000000000000000000000000000000000000000000000",
	"root": null,
	"status": "0x1",
	"transactionHash": "0xfb1f89584f6d594c596f0d70b41480814b08abe060bd176542fbb769b448c0e5",
	"transactionIndex": 104
}
[2018-04-21T15:03:24.083] [DEBUG] trans - TO:   0xdaf5de5138a36a97430308d4e1c7748a1b21d4a1
[2018-04-21T15:03:24.083] [DEBUG] trans - AMOUNT:   299200000000000000000
[2018-04-21T15:03:24.083] [DEBUG] trans - Receipt info:  {
	"blockHash": "0xaea0bfae2ebb8bdc0158f7220e805674257f7acf34a40e3a91beb19794b79412",
	"blockNumber": 5480345,
	"contractAddress": null,
	"cumulativeGasUsed": 7248153,
	"gasUsed": 51589,
	"logs": [
		{
			"address": "0x7e9e431a0B8c4D532C745B1043c7FA29a48D4fBa",
			"blockHash": "0xaea0bfae2ebb8bdc0158f7220e805674257f7acf34a40e3a91beb19794b79412",
			"blockNumber": 5480345,
			"data": "0x000000000000000000000000000000000000000000000010383beec53ce00000",
			"logIndex": 111,
			"topics": [
				"0xddf252ad1be2c89b69c2b068fc378daa952ba7f163c4a11628f55a4df523b3ef",
				"0x000000000000000000000000468b858c964f297fd8fce058032bf4b4911a8ad8",
				"0x000000000000000000000000daf5de5138a36a97430308d4e1c7748a1b21d4a1"
			],
			"transactionHash": "0x26b463caea33342f7e3b0f7d7c19ed63aaec0cb334b66d2e055ede482952bbe4",
			"transactionIndex": 106,
			"transactionLogIndex": "0x0",
			"type": "mined",
			"id": "log_a7dad453"
		}
	],
	"logsBloom": "0x00000000000000000000000000020000000000000000000000000000000000000000000000000000000000000000000000000000000000000000000000000000000000040000010000000008000000100000000000000000000000000020000000000000000000000000000000000000000000000000000000000010000000000000000000000000000000000000000000000000000000000000000000000000000000000000000080000000000000000000000000000000000000010000000000001002000000000000000000000000000000000000000000000000000000000000000400000000000000000000000000000000000000000000000000000000",
	"root": null,
	"status": "0x1",
	"transactionHash": "0x26b463caea33342f7e3b0f7d7c19ed63aaec0cb334b66d2e055ede482952bbe4",
	"transactionIndex": 106
}
[2018-04-21T15:03:24.083] [DEBUG] trans - TO:   0xfcf871d9f665b378df5e0cb89fadbb9ad63424ca
[2018-04-21T15:03:24.083] [DEBUG] trans - AMOUNT:   299200000000000000000
[2018-04-21T15:03:24.083] [DEBUG] trans - Receipt info:  {
	"blockHash": "0xaea0bfae2ebb8bdc0158f7220e805674257f7acf34a40e3a91beb19794b79412",
	"blockNumber": 5480345,
	"contractAddress": null,
	"cumulativeGasUsed": 7351331,
	"gasUsed": 51589,
	"logs": [
		{
			"address": "0x7e9e431a0B8c4D532C745B1043c7FA29a48D4fBa",
			"blockHash": "0xaea0bfae2ebb8bdc0158f7220e805674257f7acf34a40e3a91beb19794b79412",
			"blockNumber": 5480345,
			"data": "0x000000000000000000000000000000000000000000000010383beec53ce00000",
			"logIndex": 113,
			"topics": [
				"0xddf252ad1be2c89b69c2b068fc378daa952ba7f163c4a11628f55a4df523b3ef",
				"0x000000000000000000000000468b858c964f297fd8fce058032bf4b4911a8ad8",
				"0x000000000000000000000000fcf871d9f665b378df5e0cb89fadbb9ad63424ca"
			],
			"transactionHash": "0xf18554d4bfc4761ed6038acb87e81eebddf02812e15ab954971ff1b03e39eb12",
			"transactionIndex": 108,
			"transactionLogIndex": "0x0",
			"type": "mined",
			"id": "log_7bb30d1e"
		}
	],
	"logsBloom": "0x00000000000000000000000000020000000000000000000000000000000000040000000000000000000000000000000000000000000000000000000000000000000000000000010000000008000000000000000000000000000000000020000000000000000000000000000000000000000000000000000000000010000080000000000000000000000000000000000000000000000000000000000000000000000000000000000080000000000000000000000000000000000000010000000000001002000000000000000000000002000000000000000000000000000000000000000000000000000000000000000000000000000000000000000000000000",
	"root": null,
	"status": "0x1",
	"transactionHash": "0xf18554d4bfc4761ed6038acb87e81eebddf02812e15ab954971ff1b03e39eb12",
	"transactionIndex": 108
}
[2018-04-21T15:03:24.083] [DEBUG] trans - TO:   0xe1a72eaf0de9b060205d10ff648915d63c6f9ede
[2018-04-21T15:03:24.083] [DEBUG] trans - AMOUNT:   299188800000000000000
[2018-04-21T15:03:24.083] [DEBUG] trans - Receipt info:  {
	"blockHash": "0xaea0bfae2ebb8bdc0158f7220e805674257f7acf34a40e3a91beb19794b79412",
	"blockNumber": 5480345,
	"contractAddress": null,
	"cumulativeGasUsed": 7506226,
	"gasUsed": 51589,
	"logs": [
		{
			"address": "0x7e9e431a0B8c4D532C745B1043c7FA29a48D4fBa",
			"blockHash": "0xaea0bfae2ebb8bdc0158f7220e805674257f7acf34a40e3a91beb19794b79412",
			"blockNumber": 5480345,
			"data": "0x0000000000000000000000000000000000000000000000103814246e07640000",
			"logIndex": 116,
			"topics": [
				"0xddf252ad1be2c89b69c2b068fc378daa952ba7f163c4a11628f55a4df523b3ef",
				"0x000000000000000000000000468b858c964f297fd8fce058032bf4b4911a8ad8",
				"0x000000000000000000000000e1a72eaf0de9b060205d10ff648915d63c6f9ede"
			],
			"transactionHash": "0x76d3128c81843aedfed208e647caf4914445dc03df6522c0ff028e4f42caf574",
			"transactionIndex": 111,
			"transactionLogIndex": "0x0",
			"type": "mined",
			"id": "log_ec6b1dcf"
		}
	],
	"logsBloom": "0x00000000000000000000000000020000000000000000000000000000000000000000000800000000000000000000000000000000000000000000000000000000000000000000010000000008000000000000000000000000000000000020000000000000000000000000000000000000000000000000000000000010000000000000000000000000000000000000004000000000000000000000000000000000000000000000000080000000000000000000000000000000000000010000000000001002000000000000000000000000000000000000000000000000000000000000000000000000000000000080000000000000000000000000000000000000",
	"root": null,
	"status": "0x1",
	"transactionHash": "0x76d3128c81843aedfed208e647caf4914445dc03df6522c0ff028e4f42caf574",
	"transactionIndex": 111
}
[2018-04-21T15:03:24.084] [DEBUG] trans - TO:   0xf18fd4513f3f466c5a081e811c4f9b353713c8ba
[2018-04-21T15:03:24.084] [DEBUG] trans - AMOUNT:   299200000000000000000
[2018-04-21T15:03:24.084] [DEBUG] trans - Receipt info:  {
	"blockHash": "0xaea0bfae2ebb8bdc0158f7220e805674257f7acf34a40e3a91beb19794b79412",
	"blockNumber": 5480345,
	"contractAddress": null,
	"cumulativeGasUsed": 7299742,
	"gasUsed": 51589,
	"logs": [
		{
			"address": "0x7e9e431a0B8c4D532C745B1043c7FA29a48D4fBa",
			"blockHash": "0xaea0bfae2ebb8bdc0158f7220e805674257f7acf34a40e3a91beb19794b79412",
			"blockNumber": 5480345,
			"data": "0x000000000000000000000000000000000000000000000010383beec53ce00000",
			"logIndex": 112,
			"topics": [
				"0xddf252ad1be2c89b69c2b068fc378daa952ba7f163c4a11628f55a4df523b3ef",
				"0x000000000000000000000000468b858c964f297fd8fce058032bf4b4911a8ad8",
				"0x000000000000000000000000f18fd4513f3f466c5a081e811c4f9b353713c8ba"
			],
			"transactionHash": "0xd82f051e6d2d1f4abc3fcdda43f699636e301e5590e68f1160e8b3ed495d58c3",
			"transactionIndex": 107,
			"transactionLogIndex": "0x0",
			"type": "mined",
			"id": "log_22bd1cab"
		}
	],
	"logsBloom": "0x00000000000000000000000000020000000000080100000000000000000000000000000000000000000000000000000000000000000000000000000000000000000000000000010000000008000000000000000000000000000000000020000000000000000000000000000000000000000000002000000000000010000000000000000000000000000000000000000000000000000000000000000000000000000000000000000080000000000000000000000000000000000000010000000000001002000000000000000000000000000000000000000000000000000000000000000000000000000000000000000000000000000000000000000000000000",
	"root": null,
	"status": "0x1",
	"transactionHash": "0xd82f051e6d2d1f4abc3fcdda43f699636e301e5590e68f1160e8b3ed495d58c3",
	"transactionIndex": 107
}
[2018-04-21T15:03:24.084] [DEBUG] trans - TO:   0x78b36e379e1cb0c4a79cd5a58ae1ff201f01fe39
[2018-04-21T15:03:24.084] [DEBUG] trans - AMOUNT:   299200000000000000000
[2018-04-21T15:03:24.084] [DEBUG] trans - Receipt info:  {
	"blockHash": "0xaea0bfae2ebb8bdc0158f7220e805674257f7acf34a40e3a91beb19794b79412",
	"blockNumber": 5480345,
	"contractAddress": null,
	"cumulativeGasUsed": 6938619,
	"gasUsed": 51589,
	"logs": [
		{
			"address": "0x7e9e431a0B8c4D532C745B1043c7FA29a48D4fBa",
			"blockHash": "0xaea0bfae2ebb8bdc0158f7220e805674257f7acf34a40e3a91beb19794b79412",
			"blockNumber": 5480345,
			"data": "0x000000000000000000000000000000000000000000000010383beec53ce00000",
			"logIndex": 105,
			"topics": [
				"0xddf252ad1be2c89b69c2b068fc378daa952ba7f163c4a11628f55a4df523b3ef",
				"0x000000000000000000000000468b858c964f297fd8fce058032bf4b4911a8ad8",
				"0x00000000000000000000000078b36e379e1cb0c4a79cd5a58ae1ff201f01fe39"
			],
			"transactionHash": "0x6faf3baa5a1d1bc41d7c49c87c201bbb4c1779e830ed75927af85a2cd49bcd9e",
			"transactionIndex": 100,
			"transactionLogIndex": "0x0",
			"type": "mined",
			"id": "log_590e4e9b"
		}
	],
	"logsBloom": "0x00000000000000000000000000020000000000000000000000000000000080000000000000000000000000000000000000000000000000000000000000000000000000000000010000000008000000000000000000000000000000800020000000000000000000000000000000000000000000000000000000000010000000000000000000000000000000000000000000000000000000000000000000000000000000000000000080000000000000000000000000000000000000010000000000001002000000000000000000000000000000000000000000000000000000000000000000000000000000000000000000000000000000000002000000000000",
	"root": null,
	"status": "0x1",
	"transactionHash": "0x6faf3baa5a1d1bc41d7c49c87c201bbb4c1779e830ed75927af85a2cd49bcd9e",
	"transactionIndex": 100
}
[2018-04-21T15:03:24.084] [DEBUG] trans - TO:   0xea88c73e68d5d5f6f4d2ae3fdfef4556ba42a04f
[2018-04-21T15:03:24.084] [DEBUG] trans - AMOUNT:   299185700000000000000
[2018-04-21T15:03:24.084] [DEBUG] trans - Receipt info:  {
	"blockHash": "0xaea0bfae2ebb8bdc0158f7220e805674257f7acf34a40e3a91beb19794b79412",
	"blockNumber": 5480345,
	"contractAddress": null,
	"cumulativeGasUsed": 7557879,
	"gasUsed": 51653,
	"logs": [
		{
			"address": "0x7e9e431a0B8c4D532C745B1043c7FA29a48D4fBa",
			"blockHash": "0xaea0bfae2ebb8bdc0158f7220e805674257f7acf34a40e3a91beb19794b79412",
			"blockNumber": 5480345,
			"data": "0x000000000000000000000000000000000000000000000010380920ff08964000",
			"logIndex": 117,
			"topics": [
				"0xddf252ad1be2c89b69c2b068fc378daa952ba7f163c4a11628f55a4df523b3ef",
				"0x000000000000000000000000468b858c964f297fd8fce058032bf4b4911a8ad8",
				"0x000000000000000000000000ea88c73e68d5d5f6f4d2ae3fdfef4556ba42a04f"
			],
			"transactionHash": "0xf255739dfe00b9ede4f34426426cc0180192af0d39fe127939d47f16618b5f5b",
			"transactionIndex": 112,
			"transactionLogIndex": "0x0",
			"type": "mined",
			"id": "log_9b558970"
		}
	],
	"logsBloom": "0x00000000000000000000000000020000000000000000000000000000000000000040000000000000000000000000000000000000000000000020000000000000000000000000010000000008000000000000000000000000000000000020000000000000000000000000000000000000000000000000000000000010002000000000000000000000000000000000000000000000000000000000000000000000000000000000000080000000000000000000000000000000000000010000000000001002000000000000000000000000000000000000000000000000000000000000000000000000000000000000000000000000000000000000000000000000",
	"root": null,
	"status": "0x1",
	"transactionHash": "0xf255739dfe00b9ede4f34426426cc0180192af0d39fe127939d47f16618b5f5b",
	"transactionIndex": 112
}
[2018-04-21T15:03:24.085] [DEBUG] trans - TO:   0xcb834f02559c06e58d902265d27ef8b6dba11703
[2018-04-21T15:03:24.085] [DEBUG] trans - AMOUNT:   299190700000000000000
[2018-04-21T15:03:24.085] [DEBUG] trans - Receipt info:  {
	"blockHash": "0xaea0bfae2ebb8bdc0158f7220e805674257f7acf34a40e3a91beb19794b79412",
	"blockNumber": 5480345,
	"contractAddress": null,
	"cumulativeGasUsed": 7454637,
	"gasUsed": 51653,
	"logs": [
		{
			"address": "0x7e9e431a0B8c4D532C745B1043c7FA29a48D4fBa",
			"blockHash": "0xaea0bfae2ebb8bdc0158f7220e805674257f7acf34a40e3a91beb19794b79412",
			"blockNumber": 5480345,
			"data": "0x000000000000000000000000000000000000000000000010381ae4784076c000",
			"logIndex": 115,
			"topics": [
				"0xddf252ad1be2c89b69c2b068fc378daa952ba7f163c4a11628f55a4df523b3ef",
				"0x000000000000000000000000468b858c964f297fd8fce058032bf4b4911a8ad8",
				"0x000000000000000000000000cb834f02559c06e58d902265d27ef8b6dba11703"
			],
			"transactionHash": "0xe53f8aaf6f8bbaaf44b32a882965102754fce442419ee7d1f52605329c5a7895",
			"transactionIndex": 110,
			"transactionLogIndex": "0x0",
			"type": "mined",
			"id": "log_c36d78fc"
		}
	],
	"logsBloom": "0x00000000000000000000000000020000000000000000000000000000000000000000000000000000000000000000000000000000000000000000000000000000000000000000010000000008000000000000000000000000000000000020000000000000000000000000000000000000000000000000000000000010000000000000000000000000000000000000000000000000000000000000000000000000000000000000000080000000000000000000000000000000000000010000000800001002000000000000000001000000000000000000000000040000000000000000000000000000000000000000000000000000000000000000000000000000",
	"root": null,
	"status": "0x1",
	"transactionHash": "0xe53f8aaf6f8bbaaf44b32a882965102754fce442419ee7d1f52605329c5a7895",
	"transactionIndex": 110
}
[2018-04-21T15:03:24.086] [DEBUG] trans - TO:   0x6433cee8b706edb13224d768cd6b39252baea079
[2018-04-21T15:03:24.086] [DEBUG] trans - AMOUNT:   299183200000000000000
[2018-04-21T15:03:24.086] [DEBUG] trans - Receipt info:  {
	"blockHash": "0xaea0bfae2ebb8bdc0158f7220e805674257f7acf34a40e3a91beb19794b79412",
	"blockNumber": 5480345,
	"contractAddress": null,
	"cumulativeGasUsed": 7609404,
	"gasUsed": 51525,
	"logs": [
		{
			"address": "0x7e9e431a0B8c4D532C745B1043c7FA29a48D4fBa",
			"blockHash": "0xaea0bfae2ebb8bdc0158f7220e805674257f7acf34a40e3a91beb19794b79412",
			"blockNumber": 5480345,
			"data": "0x00000000000000000000000000000000000000000000001038003f426ca60000",
			"logIndex": 118,
			"topics": [
				"0xddf252ad1be2c89b69c2b068fc378daa952ba7f163c4a11628f55a4df523b3ef",
				"0x000000000000000000000000468b858c964f297fd8fce058032bf4b4911a8ad8",
				"0x0000000000000000000000006433cee8b706edb13224d768cd6b39252baea079"
			],
			"transactionHash": "0x1bf8548b5bea9e9b03d8a3272172e62437cb373a1eb7d0dbb7d2b5ae4fcca77e",
			"transactionIndex": 113,
			"transactionLogIndex": "0x0",
			"type": "mined",
			"id": "log_af592ea5"
		}
	],
	"logsBloom": "0x00000000000000000000000000020000000000000000000000000000040000000000000000000000000000000000000000000000000000000000000000000000000000000000010000000008000000000000000000000000000000000020000000000000000000000000000000000000000000000000000000000010000000000000000000000000000000000000000000000000000000000000000000000000000000000000000080000000000000000000008000000000000000010002000000001002000000000000000000000000000000000000000000000000000000000000000000000000000000000000000000000000000000000000000000000000",
	"root": null,
	"status": "0x1",
	"transactionHash": "0x1bf8548b5bea9e9b03d8a3272172e62437cb373a1eb7d0dbb7d2b5ae4fcca77e",
	"transactionIndex": 113
}
[2018-04-21T15:03:24.086] [DEBUG] trans - TO:   0xdf0cc69103f3c2d0a0ba1cb066102eed218f6be3
[2018-04-21T15:03:24.087] [DEBUG] trans - AMOUNT:   299174900000000000000
[2018-04-21T15:03:24.087] [DEBUG] trans - Receipt info:  {
	"blockHash": "0xaea0bfae2ebb8bdc0158f7220e805674257f7acf34a40e3a91beb19794b79412",
	"blockNumber": 5480345,
	"contractAddress": null,
	"cumulativeGasUsed": 7712710,
	"gasUsed": 51653,
	"logs": [
		{
			"address": "0x7e9e431a0B8c4D532C745B1043c7FA29a48D4fBa",
			"blockHash": "0xaea0bfae2ebb8bdc0158f7220e805674257f7acf34a40e3a91beb19794b79412",
			"blockNumber": 5480345,
			"data": "0x00000000000000000000000000000000000000000000001037e2c27415034000",
			"logIndex": 120,
			"topics": [
				"0xddf252ad1be2c89b69c2b068fc378daa952ba7f163c4a11628f55a4df523b3ef",
				"0x000000000000000000000000468b858c964f297fd8fce058032bf4b4911a8ad8",
				"0x000000000000000000000000df0cc69103f3c2d0a0ba1cb066102eed218f6be3"
			],
			"transactionHash": "0x11a75c8321ee7f2a6b5ca14cc280ab80d05c7436466092e0795b76dd3d326a6f",
			"transactionIndex": 115,
			"transactionLogIndex": "0x0",
			"type": "mined",
			"id": "log_ebeeed00"
		}
	],
	"logsBloom": "0x00000000000000010000000000020000000000000000000000000000000000000000000000000000000000000000000000000000000000000000000000000000000000000000010000000008000000000000000000000000000000000020000000000000000000000000000000000000000000000000000000000010000000000000000000000000000000000000000000000000000000000000000000000000000000000000000080000000000000000000000000000000000000010000000000001002000000000000000000000000000000000000000000000000000000000001008000000000000000000000000000000000000000000000000000000000",
	"root": null,
	"status": "0x1",
	"transactionHash": "0x11a75c8321ee7f2a6b5ca14cc280ab80d05c7436466092e0795b76dd3d326a6f",
	"transactionIndex": 115
}
[2018-04-21T15:03:24.087] [DEBUG] trans - TO:   0x16bd2145188670fa399aceb04a124934c551612a
[2018-04-21T15:03:24.087] [DEBUG] trans - AMOUNT:   299180100000000000000
[2018-04-21T15:03:24.087] [DEBUG] trans - Receipt info:  {
	"blockHash": "0xaea0bfae2ebb8bdc0158f7220e805674257f7acf34a40e3a91beb19794b79412",
	"blockNumber": 5480345,
	"contractAddress": null,
	"cumulativeGasUsed": 7661057,
	"gasUsed": 51653,
	"logs": [
		{
			"address": "0x7e9e431a0B8c4D532C745B1043c7FA29a48D4fBa",
			"blockHash": "0xaea0bfae2ebb8bdc0158f7220e805674257f7acf34a40e3a91beb19794b79412",
			"blockNumber": 5480345,
			"data": "0x00000000000000000000000000000000000000000000001037f53bd36dd84000",
			"logIndex": 119,
			"topics": [
				"0xddf252ad1be2c89b69c2b068fc378daa952ba7f163c4a11628f55a4df523b3ef",
				"0x000000000000000000000000468b858c964f297fd8fce058032bf4b4911a8ad8",
				"0x00000000000000000000000016bd2145188670fa399aceb04a124934c551612a"
			],
			"transactionHash": "0xfc03d41be783437bb3844841cc971d8fc7c29a2418b9ac9d43dc31581e42fb64",
			"transactionIndex": 114,
			"transactionLogIndex": "0x0",
			"type": "mined",
			"id": "log_dc4b1f4f"
		}
	],
	"logsBloom": "0x00000000000000000000000000020000000000000000000000000000000000000000000000000000000000000000040000000000000000000000000000000000000000000000010000000008000000000000000000000000000000000020000000000000000000000000000000000000000000000000000000000010000000000000000000000000000000000020000000000000000000000000000000000000000000000000000080000000000000000000000000000000000000010000000000001002000000000000000000000200000000000000000000000000000000000000000000000000000000000000000000000000000000000000000000000000",
	"root": null,
	"status": "0x1",
	"transactionHash": "0xfc03d41be783437bb3844841cc971d8fc7c29a2418b9ac9d43dc31581e42fb64",
	"transactionIndex": 114
}
[2018-04-21T15:03:24.087] [DEBUG] trans - TO:   0xfc1b8341e3ba75cff60659a28dfa1e0fce568628
[2018-04-21T15:03:24.087] [DEBUG] trans - AMOUNT:   299165300000000000000
[2018-04-21T15:03:24.087] [DEBUG] trans - Receipt info:  {
	"blockHash": "0xaea0bfae2ebb8bdc0158f7220e805674257f7acf34a40e3a91beb19794b79412",
	"blockNumber": 5480345,
	"contractAddress": null,
	"cumulativeGasUsed": 7764363,
	"gasUsed": 51653,
	"logs": [
		{
			"address": "0x7e9e431a0B8c4D532C745B1043c7FA29a48D4fBa",
			"blockHash": "0xaea0bfae2ebb8bdc0158f7220e805674257f7acf34a40e3a91beb19794b79412",
			"blockNumber": 5480345,
			"data": "0x00000000000000000000000000000000000000000000001037c0a74de72b4000",
			"logIndex": 121,
			"topics": [
				"0xddf252ad1be2c89b69c2b068fc378daa952ba7f163c4a11628f55a4df523b3ef",
				"0x000000000000000000000000468b858c964f297fd8fce058032bf4b4911a8ad8",
				"0x000000000000000000000000fc1b8341e3ba75cff60659a28dfa1e0fce568628"
			],
			"transactionHash": "0xb7f9ab79917817042dceab0c81eaa50b918ea801a5a825a2aafc027f1fb4fffb",
			"transactionIndex": 116,
			"transactionLogIndex": "0x0",
			"type": "mined",
			"id": "log_72253290"
		}
	],
	"logsBloom": "0x00000000000000000000000000020000000000000000000000000000000000000000000000000000000000000000000000000000000000000000000000000000000000000000010000000008000000000000000000000000000000000020000020000000000000000000000000000000000000000000000000000010000000000000000000000000000000000000000000000000000000000000000000004000000000000000000080000000000000000000000000000000000000010000000000001002000000000000000000004000000000000000000000000000000000000000000000000000000000000000000000000000000000000000000000000000",
	"root": null,
	"status": "0x1",
	"transactionHash": "0xb7f9ab79917817042dceab0c81eaa50b918ea801a5a825a2aafc027f1fb4fffb",
	"transactionIndex": 116
}
[2018-04-21T15:03:24.088] [DEBUG] trans - TO:   0xef7aa31a57440e3f2f3df182825306f27ad9254a
[2018-04-21T15:03:24.088] [DEBUG] trans - AMOUNT:   299160400000000000000
[2018-04-21T15:03:24.088] [DEBUG] trans - Receipt info:  {
	"blockHash": "0xaea0bfae2ebb8bdc0158f7220e805674257f7acf34a40e3a91beb19794b79412",
	"blockNumber": 5480345,
	"contractAddress": null,
	"cumulativeGasUsed": 7815952,
	"gasUsed": 51589,
	"logs": [
		{
			"address": "0x7e9e431a0B8c4D532C745B1043c7FA29a48D4fBa",
			"blockHash": "0xaea0bfae2ebb8bdc0158f7220e805674257f7acf34a40e3a91beb19794b79412",
			"blockNumber": 5480345,
			"data": "0x00000000000000000000000000000000000000000000001037af3ec7bfc50000",
			"logIndex": 122,
			"topics": [
				"0xddf252ad1be2c89b69c2b068fc378daa952ba7f163c4a11628f55a4df523b3ef",
				"0x000000000000000000000000468b858c964f297fd8fce058032bf4b4911a8ad8",
				"0x000000000000000000000000ef7aa31a57440e3f2f3df182825306f27ad9254a"
			],
			"transactionHash": "0x016d524f0cdd57ad8ada115d535308111e6cac45d20107eb25927f5eaacaf2a9",
			"transactionIndex": 117,
			"transactionLogIndex": "0x0",
			"type": "mined",
			"id": "log_5da15219"
		}
	],
	"logsBloom": "0x00000000000000000000000000020000000000000000000000000000000000000000000000000000000000000000000000000000000000000000000000000000000000000000010000000008000000000000000000000000000000000020000000000000000000000000000000000000000000000000000000000010000000000000000000000000000000000000000000000000000000000000000040000000000000000000000080000000000000000000000000000000000000010000000000001002000000000000400000000000000000000000000000000000000000000000000000000000000000000000000000000000000040000000000000000000",
	"root": null,
	"status": "0x1",
	"transactionHash": "0x016d524f0cdd57ad8ada115d535308111e6cac45d20107eb25927f5eaacaf2a9",
	"transactionIndex": 117
}
[2018-04-21T15:03:24.088] [DEBUG] trans - TO:   0x60b573e02a9e841cff3257921cf33f1160ff3060
[2018-04-21T15:03:24.088] [DEBUG] trans - AMOUNT:   299158700000000000000
[2018-04-21T15:03:24.088] [DEBUG] trans - Receipt info:  {
	"blockHash": "0xaea0bfae2ebb8bdc0158f7220e805674257f7acf34a40e3a91beb19794b79412",
	"blockNumber": 5480345,
	"contractAddress": null,
	"cumulativeGasUsed": 7867605,
	"gasUsed": 51653,
	"logs": [
		{
			"address": "0x7e9e431a0B8c4D532C745B1043c7FA29a48D4fBa",
			"blockHash": "0xaea0bfae2ebb8bdc0158f7220e805674257f7acf34a40e3a91beb19794b79412",
			"blockNumber": 5480345,
			"data": "0x00000000000000000000000000000000000000000000001037a934a3a7a6c000",
			"logIndex": 123,
			"topics": [
				"0xddf252ad1be2c89b69c2b068fc378daa952ba7f163c4a11628f55a4df523b3ef",
				"0x000000000000000000000000468b858c964f297fd8fce058032bf4b4911a8ad8",
				"0x00000000000000000000000060b573e02a9e841cff3257921cf33f1160ff3060"
			],
			"transactionHash": "0x6d6d00dbacda8d622ef94dfe6e66ed61153d970cfc2c31d5a3a0b3a99e15406b",
			"transactionIndex": 118,
			"transactionLogIndex": "0x0",
			"type": "mined",
			"id": "log_af3c2a78"
		}
	],
	"logsBloom": "0x00000000000000000000000000020000000000000000000000000000000000000000000000000000000000000000000000000000000000000000000000000000000000000000010000000008000000000000000000000000000000000020000000000000000000000000000000000000000000000000000000000010000000000000000000000000000000000000000000000000000000000000000400000000000004000000000080000000400000000000000000000000000000010000000000001002000000000000000000000000000000000000000000000000000000000000000000000000000000000000000000000000000000000000000000000000",
	"root": null,
	"status": "0x1",
	"transactionHash": "0x6d6d00dbacda8d622ef94dfe6e66ed61153d970cfc2c31d5a3a0b3a99e15406b",
	"transactionIndex": 118
}
[2018-04-21T15:03:24.090] [DEBUG] trans - TO:   0x5ed443a2f9e1933bcb56b286fc2663d3ce0120c5
[2018-04-21T15:03:24.090] [DEBUG] trans - AMOUNT:   299197000000000000000
[2018-04-21T15:03:24.090] [DEBUG] trans - Receipt info:  {
	"blockHash": "0xaea0bfae2ebb8bdc0158f7220e805674257f7acf34a40e3a91beb19794b79412",
	"blockNumber": 5480345,
	"contractAddress": null,
	"cumulativeGasUsed": 7402984,
	"gasUsed": 51653,
	"logs": [
		{
			"address": "0x7e9e431a0B8c4D532C745B1043c7FA29a48D4fBa",
			"blockHash": "0xaea0bfae2ebb8bdc0158f7220e805674257f7acf34a40e3a91beb19794b79412",
			"blockNumber": 5480345,
			"data": "0x000000000000000000000000000000000000000000000010383146494e8c8000",
			"logIndex": 114,
			"topics": [
				"0xddf252ad1be2c89b69c2b068fc378daa952ba7f163c4a11628f55a4df523b3ef",
				"0x000000000000000000000000468b858c964f297fd8fce058032bf4b4911a8ad8",
				"0x0000000000000000000000005ed443a2f9e1933bcb56b286fc2663d3ce0120c5"
			],
			"transactionHash": "0x9fba5fff4525a277408669aa36df6a5e46fa8199877f73b8ee181e5cfa3bac4a",
			"transactionIndex": 109,
			"transactionLogIndex": "0x0",
			"type": "mined",
			"id": "log_66c00aff"
		}
	],
	"logsBloom": "0x00000000000000000000000000020000000000000000000000000000000000000000001000000000000000000000000000000000000000000000000000000000000000000000010000000008000000000000000000000000000000000020000000100000000000000000000000000000000000000000000000000010000000000000000000000000000000000000000000000000000000000000000000000000000000000000000080000000000000000000000000000000000000010000000000001002000000000000000000000000000000000000000000000000000000000000000000000000000000000000000000080000000000000000000000000000",
	"root": null,
	"status": "0x1",
	"transactionHash": "0x9fba5fff4525a277408669aa36df6a5e46fa8199877f73b8ee181e5cfa3bac4a",
	"transactionIndex": 109
}
[2018-04-21T15:04:45.177] [DEBUG] trans - TO:   0xa1d8544befc353815f029626067889d773762c12
[2018-04-21T15:04:45.177] [DEBUG] trans - AMOUNT:   299150000000000000000
[2018-04-21T15:04:45.177] [DEBUG] trans - Receipt info:  {
	"blockHash": "0x910511385fa77fd9347f89a78cd09cf29e340c49ae86ddb1542a3a50fdca4c9a",
	"blockNumber": 5480348,
	"contractAddress": null,
	"cumulativeGasUsed": 3967661,
	"gasUsed": 51589,
	"logs": [
		{
			"address": "0x7e9e431a0B8c4D532C745B1043c7FA29a48D4fBa",
			"blockHash": "0x910511385fa77fd9347f89a78cd09cf29e340c49ae86ddb1542a3a50fdca4c9a",
			"blockNumber": 5480348,
			"data": "0x000000000000000000000000000000000000000000000010378a4c090e1b0000",
			"logIndex": 44,
			"topics": [
				"0xddf252ad1be2c89b69c2b068fc378daa952ba7f163c4a11628f55a4df523b3ef",
				"0x000000000000000000000000468b858c964f297fd8fce058032bf4b4911a8ad8",
				"0x000000000000000000000000a1d8544befc353815f029626067889d773762c12"
			],
			"transactionHash": "0xe3fb731b1603ea17c3f9e82d7b21c0edbecd83ec35365625038676407b9a1e5c",
			"transactionIndex": 84,
			"transactionLogIndex": "0x0",
			"type": "mined",
			"id": "log_bb2cbaca"
		}
	],
	"logsBloom": "0x00000000000000000000000000020000000000000000000000000001000000000000000000000000000000000000000000000000000000000000000000000000000000000000010000000008000000000000000000000000000000000020000000000000000000000000000000000000000000000000000000000010000000000000000000000000000000000000000000000000000000000000000000000000000000008000000080000000000000080000000000000000000000010000000000001002000000000000000000000000000000000000000000000000000000000000000000000000000000000000000000000000000000000000000000000000",
	"root": null,
	"status": "0x1",
	"transactionHash": "0xe3fb731b1603ea17c3f9e82d7b21c0edbecd83ec35365625038676407b9a1e5c",
	"transactionIndex": 84
}
[2018-04-21T15:04:48.180] [DEBUG] trans - TO:   0x00c65b160c233f90c9a57e59b42c8ae9c0a041f7
[2018-04-21T15:04:48.180] [DEBUG] trans - AMOUNT:   299142000000000000000
[2018-04-21T15:04:48.180] [DEBUG] trans - Receipt info:  {
	"blockHash": "0x8bb0b31022ae1a25a3d81bdb8a01f835ed1753cdf89a44721ff100622f3dd1cd",
	"blockNumber": 5480349,
	"contractAddress": null,
	"cumulativeGasUsed": 541233,
	"gasUsed": 51525,
	"logs": [
		{
			"address": "0x7e9e431a0B8c4D532C745B1043c7FA29a48D4fBa",
			"blockHash": "0x8bb0b31022ae1a25a3d81bdb8a01f835ed1753cdf89a44721ff100622f3dd1cd",
			"blockNumber": 5480349,
			"data": "0x000000000000000000000000000000000000000000000010376de013e7e70000",
			"logIndex": 6,
			"topics": [
				"0xddf252ad1be2c89b69c2b068fc378daa952ba7f163c4a11628f55a4df523b3ef",
				"0x000000000000000000000000468b858c964f297fd8fce058032bf4b4911a8ad8",
				"0x00000000000000000000000000c65b160c233f90c9a57e59b42c8ae9c0a041f7"
			],
			"transactionHash": "0x1f65694e52e086cae0e83098927a438f20532dba3966070b7873b13d94fe955c",
			"transactionIndex": 18,
			"transactionLogIndex": "0x0",
			"type": "mined",
			"id": "log_6ebf6e95"
		}
	],
	"logsBloom": "0x00000002000000000000000000020000000000000000000000000000000000000000000000000000000000000000000000000000000000000000000000000000000000000000010000000008000080000000000000000000000000000020000000000000000000000000010000000000000000000000000000000010000000000000000000000000000000000000000000000000000000000000000000000000000000000000000080000000000000000000000000000000000000010000000000001002000000000000000000000000000000000000000000000000000000000000000000000000000000000000000000000000000000000000000000000000",
	"root": null,
	"status": "0x1",
	"transactionHash": "0x1f65694e52e086cae0e83098927a438f20532dba3966070b7873b13d94fe955c",
	"transactionIndex": 18
}
[2018-04-21T15:04:54.189] [DEBUG] trans - TO:   0x9b754c6a6033f86a336333c410e9e50238ac19aa
[2018-04-21T15:04:54.189] [DEBUG] trans - AMOUNT:   299132900000000000000
[2018-04-21T15:04:54.189] [DEBUG] trans - Receipt info:  {
	"blockHash": "0x7fe40edb099e9dced1e0c222be71a75dfa38eee3c58999557636a549d7639f33",
	"blockNumber": 5480350,
	"contractAddress": null,
	"cumulativeGasUsed": 1153409,
	"gasUsed": 51653,
	"logs": [
		{
			"address": "0x7e9e431a0B8c4D532C745B1043c7FA29a48D4fBa",
			"blockHash": "0x7fe40edb099e9dced1e0c222be71a75dfa38eee3c58999557636a549d7639f33",
			"blockNumber": 5480350,
			"data": "0x000000000000000000000000000000000000000000000010374d8bad0c724000",
			"logIndex": 17,
			"topics": [
				"0xddf252ad1be2c89b69c2b068fc378daa952ba7f163c4a11628f55a4df523b3ef",
				"0x000000000000000000000000468b858c964f297fd8fce058032bf4b4911a8ad8",
				"0x0000000000000000000000009b754c6a6033f86a336333c410e9e50238ac19aa"
			],
			"transactionHash": "0x89fd1fc89dd73487d609881a1331962e034c21c74a78cee271e2ba0acaa729e2",
			"transactionIndex": 34,
			"transactionLogIndex": "0x0",
			"type": "mined",
			"id": "log_c81530e9"
		}
	],
	"logsBloom": "0x00000000000000000000000000020000000000000000000000000000000000000000100000000000000000000000000000000000000000000000000000000000000000000000010000000008000000000000000000000000000000000020000000000000000000000000000000000000000000000000000000000010000000000000000000000000000000000000000000000000000000000000000000000000000000000000000080000000000000000000000000000000000000010000000000001002000000000000000000000000000000000004000000000000080000000000000000000000000000000000000000000000000000000000000000000000",
	"root": null,
	"status": "0x1",
	"transactionHash": "0x89fd1fc89dd73487d609881a1331962e034c21c74a78cee271e2ba0acaa729e2",
	"transactionIndex": 34
}
[2018-04-21T15:04:54.190] [DEBUG] trans - TO:   0x02d222ec572f27a3ec3122c4fffa4e38aa3e6ed1
[2018-04-21T15:04:54.190] [DEBUG] trans - AMOUNT:   299125600000000000000
[2018-04-21T15:04:54.190] [DEBUG] trans - Receipt info:  {
	"blockHash": "0x7fe40edb099e9dced1e0c222be71a75dfa38eee3c58999557636a549d7639f33",
	"blockNumber": 5480350,
	"contractAddress": null,
	"cumulativeGasUsed": 1256587,
	"gasUsed": 51589,
	"logs": [
		{
			"address": "0x7e9e431a0B8c4D532C745B1043c7FA29a48D4fBa",
			"blockHash": "0x7fe40edb099e9dced1e0c222be71a75dfa38eee3c58999557636a549d7639f33",
			"blockNumber": 5480350,
			"data": "0x00000000000000000000000000000000000000000000001037339c5d59960000",
			"logIndex": 19,
			"topics": [
				"0xddf252ad1be2c89b69c2b068fc378daa952ba7f163c4a11628f55a4df523b3ef",
				"0x000000000000000000000000468b858c964f297fd8fce058032bf4b4911a8ad8",
				"0x00000000000000000000000002d222ec572f27a3ec3122c4fffa4e38aa3e6ed1"
			],
			"transactionHash": "0x2f120624c07c8ecb1588acf0c717bd0d1f5e77463a3048c2f4a33f44fbfad930",
			"transactionIndex": 36,
			"transactionLogIndex": "0x0",
			"type": "mined",
			"id": "log_7b68c44b"
		}
	],
	"logsBloom": "0x00000000000000000000000000020000000000000000000000000000000000000010000000000000000000000000000000000000000000000000000000400000000000000000010000000008000000000000000000000000000000000020000000000000000000000000000000000000000000000000000000000010000000000000000000000000000000000000000000000000000000000000000000000000000000000000000080000000000000000000000000000000000000010000000000001022000000000000000000000000000000000000000000000000000000000000000000000000000000000000000000000000000000000000000000000000",
	"root": null,
	"status": "0x1",
	"transactionHash": "0x2f120624c07c8ecb1588acf0c717bd0d1f5e77463a3048c2f4a33f44fbfad930",
	"transactionIndex": 36
}
[2018-04-21T15:04:54.190] [DEBUG] trans - TO:   0x2d7d1f524682115d3d684b2795e2e38bd359bc7d
[2018-04-21T15:04:54.190] [DEBUG] trans - AMOUNT:   299131600000000000000
[2018-04-21T15:04:54.190] [DEBUG] trans - Receipt info:  {
	"blockHash": "0x7fe40edb099e9dced1e0c222be71a75dfa38eee3c58999557636a549d7639f33",
	"blockNumber": 5480350,
	"contractAddress": null,
	"cumulativeGasUsed": 1204998,
	"gasUsed": 51589,
	"logs": [
		{
			"address": "0x7e9e431a0B8c4D532C745B1043c7FA29a48D4fBa",
			"blockHash": "0x7fe40edb099e9dced1e0c222be71a75dfa38eee3c58999557636a549d7639f33",
			"blockNumber": 5480350,
			"data": "0x0000000000000000000000000000000000000000000000103748ed55363d0000",
			"logIndex": 18,
			"topics": [
				"0xddf252ad1be2c89b69c2b068fc378daa952ba7f163c4a11628f55a4df523b3ef",
				"0x000000000000000000000000468b858c964f297fd8fce058032bf4b4911a8ad8",
				"0x0000000000000000000000002d7d1f524682115d3d684b2795e2e38bd359bc7d"
			],
			"transactionHash": "0x90115bd98cb7536ddedea96f4109b6cb71449a08149ad79e343271012996b429",
			"transactionIndex": 35,
			"transactionLogIndex": "0x0",
			"type": "mined",
			"id": "log_d832a973"
		}
	],
	"logsBloom": "0x00000000000000000000000000020000000000000000000000000000000000000000000000000000000000000000000000000000000000000000000000000000000000000000010000000008000000000000000000000000000000000020000000000000080000000000000000000000000000000000000000001010000000000000000000000000000000000000000000000000000000000000000000000000000000000000000080000000000000000000000000000000040000010000000000001002000000000000000000000000000000000000000000000000000000000000000000000000000000000000000000000000000000000000000000000000",
	"root": null,
	"status": "0x1",
	"transactionHash": "0x90115bd98cb7536ddedea96f4109b6cb71449a08149ad79e343271012996b429",
	"transactionIndex": 35
}
[2018-04-21T15:04:54.190] [DEBUG] trans - TO:   0x413a4c352974efea342121014a995289566f5073
[2018-04-21T15:04:54.190] [DEBUG] trans - AMOUNT:   299122600000000000000
[2018-04-21T15:04:54.191] [DEBUG] trans - Receipt info:  {
	"blockHash": "0x7fe40edb099e9dced1e0c222be71a75dfa38eee3c58999557636a549d7639f33",
	"blockNumber": 5480350,
	"contractAddress": null,
	"cumulativeGasUsed": 1359829,
	"gasUsed": 51653,
	"logs": [
		{
			"address": "0x7e9e431a0B8c4D532C745B1043c7FA29a48D4fBa",
			"blockHash": "0x7fe40edb099e9dced1e0c222be71a75dfa38eee3c58999557636a549d7639f33",
			"blockNumber": 5480350,
			"data": "0x0000000000000000000000000000000000000000000000103728f3e16b428000",
			"logIndex": 21,
			"topics": [
				"0xddf252ad1be2c89b69c2b068fc378daa952ba7f163c4a11628f55a4df523b3ef",
				"0x000000000000000000000000468b858c964f297fd8fce058032bf4b4911a8ad8",
				"0x000000000000000000000000413a4c352974efea342121014a995289566f5073"
			],
			"transactionHash": "0x0a53c59f927b3b1b17b8d0eefc03b3d9a59de67965dbc98df6c022e7df614fff",
			"transactionIndex": 38,
			"transactionLogIndex": "0x0",
			"type": "mined",
			"id": "log_7c122639"
		}
	],
	"logsBloom": "0x00000000000000000000000000020000000000000000000000000000000000000000000000002000000000000000000000000002000000000000000000000000000000000000010000000008000000000000000000000000000000000020040000000000000000000000000000000000000000000000000000000010000000000000000000000000000000000000000000000000000000000000000000000000000000000000000080000000000000000000000000000000000000010000000000001002000000000000000000000000000000000000000000000000000000000000000000000000000000000000000000000000000000000000000000000000",
	"root": null,
	"status": "0x1",
	"transactionHash": "0x0a53c59f927b3b1b17b8d0eefc03b3d9a59de67965dbc98df6c022e7df614fff",
	"transactionIndex": 38
}
[2018-04-21T15:04:54.191] [DEBUG] trans - TO:   0xf708fbf57a0caec10996204c291e979febce97d9
[2018-04-21T15:04:54.191] [DEBUG] trans - AMOUNT:   299125600000000000000
[2018-04-21T15:04:54.191] [DEBUG] trans - Receipt info:  {
	"blockHash": "0x7fe40edb099e9dced1e0c222be71a75dfa38eee3c58999557636a549d7639f33",
	"blockNumber": 5480350,
	"contractAddress": null,
	"cumulativeGasUsed": 1308176,
	"gasUsed": 51589,
	"logs": [
		{
			"address": "0x7e9e431a0B8c4D532C745B1043c7FA29a48D4fBa",
			"blockHash": "0x7fe40edb099e9dced1e0c222be71a75dfa38eee3c58999557636a549d7639f33",
			"blockNumber": 5480350,
			"data": "0x00000000000000000000000000000000000000000000001037339c5d59960000",
			"logIndex": 20,
			"topics": [
				"0xddf252ad1be2c89b69c2b068fc378daa952ba7f163c4a11628f55a4df523b3ef",
				"0x000000000000000000000000468b858c964f297fd8fce058032bf4b4911a8ad8",
				"0x000000000000000000000000f708fbf57a0caec10996204c291e979febce97d9"
			],
			"transactionHash": "0x7c9c5cc9fd165682614f812d61cb9fd1369ef3795f13b99a0ff9d02cd482a387",
			"transactionIndex": 37,
			"transactionLogIndex": "0x0",
			"type": "mined",
			"id": "log_cfc59618"
		}
	],
	"logsBloom": "0x00000000000000000000000000020000000000000000000000000000000000000000000000000000000000000000000000000000000000000000000000000000000000000000010000000008000010000000000000000000000000000020000000000000000000010000000000000000000000000000000000000010000000000000000000000040000000000000000000000000000000000000000000000000000000000000000080000000000000000000000000000000000000010000000000001002000000000000000000000000000000000000000000000000000000000000000000000000000000000000000000000000000000000000000000000000",
	"root": null,
	"status": "0x1",
	"transactionHash": "0x7c9c5cc9fd165682614f812d61cb9fd1369ef3795f13b99a0ff9d02cd482a387",
	"transactionIndex": 37
}
[2018-04-21T15:04:54.191] [DEBUG] trans - TO:   0x5930a0ed170c5920621d07769d956a53f6f14fb9
[2018-04-21T15:04:54.191] [DEBUG] trans - AMOUNT:   299104800000000000000
[2018-04-21T15:04:54.192] [DEBUG] trans - Receipt info:  {
	"blockHash": "0x7fe40edb099e9dced1e0c222be71a75dfa38eee3c58999557636a549d7639f33",
	"blockNumber": 5480350,
	"contractAddress": null,
	"cumulativeGasUsed": 1463007,
	"gasUsed": 51589,
	"logs": [
		{
			"address": "0x7e9e431a0B8c4D532C745B1043c7FA29a48D4fBa",
			"blockHash": "0x7fe40edb099e9dced1e0c222be71a75dfa38eee3c58999557636a549d7639f33",
			"blockNumber": 5480350,
			"data": "0x00000000000000000000000000000000000000000000001036e9b6dff6420000",
			"logIndex": 23,
			"topics": [
				"0xddf252ad1be2c89b69c2b068fc378daa952ba7f163c4a11628f55a4df523b3ef",
				"0x000000000000000000000000468b858c964f297fd8fce058032bf4b4911a8ad8",
				"0x0000000000000000000000005930a0ed170c5920621d07769d956a53f6f14fb9"
			],
			"transactionHash": "0x1ebd6332169a549b05364d79b633b147dd4d05cc1243cb15d336c69a5b2783cc",
			"transactionIndex": 40,
			"transactionLogIndex": "0x0",
			"type": "mined",
			"id": "log_fe72f62a"
		}
	],
	"logsBloom": "0x00000000000000000000000000020000000008000000000000000000000000000000000000000000000000000000000000000000000000000000000000000000000000000000010000000008000000000000000000000000000000000020000000000000000000000000000000000000000000000000000000000010000000000000000000000000000000000000000000000000000000000000000000000000000000000000000080000000000000000000000000000000000000010000000000001002000000000000000000000000000200000000000000000000000000000000000000000000000000000000000000000000000000000010000000000000",
	"root": null,
	"status": "0x1",
	"transactionHash": "0x1ebd6332169a549b05364d79b633b147dd4d05cc1243cb15d336c69a5b2783cc",
	"transactionIndex": 40
}
[2018-04-21T15:04:54.192] [DEBUG] trans - TO:   0xea90cd59e26ba73488e08c59b36a81898d365137
[2018-04-21T15:04:54.192] [DEBUG] trans - AMOUNT:   299102000000000000000
[2018-04-21T15:04:54.192] [DEBUG] trans - Receipt info:  {
	"blockHash": "0x7fe40edb099e9dced1e0c222be71a75dfa38eee3c58999557636a549d7639f33",
	"blockNumber": 5480350,
	"contractAddress": null,
	"cumulativeGasUsed": 1514596,
	"gasUsed": 51589,
	"logs": [
		{
			"address": "0x7e9e431a0B8c4D532C745B1043c7FA29a48D4fBa",
			"blockHash": "0x7fe40edb099e9dced1e0c222be71a75dfa38eee3c58999557636a549d7639f33",
			"blockNumber": 5480350,
			"data": "0x00000000000000000000000000000000000000000000001036dfc44a28e30000",
			"logIndex": 24,
			"topics": [
				"0xddf252ad1be2c89b69c2b068fc378daa952ba7f163c4a11628f55a4df523b3ef",
				"0x000000000000000000000000468b858c964f297fd8fce058032bf4b4911a8ad8",
				"0x000000000000000000000000ea90cd59e26ba73488e08c59b36a81898d365137"
			],
			"transactionHash": "0x01dd6da82e404b5e3e5931cdb6591844a460b8bd665bfe721f28462e07ad947d",
			"transactionIndex": 41,
			"transactionLogIndex": "0x0",
			"type": "mined",
			"id": "log_f715caa9"
		}
	],
	"logsBloom": "0x00000000004000000000000000020000000000000000000000000000000000000000000000000000000000000000000000000000000000000000000000000000000000000000010000000008000000000000000000000000000000000020000000000000000000000000000000000000000000000000000000000010000000000000000000000000000000000000000000000000000000000000000000000000000000000000000080000000000000000000000000000000000000010000000000001002000200000000000000000000000000000000000000000000000000000000000000000000000000000000000000000000000000000000000000001000",
	"root": null,
	"status": "0x1",
	"transactionHash": "0x01dd6da82e404b5e3e5931cdb6591844a460b8bd665bfe721f28462e07ad947d",
	"transactionIndex": 41
}
[2018-04-21T15:04:54.193] [DEBUG] trans - TO:   0x8c9cb03fc8533f45faa755438965372bc1b5354d
[2018-04-21T15:04:54.193] [DEBUG] trans - AMOUNT:   299114800000000000000
[2018-04-21T15:04:54.193] [DEBUG] trans - Receipt info:  {
	"blockHash": "0x7fe40edb099e9dced1e0c222be71a75dfa38eee3c58999557636a549d7639f33",
	"blockNumber": 5480350,
	"contractAddress": null,
	"cumulativeGasUsed": 1411418,
	"gasUsed": 51589,
	"logs": [
		{
			"address": "0x7e9e431a0B8c4D532C745B1043c7FA29a48D4fBa",
			"blockHash": "0x7fe40edb099e9dced1e0c222be71a75dfa38eee3c58999557636a549d7639f33",
			"blockNumber": 5480350,
			"data": "0x000000000000000000000000000000000000000000000010370d3dd266030000",
			"logIndex": 22,
			"topics": [
				"0xddf252ad1be2c89b69c2b068fc378daa952ba7f163c4a11628f55a4df523b3ef",
				"0x000000000000000000000000468b858c964f297fd8fce058032bf4b4911a8ad8",
				"0x0000000000000000000000008c9cb03fc8533f45faa755438965372bc1b5354d"
			],
			"transactionHash": "0xc9fb33cde2c7b75cb9a1817f85c34703b4b87857016eef40c78aaacf9d9adf44",
			"transactionIndex": 39,
			"transactionLogIndex": "0x0",
			"type": "mined",
			"id": "log_d2cda778"
		}
	],
	"logsBloom": "0x00000000000000000000000000020000000000000000000000000000000000000000000000000000000000000000000000000000000000000000000000000000000000000000010000004008000000000000000000000000000000000020000000000000000000000000000080000000000000000000000000000010000000000000000000000000000000000000000000000000000000000000000000000000000000000000000080000000000000000000000000000000000000010000000000001002000000000000000000000000000000000000000000000000000000000000000000000000000000000000000000000000000000000000001000000000",
	"root": null,
	"status": "0x1",
	"transactionHash": "0xc9fb33cde2c7b75cb9a1817f85c34703b4b87857016eef40c78aaacf9d9adf44",
	"transactionIndex": 39
}
[2018-04-21T15:04:54.193] [DEBUG] trans - TO:   0x03d40bd70f0e7ab31267be252dcbdb077ad65055
[2018-04-21T15:04:54.193] [DEBUG] trans - AMOUNT:   299100000000000000000
[2018-04-21T15:04:54.193] [DEBUG] trans - Receipt info:  {
	"blockHash": "0x7fe40edb099e9dced1e0c222be71a75dfa38eee3c58999557636a549d7639f33",
	"blockNumber": 5480350,
	"contractAddress": null,
	"cumulativeGasUsed": 1566185,
	"gasUsed": 51589,
	"logs": [
		{
			"address": "0x7e9e431a0B8c4D532C745B1043c7FA29a48D4fBa",
			"blockHash": "0x7fe40edb099e9dced1e0c222be71a75dfa38eee3c58999557636a549d7639f33",
			"blockNumber": 5480350,
			"data": "0x00000000000000000000000000000000000000000000001036d8a94cdf560000",
			"logIndex": 25,
			"topics": [
				"0xddf252ad1be2c89b69c2b068fc378daa952ba7f163c4a11628f55a4df523b3ef",
				"0x000000000000000000000000468b858c964f297fd8fce058032bf4b4911a8ad8",
				"0x00000000000000000000000003d40bd70f0e7ab31267be252dcbdb077ad65055"
			],
			"transactionHash": "0x8d86f8e67ba1c9940593e0879a9b560a789945c285c1916da141a28df0866c43",
			"transactionIndex": 42,
			"transactionLogIndex": "0x0",
			"type": "mined",
			"id": "log_ff204325"
		}
	],
	"logsBloom": "0x00000000000000000000000000120000000000000000000000000000000000000000000000000000000000000000000000000000000000000001000000000000000000000000010000000008000000000000000000000000000000000020000000000000000000000000000000000000000000000000000000000010000000000000000000000000000000000000000000000000000000000000000000000000000000000000000080000000000000000000000000000000000000010000000000001002000000000000000000000000000000000000000000000000000000000000000000000000000000000000000000000000800000000000000000000000",
	"root": null,
	"status": "0x1",
	"transactionHash": "0x8d86f8e67ba1c9940593e0879a9b560a789945c285c1916da141a28df0866c43",
	"transactionIndex": 42
}
[2018-04-21T15:04:54.193] [DEBUG] trans - TO:   0x2f9076e8479a5cedc53d0a4c924ce5d3d402af72
[2018-04-21T15:04:54.193] [DEBUG] trans - AMOUNT:   299100000000000000000
[2018-04-21T15:04:54.193] [DEBUG] trans - Receipt info:  {
	"blockHash": "0x7fe40edb099e9dced1e0c222be71a75dfa38eee3c58999557636a549d7639f33",
	"blockNumber": 5480350,
	"contractAddress": null,
	"cumulativeGasUsed": 1617774,
	"gasUsed": 51589,
	"logs": [
		{
			"address": "0x7e9e431a0B8c4D532C745B1043c7FA29a48D4fBa",
			"blockHash": "0x7fe40edb099e9dced1e0c222be71a75dfa38eee3c58999557636a549d7639f33",
			"blockNumber": 5480350,
			"data": "0x00000000000000000000000000000000000000000000001036d8a94cdf560000",
			"logIndex": 26,
			"topics": [
				"0xddf252ad1be2c89b69c2b068fc378daa952ba7f163c4a11628f55a4df523b3ef",
				"0x000000000000000000000000468b858c964f297fd8fce058032bf4b4911a8ad8",
				"0x0000000000000000000000002f9076e8479a5cedc53d0a4c924ce5d3d402af72"
			],
			"transactionHash": "0x26408fa720eab4eaf62f3615742ec483a824fe90fc20a93511979748993f1f33",
			"transactionIndex": 43,
			"transactionLogIndex": "0x0",
			"type": "mined",
			"id": "log_859d82d6"
		}
	],
	"logsBloom": "0x00000000000000000000000000020000000000000000000000000000000000000000000000000000000000000000000000000000000000000000000000000000000000000000010000000008000000000000000000000000000000000020000000000000000000000008000000000000000000000000000000000010000000000000000000000000000000000000000000000000000000001000000000000000000000000000000080000000000000000000000000000000000000010000000000001002000000040000000000000000000000000000000000000000000000000000000000000000000000000000000000000000000000000000000000000000",
	"root": null,
	"status": "0x1",
	"transactionHash": "0x26408fa720eab4eaf62f3615742ec483a824fe90fc20a93511979748993f1f33",
	"transactionIndex": 43
}
