[2018-04-19T23:31:20.120] [DEBUG] trans - TO:   0xf9c8c6895a2dd75a97977d402418cc8fd4a9ad10
[2018-04-19T23:31:20.121] [DEBUG] trans - AMOUNT:   202752900000000000000
[2018-04-19T23:31:20.121] [DEBUG] trans - Receipt info:  {
	"blockHash": "0x174c8e0664912f5a8fd94124b0be7aab39d2b1be2207e536c1faf50ec484f175",
	"blockNumber": 5470835,
	"contractAddress": null,
	"cumulativeGasUsed": 1288281,
	"gasUsed": 51589,
	"logs": [
		{
			"address": "0x7e9e431a0B8c4D532C745B1043c7FA29a48D4fBa",
			"blockHash": "0x174c8e0664912f5a8fd94124b0be7aab39d2b1be2207e536c1faf50ec484f175",
			"blockNumber": 5470835,
			"data": "0x00000000000000000000000000000000000000000000000afdc30051b04c4000",
			"logIndex": 20,
			"topics": [
				"0xddf252ad1be2c89b69c2b068fc378daa952ba7f163c4a11628f55a4df523b3ef",
				"0x000000000000000000000000468b858c964f297fd8fce058032bf4b4911a8ad8",
				"0x000000000000000000000000f9c8c6895a2dd75a97977d402418cc8fd4a9ad10"
			],
			"transactionHash": "0x340171e8346b95c1a620efb5266515e9afbccf1aad9bcfd81345ff38b3bba0a6",
			"transactionIndex": 34,
			"transactionLogIndex": "0x0",
			"type": "mined",
			"id": "log_6f89c90d"
		}
	],
	"logsBloom": "0x00000000000000000000000000020000000000000000000000000000000000000200000000000000000000000000000000000000000000000000000000000000000000000000010000800008000000000000000000000000000000000020000000000000000000000000000000000000000004000000000000000010000000000000000000000000000000000000000000000000000000000000000000000000000000000000000080000000000000000000000000000000000000010000000000001002000000000000000000000000000000000000000000000000000000000000000000000000000000000000000000000000000000000000000000000000",
	"root": null,
	"status": "0x1",
	"transactionHash": "0x340171e8346b95c1a620efb5266515e9afbccf1aad9bcfd81345ff38b3bba0a6",
	"transactionIndex": 34
}
[2018-04-19T23:32:05.188] [DEBUG] trans - TO:   0x5c90a5ae45b6ba82834dada8971af82e871d7e69
[2018-04-19T23:32:05.188] [DEBUG] trans - AMOUNT:   202751700000000000000
[2018-04-19T23:32:05.188] [DEBUG] trans - Receipt info:  {
	"blockHash": "0xeed68837c1a5f9c23c29cbb237ca7b0e7333e338653253d3ec8515f14346c51e",
	"blockNumber": 5470837,
	"contractAddress": null,
	"cumulativeGasUsed": 3645139,
	"gasUsed": 51653,
	"logs": [
		{
			"address": "0x7e9e431a0B8c4D532C745B1043c7FA29a48D4fBa",
			"blockHash": "0xeed68837c1a5f9c23c29cbb237ca7b0e7333e338653253d3ec8515f14346c51e",
			"blockNumber": 5470837,
			"data": "0x00000000000000000000000000000000000000000000000afdbebcecea914000",
			"logIndex": 28,
			"topics": [
				"0xddf252ad1be2c89b69c2b068fc378daa952ba7f163c4a11628f55a4df523b3ef",
				"0x000000000000000000000000468b858c964f297fd8fce058032bf4b4911a8ad8",
				"0x0000000000000000000000005c90a5ae45b6ba82834dada8971af82e871d7e69"
			],
			"transactionHash": "0xb2c90f890c637643a7a11280ca4819435c3ad3c96d460d60b2334b70dbd3d7b4",
			"transactionIndex": 120,
			"transactionLogIndex": "0x0",
			"type": "mined",
			"id": "log_b30db9cc"
		}
	],
	"logsBloom": "0x00000000000000000000000000020000000000000000000000000000000000000000000000000000000000000000000000000000000000000000000000000000000000000000010000100008000000000000000000000000000000000020000000000000000000000000000000000000000000000000000000000010000000000000000000002000000000000000000000000000000000000000000000000000000000000000000080000000000000000000000000000000000000010000000000001002000000000000000000000000000000000000000000000000000000000000000000000000000000000000000000000000000000000000000000010000",
	"root": null,
	"status": "0x1",
	"transactionHash": "0xb2c90f890c637643a7a11280ca4819435c3ad3c96d460d60b2334b70dbd3d7b4",
	"transactionIndex": 120
}
[2018-04-19T23:32:05.190] [DEBUG] trans - TO:   0x06beb24aaafadb9b8c0103bd2ca667f6062e85bf
[2018-04-19T23:32:05.191] [DEBUG] trans - AMOUNT:   202750800000000000000
[2018-04-19T23:32:05.191] [DEBUG] trans - Receipt info:  {
	"blockHash": "0xeed68837c1a5f9c23c29cbb237ca7b0e7333e338653253d3ec8515f14346c51e",
	"blockNumber": 5470837,
	"contractAddress": null,
	"cumulativeGasUsed": 5593476,
	"gasUsed": 51589,
	"logs": [
		{
			"address": "0x7e9e431a0B8c4D532C745B1043c7FA29a48D4fBa",
			"blockHash": "0xeed68837c1a5f9c23c29cbb237ca7b0e7333e338653253d3ec8515f14346c51e",
			"blockNumber": 5470837,
			"data": "0x00000000000000000000000000000000000000000000000afdbb8a6156450000",
			"logIndex": 63,
			"topics": [
				"0xddf252ad1be2c89b69c2b068fc378daa952ba7f163c4a11628f55a4df523b3ef",
				"0x000000000000000000000000468b858c964f297fd8fce058032bf4b4911a8ad8",
				"0x00000000000000000000000006beb24aaafadb9b8c0103bd2ca667f6062e85bf"
			],
			"transactionHash": "0x19d62c7a2ed6a0a333b969ca22c2a588e7dcdd92973b60c1cfa8b75f068dcfcd",
			"transactionIndex": 167,
			"transactionLogIndex": "0x0",
			"type": "mined",
			"id": "log_e5c68ffe"
		}
	],
	"logsBloom": "0x00000000000000000000000000020000001000000000000000000000000000000000000000000000000000000000000000000000000000000000000000000000000000000000010000000008000000000000000000000000000000000020000000000000000000000000000000000000000000000000000000000010000000000000000000000000000000000000000000000000000000000000000800010000000000000000000080000000000000000000000000000000000000010000000000001002000000000000000000000000000000000000000000000000000000000000000000000000000000000000000000000000000000000000000000000000",
	"root": null,
	"status": "0x1",
	"transactionHash": "0x19d62c7a2ed6a0a333b969ca22c2a588e7dcdd92973b60c1cfa8b75f068dcfcd",
	"transactionIndex": 167
}
[2018-04-19T23:32:05.191] [DEBUG] trans - TO:   0x9e77d927ade1ff41750df688d7b9083a2a0794bd
[2018-04-19T23:32:05.191] [DEBUG] trans - AMOUNT:   202749600000000000000
[2018-04-19T23:32:05.191] [DEBUG] trans - Receipt info:  {
	"blockHash": "0xeed68837c1a5f9c23c29cbb237ca7b0e7333e338653253d3ec8515f14346c51e",
	"blockNumber": 5470837,
	"contractAddress": null,
	"cumulativeGasUsed": 6390649,
	"gasUsed": 51589,
	"logs": [
		{
			"address": "0x7e9e431a0B8c4D532C745B1043c7FA29a48D4fBa",
			"blockHash": "0xeed68837c1a5f9c23c29cbb237ca7b0e7333e338653253d3ec8515f14346c51e",
			"blockNumber": 5470837,
			"data": "0x00000000000000000000000000000000000000000000000afdb746fc908a0000",
			"logIndex": 74,
			"topics": [
				"0xddf252ad1be2c89b69c2b068fc378daa952ba7f163c4a11628f55a4df523b3ef",
				"0x000000000000000000000000468b858c964f297fd8fce058032bf4b4911a8ad8",
				"0x0000000000000000000000009e77d927ade1ff41750df688d7b9083a2a0794bd"
			],
			"transactionHash": "0xdbb1ebfe0326c5193c92d1e15486c063b7294fe6ff6537aaf698dc8b5b50f082",
			"transactionIndex": 181,
			"transactionLogIndex": "0x0",
			"type": "mined",
			"id": "log_29524ccc"
		}
	],
	"logsBloom": "0x00000000000000000000000000020000000000000000000000000000000000000000000000000000000000000000000000000000000000000000000000400000000000000000010000000008000000000000000000000000000000000020000000000000000000000000010002000000000000000000000000000010000000000000000000000000000000000000000000000000000000000000000000000000000000000000000080000000000000000000000000000000000000010000000000001002000000000000000000000000000000000000000000000000000000000000000000000000000000000000000000000000000000000000000000000000",
	"root": null,
	"status": "0x1",
	"transactionHash": "0xdbb1ebfe0326c5193c92d1e15486c063b7294fe6ff6537aaf698dc8b5b50f082",
	"transactionIndex": 181
}
[2018-04-19T23:32:05.192] [DEBUG] trans - TO:   0xe3822ed091bcca25ee2e09a5a0df752bb1bc03ab
[2018-04-19T23:32:05.192] [DEBUG] trans - AMOUNT:   202713400000000000000
[2018-04-19T23:32:05.192] [DEBUG] trans - Receipt info:  {
	"blockHash": "0xeed68837c1a5f9c23c29cbb237ca7b0e7333e338653253d3ec8515f14346c51e",
	"blockNumber": 5470837,
	"contractAddress": null,
	"cumulativeGasUsed": 7594327,
	"gasUsed": 51653,
	"logs": [
		{
			"address": "0x7e9e431a0B8c4D532C745B1043c7FA29a48D4fBa",
			"blockHash": "0xeed68837c1a5f9c23c29cbb237ca7b0e7333e338653253d3ec8515f14346c51e",
			"blockNumber": 5470837,
			"data": "0x00000000000000000000000000000000000000000000000afd36ab4743ab8000",
			"logIndex": 90,
			"topics": [
				"0xddf252ad1be2c89b69c2b068fc378daa952ba7f163c4a11628f55a4df523b3ef",
				"0x000000000000000000000000468b858c964f297fd8fce058032bf4b4911a8ad8",
				"0x000000000000000000000000e3822ed091bcca25ee2e09a5a0df752bb1bc03ab"
			],
			"transactionHash": "0x5fca51b63baff77b9dc71914858d73e0c4b7d2148083e88353565b844bf71308",
			"transactionIndex": 203,
			"transactionLogIndex": "0x0",
			"type": "mined",
			"id": "log_d5bc8545"
		}
	],
	"logsBloom": "0x00000000000000000000000000020000000000000000000000000000000000000000000000000000000000000000000000000000000000000000002000000000000000000000010000000008000000000000000000000000000000000020000000000000000000000000000000000000000000000000000000000010000000000000000000000000000000000000000000000000000000000000000000000000000000000000000080000000000000000000000000000000080000010000000000001002000000000000000000000000000000000000020000000000000000000000000000000000000000000000000000000000000000000000000000000000",
	"root": null,
	"status": "0x1",
	"transactionHash": "0x5fca51b63baff77b9dc71914858d73e0c4b7d2148083e88353565b844bf71308",
	"transactionIndex": 203
}
[2018-04-19T23:32:05.194] [DEBUG] trans - TO:   0xc2b9f4050feffc21fe6655b877c025380c07340c
[2018-04-19T23:32:05.194] [DEBUG] trans - AMOUNT:   202725000000000000000
[2018-04-19T23:32:05.194] [DEBUG] trans - Receipt info:  {
	"blockHash": "0xeed68837c1a5f9c23c29cbb237ca7b0e7333e338653253d3ec8515f14346c51e",
	"blockNumber": 5470837,
	"contractAddress": null,
	"cumulativeGasUsed": 7018905,
	"gasUsed": 51653,
	"logs": [
		{
			"address": "0x7e9e431a0B8c4D532C745B1043c7FA29a48D4fBa",
			"blockHash": "0xeed68837c1a5f9c23c29cbb237ca7b0e7333e338653253d3ec8515f14346c51e",
			"blockNumber": 5470837,
			"data": "0x00000000000000000000000000000000000000000000000afd5fe16abb108000",
			"logIndex": 83,
			"topics": [
				"0xddf252ad1be2c89b69c2b068fc378daa952ba7f163c4a11628f55a4df523b3ef",
				"0x000000000000000000000000468b858c964f297fd8fce058032bf4b4911a8ad8",
				"0x000000000000000000000000c2b9f4050feffc21fe6655b877c025380c07340c"
			],
			"transactionHash": "0x0455f07db983fd63bce3a14c2bb7871215aa1ca2ed549a40a122b602a0965b8d",
			"transactionIndex": 193,
			"transactionLogIndex": "0x0",
			"type": "mined",
			"id": "log_e0c63e56"
		}
	],
	"logsBloom": "0x00000000000000000000000000020000000000000000000400000000000000000000000000000000000000000000000000000000000000000000000000000000000000000000010000000008000000000000000000000000000000000020000000000000000000000000000000000000000000000000000000000010000000000000000000000000000000000000000000000000000000000000000000000000000000000000000080000000000000000000000000000000000000010000000000001002000000000000000000000000000000000000000000000000000000000000000000000000000000000000000000000000000000010000000000020000",
	"root": null,
	"status": "0x1",
	"transactionHash": "0x0455f07db983fd63bce3a14c2bb7871215aa1ca2ed549a40a122b602a0965b8d",
	"transactionIndex": 193
}
[2018-04-19T23:32:18.203] [DEBUG] trans - TO:   0x1826444d0342cacb7890bb99bfdc90524890306a
[2018-04-19T23:32:18.204] [DEBUG] trans - AMOUNT:   202695000000000000000
[2018-04-19T23:32:18.204] [DEBUG] trans - Receipt info:  {
	"blockHash": "0x67b0350ffa42c2207d8edf6cf7e74a78e8d80b7066e148d4a2f40d95bc406bb4",
	"blockNumber": 5470838,
	"contractAddress": null,
	"cumulativeGasUsed": 233532,
	"gasUsed": 51653,
	"logs": [
		{
			"address": "0x7e9e431a0B8c4D532C745B1043c7FA29a48D4fBa",
			"blockHash": "0x67b0350ffa42c2207d8edf6cf7e74a78e8d80b7066e148d4a2f40d95bc406bb4",
			"blockNumber": 5470838,
			"data": "0x00000000000000000000000000000000000000000000000afcf54c936bcd8000",
			"logIndex": 2,
			"topics": [
				"0xddf252ad1be2c89b69c2b068fc378daa952ba7f163c4a11628f55a4df523b3ef",
				"0x000000000000000000000000468b858c964f297fd8fce058032bf4b4911a8ad8",
				"0x0000000000000000000000001826444d0342cacb7890bb99bfdc90524890306a"
			],
			"transactionHash": "0x6f406d90e7c7e8b4daf2138814153be02a5d3247de1eb7ee096aa4d61a962a11",
			"transactionIndex": 2,
			"transactionLogIndex": "0x0",
			"type": "mined",
			"id": "log_c87a2b6c"
		}
	],
	"logsBloom": "0x00000000000000000010000000020000000000000000000000000000000000000000000000000000000000000000000000000000000000000000000000000000000000000000010000000008000000000000000000000000000000000020000000000002000000000000000000000000000000000000000000000010000000000000000000000000000000000000000000000000000000000000000000000000000000000000000080000000000000000000000000000000000000010000000000001002000000000000000000000000000000000000000000000020000000000000000000000000000000000000000000000000000000000000000000000000",
	"root": null,
	"status": "0x1",
	"transactionHash": "0x6f406d90e7c7e8b4daf2138814153be02a5d3247de1eb7ee096aa4d61a962a11",
	"transactionIndex": 2
}
[2018-04-19T23:32:18.205] [DEBUG] trans - TO:   0x24741218e4ab0cf1ad4452cc1b6cf3eb1a34492d
[2018-04-19T23:32:18.205] [DEBUG] trans - AMOUNT:   202691600000000000000
[2018-04-19T23:32:18.205] [DEBUG] trans - Receipt info:  {
	"blockHash": "0x67b0350ffa42c2207d8edf6cf7e74a78e8d80b7066e148d4a2f40d95bc406bb4",
	"blockNumber": 5470838,
	"contractAddress": null,
	"cumulativeGasUsed": 5944265,
	"gasUsed": 51589,
	"logs": [
		{
			"address": "0x7e9e431a0B8c4D532C745B1043c7FA29a48D4fBa",
			"blockHash": "0x67b0350ffa42c2207d8edf6cf7e74a78e8d80b7066e148d4a2f40d95bc406bb4",
			"blockNumber": 5470838,
			"data": "0x00000000000000000000000000000000000000000000000afce9384b3b910000",
			"logIndex": 71,
			"topics": [
				"0xddf252ad1be2c89b69c2b068fc378daa952ba7f163c4a11628f55a4df523b3ef",
				"0x000000000000000000000000468b858c964f297fd8fce058032bf4b4911a8ad8",
				"0x00000000000000000000000024741218e4ab0cf1ad4452cc1b6cf3eb1a34492d"
			],
			"transactionHash": "0x858562a8b5d474a1f600f2d9018e7c29d818414c7b85f982d7a658959f7ad6af",
			"transactionIndex": 73,
			"transactionLogIndex": "0x0",
			"type": "mined",
			"id": "log_ab4835a4"
		}
	],
	"logsBloom": "0x00000000000000000000000000020000000000000000000000000000000000000000040000000000000000000000000000000000000000000000000000000000000000000000010000000008000000000000000000000000000000000020000000000000000000000000000000000000000000000000400000000010000000000000000000000000000000000000000000000000000000000000000000000000000000000000000080000000000000000000000000001000000000010000000000001002000000000000000000000000000000000000000000000000000000000000000000000000000000000000000000000000000000000000000000000000",
	"root": null,
	"status": "0x1",
	"transactionHash": "0x858562a8b5d474a1f600f2d9018e7c29d818414c7b85f982d7a658959f7ad6af",
	"transactionIndex": 73
}
[2018-04-19T23:32:18.206] [DEBUG] trans - TO:   0x1b89487a94fb17479b58021b7f53c69a3c3118d8
[2018-04-19T23:32:18.206] [DEBUG] trans - AMOUNT:   202686400000000000000
[2018-04-19T23:32:18.206] [DEBUG] trans - Receipt info:  {
	"blockHash": "0x67b0350ffa42c2207d8edf6cf7e74a78e8d80b7066e148d4a2f40d95bc406bb4",
	"blockNumber": 5470838,
	"contractAddress": null,
	"cumulativeGasUsed": 7650546,
	"gasUsed": 51589,
	"logs": [
		{
			"address": "0x7e9e431a0B8c4D532C745B1043c7FA29a48D4fBa",
			"blockHash": "0x67b0350ffa42c2207d8edf6cf7e74a78e8d80b7066e148d4a2f40d95bc406bb4",
			"blockNumber": 5470838,
			"data": "0x00000000000000000000000000000000000000000000000afcd6beebe2bc0000",
			"logIndex": 85,
			"topics": [
				"0xddf252ad1be2c89b69c2b068fc378daa952ba7f163c4a11628f55a4df523b3ef",
				"0x000000000000000000000000468b858c964f297fd8fce058032bf4b4911a8ad8",
				"0x0000000000000000000000001b89487a94fb17479b58021b7f53c69a3c3118d8"
			],
			"transactionHash": "0x0ff9729387d80292944b1b2ed4b0c1c9f9c7a38d9d9705e415e41be6dbb770b5",
			"transactionIndex": 95,
			"transactionLogIndex": "0x0",
			"type": "mined",
			"id": "log_8d54393b"
		}
	],
	"logsBloom": "0x00000000000000000200000000020000000000000000000000000000000002000000000000000000000000000000000000000000000000000000000000000000000000000000010000000008000000000000000000000000000000000020000000000000000000000000000000000000000000000000000000000010000000000000000000000000000000000000000000000000000000000000000000000000000000000000000080000000000000000000000000000000000000010000000200001002000000000000000000000000000000000000000000000000000000000000000000000000000000000000000000000000000000000000000000000000",
	"root": null,
	"status": "0x1",
	"transactionHash": "0x0ff9729387d80292944b1b2ed4b0c1c9f9c7a38d9d9705e415e41be6dbb770b5",
	"transactionIndex": 95
}
[2018-04-19T23:33:01.261] [DEBUG] trans - TO:   0x66377b8ef6b03cb7212608aae4b7573823366be0
[2018-04-19T23:33:01.261] [DEBUG] trans - AMOUNT:   202686200000000000000
[2018-04-19T23:33:01.261] [DEBUG] trans - Receipt info:  {
	"blockHash": "0x13f287bca4ba32538c3dd7c7be5297139772604c6adc6c330d6cc0547640f52f",
	"blockNumber": 5470839,
	"contractAddress": null,
	"cumulativeGasUsed": 924512,
	"gasUsed": 51653,
	"logs": [
		{
			"address": "0x7e9e431a0B8c4D532C745B1043c7FA29a48D4fBa",
			"blockHash": "0x13f287bca4ba32538c3dd7c7be5297139772604c6adc6c330d6cc0547640f52f",
			"blockNumber": 5470839,
			"data": "0x00000000000000000000000000000000000000000000000afcd60905c1c78000",
			"logIndex": 10,
			"topics": [
				"0xddf252ad1be2c89b69c2b068fc378daa952ba7f163c4a11628f55a4df523b3ef",
				"0x000000000000000000000000468b858c964f297fd8fce058032bf4b4911a8ad8",
				"0x00000000000000000000000066377b8ef6b03cb7212608aae4b7573823366be0"
			],
			"transactionHash": "0x38a14ebf99c2780bde8ac7927605a8c69a0ac4d6a93d4f80f9a67c0815e989a9",
			"transactionIndex": 26,
			"transactionLogIndex": "0x0",
			"type": "mined",
			"id": "log_da03ad70"
		}
	],
	"logsBloom": "0x00004000000000000000000000020000000000000000000000000000000000000000000000000000000000000000000000000000000000000000000000000000000000000000010000000008000000000000000000000000000000000020000000000000000000000000000000000000000000000000000000000010000000000000000000000000000000000000000000000000000000000000000000000000000000000000000080000000000000000000000000000000000000010000000000001002000000000000000000000000000000000000000000000000000000000000000000000004000000100000000000000000000000000000000000000000",
	"root": null,
	"status": "0x1",
	"transactionHash": "0x38a14ebf99c2780bde8ac7927605a8c69a0ac4d6a93d4f80f9a67c0815e989a9",
	"transactionIndex": 26
}
[2018-04-19T23:33:01.261] [DEBUG] trans - TO:   0x643709e2c08b620361d1b6b5550246114f6b66a5
[2018-04-19T23:33:01.262] [DEBUG] trans - AMOUNT:   202679500000000000000
[2018-04-19T23:33:01.262] [DEBUG] trans - Receipt info:  {
	"blockHash": "0x13f287bca4ba32538c3dd7c7be5297139772604c6adc6c330d6cc0547640f52f",
	"blockNumber": 5470839,
	"contractAddress": null,
	"cumulativeGasUsed": 5787451,
	"gasUsed": 51653,
	"logs": [
		{
			"address": "0x7e9e431a0B8c4D532C745B1043c7FA29a48D4fBa",
			"blockHash": "0x13f287bca4ba32538c3dd7c7be5297139772604c6adc6c330d6cc0547640f52f",
			"blockNumber": 5470839,
			"data": "0x00000000000000000000000000000000000000000000000afcbe3b6871c8c000",
			"logIndex": 54,
			"topics": [
				"0xddf252ad1be2c89b69c2b068fc378daa952ba7f163c4a11628f55a4df523b3ef",
				"0x000000000000000000000000468b858c964f297fd8fce058032bf4b4911a8ad8",
				"0x000000000000000000000000643709e2c08b620361d1b6b5550246114f6b66a5"
			],
			"transactionHash": "0x6b7ff1c742ab84486662c56bfb98a08a86fbc17278d5b8782a7d7909e05d01b9",
			"transactionIndex": 74,
			"transactionLogIndex": "0x0",
			"type": "mined",
			"id": "log_94acfe7d"
		}
	],
	"logsBloom": "0x00000000000000000000000000020000000000000000000000000000000000000000000000000000000000000000000000000000000000000000000000000000000000000000010000000008000000000000000000000000000000000020000000000000000000000000000000000000000000000000000000000010000000000000000000000000020000000000000000000000000000004000000000000000000000000000000080000000000000000000000000000000000000010000000000001002000000008000000000000000000000000000000000000000000000000000000000000000000000000000000000000000000000000000000000000000",
	"root": null,
	"status": "0x1",
	"transactionHash": "0x6b7ff1c742ab84486662c56bfb98a08a86fbc17278d5b8782a7d7909e05d01b9",
	"transactionIndex": 74
}
[2018-04-19T23:33:14.281] [DEBUG] trans - TO:   0x97a619cb1e31dcfde342c99a204d211bdb257585
[2018-04-19T23:33:14.281] [DEBUG] trans - AMOUNT:   202676000000000000000
[2018-04-19T23:33:14.281] [DEBUG] trans - Receipt info:  {
	"blockHash": "0x30d791ab45a3394b394c0dae6103e64ee12e355e858d179eccaa8ab61541bfd4",
	"blockNumber": 5470840,
	"contractAddress": null,
	"cumulativeGasUsed": 3615819,
	"gasUsed": 51589,
	"logs": [
		{
			"address": "0x7e9e431a0B8c4D532C745B1043c7FA29a48D4fBa",
			"blockHash": "0x30d791ab45a3394b394c0dae6103e64ee12e355e858d179eccaa8ab61541bfd4",
			"blockNumber": 5470840,
			"data": "0x00000000000000000000000000000000000000000000000afcb1cc2d31120000",
			"logIndex": 52,
			"topics": [
				"0xddf252ad1be2c89b69c2b068fc378daa952ba7f163c4a11628f55a4df523b3ef",
				"0x000000000000000000000000468b858c964f297fd8fce058032bf4b4911a8ad8",
				"0x00000000000000000000000097a619cb1e31dcfde342c99a204d211bdb257585"
			],
			"transactionHash": "0xa07ac91cfebb8c57a3b703d315a924bc1c5e7493aa1cfdab42fe1d6385dbbb50",
			"transactionIndex": 89,
			"transactionLogIndex": "0x0",
			"type": "mined",
			"id": "log_a87b35e9"
		}
	],
	"logsBloom": "0x00000000000000040000000000020000000000000000000000000000000000000000000000000000000000000000200000000000000000000000000000000000000000000000010000000008000000000000000000000000000000000020000000000000000000000000000000000000000000000000000000000010000000000000000000000000000000000000000000000000020000000000000000000000000000000000000080000000000000000000000000000000000000010000000000001002000000000000000000000000000000000000000000000000000000000000000000000000000000000000000000000000000000000000000000000000",
	"root": null,
	"status": "0x1",
	"transactionHash": "0xa07ac91cfebb8c57a3b703d315a924bc1c5e7493aa1cfdab42fe1d6385dbbb50",
	"transactionIndex": 89
}
[2018-04-19T23:33:14.282] [DEBUG] trans - TO:   0x28521b605a22b00c35190ce5e41646a42b56bbab
[2018-04-19T23:33:14.282] [DEBUG] trans - AMOUNT:   202648600000000000000
[2018-04-19T23:33:14.283] [DEBUG] trans - Receipt info:  {
	"blockHash": "0x30d791ab45a3394b394c0dae6103e64ee12e355e858d179eccaa8ab61541bfd4",
	"blockNumber": 5470840,
	"contractAddress": null,
	"cumulativeGasUsed": 7550938,
	"gasUsed": 51653,
	"logs": [
		{
			"address": "0x7e9e431a0B8c4D532C745B1043c7FA29a48D4fBa",
			"blockHash": "0x30d791ab45a3394b394c0dae6103e64ee12e355e858d179eccaa8ab61541bfd4",
			"blockNumber": 5470840,
			"data": "0x00000000000000000000000000000000000000000000000afc5074058e398000",
			"logIndex": 132,
			"topics": [
				"0xddf252ad1be2c89b69c2b068fc378daa952ba7f163c4a11628f55a4df523b3ef",
				"0x000000000000000000000000468b858c964f297fd8fce058032bf4b4911a8ad8",
				"0x00000000000000000000000028521b605a22b00c35190ce5e41646a42b56bbab"
			],
			"transactionHash": "0x5660e57604f3ca69bc97b3e76734d7224675606738bc5328bffe977b0d2ac72b",
			"transactionIndex": 149,
			"transactionLogIndex": "0x0",
			"type": "mined",
			"id": "log_09525004"
		}
	],
	"logsBloom": "0x00000000000000000000000000020000000000000000000000000000000000000000000000000000000000000000000000000000000000000000000000000000000000000000010000000008000000000000000000000000000000000020000000000000000000000000000000000000000000000000000000000010000000000000000000000000000000000000000000000000000000000000000000000000000000000000000080000000000000000000000000000000000000010000000000001002000000000000000000000000008000000000000000000000000000000080010000000000000000000000000000000000000000000000000000000000",
	"root": null,
	"status": "0x1",
	"transactionHash": "0x5660e57604f3ca69bc97b3e76734d7224675606738bc5328bffe977b0d2ac72b",
	"transactionIndex": 149
}
[2018-04-19T23:33:28.297] [DEBUG] trans - TO:   0x8dd155a8a1eb820820b013fd9f73182a28177573
[2018-04-19T23:33:28.297] [DEBUG] trans - AMOUNT:   202642600000000000000
[2018-04-19T23:33:28.297] [DEBUG] trans - Receipt info:  {
	"blockHash": "0xa3c5f6c94869544376cdd7534a7a9eb4c37e4fef0701e6d3212a5f9b5351e4dd",
	"blockNumber": 5470841,
	"contractAddress": null,
	"cumulativeGasUsed": 348473,
	"gasUsed": 51653,
	"logs": [
		{
			"address": "0x7e9e431a0B8c4D532C745B1043c7FA29a48D4fBa",
			"blockHash": "0xa3c5f6c94869544376cdd7534a7a9eb4c37e4fef0701e6d3212a5f9b5351e4dd",
			"blockNumber": 5470841,
			"data": "0x00000000000000000000000000000000000000000000000afc3b230db1928000",
			"logIndex": 3,
			"topics": [
				"0xddf252ad1be2c89b69c2b068fc378daa952ba7f163c4a11628f55a4df523b3ef",
				"0x000000000000000000000000468b858c964f297fd8fce058032bf4b4911a8ad8",
				"0x0000000000000000000000008dd155a8a1eb820820b013fd9f73182a28177573"
			],
			"transactionHash": "0x2352da049e389b29a335c11c5766ecd370e0bde54cf7437282759200723d4be4",
			"transactionIndex": 11,
			"transactionLogIndex": "0x0",
			"type": "mined",
			"id": "log_6804d8ac"
		}
	],
	"logsBloom": "0x00000000000000000000000000020040000000000000000000000000000000000000000000000000000000000000000000000000000000000000000000000000000000000000010000000008000000000000000000000000000000000020000000000000000000200000000000000000000000000000000000000010000000000000000000000000100000000000000000000000000000000000000000000000000000000000000080000000000000000000000000000000000000010000000000001002000000000000000000000000000000000000000000000000000000000000000000000000000000000000000000000000000000000000000000000000",
	"root": null,
	"status": "0x1",
	"transactionHash": "0x2352da049e389b29a335c11c5766ecd370e0bde54cf7437282759200723d4be4",
	"transactionIndex": 11
}
[2018-04-19T23:33:28.300] [DEBUG] trans - TO:   0x92ddb96e03ddfc45f34f38c10efb55109160ba36
[2018-04-19T23:33:28.300] [DEBUG] trans - AMOUNT:   202631800000000000000
[2018-04-19T23:33:28.300] [DEBUG] trans - Receipt info:  {
	"blockHash": "0xa3c5f6c94869544376cdd7534a7a9eb4c37e4fef0701e6d3212a5f9b5351e4dd",
	"blockNumber": 5470841,
	"contractAddress": null,
	"cumulativeGasUsed": 3797802,
	"gasUsed": 51653,
	"logs": [
		{
			"address": "0x7e9e431a0B8c4D532C745B1043c7FA29a48D4fBa",
			"blockHash": "0xa3c5f6c94869544376cdd7534a7a9eb4c37e4fef0701e6d3212a5f9b5351e4dd",
			"blockNumber": 5470841,
			"data": "0x00000000000000000000000000000000000000000000000afc14c482bdff8000",
			"logIndex": 70,
			"topics": [
				"0xddf252ad1be2c89b69c2b068fc378daa952ba7f163c4a11628f55a4df523b3ef",
				"0x000000000000000000000000468b858c964f297fd8fce058032bf4b4911a8ad8",
				"0x00000000000000000000000092ddb96e03ddfc45f34f38c10efb55109160ba36"
			],
			"transactionHash": "0x40b2efb32eb7e505fc69974dd29ed667bc4353fa8feac3c0c38f6a3896547a25",
			"transactionIndex": 73,
			"transactionLogIndex": "0x0",
			"type": "mined",
			"id": "log_b78138cb"
		}
	],
	"logsBloom": "0x00000000000000000000000000020000000000000000000000000200000000000000000000000000000000000000000000000000080000000000000000000000000000000000010000000008000000000000000000000000000000000020000000000000000000000000000000000000000000000000000000000010000000000000000000000000000000000000000000000000000000000000000000000000000000000000000080000000800000000000000000000000000000010000000000001002000000000000000000000000000000000000000000000000000000000000000000000000000000000000000000000000000000000000000000000000",
	"root": null,
	"status": "0x1",
	"transactionHash": "0x40b2efb32eb7e505fc69974dd29ed667bc4353fa8feac3c0c38f6a3896547a25",
	"transactionIndex": 73
}
[2018-04-19T23:33:28.300] [DEBUG] trans - TO:   0x4cb6cc8bf3bcb8adb775e49852e8daa1fcde7cf8
[2018-04-19T23:33:28.300] [DEBUG] trans - AMOUNT:   202630000000000000000
[2018-04-19T23:33:28.300] [DEBUG] trans - Receipt info:  {
	"blockHash": "0xa3c5f6c94869544376cdd7534a7a9eb4c37e4fef0701e6d3212a5f9b5351e4dd",
	"blockNumber": 5470841,
	"contractAddress": null,
	"cumulativeGasUsed": 4314005,
	"gasUsed": 51589,
	"logs": [
		{
			"address": "0x7e9e431a0B8c4D532C745B1043c7FA29a48D4fBa",
			"blockHash": "0xa3c5f6c94869544376cdd7534a7a9eb4c37e4fef0701e6d3212a5f9b5351e4dd",
			"blockNumber": 5470841,
			"data": "0x00000000000000000000000000000000000000000000000afc0e5f6b95670000",
			"logIndex": 78,
			"topics": [
				"0xddf252ad1be2c89b69c2b068fc378daa952ba7f163c4a11628f55a4df523b3ef",
				"0x000000000000000000000000468b858c964f297fd8fce058032bf4b4911a8ad8",
				"0x0000000000000000000000004cb6cc8bf3bcb8adb775e49852e8daa1fcde7cf8"
			],
			"transactionHash": "0xd90de02e508a5aa5a8c1d8a6192e7d679dfc780077c59cbcf130c6869521caa5",
			"transactionIndex": 83,
			"transactionLogIndex": "0x0",
			"type": "mined",
			"id": "log_653d9e84"
		}
	],
	"logsBloom": "0x00000000000000000000000000020000000000000000000000000000000000000000000000000000000000000000000000000000000000000000000000000000000000000000010000000008000000000000000000000000000000000020020000000000000000000000000000000000000000000000000000000010000000000000000000000000000000000000000000000000000000000000000000000004000000000000000080000000000000000000000000010000000000010000000000001002000000000000000000000000000000000000000000000000000000000000000000000000000000000000000000000000000000000000000000000000",
	"root": null,
	"status": "0x1",
	"transactionHash": "0xd90de02e508a5aa5a8c1d8a6192e7d679dfc780077c59cbcf130c6869521caa5",
	"transactionIndex": 83
}
[2018-04-19T23:33:28.301] [DEBUG] trans - TO:   0xa652f0cb436bb9e3c71b6887f75a73db53bfb0a8
[2018-04-19T23:33:28.301] [DEBUG] trans - AMOUNT:   202628600000000000000
[2018-04-19T23:33:28.301] [DEBUG] trans - Receipt info:  {
	"blockHash": "0xa3c5f6c94869544376cdd7534a7a9eb4c37e4fef0701e6d3212a5f9b5351e4dd",
	"blockNumber": 5470841,
	"contractAddress": null,
	"cumulativeGasUsed": 4767208,
	"gasUsed": 51653,
	"logs": [
		{
			"address": "0x7e9e431a0B8c4D532C745B1043c7FA29a48D4fBa",
			"blockHash": "0xa3c5f6c94869544376cdd7534a7a9eb4c37e4fef0701e6d3212a5f9b5351e4dd",
			"blockNumber": 5470841,
			"data": "0x00000000000000000000000000000000000000000000000afc096620aeb78000",
			"logIndex": 86,
			"topics": [
				"0xddf252ad1be2c89b69c2b068fc378daa952ba7f163c4a11628f55a4df523b3ef",
				"0x000000000000000000000000468b858c964f297fd8fce058032bf4b4911a8ad8",
				"0x000000000000000000000000a652f0cb436bb9e3c71b6887f75a73db53bfb0a8"
			],
			"transactionHash": "0xb22d7a063bcccf42c63b0a69096c62da9b6f6dadc367ee7168a165edf20e2483",
			"transactionIndex": 90,
			"transactionLogIndex": "0x0",
			"type": "mined",
			"id": "log_4fe41545"
		}
	],
	"logsBloom": "0x00000000000000000000000000420000000000000000000000000000000000000000000000000000000000000000000000000000000000000000000000000000000000000000010000000008000000000000000000000000000000000020000000000000000000000000000000000000000000000000000000000010000000000000000000000000000000000000000000000000000000000000000000000000000000000000000080000000000000000000000000000000000000010000000000001002000000000000000000000000000000000000000000000800000000040000000000000000000000000000000000000000000000000000000000000000",
	"root": null,
	"status": "0x1",
	"transactionHash": "0xb22d7a063bcccf42c63b0a69096c62da9b6f6dadc367ee7168a165edf20e2483",
	"transactionIndex": 90
}
[2018-04-19T23:33:28.302] [DEBUG] trans - TO:   0x6e82b9fd676c7136b9e8cc3b5fff1053c286d9b6
[2018-04-19T23:33:28.302] [DEBUG] trans - AMOUNT:   202618800000000000000
[2018-04-19T23:33:28.302] [DEBUG] trans - Receipt info:  {
	"blockHash": "0xa3c5f6c94869544376cdd7534a7a9eb4c37e4fef0701e6d3212a5f9b5351e4dd",
	"blockNumber": 5470841,
	"contractAddress": null,
	"cumulativeGasUsed": 5771246,
	"gasUsed": 51589,
	"logs": [
		{
			"address": "0x7e9e431a0B8c4D532C745B1043c7FA29a48D4fBa",
			"blockHash": "0xa3c5f6c94869544376cdd7534a7a9eb4c37e4fef0701e6d3212a5f9b5351e4dd",
			"blockNumber": 5470841,
			"data": "0x00000000000000000000000000000000000000000000000afbe695145feb0000",
			"logIndex": 102,
			"topics": [
				"0xddf252ad1be2c89b69c2b068fc378daa952ba7f163c4a11628f55a4df523b3ef",
				"0x000000000000000000000000468b858c964f297fd8fce058032bf4b4911a8ad8",
				"0x0000000000000000000000006e82b9fd676c7136b9e8cc3b5fff1053c286d9b6"
			],
			"transactionHash": "0x9d3c2405b0765e8c149e6a0084ea456315028a7e6b297ab14047ef60dae03f57",
			"transactionIndex": 103,
			"transactionLogIndex": "0x0",
			"type": "mined",
			"id": "log_e38351b4"
		}
	],
	"logsBloom": "0x40000000000000000000000000020000000000000000000000000000000000000000000000000000000000000000000000000000000000000000000000000000000000000000010000000008000000000000000000000000000004000020000000000000000000000000000000000000000000000000000000000010000000000000000000000000000000000000000000000000000000000000000000000000000000000000000080000000000000000000000000000000000000010000000000001002000000000000000000000000000000000000000000000000000000000000000000000000000000000000000000000000000000000000400000000000",
	"root": null,
	"status": "0x1",
	"transactionHash": "0x9d3c2405b0765e8c149e6a0084ea456315028a7e6b297ab14047ef60dae03f57",
	"transactionIndex": 103
}
[2018-04-19T23:33:28.302] [DEBUG] trans - TO:   0x090e5466e2afd037b4f83bbdf04e534776c41bee
[2018-04-19T23:33:28.302] [DEBUG] trans - AMOUNT:   202625200000000000000
[2018-04-19T23:33:28.302] [DEBUG] trans - Receipt info:  {
	"blockHash": "0xa3c5f6c94869544376cdd7534a7a9eb4c37e4fef0701e6d3212a5f9b5351e4dd",
	"blockNumber": 5470841,
	"contractAddress": null,
	"cumulativeGasUsed": 5539479,
	"gasUsed": 51589,
	"logs": [
		{
			"address": "0x7e9e431a0B8c4D532C745B1043c7FA29a48D4fBa",
			"blockHash": "0xa3c5f6c94869544376cdd7534a7a9eb4c37e4fef0701e6d3212a5f9b5351e4dd",
			"blockNumber": 5470841,
			"data": "0x00000000000000000000000000000000000000000000000afbfd51d87e7b0000",
			"logIndex": 96,
			"topics": [
				"0xddf252ad1be2c89b69c2b068fc378daa952ba7f163c4a11628f55a4df523b3ef",
				"0x000000000000000000000000468b858c964f297fd8fce058032bf4b4911a8ad8",
				"0x000000000000000000000000090e5466e2afd037b4f83bbdf04e534776c41bee"
			],
			"transactionHash": "0xe4f4dabdb449337b67fac4c07cfdc7782974083554545291fbaec8df386d822f",
			"transactionIndex": 97,
			"transactionLogIndex": "0x0",
			"type": "mined",
			"id": "log_4b035ee5"
		}
	],
	"logsBloom": "0x00000000000000000000000000120000000000000000000000000000000000000000000000000000000000000000000000000000000000000000000000000000000000020000010000000008000000000000000000000000000000000020200000000000000000000000000000000000000000000000000000000010000000000000000000000000000000000000000000000000000000000000000000000000000000000000000080000000000000000000000000000000000000010000000000001002000000000000000000000000000000000000000000000000000000000000000000000000000000000000000000000000000000000000000000000000",
	"root": null,
	"status": "0x1",
	"transactionHash": "0xe4f4dabdb449337b67fac4c07cfdc7782974083554545291fbaec8df386d822f",
	"transactionIndex": 97
}
[2018-04-19T23:33:28.303] [DEBUG] trans - TO:   0xf794587ee50c8c7fc9bda35374cb1a28935b4176
[2018-04-19T23:33:28.303] [DEBUG] trans - AMOUNT:   202632200000000000000
[2018-04-19T23:33:28.303] [DEBUG] trans - Receipt info:  {
	"blockHash": "0xa3c5f6c94869544376cdd7534a7a9eb4c37e4fef0701e6d3212a5f9b5351e4dd",
	"blockNumber": 5470841,
	"contractAddress": null,
	"cumulativeGasUsed": 3275343,
	"gasUsed": 51653,
	"logs": [
		{
			"address": "0x7e9e431a0B8c4D532C745B1043c7FA29a48D4fBa",
			"blockHash": "0xa3c5f6c94869544376cdd7534a7a9eb4c37e4fef0701e6d3212a5f9b5351e4dd",
			"blockNumber": 5470841,
			"data": "0x00000000000000000000000000000000000000000000000afc16304effe88000",
			"logIndex": 62,
			"topics": [
				"0xddf252ad1be2c89b69c2b068fc378daa952ba7f163c4a11628f55a4df523b3ef",
				"0x000000000000000000000000468b858c964f297fd8fce058032bf4b4911a8ad8",
				"0x000000000000000000000000f794587ee50c8c7fc9bda35374cb1a28935b4176"
			],
			"transactionHash": "0x9ea67897d542d3380766e2fba35cfb70daaf18f6b50283c52cd2af3fb24f3f7d",
			"transactionIndex": 62,
			"transactionLogIndex": "0x0",
			"type": "mined",
			"id": "log_7ecaab94"
		}
	],
	"logsBloom": "0x00000000000000000000000000020000000000000000000000800000000000000000000000000000000000000000000000000000000000000000000000000000000000000000010400000008000000000000000000000000000000000022000000000000000000000000000000000000000000000000000000000010000000000000000000000000000000000000000000000000000000000000000000000000000000000000000080000000000000000000000000000000000000010000000000001002000000000000000000000000000000000000000000000000000000000000000000000000000000000000000000000000000000000000000000000000",
	"root": null,
	"status": "0x1",
	"transactionHash": "0x9ea67897d542d3380766e2fba35cfb70daaf18f6b50283c52cd2af3fb24f3f7d",
	"transactionIndex": 62
}
[2018-04-19T23:33:28.304] [DEBUG] trans - TO:   0x70c488738e8cd3d13964224f712fda5f574ccb5d
[2018-04-19T23:33:28.304] [DEBUG] trans - AMOUNT:   202602800000000000000
[2018-04-19T23:33:28.304] [DEBUG] trans - Receipt info:  {
	"blockHash": "0xa3c5f6c94869544376cdd7534a7a9eb4c37e4fef0701e6d3212a5f9b5351e4dd",
	"blockNumber": 5470841,
	"contractAddress": null,
	"cumulativeGasUsed": 6234844,
	"gasUsed": 51589,
	"logs": [
		{
			"address": "0x7e9e431a0B8c4D532C745B1043c7FA29a48D4fBa",
			"blockHash": "0xa3c5f6c94869544376cdd7534a7a9eb4c37e4fef0701e6d3212a5f9b5351e4dd",
			"blockNumber": 5470841,
			"data": "0x00000000000000000000000000000000000000000000000afbadbd2a13830000",
			"logIndex": 114,
			"topics": [
				"0xddf252ad1be2c89b69c2b068fc378daa952ba7f163c4a11628f55a4df523b3ef",
				"0x000000000000000000000000468b858c964f297fd8fce058032bf4b4911a8ad8",
				"0x00000000000000000000000070c488738e8cd3d13964224f712fda5f574ccb5d"
			],
			"transactionHash": "0xabdc040b5f094a0e689c168d2749a67efd3aa111df7f0d9a2366f204b597cad9",
			"transactionIndex": 115,
			"transactionLogIndex": "0x0",
			"type": "mined",
			"id": "log_cfa54374"
		}
	],
	"logsBloom": "0x00000000000000000000000000020000000000000000000000000000000000000000000000000000000000000000000000200000000000000000000000000000000000000000010000000008000000000000000000000000000000000020000000000000000002000000000000000000000000000000000000000010000000008000000000000000000000000000000000000000000000000000000000000000000000000000000080000000000000000000000000000000000000010000000000001002000000000000000000000000000000000000000000000000000000000000000000000000000000000000000000000000000000000000000000000000",
	"root": null,
	"status": "0x1",
	"transactionHash": "0xabdc040b5f094a0e689c168d2749a67efd3aa111df7f0d9a2366f204b597cad9",
	"transactionIndex": 115
}
[2018-04-19T23:33:28.305] [DEBUG] trans - TO:   0x1d3c2f6afa752fe76b5e8497ca7375f40acc3962
[2018-04-19T23:33:28.305] [DEBUG] trans - AMOUNT:   202598500000000000000
[2018-04-19T23:33:28.305] [DEBUG] trans - Receipt info:  {
	"blockHash": "0xa3c5f6c94869544376cdd7534a7a9eb4c37e4fef0701e6d3212a5f9b5351e4dd",
	"blockNumber": 5470841,
	"contractAddress": null,
	"cumulativeGasUsed": 6698378,
	"gasUsed": 51653,
	"logs": [
		{
			"address": "0x7e9e431a0B8c4D532C745B1043c7FA29a48D4fBa",
			"blockHash": "0xa3c5f6c94869544376cdd7534a7a9eb4c37e4fef0701e6d3212a5f9b5351e4dd",
			"blockNumber": 5470841,
			"data": "0x00000000000000000000000000000000000000000000000afb9e76564efa4000",
			"logIndex": 126,
			"topics": [
				"0xddf252ad1be2c89b69c2b068fc378daa952ba7f163c4a11628f55a4df523b3ef",
				"0x000000000000000000000000468b858c964f297fd8fce058032bf4b4911a8ad8",
				"0x0000000000000000000000001d3c2f6afa752fe76b5e8497ca7375f40acc3962"
			],
			"transactionHash": "0x35d500ad734bcada201cf7eefdcc3945b9ef3fbe8b1d503ee0f9fdb4aef80e4b",
			"transactionIndex": 127,
			"transactionLogIndex": "0x0",
			"type": "mined",
			"id": "log_cdcc4cf0"
		}
	],
	"logsBloom": "0x00000000000000000000000000020000000000000000000000000000000000000000000000000000000000000000000000000000000000000000000000000000000000000004010000000008000000000000000000000000000000000020000000000000000000000000000000000004000000000000000000000010000000000000000000000000000000000000000000000000000002000000000000000000000000000000000080000000000000000000000000000000000000010000000000001002000000000000000000000000000000000000000000000000000000000000000000000000000000000000000000000000000000000000000000000000",
	"root": null,
	"status": "0x1",
	"transactionHash": "0x35d500ad734bcada201cf7eefdcc3945b9ef3fbe8b1d503ee0f9fdb4aef80e4b",
	"transactionIndex": 127
}
[2018-04-19T23:33:28.305] [DEBUG] trans - TO:   0x3e6e60302f21a4802eb6fc74eae29e1fee4ab2a0
[2018-04-19T23:33:28.305] [DEBUG] trans - AMOUNT:   202598000000000000000
[2018-04-19T23:33:28.305] [DEBUG] trans - Receipt info:  {
	"blockHash": "0xa3c5f6c94869544376cdd7534a7a9eb4c37e4fef0701e6d3212a5f9b5351e4dd",
	"blockNumber": 5470841,
	"contractAddress": null,
	"cumulativeGasUsed": 6930209,
	"gasUsed": 51589,
	"logs": [
		{
			"address": "0x7e9e431a0B8c4D532C745B1043c7FA29a48D4fBa",
			"blockHash": "0xa3c5f6c94869544376cdd7534a7a9eb4c37e4fef0701e6d3212a5f9b5351e4dd",
			"blockNumber": 5470841,
			"data": "0x00000000000000000000000000000000000000000000000afb9caf96fc970000",
			"logIndex": 132,
			"topics": [
				"0xddf252ad1be2c89b69c2b068fc378daa952ba7f163c4a11628f55a4df523b3ef",
				"0x000000000000000000000000468b858c964f297fd8fce058032bf4b4911a8ad8",
				"0x0000000000000000000000003e6e60302f21a4802eb6fc74eae29e1fee4ab2a0"
			],
			"transactionHash": "0x9be70ef22841f8ca10fefa2582cd85a4af9a74715461123b51db9980961160e2",
			"transactionIndex": 133,
			"transactionLogIndex": "0x0",
			"type": "mined",
			"id": "log_190a0f89"
		}
	],
	"logsBloom": "0x00000000000000000000000000020000000000000000000000000000000000000000000000000000000000000000000000000000000000000000000000000000000000000000010000001008000000000000000000000000000000000020000000000000000000000000000000000000000000000000000000000010000000000000000000000000000000000000000000000000000000000000000020000000000000000000000080000000000000000000000000000000000000010000000000001002000000000200000000000000000000000000000000000000000000000000000000000000000000000000000000000000000000000000000000000000",
	"root": null,
	"status": "0x1",
	"transactionHash": "0x9be70ef22841f8ca10fefa2582cd85a4af9a74715461123b51db9980961160e2",
	"transactionIndex": 133
}
[2018-04-19T23:33:28.306] [DEBUG] trans - TO:   0x5bcb1fdb804e0e4eda87017c8a52066a0a00d9db
[2018-04-19T23:33:28.306] [DEBUG] trans - AMOUNT:   202600000000000000000
[2018-04-19T23:33:28.306] [DEBUG] trans - Receipt info:  {
	"blockHash": "0xa3c5f6c94869544376cdd7534a7a9eb4c37e4fef0701e6d3212a5f9b5351e4dd",
	"blockNumber": 5470841,
	"contractAddress": null,
	"cumulativeGasUsed": 6466547,
	"gasUsed": 51525,
	"logs": [
		{
			"address": "0x7e9e431a0B8c4D532C745B1043c7FA29a48D4fBa",
			"blockHash": "0xa3c5f6c94869544376cdd7534a7a9eb4c37e4fef0701e6d3212a5f9b5351e4dd",
			"blockNumber": 5470841,
			"data": "0x00000000000000000000000000000000000000000000000afba3ca9446240000",
			"logIndex": 120,
			"topics": [
				"0xddf252ad1be2c89b69c2b068fc378daa952ba7f163c4a11628f55a4df523b3ef",
				"0x000000000000000000000000468b858c964f297fd8fce058032bf4b4911a8ad8",
				"0x0000000000000000000000005bcb1fdb804e0e4eda87017c8a52066a0a00d9db"
			],
			"transactionHash": "0x7a8503deee6006171dfeedf9b1e6bd88f497630a25477b777c9a08cd8cf9f468",
			"transactionIndex": 121,
			"transactionLogIndex": "0x0",
			"type": "mined",
			"id": "log_8e2ee11b"
		}
	],
	"logsBloom": "0x00000000000000000000000000020000000000000000000000000000000000000000000000000000001000000000000000000000000000000000000000000000000000000000010000000008000000000000000000000000000000000020000000000000000000000000000000000000000000000000000000000010000000000000000000000000000000000000000000000000000000000000000000000000000000000000000081000000000000000000000000000000000000010000000000001002000000000000000000000000000000000000000000000000080000000000000000000000000000000000000000000000000000000000000000000000",
	"root": null,
	"status": "0x1",
	"transactionHash": "0x7a8503deee6006171dfeedf9b1e6bd88f497630a25477b777c9a08cd8cf9f468",
	"transactionIndex": 121
}
[2018-04-19T23:33:28.307] [DEBUG] trans - TO:   0x02aa40c69fed83108b06af4bc2c18f253688520f
[2018-04-19T23:33:28.307] [DEBUG] trans - AMOUNT:   202593600000000000000
[2018-04-19T23:33:28.307] [DEBUG] trans - Receipt info:  {
	"blockHash": "0xa3c5f6c94869544376cdd7534a7a9eb4c37e4fef0701e6d3212a5f9b5351e4dd",
	"blockNumber": 5470841,
	"contractAddress": null,
	"cumulativeGasUsed": 7162040,
	"gasUsed": 51589,
	"logs": [
		{
			"address": "0x7e9e431a0B8c4D532C745B1043c7FA29a48D4fBa",
			"blockHash": "0xa3c5f6c94869544376cdd7534a7a9eb4c37e4fef0701e6d3212a5f9b5351e4dd",
			"blockNumber": 5470841,
			"data": "0x00000000000000000000000000000000000000000000000afb8d0dd027940000",
			"logIndex": 138,
			"topics": [
				"0xddf252ad1be2c89b69c2b068fc378daa952ba7f163c4a11628f55a4df523b3ef",
				"0x000000000000000000000000468b858c964f297fd8fce058032bf4b4911a8ad8",
				"0x00000000000000000000000002aa40c69fed83108b06af4bc2c18f253688520f"
			],
			"transactionHash": "0x5f2bbe81654bd00584388a79d2aaffecc8cc762498f0288c3dc8e92d0d69406c",
			"transactionIndex": 139,
			"transactionLogIndex": "0x0",
			"type": "mined",
			"id": "log_478fd948"
		}
	],
	"logsBloom": "0x00000000000000000000000000020002000000000000000000000000000000000000000000000000000000000000000000000000000000000000000000000000000000000000010000000008000000000000000000080000000000000020000000000000000000000000000000000000000000000000000000000010000000000000000000000000000000000000000000000000000000000000000000000000000000000000000080000000000000000000000000000000000000010000000000001002000000000000000000000000000000000000000000000000000000000000000000000000000000000000000000001000000000000000000000000000",
	"root": null,
	"status": "0x1",
	"transactionHash": "0x5f2bbe81654bd00584388a79d2aaffecc8cc762498f0288c3dc8e92d0d69406c",
	"transactionIndex": 139
}
[2018-04-19T23:33:28.309] [DEBUG] trans - TO:   0xe4f948a9c00fd09376f7105a7e448d47f6bdf620
[2018-04-19T23:33:28.309] [DEBUG] trans - AMOUNT:   202590000000000000000
[2018-04-19T23:33:28.309] [DEBUG] trans - Receipt info:  {
	"blockHash": "0xa3c5f6c94869544376cdd7534a7a9eb4c37e4fef0701e6d3212a5f9b5351e4dd",
	"blockNumber": 5470841,
	"contractAddress": null,
	"cumulativeGasUsed": 7625446,
	"gasUsed": 51589,
	"logs": [
		{
			"address": "0x7e9e431a0B8c4D532C745B1043c7FA29a48D4fBa",
			"blockHash": "0xa3c5f6c94869544376cdd7534a7a9eb4c37e4fef0701e6d3212a5f9b5351e4dd",
			"blockNumber": 5470841,
			"data": "0x00000000000000000000000000000000000000000000000afb8043a1d6630000",
			"logIndex": 150,
			"topics": [
				"0xddf252ad1be2c89b69c2b068fc378daa952ba7f163c4a11628f55a4df523b3ef",
				"0x000000000000000000000000468b858c964f297fd8fce058032bf4b4911a8ad8",
				"0x000000000000000000000000e4f948a9c00fd09376f7105a7e448d47f6bdf620"
			],
			"transactionHash": "0xa1687d4672d806c45d638e0578c2003c0ef6a02b5ac0845f62342cb587cac235",
			"transactionIndex": 151,
			"transactionLogIndex": "0x0",
			"type": "mined",
			"id": "log_c7592f2f"
		}
	],
	"logsBloom": "0x00000000000000000000000000020000000000000000000000000000000000000000000000000000000000000000000000000000000000000000000000000000000000000010010000000008000000000000000000000000000000000020000000000000000000000000001000000000000000000000000000000010000000000000000000000000000000000000000000000000000000000000000000000000000000000000000080000000000000000000000000000000000000010000000020001002000000000000000000000000000000000000000000000000000000000000000000000000000000000000000000000000000000000000000000000000",
	"root": null,
	"status": "0x1",
	"transactionHash": "0xa1687d4672d806c45d638e0578c2003c0ef6a02b5ac0845f62342cb587cac235",
	"transactionIndex": 151
}
[2018-04-19T23:33:28.311] [DEBUG] trans - TO:   0xdb9bfa353a5219f1b3da6dabcbd89e5289bc8bda
[2018-04-19T23:33:28.311] [DEBUG] trans - AMOUNT:   202583400000000000000
[2018-04-19T23:33:28.311] [DEBUG] trans - Receipt info:  {
	"blockHash": "0xa3c5f6c94869544376cdd7534a7a9eb4c37e4fef0701e6d3212a5f9b5351e4dd",
	"blockNumber": 5470841,
	"contractAddress": null,
	"cumulativeGasUsed": 7857277,
	"gasUsed": 51653,
	"logs": [
		{
			"address": "0x7e9e431a0B8c4D532C745B1043c7FA29a48D4fBa",
			"blockHash": "0xa3c5f6c94869544376cdd7534a7a9eb4c37e4fef0701e6d3212a5f9b5351e4dd",
			"blockNumber": 5470841,
			"data": "0x00000000000000000000000000000000000000000000000afb68d0f796de8000",
			"logIndex": 156,
			"topics": [
				"0xddf252ad1be2c89b69c2b068fc378daa952ba7f163c4a11628f55a4df523b3ef",
				"0x000000000000000000000000468b858c964f297fd8fce058032bf4b4911a8ad8",
				"0x000000000000000000000000db9bfa353a5219f1b3da6dabcbd89e5289bc8bda"
			],
			"transactionHash": "0x22352aec7b32423b256253616d95f2651fd875b3a01a85f8345fc319ad944b38",
			"transactionIndex": 157,
			"transactionLogIndex": "0x0",
			"type": "mined",
			"id": "log_bf8dfd63"
		}
	],
	"logsBloom": "0x00000000000000000000000000020000000000000000000000000000000000000000000000000000000000000000000000000000000000000000000000000000000000000000010000000008000000000000000000000000000000000020000000000000000000000000000000000000000000000000000000000010000000000000000000000000000000000000000000000000000000000000000000000000000000000000000080000000000000000000000000000000000000010000000000001002000200000000000000000000000000000000000000000000000000000000020000000000000000000000000100000000000000000000000000000000",
	"root": null,
	"status": "0x1",
	"transactionHash": "0x22352aec7b32423b256253616d95f2651fd875b3a01a85f8345fc319ad944b38",
	"transactionIndex": 157
}
[2018-04-19T23:33:28.313] [DEBUG] trans - TO:   0xf45efc89b6d454c53e7db40ac9a824ef5b25b455
[2018-04-19T23:33:28.313] [DEBUG] trans - AMOUNT:   202615900000000000000
[2018-04-19T23:33:28.313] [DEBUG] trans - Receipt info:  {
	"blockHash": "0xa3c5f6c94869544376cdd7534a7a9eb4c37e4fef0701e6d3212a5f9b5351e4dd",
	"blockNumber": 5470841,
	"contractAddress": null,
	"cumulativeGasUsed": 6003077,
	"gasUsed": 51653,
	"logs": [
		{
			"address": "0x7e9e431a0B8c4D532C745B1043c7FA29a48D4fBa",
			"blockHash": "0xa3c5f6c94869544376cdd7534a7a9eb4c37e4fef0701e6d3212a5f9b5351e4dd",
			"blockNumber": 5470841,
			"data": "0x00000000000000000000000000000000000000000000000afbdc478b8211c000",
			"logIndex": 108,
			"topics": [
				"0xddf252ad1be2c89b69c2b068fc378daa952ba7f163c4a11628f55a4df523b3ef",
				"0x000000000000000000000000468b858c964f297fd8fce058032bf4b4911a8ad8",
				"0x000000000000000000000000f45efc89b6d454c53e7db40ac9a824ef5b25b455"
			],
			"transactionHash": "0x8bf8ec6c6ae62f97207f0384098962052f69f7d24c52cdd5e960548170e5ccb8",
			"transactionIndex": 109,
			"transactionLogIndex": "0x0",
			"type": "mined",
			"id": "log_2415a94d"
		}
	],
	"logsBloom": "0x00000800000000000000000000020000000000000000000000000000000000000000000000000000000000000000000000000000000000000000000000000000000000000000010000000008002000000000000000000000000000000020000000000000000000000000000000000000000000040000000000000010000000000000000000000000000000000000000000000000000000000000000000000000000000000000000080000000000000000000000000000000000000010000000000001002000000000000000000000000000000000000000000000000000000000000000000000000000000000000000000000000000000000000000000000000",
	"root": null,
	"status": "0x1",
	"transactionHash": "0x8bf8ec6c6ae62f97207f0384098962052f69f7d24c52cdd5e960548170e5ccb8",
	"transactionIndex": 109
}
[2018-04-19T23:33:28.315] [DEBUG] trans - TO:   0xf49aa73c65b9d1467e57a92e56d00b6b000a4a05
[2018-04-19T23:33:28.315] [DEBUG] trans - AMOUNT:   202593600000000000000
[2018-04-19T23:33:28.315] [DEBUG] trans - Receipt info:  {
	"blockHash": "0xa3c5f6c94869544376cdd7534a7a9eb4c37e4fef0701e6d3212a5f9b5351e4dd",
	"blockNumber": 5470841,
	"contractAddress": null,
	"cumulativeGasUsed": 7393743,
	"gasUsed": 51525,
	"logs": [
		{
			"address": "0x7e9e431a0B8c4D532C745B1043c7FA29a48D4fBa",
			"blockHash": "0xa3c5f6c94869544376cdd7534a7a9eb4c37e4fef0701e6d3212a5f9b5351e4dd",
			"blockNumber": 5470841,
			"data": "0x00000000000000000000000000000000000000000000000afb8d0dd027940000",
			"logIndex": 144,
			"topics": [
				"0xddf252ad1be2c89b69c2b068fc378daa952ba7f163c4a11628f55a4df523b3ef",
				"0x000000000000000000000000468b858c964f297fd8fce058032bf4b4911a8ad8",
				"0x000000000000000000000000f49aa73c65b9d1467e57a92e56d00b6b000a4a05"
			],
			"transactionHash": "0x0669ce4e185047486ab9bbec46a14626ebd6705e0c8eeab0f667581e15de5bb8",
			"transactionIndex": 145,
			"transactionLogIndex": "0x0",
			"type": "mined",
			"id": "log_9ada6e39"
		}
	],
	"logsBloom": "0x00000000000000000000000000020000000000000000000000000000000000000000000000000200000000000000000000000000000000000000000000000000000000000000010000000008000000000000008000000000000000000020000000000000000000000000000000000000000000000000000000000010000000000000000000000000000000000000000000000000000000000000000000000000000000000000000080000000000000000000000000000000000000010000000000001002000000000000000000000000000000080000000000000000000000000000000000000000000000000000000000000000000000000000000000000000",
	"root": null,
	"status": "0x1",
	"transactionHash": "0x0669ce4e185047486ab9bbec46a14626ebd6705e0c8eeab0f667581e15de5bb8",
	"transactionIndex": 145
}
[2018-04-19T23:33:31.302] [DEBUG] trans - TO:   0x5275d7b34096c7cd16a6fa76dbe18efcbde31eac
[2018-04-19T23:33:31.302] [DEBUG] trans - AMOUNT:   202576600000000000000
[2018-04-19T23:33:31.302] [DEBUG] trans - Receipt info:  {
	"blockHash": "0x827d3699f7096d53a59e6c8268c73856eec1e162d5f5863cba2f64ba7e2d31f7",
	"blockNumber": 5470842,
	"contractAddress": null,
	"cumulativeGasUsed": 840041,
	"gasUsed": 51653,
	"logs": [
		{
			"address": "0x7e9e431a0B8c4D532C745B1043c7FA29a48D4fBa",
			"blockHash": "0x827d3699f7096d53a59e6c8268c73856eec1e162d5f5863cba2f64ba7e2d31f7",
			"blockNumber": 5470842,
			"data": "0x00000000000000000000000000000000000000000000000afb50a86736658000",
			"logIndex": 12,
			"topics": [
				"0xddf252ad1be2c89b69c2b068fc378daa952ba7f163c4a11628f55a4df523b3ef",
				"0x000000000000000000000000468b858c964f297fd8fce058032bf4b4911a8ad8",
				"0x0000000000000000000000005275d7b34096c7cd16a6fa76dbe18efcbde31eac"
			],
			"transactionHash": "0xc30df720942a2367a501d918e312176f37fdd24d8f20ee0828ee104a7f087d4a",
			"transactionIndex": 19,
			"transactionLogIndex": "0x0",
			"type": "mined",
			"id": "log_0ec402f1"
		}
	],
	"logsBloom": "0x00000000000000000000000000020000000000000000000000000000000000000000000000000000000000000000000000000000000000000000000000000000000000000000010000000008000000000000000000000000000000000020000000000000000000000000000000020000000000000000000000000010000000000000000000000000000000000000000000000000000000000000000000008000000000000000000080000000000000000000200000000000000000010000000000001002000000000000000000000000000000000000000000000000000000000000000000000000000000000000000000000000000000000000000000000000",
	"root": null,
	"status": "0x1",
	"transactionHash": "0xc30df720942a2367a501d918e312176f37fdd24d8f20ee0828ee104a7f087d4a",
	"transactionIndex": 19
}
[2018-04-19T23:33:31.303] [DEBUG] trans - TO:   0x1aa09ec587e4db7f7fddf7c4cb46b6c597b990d6
[2018-04-19T23:33:31.303] [DEBUG] trans - AMOUNT:   202575600000000000000
[2018-04-19T23:33:31.303] [DEBUG] trans - Receipt info:  {
	"blockHash": "0x827d3699f7096d53a59e6c8268c73856eec1e162d5f5863cba2f64ba7e2d31f7",
	"blockNumber": 5470842,
	"contractAddress": null,
	"cumulativeGasUsed": 2158818,
	"gasUsed": 51589,
	"logs": [
		{
			"address": "0x7e9e431a0B8c4D532C745B1043c7FA29a48D4fBa",
			"blockHash": "0x827d3699f7096d53a59e6c8268c73856eec1e162d5f5863cba2f64ba7e2d31f7",
			"blockNumber": 5470842,
			"data": "0x00000000000000000000000000000000000000000000000afb4d1ae8919f0000",
			"logIndex": 27,
			"topics": [
				"0xddf252ad1be2c89b69c2b068fc378daa952ba7f163c4a11628f55a4df523b3ef",
				"0x000000000000000000000000468b858c964f297fd8fce058032bf4b4911a8ad8",
				"0x0000000000000000000000001aa09ec587e4db7f7fddf7c4cb46b6c597b990d6"
			],
			"transactionHash": "0x762ea1d5b3e38ba06b9ea97ff6e14822535c8ef3678d43d5d9fb79a123b86f9f",
			"transactionIndex": 33,
			"transactionLogIndex": "0x0",
			"type": "mined",
			"id": "log_e6b39195"
		}
	],
	"logsBloom": "0x00000000000000000000000000020000000000000000000000000000000000000000000000000000000000000000000000000000000000000000000000000000000000000000010000000008000000000000000000000000000000000020000004000000000000800000000000000000000000000000000000000010000000000000000000000000000000000000000000000000000000000000000000000000000000000040000080000000000000000000000000000000000000010000000000001002000000000000000000000000000000000000000000000000000000000000000000000000000000000000000000000000000000000000000000000000",
	"root": null,
	"status": "0x1",
	"transactionHash": "0x762ea1d5b3e38ba06b9ea97ff6e14822535c8ef3678d43d5d9fb79a123b86f9f",
	"transactionIndex": 33
}
[2018-04-19T23:33:31.303] [DEBUG] trans - TO:   0x252a2b998b7073e420f15bf2557bd60082b80457
[2018-04-19T23:33:31.303] [DEBUG] trans - AMOUNT:   202501500000000000000
[2018-04-19T23:33:31.303] [DEBUG] trans - Receipt info:  {
	"blockHash": "0x827d3699f7096d53a59e6c8268c73856eec1e162d5f5863cba2f64ba7e2d31f7",
	"blockNumber": 5470842,
	"contractAddress": null,
	"cumulativeGasUsed": 5990857,
	"gasUsed": 51589,
	"logs": [
		{
			"address": "0x7e9e431a0B8c4D532C745B1043c7FA29a48D4fBa",
			"blockHash": "0x827d3699f7096d53a59e6c8268c73856eec1e162d5f5863cba2f64ba7e2d31f7",
			"blockNumber": 5470842,
			"data": "0x00000000000000000000000000000000000000000000000afa45d959dfc3c000",
			"logIndex": 64,
			"topics": [
				"0xddf252ad1be2c89b69c2b068fc378daa952ba7f163c4a11628f55a4df523b3ef",
				"0x000000000000000000000000468b858c964f297fd8fce058032bf4b4911a8ad8",
				"0x000000000000000000000000252a2b998b7073e420f15bf2557bd60082b80457"
			],
			"transactionHash": "0x0239f661b49cb5d5f100d4fe238f13e91163efc7b5ccb9ed4c8bca5290ab5ee2",
			"transactionIndex": 48,
			"transactionLogIndex": "0x0",
			"type": "mined",
			"id": "log_988e7be4"
		}
	],
	"logsBloom": "0x00000000000000000000000000020000000000000000000000000000000000000000000000000000000000000000000000000000000000000000000000000000000000000000010000000008000000000000000000000000000000000020000000000000000000000000000000000000000000000008000000000010000000000000000000000000000000000000000000000000000000000000000000000000000000000000000080000000000000000000200000000000000000010000000000001002000000000000000000000000000000000000000000000000000000000000000000000000000000000400000000000000000000000000000000000000",
	"root": null,
	"status": "0x1",
	"transactionHash": "0x0239f661b49cb5d5f100d4fe238f13e91163efc7b5ccb9ed4c8bca5290ab5ee2",
	"transactionIndex": 48
}
[2018-04-19T23:33:31.303] [DEBUG] trans - TO:   0xa0cdcc8576b30f0d4d47436c5b2b0695d04858b1
[2018-04-19T23:33:31.303] [DEBUG] trans - AMOUNT:   202500000000000000000
[2018-04-19T23:33:31.303] [DEBUG] trans - Receipt info:  {
	"blockHash": "0x827d3699f7096d53a59e6c8268c73856eec1e162d5f5863cba2f64ba7e2d31f7",
	"blockNumber": 5470842,
	"contractAddress": null,
	"cumulativeGasUsed": 6280884,
	"gasUsed": 51589,
	"logs": [
		{
			"address": "0x7e9e431a0B8c4D532C745B1043c7FA29a48D4fBa",
			"blockHash": "0x827d3699f7096d53a59e6c8268c73856eec1e162d5f5863cba2f64ba7e2d31f7",
			"blockNumber": 5470842,
			"data": "0x00000000000000000000000000000000000000000000000afa40851be89a0000",
			"logIndex": 73,
			"topics": [
				"0xddf252ad1be2c89b69c2b068fc378daa952ba7f163c4a11628f55a4df523b3ef",
				"0x000000000000000000000000468b858c964f297fd8fce058032bf4b4911a8ad8",
				"0x000000000000000000000000a0cdcc8576b30f0d4d47436c5b2b0695d04858b1"
			],
			"transactionHash": "0x99f6bdd3ad7b08af2f63c0b9bd44e9097b160b68cd4e9ecbefe5903a8883fc98",
			"transactionIndex": 54,
			"transactionLogIndex": "0x0",
			"type": "mined",
			"id": "log_e95e91f3"
		}
	],
	"logsBloom": "0x00000400000000000000000000020000000000000000000000000000000000000000000000000000000000000000000000000000000000000000000000000200000000000000010000000008000200000000000000000000000000000020000000000000000000000000000000000000000000000000000000000010000000000000000000000000000000000000000000000000000000000000000000000000000000000000000080000000000000000000000000000000000000010000000000001002000000000000000000000000000000000000000000000000000000000000000000000000000000000000000000000000000000000000000000000000",
	"root": null,
	"status": "0x1",
	"transactionHash": "0x99f6bdd3ad7b08af2f63c0b9bd44e9097b160b68cd4e9ecbefe5903a8883fc98",
	"transactionIndex": 54
}
[2018-04-19T23:33:31.304] [DEBUG] trans - TO:   0xad761eab620ed9c8447a91b1ead351bcf8627d0c
[2018-04-19T23:33:31.304] [DEBUG] trans - AMOUNT:   202500000000000000000
[2018-04-19T23:33:31.304] [DEBUG] trans - Receipt info:  {
	"blockHash": "0x827d3699f7096d53a59e6c8268c73856eec1e162d5f5863cba2f64ba7e2d31f7",
	"blockNumber": 5470842,
	"contractAddress": null,
	"cumulativeGasUsed": 6601317,
	"gasUsed": 51589,
	"logs": [
		{
			"address": "0x7e9e431a0B8c4D532C745B1043c7FA29a48D4fBa",
			"blockHash": "0x827d3699f7096d53a59e6c8268c73856eec1e162d5f5863cba2f64ba7e2d31f7",
			"blockNumber": 5470842,
			"data": "0x00000000000000000000000000000000000000000000000afa40851be89a0000",
			"logIndex": 83,
			"topics": [
				"0xddf252ad1be2c89b69c2b068fc378daa952ba7f163c4a11628f55a4df523b3ef",
				"0x000000000000000000000000468b858c964f297fd8fce058032bf4b4911a8ad8",
				"0x000000000000000000000000ad761eab620ed9c8447a91b1ead351bcf8627d0c"
			],
			"transactionHash": "0x041c6f42db7f0d4606d1d15a3e0283b0149e86307f2840cc23da057c7367fded",
			"transactionIndex": 60,
			"transactionLogIndex": "0x0",
			"type": "mined",
			"id": "log_301b65f2"
		}
	],
	"logsBloom": "0x00000000000000100000000000020010000000000000000000002000000000000000000000000000000000000000000000000000000000000000000000000000000000000000010000000008000000000000000000000000000000000020000000000000000000000000000000000000000000000000000000000010000000000000000000000000000000000000000000000000000000000000000000000000000000000000000080000000000000000000000000000000000000010000000000001002000000000000000000000000000000000000000000000000000000000000000000000000000000000000000000000000000000000000000000000000",
	"root": null,
	"status": "0x1",
	"transactionHash": "0x041c6f42db7f0d4606d1d15a3e0283b0149e86307f2840cc23da057c7367fded",
	"transactionIndex": 60
}
[2018-04-19T23:33:31.304] [DEBUG] trans - TO:   0xf9088deb562e535ebbff425178c34cb23eef0830
[2018-04-19T23:33:31.304] [DEBUG] trans - AMOUNT:   202500000000000000000
[2018-04-19T23:33:31.304] [DEBUG] trans - Receipt info:  {
	"blockHash": "0x827d3699f7096d53a59e6c8268c73856eec1e162d5f5863cba2f64ba7e2d31f7",
	"blockNumber": 5470842,
	"contractAddress": null,
	"cumulativeGasUsed": 6862865,
	"gasUsed": 51589,
	"logs": [
		{
			"address": "0x7e9e431a0B8c4D532C745B1043c7FA29a48D4fBa",
			"blockHash": "0x827d3699f7096d53a59e6c8268c73856eec1e162d5f5863cba2f64ba7e2d31f7",
			"blockNumber": 5470842,
			"data": "0x00000000000000000000000000000000000000000000000afa40851be89a0000",
			"logIndex": 91,
			"topics": [
				"0xddf252ad1be2c89b69c2b068fc378daa952ba7f163c4a11628f55a4df523b3ef",
				"0x000000000000000000000000468b858c964f297fd8fce058032bf4b4911a8ad8",
				"0x000000000000000000000000f9088deb562e535ebbff425178c34cb23eef0830"
			],
			"transactionHash": "0x0aa8d967b7b53bfae12867414d593a570b0b6fa42e31a1d1e1f98e0ffef1856f",
			"transactionIndex": 66,
			"transactionLogIndex": "0x0",
			"type": "mined",
			"id": "log_1b68904b"
		}
	],
	"logsBloom": "0x00000000000000000000000000020000000000000000000000000000000000000000000000000000000000000000000000000000000000000000000000000000000000000000010000000008000000000000000000000000000000000020000000000000000000000000000000000000000000000000000000000010000000000000000000000000040000000000000000000000000000000000000000000000000000000000000080000000000000000000000000000000000000010000000000001002000000000000000000000000000000000000000000000004000000000000000040000000000000000000000000000000000000000000000000000000",
	"root": null,
	"status": "0x1",
	"transactionHash": "0x0aa8d967b7b53bfae12867414d593a570b0b6fa42e31a1d1e1f98e0ffef1856f",
	"transactionIndex": 66
}
[2018-04-19T23:33:31.306] [DEBUG] trans - TO:   0x64e4abcbf0eed76d500836f2581849b28d1ac6fb
[2018-04-19T23:33:31.306] [DEBUG] trans - AMOUNT:   202490000000000000000
[2018-04-19T23:33:31.306] [DEBUG] trans - Receipt info:  {
	"blockHash": "0x827d3699f7096d53a59e6c8268c73856eec1e162d5f5863cba2f64ba7e2d31f7",
	"blockNumber": 5470842,
	"contractAddress": null,
	"cumulativeGasUsed": 7139095,
	"gasUsed": 51589,
	"logs": [
		{
			"address": "0x7e9e431a0B8c4D532C745B1043c7FA29a48D4fBa",
			"blockHash": "0x827d3699f7096d53a59e6c8268c73856eec1e162d5f5863cba2f64ba7e2d31f7",
			"blockNumber": 5470842,
			"data": "0x00000000000000000000000000000000000000000000000afa1cfe2978d90000",
			"logIndex": 99,
			"topics": [
				"0xddf252ad1be2c89b69c2b068fc378daa952ba7f163c4a11628f55a4df523b3ef",
				"0x000000000000000000000000468b858c964f297fd8fce058032bf4b4911a8ad8",
				"0x00000000000000000000000064e4abcbf0eed76d500836f2581849b28d1ac6fb"
			],
			"transactionHash": "0x67df9b9f3dd89774630e6a5255b6a5ca9b4dbace6ae1ecc19855502b70ae4182",
			"transactionIndex": 72,
			"transactionLogIndex": "0x0",
			"type": "mined",
			"id": "log_2443c032"
		}
	],
	"logsBloom": "0x00000000000000000000000000020000000000000000000000000000000000000000000000000000000000000000000000000000000000000000000000000000000000000000010000000008000008000000000000000000000000000020000000000000000000000000000000000000000000000000000000000010000000000000000000000000000000000000000000000000000000000000000000000000000000000001000080000000000000000000000000000000000000010000000000001002000000000000000000000000000000000000000000000000000000000000000000000000000000000000000004000000000000000000000000000000",
	"root": null,
	"status": "0x1",
	"transactionHash": "0x67df9b9f3dd89774630e6a5255b6a5ca9b4dbace6ae1ecc19855502b70ae4182",
	"transactionIndex": 72
}
[2018-04-19T23:33:31.307] [DEBUG] trans - TO:   0x7fb6c8c0146979de81dbab8516609b6786a1648f
[2018-04-19T23:33:31.307] [DEBUG] trans - AMOUNT:   202482200000000000000
[2018-04-19T23:33:31.307] [DEBUG] trans - Receipt info:  {
	"blockHash": "0x827d3699f7096d53a59e6c8268c73856eec1e162d5f5863cba2f64ba7e2d31f7",
	"blockNumber": 5470842,
	"contractAddress": null,
	"cumulativeGasUsed": 7384380,
	"gasUsed": 51653,
	"logs": [
		{
			"address": "0x7e9e431a0B8c4D532C745B1043c7FA29a48D4fBa",
			"blockHash": "0x827d3699f7096d53a59e6c8268c73856eec1e162d5f5863cba2f64ba7e2d31f7",
			"blockNumber": 5470842,
			"data": "0x00000000000000000000000000000000000000000000000afa01481a73998000",
			"logIndex": 104,
			"topics": [
				"0xddf252ad1be2c89b69c2b068fc378daa952ba7f163c4a11628f55a4df523b3ef",
				"0x000000000000000000000000468b858c964f297fd8fce058032bf4b4911a8ad8",
				"0x0000000000000000000000007fb6c8c0146979de81dbab8516609b6786a1648f"
			],
			"transactionHash": "0x224a5f0d182953d1f6df1d0b5b81133059b21f4500d03bf489215f12010c738e",
			"transactionIndex": 77,
			"transactionLogIndex": "0x0",
			"type": "mined",
			"id": "log_3c32a76a"
		}
	],
	"logsBloom": "0x00000000000000000000000000020000000000002000000000000000000000000000000000000000000000000000000000000000000000000000000000000000000000000000010000000008000000008000000000000000000000000020000000000000000000000000000000000000000000000000000000000010000000000000000000000000000000000000000000000000000000000000000000000000000000000000000080000000000000000000000000000000000000010000000000001002000000000000000000000000000000000000000000000000000000000000100000000000000000000000000000000000000000000000000000000000",
	"root": null,
	"status": "0x1",
	"transactionHash": "0x224a5f0d182953d1f6df1d0b5b81133059b21f4500d03bf489215f12010c738e",
	"transactionIndex": 77
}
[2018-04-19T23:33:31.307] [DEBUG] trans - TO:   0x97da5f1c62b2cdf94e6678ad2de3fad634c7b03d
[2018-04-19T23:33:31.307] [DEBUG] trans - AMOUNT:   202476800000000000000
[2018-04-19T23:33:31.307] [DEBUG] trans - Receipt info:  {
	"blockHash": "0x827d3699f7096d53a59e6c8268c73856eec1e162d5f5863cba2f64ba7e2d31f7",
	"blockNumber": 5470842,
	"contractAddress": null,
	"cumulativeGasUsed": 7589830,
	"gasUsed": 51589,
	"logs": [
		{
			"address": "0x7e9e431a0B8c4D532C745B1043c7FA29a48D4fBa",
			"blockHash": "0x827d3699f7096d53a59e6c8268c73856eec1e162d5f5863cba2f64ba7e2d31f7",
			"blockNumber": 5470842,
			"data": "0x00000000000000000000000000000000000000000000000af9ee18d4f9d00000",
			"logIndex": 108,
			"topics": [
				"0xddf252ad1be2c89b69c2b068fc378daa952ba7f163c4a11628f55a4df523b3ef",
				"0x000000000000000000000000468b858c964f297fd8fce058032bf4b4911a8ad8",
				"0x00000000000000000000000097da5f1c62b2cdf94e6678ad2de3fad634c7b03d"
			],
			"transactionHash": "0x86040d07c76367702f809063771d6a1e0872c918c16cd4530acd802b2ffd6d06",
			"transactionIndex": 81,
			"transactionLogIndex": "0x0",
			"type": "mined",
			"id": "log_ed33c26d"
		}
	],
	"logsBloom": "0x00000008000000000000000000020000000000000000000000000000000000000000000000000000000000000000000000000000000000000000000000000000000000000000010000000008000000000000000000000000000000000020000000000000000000000000000000000000000000000000000000000010000000000000000000000000000000000000000000000000000000000000000000000000000000000000000080000000000000000000000000000000000000010000200000001002000000000000000000000000000000000000000000000200000000000000000000000000000000000000000000000000000000000000000000000000",
	"root": null,
	"status": "0x1",
	"transactionHash": "0x86040d07c76367702f809063771d6a1e0872c918c16cd4530acd802b2ffd6d06",
	"transactionIndex": 81
}
[2018-04-19T23:33:31.308] [DEBUG] trans - TO:   0xf60d32ee77770e80ce0837143752789a15288da5
[2018-04-19T23:33:31.308] [DEBUG] trans - AMOUNT:   202549600000000000000
[2018-04-19T23:33:31.308] [DEBUG] trans - Receipt info:  {
	"blockHash": "0x827d3699f7096d53a59e6c8268c73856eec1e162d5f5863cba2f64ba7e2d31f7",
	"blockNumber": 5470842,
	"contractAddress": null,
	"cumulativeGasUsed": 4093671,
	"gasUsed": 51589,
	"logs": [
		{
			"address": "0x7e9e431a0B8c4D532C745B1043c7FA29a48D4fBa",
			"blockHash": "0x827d3699f7096d53a59e6c8268c73856eec1e162d5f5863cba2f64ba7e2d31f7",
			"blockNumber": 5470842,
			"data": "0x00000000000000000000000000000000000000000000000afaf0bc0bd5760000",
			"logIndex": 46,
			"topics": [
				"0xddf252ad1be2c89b69c2b068fc378daa952ba7f163c4a11628f55a4df523b3ef",
				"0x000000000000000000000000468b858c964f297fd8fce058032bf4b4911a8ad8",
				"0x000000000000000000000000f60d32ee77770e80ce0837143752789a15288da5"
			],
			"transactionHash": "0xd99b9f98d7bcd50521a1fdde66931b01a6ebfac5b5d28064b4f477447b9f8ee7",
			"transactionIndex": 41,
			"transactionLogIndex": "0x0",
			"type": "mined",
			"id": "log_bfcda43f"
		}
	],
	"logsBloom": "0x00000004000000000000000000020000000000000000000000000000000000000000000000000000000000000000000000000000000000000000000000000000000000000000010000000008000000000000000000000000000000000020000001000000000000000000000000000000000000000000000000000010000000000000000000000000000000000000000000000000000000000000000000000000000000000000000080000000000000000000000000000000000000010000000000001002000000000000000000000000000000000000000000000000010000000000000000000000000000000000000000000000000000000000000000000000",
	"root": null,
	"status": "0x1",
	"transactionHash": "0xd99b9f98d7bcd50521a1fdde66931b01a6ebfac5b5d28064b4f477447b9f8ee7",
	"transactionIndex": 41
}
[2018-04-19T23:33:31.308] [DEBUG] trans - TO:   0x860e134cfed92a661457c1d0849c29dd9788d327
[2018-04-19T23:33:31.308] [DEBUG] trans - AMOUNT:   202475800000000000000
[2018-04-19T23:33:31.308] [DEBUG] trans - Receipt info:  {
	"blockHash": "0x827d3699f7096d53a59e6c8268c73856eec1e162d5f5863cba2f64ba7e2d31f7",
	"blockNumber": 5470842,
	"contractAddress": null,
	"cumulativeGasUsed": 7795344,
	"gasUsed": 51653,
	"logs": [
		{
			"address": "0x7e9e431a0B8c4D532C745B1043c7FA29a48D4fBa",
			"blockHash": "0x827d3699f7096d53a59e6c8268c73856eec1e162d5f5863cba2f64ba7e2d31f7",
			"blockNumber": 5470842,
			"data": "0x00000000000000000000000000000000000000000000000af9ea8b5655098000",
			"logIndex": 112,
			"topics": [
				"0xddf252ad1be2c89b69c2b068fc378daa952ba7f163c4a11628f55a4df523b3ef",
				"0x000000000000000000000000468b858c964f297fd8fce058032bf4b4911a8ad8",
				"0x000000000000000000000000860e134cfed92a661457c1d0849c29dd9788d327"
			],
			"transactionHash": "0xe190cc0f4e1a26347e744f3790e27f897c4ba0302c8845a03ee4547365425987",
			"transactionIndex": 85,
			"transactionLogIndex": "0x0",
			"type": "mined",
			"id": "log_403a9016"
		}
	],
	"logsBloom": "0x00000000000000000000000000020000000000000000000000000000000000000001000000000000000000000000000000000000000000000000000000000000000000000000010000000008000000000000000000000000000000000020000000000000000000000000000000000000000000000000000000000010000000000000000000400000000000000000000000000000000000000000000000000000000000000000000880000000000000000000000000000000000000010000000000001002000000000000000000000000000000000000000000000000000000000000000000000000000000000000000000000000000000000000000000000000",
	"root": null,
	"status": "0x1",
	"transactionHash": "0xe190cc0f4e1a26347e744f3790e27f897c4ba0302c8845a03ee4547365425987",
	"transactionIndex": 85
}
[2018-04-19T23:33:58.339] [DEBUG] trans - TO:   0x1ec5198060ac8c2d14dc90f84b47e7c4b21f76e6
[2018-04-19T23:33:58.339] [DEBUG] trans - AMOUNT:   202470500000000000000
[2018-04-19T23:33:58.339] [DEBUG] trans - Receipt info:  {
	"blockHash": "0x6f91209dd38ea4cce2f00f1b759421f510a6b97cbce514377fd76bbcd3d4d4dc",
	"blockNumber": 5470844,
	"contractAddress": null,
	"cumulativeGasUsed": 1526187,
	"gasUsed": 51653,
	"logs": [
		{
			"address": "0x7e9e431a0B8c4D532C745B1043c7FA29a48D4fBa",
			"blockHash": "0x6f91209dd38ea4cce2f00f1b759421f510a6b97cbce514377fd76bbcd3d4d4dc",
			"blockNumber": 5470844,
			"data": "0x00000000000000000000000000000000000000000000000af9d7b703ebba4000",
			"logIndex": 29,
			"topics": [
				"0xddf252ad1be2c89b69c2b068fc378daa952ba7f163c4a11628f55a4df523b3ef",
				"0x000000000000000000000000468b858c964f297fd8fce058032bf4b4911a8ad8",
				"0x0000000000000000000000001ec5198060ac8c2d14dc90f84b47e7c4b21f76e6"
			],
			"transactionHash": "0x3b1240279a692ef29963bab3c65b62b02d7b98f81026e5405daabb066ab7f7a4",
			"transactionIndex": 32,
			"transactionLogIndex": "0x0",
			"type": "mined",
			"id": "log_f436afa6"
		}
	],
	"logsBloom": "0x00000000040000000000000000020000000000000000000000000000000000000000000000000000000000000000000000000000000000000000040000000000000000000000010000000008000000000000000000000000000000000020000000000000000000000000000000000000000000000000000000000010000000000000000000000000000000000000000000000000000000000000000000000000000000000000000080000000000000000000000000000000000000010000000000001002000000000000000000000000000000000000000000000000000000000000000000000000080000000000000000000000000000000000000000000000",
	"root": null,
	"status": "0x1",
	"transactionHash": "0x3b1240279a692ef29963bab3c65b62b02d7b98f81026e5405daabb066ab7f7a4",
	"transactionIndex": 32
}
[2018-04-19T23:33:58.340] [DEBUG] trans - TO:   0xd12e4320d21ac25afe9b95713bcdaed76c642073
[2018-04-19T23:33:58.340] [DEBUG] trans - AMOUNT:   202472000000000000000
[2018-04-19T23:33:58.340] [DEBUG] trans - Receipt info:  {
	"blockHash": "0x6f91209dd38ea4cce2f00f1b759421f510a6b97cbce514377fd76bbcd3d4d4dc",
	"blockNumber": 5470844,
	"contractAddress": null,
	"cumulativeGasUsed": 1474534,
	"gasUsed": 51589,
	"logs": [
		{
			"address": "0x7e9e431a0B8c4D532C745B1043c7FA29a48D4fBa",
			"blockHash": "0x6f91209dd38ea4cce2f00f1b759421f510a6b97cbce514377fd76bbcd3d4d4dc",
			"blockNumber": 5470844,
			"data": "0x00000000000000000000000000000000000000000000000af9dd0b41e2e40000",
			"logIndex": 28,
			"topics": [
				"0xddf252ad1be2c89b69c2b068fc378daa952ba7f163c4a11628f55a4df523b3ef",
				"0x000000000000000000000000468b858c964f297fd8fce058032bf4b4911a8ad8",
				"0x000000000000000000000000d12e4320d21ac25afe9b95713bcdaed76c642073"
			],
			"transactionHash": "0xb7c4f0f21e5a83f1f2ee575448c04a621735a648c7b242dff61b47e6c5a49a54",
			"transactionIndex": 31,
			"transactionLogIndex": "0x0",
			"type": "mined",
			"id": "log_c07003fd"
		}
	],
	"logsBloom": "0x00000000000000000000000000020000000000000000000000000000000000000000000040000000000000000000000000000000000000000000000000000000000000000000010000000009000000000000000000000000000000000020000000000000000000000000000000000000000000000000000000000010000000000000000000000000000000000000000000000000000000000000000000000000000000000000000080000000000000000000000000000000000000010000000000001002000000000000000000000000000000000000000000000000000000000000000000000000040000000000000000000000000000000000000000000000",
	"root": null,
	"status": "0x1",
	"transactionHash": "0xb7c4f0f21e5a83f1f2ee575448c04a621735a648c7b242dff61b47e6c5a49a54",
	"transactionIndex": 31
}
[2018-04-19T23:33:58.340] [DEBUG] trans - TO:   0x21b0bf38fd1d80e4d897eea4eb66738a1fbdfb13
[2018-04-19T23:33:58.340] [DEBUG] trans - AMOUNT:   202449200000000000000
[2018-04-19T23:33:58.340] [DEBUG] trans - Receipt info:  {
	"blockHash": "0x6f91209dd38ea4cce2f00f1b759421f510a6b97cbce514377fd76bbcd3d4d4dc",
	"blockNumber": 5470844,
	"contractAddress": null,
	"cumulativeGasUsed": 1629365,
	"gasUsed": 51589,
	"logs": [
		{
			"address": "0x7e9e431a0B8c4D532C745B1043c7FA29a48D4fBa",
			"blockHash": "0x6f91209dd38ea4cce2f00f1b759421f510a6b97cbce514377fd76bbcd3d4d4dc",
			"blockNumber": 5470844,
			"data": "0x00000000000000000000000000000000000000000000000af98c0ac736030000",
			"logIndex": 31,
			"topics": [
				"0xddf252ad1be2c89b69c2b068fc378daa952ba7f163c4a11628f55a4df523b3ef",
				"0x000000000000000000000000468b858c964f297fd8fce058032bf4b4911a8ad8",
				"0x00000000000000000000000021b0bf38fd1d80e4d897eea4eb66738a1fbdfb13"
			],
			"transactionHash": "0xf2b65a54afc2adf23155d6328fbe28d999d1fe9d5c989e34e7fbdee404b7a019",
			"transactionIndex": 34,
			"transactionLogIndex": "0x0",
			"type": "mined",
			"id": "log_85e64171"
		}
	],
	"logsBloom": "0x00000000000000000000000000020000000000000000000000000000000000000000000000000000000000000000000000000000000000008000000000000000000000000000010000000008000000000000000000000000000000000020000000000000000000000001000000000000000000000000000000000010000000000000000000000000000000000000000000000000000000000000000000000000000000000000000080000000000000000000000000000000000000010000000000001002000200000000000000000000000000000000000000000000000000000000000000000000000000000000000000000000000000000000000000000000",
	"root": null,
	"status": "0x1",
	"transactionHash": "0xf2b65a54afc2adf23155d6328fbe28d999d1fe9d5c989e34e7fbdee404b7a019",
	"transactionIndex": 34
}
[2018-04-19T23:33:58.342] [DEBUG] trans - TO:   0x7b666e3c2057f102407ecddd69e44628433b26e2
[2018-04-19T23:33:58.342] [DEBUG] trans - AMOUNT:   202475400000000000000
[2018-04-19T23:33:58.342] [DEBUG] trans - Receipt info:  {
	"blockHash": "0x6f91209dd38ea4cce2f00f1b759421f510a6b97cbce514377fd76bbcd3d4d4dc",
	"blockNumber": 5470844,
	"contractAddress": null,
	"cumulativeGasUsed": 1422945,
	"gasUsed": 51653,
	"logs": [
		{
			"address": "0x7e9e431a0B8c4D532C745B1043c7FA29a48D4fBa",
			"blockHash": "0x6f91209dd38ea4cce2f00f1b759421f510a6b97cbce514377fd76bbcd3d4d4dc",
			"blockNumber": 5470844,
			"data": "0x00000000000000000000000000000000000000000000000af9e91f8a13208000",
			"logIndex": 27,
			"topics": [
				"0xddf252ad1be2c89b69c2b068fc378daa952ba7f163c4a11628f55a4df523b3ef",
				"0x000000000000000000000000468b858c964f297fd8fce058032bf4b4911a8ad8",
				"0x0000000000000000000000007b666e3c2057f102407ecddd69e44628433b26e2"
			],
			"transactionHash": "0x355fc60864435486eaf3a165ccb50de98b14efa7b2dc32a766d3515095a85473",
			"transactionIndex": 30,
			"transactionLogIndex": "0x0",
			"type": "mined",
			"id": "log_87ccbe99"
		}
	],
	"logsBloom": "0x00000000000000000000000000020000000000000000000000000000000000000000000000000000000000000000000000000000000000000000000000000000000000000000010000000008000000000000000000040000000000000020000000000000000000000000000000000040000000000000000000000010000000000000000000000000000000000000000000000000000000000000000000000000000000000000000080000000000000000000000000000000000000010000000000001002000000000000000000000000000000000000800000000000000000000000000000000000000000000000000000000000000000000000000000000000",
	"root": null,
	"status": "0x1",
	"transactionHash": "0x355fc60864435486eaf3a165ccb50de98b14efa7b2dc32a766d3515095a85473",
	"transactionIndex": 30
}
[2018-04-19T23:33:58.343] [DEBUG] trans - TO:   0xe18331ec50683a44380219046afb32c7ca8b6844
[2018-04-19T23:33:58.343] [DEBUG] trans - AMOUNT:   202446400000000000000
[2018-04-19T23:33:58.343] [DEBUG] trans - Receipt info:  {
	"blockHash": "0x6f91209dd38ea4cce2f00f1b759421f510a6b97cbce514377fd76bbcd3d4d4dc",
	"blockNumber": 5470844,
	"contractAddress": null,
	"cumulativeGasUsed": 1680954,
	"gasUsed": 51589,
	"logs": [
		{
			"address": "0x7e9e431a0B8c4D532C745B1043c7FA29a48D4fBa",
			"blockHash": "0x6f91209dd38ea4cce2f00f1b759421f510a6b97cbce514377fd76bbcd3d4d4dc",
			"blockNumber": 5470844,
			"data": "0x00000000000000000000000000000000000000000000000af982183168a40000",
			"logIndex": 32,
			"topics": [
				"0xddf252ad1be2c89b69c2b068fc378daa952ba7f163c4a11628f55a4df523b3ef",
				"0x000000000000000000000000468b858c964f297fd8fce058032bf4b4911a8ad8",
				"0x000000000000000000000000e18331ec50683a44380219046afb32c7ca8b6844"
			],
			"transactionHash": "0x1498fb8dd7ed358c24a5f79f429b972276035da17e299f98526635da81658aa6",
			"transactionIndex": 35,
			"transactionLogIndex": "0x0",
			"type": "mined",
			"id": "log_6df35c01"
		}
	],
	"logsBloom": "0x00000000020000000000000000020000000000000000000000000000000000000000000000000000000000000000000000000000000000000000000000000000000202000000010000000008000000000000000000000000000000000020000000000000000000000000000000000000000000000000000000000010000000000000000000000000000000000000000000000000000000000000000000000000000000000000000080000000000000000000000000000000000000010000000000001002000000000000000000000000000000000000000000000000000000000000000000000000000000000000000000000000000000000000000000000000",
	"root": null,
	"status": "0x1",
	"transactionHash": "0x1498fb8dd7ed358c24a5f79f429b972276035da17e299f98526635da81658aa6",
	"transactionIndex": 35
}
[2018-04-19T23:33:58.343] [DEBUG] trans - TO:   0xea58108773b0e68f81392e2638d56cc052acff37
[2018-04-19T23:33:58.343] [DEBUG] trans - AMOUNT:   202450000000000000000
[2018-04-19T23:33:58.343] [DEBUG] trans - Receipt info:  {
	"blockHash": "0x6f91209dd38ea4cce2f00f1b759421f510a6b97cbce514377fd76bbcd3d4d4dc",
	"blockNumber": 5470844,
	"contractAddress": null,
	"cumulativeGasUsed": 1577776,
	"gasUsed": 51589,
	"logs": [
		{
			"address": "0x7e9e431a0B8c4D532C745B1043c7FA29a48D4fBa",
			"blockHash": "0x6f91209dd38ea4cce2f00f1b759421f510a6b97cbce514377fd76bbcd3d4d4dc",
			"blockNumber": 5470844,
			"data": "0x00000000000000000000000000000000000000000000000af98ee25fb9d50000",
			"logIndex": 30,
			"topics": [
				"0xddf252ad1be2c89b69c2b068fc378daa952ba7f163c4a11628f55a4df523b3ef",
				"0x000000000000000000000000468b858c964f297fd8fce058032bf4b4911a8ad8",
				"0x000000000000000000000000ea58108773b0e68f81392e2638d56cc052acff37"
			],
			"transactionHash": "0x09f4062a4e4b4c10e8b1f0d9851a109a108a5126a38e00043bc9b1e354011e83",
			"transactionIndex": 33,
			"transactionLogIndex": "0x0",
			"type": "mined",
			"id": "log_7e9536e6"
		}
	],
	"logsBloom": "0x00000000000000000000000000020000000000000000000000000000000000000000000000000000000000000000000000000000000000000000000000000000000000000000010000000008000000000000000000000000000000000020000000000000000000000000000000000000000000000000000000000010000000000000000000000000000000000000000000000000000000000000000000000000000000000000000080800000000000000000000000000000000000010000000000001002000000000000000000000000000000000000000000000000000000000000000000000000000000000004000000000000000000100000000000000000",
	"root": null,
	"status": "0x1",
	"transactionHash": "0x09f4062a4e4b4c10e8b1f0d9851a109a108a5126a38e00043bc9b1e354011e83",
	"transactionIndex": 33
}
[2018-04-19T23:33:58.343] [DEBUG] trans - TO:   0x427ff77425ce06c76a251ee45d2c1877eeaeadf9
[2018-04-19T23:33:58.343] [DEBUG] trans - AMOUNT:   202430200000000000000
[2018-04-19T23:33:58.343] [DEBUG] trans - Receipt info:  {
	"blockHash": "0x6f91209dd38ea4cce2f00f1b759421f510a6b97cbce514377fd76bbcd3d4d4dc",
	"blockNumber": 5470844,
	"contractAddress": null,
	"cumulativeGasUsed": 1784260,
	"gasUsed": 51653,
	"logs": [
		{
			"address": "0x7e9e431a0B8c4D532C745B1043c7FA29a48D4fBa",
			"blockHash": "0x6f91209dd38ea4cce2f00f1b759421f510a6b97cbce514377fd76bbcd3d4d4dc",
			"blockNumber": 5470844,
			"data": "0x00000000000000000000000000000000000000000000000af9488a60fb478000",
			"logIndex": 34,
			"topics": [
				"0xddf252ad1be2c89b69c2b068fc378daa952ba7f163c4a11628f55a4df523b3ef",
				"0x000000000000000000000000468b858c964f297fd8fce058032bf4b4911a8ad8",
				"0x000000000000000000000000427ff77425ce06c76a251ee45d2c1877eeaeadf9"
			],
			"transactionHash": "0x311be274eceb701065061d8411af053a523f461188fdd3d82cccba19a7ffa4b5",
			"transactionIndex": 37,
			"transactionLogIndex": "0x0",
			"type": "mined",
			"id": "log_ec4e605b"
		}
	],
	"logsBloom": "0x00000000000000000000000000020000000000000000000000000000000000000000000000000000000000000000000000000000000000000000000000080000000000000000010000000008000000000000000000000000000000000020000000000000000000000000000000000000000000000000001000000010000000000000000000000000000000000000000000000000000000000000000000000000000000000000000080000000000000000000000000000000000000010000000000001002000000000000000000000000040000000000000000000000000000000000000000000000000000000000000000000000000000000000000000000000",
	"root": null,
	"status": "0x1",
	"transactionHash": "0x311be274eceb701065061d8411af053a523f461188fdd3d82cccba19a7ffa4b5",
	"transactionIndex": 37
}
[2018-04-19T23:33:58.343] [DEBUG] trans - TO:   0x6c42172a2ccf59cb40ae8effa93445071d619a96
[2018-04-19T23:33:58.343] [DEBUG] trans - AMOUNT:   202436600000000000000
[2018-04-19T23:33:58.344] [DEBUG] trans - Receipt info:  {
	"blockHash": "0x6f91209dd38ea4cce2f00f1b759421f510a6b97cbce514377fd76bbcd3d4d4dc",
	"blockNumber": 5470844,
	"contractAddress": null,
	"cumulativeGasUsed": 1732607,
	"gasUsed": 51653,
	"logs": [
		{
			"address": "0x7e9e431a0B8c4D532C745B1043c7FA29a48D4fBa",
			"blockHash": "0x6f91209dd38ea4cce2f00f1b759421f510a6b97cbce514377fd76bbcd3d4d4dc",
			"blockNumber": 5470844,
			"data": "0x00000000000000000000000000000000000000000000000af95f472519d78000",
			"logIndex": 33,
			"topics": [
				"0xddf252ad1be2c89b69c2b068fc378daa952ba7f163c4a11628f55a4df523b3ef",
				"0x000000000000000000000000468b858c964f297fd8fce058032bf4b4911a8ad8",
				"0x0000000000000000000000006c42172a2ccf59cb40ae8effa93445071d619a96"
			],
			"transactionHash": "0xe7c1423dcb882b609069871cd876ad3a47bf9dcb3c61052047fdfd6c864db161",
			"transactionIndex": 36,
			"transactionLogIndex": "0x0",
			"type": "mined",
			"id": "log_27be775b"
		}
	],
	"logsBloom": "0x00000000000000000000000000020000000000000000000000000000000000000000000000000000000000000000000000000000000000000000000000000000000000000000010000000008000000000000000000000000000000000020000000000000000000000000000000000000000000000000000000000010000000000000000000000000000000000000000000000000000000000000000000000000000000000000000880000000000000000000000000000000000000010000000000001002000000000000000000000000040020000000000000000000000000000000000000000000000000000000000000000000000000000000000000000000",
	"root": null,
	"status": "0x1",
	"transactionHash": "0xe7c1423dcb882b609069871cd876ad3a47bf9dcb3c61052047fdfd6c864db161",
	"transactionIndex": 36
}
[2018-04-19T23:33:58.344] [DEBUG] trans - TO:   0xa3ae23bbabb8e2749259093ceee8f7c6d7a216a9
[2018-04-19T23:33:58.344] [DEBUG] trans - AMOUNT:   202428000000000000000
[2018-04-19T23:33:58.344] [DEBUG] trans - Receipt info:  {
	"blockHash": "0x6f91209dd38ea4cce2f00f1b759421f510a6b97cbce514377fd76bbcd3d4d4dc",
	"blockNumber": 5470844,
	"contractAddress": null,
	"cumulativeGasUsed": 1835849,
	"gasUsed": 51589,
	"logs": [
		{
			"address": "0x7e9e431a0B8c4D532C745B1043c7FA29a48D4fBa",
			"blockHash": "0x6f91209dd38ea4cce2f00f1b759421f510a6b97cbce514377fd76bbcd3d4d4dc",
			"blockNumber": 5470844,
			"data": "0x00000000000000000000000000000000000000000000000af940b97d90c60000",
			"logIndex": 35,
			"topics": [
				"0xddf252ad1be2c89b69c2b068fc378daa952ba7f163c4a11628f55a4df523b3ef",
				"0x000000000000000000000000468b858c964f297fd8fce058032bf4b4911a8ad8",
				"0x000000000000000000000000a3ae23bbabb8e2749259093ceee8f7c6d7a216a9"
			],
			"transactionHash": "0x4c5b21ab027dd2602bc28df32c32ff577d1c42541e85ac307dfac2e612dade9b",
			"transactionIndex": 38,
			"transactionLogIndex": "0x0",
			"type": "mined",
			"id": "log_ab20c69b"
		}
	],
	"logsBloom": "0x00000000000000000000000000020000000000000000000000000000000000000000000000000000000000000000000000000000000000000000000000000000000000000000010000000008000000000000000000000000000000000420000000000000000000000000000000000000000000000000000000000010000000000000000000000000000000000020000000000000000000000000000000002000000000000000000080000000000000000000000000000000000000010000000000001002000000000000000000000000000000000000000000000000000000000000000000000000000000000000000000000000000000000000000000000000",
	"root": null,
	"status": "0x1",
	"transactionHash": "0x4c5b21ab027dd2602bc28df32c32ff577d1c42541e85ac307dfac2e612dade9b",
	"transactionIndex": 38
}
[2018-04-19T23:33:58.344] [DEBUG] trans - TO:   0xa45f2bb35313727d30399e37c4b12c219275e864
[2018-04-19T23:33:58.344] [DEBUG] trans - AMOUNT:   202426300000000000000
[2018-04-19T23:33:58.344] [DEBUG] trans - Receipt info:  {
	"blockHash": "0x6f91209dd38ea4cce2f00f1b759421f510a6b97cbce514377fd76bbcd3d4d4dc",
	"blockNumber": 5470844,
	"contractAddress": null,
	"cumulativeGasUsed": 1887502,
	"gasUsed": 51653,
	"logs": [
		{
			"address": "0x7e9e431a0B8c4D532C745B1043c7FA29a48D4fBa",
			"blockHash": "0x6f91209dd38ea4cce2f00f1b759421f510a6b97cbce514377fd76bbcd3d4d4dc",
			"blockNumber": 5470844,
			"data": "0x00000000000000000000000000000000000000000000000af93aaf5978a7c000",
			"logIndex": 36,
			"topics": [
				"0xddf252ad1be2c89b69c2b068fc378daa952ba7f163c4a11628f55a4df523b3ef",
				"0x000000000000000000000000468b858c964f297fd8fce058032bf4b4911a8ad8",
				"0x000000000000000000000000a45f2bb35313727d30399e37c4b12c219275e864"
			],
			"transactionHash": "0xa29f9f3479928a511797a1e0576ccb90e3ce644b469fcaf7f2b857d6cb1fc5b6",
			"transactionIndex": 39,
			"transactionLogIndex": "0x0",
			"type": "mined",
			"id": "log_c1fdac84"
		}
	],
	"logsBloom": "0x00000000000000000000000000020000000000000000000000000000000000000000000000000000000000000000000000000000000000000000000000000000000000000000010000000008000000000000000000000000000000000020000000000000000000000000000000000000000010000000000000000010000000000000000000000000000000000000000000000000000000000000000040000000000000000000000080000000000000000000000000000000000000010000000000001002000000000000000000000000000000000000000000000000000000000000000000000000000000000008000000000000000000000000000000000000",
	"root": null,
	"status": "0x1",
	"transactionHash": "0xa29f9f3479928a511797a1e0576ccb90e3ce644b469fcaf7f2b857d6cb1fc5b6",
	"transactionIndex": 39
}
