[2018-04-17T23:30:47.310] [DEBUG] trans - TO:   0xc9c8a579d3be102b09b25f2239f69b2eca4ec183
[2018-04-17T23:30:47.310] [DEBUG] trans - AMOUNT:   130728800000000000000
[2018-04-17T23:30:47.311] [DEBUG] trans - Receipt info:  {
	"blockHash": "0x533464d32684747fc8059b3516d7b999149868894d96b619b220f6f3e9eda79d",
	"blockNumber": 5459235,
	"contractAddress": null,
	"cumulativeGasUsed": 1835423,
	"gasUsed": 51589,
	"logs": [
		{
			"address": "0x7e9e431a0B8c4D532C745B1043c7FA29a48D4fBa",
			"blockHash": "0x533464d32684747fc8059b3516d7b999149868894d96b619b220f6f3e9eda79d",
			"blockNumber": 5459235,
			"data": "0x0000000000000000000000000000000000000000000000071639fef819160000",
			"logIndex": 3,
			"topics": [
				"0xddf252ad1be2c89b69c2b068fc378daa952ba7f163c4a11628f55a4df523b3ef",
				"0x000000000000000000000000468b858c964f297fd8fce058032bf4b4911a8ad8",
				"0x000000000000000000000000c9c8a579d3be102b09b25f2239f69b2eca4ec183"
			],
			"transactionHash": "0x3b21c2469fa3b1fd494daba9d3ab1dc0423f0ead2daa57d95921b64cfd56d527",
			"transactionIndex": 80,
			"transactionLogIndex": "0x0",
			"type": "mined",
			"id": "log_5434d923"
		}
	],
	"logsBloom": "0x40000000000000000000000000020000000000000000000000000000000000000000000000000000000000000000000000000000000000000000000000400000000000000000010000000008000000000000000000000000000000000020000000000000000000000000000000000000000000000000000000000010000000000000000000000000000000000000000000000000000000000000000000000000000000000000000080000000000000000000000000000000000000010000000000001002000000000000000000000000000000000000000000000000000000000000000000000000400000000000000000000000000000000000000000000000",
	"root": null,
	"status": "0x1",
	"transactionHash": "0x3b21c2469fa3b1fd494daba9d3ab1dc0423f0ead2daa57d95921b64cfd56d527",
	"transactionIndex": 80
}
[2018-04-17T23:31:14.343] [DEBUG] trans - TO:   0x901c10a36b86325ae077b8ab131e683143b09971
[2018-04-17T23:31:14.343] [DEBUG] trans - AMOUNT:   130706100000000000000
[2018-04-17T23:31:14.343] [DEBUG] trans - Receipt info:  {
	"blockHash": "0x508fa483c7abdbd0965dc5e1d5eaddd1df14e5692fa3f70a3d038d012e5376ab",
	"blockNumber": 5459236,
	"contractAddress": null,
	"cumulativeGasUsed": 2255507,
	"gasUsed": 51653,
	"logs": [
		{
			"address": "0x7e9e431a0B8c4D532C745B1043c7FA29a48D4fBa",
			"blockHash": "0x508fa483c7abdbd0965dc5e1d5eaddd1df14e5692fa3f70a3d038d012e5376ab",
			"blockNumber": 5459236,
			"data": "0x00000000000000000000000000000000000000000000000715e959707caf4000",
			"logIndex": 47,
			"topics": [
				"0xddf252ad1be2c89b69c2b068fc378daa952ba7f163c4a11628f55a4df523b3ef",
				"0x000000000000000000000000468b858c964f297fd8fce058032bf4b4911a8ad8",
				"0x000000000000000000000000901c10a36b86325ae077b8ab131e683143b09971"
			],
			"transactionHash": "0xff1058b537a57b8dc96c55f41d868e47a29f31a12b0648d174ab13394169cfc4",
			"transactionIndex": 50,
			"transactionLogIndex": "0x0",
			"type": "mined",
			"id": "log_3b43ebb4"
		}
	],
	"logsBloom": "0x00000000000000000000000000020000000000000000000000000000000000000000000000000000000000000000000000000000000000000000000000000000000000000000010000000008000000000000000000000000000000000020000000000000000000000000000000000000000000000000000000000010000000000000000000000000000000000000000000000000000000000000000000000000000000000000000080000000000000000000008000000000000000010000000000001002000000010000000000000000000000000000000000000000000000000000000000000000000000000000000000000000000000000002000000000000",
	"root": null,
	"status": "0x1",
	"transactionHash": "0xff1058b537a57b8dc96c55f41d868e47a29f31a12b0648d174ab13394169cfc4",
	"transactionIndex": 50
}
[2018-04-17T23:31:14.344] [DEBUG] trans - TO:   0xc4ca4ff1b9fe574a8d596cdb99b541041770f6cf
[2018-04-17T23:31:14.344] [DEBUG] trans - AMOUNT:   130700300000000000000
[2018-04-17T23:31:14.344] [DEBUG] trans - Receipt info:  {
	"blockHash": "0x508fa483c7abdbd0965dc5e1d5eaddd1df14e5692fa3f70a3d038d012e5376ab",
	"blockNumber": 5459236,
	"contractAddress": null,
	"cumulativeGasUsed": 2307160,
	"gasUsed": 51653,
	"logs": [
		{
			"address": "0x7e9e431a0B8c4D532C745B1043c7FA29a48D4fBa",
			"blockHash": "0x508fa483c7abdbd0965dc5e1d5eaddd1df14e5692fa3f70a3d038d012e5376ab",
			"blockNumber": 5459236,
			"data": "0x00000000000000000000000000000000000000000000000715d4be5ec0fcc000",
			"logIndex": 48,
			"topics": [
				"0xddf252ad1be2c89b69c2b068fc378daa952ba7f163c4a11628f55a4df523b3ef",
				"0x000000000000000000000000468b858c964f297fd8fce058032bf4b4911a8ad8",
				"0x000000000000000000000000c4ca4ff1b9fe574a8d596cdb99b541041770f6cf"
			],
			"transactionHash": "0xbc4140501221da43debe30a26fffc8d9af8e7f8277e66e2045b6c13dade72ff1",
			"transactionIndex": 51,
			"transactionLogIndex": "0x0",
			"type": "mined",
			"id": "log_cf0e2369"
		}
	],
	"logsBloom": "0x00000000000000000000000000020000000000020000000000000000000000000000002000000000000000000000000000000000000000000000000000000000000000000000010000000008000000000000000000000000000000000020000000000000000000000000000000000000000000000000000000000010000000000000000000000000000000000000000000000000000000000000200000000000000000000000000080000000000000000000000000000000000000010000000000001002000000000000000000000000000000000000000000000000000000000000000000000000000000000000000000000000000000000000000000000000",
	"root": null,
	"status": "0x1",
	"transactionHash": "0xbc4140501221da43debe30a26fffc8d9af8e7f8277e66e2045b6c13dade72ff1",
	"transactionIndex": 51
}
[2018-04-17T23:31:14.345] [DEBUG] trans - TO:   0xb4b01747257702c36b3bd7318bbfbd829a0a11a0
[2018-04-17T23:31:14.345] [DEBUG] trans - AMOUNT:   130687600000000000000
[2018-04-17T23:31:14.345] [DEBUG] trans - Receipt info:  {
	"blockHash": "0x508fa483c7abdbd0965dc5e1d5eaddd1df14e5692fa3f70a3d038d012e5376ab",
	"blockNumber": 5459236,
	"contractAddress": null,
	"cumulativeGasUsed": 2513708,
	"gasUsed": 51589,
	"logs": [
		{
			"address": "0x7e9e431a0B8c4D532C745B1043c7FA29a48D4fBa",
			"blockHash": "0x508fa483c7abdbd0965dc5e1d5eaddd1df14e5692fa3f70a3d038d012e5376ab",
			"blockNumber": 5459236,
			"data": "0x00000000000000000000000000000000000000000000000715a79fc994570000",
			"logIndex": 52,
			"topics": [
				"0xddf252ad1be2c89b69c2b068fc378daa952ba7f163c4a11628f55a4df523b3ef",
				"0x000000000000000000000000468b858c964f297fd8fce058032bf4b4911a8ad8",
				"0x000000000000000000000000b4b01747257702c36b3bd7318bbfbd829a0a11a0"
			],
			"transactionHash": "0x2fe6f4038298b07614f67f38cdfa1cb3058d9f8fc78b05f0af90c4b6c7f1d323",
			"transactionIndex": 55,
			"transactionLogIndex": "0x0",
			"type": "mined",
			"id": "log_1b8c1231"
		}
	],
	"logsBloom": "0x00000000000000000000000000020000000000000000000000000000000000000000000000000000000000000000000000000000000000000000000000000000000000000000010000000008000000000000000000010000000000000020000000000000000000000010000000000000000000000000000000000010000000000000000000000000000000000000000000000000000000000000000000000000000000000000000080000000000000000000000000000000000000010000000000001002000000000000000000000000000000000000000000000000040000000000000000000000000000000000000000000000000000000000000000000000",
	"root": null,
	"status": "0x1",
	"transactionHash": "0x2fe6f4038298b07614f67f38cdfa1cb3058d9f8fc78b05f0af90c4b6c7f1d323",
	"transactionIndex": 55
}
[2018-04-17T23:31:14.345] [DEBUG] trans - TO:   0xb923d1cf5b5116e4c505ba8e4abb3e5956ab46df
[2018-04-17T23:31:14.345] [DEBUG] trans - AMOUNT:   130716100000000000000
[2018-04-17T23:31:14.346] [DEBUG] trans - Receipt info:  {
	"blockHash": "0x508fa483c7abdbd0965dc5e1d5eaddd1df14e5692fa3f70a3d038d012e5376ab",
	"blockNumber": 5459236,
	"contractAddress": null,
	"cumulativeGasUsed": 2203854,
	"gasUsed": 51653,
	"logs": [
		{
			"address": "0x7e9e431a0B8c4D532C745B1043c7FA29a48D4fBa",
			"blockHash": "0x508fa483c7abdbd0965dc5e1d5eaddd1df14e5692fa3f70a3d038d012e5376ab",
			"blockNumber": 5459236,
			"data": "0x000000000000000000000000000000000000000000000007160ce062ec704000",
			"logIndex": 46,
			"topics": [
				"0xddf252ad1be2c89b69c2b068fc378daa952ba7f163c4a11628f55a4df523b3ef",
				"0x000000000000000000000000468b858c964f297fd8fce058032bf4b4911a8ad8",
				"0x000000000000000000000000b923d1cf5b5116e4c505ba8e4abb3e5956ab46df"
			],
			"transactionHash": "0xdc0c259c68f91bf44f45558f16d6529ccac8b979241078e899d0e4966552ca67",
			"transactionIndex": 49,
			"transactionLogIndex": "0x0",
			"type": "mined",
			"id": "log_62df9fe6"
		}
	],
	"logsBloom": "0x00000000000000000000000000020000000000000000000000000000000000000000000000000000200000000000000000000000000000000000000000000000000000000000010000002008000000000000000000000000000000000020000000000000000000000000000000000000000000000000000000000010000000000000010000000000000000000000000000000000000000000000000000000000000000000000000080000000000000000000000000000000000000010000000000001002000000000000000000000000000000000000000000000000000000000000000000000000000000000000000000000000000000000000000000000000",
	"root": null,
	"status": "0x1",
	"transactionHash": "0xdc0c259c68f91bf44f45558f16d6529ccac8b979241078e899d0e4966552ca67",
	"transactionIndex": 49
}
[2018-04-17T23:31:14.346] [DEBUG] trans - TO:   0xc17ff2b1e8dbffd6928ca7d1be3e7e723ea4559c
[2018-04-17T23:31:14.346] [DEBUG] trans - AMOUNT:   130698500000000000000
[2018-04-17T23:31:14.346] [DEBUG] trans - Receipt info:  {
	"blockHash": "0x508fa483c7abdbd0965dc5e1d5eaddd1df14e5692fa3f70a3d038d012e5376ab",
	"blockNumber": 5459236,
	"contractAddress": null,
	"cumulativeGasUsed": 2358813,
	"gasUsed": 51653,
	"logs": [
		{
			"address": "0x7e9e431a0B8c4D532C745B1043c7FA29a48D4fBa",
			"blockHash": "0x508fa483c7abdbd0965dc5e1d5eaddd1df14e5692fa3f70a3d038d012e5376ab",
			"blockNumber": 5459236,
			"data": "0x00000000000000000000000000000000000000000000000715ce594798644000",
			"logIndex": 49,
			"topics": [
				"0xddf252ad1be2c89b69c2b068fc378daa952ba7f163c4a11628f55a4df523b3ef",
				"0x000000000000000000000000468b858c964f297fd8fce058032bf4b4911a8ad8",
				"0x000000000000000000000000c17ff2b1e8dbffd6928ca7d1be3e7e723ea4559c"
			],
			"transactionHash": "0xa7f8b712139b0acef1f639ffba5619fe4b9bdc3fcc63e986a24faf053c9203d2",
			"transactionIndex": 52,
			"transactionLogIndex": "0x0",
			"type": "mined",
			"id": "log_3fecb261"
		}
	],
	"logsBloom": "0x00000000000000000000000000020040000000000000400000000000000000000000000000000000000000000000000000000000000000000000000000000000000000000000010000000008000000000000000000000000000000000020000000000000000000000000000000000000000000000000000000000010000000000000000000000000000000000000000000000000000000000000000000000000000000000000000080000000000000000000000000000000000000010000000000001002000000000000000000000000000000000000000000000000000000000000000000000004000000000000000000000000000000000000000000000000",
	"root": null,
	"status": "0x1",
	"transactionHash": "0xa7f8b712139b0acef1f639ffba5619fe4b9bdc3fcc63e986a24faf053c9203d2",
	"transactionIndex": 52
}
[2018-04-17T23:31:14.346] [DEBUG] trans - TO:   0x8e094c56ebb1d0bfb2f70e2c912438ceb567e6d3
[2018-04-17T23:31:14.346] [DEBUG] trans - AMOUNT:   130694600000000000000
[2018-04-17T23:31:14.346] [DEBUG] trans - Receipt info:  {
	"blockHash": "0x508fa483c7abdbd0965dc5e1d5eaddd1df14e5692fa3f70a3d038d012e5376ab",
	"blockNumber": 5459236,
	"contractAddress": null,
	"cumulativeGasUsed": 2410466,
	"gasUsed": 51653,
	"logs": [
		{
			"address": "0x7e9e431a0B8c4D532C745B1043c7FA29a48D4fBa",
			"blockHash": "0x508fa483c7abdbd0965dc5e1d5eaddd1df14e5692fa3f70a3d038d012e5376ab",
			"blockNumber": 5459236,
			"data": "0x00000000000000000000000000000000000000000000000715c07e4015c48000",
			"logIndex": 50,
			"topics": [
				"0xddf252ad1be2c89b69c2b068fc378daa952ba7f163c4a11628f55a4df523b3ef",
				"0x000000000000000000000000468b858c964f297fd8fce058032bf4b4911a8ad8",
				"0x0000000000000000000000008e094c56ebb1d0bfb2f70e2c912438ceb567e6d3"
			],
			"transactionHash": "0x8d5e9c85df1216fd364dcfb45a282cb52793599e61848c894b3e3998cc7ae176",
			"transactionIndex": 53,
			"transactionLogIndex": "0x0",
			"type": "mined",
			"id": "log_d2ecfa4b"
		}
	],
	"logsBloom": "0x00000000000000000000000000020000000000000000000000000000000400000000000000000000000000000000000000000000000000000000000000000000000000000000010000000008000000000000000000000000000000000020000000000000000000000000000000000000000000000000000000000010000000000000000000000000000000000000000000000000000200000000000000004000000000000000000080000000000000000000000000000000000000010000000000001002000000000000000000000000000000000000000000000000000000000000000000000000000000000000000000000000000000000000000000000000",
	"root": null,
	"status": "0x1",
	"transactionHash": "0x8d5e9c85df1216fd364dcfb45a282cb52793599e61848c894b3e3998cc7ae176",
	"transactionIndex": 53
}
[2018-04-17T23:31:14.347] [DEBUG] trans - TO:   0x6f8935eb853fabed753befc7203690775721ed81
[2018-04-17T23:31:14.347] [DEBUG] trans - AMOUNT:   130688300000000000000
[2018-04-17T23:31:14.347] [DEBUG] trans - Receipt info:  {
	"blockHash": "0x508fa483c7abdbd0965dc5e1d5eaddd1df14e5692fa3f70a3d038d012e5376ab",
	"blockNumber": 5459236,
	"contractAddress": null,
	"cumulativeGasUsed": 2462119,
	"gasUsed": 51653,
	"logs": [
		{
			"address": "0x7e9e431a0B8c4D532C745B1043c7FA29a48D4fBa",
			"blockHash": "0x508fa483c7abdbd0965dc5e1d5eaddd1df14e5692fa3f70a3d038d012e5376ab",
			"blockNumber": 5459236,
			"data": "0x00000000000000000000000000000000000000000000000715aa1c6f07aec000",
			"logIndex": 51,
			"topics": [
				"0xddf252ad1be2c89b69c2b068fc378daa952ba7f163c4a11628f55a4df523b3ef",
				"0x000000000000000000000000468b858c964f297fd8fce058032bf4b4911a8ad8",
				"0x0000000000000000000000006f8935eb853fabed753befc7203690775721ed81"
			],
			"transactionHash": "0x1c3e1bd4d6922a109a8401307e00496bfe8ca79b609bcff97fbf7356b82080fb",
			"transactionIndex": 54,
			"transactionLogIndex": "0x0",
			"type": "mined",
			"id": "log_16720c9e"
		}
	],
	"logsBloom": "0x00000000000000000000000000020000000000000000000000000000000000000000000000020000000000000000000000000000000000000000000000000000000000000000010000000008000000000000000001000000000000000020008000000000000000000000000000000000000000000000000000000010000000000000000000000000000000000000000000000000000000000000000000000000000000000000000080000000000000000000000000000000000000010000000000001002000000000000000000000000000000000000000000000000000000000000000000000000000000000000000000000000000000000000000000000000",
	"root": null,
	"status": "0x1",
	"transactionHash": "0x1c3e1bd4d6922a109a8401307e00496bfe8ca79b609bcff97fbf7356b82080fb",
	"transactionIndex": 54
}
[2018-04-17T23:31:14.347] [DEBUG] trans - TO:   0x32ffbc95633a8fb089d9de0d34092831dbcb7823
[2018-04-17T23:31:14.347] [DEBUG] trans - AMOUNT:   130666900000000000000
[2018-04-17T23:31:14.347] [DEBUG] trans - Receipt info:  {
	"blockHash": "0x508fa483c7abdbd0965dc5e1d5eaddd1df14e5692fa3f70a3d038d012e5376ab",
	"blockNumber": 5459236,
	"contractAddress": null,
	"cumulativeGasUsed": 2720192,
	"gasUsed": 51653,
	"logs": [
		{
			"address": "0x7e9e431a0B8c4D532C745B1043c7FA29a48D4fBa",
			"blockHash": "0x508fa483c7abdbd0965dc5e1d5eaddd1df14e5692fa3f70a3d038d012e5376ab",
			"blockNumber": 5459236,
			"data": "0x000000000000000000000000000000000000000000000007155e153f417d4000",
			"logIndex": 56,
			"topics": [
				"0xddf252ad1be2c89b69c2b068fc378daa952ba7f163c4a11628f55a4df523b3ef",
				"0x000000000000000000000000468b858c964f297fd8fce058032bf4b4911a8ad8",
				"0x00000000000000000000000032ffbc95633a8fb089d9de0d34092831dbcb7823"
			],
			"transactionHash": "0x426468bcbb165956c8fc31de1dd7a32cdbfa4e56fbf5493adc93115bab4010f8",
			"transactionIndex": 59,
			"transactionLogIndex": "0x0",
			"type": "mined",
			"id": "log_5ef1fc07"
		}
	],
	"logsBloom": "0x00000000000000000000000000020000000000000000000000000000000000000040000000000000000000000000000000000000000000000000000000000000000000000000010010000008000000000000000000000000000000000020000000000000000000000000000000000000000000000000000000000010000000000000000000000000000000000000000000000000000000000000000000000000000000000000000080000000000000000000000000000000000000010000000000001002000000000000000000000000000000000000000000002000000000000000000000000000000000000000000000000000000000000000000000000000",
	"root": null,
	"status": "0x1",
	"transactionHash": "0x426468bcbb165956c8fc31de1dd7a32cdbfa4e56fbf5493adc93115bab4010f8",
	"transactionIndex": 59
}
[2018-04-17T23:31:14.348] [DEBUG] trans - TO:   0xa2ed194a7be09488d54e5251515c217346328327
[2018-04-17T23:31:14.348] [DEBUG] trans - AMOUNT:   130678000000000000000
[2018-04-17T23:31:14.348] [DEBUG] trans - Receipt info:  {
	"blockHash": "0x508fa483c7abdbd0965dc5e1d5eaddd1df14e5692fa3f70a3d038d012e5376ab",
	"blockNumber": 5459236,
	"contractAddress": null,
	"cumulativeGasUsed": 2565297,
	"gasUsed": 51589,
	"logs": [
		{
			"address": "0x7e9e431a0B8c4D532C745B1043c7FA29a48D4fBa",
			"blockHash": "0x508fa483c7abdbd0965dc5e1d5eaddd1df14e5692fa3f70a3d038d012e5376ab",
			"blockNumber": 5459236,
			"data": "0x000000000000000000000000000000000000000000000007158584a3667f0000",
			"logIndex": 53,
			"topics": [
				"0xddf252ad1be2c89b69c2b068fc378daa952ba7f163c4a11628f55a4df523b3ef",
				"0x000000000000000000000000468b858c964f297fd8fce058032bf4b4911a8ad8",
				"0x000000000000000000000000a2ed194a7be09488d54e5251515c217346328327"
			],
			"transactionHash": "0x5175b03eaff523f17169a7d0f5329bdacbe3d14d54f958a7943fc8e3696241a6",
			"transactionIndex": 56,
			"transactionLogIndex": "0x0",
			"type": "mined",
			"id": "log_f4fb0154"
		}
	],
	"logsBloom": "0x00000000000000000000000000020000000000000000000000000000000000000000000000000000000000000000000000000000000000000000000000000000000000000000010000000008000000000000000000000000000000000020000000000000000000000000000000000000000000000000000004000010000000000000000000000000000000000000000000000000000000000000000000000000008000000000000080000000000000000000000000000000000000010000000080001002000000000000000000000000000000000000000000000000000000000000000000000000000000000000000000000000000000000000000000000000",
	"root": null,
	"status": "0x1",
	"transactionHash": "0x5175b03eaff523f17169a7d0f5329bdacbe3d14d54f958a7943fc8e3696241a6",
	"transactionIndex": 56
}
[2018-04-17T23:31:14.348] [DEBUG] trans - TO:   0xae71fc9c16fde0ba376aaa492092d8da98476a52
[2018-04-17T23:31:14.348] [DEBUG] trans - AMOUNT:   130677300000000000000
[2018-04-17T23:31:14.348] [DEBUG] trans - Receipt info:  {
	"blockHash": "0x508fa483c7abdbd0965dc5e1d5eaddd1df14e5692fa3f70a3d038d012e5376ab",
	"blockNumber": 5459236,
	"contractAddress": null,
	"cumulativeGasUsed": 2616950,
	"gasUsed": 51653,
	"logs": [
		{
			"address": "0x7e9e431a0B8c4D532C745B1043c7FA29a48D4fBa",
			"blockHash": "0x508fa483c7abdbd0965dc5e1d5eaddd1df14e5692fa3f70a3d038d012e5376ab",
			"blockNumber": 5459236,
			"data": "0x000000000000000000000000000000000000000000000007158307fdf3274000",
			"logIndex": 54,
			"topics": [
				"0xddf252ad1be2c89b69c2b068fc378daa952ba7f163c4a11628f55a4df523b3ef",
				"0x000000000000000000000000468b858c964f297fd8fce058032bf4b4911a8ad8",
				"0x000000000000000000000000ae71fc9c16fde0ba376aaa492092d8da98476a52"
			],
			"transactionHash": "0x6f36fc3fce97ae0c84e66346900b75e14fd06b42771b4ac0b6fbdab5873b51e0",
			"transactionIndex": 57,
			"transactionLogIndex": "0x0",
			"type": "mined",
			"id": "log_c9ae02ed"
		}
	],
	"logsBloom": "0x00000000000000000000000001020000000000000000000000000000000000000000000000000000000000000000000000000000000000000000000000000000000000000000010000000008000000000000000000080000000000000020000000000000000000000000000000000000000000000000000000000010000000000000000000000000000000000000000000000000000000000000000000000000000000000000000080000000000000020000000000000000000000010000000000001002000000000000000000000000000000000000000000000000000000000000000000000000000000000000000000000000000000000000000000000000",
	"root": null,
	"status": "0x1",
	"transactionHash": "0x6f36fc3fce97ae0c84e66346900b75e14fd06b42771b4ac0b6fbdab5873b51e0",
	"transactionIndex": 57
}
[2018-04-17T23:31:14.348] [DEBUG] trans - TO:   0xfd09b1704b196fa9dc052b171f98579ae569cc40
[2018-04-17T23:31:14.348] [DEBUG] trans - AMOUNT:   130652400000000000000
[2018-04-17T23:31:14.348] [DEBUG] trans - Receipt info:  {
	"blockHash": "0x508fa483c7abdbd0965dc5e1d5eaddd1df14e5692fa3f70a3d038d012e5376ab",
	"blockNumber": 5459236,
	"contractAddress": null,
	"cumulativeGasUsed": 2978201,
	"gasUsed": 51589,
	"logs": [
		{
			"address": "0x7e9e431a0B8c4D532C745B1043c7FA29a48D4fBa",
			"blockHash": "0x508fa483c7abdbd0965dc5e1d5eaddd1df14e5692fa3f70a3d038d012e5376ab",
			"blockNumber": 5459236,
			"data": "0x000000000000000000000000000000000000000000000007152a9192ec3f0000",
			"logIndex": 61,
			"topics": [
				"0xddf252ad1be2c89b69c2b068fc378daa952ba7f163c4a11628f55a4df523b3ef",
				"0x000000000000000000000000468b858c964f297fd8fce058032bf4b4911a8ad8",
				"0x000000000000000000000000fd09b1704b196fa9dc052b171f98579ae569cc40"
			],
			"transactionHash": "0x2bef61ab48d8c6acdd9aba18d51268f6d6b874f9192a9a6dcd7f0b77e0e183c2",
			"transactionIndex": 64,
			"transactionLogIndex": "0x0",
			"type": "mined",
			"id": "log_aeefd17d"
		}
	],
	"logsBloom": "0x00000000000000000000000000020000000000000000000000000000000000000000000000000000000000000000000000000000000000000000000000000000000000000000010000000008000000000000000000000000000000000020000000000000000000000000000000000000040000000000000000000010000000000000000000000000000000000000000000000000000000000000000000000000000000000000000080000000000000000000000000000000000000010000000000001002000000000000800000000000000000000000000000000008000000000000000000000000000000000000000000000000000000000000000000000000",
	"root": null,
	"status": "0x1",
	"transactionHash": "0x2bef61ab48d8c6acdd9aba18d51268f6d6b874f9192a9a6dcd7f0b77e0e183c2",
	"transactionIndex": 64
}
[2018-04-17T23:31:14.349] [DEBUG] trans - TO:   0x2fe69c9c3ff071759d28365b01378d616dcfe806
[2018-04-17T23:31:14.349] [DEBUG] trans - AMOUNT:   130668000000000000000
[2018-04-17T23:31:14.349] [DEBUG] trans - Receipt info:  {
	"blockHash": "0x508fa483c7abdbd0965dc5e1d5eaddd1df14e5692fa3f70a3d038d012e5376ab",
	"blockNumber": 5459236,
	"contractAddress": null,
	"cumulativeGasUsed": 2668539,
	"gasUsed": 51589,
	"logs": [
		{
			"address": "0x7e9e431a0B8c4D532C745B1043c7FA29a48D4fBa",
			"blockHash": "0x508fa483c7abdbd0965dc5e1d5eaddd1df14e5692fa3f70a3d038d012e5376ab",
			"blockNumber": 5459236,
			"data": "0x0000000000000000000000000000000000000000000000071561fdb0f6be0000",
			"logIndex": 55,
			"topics": [
				"0xddf252ad1be2c89b69c2b068fc378daa952ba7f163c4a11628f55a4df523b3ef",
				"0x000000000000000000000000468b858c964f297fd8fce058032bf4b4911a8ad8",
				"0x0000000000000000000000002fe69c9c3ff071759d28365b01378d616dcfe806"
			],
			"transactionHash": "0x25c4f016fcc7d898e65be86f464ac18f97f7bc206cb8317224bfb41d998e63f0",
			"transactionIndex": 58,
			"transactionLogIndex": "0x0",
			"type": "mined",
			"id": "log_eff41c4c"
		}
	],
	"logsBloom": "0x01000000000000080000000000020000000000000000000000000000000000000000000000000000000000000000000000000000000000000000000000000000000000000000010000000008000000000000000000000000000000000020000000000000000000000000000000000000000000000000000000000010000000000000000000000000000000000000000000000000000000000000000000000000000000000000000080000000000000000000000000000000000000090000000000001002000000000000000000000000000000000000000000000000000000000000000000000000000000000000000000000000000000000000000000000000",
	"root": null,
	"status": "0x1",
	"transactionHash": "0x25c4f016fcc7d898e65be86f464ac18f97f7bc206cb8317224bfb41d998e63f0",
	"transactionIndex": 58
}
[2018-04-17T23:31:14.349] [DEBUG] trans - TO:   0x5bc190f8ed188958bdb939bb5c8a54a3f9a81398
[2018-04-17T23:31:14.349] [DEBUG] trans - AMOUNT:   130656400000000000000
[2018-04-17T23:31:14.349] [DEBUG] trans - Receipt info:  {
	"blockHash": "0x508fa483c7abdbd0965dc5e1d5eaddd1df14e5692fa3f70a3d038d012e5376ab",
	"blockNumber": 5459236,
	"contractAddress": null,
	"cumulativeGasUsed": 2823306,
	"gasUsed": 51589,
	"logs": [
		{
			"address": "0x7e9e431a0B8c4D532C745B1043c7FA29a48D4fBa",
			"blockHash": "0x508fa483c7abdbd0965dc5e1d5eaddd1df14e5692fa3f70a3d038d012e5376ab",
			"blockNumber": 5459236,
			"data": "0x0000000000000000000000000000000000000000000000071538c78d7f590000",
			"logIndex": 58,
			"topics": [
				"0xddf252ad1be2c89b69c2b068fc378daa952ba7f163c4a11628f55a4df523b3ef",
				"0x000000000000000000000000468b858c964f297fd8fce058032bf4b4911a8ad8",
				"0x0000000000000000000000005bc190f8ed188958bdb939bb5c8a54a3f9a81398"
			],
			"transactionHash": "0x175aa1697f44d86278689387cbb5a98da6d6137118a9f9ee60cb38ec095ea7d9",
			"transactionIndex": 61,
			"transactionLogIndex": "0x0",
			"type": "mined",
			"id": "log_0093e464"
		}
	],
	"logsBloom": "0x00000000000800000000000000020000000000000000000000000000000000000000000000000000000000000000000000000000000008000000000000000000000000000000010000000008000000000000000000000000000000000020000000000000000000000000000000000000000000000000000000000010000000000000000000000000000000000000000000001000000000000000000000000000000000000000000080000000000000000000000000000000000000010000000000001002000000000000000000000000000000000000000000000000000000000000000000000000000000000000000000000000000000000000000000000000",
	"root": null,
	"status": "0x1",
	"transactionHash": "0x175aa1697f44d86278689387cbb5a98da6d6137118a9f9ee60cb38ec095ea7d9",
	"transactionIndex": 61
}
[2018-04-17T23:31:14.349] [DEBUG] trans - TO:   0x3eff68bdd4221c4dbb842d1e768c1a61ab8b28fa
[2018-04-17T23:31:14.349] [DEBUG] trans - AMOUNT:   130656100000000000000
[2018-04-17T23:31:14.349] [DEBUG] trans - Receipt info:  {
	"blockHash": "0x508fa483c7abdbd0965dc5e1d5eaddd1df14e5692fa3f70a3d038d012e5376ab",
	"blockNumber": 5459236,
	"contractAddress": null,
	"cumulativeGasUsed": 2874959,
	"gasUsed": 51653,
	"logs": [
		{
			"address": "0x7e9e431a0B8c4D532C745B1043c7FA29a48D4fBa",
			"blockHash": "0x508fa483c7abdbd0965dc5e1d5eaddd1df14e5692fa3f70a3d038d012e5376ab",
			"blockNumber": 5459236,
			"data": "0x0000000000000000000000000000000000000000000000071537b6b44dea4000",
			"logIndex": 59,
			"topics": [
				"0xddf252ad1be2c89b69c2b068fc378daa952ba7f163c4a11628f55a4df523b3ef",
				"0x000000000000000000000000468b858c964f297fd8fce058032bf4b4911a8ad8",
				"0x0000000000000000000000003eff68bdd4221c4dbb842d1e768c1a61ab8b28fa"
			],
			"transactionHash": "0xe619f25e46e296099c6c9402d75fce006d404eec391e433695f2b8c95caba17a",
			"transactionIndex": 62,
			"transactionLogIndex": "0x0",
			"type": "mined",
			"id": "log_a12d97fe"
		}
	],
	"logsBloom": "0x00000000000000000000000000020000400000000000000000000000000000000000000000000000000000000000000000000000000000000000000000000000000000000000010000000008000000000000000000000000000000000020000000000000000000000000000000000000000000000000000000000014000000000000000000000000000000000000000000000000100000000000000000000000000000000000000080000000000000000000000000000000000000010000000000001002000000000000000000000000000000000000000000000000000000000000000000000000000000000000000000000000000000000000000000000000",
	"root": null,
	"status": "0x1",
	"transactionHash": "0xe619f25e46e296099c6c9402d75fce006d404eec391e433695f2b8c95caba17a",
	"transactionIndex": 62
}
[2018-04-17T23:31:14.350] [DEBUG] trans - TO:   0xeaa9671cbb118284984ca25b436586b332f24de2
[2018-04-17T23:31:14.350] [DEBUG] trans - AMOUNT:   130662400000000000000
[2018-04-17T23:31:14.350] [DEBUG] trans - Receipt info:  {
	"blockHash": "0x508fa483c7abdbd0965dc5e1d5eaddd1df14e5692fa3f70a3d038d012e5376ab",
	"blockNumber": 5459236,
	"contractAddress": null,
	"cumulativeGasUsed": 2771717,
	"gasUsed": 51525,
	"logs": [
		{
			"address": "0x7e9e431a0B8c4D532C745B1043c7FA29a48D4fBa",
			"blockHash": "0x508fa483c7abdbd0965dc5e1d5eaddd1df14e5692fa3f70a3d038d012e5376ab",
			"blockNumber": 5459236,
			"data": "0x000000000000000000000000000000000000000000000007154e18855c000000",
			"logIndex": 57,
			"topics": [
				"0xddf252ad1be2c89b69c2b068fc378daa952ba7f163c4a11628f55a4df523b3ef",
				"0x000000000000000000000000468b858c964f297fd8fce058032bf4b4911a8ad8",
				"0x000000000000000000000000eaa9671cbb118284984ca25b436586b332f24de2"
			],
			"transactionHash": "0xacdbdecece29f29f484721524e40e79e9c972befa0104c989c02af51157ddd9c",
			"transactionIndex": 60,
			"transactionLogIndex": "0x0",
			"type": "mined",
			"id": "log_abe8a142"
		}
	],
	"logsBloom": "0x40000000000000000000000000020000000000000000000000000000000000000000000000000000000002000000000000000000000080000000000000000000000000000000010000000008000000000000000000000000000000000020000000000000000000000000000000000000000000000000000000000010000000000000000000000000000000000000000000000000000000000000000000000000000000000000000080000000000000000000000000000000000000010000000000001002000000000000000000000000000000000000000000000000000000000000000000000000000000000000000000000000000000000000000000000000",
	"root": null,
	"status": "0x1",
	"transactionHash": "0xacdbdecece29f29f484721524e40e79e9c972befa0104c989c02af51157ddd9c",
	"transactionIndex": 60
}
[2018-04-17T23:31:14.350] [DEBUG] trans - TO:   0x91a751afa08c04a4e0ad6bef07ba9426b359f095
[2018-04-17T23:31:14.350] [DEBUG] trans - AMOUNT:   130647800000000000000
[2018-04-17T23:31:14.350] [DEBUG] trans - Receipt info:  {
	"blockHash": "0x508fa483c7abdbd0965dc5e1d5eaddd1df14e5692fa3f70a3d038d012e5376ab",
	"blockNumber": 5459236,
	"contractAddress": null,
	"cumulativeGasUsed": 3081507,
	"gasUsed": 51653,
	"logs": [
		{
			"address": "0x7e9e431a0B8c4D532C745B1043c7FA29a48D4fBa",
			"blockHash": "0x508fa483c7abdbd0965dc5e1d5eaddd1df14e5692fa3f70a3d038d012e5376ab",
			"blockNumber": 5459236,
			"data": "0x000000000000000000000000000000000000000000000007151a39e5f6478000",
			"logIndex": 63,
			"topics": [
				"0xddf252ad1be2c89b69c2b068fc378daa952ba7f163c4a11628f55a4df523b3ef",
				"0x000000000000000000000000468b858c964f297fd8fce058032bf4b4911a8ad8",
				"0x00000000000000000000000091a751afa08c04a4e0ad6bef07ba9426b359f095"
			],
			"transactionHash": "0x623a564813308e72bbf28417ba5fc482d3cac687438e8ce55aec9ed7fb9feee9",
			"transactionIndex": 66,
			"transactionLogIndex": "0x0",
			"type": "mined",
			"id": "log_b4caea1a"
		}
	],
	"logsBloom": "0x00000000000000000000000000020000000000000000000000000000000000000000000000000000000000000000000000000000000000000000000000000000000000000000010000000008000000000000000000000000000000000020000000000000000000000000000000000000000000000000000000000010000000000000000000000000000000000000000000000000000000000000000000000040000200000000000080000000000000000000000000000000000000010000000000001002000000000000000000000020000000000000000000000000000000000000000000000000000000000000000000000000000000000000000000000000",
	"root": null,
	"status": "0x1",
	"transactionHash": "0x623a564813308e72bbf28417ba5fc482d3cac687438e8ce55aec9ed7fb9feee9",
	"transactionIndex": 66
}
[2018-04-17T23:31:14.350] [DEBUG] trans - TO:   0x4aac008ebb949c77e52d668b48ea7d8055459787
[2018-04-17T23:31:14.351] [DEBUG] trans - AMOUNT:   130641000000000000000
[2018-04-17T23:31:14.351] [DEBUG] trans - Receipt info:  {
	"blockHash": "0x508fa483c7abdbd0965dc5e1d5eaddd1df14e5692fa3f70a3d038d012e5376ab",
	"blockNumber": 5459236,
	"contractAddress": null,
	"cumulativeGasUsed": 3184749,
	"gasUsed": 51589,
	"logs": [
		{
			"address": "0x7e9e431a0B8c4D532C745B1043c7FA29a48D4fBa",
			"blockHash": "0x508fa483c7abdbd0965dc5e1d5eaddd1df14e5692fa3f70a3d038d012e5376ab",
			"blockNumber": 5459236,
			"data": "0x0000000000000000000000000000000000000000000000071502115595ce8000",
			"logIndex": 65,
			"topics": [
				"0xddf252ad1be2c89b69c2b068fc378daa952ba7f163c4a11628f55a4df523b3ef",
				"0x000000000000000000000000468b858c964f297fd8fce058032bf4b4911a8ad8",
				"0x0000000000000000000000004aac008ebb949c77e52d668b48ea7d8055459787"
			],
			"transactionHash": "0x61ee7fb4a3b166e35b5a87eb70121c3f1bd587f9af8a818a971dd94a72a43698",
			"transactionIndex": 68,
			"transactionLogIndex": "0x0",
			"type": "mined",
			"id": "log_aca5b882"
		}
	],
	"logsBloom": "0x00000000000000000000000000020000000000000000000000000000000000000000000000000000000000000000100000000000000000000000000000000000000000000000010000000008000000000000000000000000000000000020000000000000000000020000000000000000000000000000000000000010000000000000000000000000000000000000000000000000000000000010000000000000000000000000000080000000000000000000000000000000000000010000000000001002000000000000000000000000000000000000000000000000000000000000000000000000000000000000000000000000000000000000000000000000",
	"root": null,
	"status": "0x1",
	"transactionHash": "0x61ee7fb4a3b166e35b5a87eb70121c3f1bd587f9af8a818a971dd94a72a43698",
	"transactionIndex": 68
}
[2018-04-17T23:31:14.351] [DEBUG] trans - TO:   0xbab9b34a3eccdb9784065562e48a17e458a7d542
[2018-04-17T23:31:14.351] [DEBUG] trans - AMOUNT:   130650600000000000000
[2018-04-17T23:31:14.351] [DEBUG] trans - Receipt info:  {
	"blockHash": "0x508fa483c7abdbd0965dc5e1d5eaddd1df14e5692fa3f70a3d038d012e5376ab",
	"blockNumber": 5459236,
	"contractAddress": null,
	"cumulativeGasUsed": 3029854,
	"gasUsed": 51653,
	"logs": [
		{
			"address": "0x7e9e431a0B8c4D532C745B1043c7FA29a48D4fBa",
			"blockHash": "0x508fa483c7abdbd0965dc5e1d5eaddd1df14e5692fa3f70a3d038d012e5376ab",
			"blockNumber": 5459236,
			"data": "0x00000000000000000000000000000000000000000000000715242c7bc3a68000",
			"logIndex": 62,
			"topics": [
				"0xddf252ad1be2c89b69c2b068fc378daa952ba7f163c4a11628f55a4df523b3ef",
				"0x000000000000000000000000468b858c964f297fd8fce058032bf4b4911a8ad8",
				"0x000000000000000000000000bab9b34a3eccdb9784065562e48a17e458a7d542"
			],
			"transactionHash": "0x84098d469fb8f487fd835a8473e2667ac6fddd53856bcd5a3d80d237873bb1fd",
			"transactionIndex": 65,
			"transactionLogIndex": "0x0",
			"type": "mined",
			"id": "log_bf45aec8"
		}
	],
	"logsBloom": "0x000000000000000000000000000200000000000000000000000000000000000000000000000000000000000000000000000000000000000000000000000000000000000000000100000000080040000000000000000000000000000000200000000000000000000000000000000000000000000000000000000000100000000000000000000000000000000000000000000000000000000000000000000000000000000000000000a0000000000000000000000000000000000000010000000000001002000000000000000000000000000000000000000000000000000000000000000000000000000000000000000000000000010000000000000000000000",
	"root": null,
	"status": "0x1",
	"transactionHash": "0x84098d469fb8f487fd835a8473e2667ac6fddd53856bcd5a3d80d237873bb1fd",
	"transactionIndex": 65
}
[2018-04-17T23:31:14.352] [DEBUG] trans - TO:   0xc00454ae9446c39c199b7f55a766e3d8578cda6c
[2018-04-17T23:31:14.352] [DEBUG] trans - AMOUNT:   130643800000000000000
[2018-04-17T23:31:14.352] [DEBUG] trans - Receipt info:  {
	"blockHash": "0x508fa483c7abdbd0965dc5e1d5eaddd1df14e5692fa3f70a3d038d012e5376ab",
	"blockNumber": 5459236,
	"contractAddress": null,
	"cumulativeGasUsed": 3133160,
	"gasUsed": 51653,
	"logs": [
		{
			"address": "0x7e9e431a0B8c4D532C745B1043c7FA29a48D4fBa",
			"blockHash": "0x508fa483c7abdbd0965dc5e1d5eaddd1df14e5692fa3f70a3d038d012e5376ab",
			"blockNumber": 5459236,
			"data": "0x000000000000000000000000000000000000000000000007150c03eb632d8000",
			"logIndex": 64,
			"topics": [
				"0xddf252ad1be2c89b69c2b068fc378daa952ba7f163c4a11628f55a4df523b3ef",
				"0x000000000000000000000000468b858c964f297fd8fce058032bf4b4911a8ad8",
				"0x000000000000000000000000c00454ae9446c39c199b7f55a766e3d8578cda6c"
			],
			"transactionHash": "0xa09f166dd52b4b724dc6f183e875a146fd76b7cbb936d13485e54790a4a6bcd6",
			"transactionIndex": 67,
			"transactionLogIndex": "0x0",
			"type": "mined",
			"id": "log_4b449b02"
		}
	],
	"logsBloom": "0x00000000000000000000000000020000000000000000000000000000000000000000000000000000000000000000000000000000000000000000000000000000000000000000010000000008000000000004000000000000000000000020000000000000000000000000000000000000000000000000000000000010000000000000000000080000000000000000000000000000000000001000000000000000000000000000000080000000000000000000000000000000000000010000000000001002000000000000000000000000000000000000000000000000000000000000000000000000000000000000000000000000000000000000000000000000",
	"root": null,
	"status": "0x1",
	"transactionHash": "0xa09f166dd52b4b724dc6f183e875a146fd76b7cbb936d13485e54790a4a6bcd6",
	"transactionIndex": 67
}
[2018-04-17T23:31:14.352] [DEBUG] trans - TO:   0x04d4a0f868ab1ea60eaf4bcff473f57f57060603
[2018-04-17T23:31:14.352] [DEBUG] trans - AMOUNT:   130640700000000000000
[2018-04-17T23:31:14.352] [DEBUG] trans - Receipt info:  {
	"blockHash": "0x508fa483c7abdbd0965dc5e1d5eaddd1df14e5692fa3f70a3d038d012e5376ab",
	"blockNumber": 5459236,
	"contractAddress": null,
	"cumulativeGasUsed": 3236338,
	"gasUsed": 51589,
	"logs": [
		{
			"address": "0x7e9e431a0B8c4D532C745B1043c7FA29a48D4fBa",
			"blockHash": "0x508fa483c7abdbd0965dc5e1d5eaddd1df14e5692fa3f70a3d038d012e5376ab",
			"blockNumber": 5459236,
			"data": "0x0000000000000000000000000000000000000000000000071501007c645fc000",
			"logIndex": 66,
			"topics": [
				"0xddf252ad1be2c89b69c2b068fc378daa952ba7f163c4a11628f55a4df523b3ef",
				"0x000000000000000000000000468b858c964f297fd8fce058032bf4b4911a8ad8",
				"0x00000000000000000000000004d4a0f868ab1ea60eaf4bcff473f57f57060603"
			],
			"transactionHash": "0x8ea606dc859f75a49fd8bce7cb9af4fb96fa2a943b0bc35427c1ec5b1d2c0157",
			"transactionIndex": 69,
			"transactionLogIndex": "0x0",
			"type": "mined",
			"id": "log_e75ffd4d"
		}
	],
	"logsBloom": "0x00000000000000000000000000020000100000000000000000000000000000000000000000000000000000000000000000000000000000000000000000000000000000000000010000000008000000000000000000000000000000000020000000000000000100000000000000000000000000000000000000000010000000000000000000000000000000000000000000000000000000000000000000000000000000000000000080000000400000000000000000000000000000010000000000001002000000000000000000000000000000000000000000000000000000000000000000000000000000000000000000000000000000000000000000000000",
	"root": null,
	"status": "0x1",
	"transactionHash": "0x8ea606dc859f75a49fd8bce7cb9af4fb96fa2a943b0bc35427c1ec5b1d2c0157",
	"transactionIndex": 69
}
[2018-04-17T23:31:14.353] [DEBUG] trans - TO:   0x8a1a70a477bc47e3965ce9e7963ea2d414182e84
[2018-04-17T23:31:14.353] [DEBUG] trans - AMOUNT:   130653900000000000000
[2018-04-17T23:31:14.353] [DEBUG] trans - Receipt info:  {
	"blockHash": "0x508fa483c7abdbd0965dc5e1d5eaddd1df14e5692fa3f70a3d038d012e5376ab",
	"blockNumber": 5459236,
	"contractAddress": null,
	"cumulativeGasUsed": 2926612,
	"gasUsed": 51653,
	"logs": [
		{
			"address": "0x7e9e431a0B8c4D532C745B1043c7FA29a48D4fBa",
			"blockHash": "0x508fa483c7abdbd0965dc5e1d5eaddd1df14e5692fa3f70a3d038d012e5376ab",
			"blockNumber": 5459236,
			"data": "0x000000000000000000000000000000000000000000000007152fe5d0e368c000",
			"logIndex": 60,
			"topics": [
				"0xddf252ad1be2c89b69c2b068fc378daa952ba7f163c4a11628f55a4df523b3ef",
				"0x000000000000000000000000468b858c964f297fd8fce058032bf4b4911a8ad8",
				"0x0000000000000000000000008a1a70a477bc47e3965ce9e7963ea2d414182e84"
			],
			"transactionHash": "0x1f1cf1279bd3920f483b0d41628d17322febc3c13145d2abf68324b23e2d60ee",
			"transactionIndex": 63,
			"transactionLogIndex": "0x0",
			"type": "mined",
			"id": "log_45292a3e"
		}
	],
	"logsBloom": "0x00000000000000000000000000020000000000000000000000000000000000000000000000000000000000000000000000000000000000000000000000000000080000000000010000000008000000000000000000000000000000000020000000000008000000000000000000000000000000000000000000000010000000000000000000000000000000000000000000000000000000000000000000000000000000000000000080000000000000000000000000000000000000010000000000001002000000000000000000000000000000000000000000000000000000000000000000000000000000000000000000000008000000000000000000000000",
	"root": null,
	"status": "0x1",
	"transactionHash": "0x1f1cf1279bd3920f483b0d41628d17322febc3c13145d2abf68324b23e2d60ee",
	"transactionIndex": 63
}
[2018-04-17T23:31:14.355] [DEBUG] trans - TO:   0x73a5680250de019b1a736c538f116bee98e86eb2
[2018-04-17T23:31:14.355] [DEBUG] trans - AMOUNT:   130622000000000000000
[2018-04-17T23:31:14.355] [DEBUG] trans - Receipt info:  {
	"blockHash": "0x508fa483c7abdbd0965dc5e1d5eaddd1df14e5692fa3f70a3d038d012e5376ab",
	"blockNumber": 5459236,
	"contractAddress": null,
	"cumulativeGasUsed": 3391233,
	"gasUsed": 51589,
	"logs": [
		{
			"address": "0x7e9e431a0B8c4D532C745B1043c7FA29a48D4fBa",
			"blockHash": "0x508fa483c7abdbd0965dc5e1d5eaddd1df14e5692fa3f70a3d038d012e5376ab",
			"blockNumber": 5459236,
			"data": "0x00000000000000000000000000000000000000000000000714be90ef5b130000",
			"logIndex": 69,
			"topics": [
				"0xddf252ad1be2c89b69c2b068fc378daa952ba7f163c4a11628f55a4df523b3ef",
				"0x000000000000000000000000468b858c964f297fd8fce058032bf4b4911a8ad8",
				"0x00000000000000000000000073a5680250de019b1a736c538f116bee98e86eb2"
			],
			"transactionHash": "0x380c3b29fa76a7e5b432f83542caae3d7b0bb75b362d9a4e1ef4a9977b15bc26",
			"transactionIndex": 72,
			"transactionLogIndex": "0x0",
			"type": "mined",
			"id": "log_547f7719"
		}
	],
	"logsBloom": "0x00000000000000000000000000020000000000000000000000000000000000000040000000000000000000000000000000000000000000000000000000000000000000000000030020000008000000000000000000000000000000000020000000000000000000000000000000000000000000000000000000000010000000000000000000000000000000000000000000000000000000000000000000000000000000000000000080000000000000000000000000000000000000010000000000001002000000000000000000000000000000000000000000000000000000000000000000000000000000000000000000000000000000000000000000000000",
	"root": null,
	"status": "0x1",
	"transactionHash": "0x380c3b29fa76a7e5b432f83542caae3d7b0bb75b362d9a4e1ef4a9977b15bc26",
	"transactionIndex": 72
}
[2018-04-17T23:31:14.355] [DEBUG] trans - TO:   0x55be31fe659081594e80aaac8cb4dee350b6b691
[2018-04-17T23:31:14.355] [DEBUG] trans - AMOUNT:   130622700000000000000
[2018-04-17T23:31:14.355] [DEBUG] trans - Receipt info:  {
	"blockHash": "0x508fa483c7abdbd0965dc5e1d5eaddd1df14e5692fa3f70a3d038d012e5376ab",
	"blockNumber": 5459236,
	"contractAddress": null,
	"cumulativeGasUsed": 3339644,
	"gasUsed": 51653,
	"logs": [
		{
			"address": "0x7e9e431a0B8c4D532C745B1043c7FA29a48D4fBa",
			"blockHash": "0x508fa483c7abdbd0965dc5e1d5eaddd1df14e5692fa3f70a3d038d012e5376ab",
			"blockNumber": 5459236,
			"data": "0x00000000000000000000000000000000000000000000000714c10d94ce6ac000",
			"logIndex": 68,
			"topics": [
				"0xddf252ad1be2c89b69c2b068fc378daa952ba7f163c4a11628f55a4df523b3ef",
				"0x000000000000000000000000468b858c964f297fd8fce058032bf4b4911a8ad8",
				"0x00000000000000000000000055be31fe659081594e80aaac8cb4dee350b6b691"
			],
			"transactionHash": "0xd038f4291b35cd232eafa9df066214cea6e83b8b7cc41d623051e8af26f385c2",
			"transactionIndex": 71,
			"transactionLogIndex": "0x0",
			"type": "mined",
			"id": "log_1f427788"
		}
	],
	"logsBloom": "0x00000000000000000000000400020000000000000000000000000000000000000000000000000000000000000000000000000000000000000000000000000000000000000000010000000008000000000000000000000000000000000020000000000000000000000000000000000000000000000000000000000010000000000000000000000000000000000000000000000000000000000000000000000000000000000000000080000000000000000000000000000000000000010000000000001002000000000000000000000000000000000000000000000000000000000040000000000000000080000000000000000000000000000000000000000000",
	"root": null,
	"status": "0x1",
	"transactionHash": "0xd038f4291b35cd232eafa9df066214cea6e83b8b7cc41d623051e8af26f385c2",
	"transactionIndex": 71
}
[2018-04-17T23:31:14.355] [DEBUG] trans - TO:   0x38e60d0cc8f360382ed568476293531412c22c1a
[2018-04-17T23:31:14.355] [DEBUG] trans - AMOUNT:   130598700000000000000
[2018-04-17T23:31:14.355] [DEBUG] trans - Receipt info:  {
	"blockHash": "0x508fa483c7abdbd0965dc5e1d5eaddd1df14e5692fa3f70a3d038d012e5376ab",
	"blockNumber": 5459236,
	"contractAddress": null,
	"cumulativeGasUsed": 3597717,
	"gasUsed": 51653,
	"logs": [
		{
			"address": "0x7e9e431a0B8c4D532C745B1043c7FA29a48D4fBa",
			"blockHash": "0x508fa483c7abdbd0965dc5e1d5eaddd1df14e5692fa3f70a3d038d012e5376ab",
			"blockNumber": 5459236,
			"data": "0x000000000000000000000000000000000000000000000007146bc9b55bcec000",
			"logIndex": 73,
			"topics": [
				"0xddf252ad1be2c89b69c2b068fc378daa952ba7f163c4a11628f55a4df523b3ef",
				"0x000000000000000000000000468b858c964f297fd8fce058032bf4b4911a8ad8",
				"0x00000000000000000000000038e60d0cc8f360382ed568476293531412c22c1a"
			],
			"transactionHash": "0x7c91729e0c90a4824f1d1f0174c9e5078b6ba3706a0f4652b6db70b742e935c9",
			"transactionIndex": 76,
			"transactionLogIndex": "0x0",
			"type": "mined",
			"id": "log_011e3efe"
		}
	],
	"logsBloom": "0x00000000000000000000000000020000000002000000000000000000000000000000000000002000000000000000000000000000000000000000000000000000000000000000010000000008000000000000000000000000000000000020000000000000000000000000000000000000000000000000000000000010000000000000000000000000000000000000000000000000000000000000008000000000000000000000000080000000000000000000000000000000000000010000000000001002000000000000000000000000000000000000000000000000000000000000000000000000000000000000000000000000000000000000000000000000",
	"root": null,
	"status": "0x1",
	"transactionHash": "0x7c91729e0c90a4824f1d1f0174c9e5078b6ba3706a0f4652b6db70b742e935c9",
	"transactionIndex": 76
}
[2018-04-17T23:31:14.356] [DEBUG] trans - TO:   0xe90fc188ab7f3acc8fd4728cf29e8d5f6ad26352
[2018-04-17T23:31:14.356] [DEBUG] trans - AMOUNT:   130600000000000000000
[2018-04-17T23:31:14.356] [DEBUG] trans - Receipt info:  {
	"blockHash": "0x508fa483c7abdbd0965dc5e1d5eaddd1df14e5692fa3f70a3d038d012e5376ab",
	"blockNumber": 5459236,
	"contractAddress": null,
	"cumulativeGasUsed": 3546064,
	"gasUsed": 51589,
	"logs": [
		{
			"address": "0x7e9e431a0B8c4D532C745B1043c7FA29a48D4fBa",
			"blockHash": "0x508fa483c7abdbd0965dc5e1d5eaddd1df14e5692fa3f70a3d038d012e5376ab",
			"blockNumber": 5459236,
			"data": "0x0000000000000000000000000000000000000000000000071470680d32040000",
			"logIndex": 72,
			"topics": [
				"0xddf252ad1be2c89b69c2b068fc378daa952ba7f163c4a11628f55a4df523b3ef",
				"0x000000000000000000000000468b858c964f297fd8fce058032bf4b4911a8ad8",
				"0x000000000000000000000000e90fc188ab7f3acc8fd4728cf29e8d5f6ad26352"
			],
			"transactionHash": "0x2d8b08a8e9af656fcc6758edb18b6f4db1a36c49c61a84ece04ed5f217dd586c",
			"transactionIndex": 75,
			"transactionLogIndex": "0x0",
			"type": "mined",
			"id": "log_9be66d82"
		}
	],
	"logsBloom": "0x00000000000000000000000000020000000000000000000000000000000000000000000000000000000000000000000000000000000000000000000080000000000000000000010000000008000000000000000400000000000000000020000000000000000000000000000000000000000000000000000000000010000000000000000000000000000000000000000000000000000000000000000000000000000000000000000080000000000000000000000000000000000000010000000000001002000000000000000000000000000000000000000000000000000000000000000000000000000000040000000000000000000000000000000000000000",
	"root": null,
	"status": "0x1",
	"transactionHash": "0x2d8b08a8e9af656fcc6758edb18b6f4db1a36c49c61a84ece04ed5f217dd586c",
	"transactionIndex": 75
}
[2018-04-17T23:31:14.356] [DEBUG] trans - TO:   0x954f34b7ba7db5448bcceaa4e3c47f8730ac9830
[2018-04-17T23:31:14.356] [DEBUG] trans - AMOUNT:   130597500000000000000
[2018-04-17T23:31:14.356] [DEBUG] trans - Receipt info:  {
	"blockHash": "0x508fa483c7abdbd0965dc5e1d5eaddd1df14e5692fa3f70a3d038d012e5376ab",
	"blockNumber": 5459236,
	"contractAddress": null,
	"cumulativeGasUsed": 3649370,
	"gasUsed": 51653,
	"logs": [
		{
			"address": "0x7e9e431a0B8c4D532C745B1043c7FA29a48D4fBa",
			"blockHash": "0x508fa483c7abdbd0965dc5e1d5eaddd1df14e5692fa3f70a3d038d012e5376ab",
			"blockNumber": 5459236,
			"data": "0x000000000000000000000000000000000000000000000007146786509613c000",
			"logIndex": 74,
			"topics": [
				"0xddf252ad1be2c89b69c2b068fc378daa952ba7f163c4a11628f55a4df523b3ef",
				"0x000000000000000000000000468b858c964f297fd8fce058032bf4b4911a8ad8",
				"0x000000000000000000000000954f34b7ba7db5448bcceaa4e3c47f8730ac9830"
			],
			"transactionHash": "0x2abbab6935f42f18877aeaf0306d4022fda9ec7a940c2e082503561182378635",
			"transactionIndex": 77,
			"transactionLogIndex": "0x0",
			"type": "mined",
			"id": "log_de8554de"
		}
	],
	"logsBloom": "0x00000000000000000000000000020000000000000000000000000000000000000000000000000000000000000000000000000000000000000000000000000000000000000000010008000008000000000000000000000000000000000020000000000000000000000000000000000000000000000000000000000010000000000000000000800000000000000000000000000000000000000000000000000000000000000000000080000000000000000000000000000000000000010000000000001002000000000000001000000000000000000000000000000000000000000000000000000000000000000000000000000000000000000000000000000000",
	"root": null,
	"status": "0x1",
	"transactionHash": "0x2abbab6935f42f18877aeaf0306d4022fda9ec7a940c2e082503561182378635",
	"transactionIndex": 77
}
[2018-04-17T23:31:14.357] [DEBUG] trans - TO:   0x0ea854070b486128719bce79449bb1c764df2239
[2018-04-17T23:31:14.357] [DEBUG] trans - AMOUNT:   130600000000000000000
[2018-04-17T23:31:14.357] [DEBUG] trans - Receipt info:  {
	"blockHash": "0x508fa483c7abdbd0965dc5e1d5eaddd1df14e5692fa3f70a3d038d012e5376ab",
	"blockNumber": 5459236,
	"contractAddress": null,
	"cumulativeGasUsed": 3494475,
	"gasUsed": 51589,
	"logs": [
		{
			"address": "0x7e9e431a0B8c4D532C745B1043c7FA29a48D4fBa",
			"blockHash": "0x508fa483c7abdbd0965dc5e1d5eaddd1df14e5692fa3f70a3d038d012e5376ab",
			"blockNumber": 5459236,
			"data": "0x0000000000000000000000000000000000000000000000071470680d32040000",
			"logIndex": 71,
			"topics": [
				"0xddf252ad1be2c89b69c2b068fc378daa952ba7f163c4a11628f55a4df523b3ef",
				"0x000000000000000000000000468b858c964f297fd8fce058032bf4b4911a8ad8",
				"0x0000000000000000000000000ea854070b486128719bce79449bb1c764df2239"
			],
			"transactionHash": "0x3e58b85e421dda60dad364269d99bed417299b39ed6961b51762b1afbc153246",
			"transactionIndex": 74,
			"transactionLogIndex": "0x0",
			"type": "mined",
			"id": "log_8d10b652"
		}
	],
	"logsBloom": "0x00000000000000000000000000020000000000000000000000000000000000000000000000000000000000000000000000000000000000000000000000000000000000000000010000000008000000000000000000000000000000000020000000000000000000000000000000000000000000000000000000000010000000000000000000000000000000000000000000000000000000000000000000000000000000018000000080000000000000000000000000000000000000010000000000001002000000000000000000000000000000000000000000000000000000000000000000000000000000000000000000000000001000000000000000000000",
	"root": null,
	"status": "0x1",
	"transactionHash": "0x3e58b85e421dda60dad364269d99bed417299b39ed6961b51762b1afbc153246",
	"transactionIndex": 74
}
[2018-04-17T23:31:14.358] [DEBUG] trans - TO:   0x19cfb9a8148051270b2f28fcf090503ce5742d78
[2018-04-17T23:31:14.358] [DEBUG] trans - AMOUNT:   130623800000000000000
[2018-04-17T23:31:14.358] [DEBUG] trans - Receipt info:  {
	"blockHash": "0x508fa483c7abdbd0965dc5e1d5eaddd1df14e5692fa3f70a3d038d012e5376ab",
	"blockNumber": 5459236,
	"contractAddress": null,
	"cumulativeGasUsed": 3287991,
	"gasUsed": 51653,
	"logs": [
		{
			"address": "0x7e9e431a0B8c4D532C745B1043c7FA29a48D4fBa",
			"blockHash": "0x508fa483c7abdbd0965dc5e1d5eaddd1df14e5692fa3f70a3d038d012e5376ab",
			"blockNumber": 5459236,
			"data": "0x00000000000000000000000000000000000000000000000714c4f60683ab8000",
			"logIndex": 67,
			"topics": [
				"0xddf252ad1be2c89b69c2b068fc378daa952ba7f163c4a11628f55a4df523b3ef",
				"0x000000000000000000000000468b858c964f297fd8fce058032bf4b4911a8ad8",
				"0x00000000000000000000000019cfb9a8148051270b2f28fcf090503ce5742d78"
			],
			"transactionHash": "0x98d89749d98281df080420828e48dcfdcfc54660600c4800e2ec6df18362b592",
			"transactionIndex": 70,
			"transactionLogIndex": "0x0",
			"type": "mined",
			"id": "log_e161134b"
		}
	],
	"logsBloom": "0x00000000000000000000000000020000000000000000000000000000000000000000000000000000000000000000000000000000000000010000000000000000000000000000010000000008000000000000000000000000000000000020000000000000000000000008000000000000000000000000000000000010000000000000000000000000000000000008000000000000000000000000000000000000000000000000000080000000000000000000000000000000000000010000000000001002000000000000000000000000000000000000000000000000000000000000000000000000000000000000000000000000000000000000000000000000",
	"root": null,
	"status": "0x1",
	"transactionHash": "0x98d89749d98281df080420828e48dcfdcfc54660600c4800e2ec6df18362b592",
	"transactionIndex": 70
}
[2018-04-17T23:31:14.358] [DEBUG] trans - TO:   0xddeddd0212c68f4a45dd0aab662ffd921d656ed2
[2018-04-17T23:31:14.359] [DEBUG] trans - AMOUNT:   130593500000000000000
[2018-04-17T23:31:14.359] [DEBUG] trans - Receipt info:  {
	"blockHash": "0x508fa483c7abdbd0965dc5e1d5eaddd1df14e5692fa3f70a3d038d012e5376ab",
	"blockNumber": 5459236,
	"contractAddress": null,
	"cumulativeGasUsed": 3701023,
	"gasUsed": 51653,
	"logs": [
		{
			"address": "0x7e9e431a0B8c4D532C745B1043c7FA29a48D4fBa",
			"blockHash": "0x508fa483c7abdbd0965dc5e1d5eaddd1df14e5692fa3f70a3d038d012e5376ab",
			"blockNumber": 5459236,
			"data": "0x0000000000000000000000000000000000000000000000071459505602f9c000",
			"logIndex": 75,
			"topics": [
				"0xddf252ad1be2c89b69c2b068fc378daa952ba7f163c4a11628f55a4df523b3ef",
				"0x000000000000000000000000468b858c964f297fd8fce058032bf4b4911a8ad8",
				"0x000000000000000000000000ddeddd0212c68f4a45dd0aab662ffd921d656ed2"
			],
			"transactionHash": "0xf2b01426fbbff27c3a0b3e8f343271991eb4da8058782571754a957aa45da954",
			"transactionIndex": 78,
			"transactionLogIndex": "0x0",
			"type": "mined",
			"id": "log_f984e396"
		}
	],
	"logsBloom": "0x00000000000000000000000000020000000000000000200000000000000000000000000000000000000000000000000000000000000000000000000000000000000000000000010000000008010000000000000000000000000000000020000000000000000000000000000000000000000000000000000000000010000000000000000000000000400000000000000000000000000000000000000000000000000000000000000080000000000000000000000000000000000000010000000000001002000000000000000000000000000000000000000000000000000000000000000000000000000000000000000000000000000000000000000000000000",
	"root": null,
	"status": "0x1",
	"transactionHash": "0xf2b01426fbbff27c3a0b3e8f343271991eb4da8058782571754a957aa45da954",
	"transactionIndex": 78
}
[2018-04-17T23:31:14.359] [DEBUG] trans - TO:   0xb28aaf8bd29d78402df4cf81a66be9ddd7a53eea
[2018-04-17T23:31:14.359] [DEBUG] trans - AMOUNT:   130591100000000000000
[2018-04-17T23:31:14.359] [DEBUG] trans - Receipt info:  {
	"blockHash": "0x508fa483c7abdbd0965dc5e1d5eaddd1df14e5692fa3f70a3d038d012e5376ab",
	"blockNumber": 5459236,
	"contractAddress": null,
	"cumulativeGasUsed": 3752676,
	"gasUsed": 51653,
	"logs": [
		{
			"address": "0x7e9e431a0B8c4D532C745B1043c7FA29a48D4fBa",
			"blockHash": "0x508fa483c7abdbd0965dc5e1d5eaddd1df14e5692fa3f70a3d038d012e5376ab",
			"blockNumber": 5459236,
			"data": "0x0000000000000000000000000000000000000000000000071450c98c7783c000",
			"logIndex": 76,
			"topics": [
				"0xddf252ad1be2c89b69c2b068fc378daa952ba7f163c4a11628f55a4df523b3ef",
				"0x000000000000000000000000468b858c964f297fd8fce058032bf4b4911a8ad8",
				"0x000000000000000000000000b28aaf8bd29d78402df4cf81a66be9ddd7a53eea"
			],
			"transactionHash": "0x77dacf9d5b689b10b71c01e9197f651b6604915bf0f107f3aa74ca1a2429dc2f",
			"transactionIndex": 79,
			"transactionLogIndex": "0x0",
			"type": "mined",
			"id": "log_26318011"
		}
	],
	"logsBloom": "0x00000000000000000000000000020000000000000000000000000000000000000000000000000000000000000000000000000000000000000000000000000000000000000000010000000008000000000000000000000000000000000020000000000000000000000000000000000000000000000000000000000010000000000000000000000000000000000000000000000000000000000000000000000000000000000000000180000000000000000000000001000000000000010000000001001002000000000000000000000000000000000000000000000000000000000000000000000000000000000000000000000000000000000000000000000000",
	"root": null,
	"status": "0x1",
	"transactionHash": "0x77dacf9d5b689b10b71c01e9197f651b6604915bf0f107f3aa74ca1a2429dc2f",
	"transactionIndex": 79
}
[2018-04-17T23:31:14.359] [DEBUG] trans - TO:   0x9c4c9362666724c4320657511a31b44ea4346e18
[2018-04-17T23:31:14.359] [DEBUG] trans - AMOUNT:   130588000000000000000
[2018-04-17T23:31:14.359] [DEBUG] trans - Receipt info:  {
	"blockHash": "0x508fa483c7abdbd0965dc5e1d5eaddd1df14e5692fa3f70a3d038d012e5376ab",
	"blockNumber": 5459236,
	"contractAddress": null,
	"cumulativeGasUsed": 3804265,
	"gasUsed": 51589,
	"logs": [
		{
			"address": "0x7e9e431a0B8c4D532C745B1043c7FA29a48D4fBa",
			"blockHash": "0x508fa483c7abdbd0965dc5e1d5eaddd1df14e5692fa3f70a3d038d012e5376ab",
			"blockNumber": 5459236,
			"data": "0x0000000000000000000000000000000000000000000000071445c61d78b60000",
			"logIndex": 77,
			"topics": [
				"0xddf252ad1be2c89b69c2b068fc378daa952ba7f163c4a11628f55a4df523b3ef",
				"0x000000000000000000000000468b858c964f297fd8fce058032bf4b4911a8ad8",
				"0x0000000000000000000000009c4c9362666724c4320657511a31b44ea4346e18"
			],
			"transactionHash": "0xab44478207cda4f7059992ead412aee23f571888e8d0608fa9ccfd9b5544b4c4",
			"transactionIndex": 80,
			"transactionLogIndex": "0x0",
			"type": "mined",
			"id": "log_b1f88d28"
		}
	],
	"logsBloom": "0x00000000000000000000000000020000000000000000000000000000000000000000000000000000000000000000000000000000000000000000000000000000040000000000010000000008000000000000000000000000000000000060000000000000000000000000000000000000000000000000000000000010000000000000000000000000000000000000000000000000000000000000000000000000000000000000000080000000000000000000000000000000000000010000000000001002000000000000000000000000000000000000000000000000000000000000000000000000000000000000000000000000000000000002000000000000",
	"root": null,
	"status": "0x1",
	"transactionHash": "0xab44478207cda4f7059992ead412aee23f571888e8d0608fa9ccfd9b5544b4c4",
	"transactionIndex": 80
}
[2018-04-17T23:31:14.361] [DEBUG] trans - TO:   0xffd2c6a54239ffd068daf14ec2408fccc81f82ee
[2018-04-17T23:31:14.361] [DEBUG] trans - AMOUNT:   130587600000000000000
[2018-04-17T23:31:14.361] [DEBUG] trans - Receipt info:  {
	"blockHash": "0x508fa483c7abdbd0965dc5e1d5eaddd1df14e5692fa3f70a3d038d012e5376ab",
	"blockNumber": 5459236,
	"contractAddress": null,
	"cumulativeGasUsed": 3855854,
	"gasUsed": 51589,
	"logs": [
		{
			"address": "0x7e9e431a0B8c4D532C745B1043c7FA29a48D4fBa",
			"blockHash": "0x508fa483c7abdbd0965dc5e1d5eaddd1df14e5692fa3f70a3d038d012e5376ab",
			"blockNumber": 5459236,
			"data": "0x00000000000000000000000000000000000000000000000714445a5136cd0000",
			"logIndex": 78,
			"topics": [
				"0xddf252ad1be2c89b69c2b068fc378daa952ba7f163c4a11628f55a4df523b3ef",
				"0x000000000000000000000000468b858c964f297fd8fce058032bf4b4911a8ad8",
				"0x000000000000000000000000ffd2c6a54239ffd068daf14ec2408fccc81f82ee"
			],
			"transactionHash": "0x6794ce0b5edf94b9fa9b464bcbff45057a278df384a21b5b4d58ae73fd3e2bc7",
			"transactionIndex": 81,
			"transactionLogIndex": "0x0",
			"type": "mined",
			"id": "log_af8e6889"
		}
	],
	"logsBloom": "0x00000000000000000000000000020000000000000000000000000000000000000000000000000000000000000000000000000000000000000000000000000000000000000000010000000008000000000000000000000000000000000020000000000000000000000000000000000800000000000000000000000010000000000000000000000000000000000000000000000000000000000000000000000000000000000000000080000000000000000000000000000000000000010000000000801002000000000000000000000000000000000000000000000000000000000000000000000000000000000000000000000000000000000000000000000080",
	"root": null,
	"status": "0x1",
	"transactionHash": "0x6794ce0b5edf94b9fa9b464bcbff45057a278df384a21b5b4d58ae73fd3e2bc7",
	"transactionIndex": 81
}
[2018-04-17T23:31:14.361] [DEBUG] trans - TO:   0x54899605c3f4b27ca052816cb772aec4d7f43be4
[2018-04-17T23:31:14.361] [DEBUG] trans - AMOUNT:   130584500000000000000
[2018-04-17T23:31:14.361] [DEBUG] trans - Receipt info:  {
	"blockHash": "0x508fa483c7abdbd0965dc5e1d5eaddd1df14e5692fa3f70a3d038d012e5376ab",
	"blockNumber": 5459236,
	"contractAddress": null,
	"cumulativeGasUsed": 3907507,
	"gasUsed": 51653,
	"logs": [
		{
			"address": "0x7e9e431a0B8c4D532C745B1043c7FA29a48D4fBa",
			"blockHash": "0x508fa483c7abdbd0965dc5e1d5eaddd1df14e5692fa3f70a3d038d012e5376ab",
			"blockNumber": 5459236,
			"data": "0x000000000000000000000000000000000000000000000007143956e237ff4000",
			"logIndex": 79,
			"topics": [
				"0xddf252ad1be2c89b69c2b068fc378daa952ba7f163c4a11628f55a4df523b3ef",
				"0x000000000000000000000000468b858c964f297fd8fce058032bf4b4911a8ad8",
				"0x00000000000000000000000054899605c3f4b27ca052816cb772aec4d7f43be4"
			],
			"transactionHash": "0x9d8e323556036d59c9753bea565f725d2e36a1174d1560d7bb1e6f28d354bde6",
			"transactionIndex": 82,
			"transactionLogIndex": "0x0",
			"type": "mined",
			"id": "log_a50462f7"
		}
	],
	"logsBloom": "0x00008000000000000000000000020000000000000000000000000000000000000000080000000000000000000000000000000000000000000000000000000000000000000000010000000008000000000000000000000000000000000020000000000000000000000000000000000000000000000000000000000010000000000000000000000000000000000000000000000000000000000000000000000000000000000000000080000000000000000000000000000000000000010000000000001002000000000000000000000000000000000000000000000000000000000000000000000000000000000000000000000000000000000000000020000000",
	"root": null,
	"status": "0x1",
	"transactionHash": "0x9d8e323556036d59c9753bea565f725d2e36a1174d1560d7bb1e6f28d354bde6",
	"transactionIndex": 82
}
[2018-04-17T23:31:14.361] [DEBUG] trans - TO:   0x5f9f19bf2b26324d0ec6d0f110f1dead7a73ba5f
[2018-04-17T23:31:14.361] [DEBUG] trans - AMOUNT:   130581200000000000000
[2018-04-17T23:31:14.361] [DEBUG] trans - Receipt info:  {
	"blockHash": "0x508fa483c7abdbd0965dc5e1d5eaddd1df14e5692fa3f70a3d038d012e5376ab",
	"blockNumber": 5459236,
	"contractAddress": null,
	"cumulativeGasUsed": 3959096,
	"gasUsed": 51589,
	"logs": [
		{
			"address": "0x7e9e431a0B8c4D532C745B1043c7FA29a48D4fBa",
			"blockHash": "0x508fa483c7abdbd0965dc5e1d5eaddd1df14e5692fa3f70a3d038d012e5376ab",
			"blockNumber": 5459236,
			"data": "0x000000000000000000000000000000000000000000000007142d9d8d183d0000",
			"logIndex": 80,
			"topics": [
				"0xddf252ad1be2c89b69c2b068fc378daa952ba7f163c4a11628f55a4df523b3ef",
				"0x000000000000000000000000468b858c964f297fd8fce058032bf4b4911a8ad8",
				"0x0000000000000000000000005f9f19bf2b26324d0ec6d0f110f1dead7a73ba5f"
			],
			"transactionHash": "0xcad9628a0aae12ade513a05d17f30d5ccc92ccb8c8f1c3c105d79385304f00b4",
			"transactionIndex": 83,
			"transactionLogIndex": "0x0",
			"type": "mined",
			"id": "log_2b650b06"
		}
	],
	"logsBloom": "0x00000000000000000000000000020000000000000000000000000000000000000000000000000000000000000000000000000000000000000000000000000000000000000000010000000008000000000000000000000000000000000020000000000000000000000000000000000000000000000000000000000090000000000000000000000000000000000000000000000000000000000000000000000000000000000000000080000000000000000800000000000000000000010000000000001002000000000000000008000000000000000000000000000000000000000000000000000000000000000000000000000000000000000000000000000000",
	"root": null,
	"status": "0x1",
	"transactionHash": "0xcad9628a0aae12ade513a05d17f30d5ccc92ccb8c8f1c3c105d79385304f00b4",
	"transactionIndex": 83
}
[2018-04-17T23:31:14.367] [DEBUG] trans - TO:   0xc16d7d0d16b185feb5bfb1ee9d45a91a515b26fc
[2018-04-17T23:31:14.367] [DEBUG] trans - AMOUNT:   130580600000000000000
[2018-04-17T23:31:14.367] [DEBUG] trans - Receipt info:  {
	"blockHash": "0x508fa483c7abdbd0965dc5e1d5eaddd1df14e5692fa3f70a3d038d012e5376ab",
	"blockNumber": 5459236,
	"contractAddress": null,
	"cumulativeGasUsed": 4010749,
	"gasUsed": 51653,
	"logs": [
		{
			"address": "0x7e9e431a0B8c4D532C745B1043c7FA29a48D4fBa",
			"blockHash": "0x508fa483c7abdbd0965dc5e1d5eaddd1df14e5692fa3f70a3d038d012e5376ab",
			"blockNumber": 5459236,
			"data": "0x000000000000000000000000000000000000000000000007142b7bdab55f8000",
			"logIndex": 81,
			"topics": [
				"0xddf252ad1be2c89b69c2b068fc378daa952ba7f163c4a11628f55a4df523b3ef",
				"0x000000000000000000000000468b858c964f297fd8fce058032bf4b4911a8ad8",
				"0x000000000000000000000000c16d7d0d16b185feb5bfb1ee9d45a91a515b26fc"
			],
			"transactionHash": "0x2902ceff9907304f8a15d313c7fd039e8214a7cf664fc2162c7d62d927f62163",
			"transactionIndex": 84,
			"transactionLogIndex": "0x0",
			"type": "mined",
			"id": "log_b541ae1f"
		}
	],
	"logsBloom": "0x00000000000000000000000000020000000000000000000000000000000000000000000001000000000000000000000000000000000000000000000000000000000000000000010000000008000000000000000000000000000000000020000000010000000000000000000000000000000000000000000000000010000000000000000000000000000000000000000000000000000000000000000000000000000000000000000080000000000000000000000000000000000000010000000000001002000000000002000000000000000000000000000000000000000000000000000000000000000000000000000000000000000000000000000000000000",
	"root": null,
	"status": "0x1",
	"transactionHash": "0x2902ceff9907304f8a15d313c7fd039e8214a7cf664fc2162c7d62d927f62163",
	"transactionIndex": 84
}
[2018-04-17T23:31:14.367] [DEBUG] trans - TO:   0x8a12523af9b258acfc4f94d2fcbb72e56f025466
[2018-04-17T23:31:14.367] [DEBUG] trans - AMOUNT:   130563600000000000000
[2018-04-17T23:31:14.367] [DEBUG] trans - Receipt info:  {
	"blockHash": "0x508fa483c7abdbd0965dc5e1d5eaddd1df14e5692fa3f70a3d038d012e5376ab",
	"blockNumber": 5459236,
	"contractAddress": null,
	"cumulativeGasUsed": 4165644,
	"gasUsed": 51589,
	"logs": [
		{
			"address": "0x7e9e431a0B8c4D532C745B1043c7FA29a48D4fBa",
			"blockHash": "0x508fa483c7abdbd0965dc5e1d5eaddd1df14e5692fa3f70a3d038d012e5376ab",
			"blockNumber": 5459236,
			"data": "0x00000000000000000000000000000000000000000000000713ef1671c4310000",
			"logIndex": 84,
			"topics": [
				"0xddf252ad1be2c89b69c2b068fc378daa952ba7f163c4a11628f55a4df523b3ef",
				"0x000000000000000000000000468b858c964f297fd8fce058032bf4b4911a8ad8",
				"0x0000000000000000000000008a12523af9b258acfc4f94d2fcbb72e56f025466"
			],
			"transactionHash": "0xaa558b72cbc233d97d40973bcd03886458a775e893a3ec6af27f1ab2a9d6ab72",
			"transactionIndex": 87,
			"transactionLogIndex": "0x0",
			"type": "mined",
			"id": "log_3f8e8830"
		}
	],
	"logsBloom": "0x00000000000000000000000000020000000000000000000000000000000000000000000000000000000000000001000000000000000000000000000000000000000000000000010000000008000000000000000000000000000000008028000000000000000000000000000000000000000000000000000000000010000000000000000000000000000000000000000000000000000000000000000000000000000000000000000080000000000000000000000000000000000000010000000000001002000000000000000000000000000000000000000000000000000000000000000000000000000000000000000000000000000000000000000000000000",
	"root": null,
	"status": "0x1",
	"transactionHash": "0xaa558b72cbc233d97d40973bcd03886458a775e893a3ec6af27f1ab2a9d6ab72",
	"transactionIndex": 87
}
[2018-04-17T23:31:14.368] [DEBUG] trans - TO:   0xa7b8ef7df32b1874b6a66a202e4c36a3d713c727
[2018-04-17T23:31:14.368] [DEBUG] trans - AMOUNT:   130555800000000000000
[2018-04-17T23:31:14.368] [DEBUG] trans - Receipt info:  {
	"blockHash": "0x508fa483c7abdbd0965dc5e1d5eaddd1df14e5692fa3f70a3d038d012e5376ab",
	"blockNumber": 5459236,
	"contractAddress": null,
	"cumulativeGasUsed": 4217297,
	"gasUsed": 51653,
	"logs": [
		{
			"address": "0x7e9e431a0B8c4D532C745B1043c7FA29a48D4fBa",
			"blockHash": "0x508fa483c7abdbd0965dc5e1d5eaddd1df14e5692fa3f70a3d038d012e5376ab",
			"blockNumber": 5459236,
			"data": "0x00000000000000000000000000000000000000000000000713d36062bef18000",
			"logIndex": 85,
			"topics": [
				"0xddf252ad1be2c89b69c2b068fc378daa952ba7f163c4a11628f55a4df523b3ef",
				"0x000000000000000000000000468b858c964f297fd8fce058032bf4b4911a8ad8",
				"0x000000000000000000000000a7b8ef7df32b1874b6a66a202e4c36a3d713c727"
			],
			"transactionHash": "0xb84226f195e85c27723cf48c431728e38092181a02370f453be5eed84d3f196e",
			"transactionIndex": 88,
			"transactionLogIndex": "0x0",
			"type": "mined",
			"id": "log_8c063131"
		}
	],
	"logsBloom": "0x00000000000000000000000000020000000000000000000000000000000000000000000000000000000000000000000000000000000000000000000000000080000000000000010000000008000000000000000000000000000000000020000000000000000000000000000000000000000000000000000000000010000000000000000000000000000000000000000000000010000000000000000000000000000000000000000080000000000000000000000000000000000000010000000000001002000000000000000000000000000000000000000000000000000000000000000000000000000000000000000000000000000002000000000000000000",
	"root": null,
	"status": "0x1",
	"transactionHash": "0xb84226f195e85c27723cf48c431728e38092181a02370f453be5eed84d3f196e",
	"transactionIndex": 88
}
[2018-04-17T23:31:14.370] [DEBUG] trans - TO:   0xb3fd8224cd78baf0169e30e59dbc6e2bc7194832
[2018-04-17T23:31:14.371] [DEBUG] trans - AMOUNT:   130567000000000000000
[2018-04-17T23:31:14.371] [DEBUG] trans - Receipt info:  {
	"blockHash": "0x508fa483c7abdbd0965dc5e1d5eaddd1df14e5692fa3f70a3d038d012e5376ab",
	"blockNumber": 5459236,
	"contractAddress": null,
	"cumulativeGasUsed": 4114055,
	"gasUsed": 51653,
	"logs": [
		{
			"address": "0x7e9e431a0B8c4D532C745B1043c7FA29a48D4fBa",
			"blockHash": "0x508fa483c7abdbd0965dc5e1d5eaddd1df14e5692fa3f70a3d038d012e5376ab",
			"blockNumber": 5459236,
			"data": "0x00000000000000000000000000000000000000000000000713fb2ab9f46d8000",
			"logIndex": 83,
			"topics": [
				"0xddf252ad1be2c89b69c2b068fc378daa952ba7f163c4a11628f55a4df523b3ef",
				"0x000000000000000000000000468b858c964f297fd8fce058032bf4b4911a8ad8",
				"0x000000000000000000000000b3fd8224cd78baf0169e30e59dbc6e2bc7194832"
			],
			"transactionHash": "0xa63c23bfd6f199b794edafcde3d44b5032a0e6d258b209c95a26b9b33b02ccb6",
			"transactionIndex": 86,
			"transactionLogIndex": "0x0",
			"type": "mined",
			"id": "log_1bc4cca2"
		}
	],
	"logsBloom": "0x00000000000000000000000000020000000000000000000000000000000000000000000000000000000000000000000000000000000000000000000000000000000000000000010000000008000000000000000000000000000000000020000010000000000000000000000000000000000000000000000000000010000000000000000000000000000000000000000020000000000000000000000000000000000000000000000080000000000000000000000000000000000000010000000000001002000000000000000000000000000000000000000000000000000000000000000000000000000000000080000000000000000000000000000000000000",
	"root": null,
	"status": "0x1",
	"transactionHash": "0xa63c23bfd6f199b794edafcde3d44b5032a0e6d258b209c95a26b9b33b02ccb6",
	"transactionIndex": 86
}
[2018-04-17T23:31:14.371] [DEBUG] trans - TO:   0xffcdfec7eda94d3e3522c0559ad8880e80034e07
[2018-04-17T23:31:14.371] [DEBUG] trans - AMOUNT:   130570900000000000000
[2018-04-17T23:31:14.371] [DEBUG] trans - Receipt info:  {
	"blockHash": "0x508fa483c7abdbd0965dc5e1d5eaddd1df14e5692fa3f70a3d038d012e5376ab",
	"blockNumber": 5459236,
	"contractAddress": null,
	"cumulativeGasUsed": 4062402,
	"gasUsed": 51653,
	"logs": [
		{
			"address": "0x7e9e431a0B8c4D532C745B1043c7FA29a48D4fBa",
			"blockHash": "0x508fa483c7abdbd0965dc5e1d5eaddd1df14e5692fa3f70a3d038d012e5376ab",
			"blockNumber": 5459236,
			"data": "0x000000000000000000000000000000000000000000000007140905c1770d4000",
			"logIndex": 82,
			"topics": [
				"0xddf252ad1be2c89b69c2b068fc378daa952ba7f163c4a11628f55a4df523b3ef",
				"0x000000000000000000000000468b858c964f297fd8fce058032bf4b4911a8ad8",
				"0x000000000000000000000000ffcdfec7eda94d3e3522c0559ad8880e80034e07"
			],
			"transactionHash": "0x05f1b65a8c05a2fd04287ae539de566f75725ea3e1e622e8339e41a46bb99d8e",
			"transactionIndex": 85,
			"transactionLogIndex": "0x0",
			"type": "mined",
			"id": "log_db7dc4d6"
		}
	],
	"logsBloom": "0x00000000000000000000000000020000000000000000000000000000000000000000000000000000000000000000000000000000000000000000000000000000000000000000010000000008000000000000000001200000000000000020000000000000000000000000000000000000000000000000000000000010000000000000000000000000000000000000000000000000000000000000000000000000000000000000000080000000000000000000000000000000000000010000000000001002000000000000000000000000000000000000000000000000400000000000000000000000000000000000000000000000000000000000000000000000",
	"root": null,
	"status": "0x1",
	"transactionHash": "0x05f1b65a8c05a2fd04287ae539de566f75725ea3e1e622e8339e41a46bb99d8e",
	"transactionIndex": 85
}
[2018-04-17T23:31:14.372] [DEBUG] trans - TO:   0xbab4183890d8bd7c2587c67d6b450d5e8983c4e2
[2018-04-17T23:31:14.372] [DEBUG] trans - AMOUNT:   130553000000000000000
[2018-04-17T23:31:14.372] [DEBUG] trans - Receipt info:  {
	"blockHash": "0x508fa483c7abdbd0965dc5e1d5eaddd1df14e5692fa3f70a3d038d012e5376ab",
	"blockNumber": 5459236,
	"contractAddress": null,
	"cumulativeGasUsed": 4268950,
	"gasUsed": 51653,
	"logs": [
		{
			"address": "0x7e9e431a0B8c4D532C745B1043c7FA29a48D4fBa",
			"blockHash": "0x508fa483c7abdbd0965dc5e1d5eaddd1df14e5692fa3f70a3d038d012e5376ab",
			"blockNumber": 5459236,
			"data": "0x00000000000000000000000000000000000000000000000713c96dccf1928000",
			"logIndex": 86,
			"topics": [
				"0xddf252ad1be2c89b69c2b068fc378daa952ba7f163c4a11628f55a4df523b3ef",
				"0x000000000000000000000000468b858c964f297fd8fce058032bf4b4911a8ad8",
				"0x000000000000000000000000bab4183890d8bd7c2587c67d6b450d5e8983c4e2"
			],
			"transactionHash": "0x53e4e44013a080d83570bfaa9dcb1514529be2bd42f7586744a55ab7f16bade2",
			"transactionIndex": 89,
			"transactionLogIndex": "0x0",
			"type": "mined",
			"id": "log_f31b5391"
		}
	],
	"logsBloom": "0x00000000000000400000000000020000000000000000000000000000000000000000000000000000000000000000000000000000000000000000000000000000000000000000010000000008000000000000000000000000000000000020000000000000000000000000000000000000000000000000000000000010000000000000000000000000000000000000000000000000000000000000000000000000000000000000000080000000000000000000000000000000000000010000000000001002000000000000000000000040000000001000000000000000000000000000000000000000000000000000000000000000000000000000000000000000",
	"root": null,
	"status": "0x1",
	"transactionHash": "0x53e4e44013a080d83570bfaa9dcb1514529be2bd42f7586744a55ab7f16bade2",
	"transactionIndex": 89
}
[2018-04-17T23:31:14.372] [DEBUG] trans - TO:   0x40f3e4f62b26c84f2f44dce05b22511fc5d48cd1
[2018-04-17T23:31:14.372] [DEBUG] trans - AMOUNT:   130548000000000000000
[2018-04-17T23:31:14.372] [DEBUG] trans - Receipt info:  {
	"blockHash": "0x508fa483c7abdbd0965dc5e1d5eaddd1df14e5692fa3f70a3d038d012e5376ab",
	"blockNumber": 5459236,
	"contractAddress": null,
	"cumulativeGasUsed": 4372128,
	"gasUsed": 51589,
	"logs": [
		{
			"address": "0x7e9e431a0B8c4D532C745B1043c7FA29a48D4fBa",
			"blockHash": "0x508fa483c7abdbd0965dc5e1d5eaddd1df14e5692fa3f70a3d038d012e5376ab",
			"blockNumber": 5459236,
			"data": "0x00000000000000000000000000000000000000000000000713b7aa53b9b20000",
			"logIndex": 88,
			"topics": [
				"0xddf252ad1be2c89b69c2b068fc378daa952ba7f163c4a11628f55a4df523b3ef",
				"0x000000000000000000000000468b858c964f297fd8fce058032bf4b4911a8ad8",
				"0x00000000000000000000000040f3e4f62b26c84f2f44dce05b22511fc5d48cd1"
			],
			"transactionHash": "0x5d4ac70477873f88f4b83c63190085d3e4f5d009d7c39ba225234db29a9238ff",
			"transactionIndex": 91,
			"transactionLogIndex": "0x0",
			"type": "mined",
			"id": "log_d891dc2c"
		}
	],
	"logsBloom": "0x00000000000000000000000000020000000000000000000000000000000000000000000000100000000000000000000000000000000000000000000000040000000000000000010000000008000000000000000000000000000000000020000000000000000000000000000000000000000000000000000000000010000000000000000000000000000000000000000000000000000000000000000000000000000000000100000080000000000000000000000000000000000000010000000000001002000000000000000000000000000000000000000000000000000000000000000000000000000000000000000000000000000000000000000000000000",
	"root": null,
	"status": "0x1",
	"transactionHash": "0x5d4ac70477873f88f4b83c63190085d3e4f5d009d7c39ba225234db29a9238ff",
	"transactionIndex": 91
}
[2018-04-17T23:31:14.372] [DEBUG] trans - TO:   0x025656f4f407baa7de1d03675de88ff404aef4e9
[2018-04-17T23:31:14.372] [DEBUG] trans - AMOUNT:   130540000000000000000
[2018-04-17T23:31:14.372] [DEBUG] trans - Receipt info:  {
	"blockHash": "0x508fa483c7abdbd0965dc5e1d5eaddd1df14e5692fa3f70a3d038d012e5376ab",
	"blockNumber": 5459236,
	"contractAddress": null,
	"cumulativeGasUsed": 4423717,
	"gasUsed": 51589,
	"logs": [
		{
			"address": "0x7e9e431a0B8c4D532C745B1043c7FA29a48D4fBa",
			"blockHash": "0x508fa483c7abdbd0965dc5e1d5eaddd1df14e5692fa3f70a3d038d012e5376ab",
			"blockNumber": 5459236,
			"data": "0x000000000000000000000000000000000000000000000007139b3e5e937e0000",
			"logIndex": 89,
			"topics": [
				"0xddf252ad1be2c89b69c2b068fc378daa952ba7f163c4a11628f55a4df523b3ef",
				"0x000000000000000000000000468b858c964f297fd8fce058032bf4b4911a8ad8",
				"0x000000000000000000000000025656f4f407baa7de1d03675de88ff404aef4e9"
			],
			"transactionHash": "0x7d500f33d3a5079298f79e3431b723ad87585c82742e10ea47ea8d25ffa5aedd",
			"transactionIndex": 92,
			"transactionLogIndex": "0x0",
			"type": "mined",
			"id": "log_62719997"
		}
	],
	"logsBloom": "0x00000000000000000000000000020000000000000000000000000000000000000000000000000000000000000000000000000000000000000000000000000000000000000000010000000008000000000000000000000000000000000020000000000000000000000000000000000000000000000000000000000010000000000000000000000000000000000000000000000000000000000000000000000000000000000000000088000000000000000000000000000000000000010000000400001002000000000000000000000000000000000000000000000000000000000000000000000000000000000000000000000000000000000000000008000000",
	"root": null,
	"status": "0x1",
	"transactionHash": "0x7d500f33d3a5079298f79e3431b723ad87585c82742e10ea47ea8d25ffa5aedd",
	"transactionIndex": 92
}
[2018-04-17T23:31:14.374] [DEBUG] trans - TO:   0xebdd8cdcea63c20eade5db5bcf1d76ff381376a2
[2018-04-17T23:31:14.374] [DEBUG] trans - AMOUNT:   130550000000000000000
[2018-04-17T23:31:14.374] [DEBUG] trans - Receipt info:  {
	"blockHash": "0x508fa483c7abdbd0965dc5e1d5eaddd1df14e5692fa3f70a3d038d012e5376ab",
	"blockNumber": 5459236,
	"contractAddress": null,
	"cumulativeGasUsed": 4320539,
	"gasUsed": 51589,
	"logs": [
		{
			"address": "0x7e9e431a0B8c4D532C745B1043c7FA29a48D4fBa",
			"blockHash": "0x508fa483c7abdbd0965dc5e1d5eaddd1df14e5692fa3f70a3d038d012e5376ab",
			"blockNumber": 5459236,
			"data": "0x00000000000000000000000000000000000000000000000713bec551033f0000",
			"logIndex": 87,
			"topics": [
				"0xddf252ad1be2c89b69c2b068fc378daa952ba7f163c4a11628f55a4df523b3ef",
				"0x000000000000000000000000468b858c964f297fd8fce058032bf4b4911a8ad8",
				"0x000000000000000000000000ebdd8cdcea63c20eade5db5bcf1d76ff381376a2"
			],
			"transactionHash": "0x727f07a30992e994a2d5eee66f83d660646b114a634f65961a2e1fee8c8a0358",
			"transactionIndex": 90,
			"transactionLogIndex": "0x0",
			"type": "mined",
			"id": "log_5cc809d2"
		}
	],
	"logsBloom": "0x00000000000000000000000000020000000000000000000000000000000000000000000000000000000000000000000000000000000000000000000000000000000000000000010000000018000000000000000000000000000000000020000000000000000000000000000000000000000000000000000000000010000000000000000000000000000000000000000000000000000000000000000000000000000000000000000080000000000000000000000000000000000000010000000000001002000000000000000001000000000000000000000000000000000000000000000000000000000000000000000000000000000000000000000000100000",
	"root": null,
	"status": "0x1",
	"transactionHash": "0x727f07a30992e994a2d5eee66f83d660646b114a634f65961a2e1fee8c8a0358",
	"transactionIndex": 90
}
[2018-04-17T23:31:14.374] [DEBUG] trans - TO:   0x5b4ba718c75ad71f8478e5a060f293878c6ec15b
[2018-04-17T23:31:14.374] [DEBUG] trans - AMOUNT:   130528200000000000000
[2018-04-17T23:31:14.374] [DEBUG] trans - Receipt info:  {
	"blockHash": "0x508fa483c7abdbd0965dc5e1d5eaddd1df14e5692fa3f70a3d038d012e5376ab",
	"blockNumber": 5459236,
	"contractAddress": null,
	"cumulativeGasUsed": 4526959,
	"gasUsed": 51653,
	"logs": [
		{
			"address": "0x7e9e431a0B8c4D532C745B1043c7FA29a48D4fBa",
			"blockHash": "0x508fa483c7abdbd0965dc5e1d5eaddd1df14e5692fa3f70a3d038d012e5376ab",
			"blockNumber": 5459236,
			"data": "0x00000000000000000000000000000000000000000000000713715254fb248000",
			"logIndex": 91,
			"topics": [
				"0xddf252ad1be2c89b69c2b068fc378daa952ba7f163c4a11628f55a4df523b3ef",
				"0x000000000000000000000000468b858c964f297fd8fce058032bf4b4911a8ad8",
				"0x0000000000000000000000005b4ba718c75ad71f8478e5a060f293878c6ec15b"
			],
			"transactionHash": "0x1654dcc1a4b7380b161b34ef5a56c81da078c9a7c1ba51d525fbd06445698e66",
			"transactionIndex": 94,
			"transactionLogIndex": "0x0",
			"type": "mined",
			"id": "log_4304cf23"
		}
	],
	"logsBloom": "0x00000000000000000000000000020000000000000000000000000000000000000000080000000000000000000000000000000000000000000000000000000000000000000000010000000008000000000000000000000000000000000020000000000000000000000000000000000000000000000000000000000010000000000000000000000000000000000000000000000000000000000000000000000000000000000000000080000000000000000000000000000000000100010000000000001002000000000000000000000000000000000000000000000008000000000000000000000000000000000000000000000000000000000000000000000000",
	"root": null,
	"status": "0x1",
	"transactionHash": "0x1654dcc1a4b7380b161b34ef5a56c81da078c9a7c1ba51d525fbd06445698e66",
	"transactionIndex": 94
}
[2018-04-17T23:31:14.375] [DEBUG] trans - TO:   0x789c95c4825bf0c87436406ce1ea54c06a1678f3
[2018-04-17T23:31:14.375] [DEBUG] trans - AMOUNT:   130536800000000000000
[2018-04-17T23:31:14.375] [DEBUG] trans - Receipt info:  {
	"blockHash": "0x508fa483c7abdbd0965dc5e1d5eaddd1df14e5692fa3f70a3d038d012e5376ab",
	"blockNumber": 5459236,
	"contractAddress": null,
	"cumulativeGasUsed": 4475306,
	"gasUsed": 51589,
	"logs": [
		{
			"address": "0x7e9e431a0B8c4D532C745B1043c7FA29a48D4fBa",
			"blockHash": "0x508fa483c7abdbd0965dc5e1d5eaddd1df14e5692fa3f70a3d038d012e5376ab",
			"blockNumber": 5459236,
			"data": "0x000000000000000000000000000000000000000000000007138fdffc84360000",
			"logIndex": 90,
			"topics": [
				"0xddf252ad1be2c89b69c2b068fc378daa952ba7f163c4a11628f55a4df523b3ef",
				"0x000000000000000000000000468b858c964f297fd8fce058032bf4b4911a8ad8",
				"0x000000000000000000000000789c95c4825bf0c87436406ce1ea54c06a1678f3"
			],
			"transactionHash": "0x3180e8882821bd9df3730e2055e3030d7fccdff4035a7b0e7a62b7941bd4b7d9",
			"transactionIndex": 93,
			"transactionLogIndex": "0x0",
			"type": "mined",
			"id": "log_d387517b"
		}
	],
	"logsBloom": "0x00000000000000000000000004020000000000000000000000000000000000000000000000000000000000000000000000000000000000000000000004000000000000000000010000000008000000000000000000000000000000000020000000000000000000000000000000000000002000000000000000000010000000000000000000000000000000000000000000000000000000000000000000000000000000000000000080000000000000000000000000000000000000010000000000001002000000000000000000000000000000000000000000000000000000000000000000000000000000000000000000000000000000000000000000000000",
	"root": null,
	"status": "0x1",
	"transactionHash": "0x3180e8882821bd9df3730e2055e3030d7fccdff4035a7b0e7a62b7941bd4b7d9",
	"transactionIndex": 93
}
[2018-04-17T23:31:14.375] [DEBUG] trans - TO:   0x174b3f2a913615e73fa58fb9f32e752feb973e49
[2018-04-17T23:31:14.375] [DEBUG] trans - AMOUNT:   130525700000000000000
[2018-04-17T23:31:14.375] [DEBUG] trans - Receipt info:  {
	"blockHash": "0x508fa483c7abdbd0965dc5e1d5eaddd1df14e5692fa3f70a3d038d012e5376ab",
	"blockNumber": 5459236,
	"contractAddress": null,
	"cumulativeGasUsed": 4630201,
	"gasUsed": 51653,
	"logs": [
		{
			"address": "0x7e9e431a0B8c4D532C745B1043c7FA29a48D4fBa",
			"blockHash": "0x508fa483c7abdbd0965dc5e1d5eaddd1df14e5692fa3f70a3d038d012e5376ab",
			"blockNumber": 5459236,
			"data": "0x000000000000000000000000000000000000000000000007136870985f344000",
			"logIndex": 93,
			"topics": [
				"0xddf252ad1be2c89b69c2b068fc378daa952ba7f163c4a11628f55a4df523b3ef",
				"0x000000000000000000000000468b858c964f297fd8fce058032bf4b4911a8ad8",
				"0x000000000000000000000000174b3f2a913615e73fa58fb9f32e752feb973e49"
			],
			"transactionHash": "0x7041d40b0661d98b3d1c3e6066f0a69be0f8dbf06e746ef1e942de524ce66bfa",
			"transactionIndex": 96,
			"transactionLogIndex": "0x0",
			"type": "mined",
			"id": "log_c29942d8"
		}
	],
	"logsBloom": "0x00000000000000000000000000020000000000000000000000000000000000000000000000000000000000000000000000000000000000000000000000000000000000000000010000000008000000000000000000000000000000000020000000000000000000000000000000000000000000000000000000000010000000002000000000000000000000000000000000002000000000000000000000000000000000000000000080400000000000000000000000000000000000010000000000001002000000000000000000000000000000000000000000000000000000000000000000000000000000000000000000000000000000000000000000000000",
	"root": null,
	"status": "0x1",
	"transactionHash": "0x7041d40b0661d98b3d1c3e6066f0a69be0f8dbf06e746ef1e942de524ce66bfa",
	"transactionIndex": 96
}
[2018-04-17T23:31:14.376] [DEBUG] trans - TO:   0x326311ed6ee1998ad557d204fe9b837bd88e2ca0
[2018-04-17T23:31:14.376] [DEBUG] trans - AMOUNT:   130527600000000000000
[2018-04-17T23:31:14.376] [DEBUG] trans - Receipt info:  {
	"blockHash": "0x508fa483c7abdbd0965dc5e1d5eaddd1df14e5692fa3f70a3d038d012e5376ab",
	"blockNumber": 5459236,
	"contractAddress": null,
	"cumulativeGasUsed": 4578548,
	"gasUsed": 51589,
	"logs": [
		{
			"address": "0x7e9e431a0B8c4D532C745B1043c7FA29a48D4fBa",
			"blockHash": "0x508fa483c7abdbd0965dc5e1d5eaddd1df14e5692fa3f70a3d038d012e5376ab",
			"blockNumber": 5459236,
			"data": "0x000000000000000000000000000000000000000000000007136f30a298470000",
			"logIndex": 92,
			"topics": [
				"0xddf252ad1be2c89b69c2b068fc378daa952ba7f163c4a11628f55a4df523b3ef",
				"0x000000000000000000000000468b858c964f297fd8fce058032bf4b4911a8ad8",
				"0x000000000000000000000000326311ed6ee1998ad557d204fe9b837bd88e2ca0"
			],
			"transactionHash": "0x040b5b3d0adfc6facb03b656eda760550fb856082a28b9ca2738cee7b954b41c",
			"transactionIndex": 95,
			"transactionLogIndex": "0x0",
			"type": "mined",
			"id": "log_1eae3e5e"
		}
	],
	"logsBloom": "0x00000000000000000000000000020000000000000000000000000000000000000000000000000000000000000040000000000000000000000000000000000000000000000000010000000008000000000000000000000000000000000020000000000000000000000000000000000000000000000000000000000010000000000000000000000000000000000000000000000000000000000000000000000000000000000000000080000000000000000000000000000001000000010000000000001002000000000000000000000000000000000000000000000000000000000000000000000010000000000000000000000000000000000000000000000000",
	"root": null,
	"status": "0x1",
	"transactionHash": "0x040b5b3d0adfc6facb03b656eda760550fb856082a28b9ca2738cee7b954b41c",
	"transactionIndex": 95
}
[2018-04-17T23:31:14.376] [DEBUG] trans - TO:   0x73efe6e4217c363811bb65597b06ccebdb9c316e
[2018-04-17T23:31:14.376] [DEBUG] trans - AMOUNT:   130513500000000000000
[2018-04-17T23:31:14.376] [DEBUG] trans - Receipt info:  {
	"blockHash": "0x508fa483c7abdbd0965dc5e1d5eaddd1df14e5692fa3f70a3d038d012e5376ab",
	"blockNumber": 5459236,
	"contractAddress": null,
	"cumulativeGasUsed": 4681854,
	"gasUsed": 51653,
	"logs": [
		{
			"address": "0x7e9e431a0B8c4D532C745B1043c7FA29a48D4fBa",
			"blockHash": "0x508fa483c7abdbd0965dc5e1d5eaddd1df14e5692fa3f70a3d038d012e5376ab",
			"blockNumber": 5459236,
			"data": "0x000000000000000000000000000000000000000000000007133d18c284f1c000",
			"logIndex": 94,
			"topics": [
				"0xddf252ad1be2c89b69c2b068fc378daa952ba7f163c4a11628f55a4df523b3ef",
				"0x000000000000000000000000468b858c964f297fd8fce058032bf4b4911a8ad8",
				"0x00000000000000000000000073efe6e4217c363811bb65597b06ccebdb9c316e"
			],
			"transactionHash": "0xad02fb2025a64a2bca55e0fc539077bbf858be1355df515ee96e43dd35f9945a",
			"transactionIndex": 97,
			"transactionLogIndex": "0x0",
			"type": "mined",
			"id": "log_37a1e1f5"
		}
	],
	"logsBloom": "0x00000000000000000000000000020000000000000000000000000000000000000000000000000000000000000000000000000000000000000000000000000000000200000000010000000008040000000000000000000000000000000020000000000000000000000000000000000000000000000000000000000010000000000000000000000000000000000000000000000000000000000000000000000000000000000000000080000000000000000000000000200000000000010000000000001002000000000000000000000000000000000000000000000000000000000000000000000000000000000000000000000000000000000000000000000000",
	"root": null,
	"status": "0x1",
	"transactionHash": "0xad02fb2025a64a2bca55e0fc539077bbf858be1355df515ee96e43dd35f9945a",
	"transactionIndex": 97
}
[2018-04-17T23:31:14.376] [DEBUG] trans - TO:   0x778786e30bbc4d4e721db6e67a9f1bfa21d098c4
[2018-04-17T23:31:14.376] [DEBUG] trans - AMOUNT:   130612500000000000000
[2018-04-17T23:31:14.376] [DEBUG] trans - Receipt info:  {
	"blockHash": "0x508fa483c7abdbd0965dc5e1d5eaddd1df14e5692fa3f70a3d038d012e5376ab",
	"blockNumber": 5459236,
	"contractAddress": null,
	"cumulativeGasUsed": 3442886,
	"gasUsed": 51653,
	"logs": [
		{
			"address": "0x7e9e431a0B8c4D532C745B1043c7FA29a48D4fBa",
			"blockHash": "0x508fa483c7abdbd0965dc5e1d5eaddd1df14e5692fa3f70a3d038d012e5376ab",
			"blockNumber": 5459236,
			"data": "0x000000000000000000000000000000000000000000000007149cd0bc3db54000",
			"logIndex": 70,
			"topics": [
				"0xddf252ad1be2c89b69c2b068fc378daa952ba7f163c4a11628f55a4df523b3ef",
				"0x000000000000000000000000468b858c964f297fd8fce058032bf4b4911a8ad8",
				"0x000000000000000000000000778786e30bbc4d4e721db6e67a9f1bfa21d098c4"
			],
			"transactionHash": "0x28e1a96077b05cc7e643451d6fa5e095ca49e368d441b25ebaa23f1048842770",
			"transactionIndex": 73,
			"transactionLogIndex": "0x0",
			"type": "mined",
			"id": "log_6bab1d69"
		}
	],
	"logsBloom": "0x00000000000000000000000000020000000000000000000000000000000000000000000000000000000000000000000000000000000000000000000000000000000000000000010000000008000000000000000000000000000000000020000000000000000000000040000000000000000000000000000000000010000000000000000000000000000000000000000000000000000000000000000000000000000200000000000080000000000000000000000000000000000000010200000000001002000000000000000000000000000000000000000000000000000000000000000000000000000000000000000000000000000000000000000000000000",
	"root": null,
	"status": "0x1",
	"transactionHash": "0x28e1a96077b05cc7e643451d6fa5e095ca49e368d441b25ebaa23f1048842770",
	"transactionIndex": 73
}
