[2018-04-19T21:47:26.413] [DEBUG] trans - TO:   0x6fe1182e15a1149653ef590e43d73cbda5ee04c5
[2018-04-19T21:47:26.413] [DEBUG] trans - AMOUNT:   200000000000000000000
[2018-04-19T21:47:26.414] [DEBUG] trans - Receipt info:  {
	"blockHash": "0x02a1f8e4f902a9fc56ab93d44980d06b2b47597bf5ea95d6026cf0c62407b0d4",
	"blockNumber": 5470391,
	"contractAddress": null,
	"cumulativeGasUsed": 552694,
	"gasUsed": 51589,
	"logs": [
		{
			"address": "0x7e9e431a0B8c4D532C745B1043c7FA29a48D4fBa",
			"blockHash": "0x02a1f8e4f902a9fc56ab93d44980d06b2b47597bf5ea95d6026cf0c62407b0d4",
			"blockNumber": 5470391,
			"data": "0x00000000000000000000000000000000000000000000000ad78ebc5ac6200000",
			"logIndex": 11,
			"topics": [
				"0xddf252ad1be2c89b69c2b068fc378daa952ba7f163c4a11628f55a4df523b3ef",
				"0x000000000000000000000000468b858c964f297fd8fce058032bf4b4911a8ad8",
				"0x0000000000000000000000006fe1182e15a1149653ef590e43d73cbda5ee04c5"
			],
			"transactionHash": "0xa749c68131d877691fdc52999bf6ef33a0014f3862eb4b3489bf409532fb88c9",
			"transactionIndex": 16,
			"transactionLogIndex": "0x0",
			"type": "mined",
			"id": "log_9f1a2224"
		}
	],
	"logsBloom": "0x00000000000000000000000000020000000000000000000000000000800000000000000000000000000000000000000000000000000000000000000000000000000000000000010200000008000000000000000000000000000000000020000000000000000000000000000000000000000000000000000000000010000000000000000000000000000000000000000000000000000000000000000000000000000000000000000080000000000000000000000000000000000000010000000000001002000000000000000000000000000000000000000000000000000000000000000000000000000000000020000000000000000000000000000000000000",
	"root": null,
	"status": "0x1",
	"transactionHash": "0xa749c68131d877691fdc52999bf6ef33a0014f3862eb4b3489bf409532fb88c9",
	"transactionIndex": 16
}
[2018-04-19T21:47:38.430] [DEBUG] trans - TO:   0x7049d5fbc5d8379730dab0be2dcf5936b035ec9d
[2018-04-19T21:47:38.430] [DEBUG] trans - AMOUNT:   200000000000000000000
[2018-04-19T21:47:38.430] [DEBUG] trans - Receipt info:  {
	"blockHash": "0x6b6aa94cfa28b306db85a5e11e80e0ab158e0b3c9a56d1b98c93b3949e61cced",
	"blockNumber": 5470392,
	"contractAddress": null,
	"cumulativeGasUsed": 342666,
	"gasUsed": 51589,
	"logs": [
		{
			"address": "0x7e9e431a0B8c4D532C745B1043c7FA29a48D4fBa",
			"blockHash": "0x6b6aa94cfa28b306db85a5e11e80e0ab158e0b3c9a56d1b98c93b3949e61cced",
			"blockNumber": 5470392,
			"data": "0x00000000000000000000000000000000000000000000000ad78ebc5ac6200000",
			"logIndex": 6,
			"topics": [
				"0xddf252ad1be2c89b69c2b068fc378daa952ba7f163c4a11628f55a4df523b3ef",
				"0x000000000000000000000000468b858c964f297fd8fce058032bf4b4911a8ad8",
				"0x0000000000000000000000007049d5fbc5d8379730dab0be2dcf5936b035ec9d"
			],
			"transactionHash": "0xdbafddc0e9fdb787407bac76f92a001711558b3ed027bf9e6e6336d9ff1dd9f3",
			"transactionIndex": 9,
			"transactionLogIndex": "0x0",
			"type": "mined",
			"id": "log_36e5124e"
		}
	],
	"logsBloom": "0x00000000800000000000000000020000000000000000000000000000000000000000000000000000000000000000000000000000000000000000000000000200000000000000010000000008000000000000000000000000000000000020000000000000000000000000000000000000000000000000000000000010000000000000000000000000000000000000800000000000000000000000000000000000000000000000000080000000000000000000000000000000000000010000000000001002000000000000000000000000000000000000000000000000000000000000000000000000000000000000000000000000000000000000000000000000",
	"root": null,
	"status": "0x1",
	"transactionHash": "0xdbafddc0e9fdb787407bac76f92a001711558b3ed027bf9e6e6336d9ff1dd9f3",
	"transactionIndex": 9
}
[2018-04-19T21:47:38.430] [DEBUG] trans - TO:   0x70469d4e4fb3c292c074448128528f7c59586b06
[2018-04-19T21:47:38.430] [DEBUG] trans - AMOUNT:   200000000000000000000
[2018-04-19T21:47:38.430] [DEBUG] trans - Receipt info:  {
	"blockHash": "0x6b6aa94cfa28b306db85a5e11e80e0ab158e0b3c9a56d1b98c93b3949e61cced",
	"blockNumber": 5470392,
	"contractAddress": null,
	"cumulativeGasUsed": 206646,
	"gasUsed": 51589,
	"logs": [
		{
			"address": "0x7e9e431a0B8c4D532C745B1043c7FA29a48D4fBa",
			"blockHash": "0x6b6aa94cfa28b306db85a5e11e80e0ab158e0b3c9a56d1b98c93b3949e61cced",
			"blockNumber": 5470392,
			"data": "0x00000000000000000000000000000000000000000000000ad78ebc5ac6200000",
			"logIndex": 1,
			"topics": [
				"0xddf252ad1be2c89b69c2b068fc378daa952ba7f163c4a11628f55a4df523b3ef",
				"0x000000000000000000000000468b858c964f297fd8fce058032bf4b4911a8ad8",
				"0x00000000000000000000000070469d4e4fb3c292c074448128528f7c59586b06"
			],
			"transactionHash": "0xc624939e4d309df25e11cbd42e8e34d436f76b77cf95e02b5b159e8b4228f8f2",
			"transactionIndex": 6,
			"transactionLogIndex": "0x0",
			"type": "mined",
			"id": "log_f672549b"
		}
	],
	"logsBloom": "0x00000000000000000000000000020000000000000000000000000000000000000000000000000000000000000000000000000000000000000000000000000000000000000000010000000008000000000000000000000000000000000020000000000000000000000000000000000000000000000000000000000010000000000000000000000000000000000000000000000000000000000000000000000000000000000000000080000000000000000000000004000000000000010000000000001002000000000000000000000004000000000000000000000000000000000000000000000000004000000000000000000000000000000000000000000000",
	"root": null,
	"status": "0x1",
	"transactionHash": "0xc624939e4d309df25e11cbd42e8e34d436f76b77cf95e02b5b159e8b4228f8f2",
	"transactionIndex": 6
}
[2018-04-19T21:47:38.430] [DEBUG] trans - TO:   0x7209ca0a440d8d95bd36f90d665c5b021fd6d071
[2018-04-19T21:47:38.430] [DEBUG] trans - AMOUNT:   200000000000000000000
[2018-04-19T21:47:38.430] [DEBUG] trans - Receipt info:  {
	"blockHash": "0x6b6aa94cfa28b306db85a5e11e80e0ab158e0b3c9a56d1b98c93b3949e61cced",
	"blockNumber": 5470392,
	"contractAddress": null,
	"cumulativeGasUsed": 444248,
	"gasUsed": 51589,
	"logs": [
		{
			"address": "0x7e9e431a0B8c4D532C745B1043c7FA29a48D4fBa",
			"blockHash": "0x6b6aa94cfa28b306db85a5e11e80e0ab158e0b3c9a56d1b98c93b3949e61cced",
			"blockNumber": 5470392,
			"data": "0x00000000000000000000000000000000000000000000000ad78ebc5ac6200000",
			"logIndex": 8,
			"topics": [
				"0xddf252ad1be2c89b69c2b068fc378daa952ba7f163c4a11628f55a4df523b3ef",
				"0x000000000000000000000000468b858c964f297fd8fce058032bf4b4911a8ad8",
				"0x0000000000000000000000007209ca0a440d8d95bd36f90d665c5b021fd6d071"
			],
			"transactionHash": "0x241b1c6d0266bab1f1f41e2abe4fab1402835118970a84d327b6e6e3a1080f73",
			"transactionIndex": 11,
			"transactionLogIndex": "0x0",
			"type": "mined",
			"id": "log_c5728a64"
		}
	],
	"logsBloom": "0x00000000000000000000000000020000000000000000000000000000000000000000000000000000000000000000000000000000000000000000000000000000000000000000010000000008000000000000000000000000000000000030000000000000000000000020000000000000000000000000000000000010000000000000000000000000000000000000000000000000000000000000000000000000000000000000000080000000000000000000000000000000000000010000000000001002000000000000000000000000000000000000000000000000000000000000000000000000000000000000000000000000000000000000000400000000",
	"root": null,
	"status": "0x1",
	"transactionHash": "0x241b1c6d0266bab1f1f41e2abe4fab1402835118970a84d327b6e6e3a1080f73",
	"transactionIndex": 11
}
[2018-04-19T21:47:38.431] [DEBUG] trans - TO:   0x73275dc653aca7c17517401df202f050915ec3d1
[2018-04-19T21:47:38.431] [DEBUG] trans - AMOUNT:   200000000000000000000
[2018-04-19T21:47:38.431] [DEBUG] trans - Receipt info:  {
	"blockHash": "0x6b6aa94cfa28b306db85a5e11e80e0ab158e0b3c9a56d1b98c93b3949e61cced",
	"blockNumber": 5470392,
	"contractAddress": null,
	"cumulativeGasUsed": 597483,
	"gasUsed": 51589,
	"logs": [
		{
			"address": "0x7e9e431a0B8c4D532C745B1043c7FA29a48D4fBa",
			"blockHash": "0x6b6aa94cfa28b306db85a5e11e80e0ab158e0b3c9a56d1b98c93b3949e61cced",
			"blockNumber": 5470392,
			"data": "0x00000000000000000000000000000000000000000000000ad78ebc5ac6200000",
			"logIndex": 11,
			"topics": [
				"0xddf252ad1be2c89b69c2b068fc378daa952ba7f163c4a11628f55a4df523b3ef",
				"0x000000000000000000000000468b858c964f297fd8fce058032bf4b4911a8ad8",
				"0x00000000000000000000000073275dc653aca7c17517401df202f050915ec3d1"
			],
			"transactionHash": "0xb67bb21f2f2b1fa06cf10dcb0a3fe6fa70d84839e94385a644504012adbcb4e9",
			"transactionIndex": 14,
			"transactionLogIndex": "0x0",
			"type": "mined",
			"id": "log_292b2034"
		}
	],
	"logsBloom": "0x00040000000000000000000000020000000000000000000000000000000000000000000000000000000000000000000000000000000002000000000000000000000000000000010000000008000000000000000000000000000000000020000000000000000000000000000000000000000000000000000000000010000000000000000000000000000000000000000000000000000000000000000000000000000000000000000080002000000000000000000000000000000000010000000000001002000000000000000000000000000000000000000000000000000000000000000000000000000000000000000000000000000000000000000000000000",
	"root": null,
	"status": "0x1",
	"transactionHash": "0xb67bb21f2f2b1fa06cf10dcb0a3fe6fa70d84839e94385a644504012adbcb4e9",
	"transactionIndex": 14
}
[2018-04-19T21:47:38.431] [DEBUG] trans - TO:   0x73b41ad80ec0b58eb5d3b8390b4a9180eab1508e
[2018-04-19T21:47:38.431] [DEBUG] trans - AMOUNT:   200000000000000000000
[2018-04-19T21:47:38.431] [DEBUG] trans - Receipt info:  {
	"blockHash": "0x6b6aa94cfa28b306db85a5e11e80e0ab158e0b3c9a56d1b98c93b3949e61cced",
	"blockNumber": 5470392,
	"contractAddress": null,
	"cumulativeGasUsed": 700661,
	"gasUsed": 51589,
	"logs": [
		{
			"address": "0x7e9e431a0B8c4D532C745B1043c7FA29a48D4fBa",
			"blockHash": "0x6b6aa94cfa28b306db85a5e11e80e0ab158e0b3c9a56d1b98c93b3949e61cced",
			"blockNumber": 5470392,
			"data": "0x00000000000000000000000000000000000000000000000ad78ebc5ac6200000",
			"logIndex": 13,
			"topics": [
				"0xddf252ad1be2c89b69c2b068fc378daa952ba7f163c4a11628f55a4df523b3ef",
				"0x000000000000000000000000468b858c964f297fd8fce058032bf4b4911a8ad8",
				"0x00000000000000000000000073b41ad80ec0b58eb5d3b8390b4a9180eab1508e"
			],
			"transactionHash": "0x3fb0e73a7fa8b5775e2f891500ad4cbc6e77f08b6e14334fcf845c28d270849b",
			"transactionIndex": 16,
			"transactionLogIndex": "0x0",
			"type": "mined",
			"id": "log_620cf9a4"
		}
	],
	"logsBloom": "0x00000000000000000000000000020000000000000000000000000000000000000000000000000000000000000000000000000000000000000000000000000000000000000000010000000008000000000000000000000000000000000020000000000000000000000000000000000000000000000000000000000010000000000000000000000000000000000000000000000000000000000000000000000000000000000000000080000000000000000000000000000000000000010000010000001002000000080000000000000000000000000000000000000000000000000000000000000000004000000000000000000000000000000000000000000000",
	"root": null,
	"status": "0x1",
	"transactionHash": "0x3fb0e73a7fa8b5775e2f891500ad4cbc6e77f08b6e14334fcf845c28d270849b",
	"transactionIndex": 16
}
[2018-04-19T21:47:38.433] [DEBUG] trans - TO:   0x723b5f021e1c10e58fd532672b9c0b6cc1221d0b
[2018-04-19T21:47:38.433] [DEBUG] trans - AMOUNT:   200000000000000000000
[2018-04-19T21:47:38.433] [DEBUG] trans - Receipt info:  {
	"blockHash": "0x6b6aa94cfa28b306db85a5e11e80e0ab158e0b3c9a56d1b98c93b3949e61cced",
	"blockNumber": 5470392,
	"contractAddress": null,
	"cumulativeGasUsed": 545894,
	"gasUsed": 51589,
	"logs": [
		{
			"address": "0x7e9e431a0B8c4D532C745B1043c7FA29a48D4fBa",
			"blockHash": "0x6b6aa94cfa28b306db85a5e11e80e0ab158e0b3c9a56d1b98c93b3949e61cced",
			"blockNumber": 5470392,
			"data": "0x00000000000000000000000000000000000000000000000ad78ebc5ac6200000",
			"logIndex": 10,
			"topics": [
				"0xddf252ad1be2c89b69c2b068fc378daa952ba7f163c4a11628f55a4df523b3ef",
				"0x000000000000000000000000468b858c964f297fd8fce058032bf4b4911a8ad8",
				"0x000000000000000000000000723b5f021e1c10e58fd532672b9c0b6cc1221d0b"
			],
			"transactionHash": "0xea2a5af470f918f853eca1a9cea98250b4f5620d6d5a62f0033790e3c359fe4f",
			"transactionIndex": 13,
			"transactionLogIndex": "0x0",
			"type": "mined",
			"id": "log_dfc952dd"
		}
	],
	"logsBloom": "0x00000000000000000000000000020000000000000000000000000000000000000000000000000000000000000000000000000000000000000000000000000000000000000000010000000008000000000000000000000000000000000020000000000000000000000000000000000000000000000000000000000010000000000100000000000000000000020000000000000000000000000000000000000000000000000000000080000000000000000000000000000000000000010000000000001002000000000000000000000000000000000000000000000000000000000000000000000000000000000000000000400000000000000000000000000000",
	"root": null,
	"status": "0x1",
	"transactionHash": "0xea2a5af470f918f853eca1a9cea98250b4f5620d6d5a62f0033790e3c359fe4f",
	"transactionIndex": 13
}
[2018-04-19T21:47:38.434] [DEBUG] trans - TO:   0x74b2ac5bbd5254f3ddd393b1a7aaa26b5578b388
[2018-04-19T21:47:38.434] [DEBUG] trans - AMOUNT:   200000000000000000000
[2018-04-19T21:47:38.434] [DEBUG] trans - Receipt info:  {
	"blockHash": "0x6b6aa94cfa28b306db85a5e11e80e0ab158e0b3c9a56d1b98c93b3949e61cced",
	"blockNumber": 5470392,
	"contractAddress": null,
	"cumulativeGasUsed": 752250,
	"gasUsed": 51589,
	"logs": [
		{
			"address": "0x7e9e431a0B8c4D532C745B1043c7FA29a48D4fBa",
			"blockHash": "0x6b6aa94cfa28b306db85a5e11e80e0ab158e0b3c9a56d1b98c93b3949e61cced",
			"blockNumber": 5470392,
			"data": "0x00000000000000000000000000000000000000000000000ad78ebc5ac6200000",
			"logIndex": 14,
			"topics": [
				"0xddf252ad1be2c89b69c2b068fc378daa952ba7f163c4a11628f55a4df523b3ef",
				"0x000000000000000000000000468b858c964f297fd8fce058032bf4b4911a8ad8",
				"0x00000000000000000000000074b2ac5bbd5254f3ddd393b1a7aaa26b5578b388"
			],
			"transactionHash": "0xa96476f837fc4be258c32c103592ba19f1c56dc6daff8b22804e978e0c5a89d9",
			"transactionIndex": 17,
			"transactionLogIndex": "0x0",
			"type": "mined",
			"id": "log_b6efa55a"
		}
	],
	"logsBloom": "0x00000000000000000000000000020000000000000000000000000000000000000000000000100000000000000000000000000000000000000000000000000000000000000000010800000008000000000000000000000000000000000020000000000000000000000000000000000000000000000000000000000010000000000000000000000000000000000000000000000100000000000000000000000000000000000000000080000000000000000000000000000000000000010000000000001002000000000000000000000000000000000000000000000000000000000000000000000000000000000000000000000000000000000000000000000000",
	"root": null,
	"status": "0x1",
	"transactionHash": "0xa96476f837fc4be258c32c103592ba19f1c56dc6daff8b22804e978e0c5a89d9",
	"transactionIndex": 17
}
[2018-04-19T21:47:38.434] [DEBUG] trans - TO:   0x73943a661905ec28bef4e31f4bf358551f10535d
[2018-04-19T21:47:38.434] [DEBUG] trans - AMOUNT:   200000000000000000000
[2018-04-19T21:47:38.434] [DEBUG] trans - Receipt info:  {
	"blockHash": "0x6b6aa94cfa28b306db85a5e11e80e0ab158e0b3c9a56d1b98c93b3949e61cced",
	"blockNumber": 5470392,
	"contractAddress": null,
	"cumulativeGasUsed": 649072,
	"gasUsed": 51589,
	"logs": [
		{
			"address": "0x7e9e431a0B8c4D532C745B1043c7FA29a48D4fBa",
			"blockHash": "0x6b6aa94cfa28b306db85a5e11e80e0ab158e0b3c9a56d1b98c93b3949e61cced",
			"blockNumber": 5470392,
			"data": "0x00000000000000000000000000000000000000000000000ad78ebc5ac6200000",
			"logIndex": 12,
			"topics": [
				"0xddf252ad1be2c89b69c2b068fc378daa952ba7f163c4a11628f55a4df523b3ef",
				"0x000000000000000000000000468b858c964f297fd8fce058032bf4b4911a8ad8",
				"0x00000000000000000000000073943a661905ec28bef4e31f4bf358551f10535d"
			],
			"transactionHash": "0x5887cac51dd78e53388af4205ebcc611d06700fc0c289390a18cbe79a71a1aa2",
			"transactionIndex": 15,
			"transactionLogIndex": "0x0",
			"type": "mined",
			"id": "log_d9ea1bc4"
		}
	],
	"logsBloom": "0x00000000000000000000000000020000000000000000000000000000000000000000000000000000000000000000000000000000000000000000000000000080000000000000010000000008000000000000000000000000000000000020000000000000000000000000000000000000004000000000000000000010000000000000000000000000000000000000000000000000000000000000000000000000000000000000000080000000000000000000000000000000000000010000000000001002000000000000000000000000000000000000000000000000000000000000000000000000000000000000000800000000000000000000000000000000",
	"root": null,
	"status": "0x1",
	"transactionHash": "0x5887cac51dd78e53388af4205ebcc611d06700fc0c289390a18cbe79a71a1aa2",
	"transactionIndex": 15
}
[2018-04-19T21:47:38.434] [DEBUG] trans - TO:   0x74deddc285db97d0338420a183bf23d97112e457
[2018-04-19T21:47:38.434] [DEBUG] trans - AMOUNT:   200000000000000000000
[2018-04-19T21:47:38.434] [DEBUG] trans - Receipt info:  {
	"blockHash": "0x6b6aa94cfa28b306db85a5e11e80e0ab158e0b3c9a56d1b98c93b3949e61cced",
	"blockNumber": 5470392,
	"contractAddress": null,
	"cumulativeGasUsed": 803839,
	"gasUsed": 51589,
	"logs": [
		{
			"address": "0x7e9e431a0B8c4D532C745B1043c7FA29a48D4fBa",
			"blockHash": "0x6b6aa94cfa28b306db85a5e11e80e0ab158e0b3c9a56d1b98c93b3949e61cced",
			"blockNumber": 5470392,
			"data": "0x00000000000000000000000000000000000000000000000ad78ebc5ac6200000",
			"logIndex": 15,
			"topics": [
				"0xddf252ad1be2c89b69c2b068fc378daa952ba7f163c4a11628f55a4df523b3ef",
				"0x000000000000000000000000468b858c964f297fd8fce058032bf4b4911a8ad8",
				"0x00000000000000000000000074deddc285db97d0338420a183bf23d97112e457"
			],
			"transactionHash": "0xf2a1f099738da3e14058668058f091afd9390961082fc4637738cf92b6026f8e",
			"transactionIndex": 18,
			"transactionLogIndex": "0x0",
			"type": "mined",
			"id": "log_f700d3b5"
		}
	],
	"logsBloom": "0x00000000000000000001000000020000000000000000000000000000000000000000000000000400000000000000000000000000000000000000000000000000000000000000010000000008000000000000000000000000000000000020000000000000000000000000000000000000000000000000000000000010000000000000000000000000000000000000000000000000000000000000000000000000000000000002000080000000000000000000000000000000000000010000000000001002000000000000000000000000000000000000000000000000000000000000000000000000000000000000000000000000000000000000000000000000",
	"root": null,
	"status": "0x1",
	"transactionHash": "0xf2a1f099738da3e14058668058f091afd9390961082fc4637738cf92b6026f8e",
	"transactionIndex": 18
}
[2018-04-19T21:47:38.435] [DEBUG] trans - TO:   0x76611e3a1df0e821b727633a777d8f37b6c5cf0e
[2018-04-19T21:47:38.435] [DEBUG] trans - AMOUNT:   200000000000000000000
[2018-04-19T21:47:38.435] [DEBUG] trans - Receipt info:  {
	"blockHash": "0x6b6aa94cfa28b306db85a5e11e80e0ab158e0b3c9a56d1b98c93b3949e61cced",
	"blockNumber": 5470392,
	"contractAddress": null,
	"cumulativeGasUsed": 958606,
	"gasUsed": 51589,
	"logs": [
		{
			"address": "0x7e9e431a0B8c4D532C745B1043c7FA29a48D4fBa",
			"blockHash": "0x6b6aa94cfa28b306db85a5e11e80e0ab158e0b3c9a56d1b98c93b3949e61cced",
			"blockNumber": 5470392,
			"data": "0x00000000000000000000000000000000000000000000000ad78ebc5ac6200000",
			"logIndex": 18,
			"topics": [
				"0xddf252ad1be2c89b69c2b068fc378daa952ba7f163c4a11628f55a4df523b3ef",
				"0x000000000000000000000000468b858c964f297fd8fce058032bf4b4911a8ad8",
				"0x00000000000000000000000076611e3a1df0e821b727633a777d8f37b6c5cf0e"
			],
			"transactionHash": "0xcdfbc5c850cfb22695432eef27662b3cb02bafa1abef7ee5b6692d4e0b89ce0d",
			"transactionIndex": 21,
			"transactionLogIndex": "0x0",
			"type": "mined",
			"id": "log_3ece9dc1"
		}
	],
	"logsBloom": "0x00000000000000000000000000020000000000000000000000000000000000000000000000000000000000000000000000000000000000000000000000000000000000000000010000000008000000000000000000000000000000000020000000000000000000000000000000000000000000000000000000000010000000000000000000000000000000000000000000000000000000000000000000000000000000000000000080000000000000000000000100000000000000010000000000001002000000000000000000000000000000000000000001000000000000000000000000000000000000000000000000000000000000000000000000001000",
	"root": null,
	"status": "0x1",
	"transactionHash": "0xcdfbc5c850cfb22695432eef27662b3cb02bafa1abef7ee5b6692d4e0b89ce0d",
	"transactionIndex": 21
}
[2018-04-19T21:47:38.435] [DEBUG] trans - TO:   0x7552eaa068543672f89fe5d0366d8ffd74d35bd9
[2018-04-19T21:47:38.435] [DEBUG] trans - AMOUNT:   200000000000000000000
[2018-04-19T21:47:38.435] [DEBUG] trans - Receipt info:  {
	"blockHash": "0x6b6aa94cfa28b306db85a5e11e80e0ab158e0b3c9a56d1b98c93b3949e61cced",
	"blockNumber": 5470392,
	"contractAddress": null,
	"cumulativeGasUsed": 855428,
	"gasUsed": 51589,
	"logs": [
		{
			"address": "0x7e9e431a0B8c4D532C745B1043c7FA29a48D4fBa",
			"blockHash": "0x6b6aa94cfa28b306db85a5e11e80e0ab158e0b3c9a56d1b98c93b3949e61cced",
			"blockNumber": 5470392,
			"data": "0x00000000000000000000000000000000000000000000000ad78ebc5ac6200000",
			"logIndex": 16,
			"topics": [
				"0xddf252ad1be2c89b69c2b068fc378daa952ba7f163c4a11628f55a4df523b3ef",
				"0x000000000000000000000000468b858c964f297fd8fce058032bf4b4911a8ad8",
				"0x0000000000000000000000007552eaa068543672f89fe5d0366d8ffd74d35bd9"
			],
			"transactionHash": "0x44f53d2b6129cd1eadb3ccaf178c23be04f1c9a19201d537909e5cadc5be690e",
			"transactionIndex": 19,
			"transactionLogIndex": "0x0",
			"type": "mined",
			"id": "log_7eb69cc6"
		}
	],
	"logsBloom": "0x00000000000000000000000000020000000000000000000000000000000000000000000000000000000000000000000000000000000000000000000000000000000000000000010000000008000000000000000000000000000000000020000000080000000000000000000000000000000000000000000000000010000000100000000000000000000008000000000000000000000000000000000000000000000000000000000080000000000000000000000000000000000000010000000000001002000000000000000000000000000000000000000000000000000000000000000000000000000000000000000000000000000000000000000000000000",
	"root": null,
	"status": "0x1",
	"transactionHash": "0x44f53d2b6129cd1eadb3ccaf178c23be04f1c9a19201d537909e5cadc5be690e",
	"transactionIndex": 19
}
[2018-04-19T21:47:38.437] [DEBUG] trans - TO:   0x766733763f16276916c61c6daf90b80304067fc0
[2018-04-19T21:47:38.437] [DEBUG] trans - AMOUNT:   200000000000000000000
[2018-04-19T21:47:38.437] [DEBUG] trans - Receipt info:  {
	"blockHash": "0x6b6aa94cfa28b306db85a5e11e80e0ab158e0b3c9a56d1b98c93b3949e61cced",
	"blockNumber": 5470392,
	"contractAddress": null,
	"cumulativeGasUsed": 1010195,
	"gasUsed": 51589,
	"logs": [
		{
			"address": "0x7e9e431a0B8c4D532C745B1043c7FA29a48D4fBa",
			"blockHash": "0x6b6aa94cfa28b306db85a5e11e80e0ab158e0b3c9a56d1b98c93b3949e61cced",
			"blockNumber": 5470392,
			"data": "0x00000000000000000000000000000000000000000000000ad78ebc5ac6200000",
			"logIndex": 19,
			"topics": [
				"0xddf252ad1be2c89b69c2b068fc378daa952ba7f163c4a11628f55a4df523b3ef",
				"0x000000000000000000000000468b858c964f297fd8fce058032bf4b4911a8ad8",
				"0x000000000000000000000000766733763f16276916c61c6daf90b80304067fc0"
			],
			"transactionHash": "0x7c4a820325ace6e503697a083f96cf3b6f2dc9151e80a87776fc707e06a27e86",
			"transactionIndex": 22,
			"transactionLogIndex": "0x0",
			"type": "mined",
			"id": "log_ec290de4"
		}
	],
	"logsBloom": "0x00000000000000000000000000020000000000000000000000000000000000000000000000000000000000000000000000000000000000000000000000000000000000000000010000000008000000000000000000000000000000000020000000000000000000000000000000000000000000000000000000000010000000000000000000000000000000000000000000000000000000000000000000000000000200000000000080000000000000000000000000000000000000010000000000801002000000000000001000000000000000000000000000000000000000000000000000000000000000000000000000000000000000000000000000000000",
	"root": null,
	"status": "0x1",
	"transactionHash": "0x7c4a820325ace6e503697a083f96cf3b6f2dc9151e80a87776fc707e06a27e86",
	"transactionIndex": 22
}
[2018-04-19T21:47:38.437] [DEBUG] trans - TO:   0x77c2a982679c5d64e845eeb58f59af38459578b6
[2018-04-19T21:47:38.437] [DEBUG] trans - AMOUNT:   200000000000000000000
[2018-04-19T21:47:38.437] [DEBUG] trans - Receipt info:  {
	"blockHash": "0x6b6aa94cfa28b306db85a5e11e80e0ab158e0b3c9a56d1b98c93b3949e61cced",
	"blockNumber": 5470392,
	"contractAddress": null,
	"cumulativeGasUsed": 1113373,
	"gasUsed": 51589,
	"logs": [
		{
			"address": "0x7e9e431a0B8c4D532C745B1043c7FA29a48D4fBa",
			"blockHash": "0x6b6aa94cfa28b306db85a5e11e80e0ab158e0b3c9a56d1b98c93b3949e61cced",
			"blockNumber": 5470392,
			"data": "0x00000000000000000000000000000000000000000000000ad78ebc5ac6200000",
			"logIndex": 21,
			"topics": [
				"0xddf252ad1be2c89b69c2b068fc378daa952ba7f163c4a11628f55a4df523b3ef",
				"0x000000000000000000000000468b858c964f297fd8fce058032bf4b4911a8ad8",
				"0x00000000000000000000000077c2a982679c5d64e845eeb58f59af38459578b6"
			],
			"transactionHash": "0x075625059c893937fd259f0dcf8edc50c431fe3682a543b179be0a34af0bdb0e",
			"transactionIndex": 24,
			"transactionLogIndex": "0x0",
			"type": "mined",
			"id": "log_f9d671e4"
		}
	],
	"logsBloom": "0x00000000000000000000000000020000000000000000000000000000000000000000000000000000000000000000000000000000000000000000000000000000000000000000010000000008000000000000000000000000000000000020000000000000000000000000000000000000000000000000000000000010000000000000000000000000000040000000000000000000000000000000000000200000000000000000000080000000000000000000000000000000000000010000200000001002000000000000000000000000000000000000000000000000000000000000000000000000000000000000000000000000000000000000000000000000",
	"root": null,
	"status": "0x1",
	"transactionHash": "0x075625059c893937fd259f0dcf8edc50c431fe3682a543b179be0a34af0bdb0e",
	"transactionIndex": 24
}
[2018-04-19T21:47:38.437] [DEBUG] trans - TO:   0x7679962e959913563560e1bc3a31b0f3608f252b
[2018-04-19T21:47:38.437] [DEBUG] trans - AMOUNT:   200000000000000000000
[2018-04-19T21:47:38.437] [DEBUG] trans - Receipt info:  {
	"blockHash": "0x6b6aa94cfa28b306db85a5e11e80e0ab158e0b3c9a56d1b98c93b3949e61cced",
	"blockNumber": 5470392,
	"contractAddress": null,
	"cumulativeGasUsed": 1061784,
	"gasUsed": 51589,
	"logs": [
		{
			"address": "0x7e9e431a0B8c4D532C745B1043c7FA29a48D4fBa",
			"blockHash": "0x6b6aa94cfa28b306db85a5e11e80e0ab158e0b3c9a56d1b98c93b3949e61cced",
			"blockNumber": 5470392,
			"data": "0x00000000000000000000000000000000000000000000000ad78ebc5ac6200000",
			"logIndex": 20,
			"topics": [
				"0xddf252ad1be2c89b69c2b068fc378daa952ba7f163c4a11628f55a4df523b3ef",
				"0x000000000000000000000000468b858c964f297fd8fce058032bf4b4911a8ad8",
				"0x0000000000000000000000007679962e959913563560e1bc3a31b0f3608f252b"
			],
			"transactionHash": "0x9af7ba41956100e8bd63084480eec3345bc7564bcb12c14e80b663cd86dd9343",
			"transactionIndex": 23,
			"transactionLogIndex": "0x0",
			"type": "mined",
			"id": "log_ec0304ff"
		}
	],
	"logsBloom": "0x00000000000000000000000000020000000000000000000000000000000000000000000000000000000000000000000000000000000000000000000000000000000000000000010000000008000000000000000000000000000000000020000000000000000000000000000000000000000000000000000000000010000000000000000000000000000000000000000000000000000000000000000000000000000000000000000084000000000000000000000000000000000000010000000000001002000000000000000000000000000080000000002000000000000000000000000000000000000000000000000000000000000000000000000000000000",
	"root": null,
	"status": "0x1",
	"transactionHash": "0x9af7ba41956100e8bd63084480eec3345bc7564bcb12c14e80b663cd86dd9343",
	"transactionIndex": 23
}
[2018-04-19T21:47:38.438] [DEBUG] trans - TO:   0x77c4026d385eee7c3dd4173da99721ebe8541979
[2018-04-19T21:47:38.438] [DEBUG] trans - AMOUNT:   200000000000000000000
[2018-04-19T21:47:38.438] [DEBUG] trans - Receipt info:  {
	"blockHash": "0x6b6aa94cfa28b306db85a5e11e80e0ab158e0b3c9a56d1b98c93b3949e61cced",
	"blockNumber": 5470392,
	"contractAddress": null,
	"cumulativeGasUsed": 1164962,
	"gasUsed": 51589,
	"logs": [
		{
			"address": "0x7e9e431a0B8c4D532C745B1043c7FA29a48D4fBa",
			"blockHash": "0x6b6aa94cfa28b306db85a5e11e80e0ab158e0b3c9a56d1b98c93b3949e61cced",
			"blockNumber": 5470392,
			"data": "0x00000000000000000000000000000000000000000000000ad78ebc5ac6200000",
			"logIndex": 22,
			"topics": [
				"0xddf252ad1be2c89b69c2b068fc378daa952ba7f163c4a11628f55a4df523b3ef",
				"0x000000000000000000000000468b858c964f297fd8fce058032bf4b4911a8ad8",
				"0x00000000000000000000000077c4026d385eee7c3dd4173da99721ebe8541979"
			],
			"transactionHash": "0xaac53d2899c1b7fcdb6c10691323861554c7a22f62590c3949e3524f347d5453",
			"transactionIndex": 25,
			"transactionLogIndex": "0x0",
			"type": "mined",
			"id": "log_220004f1"
		}
	],
	"logsBloom": "0x00000000000000000000000000020000000800000000000000000000000000000000000000000000000000000000000000000000000000000000000000000000000000000000010000000008000000000000000000000000000000000020000000000000000000000000000000000000000000000000000000000010000000000000000000000000000000000000000000000000000000000000000000000000000000000000000080000000000000000000000000000000200000010000000000001002000000000000000000000000000000000000000000000000000000000000000000000000004000000000000000000000000000000000000000000000",
	"root": null,
	"status": "0x1",
	"transactionHash": "0xaac53d2899c1b7fcdb6c10691323861554c7a22f62590c3949e3524f347d5453",
	"transactionIndex": 25
}
[2018-04-19T21:47:38.438] [DEBUG] trans - TO:   0x77da7d2576a8e84aab8b12278a0b499c4697c000
[2018-04-19T21:47:38.438] [DEBUG] trans - AMOUNT:   200000000000000000000
[2018-04-19T21:47:38.438] [DEBUG] trans - Receipt info:  {
	"blockHash": "0x6b6aa94cfa28b306db85a5e11e80e0ab158e0b3c9a56d1b98c93b3949e61cced",
	"blockNumber": 5470392,
	"contractAddress": null,
	"cumulativeGasUsed": 1216487,
	"gasUsed": 51525,
	"logs": [
		{
			"address": "0x7e9e431a0B8c4D532C745B1043c7FA29a48D4fBa",
			"blockHash": "0x6b6aa94cfa28b306db85a5e11e80e0ab158e0b3c9a56d1b98c93b3949e61cced",
			"blockNumber": 5470392,
			"data": "0x00000000000000000000000000000000000000000000000ad78ebc5ac6200000",
			"logIndex": 23,
			"topics": [
				"0xddf252ad1be2c89b69c2b068fc378daa952ba7f163c4a11628f55a4df523b3ef",
				"0x000000000000000000000000468b858c964f297fd8fce058032bf4b4911a8ad8",
				"0x00000000000000000000000077da7d2576a8e84aab8b12278a0b499c4697c000"
			],
			"transactionHash": "0x57079b349b5696a35db3d0ad691f98a69dba5a6e2e88bce780421f426d191d31",
			"transactionIndex": 26,
			"transactionLogIndex": "0x0",
			"type": "mined",
			"id": "log_81eda0b1"
		}
	],
	"logsBloom": "0x00000000000010000000000000020000000000000000000000000000000000000000000000000000000000000000000010000000000000000000000000000000000000000000010000000008000000000000000000000000000000000020000000000000000000000000000000000000000000000000000000000010000000000000000000000000000000000000000000000000000000000000000000000000000000000000000080000000000000020000000000000000000000010000000000001002000000000000000000000000000000000000000000000000000000000000000000000000000000000000000000000000000000000000000000000000",
	"root": null,
	"status": "0x1",
	"transactionHash": "0x57079b349b5696a35db3d0ad691f98a69dba5a6e2e88bce780421f426d191d31",
	"transactionIndex": 26
}
[2018-04-19T21:47:38.439] [DEBUG] trans - TO:   0x787fe436a1831fcf143b713a5acfc6b24666fcc1
[2018-04-19T21:47:38.439] [DEBUG] trans - AMOUNT:   200000000000000000000
[2018-04-19T21:47:38.439] [DEBUG] trans - Receipt info:  {
	"blockHash": "0x6b6aa94cfa28b306db85a5e11e80e0ab158e0b3c9a56d1b98c93b3949e61cced",
	"blockNumber": 5470392,
	"contractAddress": null,
	"cumulativeGasUsed": 1268076,
	"gasUsed": 51589,
	"logs": [
		{
			"address": "0x7e9e431a0B8c4D532C745B1043c7FA29a48D4fBa",
			"blockHash": "0x6b6aa94cfa28b306db85a5e11e80e0ab158e0b3c9a56d1b98c93b3949e61cced",
			"blockNumber": 5470392,
			"data": "0x00000000000000000000000000000000000000000000000ad78ebc5ac6200000",
			"logIndex": 24,
			"topics": [
				"0xddf252ad1be2c89b69c2b068fc378daa952ba7f163c4a11628f55a4df523b3ef",
				"0x000000000000000000000000468b858c964f297fd8fce058032bf4b4911a8ad8",
				"0x000000000000000000000000787fe436a1831fcf143b713a5acfc6b24666fcc1"
			],
			"transactionHash": "0x34d9d8116633f4ad450dad2f73388e1e0abd2bcd73c8f8219da70a78d6fa543f",
			"transactionIndex": 27,
			"transactionLogIndex": "0x0",
			"type": "mined",
			"id": "log_49599ae6"
		}
	],
	"logsBloom": "0x00000000000000000000000000020000000000000000000000000000000000000000000000000000000000000000000000000000000000000000000000000000000000000000010000000008000000000000000000000000000000000020000000000000000000000000000000000000000000000000000000000010000000000000000000000000000000000000000000000000000000000000000000000000000000000000000080000000000000000020000000000000000000010000000000001002000000000000000000000000000000000000000000000000000000000000000000000000000000000108000000000000000000000000000000000000",
	"root": null,
	"status": "0x1",
	"transactionHash": "0x34d9d8116633f4ad450dad2f73388e1e0abd2bcd73c8f8219da70a78d6fa543f",
	"transactionIndex": 27
}
[2018-04-19T21:47:38.441] [DEBUG] trans - TO:   0x78f9a8abbf8d64a1056b7a2cd8b245c03d19a3f2
[2018-04-19T21:47:38.441] [DEBUG] trans - AMOUNT:   200000000000000000000
[2018-04-19T21:47:38.441] [DEBUG] trans - Receipt info:  {
	"blockHash": "0x6b6aa94cfa28b306db85a5e11e80e0ab158e0b3c9a56d1b98c93b3949e61cced",
	"blockNumber": 5470392,
	"contractAddress": null,
	"cumulativeGasUsed": 1319665,
	"gasUsed": 51589,
	"logs": [
		{
			"address": "0x7e9e431a0B8c4D532C745B1043c7FA29a48D4fBa",
			"blockHash": "0x6b6aa94cfa28b306db85a5e11e80e0ab158e0b3c9a56d1b98c93b3949e61cced",
			"blockNumber": 5470392,
			"data": "0x00000000000000000000000000000000000000000000000ad78ebc5ac6200000",
			"logIndex": 25,
			"topics": [
				"0xddf252ad1be2c89b69c2b068fc378daa952ba7f163c4a11628f55a4df523b3ef",
				"0x000000000000000000000000468b858c964f297fd8fce058032bf4b4911a8ad8",
				"0x00000000000000000000000078f9a8abbf8d64a1056b7a2cd8b245c03d19a3f2"
			],
			"transactionHash": "0x5b56901c9d1021399976fd486883d0f3df750eade07b16d9f38b1d4d1e4af7ba",
			"transactionIndex": 28,
			"transactionLogIndex": "0x0",
			"type": "mined",
			"id": "log_d6155e96"
		}
	],
	"logsBloom": "0x00000000000000000000000000020000000000000000000000000000000000000000000000040000000000000000000000000000000000000000000000000000000000000000010000000008000000000000000000000000000000000020000000000000000000000000000000000000000000000000000000000010000000000000000000000000000000000080000000000000000000000000000000000000000000000000000080000000000000000000000000000000000000010000000000001002000000000000000000000000000000000000000000000000000000000000000000000000000000000000400000000000000000000000000000000000",
	"root": null,
	"status": "0x1",
	"transactionHash": "0x5b56901c9d1021399976fd486883d0f3df750eade07b16d9f38b1d4d1e4af7ba",
	"transactionIndex": 28
}
[2018-04-19T21:47:38.442] [DEBUG] trans - TO:   0x7981c7012a0ad35b73d48a06ac49a2a3bc1ef354
[2018-04-19T21:47:38.442] [DEBUG] trans - AMOUNT:   200000000000000000000
[2018-04-19T21:47:38.442] [DEBUG] trans - Receipt info:  {
	"blockHash": "0x6b6aa94cfa28b306db85a5e11e80e0ab158e0b3c9a56d1b98c93b3949e61cced",
	"blockNumber": 5470392,
	"contractAddress": null,
	"cumulativeGasUsed": 1526021,
	"gasUsed": 51589,
	"logs": [
		{
			"address": "0x7e9e431a0B8c4D532C745B1043c7FA29a48D4fBa",
			"blockHash": "0x6b6aa94cfa28b306db85a5e11e80e0ab158e0b3c9a56d1b98c93b3949e61cced",
			"blockNumber": 5470392,
			"data": "0x00000000000000000000000000000000000000000000000ad78ebc5ac6200000",
			"logIndex": 29,
			"topics": [
				"0xddf252ad1be2c89b69c2b068fc378daa952ba7f163c4a11628f55a4df523b3ef",
				"0x000000000000000000000000468b858c964f297fd8fce058032bf4b4911a8ad8",
				"0x0000000000000000000000007981c7012a0ad35b73d48a06ac49a2a3bc1ef354"
			],
			"transactionHash": "0x50970aaf05fda58dbcd26ffb0e2c7cf5c08517e87c07ad08e5de501e2a18da2d",
			"transactionIndex": 32,
			"transactionLogIndex": "0x0",
			"type": "mined",
			"id": "log_f218b875"
		}
	],
	"logsBloom": "0x00000000000000000000000000020000000000000000000000000000000000000000000000000000000000000000000000000000000000000000000000000000000000000010010000000008000000000000000000000000000000000020000000000000000000000000000000000000000000000000000000000010000000000000000000000000040000000000000000000000000000000000000000000000000000000000000080000000000000000000000000000000000000010000000000001002000000000000000000000000000000000000000000000000000000000000000000000000000000000000000000000000000000000000000040000000",
	"root": null,
	"status": "0x1",
	"transactionHash": "0x50970aaf05fda58dbcd26ffb0e2c7cf5c08517e87c07ad08e5de501e2a18da2d",
	"transactionIndex": 32
}
[2018-04-19T21:47:38.442] [DEBUG] trans - TO:   0x79593b582f983726a9c5d9fbb81bc166ae24999b
[2018-04-19T21:47:38.442] [DEBUG] trans - AMOUNT:   200000000000000000000
[2018-04-19T21:47:38.442] [DEBUG] trans - Receipt info:  {
	"blockHash": "0x6b6aa94cfa28b306db85a5e11e80e0ab158e0b3c9a56d1b98c93b3949e61cced",
	"blockNumber": 5470392,
	"contractAddress": null,
	"cumulativeGasUsed": 1474432,
	"gasUsed": 51589,
	"logs": [
		{
			"address": "0x7e9e431a0B8c4D532C745B1043c7FA29a48D4fBa",
			"blockHash": "0x6b6aa94cfa28b306db85a5e11e80e0ab158e0b3c9a56d1b98c93b3949e61cced",
			"blockNumber": 5470392,
			"data": "0x00000000000000000000000000000000000000000000000ad78ebc5ac6200000",
			"logIndex": 28,
			"topics": [
				"0xddf252ad1be2c89b69c2b068fc378daa952ba7f163c4a11628f55a4df523b3ef",
				"0x000000000000000000000000468b858c964f297fd8fce058032bf4b4911a8ad8",
				"0x00000000000000000000000079593b582f983726a9c5d9fbb81bc166ae24999b"
			],
			"transactionHash": "0x4be3907f33e30ac3c44aa6228a61c7c78d9c7e76ca6bd8d032d35b63e72d35b6",
			"transactionIndex": 31,
			"transactionLogIndex": "0x0",
			"type": "mined",
			"id": "log_286a02c2"
		}
	],
	"logsBloom": "0x00000000000000000000000000030000000000000000000000000000000000000000000000000000000000000000000000000000000000000000000000000000000000000000010000000008000000000000000000000000000000000020000000000000000000000000000000000000000000000000000000000010000000000000000000000000000000000000000000000000000000000000000000000000000000000000000080000000040000000000000000000000000000010000000000001002000000000000000800000000000000000000000000000000000000000000000000000000000000000000000000000000000000000000000000000000",
	"root": null,
	"status": "0x1",
	"transactionHash": "0x4be3907f33e30ac3c44aa6228a61c7c78d9c7e76ca6bd8d032d35b63e72d35b6",
	"transactionIndex": 31
}
[2018-04-19T21:47:38.442] [DEBUG] trans - TO:   0x791dcbfdea146f51c2552a255f5fb843f2193e63
[2018-04-19T21:47:38.442] [DEBUG] trans - AMOUNT:   200000000000000000000
[2018-04-19T21:47:38.442] [DEBUG] trans - Receipt info:  {
	"blockHash": "0x6b6aa94cfa28b306db85a5e11e80e0ab158e0b3c9a56d1b98c93b3949e61cced",
	"blockNumber": 5470392,
	"contractAddress": null,
	"cumulativeGasUsed": 1371254,
	"gasUsed": 51589,
	"logs": [
		{
			"address": "0x7e9e431a0B8c4D532C745B1043c7FA29a48D4fBa",
			"blockHash": "0x6b6aa94cfa28b306db85a5e11e80e0ab158e0b3c9a56d1b98c93b3949e61cced",
			"blockNumber": 5470392,
			"data": "0x00000000000000000000000000000000000000000000000ad78ebc5ac6200000",
			"logIndex": 26,
			"topics": [
				"0xddf252ad1be2c89b69c2b068fc378daa952ba7f163c4a11628f55a4df523b3ef",
				"0x000000000000000000000000468b858c964f297fd8fce058032bf4b4911a8ad8",
				"0x000000000000000000000000791dcbfdea146f51c2552a255f5fb843f2193e63"
			],
			"transactionHash": "0xe2eca6aad4d4066878cfd2356bf1d664fdf3b27c8e3e8e9ac284bbab73fb57c6",
			"transactionIndex": 29,
			"transactionLogIndex": "0x0",
			"type": "mined",
			"id": "log_b10677bf"
		}
	],
	"logsBloom": "0x00000000000000000000100000020000000000000000000000000000000000000000000000000004000000000000000000000000000000000000000000000000000000000000010000000008000000000800000000000000000000000020000000000000000000000000000000000000000000000000000000000010000000000000000000000000000000000000000000000000000000000000000000000000000000000000000080000000000000000000000000000000000000010000000000001002000000000000000000000000000000000000000000000000000000000000000000000000000000000000000000000000000000000000000000000000",
	"root": null,
	"status": "0x1",
	"transactionHash": "0xe2eca6aad4d4066878cfd2356bf1d664fdf3b27c8e3e8e9ac284bbab73fb57c6",
	"transactionIndex": 29
}
[2018-04-19T21:47:38.443] [DEBUG] trans - TO:   0x759f3b0d51f38b2c92be7d8892052633820f74cf
[2018-04-19T21:47:38.443] [DEBUG] trans - AMOUNT:   200000000000000000000
[2018-04-19T21:47:38.443] [DEBUG] trans - Receipt info:  {
	"blockHash": "0x6b6aa94cfa28b306db85a5e11e80e0ab158e0b3c9a56d1b98c93b3949e61cced",
	"blockNumber": 5470392,
	"contractAddress": null,
	"cumulativeGasUsed": 907017,
	"gasUsed": 51589,
	"logs": [
		{
			"address": "0x7e9e431a0B8c4D532C745B1043c7FA29a48D4fBa",
			"blockHash": "0x6b6aa94cfa28b306db85a5e11e80e0ab158e0b3c9a56d1b98c93b3949e61cced",
			"blockNumber": 5470392,
			"data": "0x00000000000000000000000000000000000000000000000ad78ebc5ac6200000",
			"logIndex": 17,
			"topics": [
				"0xddf252ad1be2c89b69c2b068fc378daa952ba7f163c4a11628f55a4df523b3ef",
				"0x000000000000000000000000468b858c964f297fd8fce058032bf4b4911a8ad8",
				"0x000000000000000000000000759f3b0d51f38b2c92be7d8892052633820f74cf"
			],
			"transactionHash": "0x947d1b4ae7e32b11d93c74598ca4a915a394b374b7c339f04d63c888e8807ad4",
			"transactionIndex": 20,
			"transactionLogIndex": "0x0",
			"type": "mined",
			"id": "log_5a3147b6"
		}
	],
	"logsBloom": "0x00000000000000000000000000020000000000000000000000000000000000000000000000000000000000000000000100000000000000000000000000000000000000000000010000000008000000000000000000000000000000000020000000000000000000000000000000000000000000000000000000000010000000000080000000000000000000000000000000000000000000000000000000000000008000000000000080000000000000000000000000000000000000010000000000001002000000000000000000000000000000000000000000000000000000000000000000000000000000000000000000000000000000000000000000000000",
	"root": null,
	"status": "0x1",
	"transactionHash": "0x947d1b4ae7e32b11d93c74598ca4a915a394b374b7c339f04d63c888e8807ad4",
	"transactionIndex": 20
}
[2018-04-19T21:47:38.444] [DEBUG] trans - TO:   0x7942973b1fb2de75c361b8f40c0c329c9cab2037
[2018-04-19T21:47:38.444] [DEBUG] trans - AMOUNT:   200000000000000000000
[2018-04-19T21:47:38.444] [DEBUG] trans - Receipt info:  {
	"blockHash": "0x6b6aa94cfa28b306db85a5e11e80e0ab158e0b3c9a56d1b98c93b3949e61cced",
	"blockNumber": 5470392,
	"contractAddress": null,
	"cumulativeGasUsed": 1422843,
	"gasUsed": 51589,
	"logs": [
		{
			"address": "0x7e9e431a0B8c4D532C745B1043c7FA29a48D4fBa",
			"blockHash": "0x6b6aa94cfa28b306db85a5e11e80e0ab158e0b3c9a56d1b98c93b3949e61cced",
			"blockNumber": 5470392,
			"data": "0x00000000000000000000000000000000000000000000000ad78ebc5ac6200000",
			"logIndex": 27,
			"topics": [
				"0xddf252ad1be2c89b69c2b068fc378daa952ba7f163c4a11628f55a4df523b3ef",
				"0x000000000000000000000000468b858c964f297fd8fce058032bf4b4911a8ad8",
				"0x0000000000000000000000007942973b1fb2de75c361b8f40c0c329c9cab2037"
			],
			"transactionHash": "0x2dd64c4655d52b11b2e0bbcfcfbfdf63a07c97b606500f6384884f735ed5ec4b",
			"transactionIndex": 30,
			"transactionLogIndex": "0x0",
			"type": "mined",
			"id": "log_ee0a8cb3"
		}
	],
	"logsBloom": "0x00000000000000000000000000020000000000000000000000000000000000000000000000000000000000000000000000000000000000000000000000000000000000000000010000000008000000000000000000000000000000000020000004000000000000000000000000000000000000000000000000000210000000000000000000000000000000000000000000000000000000000000000000000000000000000000000080000000000000000000000000000000000000010000000000001002000000000000000000000000000000000000000000000000000000000000000000000000000000000000004000000000000000000000000000000000",
	"root": null,
	"status": "0x1",
	"transactionHash": "0x2dd64c4655d52b11b2e0bbcfcfbfdf63a07c97b606500f6384884f735ed5ec4b",
	"transactionIndex": 30
}
[2018-04-19T21:47:38.445] [DEBUG] trans - TO:   0x7a7aa2f66666adb554adc098f69dd4be8edc012b
[2018-04-19T21:47:38.445] [DEBUG] trans - AMOUNT:   200000000000000000000
[2018-04-19T21:47:38.445] [DEBUG] trans - Receipt info:  {
	"blockHash": "0x6b6aa94cfa28b306db85a5e11e80e0ab158e0b3c9a56d1b98c93b3949e61cced",
	"blockNumber": 5470392,
	"contractAddress": null,
	"cumulativeGasUsed": 1783966,
	"gasUsed": 51589,
	"logs": [
		{
			"address": "0x7e9e431a0B8c4D532C745B1043c7FA29a48D4fBa",
			"blockHash": "0x6b6aa94cfa28b306db85a5e11e80e0ab158e0b3c9a56d1b98c93b3949e61cced",
			"blockNumber": 5470392,
			"data": "0x00000000000000000000000000000000000000000000000ad78ebc5ac6200000",
			"logIndex": 34,
			"topics": [
				"0xddf252ad1be2c89b69c2b068fc378daa952ba7f163c4a11628f55a4df523b3ef",
				"0x000000000000000000000000468b858c964f297fd8fce058032bf4b4911a8ad8",
				"0x0000000000000000000000007a7aa2f66666adb554adc098f69dd4be8edc012b"
			],
			"transactionHash": "0x7f6b231d1d504894df0a4ba51e6c670388b1305466b857055e04ff4996f2f93b",
			"transactionIndex": 37,
			"transactionLogIndex": "0x0",
			"type": "mined",
			"id": "log_cc326882"
		}
	],
	"logsBloom": "0x00000000000000000000000000020000000000000000000000000000000000000000000000000000000000000000000000000000000000000000000000000000000000000000010000000008000000000000000000000000000000000020000000000000000000000000000000000000000000000000000000000010000000000000000000000000000000000000000000000000001000000000000000000000000000000000000080000000000000000000000000000000000000010000000000001082000000000000000000000000000000000000000000000000000000000000000040000000000000000000000000000000000000000000000000000000",
	"root": null,
	"status": "0x1",
	"transactionHash": "0x7f6b231d1d504894df0a4ba51e6c670388b1305466b857055e04ff4996f2f93b",
	"transactionIndex": 37
}
[2018-04-19T21:47:38.447] [DEBUG] trans - TO:   0x7a1eb444c7668d666066c82f1b081aff096fceca
[2018-04-19T21:47:38.447] [DEBUG] trans - AMOUNT:   200000000000000000000
[2018-04-19T21:47:38.447] [DEBUG] trans - Receipt info:  {
	"blockHash": "0x6b6aa94cfa28b306db85a5e11e80e0ab158e0b3c9a56d1b98c93b3949e61cced",
	"blockNumber": 5470392,
	"contractAddress": null,
	"cumulativeGasUsed": 1680788,
	"gasUsed": 51589,
	"logs": [
		{
			"address": "0x7e9e431a0B8c4D532C745B1043c7FA29a48D4fBa",
			"blockHash": "0x6b6aa94cfa28b306db85a5e11e80e0ab158e0b3c9a56d1b98c93b3949e61cced",
			"blockNumber": 5470392,
			"data": "0x00000000000000000000000000000000000000000000000ad78ebc5ac6200000",
			"logIndex": 32,
			"topics": [
				"0xddf252ad1be2c89b69c2b068fc378daa952ba7f163c4a11628f55a4df523b3ef",
				"0x000000000000000000000000468b858c964f297fd8fce058032bf4b4911a8ad8",
				"0x0000000000000000000000007a1eb444c7668d666066c82f1b081aff096fceca"
			],
			"transactionHash": "0xfa1dd6ad4615a8087e6cba167e9852f87dc39dbc73abd468c1335df46a227bfa",
			"transactionIndex": 35,
			"transactionLogIndex": "0x0",
			"type": "mined",
			"id": "log_bda4105f"
		}
	],
	"logsBloom": "0x00000000000000000000000000020000000000000000000000000002000000000000000000000000001000000000000000000000000000000000000000000000000000000000010000000008000000000000000000000000000000000020000000000000000000000000000000000000000000000000000000000010000000000000000000000000000000000000000000000000000000000000000000000000000000000000000080000000000000000000000000000000000000010000000000001022000000000000000000000000000000000000000000000000000000000000000000000000000000000000000000000000000000000000000000000000",
	"root": null,
	"status": "0x1",
	"transactionHash": "0xfa1dd6ad4615a8087e6cba167e9852f87dc39dbc73abd468c1335df46a227bfa",
	"transactionIndex": 35
}
[2018-04-19T21:47:38.447] [DEBUG] trans - TO:   0x79b4faeaa31eac19f33a1517288abe82cb2da6fd
[2018-04-19T21:47:38.447] [DEBUG] trans - AMOUNT:   200000000000000000000
[2018-04-19T21:47:38.447] [DEBUG] trans - Receipt info:  {
	"blockHash": "0x6b6aa94cfa28b306db85a5e11e80e0ab158e0b3c9a56d1b98c93b3949e61cced",
	"blockNumber": 5470392,
	"contractAddress": null,
	"cumulativeGasUsed": 1629199,
	"gasUsed": 51589,
	"logs": [
		{
			"address": "0x7e9e431a0B8c4D532C745B1043c7FA29a48D4fBa",
			"blockHash": "0x6b6aa94cfa28b306db85a5e11e80e0ab158e0b3c9a56d1b98c93b3949e61cced",
			"blockNumber": 5470392,
			"data": "0x00000000000000000000000000000000000000000000000ad78ebc5ac6200000",
			"logIndex": 31,
			"topics": [
				"0xddf252ad1be2c89b69c2b068fc378daa952ba7f163c4a11628f55a4df523b3ef",
				"0x000000000000000000000000468b858c964f297fd8fce058032bf4b4911a8ad8",
				"0x00000000000000000000000079b4faeaa31eac19f33a1517288abe82cb2da6fd"
			],
			"transactionHash": "0x5b9aa3b2e9e809aeacec3915068996091e1a46ef62ddb85238868b5a12ffacf9",
			"transactionIndex": 34,
			"transactionLogIndex": "0x0",
			"type": "mined",
			"id": "log_e6145747"
		}
	],
	"logsBloom": "0x00000000000000000000000000020000000000000000000000000000000000000000000000000000000000000000000000000000000000000000000000000000000000000000010000000008000000000000000000000000000000000020000000000010000000000000000000000000000000000000000000000010000000000000000000000000000000020000100000000000000000000000000000000000000000000000000080000000000000000000000000000000000000010000000000001002000000000000000000000000000000000000000000000000000000000000000000000000000000000000000000000000000000000000000000000000",
	"root": null,
	"status": "0x1",
	"transactionHash": "0x5b9aa3b2e9e809aeacec3915068996091e1a46ef62ddb85238868b5a12ffacf9",
	"transactionIndex": 34
}
[2018-04-19T21:47:38.448] [DEBUG] trans - TO:   0x7a4fccc505da699857bdadf88ea39f3c4706343f
[2018-04-19T21:47:38.448] [DEBUG] trans - AMOUNT:   200000000000000000000
[2018-04-19T21:47:38.448] [DEBUG] trans - Receipt info:  {
	"blockHash": "0x6b6aa94cfa28b306db85a5e11e80e0ab158e0b3c9a56d1b98c93b3949e61cced",
	"blockNumber": 5470392,
	"contractAddress": null,
	"cumulativeGasUsed": 1732377,
	"gasUsed": 51589,
	"logs": [
		{
			"address": "0x7e9e431a0B8c4D532C745B1043c7FA29a48D4fBa",
			"blockHash": "0x6b6aa94cfa28b306db85a5e11e80e0ab158e0b3c9a56d1b98c93b3949e61cced",
			"blockNumber": 5470392,
			"data": "0x00000000000000000000000000000000000000000000000ad78ebc5ac6200000",
			"logIndex": 33,
			"topics": [
				"0xddf252ad1be2c89b69c2b068fc378daa952ba7f163c4a11628f55a4df523b3ef",
				"0x000000000000000000000000468b858c964f297fd8fce058032bf4b4911a8ad8",
				"0x0000000000000000000000007a4fccc505da699857bdadf88ea39f3c4706343f"
			],
			"transactionHash": "0x5d4c07c23c99ec3b5b5e24d4f626af46490f36e879db7e802a41ea50d296f933",
			"transactionIndex": 36,
			"transactionLogIndex": "0x0",
			"type": "mined",
			"id": "log_05550fff"
		}
	],
	"logsBloom": "0x00000000000000000000000000020000000000000000000000000000000000000000000000000000000000000000000000000000000000084000000000000000000000000000010000000008000000000000000000000000000000000020000000000000000000000008000000000000000000000000000000000010000000000000000000000000000000000000000000000000000000000000000000000000000000000000000080000000000000000000000000000000000000010000000000001002000000000000000000000000000000000000000000000000000000000000000000000000000000000000000000000000000000000000000000000000",
	"root": null,
	"status": "0x1",
	"transactionHash": "0x5d4c07c23c99ec3b5b5e24d4f626af46490f36e879db7e802a41ea50d296f933",
	"transactionIndex": 36
}
[2018-04-19T21:47:38.448] [DEBUG] trans - TO:   0x7990c0497f514826b64ce1cbf62d34369a0e0c8c
[2018-04-19T21:47:38.448] [DEBUG] trans - AMOUNT:   200000000000000000000
[2018-04-19T21:47:38.448] [DEBUG] trans - Receipt info:  {
	"blockHash": "0x6b6aa94cfa28b306db85a5e11e80e0ab158e0b3c9a56d1b98c93b3949e61cced",
	"blockNumber": 5470392,
	"contractAddress": null,
	"cumulativeGasUsed": 1577610,
	"gasUsed": 51589,
	"logs": [
		{
			"address": "0x7e9e431a0B8c4D532C745B1043c7FA29a48D4fBa",
			"blockHash": "0x6b6aa94cfa28b306db85a5e11e80e0ab158e0b3c9a56d1b98c93b3949e61cced",
			"blockNumber": 5470392,
			"data": "0x00000000000000000000000000000000000000000000000ad78ebc5ac6200000",
			"logIndex": 30,
			"topics": [
				"0xddf252ad1be2c89b69c2b068fc378daa952ba7f163c4a11628f55a4df523b3ef",
				"0x000000000000000000000000468b858c964f297fd8fce058032bf4b4911a8ad8",
				"0x0000000000000000000000007990c0497f514826b64ce1cbf62d34369a0e0c8c"
			],
			"transactionHash": "0xf4090b494131d5ad7f40974f019f3e85c3b15ee64276f3d89b2581fb803d7677",
			"transactionIndex": 33,
			"transactionLogIndex": "0x0",
			"type": "mined",
			"id": "log_2e18fd8f"
		}
	],
	"logsBloom": "0x00000000000000000000000000020000000000000000000000000000000000000000000000000000000000000000000000000000000000000000000000000000000000000000010000000008000000000000000000000000000000000020000000000000000000000000000000000000000000000000000000000010000000000000000000000000000000000000000000000000000000000000000000000000000000000000000080000000000000000000000000080000000000010000000000001002000000000000000000100000000000000000000000000000000000000000000000000000000000080000000000000000000000000000000000000000",
	"root": null,
	"status": "0x1",
	"transactionHash": "0xf4090b494131d5ad7f40974f019f3e85c3b15ee64276f3d89b2581fb803d7677",
	"transactionIndex": 33
}
[2018-04-19T21:47:38.448] [DEBUG] trans - TO:   0x7d750401cc4a33e3fa6492ba9e5c68c8eb1da78f
[2018-04-19T21:47:38.448] [DEBUG] trans - AMOUNT:   200000000000000000000
[2018-04-19T21:47:38.448] [DEBUG] trans - Receipt info:  {
	"blockHash": "0x6b6aa94cfa28b306db85a5e11e80e0ab158e0b3c9a56d1b98c93b3949e61cced",
	"blockNumber": 5470392,
	"contractAddress": null,
	"cumulativeGasUsed": 1887144,
	"gasUsed": 51589,
	"logs": [
		{
			"address": "0x7e9e431a0B8c4D532C745B1043c7FA29a48D4fBa",
			"blockHash": "0x6b6aa94cfa28b306db85a5e11e80e0ab158e0b3c9a56d1b98c93b3949e61cced",
			"blockNumber": 5470392,
			"data": "0x00000000000000000000000000000000000000000000000ad78ebc5ac6200000",
			"logIndex": 36,
			"topics": [
				"0xddf252ad1be2c89b69c2b068fc378daa952ba7f163c4a11628f55a4df523b3ef",
				"0x000000000000000000000000468b858c964f297fd8fce058032bf4b4911a8ad8",
				"0x0000000000000000000000007d750401cc4a33e3fa6492ba9e5c68c8eb1da78f"
			],
			"transactionHash": "0x23fd285af71207ac2279e9bdede5621ce664a90e911916cb121269bd8dad29f9",
			"transactionIndex": 39,
			"transactionLogIndex": "0x0",
			"type": "mined",
			"id": "log_ed08551e"
		}
	],
	"logsBloom": "0x00000000000000000000000000020000000000000000000000000000000000000000000000000000000000000000000000000000000000000000000000000000000000000000010000000008000000000000000000000000000000000020000000000000000000000000000000000000000000000000000000000010000000000000000000000040000000000000000000000000000000000000000000000000000000000000000080000000000000000000000000000000000000010000000000001002000000000000000000000000000000000000000000000000000000000000000000000000000000000000000000000000000000000800000000000004",
	"root": null,
	"status": "0x1",
	"transactionHash": "0x23fd285af71207ac2279e9bdede5621ce664a90e911916cb121269bd8dad29f9",
	"transactionIndex": 39
}
[2018-04-19T21:47:38.452] [DEBUG] trans - TO:   0x7d990415d27c793083677a85b03825f141431d11
[2018-04-19T21:47:38.452] [DEBUG] trans - AMOUNT:   200000000000000000000
[2018-04-19T21:47:38.452] [DEBUG] trans - Receipt info:  {
	"blockHash": "0x6b6aa94cfa28b306db85a5e11e80e0ab158e0b3c9a56d1b98c93b3949e61cced",
	"blockNumber": 5470392,
	"contractAddress": null,
	"cumulativeGasUsed": 1938733,
	"gasUsed": 51589,
	"logs": [
		{
			"address": "0x7e9e431a0B8c4D532C745B1043c7FA29a48D4fBa",
			"blockHash": "0x6b6aa94cfa28b306db85a5e11e80e0ab158e0b3c9a56d1b98c93b3949e61cced",
			"blockNumber": 5470392,
			"data": "0x00000000000000000000000000000000000000000000000ad78ebc5ac6200000",
			"logIndex": 37,
			"topics": [
				"0xddf252ad1be2c89b69c2b068fc378daa952ba7f163c4a11628f55a4df523b3ef",
				"0x000000000000000000000000468b858c964f297fd8fce058032bf4b4911a8ad8",
				"0x0000000000000000000000007d990415d27c793083677a85b03825f141431d11"
			],
			"transactionHash": "0xa18cbbdb4c48cdce0c7ff577bc320ff2318fe942ea4fa9fd70feef375abc8d7a",
			"transactionIndex": 40,
			"transactionLogIndex": "0x0",
			"type": "mined",
			"id": "log_078095d9"
		}
	],
	"logsBloom": "0x00000000000000000000000000020000000000000000000000000000000000000000000000000000000000000000000000000000000000000000000000000000000000000000010000000008000000000002000000000000000000000020000000000000000000000000000000000000000000000000000000000010080000000000000000000000000000000000000000000000000000000000000000000000000000000000000080000000000000000000000000000000000000010000000000001002000000000000000000000000000000000000000000000000000000000000000000000000000000000000000000000000000000000000000000000000",
	"root": null,
	"status": "0x1",
	"transactionHash": "0xa18cbbdb4c48cdce0c7ff577bc320ff2318fe942ea4fa9fd70feef375abc8d7a",
	"transactionIndex": 40
}
[2018-04-19T21:47:38.452] [DEBUG] trans - TO:   0x7e767764b809a30fef3880e39be195a1d7460401
[2018-04-19T21:47:38.453] [DEBUG] trans - AMOUNT:   200000000000000000000
[2018-04-19T21:47:38.453] [DEBUG] trans - Receipt info:  {
	"blockHash": "0x6b6aa94cfa28b306db85a5e11e80e0ab158e0b3c9a56d1b98c93b3949e61cced",
	"blockNumber": 5470392,
	"contractAddress": null,
	"cumulativeGasUsed": 1990322,
	"gasUsed": 51589,
	"logs": [
		{
			"address": "0x7e9e431a0B8c4D532C745B1043c7FA29a48D4fBa",
			"blockHash": "0x6b6aa94cfa28b306db85a5e11e80e0ab158e0b3c9a56d1b98c93b3949e61cced",
			"blockNumber": 5470392,
			"data": "0x00000000000000000000000000000000000000000000000ad78ebc5ac6200000",
			"logIndex": 38,
			"topics": [
				"0xddf252ad1be2c89b69c2b068fc378daa952ba7f163c4a11628f55a4df523b3ef",
				"0x000000000000000000000000468b858c964f297fd8fce058032bf4b4911a8ad8",
				"0x0000000000000000000000007e767764b809a30fef3880e39be195a1d7460401"
			],
			"transactionHash": "0x92ea762b0e36859a9016a6088e0e1f1a621d809d1a6abd1664716783241166d8",
			"transactionIndex": 41,
			"transactionLogIndex": "0x0",
			"type": "mined",
			"id": "log_0b9e2365"
		}
	],
	"logsBloom": "0x00000000000000000000000000020000000000000000000000000000000000000000000000000000000000000000000000000000000000000000000000000000000000000000010000000008000000000000000000000040000000000020000000000000000000000000000200000000000000000000000000000010000000000000000000000000000000000000000000000000000000000000000000000000000000000000000080000000000000000000000000000000000000010000000000001002000000000000000000000000000000000000000000000000000000000000000000000000000000000000000000000000008000000000000000000000",
	"root": null,
	"status": "0x1",
	"transactionHash": "0x92ea762b0e36859a9016a6088e0e1f1a621d809d1a6abd1664716783241166d8",
	"transactionIndex": 41
}
[2018-04-19T21:47:38.453] [DEBUG] trans - TO:   0x8077de8540cfb17188dc81740c6a23ebd94ba8b9
[2018-04-19T21:47:38.453] [DEBUG] trans - AMOUNT:   200000000000000000000
[2018-04-19T21:47:38.453] [DEBUG] trans - Receipt info:  {
	"blockHash": "0x6b6aa94cfa28b306db85a5e11e80e0ab158e0b3c9a56d1b98c93b3949e61cced",
	"blockNumber": 5470392,
	"contractAddress": null,
	"cumulativeGasUsed": 2145089,
	"gasUsed": 51589,
	"logs": [
		{
			"address": "0x7e9e431a0B8c4D532C745B1043c7FA29a48D4fBa",
			"blockHash": "0x6b6aa94cfa28b306db85a5e11e80e0ab158e0b3c9a56d1b98c93b3949e61cced",
			"blockNumber": 5470392,
			"data": "0x00000000000000000000000000000000000000000000000ad78ebc5ac6200000",
			"logIndex": 41,
			"topics": [
				"0xddf252ad1be2c89b69c2b068fc378daa952ba7f163c4a11628f55a4df523b3ef",
				"0x000000000000000000000000468b858c964f297fd8fce058032bf4b4911a8ad8",
				"0x0000000000000000000000008077de8540cfb17188dc81740c6a23ebd94ba8b9"
			],
			"transactionHash": "0xc2c71fec4ce5665ac40aac1bf34293079a41ecc8de579bddadb1dda6777fc3d2",
			"transactionIndex": 44,
			"transactionLogIndex": "0x0",
			"type": "mined",
			"id": "log_ad5bcde3"
		}
	],
	"logsBloom": "0x00000000000000000000000000020000000000000000000000000000000000000000000000000000008000000000000000000000000000000000000000000000000000000000010000000008000000000000000000000000000000000020000000000000000000000010000000000000000000000000000000000010000000000000000000000000000000000000000000000000000000000400000000000000000000000000000080000000000000000000000000000000000000010000000000001002000000000000000000000000000000000000000000000000000000000000000000000000000000000000000000000000000000000000000000000000",
	"root": null,
	"status": "0x1",
	"transactionHash": "0xc2c71fec4ce5665ac40aac1bf34293079a41ecc8de579bddadb1dda6777fc3d2",
	"transactionIndex": 44
}
[2018-04-19T21:47:38.454] [DEBUG] trans - TO:   0x803aec93f61533b66e8f45a6d0f0e616694d4743
[2018-04-19T21:47:38.454] [DEBUG] trans - AMOUNT:   200000000000000000000
[2018-04-19T21:47:38.454] [DEBUG] trans - Receipt info:  {
	"blockHash": "0x6b6aa94cfa28b306db85a5e11e80e0ab158e0b3c9a56d1b98c93b3949e61cced",
	"blockNumber": 5470392,
	"contractAddress": null,
	"cumulativeGasUsed": 2093500,
	"gasUsed": 51589,
	"logs": [
		{
			"address": "0x7e9e431a0B8c4D532C745B1043c7FA29a48D4fBa",
			"blockHash": "0x6b6aa94cfa28b306db85a5e11e80e0ab158e0b3c9a56d1b98c93b3949e61cced",
			"blockNumber": 5470392,
			"data": "0x00000000000000000000000000000000000000000000000ad78ebc5ac6200000",
			"logIndex": 40,
			"topics": [
				"0xddf252ad1be2c89b69c2b068fc378daa952ba7f163c4a11628f55a4df523b3ef",
				"0x000000000000000000000000468b858c964f297fd8fce058032bf4b4911a8ad8",
				"0x000000000000000000000000803aec93f61533b66e8f45a6d0f0e616694d4743"
			],
			"transactionHash": "0xef09ef6f1bb7fd6d476cf60f1e5e2d89e0cd2fe765671472ece78a08d1106ee7",
			"transactionIndex": 43,
			"transactionLogIndex": "0x0",
			"type": "mined",
			"id": "log_bf25183e"
		}
	],
	"logsBloom": "0x00000000000000000000000000020000000010000000000000000000000000000000000000000000000000000000000000000000000000000000000000000000000000000000010000000008000000000000000000000000000000000020000000000000000000000000000000000000000000000000000000000010004000000000000000000000000000000000000000000000000000000000000000000000000000000000000080000000000000000000000000000000000000010000000000001002000000000000000000000000000000000000000000000000000000000000000000000000000000000000000000000000000000000000000000000000",
	"root": null,
	"status": "0x1",
	"transactionHash": "0xef09ef6f1bb7fd6d476cf60f1e5e2d89e0cd2fe765671472ece78a08d1106ee7",
	"transactionIndex": 43
}
[2018-04-19T21:47:38.454] [DEBUG] trans - TO:   0x80e8dd8bb9dcef7c175ae47c4d3dcd3794c53697
[2018-04-19T21:47:38.454] [DEBUG] trans - AMOUNT:   200000000000000000000
[2018-04-19T21:47:38.454] [DEBUG] trans - Receipt info:  {
	"blockHash": "0x6b6aa94cfa28b306db85a5e11e80e0ab158e0b3c9a56d1b98c93b3949e61cced",
	"blockNumber": 5470392,
	"contractAddress": null,
	"cumulativeGasUsed": 2248267,
	"gasUsed": 51589,
	"logs": [
		{
			"address": "0x7e9e431a0B8c4D532C745B1043c7FA29a48D4fBa",
			"blockHash": "0x6b6aa94cfa28b306db85a5e11e80e0ab158e0b3c9a56d1b98c93b3949e61cced",
			"blockNumber": 5470392,
			"data": "0x00000000000000000000000000000000000000000000000ad78ebc5ac6200000",
			"logIndex": 43,
			"topics": [
				"0xddf252ad1be2c89b69c2b068fc378daa952ba7f163c4a11628f55a4df523b3ef",
				"0x000000000000000000000000468b858c964f297fd8fce058032bf4b4911a8ad8",
				"0x00000000000000000000000080e8dd8bb9dcef7c175ae47c4d3dcd3794c53697"
			],
			"transactionHash": "0xb2cc2ace08b2b97340b4b673e7a51ea1ba7d0fdf4e86d3464e00aadbf50d4dc5",
			"transactionIndex": 46,
			"transactionLogIndex": "0x0",
			"type": "mined",
			"id": "log_26e0f966"
		}
	],
	"logsBloom": "0x00000000000000000000000000020000000000000000000000000000000000000000000000000000000000000000000000000000000000000000000000000000000000000000010000000008000000000000000000000000000000000020000000000000000000000800000000000000000000000000000000000010000000000000000000000000000000000000000000200000000000000000000000000000000000000000000080000000000000000000000000000000000000010000000000001002000000000000000000000000000000000000000002000000000000000000000000000000000000000000000000000000000000000000000000000000",
	"root": null,
	"status": "0x1",
	"transactionHash": "0xb2cc2ace08b2b97340b4b673e7a51ea1ba7d0fdf4e86d3464e00aadbf50d4dc5",
	"transactionIndex": 46
}
[2018-04-19T21:47:38.457] [DEBUG] trans - TO:   0x8080752cbdbdd7baae90f008bee387d68c63e321
[2018-04-19T21:47:38.457] [DEBUG] trans - AMOUNT:   200000000000000000000
[2018-04-19T21:47:38.457] [DEBUG] trans - Receipt info:  {
	"blockHash": "0x6b6aa94cfa28b306db85a5e11e80e0ab158e0b3c9a56d1b98c93b3949e61cced",
	"blockNumber": 5470392,
	"contractAddress": null,
	"cumulativeGasUsed": 2196678,
	"gasUsed": 51589,
	"logs": [
		{
			"address": "0x7e9e431a0B8c4D532C745B1043c7FA29a48D4fBa",
			"blockHash": "0x6b6aa94cfa28b306db85a5e11e80e0ab158e0b3c9a56d1b98c93b3949e61cced",
			"blockNumber": 5470392,
			"data": "0x00000000000000000000000000000000000000000000000ad78ebc5ac6200000",
			"logIndex": 42,
			"topics": [
				"0xddf252ad1be2c89b69c2b068fc378daa952ba7f163c4a11628f55a4df523b3ef",
				"0x000000000000000000000000468b858c964f297fd8fce058032bf4b4911a8ad8",
				"0x0000000000000000000000008080752cbdbdd7baae90f008bee387d68c63e321"
			],
			"transactionHash": "0x31130150097554d9ade06ffb406ffe1e87d4e429555ebf732f4ec26f593a29b9",
			"transactionIndex": 45,
			"transactionLogIndex": "0x0",
			"type": "mined",
			"id": "log_f1510f8f"
		}
	],
	"logsBloom": "0x00000000000000000000000000020000000000000000000000000000000000000000000000000000000000000000000000000000000000000000000000000000000000800000010000002008000000000000000000000000000000000020000000000000000000000000000000000000000000000000000000010010000000000000000000000000000000000000000000000000000000000000000000000000000000000000000080000000000000000000000000000000000000010000000000001002000000000000000000000000000000000000000000000000000000000000000000000000000000000000000000000000000000000000000000000000",
	"root": null,
	"status": "0x1",
	"transactionHash": "0x31130150097554d9ade06ffb406ffe1e87d4e429555ebf732f4ec26f593a29b9",
	"transactionIndex": 45
}
[2018-04-19T21:47:38.457] [DEBUG] trans - TO:   0x81655f42628111d65fd32049540a571e5bb0ecfe
[2018-04-19T21:47:38.457] [DEBUG] trans - AMOUNT:   200000000000000000000
[2018-04-19T21:47:38.457] [DEBUG] trans - Receipt info:  {
	"blockHash": "0x6b6aa94cfa28b306db85a5e11e80e0ab158e0b3c9a56d1b98c93b3949e61cced",
	"blockNumber": 5470392,
	"contractAddress": null,
	"cumulativeGasUsed": 2299856,
	"gasUsed": 51589,
	"logs": [
		{
			"address": "0x7e9e431a0B8c4D532C745B1043c7FA29a48D4fBa",
			"blockHash": "0x6b6aa94cfa28b306db85a5e11e80e0ab158e0b3c9a56d1b98c93b3949e61cced",
			"blockNumber": 5470392,
			"data": "0x00000000000000000000000000000000000000000000000ad78ebc5ac6200000",
			"logIndex": 44,
			"topics": [
				"0xddf252ad1be2c89b69c2b068fc378daa952ba7f163c4a11628f55a4df523b3ef",
				"0x000000000000000000000000468b858c964f297fd8fce058032bf4b4911a8ad8",
				"0x00000000000000000000000081655f42628111d65fd32049540a571e5bb0ecfe"
			],
			"transactionHash": "0x8446c8fb6aecc6b8aa117b9206277abfb0753b7f31b2a0bef944b820954b74cd",
			"transactionIndex": 47,
			"transactionLogIndex": "0x0",
			"type": "mined",
			"id": "log_a79e4dd1"
		}
	],
	"logsBloom": "0x00000000000000000000000000020000000000000000000000000000000000000000000000000000000000000000000000000000000000000000000000000000000000000000010000000008000000000000000000000000000000000020000000000000000000000000000000000000000000000000000000000010000000000000000000000000000000000000000000000000000000000000000000000000000000000000000080000000000000000000000000000020000000010000000000001002000000000000004000000000000000000000000000000000000000000000000000010000000000000000000000000000000000000000000000000000",
	"root": null,
	"status": "0x1",
	"transactionHash": "0x8446c8fb6aecc6b8aa117b9206277abfb0753b7f31b2a0bef944b820954b74cd",
	"transactionIndex": 47
}
[2018-04-19T21:47:38.464] [DEBUG] trans - TO:   0x81b7621973b690870abbdf204dd3ff4040c1ac53
[2018-04-19T21:47:38.464] [DEBUG] trans - AMOUNT:   200000000000000000000
[2018-04-19T21:47:38.464] [DEBUG] trans - Receipt info:  {
	"blockHash": "0x6b6aa94cfa28b306db85a5e11e80e0ab158e0b3c9a56d1b98c93b3949e61cced",
	"blockNumber": 5470392,
	"contractAddress": null,
	"cumulativeGasUsed": 2351445,
	"gasUsed": 51589,
	"logs": [
		{
			"address": "0x7e9e431a0B8c4D532C745B1043c7FA29a48D4fBa",
			"blockHash": "0x6b6aa94cfa28b306db85a5e11e80e0ab158e0b3c9a56d1b98c93b3949e61cced",
			"blockNumber": 5470392,
			"data": "0x00000000000000000000000000000000000000000000000ad78ebc5ac6200000",
			"logIndex": 45,
			"topics": [
				"0xddf252ad1be2c89b69c2b068fc378daa952ba7f163c4a11628f55a4df523b3ef",
				"0x000000000000000000000000468b858c964f297fd8fce058032bf4b4911a8ad8",
				"0x00000000000000000000000081b7621973b690870abbdf204dd3ff4040c1ac53"
			],
			"transactionHash": "0xd5b1851892135b208c2df0e5c6c11ff95396c69708eed417f18536e481e7aa54",
			"transactionIndex": 48,
			"transactionLogIndex": "0x0",
			"type": "mined",
			"id": "log_2d1c5674"
		}
	],
	"logsBloom": "0x00000000000000000000000000020000000000000000000000000000000000000000000000008000000000000000000000000000000000000000000000000000000000000000010000000008000000000000000000000000000000000020000000000000000000000000000000000000000000000000000000000010000000000000000000000000000000000000000000000000000000000100000000000000000000000000000080000000000000000000000000000000000000010000000000001002000000000000000000000000000000000000000000000000000000000000000000000000000000000000000000000000000000000000000000000000",
	"root": null,
	"status": "0x1",
	"transactionHash": "0xd5b1851892135b208c2df0e5c6c11ff95396c69708eed417f18536e481e7aa54",
	"transactionIndex": 48
}
[2018-04-19T21:47:38.466] [DEBUG] trans - TO:   0x842c56efa93e4ca8fa45df382650a2d557686256
[2018-04-19T21:47:38.466] [DEBUG] trans - AMOUNT:   200000000000000000000
[2018-04-19T21:47:38.466] [DEBUG] trans - Receipt info:  {
	"blockHash": "0x6b6aa94cfa28b306db85a5e11e80e0ab158e0b3c9a56d1b98c93b3949e61cced",
	"blockNumber": 5470392,
	"contractAddress": null,
	"cumulativeGasUsed": 2557801,
	"gasUsed": 51589,
	"logs": [
		{
			"address": "0x7e9e431a0B8c4D532C745B1043c7FA29a48D4fBa",
			"blockHash": "0x6b6aa94cfa28b306db85a5e11e80e0ab158e0b3c9a56d1b98c93b3949e61cced",
			"blockNumber": 5470392,
			"data": "0x00000000000000000000000000000000000000000000000ad78ebc5ac6200000",
			"logIndex": 49,
			"topics": [
				"0xddf252ad1be2c89b69c2b068fc378daa952ba7f163c4a11628f55a4df523b3ef",
				"0x000000000000000000000000468b858c964f297fd8fce058032bf4b4911a8ad8",
				"0x000000000000000000000000842c56efa93e4ca8fa45df382650a2d557686256"
			],
			"transactionHash": "0x6592ca75b4eebd2d792a86a9ad7210c04a320ceb1dc39ec02ed94a3baa35aa5b",
			"transactionIndex": 52,
			"transactionLogIndex": "0x0",
			"type": "mined",
			"id": "log_0f450863"
		}
	],
	"logsBloom": "0x00000000000000000000000000820000000000000000000000000000000000000000000100000000000000000000000000000000000000000000000000000000000000000000010000000008200000000000000000000000000000000020000000000000000000000000000000000000000000000000000000000010000000000000000000000000000000000000000000000000000000000000000000000000000000000000000080000000000000000000000000000000000000010000000000001002000000000000000000000000000000000000000000000000000000000000000000000000000000000000000000000000000000000000000000000000",
	"root": null,
	"status": "0x1",
	"transactionHash": "0x6592ca75b4eebd2d792a86a9ad7210c04a320ceb1dc39ec02ed94a3baa35aa5b",
	"transactionIndex": 52
}
[2018-04-19T21:47:38.467] [DEBUG] trans - TO:   0x8225842c302d8f04bde6b7989d97354d4616102b
[2018-04-19T21:47:38.467] [DEBUG] trans - AMOUNT:   200000000000000000000
[2018-04-19T21:47:38.467] [DEBUG] trans - Receipt info:  {
	"blockHash": "0x6b6aa94cfa28b306db85a5e11e80e0ab158e0b3c9a56d1b98c93b3949e61cced",
	"blockNumber": 5470392,
	"contractAddress": null,
	"cumulativeGasUsed": 2403034,
	"gasUsed": 51589,
	"logs": [
		{
			"address": "0x7e9e431a0B8c4D532C745B1043c7FA29a48D4fBa",
			"blockHash": "0x6b6aa94cfa28b306db85a5e11e80e0ab158e0b3c9a56d1b98c93b3949e61cced",
			"blockNumber": 5470392,
			"data": "0x00000000000000000000000000000000000000000000000ad78ebc5ac6200000",
			"logIndex": 46,
			"topics": [
				"0xddf252ad1be2c89b69c2b068fc378daa952ba7f163c4a11628f55a4df523b3ef",
				"0x000000000000000000000000468b858c964f297fd8fce058032bf4b4911a8ad8",
				"0x0000000000000000000000008225842c302d8f04bde6b7989d97354d4616102b"
			],
			"transactionHash": "0x69587f11cc0904ce5e2c7c6158545bc5e9e08d7f51575cfcd81c3a84a6a58041",
			"transactionIndex": 49,
			"transactionLogIndex": "0x0",
			"type": "mined",
			"id": "log_f7d9e09a"
		}
	],
	"logsBloom": "0x00000000000000000000000000020000000000000000000000000000000000000000000000000000000000000000000000000000000000000000000000000000000000000000010000000008000000000000000000000000000000000020000400000000000000000000000000000000000000000000000000000010000000080000000000000000000000000000000000000000000000000000000000000000000000000000000080000000000000000000000000000000000000010000000000001002000000000000000000000000000000000000000000000000000000000000000000000000000100000000000000000000000000000000000000000000",
	"root": null,
	"status": "0x1",
	"transactionHash": "0x69587f11cc0904ce5e2c7c6158545bc5e9e08d7f51575cfcd81c3a84a6a58041",
	"transactionIndex": 49
}
[2018-04-19T21:47:38.467] [DEBUG] trans - TO:   0x8243862aa8d0d2abede212e6025c4b8b31cc15e5
[2018-04-19T21:47:38.467] [DEBUG] trans - AMOUNT:   200000000000000000000
[2018-04-19T21:47:38.467] [DEBUG] trans - Receipt info:  {
	"blockHash": "0x6b6aa94cfa28b306db85a5e11e80e0ab158e0b3c9a56d1b98c93b3949e61cced",
	"blockNumber": 5470392,
	"contractAddress": null,
	"cumulativeGasUsed": 2454623,
	"gasUsed": 51589,
	"logs": [
		{
			"address": "0x7e9e431a0B8c4D532C745B1043c7FA29a48D4fBa",
			"blockHash": "0x6b6aa94cfa28b306db85a5e11e80e0ab158e0b3c9a56d1b98c93b3949e61cced",
			"blockNumber": 5470392,
			"data": "0x00000000000000000000000000000000000000000000000ad78ebc5ac6200000",
			"logIndex": 47,
			"topics": [
				"0xddf252ad1be2c89b69c2b068fc378daa952ba7f163c4a11628f55a4df523b3ef",
				"0x000000000000000000000000468b858c964f297fd8fce058032bf4b4911a8ad8",
				"0x0000000000000000000000008243862aa8d0d2abede212e6025c4b8b31cc15e5"
			],
			"transactionHash": "0x258a3b0ade6e911da31b44a6824d88420948d46bffb7b177d10ba84a4e9a14e4",
			"transactionIndex": 50,
			"transactionLogIndex": "0x0",
			"type": "mined",
			"id": "log_084b9bd0"
		}
	],
	"logsBloom": "0x00000000000000000004000000020000000000000000000000000000000000000000000000000000000000000000000000000000000000000000000000200000000000000000010000000008000000000000000000000000000000000020000000000000000000000000000000000000000000000000000000000010000000000000000000000000000000000000000000000000000000000000000000000000000000000000000080002000000000000000000000000000000000010000000000001002000000000000000000000000000000000000000000000000000000000000000000000000000000000000000000000000000000000000000000000000",
	"root": null,
	"status": "0x1",
	"transactionHash": "0x258a3b0ade6e911da31b44a6824d88420948d46bffb7b177d10ba84a4e9a14e4",
	"transactionIndex": 50
}
[2018-04-19T21:47:38.468] [DEBUG] trans - TO:   0x8285efdb20e7f85329a033beb3e71759b077d8e0
[2018-04-19T21:47:38.468] [DEBUG] trans - AMOUNT:   200000000000000000000
[2018-04-19T21:47:38.468] [DEBUG] trans - Receipt info:  {
	"blockHash": "0x6b6aa94cfa28b306db85a5e11e80e0ab158e0b3c9a56d1b98c93b3949e61cced",
	"blockNumber": 5470392,
	"contractAddress": null,
	"cumulativeGasUsed": 2506212,
	"gasUsed": 51589,
	"logs": [
		{
			"address": "0x7e9e431a0B8c4D532C745B1043c7FA29a48D4fBa",
			"blockHash": "0x6b6aa94cfa28b306db85a5e11e80e0ab158e0b3c9a56d1b98c93b3949e61cced",
			"blockNumber": 5470392,
			"data": "0x00000000000000000000000000000000000000000000000ad78ebc5ac6200000",
			"logIndex": 48,
			"topics": [
				"0xddf252ad1be2c89b69c2b068fc378daa952ba7f163c4a11628f55a4df523b3ef",
				"0x000000000000000000000000468b858c964f297fd8fce058032bf4b4911a8ad8",
				"0x0000000000000000000000008285efdb20e7f85329a033beb3e71759b077d8e0"
			],
			"transactionHash": "0x4153c18aad4dfb7ad58a1aa0ae3487a3ca64d66258e3063ebd90cc24d724bb47",
			"transactionIndex": 51,
			"transactionLogIndex": "0x0",
			"type": "mined",
			"id": "log_e7c0abab"
		}
	],
	"logsBloom": "0x00000000000000000000000000020000000000000000000000000000000000000000000000000000000000000000000000000000000000000000000000000000000400000000010000000008000000000000000000000000000000000020000000000000000000000000000000000000000000000000000000000010000000000000200000000000000000000000000000000000000000000000000000000000000000008000000080000000000000000000000000000000000000010000000000001002000000000000000000000000000000000000000000000000000000000000000000000000000000000000000000000000000000000000000000000000",
	"root": null,
	"status": "0x1",
	"transactionHash": "0x4153c18aad4dfb7ad58a1aa0ae3487a3ca64d66258e3063ebd90cc24d724bb47",
	"transactionIndex": 51
}
[2018-04-19T21:47:38.468] [DEBUG] trans - TO:   0x84d5241bed87a54d7c9a20ca80304a4361937034
[2018-04-19T21:47:38.468] [DEBUG] trans - AMOUNT:   200000000000000000000
[2018-04-19T21:47:38.468] [DEBUG] trans - Receipt info:  {
	"blockHash": "0x6b6aa94cfa28b306db85a5e11e80e0ab158e0b3c9a56d1b98c93b3949e61cced",
	"blockNumber": 5470392,
	"contractAddress": null,
	"cumulativeGasUsed": 2660979,
	"gasUsed": 51589,
	"logs": [
		{
			"address": "0x7e9e431a0B8c4D532C745B1043c7FA29a48D4fBa",
			"blockHash": "0x6b6aa94cfa28b306db85a5e11e80e0ab158e0b3c9a56d1b98c93b3949e61cced",
			"blockNumber": 5470392,
			"data": "0x00000000000000000000000000000000000000000000000ad78ebc5ac6200000",
			"logIndex": 51,
			"topics": [
				"0xddf252ad1be2c89b69c2b068fc378daa952ba7f163c4a11628f55a4df523b3ef",
				"0x000000000000000000000000468b858c964f297fd8fce058032bf4b4911a8ad8",
				"0x00000000000000000000000084d5241bed87a54d7c9a20ca80304a4361937034"
			],
			"transactionHash": "0x052b06765310e8d69abb9c57a166aa9455fba4716403d399480647200d35a155",
			"transactionIndex": 54,
			"transactionLogIndex": "0x0",
			"type": "mined",
			"id": "log_0f4484d7"
		}
	],
	"logsBloom": "0x00000000000000000000000000020000000004000000000000000000000000000000000000000000000000000000000000000000000000000000000000000000000000008000010000000008000000000000000000000000000000000020000000000000000000000000000000000000000000000200000000000010000000000000000000000000000000000000000000000000000000000000000000000000000000000000000080000000000000000000000000000000000000010000000000001002000000000000000000000000000000000000000000000000000000000000000000000000000000000000000000000000000000000000000000000000",
	"root": null,
	"status": "0x1",
	"transactionHash": "0x052b06765310e8d69abb9c57a166aa9455fba4716403d399480647200d35a155",
	"transactionIndex": 54
}
[2018-04-19T21:47:38.469] [DEBUG] trans - TO:   0x7f72a8b955b3c42dccc623b544da24ab131d4fd6
[2018-04-19T21:47:38.469] [DEBUG] trans - AMOUNT:   200000000000000000000
[2018-04-19T21:47:38.469] [DEBUG] trans - Receipt info:  {
	"blockHash": "0x6b6aa94cfa28b306db85a5e11e80e0ab158e0b3c9a56d1b98c93b3949e61cced",
	"blockNumber": 5470392,
	"contractAddress": null,
	"cumulativeGasUsed": 2041911,
	"gasUsed": 51589,
	"logs": [
		{
			"address": "0x7e9e431a0B8c4D532C745B1043c7FA29a48D4fBa",
			"blockHash": "0x6b6aa94cfa28b306db85a5e11e80e0ab158e0b3c9a56d1b98c93b3949e61cced",
			"blockNumber": 5470392,
			"data": "0x00000000000000000000000000000000000000000000000ad78ebc5ac6200000",
			"logIndex": 39,
			"topics": [
				"0xddf252ad1be2c89b69c2b068fc378daa952ba7f163c4a11628f55a4df523b3ef",
				"0x000000000000000000000000468b858c964f297fd8fce058032bf4b4911a8ad8",
				"0x0000000000000000000000007f72a8b955b3c42dccc623b544da24ab131d4fd6"
			],
			"transactionHash": "0x5a7f166764bcb3c7d7a3ca6ba4822984adfe4f1f77f378fc7b1df720b6f323fb",
			"transactionIndex": 42,
			"transactionLogIndex": "0x0",
			"type": "mined",
			"id": "log_1f175259"
		}
	],
	"logsBloom": "0x00000000000000000000000000020000000000000000000000000000000000000000000000000000000000000000000000000000000000000000000002000000004000000000010000000008000000000000000000000000000000000020000000000000000000000000000000000000000000000000000000000010000000000000000000000000000000000000000000000000000000000000000000400000000000000000000080000000000000000000000000000000000000010000000000001002000000000000000000000000000000000000000000000000000000000000000000000000000000000000000000000000000000000000000000000000",
	"root": null,
	"status": "0x1",
	"transactionHash": "0x5a7f166764bcb3c7d7a3ca6ba4822984adfe4f1f77f378fc7b1df720b6f323fb",
	"transactionIndex": 42
}
[2018-04-19T21:47:38.469] [DEBUG] trans - TO:   0x85bee1bb15d2dcde9a1701498e8d41340729e4c9
[2018-04-19T21:47:38.469] [DEBUG] trans - AMOUNT:   200000000000000000000
[2018-04-19T21:47:38.469] [DEBUG] trans - Receipt info:  {
	"blockHash": "0x6b6aa94cfa28b306db85a5e11e80e0ab158e0b3c9a56d1b98c93b3949e61cced",
	"blockNumber": 5470392,
	"contractAddress": null,
	"cumulativeGasUsed": 2764093,
	"gasUsed": 51589,
	"logs": [
		{
			"address": "0x7e9e431a0B8c4D532C745B1043c7FA29a48D4fBa",
			"blockHash": "0x6b6aa94cfa28b306db85a5e11e80e0ab158e0b3c9a56d1b98c93b3949e61cced",
			"blockNumber": 5470392,
			"data": "0x00000000000000000000000000000000000000000000000ad78ebc5ac6200000",
			"logIndex": 53,
			"topics": [
				"0xddf252ad1be2c89b69c2b068fc378daa952ba7f163c4a11628f55a4df523b3ef",
				"0x000000000000000000000000468b858c964f297fd8fce058032bf4b4911a8ad8",
				"0x00000000000000000000000085bee1bb15d2dcde9a1701498e8d41340729e4c9"
			],
			"transactionHash": "0x53a0683d892ea33734310d79f1ad753565f645105499a1856bd6a3b7ebc97d78",
			"transactionIndex": 56,
			"transactionLogIndex": "0x0",
			"type": "mined",
			"id": "log_0e9abaa7"
		}
	],
	"logsBloom": "0x00000000000000000000000000020000000000000000000000000000000000000000000000000000000000000000000000000000000000000000000000000000000000000000010000000008000000000000000000000000000000000020000000000000000000000000000000000000000000000000000000000010000000000000000000000000000000000000000000000000000000000000000000000000000000100000000080000000000000000000000000000000000000010000000000001202000000004000000000000000000000000000000000000000000000000000000000000000000000000000000000000000000000000000000000000000",
	"root": null,
	"status": "0x1",
	"transactionHash": "0x53a0683d892ea33734310d79f1ad753565f645105499a1856bd6a3b7ebc97d78",
	"transactionIndex": 56
}
[2018-04-19T21:47:38.469] [DEBUG] trans - TO:   0x858ff3e13e06513d1119016b30059ad8c23f003d
[2018-04-19T21:47:38.469] [DEBUG] trans - AMOUNT:   200000000000000000000
[2018-04-19T21:47:38.469] [DEBUG] trans - Receipt info:  {
	"blockHash": "0x6b6aa94cfa28b306db85a5e11e80e0ab158e0b3c9a56d1b98c93b3949e61cced",
	"blockNumber": 5470392,
	"contractAddress": null,
	"cumulativeGasUsed": 2712504,
	"gasUsed": 51525,
	"logs": [
		{
			"address": "0x7e9e431a0B8c4D532C745B1043c7FA29a48D4fBa",
			"blockHash": "0x6b6aa94cfa28b306db85a5e11e80e0ab158e0b3c9a56d1b98c93b3949e61cced",
			"blockNumber": 5470392,
			"data": "0x00000000000000000000000000000000000000000000000ad78ebc5ac6200000",
			"logIndex": 52,
			"topics": [
				"0xddf252ad1be2c89b69c2b068fc378daa952ba7f163c4a11628f55a4df523b3ef",
				"0x000000000000000000000000468b858c964f297fd8fce058032bf4b4911a8ad8",
				"0x000000000000000000000000858ff3e13e06513d1119016b30059ad8c23f003d"
			],
			"transactionHash": "0x9cf50cee88c5d5a7d83c81171778630141c7a60d4765fb7d280bff5ac2151eca",
			"transactionIndex": 55,
			"transactionLogIndex": "0x0",
			"type": "mined",
			"id": "log_6af86bba"
		}
	],
	"logsBloom": "0x00000000000000000000000000020000000000000000000000000000000000000000000000000000000000000000000000000000000000000000000000000000000000000000010000000008000000000000000000000000000000000020000000000000000000000000000000000000000000000000000000000010000000000000000000000000000000000000000000000000000000000000000000000000000000000000000080040000000000000000000000000000000000010000000000001003000000000000000000000000000000000000000000000000000000000000000000000000100000000000000000000000000000000000000000000000",
	"root": null,
	"status": "0x1",
	"transactionHash": "0x9cf50cee88c5d5a7d83c81171778630141c7a60d4765fb7d280bff5ac2151eca",
	"transactionIndex": 55
}
[2018-04-19T21:47:38.470] [DEBUG] trans - TO:   0x7bdd1c3765a787c76e44231edc336b6d9143eb4c
[2018-04-19T21:47:38.470] [DEBUG] trans - AMOUNT:   200000000000000000000
[2018-04-19T21:47:38.470] [DEBUG] trans - Receipt info:  {
	"blockHash": "0x6b6aa94cfa28b306db85a5e11e80e0ab158e0b3c9a56d1b98c93b3949e61cced",
	"blockNumber": 5470392,
	"contractAddress": null,
	"cumulativeGasUsed": 1835555,
	"gasUsed": 51589,
	"logs": [
		{
			"address": "0x7e9e431a0B8c4D532C745B1043c7FA29a48D4fBa",
			"blockHash": "0x6b6aa94cfa28b306db85a5e11e80e0ab158e0b3c9a56d1b98c93b3949e61cced",
			"blockNumber": 5470392,
			"data": "0x00000000000000000000000000000000000000000000000ad78ebc5ac6200000",
			"logIndex": 35,
			"topics": [
				"0xddf252ad1be2c89b69c2b068fc378daa952ba7f163c4a11628f55a4df523b3ef",
				"0x000000000000000000000000468b858c964f297fd8fce058032bf4b4911a8ad8",
				"0x0000000000000000000000007bdd1c3765a787c76e44231edc336b6d9143eb4c"
			],
			"transactionHash": "0x2799441f43cb73613178a329f840ef9084440061508855613f35af23bbeb60c9",
			"transactionIndex": 38,
			"transactionLogIndex": "0x0",
			"type": "mined",
			"id": "log_8249d920"
		}
	],
	"logsBloom": "0x00000000000000000000000000020000000000000000000000000000000000000000000000000000000000000000000000000000000000000000000000000000000000000000010000000008000000000000000000000000000000000020000000000000000000000000000000000000000000000000000000000010000000000000000000000000000000000000000000000000000000000000000000000000000000000000000080000000000000000000000000000000000000110000000000401002000000000000000000000000000000000000000000000000000000000000000000000000000000000000000000000000000000000000000040000000",
	"root": null,
	"status": "0x1",
	"transactionHash": "0x2799441f43cb73613178a329f840ef9084440061508855613f35af23bbeb60c9",
	"transactionIndex": 38
}
[2018-04-19T21:47:38.470] [DEBUG] trans - TO:   0x85f34f4067a7853cae79407040808748c9b343db
[2018-04-19T21:47:38.471] [DEBUG] trans - AMOUNT:   200000000000000000000
[2018-04-19T21:47:38.471] [DEBUG] trans - Receipt info:  {
	"blockHash": "0x6b6aa94cfa28b306db85a5e11e80e0ab158e0b3c9a56d1b98c93b3949e61cced",
	"blockNumber": 5470392,
	"contractAddress": null,
	"cumulativeGasUsed": 2867271,
	"gasUsed": 51589,
	"logs": [
		{
			"address": "0x7e9e431a0B8c4D532C745B1043c7FA29a48D4fBa",
			"blockHash": "0x6b6aa94cfa28b306db85a5e11e80e0ab158e0b3c9a56d1b98c93b3949e61cced",
			"blockNumber": 5470392,
			"data": "0x00000000000000000000000000000000000000000000000ad78ebc5ac6200000",
			"logIndex": 55,
			"topics": [
				"0xddf252ad1be2c89b69c2b068fc378daa952ba7f163c4a11628f55a4df523b3ef",
				"0x000000000000000000000000468b858c964f297fd8fce058032bf4b4911a8ad8",
				"0x00000000000000000000000085f34f4067a7853cae79407040808748c9b343db"
			],
			"transactionHash": "0x3841457c2543172b30f494a1b1c097a48cd9df0aff558b731a0d87f35f38d76b",
			"transactionIndex": 58,
			"transactionLogIndex": "0x0",
			"type": "mined",
			"id": "log_adc7c62d"
		}
	],
	"logsBloom": "0x00000000000000000000000000020000000000000000000000000000000000000000000000000000000000000000000000000000000000000000000000000000000000000000010000000008000000000000000000000000000000000028000000000000000000000000000000000000000000000000000000000010000000000000000000000000000000000000000000000000000000000000000000000000000000000000080080000000000000000000000000000000000000010000200000001002000000000000000000000000000000000000000000000000000000000000000000000000000000000000000000000000000000000000000000000000",
	"root": null,
	"status": "0x1",
	"transactionHash": "0x3841457c2543172b30f494a1b1c097a48cd9df0aff558b731a0d87f35f38d76b",
	"transactionIndex": 58
}
[2018-04-19T21:47:38.471] [DEBUG] trans - TO:   0x85f071a60e9bfda79fb0c4398fbc8e6e1db459ad
[2018-04-19T21:47:38.471] [DEBUG] trans - AMOUNT:   200000000000000000000
[2018-04-19T21:47:38.471] [DEBUG] trans - Receipt info:  {
	"blockHash": "0x6b6aa94cfa28b306db85a5e11e80e0ab158e0b3c9a56d1b98c93b3949e61cced",
	"blockNumber": 5470392,
	"contractAddress": null,
	"cumulativeGasUsed": 2815682,
	"gasUsed": 51589,
	"logs": [
		{
			"address": "0x7e9e431a0B8c4D532C745B1043c7FA29a48D4fBa",
			"blockHash": "0x6b6aa94cfa28b306db85a5e11e80e0ab158e0b3c9a56d1b98c93b3949e61cced",
			"blockNumber": 5470392,
			"data": "0x00000000000000000000000000000000000000000000000ad78ebc5ac6200000",
			"logIndex": 54,
			"topics": [
				"0xddf252ad1be2c89b69c2b068fc378daa952ba7f163c4a11628f55a4df523b3ef",
				"0x000000000000000000000000468b858c964f297fd8fce058032bf4b4911a8ad8",
				"0x00000000000000000000000085f071a60e9bfda79fb0c4398fbc8e6e1db459ad"
			],
			"transactionHash": "0xcc4a06ce692a62629c2f0b863b369c1833d47949cae46999a093709726dfa2b3",
			"transactionIndex": 57,
			"transactionLogIndex": "0x0",
			"type": "mined",
			"id": "log_9b6eb53f"
		}
	],
	"logsBloom": "0x00000000000000000000000000020000000000000000000000000000000000000000000000000000000000000000000000000000000000000000000000000000000000000000010000000008000000000000000000000000000000000020000000000000000000000000000000000000000000000000000000000010000000100000000000000000000000000000000000000000000000000000000000000000000000000000000080000000000000000000000000000000000000010000000000001002000000000000000400000000000000000000000000000000000000000000000000000000000000000000000000000001000000000000000000000000",
	"root": null,
	"status": "0x1",
	"transactionHash": "0xcc4a06ce692a62629c2f0b863b369c1833d47949cae46999a093709726dfa2b3",
	"transactionIndex": 57
}
[2018-04-19T21:47:38.471] [DEBUG] trans - TO:   0x848c1b38bc87bcfcab053bb056173bbe67185f1e
[2018-04-19T21:47:38.471] [DEBUG] trans - AMOUNT:   200000000000000000000
[2018-04-19T21:47:38.471] [DEBUG] trans - Receipt info:  {
	"blockHash": "0x6b6aa94cfa28b306db85a5e11e80e0ab158e0b3c9a56d1b98c93b3949e61cced",
	"blockNumber": 5470392,
	"contractAddress": null,
	"cumulativeGasUsed": 2609390,
	"gasUsed": 51589,
	"logs": [
		{
			"address": "0x7e9e431a0B8c4D532C745B1043c7FA29a48D4fBa",
			"blockHash": "0x6b6aa94cfa28b306db85a5e11e80e0ab158e0b3c9a56d1b98c93b3949e61cced",
			"blockNumber": 5470392,
			"data": "0x00000000000000000000000000000000000000000000000ad78ebc5ac6200000",
			"logIndex": 50,
			"topics": [
				"0xddf252ad1be2c89b69c2b068fc378daa952ba7f163c4a11628f55a4df523b3ef",
				"0x000000000000000000000000468b858c964f297fd8fce058032bf4b4911a8ad8",
				"0x000000000000000000000000848c1b38bc87bcfcab053bb056173bbe67185f1e"
			],
			"transactionHash": "0x45585a830dce7fa7dde71845edf53284743ed8d1c97cbd3f680bb00cef9be559",
			"transactionIndex": 53,
			"transactionLogIndex": "0x0",
			"type": "mined",
			"id": "log_f7ced211"
		}
	],
	"logsBloom": "0x00000000000000000000000000020000000000000000000000000000000000000000000000000000000000000000000000000000000000000000000000000000000000000000010000000008000000000000000000000000000000000020000000000000000000000000000000000000000000000000000000000010000000000000000000000000000000000000000000000000000000000000000000000000000000800010000080000000000000000000000000000000000000010000000000001002000000000000000000000000000000000000010000000000000000000000000000000000000000000000000000000000000000000000000000000000",
	"root": null,
	"status": "0x1",
	"transactionHash": "0x45585a830dce7fa7dde71845edf53284743ed8d1c97cbd3f680bb00cef9be559",
	"transactionIndex": 53
}
