[2018-04-21T17:05:38.899] [DEBUG] trans - TO:   0x01a673130729ecc527eea0b73501f2a06541be65
[2018-04-21T17:05:38.900] [DEBUG] trans - AMOUNT:   306000000000000000000
[2018-04-21T17:05:38.900] [DEBUG] trans - Receipt info:  {
	"blockHash": "0xe39a523bf498e99ae8eac305a85c2fd852c36feefcd35bfdfd0bda5f5ffc9b42",
	"blockNumber": 5480861,
	"contractAddress": null,
	"cumulativeGasUsed": 2871853,
	"gasUsed": 51589,
	"logs": [
		{
			"address": "0x7e9e431a0B8c4D532C745B1043c7FA29a48D4fBa",
			"blockHash": "0xe39a523bf498e99ae8eac305a85c2fd852c36feefcd35bfdfd0bda5f5ffc9b42",
			"blockNumber": 5480861,
			"data": "0x000000000000000000000000000000000000000000000010969a62be15880000",
			"logIndex": 10,
			"topics": [
				"0xddf252ad1be2c89b69c2b068fc378daa952ba7f163c4a11628f55a4df523b3ef",
				"0x000000000000000000000000468b858c964f297fd8fce058032bf4b4911a8ad8",
				"0x00000000000000000000000001a673130729ecc527eea0b73501f2a06541be65"
			],
			"transactionHash": "0xd093a9814f1a18f102bc49bfeb0a2dbde8d049bb4ef73af6b85f6b0693be115a",
			"transactionIndex": 118,
			"transactionLogIndex": "0x0",
			"type": "mined",
			"id": "log_13f8cfee"
		}
	],
	"logsBloom": "0x00000000000000000000000000020000000000000020000000000000000000000000000000000000000000000000000000000000000000040000000000000000000000000000010000000008000000000000000000000000000000000020000000000000000000000000000000000000000000000000000000000010000000000000000000000000000000000000000000000000000000000000000000000000000000000000000080000000000000000000000000000000000000010000000000001002000000000000000000000000000000000000000000000000000000100000000000000000000000000000000000000000000000000000000000000000",
	"root": null,
	"status": "0x1",
	"transactionHash": "0xd093a9814f1a18f102bc49bfeb0a2dbde8d049bb4ef73af6b85f6b0693be115a",
	"transactionIndex": 118
}
[2018-04-21T17:05:49.911] [DEBUG] trans - TO:   0x1ad76ec3d430942c000f2e3409d010cba6dc1943
[2018-04-21T17:05:49.911] [DEBUG] trans - AMOUNT:   306000000000000000000
[2018-04-21T17:05:49.911] [DEBUG] trans - Receipt info:  {
	"blockHash": "0xed282167bd4e745287577449f25e2be7c5af86f8203ebf97db468bada0c925b6",
	"blockNumber": 5480862,
	"contractAddress": null,
	"cumulativeGasUsed": 862944,
	"gasUsed": 51525,
	"logs": [
		{
			"address": "0x7e9e431a0B8c4D532C745B1043c7FA29a48D4fBa",
			"blockHash": "0xed282167bd4e745287577449f25e2be7c5af86f8203ebf97db468bada0c925b6",
			"blockNumber": 5480862,
			"data": "0x000000000000000000000000000000000000000000000010969a62be15880000",
			"logIndex": 9,
			"topics": [
				"0xddf252ad1be2c89b69c2b068fc378daa952ba7f163c4a11628f55a4df523b3ef",
				"0x000000000000000000000000468b858c964f297fd8fce058032bf4b4911a8ad8",
				"0x0000000000000000000000001ad76ec3d430942c000f2e3409d010cba6dc1943"
			],
			"transactionHash": "0x60da519b742ff9dfdd9279497d3c1149936757cc7c961262e3abe99d9f6e6610",
			"transactionIndex": 22,
			"transactionLogIndex": "0x0",
			"type": "mined",
			"id": "log_bd470d1c"
		}
	],
	"logsBloom": "0x00000000000000000000000000020000000000000000000000000080000000000000000000000000000000000000000000000000000000000000000000000000000000000000010000000008000000000000000000000000000000000020000000000000000000000000000000000000000000000000000000000010000000000000000000000000000000000000000000000000000000000000000000000000000000000000000080000002000000000000000000000000000008010000000000001002000000000000000000000000000000000000000000000000000000000000000000000000000000000000000000000000000000000000000000000000",
	"root": null,
	"status": "0x1",
	"transactionHash": "0x60da519b742ff9dfdd9279497d3c1149936757cc7c961262e3abe99d9f6e6610",
	"transactionIndex": 22
}
[2018-04-21T17:05:49.912] [DEBUG] trans - TO:   0x3facec43efcf982d14cab61f32e9cd05c0d91050
[2018-04-21T17:05:49.912] [DEBUG] trans - AMOUNT:   306000000000000000000
[2018-04-21T17:05:49.912] [DEBUG] trans - Receipt info:  {
	"blockHash": "0xed282167bd4e745287577449f25e2be7c5af86f8203ebf97db468bada0c925b6",
	"blockNumber": 5480862,
	"contractAddress": null,
	"cumulativeGasUsed": 966122,
	"gasUsed": 51589,
	"logs": [
		{
			"address": "0x7e9e431a0B8c4D532C745B1043c7FA29a48D4fBa",
			"blockHash": "0xed282167bd4e745287577449f25e2be7c5af86f8203ebf97db468bada0c925b6",
			"blockNumber": 5480862,
			"data": "0x000000000000000000000000000000000000000000000010969a62be15880000",
			"logIndex": 11,
			"topics": [
				"0xddf252ad1be2c89b69c2b068fc378daa952ba7f163c4a11628f55a4df523b3ef",
				"0x000000000000000000000000468b858c964f297fd8fce058032bf4b4911a8ad8",
				"0x0000000000000000000000003facec43efcf982d14cab61f32e9cd05c0d91050"
			],
			"transactionHash": "0xb3ab69e160c768dbfdea88457465f2d4d3a2ebc730d9f989208a5735a1c34fb1",
			"transactionIndex": 24,
			"transactionLogIndex": "0x0",
			"type": "mined",
			"id": "log_52262680"
		}
	],
	"logsBloom": "0x00000000000000010000000000020000000000000000000000000000000000000000000000000000000000000000000000000000000000000000000000000000000000000000010000000008000000000000000000000000000000000020000080000000000000000000000000000000000000000000000000000010000000000000000000000000000000000000000000000000000000000000000000000000000000000080000080000000000000000000000000000000000000010000000000001002000000000000000000000000000000000000000000000000000000000000000000000000000000000000000000000000000000000000000000000000",
	"root": null,
	"status": "0x1",
	"transactionHash": "0xb3ab69e160c768dbfdea88457465f2d4d3a2ebc730d9f989208a5735a1c34fb1",
	"transactionIndex": 24
}
[2018-04-21T17:05:49.912] [DEBUG] trans - TO:   0x5ccc81ea27e99bc997a6079e49595d420e66d725
[2018-04-21T17:05:49.912] [DEBUG] trans - AMOUNT:   306000000000000000000
[2018-04-21T17:05:49.912] [DEBUG] trans - Receipt info:  {
	"blockHash": "0xed282167bd4e745287577449f25e2be7c5af86f8203ebf97db468bada0c925b6",
	"blockNumber": 5480862,
	"contractAddress": null,
	"cumulativeGasUsed": 1017711,
	"gasUsed": 51589,
	"logs": [
		{
			"address": "0x7e9e431a0B8c4D532C745B1043c7FA29a48D4fBa",
			"blockHash": "0xed282167bd4e745287577449f25e2be7c5af86f8203ebf97db468bada0c925b6",
			"blockNumber": 5480862,
			"data": "0x000000000000000000000000000000000000000000000010969a62be15880000",
			"logIndex": 12,
			"topics": [
				"0xddf252ad1be2c89b69c2b068fc378daa952ba7f163c4a11628f55a4df523b3ef",
				"0x000000000000000000000000468b858c964f297fd8fce058032bf4b4911a8ad8",
				"0x0000000000000000000000005ccc81ea27e99bc997a6079e49595d420e66d725"
			],
			"transactionHash": "0xc6d8e4ec3e8b22725b08ff3f0f7368b79255318a6976c767adbda8db29133fc8",
			"transactionIndex": 25,
			"transactionLogIndex": "0x0",
			"type": "mined",
			"id": "log_fe216f8a"
		}
	],
	"logsBloom": "0x00000000000000000000000000020000000000000000000000000000000000000000000000000000000000000000000000004000000000000000000000000000000000000000010000000008000000000000000000000000000000000020000000000000000000000000000000000000000000000000000000000010000000000000000000000000000000000000000000000000000020000000000000000000000000000000000080000000000000000000000000000000000000010000000100001002000000000000000000000000000000000000000000000000000000000000000000000000000000000000000000000000000000000000000000000000",
	"root": null,
	"status": "0x1",
	"transactionHash": "0xc6d8e4ec3e8b22725b08ff3f0f7368b79255318a6976c767adbda8db29133fc8",
	"transactionIndex": 25
}
[2018-04-21T17:05:49.913] [DEBUG] trans - TO:   0x3357b4fb65db8ff12e994879bf4e6947ee6d2810
[2018-04-21T17:05:49.913] [DEBUG] trans - AMOUNT:   306000000000000000000
[2018-04-21T17:05:49.913] [DEBUG] trans - Receipt info:  {
	"blockHash": "0xed282167bd4e745287577449f25e2be7c5af86f8203ebf97db468bada0c925b6",
	"blockNumber": 5480862,
	"contractAddress": null,
	"cumulativeGasUsed": 914533,
	"gasUsed": 51589,
	"logs": [
		{
			"address": "0x7e9e431a0B8c4D532C745B1043c7FA29a48D4fBa",
			"blockHash": "0xed282167bd4e745287577449f25e2be7c5af86f8203ebf97db468bada0c925b6",
			"blockNumber": 5480862,
			"data": "0x000000000000000000000000000000000000000000000010969a62be15880000",
			"logIndex": 10,
			"topics": [
				"0xddf252ad1be2c89b69c2b068fc378daa952ba7f163c4a11628f55a4df523b3ef",
				"0x000000000000000000000000468b858c964f297fd8fce058032bf4b4911a8ad8",
				"0x0000000000000000000000003357b4fb65db8ff12e994879bf4e6947ee6d2810"
			],
			"transactionHash": "0x5634aea68de63a4644498ad6c1e4fe46430b901e36deb98a903b86997e032088",
			"transactionIndex": 23,
			"transactionLogIndex": "0x0",
			"type": "mined",
			"id": "log_00aad636"
		}
	],
	"logsBloom": "0x08000000000000000000000000020000000000000000000000000000000000000000000040800000000000000000000000000000000000000000000000000000000000000000010000000008000000000000000000000000000000000020000000000000000000000000000000000000000000000000000000000010000000000000000000000000000000000000000000000000000000000000000000000000000000000000000080000000000000000000000000000000000000010000000000001002000000000000000000000000000000000000000000000000000000000000000000000000000000000000000000000000000000000000000000000000",
	"root": null,
	"status": "0x1",
	"transactionHash": "0x5634aea68de63a4644498ad6c1e4fe46430b901e36deb98a903b86997e032088",
	"transactionIndex": 23
}
[2018-04-21T17:05:49.913] [DEBUG] trans - TO:   0x82cfd54b9167a77a3fce3877b473c4656958397b
[2018-04-21T17:05:49.913] [DEBUG] trans - AMOUNT:   306000000000000000000
[2018-04-21T17:05:49.913] [DEBUG] trans - Receipt info:  {
	"blockHash": "0xed282167bd4e745287577449f25e2be7c5af86f8203ebf97db468bada0c925b6",
	"blockNumber": 5480862,
	"contractAddress": null,
	"cumulativeGasUsed": 1069300,
	"gasUsed": 51589,
	"logs": [
		{
			"address": "0x7e9e431a0B8c4D532C745B1043c7FA29a48D4fBa",
			"blockHash": "0xed282167bd4e745287577449f25e2be7c5af86f8203ebf97db468bada0c925b6",
			"blockNumber": 5480862,
			"data": "0x000000000000000000000000000000000000000000000010969a62be15880000",
			"logIndex": 13,
			"topics": [
				"0xddf252ad1be2c89b69c2b068fc378daa952ba7f163c4a11628f55a4df523b3ef",
				"0x000000000000000000000000468b858c964f297fd8fce058032bf4b4911a8ad8",
				"0x00000000000000000000000082cfd54b9167a77a3fce3877b473c4656958397b"
			],
			"transactionHash": "0x033f19b5fbb7f73fe784c18a94d0f86c0b6fc0aafacdaf06c0d3800bf2904a4a",
			"transactionIndex": 26,
			"transactionLogIndex": "0x0",
			"type": "mined",
			"id": "log_4132d30c"
		}
	],
	"logsBloom": "0x00000000000000000000000000020000000000000000000000000000000000000000000000000000000000000000000000000000000000000000000000000000000000000000210000000008000000000000000000000000000000000020000000000000000000000000000000000000000000000000000000000010000000000000000000000000000000000000000000000000000000000000000000000000000000000000000080000000000000000000000000000000000000010000000000001002000000000000000000000000000000000000000000000000000000000000000000000000000000000000000000800000000000000000000000000000",
	"root": null,
	"status": "0x1",
	"transactionHash": "0x033f19b5fbb7f73fe784c18a94d0f86c0b6fc0aafacdaf06c0d3800bf2904a4a",
	"transactionIndex": 26
}
[2018-04-21T17:05:49.913] [DEBUG] trans - TO:   0x906c707244231642476b810f734f994289eac4d2
[2018-04-21T17:05:49.913] [DEBUG] trans - AMOUNT:   306000000000000000000
[2018-04-21T17:05:49.913] [DEBUG] trans - Receipt info:  {
	"blockHash": "0xed282167bd4e745287577449f25e2be7c5af86f8203ebf97db468bada0c925b6",
	"blockNumber": 5480862,
	"contractAddress": null,
	"cumulativeGasUsed": 1120889,
	"gasUsed": 51589,
	"logs": [
		{
			"address": "0x7e9e431a0B8c4D532C745B1043c7FA29a48D4fBa",
			"blockHash": "0xed282167bd4e745287577449f25e2be7c5af86f8203ebf97db468bada0c925b6",
			"blockNumber": 5480862,
			"data": "0x000000000000000000000000000000000000000000000010969a62be15880000",
			"logIndex": 14,
			"topics": [
				"0xddf252ad1be2c89b69c2b068fc378daa952ba7f163c4a11628f55a4df523b3ef",
				"0x000000000000000000000000468b858c964f297fd8fce058032bf4b4911a8ad8",
				"0x000000000000000000000000906c707244231642476b810f734f994289eac4d2"
			],
			"transactionHash": "0xd9d07af5c1b98f1bc09e4e2093bd204072f162338efe6723d549825801215e62",
			"transactionIndex": 27,
			"transactionLogIndex": "0x0",
			"type": "mined",
			"id": "log_06cee7e9"
		}
	],
	"logsBloom": "0x00000000000000000000000000020000000000000000000000000000000000000000000000000000000000000000000000000000000000000000000000000800000000000000090000000008000000000000000000000000000000000020000000000000000000000000000000000000000000000000000000000010000000000000000000000000000000000000000000000000000000000000000000000000000000000000000080000000000000000000000000000000000000010000000000001002000000000000000000000000000000000000000000400000000000000000000000000000000000000000000000000000000000000000000000000000",
	"root": null,
	"status": "0x1",
	"transactionHash": "0xd9d07af5c1b98f1bc09e4e2093bd204072f162338efe6723d549825801215e62",
	"transactionIndex": 27
}
[2018-04-21T17:06:28.964] [DEBUG] trans - TO:   0x9fdee640aa76ba44daed371245cb0c5728393a65
[2018-04-21T17:06:28.965] [DEBUG] trans - AMOUNT:   306000000000000000000
[2018-04-21T17:06:28.965] [DEBUG] trans - Receipt info:  {
	"blockHash": "0x3891c9928e180c8f9163e0dce1393868d475211829e887b003e84534574047a8",
	"blockNumber": 5480864,
	"contractAddress": null,
	"cumulativeGasUsed": 1495204,
	"gasUsed": 51589,
	"logs": [
		{
			"address": "0x7e9e431a0B8c4D532C745B1043c7FA29a48D4fBa",
			"blockHash": "0x3891c9928e180c8f9163e0dce1393868d475211829e887b003e84534574047a8",
			"blockNumber": 5480864,
			"data": "0x000000000000000000000000000000000000000000000010969a62be15880000",
			"logIndex": 14,
			"topics": [
				"0xddf252ad1be2c89b69c2b068fc378daa952ba7f163c4a11628f55a4df523b3ef",
				"0x000000000000000000000000468b858c964f297fd8fce058032bf4b4911a8ad8",
				"0x0000000000000000000000009fdee640aa76ba44daed371245cb0c5728393a65"
			],
			"transactionHash": "0xb8507c45e0867f53d7697f7d38404e86f61310e1bbc54ae8663141f20e29077a",
			"transactionIndex": 49,
			"transactionLogIndex": "0x0",
			"type": "mined",
			"id": "log_0e38e40e"
		}
	],
	"logsBloom": "0x00000000000000000000000000020000000000000000000000000000000000000000000000000000000000000000000000400000000000000000000000000000000000000000010000000008000000000000000000000000000010000020000000000000020000000000000000000000000000000000000000000010000000000000000000000000000000000000000000000000000000000000000000000000000000000000000080000000000000000000000000000000000000010000000000001002000000000000000000000000000000000000000000000000000000000000000000000000000000000000000000000000000000000000000000000000",
	"root": null,
	"status": "0x1",
	"transactionHash": "0xb8507c45e0867f53d7697f7d38404e86f61310e1bbc54ae8663141f20e29077a",
	"transactionIndex": 49
}
[2018-04-21T17:06:28.968] [DEBUG] trans - TO:   0xc97dd1b39314dae947b3bedf97173367b5775aa7
[2018-04-21T17:06:28.968] [DEBUG] trans - AMOUNT:   306000000000000000000
[2018-04-21T17:06:28.968] [DEBUG] trans - Receipt info:  {
	"blockHash": "0x3891c9928e180c8f9163e0dce1393868d475211829e887b003e84534574047a8",
	"blockNumber": 5480864,
	"contractAddress": null,
	"cumulativeGasUsed": 7392855,
	"gasUsed": 51589,
	"logs": [
		{
			"address": "0x7e9e431a0B8c4D532C745B1043c7FA29a48D4fBa",
			"blockHash": "0x3891c9928e180c8f9163e0dce1393868d475211829e887b003e84534574047a8",
			"blockNumber": 5480864,
			"data": "0x000000000000000000000000000000000000000000000010969a62be15880000",
			"logIndex": 98,
			"topics": [
				"0xddf252ad1be2c89b69c2b068fc378daa952ba7f163c4a11628f55a4df523b3ef",
				"0x000000000000000000000000468b858c964f297fd8fce058032bf4b4911a8ad8",
				"0x000000000000000000000000c97dd1b39314dae947b3bedf97173367b5775aa7"
			],
			"transactionHash": "0x3b6d58bf4f452b4849887c4d82a7d95659735e1b9d7b68d489e140d32c604c5d",
			"transactionIndex": 168,
			"transactionLogIndex": "0x0",
			"type": "mined",
			"id": "log_8c668f5f"
		}
	],
	"logsBloom": "0x00000000000000000000000000020000000000000000000000000000000000000000000000000000000000000000000000000000000000000000002000000000000000000000010000000008000000000000000000000000000000000020000000000000000000000000000000000000000000000000000000000010000000000000000000000000000000000000000000000000000000000000000000000000000000000400000080000000000000000000000000000000000000010000000000001002000000000000000000000000000000000000000000000000000000000000000000000000000000000000000000000000002000000000000000000000",
	"root": null,
	"status": "0x1",
	"transactionHash": "0x3b6d58bf4f452b4849887c4d82a7d95659735e1b9d7b68d489e140d32c604c5d",
	"transactionIndex": 168
}
[2018-04-21T17:06:28.969] [DEBUG] trans - TO:   0xb8da7ea3fdbc40d7430fc056f4e09e1b996e16c3
[2018-04-21T17:06:28.969] [DEBUG] trans - AMOUNT:   306000000000000000000
[2018-04-21T17:06:28.969] [DEBUG] trans - Receipt info:  {
	"blockHash": "0x3891c9928e180c8f9163e0dce1393868d475211829e887b003e84534574047a8",
	"blockNumber": 5480864,
	"contractAddress": null,
	"cumulativeGasUsed": 6775669,
	"gasUsed": 51589,
	"logs": [
		{
			"address": "0x7e9e431a0B8c4D532C745B1043c7FA29a48D4fBa",
			"blockHash": "0x3891c9928e180c8f9163e0dce1393868d475211829e887b003e84534574047a8",
			"blockNumber": 5480864,
			"data": "0x000000000000000000000000000000000000000000000010969a62be15880000",
			"logIndex": 91,
			"topics": [
				"0xddf252ad1be2c89b69c2b068fc378daa952ba7f163c4a11628f55a4df523b3ef",
				"0x000000000000000000000000468b858c964f297fd8fce058032bf4b4911a8ad8",
				"0x000000000000000000000000b8da7ea3fdbc40d7430fc056f4e09e1b996e16c3"
			],
			"transactionHash": "0x5394d8ee931e3dbf9e8af2d1690fba41f40cb0c465631893ac93a6ab70f0b51e",
			"transactionIndex": 152,
			"transactionLogIndex": "0x0",
			"type": "mined",
			"id": "log_3d133252"
		}
	],
	"logsBloom": "0x00000000000000000000000000020000000000000000000000000000000000000000000000000000000000000000000000000000000000000000000000000000000000000000010000000008000400000000000000000000000000000020000000000000000000000000400000000000000000000000000000000010000000000000000000000000020000000000000000000000000000000000000000000000000000000000000080000000000000000000000000000000000000010000000000001002000000000000000000000000000000000000000000000000000000000000000000000000000000000000000000000000000000000000000000000000",
	"root": null,
	"status": "0x1",
	"transactionHash": "0x5394d8ee931e3dbf9e8af2d1690fba41f40cb0c465631893ac93a6ab70f0b51e",
	"transactionIndex": 152
}
[2018-04-21T17:06:28.972] [DEBUG] trans - TO:   0xcb1b7fe1a093772b54f9adab2b9742bc518d1f8d
[2018-04-21T17:06:28.972] [DEBUG] trans - AMOUNT:   306000000000000000000
[2018-04-21T17:06:28.972] [DEBUG] trans - Receipt info:  {
	"blockHash": "0x3891c9928e180c8f9163e0dce1393868d475211829e887b003e84534574047a8",
	"blockNumber": 5480864,
	"contractAddress": null,
	"cumulativeGasUsed": 7844049,
	"gasUsed": 51589,
	"logs": [
		{
			"address": "0x7e9e431a0B8c4D532C745B1043c7FA29a48D4fBa",
			"blockHash": "0x3891c9928e180c8f9163e0dce1393868d475211829e887b003e84534574047a8",
			"blockNumber": 5480864,
			"data": "0x000000000000000000000000000000000000000000000010969a62be15880000",
			"logIndex": 102,
			"topics": [
				"0xddf252ad1be2c89b69c2b068fc378daa952ba7f163c4a11628f55a4df523b3ef",
				"0x000000000000000000000000468b858c964f297fd8fce058032bf4b4911a8ad8",
				"0x000000000000000000000000cb1b7fe1a093772b54f9adab2b9742bc518d1f8d"
			],
			"transactionHash": "0xd9bad2f142baabad2fd900c757dd5ac39d32b25da44731e5ab074fe37dab446f",
			"transactionIndex": 178,
			"transactionLogIndex": "0x0",
			"type": "mined",
			"id": "log_8d39e97d"
		}
	],
	"logsBloom": "0x00000000000000000000000000020000000000000000000000000000000000000000000000000000000000000000000000000000000000000000000000000000000000000000010000000008000000000000000000000000000000000020000000000000000000000000000000000000000000000000000000000010000000000000000000000000000000000000000000000000000000000000000000000000000000000000000080000000000000000000000000000000000000010000000000001002000000200000000000000000000000000400000000000000000400000000000000000000000000000000000000000000000000000000000000000000",
	"root": null,
	"status": "0x1",
	"transactionHash": "0xd9bad2f142baabad2fd900c757dd5ac39d32b25da44731e5ab074fe37dab446f",
	"transactionIndex": 178
}
[2018-04-21T17:06:35.981] [DEBUG] trans - TO:   0xcbb0adf8733b43e234b8ab9d342edc49e268da87
[2018-04-21T17:06:35.981] [DEBUG] trans - AMOUNT:   306000000000000000000
[2018-04-21T17:06:35.981] [DEBUG] trans - Receipt info:  {
	"blockHash": "0x207a2b00896c929f18601a0869ccc8bcb3a0315c15856684826458564591929f",
	"blockNumber": 5480865,
	"contractAddress": null,
	"cumulativeGasUsed": 1249399,
	"gasUsed": 51589,
	"logs": [
		{
			"address": "0x7e9e431a0B8c4D532C745B1043c7FA29a48D4fBa",
			"blockHash": "0x207a2b00896c929f18601a0869ccc8bcb3a0315c15856684826458564591929f",
			"blockNumber": 5480865,
			"data": "0x000000000000000000000000000000000000000000000010969a62be15880000",
			"logIndex": 18,
			"topics": [
				"0xddf252ad1be2c89b69c2b068fc378daa952ba7f163c4a11628f55a4df523b3ef",
				"0x000000000000000000000000468b858c964f297fd8fce058032bf4b4911a8ad8",
				"0x000000000000000000000000cbb0adf8733b43e234b8ab9d342edc49e268da87"
			],
			"transactionHash": "0x73aed3e1942093a6acb9d9a39d23da1fa3c1a7b00d8ac5f2b1e20a5925fa76af",
			"transactionIndex": 37,
			"transactionLogIndex": "0x0",
			"type": "mined",
			"id": "log_5baf6d40"
		}
	],
	"logsBloom": "0x00000000000000000000000000020000000000000000000000000000000000000000000000000000000000000000000000000000000000000000000000000000000000000000010000000008000000000000000000000000000000000020000000000000000000000010000000000000000000000000000000000010000000000000000000000000000000000000000000000000000000000000000000000000000000000000000080000000000000000000000000000000000000010000000000001002000000000000000000000000000000000000000000002000000000000000000000000000000000000000000000000000000000000000040000000000",
	"root": null,
	"status": "0x1",
	"transactionHash": "0x73aed3e1942093a6acb9d9a39d23da1fa3c1a7b00d8ac5f2b1e20a5925fa76af",
	"transactionIndex": 37
}
[2018-04-21T17:06:35.981] [DEBUG] trans - TO:   0xebeb9f891c30818de6c876b62a659bd54e2fc22c
[2018-04-21T17:06:35.981] [DEBUG] trans - AMOUNT:   306000000000000000000
[2018-04-21T17:06:35.981] [DEBUG] trans - Receipt info:  {
	"blockHash": "0x207a2b00896c929f18601a0869ccc8bcb3a0315c15856684826458564591929f",
	"blockNumber": 5480865,
	"contractAddress": null,
	"cumulativeGasUsed": 7367706,
	"gasUsed": 51589,
	"logs": [
		{
			"address": "0x7e9e431a0B8c4D532C745B1043c7FA29a48D4fBa",
			"blockHash": "0x207a2b00896c929f18601a0869ccc8bcb3a0315c15856684826458564591929f",
			"blockNumber": 5480865,
			"data": "0x000000000000000000000000000000000000000000000010969a62be15880000",
			"logIndex": 121,
			"topics": [
				"0xddf252ad1be2c89b69c2b068fc378daa952ba7f163c4a11628f55a4df523b3ef",
				"0x000000000000000000000000468b858c964f297fd8fce058032bf4b4911a8ad8",
				"0x000000000000000000000000ebeb9f891c30818de6c876b62a659bd54e2fc22c"
			],
			"transactionHash": "0xdf2cb4545f139650e35aef75001a6c38547a7a4fec7bc45733097f718546c8b9",
			"transactionIndex": 151,
			"transactionLogIndex": "0x0",
			"type": "mined",
			"id": "log_ba613494"
		}
	],
	"logsBloom": "0x00000000000000000000000000020000800000000000000000000000000000000000000000000000000000000000000000000000000000000000000000000000000000000000010000000008002000000000000000000000000000000020000000000000000000000000000000000000000000000000000000000010000000000000000000000000000000000020000000000000000000000000000000000000000000000000000080000000000000000000000000000000000000010000000000001002000000000000000000000000000000000000000000000000000000000000000000000000000000000000000000000000000000000000000000000000",
	"root": null,
	"status": "0x1",
	"transactionHash": "0xdf2cb4545f139650e35aef75001a6c38547a7a4fec7bc45733097f718546c8b9",
	"transactionIndex": 151
}
[2018-04-21T17:06:42.988] [DEBUG] trans - TO:   0xedebda742f6ccb581fa3c49e1063257378ef3635
[2018-04-21T17:06:42.988] [DEBUG] trans - AMOUNT:   306000000000000000000
[2018-04-21T17:06:42.988] [DEBUG] trans - Receipt info:  {
	"blockHash": "0xa0fe0645c0d61b10d72f58c1c35592d08b5385ba16864dfa177e20dcab201489",
	"blockNumber": 5480866,
	"contractAddress": null,
	"cumulativeGasUsed": 353014,
	"gasUsed": 51589,
	"logs": [
		{
			"address": "0x7e9e431a0B8c4D532C745B1043c7FA29a48D4fBa",
			"blockHash": "0xa0fe0645c0d61b10d72f58c1c35592d08b5385ba16864dfa177e20dcab201489",
			"blockNumber": 5480866,
			"data": "0x000000000000000000000000000000000000000000000010969a62be15880000",
			"logIndex": 5,
			"topics": [
				"0xddf252ad1be2c89b69c2b068fc378daa952ba7f163c4a11628f55a4df523b3ef",
				"0x000000000000000000000000468b858c964f297fd8fce058032bf4b4911a8ad8",
				"0x000000000000000000000000edebda742f6ccb581fa3c49e1063257378ef3635"
			],
			"transactionHash": "0x07ef706ddea6d97cf1e0e0d796343a8bab19ead4bbedc0dde90dce33ac599357",
			"transactionIndex": 11,
			"transactionLogIndex": "0x0",
			"type": "mined",
			"id": "log_ed5fc4cf"
		}
	],
	"logsBloom": "0x00000000000000000000000000820000000000010000000000000000000000000000000000000000000000000000000000000000000000000000000000000000000000000000010000000008000000000000000000000000000000000020000000000000000000000000000000000000000000000000000000000010000000000000000000000000000000000000000000000000000000000000000000080000000000000000000080000000000000000000000000000000000000010000000000001002000000000000000000000000000000000000000000000000000000000000000000000000000000000000000000000000000000000000000000000000",
	"root": null,
	"status": "0x1",
	"transactionHash": "0x07ef706ddea6d97cf1e0e0d796343a8bab19ead4bbedc0dde90dce33ac599357",
	"transactionIndex": 11
}
[2018-04-21T17:06:42.989] [DEBUG] trans - TO:   0xefbae9bcaeab6558f42810f9c42db0194109a9f2
[2018-04-21T17:06:42.989] [DEBUG] trans - AMOUNT:   306000000000000000000
[2018-04-21T17:06:42.989] [DEBUG] trans - Receipt info:  {
	"blockHash": "0xa0fe0645c0d61b10d72f58c1c35592d08b5385ba16864dfa177e20dcab201489",
	"blockNumber": 5480866,
	"contractAddress": null,
	"cumulativeGasUsed": 7705740,
	"gasUsed": 51589,
	"logs": [
		{
			"address": "0x7e9e431a0B8c4D532C745B1043c7FA29a48D4fBa",
			"blockHash": "0xa0fe0645c0d61b10d72f58c1c35592d08b5385ba16864dfa177e20dcab201489",
			"blockNumber": 5480866,
			"data": "0x000000000000000000000000000000000000000000000010969a62be15880000",
			"logIndex": 61,
			"topics": [
				"0xddf252ad1be2c89b69c2b068fc378daa952ba7f163c4a11628f55a4df523b3ef",
				"0x000000000000000000000000468b858c964f297fd8fce058032bf4b4911a8ad8",
				"0x000000000000000000000000efbae9bcaeab6558f42810f9c42db0194109a9f2"
			],
			"transactionHash": "0x34ad41701c9fe07121852321c662dbe84c32adc1cae320736306ed3c71ec7b49",
			"transactionIndex": 39,
			"transactionLogIndex": "0x0",
			"type": "mined",
			"id": "log_d46e2e0f"
		}
	],
	"logsBloom": "0x00000000000000000000000000020000000000000000000000000000002000000000000000000000000000000000000000000000000000000000000000000000000000000000010000000008000000000000000000000000000000000020000000000000000000000000000000000000000000000000000000000010000000000000000000000000000000000000000000000000000000000000000000000000000000000000000080000000000000000000000000000000000000010000000400001002000000000000000000000000010000000000000000000000000000000000000000000000000000000000000000000000000000000000000000000000",
	"root": null,
	"status": "0x1",
	"transactionHash": "0x34ad41701c9fe07121852321c662dbe84c32adc1cae320736306ed3c71ec7b49",
	"transactionIndex": 39
}
[2018-04-21T17:06:48.997] [DEBUG] trans - TO:   0xd2ba94aa4ea91a791b8fb8bbb6f64041f0c84413
[2018-04-21T17:06:48.997] [DEBUG] trans - AMOUNT:   305995700000000000000
[2018-04-21T17:06:48.997] [DEBUG] trans - Receipt info:  {
	"blockHash": "0xb16a55f1f6df681d3b771c9a3a93ad92008bcaf282afcf929f2833fc35af78a8",
	"blockNumber": 5480867,
	"contractAddress": null,
	"cumulativeGasUsed": 419390,
	"gasUsed": 51653,
	"logs": [
		{
			"address": "0x7e9e431a0B8c4D532C745B1043c7FA29a48D4fBa",
			"blockHash": "0xb16a55f1f6df681d3b771c9a3a93ad92008bcaf282afcf929f2833fc35af78a8",
			"blockNumber": 5480867,
			"data": "0x000000000000000000000000000000000000000000000010968b1bea50ff4000",
			"logIndex": 3,
			"topics": [
				"0xddf252ad1be2c89b69c2b068fc378daa952ba7f163c4a11628f55a4df523b3ef",
				"0x000000000000000000000000468b858c964f297fd8fce058032bf4b4911a8ad8",
				"0x000000000000000000000000d2ba94aa4ea91a791b8fb8bbb6f64041f0c84413"
			],
			"transactionHash": "0x86d7e309c51dfe852d3d55d5931186221899f70b35fe5bae2869b5d478b2dcaf",
			"transactionIndex": 16,
			"transactionLogIndex": "0x0",
			"type": "mined",
			"id": "log_841a9de4"
		}
	],
	"logsBloom": "0x00000000000000000000000000020000000000000000000000000000000000000000000000000000000000000000000040000000000000000000000000000000000000000000010000000008000000000000000000000000000000000030000000000000000000000000000000000000000000000000000000000010000000000000000000000000000000000000000000000000000000000000000000000000000000000000000080000000000000000000000000000000000000010000000000001002000000000000000000000000000000000000000000000000000000000000000000000000000000000000000000020000000000000000000000000000",
	"root": null,
	"status": "0x1",
	"transactionHash": "0x86d7e309c51dfe852d3d55d5931186221899f70b35fe5bae2869b5d478b2dcaf",
	"transactionIndex": 16
}
[2018-04-21T17:06:48.997] [DEBUG] trans - TO:   0x3125faaa9cb82ab40330bbab2e587030b2950ee9
[2018-04-21T17:06:48.997] [DEBUG] trans - AMOUNT:   305990700000000000000
[2018-04-21T17:06:48.997] [DEBUG] trans - Receipt info:  {
	"blockHash": "0xb16a55f1f6df681d3b771c9a3a93ad92008bcaf282afcf929f2833fc35af78a8",
	"blockNumber": 5480867,
	"contractAddress": null,
	"cumulativeGasUsed": 4576254,
	"gasUsed": 51653,
	"logs": [
		{
			"address": "0x7e9e431a0B8c4D532C745B1043c7FA29a48D4fBa",
			"blockHash": "0xb16a55f1f6df681d3b771c9a3a93ad92008bcaf282afcf929f2833fc35af78a8",
			"blockNumber": 5480867,
			"data": "0x00000000000000000000000000000000000000000000001096795871191ec000",
			"logIndex": 24,
			"topics": [
				"0xddf252ad1be2c89b69c2b068fc378daa952ba7f163c4a11628f55a4df523b3ef",
				"0x000000000000000000000000468b858c964f297fd8fce058032bf4b4911a8ad8",
				"0x0000000000000000000000003125faaa9cb82ab40330bbab2e587030b2950ee9"
			],
			"transactionHash": "0xbecbb5947d6f58152e45fd36d04f359b0e9eb9c686204154a6560811c5121396",
			"transactionIndex": 59,
			"transactionLogIndex": "0x0",
			"type": "mined",
			"id": "log_298a162b"
		}
	],
	"logsBloom": "0x00000000000000000000000000020000000000000000000000000000000000000000000000000000000000000000000000000000000000000000000000000000000000000000010000000008000000000000000000000000000000000020000000000000000000000000000000000000000000000000000000000010000000000000000000000000000000000000000000000000000000200000000000000000000000000000000080000000000000000000000000000000000000010000000000001002000000000200000000000000000000000000000000000000000000000000000000000000000000000010000000000000000000000000000000000000",
	"root": null,
	"status": "0x1",
	"transactionHash": "0xbecbb5947d6f58152e45fd36d04f359b0e9eb9c686204154a6560811c5121396",
	"transactionIndex": 59
}
[2018-04-21T17:06:48.998] [DEBUG] trans - TO:   0x04a5f8cc8986c4f1acdf50b898910d30533ff50d
[2018-04-21T17:06:48.998] [DEBUG] trans - AMOUNT:   305986000000000000000
[2018-04-21T17:06:48.998] [DEBUG] trans - Receipt info:  {
	"blockHash": "0xb16a55f1f6df681d3b771c9a3a93ad92008bcaf282afcf929f2833fc35af78a8",
	"blockNumber": 5480867,
	"contractAddress": null,
	"cumulativeGasUsed": 5302053,
	"gasUsed": 51589,
	"logs": [
		{
			"address": "0x7e9e431a0B8c4D532C745B1043c7FA29a48D4fBa",
			"blockHash": "0xb16a55f1f6df681d3b771c9a3a93ad92008bcaf282afcf929f2833fc35af78a8",
			"blockNumber": 5480867,
			"data": "0x0000000000000000000000000000000000000000000000109668a5d112ad0000",
			"logIndex": 35,
			"topics": [
				"0xddf252ad1be2c89b69c2b068fc378daa952ba7f163c4a11628f55a4df523b3ef",
				"0x000000000000000000000000468b858c964f297fd8fce058032bf4b4911a8ad8",
				"0x00000000000000000000000004a5f8cc8986c4f1acdf50b898910d30533ff50d"
			],
			"transactionHash": "0xb6ae26b0454615e52cdd743d56da1a29d0ef9425f1d18e89e2ae1f38a4bc8c6b",
			"transactionIndex": 70,
			"transactionLogIndex": "0x0",
			"type": "mined",
			"id": "log_a0f5b31d"
		}
	],
	"logsBloom": "0x00000000000000000000000000020200000000000000000000000000000000000000000000000000000000000000000000000000000000000000000000000000000000000000010000000008000000000000000000000000000000000020000000000000000000000000000000000000000000000000000000000010000000000000000000000000000000000000000000000000000000000000000000200000000000000000000080000000000000000000000000000000000000010000000000001002000000000000000000000000000000000000000000000000000000000000000000000000000000000000000000000800000000000000000000000000",
	"root": null,
	"status": "0x1",
	"transactionHash": "0xb6ae26b0454615e52cdd743d56da1a29d0ef9425f1d18e89e2ae1f38a4bc8c6b",
	"transactionIndex": 70
}
[2018-04-21T17:06:48.998] [DEBUG] trans - TO:   0x701f7cfa30cca174bd6fa96c7f391bb30b7200e0
[2018-04-21T17:06:48.998] [DEBUG] trans - AMOUNT:   305979200000000000000
[2018-04-21T17:06:48.998] [DEBUG] trans - Receipt info:  {
	"blockHash": "0xb16a55f1f6df681d3b771c9a3a93ad92008bcaf282afcf929f2833fc35af78a8",
	"blockNumber": 5480867,
	"contractAddress": null,
	"cumulativeGasUsed": 6670163,
	"gasUsed": 51525,
	"logs": [
		{
			"address": "0x7e9e431a0B8c4D532C745B1043c7FA29a48D4fBa",
			"blockHash": "0xb16a55f1f6df681d3b771c9a3a93ad92008bcaf282afcf929f2833fc35af78a8",
			"blockNumber": 5480867,
			"data": "0x00000000000000000000000000000000000000000000001096507d40b2340000",
			"logIndex": 57,
			"topics": [
				"0xddf252ad1be2c89b69c2b068fc378daa952ba7f163c4a11628f55a4df523b3ef",
				"0x000000000000000000000000468b858c964f297fd8fce058032bf4b4911a8ad8",
				"0x000000000000000000000000701f7cfa30cca174bd6fa96c7f391bb30b7200e0"
			],
			"transactionHash": "0xb5513ad2bbe1266dfa08f236ac905602956117324b27b5e7cd8ce17c3744415d",
			"transactionIndex": 88,
			"transactionLogIndex": "0x0",
			"type": "mined",
			"id": "log_e30928ac"
		}
	],
	"logsBloom": "0x00000000000000000000000000020000000000000000000000000000000000000000000000000000000000000000000000000000000000000000000000000000000000000000010000010008000000000000000000000000000200000020000000000000000000000000000000000000000000000000000000000010000000000000000000000000000000000000000000000000000000000000000000000000000000000000000080000000000000000000000000000000000000010000000000001002000000000000000000100000000000000000000000000000000000000000000000000000000000000000000000000000000000000000000000000000",
	"root": null,
	"status": "0x1",
	"transactionHash": "0xb5513ad2bbe1266dfa08f236ac905602956117324b27b5e7cd8ce17c3744415d",
	"transactionIndex": 88
}
[2018-04-21T17:06:48.999] [DEBUG] trans - TO:   0xc2c816f561f695a4bdc202c059c492d8fc0a5a2e
[2018-04-21T17:06:48.999] [DEBUG] trans - AMOUNT:   305959000000000000000
[2018-04-21T17:06:48.999] [DEBUG] trans - Receipt info:  {
	"blockHash": "0xb16a55f1f6df681d3b771c9a3a93ad92008bcaf282afcf929f2833fc35af78a8",
	"blockNumber": 5480867,
	"contractAddress": null,
	"cumulativeGasUsed": 7261838,
	"gasUsed": 51653,
	"logs": [
		{
			"address": "0x7e9e431a0B8c4D532C745B1043c7FA29a48D4fBa",
			"blockHash": "0xb16a55f1f6df681d3b771c9a3a93ad92008bcaf282afcf929f2833fc35af78a8",
			"blockNumber": 5480867,
			"data": "0x0000000000000000000000000000000000000000000000109608b975b1bd8000",
			"logIndex": 66,
			"topics": [
				"0xddf252ad1be2c89b69c2b068fc378daa952ba7f163c4a11628f55a4df523b3ef",
				"0x000000000000000000000000468b858c964f297fd8fce058032bf4b4911a8ad8",
				"0x000000000000000000000000c2c816f561f695a4bdc202c059c492d8fc0a5a2e"
			],
			"transactionHash": "0x2c1da2f60fd2f23aace6b37b56a3c7416be8dc85b86e78616805325f405c9f2d",
			"transactionIndex": 96,
			"transactionLogIndex": "0x0",
			"type": "mined",
			"id": "log_a6a643fe"
		}
	],
	"logsBloom": "0x00000000000000000000000000020000000000000000000000000000000000000000000000000000000000000000000000000000000000000000000000000000000000000000010000000008000000000000000000000000000000000020000000000000000000000000000000000080000000000000000000000010000000000000000000000000000020000000000000000000000000000000000000000000000000000000000080000000000000000000000000000000000000010000000000001002000000000000000000000000000000000000000000000000000000000000000000000000000000000000000000000000000000000000000000000200",
	"root": null,
	"status": "0x1",
	"transactionHash": "0x2c1da2f60fd2f23aace6b37b56a3c7416be8dc85b86e78616805325f405c9f2d",
	"transactionIndex": 96
}
[2018-04-21T17:06:48.999] [DEBUG] trans - TO:   0xb21d39af8cb6e50779627c0a4242cf5c3c3f4dbd
[2018-04-21T17:06:48.999] [DEBUG] trans - AMOUNT:   305980100000000000000
[2018-04-21T17:06:48.999] [DEBUG] trans - Receipt info:  {
	"blockHash": "0xb16a55f1f6df681d3b771c9a3a93ad92008bcaf282afcf929f2833fc35af78a8",
	"blockNumber": 5480867,
	"contractAddress": null,
	"cumulativeGasUsed": 5986008,
	"gasUsed": 51653,
	"logs": [
		{
			"address": "0x7e9e431a0B8c4D532C745B1043c7FA29a48D4fBa",
			"blockHash": "0xb16a55f1f6df681d3b771c9a3a93ad92008bcaf282afcf929f2833fc35af78a8",
			"blockNumber": 5480867,
			"data": "0x0000000000000000000000000000000000000000000000109653afcc46804000",
			"logIndex": 46,
			"topics": [
				"0xddf252ad1be2c89b69c2b068fc378daa952ba7f163c4a11628f55a4df523b3ef",
				"0x000000000000000000000000468b858c964f297fd8fce058032bf4b4911a8ad8",
				"0x000000000000000000000000b21d39af8cb6e50779627c0a4242cf5c3c3f4dbd"
			],
			"transactionHash": "0xfe21d37352c787364d965f75cd4e3cca20d9a613286bf713d0a07edefc589c43",
			"transactionIndex": 79,
			"transactionLogIndex": "0x0",
			"type": "mined",
			"id": "log_4be275b1"
		}
	],
	"logsBloom": "0x00000000000000000000000000020000000000000000000000000000000000000000000000000000000000000000000000000000000000000000000000000000000000000000010000000008000000000000000000002000000000000020000000000000000000000000000000000000000000000000000000000010000000000000000000000000000000000000000000000000000000000000400000000000000000000000000080000000000000000000000000000000000000010000000000001002000000000000000000000000000000000000000000000000000000000000000000000000000000000000000000000000000000000000000000000000",
	"root": null,
	"status": "0x1",
	"transactionHash": "0xfe21d37352c787364d965f75cd4e3cca20d9a613286bf713d0a07edefc589c43",
	"transactionIndex": 79
}
[2018-04-21T17:06:49.002] [DEBUG] trans - TO:   0xd1e35a1a593b608c9e6046d568e234e698cbcd97
[2018-04-21T17:06:49.002] [DEBUG] trans - AMOUNT:   305938000000000000000
[2018-04-21T17:06:49.002] [DEBUG] trans - Receipt info:  {
	"blockHash": "0xb16a55f1f6df681d3b771c9a3a93ad92008bcaf282afcf929f2833fc35af78a8",
	"blockNumber": 5480867,
	"contractAddress": null,
	"cumulativeGasUsed": 7868385,
	"gasUsed": 51589,
	"logs": [
		{
			"address": "0x7e9e431a0B8c4D532C745B1043c7FA29a48D4fBa",
			"blockHash": "0xb16a55f1f6df681d3b771c9a3a93ad92008bcaf282afcf929f2833fc35af78a8",
			"blockNumber": 5480867,
			"data": "0x00000000000000000000000000000000000000000000001095be1e122d750000",
			"logIndex": 75,
			"topics": [
				"0xddf252ad1be2c89b69c2b068fc378daa952ba7f163c4a11628f55a4df523b3ef",
				"0x000000000000000000000000468b858c964f297fd8fce058032bf4b4911a8ad8",
				"0x000000000000000000000000d1e35a1a593b608c9e6046d568e234e698cbcd97"
			],
			"transactionHash": "0xdca4e263bc77d90809b8307b6b08b6cb3d296677191e4d00345f17cff1387c95",
			"transactionIndex": 104,
			"transactionLogIndex": "0x0",
			"type": "mined",
			"id": "log_53a2c838"
		}
	],
	"logsBloom": "0x00000000000000000000000000020000000000000000000000000000000000000000000000000000000000000000000000000000000000000000000000000000000000000000010000000008000000000000000000000000000000000020000000000000000000000000000000000000000000000000000000000050000000000000000000000000000000000000000000000000000000000000000000000000000000000000040080000000000000000000000000000000000000010000000000001002000000000000000000000000000000000000000000000000000000000000100000000000000000000000000000000000000000000000000000000000",
	"root": null,
	"status": "0x1",
	"transactionHash": "0xdca4e263bc77d90809b8307b6b08b6cb3d296677191e4d00345f17cff1387c95",
	"transactionIndex": 104
}
[2018-04-21T17:06:55.006] [DEBUG] trans - TO:   0xf9a4ee2c47df36d090fec4efe6ca2984d9851a63
[2018-04-21T17:06:55.006] [DEBUG] trans - AMOUNT:   305906800000000000000
[2018-04-21T17:06:55.006] [DEBUG] trans - Receipt info:  {
	"blockHash": "0x707716cf906bc5a4c3f01ec9dfc4d41268defc9e32804ecf62b249172317fc51",
	"blockNumber": 5480868,
	"contractAddress": null,
	"cumulativeGasUsed": 533671,
	"gasUsed": 51589,
	"logs": [
		{
			"address": "0x7e9e431a0B8c4D532C745B1043c7FA29a48D4fBa",
			"blockHash": "0x707716cf906bc5a4c3f01ec9dfc4d41268defc9e32804ecf62b249172317fc51",
			"blockNumber": 5480868,
			"data": "0x000000000000000000000000000000000000000000000010954f45d618770000",
			"logIndex": 8,
			"topics": [
				"0xddf252ad1be2c89b69c2b068fc378daa952ba7f163c4a11628f55a4df523b3ef",
				"0x000000000000000000000000468b858c964f297fd8fce058032bf4b4911a8ad8",
				"0x000000000000000000000000f9a4ee2c47df36d090fec4efe6ca2984d9851a63"
			],
			"transactionHash": "0x0f8b0c8faf272c8024f507d9aa3d3f6222273b0dd44d7df8cee967842b27bf19",
			"transactionIndex": 15,
			"transactionLogIndex": "0x0",
			"type": "mined",
			"id": "log_eccd7d94"
		}
	],
	"logsBloom": "0x00000000000040000000000000020000000000000000000000000000000000000000000000000000000000000000000000000000000000000000000000000400000000000000010000000008000000000000000000000000000000000020000000000000000000000000000000000000004000000000000000000010000000000000000000000000000000000000000000000000000000000000000000000000000000000000000080000000000000000000000000000000000000010000000000001002000000000000000000000000000000000000000000000000000000000000000000000000000000000000000000000000000000000000000000000000",
	"root": null,
	"status": "0x1",
	"transactionHash": "0x0f8b0c8faf272c8024f507d9aa3d3f6222273b0dd44d7df8cee967842b27bf19",
	"transactionIndex": 15
}
[2018-04-21T17:06:55.006] [DEBUG] trans - TO:   0xf84037b6726dd526df322387e9780157e0bb6add
[2018-04-21T17:06:55.006] [DEBUG] trans - AMOUNT:   305904900000000000000
[2018-04-21T17:06:55.006] [DEBUG] trans - Receipt info:  {
	"blockHash": "0x707716cf906bc5a4c3f01ec9dfc4d41268defc9e32804ecf62b249172317fc51",
	"blockNumber": 5480868,
	"contractAddress": null,
	"cumulativeGasUsed": 570324,
	"gasUsed": 36653,
	"logs": [
		{
			"address": "0x7e9e431a0B8c4D532C745B1043c7FA29a48D4fBa",
			"blockHash": "0x707716cf906bc5a4c3f01ec9dfc4d41268defc9e32804ecf62b249172317fc51",
			"blockNumber": 5480868,
			"data": "0x000000000000000000000000000000000000000000000010954885cbdf644000",
			"logIndex": 9,
			"topics": [
				"0xddf252ad1be2c89b69c2b068fc378daa952ba7f163c4a11628f55a4df523b3ef",
				"0x000000000000000000000000468b858c964f297fd8fce058032bf4b4911a8ad8",
				"0x000000000000000000000000f84037b6726dd526df322387e9780157e0bb6add"
			],
			"transactionHash": "0x89e69933a14038f30576cf75518d0654b9fd6a2843b073df1c9cf851342ff41d",
			"transactionIndex": 16,
			"transactionLogIndex": "0x0",
			"type": "mined",
			"id": "log_624df544"
		}
	],
	"logsBloom": "0x00000000000000000000000000020000000000000000000000000000000000000000000000000000000000000000000000000000000000000000000000000000000000000000010000000008000000000000000000000000000000000020000000000000000000000000000000000000000000000000008000000010000000000000000000000000000000000000000000000000000000000000000000000000000000000000000080000000000000000000000000000000000000010000000000081002000000000000000000000000000000000000000000020000000000000000000000000000000000000000000000000000000000000000000000000000",
	"root": null,
	"status": "0x1",
	"transactionHash": "0x89e69933a14038f30576cf75518d0654b9fd6a2843b073df1c9cf851342ff41d",
	"transactionIndex": 16
}
[2018-04-21T17:06:55.007] [DEBUG] trans - TO:   0x0bc40a77d26d8fc4e8bf5f766a684022365faa37
[2018-04-21T17:06:55.007] [DEBUG] trans - AMOUNT:   305923300000000000000
[2018-04-21T17:06:55.007] [DEBUG] trans - Receipt info:  {
	"blockHash": "0x707716cf906bc5a4c3f01ec9dfc4d41268defc9e32804ecf62b249172317fc51",
	"blockNumber": 5480868,
	"contractAddress": null,
	"cumulativeGasUsed": 430493,
	"gasUsed": 51653,
	"logs": [
		{
			"address": "0x7e9e431a0B8c4D532C745B1043c7FA29a48D4fBa",
			"blockHash": "0x707716cf906bc5a4c3f01ec9dfc4d41268defc9e32804ecf62b249172317fc51",
			"blockNumber": 5480868,
			"data": "0x0000000000000000000000000000000000000000000000109589e47fb7424000",
			"logIndex": 6,
			"topics": [
				"0xddf252ad1be2c89b69c2b068fc378daa952ba7f163c4a11628f55a4df523b3ef",
				"0x000000000000000000000000468b858c964f297fd8fce058032bf4b4911a8ad8",
				"0x0000000000000000000000000bc40a77d26d8fc4e8bf5f766a684022365faa37"
			],
			"transactionHash": "0x72b569cc8f58dfef6457618c8c6da46ebf627caeda0fb758837f5c55129be9ea",
			"transactionIndex": 13,
			"transactionLogIndex": "0x0",
			"type": "mined",
			"id": "log_f7c9628a"
		}
	],
	"logsBloom": "0x00000000000000000000000000020000000000000000000000000000000000000000000000000000000000000000000000000000000000000000000000000000000000000200010000000008000000000000000000000000000000000020000000000000000000000000000000000000000000000000000000000010000000000000000000000000000000000000000000000000000000000000000000000000000000000000000080000000000000000000000000000000000000010000040000001002000000000000000000000000000000000000000000000000000000000000000000000000000000000000000000000000000000000000000100000000",
	"root": null,
	"status": "0x1",
	"transactionHash": "0x72b569cc8f58dfef6457618c8c6da46ebf627caeda0fb758837f5c55129be9ea",
	"transactionIndex": 13
}
[2018-04-21T17:06:55.007] [DEBUG] trans - TO:   0xac80a7f6c45900918acf24c692921def6a441e21
[2018-04-21T17:06:55.007] [DEBUG] trans - AMOUNT:   305914300000000000000
[2018-04-21T17:06:55.007] [DEBUG] trans - Receipt info:  {
	"blockHash": "0x707716cf906bc5a4c3f01ec9dfc4d41268defc9e32804ecf62b249172317fc51",
	"blockNumber": 5480868,
	"contractAddress": null,
	"cumulativeGasUsed": 482082,
	"gasUsed": 51589,
	"logs": [
		{
			"address": "0x7e9e431a0B8c4D532C745B1043c7FA29a48D4fBa",
			"blockHash": "0x707716cf906bc5a4c3f01ec9dfc4d41268defc9e32804ecf62b249172317fc51",
			"blockNumber": 5480868,
			"data": "0x0000000000000000000000000000000000000000000000109569eb0bec47c000",
			"logIndex": 7,
			"topics": [
				"0xddf252ad1be2c89b69c2b068fc378daa952ba7f163c4a11628f55a4df523b3ef",
				"0x000000000000000000000000468b858c964f297fd8fce058032bf4b4911a8ad8",
				"0x000000000000000000000000ac80a7f6c45900918acf24c692921def6a441e21"
			],
			"transactionHash": "0x6cf7310f487958a3c1bd3f1943656044f334a2b4e5ae161a070684fad34dc8fd",
			"transactionIndex": 14,
			"transactionLogIndex": "0x0",
			"type": "mined",
			"id": "log_cd065710"
		}
	],
	"logsBloom": "0x00000000000000000000000000020000000000000000000000000000000000000000000000001000000000000000000000000000000000000000000000000000000000000000010000000008000000200000000000000000000000000020000000000000000000000000000000000000000000000000000000000010000000000000000000000000000000000000000000000000000000000000000000000000000000000000000080000000000000000000000000000000000000010000000000001002000000000000000000000000000000000000000000000000008000000000000000000000000000000000000000000000000000000000000000000000",
	"root": null,
	"status": "0x1",
	"transactionHash": "0x6cf7310f487958a3c1bd3f1943656044f334a2b4e5ae161a070684fad34dc8fd",
	"transactionIndex": 14
}
[2018-04-21T17:06:55.007] [DEBUG] trans - TO:   0xbc3bb9b5d15f830743804ea6b797b5808c74e1db
[2018-04-21T17:06:55.007] [DEBUG] trans - AMOUNT:   305900000000000000000
[2018-04-21T17:06:55.007] [DEBUG] trans - Receipt info:  {
	"blockHash": "0x707716cf906bc5a4c3f01ec9dfc4d41268defc9e32804ecf62b249172317fc51",
	"blockNumber": 5480868,
	"contractAddress": null,
	"cumulativeGasUsed": 673502,
	"gasUsed": 51589,
	"logs": [
		{
			"address": "0x7e9e431a0B8c4D532C745B1043c7FA29a48D4fBa",
			"blockHash": "0x707716cf906bc5a4c3f01ec9dfc4d41268defc9e32804ecf62b249172317fc51",
			"blockNumber": 5480868,
			"data": "0x00000000000000000000000000000000000000000000001095371d45b7fe0000",
			"logIndex": 11,
			"topics": [
				"0xddf252ad1be2c89b69c2b068fc378daa952ba7f163c4a11628f55a4df523b3ef",
				"0x000000000000000000000000468b858c964f297fd8fce058032bf4b4911a8ad8",
				"0x000000000000000000000000bc3bb9b5d15f830743804ea6b797b5808c74e1db"
			],
			"transactionHash": "0x17b09e10b883114b80625fac1ca14317fb028e8254e2768760ffdc99184d2d4f",
			"transactionIndex": 18,
			"transactionLogIndex": "0x0",
			"type": "mined",
			"id": "log_164dcc38"
		}
	],
	"logsBloom": "0x00000000000000000000010004020000000000000000000000000000000000000000000000000000000000000000000000000000000000000000000000000000000000000000010000000008000000000000000000000000000000000020000000000000000000000000000000000000000000000000000000000010000000000000000000000000000000000000000000000000000000000000000000000000000000000000000080000000000000000000000000000000000000010000000000001002000000000000000000000000000000000000000000000000000000000000000000000000000000000000000000000000000000000000200000000000",
	"root": null,
	"status": "0x1",
	"transactionHash": "0x17b09e10b883114b80625fac1ca14317fb028e8254e2768760ffdc99184d2d4f",
	"transactionIndex": 18
}
[2018-04-21T17:06:55.008] [DEBUG] trans - TO:   0x343085e593566279a4bd103b458597c04420342f
[2018-04-21T17:06:55.008] [DEBUG] trans - AMOUNT:   305900000000000000000
[2018-04-21T17:06:55.008] [DEBUG] trans - Receipt info:  {
	"blockHash": "0x707716cf906bc5a4c3f01ec9dfc4d41268defc9e32804ecf62b249172317fc51",
	"blockNumber": 5480868,
	"contractAddress": null,
	"cumulativeGasUsed": 621913,
	"gasUsed": 51589,
	"logs": [
		{
			"address": "0x7e9e431a0B8c4D532C745B1043c7FA29a48D4fBa",
			"blockHash": "0x707716cf906bc5a4c3f01ec9dfc4d41268defc9e32804ecf62b249172317fc51",
			"blockNumber": 5480868,
			"data": "0x00000000000000000000000000000000000000000000001095371d45b7fe0000",
			"logIndex": 10,
			"topics": [
				"0xddf252ad1be2c89b69c2b068fc378daa952ba7f163c4a11628f55a4df523b3ef",
				"0x000000000000000000000000468b858c964f297fd8fce058032bf4b4911a8ad8",
				"0x000000000000000000000000343085e593566279a4bd103b458597c04420342f"
			],
			"transactionHash": "0xd458c87b192ec392e72599957bdbe4a75fec25020c18a951fdabe022ec0e2a88",
			"transactionIndex": 17,
			"transactionLogIndex": "0x0",
			"type": "mined",
			"id": "log_f2815e2c"
		}
	],
	"logsBloom": "0x00000000000000000000000010020000000000000000000000000000000000000000000000000000000000000000000000000000000000000000000000000000000000000000010000000008000000000000000000000000000000000020000000000000000000000000000000000000000000000000000000000010000000000002000000000000000000000800000000000000000000000000000000000000000000000000000080000000000000000000000000000000000000010000000000001002000000000000000000000000000000000000000000000000000000000000000000000000000000000000000000000000000000000000000000000000",
	"root": null,
	"status": "0x1",
	"transactionHash": "0xd458c87b192ec392e72599957bdbe4a75fec25020c18a951fdabe022ec0e2a88",
	"transactionIndex": 17
}
[2018-04-21T17:06:55.009] [DEBUG] trans - TO:   0x6edd504cb19be8b1219b297aab62909c26019a7a
[2018-04-21T17:06:55.009] [DEBUG] trans - AMOUNT:   305893000000000000000
[2018-04-21T17:06:55.009] [DEBUG] trans - Receipt info:  {
	"blockHash": "0x707716cf906bc5a4c3f01ec9dfc4d41268defc9e32804ecf62b249172317fc51",
	"blockNumber": 5480868,
	"contractAddress": null,
	"cumulativeGasUsed": 725155,
	"gasUsed": 51653,
	"logs": [
		{
			"address": "0x7e9e431a0B8c4D532C745B1043c7FA29a48D4fBa",
			"blockHash": "0x707716cf906bc5a4c3f01ec9dfc4d41268defc9e32804ecf62b249172317fc51",
			"blockNumber": 5480868,
			"data": "0x000000000000000000000000000000000000000000000010951e3ecf36908000",
			"logIndex": 12,
			"topics": [
				"0xddf252ad1be2c89b69c2b068fc378daa952ba7f163c4a11628f55a4df523b3ef",
				"0x000000000000000000000000468b858c964f297fd8fce058032bf4b4911a8ad8",
				"0x0000000000000000000000006edd504cb19be8b1219b297aab62909c26019a7a"
			],
			"transactionHash": "0xa1a3dfde811ca1579894edcdc1034f2aa244c973323be7c8e104919e59665bcf",
			"transactionIndex": 19,
			"transactionLogIndex": "0x0",
			"type": "mined",
			"id": "log_9a0dea28"
		}
	],
	"logsBloom": "0x00000000000000000000000000020000000000000000000000000000010000000000000000000000000000000100000000000000000000000000000000000000000000000000010000000008000000000400000000000000000000000020000000000000000000000000000000000000000000000000000000000010000000000000000000000000000000000000000000000000000000000000000000000000000000000000000080000000000000000000000000000000000000010000000000001002000000000000000000000000000000000000000000000000000000000000000000000000000000000000000000000000000000000000000000000000",
	"root": null,
	"status": "0x1",
	"transactionHash": "0xa1a3dfde811ca1579894edcdc1034f2aa244c973323be7c8e104919e59665bcf",
	"transactionIndex": 19
}
[2018-04-21T17:06:55.010] [DEBUG] trans - TO:   0xf301d2044aa16f6841192c630f7fe997a2962e28
[2018-04-21T17:06:55.010] [DEBUG] trans - AMOUNT:   305880000000000000000
[2018-04-21T17:06:55.010] [DEBUG] trans - Receipt info:  {
	"blockHash": "0x707716cf906bc5a4c3f01ec9dfc4d41268defc9e32804ecf62b249172317fc51",
	"blockNumber": 5480868,
	"contractAddress": null,
	"cumulativeGasUsed": 776744,
	"gasUsed": 51589,
	"logs": [
		{
			"address": "0x7e9e431a0B8c4D532C745B1043c7FA29a48D4fBa",
			"blockHash": "0x707716cf906bc5a4c3f01ec9dfc4d41268defc9e32804ecf62b249172317fc51",
			"blockNumber": 5480868,
			"data": "0x00000000000000000000000000000000000000000000001094f00f60d87c0000",
			"logIndex": 13,
			"topics": [
				"0xddf252ad1be2c89b69c2b068fc378daa952ba7f163c4a11628f55a4df523b3ef",
				"0x000000000000000000000000468b858c964f297fd8fce058032bf4b4911a8ad8",
				"0x000000000000000000000000f301d2044aa16f6841192c630f7fe997a2962e28"
			],
			"transactionHash": "0x74fff574cd5fca80488a4bf21ba14af143a9dee05e9727035737c8f3683b91b8",
			"transactionIndex": 20,
			"transactionLogIndex": "0x0",
			"type": "mined",
			"id": "log_40857931"
		}
	],
	"logsBloom": "0x00000000000000000800000000020000000000000000000000000000000000000000000000000000000000000000000000000000000000000000000000000000000000000000010000000008000000000000000000000000000000000020000000000000000000000000000000000000000000000010000000000010000000000000000000000000000000000000000000000000000000000000000000000000000000000000000080000100000000000000000000000000000000010000000000001002000000000000000000000000000000000000000000000000000000000000000000000000000000000000000000000000000000000000000000000000",
	"root": null,
	"status": "0x1",
	"transactionHash": "0x74fff574cd5fca80488a4bf21ba14af143a9dee05e9727035737c8f3683b91b8",
	"transactionIndex": 20
}
[2018-04-21T17:06:55.010] [DEBUG] trans - TO:   0x84fe18779ce307864dfa027cc046a1515c2140f0
[2018-04-21T17:06:55.010] [DEBUG] trans - AMOUNT:   305863300000000000000
[2018-04-21T17:06:55.010] [DEBUG] trans - Receipt info:  {
	"blockHash": "0x707716cf906bc5a4c3f01ec9dfc4d41268defc9e32804ecf62b249172317fc51",
	"blockNumber": 5480868,
	"contractAddress": null,
	"cumulativeGasUsed": 828397,
	"gasUsed": 51653,
	"logs": [
		{
			"address": "0x7e9e431a0B8c4D532C745B1043c7FA29a48D4fBa",
			"blockHash": "0x707716cf906bc5a4c3f01ec9dfc4d41268defc9e32804ecf62b249172317fc51",
			"blockNumber": 5480868,
			"data": "0x00000000000000000000000000000000000000000000001094b4bad118bc4000",
			"logIndex": 14,
			"topics": [
				"0xddf252ad1be2c89b69c2b068fc378daa952ba7f163c4a11628f55a4df523b3ef",
				"0x000000000000000000000000468b858c964f297fd8fce058032bf4b4911a8ad8",
				"0x00000000000000000000000084fe18779ce307864dfa027cc046a1515c2140f0"
			],
			"transactionHash": "0x7f77102eb21bf31974a4c933d734d3466e33a75676192e2e308cb24f15312d53",
			"transactionIndex": 21,
			"transactionLogIndex": "0x0",
			"type": "mined",
			"id": "log_b36d7b29"
		}
	],
	"logsBloom": "0x00000000000000000000000200020000000000000000000000000000000000000002000000000000000000000000000000000000000000000800000000000000000000000000010000000008000000000000000000000000000000000020000000000000000000000000000000000000000000000000000000000010000000000000000000000000000000000000000000000000000000000000000000000000000000000000000080000000000000000000000000000000000000010000000000001002000000000000000000000000000000000000000000000000000000000000000000000000000000000000000000000000000000000000000000000000",
	"root": null,
	"status": "0x1",
	"transactionHash": "0x7f77102eb21bf31974a4c933d734d3466e33a75676192e2e308cb24f15312d53",
	"transactionIndex": 21
}
[2018-04-21T17:06:55.010] [DEBUG] trans - TO:   0x948d5904d6aceca8134ab3f82b1bc0347d9ef764
[2018-04-21T17:06:55.011] [DEBUG] trans - AMOUNT:   305853900000000000000
[2018-04-21T17:06:55.011] [DEBUG] trans - Receipt info:  {
	"blockHash": "0x707716cf906bc5a4c3f01ec9dfc4d41268defc9e32804ecf62b249172317fc51",
	"blockNumber": 5480868,
	"contractAddress": null,
	"cumulativeGasUsed": 880050,
	"gasUsed": 51653,
	"logs": [
		{
			"address": "0x7e9e431a0B8c4D532C745B1043c7FA29a48D4fBa",
			"blockHash": "0x707716cf906bc5a4c3f01ec9dfc4d41268defc9e32804ecf62b249172317fc51",
			"blockNumber": 5480868,
			"data": "0x000000000000000000000000000000000000000000000010949355910bd8c000",
			"logIndex": 15,
			"topics": [
				"0xddf252ad1be2c89b69c2b068fc378daa952ba7f163c4a11628f55a4df523b3ef",
				"0x000000000000000000000000468b858c964f297fd8fce058032bf4b4911a8ad8",
				"0x000000000000000000000000948d5904d6aceca8134ab3f82b1bc0347d9ef764"
			],
			"transactionHash": "0x8daee04a255cfc9628b8deea05063b3a63623b4359d9ccfaafa649ab37c0b79b",
			"transactionIndex": 22,
			"transactionLogIndex": "0x0",
			"type": "mined",
			"id": "log_ccae75e3"
		}
	],
	"logsBloom": "0x00000000000000000000000000020000000000000000000000000000000000000000000000000000000000000000000000000000000020000000000000000000000000000000010000000008000000000000000000000000000000000020000000000000000000000000000000000000000000000000000000000010000000000000000000000000000000000000000000000000000000000000000000000000000000000000000080000000000000000000000000000000000000010000000000001002004000000000000000000000000000000080000000000000000000000000000000000000000000000000000000000000000000000000000000000000",
	"root": null,
	"status": "0x1",
	"transactionHash": "0x8daee04a255cfc9628b8deea05063b3a63623b4359d9ccfaafa649ab37c0b79b",
	"transactionIndex": 22
}
[2018-04-21T17:06:55.011] [DEBUG] trans - TO:   0xafc938a4bffdd7dae0edb3abbdd5bbc9b5ecd902
[2018-04-21T17:06:55.011] [DEBUG] trans - AMOUNT:   305844100000000000000
[2018-04-21T17:06:55.011] [DEBUG] trans - Receipt info:  {
	"blockHash": "0x707716cf906bc5a4c3f01ec9dfc4d41268defc9e32804ecf62b249172317fc51",
	"blockNumber": 5480868,
	"contractAddress": null,
	"cumulativeGasUsed": 931703,
	"gasUsed": 51653,
	"logs": [
		{
			"address": "0x7e9e431a0B8c4D532C745B1043c7FA29a48D4fBa",
			"blockHash": "0x707716cf906bc5a4c3f01ec9dfc4d41268defc9e32804ecf62b249172317fc51",
			"blockNumber": 5480868,
			"data": "0x00000000000000000000000000000000000000000000001094708484bd0c4000",
			"logIndex": 16,
			"topics": [
				"0xddf252ad1be2c89b69c2b068fc378daa952ba7f163c4a11628f55a4df523b3ef",
				"0x000000000000000000000000468b858c964f297fd8fce058032bf4b4911a8ad8",
				"0x000000000000000000000000afc938a4bffdd7dae0edb3abbdd5bbc9b5ecd902"
			],
			"transactionHash": "0x872716d658f2ebcce9fcbe935597f5178704683685ec316cadd58d5790c47134",
			"transactionIndex": 23,
			"transactionLogIndex": "0x0",
			"type": "mined",
			"id": "log_0cbc7ca9"
		}
	],
	"logsBloom": "0x00000000000000000000000000020000000800000000000000000000000000000000000000000000000000000000000000000000000000000000000000000000000000000000010000000008000000000000000000000000000000000020000000000000000000001000000000000000000000000000000000000010000000000000000000000000000000000000000000000000000000000000000000000000000000000000000080000000000000000000000000000000000000010000000000001002000000000000000000000000000000000000000000000000000000000000000200000000000000000000000000000000000000000000000000000000",
	"root": null,
	"status": "0x1",
	"transactionHash": "0x872716d658f2ebcce9fcbe935597f5178704683685ec316cadd58d5790c47134",
	"transactionIndex": 23
}
[2018-04-21T17:06:55.011] [DEBUG] trans - TO:   0xb5532673d2321efd1cfd788ba0085a729b142442
[2018-04-21T17:06:55.011] [DEBUG] trans - AMOUNT:   305833700000000000000
[2018-04-21T17:06:55.011] [DEBUG] trans - Receipt info:  {
	"blockHash": "0x707716cf906bc5a4c3f01ec9dfc4d41268defc9e32804ecf62b249172317fc51",
	"blockNumber": 5480868,
	"contractAddress": null,
	"cumulativeGasUsed": 1035009,
	"gasUsed": 51653,
	"logs": [
		{
			"address": "0x7e9e431a0B8c4D532C745B1043c7FA29a48D4fBa",
			"blockHash": "0x707716cf906bc5a4c3f01ec9dfc4d41268defc9e32804ecf62b249172317fc51",
			"blockNumber": 5480868,
			"data": "0x000000000000000000000000000000000000000000000010944b91c60b624000",
			"logIndex": 18,
			"topics": [
				"0xddf252ad1be2c89b69c2b068fc378daa952ba7f163c4a11628f55a4df523b3ef",
				"0x000000000000000000000000468b858c964f297fd8fce058032bf4b4911a8ad8",
				"0x000000000000000000000000b5532673d2321efd1cfd788ba0085a729b142442"
			],
			"transactionHash": "0x4947b3506efae363e63fb15f0e241ed28e1a4e2c9cb3ab6fd20648bdaa5bae5b",
			"transactionIndex": 25,
			"transactionLogIndex": "0x0",
			"type": "mined",
			"id": "log_ef67dab2"
		}
	],
	"logsBloom": "0x00000000000000000000000000020000000000000000000000000000000000000000000000000000000000000000000000000000000000000000000000000000000000000000010000000008000000000000000000000000000000000020000000000000000000000000000000000000000000000000000400000010000000000000000000000000000000000000000000004000000000000000000000000000000000000000000080000000000000000000000000000000000000010000000000001002000000000000200000000000000000000000000000000000000000000000000000000000000000000000000000000000000000000000000000000000",
	"root": null,
	"status": "0x1",
	"transactionHash": "0x4947b3506efae363e63fb15f0e241ed28e1a4e2c9cb3ab6fd20648bdaa5bae5b",
	"transactionIndex": 25
}
[2018-04-21T17:06:55.012] [DEBUG] trans - TO:   0x3388385b21125848b81c498603d5fa935822d239
[2018-04-21T17:06:55.012] [DEBUG] trans - AMOUNT:   305837000000000000000
[2018-04-21T17:06:55.012] [DEBUG] trans - Receipt info:  {
	"blockHash": "0x707716cf906bc5a4c3f01ec9dfc4d41268defc9e32804ecf62b249172317fc51",
	"blockNumber": 5480868,
	"contractAddress": null,
	"cumulativeGasUsed": 983356,
	"gasUsed": 51653,
	"logs": [
		{
			"address": "0x7e9e431a0B8c4D532C745B1043c7FA29a48D4fBa",
			"blockHash": "0x707716cf906bc5a4c3f01ec9dfc4d41268defc9e32804ecf62b249172317fc51",
			"blockNumber": 5480868,
			"data": "0x00000000000000000000000000000000000000000000001094574b1b2b248000",
			"logIndex": 17,
			"topics": [
				"0xddf252ad1be2c89b69c2b068fc378daa952ba7f163c4a11628f55a4df523b3ef",
				"0x000000000000000000000000468b858c964f297fd8fce058032bf4b4911a8ad8",
				"0x0000000000000000000000003388385b21125848b81c498603d5fa935822d239"
			],
			"transactionHash": "0x93e25738cbaad992bac135c55cca6c911e262a97af00f9e40e9415e997811b9f",
			"transactionIndex": 24,
			"transactionLogIndex": "0x0",
			"type": "mined",
			"id": "log_8bf3365f"
		}
	],
	"logsBloom": "0x00000000000000000000000000020000000000000000000000000000000000000000000000000000000000000000000000000000000000000000000000000000000000000000010000000008000000008000000000000000000000000020000000000000000000000000000000000000000000080000000000000010000000000000000000000000000000000000000000000004000000000000000000000000000000000000000080000000000000000000000000000000000000010000000000001002000000000000000000000000000000000000000000000000000000000000000000000000000000000000000000000000000000000000000000000000",
	"root": null,
	"status": "0x1",
	"transactionHash": "0x93e25738cbaad992bac135c55cca6c911e262a97af00f9e40e9415e997811b9f",
	"transactionIndex": 24
}
[2018-04-21T17:06:55.012] [DEBUG] trans - TO:   0x3a3d8a2a4bea75f03d0b45c08e2e6dada1a51bca
[2018-04-21T17:06:55.012] [DEBUG] trans - AMOUNT:   305761200000000000000
[2018-04-21T17:06:55.012] [DEBUG] trans - Receipt info:  {
	"blockHash": "0x707716cf906bc5a4c3f01ec9dfc4d41268defc9e32804ecf62b249172317fc51",
	"blockNumber": 5480868,
	"contractAddress": null,
	"cumulativeGasUsed": 1293210,
	"gasUsed": 51589,
	"logs": [
		{
			"address": "0x7e9e431a0B8c4D532C745B1043c7FA29a48D4fBa",
			"blockHash": "0x707716cf906bc5a4c3f01ec9dfc4d41268defc9e32804ecf62b249172317fc51",
			"blockNumber": 5480868,
			"data": "0x0000000000000000000000000000000000000000000000109349ff68612b0000",
			"logIndex": 23,
			"topics": [
				"0xddf252ad1be2c89b69c2b068fc378daa952ba7f163c4a11628f55a4df523b3ef",
				"0x000000000000000000000000468b858c964f297fd8fce058032bf4b4911a8ad8",
				"0x0000000000000000000000003a3d8a2a4bea75f03d0b45c08e2e6dada1a51bca"
			],
			"transactionHash": "0x06e569d3b5bb810809c9b542ce46933ce8fe37d9622ed88e988236755a7691c9",
			"transactionIndex": 30,
			"transactionLogIndex": "0x0",
			"type": "mined",
			"id": "log_87f583dd"
		}
	],
	"logsBloom": "0x00000000000000000000000000020000000000000000000000000000000000000000000008000400000000000000000000000000000000000000000000000000000000000000010000000008000000000000000000000000000000000020000000000000000000000000000000000000000000000000000000000010000000000000000000000000000000000000000000000000000000000000000000000000000000000000000080000000000000000000000000000000000000010000000000001002000000000000000000000000000000000000000000000000000000000000000000000000000000000000000000000000000000000000000002000000",
	"root": null,
	"status": "0x1",
	"transactionHash": "0x06e569d3b5bb810809c9b542ce46933ce8fe37d9622ed88e988236755a7691c9",
	"transactionIndex": 30
}
[2018-04-21T17:06:55.012] [DEBUG] trans - TO:   0x46e4861ebca0de5fb72deaa2f9c64b352d56a4f3
[2018-04-21T17:06:55.012] [DEBUG] trans - AMOUNT:   305748100000000000000
[2018-04-21T17:06:55.012] [DEBUG] trans - Receipt info:  {
	"blockHash": "0x707716cf906bc5a4c3f01ec9dfc4d41268defc9e32804ecf62b249172317fc51",
	"blockNumber": 5480868,
	"contractAddress": null,
	"cumulativeGasUsed": 1344863,
	"gasUsed": 51653,
	"logs": [
		{
			"address": "0x7e9e431a0B8c4D532C745B1043c7FA29a48D4fBa",
			"blockHash": "0x707716cf906bc5a4c3f01ec9dfc4d41268defc9e32804ecf62b249172317fc51",
			"blockNumber": 5480868,
			"data": "0x000000000000000000000000000000000000000000000010931b7506f29c4000",
			"logIndex": 24,
			"topics": [
				"0xddf252ad1be2c89b69c2b068fc378daa952ba7f163c4a11628f55a4df523b3ef",
				"0x000000000000000000000000468b858c964f297fd8fce058032bf4b4911a8ad8",
				"0x00000000000000000000000046e4861ebca0de5fb72deaa2f9c64b352d56a4f3"
			],
			"transactionHash": "0x3c6f6cfea57a02c6f1cfd34cae1ee4ea9fc559da094fa275d21696962955e2cd",
			"transactionIndex": 31,
			"transactionLogIndex": "0x0",
			"type": "mined",
			"id": "log_4057895b"
		}
	],
	"logsBloom": "0x00000000000000000000000000020000000000000000000000000000000000000000000000000000000000000000000000000000000000000000000000000000000000000000010000000008000000000000000000000000000000000020000000000020000000000000080000000000000000000000000000000010000000000000000000000000000000000000000000000000000000000000200000000000000000000000000080000000000000000000000000000000000000010000000000001002000000000000000000000000000000000000000000000000000000000000000000000000000000000000000000000000000000000000000000000000",
	"root": null,
	"status": "0x1",
	"transactionHash": "0x3c6f6cfea57a02c6f1cfd34cae1ee4ea9fc559da094fa275d21696962955e2cd",
	"transactionIndex": 31
}
[2018-04-21T17:06:55.013] [DEBUG] trans - TO:   0xd54e5f244c38fb69e3450d496b671a3cdcf56f5f
[2018-04-21T17:06:55.013] [DEBUG] trans - AMOUNT:   305794500000000000000
[2018-04-21T17:06:55.013] [DEBUG] trans - Receipt info:  {
	"blockHash": "0x707716cf906bc5a4c3f01ec9dfc4d41268defc9e32804ecf62b249172317fc51",
	"blockNumber": 5480868,
	"contractAddress": null,
	"cumulativeGasUsed": 1138315,
	"gasUsed": 51653,
	"logs": [
		{
			"address": "0x7e9e431a0B8c4D532C745B1043c7FA29a48D4fBa",
			"blockHash": "0x707716cf906bc5a4c3f01ec9dfc4d41268defc9e32804ecf62b249172317fc51",
			"blockNumber": 5480868,
			"data": "0x00000000000000000000000000000000000000000000001093c04d94d0304000",
			"logIndex": 20,
			"topics": [
				"0xddf252ad1be2c89b69c2b068fc378daa952ba7f163c4a11628f55a4df523b3ef",
				"0x000000000000000000000000468b858c964f297fd8fce058032bf4b4911a8ad8",
				"0x000000000000000000000000d54e5f244c38fb69e3450d496b671a3cdcf56f5f"
			],
			"transactionHash": "0xfce80917e84b0f902008eb611394d41e8f14c5df19c4ecc7f4b6baa684bc78d5",
			"transactionIndex": 27,
			"transactionLogIndex": "0x0",
			"type": "mined",
			"id": "log_29f731af"
		}
	],
	"logsBloom": "0x00000000000000000000000000020000000000000000000000000000000000000000000000000000000000000001000000000000000000000000000000000000000000000000010000000008000000000000000000000000000000000020000000000000000000000000000000000000000000000000000000000010000000000000000000000000000000000000000000000000000000000000000000000000000000000800000080000000000000000000000000000000000000010000000000001002000000000000000000000000000000000000000000000000000000000000000000000000000000000000000000000000000000000200000000000000",
	"root": null,
	"status": "0x1",
	"transactionHash": "0xfce80917e84b0f902008eb611394d41e8f14c5df19c4ecc7f4b6baa684bc78d5",
	"transactionIndex": 27
}
[2018-04-21T17:06:55.013] [DEBUG] trans - TO:   0x1d0fce081d73fac22f7f72d279b47ac9bc1e12ac
[2018-04-21T17:06:55.013] [DEBUG] trans - AMOUNT:   305776700000000000000
[2018-04-21T17:06:55.013] [DEBUG] trans - Receipt info:  {
	"blockHash": "0x707716cf906bc5a4c3f01ec9dfc4d41268defc9e32804ecf62b249172317fc51",
	"blockNumber": 5480868,
	"contractAddress": null,
	"cumulativeGasUsed": 1189968,
	"gasUsed": 51653,
	"logs": [
		{
			"address": "0x7e9e431a0B8c4D532C745B1043c7FA29a48D4fBa",
			"blockHash": "0x707716cf906bc5a4c3f01ec9dfc4d41268defc9e32804ecf62b249172317fc51",
			"blockNumber": 5480868,
			"data": "0x000000000000000000000000000000000000000000000010938110935b2fc000",
			"logIndex": 21,
			"topics": [
				"0xddf252ad1be2c89b69c2b068fc378daa952ba7f163c4a11628f55a4df523b3ef",
				"0x000000000000000000000000468b858c964f297fd8fce058032bf4b4911a8ad8",
				"0x0000000000000000000000001d0fce081d73fac22f7f72d279b47ac9bc1e12ac"
			],
			"transactionHash": "0x6e0fc7bcf9d9861350bab95ff96d9239adaf5ef1f912fb06a1ed27dc7c4206c1",
			"transactionIndex": 28,
			"transactionLogIndex": "0x0",
			"type": "mined",
			"id": "log_afac1bef"
		}
	],
	"logsBloom": "0x00000000000000000000000000020000000000000000000400000000000000000000000000000000000000000000000000000000000000000000200000000000000000000000010000000008000000000000000000000000000000000020000000000000000000000000000000000000000000000000000000000010000000000000000000000000000000000004000000000000000000000000000000000000000000000000000080000000000000000000000000000000000000010000000000001002000000000000000000000000000000000000000000000000000000000000000000000000000000000000000000000000000000000000000000000000",
	"root": null,
	"status": "0x1",
	"transactionHash": "0x6e0fc7bcf9d9861350bab95ff96d9239adaf5ef1f912fb06a1ed27dc7c4206c1",
	"transactionIndex": 28
}
[2018-04-21T17:06:55.013] [DEBUG] trans - TO:   0xca63fff7c1dfcce7a344ad904221ca221287fc2b
[2018-04-21T17:06:55.013] [DEBUG] trans - AMOUNT:   305761400000000000000
[2018-04-21T17:06:55.013] [DEBUG] trans - Receipt info:  {
	"blockHash": "0x707716cf906bc5a4c3f01ec9dfc4d41268defc9e32804ecf62b249172317fc51",
	"blockNumber": 5480868,
	"contractAddress": null,
	"cumulativeGasUsed": 1241621,
	"gasUsed": 51653,
	"logs": [
		{
			"address": "0x7e9e431a0B8c4D532C745B1043c7FA29a48D4fBa",
			"blockHash": "0x707716cf906bc5a4c3f01ec9dfc4d41268defc9e32804ecf62b249172317fc51",
			"blockNumber": 5480868,
			"data": "0x000000000000000000000000000000000000000000000010934ab54e821f8000",
			"logIndex": 22,
			"topics": [
				"0xddf252ad1be2c89b69c2b068fc378daa952ba7f163c4a11628f55a4df523b3ef",
				"0x000000000000000000000000468b858c964f297fd8fce058032bf4b4911a8ad8",
				"0x000000000000000000000000ca63fff7c1dfcce7a344ad904221ca221287fc2b"
			],
			"transactionHash": "0xf1f4188fcdf7da27d0c5ff9b0a68f289266090d424a243dc6d8cd66fd3687caf",
			"transactionIndex": 29,
			"transactionLogIndex": "0x0",
			"type": "mined",
			"id": "log_472cc3a9"
		}
	],
	"logsBloom": "0x00000000000000000000000000020000000000000000000000000002000000000000000000000000000000040000000000000000000000000000000000000000000000000000010000000008000000000000000000000000000000000020000000000000000000000000000000000000000000000000000000000010000000000000000000000000000000000000000000000000000000000000000000000000000000000000000080000000000000000000000000000000000000010000000000001002000000000000000000000000000000000000000000000000000000000000000000000000000000000000000000000000000008000000000000000000",
	"root": null,
	"status": "0x1",
	"transactionHash": "0xf1f4188fcdf7da27d0c5ff9b0a68f289266090d424a243dc6d8cd66fd3687caf",
	"transactionIndex": 29
}
[2018-04-21T17:06:55.013] [DEBUG] trans - TO:   0xfe72d212d2c002c60b6c54b81002936684d9f9e4
[2018-04-21T17:06:55.013] [DEBUG] trans - AMOUNT:   305700000000000000000
[2018-04-21T17:06:55.013] [DEBUG] trans - Receipt info:  {
	"blockHash": "0x707716cf906bc5a4c3f01ec9dfc4d41268defc9e32804ecf62b249172317fc51",
	"blockNumber": 5480868,
	"contractAddress": null,
	"cumulativeGasUsed": 1551283,
	"gasUsed": 51589,
	"logs": [
		{
			"address": "0x7e9e431a0B8c4D532C745B1043c7FA29a48D4fBa",
			"blockHash": "0x707716cf906bc5a4c3f01ec9dfc4d41268defc9e32804ecf62b249172317fc51",
			"blockNumber": 5480868,
			"data": "0x00000000000000000000000000000000000000000000001092709254fcea0000",
			"logIndex": 28,
			"topics": [
				"0xddf252ad1be2c89b69c2b068fc378daa952ba7f163c4a11628f55a4df523b3ef",
				"0x000000000000000000000000468b858c964f297fd8fce058032bf4b4911a8ad8",
				"0x000000000000000000000000fe72d212d2c002c60b6c54b81002936684d9f9e4"
			],
			"transactionHash": "0x280d8483362033eb8962d5677028aeb50c8fac00aac036f2b5e48313311f3528",
			"transactionIndex": 35,
			"transactionLogIndex": "0x0",
			"type": "mined",
			"id": "log_6346d7d7"
		}
	],
	"logsBloom": "0x00000000000000000000000000020000000000000000000000000000000000000000000000000000000000000000000000000000000000000000000000000000000000000000010000000008000000000000000000000000000000000020080000000000000000000000000000000000000000000000000000000010000000000000001000000000000000000000000000000000000000000000000000000000000000000000000080000000000000000000000000000000000000010000000000001002000000000000000000000000000000000000000000000000000000000000000000000000000000000000000000000000000000000000001000000000",
	"root": null,
	"status": "0x1",
	"transactionHash": "0x280d8483362033eb8962d5677028aeb50c8fac00aac036f2b5e48313311f3528",
	"transactionIndex": 35
}
[2018-04-21T17:06:55.014] [DEBUG] trans - TO:   0xbf1e0051a187415d75c2e0e70d0e9f77143d27c0
[2018-04-21T17:06:55.014] [DEBUG] trans - AMOUNT:   305700000000000000000
[2018-04-21T17:06:55.014] [DEBUG] trans - Receipt info:  {
	"blockHash": "0x707716cf906bc5a4c3f01ec9dfc4d41268defc9e32804ecf62b249172317fc51",
	"blockNumber": 5480868,
	"contractAddress": null,
	"cumulativeGasUsed": 1499694,
	"gasUsed": 51525,
	"logs": [
		{
			"address": "0x7e9e431a0B8c4D532C745B1043c7FA29a48D4fBa",
			"blockHash": "0x707716cf906bc5a4c3f01ec9dfc4d41268defc9e32804ecf62b249172317fc51",
			"blockNumber": 5480868,
			"data": "0x00000000000000000000000000000000000000000000001092709254fcea0000",
			"logIndex": 27,
			"topics": [
				"0xddf252ad1be2c89b69c2b068fc378daa952ba7f163c4a11628f55a4df523b3ef",
				"0x000000000000000000000000468b858c964f297fd8fce058032bf4b4911a8ad8",
				"0x000000000000000000000000bf1e0051a187415d75c2e0e70d0e9f77143d27c0"
			],
			"transactionHash": "0x75b73a813d96e94213be6cbd3ccfb32b3d9029fa76d587190fd1174c3f293ab1",
			"transactionIndex": 34,
			"transactionLogIndex": "0x0",
			"type": "mined",
			"id": "log_b5c3d6a3"
		}
	],
	"logsBloom": "0x00000000000000000000000000020000000000000000000000000000000000000000000000000000000000000000000000000000000000000000000000000000000000000000010000000008000000000000000000000000000000000020000000000000000000000000000000000000000000000000000000000010000000000000000000000000000000000100000000000000000000000000000000000000000000800000000090000000000000000000000000000000000000010000000000001002000000000000000000000000000000000000000000000000000000000000000000000000000000000000000000000000000000000000000000000000",
	"root": null,
	"status": "0x1",
	"transactionHash": "0x75b73a813d96e94213be6cbd3ccfb32b3d9029fa76d587190fd1174c3f293ab1",
	"transactionIndex": 34
}
[2018-04-21T17:06:55.014] [DEBUG] trans - TO:   0x01cb97376ab9fa758c63a59cac1c9db7d7869c40
[2018-04-21T17:06:55.014] [DEBUG] trans - AMOUNT:   305742300000000000000
[2018-04-21T17:06:55.014] [DEBUG] trans - Receipt info:  {
	"blockHash": "0x707716cf906bc5a4c3f01ec9dfc4d41268defc9e32804ecf62b249172317fc51",
	"blockNumber": 5480868,
	"contractAddress": null,
	"cumulativeGasUsed": 1396516,
	"gasUsed": 51653,
	"logs": [
		{
			"address": "0x7e9e431a0B8c4D532C745B1043c7FA29a48D4fBa",
			"blockHash": "0x707716cf906bc5a4c3f01ec9dfc4d41268defc9e32804ecf62b249172317fc51",
			"blockNumber": 5480868,
			"data": "0x0000000000000000000000000000000000000000000000109306d9f536e9c000",
			"logIndex": 25,
			"topics": [
				"0xddf252ad1be2c89b69c2b068fc378daa952ba7f163c4a11628f55a4df523b3ef",
				"0x000000000000000000000000468b858c964f297fd8fce058032bf4b4911a8ad8",
				"0x00000000000000000000000001cb97376ab9fa758c63a59cac1c9db7d7869c40"
			],
			"transactionHash": "0x6dcd2a48963d23d5555509404b5206daafb66bc9b375e0cb1915fe9aa7771b07",
			"transactionIndex": 32,
			"transactionLogIndex": "0x0",
			"type": "mined",
			"id": "log_f690d1ca"
		}
	],
	"logsBloom": "0x00000000000000000000000000020000000000000000000000000000000000000000000000000000000000000000000000000000000000000000000000000000000000000000010000000008000002000000000000000000000000000020000000000000000000000000000000000000000000000000000000000010000000000000000000000800000000000000000000000000000000000000000000000000000000000000000080000000000000000000000000000000000000010000000008001002000000000000000000000000000000000000000000000000000000000000000000000000000000000000000000000000000000000000000000000000",
	"root": null,
	"status": "0x1",
	"transactionHash": "0x6dcd2a48963d23d5555509404b5206daafb66bc9b375e0cb1915fe9aa7771b07",
	"transactionIndex": 32
}
[2018-04-21T17:06:55.014] [DEBUG] trans - TO:   0xf7a42c92813ebd690f70e1e6cc870629d26048e9
[2018-04-21T17:06:55.014] [DEBUG] trans - AMOUNT:   305694000000000000000
[2018-04-21T17:06:55.014] [DEBUG] trans - Receipt info:  {
	"blockHash": "0x707716cf906bc5a4c3f01ec9dfc4d41268defc9e32804ecf62b249172317fc51",
	"blockNumber": 5480868,
	"contractAddress": null,
	"cumulativeGasUsed": 1654525,
	"gasUsed": 51589,
	"logs": [
		{
			"address": "0x7e9e431a0B8c4D532C745B1043c7FA29a48D4fBa",
			"blockHash": "0x707716cf906bc5a4c3f01ec9dfc4d41268defc9e32804ecf62b249172317fc51",
			"blockNumber": 5480868,
			"data": "0x000000000000000000000000000000000000000000000010925b415d20430000",
			"logIndex": 30,
			"topics": [
				"0xddf252ad1be2c89b69c2b068fc378daa952ba7f163c4a11628f55a4df523b3ef",
				"0x000000000000000000000000468b858c964f297fd8fce058032bf4b4911a8ad8",
				"0x000000000000000000000000f7a42c92813ebd690f70e1e6cc870629d26048e9"
			],
			"transactionHash": "0xa56f0e4c2af7f2da2b8f342081603e08eb5af89df73495dfc2f2032455536882",
			"transactionIndex": 37,
			"transactionLogIndex": "0x0",
			"type": "mined",
			"id": "log_61e27b29"
		}
	],
	"logsBloom": "0x00000000000000000000000000020000000000000000000000000000000000000000000000000000000000000002000000000000000000000000000000000000000000000000010000000008000000000000000000000000000000000020000000000000000000000000000000000000000000000000000000000010000000000000000000000000000000000000000000000000000000000000000000000000000000000000000080000000000000002000000000000000000000010000000000001002000000000000000000000000000000000000000000000000000000000000000000000000000000000000000000000000000000000000008000000000",
	"root": null,
	"status": "0x1",
	"transactionHash": "0xa56f0e4c2af7f2da2b8f342081603e08eb5af89df73495dfc2f2032455536882",
	"transactionIndex": 37
}
[2018-04-21T17:06:55.014] [DEBUG] trans - TO:   0xce2d3315e03eb0eb692165f87ef1591f31d129e0
[2018-04-21T17:06:55.014] [DEBUG] trans - AMOUNT:   305711100000000000000
[2018-04-21T17:06:55.014] [DEBUG] trans - Receipt info:  {
	"blockHash": "0x707716cf906bc5a4c3f01ec9dfc4d41268defc9e32804ecf62b249172317fc51",
	"blockNumber": 5480868,
	"contractAddress": null,
	"cumulativeGasUsed": 1448169,
	"gasUsed": 51653,
	"logs": [
		{
			"address": "0x7e9e431a0B8c4D532C745B1043c7FA29a48D4fBa",
			"blockHash": "0x707716cf906bc5a4c3f01ec9dfc4d41268defc9e32804ecf62b249172317fc51",
			"blockNumber": 5480868,
			"data": "0x000000000000000000000000000000000000000000000010929801b921ebc000",
			"logIndex": 26,
			"topics": [
				"0xddf252ad1be2c89b69c2b068fc378daa952ba7f163c4a11628f55a4df523b3ef",
				"0x000000000000000000000000468b858c964f297fd8fce058032bf4b4911a8ad8",
				"0x000000000000000000000000ce2d3315e03eb0eb692165f87ef1591f31d129e0"
			],
			"transactionHash": "0x7639cfa9c31180cb0a2d40ce39071eb6831f8053ddb7460130dce5834218d7ad",
			"transactionIndex": 33,
			"transactionLogIndex": "0x0",
			"type": "mined",
			"id": "log_d74a75af"
		}
	],
	"logsBloom": "0x00000000000000000000000000020000000800000000000000000000000000000000000000000000000000000000000000000000000000000000000000000004000000000000010000000008000000000000000000000000000000000020000000000000000000000000000000000000000000000000000000000010000000000000000000000000000000000000000000000000000000000000000000000000000000000000000080000000000000000000000000000000000000010000000000001002000000000000000000000000000000000000004000000000000000000000000000000000000000000000000000000000000000000000000000000000",
	"root": null,
	"status": "0x1",
	"transactionHash": "0x7639cfa9c31180cb0a2d40ce39071eb6831f8053ddb7460130dce5834218d7ad",
	"transactionIndex": 33
}
[2018-04-21T17:06:55.015] [DEBUG] trans - TO:   0xc4d6a875bc2192d7d8162309cbe8154fe31a0ad3
[2018-04-21T17:06:55.015] [DEBUG] trans - AMOUNT:   305833100000000000000
[2018-04-21T17:06:55.015] [DEBUG] trans - Receipt info:  {
	"blockHash": "0x707716cf906bc5a4c3f01ec9dfc4d41268defc9e32804ecf62b249172317fc51",
	"blockNumber": 5480868,
	"contractAddress": null,
	"cumulativeGasUsed": 1086662,
	"gasUsed": 51653,
	"logs": [
		{
			"address": "0x7e9e431a0B8c4D532C745B1043c7FA29a48D4fBa",
			"blockHash": "0x707716cf906bc5a4c3f01ec9dfc4d41268defc9e32804ecf62b249172317fc51",
			"blockNumber": 5480868,
			"data": "0x00000000000000000000000000000000000000000000001094497013a884c000",
			"logIndex": 19,
			"topics": [
				"0xddf252ad1be2c89b69c2b068fc378daa952ba7f163c4a11628f55a4df523b3ef",
				"0x000000000000000000000000468b858c964f297fd8fce058032bf4b4911a8ad8",
				"0x000000000000000000000000c4d6a875bc2192d7d8162309cbe8154fe31a0ad3"
			],
			"transactionHash": "0xe3181f45a77bdd7601519a18f517b018d5538a5fcbbe80292febb5692e1e5f81",
			"transactionIndex": 26,
			"transactionLogIndex": "0x0",
			"type": "mined",
			"id": "log_3d4dd175"
		}
	],
	"logsBloom": "0x00000000000000000000000000020000000000000000000000000010000000000000000000000000000000000000400000000000000000000000000000000000000000000000010000000008000000000000000000000000000000000020000000000000000000000000000000000000000020000000000000000010000000000000000000000000000000000000000000000000000000000000000000000000000000000000000080000000000000000000000000000000000000010000000000001002000000000000000000000000000000000000000000000000000000000000000000000000000000000000000000000000000000000000000000000000",
	"root": null,
	"status": "0x1",
	"transactionHash": "0xe3181f45a77bdd7601519a18f517b018d5538a5fcbbe80292febb5692e1e5f81",
	"transactionIndex": 26
}
[2018-04-21T17:06:55.015] [DEBUG] trans - TO:   0xb9e34ab79c29f182f4ff40399d6e1885abe23067
[2018-04-21T17:06:55.015] [DEBUG] trans - AMOUNT:   305697000000000000000
[2018-04-21T17:06:55.015] [DEBUG] trans - Receipt info:  {
	"blockHash": "0x707716cf906bc5a4c3f01ec9dfc4d41268defc9e32804ecf62b249172317fc51",
	"blockNumber": 5480868,
	"contractAddress": null,
	"cumulativeGasUsed": 1602936,
	"gasUsed": 51653,
	"logs": [
		{
			"address": "0x7e9e431a0B8c4D532C745B1043c7FA29a48D4fBa",
			"blockHash": "0x707716cf906bc5a4c3f01ec9dfc4d41268defc9e32804ecf62b249172317fc51",
			"blockNumber": 5480868,
			"data": "0x0000000000000000000000000000000000000000000000109265e9d90e968000",
			"logIndex": 29,
			"topics": [
				"0xddf252ad1be2c89b69c2b068fc378daa952ba7f163c4a11628f55a4df523b3ef",
				"0x000000000000000000000000468b858c964f297fd8fce058032bf4b4911a8ad8",
				"0x000000000000000000000000b9e34ab79c29f182f4ff40399d6e1885abe23067"
			],
			"transactionHash": "0x1d1f5b754120f9d167b1d60068150aca91b5b98e91952ee655189a077bb0b74b",
			"transactionIndex": 36,
			"transactionLogIndex": "0x0",
			"type": "mined",
			"id": "log_b938c609"
		}
	],
	"logsBloom": "0x00000000000000000000000000020008000000000000000000000000000000000000000000000000000000000000000000000000000000000000000000000000000000000000010000000008000000000000000000000000000000000020000000800000000000000000000000000000000000000000000000000010000000000000000000000000000000000000000000000000000000000000000000000000000000000000000080000000000000000000000000000000000000010000000000001002000000000000000000000000000000000000000000400000000000000000000000000000000000000000000000000000000000000000000000000000",
	"root": null,
	"status": "0x1",
	"transactionHash": "0x1d1f5b754120f9d167b1d60068150aca91b5b98e91952ee655189a077bb0b74b",
	"transactionIndex": 36
}
[2018-04-21T17:06:55.015] [DEBUG] trans - TO:   0x3c27fec3b847e9ac1fd8881d900516191e5fbf7e
[2018-04-21T17:06:55.015] [DEBUG] trans - AMOUNT:   305674500000000000000
[2018-04-21T17:06:55.015] [DEBUG] trans - Receipt info:  {
	"blockHash": "0x707716cf906bc5a4c3f01ec9dfc4d41268defc9e32804ecf62b249172317fc51",
	"blockNumber": 5480868,
	"contractAddress": null,
	"cumulativeGasUsed": 1757831,
	"gasUsed": 51653,
	"logs": [
		{
			"address": "0x7e9e431a0B8c4D532C745B1043c7FA29a48D4fBa",
			"blockHash": "0x707716cf906bc5a4c3f01ec9dfc4d41268defc9e32804ecf62b249172317fc51",
			"blockNumber": 5480868,
			"data": "0x0000000000000000000000000000000000000000000000109215fa3793244000",
			"logIndex": 32,
			"topics": [
				"0xddf252ad1be2c89b69c2b068fc378daa952ba7f163c4a11628f55a4df523b3ef",
				"0x000000000000000000000000468b858c964f297fd8fce058032bf4b4911a8ad8",
				"0x0000000000000000000000003c27fec3b847e9ac1fd8881d900516191e5fbf7e"
			],
			"transactionHash": "0x9695902fd55b9743b2be4e0b1df41efc329fdf96fd9dc2edf960123184319e2f",
			"transactionIndex": 39,
			"transactionLogIndex": "0x0",
			"type": "mined",
			"id": "log_e459038c"
		}
	],
	"logsBloom": "0x00000000000000000000000000020000000000000000000000000000000000000000000000000000000000000000000000000000000000000000000000000000000000000000010000000008000000000000000000000000000000000024000000000000000000000000000000000000000000000000000000000010000000000000000000000000000000000000000000000000000000000000000000000000000000000000000081000000000000000000000000000000200000010000000000001002000000000000000000000000000000000000000000000000000000000000000000000000000000000000000000000000000000000000000000000000",
	"root": null,
	"status": "0x1",
	"transactionHash": "0x9695902fd55b9743b2be4e0b1df41efc329fdf96fd9dc2edf960123184319e2f",
	"transactionIndex": 39
}
[2018-04-21T17:06:55.015] [DEBUG] trans - TO:   0xd8e7eab1fee05256572e30b93a42ee4e2a901302
[2018-04-21T17:06:55.015] [DEBUG] trans - AMOUNT:   305675000000000000000
[2018-04-21T17:06:55.015] [DEBUG] trans - Receipt info:  {
	"blockHash": "0x707716cf906bc5a4c3f01ec9dfc4d41268defc9e32804ecf62b249172317fc51",
	"blockNumber": 5480868,
	"contractAddress": null,
	"cumulativeGasUsed": 1706178,
	"gasUsed": 51653,
	"logs": [
		{
			"address": "0x7e9e431a0B8c4D532C745B1043c7FA29a48D4fBa",
			"blockHash": "0x707716cf906bc5a4c3f01ec9dfc4d41268defc9e32804ecf62b249172317fc51",
			"blockNumber": 5480868,
			"data": "0x0000000000000000000000000000000000000000000000109217c0f6e5878000",
			"logIndex": 31,
			"topics": [
				"0xddf252ad1be2c89b69c2b068fc378daa952ba7f163c4a11628f55a4df523b3ef",
				"0x000000000000000000000000468b858c964f297fd8fce058032bf4b4911a8ad8",
				"0x000000000000000000000000d8e7eab1fee05256572e30b93a42ee4e2a901302"
			],
			"transactionHash": "0xf3acb5d2c8c20787f4327bd9b650324d7f3b55961bce4a650a072fe7e6009f9e",
			"transactionIndex": 38,
			"transactionLogIndex": "0x0",
			"type": "mined",
			"id": "log_514c4953"
		}
	],
	"logsBloom": "0x00000008000000000000000000020000000000000000000000000000000000000200000000000000000000000000000000000000000000000000000000000000000000000000010000000008000000000000000000000000000000000020000000000000000000000000000000000000000000000000000000000010000000000000000000000000000000000000000000000000200000000000000000000000000000000000000080000000000000000000000000000000000000010000000000001002000000000000000000000000000000000000000000000000000000000000000000000000000000000000000000000000000000000000000000000000",
	"root": null,
	"status": "0x1",
	"transactionHash": "0xf3acb5d2c8c20787f4327bd9b650324d7f3b55961bce4a650a072fe7e6009f9e",
	"transactionIndex": 38
}
[2018-04-21T17:06:55.016] [DEBUG] trans - TO:   0xa90dd85a85207c65f7b22b2afb6edd8907e991c4
[2018-04-21T17:06:55.016] [DEBUG] trans - AMOUNT:   305647300000000000000
[2018-04-21T17:06:55.016] [DEBUG] trans - Receipt info:  {
	"blockHash": "0x707716cf906bc5a4c3f01ec9dfc4d41268defc9e32804ecf62b249172317fc51",
	"blockNumber": 5480868,
	"contractAddress": null,
	"cumulativeGasUsed": 1809484,
	"gasUsed": 51653,
	"logs": [
		{
			"address": "0x7e9e431a0B8c4D532C745B1043c7FA29a48D4fBa",
			"blockHash": "0x707716cf906bc5a4c3f01ec9dfc4d41268defc9e32804ecf62b249172317fc51",
			"blockNumber": 5480868,
			"data": "0x00000000000000000000000000000000000000000000001091b557f611404000",
			"logIndex": 33,
			"topics": [
				"0xddf252ad1be2c89b69c2b068fc378daa952ba7f163c4a11628f55a4df523b3ef",
				"0x000000000000000000000000468b858c964f297fd8fce058032bf4b4911a8ad8",
				"0x000000000000000000000000a90dd85a85207c65f7b22b2afb6edd8907e991c4"
			],
			"transactionHash": "0x37deb42f53fa193c7015d463d468835b3588890f34cf3b4cc8d46eecb2ac6761",
			"transactionIndex": 40,
			"transactionLogIndex": "0x0",
			"type": "mined",
			"id": "log_be976462"
		}
	],
	"logsBloom": "0x00000000000000000000000000020000000000000000000000000000000000000000000000000000000000000000080000000000000000000000000000000000000000000000010000000008000000000000000000000000000000000020000000000000000000000000000000000000000000000000000000000010000000000000000000000000000000000000000000000000000000000000000000000000000000000000000080000000000000000000000000000000000000010000000000001002000000000000000000000000000000000000000000000000000000000000000000000004000000000000000000040000000000000000000000000000",
	"root": null,
	"status": "0x1",
	"transactionHash": "0x37deb42f53fa193c7015d463d468835b3588890f34cf3b4cc8d46eecb2ac6761",
	"transactionIndex": 40
}
