[2018-04-21T12:27:01.199] [DEBUG] trans - TO:   0xce6e20a15dc6a0b276b083f75c2fa5d95d075b0a
[2018-04-21T12:27:01.200] [DEBUG] trans - AMOUNT:   284820000000000000000
[2018-04-21T12:27:01.200] [DEBUG] trans - Receipt info:  {
	"blockHash": "0x76f2e61dfaa1ef321b52b3d3536a70ac068eec3b8dae2419e50f916cca7d78e6",
	"blockNumber": 5479697,
	"contractAddress": null,
	"cumulativeGasUsed": 3489980,
	"gasUsed": 51589,
	"logs": [
		{
			"address": "0x7e9e431a0B8c4D532C745B1043c7FA29a48D4fBa",
			"blockHash": "0x76f2e61dfaa1ef321b52b3d3536a70ac068eec3b8dae2419e50f916cca7d78e6",
			"blockNumber": 5479697,
			"data": "0x00000000000000000000000000000000000000000000000f70abe8f57ec20000",
			"logIndex": 52,
			"topics": [
				"0xddf252ad1be2c89b69c2b068fc378daa952ba7f163c4a11628f55a4df523b3ef",
				"0x000000000000000000000000468b858c964f297fd8fce058032bf4b4911a8ad8",
				"0x000000000000000000000000ce6e20a15dc6a0b276b083f75c2fa5d95d075b0a"
			],
			"transactionHash": "0x535f78d6afc90a890ef564994d5782019b3b5fe72172931061a0e2227c6375bc",
			"transactionIndex": 100,
			"transactionLogIndex": "0x0",
			"type": "mined",
			"id": "log_9cd57de7"
		}
	],
	"logsBloom": "0x00000000000000000000000000020000000000000000000000000000000000000000000000000000000000000000000000080000000000000000000000000000000000000000010000000008000000000000000000000000000000000020000000000000000000000000000000000800000000040000000000000010000000000000000000000000000000000000000000000000000000000000000000000000000000000000000080000000000000000000000000000000000000010000000000001002000000000000000000000000000000000000000000000000000000000000000000000000000000000000000000000000000000000000000000000000",
	"root": null,
	"status": "0x1",
	"transactionHash": "0x535f78d6afc90a890ef564994d5782019b3b5fe72172931061a0e2227c6375bc",
	"transactionIndex": 100
}
[2018-04-21T12:27:01.203] [DEBUG] trans - TO:   0x0c0c041927a37263de5cf051479169a9a5b1a2eb
[2018-04-21T12:27:01.203] [DEBUG] trans - AMOUNT:   284829600000000000000
[2018-04-21T12:27:01.203] [DEBUG] trans - Receipt info:  {
	"blockHash": "0x76f2e61dfaa1ef321b52b3d3536a70ac068eec3b8dae2419e50f916cca7d78e6",
	"blockNumber": 5479697,
	"contractAddress": null,
	"cumulativeGasUsed": 727814,
	"gasUsed": 51589,
	"logs": [
		{
			"address": "0x7e9e431a0B8c4D532C745B1043c7FA29a48D4fBa",
			"blockHash": "0x76f2e61dfaa1ef321b52b3d3536a70ac068eec3b8dae2419e50f916cca7d78e6",
			"blockNumber": 5479697,
			"data": "0x00000000000000000000000000000000000000000000000f70ce041bac9a0000",
			"logIndex": 12,
			"topics": [
				"0xddf252ad1be2c89b69c2b068fc378daa952ba7f163c4a11628f55a4df523b3ef",
				"0x000000000000000000000000468b858c964f297fd8fce058032bf4b4911a8ad8",
				"0x0000000000000000000000000c0c041927a37263de5cf051479169a9a5b1a2eb"
			],
			"transactionHash": "0x69b727701fb1522833e57fede204cf93fd1099dc4860381d515e20b86ccb9646",
			"transactionIndex": 19,
			"transactionLogIndex": "0x0",
			"type": "mined",
			"id": "log_3232576a"
		}
	],
	"logsBloom": "0x00000000000000000000000000020000000000000000000000000000000000000000000000000000000000000000000000000000008000000000000000000000000000000000010000000008000000000000000000000000000000000020000000000000000000000000000000000000000000000000000000000010000000000000000000000000000000000000000000000000000000000000000000400000000040000000000080000000000000000000000000000000000000010000000000001002000000000000000000000000000000000000000000000000000000000000000000000000000000000000000000000000000000000000000000000000",
	"root": null,
	"status": "0x1",
	"transactionHash": "0x69b727701fb1522833e57fede204cf93fd1099dc4860381d515e20b86ccb9646",
	"transactionIndex": 19
}
[2018-04-21T12:27:01.203] [DEBUG] trans - TO:   0xc058f776dd3e8f967a7747fb411e074832e2f9c6
[2018-04-21T12:27:01.203] [DEBUG] trans - AMOUNT:   284826700000000000000
[2018-04-21T12:27:01.203] [DEBUG] trans - Receipt info:  {
	"blockHash": "0x76f2e61dfaa1ef321b52b3d3536a70ac068eec3b8dae2419e50f916cca7d78e6",
	"blockNumber": 5479697,
	"contractAddress": null,
	"cumulativeGasUsed": 3090622,
	"gasUsed": 51653,
	"logs": [
		{
			"address": "0x7e9e431a0B8c4D532C745B1043c7FA29a48D4fBa",
			"blockHash": "0x76f2e61dfaa1ef321b52b3d3536a70ac068eec3b8dae2419e50f916cca7d78e6",
			"blockNumber": 5479697,
			"data": "0x00000000000000000000000000000000000000000000000f70c3b692cec0c000",
			"logIndex": 44,
			"topics": [
				"0xddf252ad1be2c89b69c2b068fc378daa952ba7f163c4a11628f55a4df523b3ef",
				"0x000000000000000000000000468b858c964f297fd8fce058032bf4b4911a8ad8",
				"0x000000000000000000000000c058f776dd3e8f967a7747fb411e074832e2f9c6"
			],
			"transactionHash": "0xfd919acde1fc947698579f02ff9704962174aeb826e58e952e03bdb88c364bc9",
			"transactionIndex": 90,
			"transactionLogIndex": "0x0",
			"type": "mined",
			"id": "log_b6609996"
		}
	],
	"logsBloom": "0x00000000000000000000000000020000000000000000000000000200000002000000000000000000000000000000000000000000000000000000000000000000000000000000010000000008000000000000000000000000000000000020000000000001000000000000000000000000000000000000000000000010000000000000000000000000000000000000000000000000000000000000000000000000000000000000000080000000000000000000000000000000000000010000000000001002000000000000000000000000000000000000000000000000000000000000000000000000000000000000000000000000000000000000000000000000",
	"root": null,
	"status": "0x1",
	"transactionHash": "0xfd919acde1fc947698579f02ff9704962174aeb826e58e952e03bdb88c364bc9",
	"transactionIndex": 90
}
[2018-04-21T12:27:04.206] [DEBUG] trans - TO:   0x0aa01f946299a7afebf0aaa842c7648c66e8a64b
[2018-04-21T12:27:04.206] [DEBUG] trans - AMOUNT:   284814500000000000000
[2018-04-21T12:27:04.206] [DEBUG] trans - Receipt info:  {
	"blockHash": "0x0f9061c27fc9d49a7bee10017d739b6e6dbdd3566d4437e8a6955f17507ced96",
	"blockNumber": 5479698,
	"contractAddress": null,
	"cumulativeGasUsed": 715829,
	"gasUsed": 51653,
	"logs": [
		{
			"address": "0x7e9e431a0B8c4D532C745B1043c7FA29a48D4fBa",
			"blockHash": "0x0f9061c27fc9d49a7bee10017d739b6e6dbdd3566d4437e8a6955f17507ced96",
			"blockNumber": 5479698,
			"data": "0x00000000000000000000000000000000000000000000000f70985ebcf47e4000",
			"logIndex": 14,
			"topics": [
				"0xddf252ad1be2c89b69c2b068fc378daa952ba7f163c4a11628f55a4df523b3ef",
				"0x000000000000000000000000468b858c964f297fd8fce058032bf4b4911a8ad8",
				"0x0000000000000000000000000aa01f946299a7afebf0aaa842c7648c66e8a64b"
			],
			"transactionHash": "0xbc63590b42cb3d4cb67ceec4fb46bd10c93f661e0671e9cc2b5e7f030cc6850f",
			"transactionIndex": 19,
			"transactionLogIndex": "0x0",
			"type": "mined",
			"id": "log_238234c1"
		}
	],
	"logsBloom": "0x00000000000000000000000000020000000000000000000000000000000000000000000000000000000000000000000000000000000000000000000000000002000000000000018000000008000000000000000000000000000000000020000000000000000000000000000200000000000000000000000000000010000000000000000000000000000000000000000000000000000000000000000000000000000000000000000080000000000000000000000000000000000000010000000000001002000000000000000000000000000000000000000000000000000000000000000000000000000000000000000000000000000000000000000000000000",
	"root": null,
	"status": "0x1",
	"transactionHash": "0xbc63590b42cb3d4cb67ceec4fb46bd10c93f661e0671e9cc2b5e7f030cc6850f",
	"transactionIndex": 19
}
[2018-04-21T12:27:04.206] [DEBUG] trans - TO:   0x9e67412ad344b438f8d38f5f2b3b07dcd87cd8e6
[2018-04-21T12:27:04.206] [DEBUG] trans - AMOUNT:   284813200000000000000
[2018-04-21T12:27:04.206] [DEBUG] trans - Receipt info:  {
	"blockHash": "0x0f9061c27fc9d49a7bee10017d739b6e6dbdd3566d4437e8a6955f17507ced96",
	"blockNumber": 5479698,
	"contractAddress": null,
	"cumulativeGasUsed": 767418,
	"gasUsed": 51589,
	"logs": [
		{
			"address": "0x7e9e431a0B8c4D532C745B1043c7FA29a48D4fBa",
			"blockHash": "0x0f9061c27fc9d49a7bee10017d739b6e6dbdd3566d4437e8a6955f17507ced96",
			"blockNumber": 5479698,
			"data": "0x00000000000000000000000000000000000000000000000f7093c0651e490000",
			"logIndex": 15,
			"topics": [
				"0xddf252ad1be2c89b69c2b068fc378daa952ba7f163c4a11628f55a4df523b3ef",
				"0x000000000000000000000000468b858c964f297fd8fce058032bf4b4911a8ad8",
				"0x0000000000000000000000009e67412ad344b438f8d38f5f2b3b07dcd87cd8e6"
			],
			"transactionHash": "0xd38278168babad706260524867c915f7b6c30ecc24188c1b4d80de8471f1195d",
			"transactionIndex": 20,
			"transactionLogIndex": "0x0",
			"type": "mined",
			"id": "log_6c89d8fa"
		}
	],
	"logsBloom": "0x00000000000000000000000000020000000000000000000000000000000000000000000000000002000000000000000000000000000000000000000000000000000000000000010000000008000000000000000000000000000000000020000000000000000000000000000000000000000000000000000000000010000000000000000000000000000000000000000000000000000000000000000000000000000200000000000080000000000000000000000000000000000000010000000000001002000000000000000000000000000000000000000000000000008000000000000000000000000000000000000000000000000000000000000000000000",
	"root": null,
	"status": "0x1",
	"transactionHash": "0xd38278168babad706260524867c915f7b6c30ecc24188c1b4d80de8471f1195d",
	"transactionIndex": 20
}
[2018-04-21T12:27:04.207] [DEBUG] trans - TO:   0x03ef75523fc6b3765f7c45b9a3404f18139af708
[2018-04-21T12:27:04.207] [DEBUG] trans - AMOUNT:   284809800000000000000
[2018-04-21T12:27:04.207] [DEBUG] trans - Receipt info:  {
	"blockHash": "0x0f9061c27fc9d49a7bee10017d739b6e6dbdd3566d4437e8a6955f17507ced96",
	"blockNumber": 5479698,
	"contractAddress": null,
	"cumulativeGasUsed": 819071,
	"gasUsed": 51653,
	"logs": [
		{
			"address": "0x7e9e431a0B8c4D532C745B1043c7FA29a48D4fBa",
			"blockHash": "0x0f9061c27fc9d49a7bee10017d739b6e6dbdd3566d4437e8a6955f17507ced96",
			"blockNumber": 5479698,
			"data": "0x00000000000000000000000000000000000000000000000f7087ac1cee0c8000",
			"logIndex": 16,
			"topics": [
				"0xddf252ad1be2c89b69c2b068fc378daa952ba7f163c4a11628f55a4df523b3ef",
				"0x000000000000000000000000468b858c964f297fd8fce058032bf4b4911a8ad8",
				"0x00000000000000000000000003ef75523fc6b3765f7c45b9a3404f18139af708"
			],
			"transactionHash": "0x90a163164cdf7e803dfa1145a371047a48b3863bd3adb6e38ef61cc116f22a5c",
			"transactionIndex": 21,
			"transactionLogIndex": "0x0",
			"type": "mined",
			"id": "log_0eab905e"
		}
	],
	"logsBloom": "0x00000000000000000000000002020000000000000000000000000000000000000000000000000000000000000000000000000000000000000000000000000000000000000000010000000008000000000000000000000000000000000020010000000000000000000000000000000000000000000000000000000010000000000000000000000000000000000000000000000000000000000000000000000000000000000000000080000000000000000000000000000000000000010000400000001002000000000000000000000000000000000000000000000000000000000000000000000000000000000000000000000000000000000000000000000000",
	"root": null,
	"status": "0x1",
	"transactionHash": "0x90a163164cdf7e803dfa1145a371047a48b3863bd3adb6e38ef61cc116f22a5c",
	"transactionIndex": 21
}
[2018-04-21T12:27:04.207] [DEBUG] trans - TO:   0x7cd031485ff0faa01968137348eea7cbff195149
[2018-04-21T12:27:04.207] [DEBUG] trans - AMOUNT:   284735100000000000000
[2018-04-21T12:27:04.207] [DEBUG] trans - Receipt info:  {
	"blockHash": "0x0f9061c27fc9d49a7bee10017d739b6e6dbdd3566d4437e8a6955f17507ced96",
	"blockNumber": 5479698,
	"contractAddress": null,
	"cumulativeGasUsed": 922377,
	"gasUsed": 51653,
	"logs": [
		{
			"address": "0x7e9e431a0B8c4D532C745B1043c7FA29a48D4fBa",
			"blockHash": "0x0f9061c27fc9d49a7bee10017d739b6e6dbdd3566d4437e8a6955f17507ced96",
			"blockNumber": 5479698,
			"data": "0x00000000000000000000000000000000000000000000000f6f7e48dbd953c000",
			"logIndex": 18,
			"topics": [
				"0xddf252ad1be2c89b69c2b068fc378daa952ba7f163c4a11628f55a4df523b3ef",
				"0x000000000000000000000000468b858c964f297fd8fce058032bf4b4911a8ad8",
				"0x0000000000000000000000007cd031485ff0faa01968137348eea7cbff195149"
			],
			"transactionHash": "0x9d3a83793137fb37535e88589189fec0fce80339b2c67467d9818a373e268c95",
			"transactionIndex": 23,
			"transactionLogIndex": "0x0",
			"type": "mined",
			"id": "log_b8e5694d"
		}
	],
	"logsBloom": "0x00000000000000000000000000020000000000000000000000000000000000000000000000000000000000000000001000000000000000000000000000000000000000000000010000000008000000000000000000000000000000000020000000000000000000000000000000000000000000000000000000000010000000000000000000000000000000000000000000000000000000000000000000000000000000000000000080000000000000000000000000000000000000010000000000001042000000000000000000000000000000000000000000000000000000000000000000000000000000000000000000000000000000000000000000000000",
	"root": null,
	"status": "0x1",
	"transactionHash": "0x9d3a83793137fb37535e88589189fec0fce80339b2c67467d9818a373e268c95",
	"transactionIndex": 23
}
[2018-04-21T12:27:04.208] [DEBUG] trans - TO:   0x569c1700250d3b1566db900d157073283635ebab
[2018-04-21T12:27:04.208] [DEBUG] trans - AMOUNT:   284730600000000000000
[2018-04-21T12:27:04.208] [DEBUG] trans - Receipt info:  {
	"blockHash": "0x0f9061c27fc9d49a7bee10017d739b6e6dbdd3566d4437e8a6955f17507ced96",
	"blockNumber": 5479698,
	"contractAddress": null,
	"cumulativeGasUsed": 973966,
	"gasUsed": 51589,
	"logs": [
		{
			"address": "0x7e9e431a0B8c4D532C745B1043c7FA29a48D4fBa",
			"blockHash": "0x0f9061c27fc9d49a7bee10017d739b6e6dbdd3566d4437e8a6955f17507ced96",
			"blockNumber": 5479698,
			"data": "0x00000000000000000000000000000000000000000000000f6f6e4c21f3d68000",
			"logIndex": 19,
			"topics": [
				"0xddf252ad1be2c89b69c2b068fc378daa952ba7f163c4a11628f55a4df523b3ef",
				"0x000000000000000000000000468b858c964f297fd8fce058032bf4b4911a8ad8",
				"0x000000000000000000000000569c1700250d3b1566db900d157073283635ebab"
			],
			"transactionHash": "0x737202f7a4b85998db2489bb9eda8456ee83fb762f5539b949dd06f1433a52ed",
			"transactionIndex": 24,
			"transactionLogIndex": "0x0",
			"type": "mined",
			"id": "log_b096083e"
		}
	],
	"logsBloom": "0x00000000000000000000000000020000000000000000000000000000000000000000000000000000000000000000000000000000000000000000000000000000000000000000010000000008000000000000000000000000000000000020000000000000000002000000000000000000000000000000000000000010800000000000000000000000000000000008000000000000000000000000000000000000000000000000000080000000000000000000000000000000000000010000000000001002000000000000000000000000000000000000000000000000000000000000000000000000000000000000000000000000000000000000000000000000",
	"root": null,
	"status": "0x1",
	"transactionHash": "0x737202f7a4b85998db2489bb9eda8456ee83fb762f5539b949dd06f1433a52ed",
	"transactionIndex": 24
}
[2018-04-21T12:27:04.209] [DEBUG] trans - TO:   0x48f1c7872d5b399b09a3c4aa07d9f9fe1f506e93
[2018-04-21T12:27:04.209] [DEBUG] trans - AMOUNT:   284745900000000000000
[2018-04-21T12:27:04.209] [DEBUG] trans - Receipt info:  {
	"blockHash": "0x0f9061c27fc9d49a7bee10017d739b6e6dbdd3566d4437e8a6955f17507ced96",
	"blockNumber": 5479698,
	"contractAddress": null,
	"cumulativeGasUsed": 870724,
	"gasUsed": 51653,
	"logs": [
		{
			"address": "0x7e9e431a0B8c4D532C745B1043c7FA29a48D4fBa",
			"blockHash": "0x0f9061c27fc9d49a7bee10017d739b6e6dbdd3566d4437e8a6955f17507ced96",
			"blockNumber": 5479698,
			"data": "0x00000000000000000000000000000000000000000000000f6fa4a766cce6c000",
			"logIndex": 17,
			"topics": [
				"0xddf252ad1be2c89b69c2b068fc378daa952ba7f163c4a11628f55a4df523b3ef",
				"0x000000000000000000000000468b858c964f297fd8fce058032bf4b4911a8ad8",
				"0x00000000000000000000000048f1c7872d5b399b09a3c4aa07d9f9fe1f506e93"
			],
			"transactionHash": "0x6aee274a2f0280cfc2af33ad6e3b87efd3e30923fb79da9353e87e43f59cce76",
			"transactionIndex": 22,
			"transactionLogIndex": "0x0",
			"type": "mined",
			"id": "log_e8a4fa9f"
		}
	],
	"logsBloom": "0x00000000000000000000000000020000000000000000000000000000000000000000000000000000000000000000000000000000000000000000000000000000000000000000010000000008000000000000000000000000000000000020000000000000000000000000000000000000000000800000000000000010000000000000000000000000000000000000000000000000000000000000000000000000000000000000000080000000000000000000000000000000000000050000000000001002000000000000000000000000000000000000000000000000000000000000000008000000000000000000000000000000000000000000000000000000",
	"root": null,
	"status": "0x1",
	"transactionHash": "0x6aee274a2f0280cfc2af33ad6e3b87efd3e30923fb79da9353e87e43f59cce76",
	"transactionIndex": 22
}
[2018-04-21T12:27:04.209] [DEBUG] trans - TO:   0xef2fab5d8ccf50e396375740b2ae8ae6308469f8
[2018-04-21T12:27:04.209] [DEBUG] trans - AMOUNT:   284714000000000000000
[2018-04-21T12:27:04.209] [DEBUG] trans - Receipt info:  {
	"blockHash": "0x0f9061c27fc9d49a7bee10017d739b6e6dbdd3566d4437e8a6955f17507ced96",
	"blockNumber": 5479698,
	"contractAddress": null,
	"cumulativeGasUsed": 1025555,
	"gasUsed": 51589,
	"logs": [
		{
			"address": "0x7e9e431a0B8c4D532C745B1043c7FA29a48D4fBa",
			"blockHash": "0x0f9061c27fc9d49a7bee10017d739b6e6dbdd3566d4437e8a6955f17507ced96",
			"blockNumber": 5479698,
			"data": "0x00000000000000000000000000000000000000000000000f6f33528544910000",
			"logIndex": 20,
			"topics": [
				"0xddf252ad1be2c89b69c2b068fc378daa952ba7f163c4a11628f55a4df523b3ef",
				"0x000000000000000000000000468b858c964f297fd8fce058032bf4b4911a8ad8",
				"0x000000000000000000000000ef2fab5d8ccf50e396375740b2ae8ae6308469f8"
			],
			"transactionHash": "0x571cc2721b2fffb8cb109c698e05b0970d2b814f1a76211d38f0f0e474238ea5",
			"transactionIndex": 25,
			"transactionLogIndex": "0x0",
			"type": "mined",
			"id": "log_f32dd072"
		}
	],
	"logsBloom": "0x00000000000000000000000000020000000000000000000000000000000000000000000000000000000000080000000000000000000000000000000000000000000000000000010000000008000000000000000000000000000000000020000000000000000000000000000000000000000000000000000000000010000000000000000000000000000000000000000000000000000000000000000400000400000000000000000080000000000000000000000000000000000000010000000000001002000000000000000000000000000000000000000000000000000000000000000000000000000000000000000000000000000000000000000000000000",
	"root": null,
	"status": "0x1",
	"transactionHash": "0x571cc2721b2fffb8cb109c698e05b0970d2b814f1a76211d38f0f0e474238ea5",
	"transactionIndex": 25
}
[2018-04-21T12:27:04.209] [DEBUG] trans - TO:   0x7c164b63d2d7f4109ca374160fc109678379a73e
[2018-04-21T12:27:04.209] [DEBUG] trans - AMOUNT:   284664600000000000000
[2018-04-21T12:27:04.209] [DEBUG] trans - Receipt info:  {
	"blockHash": "0x0f9061c27fc9d49a7bee10017d739b6e6dbdd3566d4437e8a6955f17507ced96",
	"blockNumber": 5479698,
	"contractAddress": null,
	"cumulativeGasUsed": 1180450,
	"gasUsed": 51653,
	"logs": [
		{
			"address": "0x7e9e431a0B8c4D532C745B1043c7FA29a48D4fBa",
			"blockHash": "0x0f9061c27fc9d49a7bee10017d739b6e6dbdd3566d4437e8a6955f17507ced96",
			"blockNumber": 5479698,
			"data": "0x00000000000000000000000000000000000000000000000f6e83d17b78a98000",
			"logIndex": 23,
			"topics": [
				"0xddf252ad1be2c89b69c2b068fc378daa952ba7f163c4a11628f55a4df523b3ef",
				"0x000000000000000000000000468b858c964f297fd8fce058032bf4b4911a8ad8",
				"0x0000000000000000000000007c164b63d2d7f4109ca374160fc109678379a73e"
			],
			"transactionHash": "0x35c1e008887fd099e991f80bec0c6af4684bdd630e28a3f9a7f38593584950a7",
			"transactionIndex": 28,
			"transactionLogIndex": "0x0",
			"type": "mined",
			"id": "log_a3fb0f91"
		}
	],
	"logsBloom": "0x00000000000000000000000000020100000000000000000200000000000000000000000000000000000000000000000000000000000000000000000000000000000000000000010000000008000000000000000000000000000000000020000000000000000000000000000000000000000000000000000000000010000000000000000000000000000000000000000000000000000000000000000000000000000000000000000080000000000000000000000000000000000000010000000000001002000000000000000000000000000000000000000000000000000000000000000000000000000000000000000000000000000000000000000000000800",
	"root": null,
	"status": "0x1",
	"transactionHash": "0x35c1e008887fd099e991f80bec0c6af4684bdd630e28a3f9a7f38593584950a7",
	"transactionIndex": 28
}
[2018-04-21T12:27:04.210] [DEBUG] trans - TO:   0x5a9d7aefed0196e9ea72c380370206689be62f28
[2018-04-21T12:27:04.210] [DEBUG] trans - AMOUNT:   284706000000000000000
[2018-04-21T12:27:04.210] [DEBUG] trans - Receipt info:  {
	"blockHash": "0x0f9061c27fc9d49a7bee10017d739b6e6dbdd3566d4437e8a6955f17507ced96",
	"blockNumber": 5479698,
	"contractAddress": null,
	"cumulativeGasUsed": 1077144,
	"gasUsed": 51589,
	"logs": [
		{
			"address": "0x7e9e431a0B8c4D532C745B1043c7FA29a48D4fBa",
			"blockHash": "0x0f9061c27fc9d49a7bee10017d739b6e6dbdd3566d4437e8a6955f17507ced96",
			"blockNumber": 5479698,
			"data": "0x00000000000000000000000000000000000000000000000f6f16e6901e5d0000",
			"logIndex": 21,
			"topics": [
				"0xddf252ad1be2c89b69c2b068fc378daa952ba7f163c4a11628f55a4df523b3ef",
				"0x000000000000000000000000468b858c964f297fd8fce058032bf4b4911a8ad8",
				"0x0000000000000000000000005a9d7aefed0196e9ea72c380370206689be62f28"
			],
			"transactionHash": "0xa82d7545c414cab190703f08a6aebaac87b7fc49552061715220aacde52ad60f",
			"transactionIndex": 26,
			"transactionLogIndex": "0x0",
			"type": "mined",
			"id": "log_0ddfc3e1"
		}
	],
	"logsBloom": "0x00000000000000000000000000020000000000000000000000000000000000000000000000000000000000000000000000000000000000000000000000000000000000800000010000000008000000000000000000000000000000000060000000000000000000000000000000000000000000000000000000000010000000000000000000000000000000000000000000002000000000000000000000000000000000000000000080000000000000000000000000000000000000010000000000001002000000000000000000000000000000000000000000000000000000000000000000000000000000000000000000000000000000000000000000000000",
	"root": null,
	"status": "0x1",
	"transactionHash": "0xa82d7545c414cab190703f08a6aebaac87b7fc49552061715220aacde52ad60f",
	"transactionIndex": 26
}
[2018-04-21T12:27:04.210] [DEBUG] trans - TO:   0x7e4423ac838414f11de4f9e1bd224c519b2fed7f
[2018-04-21T12:27:04.210] [DEBUG] trans - AMOUNT:   284614300000000000000
[2018-04-21T12:27:04.210] [DEBUG] trans - Receipt info:  {
	"blockHash": "0x0f9061c27fc9d49a7bee10017d739b6e6dbdd3566d4437e8a6955f17507ced96",
	"blockNumber": 5479698,
	"contractAddress": null,
	"cumulativeGasUsed": 1283692,
	"gasUsed": 51653,
	"logs": [
		{
			"address": "0x7e9e431a0B8c4D532C745B1043c7FA29a48D4fBa",
			"blockHash": "0x0f9061c27fc9d49a7bee10017d739b6e6dbdd3566d4437e8a6955f17507ced96",
			"blockNumber": 5479698,
			"data": "0x00000000000000000000000000000000000000000000000f6dd11de61875c000",
			"logIndex": 25,
			"topics": [
				"0xddf252ad1be2c89b69c2b068fc378daa952ba7f163c4a11628f55a4df523b3ef",
				"0x000000000000000000000000468b858c964f297fd8fce058032bf4b4911a8ad8",
				"0x0000000000000000000000007e4423ac838414f11de4f9e1bd224c519b2fed7f"
			],
			"transactionHash": "0x3b7b72c47d5409be01c3929e91ef3136c9750acbcdf7e4880288c3c20a055cf2",
			"transactionIndex": 30,
			"transactionLogIndex": "0x0",
			"type": "mined",
			"id": "log_7b4945ed"
		}
	],
	"logsBloom": "0x00000000000000000000000000020000000000000000000000000000000000000000000000000000000000000000000000000000000000000000040000000000000000000000010000000008000000000000000000000000000000000020000000000000000000000000000000000000000000000000000000000010000000000000000000000000000000000000000000000000000000000000000000000000000004000001000080000000000000000000000000000000000000010000000000001002000000000000000000000000000000000000000000000000000000000000000000000000000000000000000000000000000000000000000000000000",
	"root": null,
	"status": "0x1",
	"transactionHash": "0x3b7b72c47d5409be01c3929e91ef3136c9750acbcdf7e4880288c3c20a055cf2",
	"transactionIndex": 30
}
[2018-04-21T12:27:04.210] [DEBUG] trans - TO:   0x1af0cc90c4813b8387b5accf26d78e0614434e8c
[2018-04-21T12:27:04.210] [DEBUG] trans - AMOUNT:   284647600000000000000
[2018-04-21T12:27:04.210] [DEBUG] trans - Receipt info:  {
	"blockHash": "0x0f9061c27fc9d49a7bee10017d739b6e6dbdd3566d4437e8a6955f17507ced96",
	"blockNumber": 5479698,
	"contractAddress": null,
	"cumulativeGasUsed": 1232039,
	"gasUsed": 51589,
	"logs": [
		{
			"address": "0x7e9e431a0B8c4D532C745B1043c7FA29a48D4fBa",
			"blockHash": "0x0f9061c27fc9d49a7bee10017d739b6e6dbdd3566d4437e8a6955f17507ced96",
			"blockNumber": 5479698,
			"data": "0x00000000000000000000000000000000000000000000000f6e476c12877b0000",
			"logIndex": 24,
			"topics": [
				"0xddf252ad1be2c89b69c2b068fc378daa952ba7f163c4a11628f55a4df523b3ef",
				"0x000000000000000000000000468b858c964f297fd8fce058032bf4b4911a8ad8",
				"0x0000000000000000000000001af0cc90c4813b8387b5accf26d78e0614434e8c"
			],
			"transactionHash": "0xe36b525782cb0e5df9249f9c93401ba647d6521e828795a04dd54da33a03ff74",
			"transactionIndex": 29,
			"transactionLogIndex": "0x0",
			"type": "mined",
			"id": "log_90847c80"
		}
	],
	"logsBloom": "0x00000000000000000000000000020000000000000000000000000000000000000000000000000000000000000000000000000000000000000000000000000000000000000000010000000008000000000000000000000000000000000020000000000000000000000000000000000000000000000000000000000010000000000000000000000000000000000000000000100000000000000000000000000000000000000000000080000000000000000000000000000000000000010000000000001042000000000000000000000000000000000000000000000000000000000000000000000000000000000000000000800000000000000000000000000000",
	"root": null,
	"status": "0x1",
	"transactionHash": "0xe36b525782cb0e5df9249f9c93401ba647d6521e828795a04dd54da33a03ff74",
	"transactionIndex": 29
}
[2018-04-21T12:27:04.211] [DEBUG] trans - TO:   0xa6e10aadcc39e6b0b0de2edfb88f8c919e3c2d83
[2018-04-21T12:27:04.211] [DEBUG] trans - AMOUNT:   284611800000000000000
[2018-04-21T12:27:04.211] [DEBUG] trans - Receipt info:  {
	"blockHash": "0x0f9061c27fc9d49a7bee10017d739b6e6dbdd3566d4437e8a6955f17507ced96",
	"blockNumber": 5479698,
	"contractAddress": null,
	"cumulativeGasUsed": 1335345,
	"gasUsed": 51653,
	"logs": [
		{
			"address": "0x7e9e431a0B8c4D532C745B1043c7FA29a48D4fBa",
			"blockHash": "0x0f9061c27fc9d49a7bee10017d739b6e6dbdd3566d4437e8a6955f17507ced96",
			"blockNumber": 5479698,
			"data": "0x00000000000000000000000000000000000000000000000f6dc83c297c858000",
			"logIndex": 26,
			"topics": [
				"0xddf252ad1be2c89b69c2b068fc378daa952ba7f163c4a11628f55a4df523b3ef",
				"0x000000000000000000000000468b858c964f297fd8fce058032bf4b4911a8ad8",
				"0x000000000000000000000000a6e10aadcc39e6b0b0de2edfb88f8c919e3c2d83"
			],
			"transactionHash": "0xb5337d4d72b4f5031c3da0c61f2970a7e51fb0baae146c0cd00a9049e0403d6a",
			"transactionIndex": 31,
			"transactionLogIndex": "0x0",
			"type": "mined",
			"id": "log_7fcb3e61"
		}
	],
	"logsBloom": "0x00000000000000000000000000020000000000000000000000000000000000000000000000000000000000000000000000000000000000000000000000000000000000000000010000000008000000000000000000000000000000000020000000000000004000000800000000000000000000000000000000400010000000000000000000000000000000000000000000000000000000000000000000000000000000000000000080000000000000000000000000000000000000010000000000001002000000000000000000000000000000000000000000000000000000000000000000000000000000000000000000000000000000000000000000000000",
	"root": null,
	"status": "0x1",
	"transactionHash": "0xb5337d4d72b4f5031c3da0c61f2970a7e51fb0baae146c0cd00a9049e0403d6a",
	"transactionIndex": 31
}
[2018-04-21T12:27:04.211] [DEBUG] trans - TO:   0x58f4b95e603d9d96bc6f1e0acc6df93a1d66d20c
[2018-04-21T12:27:04.211] [DEBUG] trans - AMOUNT:   284601200000000000000
[2018-04-21T12:27:04.211] [DEBUG] trans - Receipt info:  {
	"blockHash": "0x0f9061c27fc9d49a7bee10017d739b6e6dbdd3566d4437e8a6955f17507ced96",
	"blockNumber": 5479698,
	"contractAddress": null,
	"cumulativeGasUsed": 1386934,
	"gasUsed": 51589,
	"logs": [
		{
			"address": "0x7e9e431a0B8c4D532C745B1043c7FA29a48D4fBa",
			"blockHash": "0x0f9061c27fc9d49a7bee10017d739b6e6dbdd3566d4437e8a6955f17507ced96",
			"blockNumber": 5479698,
			"data": "0x00000000000000000000000000000000000000000000000f6da29384a9e70000",
			"logIndex": 27,
			"topics": [
				"0xddf252ad1be2c89b69c2b068fc378daa952ba7f163c4a11628f55a4df523b3ef",
				"0x000000000000000000000000468b858c964f297fd8fce058032bf4b4911a8ad8",
				"0x00000000000000000000000058f4b95e603d9d96bc6f1e0acc6df93a1d66d20c"
			],
			"transactionHash": "0x8a957676f51c67432eff9d52d3ed37a33aaef8bbfa516d3cc32bedb6515efe6d",
			"transactionIndex": 32,
			"transactionLogIndex": "0x0",
			"type": "mined",
			"id": "log_1afa49d1"
		}
	],
	"logsBloom": "0x00000080000000000000000000020000000000000000400000000000000000000000000000000000000000000000000000000000000000000000000000000000000000000000010000000008000000000000000000000000000000000020000000000000000000000000000000000000000000000000000000000010000000000000000000000000000000000000000000000000000000000000000000000000000000000000000080000000000000000000000000000800000000010000000000001002000000000000000000000000000000000000000000000000000000000000000000000000000000000000000000000000000000000000000000000000",
	"root": null,
	"status": "0x1",
	"transactionHash": "0x8a957676f51c67432eff9d52d3ed37a33aaef8bbfa516d3cc32bedb6515efe6d",
	"transactionIndex": 32
}
[2018-04-21T12:27:04.213] [DEBUG] trans - TO:   0xd24fdfb33871b9a8ee05b6ca8984b1490866b2b9
[2018-04-21T12:27:04.213] [DEBUG] trans - AMOUNT:   284680100000000000000
[2018-04-21T12:27:04.213] [DEBUG] trans - Receipt info:  {
	"blockHash": "0x0f9061c27fc9d49a7bee10017d739b6e6dbdd3566d4437e8a6955f17507ced96",
	"blockNumber": 5479698,
	"contractAddress": null,
	"cumulativeGasUsed": 1128797,
	"gasUsed": 51653,
	"logs": [
		{
			"address": "0x7e9e431a0B8c4D532C745B1043c7FA29a48D4fBa",
			"blockHash": "0x0f9061c27fc9d49a7bee10017d739b6e6dbdd3566d4437e8a6955f17507ced96",
			"blockNumber": 5479698,
			"data": "0x00000000000000000000000000000000000000000000000f6ebae2a672ae4000",
			"logIndex": 22,
			"topics": [
				"0xddf252ad1be2c89b69c2b068fc378daa952ba7f163c4a11628f55a4df523b3ef",
				"0x000000000000000000000000468b858c964f297fd8fce058032bf4b4911a8ad8",
				"0x000000000000000000000000d24fdfb33871b9a8ee05b6ca8984b1490866b2b9"
			],
			"transactionHash": "0xa71bd78ccba40ee348d1b4a9dbe39e802c04e0fb83c3475713eac59770a271fa",
			"transactionIndex": 27,
			"transactionLogIndex": "0x0",
			"type": "mined",
			"id": "log_ba29bfb1"
		}
	],
	"logsBloom": "0x00000000000000000000000000020000000000000000000000000000000000000000000000000000000000000000000000000000000000000000000000000000000000000000010000000008000000000000000000400000000000000020000000000000000000000000000000000000000000000000000000000010000000000000000000000000000000000000000000000000000000000000000000000000000000000000000080000000000000000000000000000000000008010000000000001002000000000000000000000000000000000000000000000000000000000000000000000000000000000000000000000000000000000000000200000000",
	"root": null,
	"status": "0x1",
	"transactionHash": "0xa71bd78ccba40ee348d1b4a9dbe39e802c04e0fb83c3475713eac59770a271fa",
	"transactionIndex": 27
}
[2018-04-21T12:27:17.224] [DEBUG] trans - TO:   0x72fc1253400634398f7a2980b7450ceddd9cb0b1
[2018-04-21T12:27:17.225] [DEBUG] trans - AMOUNT:   284589300000000000000
[2018-04-21T12:27:17.225] [DEBUG] trans - Receipt info:  {
	"blockHash": "0x1c52d82f0c88ff7250f7a546ed475ea20308947a82009a97e189981bfb2313e0",
	"blockNumber": 5479699,
	"contractAddress": null,
	"cumulativeGasUsed": 1248461,
	"gasUsed": 51653,
	"logs": [
		{
			"address": "0x7e9e431a0B8c4D532C745B1043c7FA29a48D4fBa",
			"blockHash": "0x1c52d82f0c88ff7250f7a546ed475ea20308947a82009a97e189981bfb2313e0",
			"blockNumber": 5479699,
			"data": "0x00000000000000000000000000000000000000000000000f6d784c8801134000",
			"logIndex": 16,
			"topics": [
				"0xddf252ad1be2c89b69c2b068fc378daa952ba7f163c4a11628f55a4df523b3ef",
				"0x000000000000000000000000468b858c964f297fd8fce058032bf4b4911a8ad8",
				"0x00000000000000000000000072fc1253400634398f7a2980b7450ceddd9cb0b1"
			],
			"transactionHash": "0xe5fd1fdc449bbd517bb035a118726d4bf423797d9a9bc39cd6236b7b698f5452",
			"transactionIndex": 38,
			"transactionLogIndex": "0x0",
			"type": "mined",
			"id": "log_46f9b781"
		}
	],
	"logsBloom": "0x00000000000000000000000000028000000000000000000000000000000000000000000000000000000000000000000000000000000000000000000000000000000000000000010000000008000000000000000000000000000000000020000000000000000000000000000000000000000000004000000000000010000000000000000000000000000000000000000000000000000000000000000000000000000000000000000080000000000000000000000000000000000000010000000000001002000000000000008000000000000000000000000000000000000000000000000000000000000000000000000000000000000000000000000000000000",
	"root": null,
	"status": "0x1",
	"transactionHash": "0xe5fd1fdc449bbd517bb035a118726d4bf423797d9a9bc39cd6236b7b698f5452",
	"transactionIndex": 38
}
[2018-04-21T12:27:17.225] [DEBUG] trans - TO:   0x09e5b93b017c11574df81732ba31cc80ef20e978
[2018-04-21T12:27:17.225] [DEBUG] trans - AMOUNT:   284600000000000000000
[2018-04-21T12:27:17.225] [DEBUG] trans - Receipt info:  {
	"blockHash": "0x1c52d82f0c88ff7250f7a546ed475ea20308947a82009a97e189981bfb2313e0",
	"blockNumber": 5479699,
	"contractAddress": null,
	"cumulativeGasUsed": 552809,
	"gasUsed": 51589,
	"logs": [
		{
			"address": "0x7e9e431a0B8c4D532C745B1043c7FA29a48D4fBa",
			"blockHash": "0x1c52d82f0c88ff7250f7a546ed475ea20308947a82009a97e189981bfb2313e0",
			"blockNumber": 5479699,
			"data": "0x00000000000000000000000000000000000000000000000f6d9e501fe42c0000",
			"logIndex": 4,
			"topics": [
				"0xddf252ad1be2c89b69c2b068fc378daa952ba7f163c4a11628f55a4df523b3ef",
				"0x000000000000000000000000468b858c964f297fd8fce058032bf4b4911a8ad8",
				"0x00000000000000000000000009e5b93b017c11574df81732ba31cc80ef20e978"
			],
			"transactionHash": "0x1d8c6030a0c0f4288e0f243f65c455aa9ddd6439cfd0acd270c7cbbedd8d9377",
			"transactionIndex": 17,
			"transactionLogIndex": "0x0",
			"type": "mined",
			"id": "log_b3546067"
		}
	],
	"logsBloom": "0x00000000000000000000000000020000000000000000000000000000000000000000000000000000000800000000000000000000000000000000000000000000000000000000010000000008000000000000000000000000000000000020000000000000000000000000000000000000000000000000000000000010000000000000000000000000000000000000000000400000000000000000000000000000000000000000000080000000000000000000000000000000000000010000000000001002000000000000000000000000000000000000000000000000000000000000000000000000000000000000000000000000000000000000000000000020",
	"root": null,
	"status": "0x1",
	"transactionHash": "0x1d8c6030a0c0f4288e0f243f65c455aa9ddd6439cfd0acd270c7cbbedd8d9377",
	"transactionIndex": 17
}
[2018-04-21T12:27:17.225] [DEBUG] trans - TO:   0x7360ee3a006d22165560bc8dd844fc171e50b3ff
[2018-04-21T12:27:17.225] [DEBUG] trans - AMOUNT:   284571800000000000000
[2018-04-21T12:27:17.225] [DEBUG] trans - Receipt info:  {
	"blockHash": "0x1c52d82f0c88ff7250f7a546ed475ea20308947a82009a97e189981bfb2313e0",
	"blockNumber": 5479699,
	"contractAddress": null,
	"cumulativeGasUsed": 1391215,
	"gasUsed": 51589,
	"logs": [
		{
			"address": "0x7e9e431a0B8c4D532C745B1043c7FA29a48D4fBa",
			"blockHash": "0x1c52d82f0c88ff7250f7a546ed475ea20308947a82009a97e189981bfb2313e0",
			"blockNumber": 5479699,
			"data": "0x00000000000000000000000000000000000000000000000f6d3a205fbd818000",
			"logIndex": 20,
			"topics": [
				"0xddf252ad1be2c89b69c2b068fc378daa952ba7f163c4a11628f55a4df523b3ef",
				"0x000000000000000000000000468b858c964f297fd8fce058032bf4b4911a8ad8",
				"0x0000000000000000000000007360ee3a006d22165560bc8dd844fc171e50b3ff"
			],
			"transactionHash": "0x2dd53048960186fca6bc6d4a29ddef8c8291df0a0753fe9021eab58c06227454",
			"transactionIndex": 41,
			"transactionLogIndex": "0x0",
			"type": "mined",
			"id": "log_44a3910e"
		}
	],
	"logsBloom": "0x00000000000000000000000000020000000000000000000000000000000000000000000000000000000000000000000000000000000000000000000000000020000000000000110000000008000000000000000000000000000000000020000000000000000000000000000000000000000000000000000000000010000000000000000000000000000000000000000000000000000000000000000000000000100000000000000080000000000000000000000000000000000000010000000000001002000000000000000000000000000000000000000000000000000000000000000000000000000000000000000000000000000000000000000000000000",
	"root": null,
	"status": "0x1",
	"transactionHash": "0x2dd53048960186fca6bc6d4a29ddef8c8291df0a0753fe9021eab58c06227454",
	"transactionIndex": 41
}
[2018-04-21T12:27:17.226] [DEBUG] trans - TO:   0xbd0a1ef8c6a5b762245c3b98d8d9e75a0c5884fe
[2018-04-21T12:27:17.226] [DEBUG] trans - AMOUNT:   284582200000000000000
[2018-04-21T12:27:17.226] [DEBUG] trans - Receipt info:  {
	"blockHash": "0x1c52d82f0c88ff7250f7a546ed475ea20308947a82009a97e189981bfb2313e0",
	"blockNumber": 5479699,
	"contractAddress": null,
	"cumulativeGasUsed": 1339626,
	"gasUsed": 51653,
	"logs": [
		{
			"address": "0x7e9e431a0B8c4D532C745B1043c7FA29a48D4fBa",
			"blockHash": "0x1c52d82f0c88ff7250f7a546ed475ea20308947a82009a97e189981bfb2313e0",
			"blockNumber": 5479699,
			"data": "0x00000000000000000000000000000000000000000000000f6d5f131e6f2b8000",
			"logIndex": 19,
			"topics": [
				"0xddf252ad1be2c89b69c2b068fc378daa952ba7f163c4a11628f55a4df523b3ef",
				"0x000000000000000000000000468b858c964f297fd8fce058032bf4b4911a8ad8",
				"0x000000000000000000000000bd0a1ef8c6a5b762245c3b98d8d9e75a0c5884fe"
			],
			"transactionHash": "0xce2750bf6821c52c866fd849a42f7199cc08a8dfabaa3073da6fd528fdf72afd",
			"transactionIndex": 40,
			"transactionLogIndex": "0x0",
			"type": "mined",
			"id": "log_68120997"
		}
	],
	"logsBloom": "0x00000000000000000000040000020000000000000000000000000000000000000000000000000000000000000000000000000000000000000000000000000000000000000000010004000008000000000000000000000000000000000020000000000000000000000000000000000000000000000000000000000010000000000000000000000000000000000000000000000000000000000000000000000000000000000000000080000000000000000000000000000000000000010000000000001082000000000000000000000000000000000000000000000000000000000000000000000000000000000000000000000000000000000000000000000000",
	"root": null,
	"status": "0x1",
	"transactionHash": "0xce2750bf6821c52c866fd849a42f7199cc08a8dfabaa3073da6fd528fdf72afd",
	"transactionIndex": 40
}
[2018-04-21T12:27:17.226] [DEBUG] trans - TO:   0x7b490387b565be354897d78a468eeb2c549551c1
[2018-04-21T12:27:17.226] [DEBUG] trans - AMOUNT:   284551900000000000000
[2018-04-21T12:27:17.226] [DEBUG] trans - Receipt info:  {
	"blockHash": "0x1c52d82f0c88ff7250f7a546ed475ea20308947a82009a97e189981bfb2313e0",
	"blockNumber": 5479699,
	"contractAddress": null,
	"cumulativeGasUsed": 1597827,
	"gasUsed": 51653,
	"logs": [
		{
			"address": "0x7e9e431a0B8c4D532C745B1043c7FA29a48D4fBa",
			"blockHash": "0x1c52d82f0c88ff7250f7a546ed475ea20308947a82009a97e189981bfb2313e0",
			"blockNumber": 5479699,
			"data": "0x00000000000000000000000000000000000000000000000f6cf36d6dee79c000",
			"logIndex": 24,
			"topics": [
				"0xddf252ad1be2c89b69c2b068fc378daa952ba7f163c4a11628f55a4df523b3ef",
				"0x000000000000000000000000468b858c964f297fd8fce058032bf4b4911a8ad8",
				"0x0000000000000000000000007b490387b565be354897d78a468eeb2c549551c1"
			],
			"transactionHash": "0x18ea9cfc9cc0ac57d0534b8cd7216e096f37513fa9ed7ecbd8c8d9b6e63d2298",
			"transactionIndex": 45,
			"transactionLogIndex": "0x0",
			"type": "mined",
			"id": "log_62d77fcf"
		}
	],
	"logsBloom": "0x00000000000000000000010000020000000000000000000000000000000000000000000000000000000000000000000000000000000000000000000100000000000000000000010000000008000000000000000000000000000000000020000000000000000000000000000000000000000000000000000000000010000000000000000000000000000000000000000000000000000000000000000000000000000000000000000080000000000000000000000000000000000000010000000000001002000000000000000000000000000000000000000000000000000000000000000000000000000000000000000000020000000000000000000000000000",
	"root": null,
	"status": "0x1",
	"transactionHash": "0x18ea9cfc9cc0ac57d0534b8cd7216e096f37513fa9ed7ecbd8c8d9b6e63d2298",
	"transactionIndex": 45
}
[2018-04-21T12:27:17.227] [DEBUG] trans - TO:   0x85406e863296508c235e35a640f39433aef4701a
[2018-04-21T12:27:17.227] [DEBUG] trans - AMOUNT:   284567900000000000000
[2018-04-21T12:27:17.227] [DEBUG] trans - Receipt info:  {
	"blockHash": "0x1c52d82f0c88ff7250f7a546ed475ea20308947a82009a97e189981bfb2313e0",
	"blockNumber": 5479699,
	"contractAddress": null,
	"cumulativeGasUsed": 1442868,
	"gasUsed": 51653,
	"logs": [
		{
			"address": "0x7e9e431a0B8c4D532C745B1043c7FA29a48D4fBa",
			"blockHash": "0x1c52d82f0c88ff7250f7a546ed475ea20308947a82009a97e189981bfb2313e0",
			"blockNumber": 5479699,
			"data": "0x00000000000000000000000000000000000000000000000f6d2c45583ae1c000",
			"logIndex": 21,
			"topics": [
				"0xddf252ad1be2c89b69c2b068fc378daa952ba7f163c4a11628f55a4df523b3ef",
				"0x000000000000000000000000468b858c964f297fd8fce058032bf4b4911a8ad8",
				"0x00000000000000000000000085406e863296508c235e35a640f39433aef4701a"
			],
			"transactionHash": "0x09b55d999b5fc3ed2de109ff85b807807f0bd19b70bd5e0465a937b44a734beb",
			"transactionIndex": 42,
			"transactionLogIndex": "0x0",
			"type": "mined",
			"id": "log_29ff5001"
		}
	],
	"logsBloom": "0x00000000000000000000000000020001000000000000000000000000000000000000000000000000000000000000000000000000000000000000000000000000000000000000010000000008000000000000000000000000000000000020000000000000000000000000000000000000000000000000000000000010000000000000000000000000000000000000000000000000000000000000000000000000000000000000000080000000000000000000000000000000000000010000000000001002000000000000000000000000000000000100000000000000000000000000000040000000000000000000000000000000000000000000000000000000",
	"root": null,
	"status": "0x1",
	"transactionHash": "0x09b55d999b5fc3ed2de109ff85b807807f0bd19b70bd5e0465a937b44a734beb",
	"transactionIndex": 42
}
[2018-04-21T12:27:17.227] [DEBUG] trans - TO:   0x894750879148039e9027e440261a35f25a3e5fdb
[2018-04-21T12:27:17.227] [DEBUG] trans - AMOUNT:   284528000000000000000
[2018-04-21T12:27:17.227] [DEBUG] trans - Receipt info:  {
	"blockHash": "0x1c52d82f0c88ff7250f7a546ed475ea20308947a82009a97e189981bfb2313e0",
	"blockNumber": 5479699,
	"contractAddress": null,
	"cumulativeGasUsed": 1752658,
	"gasUsed": 51589,
	"logs": [
		{
			"address": "0x7e9e431a0B8c4D532C745B1043c7FA29a48D4fBa",
			"blockHash": "0x1c52d82f0c88ff7250f7a546ed475ea20308947a82009a97e189981bfb2313e0",
			"blockNumber": 5479699,
			"data": "0x00000000000000000000000000000000000000000000000f6c9e84818c580000",
			"logIndex": 27,
			"topics": [
				"0xddf252ad1be2c89b69c2b068fc378daa952ba7f163c4a11628f55a4df523b3ef",
				"0x000000000000000000000000468b858c964f297fd8fce058032bf4b4911a8ad8",
				"0x000000000000000000000000894750879148039e9027e440261a35f25a3e5fdb"
			],
			"transactionHash": "0x62ceedc677063c62e0240a78898cf3bfb4e5c21294b20b256545bdc10029b871",
			"transactionIndex": 48,
			"transactionLogIndex": "0x0",
			"type": "mined",
			"id": "log_2df4bc88"
		}
	],
	"logsBloom": "0x00000000000000000000000000020000000000000000000000000000000000000000000000000000000000000000000000000000000000000000000000000000000000000000010000000008000000000000000000000000000000000020000000000000000000000000000000000000000000000000000000000010000000000000000000000000000000000000000000000000000000000000000000000000000004000000000080000000000000000000000000000000000000010000000000001002000000000000000000000000000000000000000000000000000000000000000000000400400000000000000000000000000000000000000000000000",
	"root": null,
	"status": "0x1",
	"transactionHash": "0x62ceedc677063c62e0240a78898cf3bfb4e5c21294b20b256545bdc10029b871",
	"transactionIndex": 48
}
[2018-04-21T12:27:17.227] [DEBUG] trans - TO:   0x1c7955464b3d12799766f997bbab9ad492178652
[2018-04-21T12:27:17.227] [DEBUG] trans - AMOUNT:   284533600000000000000
[2018-04-21T12:27:17.227] [DEBUG] trans - Receipt info:  {
	"blockHash": "0x1c52d82f0c88ff7250f7a546ed475ea20308947a82009a97e189981bfb2313e0",
	"blockNumber": 5479699,
	"contractAddress": null,
	"cumulativeGasUsed": 1701069,
	"gasUsed": 51589,
	"logs": [
		{
			"address": "0x7e9e431a0B8c4D532C745B1043c7FA29a48D4fBa",
			"blockHash": "0x1c52d82f0c88ff7250f7a546ed475ea20308947a82009a97e189981bfb2313e0",
			"blockNumber": 5479699,
			"data": "0x00000000000000000000000000000000000000000000000f6cb269ad27160000",
			"logIndex": 26,
			"topics": [
				"0xddf252ad1be2c89b69c2b068fc378daa952ba7f163c4a11628f55a4df523b3ef",
				"0x000000000000000000000000468b858c964f297fd8fce058032bf4b4911a8ad8",
				"0x0000000000000000000000001c7955464b3d12799766f997bbab9ad492178652"
			],
			"transactionHash": "0xc6f446d23b75770299d06a4eeed8d69d44621ba87d004761daa3cea69203d359",
			"transactionIndex": 47,
			"transactionLogIndex": "0x0",
			"type": "mined",
			"id": "log_7f8177b9"
		}
	],
	"logsBloom": "0x80000000000000000000000000020000000000000000000000000000000000000000000000000000000000000000000000000000000000000000000000000000000000000000010000000008000000000000000000000000000000000020000000000000000000000000000000000000000000000000000000000010000000000000000000000000000000000000000000000000000000000000000000000000000000000000000080000000000000000000000000000000000000010000000000001002000000000000000000000000000008010000000000000000000000000000000000000000000000000000000000000000000000000000000000000000",
	"root": null,
	"status": "0x1",
	"transactionHash": "0xc6f446d23b75770299d06a4eeed8d69d44621ba87d004761daa3cea69203d359",
	"transactionIndex": 47
}
[2018-04-21T12:27:17.227] [DEBUG] trans - TO:   0x2e1a4681e1f5c8aa7dd741ce7e39d2efc7f769f6
[2018-04-21T12:27:17.228] [DEBUG] trans - AMOUNT:   284562600000000000000
[2018-04-21T12:27:17.228] [DEBUG] trans - Receipt info:  {
	"blockHash": "0x1c52d82f0c88ff7250f7a546ed475ea20308947a82009a97e189981bfb2313e0",
	"blockNumber": 5479699,
	"contractAddress": null,
	"cumulativeGasUsed": 1494521,
	"gasUsed": 51653,
	"logs": [
		{
			"address": "0x7e9e431a0B8c4D532C745B1043c7FA29a48D4fBa",
			"blockHash": "0x1c52d82f0c88ff7250f7a546ed475ea20308947a82009a97e189981bfb2313e0",
			"blockNumber": 5479699,
			"data": "0x00000000000000000000000000000000000000000000000f6d197105d1928000",
			"logIndex": 22,
			"topics": [
				"0xddf252ad1be2c89b69c2b068fc378daa952ba7f163c4a11628f55a4df523b3ef",
				"0x000000000000000000000000468b858c964f297fd8fce058032bf4b4911a8ad8",
				"0x0000000000000000000000002e1a4681e1f5c8aa7dd741ce7e39d2efc7f769f6"
			],
			"transactionHash": "0x80e2173c74c2d36f0c10e5517065fcf56a1dfd0904d5228b01e45a7202435ece",
			"transactionIndex": 43,
			"transactionLogIndex": "0x0",
			"type": "mined",
			"id": "log_0c633d12"
		}
	],
	"logsBloom": "0x00080000000000000000000000020000000000000000000000000000000000000000000000000000000000000000000000000000000000000000000000000000000000000000010000000008000000000000000000000000000000000020000000000000000000000000000000000000000000000000000000000010000000000000000000000000000000000000000000000000000000000000000000000000000000000000000080000000000000000000000000000000000000010800000000001002000000000000000000000000000000000000000000000000000000000000000000000000000000400000000000000000000000000000000000000000",
	"root": null,
	"status": "0x1",
	"transactionHash": "0x80e2173c74c2d36f0c10e5517065fcf56a1dfd0904d5228b01e45a7202435ece",
	"transactionIndex": 43
}
[2018-04-21T12:27:17.228] [DEBUG] trans - TO:   0xa2172d7cc33965189b8284d282aae7249eb5ac8d
[2018-04-21T12:27:17.228] [DEBUG] trans - AMOUNT:   284517000000000000000
[2018-04-21T12:27:17.228] [DEBUG] trans - Receipt info:  {
	"blockHash": "0x1c52d82f0c88ff7250f7a546ed475ea20308947a82009a97e189981bfb2313e0",
	"blockNumber": 5479699,
	"contractAddress": null,
	"cumulativeGasUsed": 1804311,
	"gasUsed": 51653,
	"logs": [
		{
			"address": "0x7e9e431a0B8c4D532C745B1043c7FA29a48D4fBa",
			"blockHash": "0x1c52d82f0c88ff7250f7a546ed475ea20308947a82009a97e189981bfb2313e0",
			"blockNumber": 5479699,
			"data": "0x00000000000000000000000000000000000000000000000f6c77701077d08000",
			"logIndex": 28,
			"topics": [
				"0xddf252ad1be2c89b69c2b068fc378daa952ba7f163c4a11628f55a4df523b3ef",
				"0x000000000000000000000000468b858c964f297fd8fce058032bf4b4911a8ad8",
				"0x000000000000000000000000a2172d7cc33965189b8284d282aae7249eb5ac8d"
			],
			"transactionHash": "0x8968276749f70d539f9c3fc32d21937bd3225839b9f26e3bcbd9d4fbf6177aef",
			"transactionIndex": 49,
			"transactionLogIndex": "0x0",
			"type": "mined",
			"id": "log_1f47c73b"
		}
	],
	"logsBloom": "0x00000000000000000000000000020000000000008000000000000000000000000000000000000000000000000000000000000000000000000000000000000000000000000000010000000008000000000000000000000000000000000020000000000000000000000000000000000000000000000000020000000010000000000000000000000000000000000000000000000000000000000000000000000000000000000000000080000000000000000000000000000000000000010000000000001002000000000000000002000000000000000000000000000000000000000000000000000000000000000000000000000000000000000000000000000000",
	"root": null,
	"status": "0x1",
	"transactionHash": "0x8968276749f70d539f9c3fc32d21937bd3225839b9f26e3bcbd9d4fbf6177aef",
	"transactionIndex": 49
}
[2018-04-21T12:27:17.228] [DEBUG] trans - TO:   0x7e0524117130bf457aa88151dc85344c7a1fd267
[2018-04-21T12:27:17.228] [DEBUG] trans - AMOUNT:   284500800000000000000
[2018-04-21T12:27:17.228] [DEBUG] trans - Receipt info:  {
	"blockHash": "0x1c52d82f0c88ff7250f7a546ed475ea20308947a82009a97e189981bfb2313e0",
	"blockNumber": 5479699,
	"contractAddress": null,
	"cumulativeGasUsed": 1959206,
	"gasUsed": 51589,
	"logs": [
		{
			"address": "0x7e9e431a0B8c4D532C745B1043c7FA29a48D4fBa",
			"blockHash": "0x1c52d82f0c88ff7250f7a546ed475ea20308947a82009a97e189981bfb2313e0",
			"blockNumber": 5479699,
			"data": "0x00000000000000000000000000000000000000000000000f6c3de2400a740000",
			"logIndex": 31,
			"topics": [
				"0xddf252ad1be2c89b69c2b068fc378daa952ba7f163c4a11628f55a4df523b3ef",
				"0x000000000000000000000000468b858c964f297fd8fce058032bf4b4911a8ad8",
				"0x0000000000000000000000007e0524117130bf457aa88151dc85344c7a1fd267"
			],
			"transactionHash": "0x648621cb91b0c8280d77999100feb7ef11f3223ecbb0d73b593bf29f5eece588",
			"transactionIndex": 52,
			"transactionLogIndex": "0x0",
			"type": "mined",
			"id": "log_c98cdcde"
		}
	],
	"logsBloom": "0x00000000000000000000000000020000000000000000000000000000000000000000000000000000000000000000000000000000000000000000000000000000000000000000010000000008000000000000000000000000000000000220000000000000000000000000000000000000000000000000000000000010000000000000000000000000000000000000000000000000000000000000000000000001000000000000000480000000000000000000000000000000000000010000000000001002000000000000000000000000000000000000000000000000000000000000000000000000000000000000000000000000000000000000000000000000",
	"root": null,
	"status": "0x1",
	"transactionHash": "0x648621cb91b0c8280d77999100feb7ef11f3223ecbb0d73b593bf29f5eece588",
	"transactionIndex": 52
}
[2018-04-21T12:27:17.228] [DEBUG] trans - TO:   0xe6d4877df5cd61f3d59b6faca856360cbe1bf993
[2018-04-21T12:27:17.228] [DEBUG] trans - AMOUNT:   284542500000000000000
[2018-04-21T12:27:17.228] [DEBUG] trans - Receipt info:  {
	"blockHash": "0x1c52d82f0c88ff7250f7a546ed475ea20308947a82009a97e189981bfb2313e0",
	"blockNumber": 5479699,
	"contractAddress": null,
	"cumulativeGasUsed": 1649480,
	"gasUsed": 51653,
	"logs": [
		{
			"address": "0x7e9e431a0B8c4D532C745B1043c7FA29a48D4fBa",
			"blockHash": "0x1c52d82f0c88ff7250f7a546ed475ea20308947a82009a97e189981bfb2313e0",
			"blockNumber": 5479699,
			"data": "0x00000000000000000000000000000000000000000000000f6cd2082de1964000",
			"logIndex": 25,
			"topics": [
				"0xddf252ad1be2c89b69c2b068fc378daa952ba7f163c4a11628f55a4df523b3ef",
				"0x000000000000000000000000468b858c964f297fd8fce058032bf4b4911a8ad8",
				"0x000000000000000000000000e6d4877df5cd61f3d59b6faca856360cbe1bf993"
			],
			"transactionHash": "0x515b75282ad14effea422e2739c74887841dacc88fea97a007a7e231df7e9f85",
			"transactionIndex": 46,
			"transactionLogIndex": "0x0",
			"type": "mined",
			"id": "log_ed82b1ca"
		}
	],
	"logsBloom": "0x00000000000000000000000000020000000000000000000000000000000000000000000000000000000000000000000000010000000000000000000000000000000000000000010000000008000000000000000000000000000000000220000000000000000000000000000000000000000000000000000000000010000000000000000000000000000000000000000000000000000000000000000000000000000000000000000080000000000000000000000000000000000000010000000000001002000000000000000000000000000000000000000000000000000000000000000000000000000000000000040000000000000000000000000000000000",
	"root": null,
	"status": "0x1",
	"transactionHash": "0x515b75282ad14effea422e2739c74887841dacc88fea97a007a7e231df7e9f85",
	"transactionIndex": 46
}
[2018-04-21T12:27:17.230] [DEBUG] trans - TO:   0x58f150b01c5fcac9c13ecb69f49daffc4d1623ab
[2018-04-21T12:27:17.230] [DEBUG] trans - AMOUNT:   284515000000000000000
[2018-04-21T12:27:17.230] [DEBUG] trans - Receipt info:  {
	"blockHash": "0x1c52d82f0c88ff7250f7a546ed475ea20308947a82009a97e189981bfb2313e0",
	"blockNumber": 5479699,
	"contractAddress": null,
	"cumulativeGasUsed": 1855964,
	"gasUsed": 51653,
	"logs": [
		{
			"address": "0x7e9e431a0B8c4D532C745B1043c7FA29a48D4fBa",
			"blockHash": "0x1c52d82f0c88ff7250f7a546ed475ea20308947a82009a97e189981bfb2313e0",
			"blockNumber": 5479699,
			"data": "0x00000000000000000000000000000000000000000000000f6c7055132e438000",
			"logIndex": 29,
			"topics": [
				"0xddf252ad1be2c89b69c2b068fc378daa952ba7f163c4a11628f55a4df523b3ef",
				"0x000000000000000000000000468b858c964f297fd8fce058032bf4b4911a8ad8",
				"0x00000000000000000000000058f150b01c5fcac9c13ecb69f49daffc4d1623ab"
			],
			"transactionHash": "0xe1e6328d34f0af07af4eb05e8a153ef538a3f3a1fc696cb0a6116ab87792f6cb",
			"transactionIndex": 50,
			"transactionLogIndex": "0x0",
			"type": "mined",
			"id": "log_31173edc"
		}
	],
	"logsBloom": "0x00000000000000000000000000020000000000000000000000000000000000000000000000000000000000000000000000000000000000000000000000000000000000000000010000000008000000000000000000000000000000000020000000000000000000000000000000000000000000000000000000000010000000002000000000000000000000000000000000000000000000000000000000000800000001000000000080000000000000000000000000000000000000010000000000001002000000000000000000000000000000000000000000000000000000000000000000000000000000000000000000000000000000000000000000000000",
	"root": null,
	"status": "0x1",
	"transactionHash": "0xe1e6328d34f0af07af4eb05e8a153ef538a3f3a1fc696cb0a6116ab87792f6cb",
	"transactionIndex": 50
}
[2018-04-21T12:27:17.230] [DEBUG] trans - TO:   0x11324fb6154bc6b4ff025b03af19d01ea37e0e38
[2018-04-21T12:27:17.230] [DEBUG] trans - AMOUNT:   284500000000000000000
[2018-04-21T12:27:17.230] [DEBUG] trans - Receipt info:  {
	"blockHash": "0x1c52d82f0c88ff7250f7a546ed475ea20308947a82009a97e189981bfb2313e0",
	"blockNumber": 5479699,
	"contractAddress": null,
	"cumulativeGasUsed": 2010795,
	"gasUsed": 51589,
	"logs": [
		{
			"address": "0x7e9e431a0B8c4D532C745B1043c7FA29a48D4fBa",
			"blockHash": "0x1c52d82f0c88ff7250f7a546ed475ea20308947a82009a97e189981bfb2313e0",
			"blockNumber": 5479699,
			"data": "0x00000000000000000000000000000000000000000000000f6c3b0aa786a20000",
			"logIndex": 32,
			"topics": [
				"0xddf252ad1be2c89b69c2b068fc378daa952ba7f163c4a11628f55a4df523b3ef",
				"0x000000000000000000000000468b858c964f297fd8fce058032bf4b4911a8ad8",
				"0x00000000000000000000000011324fb6154bc6b4ff025b03af19d01ea37e0e38"
			],
			"transactionHash": "0x122fe2e9194f30091a716a7d5cf0c42c16ed2f721ea648307db898458c4142ef",
			"transactionIndex": 53,
			"transactionLogIndex": "0x0",
			"type": "mined",
			"id": "log_b2811f1a"
		}
	],
	"logsBloom": "0x0000000000000000000000000002000000000000000000000000000000000000000000000000000000000000000000000000000000000000000000000000000000000000000001000000000a000000000000000000000000000000000020000000000000000000000000000000000000000000000000000000000010000000000000000000000000000000000000000000000000000000000000000000000000000000000000000080000000000000000000000000000000000000010000000000001002000400040000000000000000000000000000000000000000000000000000000000000000000000000000000000000000000000000000000000000000",
	"root": null,
	"status": "0x1",
	"transactionHash": "0x122fe2e9194f30091a716a7d5cf0c42c16ed2f721ea648307db898458c4142ef",
	"transactionIndex": 53
}
[2018-04-21T12:27:17.230] [DEBUG] trans - TO:   0xdd24f0b3fbef244e63bcb48c98e74508aef4a9c2
[2018-04-21T12:27:17.230] [DEBUG] trans - AMOUNT:   284500000000000000000
[2018-04-21T12:27:17.230] [DEBUG] trans - Receipt info:  {
	"blockHash": "0x1c52d82f0c88ff7250f7a546ed475ea20308947a82009a97e189981bfb2313e0",
	"blockNumber": 5479699,
	"contractAddress": null,
	"cumulativeGasUsed": 2165562,
	"gasUsed": 51589,
	"logs": [
		{
			"address": "0x7e9e431a0B8c4D532C745B1043c7FA29a48D4fBa",
			"blockHash": "0x1c52d82f0c88ff7250f7a546ed475ea20308947a82009a97e189981bfb2313e0",
			"blockNumber": 5479699,
			"data": "0x00000000000000000000000000000000000000000000000f6c3b0aa786a20000",
			"logIndex": 35,
			"topics": [
				"0xddf252ad1be2c89b69c2b068fc378daa952ba7f163c4a11628f55a4df523b3ef",
				"0x000000000000000000000000468b858c964f297fd8fce058032bf4b4911a8ad8",
				"0x000000000000000000000000dd24f0b3fbef244e63bcb48c98e74508aef4a9c2"
			],
			"transactionHash": "0x0d0a7a0a0f591335b5e4d303e805b266c16d10e5887412a66aa3ffc3683b0363",
			"transactionIndex": 56,
			"transactionLogIndex": "0x0",
			"type": "mined",
			"id": "log_34e5e4a1"
		}
	],
	"logsBloom": "0x00000000000000000000000000020000000000000000000200000000000000000000000000000000000000000000000000000000000000200000000000000000000000000000010000000008000000000000000000000000000000000020000000000000000000000000000000000000000000000000000000000010000000000000000000000000000000000000000000000000000000000000000000000000000000000000000080000000000000000000000000000000000000010000000000001002000000000000000000000000000000000000000000000000000000000000000000000000000000000040000000000000000000000000000000000000",
	"root": null,
	"status": "0x1",
	"transactionHash": "0x0d0a7a0a0f591335b5e4d303e805b266c16d10e5887412a66aa3ffc3683b0363",
	"transactionIndex": 56
}
[2018-04-21T12:27:17.231] [DEBUG] trans - TO:   0x9f775f737c01165b30b59e278838906aaf721d7d
[2018-04-21T12:27:17.231] [DEBUG] trans - AMOUNT:   284559500000000000000
[2018-04-21T12:27:17.231] [DEBUG] trans - Receipt info:  {
	"blockHash": "0x1c52d82f0c88ff7250f7a546ed475ea20308947a82009a97e189981bfb2313e0",
	"blockNumber": 5479699,
	"contractAddress": null,
	"cumulativeGasUsed": 1546174,
	"gasUsed": 51653,
	"logs": [
		{
			"address": "0x7e9e431a0B8c4D532C745B1043c7FA29a48D4fBa",
			"blockHash": "0x1c52d82f0c88ff7250f7a546ed475ea20308947a82009a97e189981bfb2313e0",
			"blockNumber": 5479699,
			"data": "0x00000000000000000000000000000000000000000000000f6d0e6d96d2c4c000",
			"logIndex": 23,
			"topics": [
				"0xddf252ad1be2c89b69c2b068fc378daa952ba7f163c4a11628f55a4df523b3ef",
				"0x000000000000000000000000468b858c964f297fd8fce058032bf4b4911a8ad8",
				"0x0000000000000000000000009f775f737c01165b30b59e278838906aaf721d7d"
			],
			"transactionHash": "0xd0d125ff778b96a59e0332a3a78172460a94ac4e3d472bf1cf82678d0f22b25d",
			"transactionIndex": 44,
			"transactionLogIndex": "0x0",
			"type": "mined",
			"id": "log_fb379fe2"
		}
	],
	"logsBloom": "0x00000000000000000000000000020000000000000000000000000000000000000000000000000000000000000000000000000000000000000000000000000000000000000000010000000008000000000000000000000000000000000020000000000000000000000000000000000000000000000000000000000010000000000000000000000000000000000000000000008000000000000000000000000000000000000000000080000000000000000000000000000000000000010000000000001002000000000000000000000000000200000000000000000000000000000000000000000000000000000000000000000000000000000000000010000000",
	"root": null,
	"status": "0x1",
	"transactionHash": "0xd0d125ff778b96a59e0332a3a78172460a94ac4e3d472bf1cf82678d0f22b25d",
	"transactionIndex": 44
}
[2018-04-21T12:27:17.231] [DEBUG] trans - TO:   0x5edeed8fba1091967f15fcfb2a90cc1bcf3f4ce5
[2018-04-21T12:27:17.231] [DEBUG] trans - AMOUNT:   284477600000000000000
[2018-04-21T12:27:17.231] [DEBUG] trans - Receipt info:  {
	"blockHash": "0x1c52d82f0c88ff7250f7a546ed475ea20308947a82009a97e189981bfb2313e0",
	"blockNumber": 5479699,
	"contractAddress": null,
	"cumulativeGasUsed": 2268804,
	"gasUsed": 51589,
	"logs": [
		{
			"address": "0x7e9e431a0B8c4D532C745B1043c7FA29a48D4fBa",
			"blockHash": "0x1c52d82f0c88ff7250f7a546ed475ea20308947a82009a97e189981bfb2313e0",
			"blockNumber": 5479699,
			"data": "0x00000000000000000000000000000000000000000000000f6beb75f91baa0000",
			"logIndex": 37,
			"topics": [
				"0xddf252ad1be2c89b69c2b068fc378daa952ba7f163c4a11628f55a4df523b3ef",
				"0x000000000000000000000000468b858c964f297fd8fce058032bf4b4911a8ad8",
				"0x0000000000000000000000005edeed8fba1091967f15fcfb2a90cc1bcf3f4ce5"
			],
			"transactionHash": "0xbdbf140fc69c7727e80689c297f15a20e58a5780631100335a7dc8cb09875284",
			"transactionIndex": 58,
			"transactionLogIndex": "0x0",
			"type": "mined",
			"id": "log_d8a30821"
		}
	],
	"logsBloom": "0x00000000000000000000000000020000000000000000000000000000000000000000000000000000000000000000000000000000000000000000000000000000000001000000010000000008000000000000000000000000000000000020000000000000000000000004000000000000000000000000000000000010000000000000000000000000000000000000000000000000000000000000000000000000000000000000000080000000000000000000000000000000000000010000000000001002000000000000000000000000000000000000000000000000000000000000000000000000000000000000000000000008000000000000000000000000",
	"root": null,
	"status": "0x1",
	"transactionHash": "0xbdbf140fc69c7727e80689c297f15a20e58a5780631100335a7dc8cb09875284",
	"transactionIndex": 58
}
[2018-04-21T12:27:17.231] [DEBUG] trans - TO:   0x8afada6a3989a13cf24a86764378932faca785e2
[2018-04-21T12:27:17.231] [DEBUG] trans - AMOUNT:   284490200000000000000
[2018-04-21T12:27:17.231] [DEBUG] trans - Receipt info:  {
	"blockHash": "0x1c52d82f0c88ff7250f7a546ed475ea20308947a82009a97e189981bfb2313e0",
	"blockNumber": 5479699,
	"contractAddress": null,
	"cumulativeGasUsed": 2217215,
	"gasUsed": 51653,
	"logs": [
		{
			"address": "0x7e9e431a0B8c4D532C745B1043c7FA29a48D4fBa",
			"blockHash": "0x1c52d82f0c88ff7250f7a546ed475ea20308947a82009a97e189981bfb2313e0",
			"blockNumber": 5479699,
			"data": "0x00000000000000000000000000000000000000000000000f6c18399b37d58000",
			"logIndex": 36,
			"topics": [
				"0xddf252ad1be2c89b69c2b068fc378daa952ba7f163c4a11628f55a4df523b3ef",
				"0x000000000000000000000000468b858c964f297fd8fce058032bf4b4911a8ad8",
				"0x0000000000000000000000008afada6a3989a13cf24a86764378932faca785e2"
			],
			"transactionHash": "0xf77399d4c5d25a84d0999e8146f2bf0e81c5f0dab63f29fad4aa40e7b8da8f96",
			"transactionIndex": 57,
			"transactionLogIndex": "0x0",
			"type": "mined",
			"id": "log_368839ea"
		}
	],
	"logsBloom": "0x00000000000000008000000000020000000000000000008000000000000000000000000000000000000000000000000000000000000000000000000000000000000000000000010000000008000000000000000000000000000000000020000000000000000000000000000000000000000000000000000000000010000000000000000000000000000000000000000000000000000000000040000000000000000000000000000080000000000000000000000000000000000000010000000000001002000000000000000000000000000000000000000000000000000000000000000000000000000000000000000000000000000000000000000000000000",
	"root": null,
	"status": "0x1",
	"transactionHash": "0xf77399d4c5d25a84d0999e8146f2bf0e81c5f0dab63f29fad4aa40e7b8da8f96",
	"transactionIndex": 57
}
[2018-04-21T12:27:17.231] [DEBUG] trans - TO:   0xfcad19700aab9f53cea1bb78035b378403fe63fb
[2018-04-21T12:27:17.231] [DEBUG] trans - AMOUNT:   284456200000000000000
[2018-04-21T12:27:17.231] [DEBUG] trans - Receipt info:  {
	"blockHash": "0x1c52d82f0c88ff7250f7a546ed475ea20308947a82009a97e189981bfb2313e0",
	"blockNumber": 5479699,
	"contractAddress": null,
	"cumulativeGasUsed": 2475288,
	"gasUsed": 51653,
	"logs": [
		{
			"address": "0x7e9e431a0B8c4D532C745B1043c7FA29a48D4fBa",
			"blockHash": "0x1c52d82f0c88ff7250f7a546ed475ea20308947a82009a97e189981bfb2313e0",
			"blockNumber": 5479699,
			"data": "0x00000000000000000000000000000000000000000000000f6b9f6ec955788000",
			"logIndex": 41,
			"topics": [
				"0xddf252ad1be2c89b69c2b068fc378daa952ba7f163c4a11628f55a4df523b3ef",
				"0x000000000000000000000000468b858c964f297fd8fce058032bf4b4911a8ad8",
				"0x000000000000000000000000fcad19700aab9f53cea1bb78035b378403fe63fb"
			],
			"transactionHash": "0x48bb0e2025732943759406d3d855e3730e16c34270a931cd685dfaaf2ea1220b",
			"transactionIndex": 62,
			"transactionLogIndex": "0x0",
			"type": "mined",
			"id": "log_fe819ea6"
		}
	],
	"logsBloom": "0x00000000000000000000000000020000000000000000000000000200000000000000000000000000000000000000000000000000000000000000000000000000000000000000010000000008000000000000000000000000000000000020000000000000000000000000000000000000000000000000000000000010000000000000000000000000000000000000000000000000000000000000000000000000000000000200000080000000000000000000000000000000000000010000000000001002000000000000000000000000000000000000000000000000000000020000000000000000000000000000000000000000000000000000000000000000",
	"root": null,
	"status": "0x1",
	"transactionHash": "0x48bb0e2025732943759406d3d855e3730e16c34270a931cd685dfaaf2ea1220b",
	"transactionIndex": 62
}
[2018-04-21T12:27:17.232] [DEBUG] trans - TO:   0xd15ded0f2a4e5cbc3897c9c7e126c76bdd4b870a
[2018-04-21T12:27:17.232] [DEBUG] trans - AMOUNT:   284500000000000000000
[2018-04-21T12:27:17.232] [DEBUG] trans - Receipt info:  {
	"blockHash": "0x1c52d82f0c88ff7250f7a546ed475ea20308947a82009a97e189981bfb2313e0",
	"blockNumber": 5479699,
	"contractAddress": null,
	"cumulativeGasUsed": 2062384,
	"gasUsed": 51589,
	"logs": [
		{
			"address": "0x7e9e431a0B8c4D532C745B1043c7FA29a48D4fBa",
			"blockHash": "0x1c52d82f0c88ff7250f7a546ed475ea20308947a82009a97e189981bfb2313e0",
			"blockNumber": 5479699,
			"data": "0x00000000000000000000000000000000000000000000000f6c3b0aa786a20000",
			"logIndex": 33,
			"topics": [
				"0xddf252ad1be2c89b69c2b068fc378daa952ba7f163c4a11628f55a4df523b3ef",
				"0x000000000000000000000000468b858c964f297fd8fce058032bf4b4911a8ad8",
				"0x000000000000000000000000d15ded0f2a4e5cbc3897c9c7e126c76bdd4b870a"
			],
			"transactionHash": "0xf768d68ef299bf51cc398943923dc2c54fef1e10debc3bee84636d88ca832b32",
			"transactionIndex": 54,
			"transactionLogIndex": "0x0",
			"type": "mined",
			"id": "log_1474e090"
		}
	],
	"logsBloom": "0x00000000000000000000000000020000000000000000000000000000000000000080000000000000000000000000080000000000000000000000000000000000000000000000010000000008000000000000000000000000000000000020000000000000000000000000000000000000000000000000000000000010000000000000000000000000000000000000000000000000000000000000000000000000000100000000000080000000000000000000000000000000000000010000000000001002000000000000000000000000000000000000000000000000000000000000000000000000000000000000000000000000000000000000000000000000",
	"root": null,
	"status": "0x1",
	"transactionHash": "0xf768d68ef299bf51cc398943923dc2c54fef1e10debc3bee84636d88ca832b32",
	"transactionIndex": 54
}
[2018-04-21T12:27:17.232] [DEBUG] trans - TO:   0xe8cb74b7ae4bfc3cbbfdc158b9185d749436cb17
[2018-04-21T12:27:17.232] [DEBUG] trans - AMOUNT:   284470000000000000000
[2018-04-21T12:27:17.232] [DEBUG] trans - Receipt info:  {
	"blockHash": "0x1c52d82f0c88ff7250f7a546ed475ea20308947a82009a97e189981bfb2313e0",
	"blockNumber": 5479699,
	"contractAddress": null,
	"cumulativeGasUsed": 2371982,
	"gasUsed": 51589,
	"logs": [
		{
			"address": "0x7e9e431a0B8c4D532C745B1043c7FA29a48D4fBa",
			"blockHash": "0x1c52d82f0c88ff7250f7a546ed475ea20308947a82009a97e189981bfb2313e0",
			"blockNumber": 5479699,
			"data": "0x00000000000000000000000000000000000000000000000f6bd075d0375f0000",
			"logIndex": 39,
			"topics": [
				"0xddf252ad1be2c89b69c2b068fc378daa952ba7f163c4a11628f55a4df523b3ef",
				"0x000000000000000000000000468b858c964f297fd8fce058032bf4b4911a8ad8",
				"0x000000000000000000000000e8cb74b7ae4bfc3cbbfdc158b9185d749436cb17"
			],
			"transactionHash": "0x07509ee3cd29c416a3b1c8c236b4a475ce3d482dc516323d05c06e80ce41b28d",
			"transactionIndex": 60,
			"transactionLogIndex": "0x0",
			"type": "mined",
			"id": "log_29c0b733"
		}
	],
	"logsBloom": "0x00000000000000000000000000020000000000000000000000000000000000000000000000000000000000000000000000000000000000000000000000000000000000000000010000000008000000000000080000000000000000000020000000000000000000000000010000000000000000000000000000000010000000000000000000000000000000000000000000000000000000000000000000000000000000000000000080000000000000000000000000000000000000010000000000001002000000000000000000000000000000000000000000000000000000000000000000000000000000000000000000000000020000000000000000000000",
	"root": null,
	"status": "0x1",
	"transactionHash": "0x07509ee3cd29c416a3b1c8c236b4a475ce3d482dc516323d05c06e80ce41b28d",
	"transactionIndex": 60
}
[2018-04-21T12:27:17.234] [DEBUG] trans - TO:   0xbfb848e5da32479ca580ae847100becf255b6dfb
[2018-04-21T12:27:17.234] [DEBUG] trans - AMOUNT:   284473500000000000000
[2018-04-21T12:27:17.234] [DEBUG] trans - Receipt info:  {
	"blockHash": "0x1c52d82f0c88ff7250f7a546ed475ea20308947a82009a97e189981bfb2313e0",
	"blockNumber": 5479699,
	"contractAddress": null,
	"cumulativeGasUsed": 2320393,
	"gasUsed": 51589,
	"logs": [
		{
			"address": "0x7e9e431a0B8c4D532C745B1043c7FA29a48D4fBa",
			"blockHash": "0x1c52d82f0c88ff7250f7a546ed475ea20308947a82009a97e189981bfb2313e0",
			"blockNumber": 5479699,
			"data": "0x00000000000000000000000000000000000000000000000f6bdce50b7815c000",
			"logIndex": 38,
			"topics": [
				"0xddf252ad1be2c89b69c2b068fc378daa952ba7f163c4a11628f55a4df523b3ef",
				"0x000000000000000000000000468b858c964f297fd8fce058032bf4b4911a8ad8",
				"0x000000000000000000000000bfb848e5da32479ca580ae847100becf255b6dfb"
			],
			"transactionHash": "0x9f8fdcd0a08adf1813e1d25d62306e9fcb3a484174e4a143eef9312f7986bb30",
			"transactionIndex": 59,
			"transactionLogIndex": "0x0",
			"type": "mined",
			"id": "log_ea550d57"
		}
	],
	"logsBloom": "0x00000000000000000000000000020001000000000000000000000000000000000000000000000040000000000000000000000000000000000000000000000000000000000000010000000028000000000000000000000000000000000020000000000000000000000000000000000000000000000000000000000010000000000000000000000000000000000000000000000000000000000000000000000000000000000000000080000000000000000000000000000000000000010000000000001002000000000000000000000000000000000000000000000000000000000000000000000000000000000000000000000000000000000000000000000000",
	"root": null,
	"status": "0x1",
	"transactionHash": "0x9f8fdcd0a08adf1813e1d25d62306e9fcb3a484174e4a143eef9312f7986bb30",
	"transactionIndex": 59
}
[2018-04-21T12:27:17.234] [DEBUG] trans - TO:   0xd0f2aa7f0bf24cb19695c67ca43a13aee6e99a0e
[2018-04-21T12:27:17.234] [DEBUG] trans - AMOUNT:   284463800000000000000
[2018-04-21T12:27:17.234] [DEBUG] trans - Receipt info:  {
	"blockHash": "0x1c52d82f0c88ff7250f7a546ed475ea20308947a82009a97e189981bfb2313e0",
	"blockNumber": 5479699,
	"contractAddress": null,
	"cumulativeGasUsed": 2423635,
	"gasUsed": 51653,
	"logs": [
		{
			"address": "0x7e9e431a0B8c4D532C745B1043c7FA29a48D4fBa",
			"blockHash": "0x1c52d82f0c88ff7250f7a546ed475ea20308947a82009a97e189981bfb2313e0",
			"blockNumber": 5479699,
			"data": "0x00000000000000000000000000000000000000000000000f6bba6ef239c38000",
			"logIndex": 40,
			"topics": [
				"0xddf252ad1be2c89b69c2b068fc378daa952ba7f163c4a11628f55a4df523b3ef",
				"0x000000000000000000000000468b858c964f297fd8fce058032bf4b4911a8ad8",
				"0x000000000000000000000000d0f2aa7f0bf24cb19695c67ca43a13aee6e99a0e"
			],
			"transactionHash": "0x8aa157a515034aa30b6cb156a2077b1e30fecb99d343ad6c091ff2c8448ced67",
			"transactionIndex": 61,
			"transactionLogIndex": "0x0",
			"type": "mined",
			"id": "log_114c0b6e"
		}
	],
	"logsBloom": "0x00000000000000000000000000020000000000000000000000000000000000000000000000000000000000000000000000000000000000000000000000000000000000000000010000000048000000000000000000000000000000000020000000000000000000000000000000000000000000000000000000000010000000000000000000000000000000000000000000000000000000000000000000000000000000000000000080000000000000000000000000000000000000010040000000001002000000000000000000000000000000000000000000000000000000000000000000010000000000000000000000000000000000000000000000000000",
	"root": null,
	"status": "0x1",
	"transactionHash": "0x8aa157a515034aa30b6cb156a2077b1e30fecb99d343ad6c091ff2c8448ced67",
	"transactionIndex": 61
}
[2018-04-21T12:27:17.235] [DEBUG] trans - TO:   0x4c066bf444cb0ebe1842b5726a0113dbcadd68ae
[2018-04-21T12:27:17.235] [DEBUG] trans - AMOUNT:   284433300000000000000
[2018-04-21T12:27:17.235] [DEBUG] trans - Receipt info:  {
	"blockHash": "0x1c52d82f0c88ff7250f7a546ed475ea20308947a82009a97e189981bfb2313e0",
	"blockNumber": 5479699,
	"contractAddress": null,
	"cumulativeGasUsed": 2578466,
	"gasUsed": 51653,
	"logs": [
		{
			"address": "0x7e9e431a0B8c4D532C745B1043c7FA29a48D4fBa",
			"blockHash": "0x1c52d82f0c88ff7250f7a546ed475ea20308947a82009a97e189981bfb2313e0",
			"blockNumber": 5479699,
			"data": "0x00000000000000000000000000000000000000000000000f6b4e135b981d4000",
			"logIndex": 43,
			"topics": [
				"0xddf252ad1be2c89b69c2b068fc378daa952ba7f163c4a11628f55a4df523b3ef",
				"0x000000000000000000000000468b858c964f297fd8fce058032bf4b4911a8ad8",
				"0x0000000000000000000000004c066bf444cb0ebe1842b5726a0113dbcadd68ae"
			],
			"transactionHash": "0x649d1d218aa0cdc1fe0b46d673bb560c9ce40695b3bba3b67f660e0eea47c2da",
			"transactionIndex": 64,
			"transactionLogIndex": "0x0",
			"type": "mined",
			"id": "log_fdbe777b"
		}
	],
	"logsBloom": "0x00000000000000000000000000020000000000000000000000000000000000000000000000000000000000000000000000000000000000000000000000000000000000000000010000000008000000000000000000000000000000000020000000000000000000000000000000000000000000000000000000000010000000000000000000000000000000000000000000000004000000000000000000000000020000000000000080000000000000000000000000000000000000010000000004001002000000000000000000000000000000000000000000000000000000000000000000000000000000000000000000000000000000000000000000000000",
	"root": null,
	"status": "0x1",
	"transactionHash": "0x649d1d218aa0cdc1fe0b46d673bb560c9ce40695b3bba3b67f660e0eea47c2da",
	"transactionIndex": 64
}
[2018-04-21T12:27:17.235] [DEBUG] trans - TO:   0xc9332dfb2557fe2d90d53d2aca63e8f8509868f1
[2018-04-21T12:27:17.235] [DEBUG] trans - AMOUNT:   284428200000000000000
[2018-04-21T12:27:17.235] [DEBUG] trans - Receipt info:  {
	"blockHash": "0x1c52d82f0c88ff7250f7a546ed475ea20308947a82009a97e189981bfb2313e0",
	"blockNumber": 5479699,
	"contractAddress": null,
	"cumulativeGasUsed": 2630119,
	"gasUsed": 51653,
	"logs": [
		{
			"address": "0x7e9e431a0B8c4D532C745B1043c7FA29a48D4fBa",
			"blockHash": "0x1c52d82f0c88ff7250f7a546ed475ea20308947a82009a97e189981bfb2313e0",
			"blockNumber": 5479699,
			"data": "0x00000000000000000000000000000000000000000000000f6b3bf4ef4fc28000",
			"logIndex": 44,
			"topics": [
				"0xddf252ad1be2c89b69c2b068fc378daa952ba7f163c4a11628f55a4df523b3ef",
				"0x000000000000000000000000468b858c964f297fd8fce058032bf4b4911a8ad8",
				"0x000000000000000000000000c9332dfb2557fe2d90d53d2aca63e8f8509868f1"
			],
			"transactionHash": "0xd03f2e734a498b2929a77e7aeb6eef4f16f5043b0bcd2654ce3f5b4d4873b201",
			"transactionIndex": 65,
			"transactionLogIndex": "0x0",
			"type": "mined",
			"id": "log_00ac341c"
		}
	],
	"logsBloom": "0x00000000000000000000000000020000000000001000020000000000000000000000000000000000000000000000000000000000000000000000000000000000000000000000010000000008000000000000000000000000000000000020000000000000000000000000000000000000000000000000000000000010000000000000000000000000000000000000000400000000000000000000000000000000000000000000000080000000000000000000000000000000000000010000000000001002000000000000000000000000000000000000000000000000000000000000000000000000000000000000000000000000000000000000000000000000",
	"root": null,
	"status": "0x1",
	"transactionHash": "0xd03f2e734a498b2929a77e7aeb6eef4f16f5043b0bcd2654ce3f5b4d4873b201",
	"transactionIndex": 65
}
[2018-04-21T12:27:17.235] [DEBUG] trans - TO:   0xe7bf137406ccf043bc00780edfe609fd8e3d0431
[2018-04-21T12:27:17.235] [DEBUG] trans - AMOUNT:   284440800000000000000
[2018-04-21T12:27:17.235] [DEBUG] trans - Receipt info:  {
	"blockHash": "0x1c52d82f0c88ff7250f7a546ed475ea20308947a82009a97e189981bfb2313e0",
	"blockNumber": 5479699,
	"contractAddress": null,
	"cumulativeGasUsed": 2526813,
	"gasUsed": 51525,
	"logs": [
		{
			"address": "0x7e9e431a0B8c4D532C745B1043c7FA29a48D4fBa",
			"blockHash": "0x1c52d82f0c88ff7250f7a546ed475ea20308947a82009a97e189981bfb2313e0",
			"blockNumber": 5479699,
			"data": "0x00000000000000000000000000000000000000000000000f6b68b8916bee0000",
			"logIndex": 42,
			"topics": [
				"0xddf252ad1be2c89b69c2b068fc378daa952ba7f163c4a11628f55a4df523b3ef",
				"0x000000000000000000000000468b858c964f297fd8fce058032bf4b4911a8ad8",
				"0x000000000000000000000000e7bf137406ccf043bc00780edfe609fd8e3d0431"
			],
			"transactionHash": "0xca8400ca3748e5302add809df06ddf04a7aaf15ef9aee1cfea661b3e8ba73395",
			"transactionIndex": 63,
			"transactionLogIndex": "0x0",
			"type": "mined",
			"id": "log_542c290c"
		}
	],
	"logsBloom": "0x00000000000000000008000000020000000000000000000000000000000000000000000000000000000000000000000000000000000000000000000000000000000000000000010000000008000000000000000000000000000000000020000000000000000000000000000000000000000000000000000000000010002000000000000000000000000000000000000000000000000000000000000000000000000000000000000080000000000000000000000000000000000000010000000000001002000000000000000000000000000000000000000000000000000000000000000000000000000000002000000000000000000000000000000000000000",
	"root": null,
	"status": "0x1",
	"transactionHash": "0xca8400ca3748e5302add809df06ddf04a7aaf15ef9aee1cfea661b3e8ba73395",
	"transactionIndex": 63
}
[2018-04-21T12:27:17.236] [DEBUG] trans - TO:   0xe3e237f7828f3226b2479e11a141f42b9117d74b
[2018-04-21T12:27:17.236] [DEBUG] trans - AMOUNT:   284501000000000000000
[2018-04-21T12:27:17.236] [DEBUG] trans - Receipt info:  {
	"blockHash": "0x1c52d82f0c88ff7250f7a546ed475ea20308947a82009a97e189981bfb2313e0",
	"blockNumber": 5479699,
	"contractAddress": null,
	"cumulativeGasUsed": 1907617,
	"gasUsed": 51653,
	"logs": [
		{
			"address": "0x7e9e431a0B8c4D532C745B1043c7FA29a48D4fBa",
			"blockHash": "0x1c52d82f0c88ff7250f7a546ed475ea20308947a82009a97e189981bfb2313e0",
			"blockNumber": 5479699,
			"data": "0x00000000000000000000000000000000000000000000000f6c3e98262b688000",
			"logIndex": 30,
			"topics": [
				"0xddf252ad1be2c89b69c2b068fc378daa952ba7f163c4a11628f55a4df523b3ef",
				"0x000000000000000000000000468b858c964f297fd8fce058032bf4b4911a8ad8",
				"0x000000000000000000000000e3e237f7828f3226b2479e11a141f42b9117d74b"
			],
			"transactionHash": "0xee4f22b4a82d03003a5e6f80d92fdc4395f1ad434b3a09b2a4d3c49303753372",
			"transactionIndex": 51,
			"transactionLogIndex": "0x0",
			"type": "mined",
			"id": "log_1d37b447"
		}
	],
	"logsBloom": "0x00000000000000000000000000020000000000000000000000000000000000000000000000000000000000000000000000000000000000000000000000000000000000000000010000000008000000004000000200008000000000000020000000000000000000000000000000000000000000000000000000000010000000000000000000000000000000000000000000000000000000000000000000000000000000000000000080000000000000000000000000000000000000010000000000001002000000000000000000000000000000000000000000000000000000000000000000000000000000000000000000000000000000000000000000000000",
	"root": null,
	"status": "0x1",
	"transactionHash": "0xee4f22b4a82d03003a5e6f80d92fdc4395f1ad434b3a09b2a4d3c49303753372",
	"transactionIndex": 51
}
[2018-04-21T12:27:17.236] [DEBUG] trans - TO:   0xd2710a967675540450dfd4c7d33df9b1373de081
[2018-04-21T12:27:17.236] [DEBUG] trans - AMOUNT:   284500000000000000000
[2018-04-21T12:27:17.236] [DEBUG] trans - Receipt info:  {
	"blockHash": "0x1c52d82f0c88ff7250f7a546ed475ea20308947a82009a97e189981bfb2313e0",
	"blockNumber": 5479699,
	"contractAddress": null,
	"cumulativeGasUsed": 2113973,
	"gasUsed": 51589,
	"logs": [
		{
			"address": "0x7e9e431a0B8c4D532C745B1043c7FA29a48D4fBa",
			"blockHash": "0x1c52d82f0c88ff7250f7a546ed475ea20308947a82009a97e189981bfb2313e0",
			"blockNumber": 5479699,
			"data": "0x00000000000000000000000000000000000000000000000f6c3b0aa786a20000",
			"logIndex": 34,
			"topics": [
				"0xddf252ad1be2c89b69c2b068fc378daa952ba7f163c4a11628f55a4df523b3ef",
				"0x000000000000000000000000468b858c964f297fd8fce058032bf4b4911a8ad8",
				"0x000000000000000000000000d2710a967675540450dfd4c7d33df9b1373de081"
			],
			"transactionHash": "0xf3688a99fdc7aeddce1e8b2d6e7ddec5636ff83462f6090ca2e1cec842c1f249",
			"transactionIndex": 55,
			"transactionLogIndex": "0x0",
			"type": "mined",
			"id": "log_d05afaf0"
		}
	],
	"logsBloom": "0x00000000000000000000000000020000000000000000000000000080000000000000000000000000000000000000000000000000000000000000000000000000000000000000010000000008000000000000000000000000000000000020000000000000000000000000000000000000000000000000000000000010000000000000000000000000000000000000000000000000000000000000001000000000000000000000000080000000000000000000000000000000000000010000000000001002000000000000000000000000000000000000000000000000000000000000000000800000000000000000000000000000000000000000000000000000",
	"root": null,
	"status": "0x1",
	"transactionHash": "0xf3688a99fdc7aeddce1e8b2d6e7ddec5636ff83462f6090ca2e1cec842c1f249",
	"transactionIndex": 55
}
[2018-04-21T12:27:26.242] [DEBUG] trans - TO:   0x50f24b4a0ac1e6d4d32a8b5fbaaa1c7b3ca146bc
[2018-04-21T12:27:26.242] [DEBUG] trans - AMOUNT:   284410300000000000000
[2018-04-21T12:27:26.242] [DEBUG] trans - Receipt info:  {
	"blockHash": "0xd277ac2ce7cd770b8e210132a1b437935c9244416ec257cad4f6219d7f62009a",
	"blockNumber": 5479701,
	"contractAddress": null,
	"cumulativeGasUsed": 409191,
	"gasUsed": 51653,
	"logs": [
		{
			"address": "0x7e9e431a0B8c4D532C745B1043c7FA29a48D4fBa",
			"blockHash": "0xd277ac2ce7cd770b8e210132a1b437935c9244416ec257cad4f6219d7f62009a",
			"blockNumber": 5479701,
			"data": "0x00000000000000000000000000000000000000000000000f6afc5cfaca47c000",
			"logIndex": 6,
			"topics": [
				"0xddf252ad1be2c89b69c2b068fc378daa952ba7f163c4a11628f55a4df523b3ef",
				"0x000000000000000000000000468b858c964f297fd8fce058032bf4b4911a8ad8",
				"0x00000000000000000000000050f24b4a0ac1e6d4d32a8b5fbaaa1c7b3ca146bc"
			],
			"transactionHash": "0x7af129ed21a3a4ad6c70b5bed6fb249bf754d1c53f240afce2e8b46413e23e69",
			"transactionIndex": 6,
			"transactionLogIndex": "0x0",
			"type": "mined",
			"id": "log_fa31ec20"
		}
	],
	"logsBloom": "0x00000000000000000000000000020000000000000000000000000000000000000000000000000000000000000000000000000000000000000000000000000000000000000000010000000008000000000000000000000000000000000020000000000000000000000000000000000000000000000000000000800010004000000000000000000000000000000000000000000000000000000000000000000000000000000000000080000000000000000000000000000000000000010000000000011002000000000000000000000000000000000000000000000000000000000000000000000000000000000000000000000000000000000000000000000000",
	"root": null,
	"status": "0x1",
	"transactionHash": "0x7af129ed21a3a4ad6c70b5bed6fb249bf754d1c53f240afce2e8b46413e23e69",
	"transactionIndex": 6
}
[2018-04-21T12:27:26.243] [DEBUG] trans - TO:   0x1d916456e47ca89323f0311ddf0bd5a765ba7949
[2018-04-21T12:27:26.243] [DEBUG] trans - AMOUNT:   284406600000000000000
[2018-04-21T12:27:26.243] [DEBUG] trans - Receipt info:  {
	"blockHash": "0xd277ac2ce7cd770b8e210132a1b437935c9244416ec257cad4f6219d7f62009a",
	"blockNumber": 5479701,
	"contractAddress": null,
	"cumulativeGasUsed": 1926223,
	"gasUsed": 51653,
	"logs": [
		{
			"address": "0x7e9e431a0B8c4D532C745B1043c7FA29a48D4fBa",
			"blockHash": "0xd277ac2ce7cd770b8e210132a1b437935c9244416ec257cad4f6219d7f62009a",
			"blockNumber": 5479701,
			"data": "0x00000000000000000000000000000000000000000000000f6aef37d9689c8000",
			"logIndex": 31,
			"topics": [
				"0xddf252ad1be2c89b69c2b068fc378daa952ba7f163c4a11628f55a4df523b3ef",
				"0x000000000000000000000000468b858c964f297fd8fce058032bf4b4911a8ad8",
				"0x0000000000000000000000001d916456e47ca89323f0311ddf0bd5a765ba7949"
			],
			"transactionHash": "0x6f6652662e47725bdd4bfdcad9cc3297bfce17fbe489ca6ec0b545364e3408a9",
			"transactionIndex": 41,
			"transactionLogIndex": "0x0",
			"type": "mined",
			"id": "log_26427ba1"
		}
	],
	"logsBloom": "0x00000000000000000000000000020000000000000000000000000000000000000000000000000000000000000000000002000000000000000000000000000000000000000000010000000008000000000000000000000000000000000020000000000000000000000000000000000000000000000000000000000010000000000000000000000000000000000000000000000000000000000000000000000000000000000000000080000000000000100000000000000000000000010000000040001002000000000000000000000000000000000000000000000000000000000000000000000000000000000000000000000000000000000000000000000000",
	"root": null,
	"status": "0x1",
	"transactionHash": "0x6f6652662e47725bdd4bfdcad9cc3297bfce17fbe489ca6ec0b545364e3408a9",
	"transactionIndex": 41
}
[2018-04-21T12:27:26.243] [DEBUG] trans - TO:   0x178667f7d5a632674ada01a5b7a293511f499ddc
[2018-04-21T12:27:26.243] [DEBUG] trans - AMOUNT:   284401800000000000000
[2018-04-21T12:27:26.243] [DEBUG] trans - Receipt info:  {
	"blockHash": "0xd277ac2ce7cd770b8e210132a1b437935c9244416ec257cad4f6219d7f62009a",
	"blockNumber": 5479701,
	"contractAddress": null,
	"cumulativeGasUsed": 2183979,
	"gasUsed": 51653,
	"logs": [
		{
			"address": "0x7e9e431a0B8c4D532C745B1043c7FA29a48D4fBa",
			"blockHash": "0xd277ac2ce7cd770b8e210132a1b437935c9244416ec257cad4f6219d7f62009a",
			"blockNumber": 5479701,
			"data": "0x00000000000000000000000000000000000000000000000f6ade2a4651b08000",
			"logIndex": 33,
			"topics": [
				"0xddf252ad1be2c89b69c2b068fc378daa952ba7f163c4a11628f55a4df523b3ef",
				"0x000000000000000000000000468b858c964f297fd8fce058032bf4b4911a8ad8",
				"0x000000000000000000000000178667f7d5a632674ada01a5b7a293511f499ddc"
			],
			"transactionHash": "0x81d1724cef452b16f2da2353910885c09a921f71aae57b316ebf1a606d44e485",
			"transactionIndex": 44,
			"transactionLogIndex": "0x0",
			"type": "mined",
			"id": "log_61fa1488"
		}
	],
	"logsBloom": "0x00000000000000000000000000020000000000000000000000000000000000000000000000000000000000000000000000000000000000000010000000000000000000000000010000000008000000000000000000000000000000000020000000000000000000000000000000000000000000000000000000000010000000000000000000000000000000000000000000000000000000000000000000000000000000000000000080000000000000000000000000000000000000010000000002001002000000000000000000000000000000000000000000000000000000000000004000000000000000000000000000000000000000000000000000000000",
	"root": null,
	"status": "0x1",
	"transactionHash": "0x81d1724cef452b16f2da2353910885c09a921f71aae57b316ebf1a606d44e485",
	"transactionIndex": 44
}
[2018-04-21T12:27:26.244] [DEBUG] trans - TO:   0x32ebd5af4663c258906db53c8d94facea3963fdc
[2018-04-21T12:27:26.244] [DEBUG] trans - AMOUNT:   284400000000000000000
[2018-04-21T12:27:26.244] [DEBUG] trans - Receipt info:  {
	"blockHash": "0xd277ac2ce7cd770b8e210132a1b437935c9244416ec257cad4f6219d7f62009a",
	"blockNumber": 5479701,
	"contractAddress": null,
	"cumulativeGasUsed": 2420671,
	"gasUsed": 51589,
	"logs": [
		{
			"address": "0x7e9e431a0B8c4D532C745B1043c7FA29a48D4fBa",
			"blockHash": "0xd277ac2ce7cd770b8e210132a1b437935c9244416ec257cad4f6219d7f62009a",
			"blockNumber": 5479701,
			"data": "0x00000000000000000000000000000000000000000000000f6ad7c52f29180000",
			"logIndex": 35,
			"topics": [
				"0xddf252ad1be2c89b69c2b068fc378daa952ba7f163c4a11628f55a4df523b3ef",
				"0x000000000000000000000000468b858c964f297fd8fce058032bf4b4911a8ad8",
				"0x00000000000000000000000032ebd5af4663c258906db53c8d94facea3963fdc"
			],
			"transactionHash": "0x6d34494760f0c3324bc786a138d6f4ec48d5fd5d6f1476bba897c4f811caa16c",
			"transactionIndex": 46,
			"transactionLogIndex": "0x0",
			"type": "mined",
			"id": "log_7bca2715"
		}
	],
	"logsBloom": "0x00000000000000000000000000020000000000000000000000000000000000000000000000000000000000000000000000000000000000000000000000000000000000000000010000000008000000000000000000000000000000000020000000000000000000000000000000000000000000000000000000000010000000000000000000000000000000000000000000000000000000000000000000000000000000000000000080000000000000000000000000000000000000090000000000001002000000000000000000000000000000000000000000000000000000000000080000000000000000000000000000000000000000000008000000000000",
	"root": null,
	"status": "0x1",
	"transactionHash": "0x6d34494760f0c3324bc786a138d6f4ec48d5fd5d6f1476bba897c4f811caa16c",
	"transactionIndex": 46
}
[2018-04-21T12:27:26.244] [DEBUG] trans - TO:   0x59e8ee43b721b039b72da7b45b5c44b2ef9c3b0f
[2018-04-21T12:27:26.244] [DEBUG] trans - AMOUNT:   284360000000000000000
[2018-04-21T12:27:26.244] [DEBUG] trans - Receipt info:  {
	"blockHash": "0xd277ac2ce7cd770b8e210132a1b437935c9244416ec257cad4f6219d7f62009a",
	"blockNumber": 5479701,
	"contractAddress": null,
	"cumulativeGasUsed": 2472260,
	"gasUsed": 51589,
	"logs": [
		{
			"address": "0x7e9e431a0B8c4D532C745B1043c7FA29a48D4fBa",
			"blockHash": "0xd277ac2ce7cd770b8e210132a1b437935c9244416ec257cad4f6219d7f62009a",
			"blockNumber": 5479701,
			"data": "0x00000000000000000000000000000000000000000000000f6a49a9656a140000",
			"logIndex": 36,
			"topics": [
				"0xddf252ad1be2c89b69c2b068fc378daa952ba7f163c4a11628f55a4df523b3ef",
				"0x000000000000000000000000468b858c964f297fd8fce058032bf4b4911a8ad8",
				"0x00000000000000000000000059e8ee43b721b039b72da7b45b5c44b2ef9c3b0f"
			],
			"transactionHash": "0x39cb3fb2075d653545276cf1a424db318aa7f89127ab5d123db7ab785f529883",
			"transactionIndex": 47,
			"transactionLogIndex": "0x0",
			"type": "mined",
			"id": "log_a0ad4608"
		}
	],
	"logsBloom": "0x00000000000000000000000000020000000200000000000000000000000000000000000000000000000000000000000000000000000000000000000000000000000000000000010000000008001000000000000000000000000000000020000000000000000000000000000008000000000000000000000000000010000000000000000000000000000000000000000000000000000000000000000000000000000000000000000080000000000000000000000000000000000000010000000000001002000000000000000000000000000000000000000000000000000000000000000000000000000000000000000000000000000000000000000000000000",
	"root": null,
	"status": "0x1",
	"transactionHash": "0x39cb3fb2075d653545276cf1a424db318aa7f89127ab5d123db7ab785f529883",
	"transactionIndex": 47
}
