[2018-04-22T13:59:24.409] [DEBUG] trans - TO:   0x33a20c6d57ae360247c472df49a837b72063454a
[2018-04-22T13:59:24.410] [DEBUG] trans - AMOUNT:   400492200000000000000
[2018-04-22T13:59:24.410] [DEBUG] trans - Receipt info:  {
	"blockHash": "0x6ec42f1ea8f0141824054b9b78c183e44a989faa74dc1a6cb52421113738c6cc",
	"blockNumber": 5485962,
	"contractAddress": null,
	"cumulativeGasUsed": 888485,
	"gasUsed": 51589,
	"logs": [
		{
			"address": "0x7e9e431a0B8c4D532C745B1043c7FA29a48D4fBa",
			"blockHash": "0x6ec42f1ea8f0141824054b9b78c183e44a989faa74dc1a6cb52421113738c6cc",
			"blockNumber": 5485962,
			"data": "0x000000000000000000000000000000000000000000000015b5f21e005ab28000",
			"logIndex": 7,
			"topics": [
				"0xddf252ad1be2c89b69c2b068fc378daa952ba7f163c4a11628f55a4df523b3ef",
				"0x000000000000000000000000468b858c964f297fd8fce058032bf4b4911a8ad8",
				"0x00000000000000000000000033a20c6d57ae360247c472df49a837b72063454a"
			],
			"transactionHash": "0x2743a0392159c420b56ba77bcb3985fe6d9fa54ce688c9d9f4d21392d1f33ec8",
			"transactionIndex": 17,
			"transactionLogIndex": "0x0",
			"type": "mined",
			"id": "log_1c6b32a0"
		}
	],
	"logsBloom": "0x0000000000000000000000000002000000000000000000000000000000000000000000000000000000000000000000000000000000000000000000000000000000000000000001000000000c000000000000000000000000000000000020000000000000000000000000000000000000000000000000000000000010000000000000000000000000000000000000000000000000000000000000000000000000000000000000000080000000000000000000000000000000000000010000000000001002000000000000000000000000000000000000000000000010000000000000000000000000000100000000000000000000000000000000000000000000",
	"root": null,
	"status": "0x1",
	"transactionHash": "0x2743a0392159c420b56ba77bcb3985fe6d9fa54ce688c9d9f4d21392d1f33ec8",
	"transactionIndex": 17
}
[2018-04-22T13:59:24.412] [DEBUG] trans - TO:   0x128297a306690442d9c6dc5be35be23183c6b364
[2018-04-22T13:59:24.412] [DEBUG] trans - AMOUNT:   400480200000000000000
[2018-04-22T13:59:24.412] [DEBUG] trans - Receipt info:  {
	"blockHash": "0x6ec42f1ea8f0141824054b9b78c183e44a989faa74dc1a6cb52421113738c6cc",
	"blockNumber": 5485962,
	"contractAddress": null,
	"cumulativeGasUsed": 3412286,
	"gasUsed": 51653,
	"logs": [
		{
			"address": "0x7e9e431a0B8c4D532C745B1043c7FA29a48D4fBa",
			"blockHash": "0x6ec42f1ea8f0141824054b9b78c183e44a989faa74dc1a6cb52421113738c6cc",
			"blockNumber": 5485962,
			"data": "0x000000000000000000000000000000000000000000000015b5c77c10a1648000",
			"logIndex": 49,
			"topics": [
				"0xddf252ad1be2c89b69c2b068fc378daa952ba7f163c4a11628f55a4df523b3ef",
				"0x000000000000000000000000468b858c964f297fd8fce058032bf4b4911a8ad8",
				"0x000000000000000000000000128297a306690442d9c6dc5be35be23183c6b364"
			],
			"transactionHash": "0x24836040f2c8c2dbed82e5e352f0bdecca9b95aec7d89d75964c0cc27c6e3653",
			"transactionIndex": 62,
			"transactionLogIndex": "0x0",
			"type": "mined",
			"id": "log_97b8a27a"
		}
	],
	"logsBloom": "0x00000000000000000000000000020000000000000000020000000000000000000000000000000000000000000000000000000000000000000000000000000000000000000000010000000008000000000000000000000000000000000030000000000000000000000000000000000000000000000000000000000010000000000000000000000000000000000000400000000000000000000000000000000000000000000000000080000000000000000000000000000000000000010000000000001002000000000000000000000000000000000000000000000000000000000000000000000000000000000000000000000000000000000000000000000000",
	"root": null,
	"status": "0x1",
	"transactionHash": "0x24836040f2c8c2dbed82e5e352f0bdecca9b95aec7d89d75964c0cc27c6e3653",
	"transactionIndex": 62
}
[2018-04-22T14:00:04.464] [DEBUG] trans - TO:   0x9f6bee6899ccd70cf776107ca787cd88dcca0b37
[2018-04-22T14:00:04.464] [DEBUG] trans - AMOUNT:   400480200000000000000
[2018-04-22T14:00:04.464] [DEBUG] trans - Receipt info:  {
	"blockHash": "0x59280509a3ad94768a1f9cb6843716fe6528171ed5a907f38a235bd6713df04a",
	"blockNumber": 5485965,
	"contractAddress": null,
	"cumulativeGasUsed": 564861,
	"gasUsed": 51653,
	"logs": [
		{
			"address": "0x7e9e431a0B8c4D532C745B1043c7FA29a48D4fBa",
			"blockHash": "0x59280509a3ad94768a1f9cb6843716fe6528171ed5a907f38a235bd6713df04a",
			"blockNumber": 5485965,
			"data": "0x000000000000000000000000000000000000000000000015b5c77c10a1648000",
			"logIndex": 9,
			"topics": [
				"0xddf252ad1be2c89b69c2b068fc378daa952ba7f163c4a11628f55a4df523b3ef",
				"0x000000000000000000000000468b858c964f297fd8fce058032bf4b4911a8ad8",
				"0x0000000000000000000000009f6bee6899ccd70cf776107ca787cd88dcca0b37"
			],
			"transactionHash": "0xa281fd39e56b076094301ab1e89a98560e81715edf4a73e8c681c2126e1128ad",
			"transactionIndex": 14,
			"transactionLogIndex": "0x0",
			"type": "mined",
			"id": "log_98304566"
		}
	],
	"logsBloom": "0x00000000000000000000000000020000000000000000000000000000000000000000000000000000000000000000000000000000000000000000000000000000000000000000010000000008000000000000000000000000000000000020000000000000000000000000100000000000000000000000000000000010000000000000000000000000000000000000000000000000000000000000000000000000000000000000000080000000000000000000000000000000000000010000000000001002000000000000000000000000000000000000000000000000000000001000000000000000000000000200000000000000000000000000000000000000",
	"root": null,
	"status": "0x1",
	"transactionHash": "0xa281fd39e56b076094301ab1e89a98560e81715edf4a73e8c681c2126e1128ad",
	"transactionIndex": 14
}
[2018-04-22T14:00:42.510] [DEBUG] trans - TO:   0xa0a0536d801f26d140762e2954850d928061194e
[2018-04-22T14:00:42.510] [DEBUG] trans - AMOUNT:   400464300000000000000
[2018-04-22T14:00:42.510] [DEBUG] trans - Receipt info:  {
	"blockHash": "0x0aa296de467d5c208a116eb3d6e9d8043e431022f4e86a46d9addb013b0d098b",
	"blockNumber": 5485967,
	"contractAddress": null,
	"cumulativeGasUsed": 2436876,
	"gasUsed": 51653,
	"logs": [
		{
			"address": "0x7e9e431a0B8c4D532C745B1043c7FA29a48D4fBa",
			"blockHash": "0x0aa296de467d5c208a116eb3d6e9d8043e431022f4e86a46d9addb013b0d098b",
			"blockNumber": 5485967,
			"data": "0x000000000000000000000000000000000000000000000015b58eff196576c000",
			"logIndex": 14,
			"topics": [
				"0xddf252ad1be2c89b69c2b068fc378daa952ba7f163c4a11628f55a4df523b3ef",
				"0x000000000000000000000000468b858c964f297fd8fce058032bf4b4911a8ad8",
				"0x000000000000000000000000a0a0536d801f26d140762e2954850d928061194e"
			],
			"transactionHash": "0x2fc508320d8ed1ed259fcc8ea101f396a54f80aa570cf7d57535a1f9f1141349",
			"transactionIndex": 29,
			"transactionLogIndex": "0x0",
			"type": "mined",
			"id": "log_7ac3ac37"
		}
	],
	"logsBloom": "0x00000000000000000000000000020000000000000000000000000000000400000000000000000000000000000000100000000000000000000000000000000000000000000000010000000008000000000000000000000000000000000020000000000000000000000000000000000000000000000000000000000010000000000000000000000000000000000000000000000000000000000000000000000000000000000000000080000000000000000000000000000000000000010000000008001002000000000000000000000000000000000000000000000000000000000000000000000000000000000000000000000000000000000000000000000000",
	"root": null,
	"status": "0x1",
	"transactionHash": "0x2fc508320d8ed1ed259fcc8ea101f396a54f80aa570cf7d57535a1f9f1141349",
	"transactionIndex": 29
}
[2018-04-22T14:01:14.553] [DEBUG] trans - TO:   0x2a507d3911d1f677e0c30714d0c9e7ba7a83507c
[2018-04-22T14:01:14.554] [DEBUG] trans - AMOUNT:   400463700000000000000
[2018-04-22T14:01:14.554] [DEBUG] trans - Receipt info:  {
	"blockHash": "0x8ba7ad00994c13dd4186998945455a66ef18683e9af782feec33113c0ddb2b86",
	"blockNumber": 5485968,
	"contractAddress": null,
	"cumulativeGasUsed": 3032758,
	"gasUsed": 51653,
	"logs": [
		{
			"address": "0x7e9e431a0B8c4D532C745B1043c7FA29a48D4fBa",
			"blockHash": "0x8ba7ad00994c13dd4186998945455a66ef18683e9af782feec33113c0ddb2b86",
			"blockNumber": 5485968,
			"data": "0x000000000000000000000000000000000000000000000015b58cdd6702994000",
			"logIndex": 38,
			"topics": [
				"0xddf252ad1be2c89b69c2b068fc378daa952ba7f163c4a11628f55a4df523b3ef",
				"0x000000000000000000000000468b858c964f297fd8fce058032bf4b4911a8ad8",
				"0x0000000000000000000000002a507d3911d1f677e0c30714d0c9e7ba7a83507c"
			],
			"transactionHash": "0xa3e2d25a7d773db52aecaeb457a176b2a07213f134f69cd885c67f12308840a6",
			"transactionIndex": 82,
			"transactionLogIndex": "0x0",
			"type": "mined",
			"id": "log_efffea4e"
		}
	],
	"logsBloom": "0x00000000000000000000000000020000000000000000080000000000000000000000000000000000000000000000000000000200000000000000000000000000000000000000010000000008000000000000000000000000000000000020000000000000000000000000000000000000000000000000000000000010000000000000000000000000000000000000000000000000000000000000000000000000000000000000000080000000000000000000000000000000000000010000000000001002000000000000000000000000000000000000000000000100000000000000000000000000000000000000000000000000000000000000000000000000",
	"root": null,
	"status": "0x1",
	"transactionHash": "0xa3e2d25a7d773db52aecaeb457a176b2a07213f134f69cd885c67f12308840a6",
	"transactionIndex": 82
}
[2018-04-22T14:01:25.566] [DEBUG] trans - TO:   0x55b1993173d3b878e127d6b90e8ed6fe388815c1
[2018-04-22T14:01:25.566] [DEBUG] trans - AMOUNT:   400457800000000000000
[2018-04-22T14:01:25.566] [DEBUG] trans - Receipt info:  {
	"blockHash": "0xf7412cb428dcbec04e3c1a6f203722b1c3e19d6ef8062b6785df10c61aaa0fb0",
	"blockNumber": 5485969,
	"contractAddress": null,
	"cumulativeGasUsed": 1444409,
	"gasUsed": 51653,
	"logs": [
		{
			"address": "0x7e9e431a0B8c4D532C745B1043c7FA29a48D4fBa",
			"blockHash": "0xf7412cb428dcbec04e3c1a6f203722b1c3e19d6ef8062b6785df10c61aaa0fb0",
			"blockNumber": 5485969,
			"data": "0x000000000000000000000000000000000000000000000015b577e762366c8000",
			"logIndex": 19,
			"topics": [
				"0xddf252ad1be2c89b69c2b068fc378daa952ba7f163c4a11628f55a4df523b3ef",
				"0x000000000000000000000000468b858c964f297fd8fce058032bf4b4911a8ad8",
				"0x00000000000000000000000055b1993173d3b878e127d6b90e8ed6fe388815c1"
			],
			"transactionHash": "0x8e0f6998ae8fbab64a2119d392fcae2920033dce631f98c12444755cae1231c4",
			"transactionIndex": 45,
			"transactionLogIndex": "0x0",
			"type": "mined",
			"id": "log_b801d4ad"
		}
	],
	"logsBloom": "0x00000000000000000000000000020000000040000000000000000000000000000000000000000000000000040000000000000000000000000000000000000000000000000000010000000008000000000000000000000000000000000020000000000000000000000000000000000000000000000000000000000010000000000000000000000000000000000000000000000000000000000000000000000000000000000000000080000000000000000000000000000000000000010000000000001002000000000000000000000000000000000000000000000000000000000000000000000000000000000000000000000000004000000000000000000000",
	"root": null,
	"status": "0x1",
	"transactionHash": "0x8e0f6998ae8fbab64a2119d392fcae2920033dce631f98c12444755cae1231c4",
	"transactionIndex": 45
}
[2018-04-22T14:01:48.598] [DEBUG] trans - TO:   0xce68650c793164a4fe14d662077eb11b6b728a2e
[2018-04-22T14:01:48.598] [DEBUG] trans - AMOUNT:   400451000000000000000
[2018-04-22T14:01:48.598] [DEBUG] trans - Receipt info:  {
	"blockHash": "0xf54ca8f59c27892e557d8fed5c47a7aead47baa0c6350b720c6bd0a3f0a948ef",
	"blockNumber": 5485971,
	"contractAddress": null,
	"cumulativeGasUsed": 3354214,
	"gasUsed": 51653,
	"logs": [
		{
			"address": "0x7e9e431a0B8c4D532C745B1043c7FA29a48D4fBa",
			"blockHash": "0xf54ca8f59c27892e557d8fed5c47a7aead47baa0c6350b720c6bd0a3f0a948ef",
			"blockNumber": 5485971,
			"data": "0x000000000000000000000000000000000000000000000015b55fbed1d5f38000",
			"logIndex": 45,
			"topics": [
				"0xddf252ad1be2c89b69c2b068fc378daa952ba7f163c4a11628f55a4df523b3ef",
				"0x000000000000000000000000468b858c964f297fd8fce058032bf4b4911a8ad8",
				"0x000000000000000000000000ce68650c793164a4fe14d662077eb11b6b728a2e"
			],
			"transactionHash": "0x7704a4edeec8a47c78edef0117daa34ffe1de0faa618ec04645631cbca52b4dd",
			"transactionIndex": 113,
			"transactionLogIndex": "0x0",
			"type": "mined",
			"id": "log_c6a8133e"
		}
	],
	"logsBloom": "0x00000000000000000000000000020000010000000000000000000000000000000000000000000000000000000000000000000000000000000000000000000000000000000000010000000008000000000000000000000000001000000020000000000000000000000000000000000000000000000000000000000010000000000000000000000000000000000000000000000000000000000000000000000000000000000000000080000000000000000000000000000000000000010000000000001002000000000000000000000000000000000000000000000000000000000000000000000000000000000000000000000000000000000000000000000800",
	"root": null,
	"status": "0x1",
	"transactionHash": "0x7704a4edeec8a47c78edef0117daa34ffe1de0faa618ec04645631cbca52b4dd",
	"transactionIndex": 113
}
[2018-04-22T14:01:48.599] [DEBUG] trans - TO:   0xf419bf4d4a3ba0504741bb74aebbb7478de76977
[2018-04-22T14:01:48.599] [DEBUG] trans - AMOUNT:   400454000000000000000
[2018-04-22T14:01:48.599] [DEBUG] trans - Receipt info:  {
	"blockHash": "0xf54ca8f59c27892e557d8fed5c47a7aead47baa0c6350b720c6bd0a3f0a948ef",
	"blockNumber": 5485971,
	"contractAddress": null,
	"cumulativeGasUsed": 3199319,
	"gasUsed": 51589,
	"logs": [
		{
			"address": "0x7e9e431a0B8c4D532C745B1043c7FA29a48D4fBa",
			"blockHash": "0xf54ca8f59c27892e557d8fed5c47a7aead47baa0c6350b720c6bd0a3f0a948ef",
			"blockNumber": 5485971,
			"data": "0x000000000000000000000000000000000000000000000015b56a674dc4470000",
			"logIndex": 42,
			"topics": [
				"0xddf252ad1be2c89b69c2b068fc378daa952ba7f163c4a11628f55a4df523b3ef",
				"0x000000000000000000000000468b858c964f297fd8fce058032bf4b4911a8ad8",
				"0x000000000000000000000000f419bf4d4a3ba0504741bb74aebbb7478de76977"
			],
			"transactionHash": "0x66b32f8f6239b700e49313122f85c963c0eb2f8e45ac0c7c21fe199be1f91ee6",
			"transactionIndex": 110,
			"transactionLogIndex": "0x0",
			"type": "mined",
			"id": "log_70dbbdef"
		}
	],
	"logsBloom": "0x00000010000000000000000000020000000000000000000000000000000000000000000000000000000000000000000000000000000000000000000000000000000000000000010000000008000000000000000000000000000000000020000000000000000000000000000000000000000000000000000000000010000000000000000000020000000000000000000000000000000000000000000000000000000000000000000080000000000000000000000000000000000000010000000000001002000000000000000000000000000000000000000000000000000000000000000000000000000000000000000000000000020000000000000000000000",
	"root": null,
	"status": "0x1",
	"transactionHash": "0x66b32f8f6239b700e49313122f85c963c0eb2f8e45ac0c7c21fe199be1f91ee6",
	"transactionIndex": 110
}
[2018-04-22T14:01:48.599] [DEBUG] trans - TO:   0xe88a4ef18e317323af7c0e56886b76529c5bcf68
[2018-04-22T14:01:48.599] [DEBUG] trans - AMOUNT:   400453100000000000000
[2018-04-22T14:01:48.599] [DEBUG] trans - Receipt info:  {
	"blockHash": "0xf54ca8f59c27892e557d8fed5c47a7aead47baa0c6350b720c6bd0a3f0a948ef",
	"blockNumber": 5485971,
	"contractAddress": null,
	"cumulativeGasUsed": 3250972,
	"gasUsed": 51653,
	"logs": [
		{
			"address": "0x7e9e431a0B8c4D532C745B1043c7FA29a48D4fBa",
			"blockHash": "0xf54ca8f59c27892e557d8fed5c47a7aead47baa0c6350b720c6bd0a3f0a948ef",
			"blockNumber": 5485971,
			"data": "0x000000000000000000000000000000000000000000000015b56734c22ffac000",
			"logIndex": 43,
			"topics": [
				"0xddf252ad1be2c89b69c2b068fc378daa952ba7f163c4a11628f55a4df523b3ef",
				"0x000000000000000000000000468b858c964f297fd8fce058032bf4b4911a8ad8",
				"0x000000000000000000000000e88a4ef18e317323af7c0e56886b76529c5bcf68"
			],
			"transactionHash": "0x33664d0fab718a86027dda5908d4e593661fe4cb293a90ff4196c816f7c9edd2",
			"transactionIndex": 111,
			"transactionLogIndex": "0x0",
			"type": "mined",
			"id": "log_f25c9af9"
		}
	],
	"logsBloom": "0x00000000000000000000000000020000000020000000000000000000000000000000000000000000000000000000000000000000000000000000000000000000000000000000010000000008000000000000000000000000000000000020000000000000000000000000000000000000002000000000000000000010000000000000000000000000000000000000000000000000000000000000000000000000000000000000000080000000000000000000000000000000000000010000000000001002000000200000000000000000000000000000000000000000000000000000000000000000000000000000000000000000000000000000000000000000",
	"root": null,
	"status": "0x1",
	"transactionHash": "0x33664d0fab718a86027dda5908d4e593661fe4cb293a90ff4196c816f7c9edd2",
	"transactionIndex": 111
}
[2018-04-22T14:01:48.600] [DEBUG] trans - TO:   0xb9f62c1777d72a30b6bfdd2dc4ac02e4bccea7a9
[2018-04-22T14:01:48.600] [DEBUG] trans - AMOUNT:   400457300000000000000
[2018-04-22T14:01:48.600] [DEBUG] trans - Receipt info:  {
	"blockHash": "0xf54ca8f59c27892e557d8fed5c47a7aead47baa0c6350b720c6bd0a3f0a948ef",
	"blockNumber": 5485971,
	"contractAddress": null,
	"cumulativeGasUsed": 3147730,
	"gasUsed": 51653,
	"logs": [
		{
			"address": "0x7e9e431a0B8c4D532C745B1043c7FA29a48D4fBa",
			"blockHash": "0xf54ca8f59c27892e557d8fed5c47a7aead47baa0c6350b720c6bd0a3f0a948ef",
			"blockNumber": 5485971,
			"data": "0x000000000000000000000000000000000000000000000015b57620a2e4094000",
			"logIndex": 41,
			"topics": [
				"0xddf252ad1be2c89b69c2b068fc378daa952ba7f163c4a11628f55a4df523b3ef",
				"0x000000000000000000000000468b858c964f297fd8fce058032bf4b4911a8ad8",
				"0x000000000000000000000000b9f62c1777d72a30b6bfdd2dc4ac02e4bccea7a9"
			],
			"transactionHash": "0xf041ff93b81b84615f34f81d4c53f34d91cb7a683188e130c4a6c037c81cf443",
			"transactionIndex": 109,
			"transactionLogIndex": "0x0",
			"type": "mined",
			"id": "log_46281592"
		}
	],
	"logsBloom": "0x00000000000000000000000000020000000000000000000000000000000000000000000000000000000000000000000000000000000000000000000000000000000000000000010000000008000000000000000000000000000000000020000000000000020000000000000000000400000000000000000000000010000000000000000000000000000000000000000000000000020000000000000000000000000000000000000080000000000000000000000000000000000000010000000000001002000000000000000000000000000000000000000000000000000000000000000000000000000000000000000000000000000000000000000000000000",
	"root": null,
	"status": "0x1",
	"transactionHash": "0xf041ff93b81b84615f34f81d4c53f34d91cb7a683188e130c4a6c037c81cf443",
	"transactionIndex": 109
}
[2018-04-22T14:01:48.600] [DEBUG] trans - TO:   0xc0c680d5d2dd605bc0fc9882398fae9d1df952ae
[2018-04-22T14:01:48.600] [DEBUG] trans - AMOUNT:   400449000000000000000
[2018-04-22T14:01:48.600] [DEBUG] trans - Receipt info:  {
	"blockHash": "0xf54ca8f59c27892e557d8fed5c47a7aead47baa0c6350b720c6bd0a3f0a948ef",
	"blockNumber": 5485971,
	"contractAddress": null,
	"cumulativeGasUsed": 3457456,
	"gasUsed": 51653,
	"logs": [
		{
			"address": "0x7e9e431a0B8c4D532C745B1043c7FA29a48D4fBa",
			"blockHash": "0xf54ca8f59c27892e557d8fed5c47a7aead47baa0c6350b720c6bd0a3f0a948ef",
			"blockNumber": 5485971,
			"data": "0x000000000000000000000000000000000000000000000015b558a3d48c668000",
			"logIndex": 47,
			"topics": [
				"0xddf252ad1be2c89b69c2b068fc378daa952ba7f163c4a11628f55a4df523b3ef",
				"0x000000000000000000000000468b858c964f297fd8fce058032bf4b4911a8ad8",
				"0x000000000000000000000000c0c680d5d2dd605bc0fc9882398fae9d1df952ae"
			],
			"transactionHash": "0x499fff2dfe26b53069c8f5b0758f249d3eb1d79cb66288b56501029960d92a72",
			"transactionIndex": 115,
			"transactionLogIndex": "0x0",
			"type": "mined",
			"id": "log_03f5dacf"
		}
	],
	"logsBloom": "0x00000000000000000000000000020000000000000000000000000000000000000000000000000000000000000000000000000000000000000000000000000000000000000000010000000008000000000000000000000000000000000020000000000000000000004000000000000000000000000000000000000010000000000000000000000000000040000000000000000000000000000000000000000000000000000000000080000000000000000000000020000000000000010000000000001002000000000000000000000000000000000000000000000000000000000000000000000000000000000000000000000000000000000000000000000000",
	"root": null,
	"status": "0x1",
	"transactionHash": "0x499fff2dfe26b53069c8f5b0758f249d3eb1d79cb66288b56501029960d92a72",
	"transactionIndex": 115
}
[2018-04-22T14:01:48.600] [DEBUG] trans - TO:   0xf6184391afb440b02c7e25a6c34bfedcb920c08d
[2018-04-22T14:01:48.601] [DEBUG] trans - AMOUNT:   400437100000000000000
[2018-04-22T14:01:48.601] [DEBUG] trans - Receipt info:  {
	"blockHash": "0xf54ca8f59c27892e557d8fed5c47a7aead47baa0c6350b720c6bd0a3f0a948ef",
	"blockNumber": 5485971,
	"contractAddress": null,
	"cumulativeGasUsed": 3612287,
	"gasUsed": 51653,
	"logs": [
		{
			"address": "0x7e9e431a0B8c4D532C745B1043c7FA29a48D4fBa",
			"blockHash": "0xf54ca8f59c27892e557d8fed5c47a7aead47baa0c6350b720c6bd0a3f0a948ef",
			"blockNumber": 5485971,
			"data": "0x000000000000000000000000000000000000000000000015b52e5cd7e392c000",
			"logIndex": 50,
			"topics": [
				"0xddf252ad1be2c89b69c2b068fc378daa952ba7f163c4a11628f55a4df523b3ef",
				"0x000000000000000000000000468b858c964f297fd8fce058032bf4b4911a8ad8",
				"0x000000000000000000000000f6184391afb440b02c7e25a6c34bfedcb920c08d"
			],
			"transactionHash": "0x4de3b4c956f79a57a769aa30906f0a8cbe03e75b0d46171a7a9694d02c71c9fe",
			"transactionIndex": 118,
			"transactionLogIndex": "0x0",
			"type": "mined",
			"id": "log_c0183e19"
		}
	],
	"logsBloom": "0x00000000000000000000000000020000000000000000000000000000000000000000000000000000000000000000000000000000000000000000000000000000000000000000010000000008000000000000000000000000000000000020000000000000000000000000000000000000000000000000000000000010000000000000000000000000000000000000000000000000000000000000000000000000000000000000000080000000000000000000000000000004000000010000000000001002000000000000000000000000000000000000000000000000000000000000000000000000000000000000000000004000000000000000000000000000",
	"root": null,
	"status": "0x1",
	"transactionHash": "0x4de3b4c956f79a57a769aa30906f0a8cbe03e75b0d46171a7a9694d02c71c9fe",
	"transactionIndex": 118
}
[2018-04-22T14:01:48.601] [DEBUG] trans - TO:   0xcec1a5cdc6b5a9c231247d55cc55aff6de7cc10b
[2018-04-22T14:01:48.601] [DEBUG] trans - AMOUNT:   400452000000000000000
[2018-04-22T14:01:48.601] [DEBUG] trans - Receipt info:  {
	"blockHash": "0xf54ca8f59c27892e557d8fed5c47a7aead47baa0c6350b720c6bd0a3f0a948ef",
	"blockNumber": 5485971,
	"contractAddress": null,
	"cumulativeGasUsed": 3302561,
	"gasUsed": 51589,
	"logs": [
		{
			"address": "0x7e9e431a0B8c4D532C745B1043c7FA29a48D4fBa",
			"blockHash": "0xf54ca8f59c27892e557d8fed5c47a7aead47baa0c6350b720c6bd0a3f0a948ef",
			"blockNumber": 5485971,
			"data": "0x000000000000000000000000000000000000000000000015b5634c507aba0000",
			"logIndex": 44,
			"topics": [
				"0xddf252ad1be2c89b69c2b068fc378daa952ba7f163c4a11628f55a4df523b3ef",
				"0x000000000000000000000000468b858c964f297fd8fce058032bf4b4911a8ad8",
				"0x000000000000000000000000cec1a5cdc6b5a9c231247d55cc55aff6de7cc10b"
			],
			"transactionHash": "0xf13d43c2221873f1531691e201b0b104ad4877af6d5498303894436aea1d9e7a",
			"transactionIndex": 112,
			"transactionLogIndex": "0x0",
			"type": "mined",
			"id": "log_7aa08f52"
		}
	],
	"logsBloom": "0x00000000000000000000000000220000000000000000000000000000000000000000000000000000000000000000000000000000000000000000000000000000000000000000010000000008000000000000000000000000000000000020000000000000000000000000000000000000000000000000000000000010000000000000000000000000000000000000000000000000000000000000000000000000000000000000000080000000000000000000000000000000000002010000000000001002000000010000000000000000000000000000000000000000000000000000000000000000000000000000000000000000000000000000000000000000",
	"root": null,
	"status": "0x1",
	"transactionHash": "0xf13d43c2221873f1531691e201b0b104ad4877af6d5498303894436aea1d9e7a",
	"transactionIndex": 112
}
[2018-04-22T14:01:48.602] [DEBUG] trans - TO:   0xbb5db802f6aadd1fa019094d3f027ae8efe3b4f1
[2018-04-22T14:01:48.603] [DEBUG] trans - AMOUNT:   400450000000000000000
[2018-04-22T14:01:48.603] [DEBUG] trans - Receipt info:  {
	"blockHash": "0xf54ca8f59c27892e557d8fed5c47a7aead47baa0c6350b720c6bd0a3f0a948ef",
	"blockNumber": 5485971,
	"contractAddress": null,
	"cumulativeGasUsed": 3405803,
	"gasUsed": 51589,
	"logs": [
		{
			"address": "0x7e9e431a0B8c4D532C745B1043c7FA29a48D4fBa",
			"blockHash": "0xf54ca8f59c27892e557d8fed5c47a7aead47baa0c6350b720c6bd0a3f0a948ef",
			"blockNumber": 5485971,
			"data": "0x000000000000000000000000000000000000000000000015b55c3153312d0000",
			"logIndex": 46,
			"topics": [
				"0xddf252ad1be2c89b69c2b068fc378daa952ba7f163c4a11628f55a4df523b3ef",
				"0x000000000000000000000000468b858c964f297fd8fce058032bf4b4911a8ad8",
				"0x000000000000000000000000bb5db802f6aadd1fa019094d3f027ae8efe3b4f1"
			],
			"transactionHash": "0x95d973abf0d813657f6c646a62e2bbd841a6bcfd10fefca4700a5bb3e12f5f9c",
			"transactionIndex": 114,
			"transactionLogIndex": "0x0",
			"type": "mined",
			"id": "log_3ae5ee31"
		}
	],
	"logsBloom": "0x00000000000000000000000000020000000000000000000000000000000000000000000000000000000000000000000000000000000000000000000000000000000000000000010000000008000000000000000000000000000000000020000000000000000000000000000000000000000000000000000000000010000000000000000000000000000000000400000008000000000000000000000000000000000000000000000080000000000000000000000000000000000000010000000000001002000000000000000000000000000000000000000000000000000000000000000000000000000000000000000000000000000000000010000000000000",
	"root": null,
	"status": "0x1",
	"transactionHash": "0x95d973abf0d813657f6c646a62e2bbd841a6bcfd10fefca4700a5bb3e12f5f9c",
	"transactionIndex": 114
}
[2018-04-22T14:01:48.603] [DEBUG] trans - TO:   0xbc7427a8e9919d58656d8b1ff6e1ef3f8dd1a897
[2018-04-22T14:01:48.603] [DEBUG] trans - AMOUNT:   400437900000000000000
[2018-04-22T14:01:48.603] [DEBUG] trans - Receipt info:  {
	"blockHash": "0xf54ca8f59c27892e557d8fed5c47a7aead47baa0c6350b720c6bd0a3f0a948ef",
	"blockNumber": 5485971,
	"contractAddress": null,
	"cumulativeGasUsed": 3509109,
	"gasUsed": 51653,
	"logs": [
		{
			"address": "0x7e9e431a0B8c4D532C745B1043c7FA29a48D4fBa",
			"blockHash": "0xf54ca8f59c27892e557d8fed5c47a7aead47baa0c6350b720c6bd0a3f0a948ef",
			"blockNumber": 5485971,
			"data": "0x000000000000000000000000000000000000000000000015b53134706764c000",
			"logIndex": 48,
			"topics": [
				"0xddf252ad1be2c89b69c2b068fc378daa952ba7f163c4a11628f55a4df523b3ef",
				"0x000000000000000000000000468b858c964f297fd8fce058032bf4b4911a8ad8",
				"0x000000000000000000000000bc7427a8e9919d58656d8b1ff6e1ef3f8dd1a897"
			],
			"transactionHash": "0x1ef1a61f0ca4fbf1433db85296638e25a605f66e2b885a45ef4c342fc8219db9",
			"transactionIndex": 116,
			"transactionLogIndex": "0x0",
			"type": "mined",
			"id": "log_0d14e5ce"
		}
	],
	"logsBloom": "0x00000000000000000000000000020000000000000000000000000000000000000000000000000000000000020000000000000000000000000000000000000000000000000000010000000008000000000000000000000000000000000020000000000000000000000000000000000000000000000000000000000010000000000000002000000000000000000000000000000000000000000000000000000000000000000000000080000000000000000000000000000000000000010000000000001002000000000000000000000000000000000000000000000000000000100000000000000000000000000000000000000000000000000000000000000000",
	"root": null,
	"status": "0x1",
	"transactionHash": "0x1ef1a61f0ca4fbf1433db85296638e25a605f66e2b885a45ef4c342fc8219db9",
	"transactionIndex": 116
}
[2018-04-22T14:01:48.603] [DEBUG] trans - TO:   0x3a164190c5a8d5c2f239c9b95d6279aaa718148c
[2018-04-22T14:01:48.603] [DEBUG] trans - AMOUNT:   400430200000000000000
[2018-04-22T14:01:48.603] [DEBUG] trans - Receipt info:  {
	"blockHash": "0xf54ca8f59c27892e557d8fed5c47a7aead47baa0c6350b720c6bd0a3f0a948ef",
	"blockNumber": 5485971,
	"contractAddress": null,
	"cumulativeGasUsed": 3818707,
	"gasUsed": 51653,
	"logs": [
		{
			"address": "0x7e9e431a0B8c4D532C745B1043c7FA29a48D4fBa",
			"blockHash": "0xf54ca8f59c27892e557d8fed5c47a7aead47baa0c6350b720c6bd0a3f0a948ef",
			"blockNumber": 5485971,
			"data": "0x000000000000000000000000000000000000000000000015b515d954729f8000",
			"logIndex": 54,
			"topics": [
				"0xddf252ad1be2c89b69c2b068fc378daa952ba7f163c4a11628f55a4df523b3ef",
				"0x000000000000000000000000468b858c964f297fd8fce058032bf4b4911a8ad8",
				"0x0000000000000000000000003a164190c5a8d5c2f239c9b95d6279aaa718148c"
			],
			"transactionHash": "0xf221c146ed0cbbd5e0b306c55a9dd866719034f5f8bd4368a9e52b3a964a140e",
			"transactionIndex": 122,
			"transactionLogIndex": "0x0",
			"type": "mined",
			"id": "log_b812678b"
		}
	],
	"logsBloom": "0x00000000000000000000000000020000000000000000000000000000000000000000000000000000000000000000000000000000000000000000004000000000000000000000010000000008000000000000000000000000000000000020000000080000000000000000000000000000000000000000000000000010000002000000000000000000000000000000000000000000000000000000000000000000000000000000000080000000000000000000000000000000000000010000000000001002000000000000000000000000000000000000000000000000000000000000000000000000000000000000000000000000000000000000000000000000",
	"root": null,
	"status": "0x1",
	"transactionHash": "0xf221c146ed0cbbd5e0b306c55a9dd866719034f5f8bd4368a9e52b3a964a140e",
	"transactionIndex": 122
}
[2018-04-22T14:01:48.604] [DEBUG] trans - TO:   0x38dac99699d31a48aa83146e367d3cefec23f968
[2018-04-22T14:01:48.605] [DEBUG] trans - AMOUNT:   400436000000000000000
[2018-04-22T14:01:48.605] [DEBUG] trans - Receipt info:  {
	"blockHash": "0xf54ca8f59c27892e557d8fed5c47a7aead47baa0c6350b720c6bd0a3f0a948ef",
	"blockNumber": 5485971,
	"contractAddress": null,
	"cumulativeGasUsed": 3715529,
	"gasUsed": 51589,
	"logs": [
		{
			"address": "0x7e9e431a0B8c4D532C745B1043c7FA29a48D4fBa",
			"blockHash": "0xf54ca8f59c27892e557d8fed5c47a7aead47baa0c6350b720c6bd0a3f0a948ef",
			"blockNumber": 5485971,
			"data": "0x000000000000000000000000000000000000000000000015b52a74662e520000",
			"logIndex": 52,
			"topics": [
				"0xddf252ad1be2c89b69c2b068fc378daa952ba7f163c4a11628f55a4df523b3ef",
				"0x000000000000000000000000468b858c964f297fd8fce058032bf4b4911a8ad8",
				"0x00000000000000000000000038dac99699d31a48aa83146e367d3cefec23f968"
			],
			"transactionHash": "0x1997afd2a35dc6c147ed52140dfdd226e3bc03a0617e3f87c444e8f8f9f80af3",
			"transactionIndex": 120,
			"transactionLogIndex": "0x0",
			"type": "mined",
			"id": "log_c20d575e"
		}
	],
	"logsBloom": "0x00000000000000000000000000020000000000000000000000000000000000000000000000000000000000000000000000000000002000000000000000000000000000080000010000000008000000000000000000000000000000000020000000000000000000000000000000000000000000000000000080000010000000000000000000000000000000000000000000000000000000000000000000000000000000000000000080000000000000000000000000000000000000010000000000001002000000000000000000000000000000000000000000000000000000000000000000000000000000000000000000000000000000000000000000000000",
	"root": null,
	"status": "0x1",
	"transactionHash": "0x1997afd2a35dc6c147ed52140dfdd226e3bc03a0617e3f87c444e8f8f9f80af3",
	"transactionIndex": 120
}
[2018-04-22T14:01:48.606] [DEBUG] trans - TO:   0x2cfcc3511f000a28b4bb8e2afc69d4d93ef4a0f6
[2018-04-22T14:01:48.606] [DEBUG] trans - AMOUNT:   400431600000000000000
[2018-04-22T14:01:48.606] [DEBUG] trans - Receipt info:  {
	"blockHash": "0xf54ca8f59c27892e557d8fed5c47a7aead47baa0c6350b720c6bd0a3f0a948ef",
	"blockNumber": 5485971,
	"contractAddress": null,
	"cumulativeGasUsed": 3767054,
	"gasUsed": 51525,
	"logs": [
		{
			"address": "0x7e9e431a0B8c4D532C745B1043c7FA29a48D4fBa",
			"blockHash": "0xf54ca8f59c27892e557d8fed5c47a7aead47baa0c6350b720c6bd0a3f0a948ef",
			"blockNumber": 5485971,
			"data": "0x000000000000000000000000000000000000000000000015b51ad29f594f0000",
			"logIndex": 53,
			"topics": [
				"0xddf252ad1be2c89b69c2b068fc378daa952ba7f163c4a11628f55a4df523b3ef",
				"0x000000000000000000000000468b858c964f297fd8fce058032bf4b4911a8ad8",
				"0x0000000000000000000000002cfcc3511f000a28b4bb8e2afc69d4d93ef4a0f6"
			],
			"transactionHash": "0x6b134242b0ad919f1c94e3008b2f3d292b28647130c3c063ee7a84a982f2058f",
			"transactionIndex": 121,
			"transactionLogIndex": "0x0",
			"type": "mined",
			"id": "log_f67e01da"
		}
	],
	"logsBloom": "0x00000000000000000000000000020000000000000000000000000000000000000000000000000000000000000000000000000000004000000000000000000000000000000000410000000008000000000000000000000000000000000020000000000000000000000000000000000000000000000000000000000010000000000000000000000040000000000000000000000000000000000000000000000000000000000000000080000000000000000000000000000000000000010000000000001002000000000000000000000000000000000000000000000000000000000000000000000000000000000000000000000000000000000000000000000000",
	"root": null,
	"status": "0x1",
	"transactionHash": "0x6b134242b0ad919f1c94e3008b2f3d292b28647130c3c063ee7a84a982f2058f",
	"transactionIndex": 121
}
[2018-04-22T14:01:48.606] [DEBUG] trans - TO:   0x3e6f89061d2fc75ab1fd7cd3d9458b6b6afe6459
[2018-04-22T14:01:48.606] [DEBUG] trans - AMOUNT:   400420000000000000000
[2018-04-22T14:01:48.606] [DEBUG] trans - Receipt info:  {
	"blockHash": "0xf54ca8f59c27892e557d8fed5c47a7aead47baa0c6350b720c6bd0a3f0a948ef",
	"blockNumber": 5485971,
	"contractAddress": null,
	"cumulativeGasUsed": 3870296,
	"gasUsed": 51589,
	"logs": [
		{
			"address": "0x7e9e431a0B8c4D532C745B1043c7FA29a48D4fBa",
			"blockHash": "0xf54ca8f59c27892e557d8fed5c47a7aead47baa0c6350b720c6bd0a3f0a948ef",
			"blockNumber": 5485971,
			"data": "0x000000000000000000000000000000000000000000000015b4f19c7be1ea0000",
			"logIndex": 55,
			"topics": [
				"0xddf252ad1be2c89b69c2b068fc378daa952ba7f163c4a11628f55a4df523b3ef",
				"0x000000000000000000000000468b858c964f297fd8fce058032bf4b4911a8ad8",
				"0x0000000000000000000000003e6f89061d2fc75ab1fd7cd3d9458b6b6afe6459"
			],
			"transactionHash": "0xd6a63471c59c4f40949de08d91ee97d6e9cc96ee745ff494b459516079cc05b9",
			"transactionIndex": 123,
			"transactionLogIndex": "0x0",
			"type": "mined",
			"id": "log_71a40425"
		}
	],
	"logsBloom": "0x00000000000000000000000000020000000000000000000000000000000000001000000000000000000000000000000000000000000000000000000000000000000000000000010000000008000000000000000000000000000000000020000000000000000000000000000000000000000000000000000000000010000000000000000000000000000000000000000000000000000000000080000000000000000000000000000080200000000000000000000000000000000000010000000000001002000000000000000000000000000000000000000000000000000000000000000000000000000000000000000000000000000000000000000000000000",
	"root": null,
	"status": "0x1",
	"transactionHash": "0xd6a63471c59c4f40949de08d91ee97d6e9cc96ee745ff494b459516079cc05b9",
	"transactionIndex": 123
}
[2018-04-22T14:01:48.607] [DEBUG] trans - TO:   0x501cfc7a83f7587eab7146c1582e18cd7b74ecbf
[2018-04-22T14:01:48.607] [DEBUG] trans - AMOUNT:   400436900000000000000
[2018-04-22T14:01:48.607] [DEBUG] trans - Receipt info:  {
	"blockHash": "0xf54ca8f59c27892e557d8fed5c47a7aead47baa0c6350b720c6bd0a3f0a948ef",
	"blockNumber": 5485971,
	"contractAddress": null,
	"cumulativeGasUsed": 3663940,
	"gasUsed": 51653,
	"logs": [
		{
			"address": "0x7e9e431a0B8c4D532C745B1043c7FA29a48D4fBa",
			"blockHash": "0xf54ca8f59c27892e557d8fed5c47a7aead47baa0c6350b720c6bd0a3f0a948ef",
			"blockNumber": 5485971,
			"data": "0x000000000000000000000000000000000000000000000015b52da6f1c29e4000",
			"logIndex": 51,
			"topics": [
				"0xddf252ad1be2c89b69c2b068fc378daa952ba7f163c4a11628f55a4df523b3ef",
				"0x000000000000000000000000468b858c964f297fd8fce058032bf4b4911a8ad8",
				"0x000000000000000000000000501cfc7a83f7587eab7146c1582e18cd7b74ecbf"
			],
			"transactionHash": "0x8bf8f71f0aedf233da66823f0f6ae779a096172531c45f983584572b88b5782d",
			"transactionIndex": 119,
			"transactionLogIndex": "0x0",
			"type": "mined",
			"id": "log_20796489"
		}
	],
	"logsBloom": "0x00000000000000000000000000020000000000000000000000000000000000000000000000000000000000000000000000000000000000000000000000000000000000000000010000000008000000000000000000000000000000000020000000000000000000000000000000000000000000000000000000000010000000000000000000000000000000000000000000000000000000000000000001000000000000000000000080000000000000000000000000000000000000010000000000001002000000000000000000000000000000000001000000000000000000000200000000000000000000000000000000000000000000000000000000000000",
	"root": null,
	"status": "0x1",
	"transactionHash": "0x8bf8f71f0aedf233da66823f0f6ae779a096172531c45f983584572b88b5782d",
	"transactionIndex": 119
}
[2018-04-22T14:01:48.609] [DEBUG] trans - TO:   0x45532889485d46b4fb7df6dffa74a4d188f0bf1e
[2018-04-22T14:01:48.609] [DEBUG] trans - AMOUNT:   400411200000000000000
[2018-04-22T14:01:48.609] [DEBUG] trans - Receipt info:  {
	"blockHash": "0xf54ca8f59c27892e557d8fed5c47a7aead47baa0c6350b720c6bd0a3f0a948ef",
	"blockNumber": 5485971,
	"contractAddress": null,
	"cumulativeGasUsed": 3921885,
	"gasUsed": 51589,
	"logs": [
		{
			"address": "0x7e9e431a0B8c4D532C745B1043c7FA29a48D4fBa",
			"blockHash": "0xf54ca8f59c27892e557d8fed5c47a7aead47baa0c6350b720c6bd0a3f0a948ef",
			"blockNumber": 5485971,
			"data": "0x000000000000000000000000000000000000000000000015b4d258ee37e40000",
			"logIndex": 56,
			"topics": [
				"0xddf252ad1be2c89b69c2b068fc378daa952ba7f163c4a11628f55a4df523b3ef",
				"0x000000000000000000000000468b858c964f297fd8fce058032bf4b4911a8ad8",
				"0x00000000000000000000000045532889485d46b4fb7df6dffa74a4d188f0bf1e"
			],
			"transactionHash": "0x3f1e59f6161e669e88c8fdaa192e1d62b90b357af9246fe53136ae505621f2f1",
			"transactionIndex": 124,
			"transactionLogIndex": "0x0",
			"type": "mined",
			"id": "log_94389b53"
		}
	],
	"logsBloom": "0x00000000000000000000000000020000000000000000000000000000000000000000000000000000000000000000800000000000000000000000000000000000000000000000010000000008000000000000400000000000000000000020000000000000000000000000000000000000000000000000000000000010000000000000000000000000000000000000000000000000000000000000000000000000000000000000000080000000000000000000000000000000000000010000000000001002000000000000000000000000000000000000000000000000000000000000000000000000000000000000000000000000000000000000000000800000",
	"root": null,
	"status": "0x1",
	"transactionHash": "0x3f1e59f6161e669e88c8fdaa192e1d62b90b357af9246fe53136ae505621f2f1",
	"transactionIndex": 124
}
[2018-04-22T14:01:48.610] [DEBUG] trans - TO:   0xb4d8d50a6030c387b1d3998000291c6cdaa88bae
[2018-04-22T14:01:48.610] [DEBUG] trans - AMOUNT:   400437200000000000000
[2018-04-22T14:01:48.610] [DEBUG] trans - Receipt info:  {
	"blockHash": "0xf54ca8f59c27892e557d8fed5c47a7aead47baa0c6350b720c6bd0a3f0a948ef",
	"blockNumber": 5485971,
	"contractAddress": null,
	"cumulativeGasUsed": 3560634,
	"gasUsed": 51525,
	"logs": [
		{
			"address": "0x7e9e431a0B8c4D532C745B1043c7FA29a48D4fBa",
			"blockHash": "0xf54ca8f59c27892e557d8fed5c47a7aead47baa0c6350b720c6bd0a3f0a948ef",
			"blockNumber": 5485971,
			"data": "0x000000000000000000000000000000000000000000000015b52eb7caf40d0000",
			"logIndex": 49,
			"topics": [
				"0xddf252ad1be2c89b69c2b068fc378daa952ba7f163c4a11628f55a4df523b3ef",
				"0x000000000000000000000000468b858c964f297fd8fce058032bf4b4911a8ad8",
				"0x000000000000000000000000b4d8d50a6030c387b1d3998000291c6cdaa88bae"
			],
			"transactionHash": "0x2cbaa8e7288ed2338c4dac270ad39001640c00ea1579f9d0e96fef92c7929434",
			"transactionIndex": 117,
			"transactionLogIndex": "0x0",
			"type": "mined",
			"id": "log_d975c3c9"
		}
	],
	"logsBloom": "0x00000000000000000000000000020000000000000000000000000000000000000000000000000000000000000000000000000000000000000000000000000000000000000000010000000008000000000000000000000000000000000020000000080000000000000000000000000000000000000000000000000010000000000000000000000000000000000000000000000000000000000000000000000000000000000000000080000000000000000000000000000000000000010000000000001002000000000000000000000000000000000000000000000000000000000040000000000000000000000000000000000000000000000000002000000000",
	"root": null,
	"status": "0x1",
	"transactionHash": "0x2cbaa8e7288ed2338c4dac270ad39001640c00ea1579f9d0e96fef92c7929434",
	"transactionIndex": 117
}
[2018-04-22T14:02:03.620] [DEBUG] trans - TO:   0xa42f0173acfece012c90b88d0ee9d257d313751e
[2018-04-22T14:02:03.620] [DEBUG] trans - AMOUNT:   400403100000000000000
[2018-04-22T14:02:03.620] [DEBUG] trans - Receipt info:  {
	"blockHash": "0xea836875157bd63936e52876e7c0675426957660474e65cbbc03b85aa3073a0a",
	"blockNumber": 5485974,
	"contractAddress": null,
	"cumulativeGasUsed": 719329,
	"gasUsed": 51653,
	"logs": [
		{
			"address": "0x7e9e431a0B8c4D532C745B1043c7FA29a48D4fBa",
			"blockHash": "0xea836875157bd63936e52876e7c0675426957660474e65cbbc03b85aa3073a0a",
			"blockNumber": 5485974,
			"data": "0x000000000000000000000000000000000000000000000015b4b592060135c000",
			"logIndex": 2,
			"topics": [
				"0xddf252ad1be2c89b69c2b068fc378daa952ba7f163c4a11628f55a4df523b3ef",
				"0x000000000000000000000000468b858c964f297fd8fce058032bf4b4911a8ad8",
				"0x000000000000000000000000a42f0173acfece012c90b88d0ee9d257d313751e"
			],
			"transactionHash": "0xf7e2e08b7b1f9df5ed98566abb96bb766cae3cd4c4cc4529376d664e16ffbbd3",
			"transactionIndex": 29,
			"transactionLogIndex": "0x0",
			"type": "mined",
			"id": "log_d394e3c8"
		}
	],
	"logsBloom": "0x00000000000000000000000000020000000000000000000000000000000000000000000000000000000000400080000000000000000000000000000000000000000000000000010000000008080000000000000000000000000000000020000000000000000000000000000000000000000000000000000000000010000000000000000000000000000000000000000000000000000000000000000000000000000000000000000080000000000000000000000000000000000000010000000000001002000000000000000000000000000000000000000000000000000000000000000000000000000000000000000000000000000000000000000000000000",
	"root": null,
	"status": "0x1",
	"transactionHash": "0xf7e2e08b7b1f9df5ed98566abb96bb766cae3cd4c4cc4529376d664e16ffbbd3",
	"transactionIndex": 29
}
[2018-04-22T14:02:10.627] [DEBUG] trans - TO:   0xe062db3417f496ec425bc066ac07c60105c52528
[2018-04-22T14:02:10.627] [DEBUG] trans - AMOUNT:   400383500000000000000
[2018-04-22T14:02:10.627] [DEBUG] trans - Receipt info:  {
	"blockHash": "0x9a107283d73f4743e16ce277461c1f656719e6fc7baf6300a27bddbb002d2c4e",
	"blockNumber": 5485975,
	"contractAddress": null,
	"cumulativeGasUsed": 1078354,
	"gasUsed": 51653,
	"logs": [
		{
			"address": "0x7e9e431a0B8c4D532C745B1043c7FA29a48D4fBa",
			"blockHash": "0x9a107283d73f4743e16ce277461c1f656719e6fc7baf6300a27bddbb002d2c4e",
			"blockNumber": 5485975,
			"data": "0x000000000000000000000000000000000000000000000015b46fefed639cc000",
			"logIndex": 16,
			"topics": [
				"0xddf252ad1be2c89b69c2b068fc378daa952ba7f163c4a11628f55a4df523b3ef",
				"0x000000000000000000000000468b858c964f297fd8fce058032bf4b4911a8ad8",
				"0x000000000000000000000000e062db3417f496ec425bc066ac07c60105c52528"
			],
			"transactionHash": "0xa220b54b7027885949bc4b52c412740ab26aff2fd5a2bdf4d0d696d01686e308",
			"transactionIndex": 29,
			"transactionLogIndex": "0x0",
			"type": "mined",
			"id": "log_7a75f9fd"
		}
	],
	"logsBloom": "0x00000000000000000000000000020000000000000000000000000000000000000000000000000000000000000000000000000000000000000000000000000000000000000000010000000008000000000000000000000000000000000020000000000000000000000000000000000000000000000000000000000010000000000000000000002004000000000000000000000000000000000000000000000000000000000000000080000000000000000000000000000000000000010000000000001002000000000000000000000000000000000000000000000000000000000000000000000000000000000000000000000000000000000000000000000002",
	"root": null,
	"status": "0x1",
	"transactionHash": "0xa220b54b7027885949bc4b52c412740ab26aff2fd5a2bdf4d0d696d01686e308",
	"transactionIndex": 29
}
[2018-04-22T14:02:10.628] [DEBUG] trans - TO:   0xe4556e12fa1652e70c9401e4340a24fd9b40626f
[2018-04-22T14:02:10.628] [DEBUG] trans - AMOUNT:   400400200000000000000
[2018-04-22T14:02:10.628] [DEBUG] trans - Receipt info:  {
	"blockHash": "0x9a107283d73f4743e16ce277461c1f656719e6fc7baf6300a27bddbb002d2c4e",
	"blockNumber": 5485975,
	"contractAddress": null,
	"cumulativeGasUsed": 717039,
	"gasUsed": 51653,
	"logs": [
		{
			"address": "0x7e9e431a0B8c4D532C745B1043c7FA29a48D4fBa",
			"blockHash": "0x9a107283d73f4743e16ce277461c1f656719e6fc7baf6300a27bddbb002d2c4e",
			"blockNumber": 5485975,
			"data": "0x000000000000000000000000000000000000000000000015b4ab447d235c8000",
			"logIndex": 9,
			"topics": [
				"0xddf252ad1be2c89b69c2b068fc378daa952ba7f163c4a11628f55a4df523b3ef",
				"0x000000000000000000000000468b858c964f297fd8fce058032bf4b4911a8ad8",
				"0x000000000000000000000000e4556e12fa1652e70c9401e4340a24fd9b40626f"
			],
			"transactionHash": "0x0ad06dc78845de18f4df0078cb2f09ff77b1b27af5cf1b3a6f37c6c766372ac3",
			"transactionIndex": 22,
			"transactionLogIndex": "0x0",
			"type": "mined",
			"id": "log_e02c67fd"
		}
	],
	"logsBloom": "0x00000000000000000200000000020000000000000000000000000000000000000000000000000000000000000000000000000000000000000000000000000000000000000000010000000008000000000000000000000000000000000220000000000000000000000000000000000000000000000000000000000010000000800000000000000000000000000000000000000000000000000000000000000000000000000000000080000000000000000000000000000000000000010000000000001002000000000000000000000000000000000000000000000000000000000000000000000000000000000000000000000000000000000000000000000000",
	"root": null,
	"status": "0x1",
	"transactionHash": "0x0ad06dc78845de18f4df0078cb2f09ff77b1b27af5cf1b3a6f37c6c766372ac3",
	"transactionIndex": 22
}
[2018-04-22T14:02:10.628] [DEBUG] trans - TO:   0xdbd72bbd0d8c669c62753bc4e120b377b581c6b4
[2018-04-22T14:02:10.628] [DEBUG] trans - AMOUNT:   400400000000000000000
[2018-04-22T14:02:10.628] [DEBUG] trans - Receipt info:  {
	"blockHash": "0x9a107283d73f4743e16ce277461c1f656719e6fc7baf6300a27bddbb002d2c4e",
	"blockNumber": 5485975,
	"contractAddress": null,
	"cumulativeGasUsed": 871806,
	"gasUsed": 51589,
	"logs": [
		{
			"address": "0x7e9e431a0B8c4D532C745B1043c7FA29a48D4fBa",
			"blockHash": "0x9a107283d73f4743e16ce277461c1f656719e6fc7baf6300a27bddbb002d2c4e",
			"blockNumber": 5485975,
			"data": "0x000000000000000000000000000000000000000000000015b4aa8e9702680000",
			"logIndex": 12,
			"topics": [
				"0xddf252ad1be2c89b69c2b068fc378daa952ba7f163c4a11628f55a4df523b3ef",
				"0x000000000000000000000000468b858c964f297fd8fce058032bf4b4911a8ad8",
				"0x000000000000000000000000dbd72bbd0d8c669c62753bc4e120b377b581c6b4"
			],
			"transactionHash": "0x54dacc2aea1ae464f33d191e0913013a38d90f5dd04519534bdea066b6578004",
			"transactionIndex": 25,
			"transactionLogIndex": "0x0",
			"type": "mined",
			"id": "log_15de4864"
		}
	],
	"logsBloom": "0x00000000000000000000000000020000000000000000000000000000000000000000002000000000000000000000000000000000000000000000000000000008010000000000010000000008000000000000000000000000000000000020000000000000000000000000000000000000000000000000000000000010000000000000000000000000000000000000000000000000000000000000000000000000000000000000000080000000000000000000000000000000000000010000000000001002000000000000000000000000000000000000000000000000000000000000000000000000000000000000000000000000000000000000000000000000",
	"root": null,
	"status": "0x1",
	"transactionHash": "0x54dacc2aea1ae464f33d191e0913013a38d90f5dd04519534bdea066b6578004",
	"transactionIndex": 25
}
[2018-04-22T14:02:10.629] [DEBUG] trans - TO:   0xb5cf58cf3b62d74030e992448c58def5e3c067b0
[2018-04-22T14:02:10.629] [DEBUG] trans - AMOUNT:   400400000000000000000
[2018-04-22T14:02:10.629] [DEBUG] trans - Receipt info:  {
	"blockHash": "0x9a107283d73f4743e16ce277461c1f656719e6fc7baf6300a27bddbb002d2c4e",
	"blockNumber": 5485975,
	"contractAddress": null,
	"cumulativeGasUsed": 820217,
	"gasUsed": 51589,
	"logs": [
		{
			"address": "0x7e9e431a0B8c4D532C745B1043c7FA29a48D4fBa",
			"blockHash": "0x9a107283d73f4743e16ce277461c1f656719e6fc7baf6300a27bddbb002d2c4e",
			"blockNumber": 5485975,
			"data": "0x000000000000000000000000000000000000000000000015b4aa8e9702680000",
			"logIndex": 11,
			"topics": [
				"0xddf252ad1be2c89b69c2b068fc378daa952ba7f163c4a11628f55a4df523b3ef",
				"0x000000000000000000000000468b858c964f297fd8fce058032bf4b4911a8ad8",
				"0x000000000000000000000000b5cf58cf3b62d74030e992448c58def5e3c067b0"
			],
			"transactionHash": "0x24e6551b2aefdae853f788f278dbc6a6dbc0f0556bf86eb7d8ad720af5c58f20",
			"transactionIndex": 24,
			"transactionLogIndex": "0x0",
			"type": "mined",
			"id": "log_e737e082"
		}
	],
	"logsBloom": "0x00000100000000000000000000020000000000000000000000008000000000000000000000000000000000000000000000000000000000000000000000000000000000000000010000000008000000000000000000000000000000000020000000000000000000000000000000000000000000000000000000000010000000000000000000000000000000000000000000000000000000000000000000000000000000000000000080000000000000000000000000000000000000010000000000001002000000000000000000000000000000000000000000000000000000000000000000000000000000000000000000000000000000000100000000000000",
	"root": null,
	"status": "0x1",
	"transactionHash": "0x24e6551b2aefdae853f788f278dbc6a6dbc0f0556bf86eb7d8ad720af5c58f20",
	"transactionIndex": 24
}
[2018-04-22T14:02:10.630] [DEBUG] trans - TO:   0x32b5916f0fd9925fee50d8da95cf813ba2b7f821
[2018-04-22T14:02:10.630] [DEBUG] trans - AMOUNT:   400400000000000000000
[2018-04-22T14:02:10.630] [DEBUG] trans - Receipt info:  {
	"blockHash": "0x9a107283d73f4743e16ce277461c1f656719e6fc7baf6300a27bddbb002d2c4e",
	"blockNumber": 5485975,
	"contractAddress": null,
	"cumulativeGasUsed": 768628,
	"gasUsed": 51589,
	"logs": [
		{
			"address": "0x7e9e431a0B8c4D532C745B1043c7FA29a48D4fBa",
			"blockHash": "0x9a107283d73f4743e16ce277461c1f656719e6fc7baf6300a27bddbb002d2c4e",
			"blockNumber": 5485975,
			"data": "0x000000000000000000000000000000000000000000000015b4aa8e9702680000",
			"logIndex": 10,
			"topics": [
				"0xddf252ad1be2c89b69c2b068fc378daa952ba7f163c4a11628f55a4df523b3ef",
				"0x000000000000000000000000468b858c964f297fd8fce058032bf4b4911a8ad8",
				"0x00000000000000000000000032b5916f0fd9925fee50d8da95cf813ba2b7f821"
			],
			"transactionHash": "0x3a527e0229120fc6d844d7ea1cf61913d26eb26c713813f370cd73797f61369b",
			"transactionIndex": 23,
			"transactionLogIndex": "0x0",
			"type": "mined",
			"id": "log_834be732"
		}
	],
	"logsBloom": "0x00000000000000000000000000020000000000000000000000000000000000000000000000000100000000000000000000000000000000000000000000000000000000000000010000000008000000000000000000000000000000000020000000000000000000000000000000000000000000000000000000000010000000000000000000100000000000000000000000000000000000000000000000000000000000000000000080000000000000000000000000000000000000010000000000001002000000000000000000000000000000000000000000000000000000000000000000000000000000000000000000000000000000000000000000080000",
	"root": null,
	"status": "0x1",
	"transactionHash": "0x3a527e0229120fc6d844d7ea1cf61913d26eb26c713813f370cd73797f61369b",
	"transactionIndex": 23
}
[2018-04-22T14:02:10.630] [DEBUG] trans - TO:   0x964b1086136b976415190a0fb2a9fba2d5082c69
[2018-04-22T14:02:10.631] [DEBUG] trans - AMOUNT:   400348800000000000000
[2018-04-22T14:02:10.631] [DEBUG] trans - Receipt info:  {
	"blockHash": "0x9a107283d73f4743e16ce277461c1f656719e6fc7baf6300a27bddbb002d2c4e",
	"blockNumber": 5485975,
	"contractAddress": null,
	"cumulativeGasUsed": 1233249,
	"gasUsed": 51589,
	"logs": [
		{
			"address": "0x7e9e431a0B8c4D532C745B1043c7FA29a48D4fBa",
			"blockHash": "0x9a107283d73f4743e16ce277461c1f656719e6fc7baf6300a27bddbb002d2c4e",
			"blockNumber": 5485975,
			"data": "0x000000000000000000000000000000000000000000000015b3f4a8760de80000",
			"logIndex": 19,
			"topics": [
				"0xddf252ad1be2c89b69c2b068fc378daa952ba7f163c4a11628f55a4df523b3ef",
				"0x000000000000000000000000468b858c964f297fd8fce058032bf4b4911a8ad8",
				"0x000000000000000000000000964b1086136b976415190a0fb2a9fba2d5082c69"
			],
			"transactionHash": "0x93d38a99c853010b7233626a33b5c1d950a3917c2deeaf4d9ae14ce4b6e46b8e",
			"transactionIndex": 32,
			"transactionLogIndex": "0x0",
			"type": "mined",
			"id": "log_a463336b"
		}
	],
	"logsBloom": "0x00000000000000000000000000020000000000000000000000000000000000000000000000000000000000000000000000000000000000000000000000000000000010000000010000000008000000000000000000000000000000000020000000000000000000000000000000000000000000000000000000000010000000000000000000000000000000000000000000000000000000000000000000000000000000000000000080000000000000000000000000000000000000010000000000001002000000000000000000000040000000200000000000000000000000000000000000000000000000000000000000000000000000000000000000000000",
	"root": null,
	"status": "0x1",
	"transactionHash": "0x93d38a99c853010b7233626a33b5c1d950a3917c2deeaf4d9ae14ce4b6e46b8e",
	"transactionIndex": 32
}
[2018-04-22T14:02:10.631] [DEBUG] trans - TO:   0xbed2951d85f9b634eb571d20c733881bf19ae231
[2018-04-22T14:02:10.631] [DEBUG] trans - AMOUNT:   400384300000000000000
[2018-04-22T14:02:10.631] [DEBUG] trans - Receipt info:  {
	"blockHash": "0x9a107283d73f4743e16ce277461c1f656719e6fc7baf6300a27bddbb002d2c4e",
	"blockNumber": 5485975,
	"contractAddress": null,
	"cumulativeGasUsed": 1026701,
	"gasUsed": 51653,
	"logs": [
		{
			"address": "0x7e9e431a0B8c4D532C745B1043c7FA29a48D4fBa",
			"blockHash": "0x9a107283d73f4743e16ce277461c1f656719e6fc7baf6300a27bddbb002d2c4e",
			"blockNumber": 5485975,
			"data": "0x000000000000000000000000000000000000000000000015b472c785e76ec000",
			"logIndex": 15,
			"topics": [
				"0xddf252ad1be2c89b69c2b068fc378daa952ba7f163c4a11628f55a4df523b3ef",
				"0x000000000000000000000000468b858c964f297fd8fce058032bf4b4911a8ad8",
				"0x000000000000000000000000bed2951d85f9b634eb571d20c733881bf19ae231"
			],
			"transactionHash": "0x64c15995909fdae721c061471ac7f90cd4a89b33d792e29c6611cef83cff44f6",
			"transactionIndex": 28,
			"transactionLogIndex": "0x0",
			"type": "mined",
			"id": "log_6f73fc6e"
		}
	],
	"logsBloom": "0x00000000000000000000000000020800000000000000000000000000000000000000000000000000000000000000000000000000000000000000000000000000000000000000010000000008000000000000000000000000000000000020000000000000000000000000000000000000000000000000000000000010000000000000000000000000000000000000000000000000000000000000000000000000000000000000000080000000000000000080100000000000000000010000000000001002000000000000000000000000000000000000000000000000000000000000000000000000000000000000000000000000000000000000000000000000",
	"root": null,
	"status": "0x1",
	"transactionHash": "0x64c15995909fdae721c061471ac7f90cd4a89b33d792e29c6611cef83cff44f6",
	"transactionIndex": 28
}
[2018-04-22T14:02:10.631] [DEBUG] trans - TO:   0xab7d8e84ac6336ac4ca46a580d3e4022163ffef4
[2018-04-22T14:02:10.631] [DEBUG] trans - AMOUNT:   400352900000000000000
[2018-04-22T14:02:10.631] [DEBUG] trans - Receipt info:  {
	"blockHash": "0x9a107283d73f4743e16ce277461c1f656719e6fc7baf6300a27bddbb002d2c4e",
	"blockNumber": 5485975,
	"contractAddress": null,
	"cumulativeGasUsed": 1181660,
	"gasUsed": 51653,
	"logs": [
		{
			"address": "0x7e9e431a0B8c4D532C745B1043c7FA29a48D4fBa",
			"blockHash": "0x9a107283d73f4743e16ce277461c1f656719e6fc7baf6300a27bddbb002d2c4e",
			"blockNumber": 5485975,
			"data": "0x000000000000000000000000000000000000000000000015b4033963b17c4000",
			"logIndex": 18,
			"topics": [
				"0xddf252ad1be2c89b69c2b068fc378daa952ba7f163c4a11628f55a4df523b3ef",
				"0x000000000000000000000000468b858c964f297fd8fce058032bf4b4911a8ad8",
				"0x000000000000000000000000ab7d8e84ac6336ac4ca46a580d3e4022163ffef4"
			],
			"transactionHash": "0xc170b161a8dd2020c4d9e02b0e50f26c92aefdc096bccdb5c48c2f617d5fc7fc",
			"transactionIndex": 31,
			"transactionLogIndex": "0x0",
			"type": "mined",
			"id": "log_c8c74aac"
		}
	],
	"logsBloom": "0x00000000000000000000000000020000000000000000000000000000000000000000000000000000000000000000000000000000000000000000000000001000000000000010010000000008000000000000000000000000000000000020000000000000000000000000000000000000000000002000000000000010000000000000000000000000000000000000000000000000000000000000000000000000000000000000000080000000000000000000000000000000000000010000000000001002000000000000000000000000000000000000000000000000000000000000000000000000000000000000000000000000000000000000000000000000",
	"root": null,
	"status": "0x1",
	"transactionHash": "0xc170b161a8dd2020c4d9e02b0e50f26c92aefdc096bccdb5c48c2f617d5fc7fc",
	"transactionIndex": 31
}
[2018-04-22T14:02:10.632] [DEBUG] trans - TO:   0x16d741d0cad96aea0ed3aac6a13812da27f8e258
[2018-04-22T14:02:10.632] [DEBUG] trans - AMOUNT:   400334600000000000000
[2018-04-22T14:02:10.632] [DEBUG] trans - Receipt info:  {
	"blockHash": "0x9a107283d73f4743e16ce277461c1f656719e6fc7baf6300a27bddbb002d2c4e",
	"blockNumber": 5485975,
	"contractAddress": null,
	"cumulativeGasUsed": 1439861,
	"gasUsed": 51653,
	"logs": [
		{
			"address": "0x7e9e431a0B8c4D532C745B1043c7FA29a48D4fBa",
			"blockHash": "0x9a107283d73f4743e16ce277461c1f656719e6fc7baf6300a27bddbb002d2c4e",
			"blockNumber": 5485975,
			"data": "0x000000000000000000000000000000000000000000000015b3c235a2ea188000",
			"logIndex": 23,
			"topics": [
				"0xddf252ad1be2c89b69c2b068fc378daa952ba7f163c4a11628f55a4df523b3ef",
				"0x000000000000000000000000468b858c964f297fd8fce058032bf4b4911a8ad8",
				"0x00000000000000000000000016d741d0cad96aea0ed3aac6a13812da27f8e258"
			],
			"transactionHash": "0x5a85c7907cca6b8ab4c2831bd4e93f28fd74cb64be46d8b008d7df866d982e68",
			"transactionIndex": 36,
			"transactionLogIndex": "0x0",
			"type": "mined",
			"id": "log_b74e701b"
		}
	],
	"logsBloom": "0x00000000000000000000000000020000000000000000000000000000000000000000000000000000000000000100000000000000000000000000000000000000000000000000010000000008000000000000000000000000000000000020000000000000000000000000000000000004000000000000000000000010000000000000000000000000000000000000000000000000000000000000000000000000000000000000000080000000000000000000100000000000000000010000000000001002000000000000000000000000000000000000000000000000000000000000000000000000000000000000000000000000000000000000000000000000",
	"root": null,
	"status": "0x1",
	"transactionHash": "0x5a85c7907cca6b8ab4c2831bd4e93f28fd74cb64be46d8b008d7df866d982e68",
	"transactionIndex": 36
}
[2018-04-22T14:02:10.632] [DEBUG] trans - TO:   0x3e18edccfe72cc9b1bc8c27057a75311ddbb99af
[2018-04-22T14:02:10.632] [DEBUG] trans - AMOUNT:   400347800000000000000
[2018-04-22T14:02:10.632] [DEBUG] trans - Receipt info:  {
	"blockHash": "0x9a107283d73f4743e16ce277461c1f656719e6fc7baf6300a27bddbb002d2c4e",
	"blockNumber": 5485975,
	"contractAddress": null,
	"cumulativeGasUsed": 1284902,
	"gasUsed": 51653,
	"logs": [
		{
			"address": "0x7e9e431a0B8c4D532C745B1043c7FA29a48D4fBa",
			"blockHash": "0x9a107283d73f4743e16ce277461c1f656719e6fc7baf6300a27bddbb002d2c4e",
			"blockNumber": 5485975,
			"data": "0x000000000000000000000000000000000000000000000015b3f11af769218000",
			"logIndex": 20,
			"topics": [
				"0xddf252ad1be2c89b69c2b068fc378daa952ba7f163c4a11628f55a4df523b3ef",
				"0x000000000000000000000000468b858c964f297fd8fce058032bf4b4911a8ad8",
				"0x0000000000000000000000003e18edccfe72cc9b1bc8c27057a75311ddbb99af"
			],
			"transactionHash": "0xf1b03459e664d680e9c9d65bead21c1ca848afbd2278fdf9cf4fff66cf530cb2",
			"transactionIndex": 33,
			"transactionLogIndex": "0x0",
			"type": "mined",
			"id": "log_a5d1fbfb"
		}
	],
	"logsBloom": "0x00000000000000000000000000020000000000000000000000000000000000000000000000000000000000000000000000000020001000000000000000000000000000000000010001000008000000000000000000000000000000000020000000000000000000000000000000000000000000000000000000000010000000000000000000000000000000000000000000000000000000000000000000000000000000000000000080000000000000000000000000000000000000010000000000001002000000000000000000000000000000000000000000000000000000000000000000000000000000000000000000000000000000000000000000000000",
	"root": null,
	"status": "0x1",
	"transactionHash": "0xf1b03459e664d680e9c9d65bead21c1ca848afbd2278fdf9cf4fff66cf530cb2",
	"transactionIndex": 33
}
[2018-04-22T14:02:10.633] [DEBUG] trans - TO:   0x39fb45b2485f383ec6830e1749904970e2baa9da
[2018-04-22T14:02:10.633] [DEBUG] trans - AMOUNT:   400382300000000000000
[2018-04-22T14:02:10.633] [DEBUG] trans - Receipt info:  {
	"blockHash": "0x9a107283d73f4743e16ce277461c1f656719e6fc7baf6300a27bddbb002d2c4e",
	"blockNumber": 5485975,
	"contractAddress": null,
	"cumulativeGasUsed": 1130007,
	"gasUsed": 51653,
	"logs": [
		{
			"address": "0x7e9e431a0B8c4D532C745B1043c7FA29a48D4fBa",
			"blockHash": "0x9a107283d73f4743e16ce277461c1f656719e6fc7baf6300a27bddbb002d2c4e",
			"blockNumber": 5485975,
			"data": "0x000000000000000000000000000000000000000000000015b46bac889de1c000",
			"logIndex": 17,
			"topics": [
				"0xddf252ad1be2c89b69c2b068fc378daa952ba7f163c4a11628f55a4df523b3ef",
				"0x000000000000000000000000468b858c964f297fd8fce058032bf4b4911a8ad8",
				"0x00000000000000000000000039fb45b2485f383ec6830e1749904970e2baa9da"
			],
			"transactionHash": "0x3fd5c134920520d163194b94e8a3d7291e8f17584b4972efe189e2d8ba32cd26",
			"transactionIndex": 30,
			"transactionLogIndex": "0x0",
			"type": "mined",
			"id": "log_b61259c7"
		}
	],
	"logsBloom": "0x00000000000000000000000000020000000000000000000000000000000000000000000000000000000000000000000000000000000000000000000000000000000000000000010000000008000000000000000000000000000000000020000000000000000000000000000000000000000000000000000000000010000000000000000000000000000000001000000000000000000000000000080000000000000000000000000080000000000000000000000000000000000000010000000000001002000000000000000000000000000000000000000000000000000000000000000000000020000000000000000000000000000000000000000000000000",
	"root": null,
	"status": "0x1",
	"transactionHash": "0x3fd5c134920520d163194b94e8a3d7291e8f17584b4972efe189e2d8ba32cd26",
	"transactionIndex": 30
}
[2018-04-22T14:02:10.633] [DEBUG] trans - TO:   0x23461042835a03169e50e8581e04d1dfc46a74c5
[2018-04-22T14:02:10.633] [DEBUG] trans - AMOUNT:   400331800000000000000
[2018-04-22T14:02:10.633] [DEBUG] trans - Receipt info:  {
	"blockHash": "0x9a107283d73f4743e16ce277461c1f656719e6fc7baf6300a27bddbb002d2c4e",
	"blockNumber": 5485975,
	"contractAddress": null,
	"cumulativeGasUsed": 1491514,
	"gasUsed": 51653,
	"logs": [
		{
			"address": "0x7e9e431a0B8c4D532C745B1043c7FA29a48D4fBa",
			"blockHash": "0x9a107283d73f4743e16ce277461c1f656719e6fc7baf6300a27bddbb002d2c4e",
			"blockNumber": 5485975,
			"data": "0x000000000000000000000000000000000000000000000015b3b8430d1cb98000",
			"logIndex": 24,
			"topics": [
				"0xddf252ad1be2c89b69c2b068fc378daa952ba7f163c4a11628f55a4df523b3ef",
				"0x000000000000000000000000468b858c964f297fd8fce058032bf4b4911a8ad8",
				"0x00000000000000000000000023461042835a03169e50e8581e04d1dfc46a74c5"
			],
			"transactionHash": "0x292726ec397af1052979b5544e8b708bee10a16096cfd0c14762a2b46aa097ae",
			"transactionIndex": 37,
			"transactionLogIndex": "0x0",
			"type": "mined",
			"id": "log_ca6a74f9"
		}
	],
	"logsBloom": "0x00000000000000000000000000020000000000000000000800000000000000000000000000000000000000000000000000000000000000000000000000000000000000000000010000000008000000000000000000000000000000000020000000000000000000000000000000000000000000000000000000000010000000000000000000000000000000000000000000000000000000000000200000000000000000000000000080000000000000000000000000000000000000010000000000001002000000000000000000000000000000000000000000000000000000000000000000000000000000000008000000000000000000000000000000000000",
	"root": null,
	"status": "0x1",
	"transactionHash": "0x292726ec397af1052979b5544e8b708bee10a16096cfd0c14762a2b46aa097ae",
	"transactionIndex": 37
}
[2018-04-22T14:02:10.633] [DEBUG] trans - TO:   0x1efab0fc9ccb7118df0c4f0e145b0fe3c1f091d4
[2018-04-22T14:02:10.633] [DEBUG] trans - AMOUNT:   400337900000000000000
[2018-04-22T14:02:10.633] [DEBUG] trans - Receipt info:  {
	"blockHash": "0x9a107283d73f4743e16ce277461c1f656719e6fc7baf6300a27bddbb002d2c4e",
	"blockNumber": 5485975,
	"contractAddress": null,
	"cumulativeGasUsed": 1388208,
	"gasUsed": 51653,
	"logs": [
		{
			"address": "0x7e9e431a0B8c4D532C745B1043c7FA29a48D4fBa",
			"blockHash": "0x9a107283d73f4743e16ce277461c1f656719e6fc7baf6300a27bddbb002d2c4e",
			"blockNumber": 5485975,
			"data": "0x000000000000000000000000000000000000000000000015b3cdeef809dac000",
			"logIndex": 22,
			"topics": [
				"0xddf252ad1be2c89b69c2b068fc378daa952ba7f163c4a11628f55a4df523b3ef",
				"0x000000000000000000000000468b858c964f297fd8fce058032bf4b4911a8ad8",
				"0x0000000000000000000000001efab0fc9ccb7118df0c4f0e145b0fe3c1f091d4"
			],
			"transactionHash": "0xa18ced59255f82a644c61b6d2d4bf6a65d350ffea6347207d85fbf418397fe5f",
			"transactionIndex": 35,
			"transactionLogIndex": "0x0",
			"type": "mined",
			"id": "log_881b8acf"
		}
	],
	"logsBloom": "0x00000000000000000000000000020000000000000000000000000000000000000000000000000000000000000000000000000000040000000000000000000000000000000000010000000008000000000000000000000000000000000020000000000000000000000000000000000000000000000000000000000010000000000000000000000000000000000000000000000000000000000000000000000000000000000000000080000000000000000000000000004000000000010000000000001002000000000000000000000000000000000000000000000000000000000000000000000000002000000000000000000000000000000000000000000000",
	"root": null,
	"status": "0x1",
	"transactionHash": "0xa18ced59255f82a644c61b6d2d4bf6a65d350ffea6347207d85fbf418397fe5f",
	"transactionIndex": 35
}
[2018-04-22T14:02:10.633] [DEBUG] trans - TO:   0xb409240ddeb08ebc36736efe8042fe0ac5a3f38c
[2018-04-22T14:02:10.633] [DEBUG] trans - AMOUNT:   400396000000000000000
[2018-04-22T14:02:10.634] [DEBUG] trans - Receipt info:  {
	"blockHash": "0x9a107283d73f4743e16ce277461c1f656719e6fc7baf6300a27bddbb002d2c4e",
	"blockNumber": 5485975,
	"contractAddress": null,
	"cumulativeGasUsed": 923395,
	"gasUsed": 51589,
	"logs": [
		{
			"address": "0x7e9e431a0B8c4D532C745B1043c7FA29a48D4fBa",
			"blockHash": "0x9a107283d73f4743e16ce277461c1f656719e6fc7baf6300a27bddbb002d2c4e",
			"blockNumber": 5485975,
			"data": "0x000000000000000000000000000000000000000000000015b49c589c6f4e0000",
			"logIndex": 13,
			"topics": [
				"0xddf252ad1be2c89b69c2b068fc378daa952ba7f163c4a11628f55a4df523b3ef",
				"0x000000000000000000000000468b858c964f297fd8fce058032bf4b4911a8ad8",
				"0x000000000000000000000000b409240ddeb08ebc36736efe8042fe0ac5a3f38c"
			],
			"transactionHash": "0xe28ba705d149c068c4f267a9fd8225bb6b5cbdb7ee191924d393f07d101e2420",
			"transactionIndex": 26,
			"transactionLogIndex": "0x0",
			"type": "mined",
			"id": "log_ae56b3f9"
		}
	],
	"logsBloom": "0x00000000000000000000000000020000000000000000000000000000000000000000000000000000000000000000000000000000000000000000000000000000000000000000010000000008000000000000000000000000000000000020000000000000000000000000000000000000000000000000000000000010000000000000000000000000000000000000000000001000000000000000000000000000000000000000000080000000000000000000000000000000000000010000000000001002000000000800000000000000000000000000000000000000000000000000000000000000000000000000010000000000000000000000000000000000",
	"root": null,
	"status": "0x1",
	"transactionHash": "0xe28ba705d149c068c4f267a9fd8225bb6b5cbdb7ee191924d393f07d101e2420",
	"transactionIndex": 26
}
[2018-04-22T14:02:10.634] [DEBUG] trans - TO:   0x83e223c5927a4f5999d80dc0e86828aa648ca697
[2018-04-22T14:02:10.634] [DEBUG] trans - AMOUNT:   400313900000000000000
[2018-04-22T14:02:10.634] [DEBUG] trans - Receipt info:  {
	"blockHash": "0x9a107283d73f4743e16ce277461c1f656719e6fc7baf6300a27bddbb002d2c4e",
	"blockNumber": 5485975,
	"contractAddress": null,
	"cumulativeGasUsed": 1543167,
	"gasUsed": 51653,
	"logs": [
		{
			"address": "0x7e9e431a0B8c4D532C745B1043c7FA29a48D4fBa",
			"blockHash": "0x9a107283d73f4743e16ce277461c1f656719e6fc7baf6300a27bddbb002d2c4e",
			"blockNumber": 5485975,
			"data": "0x000000000000000000000000000000000000000000000015b378ab18973ec000",
			"logIndex": 25,
			"topics": [
				"0xddf252ad1be2c89b69c2b068fc378daa952ba7f163c4a11628f55a4df523b3ef",
				"0x000000000000000000000000468b858c964f297fd8fce058032bf4b4911a8ad8",
				"0x00000000000000000000000083e223c5927a4f5999d80dc0e86828aa648ca697"
			],
			"transactionHash": "0xe1b11d90ffd152437f9b3aa1d72cf7497279cb9ac11d03f5e3271675f455d813",
			"transactionIndex": 38,
			"transactionLogIndex": "0x0",
			"type": "mined",
			"id": "log_184131de"
		}
	],
	"logsBloom": "0x00000000000000000000000000020000000000000000000000000000000000000000000000000000000000000000000000000000000000000000000000000000000000000000010000000008000000000000000000000000000000000020001000000000000000000000000000000000000000000000000000000010000000000000000000000000000000000000000000000000000000000000000000000000000000000000000080000800000000000000000000000000000000010000000000001002000000000000000020000000000000000000000000000000000000000000000000000000000000000000000000000000000000000000000000000000",
	"root": null,
	"status": "0x1",
	"transactionHash": "0xe1b11d90ffd152437f9b3aa1d72cf7497279cb9ac11d03f5e3271675f455d813",
	"transactionIndex": 38
}
[2018-04-22T14:02:10.634] [DEBUG] trans - TO:   0xe0d727b67b1d54b2b31c5c1406ae68e9bd2ab392
[2018-04-22T14:02:10.634] [DEBUG] trans - AMOUNT:   400281500000000000000
[2018-04-22T14:02:10.634] [DEBUG] trans - Receipt info:  {
	"blockHash": "0x9a107283d73f4743e16ce277461c1f656719e6fc7baf6300a27bddbb002d2c4e",
	"blockNumber": 5485975,
	"contractAddress": null,
	"cumulativeGasUsed": 1646473,
	"gasUsed": 51653,
	"logs": [
		{
			"address": "0x7e9e431a0B8c4D532C745B1043c7FA29a48D4fBa",
			"blockHash": "0x9a107283d73f4743e16ce277461c1f656719e6fc7baf6300a27bddbb002d2c4e",
			"blockNumber": 5485975,
			"data": "0x000000000000000000000000000000000000000000000015b3058f77bc85c000",
			"logIndex": 27,
			"topics": [
				"0xddf252ad1be2c89b69c2b068fc378daa952ba7f163c4a11628f55a4df523b3ef",
				"0x000000000000000000000000468b858c964f297fd8fce058032bf4b4911a8ad8",
				"0x000000000000000000000000e0d727b67b1d54b2b31c5c1406ae68e9bd2ab392"
			],
			"transactionHash": "0xa41fafc116e26cb03ac66f2304b3460319b013a662d5332c799f5a5a0a866cb6",
			"transactionIndex": 40,
			"transactionLogIndex": "0x0",
			"type": "mined",
			"id": "log_bef2e8ef"
		}
	],
	"logsBloom": "0x00000000000000000000000000020000000000000000000000000000000000000000000100001000000000000000000000000000000000000000000000000000000000000000010000000008000000000000000000000000000000000020000000000000000000000000000000000000000000000000000000000110000000000000000000000000000000000000000000000000000000000000000000000000000000000000000080000000000000000000000000000000000000010000000000001002000000000000000000000000000000000000000000000000000000000000000000000000000000000000000000000000000000000000000000000000",
	"root": null,
	"status": "0x1",
	"transactionHash": "0xa41fafc116e26cb03ac66f2304b3460319b013a662d5332c799f5a5a0a866cb6",
	"transactionIndex": 40
}
[2018-04-22T14:02:10.634] [DEBUG] trans - TO:   0x9fb5f4124f780cc8ebec0b9e11923989dfc38b71
[2018-04-22T14:02:10.634] [DEBUG] trans - AMOUNT:   400302600000000000000
[2018-04-22T14:02:10.634] [DEBUG] trans - Receipt info:  {
	"blockHash": "0x9a107283d73f4743e16ce277461c1f656719e6fc7baf6300a27bddbb002d2c4e",
	"blockNumber": 5485975,
	"contractAddress": null,
	"cumulativeGasUsed": 1594820,
	"gasUsed": 51653,
	"logs": [
		{
			"address": "0x7e9e431a0B8c4D532C745B1043c7FA29a48D4fBa",
			"blockHash": "0x9a107283d73f4743e16ce277461c1f656719e6fc7baf6300a27bddbb002d2c4e",
			"blockNumber": 5485975,
			"data": "0x000000000000000000000000000000000000000000000015b35085ce51488000",
			"logIndex": 26,
			"topics": [
				"0xddf252ad1be2c89b69c2b068fc378daa952ba7f163c4a11628f55a4df523b3ef",
				"0x000000000000000000000000468b858c964f297fd8fce058032bf4b4911a8ad8",
				"0x0000000000000000000000009fb5f4124f780cc8ebec0b9e11923989dfc38b71"
			],
			"transactionHash": "0x2474d16407a9a2acebbefe9c1071f2a24cf9b3a9c8a3f92b66352c5bbae7890f",
			"transactionIndex": 39,
			"transactionLogIndex": "0x0",
			"type": "mined",
			"id": "log_e99d1684"
		}
	],
	"logsBloom": "0x00000000000000000000000000020000000000000000000000000000000000000000000000000000000000000000000000000000000000000000000000000000000000000000011000000008000000000000000000000000000000000020000000000000000000000000000000000000000000008000000000000010000000000000000000000000000000000000000000000000000000000000000000000000000000000000000080000000000000000000000000000000000000010000000000001006000000000000000000000000000000000000000000000000000000000000000000000000000000000000000000000000000000000000000000000000",
	"root": null,
	"status": "0x1",
	"transactionHash": "0x2474d16407a9a2acebbefe9c1071f2a24cf9b3a9c8a3f92b66352c5bbae7890f",
	"transactionIndex": 39
}
[2018-04-22T14:02:10.635] [DEBUG] trans - TO:   0xf7b878837ed583aa58cd1cca319f61c18fff0d2e
[2018-04-22T14:02:10.635] [DEBUG] trans - AMOUNT:   400272200000000000000
[2018-04-22T14:02:10.635] [DEBUG] trans - Receipt info:  {
	"blockHash": "0x9a107283d73f4743e16ce277461c1f656719e6fc7baf6300a27bddbb002d2c4e",
	"blockNumber": 5485975,
	"contractAddress": null,
	"cumulativeGasUsed": 1749715,
	"gasUsed": 51653,
	"logs": [
		{
			"address": "0x7e9e431a0B8c4D532C745B1043c7FA29a48D4fBa",
			"blockHash": "0x9a107283d73f4743e16ce277461c1f656719e6fc7baf6300a27bddbb002d2c4e",
			"blockNumber": 5485975,
			"data": "0x000000000000000000000000000000000000000000000015b2e4852ac01c8000",
			"logIndex": 29,
			"topics": [
				"0xddf252ad1be2c89b69c2b068fc378daa952ba7f163c4a11628f55a4df523b3ef",
				"0x000000000000000000000000468b858c964f297fd8fce058032bf4b4911a8ad8",
				"0x000000000000000000000000f7b878837ed583aa58cd1cca319f61c18fff0d2e"
			],
			"transactionHash": "0xe8bc513105e8b4063b1d7f85d3777b8b8a7f5066cd516e7bb952c79d32c0999f",
			"transactionIndex": 42,
			"transactionLogIndex": "0x0",
			"type": "mined",
			"id": "log_7db47d50"
		}
	],
	"logsBloom": "0x00000000000000000000000000020000000000000000000000000000000000000000000000000000000000000000000000000000000000020000000000000000000000000000010000000008000000000000000000000000000000000020000000000000000000000000000000000000000000000000000000000010000000000000000000000000000000000000000000000000000000000000000000000000000000000000000080000000000000000000000000000000000000010000000000001002000000000000000000000000000000000000000000000000000000000000000000000000000000000000000000000000008000000000000010000000",
	"root": null,
	"status": "0x1",
	"transactionHash": "0xe8bc513105e8b4063b1d7f85d3777b8b8a7f5066cd516e7bb952c79d32c0999f",
	"transactionIndex": 42
}
[2018-04-22T14:02:10.635] [DEBUG] trans - TO:   0x646792b1e4d5cbee245c5f3d985c120c94737503
[2018-04-22T14:02:10.635] [DEBUG] trans - AMOUNT:   400277600000000000000
[2018-04-22T14:02:10.635] [DEBUG] trans - Receipt info:  {
	"blockHash": "0x9a107283d73f4743e16ce277461c1f656719e6fc7baf6300a27bddbb002d2c4e",
	"blockNumber": 5485975,
	"contractAddress": null,
	"cumulativeGasUsed": 1698062,
	"gasUsed": 51589,
	"logs": [
		{
			"address": "0x7e9e431a0B8c4D532C745B1043c7FA29a48D4fBa",
			"blockHash": "0x9a107283d73f4743e16ce277461c1f656719e6fc7baf6300a27bddbb002d2c4e",
			"blockNumber": 5485975,
			"data": "0x000000000000000000000000000000000000000000000015b2f7b47039e60000",
			"logIndex": 28,
			"topics": [
				"0xddf252ad1be2c89b69c2b068fc378daa952ba7f163c4a11628f55a4df523b3ef",
				"0x000000000000000000000000468b858c964f297fd8fce058032bf4b4911a8ad8",
				"0x000000000000000000000000646792b1e4d5cbee245c5f3d985c120c94737503"
			],
			"transactionHash": "0xd19897332395fd1ffa1bf7e96a0887a31dad95c3beecdd5d89f8ef92dceac9e8",
			"transactionIndex": 41,
			"transactionLogIndex": "0x0",
			"type": "mined",
			"id": "log_eaf9094a"
		}
	],
	"logsBloom": "0x00000000000000000000004000020000000000000000000000000000000000000000000000000000000000000000000000000000000000000080000000000000000000000000010000000008000000000000000000000000000000000020000000000000000000000000000000000000080000000000000000000010000000000000000000000000000000000000000000000000000000000000000000000000000000000000000080000000000000000000000000000000000000010000000000001002000000000000000000000000000000000000000000000000000000000000000000000000000000000000000000000000000000000000000000000000",
	"root": null,
	"status": "0x1",
	"transactionHash": "0xd19897332395fd1ffa1bf7e96a0887a31dad95c3beecdd5d89f8ef92dceac9e8",
	"transactionIndex": 41
}
[2018-04-22T14:02:10.635] [DEBUG] trans - TO:   0x4dbce1388e08dab37535becfd1f3b28682ff42bd
[2018-04-22T14:02:10.635] [DEBUG] trans - AMOUNT:   400395800000000000000
[2018-04-22T14:02:10.635] [DEBUG] trans - Receipt info:  {
	"blockHash": "0x9a107283d73f4743e16ce277461c1f656719e6fc7baf6300a27bddbb002d2c4e",
	"blockNumber": 5485975,
	"contractAddress": null,
	"cumulativeGasUsed": 975048,
	"gasUsed": 51653,
	"logs": [
		{
			"address": "0x7e9e431a0B8c4D532C745B1043c7FA29a48D4fBa",
			"blockHash": "0x9a107283d73f4743e16ce277461c1f656719e6fc7baf6300a27bddbb002d2c4e",
			"blockNumber": 5485975,
			"data": "0x000000000000000000000000000000000000000000000015b49ba2b64e598000",
			"logIndex": 14,
			"topics": [
				"0xddf252ad1be2c89b69c2b068fc378daa952ba7f163c4a11628f55a4df523b3ef",
				"0x000000000000000000000000468b858c964f297fd8fce058032bf4b4911a8ad8",
				"0x0000000000000000000000004dbce1388e08dab37535becfd1f3b28682ff42bd"
			],
			"transactionHash": "0x2833657ddd9316960a9a460041c028657ec057aead97061b0927e8d5e33bd346",
			"transactionIndex": 27,
			"transactionLogIndex": "0x0",
			"type": "mined",
			"id": "log_cf769c0a"
		}
	],
	"logsBloom": "0x00000000000000000000000000020000000000000000000000000000000000000000000000000000000000000000000000000000000000000000000000000000000000000000010000000008000000000000000000000000000000000020000000000000000000000010000000000000000000000000000000000010000000000000000000000000000000000000000000000000000000000000000000000000000000000000000080000000000000000000000000000000000000010000000000001002000040000000000000000000000000000000000000000000000400000000000000000000000000000000000000000000000000000000000000000000",
	"root": null,
	"status": "0x1",
	"transactionHash": "0x2833657ddd9316960a9a460041c028657ec057aead97061b0927e8d5e33bd346",
	"transactionIndex": 27
}
[2018-04-22T14:02:10.635] [DEBUG] trans - TO:   0xd8128af0355ddab6d1706165f789924cd993c9db
[2018-04-22T14:02:10.635] [DEBUG] trans - AMOUNT:   400342600000000000000
[2018-04-22T14:02:10.635] [DEBUG] trans - Receipt info:  {
	"blockHash": "0x9a107283d73f4743e16ce277461c1f656719e6fc7baf6300a27bddbb002d2c4e",
	"blockNumber": 5485975,
	"contractAddress": null,
	"cumulativeGasUsed": 1336555,
	"gasUsed": 51653,
	"logs": [
		{
			"address": "0x7e9e431a0B8c4D532C745B1043c7FA29a48D4fBa",
			"blockHash": "0x9a107283d73f4743e16ce277461c1f656719e6fc7baf6300a27bddbb002d2c4e",
			"blockNumber": 5485975,
			"data": "0x000000000000000000000000000000000000000000000015b3dea198104c8000",
			"logIndex": 21,
			"topics": [
				"0xddf252ad1be2c89b69c2b068fc378daa952ba7f163c4a11628f55a4df523b3ef",
				"0x000000000000000000000000468b858c964f297fd8fce058032bf4b4911a8ad8",
				"0x000000000000000000000000d8128af0355ddab6d1706165f789924cd993c9db"
			],
			"transactionHash": "0x1258355b5c68e5e02cf5f52390b9f00a506ef02ca943bd6cb19d626415fa28a4",
			"transactionIndex": 34,
			"transactionLogIndex": "0x0",
			"type": "mined",
			"id": "log_02851db3"
		}
	],
	"logsBloom": "0x00000000000000000000000000020000000000000000000000000000000000000000000000000000000000000000000000000000000000000000000000000000000000000000010000800008000000000000000000000000000000000020000000200000000000080000000000000000000000000000000000000010000000000000000000000000000000000000000000000000000000000000000000000000000000000000000080000000000000000000000000000000000000010000000000001002000000000000000000000000000000000000000000000000000000000000000000000000000000000000000000000000000000000000000000000000",
	"root": null,
	"status": "0x1",
	"transactionHash": "0x1258355b5c68e5e02cf5f52390b9f00a506ef02ca943bd6cb19d626415fa28a4",
	"transactionIndex": 34
}
[2018-04-22T14:02:10.635] [DEBUG] trans - TO:   0x57934512ed4b24db808c5743a9032932213f2d98
[2018-04-22T14:02:10.635] [DEBUG] trans - AMOUNT:   400252700000000000000
[2018-04-22T14:02:10.636] [DEBUG] trans - Receipt info:  {
	"blockHash": "0x9a107283d73f4743e16ce277461c1f656719e6fc7baf6300a27bddbb002d2c4e",
	"blockNumber": 5485975,
	"contractAddress": null,
	"cumulativeGasUsed": 1853021,
	"gasUsed": 51653,
	"logs": [
		{
			"address": "0x7e9e431a0B8c4D532C745B1043c7FA29a48D4fBa",
			"blockHash": "0x9a107283d73f4743e16ce277461c1f656719e6fc7baf6300a27bddbb002d2c4e",
			"blockNumber": 5485975,
			"data": "0x000000000000000000000000000000000000000000000015b29f3e0532fdc000",
			"logIndex": 31,
			"topics": [
				"0xddf252ad1be2c89b69c2b068fc378daa952ba7f163c4a11628f55a4df523b3ef",
				"0x000000000000000000000000468b858c964f297fd8fce058032bf4b4911a8ad8",
				"0x00000000000000000000000057934512ed4b24db808c5743a9032932213f2d98"
			],
			"transactionHash": "0xfa42ff3ec42ae137b991f347016d90095b94d32b6c502bf36a7623de23466ac6",
			"transactionIndex": 44,
			"transactionLogIndex": "0x0",
			"type": "mined",
			"id": "log_e36bb744"
		}
	],
	"logsBloom": "0x00000000000000000000000000020000000000000000000000000000000000002000000000000000000000000000000000000000000000000000000000000000000000000000010000000008000000000000000000010000000000000020000000000000000000000000000000000000000000000000000000000010000000000000000000000000000000000000000000000000000000000000000000000000000000000000000080000000000000000000000000000000000000010000000000001002000000000000000000000000000000000000000000000000000000000000000000040000000000000000000000000000000000000000000000000000",
	"root": null,
	"status": "0x1",
	"transactionHash": "0xfa42ff3ec42ae137b991f347016d90095b94d32b6c502bf36a7623de23466ac6",
	"transactionIndex": 44
}
[2018-04-22T14:02:10.636] [DEBUG] trans - TO:   0x28ddc4161a6ebd86754f88c3cc964e2aac7318d6
[2018-04-22T14:02:10.636] [DEBUG] trans - AMOUNT:   400242000000000000000
[2018-04-22T14:02:10.636] [DEBUG] trans - Receipt info:  {
	"blockHash": "0x9a107283d73f4743e16ce277461c1f656719e6fc7baf6300a27bddbb002d2c4e",
	"blockNumber": 5485975,
	"contractAddress": null,
	"cumulativeGasUsed": 1956135,
	"gasUsed": 51589,
	"logs": [
		{
			"address": "0x7e9e431a0B8c4D532C745B1043c7FA29a48D4fBa",
			"blockHash": "0x9a107283d73f4743e16ce277461c1f656719e6fc7baf6300a27bddbb002d2c4e",
			"blockNumber": 5485975,
			"data": "0x000000000000000000000000000000000000000000000015b2793a6d4fe50000",
			"logIndex": 33,
			"topics": [
				"0xddf252ad1be2c89b69c2b068fc378daa952ba7f163c4a11628f55a4df523b3ef",
				"0x000000000000000000000000468b858c964f297fd8fce058032bf4b4911a8ad8",
				"0x00000000000000000000000028ddc4161a6ebd86754f88c3cc964e2aac7318d6"
			],
			"transactionHash": "0xafe56191286d52bb393302582019167e5860b28e05eb33bfb05ee02981214351",
			"transactionIndex": 46,
			"transactionLogIndex": "0x0",
			"type": "mined",
			"id": "log_9d8d9f22"
		}
	],
	"logsBloom": "0x00000000000000000000000000020000000000000000000000000100000000000000000000000000000000000000000000000000000000000000000000000000000000000000010000000008000000000000000000000000000000000020000000000000000000000000000000000000000000000000000000000010000000000000000000000000000000000000000000000000000000000000000000000000000000000000000080000000000000000000000000000000000000010000000000001802000000000000000000000000000000000000000000000040000000000000000000000000000000000000000000000000000000000000000000000000",
	"root": null,
	"status": "0x1",
	"transactionHash": "0xafe56191286d52bb393302582019167e5860b28e05eb33bfb05ee02981214351",
	"transactionIndex": 46
}
[2018-04-22T14:02:10.636] [DEBUG] trans - TO:   0xd24c057a3870bcffc573a41a7efd839881a60c73
[2018-04-22T14:02:10.636] [DEBUG] trans - AMOUNT:   400220400000000000000
[2018-04-22T14:02:10.636] [DEBUG] trans - Receipt info:  {
	"blockHash": "0x9a107283d73f4743e16ce277461c1f656719e6fc7baf6300a27bddbb002d2c4e",
	"blockNumber": 5485975,
	"contractAddress": null,
	"cumulativeGasUsed": 2059313,
	"gasUsed": 51589,
	"logs": [
		{
			"address": "0x7e9e431a0B8c4D532C745B1043c7FA29a48D4fBa",
			"blockHash": "0x9a107283d73f4743e16ce277461c1f656719e6fc7baf6300a27bddbb002d2c4e",
			"blockNumber": 5485975,
			"data": "0x000000000000000000000000000000000000000000000015b22c7d5768bf0000",
			"logIndex": 35,
			"topics": [
				"0xddf252ad1be2c89b69c2b068fc378daa952ba7f163c4a11628f55a4df523b3ef",
				"0x000000000000000000000000468b858c964f297fd8fce058032bf4b4911a8ad8",
				"0x000000000000000000000000d24c057a3870bcffc573a41a7efd839881a60c73"
			],
			"transactionHash": "0x40ed1c7a6d55faac5993240628a03c9ebeaa90ab80c2e3371623173fdd232ff0",
			"transactionIndex": 48,
			"transactionLogIndex": "0x0",
			"type": "mined",
			"id": "log_fc88c6c8"
		}
	],
	"logsBloom": "0x00000000000000000000000000020000000000000000000000000000000000000000000000000000000000000000000000000000000000000000000000000000000000000000010000000008000000040000000000000000000000000020000000000000000000040000000000000000000000000000000000000010000000000000000000000000000000000000000000000000000000000000000000000000000000000000000080000000000000000000000000000000000000010000000000001002000000000000000010000000000000000000000000000000000000000000000000000000000000000000000000000000000000000000000000000000",
	"root": null,
	"status": "0x1",
	"transactionHash": "0x40ed1c7a6d55faac5993240628a03c9ebeaa90ab80c2e3371623173fdd232ff0",
	"transactionIndex": 48
}
[2018-04-22T14:02:10.636] [DEBUG] trans - TO:   0x00a6afc0566ec7df5b3a2cccc7c60177d3a1c131
[2018-04-22T14:02:10.636] [DEBUG] trans - AMOUNT:   400238200000000000000
[2018-04-22T14:02:10.636] [DEBUG] trans - Receipt info:  {
	"blockHash": "0x9a107283d73f4743e16ce277461c1f656719e6fc7baf6300a27bddbb002d2c4e",
	"blockNumber": 5485975,
	"contractAddress": null,
	"cumulativeGasUsed": 2007724,
	"gasUsed": 51589,
	"logs": [
		{
			"address": "0x7e9e431a0B8c4D532C745B1043c7FA29a48D4fBa",
			"blockHash": "0x9a107283d73f4743e16ce277461c1f656719e6fc7baf6300a27bddbb002d2c4e",
			"blockNumber": 5485975,
			"data": "0x000000000000000000000000000000000000000000000015b26bba58ddbf8000",
			"logIndex": 34,
			"topics": [
				"0xddf252ad1be2c89b69c2b068fc378daa952ba7f163c4a11628f55a4df523b3ef",
				"0x000000000000000000000000468b858c964f297fd8fce058032bf4b4911a8ad8",
				"0x00000000000000000000000000a6afc0566ec7df5b3a2cccc7c60177d3a1c131"
			],
			"transactionHash": "0xfcbd57c867af3ce5398186a13b22c45675768a4c6182f3ac8f795fdd2c7e935d",
			"transactionIndex": 47,
			"transactionLogIndex": "0x0",
			"type": "mined",
			"id": "log_1b0a163c"
		}
	],
	"logsBloom": "0x00000000000000000000000000020000000000000000000000000000000000000000000000000000000000000000000000000000000000000000000000000000000000000000010000000008000000000000000000000000000000000020000000000000000000000000000000000040000000000000020000000010000000000000000000000000000000000000000000000000000000000000000000000000000000000000000080000000000000000000000000000000000000010000000000001002000000000000000000000000000000000000000000000000000000000000000000000000000000000000000000000000000000000000020000000000",
	"root": null,
	"status": "0x1",
	"transactionHash": "0xfcbd57c867af3ce5398186a13b22c45675768a4c6182f3ac8f795fdd2c7e935d",
	"transactionIndex": 47
}
[2018-04-22T14:02:10.636] [DEBUG] trans - TO:   0x9d68e05c45b7a1c12b61366ba6275dbef1de8087
[2018-04-22T14:02:10.636] [DEBUG] trans - AMOUNT:   400269000000000000000
[2018-04-22T14:02:10.636] [DEBUG] trans - Receipt info:  {
	"blockHash": "0x9a107283d73f4743e16ce277461c1f656719e6fc7baf6300a27bddbb002d2c4e",
	"blockNumber": 5485975,
	"contractAddress": null,
	"cumulativeGasUsed": 1801368,
	"gasUsed": 51653,
	"logs": [
		{
			"address": "0x7e9e431a0B8c4D532C745B1043c7FA29a48D4fBa",
			"blockHash": "0x9a107283d73f4743e16ce277461c1f656719e6fc7baf6300a27bddbb002d2c4e",
			"blockNumber": 5485975,
			"data": "0x000000000000000000000000000000000000000000000015b2d926c8b0d48000",
			"logIndex": 30,
			"topics": [
				"0xddf252ad1be2c89b69c2b068fc378daa952ba7f163c4a11628f55a4df523b3ef",
				"0x000000000000000000000000468b858c964f297fd8fce058032bf4b4911a8ad8",
				"0x0000000000000000000000009d68e05c45b7a1c12b61366ba6275dbef1de8087"
			],
			"transactionHash": "0x37a4ccbdbde3409b16dbc44bd20bf48950b41c6f0e2f8b452f24d1436b2d89ec",
			"transactionIndex": 43,
			"transactionLogIndex": "0x0",
			"type": "mined",
			"id": "log_2191ed1c"
		}
	],
	"logsBloom": "0x00000000000000000000000000020000000000000100000000000000000000000000000000000000000000800000000000000000000000000000000000000000000000000000010000000008000000000000000000000000000000000020000000000000000000000000000000000000000010000000000000000010000000000000000000000000000000000000000000000000000000000000000000000000000000000000000080000000000000000000000000000000000000010000000000001002000000000000000000000000000000000000000000000000000000000000000000000000000000000000000000000000000000000000000000000000",
	"root": null,
	"status": "0x1",
	"transactionHash": "0x37a4ccbdbde3409b16dbc44bd20bf48950b41c6f0e2f8b452f24d1436b2d89ec",
	"transactionIndex": 43
}
[2018-04-22T14:02:10.637] [DEBUG] trans - TO:   0x0091d105c9ee3a572de9253a8a686d8bf1b87888
[2018-04-22T14:02:10.637] [DEBUG] trans - AMOUNT:   400247200000000000000
[2018-04-22T14:02:10.637] [DEBUG] trans - Receipt info:  {
	"blockHash": "0x9a107283d73f4743e16ce277461c1f656719e6fc7baf6300a27bddbb002d2c4e",
	"blockNumber": 5485975,
	"contractAddress": null,
	"cumulativeGasUsed": 1904546,
	"gasUsed": 51525,
	"logs": [
		{
			"address": "0x7e9e431a0B8c4D532C745B1043c7FA29a48D4fBa",
			"blockHash": "0x9a107283d73f4743e16ce277461c1f656719e6fc7baf6300a27bddbb002d2c4e",
			"blockNumber": 5485975,
			"data": "0x000000000000000000000000000000000000000000000015b28bb3cca8ba0000",
			"logIndex": 32,
			"topics": [
				"0xddf252ad1be2c89b69c2b068fc378daa952ba7f163c4a11628f55a4df523b3ef",
				"0x000000000000000000000000468b858c964f297fd8fce058032bf4b4911a8ad8",
				"0x0000000000000000000000000091d105c9ee3a572de9253a8a686d8bf1b87888"
			],
			"transactionHash": "0x551510d6d557a8ad15919045d196d65a72ad46ee0f6a09241d7ed11857201b97",
			"transactionIndex": 45,
			"transactionLogIndex": "0x0",
			"type": "mined",
			"id": "log_2274c2ec"
		}
	],
	"logsBloom": "0x00000000000000000000000000020000000000000000000000000000000000000000000000000000000000000000000000000000000000000000000000000000000000000000010000000008000000000000000000000000000000000020000000000000000000000000000000000000000000000000000000000010000000000000000000000000000000000000000000000000000000000000000000000000000000000000008080000000000000000000000000000000000000010000000200001002000000000000000100000000000000000000000000000000000000000000000000000000000000000000000000000000000000000000000000000000",
	"root": null,
	"status": "0x1",
	"transactionHash": "0x551510d6d557a8ad15919045d196d65a72ad46ee0f6a09241d7ed11857201b97",
	"transactionIndex": 45
}
