[2018-04-21T19:49:09.721] [DEBUG] trans - TO:   0xf6149806fe8de2610878712f8052adbf89027a3a
[2018-04-21T19:49:09.722] [DEBUG] trans - AMOUNT:   316000000000000000000
[2018-04-21T19:49:09.722] [DEBUG] trans - Receipt info:  {
	"blockHash": "0xb839a277eb499f2eb03ef09d0d3941190f91098672d14db40a3f4fcfd1b21805",
	"blockNumber": 5481532,
	"contractAddress": null,
	"cumulativeGasUsed": 6411216,
	"gasUsed": 51589,
	"logs": [
		{
			"address": "0x7e9e431a0B8c4D532C745B1043c7FA29a48D4fBa",
			"blockHash": "0xb839a277eb499f2eb03ef09d0d3941190f91098672d14db40a3f4fcfd1b21805",
			"blockNumber": 5481532,
			"data": "0x000000000000000000000000000000000000000000000011216185c29f700000",
			"logIndex": 71,
			"topics": [
				"0xddf252ad1be2c89b69c2b068fc378daa952ba7f163c4a11628f55a4df523b3ef",
				"0x000000000000000000000000468b858c964f297fd8fce058032bf4b4911a8ad8",
				"0x000000000000000000000000f6149806fe8de2610878712f8052adbf89027a3a"
			],
			"transactionHash": "0x5e149064db5b3a074565158a95f085e033740ed18ddc1a2d4bbcec0e577f12a5",
			"transactionIndex": 113,
			"transactionLogIndex": "0x0",
			"type": "mined",
			"id": "log_db22f065"
		}
	],
	"logsBloom": "0x00000000000100000000000000020000000000000000000000000000000000000000000000000000000000000000000000000000000000000000000000000000000000000000010000000008000000000000000000000000000000000020000000000000000000000000000000000000000000000000000000000010000000000000000000000000001000000000000000000000000000000000000000000000000000000000000080000000000000008000000000000000000000010000000000001002000000000000000000000000000000000000000000000000000000000000000000000000000000000000000000000000000000000000000000000000",
	"root": null,
	"status": "0x1",
	"transactionHash": "0x5e149064db5b3a074565158a95f085e033740ed18ddc1a2d4bbcec0e577f12a5",
	"transactionIndex": 113
}
[2018-04-21T19:49:09.724] [DEBUG] trans - TO:   0xc6827ff401089a822f5eb584f3d2e7759f7db67d
[2018-04-21T19:49:09.724] [DEBUG] trans - AMOUNT:   316000000000000000000
[2018-04-21T19:49:09.724] [DEBUG] trans - Receipt info:  {
	"blockHash": "0xb839a277eb499f2eb03ef09d0d3941190f91098672d14db40a3f4fcfd1b21805",
	"blockNumber": 5481532,
	"contractAddress": null,
	"cumulativeGasUsed": 761888,
	"gasUsed": 51589,
	"logs": [
		{
			"address": "0x7e9e431a0B8c4D532C745B1043c7FA29a48D4fBa",
			"blockHash": "0xb839a277eb499f2eb03ef09d0d3941190f91098672d14db40a3f4fcfd1b21805",
			"blockNumber": 5481532,
			"data": "0x000000000000000000000000000000000000000000000011216185c29f700000",
			"logIndex": 9,
			"topics": [
				"0xddf252ad1be2c89b69c2b068fc378daa952ba7f163c4a11628f55a4df523b3ef",
				"0x000000000000000000000000468b858c964f297fd8fce058032bf4b4911a8ad8",
				"0x000000000000000000000000c6827ff401089a822f5eb584f3d2e7759f7db67d"
			],
			"transactionHash": "0x97c1a1b643865a033a33ed8429c34808d478dbbcb1602710397d64e9dec174ca",
			"transactionIndex": 24,
			"transactionLogIndex": "0x0",
			"type": "mined",
			"id": "log_755678bc"
		}
	],
	"logsBloom": "0x00000000000000000000000000020000000000000000000000000000000000000000000000000000000000000000000000000000000000000000000000000000000000000000010000000008000000000000000000000000000000000020000000000002000000000000000000000000000000000000000000000010000000000000000000000000000000000000000000000000000000000000000000000000000000000000000080000000000000000000000000000000000000010000000000001002000000000000000000000000000000000000000000000000000000000100000000000000000000000000000001000000000000000000000000000000",
	"root": null,
	"status": "0x1",
	"transactionHash": "0x97c1a1b643865a033a33ed8429c34808d478dbbcb1602710397d64e9dec174ca",
	"transactionIndex": 24
}
[2018-04-21T19:49:09.725] [DEBUG] trans - TO:   0x58f93e5012f11837573f782bcada72730ad09213
[2018-04-21T19:49:09.725] [DEBUG] trans - AMOUNT:   315998300000000000000
[2018-04-21T19:49:09.725] [DEBUG] trans - Receipt info:  {
	"blockHash": "0xb839a277eb499f2eb03ef09d0d3941190f91098672d14db40a3f4fcfd1b21805",
	"blockNumber": 5481532,
	"contractAddress": null,
	"cumulativeGasUsed": 7541757,
	"gasUsed": 51653,
	"logs": [
		{
			"address": "0x7e9e431a0B8c4D532C745B1043c7FA29a48D4fBa",
			"blockHash": "0xb839a277eb499f2eb03ef09d0d3941190f91098672d14db40a3f4fcfd1b21805",
			"blockNumber": 5481532,
			"data": "0x000000000000000000000000000000000000000000000011215b7b9e8751c000",
			"logIndex": 84,
			"topics": [
				"0xddf252ad1be2c89b69c2b068fc378daa952ba7f163c4a11628f55a4df523b3ef",
				"0x000000000000000000000000468b858c964f297fd8fce058032bf4b4911a8ad8",
				"0x00000000000000000000000058f93e5012f11837573f782bcada72730ad09213"
			],
			"transactionHash": "0x3ac4f9d5061978ee2d58f421c1d607fde51ae894f0681b19cc6dee724d3c7413",
			"transactionIndex": 126,
			"transactionLogIndex": "0x0",
			"type": "mined",
			"id": "log_91760042"
		}
	],
	"logsBloom": "0x00000000000000000000000000020000000000000000000000000000000000000000000000000000000000000000000000000000000000000000000000000000000000000000010000000008000000000000000000000000000000000020000000000000000000000000000000000000000000000000000000000010000000000000000000000000000000000000000000000000000000000000000000000000000000000000000080000000000000000000000000000000000000010000000000001022000000001000000000000000000000000000000000000000000000000008000000000000000000000000000000000000000000000000000000000000",
	"root": null,
	"status": "0x1",
	"transactionHash": "0x3ac4f9d5061978ee2d58f421c1d607fde51ae894f0681b19cc6dee724d3c7413",
	"transactionIndex": 126
}
[2018-04-21T19:49:09.726] [DEBUG] trans - TO:   0x00f1ef807e6d6e5c1a7c8f86b6cc7a6ad1521576
[2018-04-21T19:49:09.726] [DEBUG] trans - AMOUNT:   315998300000000000000
[2018-04-21T19:49:09.726] [DEBUG] trans - Receipt info:  {
	"blockHash": "0xb839a277eb499f2eb03ef09d0d3941190f91098672d14db40a3f4fcfd1b21805",
	"blockNumber": 5481532,
	"contractAddress": null,
	"cumulativeGasUsed": 7011030,
	"gasUsed": 51589,
	"logs": [
		{
			"address": "0x7e9e431a0B8c4D532C745B1043c7FA29a48D4fBa",
			"blockHash": "0xb839a277eb499f2eb03ef09d0d3941190f91098672d14db40a3f4fcfd1b21805",
			"blockNumber": 5481532,
			"data": "0x000000000000000000000000000000000000000000000011215b7b9e8751c000",
			"logIndex": 80,
			"topics": [
				"0xddf252ad1be2c89b69c2b068fc378daa952ba7f163c4a11628f55a4df523b3ef",
				"0x000000000000000000000000468b858c964f297fd8fce058032bf4b4911a8ad8",
				"0x00000000000000000000000000f1ef807e6d6e5c1a7c8f86b6cc7a6ad1521576"
			],
			"transactionHash": "0x2a56225017edfc995663ed261b80092d5e1a2c45a61ebf13651549962c6d716c",
			"transactionIndex": 121,
			"transactionLogIndex": "0x0",
			"type": "mined",
			"id": "log_82138b03"
		}
	],
	"logsBloom": "0x00000000000000000000000000020000000000000000000000000000000000000000000000000000000000000000000000000000008000000000000000000000000000000000010000000008000000000000000000000000000000000020000000000000000000000000000000000000000010000000000000000010000000000000000000000000000000000000000000000000000000000000000000000000000800000000000080000000000000000000000000000000000000010000000000001002000000000000000000000000000000000000000000000000000000000000000000000000000000000000000000000000000000000000000000000000",
	"root": null,
	"status": "0x1",
	"transactionHash": "0x2a56225017edfc995663ed261b80092d5e1a2c45a61ebf13651549962c6d716c",
	"transactionIndex": 121
}
[2018-04-21T19:49:09.730] [DEBUG] trans - TO:   0xf61bd7e910a5771528969294347b4a234087edb8
[2018-04-21T19:49:09.730] [DEBUG] trans - AMOUNT:   315978000000000000000
[2018-04-21T19:49:09.730] [DEBUG] trans - Receipt info:  {
	"blockHash": "0xb839a277eb499f2eb03ef09d0d3941190f91098672d14db40a3f4fcfd1b21805",
	"blockNumber": 5481532,
	"contractAddress": null,
	"cumulativeGasUsed": 7750750,
	"gasUsed": 51589,
	"logs": [
		{
			"address": "0x7e9e431a0B8c4D532C745B1043c7FA29a48D4fBa",
			"blockHash": "0xb839a277eb499f2eb03ef09d0d3941190f91098672d14db40a3f4fcfd1b21805",
			"blockNumber": 5481532,
			"data": "0x00000000000000000000000000000000000000000000001121135ce076610000",
			"logIndex": 88,
			"topics": [
				"0xddf252ad1be2c89b69c2b068fc378daa952ba7f163c4a11628f55a4df523b3ef",
				"0x000000000000000000000000468b858c964f297fd8fce058032bf4b4911a8ad8",
				"0x000000000000000000000000f61bd7e910a5771528969294347b4a234087edb8"
			],
			"transactionHash": "0xe1e9b3f0cf45bc580fd2ebf1d6e6cae7212db2fd176345ddaae28b8a116c00ca",
			"transactionIndex": 130,
			"transactionLogIndex": "0x0",
			"type": "mined",
			"id": "log_4c1bd5c2"
		}
	],
	"logsBloom": "0x00000000000000000000000000020000000000000000000000000000000000000000000000000000000000000000000000040000000000000000000000000000000000000000010000000008000000000000000000000000000000000020000000000000000000000000000000000000000000000000000000000010000000000000000000000000000000000000000000040000000000000000008000000000000000000000000080000000000000000000000000000000000000010000000000001002000000000000000000000000000000000000000000000000000000000000000000000000000000000000000000000000000000000000000000000000",
	"root": null,
	"status": "0x1",
	"transactionHash": "0xe1e9b3f0cf45bc580fd2ebf1d6e6cae7212db2fd176345ddaae28b8a116c00ca",
	"transactionIndex": 130
}
[2018-04-21T19:49:09.731] [DEBUG] trans - TO:   0x92c7a1c38a2fc7f5e7a9486dcfb814656b835453
[2018-04-21T19:49:09.731] [DEBUG] trans - AMOUNT:   315953000000000000000
[2018-04-21T19:49:09.731] [DEBUG] trans - Receipt info:  {
	"blockHash": "0xb839a277eb499f2eb03ef09d0d3941190f91098672d14db40a3f4fcfd1b21805",
	"blockNumber": 5481532,
	"contractAddress": null,
	"cumulativeGasUsed": 7892058,
	"gasUsed": 51653,
	"logs": [
		{
			"address": "0x7e9e431a0B8c4D532C745B1043c7FA29a48D4fBa",
			"blockHash": "0xb839a277eb499f2eb03ef09d0d3941190f91098672d14db40a3f4fcfd1b21805",
			"blockNumber": 5481532,
			"data": "0x00000000000000000000000000000000000000000000001120ba8b825efe8000",
			"logIndex": 91,
			"topics": [
				"0xddf252ad1be2c89b69c2b068fc378daa952ba7f163c4a11628f55a4df523b3ef",
				"0x000000000000000000000000468b858c964f297fd8fce058032bf4b4911a8ad8",
				"0x00000000000000000000000092c7a1c38a2fc7f5e7a9486dcfb814656b835453"
			],
			"transactionHash": "0x16dcd1c89f159a92db529d2d1408d78aefda7b3f9b216fe51170a09a22ec483c",
			"transactionIndex": 133,
			"transactionLogIndex": "0x0",
			"type": "mined",
			"id": "log_957b58dd"
		}
	],
	"logsBloom": "0x00000000000000000000000000020000000000000000000000000000000000000000000000000000000000000000000000000000000000000000000000000000000000000000010000000008000000000000000000000000000004000020000000000000000000000000000000000000000000000000000000000010000000000000000000000000000000000000000000000000000000000000000000000000000000000000000080000000000000000000000000000000000100010000000000001002000000000000000000000000000000000000000000000000000000000000000000000000000000000000000000001000000000000000000000000000",
	"root": null,
	"status": "0x1",
	"transactionHash": "0x16dcd1c89f159a92db529d2d1408d78aefda7b3f9b216fe51170a09a22ec483c",
	"transactionIndex": 133
}
[2018-04-21T19:49:55.790] [DEBUG] trans - TO:   0xeb42d02be9ed6c3b7e57ea3466a8b29ac80323d8
[2018-04-21T19:49:55.790] [DEBUG] trans - AMOUNT:   315949400000000000000
[2018-04-21T19:49:55.790] [DEBUG] trans - Receipt info:  {
	"blockHash": "0xa4c059cf16a8fe279a65438a7d70c0d3317c8a63a0a675a944ad9306ae82bf88",
	"blockNumber": 5481533,
	"contractAddress": null,
	"cumulativeGasUsed": 603449,
	"gasUsed": 51653,
	"logs": [
		{
			"address": "0x7e9e431a0B8c4D532C745B1043c7FA29a48D4fBa",
			"blockHash": "0xa4c059cf16a8fe279a65438a7d70c0d3317c8a63a0a675a944ad9306ae82bf88",
			"blockNumber": 5481533,
			"data": "0x00000000000000000000000000000000000000000000001120adc1540dcd8000",
			"logIndex": 7,
			"topics": [
				"0xddf252ad1be2c89b69c2b068fc378daa952ba7f163c4a11628f55a4df523b3ef",
				"0x000000000000000000000000468b858c964f297fd8fce058032bf4b4911a8ad8",
				"0x000000000000000000000000eb42d02be9ed6c3b7e57ea3466a8b29ac80323d8"
			],
			"transactionHash": "0x729e438ca066244aefbdebf3de581e393ecaea1ed967feae71e68f389f713657",
			"transactionIndex": 18,
			"transactionLogIndex": "0x0",
			"type": "mined",
			"id": "log_9bc45728"
		}
	],
	"logsBloom": "0x00000000000000000000000000020000000000000000000000000000000000000000000000000000000000000000000000000000000200000000000000000000000000000000010000020008000000000000000000000000000000000020000000000000000000000000000000000000000000000000000000000010000000000000000000000000000000000000000000000000000000000000000000000000000000000000000080000000000000000000000000000000000000018000000000001002000000000000000000000000000000000000000000000000000000000000000000000000000000000000000000000000000000000000000000000000",
	"root": null,
	"status": "0x1",
	"transactionHash": "0x729e438ca066244aefbdebf3de581e393ecaea1ed967feae71e68f389f713657",
	"transactionIndex": 18
}
[2018-04-21T19:49:55.794] [DEBUG] trans - TO:   0x4541a64fd1e1b33d11152b0b223490324c3ae14c
[2018-04-21T19:49:55.794] [DEBUG] trans - AMOUNT:   315866000000000000000
[2018-04-21T19:49:55.794] [DEBUG] trans - Receipt info:  {
	"blockHash": "0xa4c059cf16a8fe279a65438a7d70c0d3317c8a63a0a675a944ad9306ae82bf88",
	"blockNumber": 5481533,
	"contractAddress": null,
	"cumulativeGasUsed": 3834448,
	"gasUsed": 51589,
	"logs": [
		{
			"address": "0x7e9e431a0B8c4D532C745B1043c7FA29a48D4fBa",
			"blockHash": "0xa4c059cf16a8fe279a65438a7d70c0d3317c8a63a0a675a944ad9306ae82bf88",
			"blockNumber": 5481533,
			"data": "0x0000000000000000000000000000000000000000000000111f8575785f890000",
			"logIndex": 62,
			"topics": [
				"0xddf252ad1be2c89b69c2b068fc378daa952ba7f163c4a11628f55a4df523b3ef",
				"0x000000000000000000000000468b858c964f297fd8fce058032bf4b4911a8ad8",
				"0x0000000000000000000000004541a64fd1e1b33d11152b0b223490324c3ae14c"
			],
			"transactionHash": "0xb75c12b6437822f30dc95e656bdafcb088b8b37dcb5dd15aa28e4544a3a74814",
			"transactionIndex": 78,
			"transactionLogIndex": "0x0",
			"type": "mined",
			"id": "log_979808c6"
		}
	],
	"logsBloom": "0x00000000000000000000000000020000000000000000000000000000000000000000000000000000000000000000000000000000000000000000000000000000000000000000010000000008000000000000004000000000000000000020000000000000000000000000000000000000000000000000000000000010000000000000000000000000000000000000000000000000001000000000000000000000000000000000000080000000000000000000000000000000000000010000000000001002000000000000000000000000000000000000000000000000000000000000000000000000000000000000000000000010000000000000000000000000",
	"root": null,
	"status": "0x1",
	"transactionHash": "0xb75c12b6437822f30dc95e656bdafcb088b8b37dcb5dd15aa28e4544a3a74814",
	"transactionIndex": 78
}
[2018-04-21T19:49:55.795] [DEBUG] trans - TO:   0x2ab8b9cc09039292e58f757708a24cd4a88a3750
[2018-04-21T19:49:55.795] [DEBUG] trans - AMOUNT:   315900000000000000000
[2018-04-21T19:49:55.795] [DEBUG] trans - Receipt info:  {
	"blockHash": "0xa4c059cf16a8fe279a65438a7d70c0d3317c8a63a0a675a944ad9306ae82bf88",
	"blockNumber": 5481533,
	"contractAddress": null,
	"cumulativeGasUsed": 3488960,
	"gasUsed": 51589,
	"logs": [
		{
			"address": "0x7e9e431a0B8c4D532C745B1043c7FA29a48D4fBa",
			"blockHash": "0xa4c059cf16a8fe279a65438a7d70c0d3317c8a63a0a675a944ad9306ae82bf88",
			"blockNumber": 5481533,
			"data": "0x0000000000000000000000000000000000000000000000111ffe404a41e60000",
			"logIndex": 56,
			"topics": [
				"0xddf252ad1be2c89b69c2b068fc378daa952ba7f163c4a11628f55a4df523b3ef",
				"0x000000000000000000000000468b858c964f297fd8fce058032bf4b4911a8ad8",
				"0x0000000000000000000000002ab8b9cc09039292e58f757708a24cd4a88a3750"
			],
			"transactionHash": "0x5597cad1c76e13c76dcd5af84182d949e52aff618787e8787993f4a9843c4bd3",
			"transactionIndex": 69,
			"transactionLogIndex": "0x0",
			"type": "mined",
			"id": "log_c327f33e"
		}
	],
	"logsBloom": "0x00000000000000000000000000020000000000000000000000000000000000000000000000000000000000000000000000000000000000000000000000000000000000000000010000000008000000000000000000000000000000000020800000000000000000000000000000000000000000000000000000000010000000000000000000000000000000000000000000000000000000000000000000000000000000000000000080000000000000000000000000000000000000010000000000001002000000000000000000000000000000000000000000000000000000000000000200000000000000000000000080000000000000000000000000000000",
	"root": null,
	"status": "0x1",
	"transactionHash": "0x5597cad1c76e13c76dcd5af84182d949e52aff618787e8787993f4a9843c4bd3",
	"transactionIndex": 69
}
[2018-04-21T19:49:55.795] [DEBUG] trans - TO:   0xc1ff0cb8d6ac3e19029fed19007efc0313ccedc5
[2018-04-21T19:49:55.795] [DEBUG] trans - AMOUNT:   315862500000000000000
[2018-04-21T19:49:55.795] [DEBUG] trans - Receipt info:  {
	"blockHash": "0xa4c059cf16a8fe279a65438a7d70c0d3317c8a63a0a675a944ad9306ae82bf88",
	"blockNumber": 5481533,
	"contractAddress": null,
	"cumulativeGasUsed": 3996756,
	"gasUsed": 51589,
	"logs": [
		{
			"address": "0x7e9e431a0B8c4D532C745B1043c7FA29a48D4fBa",
			"blockHash": "0xa4c059cf16a8fe279a65438a7d70c0d3317c8a63a0a675a944ad9306ae82bf88",
			"blockNumber": 5481533,
			"data": "0x0000000000000000000000000000000000000000000000111f79063d1ed24000",
			"logIndex": 65,
			"topics": [
				"0xddf252ad1be2c89b69c2b068fc378daa952ba7f163c4a11628f55a4df523b3ef",
				"0x000000000000000000000000468b858c964f297fd8fce058032bf4b4911a8ad8",
				"0x000000000000000000000000c1ff0cb8d6ac3e19029fed19007efc0313ccedc5"
			],
			"transactionHash": "0x7d2b161f75681b9d07e3d793b9cf7aa31229a5f0f2234e30fe5828d823d62811",
			"transactionIndex": 82,
			"transactionLogIndex": "0x0",
			"type": "mined",
			"id": "log_f4be66e2"
		}
	],
	"logsBloom": "0x00000000000000000000000000020000000000000000000000000000000000000000000000000000000000000000000000000000000000000000100000000000000000000000010000000008000000000000000000000000000000000020000000000000000000000000000000000000020000000000000000000010000000000000000000000000000000000000000000000000000000000000000000000000000000000008000080000000000000000000000000000000000000010000000000001002000000000000000000000000000000000000000000000000000000000000000000000000000000000000000000000000000000000000000000000000",
	"root": null,
	"status": "0x1",
	"transactionHash": "0x7d2b161f75681b9d07e3d793b9cf7aa31229a5f0f2234e30fe5828d823d62811",
	"transactionIndex": 82
}
[2018-04-21T19:49:55.796] [DEBUG] trans - TO:   0x5ad5ff6aae0abc1e02148fc0358d73a8e23cf069
[2018-04-21T19:49:55.796] [DEBUG] trans - AMOUNT:   315850700000000000000
[2018-04-21T19:49:55.796] [DEBUG] trans - Receipt info:  {
	"blockHash": "0xa4c059cf16a8fe279a65438a7d70c0d3317c8a63a0a675a944ad9306ae82bf88",
	"blockNumber": 5481533,
	"contractAddress": null,
	"cumulativeGasUsed": 4138064,
	"gasUsed": 51653,
	"logs": [
		{
			"address": "0x7e9e431a0B8c4D532C745B1043c7FA29a48D4fBa",
			"blockHash": "0xa4c059cf16a8fe279a65438a7d70c0d3317c8a63a0a675a944ad9306ae82bf88",
			"blockNumber": 5481533,
			"data": "0x0000000000000000000000000000000000000000000000111f4f1a338678c000",
			"logIndex": 68,
			"topics": [
				"0xddf252ad1be2c89b69c2b068fc378daa952ba7f163c4a11628f55a4df523b3ef",
				"0x000000000000000000000000468b858c964f297fd8fce058032bf4b4911a8ad8",
				"0x0000000000000000000000005ad5ff6aae0abc1e02148fc0358d73a8e23cf069"
			],
			"transactionHash": "0xd2a515ad2723a0e35b9fb79607f6ab62c59e5b590d6b4d2cdb22662f63512833",
			"transactionIndex": 85,
			"transactionLogIndex": "0x0",
			"type": "mined",
			"id": "log_70c03b20"
		}
	],
	"logsBloom": "0x00000000000000000000000000020000000000000000000000000000000000000000000000000000000000000000000000000000000000000000000000000000000000000000010000000008000000000000000000000000000000000020000000000000000000000000000000000000000000000000000000040010000000000000000000000000000000000000010000000000000000000000000000000000000000000000000080000000000000000000000000000000000000010000000000001002000000000000000000000010000000000000000000000000000000000000000000000000000000000000000000000000000000000000000000000000",
	"root": null,
	"status": "0x1",
	"transactionHash": "0xd2a515ad2723a0e35b9fb79607f6ab62c59e5b590d6b4d2cdb22662f63512833",
	"transactionIndex": 85
}
[2018-04-21T19:49:55.796] [DEBUG] trans - TO:   0xae4a46e108e014dbff5d52a90523922d5d823207
[2018-04-21T19:49:55.796] [DEBUG] trans - AMOUNT:   315893200000000000000
[2018-04-21T19:49:55.796] [DEBUG] trans - Receipt info:  {
	"blockHash": "0xa4c059cf16a8fe279a65438a7d70c0d3317c8a63a0a675a944ad9306ae82bf88",
	"blockNumber": 5481533,
	"contractAddress": null,
	"cumulativeGasUsed": 3672204,
	"gasUsed": 51589,
	"logs": [
		{
			"address": "0x7e9e431a0B8c4D532C745B1043c7FA29a48D4fBa",
			"blockHash": "0xa4c059cf16a8fe279a65438a7d70c0d3317c8a63a0a675a944ad9306ae82bf88",
			"blockNumber": 5481533,
			"data": "0x0000000000000000000000000000000000000000000000111fe617b9e16d0000",
			"logIndex": 59,
			"topics": [
				"0xddf252ad1be2c89b69c2b068fc378daa952ba7f163c4a11628f55a4df523b3ef",
				"0x000000000000000000000000468b858c964f297fd8fce058032bf4b4911a8ad8",
				"0x000000000000000000000000ae4a46e108e014dbff5d52a90523922d5d823207"
			],
			"transactionHash": "0x6b06a6ea8d7be61be0a99d24435b38772a0d2e18816d523d9e58d602256eb267",
			"transactionIndex": 74,
			"transactionLogIndex": "0x0",
			"type": "mined",
			"id": "log_19b8c4f2"
		}
	],
	"logsBloom": "0x00000000000000000000000000020000000000000000000000000000000000000000000000000000000000000000000000000000000000000000000000000000000000000000010000000008000000000000000000000000000000000020008000000000000000000000000000000000000000000000000000000010000000000000000000000000000000000000000000000000000000000000000000000000000000000000000080000000000000000000000000000000000000010000000000001002400000000000000000000000000000000000000000000000000000000000000000000000000000800000000000000000000000000000000000000000",
	"root": null,
	"status": "0x1",
	"transactionHash": "0x6b06a6ea8d7be61be0a99d24435b38772a0d2e18816d523d9e58d602256eb267",
	"transactionIndex": 74
}
[2018-04-21T19:49:55.796] [DEBUG] trans - TO:   0xc1768bbdda5842a0945c806650668912f43f2859
[2018-04-21T19:49:55.796] [DEBUG] trans - AMOUNT:   315810000000000000000
[2018-04-21T19:49:55.796] [DEBUG] trans - Receipt info:  {
	"blockHash": "0xa4c059cf16a8fe279a65438a7d70c0d3317c8a63a0a675a944ad9306ae82bf88",
	"blockNumber": 5481533,
	"contractAddress": null,
	"cumulativeGasUsed": 4561924,
	"gasUsed": 51589,
	"logs": [
		{
			"address": "0x7e9e431a0B8c4D532C745B1043c7FA29a48D4fBa",
			"blockHash": "0xa4c059cf16a8fe279a65438a7d70c0d3317c8a63a0a675a944ad9306ae82bf88",
			"blockNumber": 5481533,
			"data": "0x0000000000000000000000000000000000000000000000111ebe81c4541d0000",
			"logIndex": 77,
			"topics": [
				"0xddf252ad1be2c89b69c2b068fc378daa952ba7f163c4a11628f55a4df523b3ef",
				"0x000000000000000000000000468b858c964f297fd8fce058032bf4b4911a8ad8",
				"0x000000000000000000000000c1768bbdda5842a0945c806650668912f43f2859"
			],
			"transactionHash": "0x1e6b6d998e9f1b2815b69d80a2ba25f595b67952ac60789abdced4a277099b69",
			"transactionIndex": 94,
			"transactionLogIndex": "0x0",
			"type": "mined",
			"id": "log_b408aabc"
		}
	],
	"logsBloom": "0x00000000000000000000000000020000080000000000000000000000000000000000000000000000000000000000000000000000000000000000000000000000000000000000010000000008000000000000000000000000000000000020000000000000000000000000000000000000000000000000000000000010000000000000000000000000000000000000000000000000000000080000000000000000000000000000000080000000000000000000000000000000000000010000200000001002000000000000000000000000000000000000000000000000000000000000000000000000000000000000000000000000000000000000000000000000",
	"root": null,
	"status": "0x1",
	"transactionHash": "0x1e6b6d998e9f1b2815b69d80a2ba25f595b67952ac60789abdced4a277099b69",
	"transactionIndex": 94
}
[2018-04-21T19:49:55.798] [DEBUG] trans - TO:   0x0a273f65f28b01359cf72645867ed437adc4b3a9
[2018-04-21T19:49:55.798] [DEBUG] trans - AMOUNT:   315774000000000000000
[2018-04-21T19:49:55.798] [DEBUG] trans - Receipt info:  {
	"blockHash": "0xa4c059cf16a8fe279a65438a7d70c0d3317c8a63a0a675a944ad9306ae82bf88",
	"blockNumber": 5481533,
	"contractAddress": null,
	"cumulativeGasUsed": 4703168,
	"gasUsed": 51589,
	"logs": [
		{
			"address": "0x7e9e431a0B8c4D532C745B1043c7FA29a48D4fBa",
			"blockHash": "0xa4c059cf16a8fe279a65438a7d70c0d3317c8a63a0a675a944ad9306ae82bf88",
			"blockNumber": 5481533,
			"data": "0x0000000000000000000000000000000000000000000000111e3e9bf528330000",
			"logIndex": 80,
			"topics": [
				"0xddf252ad1be2c89b69c2b068fc378daa952ba7f163c4a11628f55a4df523b3ef",
				"0x000000000000000000000000468b858c964f297fd8fce058032bf4b4911a8ad8",
				"0x0000000000000000000000000a273f65f28b01359cf72645867ed437adc4b3a9"
			],
			"transactionHash": "0x48f27dc7cb13da4dac76764e9ec33b0c0fe6f594e47de8996603505912c83875",
			"transactionIndex": 97,
			"transactionLogIndex": "0x0",
			"type": "mined",
			"id": "log_a7141d1c"
		}
	],
	"logsBloom": "0x00000000000000000000000000020000000000000000000000000000000000001000000000000000000000000000400000000000000000000000000000000000000000000000010000000008000000000000000000000000000000000020000000000000000000000000000000000000000000000000000000000010000000000000000000000000000000000000000000000000000000000000000000000000000000000000000080000000000000000000000000000000000000010000000000001002000000000000000000000000000000000008000000000000000000000000000000000000000000000000000000000000000000000000000000000000",
	"root": null,
	"status": "0x1",
	"transactionHash": "0x48f27dc7cb13da4dac76764e9ec33b0c0fe6f594e47de8996603505912c83875",
	"transactionIndex": 97
}
[2018-04-21T19:49:55.799] [DEBUG] trans - TO:   0xc17cab1a9c54114e9a1028755e80a318fb249493
[2018-04-21T19:49:55.799] [DEBUG] trans - AMOUNT:   315820000000000000000
[2018-04-21T19:49:55.799] [DEBUG] trans - Receipt info:  {
	"blockHash": "0xa4c059cf16a8fe279a65438a7d70c0d3317c8a63a0a675a944ad9306ae82bf88",
	"blockNumber": 5481533,
	"contractAddress": null,
	"cumulativeGasUsed": 4279308,
	"gasUsed": 51589,
	"logs": [
		{
			"address": "0x7e9e431a0B8c4D532C745B1043c7FA29a48D4fBa",
			"blockHash": "0xa4c059cf16a8fe279a65438a7d70c0d3317c8a63a0a675a944ad9306ae82bf88",
			"blockNumber": 5481533,
			"data": "0x0000000000000000000000000000000000000000000000111ee208b6c3de0000",
			"logIndex": 71,
			"topics": [
				"0xddf252ad1be2c89b69c2b068fc378daa952ba7f163c4a11628f55a4df523b3ef",
				"0x000000000000000000000000468b858c964f297fd8fce058032bf4b4911a8ad8",
				"0x000000000000000000000000c17cab1a9c54114e9a1028755e80a318fb249493"
			],
			"transactionHash": "0x32e4f13700c988ae05f4251ab94195806eead8986857496f1a286d9e2ef05d4b",
			"transactionIndex": 88,
			"transactionLogIndex": "0x0",
			"type": "mined",
			"id": "log_1f4d8d9f"
		}
	],
	"logsBloom": "0x00000000000000000000000000020000000000000000000000000000000000000000000000000000000000000000000000000000000000000000000000000000000000000000010000000008000000000000000000000000000000000020000040000000000000000000000000002000000000000000000000000010000000000000000000000000000000000000000000000000000000000000000000000000000000000000000080000000000000000000000000000000000000010000000000001002000000000000000000000000000000000000000000000000000000000000000000000000000000000000000010000000000000000000000000000000",
	"root": null,
	"status": "0x1",
	"transactionHash": "0x32e4f13700c988ae05f4251ab94195806eead8986857496f1a286d9e2ef05d4b",
	"transactionIndex": 88
}
[2018-04-21T19:49:55.799] [DEBUG] trans - TO:   0x0e8521fb53cf456c7fd89d7b8a2e6e7ca876bfc8
[2018-04-21T19:49:55.799] [DEBUG] trans - AMOUNT:   315810700000000000000
[2018-04-21T19:49:55.799] [DEBUG] trans - Receipt info:  {
	"blockHash": "0xa4c059cf16a8fe279a65438a7d70c0d3317c8a63a0a675a944ad9306ae82bf88",
	"blockNumber": 5481533,
	"contractAddress": null,
	"cumulativeGasUsed": 4420680,
	"gasUsed": 51653,
	"logs": [
		{
			"address": "0x7e9e431a0B8c4D532C745B1043c7FA29a48D4fBa",
			"blockHash": "0xa4c059cf16a8fe279a65438a7d70c0d3317c8a63a0a675a944ad9306ae82bf88",
			"blockNumber": 5481533,
			"data": "0x0000000000000000000000000000000000000000000000111ec0fe69c774c000",
			"logIndex": 74,
			"topics": [
				"0xddf252ad1be2c89b69c2b068fc378daa952ba7f163c4a11628f55a4df523b3ef",
				"0x000000000000000000000000468b858c964f297fd8fce058032bf4b4911a8ad8",
				"0x0000000000000000000000000e8521fb53cf456c7fd89d7b8a2e6e7ca876bfc8"
			],
			"transactionHash": "0xe7c50944a4c2793e43ced6553af1f959c1c9fcd0f8e460bd6498d7a85317ca1b",
			"transactionIndex": 91,
			"transactionLogIndex": "0x0",
			"type": "mined",
			"id": "log_9deed461"
		}
	],
	"logsBloom": "0x00000000000000000000000000020000000000000000000000000000000000000000000000000000000002000000000000000000000000000000000000000000000000000000010020000008000000000000000000000000000000000020000000000000000000000000000000000000000000000000000000000010000000000000000000000000000000000000000000000000000000000000000000000000000000000000000080000000000000000100000000000000000000010000000000001002000000000000000000000000000000000000000000000000000000000000000000000000000000000000000000000000000000000000000000000000",
	"root": null,
	"status": "0x1",
	"transactionHash": "0xe7c50944a4c2793e43ced6553af1f959c1c9fcd0f8e460bd6498d7a85317ca1b",
	"transactionIndex": 91
}
[2018-04-21T19:49:55.800] [DEBUG] trans - TO:   0xbf866e84021732926f923349dfd104e6dac8de63
[2018-04-21T19:49:55.800] [DEBUG] trans - AMOUNT:   315743500000000000000
[2018-04-21T19:49:55.800] [DEBUG] trans - Receipt info:  {
	"blockHash": "0xa4c059cf16a8fe279a65438a7d70c0d3317c8a63a0a675a944ad9306ae82bf88",
	"blockNumber": 5481533,
	"contractAddress": null,
	"cumulativeGasUsed": 5127156,
	"gasUsed": 51653,
	"logs": [
		{
			"address": "0x7e9e431a0B8c4D532C745B1043c7FA29a48D4fBa",
			"blockHash": "0xa4c059cf16a8fe279a65438a7d70c0d3317c8a63a0a675a944ad9306ae82bf88",
			"blockNumber": 5481533,
			"data": "0x0000000000000000000000000000000000000000000000111dd2405e868cc000",
			"logIndex": 89,
			"topics": [
				"0xddf252ad1be2c89b69c2b068fc378daa952ba7f163c4a11628f55a4df523b3ef",
				"0x000000000000000000000000468b858c964f297fd8fce058032bf4b4911a8ad8",
				"0x000000000000000000000000bf866e84021732926f923349dfd104e6dac8de63"
			],
			"transactionHash": "0xc9aca29d6390f4312773f2e5f21ebf45891b0a28f49dde61072e221a74019f5e",
			"transactionIndex": 106,
			"transactionLogIndex": "0x0",
			"type": "mined",
			"id": "log_6abde89e"
		}
	],
	"logsBloom": "0x00000000000000000000000000020000000000000000000000000000000000000000000000000000000000000000000000000000000000000000000000000000000000000000010000000008000000000000000000000000000000000020000000000000000000000000000000000000000000000000000000000010000000000000000000000000000000000000000000000000000008000000000000000000000000000000000080000000000000000000000000000000000000010000100000001002000000000000000000000000000000000000000000000000000000000000000000000000000000000000000000000000000000000000000010000000",
	"root": null,
	"status": "0x1",
	"transactionHash": "0xc9aca29d6390f4312773f2e5f21ebf45891b0a28f49dde61072e221a74019f5e",
	"transactionIndex": 106
}
[2018-04-21T19:49:55.800] [DEBUG] trans - TO:   0xe55484bcaef714135077dcbe8ef74b69ed218b33
[2018-04-21T19:49:55.800] [DEBUG] trans - AMOUNT:   315762200000000000000
[2018-04-21T19:49:55.800] [DEBUG] trans - Receipt info:  {
	"blockHash": "0xa4c059cf16a8fe279a65438a7d70c0d3317c8a63a0a675a944ad9306ae82bf88",
	"blockNumber": 5481533,
	"contractAddress": null,
	"cumulativeGasUsed": 4844476,
	"gasUsed": 51653,
	"logs": [
		{
			"address": "0x7e9e431a0B8c4D532C745B1043c7FA29a48D4fBa",
			"blockHash": "0xa4c059cf16a8fe279a65438a7d70c0d3317c8a63a0a675a944ad9306ae82bf88",
			"blockNumber": 5481533,
			"data": "0x0000000000000000000000000000000000000000000000111e14afeb8fd98000",
			"logIndex": 83,
			"topics": [
				"0xddf252ad1be2c89b69c2b068fc378daa952ba7f163c4a11628f55a4df523b3ef",
				"0x000000000000000000000000468b858c964f297fd8fce058032bf4b4911a8ad8",
				"0x000000000000000000000000e55484bcaef714135077dcbe8ef74b69ed218b33"
			],
			"transactionHash": "0x7f3e8d6bb328bcce46c90317363831379785c995c76a72e475b6325f3f39161e",
			"transactionIndex": 100,
			"transactionLogIndex": "0x0",
			"type": "mined",
			"id": "log_7ea9bdaa"
		}
	],
	"logsBloom": "0x00000000000000000000004000020000000000000002000000000000000000000000000000000000000000000000020000000000000000000000000000000000000000000000010000000008000000000000000000000000000000000020000000000000000000000000000000000000000000000000000000000010000000000000000000000000000000000000000000000000000000000000000000000000000000000000000080000000000000000000000000000000000000010000000000001002000000000000000000000000000000000000000000000000000000000000000000000000000000000000000000000000000000000000000000000000",
	"root": null,
	"status": "0x1",
	"transactionHash": "0x7f3e8d6bb328bcce46c90317363831379785c995c76a72e475b6325f3f39161e",
	"transactionIndex": 100
}
[2018-04-21T19:49:55.801] [DEBUG] trans - TO:   0x7f80ff1d8779f303496db1032094037f2652f130
[2018-04-21T19:49:55.801] [DEBUG] trans - AMOUNT:   315713300000000000000
[2018-04-21T19:49:55.801] [DEBUG] trans - Receipt info:  {
	"blockHash": "0xa4c059cf16a8fe279a65438a7d70c0d3317c8a63a0a675a944ad9306ae82bf88",
	"blockNumber": 5481533,
	"contractAddress": null,
	"cumulativeGasUsed": 5268464,
	"gasUsed": 51653,
	"logs": [
		{
			"address": "0x7e9e431a0B8c4D532C745B1043c7FA29a48D4fBa",
			"blockHash": "0xa4c059cf16a8fe279a65438a7d70c0d3317c8a63a0a675a944ad9306ae82bf88",
			"blockNumber": 5481533,
			"data": "0x0000000000000000000000000000000000000000000000111d66f5a116554000",
			"logIndex": 92,
			"topics": [
				"0xddf252ad1be2c89b69c2b068fc378daa952ba7f163c4a11628f55a4df523b3ef",
				"0x000000000000000000000000468b858c964f297fd8fce058032bf4b4911a8ad8",
				"0x0000000000000000000000007f80ff1d8779f303496db1032094037f2652f130"
			],
			"transactionHash": "0x829c19753ecdfa0ca9acdfda5a871f813ef00b59f60a2d1fb4e6658ee4e63943",
			"transactionIndex": 109,
			"transactionLogIndex": "0x0",
			"type": "mined",
			"id": "log_feb09245"
		}
	],
	"logsBloom": "0x00000000000000000000000000020000000000000000000000000000000000000000000000000000000000000000000000000000000000000000000000000000000000000000010000000028000100000000000000000000000000000020000000000000000000000000000000000000000000000000000000000010000000000000000000000000000000000000000000000000000000000000000000000000000000000000000080000000000000000000000000000000000000010000000000001002000000000000000000000000000000000000000000000008000000000000000000000000000000000000000000000000000000000000000000000000",
	"root": null,
	"status": "0x1",
	"transactionHash": "0x829c19753ecdfa0ca9acdfda5a871f813ef00b59f60a2d1fb4e6658ee4e63943",
	"transactionIndex": 109
}
[2018-04-21T19:49:55.801] [DEBUG] trans - TO:   0x3cd81d7790fd8bce72d33ed8777e112ac0bc9e8e
[2018-04-21T19:49:55.801] [DEBUG] trans - AMOUNT:   315705900000000000000
[2018-04-21T19:49:55.801] [DEBUG] trans - Receipt info:  {
	"blockHash": "0xa4c059cf16a8fe279a65438a7d70c0d3317c8a63a0a675a944ad9306ae82bf88",
	"blockNumber": 5481533,
	"contractAddress": null,
	"cumulativeGasUsed": 5538229,
	"gasUsed": 51653,
	"logs": [
		{
			"address": "0x7e9e431a0B8c4D532C745B1043c7FA29a48D4fBa",
			"blockHash": "0xa4c059cf16a8fe279a65438a7d70c0d3317c8a63a0a675a944ad9306ae82bf88",
			"blockNumber": 5481533,
			"data": "0x0000000000000000000000000000000000000000000000111d4cab5e52fec000",
			"logIndex": 97,
			"topics": [
				"0xddf252ad1be2c89b69c2b068fc378daa952ba7f163c4a11628f55a4df523b3ef",
				"0x000000000000000000000000468b858c964f297fd8fce058032bf4b4911a8ad8",
				"0x0000000000000000000000003cd81d7790fd8bce72d33ed8777e112ac0bc9e8e"
			],
			"transactionHash": "0xe093c4db7a5811f198e4eaf816f8d2d9c9693e8c09f2fde7b703ed04fc467be8",
			"transactionIndex": 115,
			"transactionLogIndex": "0x0",
			"type": "mined",
			"id": "log_d098e0fe"
		}
	],
	"logsBloom": "0x00000000000000000000000000020000000000000000000000000000000000000000000000000000000000000000000000000000000000000000000000000000000000000000010000000008000000000000000000000000000000000022000000000000000000000000000000000000000000000000000000000010000000000000000000000000000000000000000000000000000000000000000000000000000000000000000080000000000000000000000000000000000000010040000000001002000000000000000000000000000000000000000000002000000000000000000000000000000000000000000000000000000000000000000000000000",
	"root": null,
	"status": "0x1",
	"transactionHash": "0xe093c4db7a5811f198e4eaf816f8d2d9c9693e8c09f2fde7b703ed04fc467be8",
	"transactionIndex": 115
}
[2018-04-21T19:49:55.802] [DEBUG] trans - TO:   0x4f3c2c213a00c0bee6ff27da6b6d2f8edc56b5d4
[2018-04-21T19:49:55.802] [DEBUG] trans - AMOUNT:   315745100000000000000
[2018-04-21T19:49:55.802] [DEBUG] trans - Receipt info:  {
	"blockHash": "0xa4c059cf16a8fe279a65438a7d70c0d3317c8a63a0a675a944ad9306ae82bf88",
	"blockNumber": 5481533,
	"contractAddress": null,
	"cumulativeGasUsed": 4985784,
	"gasUsed": 51589,
	"logs": [
		{
			"address": "0x7e9e431a0B8c4D532C745B1043c7FA29a48D4fBa",
			"blockHash": "0xa4c059cf16a8fe279a65438a7d70c0d3317c8a63a0a675a944ad9306ae82bf88",
			"blockNumber": 5481533,
			"data": "0x0000000000000000000000000000000000000000000000111dd7ef8f8e30c000",
			"logIndex": 86,
			"topics": [
				"0xddf252ad1be2c89b69c2b068fc378daa952ba7f163c4a11628f55a4df523b3ef",
				"0x000000000000000000000000468b858c964f297fd8fce058032bf4b4911a8ad8",
				"0x0000000000000000000000004f3c2c213a00c0bee6ff27da6b6d2f8edc56b5d4"
			],
			"transactionHash": "0xd6e92fa1c029c2323b209a87d4416e1db8650d323d55de3f94fe188e29ccaa95",
			"transactionIndex": 103,
			"transactionLogIndex": "0x0",
			"type": "mined",
			"id": "log_fe95e85f"
		}
	],
	"logsBloom": "0x0000000000000000000000000002000000000000000000000000000000000000000000000000000000000000000000000000000000000000000000000000000000000000000001000000000800000000000000000000000000000000002000000000000000000000000000000000000000000000000000000000001000000000000000000000000000000000000002000000000000000000000000000000000000000000000000008000000000000000000000000000000000000001000000000000100a000000000000000000010000000000000000000000000000000000000000000000000000000000000000000000000000000000000000000000000000",
	"root": null,
	"status": "0x1",
	"transactionHash": "0xd6e92fa1c029c2323b209a87d4416e1db8650d323d55de3f94fe188e29ccaa95",
	"transactionIndex": 103
}
[2018-04-21T19:49:55.802] [DEBUG] trans - TO:   0xe1986cbd9a610430bd3872134a75158d7cacaaa7
[2018-04-21T19:49:55.802] [DEBUG] trans - AMOUNT:   315676000000000000000
[2018-04-21T19:49:55.802] [DEBUG] trans - Receipt info:  {
	"blockHash": "0xa4c059cf16a8fe279a65438a7d70c0d3317c8a63a0a675a944ad9306ae82bf88",
	"blockNumber": 5481533,
	"contractAddress": null,
	"cumulativeGasUsed": 5923408,
	"gasUsed": 51589,
	"logs": [
		{
			"address": "0x7e9e431a0B8c4D532C745B1043c7FA29a48D4fBa",
			"blockHash": "0xa4c059cf16a8fe279a65438a7d70c0d3317c8a63a0a675a944ad9306ae82bf88",
			"blockNumber": 5481533,
			"data": "0x0000000000000000000000000000000000000000000000111ce2717a14360000",
			"logIndex": 103,
			"topics": [
				"0xddf252ad1be2c89b69c2b068fc378daa952ba7f163c4a11628f55a4df523b3ef",
				"0x000000000000000000000000468b858c964f297fd8fce058032bf4b4911a8ad8",
				"0x000000000000000000000000e1986cbd9a610430bd3872134a75158d7cacaaa7"
			],
			"transactionHash": "0xf5ba164f37abbd8df75942f67bc41fd5889869b3eeb9e3fae3db820244ccab24",
			"transactionIndex": 124,
			"transactionLogIndex": "0x0",
			"type": "mined",
			"id": "log_ff81a78a"
		}
	],
	"logsBloom": "0x00000000000000000000000000020000000000000000000000000000000000000000000000000000000000000000000000000000000000000000000000000000000000000000010000000008000000000000000000000000000000000020000000000000000000000000000000000000000000000000000000000010000000000000000000000000000000000000000000000000000000000001000000000000000000000000000080000000000000000000000000000000000000010000000000001002000000000000000400000000008000000000000000000000000000000000000000000000000000000000000000000000000000000000000000000000",
	"root": null,
	"status": "0x1",
	"transactionHash": "0xf5ba164f37abbd8df75942f67bc41fd5889869b3eeb9e3fae3db820244ccab24",
	"transactionIndex": 124
}
[2018-04-21T19:49:55.803] [DEBUG] trans - TO:   0x332318b0735362c2b8132382354b0be1ec9d651a
[2018-04-21T19:49:55.803] [DEBUG] trans - AMOUNT:   315682000000000000000
[2018-04-21T19:49:55.803] [DEBUG] trans - Receipt info:  {
	"blockHash": "0xa4c059cf16a8fe279a65438a7d70c0d3317c8a63a0a675a944ad9306ae82bf88",
	"blockNumber": 5481533,
	"contractAddress": null,
	"cumulativeGasUsed": 5795079,
	"gasUsed": 51589,
	"logs": [
		{
			"address": "0x7e9e431a0B8c4D532C745B1043c7FA29a48D4fBa",
			"blockHash": "0xa4c059cf16a8fe279a65438a7d70c0d3317c8a63a0a675a944ad9306ae82bf88",
			"blockNumber": 5481533,
			"data": "0x0000000000000000000000000000000000000000000000111cf7c271f0dd0000",
			"logIndex": 101,
			"topics": [
				"0xddf252ad1be2c89b69c2b068fc378daa952ba7f163c4a11628f55a4df523b3ef",
				"0x000000000000000000000000468b858c964f297fd8fce058032bf4b4911a8ad8",
				"0x000000000000000000000000332318b0735362c2b8132382354b0be1ec9d651a"
			],
			"transactionHash": "0x1f33a7b837ac7c349e4af3824a0cdefe520761f5f5ed2ff78246a3bb9c2fc092",
			"transactionIndex": 121,
			"transactionLogIndex": "0x0",
			"type": "mined",
			"id": "log_95de64eb"
		}
	],
	"logsBloom": "0x00200000000000000000000000020000000000000000000000000000000000000000000000000000000000000000000000000000000000000000000000000000000000000000010000000008000000000000000000000000000000000020000000000000000000000000000000000000000000000000000000000010000000000000000000000000000000000000000000000000000000000000000000000000000000000000000080000000000000000000000000000000000000010000000000001002000000000000000000000000000000000000000000000004000000000000000000000000000000000000080000000000000000000000000000000000",
	"root": null,
	"status": "0x1",
	"transactionHash": "0x1f33a7b837ac7c349e4af3824a0cdefe520761f5f5ed2ff78246a3bb9c2fc092",
	"transactionIndex": 121
}
[2018-04-21T19:49:55.805] [DEBUG] trans - TO:   0x96cdd5d2e0dfbd8d324403baae901b3bf9b984b7
[2018-04-21T19:49:55.805] [DEBUG] trans - AMOUNT:   315613000000000000000
[2018-04-21T19:49:55.805] [DEBUG] trans - Receipt info:  {
	"blockHash": "0xa4c059cf16a8fe279a65438a7d70c0d3317c8a63a0a675a944ad9306ae82bf88",
	"blockNumber": 5481533,
	"contractAddress": null,
	"cumulativeGasUsed": 6421980,
	"gasUsed": 51653,
	"logs": [
		{
			"address": "0x7e9e431a0B8c4D532C745B1043c7FA29a48D4fBa",
			"blockHash": "0xa4c059cf16a8fe279a65438a7d70c0d3317c8a63a0a675a944ad9306ae82bf88",
			"blockNumber": 5481533,
			"data": "0x0000000000000000000000000000000000000000000000111c029f4f875c8000",
			"logIndex": 111,
			"topics": [
				"0xddf252ad1be2c89b69c2b068fc378daa952ba7f163c4a11628f55a4df523b3ef",
				"0x000000000000000000000000468b858c964f297fd8fce058032bf4b4911a8ad8",
				"0x00000000000000000000000096cdd5d2e0dfbd8d324403baae901b3bf9b984b7"
			],
			"transactionHash": "0xe180288800ec901f224abbd3cbf3664c23e5899bda2403fd536e616a7d1713a8",
			"transactionIndex": 136,
			"transactionLogIndex": "0x0",
			"type": "mined",
			"id": "log_0912da90"
		}
	],
	"logsBloom": "0x00000000000000000000000000020000000000004000000000000000000000000000000000000000000000000000000000000000000000000000000000000000000000000000010000000008000000000000000080000000000000000020000000000000000000000000000000000000000000000000000000000010000000000000000000000000000000000000000000000000000000000000000000000000000000000000000080000000000000000000000000000000000000010000000000001002000000000000000000000000000000000000000000000000000000000000000000000000000000000002000000000000000000000000000000000000",
	"root": null,
	"status": "0x1",
	"transactionHash": "0xe180288800ec901f224abbd3cbf3664c23e5899bda2403fd536e616a7d1713a8",
	"transactionIndex": 136
}
[2018-04-21T19:49:55.806] [DEBUG] trans - TO:   0x8e9488447a09c3c14cf8a2de71fd48dc878c69dc
[2018-04-21T19:49:55.806] [DEBUG] trans - AMOUNT:   315691500000000000000
[2018-04-21T19:49:55.806] [DEBUG] trans - Receipt info:  {
	"blockHash": "0xa4c059cf16a8fe279a65438a7d70c0d3317c8a63a0a675a944ad9306ae82bf88",
	"blockNumber": 5481533,
	"contractAddress": null,
	"cumulativeGasUsed": 5666686,
	"gasUsed": 51653,
	"logs": [
		{
			"address": "0x7e9e431a0B8c4D532C745B1043c7FA29a48D4fBa",
			"blockHash": "0xa4c059cf16a8fe279a65438a7d70c0d3317c8a63a0a675a944ad9306ae82bf88",
			"blockNumber": 5481533,
			"data": "0x0000000000000000000000000000000000000000000000111d1982a50e3ac000",
			"logIndex": 99,
			"topics": [
				"0xddf252ad1be2c89b69c2b068fc378daa952ba7f163c4a11628f55a4df523b3ef",
				"0x000000000000000000000000468b858c964f297fd8fce058032bf4b4911a8ad8",
				"0x0000000000000000000000008e9488447a09c3c14cf8a2de71fd48dc878c69dc"
			],
			"transactionHash": "0xd878c06087111771dfc03acc324de449c43c6262f02b3e693e4f624cad420bf7",
			"transactionIndex": 118,
			"transactionLogIndex": "0x0",
			"type": "mined",
			"id": "log_9ac6bec1"
		}
	],
	"logsBloom": "0x00000000000000000000000000020000000000000000000000000000000000000000000000000000000000000000000000000000000000000000000000000000000008000000010000000208000000000000000000000000000000000020000000000000000000000000000000000000000400000000000000000010000000000000000000000000000000000000000000000000000000000000000000000000000000000000000080000000000000000000000000000000000000010000000000001002000000000000000000000000000000000000000000000000000000000000000000000000000000000000000000000000000000000000000000000000",
	"root": null,
	"status": "0x1",
	"transactionHash": "0xd878c06087111771dfc03acc324de449c43c6262f02b3e693e4f624cad420bf7",
	"transactionIndex": 118
}
[2018-04-21T19:49:55.806] [DEBUG] trans - TO:   0x21f5256875bcc52b286ef6ba7087f6320ff90062
[2018-04-21T19:49:55.806] [DEBUG] trans - AMOUNT:   315631600000000000000
[2018-04-21T19:49:55.806] [DEBUG] trans - Receipt info:  {
	"blockHash": "0xa4c059cf16a8fe279a65438a7d70c0d3317c8a63a0a675a944ad9306ae82bf88",
	"blockNumber": 5481533,
	"contractAddress": null,
	"cumulativeGasUsed": 6293587,
	"gasUsed": 51525,
	"logs": [
		{
			"address": "0x7e9e431a0B8c4D532C745B1043c7FA29a48D4fBa",
			"blockHash": "0xa4c059cf16a8fe279a65438a7d70c0d3317c8a63a0a675a944ad9306ae82bf88",
			"blockNumber": 5481533,
			"data": "0x0000000000000000000000000000000000000000000000111c44b3e9802f0000",
			"logIndex": 109,
			"topics": [
				"0xddf252ad1be2c89b69c2b068fc378daa952ba7f163c4a11628f55a4df523b3ef",
				"0x000000000000000000000000468b858c964f297fd8fce058032bf4b4911a8ad8",
				"0x00000000000000000000000021f5256875bcc52b286ef6ba7087f6320ff90062"
			],
			"transactionHash": "0x9deb139b1117782c2adb823ac7a8fe7c8e505c6fa25d228299b582eb5fc9f825",
			"transactionIndex": 133,
			"transactionLogIndex": "0x0",
			"type": "mined",
			"id": "log_745b1683"
		}
	],
	"logsBloom": "0x00000000000000000000000000020000000000000000000000000000000000000000000000000000000000000000000800000000000000000000001000000000000000000000010000000008000000000000000000000000000000000020000000000000000000000000000000000000000000000000000000000010000000000000000000000000000000000000000000000000000000000200000000000000000000000000000080000000000000000000000000000000000000010000000000001002000000000000000000000000000000000000000000000000000000000000000000000000000000000000000000000000000000000000000000000000",
	"root": null,
	"status": "0x1",
	"transactionHash": "0x9deb139b1117782c2adb823ac7a8fe7c8e505c6fa25d228299b582eb5fc9f825",
	"transactionIndex": 133
}
[2018-04-21T19:49:55.806] [DEBUG] trans - TO:   0x87ce6e695bc7f8caf9c3511195afc8dc2cbaae29
[2018-04-21T19:49:55.806] [DEBUG] trans - AMOUNT:   315651800000000000000
[2018-04-21T19:49:55.807] [DEBUG] trans - Receipt info:  {
	"blockHash": "0xa4c059cf16a8fe279a65438a7d70c0d3317c8a63a0a675a944ad9306ae82bf88",
	"blockNumber": 5481533,
	"contractAddress": null,
	"cumulativeGasUsed": 6051865,
	"gasUsed": 51653,
	"logs": [
		{
			"address": "0x7e9e431a0B8c4D532C745B1043c7FA29a48D4fBa",
			"blockHash": "0xa4c059cf16a8fe279a65438a7d70c0d3317c8a63a0a675a944ad9306ae82bf88",
			"blockNumber": 5481533,
			"data": "0x0000000000000000000000000000000000000000000000111c8c77b480a58000",
			"logIndex": 105,
			"topics": [
				"0xddf252ad1be2c89b69c2b068fc378daa952ba7f163c4a11628f55a4df523b3ef",
				"0x000000000000000000000000468b858c964f297fd8fce058032bf4b4911a8ad8",
				"0x00000000000000000000000087ce6e695bc7f8caf9c3511195afc8dc2cbaae29"
			],
			"transactionHash": "0xc3b1b8f64954a8240566fa16d6f8b08e193274b4430f5c9847d55a896dd5ec6d",
			"transactionIndex": 127,
			"transactionLogIndex": "0x0",
			"type": "mined",
			"id": "log_ef0e4aa4"
		}
	],
	"logsBloom": "0x00000000000000000000000000020000000000000000000000000000000000000000000000000000000000000000000000000000002000000000000000000000000000000000010000000008000000000000000000000000000000000020000000000000000000000000000008000000000000000000000000000010000000000000000000000000000000000000000000000000000000000000000000000000000000000000000080000000000000000000000000000000000000010000000000001002000000000000000000000000000000000000000000000000000000000000000000000000000000000000000000000000000000000000000000008000",
	"root": null,
	"status": "0x1",
	"transactionHash": "0xc3b1b8f64954a8240566fa16d6f8b08e193274b4430f5c9847d55a896dd5ec6d",
	"transactionIndex": 127
}
[2018-04-21T19:49:55.810] [DEBUG] trans - TO:   0x99abd0a39a781596e46d33582bde2f8f4c185513
[2018-04-21T19:49:55.810] [DEBUG] trans - AMOUNT:   315564600000000000000
[2018-04-21T19:49:55.810] [DEBUG] trans - Receipt info:  {
	"blockHash": "0xa4c059cf16a8fe279a65438a7d70c0d3317c8a63a0a675a944ad9306ae82bf88",
	"blockNumber": 5481533,
	"contractAddress": null,
	"cumulativeGasUsed": 6678702,
	"gasUsed": 51653,
	"logs": [
		{
			"address": "0x7e9e431a0B8c4D532C745B1043c7FA29a48D4fBa",
			"blockHash": "0xa4c059cf16a8fe279a65438a7d70c0d3317c8a63a0a675a944ad9306ae82bf88",
			"blockNumber": 5481533,
			"data": "0x0000000000000000000000000000000000000000000000111b56abc4603b8000",
			"logIndex": 115,
			"topics": [
				"0xddf252ad1be2c89b69c2b068fc378daa952ba7f163c4a11628f55a4df523b3ef",
				"0x000000000000000000000000468b858c964f297fd8fce058032bf4b4911a8ad8",
				"0x00000000000000000000000099abd0a39a781596e46d33582bde2f8f4c185513"
			],
			"transactionHash": "0x67b6d03ff0bcb0ab9edaa6b5bd7ff7b5dadb684e495906926a7fb0017a5937d5",
			"transactionIndex": 142,
			"transactionLogIndex": "0x0",
			"type": "mined",
			"id": "log_89972901"
		}
	],
	"logsBloom": "0x00000000000000000000000000020000000000000000000000000000000000000000000000000000000002000000000000000000000000000000000000000000000000000000010000000008000000000000000000000000000000000020000000000000000000000000000000000000000000000000000000000010000000000000000000000000000000000000000000000000000000000000000000004000000000000000000080000000000000000000000000000000000000010000000000001002000000000000000000000000000000000000000000000000000000000000000000000000000000000000000000000000000000200000000000000000",
	"root": null,
	"status": "0x1",
	"transactionHash": "0x67b6d03ff0bcb0ab9edaa6b5bd7ff7b5dadb684e495906926a7fb0017a5937d5",
	"transactionIndex": 142
}
[2018-04-21T19:49:55.810] [DEBUG] trans - TO:   0xbb6045f3d26e2ba98e2412c141be5657f9cdf105
[2018-04-21T19:49:55.810] [DEBUG] trans - AMOUNT:   315634000000000000000
[2018-04-21T19:49:55.810] [DEBUG] trans - Receipt info:  {
	"blockHash": "0xa4c059cf16a8fe279a65438a7d70c0d3317c8a63a0a675a944ad9306ae82bf88",
	"blockNumber": 5481533,
	"contractAddress": null,
	"cumulativeGasUsed": 6180258,
	"gasUsed": 51589,
	"logs": [
		{
			"address": "0x7e9e431a0B8c4D532C745B1043c7FA29a48D4fBa",
			"blockHash": "0xa4c059cf16a8fe279a65438a7d70c0d3317c8a63a0a675a944ad9306ae82bf88",
			"blockNumber": 5481533,
			"data": "0x0000000000000000000000000000000000000000000000111c4d3ab30ba50000",
			"logIndex": 107,
			"topics": [
				"0xddf252ad1be2c89b69c2b068fc378daa952ba7f163c4a11628f55a4df523b3ef",
				"0x000000000000000000000000468b858c964f297fd8fce058032bf4b4911a8ad8",
				"0x000000000000000000000000bb6045f3d26e2ba98e2412c141be5657f9cdf105"
			],
			"transactionHash": "0x10166910d4a713963962719d5a19be41b4be661846f54047099792ea9fbc7658",
			"transactionIndex": 130,
			"transactionLogIndex": "0x0",
			"type": "mined",
			"id": "log_ff1656ac"
		}
	],
	"logsBloom": "0x00000000000000000000000000020000000000000000000000000000000000000000000000000000000000000000000000000000000000000000000000000000200000000000010000000008000000000000000000000000000000000020000000000000000000000000000000000000000000000000000000000010000000000000000000000000000000000000000080000000000000000000000000000000000000000000000080000000000000000000000000000000000000010000000000001002000000000000000000000000000000000000000000000000000000000000000000000000000000000000000000000000080000000000000000000000",
	"root": null,
	"status": "0x1",
	"transactionHash": "0x10166910d4a713963962719d5a19be41b4be661846f54047099792ea9fbc7658",
	"transactionIndex": 130
}
[2018-04-21T19:49:55.811] [DEBUG] trans - TO:   0x383f2995b3c5700be60b93f232a6e75dec698bed
[2018-04-21T19:49:55.811] [DEBUG] trans - AMOUNT:   315529800000000000000
[2018-04-21T19:49:55.811] [DEBUG] trans - Receipt info:  {
	"blockHash": "0xa4c059cf16a8fe279a65438a7d70c0d3317c8a63a0a675a944ad9306ae82bf88",
	"blockNumber": 5481533,
	"contractAddress": null,
	"cumulativeGasUsed": 6935616,
	"gasUsed": 51653,
	"logs": [
		{
			"address": "0x7e9e431a0B8c4D532C745B1043c7FA29a48D4fBa",
			"blockHash": "0xa4c059cf16a8fe279a65438a7d70c0d3317c8a63a0a675a944ad9306ae82bf88",
			"blockNumber": 5481533,
			"data": "0x0000000000000000000000000000000000000000000000111adb0959fa0c8000",
			"logIndex": 119,
			"topics": [
				"0xddf252ad1be2c89b69c2b068fc378daa952ba7f163c4a11628f55a4df523b3ef",
				"0x000000000000000000000000468b858c964f297fd8fce058032bf4b4911a8ad8",
				"0x000000000000000000000000383f2995b3c5700be60b93f232a6e75dec698bed"
			],
			"transactionHash": "0xd9fd165d34f321b7bc28b07906b58a377685c07f52ca7863345ebba0775fcbe1",
			"transactionIndex": 148,
			"transactionLogIndex": "0x0",
			"type": "mined",
			"id": "log_431125a7"
		}
	],
	"logsBloom": "0x00000000000000000000000000020000000000000000000000000000000000000000000000000000000000000000000000000000000000400000000000000000000000000000010000000008000000000000000000000000000000000020000000000000000000000000000000000000000000000000000000000010000000000000000000000000000000000004000000000000000000000000000000000000000000000000000080000000000000000000000000000000000000010000000000001002000000000000000000000000000000000000000000000000000000000000000000000000000000000000000000000000000000000000000000200000",
	"root": null,
	"status": "0x1",
	"transactionHash": "0xd9fd165d34f321b7bc28b07906b58a377685c07f52ca7863345ebba0775fcbe1",
	"transactionIndex": 148
}
[2018-04-21T19:49:55.811] [DEBUG] trans - TO:   0x741b03298a3e43877d8f246808f2b4db2275a47e
[2018-04-21T19:49:55.811] [DEBUG] trans - AMOUNT:   315568000000000000000
[2018-04-21T19:49:55.811] [DEBUG] trans - Receipt info:  {
	"blockHash": "0xa4c059cf16a8fe279a65438a7d70c0d3317c8a63a0a675a944ad9306ae82bf88",
	"blockNumber": 5481533,
	"contractAddress": null,
	"cumulativeGasUsed": 6550309,
	"gasUsed": 51589,
	"logs": [
		{
			"address": "0x7e9e431a0B8c4D532C745B1043c7FA29a48D4fBa",
			"blockHash": "0xa4c059cf16a8fe279a65438a7d70c0d3317c8a63a0a675a944ad9306ae82bf88",
			"blockNumber": 5481533,
			"data": "0x0000000000000000000000000000000000000000000000111b62c00c90780000",
			"logIndex": 113,
			"topics": [
				"0xddf252ad1be2c89b69c2b068fc378daa952ba7f163c4a11628f55a4df523b3ef",
				"0x000000000000000000000000468b858c964f297fd8fce058032bf4b4911a8ad8",
				"0x000000000000000000000000741b03298a3e43877d8f246808f2b4db2275a47e"
			],
			"transactionHash": "0x07209445e376ec2c2e68e2073baea011ec39179f8a2e47ee1fb3bbe58facf5f1",
			"transactionIndex": 139,
			"transactionLogIndex": "0x0",
			"type": "mined",
			"id": "log_774400d3"
		}
	],
	"logsBloom": "0x00000000000000000000000000020000000000000000000040000000000000000000000000000000000000000000000000000000000000000000000000000000000000000000010000000008000000000000000000000000000000000020000000000000000000000000000000000000000000000000000000000010000000000000000000000000000000000000000000400000000000000000000000000000000000000000000080000000000000000000000000000000000000110000000000001002000000000000000000000000000000000000000000000000000000000000000000000000000000000000000000000000000000000000000000000000",
	"root": null,
	"status": "0x1",
	"transactionHash": "0x07209445e376ec2c2e68e2073baea011ec39179f8a2e47ee1fb3bbe58facf5f1",
	"transactionIndex": 139
}
[2018-04-21T19:49:55.813] [DEBUG] trans - TO:   0xa282b9a2d55749340012b8c0f34e35d3830b150c
[2018-04-21T19:49:55.813] [DEBUG] trans - AMOUNT:   315526400000000000000
[2018-04-21T19:49:55.813] [DEBUG] trans - Receipt info:  {
	"blockHash": "0xa4c059cf16a8fe279a65438a7d70c0d3317c8a63a0a675a944ad9306ae82bf88",
	"blockNumber": 5481533,
	"contractAddress": null,
	"cumulativeGasUsed": 7040063,
	"gasUsed": 51525,
	"logs": [
		{
			"address": "0x7e9e431a0B8c4D532C745B1043c7FA29a48D4fBa",
			"blockHash": "0xa4c059cf16a8fe279a65438a7d70c0d3317c8a63a0a675a944ad9306ae82bf88",
			"blockNumber": 5481533,
			"data": "0x0000000000000000000000000000000000000000000000111acef511c9d00000",
			"logIndex": 121,
			"topics": [
				"0xddf252ad1be2c89b69c2b068fc378daa952ba7f163c4a11628f55a4df523b3ef",
				"0x000000000000000000000000468b858c964f297fd8fce058032bf4b4911a8ad8",
				"0x000000000000000000000000a282b9a2d55749340012b8c0f34e35d3830b150c"
			],
			"transactionHash": "0x4d5a1a4e7697462bc27880c5b31e5a328d1fdf4a6c8d7a1b8f5ed9edadac6b3a",
			"transactionIndex": 150,
			"transactionLogIndex": "0x0",
			"type": "mined",
			"id": "log_dff205ea"
		}
	],
	"logsBloom": "0x00000000000000000000000000020000000800000000000000000000000000000000000000000000000000000000000000000000000000000000000000000080000000000000010000000008000000000000000000000000000000000020000000000000000000000000000000000000000000000000000000000010000000000000000000000000000000010000000000000000000000000000000000000000000000000000000080000000000000000000000000000000000000010000000000001002000000000000000000000000000000000000000000000000000000000000000000000000000000000000000000000000000000000000000000000000",
	"root": null,
	"status": "0x1",
	"transactionHash": "0x4d5a1a4e7697462bc27880c5b31e5a328d1fdf4a6c8d7a1b8f5ed9edadac6b3a",
	"transactionIndex": 150
}
[2018-04-21T19:49:55.813] [DEBUG] trans - TO:   0x73e51919abbee67e2fc6c787d8e07eea1ca7e205
[2018-04-21T19:49:55.813] [DEBUG] trans - AMOUNT:   315562200000000000000
[2018-04-21T19:49:55.813] [DEBUG] trans - Receipt info:  {
	"blockHash": "0xa4c059cf16a8fe279a65438a7d70c0d3317c8a63a0a675a944ad9306ae82bf88",
	"blockNumber": 5481533,
	"contractAddress": null,
	"cumulativeGasUsed": 6807159,
	"gasUsed": 51653,
	"logs": [
		{
			"address": "0x7e9e431a0B8c4D532C745B1043c7FA29a48D4fBa",
			"blockHash": "0xa4c059cf16a8fe279a65438a7d70c0d3317c8a63a0a675a944ad9306ae82bf88",
			"blockNumber": 5481533,
			"data": "0x0000000000000000000000000000000000000000000000111b4e24fad4c58000",
			"logIndex": 117,
			"topics": [
				"0xddf252ad1be2c89b69c2b068fc378daa952ba7f163c4a11628f55a4df523b3ef",
				"0x000000000000000000000000468b858c964f297fd8fce058032bf4b4911a8ad8",
				"0x00000000000000000000000073e51919abbee67e2fc6c787d8e07eea1ca7e205"
			],
			"transactionHash": "0xdb0a0b2af828fda79b21b163c658a0dec5cf7974cd6b72beff40417bd4d4b883",
			"transactionIndex": 145,
			"transactionLogIndex": "0x0",
			"type": "mined",
			"id": "log_039335fd"
		}
	],
	"logsBloom": "0x00000000000000000000000000020000000000000000000000000000000000000000000000000000000000000000000000000000000000000000000000000000000000000000010000000008000000000000000000000000000000000020000000000000000000000000000000000000000000000000000000000010000000000000000000000000000000000000000000000000000000000000000000000000000000000000000080000000000000000000000000000000000000010001000000001002000000000000000000000000000000000000000000000000000000000000000000000000000000000000800000000000000000001000000000000000",
	"root": null,
	"status": "0x1",
	"transactionHash": "0xdb0a0b2af828fda79b21b163c658a0dec5cf7974cd6b72beff40417bd4d4b883",
	"transactionIndex": 145
}
[2018-04-21T19:49:55.813] [DEBUG] trans - TO:   0xb843442b98be325b59ddab9cd3319b91869bf73c
[2018-04-21T19:49:55.814] [DEBUG] trans - AMOUNT:   315500000000000000000
[2018-04-21T19:49:55.814] [DEBUG] trans - Receipt info:  {
	"blockHash": "0xa4c059cf16a8fe279a65438a7d70c0d3317c8a63a0a675a944ad9306ae82bf88",
	"blockNumber": 5481533,
	"contractAddress": null,
	"cumulativeGasUsed": 7353596,
	"gasUsed": 51589,
	"logs": [
		{
			"address": "0x7e9e431a0B8c4D532C745B1043c7FA29a48D4fBa",
			"blockHash": "0xa4c059cf16a8fe279a65438a7d70c0d3317c8a63a0a675a944ad9306ae82bf88",
			"blockNumber": 5481533,
			"data": "0x0000000000000000000000000000000000000000000000111a712a68cbbe0000",
			"logIndex": 127,
			"topics": [
				"0xddf252ad1be2c89b69c2b068fc378daa952ba7f163c4a11628f55a4df523b3ef",
				"0x000000000000000000000000468b858c964f297fd8fce058032bf4b4911a8ad8",
				"0x000000000000000000000000b843442b98be325b59ddab9cd3319b91869bf73c"
			],
			"transactionHash": "0x1dc0092e959c0f343db6c2ee1dc620bc78ecd726263bc888a6a8ed1eaaaeaa0b",
			"transactionIndex": 156,
			"transactionLogIndex": "0x0",
			"type": "mined",
			"id": "log_d6efbd40"
		}
	],
	"logsBloom": "0x00000000000000000000000000020000000000000000000000000000000000000000000000000000000000000000000000000000000000000000000000000000000000000000010000000008000000000010000000000000000000000020000000000000000000000000000000000000000000000000000000000010000100000000000000000000000000000000000000000000000000000000000000000000000000000000000080000000000000000000000000000000000000010000000000001002000000000000000000000000000000000000000000000000000000000000000000000000000000000000000000000200000000000000000000000000",
	"root": null,
	"status": "0x1",
	"transactionHash": "0x1dc0092e959c0f343db6c2ee1dc620bc78ecd726263bc888a6a8ed1eaaaeaa0b",
	"transactionIndex": 156
}
[2018-04-21T19:49:55.816] [DEBUG] trans - TO:   0x539dbc6edea8a2395b6870432ee3bec592833593
[2018-04-21T19:49:55.816] [DEBUG] trans - AMOUNT:   315500000000000000000
[2018-04-21T19:49:55.816] [DEBUG] trans - Receipt info:  {
	"blockHash": "0xa4c059cf16a8fe279a65438a7d70c0d3317c8a63a0a675a944ad9306ae82bf88",
	"blockNumber": 5481533,
	"contractAddress": null,
	"cumulativeGasUsed": 7249085,
	"gasUsed": 51589,
	"logs": [
		{
			"address": "0x7e9e431a0B8c4D532C745B1043c7FA29a48D4fBa",
			"blockHash": "0xa4c059cf16a8fe279a65438a7d70c0d3317c8a63a0a675a944ad9306ae82bf88",
			"blockNumber": 5481533,
			"data": "0x0000000000000000000000000000000000000000000000111a712a68cbbe0000",
			"logIndex": 125,
			"topics": [
				"0xddf252ad1be2c89b69c2b068fc378daa952ba7f163c4a11628f55a4df523b3ef",
				"0x000000000000000000000000468b858c964f297fd8fce058032bf4b4911a8ad8",
				"0x000000000000000000000000539dbc6edea8a2395b6870432ee3bec592833593"
			],
			"transactionHash": "0x1feff8e9582ae3066721afce4a893a606aa0c4ccab98c5c8667a1c94ea44ee03",
			"transactionIndex": 154,
			"transactionLogIndex": "0x0",
			"type": "mined",
			"id": "log_df41d6bd"
		}
	],
	"logsBloom": "0x00000000000000000000000000020000000000000000000000000000000000000002000000000000000000000000000000000000000000000000000000000000000000000000010000000008000000000000000000000000000000000020000000000000000000000000000000000000000000000000000000000010000000000000000000000000000000000000000200000000000000000000000000000000000000000010000080000000000000000000000000000000000000010000000000001002000000000000000000000000000000000000000000000000000000000000000000000000000000000000000000000000000000000000000000000000",
	"root": null,
	"status": "0x1",
	"transactionHash": "0x1feff8e9582ae3066721afce4a893a606aa0c4ccab98c5c8667a1c94ea44ee03",
	"transactionIndex": 154
}
[2018-04-21T19:49:55.816] [DEBUG] trans - TO:   0xf07f66ea24f6ece0167b9f5bbcd29cb0d2fb3e77
[2018-04-21T19:49:55.816] [DEBUG] trans - AMOUNT:   315708300000000000000
[2018-04-21T19:49:55.816] [DEBUG] trans - Receipt info:  {
	"blockHash": "0xa4c059cf16a8fe279a65438a7d70c0d3317c8a63a0a675a944ad9306ae82bf88",
	"blockNumber": 5481533,
	"contractAddress": null,
	"cumulativeGasUsed": 5409836,
	"gasUsed": 51653,
	"logs": [
		{
			"address": "0x7e9e431a0B8c4D532C745B1043c7FA29a48D4fBa",
			"blockHash": "0xa4c059cf16a8fe279a65438a7d70c0d3317c8a63a0a675a944ad9306ae82bf88",
			"blockNumber": 5481533,
			"data": "0x0000000000000000000000000000000000000000000000111d553227de74c000",
			"logIndex": 95,
			"topics": [
				"0xddf252ad1be2c89b69c2b068fc378daa952ba7f163c4a11628f55a4df523b3ef",
				"0x000000000000000000000000468b858c964f297fd8fce058032bf4b4911a8ad8",
				"0x000000000000000000000000f07f66ea24f6ece0167b9f5bbcd29cb0d2fb3e77"
			],
			"transactionHash": "0x2e36d4844f26bcc12f8672f57be229c740f6ab0d2b0b918d1e9e019cadcf95a8",
			"transactionIndex": 112,
			"transactionLogIndex": "0x0",
			"type": "mined",
			"id": "log_88d9e00d"
		}
	],
	"logsBloom": "0x00000000000000000000000000020000000000000000000000000000000000000000000000000000000000000080000000000000000000000000000000000000000000000000010000000009000000000000000000000000000000000020000000000000000000000000000000000000000000000000000000000010000000000000000000000000000000000000000000000000000000000000000000000000000000000000000080000000000000000000200000000000000000010000000000001002000000000000000000000000000000000000000000000000000000000000000000000000000000000000000000000000000000000000000000000000",
	"root": null,
	"status": "0x1",
	"transactionHash": "0x2e36d4844f26bcc12f8672f57be229c740f6ab0d2b0b918d1e9e019cadcf95a8",
	"transactionIndex": 112
}
[2018-04-21T19:49:55.817] [DEBUG] trans - TO:   0xc2b5c69d37450db78fa2cb62973eebd6430b2f38
[2018-04-21T19:49:55.817] [DEBUG] trans - AMOUNT:   315512800000000000000
[2018-04-21T19:49:55.817] [DEBUG] trans - Receipt info:  {
	"blockHash": "0xa4c059cf16a8fe279a65438a7d70c0d3317c8a63a0a675a944ad9306ae82bf88",
	"blockNumber": 5481533,
	"contractAddress": null,
	"cumulativeGasUsed": 7144574,
	"gasUsed": 51589,
	"logs": [
		{
			"address": "0x7e9e431a0B8c4D532C745B1043c7FA29a48D4fBa",
			"blockHash": "0xa4c059cf16a8fe279a65438a7d70c0d3317c8a63a0a675a944ad9306ae82bf88",
			"blockNumber": 5481533,
			"data": "0x0000000000000000000000000000000000000000000000111a9ea3f108de0000",
			"logIndex": 123,
			"topics": [
				"0xddf252ad1be2c89b69c2b068fc378daa952ba7f163c4a11628f55a4df523b3ef",
				"0x000000000000000000000000468b858c964f297fd8fce058032bf4b4911a8ad8",
				"0x000000000000000000000000c2b5c69d37450db78fa2cb62973eebd6430b2f38"
			],
			"transactionHash": "0x005011dea0cdca4f30f225ce99dfb0c037d6dd9f56b50066fe354c9ba02b8aa4",
			"transactionIndex": 152,
			"transactionLogIndex": "0x0",
			"type": "mined",
			"id": "log_d5a13332"
		}
	],
	"logsBloom": "0x00000000000000000000000000020000000000000000000000000000000000000000000000000000000000000000000000000000000000000000000000000000000000000000010000000008000000000000000000000000000000000020000000000000000000000000000000000000000000000000000000000010000000000000000000008000000000000000000000000000000000000000000000000000000000000000020080000000000000000000000000000000000000010000000000001002000000000000000000000008000000000000000000000000000000000000000000000000000000000000000000000000000000000000000000000000",
	"root": null,
	"status": "0x1",
	"transactionHash": "0x005011dea0cdca4f30f225ce99dfb0c037d6dd9f56b50066fe354c9ba02b8aa4",
	"transactionIndex": 152
}
[2018-04-21T19:49:55.818] [DEBUG] trans - TO:   0xa15506e435e91bf374a94528e426e00c57ad66ed
[2018-04-21T19:49:55.818] [DEBUG] trans - AMOUNT:   315499400000000000000
[2018-04-21T19:49:55.818] [DEBUG] trans - Receipt info:  {
	"blockHash": "0xa4c059cf16a8fe279a65438a7d70c0d3317c8a63a0a675a944ad9306ae82bf88",
	"blockNumber": 5481533,
	"contractAddress": null,
	"cumulativeGasUsed": 7458171,
	"gasUsed": 51653,
	"logs": [
		{
			"address": "0x7e9e431a0B8c4D532C745B1043c7FA29a48D4fBa",
			"blockHash": "0xa4c059cf16a8fe279a65438a7d70c0d3317c8a63a0a675a944ad9306ae82bf88",
			"blockNumber": 5481533,
			"data": "0x0000000000000000000000000000000000000000000000111a6f08b668e08000",
			"logIndex": 129,
			"topics": [
				"0xddf252ad1be2c89b69c2b068fc378daa952ba7f163c4a11628f55a4df523b3ef",
				"0x000000000000000000000000468b858c964f297fd8fce058032bf4b4911a8ad8",
				"0x000000000000000000000000a15506e435e91bf374a94528e426e00c57ad66ed"
			],
			"transactionHash": "0xda170dcd7b19c7c37c6e6fbc14605a4f77a30c53658ac8eab3e5ec2665b4e3c4",
			"transactionIndex": 158,
			"transactionLogIndex": "0x0",
			"type": "mined",
			"id": "log_6ab1e514"
		}
	],
	"logsBloom": "0x00000000000000000010000000020000000000000000000000000000000000000000000000000000000000000000000000000000000000000000000000000000000000000000010000000008000000000000000000000000000000000020000000000000000000000000000000000000000000000000000000000010000000000000000000000000000000000000000000000000000000000000000000000000000000000000000080000000000000800000000000000000000000010000000000001002000000000000000000000000000000000000000000000000000000000000080000000000000000000000000000000000000000000000000000000000",
	"root": null,
	"status": "0x1",
	"transactionHash": "0xda170dcd7b19c7c37c6e6fbc14605a4f77a30c53658ac8eab3e5ec2665b4e3c4",
	"transactionIndex": 158
}
[2018-04-21T19:49:55.820] [DEBUG] trans - TO:   0x1507eebfbc52002b38ea6928a5834642b986aa72
[2018-04-21T19:49:55.820] [DEBUG] trans - AMOUNT:   315498400000000000000
[2018-04-21T19:49:55.820] [DEBUG] trans - Receipt info:  {
	"blockHash": "0xa4c059cf16a8fe279a65438a7d70c0d3317c8a63a0a675a944ad9306ae82bf88",
	"blockNumber": 5481533,
	"contractAddress": null,
	"cumulativeGasUsed": 7562618,
	"gasUsed": 51525,
	"logs": [
		{
			"address": "0x7e9e431a0B8c4D532C745B1043c7FA29a48D4fBa",
			"blockHash": "0xa4c059cf16a8fe279a65438a7d70c0d3317c8a63a0a675a944ad9306ae82bf88",
			"blockNumber": 5481533,
			"data": "0x0000000000000000000000000000000000000000000000111a6b7b37c41a0000",
			"logIndex": 131,
			"topics": [
				"0xddf252ad1be2c89b69c2b068fc378daa952ba7f163c4a11628f55a4df523b3ef",
				"0x000000000000000000000000468b858c964f297fd8fce058032bf4b4911a8ad8",
				"0x0000000000000000000000001507eebfbc52002b38ea6928a5834642b986aa72"
			],
			"transactionHash": "0x9ffb65c97a1f096fb049e7fae92ddbe67a9586d7a79de17a26674939334ea633",
			"transactionIndex": 160,
			"transactionLogIndex": "0x0",
			"type": "mined",
			"id": "log_4bcc6aac"
		}
	],
	"logsBloom": "0x000000000000000000000000000200000000000000000000000000000000000000000000000000000000000000000000000000000000000000000000000000000000000000002100000000080000000200000000000000000000000000200000000000000000000000000000000000000000000000000000000000100000000000000000000000000000000000000000000000000000000000000000000000000000000000000000a0000000000000000000000000000000000000010000000000001002000000000000000000000000000000000000000000000000000000000000000000000000000000000000000000000000000000000000000000000000",
	"root": null,
	"status": "0x1",
	"transactionHash": "0x9ffb65c97a1f096fb049e7fae92ddbe67a9586d7a79de17a26674939334ea633",
	"transactionIndex": 160
}
[2018-04-21T19:49:55.821] [DEBUG] trans - TO:   0x817a3cfff65361d8862c1bc08d7ea3982e9eef01
[2018-04-21T19:49:55.821] [DEBUG] trans - AMOUNT:   315457200000000000000
[2018-04-21T19:49:55.821] [DEBUG] trans - Receipt info:  {
	"blockHash": "0xa4c059cf16a8fe279a65438a7d70c0d3317c8a63a0a675a944ad9306ae82bf88",
	"blockNumber": 5481533,
	"contractAddress": null,
	"cumulativeGasUsed": 7876151,
	"gasUsed": 51589,
	"logs": [
		{
			"address": "0x7e9e431a0B8c4D532C745B1043c7FA29a48D4fBa",
			"blockHash": "0xa4c059cf16a8fe279a65438a7d70c0d3317c8a63a0a675a944ad9306ae82bf88",
			"blockNumber": 5481533,
			"data": "0x00000000000000000000000000000000000000000000001119d91c093f5b0000",
			"logIndex": 137,
			"topics": [
				"0xddf252ad1be2c89b69c2b068fc378daa952ba7f163c4a11628f55a4df523b3ef",
				"0x000000000000000000000000468b858c964f297fd8fce058032bf4b4911a8ad8",
				"0x000000000000000000000000817a3cfff65361d8862c1bc08d7ea3982e9eef01"
			],
			"transactionHash": "0xcf3692918729c9b1d0cadf586c4c5b301cd478f7e7bbfb6e09d4cd7e8a711dcf",
			"transactionIndex": 166,
			"transactionLogIndex": "0x0",
			"type": "mined",
			"id": "log_bcd9154f"
		}
	],
	"logsBloom": "0x00000040000000000000000000020000000000000000000000000000000000000000000000000000000000000000000000000000000000000008000000000000000000000000010000000008000000000000000000000000000000000020000000000000000000000000000000000000000000000000000000100010000000000000000000000000000000000000000000000000000000000000000000000000000000000000000080000000000000000000000000000000000000010000000000001002000000000000000000000000000000000000000000000000000000000000000000000000000000000000000000000000000000000000000000000000",
	"root": null,
	"status": "0x1",
	"transactionHash": "0xcf3692918729c9b1d0cadf586c4c5b301cd478f7e7bbfb6e09d4cd7e8a711dcf",
	"transactionIndex": 166
}
[2018-04-21T19:49:55.821] [DEBUG] trans - TO:   0x33860ae3a14e834918e3f9de2fa2379b904da735
[2018-04-21T19:49:55.822] [DEBUG] trans - AMOUNT:   315481900000000000000
[2018-04-21T19:49:55.822] [DEBUG] trans - Receipt info:  {
	"blockHash": "0xa4c059cf16a8fe279a65438a7d70c0d3317c8a63a0a675a944ad9306ae82bf88",
	"blockNumber": 5481533,
	"contractAddress": null,
	"cumulativeGasUsed": 7667129,
	"gasUsed": 51653,
	"logs": [
		{
			"address": "0x7e9e431a0B8c4D532C745B1043c7FA29a48D4fBa",
			"blockHash": "0xa4c059cf16a8fe279a65438a7d70c0d3317c8a63a0a675a944ad9306ae82bf88",
			"blockNumber": 5481533,
			"data": "0x0000000000000000000000000000000000000000000000111a30dc8e254ec000",
			"logIndex": 133,
			"topics": [
				"0xddf252ad1be2c89b69c2b068fc378daa952ba7f163c4a11628f55a4df523b3ef",
				"0x000000000000000000000000468b858c964f297fd8fce058032bf4b4911a8ad8",
				"0x00000000000000000000000033860ae3a14e834918e3f9de2fa2379b904da735"
			],
			"transactionHash": "0x53340edde48255947b01b2a8b8d56d91dcc6352ff9de68c384b0a002a53ae153",
			"transactionIndex": 162,
			"transactionLogIndex": "0x0",
			"type": "mined",
			"id": "log_008b512f"
		}
	],
	"logsBloom": "0x00000000000000000000000000020000000000000000001000000000000000000000000000000010000000000000000000000000000000000000000000000000000000000000010000000008000000000000000000000000000000000020000000000000000000000000000000000000000000000000000000000010000000000000000000000000000000000000000000000000000000000000000000000000000000000000000080000000000000000000000000000008000000010000000000001002000000000000000000000000000000000000000000000000000000000000000000000000000000000000000000000000000000000000000000000000",
	"root": null,
	"status": "0x1",
	"transactionHash": "0x53340edde48255947b01b2a8b8d56d91dcc6352ff9de68c384b0a002a53ae153",
	"transactionIndex": 162
}
[2018-04-21T19:49:55.823] [DEBUG] trans - TO:   0x47d519e9eb98a0e5494c9b04c5c86eda06dd6f0b
[2018-04-21T19:49:55.823] [DEBUG] trans - AMOUNT:   315471200000000000000
[2018-04-21T19:49:55.823] [DEBUG] trans - Receipt info:  {
	"blockHash": "0xa4c059cf16a8fe279a65438a7d70c0d3317c8a63a0a675a944ad9306ae82bf88",
	"blockNumber": 5481533,
	"contractAddress": null,
	"cumulativeGasUsed": 7771640,
	"gasUsed": 51589,
	"logs": [
		{
			"address": "0x7e9e431a0B8c4D532C745B1043c7FA29a48D4fBa",
			"blockHash": "0xa4c059cf16a8fe279a65438a7d70c0d3317c8a63a0a675a944ad9306ae82bf88",
			"blockNumber": 5481533,
			"data": "0x0000000000000000000000000000000000000000000000111a0ad8f642360000",
			"logIndex": 135,
			"topics": [
				"0xddf252ad1be2c89b69c2b068fc378daa952ba7f163c4a11628f55a4df523b3ef",
				"0x000000000000000000000000468b858c964f297fd8fce058032bf4b4911a8ad8",
				"0x00000000000000000000000047d519e9eb98a0e5494c9b04c5c86eda06dd6f0b"
			],
			"transactionHash": "0x38bb3ad620187783b4eb3216017ad55150c2e304d85b63dba3d672404ddf700a",
			"transactionIndex": 164,
			"transactionLogIndex": "0x0",
			"type": "mined",
			"id": "log_86f4ea24"
		}
	],
	"logsBloom": "0x00000000000000000000000000020000000000000000000000000000000000000000000000000000000000000000000000000000000000000000010000000000000000000000010000000008000000000000000000000000000000000020000000000000000000000000000000000000000000000000000000000010000000000000000000000000000000000000000200000000000000000000000000000000000000000000000080000000000000000000000000000000000000010000000000001002000000000000000000000000000000000000000000000000000000000000000000000000000000000000001000000000000000000000000000000000",
	"root": null,
	"status": "0x1",
	"transactionHash": "0x38bb3ad620187783b4eb3216017ad55150c2e304d85b63dba3d672404ddf700a",
	"transactionIndex": 164
}
[2018-04-21T19:50:07.811] [DEBUG] trans - TO:   0x309c29c1a4379a60a10f887e80b47e663d2b4761
[2018-04-21T19:50:07.811] [DEBUG] trans - AMOUNT:   315433800000000000000
[2018-04-21T19:50:07.811] [DEBUG] trans - Receipt info:  {
	"blockHash": "0xb4509f3228a6b1d10a5fe99cd5bf610bcabe70ac66db785ad57ca768e05d75ea",
	"blockNumber": 5481534,
	"contractAddress": null,
	"cumulativeGasUsed": 1822978,
	"gasUsed": 51653,
	"logs": [
		{
			"address": "0x7e9e431a0B8c4D532C745B1043c7FA29a48D4fBa",
			"blockHash": "0xb4509f3228a6b1d10a5fe99cd5bf610bcabe70ac66db785ad57ca768e05d75ea",
			"blockNumber": 5481534,
			"data": "0x0000000000000000000000000000000000000000000000111985f9dc2f9c8000",
			"logIndex": 30,
			"topics": [
				"0xddf252ad1be2c89b69c2b068fc378daa952ba7f163c4a11628f55a4df523b3ef",
				"0x000000000000000000000000468b858c964f297fd8fce058032bf4b4911a8ad8",
				"0x000000000000000000000000309c29c1a4379a60a10f887e80b47e663d2b4761"
			],
			"transactionHash": "0x36132bc8fd5d58685bdc5df27c9fefe25d354e96ecca31b462b37cdfef3850e6",
			"transactionIndex": 52,
			"transactionLogIndex": "0x0",
			"type": "mined",
			"id": "log_788da071"
		}
	],
	"logsBloom": "0x00000000000000000000000000020000000000000000000000000000000000000000000000000000000000000000000000000000000000000000000000000000000000000000010000000008000000000000000000000000000000000020000000000000000000000000000000000000000000000000000000000010000000000000000000000000004000000000000000000000000000000000000004000020000000000000000080000000000000000000000000000000000000010000000000001002000000000000000000000000000000000000000000000000000000000000000000000000000000000000000000000000000000000000000000000000",
	"root": null,
	"status": "0x1",
	"transactionHash": "0x36132bc8fd5d58685bdc5df27c9fefe25d354e96ecca31b462b37cdfef3850e6",
	"transactionIndex": 52
}
[2018-04-21T19:50:07.811] [DEBUG] trans - TO:   0x5f0f5ba64cb4ae3fb6af63f3f25d9e38a56fb92c
[2018-04-21T19:50:07.811] [DEBUG] trans - AMOUNT:   315441700000000000000
[2018-04-21T19:50:07.811] [DEBUG] trans - Receipt info:  {
	"blockHash": "0xb4509f3228a6b1d10a5fe99cd5bf610bcabe70ac66db785ad57ca768e05d75ea",
	"blockNumber": 5481534,
	"contractAddress": null,
	"cumulativeGasUsed": 1771325,
	"gasUsed": 51653,
	"logs": [
		{
			"address": "0x7e9e431a0B8c4D532C745B1043c7FA29a48D4fBa",
			"blockHash": "0xb4509f3228a6b1d10a5fe99cd5bf610bcabe70ac66db785ad57ca768e05d75ea",
			"blockNumber": 5481534,
			"data": "0x00000000000000000000000000000000000000000000001119a20ade45564000",
			"logIndex": 29,
			"topics": [
				"0xddf252ad1be2c89b69c2b068fc378daa952ba7f163c4a11628f55a4df523b3ef",
				"0x000000000000000000000000468b858c964f297fd8fce058032bf4b4911a8ad8",
				"0x0000000000000000000000005f0f5ba64cb4ae3fb6af63f3f25d9e38a56fb92c"
			],
			"transactionHash": "0x71d0871159994c6f0bea3150355572159df42cf1ac38d8379936254a3d2ab042",
			"transactionIndex": 51,
			"transactionLogIndex": "0x0",
			"type": "mined",
			"id": "log_d0d0b9cd"
		}
	],
	"logsBloom": "0x00000000000000000000000000020000000000000000000000000000000000000000000000020000000000000000000000000000000000000000000000000000000000000000010000000008000000000000000000000000000000000020000000000000000000000000000000000000000000000000000000000010000000000000000000000000000000000000000000000000000000000000200000000000000000000000000080000000000000000000000000000000000000010000000000001002000000000000000000000000000000000000000000000000000000000000000000800000000000000000000000000000000000000000000000000000",
	"root": null,
	"status": "0x1",
	"transactionHash": "0x71d0871159994c6f0bea3150355572159df42cf1ac38d8379936254a3d2ab042",
	"transactionIndex": 51
}
[2018-04-21T19:50:07.811] [DEBUG] trans - TO:   0xaba5e0ab1243111b852205c64a900db7cead021a
[2018-04-21T19:50:07.811] [DEBUG] trans - AMOUNT:   315417000000000000000
[2018-04-21T19:50:07.811] [DEBUG] trans - Receipt info:  {
	"blockHash": "0xb4509f3228a6b1d10a5fe99cd5bf610bcabe70ac66db785ad57ca768e05d75ea",
	"blockNumber": 5481534,
	"contractAddress": null,
	"cumulativeGasUsed": 1874631,
	"gasUsed": 51653,
	"logs": [
		{
			"address": "0x7e9e431a0B8c4D532C745B1043c7FA29a48D4fBa",
			"blockHash": "0xb4509f3228a6b1d10a5fe99cd5bf610bcabe70ac66db785ad57ca768e05d75ea",
			"blockNumber": 5481534,
			"data": "0x000000000000000000000000000000000000000000000011194a4a595f628000",
			"logIndex": 31,
			"topics": [
				"0xddf252ad1be2c89b69c2b068fc378daa952ba7f163c4a11628f55a4df523b3ef",
				"0x000000000000000000000000468b858c964f297fd8fce058032bf4b4911a8ad8",
				"0x000000000000000000000000aba5e0ab1243111b852205c64a900db7cead021a"
			],
			"transactionHash": "0x1010f8c9725e61de3e44acbfb7e91ff3b561cc06b559268d069ea0d5534eff7f",
			"transactionIndex": 53,
			"transactionLogIndex": "0x0",
			"type": "mined",
			"id": "log_da60fc41"
		}
	],
	"logsBloom": "0x00000000000000000000000000020000000000000000000000000000000000000000000000010000000000800000000000000000000000000000000000000000000000000100010000000008000000000000000000000000000000000020000000000000000000000000000000000000000000000000000000000010000000000000000000000000000000000000000000000000000000000000000000000000000000000000000080000000000000000000000000000000000000010000000000001002000000000000000000000000000000000000000000000000000000000000000000000000000000000000000000000000000000000000000000000000",
	"root": null,
	"status": "0x1",
	"transactionHash": "0x1010f8c9725e61de3e44acbfb7e91ff3b561cc06b559268d069ea0d5534eff7f",
	"transactionIndex": 53
}
[2018-04-21T19:50:07.812] [DEBUG] trans - TO:   0x52a049d748b79abf9d70e4025cd030d2a4c39a10
[2018-04-21T19:50:07.812] [DEBUG] trans - AMOUNT:   315355600000000000000
[2018-04-21T19:50:07.812] [DEBUG] trans - Receipt info:  {
	"blockHash": "0xb4509f3228a6b1d10a5fe99cd5bf610bcabe70ac66db785ad57ca768e05d75ea",
	"blockNumber": 5481534,
	"contractAddress": null,
	"cumulativeGasUsed": 2132704,
	"gasUsed": 51589,
	"logs": [
		{
			"address": "0x7e9e431a0B8c4D532C745B1043c7FA29a48D4fBa",
			"blockHash": "0xb4509f3228a6b1d10a5fe99cd5bf610bcabe70ac66db785ad57ca768e05d75ea",
			"blockNumber": 5481534,
			"data": "0x0000000000000000000000000000000000000000000000111870275fda2d0000",
			"logIndex": 36,
			"topics": [
				"0xddf252ad1be2c89b69c2b068fc378daa952ba7f163c4a11628f55a4df523b3ef",
				"0x000000000000000000000000468b858c964f297fd8fce058032bf4b4911a8ad8",
				"0x00000000000000000000000052a049d748b79abf9d70e4025cd030d2a4c39a10"
			],
			"transactionHash": "0x47b94c308b9dbd61207fb536373ec891804e4598111a56be8aa464f6b02ad103",
			"transactionIndex": 58,
			"transactionLogIndex": "0x0",
			"type": "mined",
			"id": "log_986986e1"
		}
	],
	"logsBloom": "0x00000000000000000000000000020000000000000000000000000000000000000000400000000000000000000000000000000000000000000000000000000000000000000000010000000008000000000000000000000000001000000020000000000000000000000000000000000000000000000000000000000010000000000000000000000000000000000000000000000000000000000000000000000000000000000000000080000000000000000000000000000000000000010000000000001002000000000000000000000000000000000000000000000000000000000080000000000000000000000000000000000000000000000000000000000000",
	"root": null,
	"status": "0x1",
	"transactionHash": "0x47b94c308b9dbd61207fb536373ec891804e4598111a56be8aa464f6b02ad103",
	"transactionIndex": 58
}
[2018-04-21T19:50:07.812] [DEBUG] trans - TO:   0x68a16d6a7c4d6665f8cff288004351cf390222ab
[2018-04-21T19:50:07.812] [DEBUG] trans - AMOUNT:   315387000000000000000
[2018-04-21T19:50:07.812] [DEBUG] trans - Receipt info:  {
	"blockHash": "0xb4509f3228a6b1d10a5fe99cd5bf610bcabe70ac66db785ad57ca768e05d75ea",
	"blockNumber": 5481534,
	"contractAddress": null,
	"cumulativeGasUsed": 1926220,
	"gasUsed": 51589,
	"logs": [
		{
			"address": "0x7e9e431a0B8c4D532C745B1043c7FA29a48D4fBa",
			"blockHash": "0xb4509f3228a6b1d10a5fe99cd5bf610bcabe70ac66db785ad57ca768e05d75ea",
			"blockNumber": 5481534,
			"data": "0x00000000000000000000000000000000000000000000001118dfb582101f8000",
			"logIndex": 32,
			"topics": [
				"0xddf252ad1be2c89b69c2b068fc378daa952ba7f163c4a11628f55a4df523b3ef",
				"0x000000000000000000000000468b858c964f297fd8fce058032bf4b4911a8ad8",
				"0x00000000000000000000000068a16d6a7c4d6665f8cff288004351cf390222ab"
			],
			"transactionHash": "0x81f1e78639c6af5e8588ff56552eb823e5c3aba114b0b2ab05a99345d4382a06",
			"transactionIndex": 54,
			"transactionLogIndex": "0x0",
			"type": "mined",
			"id": "log_6fc0af33"
		}
	],
	"logsBloom": "0x00000000000000000000000400020000000000000000004000000000002000000000000000000000000000000000000000000000000000000000000000000000000000000000010000000008000000000000000000000000000000000020000000000000000000000000000000000000000000000000000000000010000000000000000000000000000000000000000000000000000000000000000000000000000000000000000080000000000000000000000000000000000000010000000000001002000000000000000000000000000000000000000000000000000000000000000000000000000000000000000000000000000000000000000000000000",
	"root": null,
	"status": "0x1",
	"transactionHash": "0x81f1e78639c6af5e8588ff56552eb823e5c3aba114b0b2ab05a99345d4382a06",
	"transactionIndex": 54
}
[2018-04-21T19:50:07.812] [DEBUG] trans - TO:   0x48464b5e9f10a6d7cfc40442b5b975e515b41725
[2018-04-21T19:50:07.812] [DEBUG] trans - AMOUNT:   315377200000000000000
[2018-04-21T19:50:07.812] [DEBUG] trans - Receipt info:  {
	"blockHash": "0xb4509f3228a6b1d10a5fe99cd5bf610bcabe70ac66db785ad57ca768e05d75ea",
	"blockNumber": 5481534,
	"contractAddress": null,
	"cumulativeGasUsed": 1977809,
	"gasUsed": 51589,
	"logs": [
		{
			"address": "0x7e9e431a0B8c4D532C745B1043c7FA29a48D4fBa",
			"blockHash": "0xb4509f3228a6b1d10a5fe99cd5bf610bcabe70ac66db785ad57ca768e05d75ea",
			"blockNumber": 5481534,
			"data": "0x00000000000000000000000000000000000000000000001118bce475c1530000",
			"logIndex": 33,
			"topics": [
				"0xddf252ad1be2c89b69c2b068fc378daa952ba7f163c4a11628f55a4df523b3ef",
				"0x000000000000000000000000468b858c964f297fd8fce058032bf4b4911a8ad8",
				"0x00000000000000000000000048464b5e9f10a6d7cfc40442b5b975e515b41725"
			],
			"transactionHash": "0x050717d03424de1732ed9b587b095816ef2ce162ff39d4beccc416cfa65849ef",
			"transactionIndex": 55,
			"transactionLogIndex": "0x0",
			"type": "mined",
			"id": "log_9941f3f1"
		}
	],
	"logsBloom": "0x00000000000000000000000000020000000000000000000000000000000000000000000000000000000000000000000000000000000000000000000000000000000000000000010000000008400000000000000000000000000000000020000040000000000000000000000000000000000000000000000000000010000000000000000000000000000000000000000000000000000000000000000000000000000000000000000080000000000000000000000000000000000000010000000000001002000000000000000000000000000000000000000000000000000000000000000000000000000001000000000000000000000000000000000000000000",
	"root": null,
	"status": "0x1",
	"transactionHash": "0x050717d03424de1732ed9b587b095816ef2ce162ff39d4beccc416cfa65849ef",
	"transactionIndex": 55
}
[2018-04-21T19:50:07.813] [DEBUG] trans - TO:   0xf62edadd5ecd62145baacb492518be2e425f4997
[2018-04-21T19:50:07.813] [DEBUG] trans - AMOUNT:   315368700000000000000
[2018-04-21T19:50:07.813] [DEBUG] trans - Receipt info:  {
	"blockHash": "0xb4509f3228a6b1d10a5fe99cd5bf610bcabe70ac66db785ad57ca768e05d75ea",
	"blockNumber": 5481534,
	"contractAddress": null,
	"cumulativeGasUsed": 2029462,
	"gasUsed": 51653,
	"logs": [
		{
			"address": "0x7e9e431a0B8c4D532C745B1043c7FA29a48D4fBa",
			"blockHash": "0xb4509f3228a6b1d10a5fe99cd5bf610bcabe70ac66db785ad57ca768e05d75ea",
			"blockNumber": 5481534,
			"data": "0x000000000000000000000000000000000000000000000011189eb1c148bbc000",
			"logIndex": 34,
			"topics": [
				"0xddf252ad1be2c89b69c2b068fc378daa952ba7f163c4a11628f55a4df523b3ef",
				"0x000000000000000000000000468b858c964f297fd8fce058032bf4b4911a8ad8",
				"0x000000000000000000000000f62edadd5ecd62145baacb492518be2e425f4997"
			],
			"transactionHash": "0x89d3361d3de0506fb95e9489cf9925cc932f3be55c02fd7c2965b3374cce7bd6",
			"transactionIndex": 56,
			"transactionLogIndex": "0x0",
			"type": "mined",
			"id": "log_0b0a6eb7"
		}
	],
	"logsBloom": "0x00000000000000000000000000020000000000000000000000000000000000000000000000000000000000000000000000800000000000000000000000000000000000000000010000000008000000000000000000000000000000000020000000000000010000000000000000000000000000000000000000000010000000000000000000000000000000000000000000000100000000000000000000000000000000000000000080000000000000000000000000000000000000010000000000001002000000000000000000000000000000000000000000000000000000000000000000000000000000000000000000000000000000000000000000000000",
	"root": null,
	"status": "0x1",
	"transactionHash": "0x89d3361d3de0506fb95e9489cf9925cc932f3be55c02fd7c2965b3374cce7bd6",
	"transactionIndex": 56
}
[2018-04-21T19:50:07.813] [DEBUG] trans - TO:   0x6fcd425bd71de84f72255b1010e4df8cf3046996
[2018-04-21T19:50:07.813] [DEBUG] trans - AMOUNT:   315363100000000000000
[2018-04-21T19:50:07.813] [DEBUG] trans - Receipt info:  {
	"blockHash": "0xb4509f3228a6b1d10a5fe99cd5bf610bcabe70ac66db785ad57ca768e05d75ea",
	"blockNumber": 5481534,
	"contractAddress": null,
	"cumulativeGasUsed": 2081115,
	"gasUsed": 51653,
	"logs": [
		{
			"address": "0x7e9e431a0B8c4D532C745B1043c7FA29a48D4fBa",
			"blockHash": "0xb4509f3228a6b1d10a5fe99cd5bf610bcabe70ac66db785ad57ca768e05d75ea",
			"blockNumber": 5481534,
			"data": "0x000000000000000000000000000000000000000000000011188acc95adfdc000",
			"logIndex": 35,
			"topics": [
				"0xddf252ad1be2c89b69c2b068fc378daa952ba7f163c4a11628f55a4df523b3ef",
				"0x000000000000000000000000468b858c964f297fd8fce058032bf4b4911a8ad8",
				"0x0000000000000000000000006fcd425bd71de84f72255b1010e4df8cf3046996"
			],
			"transactionHash": "0x357b8eab404d29718e1d418cb93002dd5682103ab8266c661c816ebecf0c1484",
			"transactionIndex": 57,
			"transactionLogIndex": "0x0",
			"type": "mined",
			"id": "log_7c426493"
		}
	],
	"logsBloom": "0x00000000000000000000000000020000000000000000000000000000000000000000000000000000000000000000000000000000000000000000000000000000000000000000010000000008000000000000000000000000000000000020000000000000000000000000000000000000000000000000000000000010000000000000800000000000000000000000000000000000000000000000000000000000000000000000000080000000000000000000000000000000000000010000000000001002008000000000000800000000000000000000000000000000000000000000000000000000000000000000000000000000000000000000000000000000",
	"root": null,
	"status": "0x1",
	"transactionHash": "0x357b8eab404d29718e1d418cb93002dd5682103ab8266c661c816ebecf0c1484",
	"transactionIndex": 57
}
