[2018-04-20T00:23:53.004] [DEBUG] trans - TO:   0x13a9d67516a64a06a29c917f7bbaa40acf8397cc
[2018-04-20T00:23:53.004] [DEBUG] trans - AMOUNT:   208430700000000000000
[2018-04-20T00:23:53.005] [DEBUG] trans - Receipt info:  {
	"blockHash": "0x7885934b45996616725de840b0a795bd9ae41dd6486c35805b1ea4d48ffb4871",
	"blockNumber": 5471039,
	"contractAddress": null,
	"cumulativeGasUsed": 1010608,
	"gasUsed": 51653,
	"logs": [
		{
			"address": "0x7e9e431a0B8c4D532C745B1043c7FA29a48D4fBa",
			"blockHash": "0x7885934b45996616725de840b0a795bd9ae41dd6486c35805b1ea4d48ffb4871",
			"blockNumber": 5471039,
			"data": "0x00000000000000000000000000000000000000000000000b4c8e99563a02c000",
			"logIndex": 13,
			"topics": [
				"0xddf252ad1be2c89b69c2b068fc378daa952ba7f163c4a11628f55a4df523b3ef",
				"0x000000000000000000000000468b858c964f297fd8fce058032bf4b4911a8ad8",
				"0x00000000000000000000000013a9d67516a64a06a29c917f7bbaa40acf8397cc"
			],
			"transactionHash": "0x281ba5a1669d9e27b9dc8569d10baa28ead85d97d13190f6ac5f6404ab9c50b5",
			"transactionIndex": 14,
			"transactionLogIndex": "0x0",
			"type": "mined",
			"id": "log_ab3f1f47"
		}
	],
	"logsBloom": "0x00000000000000000000000000020000000000000000000000000000000000000000000000000000000000000000000000000000000000000000000000000000000000000000010000000008000000000000000000000000000000000020000000000000000000000000000000000000000000000000000000000010000000000000000000000000000000000000000000000000000000000000000000000000000000000000000080000000000000020020000000000000000000010000000000001002000000000000000000000000000000000000002000000000000000000000000000000000000000000000000000000000000000000000000000000000",
	"root": null,
	"status": "0x1",
	"transactionHash": "0x281ba5a1669d9e27b9dc8569d10baa28ead85d97d13190f6ac5f6404ab9c50b5",
	"transactionIndex": 14
}
[2018-04-20T00:23:53.005] [DEBUG] trans - TO:   0x373c8d47ca77aca7f7637c9dc6018d7f68cfd8c5
[2018-04-20T00:23:53.005] [DEBUG] trans - AMOUNT:   208430700000000000000
[2018-04-20T00:23:53.005] [DEBUG] trans - Receipt info:  {
	"blockHash": "0x7885934b45996616725de840b0a795bd9ae41dd6486c35805b1ea4d48ffb4871",
	"blockNumber": 5471039,
	"contractAddress": null,
	"cumulativeGasUsed": 1062261,
	"gasUsed": 51653,
	"logs": [
		{
			"address": "0x7e9e431a0B8c4D532C745B1043c7FA29a48D4fBa",
			"blockHash": "0x7885934b45996616725de840b0a795bd9ae41dd6486c35805b1ea4d48ffb4871",
			"blockNumber": 5471039,
			"data": "0x00000000000000000000000000000000000000000000000b4c8e99563a02c000",
			"logIndex": 14,
			"topics": [
				"0xddf252ad1be2c89b69c2b068fc378daa952ba7f163c4a11628f55a4df523b3ef",
				"0x000000000000000000000000468b858c964f297fd8fce058032bf4b4911a8ad8",
				"0x000000000000000000000000373c8d47ca77aca7f7637c9dc6018d7f68cfd8c5"
			],
			"transactionHash": "0x408073ea672085e1bcb19edfe68f7af060a219b1c12dc462cea2272afd13fcbd",
			"transactionIndex": 15,
			"transactionLogIndex": "0x0",
			"type": "mined",
			"id": "log_6f8c070d"
		}
	],
	"logsBloom": "0x00000000000000000000000000020000000000000000000000000000000000000000000000000000000000000000000000000000000000000000000000000000000000000000010000000008000800000000000000000000000000000020010000000000000000000000000000000000000000000000000000000010000000000000000000000000000000000000000000000000000000000000000000000000000000000000000080000000000000000000000000000000000000010000000000001002002000000000000000000000000000000000000000000000000000000000000000000000000000000000000000000000000000000000000000000000",
	"root": null,
	"status": "0x1",
	"transactionHash": "0x408073ea672085e1bcb19edfe68f7af060a219b1c12dc462cea2272afd13fcbd",
	"transactionIndex": 15
}
[2018-04-20T00:23:53.006] [DEBUG] trans - TO:   0xe1919bdeefbaf20400fbb22611b09fa9fff67bd2
[2018-04-20T00:23:53.006] [DEBUG] trans - AMOUNT:   208438900000000000000
[2018-04-20T00:23:53.006] [DEBUG] trans - Receipt info:  {
	"blockHash": "0x7885934b45996616725de840b0a795bd9ae41dd6486c35805b1ea4d48ffb4871",
	"blockNumber": 5471039,
	"contractAddress": null,
	"cumulativeGasUsed": 907302,
	"gasUsed": 51589,
	"logs": [
		{
			"address": "0x7e9e431a0B8c4D532C745B1043c7FA29a48D4fBa",
			"blockHash": "0x7885934b45996616725de840b0a795bd9ae41dd6486c35805b1ea4d48ffb4871",
			"blockNumber": 5471039,
			"data": "0x00000000000000000000000000000000000000000000000b4cabbb31812b4000",
			"logIndex": 11,
			"topics": [
				"0xddf252ad1be2c89b69c2b068fc378daa952ba7f163c4a11628f55a4df523b3ef",
				"0x000000000000000000000000468b858c964f297fd8fce058032bf4b4911a8ad8",
				"0x000000000000000000000000e1919bdeefbaf20400fbb22611b09fa9fff67bd2"
			],
			"transactionHash": "0x332082dceae65facbee729ca1f2970ed4e2482989e0bfdf4b728e290f99926c4",
			"transactionIndex": 12,
			"transactionLogIndex": "0x0",
			"type": "mined",
			"id": "log_ef0a12d8"
		}
	],
	"logsBloom": "0x00000000002000000000000000020000000000000000000000000000000000000000000000000000000000000000000000000000000000000000000000000000000800000000010000000008000000000000000000000000000000000020000000100000000000000000000000000000000000000000000000000010000000000000000000000000000000000000000000000000000000000000000000000000000000000000000080000000000000000000000000000000000000010000000000001002000000000000000000000000000000000000000000000000000000000000000000000000000000000000000000000000000000000000000000000000",
	"root": null,
	"status": "0x1",
	"transactionHash": "0x332082dceae65facbee729ca1f2970ed4e2482989e0bfdf4b728e290f99926c4",
	"transactionIndex": 12
}
[2018-04-20T00:23:53.006] [DEBUG] trans - TO:   0xf59ada897764eca21a2d3a4c287a785072dbf0c9
[2018-04-20T00:23:53.006] [DEBUG] trans - AMOUNT:   208435100000000000000
[2018-04-20T00:23:53.006] [DEBUG] trans - Receipt info:  {
	"blockHash": "0x7885934b45996616725de840b0a795bd9ae41dd6486c35805b1ea4d48ffb4871",
	"blockNumber": 5471039,
	"contractAddress": null,
	"cumulativeGasUsed": 958955,
	"gasUsed": 51653,
	"logs": [
		{
			"address": "0x7e9e431a0B8c4D532C745B1043c7FA29a48D4fBa",
			"blockHash": "0x7885934b45996616725de840b0a795bd9ae41dd6486c35805b1ea4d48ffb4871",
			"blockNumber": 5471039,
			"data": "0x00000000000000000000000000000000000000000000000b4c9e3b1d0f05c000",
			"logIndex": 12,
			"topics": [
				"0xddf252ad1be2c89b69c2b068fc378daa952ba7f163c4a11628f55a4df523b3ef",
				"0x000000000000000000000000468b858c964f297fd8fce058032bf4b4911a8ad8",
				"0x000000000000000000000000f59ada897764eca21a2d3a4c287a785072dbf0c9"
			],
			"transactionHash": "0x0812c58ae2a2523092e21df6c72eec9c21c2cd311e8ca51f5f7b3d45dd7295a1",
			"transactionIndex": 13,
			"transactionLogIndex": "0x0",
			"type": "mined",
			"id": "log_b97cd71f"
		}
	],
	"logsBloom": "0x00000000000000000000000000020000000000000000000000000000000000000000000000000000000000000000000000000800000000000000000000000000000000000000010000000008000000000000000000000000000000000020000000000000000000000000000000000000000000000400000000000010000000000000000000000000000000000000000000000000000000000000000000000000000000000000000080000000000000000000000000000000000000010000000000001002000000000000000000000000000000000000000000000000000000000000040000000000000000000000000000000000000000000000000000000000",
	"root": null,
	"status": "0x1",
	"transactionHash": "0x0812c58ae2a2523092e21df6c72eec9c21c2cd311e8ca51f5f7b3d45dd7295a1",
	"transactionIndex": 13
}
[2018-04-20T00:23:53.008] [DEBUG] trans - TO:   0x3ba236551d693752a68c56a7b3d85968be65e81a
[2018-04-20T00:23:53.008] [DEBUG] trans - AMOUNT:   208424400000000000000
[2018-04-20T00:23:53.008] [DEBUG] trans - Receipt info:  {
	"blockHash": "0x7885934b45996616725de840b0a795bd9ae41dd6486c35805b1ea4d48ffb4871",
	"blockNumber": 5471039,
	"contractAddress": null,
	"cumulativeGasUsed": 1217156,
	"gasUsed": 51589,
	"logs": [
		{
			"address": "0x7e9e431a0B8c4D532C745B1043c7FA29a48D4fBa",
			"blockHash": "0x7885934b45996616725de840b0a795bd9ae41dd6486c35805b1ea4d48ffb4871",
			"blockNumber": 5471039,
			"data": "0x00000000000000000000000000000000000000000000000b4c7837852bed0000",
			"logIndex": 17,
			"topics": [
				"0xddf252ad1be2c89b69c2b068fc378daa952ba7f163c4a11628f55a4df523b3ef",
				"0x000000000000000000000000468b858c964f297fd8fce058032bf4b4911a8ad8",
				"0x0000000000000000000000003ba236551d693752a68c56a7b3d85968be65e81a"
			],
			"transactionHash": "0xeda977c338f6283b4ebcd874a15285d8253653accf3bba66dea7d3ab98fceb44",
			"transactionIndex": 18,
			"transactionLogIndex": "0x0",
			"type": "mined",
			"id": "log_935f66e5"
		}
	],
	"logsBloom": "0x00000000000000200000000000020000000000000000000000000000000000000000000000000000000000000000000000000000000000000000000000000000000000000000010000000008000000000000000000000000000000000020000000000000000000000000000000000000000000000000000000000010000000008000000000000000000000000000000000000000000000000000000000000000000000000000000080000000000000000000000000000000000000010000000000001002000000010000000000000000000000000000000000000000000000000000000000000000000000000000000000000000000000000000000000000000",
	"root": null,
	"status": "0x1",
	"transactionHash": "0xeda977c338f6283b4ebcd874a15285d8253653accf3bba66dea7d3ab98fceb44",
	"transactionIndex": 18
}
[2018-04-20T00:23:53.008] [DEBUG] trans - TO:   0x4c3d7202ac2381ce67145e2865469bfd9e3195e0
[2018-04-20T00:23:53.008] [DEBUG] trans - AMOUNT:   208430700000000000000
[2018-04-20T00:23:53.008] [DEBUG] trans - Receipt info:  {
	"blockHash": "0x7885934b45996616725de840b0a795bd9ae41dd6486c35805b1ea4d48ffb4871",
	"blockNumber": 5471039,
	"contractAddress": null,
	"cumulativeGasUsed": 1165567,
	"gasUsed": 51653,
	"logs": [
		{
			"address": "0x7e9e431a0B8c4D532C745B1043c7FA29a48D4fBa",
			"blockHash": "0x7885934b45996616725de840b0a795bd9ae41dd6486c35805b1ea4d48ffb4871",
			"blockNumber": 5471039,
			"data": "0x00000000000000000000000000000000000000000000000b4c8e99563a02c000",
			"logIndex": 16,
			"topics": [
				"0xddf252ad1be2c89b69c2b068fc378daa952ba7f163c4a11628f55a4df523b3ef",
				"0x000000000000000000000000468b858c964f297fd8fce058032bf4b4911a8ad8",
				"0x0000000000000000000000004c3d7202ac2381ce67145e2865469bfd9e3195e0"
			],
			"transactionHash": "0xee716b57c1c89a177af79a45dfad3ce04a8030ac67b8112beb3fec369aa7374b",
			"transactionIndex": 17,
			"transactionLogIndex": "0x0",
			"type": "mined",
			"id": "log_d01f44e1"
		}
	],
	"logsBloom": "0x00000000000000000000000000020000000000000000000000000000000000000000000000000000000000000000000000000000000000000000000000000000000000000000010000400008000000000000000000000000000000000020000000000000000000000000100000000000000000000000000000000010000000000000000000000000000000000000000000000000000000000000000000000000000000000000000080000000000000000000000000000000000000010000000000001002000000000000000000000000000000000000000000000000000000000000000000000000000000000000000000000000000000000000000080000000",
	"root": null,
	"status": "0x1",
	"transactionHash": "0xee716b57c1c89a177af79a45dfad3ce04a8030ac67b8112beb3fec369aa7374b",
	"transactionIndex": 17
}
[2018-04-20T00:23:53.009] [DEBUG] trans - TO:   0x48e6e501017485f6695372baccbb1dc426387474
[2018-04-20T00:23:53.009] [DEBUG] trans - AMOUNT:   208430700000000000000
[2018-04-20T00:23:53.009] [DEBUG] trans - Receipt info:  {
	"blockHash": "0x7885934b45996616725de840b0a795bd9ae41dd6486c35805b1ea4d48ffb4871",
	"blockNumber": 5471039,
	"contractAddress": null,
	"cumulativeGasUsed": 1113914,
	"gasUsed": 51653,
	"logs": [
		{
			"address": "0x7e9e431a0B8c4D532C745B1043c7FA29a48D4fBa",
			"blockHash": "0x7885934b45996616725de840b0a795bd9ae41dd6486c35805b1ea4d48ffb4871",
			"blockNumber": 5471039,
			"data": "0x00000000000000000000000000000000000000000000000b4c8e99563a02c000",
			"logIndex": 15,
			"topics": [
				"0xddf252ad1be2c89b69c2b068fc378daa952ba7f163c4a11628f55a4df523b3ef",
				"0x000000000000000000000000468b858c964f297fd8fce058032bf4b4911a8ad8",
				"0x00000000000000000000000048e6e501017485f6695372baccbb1dc426387474"
			],
			"transactionHash": "0x0535cb9581d835e372ae3fbf0c2339275c5ed5534cc0a9abd4c6f5df4038992f",
			"transactionIndex": 16,
			"transactionLogIndex": "0x0",
			"type": "mined",
			"id": "log_9c19b4ec"
		}
	],
	"logsBloom": "0x00000000000000000000000000020000000000800000000000000000000000000000000000000000000001000000000000000000000000000000000000000000000000000000010000000008000000000000000000000000000000000020000000000000000000000000000000000000000000000000000000000010000000000000000000000000000000000000000000000000000000000000000000000000000000000000000080000000000000000000000000000000000000010000000000001002000000000000000000000000000000000000000000000000000000000000000000000000000000000000000000000000000000000000000000000800",
	"root": null,
	"status": "0x1",
	"transactionHash": "0x0535cb9581d835e372ae3fbf0c2339275c5ed5534cc0a9abd4c6f5df4038992f",
	"transactionIndex": 16
}
[2018-04-20T00:23:53.009] [DEBUG] trans - TO:   0x66bdc08a0db3a83d374670a57aa8ecd5b51b55e5
[2018-04-20T00:23:53.009] [DEBUG] trans - AMOUNT:   208410000000000000000
[2018-04-20T00:23:53.009] [DEBUG] trans - Receipt info:  {
	"blockHash": "0x7885934b45996616725de840b0a795bd9ae41dd6486c35805b1ea4d48ffb4871",
	"blockNumber": 5471039,
	"contractAddress": null,
	"cumulativeGasUsed": 1268745,
	"gasUsed": 51589,
	"logs": [
		{
			"address": "0x7e9e431a0B8c4D532C745B1043c7FA29a48D4fBa",
			"blockHash": "0x7885934b45996616725de840b0a795bd9ae41dd6486c35805b1ea4d48ffb4871",
			"blockNumber": 5471039,
			"data": "0x00000000000000000000000000000000000000000000000b4c450ecbe7290000",
			"logIndex": 18,
			"topics": [
				"0xddf252ad1be2c89b69c2b068fc378daa952ba7f163c4a11628f55a4df523b3ef",
				"0x000000000000000000000000468b858c964f297fd8fce058032bf4b4911a8ad8",
				"0x00000000000000000000000066bdc08a0db3a83d374670a57aa8ecd5b51b55e5"
			],
			"transactionHash": "0x876d7eccee6ce27578402b160bd1af63a48a1df2d32dd91d14f2166e0a84ceca",
			"transactionIndex": 19,
			"transactionLogIndex": "0x0",
			"type": "mined",
			"id": "log_1be43a84"
		}
	],
	"logsBloom": "0x00000000000000000010000000020000000000000000000000000000000000000000000000000000000000000000000000800001000000000000000000000000000000000000010000000008000000000000000000000000000000000020000000000000000000000000000000000000000000000000000000000010000000000000000000000000000000000000000000000000000000000000000000000000000000000000000080000000000000000000000000000000000000010000000000001002000000000000000000000000000000000000000000000000000000000000000000000000000000000000000000000000000000000000000000000000",
	"root": null,
	"status": "0x1",
	"transactionHash": "0x876d7eccee6ce27578402b160bd1af63a48a1df2d32dd91d14f2166e0a84ceca",
	"transactionIndex": 19
}
[2018-04-20T00:23:53.010] [DEBUG] trans - TO:   0xfa567b39ad24cc9d9842524acf037447f2623511
[2018-04-20T00:23:53.011] [DEBUG] trans - AMOUNT:   208397000000000000000
[2018-04-20T00:23:53.011] [DEBUG] trans - Receipt info:  {
	"blockHash": "0x7885934b45996616725de840b0a795bd9ae41dd6486c35805b1ea4d48ffb4871",
	"blockNumber": 5471039,
	"contractAddress": null,
	"cumulativeGasUsed": 1356987,
	"gasUsed": 36653,
	"logs": [
		{
			"address": "0x7e9e431a0B8c4D532C745B1043c7FA29a48D4fBa",
			"blockHash": "0x7885934b45996616725de840b0a795bd9ae41dd6486c35805b1ea4d48ffb4871",
			"blockNumber": 5471039,
			"data": "0x00000000000000000000000000000000000000000000000b4c16df5d89148000",
			"logIndex": 20,
			"topics": [
				"0xddf252ad1be2c89b69c2b068fc378daa952ba7f163c4a11628f55a4df523b3ef",
				"0x000000000000000000000000468b858c964f297fd8fce058032bf4b4911a8ad8",
				"0x000000000000000000000000fa567b39ad24cc9d9842524acf037447f2623511"
			],
			"transactionHash": "0x988a37cb27c3b1f2cdfa77f3229c214c08872f6a5975e69c2c8bc2ed45b273e6",
			"transactionIndex": 21,
			"transactionLogIndex": "0x0",
			"type": "mined",
			"id": "log_b0d56b95"
		}
	],
	"logsBloom": "0x02000000000000000000000000020000000000000008000000000000000000000000000000000000000000000000000000000000000000000000000000000000000000000000010000000008000000000000000000000000000000000020000000000000000000000000000000000000000000000080000000000010000000000000000000000000000000000000000000000000000000000000000000000000000000000000000080000000000000000000000000000000000000010000000000001002000000000000000000000000000000000000000000000000000000000000000000000000000000000000000000000000000000000000000000000000",
	"root": null,
	"status": "0x1",
	"transactionHash": "0x988a37cb27c3b1f2cdfa77f3229c214c08872f6a5975e69c2c8bc2ed45b273e6",
	"transactionIndex": 21
}
[2018-04-20T00:23:53.011] [DEBUG] trans - TO:   0x1081870bda9b0bf4bd98d9c5eae85cbff61fc44f
[2018-04-20T00:23:53.011] [DEBUG] trans - AMOUNT:   208390000000000000000
[2018-04-20T00:23:53.011] [DEBUG] trans - Receipt info:  {
	"blockHash": "0x7885934b45996616725de840b0a795bd9ae41dd6486c35805b1ea4d48ffb4871",
	"blockNumber": 5471039,
	"contractAddress": null,
	"cumulativeGasUsed": 1511818,
	"gasUsed": 51525,
	"logs": [
		{
			"address": "0x7e9e431a0B8c4D532C745B1043c7FA29a48D4fBa",
			"blockHash": "0x7885934b45996616725de840b0a795bd9ae41dd6486c35805b1ea4d48ffb4871",
			"blockNumber": 5471039,
			"data": "0x00000000000000000000000000000000000000000000000b4bfe00e707a70000",
			"logIndex": 23,
			"topics": [
				"0xddf252ad1be2c89b69c2b068fc378daa952ba7f163c4a11628f55a4df523b3ef",
				"0x000000000000000000000000468b858c964f297fd8fce058032bf4b4911a8ad8",
				"0x0000000000000000000000001081870bda9b0bf4bd98d9c5eae85cbff61fc44f"
			],
			"transactionHash": "0x7220ba0c749accfdb118c8ef559569e5ed858433041cd4649599764780cdf8aa",
			"transactionIndex": 24,
			"transactionLogIndex": "0x0",
			"type": "mined",
			"id": "log_9d8a9e17"
		}
	],
	"logsBloom": "0x00000000000000000000000000020000000000000000000000010000000000000000000000000000000000000000000000000000000000000000000000000000000000000000010000000008000000000000000000000000000000000020000000000000000000000000000000000000000000000000000000000010000000000000000000000000000000000000000000000000000002000000000000000000000000000000000080000000000000000200000000000000000000010000000000001002000000000000000000000000000000000000000000000000000000000000000000000000000000000000000000000000000000000000000000000000",
	"root": null,
	"status": "0x1",
	"transactionHash": "0x7220ba0c749accfdb118c8ef559569e5ed858433041cd4649599764780cdf8aa",
	"transactionIndex": 24
}
[2018-04-20T00:23:53.011] [DEBUG] trans - TO:   0x3c59ac9106bcdcc60f035f89f9bf35d5e590a2fc
[2018-04-20T00:23:53.011] [DEBUG] trans - AMOUNT:   208392900000000000000
[2018-04-20T00:23:53.011] [DEBUG] trans - Receipt info:  {
	"blockHash": "0x7885934b45996616725de840b0a795bd9ae41dd6486c35805b1ea4d48ffb4871",
	"blockNumber": 5471039,
	"contractAddress": null,
	"cumulativeGasUsed": 1408640,
	"gasUsed": 51653,
	"logs": [
		{
			"address": "0x7e9e431a0B8c4D532C745B1043c7FA29a48D4fBa",
			"blockHash": "0x7885934b45996616725de840b0a795bd9ae41dd6486c35805b1ea4d48ffb4871",
			"blockNumber": 5471039,
			"data": "0x00000000000000000000000000000000000000000000000b4c084e6fe5804000",
			"logIndex": 21,
			"topics": [
				"0xddf252ad1be2c89b69c2b068fc378daa952ba7f163c4a11628f55a4df523b3ef",
				"0x000000000000000000000000468b858c964f297fd8fce058032bf4b4911a8ad8",
				"0x0000000000000000000000003c59ac9106bcdcc60f035f89f9bf35d5e590a2fc"
			],
			"transactionHash": "0xcb261897d3f71509f6d61f817901168775c199f4729fa369044001587abb6565",
			"transactionIndex": 22,
			"transactionLogIndex": "0x0",
			"type": "mined",
			"id": "log_88efeb4f"
		}
	],
	"logsBloom": "0x00000000000000000000000000020000000000000000000000000000000000000000000000010000000000000000000000000000000000000000000000000000000000000000010000000008000000000000000000000000000000000020000000000000000000000100000000000000000000000000000000000010000000000000000000000000000000000000000000000000000000000000000000000000000000000000000080000000000000000000000000000000000000010000000000001002000000000000008000000000000000000000000000000000000000000000000000000000000000000000000000000000000000000000000000000000",
	"root": null,
	"status": "0x1",
	"transactionHash": "0xcb261897d3f71509f6d61f817901168775c199f4729fa369044001587abb6565",
	"transactionIndex": 22
}
[2018-04-20T00:23:53.012] [DEBUG] trans - TO:   0xd8eb376e1f8994c01e266e4bde46ce261d1261c8
[2018-04-20T00:23:53.012] [DEBUG] trans - AMOUNT:   208391000000000000000
[2018-04-20T00:23:53.012] [DEBUG] trans - Receipt info:  {
	"blockHash": "0x7885934b45996616725de840b0a795bd9ae41dd6486c35805b1ea4d48ffb4871",
	"blockNumber": 5471039,
	"contractAddress": null,
	"cumulativeGasUsed": 1460293,
	"gasUsed": 51653,
	"logs": [
		{
			"address": "0x7e9e431a0B8c4D532C745B1043c7FA29a48D4fBa",
			"blockHash": "0x7885934b45996616725de840b0a795bd9ae41dd6486c35805b1ea4d48ffb4871",
			"blockNumber": 5471039,
			"data": "0x00000000000000000000000000000000000000000000000b4c018e65ac6d8000",
			"logIndex": 22,
			"topics": [
				"0xddf252ad1be2c89b69c2b068fc378daa952ba7f163c4a11628f55a4df523b3ef",
				"0x000000000000000000000000468b858c964f297fd8fce058032bf4b4911a8ad8",
				"0x000000000000000000000000d8eb376e1f8994c01e266e4bde46ce261d1261c8"
			],
			"transactionHash": "0x9cd831e942770b5c1042ff819999e23192faa47629a1cc16dc665576f6cc5504",
			"transactionIndex": 23,
			"transactionLogIndex": "0x0",
			"type": "mined",
			"id": "log_b610c59b"
		}
	],
	"logsBloom": "0x00000000000000000000000000020000000000000000000000000000000000000000000000000000000000000000000000000000000000000000000000000000000000000000010000000008000000000000000000000000000000000020000000000000000000000000000000000000000000000000000000000010000000000000000000000000000000000000000000000000000000000000000000000000000000000000000080000080000000000000000000000000000000010000080000001002000000000000000000000000000000000000000000000000000000000000000000000002000000000000000000000000000000000000000000000000",
	"root": null,
	"status": "0x1",
	"transactionHash": "0x9cd831e942770b5c1042ff819999e23192faa47629a1cc16dc665576f6cc5504",
	"transactionIndex": 23
}
[2018-04-20T00:23:53.013] [DEBUG] trans - TO:   0x5b43e71f059c2f1373a7b5ef4617f213a471088c
[2018-04-20T00:23:53.013] [DEBUG] trans - AMOUNT:   208388100000000000000
[2018-04-20T00:23:53.013] [DEBUG] trans - Receipt info:  {
	"blockHash": "0x7885934b45996616725de840b0a795bd9ae41dd6486c35805b1ea4d48ffb4871",
	"blockNumber": 5471039,
	"contractAddress": null,
	"cumulativeGasUsed": 1563471,
	"gasUsed": 51653,
	"logs": [
		{
			"address": "0x7e9e431a0B8c4D532C745B1043c7FA29a48D4fBa",
			"blockHash": "0x7885934b45996616725de840b0a795bd9ae41dd6486c35805b1ea4d48ffb4871",
			"blockNumber": 5471039,
			"data": "0x00000000000000000000000000000000000000000000000b4bf740dcce944000",
			"logIndex": 24,
			"topics": [
				"0xddf252ad1be2c89b69c2b068fc378daa952ba7f163c4a11628f55a4df523b3ef",
				"0x000000000000000000000000468b858c964f297fd8fce058032bf4b4911a8ad8",
				"0x0000000000000000000000005b43e71f059c2f1373a7b5ef4617f213a471088c"
			],
			"transactionHash": "0x277be62ed2a81de7027a360ec4adbdaeab83f159a4270627767077199a638071",
			"transactionIndex": 25,
			"transactionLogIndex": "0x0",
			"type": "mined",
			"id": "log_222be695"
		}
	],
	"logsBloom": "0x00000000000000000000000000020000000000008000000000000000000000004000000000000000000000000000000000000000000000000000000000000000000000000000010000000008000000000000000000000000000000000020000000000000000000000000000000000000000000000000000000000010000000000000000000000000000000000000000000000000000400000000000000000000000000000000000080000000000000000000000000000000000000010000000000001002000000000000000000000000000000000000000000000000000000000000000000000000000000000000000000000000000000000000000000000000",
	"root": null,
	"status": "0x1",
	"transactionHash": "0x277be62ed2a81de7027a360ec4adbdaeab83f159a4270627767077199a638071",
	"transactionIndex": 25
}
[2018-04-20T00:23:53.013] [DEBUG] trans - TO:   0x3198cbf0c3dfc6b4b35c905b9e7d579b5277d457
[2018-04-20T00:23:53.013] [DEBUG] trans - AMOUNT:   208364800000000000000
[2018-04-20T00:23:53.013] [DEBUG] trans - Receipt info:  {
	"blockHash": "0x7885934b45996616725de840b0a795bd9ae41dd6486c35805b1ea4d48ffb4871",
	"blockNumber": 5471039,
	"contractAddress": null,
	"cumulativeGasUsed": 1666713,
	"gasUsed": 51589,
	"logs": [
		{
			"address": "0x7e9e431a0B8c4D532C745B1043c7FA29a48D4fBa",
			"blockHash": "0x7885934b45996616725de840b0a795bd9ae41dd6486c35805b1ea4d48ffb4871",
			"blockNumber": 5471039,
			"data": "0x00000000000000000000000000000000000000000000000b4ba479a2cf500000",
			"logIndex": 26,
			"topics": [
				"0xddf252ad1be2c89b69c2b068fc378daa952ba7f163c4a11628f55a4df523b3ef",
				"0x000000000000000000000000468b858c964f297fd8fce058032bf4b4911a8ad8",
				"0x0000000000000000000000003198cbf0c3dfc6b4b35c905b9e7d579b5277d457"
			],
			"transactionHash": "0xc30e53d848bfa28c5bd9ddc9d649c05b09fb2f63782b25b985deb3c0cc3f0980",
			"transactionIndex": 27,
			"transactionLogIndex": "0x0",
			"type": "mined",
			"id": "log_ad8959f0"
		}
	],
	"logsBloom": "0x00000000000000000000000000020000000000000000000000000000000000000000000000000000000000000000000000000000000000000000000001000000000000000000010000000008000000000000000004000000000000000020000000000000000000000000000000000000000000000000000000000010000000000000000000000000000000000000000000000000000000000000000000000000000000000000000080000000000000000000000000000000000000010000000000001002000000000000000000010000000000000000000000000000000000000000000000000000000000000000000000000000000000000000000000000000",
	"root": null,
	"status": "0x1",
	"transactionHash": "0xc30e53d848bfa28c5bd9ddc9d649c05b09fb2f63782b25b985deb3c0cc3f0980",
	"transactionIndex": 27
}
[2018-04-20T00:23:53.014] [DEBUG] trans - TO:   0x90b081055c5db8c3c1a4d623f6db47579ed9f0b1
[2018-04-20T00:23:53.014] [DEBUG] trans - AMOUNT:   208400000000000000000
[2018-04-20T00:23:53.014] [DEBUG] trans - Receipt info:  {
	"blockHash": "0x7885934b45996616725de840b0a795bd9ae41dd6486c35805b1ea4d48ffb4871",
	"blockNumber": 5471039,
	"contractAddress": null,
	"cumulativeGasUsed": 1320334,
	"gasUsed": 51589,
	"logs": [
		{
			"address": "0x7e9e431a0B8c4D532C745B1043c7FA29a48D4fBa",
			"blockHash": "0x7885934b45996616725de840b0a795bd9ae41dd6486c35805b1ea4d48ffb4871",
			"blockNumber": 5471039,
			"data": "0x00000000000000000000000000000000000000000000000b4c2187d977680000",
			"logIndex": 19,
			"topics": [
				"0xddf252ad1be2c89b69c2b068fc378daa952ba7f163c4a11628f55a4df523b3ef",
				"0x000000000000000000000000468b858c964f297fd8fce058032bf4b4911a8ad8",
				"0x00000000000000000000000090b081055c5db8c3c1a4d623f6db47579ed9f0b1"
			],
			"transactionHash": "0x375e809ee7027f4d12bace819dd90535d644ef28a6f2a3b3d58d277ae4ce6d90",
			"transactionIndex": 20,
			"transactionLogIndex": "0x0",
			"type": "mined",
			"id": "log_11da9126"
		}
	],
	"logsBloom": "0x00000000000000000000000000020000000000000000000000000000000000000000000000000000000000000000000000000000000000000000000000000000000000000000010000000008000000000000000000000000000000000020000000000000000000000000000000000000000000000000000000000010000000000000000000000800000000000000000000000000000000000000000000000000000000000000000080000000000000001000000000000000000000010000000000001002000000000000000000000000000000000000000000000000000000000000000000000000000000000000010000000000000000000000000000000000",
	"root": null,
	"status": "0x1",
	"transactionHash": "0x375e809ee7027f4d12bace819dd90535d644ef28a6f2a3b3d58d277ae4ce6d90",
	"transactionIndex": 20
}
[2018-04-20T00:23:53.014] [DEBUG] trans - TO:   0x2baefdc2d18023f988f62d1f63a10bb1d841c85c
[2018-04-20T00:23:53.014] [DEBUG] trans - AMOUNT:   208374100000000000000
[2018-04-20T00:23:53.014] [DEBUG] trans - Receipt info:  {
	"blockHash": "0x7885934b45996616725de840b0a795bd9ae41dd6486c35805b1ea4d48ffb4871",
	"blockNumber": 5471039,
	"contractAddress": null,
	"cumulativeGasUsed": 1615124,
	"gasUsed": 51653,
	"logs": [
		{
			"address": "0x7e9e431a0B8c4D532C745B1043c7FA29a48D4fBa",
			"blockHash": "0x7885934b45996616725de840b0a795bd9ae41dd6486c35805b1ea4d48ffb4871",
			"blockNumber": 5471039,
			"data": "0x00000000000000000000000000000000000000000000000b4bc583efcbb94000",
			"logIndex": 25,
			"topics": [
				"0xddf252ad1be2c89b69c2b068fc378daa952ba7f163c4a11628f55a4df523b3ef",
				"0x000000000000000000000000468b858c964f297fd8fce058032bf4b4911a8ad8",
				"0x0000000000000000000000002baefdc2d18023f988f62d1f63a10bb1d841c85c"
			],
			"transactionHash": "0xfa3741e22aadf9032acaf28dab54e46bd8fade28e7117cd8a6b3b8d4c58ced24",
			"transactionIndex": 26,
			"transactionLogIndex": "0x0",
			"type": "mined",
			"id": "log_2966157f"
		}
	],
	"logsBloom": "0x00000000000000000000000000020400400000000000000400000000000000000000000000000000000000000000000000000000000000000000000000000000000000000000010000000008000000000000000000000000000000000020000000000000000000000000000000000000000000000000000000000010000000000000000000000000000000000000000000000000000000000000000000000000000000000000000080000000000000000000000000000000000000010000000000001002000000000000000000000000000000000000000000000000000000000000000000000000000000000000000000000000000000000000000000000000",
	"root": null,
	"status": "0x1",
	"transactionHash": "0xfa3741e22aadf9032acaf28dab54e46bd8fade28e7117cd8a6b3b8d4c58ced24",
	"transactionIndex": 26
}
[2018-04-20T00:23:53.014] [DEBUG] trans - TO:   0x214fc42922e14cd45afe07691dcc67ff21d83fe2
[2018-04-20T00:23:53.014] [DEBUG] trans - AMOUNT:   208363900000000000000
[2018-04-20T00:23:53.014] [DEBUG] trans - Receipt info:  {
	"blockHash": "0x7885934b45996616725de840b0a795bd9ae41dd6486c35805b1ea4d48ffb4871",
	"blockNumber": 5471039,
	"contractAddress": null,
	"cumulativeGasUsed": 1718366,
	"gasUsed": 51653,
	"logs": [
		{
			"address": "0x7e9e431a0B8c4D532C745B1043c7FA29a48D4fBa",
			"blockHash": "0x7885934b45996616725de840b0a795bd9ae41dd6486c35805b1ea4d48ffb4871",
			"blockNumber": 5471039,
			"data": "0x00000000000000000000000000000000000000000000000b4ba147173b03c000",
			"logIndex": 27,
			"topics": [
				"0xddf252ad1be2c89b69c2b068fc378daa952ba7f163c4a11628f55a4df523b3ef",
				"0x000000000000000000000000468b858c964f297fd8fce058032bf4b4911a8ad8",
				"0x000000000000000000000000214fc42922e14cd45afe07691dcc67ff21d83fe2"
			],
			"transactionHash": "0x08c25b8dde9ac47b44e2248c9462b4bdc876f10bbabed2facd821dea60f3dfe1",
			"transactionIndex": 28,
			"transactionLogIndex": "0x0",
			"type": "mined",
			"id": "log_7b2ccaf4"
		}
	],
	"logsBloom": "0x00000000000000000000000000020000000000000000000000000000000000000000000000000000000000000000000000000000000000000000000000000000000000000000010000000008000000000000000000000000000000000020000000000000000000000000000000000000000000000000000000002010000000000000000000000000000000000000000000000000000000000000000000000000000000000000000080000000000000000000000000000000000040010000000000001002000000000000000000000000000000000000000000000000000000000000000000000000000000000000000000000000001000000000000000000000",
	"root": null,
	"status": "0x1",
	"transactionHash": "0x08c25b8dde9ac47b44e2248c9462b4bdc876f10bbabed2facd821dea60f3dfe1",
	"transactionIndex": 28
}
[2018-04-20T00:23:53.015] [DEBUG] trans - TO:   0x7ab21f9ebed28731a52f0834397c11b5a76d8b39
[2018-04-20T00:23:53.015] [DEBUG] trans - AMOUNT:   208339000000000000000
[2018-04-20T00:23:53.015] [DEBUG] trans - Receipt info:  {
	"blockHash": "0x7885934b45996616725de840b0a795bd9ae41dd6486c35805b1ea4d48ffb4871",
	"blockNumber": 5471039,
	"contractAddress": null,
	"cumulativeGasUsed": 1821672,
	"gasUsed": 51653,
	"logs": [
		{
			"address": "0x7e9e431a0B8c4D532C745B1043c7FA29a48D4fBa",
			"blockHash": "0x7885934b45996616725de840b0a795bd9ae41dd6486c35805b1ea4d48ffb4871",
			"blockNumber": 5471039,
			"data": "0x00000000000000000000000000000000000000000000000b4b48d0ac341b8000",
			"logIndex": 29,
			"topics": [
				"0xddf252ad1be2c89b69c2b068fc378daa952ba7f163c4a11628f55a4df523b3ef",
				"0x000000000000000000000000468b858c964f297fd8fce058032bf4b4911a8ad8",
				"0x0000000000000000000000007ab21f9ebed28731a52f0834397c11b5a76d8b39"
			],
			"transactionHash": "0xcfcd8d45d70f4db16c101fed56a5af435f876d7dda251398f039f86eb736ceec",
			"transactionIndex": 30,
			"transactionLogIndex": "0x0",
			"type": "mined",
			"id": "log_3549f9f9"
		}
	],
	"logsBloom": "0x00000000000000000000000000020000000000000000000000000000000000000000000000000000000000000000000000000000000000000000000000000000000000000000010000000008000000000000000000000000000000000020000000000000000000000000000000000000000000000000000000000010000000000000000000000000000000000000000000000000000000000000000000000000000000000000000080000000000000000000000000000000000000010000000000001002000000000000000000000000000000000000000000000000000000000000000800000000000000000002000000000000010000000000000000000000",
	"root": null,
	"status": "0x1",
	"transactionHash": "0xcfcd8d45d70f4db16c101fed56a5af435f876d7dda251398f039f86eb736ceec",
	"transactionIndex": 30
}
[2018-04-20T00:23:53.015] [DEBUG] trans - TO:   0xc7232b3b773289e4999e63c4f9278ece626a123a
[2018-04-20T00:23:53.015] [DEBUG] trans - AMOUNT:   208290200000000000000
[2018-04-20T00:23:53.015] [DEBUG] trans - Receipt info:  {
	"blockHash": "0x7885934b45996616725de840b0a795bd9ae41dd6486c35805b1ea4d48ffb4871",
	"blockNumber": 5471039,
	"contractAddress": null,
	"cumulativeGasUsed": 2131398,
	"gasUsed": 51653,
	"logs": [
		{
			"address": "0x7e9e431a0B8c4D532C745B1043c7FA29a48D4fBa",
			"blockHash": "0x7885934b45996616725de840b0a795bd9ae41dd6486c35805b1ea4d48ffb4871",
			"blockNumber": 5471039,
			"data": "0x00000000000000000000000000000000000000000000000b4a9b7154cb118000",
			"logIndex": 35,
			"topics": [
				"0xddf252ad1be2c89b69c2b068fc378daa952ba7f163c4a11628f55a4df523b3ef",
				"0x000000000000000000000000468b858c964f297fd8fce058032bf4b4911a8ad8",
				"0x000000000000000000000000c7232b3b773289e4999e63c4f9278ece626a123a"
			],
			"transactionHash": "0x80f9bc8b959fbe657e6d6c150e40f302c31a16cd5867bcd2f5f908bc76568b9d",
			"transactionIndex": 36,
			"transactionLogIndex": "0x0",
			"type": "mined",
			"id": "log_1d55f53b"
		}
	],
	"logsBloom": "0x00000000000000000000000000020000000000000000000000000000000000000000000000000000000000000000000000000000000000080800000000000000000000000000010000000008000000000000000000000000000000000020000000000000000000000000000000000000000000000000000000000010000000000000000000000000000000000000000000000000000000000000000000000000000000000000000080000000000000000000000000000000000000010000000000001002000000000000000000000000000000000000000000000000000000000000004000000000000000000000000000000000000000000000000000000000",
	"root": null,
	"status": "0x1",
	"transactionHash": "0x80f9bc8b959fbe657e6d6c150e40f302c31a16cd5867bcd2f5f908bc76568b9d",
	"transactionIndex": 36
}
[2018-04-20T00:23:53.015] [DEBUG] trans - TO:   0xa3617fccd3b9e596678e9da823cab496d6d2abca
[2018-04-20T00:23:53.015] [DEBUG] trans - AMOUNT:   208321500000000000000
[2018-04-20T00:23:53.015] [DEBUG] trans - Receipt info:  {
	"blockHash": "0x7885934b45996616725de840b0a795bd9ae41dd6486c35805b1ea4d48ffb4871",
	"blockNumber": 5471039,
	"contractAddress": null,
	"cumulativeGasUsed": 1873325,
	"gasUsed": 51653,
	"logs": [
		{
			"address": "0x7e9e431a0B8c4D532C745B1043c7FA29a48D4fBa",
			"blockHash": "0x7885934b45996616725de840b0a795bd9ae41dd6486c35805b1ea4d48ffb4871",
			"blockNumber": 5471039,
			"data": "0x00000000000000000000000000000000000000000000000b4b0aa483f089c000",
			"logIndex": 30,
			"topics": [
				"0xddf252ad1be2c89b69c2b068fc378daa952ba7f163c4a11628f55a4df523b3ef",
				"0x000000000000000000000000468b858c964f297fd8fce058032bf4b4911a8ad8",
				"0x000000000000000000000000a3617fccd3b9e596678e9da823cab496d6d2abca"
			],
			"transactionHash": "0xccad8465ea5c581487f0f88a36cdfd3ada32fc504a4931d92d8f08a3c7cdd524",
			"transactionIndex": 31,
			"transactionLogIndex": "0x0",
			"type": "mined",
			"id": "log_0cc553d6"
		}
	],
	"logsBloom": "0x00000000000000000000000000020000040000000000000000000000000000000000000000000000000000000000000000000000000000000000000000000000000000000000010000000008000000000000000000000000000000000020000000000000000000000000000000000000000000000000000000000010000000000000000000000000000000000000000000000000000000000000000000000000000000000000000080000000000000000000000000000000010000010000000000001002000000000000000000000000000000000000000000000000000000000000000000000000000000000000000100000000000000000000000000000000",
	"root": null,
	"status": "0x1",
	"transactionHash": "0xccad8465ea5c581487f0f88a36cdfd3ada32fc504a4931d92d8f08a3c7cdd524",
	"transactionIndex": 31
}
[2018-04-20T00:23:53.015] [DEBUG] trans - TO:   0xd18033ab3741e0b74e814d32b18a0c96d00b521c
[2018-04-20T00:23:53.015] [DEBUG] trans - AMOUNT:   208320000000000000000
[2018-04-20T00:23:53.015] [DEBUG] trans - Receipt info:  {
	"blockHash": "0x7885934b45996616725de840b0a795bd9ae41dd6486c35805b1ea4d48ffb4871",
	"blockNumber": 5471039,
	"contractAddress": null,
	"cumulativeGasUsed": 1924914,
	"gasUsed": 51589,
	"logs": [
		{
			"address": "0x7e9e431a0B8c4D532C745B1043c7FA29a48D4fBa",
			"blockHash": "0x7885934b45996616725de840b0a795bd9ae41dd6486c35805b1ea4d48ffb4871",
			"blockNumber": 5471039,
			"data": "0x00000000000000000000000000000000000000000000000b4b055045f9600000",
			"logIndex": 31,
			"topics": [
				"0xddf252ad1be2c89b69c2b068fc378daa952ba7f163c4a11628f55a4df523b3ef",
				"0x000000000000000000000000468b858c964f297fd8fce058032bf4b4911a8ad8",
				"0x000000000000000000000000d18033ab3741e0b74e814d32b18a0c96d00b521c"
			],
			"transactionHash": "0x37874c9994e5ad3bf5aa2f1bb3f0eeb1804ce094ca989e5a0c103856b4c353d3",
			"transactionIndex": 32,
			"transactionLogIndex": "0x0",
			"type": "mined",
			"id": "log_aeb3c358"
		}
	],
	"logsBloom": "0x00000000000000000000000000020000000000000000000000000000000000000000000000000000000000000000000000000000000000000000000000000000000000000000010000000008000000000000000000000000000000000020000000000000000000000000000000000000000000000000000000000010000000000000000000000000000000000000000000000000000000000000000000000000000000000000000080000000000200000000000000000000000000010000000000001002000000000000000000000000000000000000000000000000000000000000000000000080000000100000000000000000000000000000000000000000",
	"root": null,
	"status": "0x1",
	"transactionHash": "0x37874c9994e5ad3bf5aa2f1bb3f0eeb1804ce094ca989e5a0c103856b4c353d3",
	"transactionIndex": 32
}
[2018-04-20T00:23:53.017] [DEBUG] trans - TO:   0x858c3997d6f3bb9f78b1012a866f1cf69e3cf2bf
[2018-04-20T00:23:53.017] [DEBUG] trans - AMOUNT:   208316300000000000000
[2018-04-20T00:23:53.017] [DEBUG] trans - Receipt info:  {
	"blockHash": "0x7885934b45996616725de840b0a795bd9ae41dd6486c35805b1ea4d48ffb4871",
	"blockNumber": 5471039,
	"contractAddress": null,
	"cumulativeGasUsed": 2028156,
	"gasUsed": 51653,
	"logs": [
		{
			"address": "0x7e9e431a0B8c4D532C745B1043c7FA29a48D4fBa",
			"blockHash": "0x7885934b45996616725de840b0a795bd9ae41dd6486c35805b1ea4d48ffb4871",
			"blockNumber": 5471039,
			"data": "0x00000000000000000000000000000000000000000000000b4af82b2497b4c000",
			"logIndex": 33,
			"topics": [
				"0xddf252ad1be2c89b69c2b068fc378daa952ba7f163c4a11628f55a4df523b3ef",
				"0x000000000000000000000000468b858c964f297fd8fce058032bf4b4911a8ad8",
				"0x000000000000000000000000858c3997d6f3bb9f78b1012a866f1cf69e3cf2bf"
			],
			"transactionHash": "0x4834b72f6fb4d5549f1b91447e35630241049637683598d17790251fc1749621",
			"transactionIndex": 34,
			"transactionLogIndex": "0x0",
			"type": "mined",
			"id": "log_1c03b984"
		}
	],
	"logsBloom": "0x00000000000000000000000000020000000000000001020000000000000000000000000000000000010000000000000000000000000000000000000000000000000000000000010000000008000000000000000000000000000000000020000000000000000000000000000000000000000000000000000000000010000000000000000000000000000000000000000000000000000000000000000000000000000000000000000080000000000000000000000000000000000000010000000000001002000000000000000000000000000000000000000000000000000000000000000000000000000000000000000000000000000000000000000000000000",
	"root": null,
	"status": "0x1",
	"transactionHash": "0x4834b72f6fb4d5549f1b91447e35630241049637683598d17790251fc1749621",
	"transactionIndex": 34
}
[2018-04-20T00:23:53.018] [DEBUG] trans - TO:   0x258c09b619d0366e65b8579d57aab126bddd1b90
[2018-04-20T00:23:53.018] [DEBUG] trans - AMOUNT:   208339700000000000000
[2018-04-20T00:23:53.018] [DEBUG] trans - Receipt info:  {
	"blockHash": "0x7885934b45996616725de840b0a795bd9ae41dd6486c35805b1ea4d48ffb4871",
	"blockNumber": 5471039,
	"contractAddress": null,
	"cumulativeGasUsed": 1770019,
	"gasUsed": 51653,
	"logs": [
		{
			"address": "0x7e9e431a0B8c4D532C745B1043c7FA29a48D4fBa",
			"blockHash": "0x7885934b45996616725de840b0a795bd9ae41dd6486c35805b1ea4d48ffb4871",
			"blockNumber": 5471039,
			"data": "0x00000000000000000000000000000000000000000000000b4b4b4d51a7734000",
			"logIndex": 28,
			"topics": [
				"0xddf252ad1be2c89b69c2b068fc378daa952ba7f163c4a11628f55a4df523b3ef",
				"0x000000000000000000000000468b858c964f297fd8fce058032bf4b4911a8ad8",
				"0x000000000000000000000000258c09b619d0366e65b8579d57aab126bddd1b90"
			],
			"transactionHash": "0x36536938d5c5f505cc41c800fe532dc96407baa601d605b866036114419ea18e",
			"transactionIndex": 29,
			"transactionLogIndex": "0x0",
			"type": "mined",
			"id": "log_7f2c2117"
		}
	],
	"logsBloom": "0x00000000000000000000000000020000000000000000000000000000000000000000000000000000000000000000000000000000000000000000000000080000000000000000010000000008000000000000000000000000000000000020000000000000000000000000000000000000000000000000000000000010000000000000000000000100000000000000000000000000000000000000000000000000000000000080000080000000000000000000000000000000000000010000000000001002000000000000000000000000000000000000000000000000000000000000000000000000000000000000000000000000000000000000000000000000",
	"root": null,
	"status": "0x1",
	"transactionHash": "0x36536938d5c5f505cc41c800fe532dc96407baa601d605b866036114419ea18e",
	"transactionIndex": 29
}
[2018-04-20T00:23:53.018] [DEBUG] trans - TO:   0x263bd8eb25525e4ad7af1f4bd0741953ceec33b3
[2018-04-20T00:23:53.018] [DEBUG] trans - AMOUNT:   208300000000000000000
[2018-04-20T00:23:53.018] [DEBUG] trans - Receipt info:  {
	"blockHash": "0x7885934b45996616725de840b0a795bd9ae41dd6486c35805b1ea4d48ffb4871",
	"blockNumber": 5471039,
	"contractAddress": null,
	"cumulativeGasUsed": 2079745,
	"gasUsed": 51589,
	"logs": [
		{
			"address": "0x7e9e431a0B8c4D532C745B1043c7FA29a48D4fBa",
			"blockHash": "0x7885934b45996616725de840b0a795bd9ae41dd6486c35805b1ea4d48ffb4871",
			"blockNumber": 5471039,
			"data": "0x00000000000000000000000000000000000000000000000b4abe426119de0000",
			"logIndex": 34,
			"topics": [
				"0xddf252ad1be2c89b69c2b068fc378daa952ba7f163c4a11628f55a4df523b3ef",
				"0x000000000000000000000000468b858c964f297fd8fce058032bf4b4911a8ad8",
				"0x000000000000000000000000263bd8eb25525e4ad7af1f4bd0741953ceec33b3"
			],
			"transactionHash": "0x8246c953933d3e4632c1497876b883148480773b6901ee88e7798360161d57f2",
			"transactionIndex": 35,
			"transactionLogIndex": "0x0",
			"type": "mined",
			"id": "log_3c28950f"
		}
	],
	"logsBloom": "0x00000000000000000000000000020000000000000000000000000000000000000000000000000000000000000000000000000000000004000000000000000000000000000000010000000008000000000000000000000000000000000020000000000000000000000000000000000000000000000000000000000010000000000000000000000000000000000000000000000000000000000000000100000000000000000000000080000000000000000000000000000000000000010000000000001002000000000000000000000000000000000000000000000000000000000000000000000000000000000000020000000000000000000000000000000000",
	"root": null,
	"status": "0x1",
	"transactionHash": "0x8246c953933d3e4632c1497876b883148480773b6901ee88e7798360161d57f2",
	"transactionIndex": 35
}
[2018-04-20T00:23:53.020] [DEBUG] trans - TO:   0x9fec6bee72688eab672044e24f78f592236bbcc2
[2018-04-20T00:23:53.020] [DEBUG] trans - AMOUNT:   208287700000000000000
[2018-04-20T00:23:53.020] [DEBUG] trans - Receipt info:  {
	"blockHash": "0x7885934b45996616725de840b0a795bd9ae41dd6486c35805b1ea4d48ffb4871",
	"blockNumber": 5471039,
	"contractAddress": null,
	"cumulativeGasUsed": 2234640,
	"gasUsed": 51653,
	"logs": [
		{
			"address": "0x7e9e431a0B8c4D532C745B1043c7FA29a48D4fBa",
			"blockHash": "0x7885934b45996616725de840b0a795bd9ae41dd6486c35805b1ea4d48ffb4871",
			"blockNumber": 5471039,
			"data": "0x00000000000000000000000000000000000000000000000b4a928f982f214000",
			"logIndex": 37,
			"topics": [
				"0xddf252ad1be2c89b69c2b068fc378daa952ba7f163c4a11628f55a4df523b3ef",
				"0x000000000000000000000000468b858c964f297fd8fce058032bf4b4911a8ad8",
				"0x0000000000000000000000009fec6bee72688eab672044e24f78f592236bbcc2"
			],
			"transactionHash": "0xbceda193de2a4441b747732380fdfe6e7468456492434952614f399e8aea536b",
			"transactionIndex": 38,
			"transactionLogIndex": "0x0",
			"type": "mined",
			"id": "log_7841fa4c"
		}
	],
	"logsBloom": "0x00000000000000000000000000020000000000000000000002000000000000000000000000000000000000000000000000000000000000000000000000000000000000000000010000000008000000000000000000000000000000000020000000000000000000000000000000000000000000000000000000000010000000000000000000000000000000004000000000000000000000000000000000000000000000000000000080000000000000000000000000000000000000010000000000001002000000000000000000000000000000000000000000000000000000000000000000000000000000000040000000000000000000000000000000000000",
	"root": null,
	"status": "0x1",
	"transactionHash": "0xbceda193de2a4441b747732380fdfe6e7468456492434952614f399e8aea536b",
	"transactionIndex": 38
}
[2018-04-20T00:23:53.020] [DEBUG] trans - TO:   0xaa7fee1d467909e23f016ddd549c8fc5bb94c4fd
[2018-04-20T00:23:53.020] [DEBUG] trans - AMOUNT:   208286600000000000000
[2018-04-20T00:23:53.020] [DEBUG] trans - Receipt info:  {
	"blockHash": "0x7885934b45996616725de840b0a795bd9ae41dd6486c35805b1ea4d48ffb4871",
	"blockNumber": 5471039,
	"contractAddress": null,
	"cumulativeGasUsed": 2286293,
	"gasUsed": 51653,
	"logs": [
		{
			"address": "0x7e9e431a0B8c4D532C745B1043c7FA29a48D4fBa",
			"blockHash": "0x7885934b45996616725de840b0a795bd9ae41dd6486c35805b1ea4d48ffb4871",
			"blockNumber": 5471039,
			"data": "0x00000000000000000000000000000000000000000000000b4a8ea72679e08000",
			"logIndex": 38,
			"topics": [
				"0xddf252ad1be2c89b69c2b068fc378daa952ba7f163c4a11628f55a4df523b3ef",
				"0x000000000000000000000000468b858c964f297fd8fce058032bf4b4911a8ad8",
				"0x000000000000000000000000aa7fee1d467909e23f016ddd549c8fc5bb94c4fd"
			],
			"transactionHash": "0xbfaf9b79328b563f62f96dcb5426a17056e6cf0107aa8532ac02d44b1453ad2b",
			"transactionIndex": 39,
			"transactionLogIndex": "0x0",
			"type": "mined",
			"id": "log_2fce2c9b"
		}
	],
	"logsBloom": "0x00000000000000000000000000020000000000000000000000000000000000000000000000000000000000000000000000000000000000000000000000000000000000000000010000000008000000000000000000000000000000000020000000000000000000000000000000000000000000000000000000000010008000000000000000000000000000000000000000000000000000000000000000000000000000000000000080000000000000000000000000000000000000010000000000001002000000000000000000000000000000000000000000004000000000000000000000000000000000000080000000000000000000000000000000000000",
	"root": null,
	"status": "0x1",
	"transactionHash": "0xbfaf9b79328b563f62f96dcb5426a17056e6cf0107aa8532ac02d44b1453ad2b",
	"transactionIndex": 39
}
[2018-04-20T00:23:53.021] [DEBUG] trans - TO:   0xef89e83960ddc1ea28d114b8cb84effaf9d1587e
[2018-04-20T00:23:53.021] [DEBUG] trans - AMOUNT:   208290000000000000000
[2018-04-20T00:23:53.021] [DEBUG] trans - Receipt info:  {
	"blockHash": "0x7885934b45996616725de840b0a795bd9ae41dd6486c35805b1ea4d48ffb4871",
	"blockNumber": 5471039,
	"contractAddress": null,
	"cumulativeGasUsed": 2182987,
	"gasUsed": 51589,
	"logs": [
		{
			"address": "0x7e9e431a0B8c4D532C745B1043c7FA29a48D4fBa",
			"blockHash": "0x7885934b45996616725de840b0a795bd9ae41dd6486c35805b1ea4d48ffb4871",
			"blockNumber": 5471039,
			"data": "0x00000000000000000000000000000000000000000000000b4a9abb6eaa1d0000",
			"logIndex": 36,
			"topics": [
				"0xddf252ad1be2c89b69c2b068fc378daa952ba7f163c4a11628f55a4df523b3ef",
				"0x000000000000000000000000468b858c964f297fd8fce058032bf4b4911a8ad8",
				"0x000000000000000000000000ef89e83960ddc1ea28d114b8cb84effaf9d1587e"
			],
			"transactionHash": "0x71ebeb155386d0f02d3d315002737a5430ceafaacda138ebd2117c3a9badaf2a",
			"transactionIndex": 37,
			"transactionLogIndex": "0x0",
			"type": "mined",
			"id": "log_135d54b2"
		}
	],
	"logsBloom": "0x00000000000000000000000000020000000000000000000000000000000000000000000000000000000000000100000000000000000000000000000000000000000000000080010000000008000000000000000000000000000000000020000000000000000000000000000000000000000000000000000000000010000000000000000000000000000000000000000000000000000000000000000000000010000000000000000080000000000000000000000000000000000000010000000000001002000000000000000000000000000000000000000000000000000000000000000000000000000000000000000000000000000000000000000000000000",
	"root": null,
	"status": "0x1",
	"transactionHash": "0x71ebeb155386d0f02d3d315002737a5430ceafaacda138ebd2117c3a9badaf2a",
	"transactionIndex": 37
}
[2018-04-20T00:23:53.021] [DEBUG] trans - TO:   0xbe7a57ab908c59d82247f5b3ec1c359a12847b5f
[2018-04-20T00:23:53.021] [DEBUG] trans - AMOUNT:   208281400000000000000
[2018-04-20T00:23:53.021] [DEBUG] trans - Receipt info:  {
	"blockHash": "0x7885934b45996616725de840b0a795bd9ae41dd6486c35805b1ea4d48ffb4871",
	"blockNumber": 5471039,
	"contractAddress": null,
	"cumulativeGasUsed": 2337946,
	"gasUsed": 51653,
	"logs": [
		{
			"address": "0x7e9e431a0B8c4D532C745B1043c7FA29a48D4fBa",
			"blockHash": "0x7885934b45996616725de840b0a795bd9ae41dd6486c35805b1ea4d48ffb4871",
			"blockNumber": 5471039,
			"data": "0x00000000000000000000000000000000000000000000000b4a7c2dc7210b8000",
			"logIndex": 39,
			"topics": [
				"0xddf252ad1be2c89b69c2b068fc378daa952ba7f163c4a11628f55a4df523b3ef",
				"0x000000000000000000000000468b858c964f297fd8fce058032bf4b4911a8ad8",
				"0x000000000000000000000000be7a57ab908c59d82247f5b3ec1c359a12847b5f"
			],
			"transactionHash": "0xbf82bb741362b8e5bd01f8655e64107b97107e0ab3d427f2575b600cbeaed441",
			"transactionIndex": 40,
			"transactionLogIndex": "0x0",
			"type": "mined",
			"id": "log_f9d48d97"
		}
	],
	"logsBloom": "0x00000000000000000000000000020000000000000000000000000000000000000000000000000000000000000000000000000000000000000000000000000000000000000000010000000008000000000000000000000000000000000020000000000000000000000000000000000000000000000000000000000010000000000000000000000000000000000000000000080000000000000000000000000000000000000000002080000000000000000001000000000000000000010000000000001002000000000000000000000000000000000000000000000000000000000000000000000000000000000000000000000000000000000000000000000000",
	"root": null,
	"status": "0x1",
	"transactionHash": "0xbf82bb741362b8e5bd01f8655e64107b97107e0ab3d427f2575b600cbeaed441",
	"transactionIndex": 40
}
[2018-04-20T00:23:53.022] [DEBUG] trans - TO:   0x7545ecd311290126a67c961224cb43a994942687
[2018-04-20T00:23:53.022] [DEBUG] trans - AMOUNT:   208258900000000000000
[2018-04-20T00:23:53.022] [DEBUG] trans - Receipt info:  {
	"blockHash": "0x7885934b45996616725de840b0a795bd9ae41dd6486c35805b1ea4d48ffb4871",
	"blockNumber": 5471039,
	"contractAddress": null,
	"cumulativeGasUsed": 2477841,
	"gasUsed": 36653,
	"logs": [
		{
			"address": "0x7e9e431a0B8c4D532C745B1043c7FA29a48D4fBa",
			"blockHash": "0x7885934b45996616725de840b0a795bd9ae41dd6486c35805b1ea4d48ffb4871",
			"blockNumber": 5471039,
			"data": "0x00000000000000000000000000000000000000000000000b4a2c3e25a5994000",
			"logIndex": 42,
			"topics": [
				"0xddf252ad1be2c89b69c2b068fc378daa952ba7f163c4a11628f55a4df523b3ef",
				"0x000000000000000000000000468b858c964f297fd8fce058032bf4b4911a8ad8",
				"0x0000000000000000000000007545ecd311290126a67c961224cb43a994942687"
			],
			"transactionHash": "0x8d3c69ddbaec28949586905f1ec93bc1b481f2157bea414362cfc80dd53d0935",
			"transactionIndex": 43,
			"transactionLogIndex": "0x0",
			"type": "mined",
			"id": "log_74c38760"
		}
	],
	"logsBloom": "0x00000000000000000000000000020000000000000000000000000000000000000000000000000000000000000000000000000000000000000000000000000000000000000000010000000008000000000020000000000000000000000020000000000000000000000000000000000000000000000000000000000010000000000000000000000000000000000000000000000000000000000010000000000000000000000000000080000000000000000000000000000000000000010000000000001002000000000040000000000000000000000000000000000000000000000000000000000000000000000000000000000000000000000000000000000000",
	"root": null,
	"status": "0x1",
	"transactionHash": "0x8d3c69ddbaec28949586905f1ec93bc1b481f2157bea414362cfc80dd53d0935",
	"transactionIndex": 43
}
[2018-04-20T00:23:53.022] [DEBUG] trans - TO:   0x9a70c0724554a938b4218f9d1301d288cd13d69a
[2018-04-20T00:23:53.022] [DEBUG] trans - AMOUNT:   208277100000000000000
[2018-04-20T00:23:53.022] [DEBUG] trans - Receipt info:  {
	"blockHash": "0x7885934b45996616725de840b0a795bd9ae41dd6486c35805b1ea4d48ffb4871",
	"blockNumber": 5471039,
	"contractAddress": null,
	"cumulativeGasUsed": 2389599,
	"gasUsed": 51653,
	"logs": [
		{
			"address": "0x7e9e431a0B8c4D532C745B1043c7FA29a48D4fBa",
			"blockHash": "0x7885934b45996616725de840b0a795bd9ae41dd6486c35805b1ea4d48ffb4871",
			"blockNumber": 5471039,
			"data": "0x00000000000000000000000000000000000000000000000b4a6ce6f35c82c000",
			"logIndex": 40,
			"topics": [
				"0xddf252ad1be2c89b69c2b068fc378daa952ba7f163c4a11628f55a4df523b3ef",
				"0x000000000000000000000000468b858c964f297fd8fce058032bf4b4911a8ad8",
				"0x0000000000000000000000009a70c0724554a938b4218f9d1301d288cd13d69a"
			],
			"transactionHash": "0x6534c19aae69f996fdb99961af1d37821c062aae59aaed66f7f9fdd1db14890b",
			"transactionIndex": 41,
			"transactionLogIndex": "0x0",
			"type": "mined",
			"id": "log_0e463f52"
		}
	],
	"logsBloom": "0x00000000000000000000000000020000000000000000000000000000000000000000000000000000000000000000000000000000000000000000000000000000000000000000010000000028000000000000000000000000000000000020000000000000000000000000000000000000000000000000000000000010000000000000000000000000000000000000000000000000000000000000000000000000000000000020000080000000000000000000000000000000000000010000000000001002000000000000000000000000000000000000000000000000000000000000000000000000000000000000000000000000000000000020000000000000",
	"root": null,
	"status": "0x1",
	"transactionHash": "0x6534c19aae69f996fdb99961af1d37821c062aae59aaed66f7f9fdd1db14890b",
	"transactionIndex": 41
}
[2018-04-20T00:23:53.022] [DEBUG] trans - TO:   0x2360b37379d78162fccbbc23c3c42d51883ed783
[2018-04-20T00:23:53.022] [DEBUG] trans - AMOUNT:   208277000000000000000
[2018-04-20T00:23:53.022] [DEBUG] trans - Receipt info:  {
	"blockHash": "0x7885934b45996616725de840b0a795bd9ae41dd6486c35805b1ea4d48ffb4871",
	"blockNumber": 5471039,
	"contractAddress": null,
	"cumulativeGasUsed": 2441188,
	"gasUsed": 51589,
	"logs": [
		{
			"address": "0x7e9e431a0B8c4D532C745B1043c7FA29a48D4fBa",
			"blockHash": "0x7885934b45996616725de840b0a795bd9ae41dd6486c35805b1ea4d48ffb4871",
			"blockNumber": 5471039,
			"data": "0x00000000000000000000000000000000000000000000000b4a6c8c004c088000",
			"logIndex": 41,
			"topics": [
				"0xddf252ad1be2c89b69c2b068fc378daa952ba7f163c4a11628f55a4df523b3ef",
				"0x000000000000000000000000468b858c964f297fd8fce058032bf4b4911a8ad8",
				"0x0000000000000000000000002360b37379d78162fccbbc23c3c42d51883ed783"
			],
			"transactionHash": "0xe8d7a4ed1e3575d878977533650b01223b19cf2da653c66001d911a2660d79d4",
			"transactionIndex": 42,
			"transactionLogIndex": "0x0",
			"type": "mined",
			"id": "log_df51c4aa"
		}
	],
	"logsBloom": "0x00000000000000000000000000020000000000000000000000000000000000000000000000000000000000000000000000000000000000000000000000000000000000000000010080000008000000000000000000000000000000000020000000000000000000000000400000000000000000000000000000000010000000000000000000000000000000000000000000000000000000000000000000000000000000000000000080000000000000000000000000000000000000010000000000001022000000000000000000000000000000000000000000000000000000000000000000000000000000000000000000000000000000000000000000000000",
	"root": null,
	"status": "0x1",
	"transactionHash": "0xe8d7a4ed1e3575d878977533650b01223b19cf2da653c66001d911a2660d79d4",
	"transactionIndex": 42
}
[2018-04-20T00:23:53.023] [DEBUG] trans - TO:   0xc88e8a4db8c7f1925e85571a4663206d0ce236e1
[2018-04-20T00:23:53.023] [DEBUG] trans - AMOUNT:   208256000000000000000
[2018-04-20T00:23:53.023] [DEBUG] trans - Receipt info:  {
	"blockHash": "0x7885934b45996616725de840b0a795bd9ae41dd6486c35805b1ea4d48ffb4871",
	"blockNumber": 5471039,
	"contractAddress": null,
	"cumulativeGasUsed": 2529430,
	"gasUsed": 51589,
	"logs": [
		{
			"address": "0x7e9e431a0B8c4D532C745B1043c7FA29a48D4fBa",
			"blockHash": "0x7885934b45996616725de840b0a795bd9ae41dd6486c35805b1ea4d48ffb4871",
			"blockNumber": 5471039,
			"data": "0x00000000000000000000000000000000000000000000000b4a21f09cc7c00000",
			"logIndex": 43,
			"topics": [
				"0xddf252ad1be2c89b69c2b068fc378daa952ba7f163c4a11628f55a4df523b3ef",
				"0x000000000000000000000000468b858c964f297fd8fce058032bf4b4911a8ad8",
				"0x000000000000000000000000c88e8a4db8c7f1925e85571a4663206d0ce236e1"
			],
			"transactionHash": "0xe9330276b78afc7f99c4c9467e6097037a4c791b930ef109db2e0fae0717ad0a",
			"transactionIndex": 44,
			"transactionLogIndex": "0x0",
			"type": "mined",
			"id": "log_b76e2cfe"
		}
	],
	"logsBloom": "0x01000000000000000000000000020000000000000000000000000000000000000000000000000000000000000000000000000000000000000000000000000000000000000000010000000008000000000000000000000000200000000020000000000000000000000000000000000000000000100000000000000010000000000000000000000000000000000000000000000000000000000000000000000000000000000000000080000000000000000000000000000000000000010000000000001002000000000000000000000000000000000000000000000000000000000000000000000000000000000000000000000000000000000000000000000000",
	"root": null,
	"status": "0x1",
	"transactionHash": "0xe9330276b78afc7f99c4c9467e6097037a4c791b930ef109db2e0fae0717ad0a",
	"transactionIndex": 44
}
[2018-04-20T00:23:53.024] [DEBUG] trans - TO:   0xbc0a33f45dfd6e764535771a941d7a6a5d8e74a4
[2018-04-20T00:23:53.024] [DEBUG] trans - AMOUNT:   208255300000000000000
[2018-04-20T00:23:53.024] [DEBUG] trans - Receipt info:  {
	"blockHash": "0x7885934b45996616725de840b0a795bd9ae41dd6486c35805b1ea4d48ffb4871",
	"blockNumber": 5471039,
	"contractAddress": null,
	"cumulativeGasUsed": 2581083,
	"gasUsed": 51653,
	"logs": [
		{
			"address": "0x7e9e431a0B8c4D532C745B1043c7FA29a48D4fBa",
			"blockHash": "0x7885934b45996616725de840b0a795bd9ae41dd6486c35805b1ea4d48ffb4871",
			"blockNumber": 5471039,
			"data": "0x00000000000000000000000000000000000000000000000b4a1f73f754684000",
			"logIndex": 44,
			"topics": [
				"0xddf252ad1be2c89b69c2b068fc378daa952ba7f163c4a11628f55a4df523b3ef",
				"0x000000000000000000000000468b858c964f297fd8fce058032bf4b4911a8ad8",
				"0x000000000000000000000000bc0a33f45dfd6e764535771a941d7a6a5d8e74a4"
			],
			"transactionHash": "0x364f95ab420f4c200c4853d4e4038e3f2c49c37cf803b1cae95442ff807b5f8f",
			"transactionIndex": 45,
			"transactionLogIndex": "0x0",
			"type": "mined",
			"id": "log_72f7cffe"
		}
	],
	"logsBloom": "0x00000000000000000000000000020000000000000000000000000000000000000000000000000000000000000000000000000000000000000000000000000000000000000000010000000008000000000000000000000000000000000020000000000000000000000000001000000000000000000000000000000010000000000000000010000000000000000000000000000000000000000000000000000000000000000000000080000000000000000000000000000000000000010000000000001002000000000000000000000000000000000000000000000000000000000000000000002000000000000000000000000000000000000000000000000000",
	"root": null,
	"status": "0x1",
	"transactionHash": "0x364f95ab420f4c200c4853d4e4038e3f2c49c37cf803b1cae95442ff807b5f8f",
	"transactionIndex": 45
}
[2018-04-20T00:23:53.024] [DEBUG] trans - TO:   0xe531770262024932627c6111e427109622cdbce4
[2018-04-20T00:23:53.024] [DEBUG] trans - AMOUNT:   208231200000000000000
[2018-04-20T00:23:53.024] [DEBUG] trans - Receipt info:  {
	"blockHash": "0x7885934b45996616725de840b0a795bd9ae41dd6486c35805b1ea4d48ffb4871",
	"blockNumber": 5471039,
	"contractAddress": null,
	"cumulativeGasUsed": 2735978,
	"gasUsed": 51589,
	"logs": [
		{
			"address": "0x7e9e431a0B8c4D532C745B1043c7FA29a48D4fBa",
			"blockHash": "0x7885934b45996616725de840b0a795bd9ae41dd6486c35805b1ea4d48ffb4871",
			"blockNumber": 5471039,
			"data": "0x00000000000000000000000000000000000000000000000b49c9d524d1520000",
			"logIndex": 47,
			"topics": [
				"0xddf252ad1be2c89b69c2b068fc378daa952ba7f163c4a11628f55a4df523b3ef",
				"0x000000000000000000000000468b858c964f297fd8fce058032bf4b4911a8ad8",
				"0x000000000000000000000000e531770262024932627c6111e427109622cdbce4"
			],
			"transactionHash": "0xe869e1f995ab2313659839bf10776778c63561a898fbbc4df9e2736525da6bfd",
			"transactionIndex": 48,
			"transactionLogIndex": "0x0",
			"type": "mined",
			"id": "log_4b76a260"
		}
	],
	"logsBloom": "0x00000000000000000000000000020000000000000000000000000000000008000000000000000000000000000000000000000000000000000000000000000000000000000000010000000009000000000000000000000000000000000020000000000000000000000000000000000000000000000000000000000010000000000000010000000000000000000000000000000000000000000000000000000000000000000000000080000000000000000000000000000000000000010000000000001002000000000000000000000000000000000000000000000000000000000000000000000000000000000000000000000000000000000000000000000000",
	"root": null,
	"status": "0x1",
	"transactionHash": "0xe869e1f995ab2313659839bf10776778c63561a898fbbc4df9e2736525da6bfd",
	"transactionIndex": 48
}
[2018-04-20T00:23:53.028] [DEBUG] trans - TO:   0x2c5eb827d8fa105fc6a42c1e466c5150e261deea
[2018-04-20T00:23:53.028] [DEBUG] trans - AMOUNT:   208208600000000000000
[2018-04-20T00:23:53.028] [DEBUG] trans - Receipt info:  {
	"blockHash": "0x7885934b45996616725de840b0a795bd9ae41dd6486c35805b1ea4d48ffb4871",
	"blockNumber": 5471039,
	"contractAddress": null,
	"cumulativeGasUsed": 2890873,
	"gasUsed": 51653,
	"logs": [
		{
			"address": "0x7e9e431a0B8c4D532C745B1043c7FA29a48D4fBa",
			"blockHash": "0x7885934b45996616725de840b0a795bd9ae41dd6486c35805b1ea4d48ffb4871",
			"blockNumber": 5471039,
			"data": "0x00000000000000000000000000000000000000000000000b49798a9045658000",
			"logIndex": 50,
			"topics": [
				"0xddf252ad1be2c89b69c2b068fc378daa952ba7f163c4a11628f55a4df523b3ef",
				"0x000000000000000000000000468b858c964f297fd8fce058032bf4b4911a8ad8",
				"0x0000000000000000000000002c5eb827d8fa105fc6a42c1e466c5150e261deea"
			],
			"transactionHash": "0x76e041f7625479c241d9cbb91ba174cb0eb09b1ce6ef88c8c373c472e3c0506b",
			"transactionIndex": 51,
			"transactionLogIndex": "0x0",
			"type": "mined",
			"id": "log_d2318796"
		}
	],
	"logsBloom": "0x00000000000000000000000000020000000000000000000000000000000000000000000000000000000000000000000000000000000000000000000000000000000000000010010000000008000000000000000000000000000000000020000000000000000000000000000000000000000000000000000000000010000000000000000000000000000000000000000000000000000000000000000000000000000000000000000080000000000000000000000000000000000000030000000000001002000000000000000000000000080000000000000000000000000000000000000000000000000000000000000000000000000000000000000000000000",
	"root": null,
	"status": "0x1",
	"transactionHash": "0x76e041f7625479c241d9cbb91ba174cb0eb09b1ce6ef88c8c373c472e3c0506b",
	"transactionIndex": 51
}
[2018-04-20T00:23:53.028] [DEBUG] trans - TO:   0x3139d41dd03f0ad159663fa6e1c71256050713ea
[2018-04-20T00:23:53.028] [DEBUG] trans - AMOUNT:   208229400000000000000
[2018-04-20T00:23:53.028] [DEBUG] trans - Receipt info:  {
	"blockHash": "0x7885934b45996616725de840b0a795bd9ae41dd6486c35805b1ea4d48ffb4871",
	"blockNumber": 5471039,
	"contractAddress": null,
	"cumulativeGasUsed": 2787631,
	"gasUsed": 51653,
	"logs": [
		{
			"address": "0x7e9e431a0B8c4D532C745B1043c7FA29a48D4fBa",
			"blockHash": "0x7885934b45996616725de840b0a795bd9ae41dd6486c35805b1ea4d48ffb4871",
			"blockNumber": 5471039,
			"data": "0x00000000000000000000000000000000000000000000000b49c3700da8b98000",
			"logIndex": 48,
			"topics": [
				"0xddf252ad1be2c89b69c2b068fc378daa952ba7f163c4a11628f55a4df523b3ef",
				"0x000000000000000000000000468b858c964f297fd8fce058032bf4b4911a8ad8",
				"0x0000000000000000000000003139d41dd03f0ad159663fa6e1c71256050713ea"
			],
			"transactionHash": "0xc75b6d3e0560d18984390c7df89376c441bb611aa134450dce954c262abf9be9",
			"transactionIndex": 49,
			"transactionLogIndex": "0x0",
			"type": "mined",
			"id": "log_6d0c5b3c"
		}
	],
	"logsBloom": "0x00000000000000000000000000020000000000000000000000000000000008000000000000000000000000000000000000000000000000000000000000000000000010000000010000000008000000000000000000000000000000000020000000000000000000000000000000000000000000000000000000000010000000000000000000000000000000000000000000000000000000000000000000000000000000000000000080000000000000000000000000000000000000010000000000001002000000000000000000000000000000000000000000000000000000000000000000000000000000000000000000000000000000000000000000400000",
	"root": null,
	"status": "0x1",
	"transactionHash": "0xc75b6d3e0560d18984390c7df89376c441bb611aa134450dce954c262abf9be9",
	"transactionIndex": 49
}
[2018-04-20T00:23:53.028] [DEBUG] trans - TO:   0xaaefa8175dcefbf2931ef42b5f0d50cef080d029
[2018-04-20T00:23:53.028] [DEBUG] trans - AMOUNT:   208251300000000000000
[2018-04-20T00:23:53.029] [DEBUG] trans - Receipt info:  {
	"blockHash": "0x7885934b45996616725de840b0a795bd9ae41dd6486c35805b1ea4d48ffb4871",
	"blockNumber": 5471039,
	"contractAddress": null,
	"cumulativeGasUsed": 2632736,
	"gasUsed": 51653,
	"logs": [
		{
			"address": "0x7e9e431a0B8c4D532C745B1043c7FA29a48D4fBa",
			"blockHash": "0x7885934b45996616725de840b0a795bd9ae41dd6486c35805b1ea4d48ffb4871",
			"blockNumber": 5471039,
			"data": "0x00000000000000000000000000000000000000000000000b4a113dfcc14e4000",
			"logIndex": 45,
			"topics": [
				"0xddf252ad1be2c89b69c2b068fc378daa952ba7f163c4a11628f55a4df523b3ef",
				"0x000000000000000000000000468b858c964f297fd8fce058032bf4b4911a8ad8",
				"0x000000000000000000000000aaefa8175dcefbf2931ef42b5f0d50cef080d029"
			],
			"transactionHash": "0x624bd199d948a5008c3b5b205e28e60e626344fec1a6ebf62ec3c1d73a1c7f79",
			"transactionIndex": 46,
			"transactionLogIndex": "0x0",
			"type": "mined",
			"id": "log_6d6bea34"
		}
	],
	"logsBloom": "0x00000000000000000000000000020000000000000000000000000000000000000000000000000000000000000000000000000000000000000000000000000000000000400000010000000008000000000000000000000000000000000020000000000000000000000000000000000000000000000000000000000010000000000000000000000000000000000000000000000000000000000000000040000000000000000000000080000000000000000000000000000000000000010000000000001002000000000000000000000000000000000000000000000000000000000000000000000000000000000000000000000000000000000002000000000000",
	"root": null,
	"status": "0x1",
	"transactionHash": "0x624bd199d948a5008c3b5b205e28e60e626344fec1a6ebf62ec3c1d73a1c7f79",
	"transactionIndex": 46
}
[2018-04-20T00:23:53.029] [DEBUG] trans - TO:   0x462728557a780c406d8c7cf4c5d68d44e742132f
[2018-04-20T00:23:53.029] [DEBUG] trans - AMOUNT:   208237000000000000000
[2018-04-20T00:23:53.029] [DEBUG] trans - Receipt info:  {
	"blockHash": "0x7885934b45996616725de840b0a795bd9ae41dd6486c35805b1ea4d48ffb4871",
	"blockNumber": 5471039,
	"contractAddress": null,
	"cumulativeGasUsed": 2684389,
	"gasUsed": 51653,
	"logs": [
		{
			"address": "0x7e9e431a0B8c4D532C745B1043c7FA29a48D4fBa",
			"blockHash": "0x7885934b45996616725de840b0a795bd9ae41dd6486c35805b1ea4d48ffb4871",
			"blockNumber": 5471039,
			"data": "0x00000000000000000000000000000000000000000000000b49de70368d048000",
			"logIndex": 46,
			"topics": [
				"0xddf252ad1be2c89b69c2b068fc378daa952ba7f163c4a11628f55a4df523b3ef",
				"0x000000000000000000000000468b858c964f297fd8fce058032bf4b4911a8ad8",
				"0x000000000000000000000000462728557a780c406d8c7cf4c5d68d44e742132f"
			],
			"transactionHash": "0xce9aac02690f3ded635267535ce6e71143d56cb4c7d9668961f5c9e2457bae9a",
			"transactionIndex": 47,
			"transactionLogIndex": "0x0",
			"type": "mined",
			"id": "log_c28dd6f6"
		}
	],
	"logsBloom": "0x00000000000000000000000000020000000000000000000000000000000000000000000000000000000000000000000000000000000000000000800000000000000000000000010000000008000000000000000000000000000000000020000000000000000000000000000000000000000800000000000000000010000000000000000000000000000000000000000000000200000000000000000000000000000000000000000080000000000000000000000000000000000000010000000000001002000000000000000000000000000000000000000000000000000000000000000000000000000000000000000000000000000000000000000000000000",
	"root": null,
	"status": "0x1",
	"transactionHash": "0xce9aac02690f3ded635267535ce6e71143d56cb4c7d9668961f5c9e2457bae9a",
	"transactionIndex": 47
}
[2018-04-20T00:23:53.030] [DEBUG] trans - TO:   0xd8500532efef4b46f097a84ead6f644c0b316cd3
[2018-04-20T00:23:53.030] [DEBUG] trans - AMOUNT:   208202900000000000000
[2018-04-20T00:23:53.030] [DEBUG] trans - Receipt info:  {
	"blockHash": "0x7885934b45996616725de840b0a795bd9ae41dd6486c35805b1ea4d48ffb4871",
	"blockNumber": 5471039,
	"contractAddress": null,
	"cumulativeGasUsed": 2942526,
	"gasUsed": 51653,
	"logs": [
		{
			"address": "0x7e9e431a0B8c4D532C745B1043c7FA29a48D4fBa",
			"blockHash": "0x7885934b45996616725de840b0a795bd9ae41dd6486c35805b1ea4d48ffb4871",
			"blockNumber": 5471039,
			"data": "0x00000000000000000000000000000000000000000000000b49654a719a2d4000",
			"logIndex": 51,
			"topics": [
				"0xddf252ad1be2c89b69c2b068fc378daa952ba7f163c4a11628f55a4df523b3ef",
				"0x000000000000000000000000468b858c964f297fd8fce058032bf4b4911a8ad8",
				"0x000000000000000000000000d8500532efef4b46f097a84ead6f644c0b316cd3"
			],
			"transactionHash": "0x9b9ce902bc84aeaa061f4fecee9f71d4c8b8a2c89a18be7f3f06cfcc5190fed7",
			"transactionIndex": 52,
			"transactionLogIndex": "0x0",
			"type": "mined",
			"id": "log_ad563007"
		}
	],
	"logsBloom": "0x00000000000000000000800000020000000000000000000000000000000000000000000000004000000000000000000000000000000000000000000000000000000000000000010000000008000000000000000000000000000000000020000000000000000000000000000000000000000000000000000000000010000000000000000000000000000000000000000000000000000000000000000000000000000000000000000080000000000000000000000000000000000000010000000000001202000000000000000000000000000000000000000000000000000000000000000000000000000000000000000000000000000000000000000000000000",
	"root": null,
	"status": "0x1",
	"transactionHash": "0x9b9ce902bc84aeaa061f4fecee9f71d4c8b8a2c89a18be7f3f06cfcc5190fed7",
	"transactionIndex": 52
}
[2018-04-20T00:23:53.030] [DEBUG] trans - TO:   0xb13cbf8aae6de7b2e92a420bfc3dfdc11f403216
[2018-04-20T00:23:53.030] [DEBUG] trans - AMOUNT:   208220000000000000000
[2018-04-20T00:23:53.030] [DEBUG] trans - Receipt info:  {
	"blockHash": "0x7885934b45996616725de840b0a795bd9ae41dd6486c35805b1ea4d48ffb4871",
	"blockNumber": 5471039,
	"contractAddress": null,
	"cumulativeGasUsed": 2839220,
	"gasUsed": 51589,
	"logs": [
		{
			"address": "0x7e9e431a0B8c4D532C745B1043c7FA29a48D4fBa",
			"blockHash": "0x7885934b45996616725de840b0a795bd9ae41dd6486c35805b1ea4d48ffb4871",
			"blockNumber": 5471039,
			"data": "0x00000000000000000000000000000000000000000000000b49a20acd9bd60000",
			"logIndex": 49,
			"topics": [
				"0xddf252ad1be2c89b69c2b068fc378daa952ba7f163c4a11628f55a4df523b3ef",
				"0x000000000000000000000000468b858c964f297fd8fce058032bf4b4911a8ad8",
				"0x000000000000000000000000b13cbf8aae6de7b2e92a420bfc3dfdc11f403216"
			],
			"transactionHash": "0x28a9932e2c31daa4d10dc2b0455d1c03b4af6c5b40ab1731a119e893e42e320f",
			"transactionIndex": 50,
			"transactionLogIndex": "0x0",
			"type": "mined",
			"id": "log_8a0e0855"
		}
	],
	"logsBloom": "0x00000000000000000000000000020000000000000000000000000000000000000000000000000000000000000000000000000000000000000000000000000000000000000000010000000808000000000000001000000000000000000020000000002000000000000000000000000000000000000000000000000010000000000000000000000000000000000000000000000000000000000000000000000000000000000000000080000000000000000000000000000000000000010000000000001002000000000000000000000000000000000000000000000000000000000000000000000000000000000000000000000000000000000000000000000000",
	"root": null,
	"status": "0x1",
	"transactionHash": "0x28a9932e2c31daa4d10dc2b0455d1c03b4af6c5b40ab1731a119e893e42e320f",
	"transactionIndex": 50
}
[2018-04-20T00:23:53.031] [DEBUG] trans - TO:   0x5c92fe12b8a008a010f998d0faad557d73dcf200
[2018-04-20T00:23:53.031] [DEBUG] trans - AMOUNT:   208195300000000000000
[2018-04-20T00:23:53.031] [DEBUG] trans - Receipt info:  {
	"blockHash": "0x7885934b45996616725de840b0a795bd9ae41dd6486c35805b1ea4d48ffb4871",
	"blockNumber": 5471039,
	"contractAddress": null,
	"cumulativeGasUsed": 3045704,
	"gasUsed": 51589,
	"logs": [
		{
			"address": "0x7e9e431a0B8c4D532C745B1043c7FA29a48D4fBa",
			"blockHash": "0x7885934b45996616725de840b0a795bd9ae41dd6486c35805b1ea4d48ffb4871",
			"blockNumber": 5471039,
			"data": "0x00000000000000000000000000000000000000000000000b494a4a48b5e24000",
			"logIndex": 53,
			"topics": [
				"0xddf252ad1be2c89b69c2b068fc378daa952ba7f163c4a11628f55a4df523b3ef",
				"0x000000000000000000000000468b858c964f297fd8fce058032bf4b4911a8ad8",
				"0x0000000000000000000000005c92fe12b8a008a010f998d0faad557d73dcf200"
			],
			"transactionHash": "0xd80ff65c2367d5c00a6c688141a0682a9ea45294c5acd9a5d39735675ba93df3",
			"transactionIndex": 54,
			"transactionLogIndex": "0x0",
			"type": "mined",
			"id": "log_0f7a30fc"
		}
	],
	"logsBloom": "0x00000000000000000000000000020000000000000000000000000000000000000000000000000000000000002000000000000000000000000000000000000000000000000000010000000008000000000000800000000000000000000020000000000000000000000000000000000000000000000000000000000010000000000000000000000000000000000000000000000000000000000000000000000000000000020000000080000000000000000000000000000000000000010000000000001002000000000000000000000000000000000000000000000000000000000000000000000000000000000000000000000000000000000000000000000000",
	"root": null,
	"status": "0x1",
	"transactionHash": "0xd80ff65c2367d5c00a6c688141a0682a9ea45294c5acd9a5d39735675ba93df3",
	"transactionIndex": 54
}
[2018-04-20T00:23:53.032] [DEBUG] trans - TO:   0x51958f0e3ecdf2a396cf04d8d9602703b044ed2c
[2018-04-20T00:23:53.032] [DEBUG] trans - AMOUNT:   208194200000000000000
[2018-04-20T00:23:53.032] [DEBUG] trans - Receipt info:  {
	"blockHash": "0x7885934b45996616725de840b0a795bd9ae41dd6486c35805b1ea4d48ffb4871",
	"blockNumber": 5471039,
	"contractAddress": null,
	"cumulativeGasUsed": 3097293,
	"gasUsed": 51589,
	"logs": [
		{
			"address": "0x7e9e431a0B8c4D532C745B1043c7FA29a48D4fBa",
			"blockHash": "0x7885934b45996616725de840b0a795bd9ae41dd6486c35805b1ea4d48ffb4871",
			"blockNumber": 5471039,
			"data": "0x00000000000000000000000000000000000000000000000b494661d700a18000",
			"logIndex": 54,
			"topics": [
				"0xddf252ad1be2c89b69c2b068fc378daa952ba7f163c4a11628f55a4df523b3ef",
				"0x000000000000000000000000468b858c964f297fd8fce058032bf4b4911a8ad8",
				"0x00000000000000000000000051958f0e3ecdf2a396cf04d8d9602703b044ed2c"
			],
			"transactionHash": "0x640a03590cc7c1e53c8026f749825292d706a399c3abd1bba1e9d9dbb5427a2e",
			"transactionIndex": 55,
			"transactionLogIndex": "0x0",
			"type": "mined",
			"id": "log_e8391d08"
		}
	],
	"logsBloom": "0x00000000000000000000000000020000000000000000000000000000000000000000000000000000000040000000000000000000000000000000000000000000000000000000010000010008000000000000000000000000000000000020000000000020000000000000000000000000000000000000000000000010000000000000000000000000000000000000000000000000000000000000000000000000000000000000000080000000000000000000000000000000000000010000000000001002000000000000000000000000000000000000000000000000000000000000000000000000000000000000000000000000000000000000000000000000",
	"root": null,
	"status": "0x1",
	"transactionHash": "0x640a03590cc7c1e53c8026f749825292d706a399c3abd1bba1e9d9dbb5427a2e",
	"transactionIndex": 55
}
[2018-04-20T00:23:53.032] [DEBUG] trans - TO:   0x84819bd25f8aaa62e2b338eb400c2ae01d8df8be
[2018-04-20T00:23:53.032] [DEBUG] trans - AMOUNT:   208171700000000000000
[2018-04-20T00:23:53.032] [DEBUG] trans - Receipt info:  {
	"blockHash": "0x7885934b45996616725de840b0a795bd9ae41dd6486c35805b1ea4d48ffb4871",
	"blockNumber": 5471039,
	"contractAddress": null,
	"cumulativeGasUsed": 3200535,
	"gasUsed": 51653,
	"logs": [
		{
			"address": "0x7e9e431a0B8c4D532C745B1043c7FA29a48D4fBa",
			"blockHash": "0x7885934b45996616725de840b0a795bd9ae41dd6486c35805b1ea4d48ffb4871",
			"blockNumber": 5471039,
			"data": "0x00000000000000000000000000000000000000000000000b48f67235852f4000",
			"logIndex": 56,
			"topics": [
				"0xddf252ad1be2c89b69c2b068fc378daa952ba7f163c4a11628f55a4df523b3ef",
				"0x000000000000000000000000468b858c964f297fd8fce058032bf4b4911a8ad8",
				"0x00000000000000000000000084819bd25f8aaa62e2b338eb400c2ae01d8df8be"
			],
			"transactionHash": "0x0e90ab3f97294a381e823b22bf7f0da551ebef79c8b8f47825794b6761592285",
			"transactionIndex": 57,
			"transactionLogIndex": "0x0",
			"type": "mined",
			"id": "log_b4bae3c2"
		}
	],
	"logsBloom": "0x00000000000000000000004000020000000000000000000000000000000000000000000000000000000000000000000000000000000000000000000000000000000000000000010000000008000000000000000000000000000000000020002000000000000000000000000000000000000000000000080000000010000000000000000000000000000000000000000000000000000000000000000000000000000000000000000080000000000000000000000000000000000000010000000000001002000000000000000000000000000000000000000000000000000000000000000000000000000000000000000000000000000000000000000000000000",
	"root": null,
	"status": "0x1",
	"transactionHash": "0x0e90ab3f97294a381e823b22bf7f0da551ebef79c8b8f47825794b6761592285",
	"transactionIndex": 57
}
[2018-04-20T00:23:53.032] [DEBUG] trans - TO:   0x47700d85265eacc96555221d10af33c96b4bb39e
[2018-04-20T00:23:53.032] [DEBUG] trans - AMOUNT:   208186800000000000000
[2018-04-20T00:23:53.032] [DEBUG] trans - Receipt info:  {
	"blockHash": "0x7885934b45996616725de840b0a795bd9ae41dd6486c35805b1ea4d48ffb4871",
	"blockNumber": 5471039,
	"contractAddress": null,
	"cumulativeGasUsed": 3148882,
	"gasUsed": 51589,
	"logs": [
		{
			"address": "0x7e9e431a0B8c4D532C745B1043c7FA29a48D4fBa",
			"blockHash": "0x7885934b45996616725de840b0a795bd9ae41dd6486c35805b1ea4d48ffb4871",
			"blockNumber": 5471039,
			"data": "0x00000000000000000000000000000000000000000000000b492c17943d4b0000",
			"logIndex": 55,
			"topics": [
				"0xddf252ad1be2c89b69c2b068fc378daa952ba7f163c4a11628f55a4df523b3ef",
				"0x000000000000000000000000468b858c964f297fd8fce058032bf4b4911a8ad8",
				"0x00000000000000000000000047700d85265eacc96555221d10af33c96b4bb39e"
			],
			"transactionHash": "0xa1fdcc01b72f4b5acd220044b81859c5fc881231f6c6382f0d8aeabbc0429e92",
			"transactionIndex": 56,
			"transactionLogIndex": "0x0",
			"type": "mined",
			"id": "log_a1955e98"
		}
	],
	"logsBloom": "0x00000000000000000000000000020000000000000000000000000000000000000000000000000000000000000000000000000000000000000000000000000000000000000000010000000008000000000000000000000000020000000020000000000000000000000000000000000000000000000000000000000010000000000000000004000000000000000000000000000000000000000200000000000000000000000000000080000000000000000000000000000000000000010000000000001002000000000000000000000000000000000000000000000000000000000000000000000000000000000000000000000000000000000000000000000000",
	"root": null,
	"status": "0x1",
	"transactionHash": "0xa1fdcc01b72f4b5acd220044b81859c5fc881231f6c6382f0d8aeabbc0429e92",
	"transactionIndex": 56
}
[2018-04-20T00:23:53.034] [DEBUG] trans - TO:   0x8ea2b73680df13c2d319a35d80d4987cd7887de1
[2018-04-20T00:23:53.034] [DEBUG] trans - AMOUNT:   208159300000000000000
[2018-04-20T00:23:53.034] [DEBUG] trans - Receipt info:  {
	"blockHash": "0x7885934b45996616725de840b0a795bd9ae41dd6486c35805b1ea4d48ffb4871",
	"blockNumber": 5471039,
	"contractAddress": null,
	"cumulativeGasUsed": 3252188,
	"gasUsed": 51653,
	"logs": [
		{
			"address": "0x7e9e431a0B8c4D532C745B1043c7FA29a48D4fBa",
			"blockHash": "0x7885934b45996616725de840b0a795bd9ae41dd6486c35805b1ea4d48ffb4871",
			"blockNumber": 5471039,
			"data": "0x00000000000000000000000000000000000000000000000b48ca647989f84000",
			"logIndex": 57,
			"topics": [
				"0xddf252ad1be2c89b69c2b068fc378daa952ba7f163c4a11628f55a4df523b3ef",
				"0x000000000000000000000000468b858c964f297fd8fce058032bf4b4911a8ad8",
				"0x0000000000000000000000008ea2b73680df13c2d319a35d80d4987cd7887de1"
			],
			"transactionHash": "0x301ce6bb24cac54b03af8bf486bd890cd7b82ec0a25530b9a8a3592960c2cafe",
			"transactionIndex": 58,
			"transactionLogIndex": "0x0",
			"type": "mined",
			"id": "log_c2b9c935"
		}
	],
	"logsBloom": "0x00000000000000000000000000020000000000000000000000000000000000000000000000000000000000000000000000000000000000000000000000000000000000000000010000000008000000000000000000000000000000000020000000000200000000000000000000000000000000000000000000000010000000000000000000000000000000000000000000000000000000000000000000000000000000000000000080000000000000000000000000000000000000050000000000001002000000000000000000000000000000000000000020000000000000000000000000000000000000000000000000000000000000000000000000000000",
	"root": null,
	"status": "0x1",
	"transactionHash": "0x301ce6bb24cac54b03af8bf486bd890cd7b82ec0a25530b9a8a3592960c2cafe",
	"transactionIndex": 58
}
[2018-04-20T00:23:53.036] [DEBUG] trans - TO:   0x0190265eee48f7a63fdc71a584e1ad7393490e54
[2018-04-20T00:23:53.036] [DEBUG] trans - AMOUNT:   208158200000000000000
[2018-04-20T00:23:53.036] [DEBUG] trans - Receipt info:  {
	"blockHash": "0x7885934b45996616725de840b0a795bd9ae41dd6486c35805b1ea4d48ffb4871",
	"blockNumber": 5471039,
	"contractAddress": null,
	"cumulativeGasUsed": 3355430,
	"gasUsed": 51653,
	"logs": [
		{
			"address": "0x7e9e431a0B8c4D532C745B1043c7FA29a48D4fBa",
			"blockHash": "0x7885934b45996616725de840b0a795bd9ae41dd6486c35805b1ea4d48ffb4871",
			"blockNumber": 5471039,
			"data": "0x00000000000000000000000000000000000000000000000b48c67c07d4b78000",
			"logIndex": 59,
			"topics": [
				"0xddf252ad1be2c89b69c2b068fc378daa952ba7f163c4a11628f55a4df523b3ef",
				"0x000000000000000000000000468b858c964f297fd8fce058032bf4b4911a8ad8",
				"0x0000000000000000000000000190265eee48f7a63fdc71a584e1ad7393490e54"
			],
			"transactionHash": "0x4a62059a503ad9e6b579e51d2f5ea136589acf2b7fad23f4c2f2d162ee3fc218",
			"transactionIndex": 60,
			"transactionLogIndex": "0x0",
			"type": "mined",
			"id": "log_88990ee8"
		}
	],
	"logsBloom": "0x00000000000000000000000000020000000000000000000000000000000000000000000000000000000000000000000000000000000000000000000000000000000000000000010000000008000000000000000000020000000000000020000000000000000000000000000000000000000000000008000000000010000000000000000000000000000000000000000000000000000000000000000000000000000000000000000080000000000000000000000000000000000000010000000000001002000000000000000000000000000000000000000000000000000000000000000800000000000000000000000000000000000000000000000000000000",
	"root": null,
	"status": "0x1",
	"transactionHash": "0x4a62059a503ad9e6b579e51d2f5ea136589acf2b7fad23f4c2f2d162ee3fc218",
	"transactionIndex": 60
}
[2018-04-20T00:23:53.038] [DEBUG] trans - TO:   0x0e3f666fe39b83b720fc45606bfe246a1fab70c0
[2018-04-20T00:23:53.038] [DEBUG] trans - AMOUNT:   208159200000000000000
[2018-04-20T00:23:53.038] [DEBUG] trans - Receipt info:  {
	"blockHash": "0x7885934b45996616725de840b0a795bd9ae41dd6486c35805b1ea4d48ffb4871",
	"blockNumber": 5471039,
	"contractAddress": null,
	"cumulativeGasUsed": 3303777,
	"gasUsed": 51589,
	"logs": [
		{
			"address": "0x7e9e431a0B8c4D532C745B1043c7FA29a48D4fBa",
			"blockHash": "0x7885934b45996616725de840b0a795bd9ae41dd6486c35805b1ea4d48ffb4871",
			"blockNumber": 5471039,
			"data": "0x00000000000000000000000000000000000000000000000b48ca0986797e0000",
			"logIndex": 58,
			"topics": [
				"0xddf252ad1be2c89b69c2b068fc378daa952ba7f163c4a11628f55a4df523b3ef",
				"0x000000000000000000000000468b858c964f297fd8fce058032bf4b4911a8ad8",
				"0x0000000000000000000000000e3f666fe39b83b720fc45606bfe246a1fab70c0"
			],
			"transactionHash": "0x537aebbf8e49f6d0e2714215a2e4cf47f2386d9b71a813c2e84e9ad6cf73277f",
			"transactionIndex": 59,
			"transactionLogIndex": "0x0",
			"type": "mined",
			"id": "log_1747bef8"
		}
	],
	"logsBloom": "0x00000000000000000000000000020000000000000000000000000000000000000000000000000000000400000000000000000000000000000000800000000020000000000000010000000008000000000000000000000000000000000020000000000000000000000000000000000000000000000000000000000010000000000000000000000000000000000000000000000000000000000000000000000000000000000000000080000000000000000000000000000000000000010000000000001002000000000000000000000000000000000000000000000000000000000000000000000000000000000000000000000000000000000000000000000000",
	"root": null,
	"status": "0x1",
	"transactionHash": "0x537aebbf8e49f6d0e2714215a2e4cf47f2386d9b71a813c2e84e9ad6cf73277f",
	"transactionIndex": 59
}
[2018-04-20T00:23:53.038] [DEBUG] trans - TO:   0x24a0c6c9a6e4eb9d8be6f4e41ae44cfb21d4b354
[2018-04-20T00:23:53.038] [DEBUG] trans - AMOUNT:   208318700000000000000
[2018-04-20T00:23:53.038] [DEBUG] trans - Receipt info:  {
	"blockHash": "0x7885934b45996616725de840b0a795bd9ae41dd6486c35805b1ea4d48ffb4871",
	"blockNumber": 5471039,
	"contractAddress": null,
	"cumulativeGasUsed": 1976503,
	"gasUsed": 51589,
	"logs": [
		{
			"address": "0x7e9e431a0B8c4D532C745B1043c7FA29a48D4fBa",
			"blockHash": "0x7885934b45996616725de840b0a795bd9ae41dd6486c35805b1ea4d48ffb4871",
			"blockNumber": 5471039,
			"data": "0x00000000000000000000000000000000000000000000000b4b00b1ee232ac000",
			"logIndex": 32,
			"topics": [
				"0xddf252ad1be2c89b69c2b068fc378daa952ba7f163c4a11628f55a4df523b3ef",
				"0x000000000000000000000000468b858c964f297fd8fce058032bf4b4911a8ad8",
				"0x00000000000000000000000024a0c6c9a6e4eb9d8be6f4e41ae44cfb21d4b354"
			],
			"transactionHash": "0x727d65094bfc47ac6afeb85cda24293aaaf625d406286c12dda1d1d5b0b42c32",
			"transactionIndex": 33,
			"transactionLogIndex": "0x0",
			"type": "mined",
			"id": "log_dade0e8e"
		}
	],
	"logsBloom": "0x00000000000000000000000000020000000000000000000000000000000000000000000000000000000000000000000000000000000000000000000000000000000000000000010000000008000000000000000000000000000000000020000000000000000000000000000000000000000000000000000000000010000000000000000000000000000000000000000000000000000000000000000000000000000000000000000080000000000000000000000000000000000000210000000000001002000000000000000000000000000000000000000000000000000000000000010000000000000000200000000000000000000000000000000000000000",
	"root": null,
	"status": "0x1",
	"transactionHash": "0x727d65094bfc47ac6afeb85cda24293aaaf625d406286c12dda1d1d5b0b42c32",
	"transactionIndex": 33
}
[2018-04-20T00:23:53.039] [DEBUG] trans - TO:   0x3758eeb9d4da245d3d9315dab095ffcb62b655ef
[2018-04-20T00:23:53.039] [DEBUG] trans - AMOUNT:   208158200000000000000
[2018-04-20T00:23:53.039] [DEBUG] trans - Receipt info:  {
	"blockHash": "0x7885934b45996616725de840b0a795bd9ae41dd6486c35805b1ea4d48ffb4871",
	"blockNumber": 5471039,
	"contractAddress": null,
	"cumulativeGasUsed": 3407083,
	"gasUsed": 51653,
	"logs": [
		{
			"address": "0x7e9e431a0B8c4D532C745B1043c7FA29a48D4fBa",
			"blockHash": "0x7885934b45996616725de840b0a795bd9ae41dd6486c35805b1ea4d48ffb4871",
			"blockNumber": 5471039,
			"data": "0x00000000000000000000000000000000000000000000000b48c67c07d4b78000",
			"logIndex": 60,
			"topics": [
				"0xddf252ad1be2c89b69c2b068fc378daa952ba7f163c4a11628f55a4df523b3ef",
				"0x000000000000000000000000468b858c964f297fd8fce058032bf4b4911a8ad8",
				"0x0000000000000000000000003758eeb9d4da245d3d9315dab095ffcb62b655ef"
			],
			"transactionHash": "0x1f8dcb284cf7bfa73423485bf96e73ec0fb60c8545a0cf9da6cc96c5a71e012f",
			"transactionIndex": 61,
			"transactionLogIndex": "0x0",
			"type": "mined",
			"id": "log_99020a9e"
		}
	],
	"logsBloom": "0x00000000000000000000000000020000000000000000004000000000000000000000000000000000000000000000000000000000000000000000000000000000000000000000014000000008000000000000000000000000000000000020000000000000000000000000000000000000000000000000000000000010000000000000000000000000000000000000000000000000000000000000000000000000000000000000000080000000000100000000000000000000000000010000000000001002000000000000000000000000000000000000000000000000000000000000000000000000000000000000000000000000000000000000000000000000",
	"root": null,
	"status": "0x1",
	"transactionHash": "0x1f8dcb284cf7bfa73423485bf96e73ec0fb60c8545a0cf9da6cc96c5a71e012f",
	"transactionIndex": 61
}
[2018-04-20T00:23:53.039] [DEBUG] trans - TO:   0x3edec7e9a5e36ffcb5d0245756600b835a1f1899
[2018-04-20T00:23:53.039] [DEBUG] trans - AMOUNT:   208197600000000000000
[2018-04-20T00:23:53.039] [DEBUG] trans - Receipt info:  {
	"blockHash": "0x7885934b45996616725de840b0a795bd9ae41dd6486c35805b1ea4d48ffb4871",
	"blockNumber": 5471039,
	"contractAddress": null,
	"cumulativeGasUsed": 2994115,
	"gasUsed": 51589,
	"logs": [
		{
			"address": "0x7e9e431a0B8c4D532C745B1043c7FA29a48D4fBa",
			"blockHash": "0x7885934b45996616725de840b0a795bd9ae41dd6486c35805b1ea4d48ffb4871",
			"blockNumber": 5471039,
			"data": "0x00000000000000000000000000000000000000000000000b4952761f30de0000",
			"logIndex": 52,
			"topics": [
				"0xddf252ad1be2c89b69c2b068fc378daa952ba7f163c4a11628f55a4df523b3ef",
				"0x000000000000000000000000468b858c964f297fd8fce058032bf4b4911a8ad8",
				"0x0000000000000000000000003edec7e9a5e36ffcb5d0245756600b835a1f1899"
			],
			"transactionHash": "0x65f601013718273889eae009ab8b03fcb05a749b5e5d9d66771392f28187bdf5",
			"transactionIndex": 53,
			"transactionLogIndex": "0x0",
			"type": "mined",
			"id": "log_b0997a06"
		}
	],
	"logsBloom": "0x00000000000000000000000000020000000000000000000000000000000000000000000000000000000000000000000000000000000000000000000000000000000000000000010000000008000000000000000000000000000000000020000000000000000000000000000000000000000000000000000000000010000000000000000004000000000000000000000000000000000000000000000000000000000000000000000080040000000000000000000000000000000000010000000000001002000000000000000000000000000000002000000000000000000000000000000000000000000000000000000000000000000000000000000000000000",
	"root": null,
	"status": "0x1",
	"transactionHash": "0x65f601013718273889eae009ab8b03fcb05a749b5e5d9d66771392f28187bdf5",
	"transactionIndex": 53
}
