[2018-04-21T00:29:10.956] [DEBUG] trans - TO:   0xd696843ac5eed185dd917136177de5715d8525e6
[2018-04-21T00:29:10.958] [DEBUG] trans - AMOUNT:   261853200000000000000
[2018-04-21T00:29:10.958] [DEBUG] trans - Receipt info:  {
	"blockHash": "0x53bd0b4e560f9f2bdbc9887146641a5122bba80e81b463aa168032ddbea72aaa",
	"blockNumber": 5476796,
	"contractAddress": null,
	"cumulativeGasUsed": 1591828,
	"gasUsed": 51589,
	"logs": [
		{
			"address": "0x7e9e431a0B8c4D532C745B1043c7FA29a48D4fBa",
			"blockHash": "0x53bd0b4e560f9f2bdbc9887146641a5122bba80e81b463aa168032ddbea72aaa",
			"blockNumber": 5476796,
			"data": "0x00000000000000000000000000000000000000000000000e31f1720ad3510000",
			"logIndex": 28,
			"topics": [
				"0xddf252ad1be2c89b69c2b068fc378daa952ba7f163c4a11628f55a4df523b3ef",
				"0x000000000000000000000000468b858c964f297fd8fce058032bf4b4911a8ad8",
				"0x000000000000000000000000d696843ac5eed185dd917136177de5715d8525e6"
			],
			"transactionHash": "0x4b31a19b6b9544e832b6c083eec934d786e455ef8a807ecea10687df4179f95e",
			"transactionIndex": 42,
			"transactionLogIndex": "0x0",
			"type": "mined",
			"id": "log_a30489b6"
		}
	],
	"logsBloom": "0x00000000000000000000100000020000000000000000000000000000000000000000000000000000000000000000000000000000000000040000000000000000000000000000010000000008000000000000000000000000000000000020000000000000000000000000000000000000000000000000000000000010000000000000000000000000000000000000000000000000000000000000000000000000000000000000000080000000000000000000000000000000000000010000000000001002000000000000000000000000000000000000000000000000000000000000000000000000000000000000000000000004000000000000000000000000",
	"root": null,
	"status": "0x1",
	"transactionHash": "0x4b31a19b6b9544e832b6c083eec934d786e455ef8a807ecea10687df4179f95e",
	"transactionIndex": 42
}
[2018-04-21T00:29:10.961] [DEBUG] trans - TO:   0x8680bde6fec5b523bf14686c19cf424686aed6a1
[2018-04-21T00:29:10.962] [DEBUG] trans - AMOUNT:   261851100000000000000
[2018-04-21T00:29:10.962] [DEBUG] trans - Receipt info:  {
	"blockHash": "0x53bd0b4e560f9f2bdbc9887146641a5122bba80e81b463aa168032ddbea72aaa",
	"blockNumber": 5476796,
	"contractAddress": null,
	"cumulativeGasUsed": 6840893,
	"gasUsed": 51653,
	"logs": [
		{
			"address": "0x7e9e431a0B8c4D532C745B1043c7FA29a48D4fBa",
			"blockHash": "0x53bd0b4e560f9f2bdbc9887146641a5122bba80e81b463aa168032ddbea72aaa",
			"blockNumber": 5476796,
			"data": "0x00000000000000000000000000000000000000000000000e31e9fc1a7949c000",
			"logIndex": 114,
			"topics": [
				"0xddf252ad1be2c89b69c2b068fc378daa952ba7f163c4a11628f55a4df523b3ef",
				"0x000000000000000000000000468b858c964f297fd8fce058032bf4b4911a8ad8",
				"0x0000000000000000000000008680bde6fec5b523bf14686c19cf424686aed6a1"
			],
			"transactionHash": "0x2c21a816b49502e183ba415e1a30149f2bb559f463c30e62c3416036b05d919c",
			"transactionIndex": 135,
			"transactionLogIndex": "0x0",
			"type": "mined",
			"id": "log_f3a5189c"
		}
	],
	"logsBloom": "0x00000000000000000000000000020000000004000000000000000000000000000000000000000000000000000000000020000000000000000000000000000000000000000000010000000008000000000000000000000000000000000020000000000000000000000000000000000000000000000000000000000010000000000000000020000000000000000000000000000000000000000000000000000000000000000000000080000000000000000000000000000000000000010000000000001002000000000000000000000000000000000000000000000000000000000000000000000000000000000000000000000000000000000000000000000000",
	"root": null,
	"status": "0x1",
	"transactionHash": "0x2c21a816b49502e183ba415e1a30149f2bb559f463c30e62c3416036b05d919c",
	"transactionIndex": 135
}
[2018-04-21T00:29:10.963] [DEBUG] trans - TO:   0x986a67a9ce42fc710aa3be25d848075250b2c67f
[2018-04-21T00:29:10.963] [DEBUG] trans - AMOUNT:   261842000000000000000
[2018-04-21T00:29:10.963] [DEBUG] trans - Receipt info:  {
	"blockHash": "0x53bd0b4e560f9f2bdbc9887146641a5122bba80e81b463aa168032ddbea72aaa",
	"blockNumber": 5476796,
	"contractAddress": null,
	"cumulativeGasUsed": 7623269,
	"gasUsed": 51589,
	"logs": [
		{
			"address": "0x7e9e431a0B8c4D532C745B1043c7FA29a48D4fBa",
			"blockHash": "0x53bd0b4e560f9f2bdbc9887146641a5122bba80e81b463aa168032ddbea72aaa",
			"blockNumber": 5476796,
			"data": "0x00000000000000000000000000000000000000000000000e31c9a7b39dd50000",
			"logIndex": 121,
			"topics": [
				"0xddf252ad1be2c89b69c2b068fc378daa952ba7f163c4a11628f55a4df523b3ef",
				"0x000000000000000000000000468b858c964f297fd8fce058032bf4b4911a8ad8",
				"0x000000000000000000000000986a67a9ce42fc710aa3be25d848075250b2c67f"
			],
			"transactionHash": "0xca0b8f15c908416195c0c3e56ac903d032613cf74a645089979a52af4d50b228",
			"transactionIndex": 149,
			"transactionLogIndex": "0x0",
			"type": "mined",
			"id": "log_298715ae"
		}
	],
	"logsBloom": "0x00000000000000000000000000020000000000000000000000000000000000000000000000000000000000000000000000000000000000000000000000000000000000000000010000000008000000000000000000080000000000000020000000000000000000000000000000000000000000000000000000000010000000000000000000000000000000000000000000000000000000000000000000000000000000000000000080000000000000000000000000000000000000010000000000001002000000000000000000000020000000000000000000000000000000000000000000000000000000000000000002000000000000000000000000000000",
	"root": null,
	"status": "0x1",
	"transactionHash": "0xca0b8f15c908416195c0c3e56ac903d032613cf74a645089979a52af4d50b228",
	"transactionIndex": 149
}
[2018-04-21T00:29:15.961] [DEBUG] trans - TO:   0xf7c82616de371d70bc4fa0f31df6e3b19384ae58
[2018-04-21T00:29:15.961] [DEBUG] trans - AMOUNT:   261833300000000000000
[2018-04-21T00:29:15.961] [DEBUG] trans - Receipt info:  {
	"blockHash": "0x34cd770104f1e347faf6fb653b9b760ad438d2d89e67d07d77793f39635716f4",
	"blockNumber": 5476797,
	"contractAddress": null,
	"cumulativeGasUsed": 911230,
	"gasUsed": 51653,
	"logs": [
		{
			"address": "0x7e9e431a0B8c4D532C745B1043c7FA29a48D4fBa",
			"blockHash": "0x34cd770104f1e347faf6fb653b9b760ad438d2d89e67d07d77793f39635716f4",
			"blockNumber": 5476797,
			"data": "0x00000000000000000000000000000000000000000000000e31aabf1904494000",
			"logIndex": 13,
			"topics": [
				"0xddf252ad1be2c89b69c2b068fc378daa952ba7f163c4a11628f55a4df523b3ef",
				"0x000000000000000000000000468b858c964f297fd8fce058032bf4b4911a8ad8",
				"0x000000000000000000000000f7c82616de371d70bc4fa0f31df6e3b19384ae58"
			],
			"transactionHash": "0xfa61fec18c7f74f9e7b80e8ccc4bbe952be19b498110157e0cc3dd93d9cb69aa",
			"transactionIndex": 19,
			"transactionLogIndex": "0x0",
			"type": "mined",
			"id": "log_079eaca3"
		}
	],
	"logsBloom": "0x00000000000000000000000000020000000000000000000000000000000000000000000000000000000000000000000000000000000000000000000000000000000000000000010000000008000000000000000000000000000010000020000000000000000000000000000000000000000000000000000000000010000000000000000000000000000000000000000000000000000000000000000000000000000000000000000080000000000000000000000000000000000000010000000001001002000000000000000000000001000000000000000000000000000000000000000000000000000000000000000000000000000000000000000000000000",
	"root": null,
	"status": "0x1",
	"transactionHash": "0xfa61fec18c7f74f9e7b80e8ccc4bbe952be19b498110157e0cc3dd93d9cb69aa",
	"transactionIndex": 19
}
[2018-04-21T00:29:22.970] [DEBUG] trans - TO:   0xf1341624be07cc5de569a6020c638e0079814adb
[2018-04-21T00:29:22.970] [DEBUG] trans - AMOUNT:   261794500000000000000
[2018-04-21T00:29:22.970] [DEBUG] trans - Receipt info:  {
	"blockHash": "0xaadf7d51c36bf186273163956c38efcb46560a94e040bea1634c591872ea8ce1",
	"blockNumber": 5476798,
	"contractAddress": null,
	"cumulativeGasUsed": 921669,
	"gasUsed": 51525,
	"logs": [
		{
			"address": "0x7e9e431a0B8c4D532C745B1043c7FA29a48D4fBa",
			"blockHash": "0xaadf7d51c36bf186273163956c38efcb46560a94e040bea1634c591872ea8ce1",
			"blockNumber": 5476798,
			"data": "0x00000000000000000000000000000000000000000000000e3120e6b40b004000",
			"logIndex": 19,
			"topics": [
				"0xddf252ad1be2c89b69c2b068fc378daa952ba7f163c4a11628f55a4df523b3ef",
				"0x000000000000000000000000468b858c964f297fd8fce058032bf4b4911a8ad8",
				"0x000000000000000000000000f1341624be07cc5de569a6020c638e0079814adb"
			],
			"transactionHash": "0x570b923240743e77c923503e9cebf1a078a7a496a83260d8be1ab314473d9ce0",
			"transactionIndex": 19,
			"transactionLogIndex": "0x0",
			"type": "mined",
			"id": "log_4c4543e0"
		}
	],
	"logsBloom": "0x00000000000000000000000000020000000000000000000000000000000000000000002000004000000000000000000000000000000000000000000000000000000000000000010000000008000000000000000000000000000000000020000000000000000000000000000000000000000000000000000000000010000000000000000000000000000000000000000000000000000000000000000000000000000000000000000080000000000000000000000000000000000000011000000000001002000000000000000000000000000000000000000000000000000000000000000000000000000000000000000000000000000000000000000000000000",
	"root": null,
	"status": "0x1",
	"transactionHash": "0x570b923240743e77c923503e9cebf1a078a7a496a83260d8be1ab314473d9ce0",
	"transactionIndex": 19
}
[2018-04-21T00:29:22.972] [DEBUG] trans - TO:   0xd6d80050fd117ac4bda551ce3fbe6885f232756e
[2018-04-21T00:29:22.972] [DEBUG] trans - AMOUNT:   261776600000000000000
[2018-04-21T00:29:22.972] [DEBUG] trans - Receipt info:  {
	"blockHash": "0xaadf7d51c36bf186273163956c38efcb46560a94e040bea1634c591872ea8ce1",
	"blockNumber": 5476798,
	"contractAddress": null,
	"cumulativeGasUsed": 973258,
	"gasUsed": 51589,
	"logs": [
		{
			"address": "0x7e9e431a0B8c4D532C745B1043c7FA29a48D4fBa",
			"blockHash": "0xaadf7d51c36bf186273163956c38efcb46560a94e040bea1634c591872ea8ce1",
			"blockNumber": 5476798,
			"data": "0x00000000000000000000000000000000000000000000000e30e14ebf85858000",
			"logIndex": 20,
			"topics": [
				"0xddf252ad1be2c89b69c2b068fc378daa952ba7f163c4a11628f55a4df523b3ef",
				"0x000000000000000000000000468b858c964f297fd8fce058032bf4b4911a8ad8",
				"0x000000000000000000000000d6d80050fd117ac4bda551ce3fbe6885f232756e"
			],
			"transactionHash": "0x931ffd2630e6f0deb69efb72d75b69008863ea82005ddaff85f7eb4be5fa868a",
			"transactionIndex": 20,
			"transactionLogIndex": "0x0",
			"type": "mined",
			"id": "log_7177295e"
		}
	],
	"logsBloom": "0x00000000000000000000000000020000000000000000000000000000000000000000000000000000000000000000000000000000000000000000000004000000000000000000010000000008000000000000000000000000000000000020000000000000000000000000000000000000000000000000000000000010000000000000000000000000000000000000000000000000000000000000000000000000000000000000000080000000000000000000000000000000000000010000000000001002000000000000000000000000008000008000000000000000000000000000000000000000000000000000000000000000000000000000000000000000",
	"root": null,
	"status": "0x1",
	"transactionHash": "0x931ffd2630e6f0deb69efb72d75b69008863ea82005ddaff85f7eb4be5fa868a",
	"transactionIndex": 20
}
[2018-04-21T00:29:22.973] [DEBUG] trans - TO:   0x894ad9ac3676d1362ad0802f52ce7a253b361508
[2018-04-21T00:29:22.973] [DEBUG] trans - AMOUNT:   261753600000000000000
[2018-04-21T00:29:22.973] [DEBUG] trans - Receipt info:  {
	"blockHash": "0xaadf7d51c36bf186273163956c38efcb46560a94e040bea1634c591872ea8ce1",
	"blockNumber": 5476798,
	"contractAddress": null,
	"cumulativeGasUsed": 1076500,
	"gasUsed": 51589,
	"logs": [
		{
			"address": "0x7e9e431a0B8c4D532C745B1043c7FA29a48D4fBa",
			"blockHash": "0xaadf7d51c36bf186273163956c38efcb46560a94e040bea1634c591872ea8ce1",
			"blockNumber": 5476798,
			"data": "0x00000000000000000000000000000000000000000000000e308f985eb7b00000",
			"logIndex": 22,
			"topics": [
				"0xddf252ad1be2c89b69c2b068fc378daa952ba7f163c4a11628f55a4df523b3ef",
				"0x000000000000000000000000468b858c964f297fd8fce058032bf4b4911a8ad8",
				"0x000000000000000000000000894ad9ac3676d1362ad0802f52ce7a253b361508"
			],
			"transactionHash": "0x493a963fedc2186b6aa4661ce29a3df35858aedb8751256388cd99e9f72e2794",
			"transactionIndex": 22,
			"transactionLogIndex": "0x0",
			"type": "mined",
			"id": "log_5a8e0d18"
		}
	],
	"logsBloom": "0x00000000000400000000000000020000000000000000004000000000000000000000000000000000000000000000000000000000000000000000000000000000000000000000010000000008000000000000000000000000000000000020000000000000000000000000000000000000000000000000000000200010000000000000000000000000000000000000000000000000000000000000000000000000000000000000000080000000000000000000000000000000000000010000000000001002000000000000000000000000000000000000000000000000000000000000000000000000000000000000000000000000000000000000000000000000",
	"root": null,
	"status": "0x1",
	"transactionHash": "0x493a963fedc2186b6aa4661ce29a3df35858aedb8751256388cd99e9f72e2794",
	"transactionIndex": 22
}
[2018-04-21T00:29:22.973] [DEBUG] trans - TO:   0xce7d74e2e2e1d0583557e76d1f65b064b873bd99
[2018-04-21T00:29:22.973] [DEBUG] trans - AMOUNT:   261764700000000000000
[2018-04-21T00:29:22.973] [DEBUG] trans - Receipt info:  {
	"blockHash": "0xaadf7d51c36bf186273163956c38efcb46560a94e040bea1634c591872ea8ce1",
	"blockNumber": 5476798,
	"contractAddress": null,
	"cumulativeGasUsed": 1024911,
	"gasUsed": 51653,
	"logs": [
		{
			"address": "0x7e9e431a0B8c4D532C745B1043c7FA29a48D4fBa",
			"blockHash": "0xaadf7d51c36bf186273163956c38efcb46560a94e040bea1634c591872ea8ce1",
			"blockNumber": 5476798,
			"data": "0x00000000000000000000000000000000000000000000000e30b707c2dcb1c000",
			"logIndex": 21,
			"topics": [
				"0xddf252ad1be2c89b69c2b068fc378daa952ba7f163c4a11628f55a4df523b3ef",
				"0x000000000000000000000000468b858c964f297fd8fce058032bf4b4911a8ad8",
				"0x000000000000000000000000ce7d74e2e2e1d0583557e76d1f65b064b873bd99"
			],
			"transactionHash": "0x2421c5994b44f7565c60af7f54a040ce74d6b14997dfb65c2aa2bad5663d3829",
			"transactionIndex": 21,
			"transactionLogIndex": "0x0",
			"type": "mined",
			"id": "log_541b02f1"
		}
	],
	"logsBloom": "0x00000000000000000000000000020000000000000000000000000000000000000000000000000000000000000000000000000000000000000000000000000000000000000000010000000008000000000000000000000000000000000020000000000000000000000000000000000000000000800000000000000010000000000000000000000000000000000000000000000000000000000000000000000000000000000000000080000000000000000000008000400000000000010000000000001002000000000000000000000000000000000000000000000000000000000000000000000000000000000000000000000000000000000000000000000000",
	"root": null,
	"status": "0x1",
	"transactionHash": "0x2421c5994b44f7565c60af7f54a040ce74d6b14997dfb65c2aa2bad5663d3829",
	"transactionIndex": 21
}
[2018-04-21T00:29:22.974] [DEBUG] trans - TO:   0x39fe5d1af75879d411bb859ce7bf4b8a088ef8b2
[2018-04-21T00:29:22.974] [DEBUG] trans - AMOUNT:   261737000000000000000
[2018-04-21T00:29:22.974] [DEBUG] trans - Receipt info:  {
	"blockHash": "0xaadf7d51c36bf186273163956c38efcb46560a94e040bea1634c591872ea8ce1",
	"blockNumber": 5476798,
	"contractAddress": null,
	"cumulativeGasUsed": 1179806,
	"gasUsed": 51653,
	"logs": [
		{
			"address": "0x7e9e431a0B8c4D532C745B1043c7FA29a48D4fBa",
			"blockHash": "0xaadf7d51c36bf186273163956c38efcb46560a94e040bea1634c591872ea8ce1",
			"blockNumber": 5476798,
			"data": "0x00000000000000000000000000000000000000000000000e30549ec2086a8000",
			"logIndex": 24,
			"topics": [
				"0xddf252ad1be2c89b69c2b068fc378daa952ba7f163c4a11628f55a4df523b3ef",
				"0x000000000000000000000000468b858c964f297fd8fce058032bf4b4911a8ad8",
				"0x00000000000000000000000039fe5d1af75879d411bb859ce7bf4b8a088ef8b2"
			],
			"transactionHash": "0xe9e03e63f29cb1def459393ded47232c2c217701d128bd57b31bff826b570e8b",
			"transactionIndex": 24,
			"transactionLogIndex": "0x0",
			"type": "mined",
			"id": "log_e8771242"
		}
	],
	"logsBloom": "0x00000000000000000000000000020000000000000000000000000000000000000000000000000200000000000000000000000200000000000000000000000000000000000000010000000008000000000000000000000000000000000020000000000000000000000000000000000000000000000000000000000010000000000000000000000000000000000000000000000000000000000000000000000000000000000000000080000000000000000000000000000000000000010000000000001002000000000000000000000000000000000000000000000000000000000000000000000000004000000000000000000000000000000000000000000000",
	"root": null,
	"status": "0x1",
	"transactionHash": "0xe9e03e63f29cb1def459393ded47232c2c217701d128bd57b31bff826b570e8b",
	"transactionIndex": 24
}
[2018-04-21T00:29:22.974] [DEBUG] trans - TO:   0xebb1f2e4b11b85176d46d33bfec9089a54bdc8ff
[2018-04-21T00:29:22.974] [DEBUG] trans - AMOUNT:   261748900000000000000
[2018-04-21T00:29:22.974] [DEBUG] trans - Receipt info:  {
	"blockHash": "0xaadf7d51c36bf186273163956c38efcb46560a94e040bea1634c591872ea8ce1",
	"blockNumber": 5476798,
	"contractAddress": null,
	"cumulativeGasUsed": 1128153,
	"gasUsed": 51653,
	"logs": [
		{
			"address": "0x7e9e431a0B8c4D532C745B1043c7FA29a48D4fBa",
			"blockHash": "0xaadf7d51c36bf186273163956c38efcb46560a94e040bea1634c591872ea8ce1",
			"blockNumber": 5476798,
			"data": "0x00000000000000000000000000000000000000000000000e307ee5beb13e4000",
			"logIndex": 23,
			"topics": [
				"0xddf252ad1be2c89b69c2b068fc378daa952ba7f163c4a11628f55a4df523b3ef",
				"0x000000000000000000000000468b858c964f297fd8fce058032bf4b4911a8ad8",
				"0x000000000000000000000000ebb1f2e4b11b85176d46d33bfec9089a54bdc8ff"
			],
			"transactionHash": "0xede5720dcdeb5a6696be4831e8cbdf60e732d024ba6b60b7c5199c51a4f143e4",
			"transactionIndex": 23,
			"transactionLogIndex": "0x0",
			"type": "mined",
			"id": "log_04621812"
		}
	],
	"logsBloom": "0x00000000000000000000000000020000000000000000000000000000000000000000000000000000000000000000000000000000000000000000000000000000000000000000010000000008000000000000000000000000000000000020000000000000000000000000000000000000000000000000000000000010000000000000000000000000000000000000000000000000000000000000000000000000000000000000000080000000000000000000000000000000000000010000000000001002021000000000000000000000000000000000000000000000000000000000000000000000000000000000000000000000000000800000000000000000",
	"root": null,
	"status": "0x1",
	"transactionHash": "0xede5720dcdeb5a6696be4831e8cbdf60e732d024ba6b60b7c5199c51a4f143e4",
	"transactionIndex": 23
}
[2018-04-21T00:29:22.974] [DEBUG] trans - TO:   0xd3ac356948d46ca4f75998d939a99255041cf09d
[2018-04-21T00:29:22.974] [DEBUG] trans - AMOUNT:   261736000000000000000
[2018-04-21T00:29:22.974] [DEBUG] trans - Receipt info:  {
	"blockHash": "0xaadf7d51c36bf186273163956c38efcb46560a94e040bea1634c591872ea8ce1",
	"blockNumber": 5476798,
	"contractAddress": null,
	"cumulativeGasUsed": 1231395,
	"gasUsed": 51589,
	"logs": [
		{
			"address": "0x7e9e431a0B8c4D532C745B1043c7FA29a48D4fBa",
			"blockHash": "0xaadf7d51c36bf186273163956c38efcb46560a94e040bea1634c591872ea8ce1",
			"blockNumber": 5476798,
			"data": "0x00000000000000000000000000000000000000000000000e3051114363a40000",
			"logIndex": 25,
			"topics": [
				"0xddf252ad1be2c89b69c2b068fc378daa952ba7f163c4a11628f55a4df523b3ef",
				"0x000000000000000000000000468b858c964f297fd8fce058032bf4b4911a8ad8",
				"0x000000000000000000000000d3ac356948d46ca4f75998d939a99255041cf09d"
			],
			"transactionHash": "0x80c172f46a9095143070d7203603c5cc713327eed6f80b0d9f666fdc5f8ff724",
			"transactionIndex": 25,
			"transactionLogIndex": "0x0",
			"type": "mined",
			"id": "log_b8241262"
		}
	],
	"logsBloom": "0x00000000000000000000000000020000000000000000000000000000000000000000000000000000000000000000000000000000000000000000000000000000000000000000010000000008000000010000000000000000000000000020000000000000000000000000000000000000000000000000000000000010000000000000000000000000000000000000000000000000000000000000000000000000000000000000000080000000000000000000000000000000000000010000000000001802000000000000000000000000000000000000000000000000000000000000000000001000000000000000000000000000000000000000000000000000",
	"root": null,
	"status": "0x1",
	"transactionHash": "0x80c172f46a9095143070d7203603c5cc713327eed6f80b0d9f666fdc5f8ff724",
	"transactionIndex": 25
}
[2018-04-21T00:29:22.975] [DEBUG] trans - TO:   0xefca36ad383ff58078b675803d773af29bfeb08f
[2018-04-21T00:29:22.975] [DEBUG] trans - AMOUNT:   261733700000000000000
[2018-04-21T00:29:22.975] [DEBUG] trans - Receipt info:  {
	"blockHash": "0xaadf7d51c36bf186273163956c38efcb46560a94e040bea1634c591872ea8ce1",
	"blockNumber": 5476798,
	"contractAddress": null,
	"cumulativeGasUsed": 1283048,
	"gasUsed": 51653,
	"logs": [
		{
			"address": "0x7e9e431a0B8c4D532C745B1043c7FA29a48D4fBa",
			"blockHash": "0xaadf7d51c36bf186273163956c38efcb46560a94e040bea1634c591872ea8ce1",
			"blockNumber": 5476798,
			"data": "0x00000000000000000000000000000000000000000000000e3048e56ce8a84000",
			"logIndex": 26,
			"topics": [
				"0xddf252ad1be2c89b69c2b068fc378daa952ba7f163c4a11628f55a4df523b3ef",
				"0x000000000000000000000000468b858c964f297fd8fce058032bf4b4911a8ad8",
				"0x000000000000000000000000efca36ad383ff58078b675803d773af29bfeb08f"
			],
			"transactionHash": "0x0a7b3d9309414a22b9048a006b8f88e319d47be603be13c8eb1650f9604c6e73",
			"transactionIndex": 26,
			"transactionLogIndex": "0x0",
			"type": "mined",
			"id": "log_3ae3a771"
		}
	],
	"logsBloom": "0x00000000000000000000000000020000000000000000000000000000000000000000000000000000000000000000041000000000000000000000000000000000000000000000010000000008000000000000000000000000000000000020000000000000000000000000000000000000000000000000000000000010000000000000004000000000000000000000000000000000000000000000000000000000000000000000000080000000000000000000000000000000000000010000000000001002000000000000000000000000000000000000000000000000000000000000000000000000000000000000000000000000000000000000000000000000",
	"root": null,
	"status": "0x1",
	"transactionHash": "0x0a7b3d9309414a22b9048a006b8f88e319d47be603be13c8eb1650f9604c6e73",
	"transactionIndex": 26
}
[2018-04-21T00:29:22.975] [DEBUG] trans - TO:   0xdd155bf8704891bb6bb7952e138e331f13e91f7c
[2018-04-21T00:29:22.975] [DEBUG] trans - AMOUNT:   261696800000000000000
[2018-04-21T00:29:22.975] [DEBUG] trans - Receipt info:  {
	"blockHash": "0xaadf7d51c36bf186273163956c38efcb46560a94e040bea1634c591872ea8ce1",
	"blockNumber": 5476798,
	"contractAddress": null,
	"cumulativeGasUsed": 1437815,
	"gasUsed": 51589,
	"logs": [
		{
			"address": "0x7e9e431a0B8c4D532C745B1043c7FA29a48D4fBa",
			"blockHash": "0xaadf7d51c36bf186273163956c38efcb46560a94e040bea1634c591872ea8ce1",
			"blockNumber": 5476798,
			"data": "0x00000000000000000000000000000000000000000000000e2fc5cd1228720000",
			"logIndex": 29,
			"topics": [
				"0xddf252ad1be2c89b69c2b068fc378daa952ba7f163c4a11628f55a4df523b3ef",
				"0x000000000000000000000000468b858c964f297fd8fce058032bf4b4911a8ad8",
				"0x000000000000000000000000dd155bf8704891bb6bb7952e138e331f13e91f7c"
			],
			"transactionHash": "0xa1e913ccfd47445acfeddcf32f318e59ffa9bad5db04f6d5a1d61a34fde1f6ee",
			"transactionIndex": 29,
			"transactionLogIndex": "0x0",
			"type": "mined",
			"id": "log_6d908414"
		}
	],
	"logsBloom": "0x00000000000000000000000000020000000000000000000000000000000000000000000000000000000000000000000000000000000000000000000000000000000000000000010000000008004000000000000000000000000000000020000000000000000000000000000000000000000000000000000000000010000000000000020000000000000000000000000000000000000000000000000000000000000000000000000080000000000000000000000000000000000000010000000000001002000000000000000000000000000000000000000000000800000000000000000000000000000000000000000000000000000000000000000000000000",
	"root": null,
	"status": "0x1",
	"transactionHash": "0xa1e913ccfd47445acfeddcf32f318e59ffa9bad5db04f6d5a1d61a34fde1f6ee",
	"transactionIndex": 29
}
[2018-04-21T00:29:22.975] [DEBUG] trans - TO:   0xad0ce4f1c0e38790282a92c3e3c0dc824967fdc3
[2018-04-21T00:29:22.975] [DEBUG] trans - AMOUNT:   261695400000000000000
[2018-04-21T00:29:22.975] [DEBUG] trans - Receipt info:  {
	"blockHash": "0xaadf7d51c36bf186273163956c38efcb46560a94e040bea1634c591872ea8ce1",
	"blockNumber": 5476798,
	"contractAddress": null,
	"cumulativeGasUsed": 1489468,
	"gasUsed": 51653,
	"logs": [
		{
			"address": "0x7e9e431a0B8c4D532C745B1043c7FA29a48D4fBa",
			"blockHash": "0xaadf7d51c36bf186273163956c38efcb46560a94e040bea1634c591872ea8ce1",
			"blockNumber": 5476798,
			"data": "0x00000000000000000000000000000000000000000000000e2fc0d3c741c28000",
			"logIndex": 30,
			"topics": [
				"0xddf252ad1be2c89b69c2b068fc378daa952ba7f163c4a11628f55a4df523b3ef",
				"0x000000000000000000000000468b858c964f297fd8fce058032bf4b4911a8ad8",
				"0x000000000000000000000000ad0ce4f1c0e38790282a92c3e3c0dc824967fdc3"
			],
			"transactionHash": "0x70aed1cdb9ce0f851ee40527d8726ac314e7443019c2437a07fa9be4d8942514",
			"transactionIndex": 30,
			"transactionLogIndex": "0x0",
			"type": "mined",
			"id": "log_c8504a0d"
		}
	],
	"logsBloom": "0x00000000000000000000000000020000000000000000000000000000000000000000000000000000000000000000100000000000000000000000000000000000000000000000010000000008000000000000000000000000000000000020000000000100000000000000000000000000000000000000000000000010000000000000000000000000000000000000000000000000000000000000000000000000000000000000000080000000000000000000000000000000000000010000000000001002000000000000000000000000000000000000000000002000000000000000000000000000000000000000000000000000000000000000000000000000",
	"root": null,
	"status": "0x1",
	"transactionHash": "0x70aed1cdb9ce0f851ee40527d8726ac314e7443019c2437a07fa9be4d8942514",
	"transactionIndex": 30
}
[2018-04-21T00:29:22.975] [DEBUG] trans - TO:   0x53c7633087bbe8772985693c6142e7a35f9f389f
[2018-04-21T00:29:22.975] [DEBUG] trans - AMOUNT:   261728700000000000000
[2018-04-21T00:29:22.975] [DEBUG] trans - Receipt info:  {
	"blockHash": "0xaadf7d51c36bf186273163956c38efcb46560a94e040bea1634c591872ea8ce1",
	"blockNumber": 5476798,
	"contractAddress": null,
	"cumulativeGasUsed": 1334701,
	"gasUsed": 51653,
	"logs": [
		{
			"address": "0x7e9e431a0B8c4D532C745B1043c7FA29a48D4fBa",
			"blockHash": "0xaadf7d51c36bf186273163956c38efcb46560a94e040bea1634c591872ea8ce1",
			"blockNumber": 5476798,
			"data": "0x00000000000000000000000000000000000000000000000e303721f3b0c7c000",
			"logIndex": 27,
			"topics": [
				"0xddf252ad1be2c89b69c2b068fc378daa952ba7f163c4a11628f55a4df523b3ef",
				"0x000000000000000000000000468b858c964f297fd8fce058032bf4b4911a8ad8",
				"0x00000000000000000000000053c7633087bbe8772985693c6142e7a35f9f389f"
			],
			"transactionHash": "0xf9dc779478ec9f42dc8ed807de3941d8cf266a116438ac1c42e05ba02ef32e95",
			"transactionIndex": 27,
			"transactionLogIndex": "0x0",
			"type": "mined",
			"id": "log_f5ad8449"
		}
	],
	"logsBloom": "0x00000000000000000000000000020000000000000000000002000000000000000000000000000000000000000004000000000000000000000000000000000000000000000000010000000008000000000000000000000000000000000020000000000000000000000000000000000000000000000000000000000010000000000000000000000000000000000000000000000000000000000000000000000000000000000000000080000000000000000000000000000000000000010000000000001002000000000000000000000100000000000000000000000000000000000000000000000000000000000000000000000000000000000000000000000000",
	"root": null,
	"status": "0x1",
	"transactionHash": "0xf9dc779478ec9f42dc8ed807de3941d8cf266a116438ac1c42e05ba02ef32e95",
	"transactionIndex": 27
}
[2018-04-21T00:29:22.976] [DEBUG] trans - TO:   0x76316c4fc5370e4340c68617960fa73c5d69005b
[2018-04-21T00:29:22.976] [DEBUG] trans - AMOUNT:   261700000000000000000
[2018-04-21T00:29:22.976] [DEBUG] trans - Receipt info:  {
	"blockHash": "0xaadf7d51c36bf186273163956c38efcb46560a94e040bea1634c591872ea8ce1",
	"blockNumber": 5476798,
	"contractAddress": null,
	"cumulativeGasUsed": 1386226,
	"gasUsed": 51525,
	"logs": [
		{
			"address": "0x7e9e431a0B8c4D532C745B1043c7FA29a48D4fBa",
			"blockHash": "0xaadf7d51c36bf186273163956c38efcb46560a94e040bea1634c591872ea8ce1",
			"blockNumber": 5476798,
			"data": "0x00000000000000000000000000000000000000000000000e2fd12b7437ba0000",
			"logIndex": 28,
			"topics": [
				"0xddf252ad1be2c89b69c2b068fc378daa952ba7f163c4a11628f55a4df523b3ef",
				"0x000000000000000000000000468b858c964f297fd8fce058032bf4b4911a8ad8",
				"0x00000000000000000000000076316c4fc5370e4340c68617960fa73c5d69005b"
			],
			"transactionHash": "0xa99c33d65f72f93043b9f67993ff5dfcf118a2aa0fbeae1e153072e098b1d3c1",
			"transactionIndex": 28,
			"transactionLogIndex": "0x0",
			"type": "mined",
			"id": "log_71ecc5c2"
		}
	],
	"logsBloom": "0x00000000000000000000000000020000000000000000000000000020000000000000000000000000000000000000000000000000000000000000000000000000000000000000010000000008000000000000000000000000000000000020000000000000000000000000000000000000000000000000000000000010000000000000000000000004000000000040000000000000000000000000000000000000000000000000000080000000000000000000000000000000000000010000000000001002000000000000000000000000000000000000000000000000000000000000000000000000000000000000000000000000000000000000000000000000",
	"root": null,
	"status": "0x1",
	"transactionHash": "0xa99c33d65f72f93043b9f67993ff5dfcf118a2aa0fbeae1e153072e098b1d3c1",
	"transactionIndex": 28
}
[2018-04-21T00:29:22.976] [DEBUG] trans - TO:   0x6a64c673d0ba23ec6d558df807521ab65280257c
[2018-04-21T00:29:22.976] [DEBUG] trans - AMOUNT:   261636000000000000000
[2018-04-21T00:29:22.976] [DEBUG] trans - Receipt info:  {
	"blockHash": "0xaadf7d51c36bf186273163956c38efcb46560a94e040bea1634c591872ea8ce1",
	"blockNumber": 5476798,
	"contractAddress": null,
	"cumulativeGasUsed": 1747477,
	"gasUsed": 51589,
	"logs": [
		{
			"address": "0x7e9e431a0B8c4D532C745B1043c7FA29a48D4fBa",
			"blockHash": "0xaadf7d51c36bf186273163956c38efcb46560a94e040bea1634c591872ea8ce1",
			"blockNumber": 5476798,
			"data": "0x00000000000000000000000000000000000000000000000e2eedcbcb061a0000",
			"logIndex": 35,
			"topics": [
				"0xddf252ad1be2c89b69c2b068fc378daa952ba7f163c4a11628f55a4df523b3ef",
				"0x000000000000000000000000468b858c964f297fd8fce058032bf4b4911a8ad8",
				"0x0000000000000000000000006a64c673d0ba23ec6d558df807521ab65280257c"
			],
			"transactionHash": "0xe73cc8b51f45a35218e928e08dcbbfbefc40a6ff57f21fc4aae6772c531d6b7c",
			"transactionIndex": 35,
			"transactionLogIndex": "0x0",
			"type": "mined",
			"id": "log_543ca001"
		}
	],
	"logsBloom": "0x00000000000000000000000000020000000000000000000000000000000000000000000000000000000000000000000000000000000000000000000000000000000000000000010000000008000000000000000000000000000000000020000000000000000000000000000000000000000000000000000000000010000000000000000000000000000000000000000000000000000000000000000000000000000000000000000080022000000000000000000000000000000000010000000000001002001000000000000000000000000000000000000000000000000000000000000000000000000000000000000000000000000000000000000000000000",
	"root": null,
	"status": "0x1",
	"transactionHash": "0xe73cc8b51f45a35218e928e08dcbbfbefc40a6ff57f21fc4aae6772c531d6b7c",
	"transactionIndex": 35
}
[2018-04-21T00:29:22.976] [DEBUG] trans - TO:   0xc91f1e7a1e2b23a46808fa2f6d1853f30df8b49e
[2018-04-21T00:29:22.976] [DEBUG] trans - AMOUNT:   261651000000000000000
[2018-04-21T00:29:22.976] [DEBUG] trans - Receipt info:  {
	"blockHash": "0xaadf7d51c36bf186273163956c38efcb46560a94e040bea1634c591872ea8ce1",
	"blockNumber": 5476798,
	"contractAddress": null,
	"cumulativeGasUsed": 1592710,
	"gasUsed": 51653,
	"logs": [
		{
			"address": "0x7e9e431a0B8c4D532C745B1043c7FA29a48D4fBa",
			"blockHash": "0xaadf7d51c36bf186273163956c38efcb46560a94e040bea1634c591872ea8ce1",
			"blockNumber": 5476798,
			"data": "0x00000000000000000000000000000000000000000000000e2f231636adbb8000",
			"logIndex": 32,
			"topics": [
				"0xddf252ad1be2c89b69c2b068fc378daa952ba7f163c4a11628f55a4df523b3ef",
				"0x000000000000000000000000468b858c964f297fd8fce058032bf4b4911a8ad8",
				"0x000000000000000000000000c91f1e7a1e2b23a46808fa2f6d1853f30df8b49e"
			],
			"transactionHash": "0xca7a86debba80d115a6e45f02ad6473862543d40fd0b467513efa6489de539d4",
			"transactionIndex": 32,
			"transactionLogIndex": "0x0",
			"type": "mined",
			"id": "log_3ab04b72"
		}
	],
	"logsBloom": "0x00000000000000000000000000020000000000000000000000000000000000000000000000000000000000000000000000000000000000000000000000000000000000000000010000000008000000000000000000000000000000000020000000000000000000000000000000000000000000000000200000000010000000000000000000000000000000000000000000000000000000000000000000000000000000000000000080000000000000000000000000000000000000010000000000001002000000000000000000000000000000000000000000000200000000000000000000000000000000000000000000000400000000000000000000000000",
	"root": null,
	"status": "0x1",
	"transactionHash": "0xca7a86debba80d115a6e45f02ad6473862543d40fd0b467513efa6489de539d4",
	"transactionIndex": 32
}
[2018-04-21T00:29:22.976] [DEBUG] trans - TO:   0x96ae2638fc57d840f821e5c7f94c53bf36d81cd4
[2018-04-21T00:29:22.977] [DEBUG] trans - AMOUNT:   261629700000000000000
[2018-04-21T00:29:22.977] [DEBUG] trans - Receipt info:  {
	"blockHash": "0xaadf7d51c36bf186273163956c38efcb46560a94e040bea1634c591872ea8ce1",
	"blockNumber": 5476798,
	"contractAddress": null,
	"cumulativeGasUsed": 1902372,
	"gasUsed": 51653,
	"logs": [
		{
			"address": "0x7e9e431a0B8c4D532C745B1043c7FA29a48D4fBa",
			"blockHash": "0xaadf7d51c36bf186273163956c38efcb46560a94e040bea1634c591872ea8ce1",
			"blockNumber": 5476798,
			"data": "0x00000000000000000000000000000000000000000000000e2ed769f9f8044000",
			"logIndex": 38,
			"topics": [
				"0xddf252ad1be2c89b69c2b068fc378daa952ba7f163c4a11628f55a4df523b3ef",
				"0x000000000000000000000000468b858c964f297fd8fce058032bf4b4911a8ad8",
				"0x00000000000000000000000096ae2638fc57d840f821e5c7f94c53bf36d81cd4"
			],
			"transactionHash": "0x35a06cf1aa0f88bb520c85653fe7617bd27fa78eaa020e3c2e795af3ed72c7d8",
			"transactionIndex": 38,
			"transactionLogIndex": "0x0",
			"type": "mined",
			"id": "log_40943f8a"
		}
	],
	"logsBloom": "0x20000000000000000000000000020000000000000000000000000000000000000000000000000000000000000000000000000000000000000000000000000000000000000000010000000008000000000000000000000000000000000020000000000000000000000000000000000000000000000000000000000010000000000000000000000000000000000000000000000000000000000000000000000000000000000000001080000000000000000000000000000000000000010000000000001002000000000000000001000000000000000000000000000000000000000000000000000000000000000000000000000000000000000000000000000000",
	"root": null,
	"status": "0x1",
	"transactionHash": "0x35a06cf1aa0f88bb520c85653fe7617bd27fa78eaa020e3c2e795af3ed72c7d8",
	"transactionIndex": 38
}
[2018-04-21T00:29:22.977] [DEBUG] trans - TO:   0x22e37e402217455a9e836eb79deb8813ac3a3389
[2018-04-21T00:29:22.977] [DEBUG] trans - AMOUNT:   261648400000000000000
[2018-04-21T00:29:22.977] [DEBUG] trans - Receipt info:  {
	"blockHash": "0xaadf7d51c36bf186273163956c38efcb46560a94e040bea1634c591872ea8ce1",
	"blockNumber": 5476798,
	"contractAddress": null,
	"cumulativeGasUsed": 1644299,
	"gasUsed": 51589,
	"logs": [
		{
			"address": "0x7e9e431a0B8c4D532C745B1043c7FA29a48D4fBa",
			"blockHash": "0xaadf7d51c36bf186273163956c38efcb46560a94e040bea1634c591872ea8ce1",
			"blockNumber": 5476798,
			"data": "0x00000000000000000000000000000000000000000000000e2f19d98701510000",
			"logIndex": 33,
			"topics": [
				"0xddf252ad1be2c89b69c2b068fc378daa952ba7f163c4a11628f55a4df523b3ef",
				"0x000000000000000000000000468b858c964f297fd8fce058032bf4b4911a8ad8",
				"0x00000000000000000000000022e37e402217455a9e836eb79deb8813ac3a3389"
			],
			"transactionHash": "0x4c732d991d345cf3b10d62cb9c52d1697007e49c13122c0a6d3b5e435b1aca2f",
			"transactionIndex": 33,
			"transactionLogIndex": "0x0",
			"type": "mined",
			"id": "log_c90fea4b"
		}
	],
	"logsBloom": "0x00080000000000000000000000020000000000000000000000000000000000000000000000000000000000000000000100000000000000000000000000000000000000000000010000000008000000000000000000000000000000000020000000000000000000000000000000100000000000000000000000000010000000000000000000000000000000000000000000000000000000000000000000000000000000000000000080000000000000000000000000000000000000010000000000001002000000000000000000000000000000000000000000000000000000000000000000000000000000000000000000000000000000000000000000000000",
	"root": null,
	"status": "0x1",
	"transactionHash": "0x4c732d991d345cf3b10d62cb9c52d1697007e49c13122c0a6d3b5e435b1aca2f",
	"transactionIndex": 33
}
[2018-04-21T00:29:22.979] [DEBUG] trans - TO:   0x6adb1772d4079b45a5fea15b32ca557d2b57c3a9
[2018-04-21T00:29:22.980] [DEBUG] trans - AMOUNT:   261639200000000000000
[2018-04-21T00:29:22.980] [DEBUG] trans - Receipt info:  {
	"blockHash": "0xaadf7d51c36bf186273163956c38efcb46560a94e040bea1634c591872ea8ce1",
	"blockNumber": 5476798,
	"contractAddress": null,
	"cumulativeGasUsed": 1695888,
	"gasUsed": 51589,
	"logs": [
		{
			"address": "0x7e9e431a0B8c4D532C745B1043c7FA29a48D4fBa",
			"blockHash": "0xaadf7d51c36bf186273163956c38efcb46560a94e040bea1634c591872ea8ce1",
			"blockNumber": 5476798,
			"data": "0x00000000000000000000000000000000000000000000000e2ef92a2d15620000",
			"logIndex": 34,
			"topics": [
				"0xddf252ad1be2c89b69c2b068fc378daa952ba7f163c4a11628f55a4df523b3ef",
				"0x000000000000000000000000468b858c964f297fd8fce058032bf4b4911a8ad8",
				"0x0000000000000000000000006adb1772d4079b45a5fea15b32ca557d2b57c3a9"
			],
			"transactionHash": "0xb54b98ee493d2d285afc20ec3eb0d058dd9722740c192143df60f592b367e997",
			"transactionIndex": 34,
			"transactionLogIndex": "0x0",
			"type": "mined",
			"id": "log_727442ec"
		}
	],
	"logsBloom": "0x00000000000000000000000000020000000000000000000000000000000000000000000000000000000000000000000000000000000000000000000000000000000000000000010000000008000000000000000000000000000008000020000000000000000000000000000000000000000000000000000000000010000000000000000008000000000000000000000000000000000000000000000000000000000000000000000080000000000000000000000000000000000000010000000000001002000000000000000000000000000000000000000000000000000000000000000000000000400000000000000000000000000000000000000000000000",
	"root": null,
	"status": "0x1",
	"transactionHash": "0xb54b98ee493d2d285afc20ec3eb0d058dd9722740c192143df60f592b367e997",
	"transactionIndex": 34
}
[2018-04-21T00:29:22.980] [DEBUG] trans - TO:   0xc54e00cb15e35fb414a5fde0dc5bee2066f97ea8
[2018-04-21T00:29:22.980] [DEBUG] trans - AMOUNT:   261666200000000000000
[2018-04-21T00:29:22.980] [DEBUG] trans - Receipt info:  {
	"blockHash": "0xaadf7d51c36bf186273163956c38efcb46560a94e040bea1634c591872ea8ce1",
	"blockNumber": 5476798,
	"contractAddress": null,
	"cumulativeGasUsed": 1541057,
	"gasUsed": 51589,
	"logs": [
		{
			"address": "0x7e9e431a0B8c4D532C745B1043c7FA29a48D4fBa",
			"blockHash": "0xaadf7d51c36bf186273163956c38efcb46560a94e040bea1634c591872ea8ce1",
			"blockNumber": 5476798,
			"data": "0x00000000000000000000000000000000000000000000000e2f59168876518000",
			"logIndex": 31,
			"topics": [
				"0xddf252ad1be2c89b69c2b068fc378daa952ba7f163c4a11628f55a4df523b3ef",
				"0x000000000000000000000000468b858c964f297fd8fce058032bf4b4911a8ad8",
				"0x000000000000000000000000c54e00cb15e35fb414a5fde0dc5bee2066f97ea8"
			],
			"transactionHash": "0xa637a4b43b30a6ffda452719c7d514f6fb6dc720ad4cefdd1edc877d21f29f62",
			"transactionIndex": 31,
			"transactionLogIndex": "0x0",
			"type": "mined",
			"id": "log_a3acf8e1"
		}
	],
	"logsBloom": "0x00000000000000000000000000020000000000000000000000000000000000000000000000000000000000000000000000000000000000000000004000000000000000000000010000000008000000000000000000000000000000000020000000000000000000000000000000000000000000000000000000000010000000000000000000000000000000000000000000000000000000000002000000000000000080000000000080000000000000000000000000000000000000010000000000001002000000000000000000000000000000000000000000000000000000000000000000000000000000000000000000000000000000000000000000000000",
	"root": null,
	"status": "0x1",
	"transactionHash": "0xa637a4b43b30a6ffda452719c7d514f6fb6dc720ad4cefdd1edc877d21f29f62",
	"transactionIndex": 31
}
[2018-04-21T00:29:22.980] [DEBUG] trans - TO:   0x9d43d3611096c39698209cc37a58e9be4f054181
[2018-04-21T00:29:22.980] [DEBUG] trans - AMOUNT:   261627200000000000000
[2018-04-21T00:29:22.980] [DEBUG] trans - Receipt info:  {
	"blockHash": "0xaadf7d51c36bf186273163956c38efcb46560a94e040bea1634c591872ea8ce1",
	"blockNumber": 5476798,
	"contractAddress": null,
	"cumulativeGasUsed": 1953961,
	"gasUsed": 51589,
	"logs": [
		{
			"address": "0x7e9e431a0B8c4D532C745B1043c7FA29a48D4fBa",
			"blockHash": "0xaadf7d51c36bf186273163956c38efcb46560a94e040bea1634c591872ea8ce1",
			"blockNumber": 5476798,
			"data": "0x00000000000000000000000000000000000000000000000e2ece883d5c140000",
			"logIndex": 39,
			"topics": [
				"0xddf252ad1be2c89b69c2b068fc378daa952ba7f163c4a11628f55a4df523b3ef",
				"0x000000000000000000000000468b858c964f297fd8fce058032bf4b4911a8ad8",
				"0x0000000000000000000000009d43d3611096c39698209cc37a58e9be4f054181"
			],
			"transactionHash": "0xe76d95c2593217da602a497d92241b83b488ed0888e2706269382826a9a857fb",
			"transactionIndex": 39,
			"transactionLogIndex": "0x0",
			"type": "mined",
			"id": "log_09166442"
		}
	],
	"logsBloom": "0x00000000000000000000000000020000000000000000000000000000000000000000000000000000000000000000000000000000000000000000000000000000000000000000010000000008000000000000000000000000000000000020000000000100000000000000000000000000000000000001000000000010000000000000000000000000000000000000000000000000000000000000000000000000000000000000000080000000000000000000000000000000000000010000000000001002000000000000000000000000000000000000000000000000000000000000000000000000000000000000000000000000000000000000000000010000",
	"root": null,
	"status": "0x1",
	"transactionHash": "0xe76d95c2593217da602a497d92241b83b488ed0888e2706269382826a9a857fb",
	"transactionIndex": 39
}
[2018-04-21T00:29:22.981] [DEBUG] trans - TO:   0x2d37eaa5109f1ea0e482ec0a7652bda857fd51b8
[2018-04-21T00:29:22.981] [DEBUG] trans - AMOUNT:   261595000000000000000
[2018-04-21T00:29:22.981] [DEBUG] trans - Receipt info:  {
	"blockHash": "0xaadf7d51c36bf186273163956c38efcb46560a94e040bea1634c591872ea8ce1",
	"blockNumber": 5476798,
	"contractAddress": null,
	"cumulativeGasUsed": 2057267,
	"gasUsed": 51653,
	"logs": [
		{
			"address": "0x7e9e431a0B8c4D532C745B1043c7FA29a48D4fBa",
			"blockHash": "0xaadf7d51c36bf186273163956c38efcb46560a94e040bea1634c591872ea8ce1",
			"blockNumber": 5476798,
			"data": "0x00000000000000000000000000000000000000000000000e2e5c2282a24f8000",
			"logIndex": 41,
			"topics": [
				"0xddf252ad1be2c89b69c2b068fc378daa952ba7f163c4a11628f55a4df523b3ef",
				"0x000000000000000000000000468b858c964f297fd8fce058032bf4b4911a8ad8",
				"0x0000000000000000000000002d37eaa5109f1ea0e482ec0a7652bda857fd51b8"
			],
			"transactionHash": "0x1c14fefd786c7635e5a5da0a6299e0ace5392248ae80b229e9db0fd4b8f8a67d",
			"transactionIndex": 41,
			"transactionLogIndex": "0x0",
			"type": "mined",
			"id": "log_96215d2b"
		}
	],
	"logsBloom": "0x00000000000000000000000000020000000000000000000000000000000001000000000000000000000000000000000000000002000000000000000000000000000000000000010000000008000000000000000000000000000000000020000000200000000000000000000000000000000000000000000000000010000000000000000000000000000000000000000000000000000000000000000000000000000000000000000080000000000000000000000000000000000000010000000000001002000000000000000000000000000000000000000000000000000000000000000000000000000000000000000000000000000000000000000000000000",
	"root": null,
	"status": "0x1",
	"transactionHash": "0x1c14fefd786c7635e5a5da0a6299e0ace5392248ae80b229e9db0fd4b8f8a67d",
	"transactionIndex": 41
}
[2018-04-21T00:29:22.981] [DEBUG] trans - TO:   0xc6154487f292ad35605cbf3fdb1bfaab22a2e158
[2018-04-21T00:29:22.981] [DEBUG] trans - AMOUNT:   261633400000000000000
[2018-04-21T00:29:22.981] [DEBUG] trans - Receipt info:  {
	"blockHash": "0xaadf7d51c36bf186273163956c38efcb46560a94e040bea1634c591872ea8ce1",
	"blockNumber": 5476798,
	"contractAddress": null,
	"cumulativeGasUsed": 1799130,
	"gasUsed": 51653,
	"logs": [
		{
			"address": "0x7e9e431a0B8c4D532C745B1043c7FA29a48D4fBa",
			"blockHash": "0xaadf7d51c36bf186273163956c38efcb46560a94e040bea1634c591872ea8ce1",
			"blockNumber": 5476798,
			"data": "0x00000000000000000000000000000000000000000000000e2ee48f1b59af8000",
			"logIndex": 36,
			"topics": [
				"0xddf252ad1be2c89b69c2b068fc378daa952ba7f163c4a11628f55a4df523b3ef",
				"0x000000000000000000000000468b858c964f297fd8fce058032bf4b4911a8ad8",
				"0x000000000000000000000000c6154487f292ad35605cbf3fdb1bfaab22a2e158"
			],
			"transactionHash": "0x82bc33f4be11117ddf12640d62c7b21891286cbd102bcacfea1306e2025dccf5",
			"transactionIndex": 36,
			"transactionLogIndex": "0x0",
			"type": "mined",
			"id": "log_1f6dc8a4"
		}
	],
	"logsBloom": "0x00000000000000000000000000020000000000000001000000000000000000000000000000000000000000000000000000000000000000000000000000000000000000000000010000000008000000000000000000000000000000000020200000000000000000000000000000000000000000000000000000000010000000000000000000000000000000000000000000000000000000000000000000000000000000000000000080000000000000000000000000000000000000010000000000001002000000000000000000000000000000000000000000000000000000000000000000000000000000000000000000000000000020000000000000000000",
	"root": null,
	"status": "0x1",
	"transactionHash": "0x82bc33f4be11117ddf12640d62c7b21891286cbd102bcacfea1306e2025dccf5",
	"transactionIndex": 36
}
[2018-04-21T00:29:22.982] [DEBUG] trans - TO:   0x4f58b19bf314737c6d7b100a54170698cade7b47
[2018-04-21T00:29:22.982] [DEBUG] trans - AMOUNT:   261536500000000000000
[2018-04-21T00:29:22.982] [DEBUG] trans - Receipt info:  {
	"blockHash": "0xaadf7d51c36bf186273163956c38efcb46560a94e040bea1634c591872ea8ce1",
	"blockNumber": 5476798,
	"contractAddress": null,
	"cumulativeGasUsed": 2160509,
	"gasUsed": 51653,
	"logs": [
		{
			"address": "0x7e9e431a0B8c4D532C745B1043c7FA29a48D4fBa",
			"blockHash": "0xaadf7d51c36bf186273163956c38efcb46560a94e040bea1634c591872ea8ce1",
			"blockNumber": 5476798,
			"data": "0x00000000000000000000000000000000000000000000000e2d8c4d11faf34000",
			"logIndex": 43,
			"topics": [
				"0xddf252ad1be2c89b69c2b068fc378daa952ba7f163c4a11628f55a4df523b3ef",
				"0x000000000000000000000000468b858c964f297fd8fce058032bf4b4911a8ad8",
				"0x0000000000000000000000004f58b19bf314737c6d7b100a54170698cade7b47"
			],
			"transactionHash": "0xb73a2ba19393d0c86a399a260d004c44298a9a4d632470b30f5940b317d7fd4f",
			"transactionIndex": 43,
			"transactionLogIndex": "0x0",
			"type": "mined",
			"id": "log_d2928abc"
		}
	],
	"logsBloom": "0x00000000000000000000000000020000000000000000000000000000000000000000000000000000000000000000000000000000000000000000000000000000000000000000010000000008000000000000000000000000000000000020000000000000000000000000000000000000000000000000000000000010000000000000000000000000000000000000000000000000008000000000000000000000000000000000000080040000000000000000000020000000000000010000000000001002000000000000000000000000000000000000000000000000000000000000000000000000000000000000000000000000000000000000000000000000",
	"root": null,
	"status": "0x1",
	"transactionHash": "0xb73a2ba19393d0c86a399a260d004c44298a9a4d632470b30f5940b317d7fd4f",
	"transactionIndex": 43
}
[2018-04-21T00:29:22.982] [DEBUG] trans - TO:   0xd87dcda1287426a8edfe1559c5efd579f2675be9
[2018-04-21T00:29:22.982] [DEBUG] trans - AMOUNT:   261595300000000000000
[2018-04-21T00:29:22.982] [DEBUG] trans - Receipt info:  {
	"blockHash": "0xaadf7d51c36bf186273163956c38efcb46560a94e040bea1634c591872ea8ce1",
	"blockNumber": 5476798,
	"contractAddress": null,
	"cumulativeGasUsed": 2005614,
	"gasUsed": 51653,
	"logs": [
		{
			"address": "0x7e9e431a0B8c4D532C745B1043c7FA29a48D4fBa",
			"blockHash": "0xaadf7d51c36bf186273163956c38efcb46560a94e040bea1634c591872ea8ce1",
			"blockNumber": 5476798,
			"data": "0x00000000000000000000000000000000000000000000000e2e5d335bd3be4000",
			"logIndex": 40,
			"topics": [
				"0xddf252ad1be2c89b69c2b068fc378daa952ba7f163c4a11628f55a4df523b3ef",
				"0x000000000000000000000000468b858c964f297fd8fce058032bf4b4911a8ad8",
				"0x000000000000000000000000d87dcda1287426a8edfe1559c5efd579f2675be9"
			],
			"transactionHash": "0x0c083273e5eb687d74b62ba8bdca4e4beb4a8cb7e9e5163ab89a6e9dd3a1bbe4",
			"transactionIndex": 40,
			"transactionLogIndex": "0x0",
			"type": "mined",
			"id": "log_15540ebf"
		}
	],
	"logsBloom": "0x00000000000000000000000000020000000000000000000000000000000000000000000000000000000000000000000000000000000000000000000000000000000200000000010000000008000000000000000000000000000000000020000000000000000000000000000000000000000000000000000000000010000000000000000000000000000000000000000000000000000000000000000000000000000000000000000080000000000000000000000000000000000000010000000000001002000000000040000000000000000000000000000000000000000000000000000000000000000040000000000000000000000000000000000000000000",
	"root": null,
	"status": "0x1",
	"transactionHash": "0x0c083273e5eb687d74b62ba8bdca4e4beb4a8cb7e9e5163ab89a6e9dd3a1bbe4",
	"transactionIndex": 40
}
[2018-04-21T00:29:22.982] [DEBUG] trans - TO:   0x8626a68f462a6b848a2b1ecca6ea77202b2fd8d5
[2018-04-21T00:29:22.982] [DEBUG] trans - AMOUNT:   261594800000000000000
[2018-04-21T00:29:22.983] [DEBUG] trans - Receipt info:  {
	"blockHash": "0xaadf7d51c36bf186273163956c38efcb46560a94e040bea1634c591872ea8ce1",
	"blockNumber": 5476798,
	"contractAddress": null,
	"cumulativeGasUsed": 2108856,
	"gasUsed": 51589,
	"logs": [
		{
			"address": "0x7e9e431a0B8c4D532C745B1043c7FA29a48D4fBa",
			"blockHash": "0xaadf7d51c36bf186273163956c38efcb46560a94e040bea1634c591872ea8ce1",
			"blockNumber": 5476798,
			"data": "0x00000000000000000000000000000000000000000000000e2e5b6c9c815b0000",
			"logIndex": 42,
			"topics": [
				"0xddf252ad1be2c89b69c2b068fc378daa952ba7f163c4a11628f55a4df523b3ef",
				"0x000000000000000000000000468b858c964f297fd8fce058032bf4b4911a8ad8",
				"0x0000000000000000000000008626a68f462a6b848a2b1ecca6ea77202b2fd8d5"
			],
			"transactionHash": "0x305a0ad756f87f85ae9c2cc7900d5280cd0ea6447c0cb1286174801605390e4a",
			"transactionIndex": 42,
			"transactionLogIndex": "0x0",
			"type": "mined",
			"id": "log_97ab101d"
		}
	],
	"logsBloom": "0x00000000000000000000000000020000000000000000000000000000000000000000000000000000000000000000000000000000000000000200000000000000000000000000010040000008000000000000000000000000000000000020000000000000000000000000000000000000000000000000000000000010000000000000000000000000000000000000000000000000000000000000000000000000000000000000000080000000000000000000000000000000000000010000000000001002000000000000000000000000000000000000000000000000000000000000000000000000000000000000000000000000000000000002000000000000",
	"root": null,
	"status": "0x1",
	"transactionHash": "0x305a0ad756f87f85ae9c2cc7900d5280cd0ea6447c0cb1286174801605390e4a",
	"transactionIndex": 42
}
[2018-04-21T00:29:22.983] [DEBUG] trans - TO:   0x18caf910938a123fbf4e550c120763731fc75c9b
[2018-04-21T00:29:22.983] [DEBUG] trans - AMOUNT:   261500000000000000000
[2018-04-21T00:29:22.983] [DEBUG] trans - Receipt info:  {
	"blockHash": "0xaadf7d51c36bf186273163956c38efcb46560a94e040bea1634c591872ea8ce1",
	"blockNumber": 5476798,
	"contractAddress": null,
	"cumulativeGasUsed": 2366929,
	"gasUsed": 51589,
	"logs": [
		{
			"address": "0x7e9e431a0B8c4D532C745B1043c7FA29a48D4fBa",
			"blockHash": "0xaadf7d51c36bf186273163956c38efcb46560a94e040bea1634c591872ea8ce1",
			"blockNumber": 5476798,
			"data": "0x00000000000000000000000000000000000000000000000e2d0aa0837ca60000",
			"logIndex": 47,
			"topics": [
				"0xddf252ad1be2c89b69c2b068fc378daa952ba7f163c4a11628f55a4df523b3ef",
				"0x000000000000000000000000468b858c964f297fd8fce058032bf4b4911a8ad8",
				"0x00000000000000000000000018caf910938a123fbf4e550c120763731fc75c9b"
			],
			"transactionHash": "0x7ca8a56e0415eedbf0ea07ab3f8c4ea0c7e7e2fff45b1c333c7b444bd33b5924",
			"transactionIndex": 47,
			"transactionLogIndex": "0x0",
			"type": "mined",
			"id": "log_c8e6d2b3"
		}
	],
	"logsBloom": "0x00080000000000000000000000020000000000000000000000000000000000000000000000000000000000000000000000000000000000000000000000000000000000000000010000000008000000000000000000000000008000000020000000000000000000000000000000000000000000000000000000000010000000000000040000000000000000000000000000000000000000000000000000000000000000000000000080000000000000000000000000000000000000010000000000001002000000000000000000000000000000000000000000000000000000000000000000000000000000000000000000000000000000000000000000000000",
	"root": null,
	"status": "0x1",
	"transactionHash": "0x7ca8a56e0415eedbf0ea07ab3f8c4ea0c7e7e2fff45b1c333c7b444bd33b5924",
	"transactionIndex": 47
}
[2018-04-21T00:29:22.983] [DEBUG] trans - TO:   0x6edc8114e6d81b1e360b81c21574af649bd8520d
[2018-04-21T00:29:22.983] [DEBUG] trans - AMOUNT:   261500000000000000000
[2018-04-21T00:29:22.983] [DEBUG] trans - Receipt info:  {
	"blockHash": "0xaadf7d51c36bf186273163956c38efcb46560a94e040bea1634c591872ea8ce1",
	"blockNumber": 5476798,
	"contractAddress": null,
	"cumulativeGasUsed": 2418518,
	"gasUsed": 51589,
	"logs": [
		{
			"address": "0x7e9e431a0B8c4D532C745B1043c7FA29a48D4fBa",
			"blockHash": "0xaadf7d51c36bf186273163956c38efcb46560a94e040bea1634c591872ea8ce1",
			"blockNumber": 5476798,
			"data": "0x00000000000000000000000000000000000000000000000e2d0aa0837ca60000",
			"logIndex": 48,
			"topics": [
				"0xddf252ad1be2c89b69c2b068fc378daa952ba7f163c4a11628f55a4df523b3ef",
				"0x000000000000000000000000468b858c964f297fd8fce058032bf4b4911a8ad8",
				"0x0000000000000000000000006edc8114e6d81b1e360b81c21574af649bd8520d"
			],
			"transactionHash": "0x4cfadd4c783788347412716a899a2e7f4b57ec19158b1d27ebc161f44a7b8fd1",
			"transactionIndex": 48,
			"transactionLogIndex": "0x0",
			"type": "mined",
			"id": "log_1f62f5fa"
		}
	],
	"logsBloom": "0x00000000000000000000000000020000000000000000000000000000000000000000000000000000000000000000000000000000000000000000000000000000000000000000010000000008000000000000000000000000000000000020000000000000000000000000000000000000000000000000000000000010000000000000000000000000004000000000000000000008000000000000000000000000000000000000000080000000000000000000000000000000000000010000000000001002000000000000000000000000000000000000000000000000000000000000000000000000100000000000000000000000000000000000000000000000",
	"root": null,
	"status": "0x1",
	"transactionHash": "0x4cfadd4c783788347412716a899a2e7f4b57ec19158b1d27ebc161f44a7b8fd1",
	"transactionIndex": 48
}
[2018-04-21T00:29:22.984] [DEBUG] trans - TO:   0x16ad371ac05c2e4bdc3577322409917d49384aab
[2018-04-21T00:29:22.984] [DEBUG] trans - AMOUNT:   261510000000000000000
[2018-04-21T00:29:22.984] [DEBUG] trans - Receipt info:  {
	"blockHash": "0xaadf7d51c36bf186273163956c38efcb46560a94e040bea1634c591872ea8ce1",
	"blockNumber": 5476798,
	"contractAddress": null,
	"cumulativeGasUsed": 2263687,
	"gasUsed": 51589,
	"logs": [
		{
			"address": "0x7e9e431a0B8c4D532C745B1043c7FA29a48D4fBa",
			"blockHash": "0xaadf7d51c36bf186273163956c38efcb46560a94e040bea1634c591872ea8ce1",
			"blockNumber": 5476798,
			"data": "0x00000000000000000000000000000000000000000000000e2d2e2775ec670000",
			"logIndex": 45,
			"topics": [
				"0xddf252ad1be2c89b69c2b068fc378daa952ba7f163c4a11628f55a4df523b3ef",
				"0x000000000000000000000000468b858c964f297fd8fce058032bf4b4911a8ad8",
				"0x00000000000000000000000016ad371ac05c2e4bdc3577322409917d49384aab"
			],
			"transactionHash": "0x383535d50ae524d3d8cd69bbcce49db3f60e788d7f3272fdcefebd895347f0d2",
			"transactionIndex": 45,
			"transactionLogIndex": "0x0",
			"type": "mined",
			"id": "log_eb7fbf55"
		}
	],
	"logsBloom": "0x00000000000000000000000000020000000000000000008000000000000000000000000000000000000000000000000000000000000000000000000000000000000000000000010000000008000000000000000000000000000000000020000000000000000000000000000000000000000000000000000000000010010000000000000000000000000000000000000000000000000000000000000000000000000000000000000080000000000000000000000000000000000000010000000000001002000000000100000000000000000000000000000000000000000000000000000000000000000000000000000000000000000000000000000000000000",
	"root": null,
	"status": "0x1",
	"transactionHash": "0x383535d50ae524d3d8cd69bbcce49db3f60e788d7f3272fdcefebd895347f0d2",
	"transactionIndex": 45
}
[2018-04-21T00:29:22.984] [DEBUG] trans - TO:   0x9b3f9b14d0a5fc2ae748915bdf26dbaf8baec2c9
[2018-04-21T00:29:22.984] [DEBUG] trans - AMOUNT:   261534400000000000000
[2018-04-21T00:29:22.984] [DEBUG] trans - Receipt info:  {
	"blockHash": "0xaadf7d51c36bf186273163956c38efcb46560a94e040bea1634c591872ea8ce1",
	"blockNumber": 5476798,
	"contractAddress": null,
	"cumulativeGasUsed": 2212098,
	"gasUsed": 51589,
	"logs": [
		{
			"address": "0x7e9e431a0B8c4D532C745B1043c7FA29a48D4fBa",
			"blockHash": "0xaadf7d51c36bf186273163956c38efcb46560a94e040bea1634c591872ea8ce1",
			"blockNumber": 5476798,
			"data": "0x00000000000000000000000000000000000000000000000e2d84d721a0ec0000",
			"logIndex": 44,
			"topics": [
				"0xddf252ad1be2c89b69c2b068fc378daa952ba7f163c4a11628f55a4df523b3ef",
				"0x000000000000000000000000468b858c964f297fd8fce058032bf4b4911a8ad8",
				"0x0000000000000000000000009b3f9b14d0a5fc2ae748915bdf26dbaf8baec2c9"
			],
			"transactionHash": "0xacc0b05bb8888c540298b5c5aca2875644f54d1a1155ada804805514129a4812",
			"transactionIndex": 44,
			"transactionLogIndex": "0x0",
			"type": "mined",
			"id": "log_01f3a16c"
		}
	],
	"logsBloom": "0x00000000000000000000000000020000000000000000000000000000000000000000000000000000000000000000000000000000000000000000000000000000000000000000010000000008000000000000000000000000000000000020000000000020000000000000000000000020000000000000000000000010000000000000000000000000000000000000000000000000000000000000000000000000000000000000000080000000000000000000000000000000000000010000000000001002000000000000000000000000000000000000000000000000000000000000000000000000000000000000000000000000000040000000000000000000",
	"root": null,
	"status": "0x1",
	"transactionHash": "0xacc0b05bb8888c540298b5c5aca2875644f54d1a1155ada804805514129a4812",
	"transactionIndex": 44
}
[2018-04-21T00:29:22.984] [DEBUG] trans - TO:   0xb2b6ed0d3fbc6f368300b775144245238ab7fbbb
[2018-04-21T00:29:22.984] [DEBUG] trans - AMOUNT:   261500000000000000000
[2018-04-21T00:29:22.984] [DEBUG] trans - Receipt info:  {
	"blockHash": "0xaadf7d51c36bf186273163956c38efcb46560a94e040bea1634c591872ea8ce1",
	"blockNumber": 5476798,
	"contractAddress": null,
	"cumulativeGasUsed": 2470043,
	"gasUsed": 51525,
	"logs": [
		{
			"address": "0x7e9e431a0B8c4D532C745B1043c7FA29a48D4fBa",
			"blockHash": "0xaadf7d51c36bf186273163956c38efcb46560a94e040bea1634c591872ea8ce1",
			"blockNumber": 5476798,
			"data": "0x00000000000000000000000000000000000000000000000e2d0aa0837ca60000",
			"logIndex": 49,
			"topics": [
				"0xddf252ad1be2c89b69c2b068fc378daa952ba7f163c4a11628f55a4df523b3ef",
				"0x000000000000000000000000468b858c964f297fd8fce058032bf4b4911a8ad8",
				"0x000000000000000000000000b2b6ed0d3fbc6f368300b775144245238ab7fbbb"
			],
			"transactionHash": "0x12621de3eb806dcbe4df8d636d161b422344f9c645022a2876a77a53c810472b",
			"transactionIndex": 49,
			"transactionLogIndex": "0x0",
			"type": "mined",
			"id": "log_f5bb9e48"
		}
	],
	"logsBloom": "0x00000000000000000000000000020000000000000000020000000000000000000000000000000000000000000000000000000000000000000200000000000000000000000000010000000008000000000000000000000000000000000020000000000000000000000000000800000000000000000000000000000010000000000000000000000000000000000000000000000000000000000000000000000000000000000000000080000000000000000000000000000000000000010000000000001002000000000000000000000000000000000000000000000000000000000000000000000000000000000000000000000000000000000000000000000000",
	"root": null,
	"status": "0x1",
	"transactionHash": "0x12621de3eb806dcbe4df8d636d161b422344f9c645022a2876a77a53c810472b",
	"transactionIndex": 49
}
[2018-04-21T00:29:22.985] [DEBUG] trans - TO:   0xbfa0d6d9f412fa713fbabbbe9a97bf23268b16b6
[2018-04-21T00:29:22.985] [DEBUG] trans - AMOUNT:   261500000000000000000
[2018-04-21T00:29:22.985] [DEBUG] trans - Receipt info:  {
	"blockHash": "0xaadf7d51c36bf186273163956c38efcb46560a94e040bea1634c591872ea8ce1",
	"blockNumber": 5476798,
	"contractAddress": null,
	"cumulativeGasUsed": 2573221,
	"gasUsed": 51589,
	"logs": [
		{
			"address": "0x7e9e431a0B8c4D532C745B1043c7FA29a48D4fBa",
			"blockHash": "0xaadf7d51c36bf186273163956c38efcb46560a94e040bea1634c591872ea8ce1",
			"blockNumber": 5476798,
			"data": "0x00000000000000000000000000000000000000000000000e2d0aa0837ca60000",
			"logIndex": 51,
			"topics": [
				"0xddf252ad1be2c89b69c2b068fc378daa952ba7f163c4a11628f55a4df523b3ef",
				"0x000000000000000000000000468b858c964f297fd8fce058032bf4b4911a8ad8",
				"0x000000000000000000000000bfa0d6d9f412fa713fbabbbe9a97bf23268b16b6"
			],
			"transactionHash": "0xb9dd6a9fbbfb2f5edd39783db1f03600ffe391666c5ba3536b915adccc6c4c63",
			"transactionIndex": 51,
			"transactionLogIndex": "0x0",
			"type": "mined",
			"id": "log_b828b200"
		}
	],
	"logsBloom": "0x00000000000000000000000000020000000000000000000000000000000000000000000000000000000000000000000000000000000000000000000000000000000000000000010000000008000000000000000000000000000000000020000000000000000000000000000000000000000000000000000000000018000001000000000000000000000000000000000000000000000000000000000000000000000000000000000080000000000000000000000000000000000000010000000000001002000000004000000000000000000000000000000000000000000000000000000000000000000000000000000000000000000000000000000000000000",
	"root": null,
	"status": "0x1",
	"transactionHash": "0xb9dd6a9fbbfb2f5edd39783db1f03600ffe391666c5ba3536b915adccc6c4c63",
	"transactionIndex": 51
}
[2018-04-21T00:29:22.985] [DEBUG] trans - TO:   0xf45029ce01da12c8dd2beb0995d3fd399da89587
[2018-04-21T00:29:22.985] [DEBUG] trans - AMOUNT:   261500000000000000000
[2018-04-21T00:29:22.985] [DEBUG] trans - Receipt info:  {
	"blockHash": "0xaadf7d51c36bf186273163956c38efcb46560a94e040bea1634c591872ea8ce1",
	"blockNumber": 5476798,
	"contractAddress": null,
	"cumulativeGasUsed": 2624810,
	"gasUsed": 51589,
	"logs": [
		{
			"address": "0x7e9e431a0B8c4D532C745B1043c7FA29a48D4fBa",
			"blockHash": "0xaadf7d51c36bf186273163956c38efcb46560a94e040bea1634c591872ea8ce1",
			"blockNumber": 5476798,
			"data": "0x00000000000000000000000000000000000000000000000e2d0aa0837ca60000",
			"logIndex": 52,
			"topics": [
				"0xddf252ad1be2c89b69c2b068fc378daa952ba7f163c4a11628f55a4df523b3ef",
				"0x000000000000000000000000468b858c964f297fd8fce058032bf4b4911a8ad8",
				"0x000000000000000000000000f45029ce01da12c8dd2beb0995d3fd399da89587"
			],
			"transactionHash": "0xb7925aea011573b34884770ac4ddc0c5ec296d72db6fbb1b52ab93e001ba44f9",
			"transactionIndex": 52,
			"transactionLogIndex": "0x0",
			"type": "mined",
			"id": "log_35966b70"
		}
	],
	"logsBloom": "0x00000000000000000000000000020000000000000000000000000000000000000000000000000000000000000000000000000000000200000000000000000000000000000000010000000008000000000000000000000000000000000020000000000000000000000000000000100000000000000000000000000010000000000000000000000000000000000000000000000000000000000000000000040000000000000000000080000000000000000000000000000000000000010000000000001002000000000000000000000000000000000000000000000000000000000000000000000000000000000000000000000000000000000000000000000000",
	"root": null,
	"status": "0x1",
	"transactionHash": "0xb7925aea011573b34884770ac4ddc0c5ec296d72db6fbb1b52ab93e001ba44f9",
	"transactionIndex": 52
}
[2018-04-21T00:29:22.985] [DEBUG] trans - TO:   0xa4adc95693c4ceef15ffc46b3c6b362529e9063b
[2018-04-21T00:29:22.985] [DEBUG] trans - AMOUNT:   261490000000000000000
[2018-04-21T00:29:22.986] [DEBUG] trans - Receipt info:  {
	"blockHash": "0xaadf7d51c36bf186273163956c38efcb46560a94e040bea1634c591872ea8ce1",
	"blockNumber": 5476798,
	"contractAddress": null,
	"cumulativeGasUsed": 2728052,
	"gasUsed": 51589,
	"logs": [
		{
			"address": "0x7e9e431a0B8c4D532C745B1043c7FA29a48D4fBa",
			"blockHash": "0xaadf7d51c36bf186273163956c38efcb46560a94e040bea1634c591872ea8ce1",
			"blockNumber": 5476798,
			"data": "0x00000000000000000000000000000000000000000000000e2ce719910ce50000",
			"logIndex": 54,
			"topics": [
				"0xddf252ad1be2c89b69c2b068fc378daa952ba7f163c4a11628f55a4df523b3ef",
				"0x000000000000000000000000468b858c964f297fd8fce058032bf4b4911a8ad8",
				"0x000000000000000000000000a4adc95693c4ceef15ffc46b3c6b362529e9063b"
			],
			"transactionHash": "0xc88cd439734b45316a16372f69ecf6cbbff53f9f14b0d88faf1e788bceaf9f5f",
			"transactionIndex": 54,
			"transactionLogIndex": "0x0",
			"type": "mined",
			"id": "log_665fcc44"
		}
	],
	"logsBloom": "0x00000000000000000000000000020000000000000000000000000000000000000000000000000000000000000000000000000000000000000000000000000000000000000000010000000008000000000000000000000000000000000020000000000000000000000008000000000000000000000000000000000010000000000000000000000000000000008000000000000000000000000000000000000000000000000000000080000000000000000000000000000000000000010000000000001002000000000000000000000000000000000000000000000000000000000000000000000000000000000000000000000000000400000000000000000000",
	"root": null,
	"status": "0x1",
	"transactionHash": "0xc88cd439734b45316a16372f69ecf6cbbff53f9f14b0d88faf1e788bceaf9f5f",
	"transactionIndex": 54
}
[2018-04-21T00:29:22.986] [DEBUG] trans - TO:   0xbe9222acc68c8238e65b11b86a76eb5fc64748f9
[2018-04-21T00:29:22.986] [DEBUG] trans - AMOUNT:   261500000000000000000
[2018-04-21T00:29:22.986] [DEBUG] trans - Receipt info:  {
	"blockHash": "0xaadf7d51c36bf186273163956c38efcb46560a94e040bea1634c591872ea8ce1",
	"blockNumber": 5476798,
	"contractAddress": null,
	"cumulativeGasUsed": 2521632,
	"gasUsed": 51589,
	"logs": [
		{
			"address": "0x7e9e431a0B8c4D532C745B1043c7FA29a48D4fBa",
			"blockHash": "0xaadf7d51c36bf186273163956c38efcb46560a94e040bea1634c591872ea8ce1",
			"blockNumber": 5476798,
			"data": "0x00000000000000000000000000000000000000000000000e2d0aa0837ca60000",
			"logIndex": 50,
			"topics": [
				"0xddf252ad1be2c89b69c2b068fc378daa952ba7f163c4a11628f55a4df523b3ef",
				"0x000000000000000000000000468b858c964f297fd8fce058032bf4b4911a8ad8",
				"0x000000000000000000000000be9222acc68c8238e65b11b86a76eb5fc64748f9"
			],
			"transactionHash": "0x8892a2e78e3e23acc5805a50bf89db44257dc68a9a1ae7e0c0ed36e2cb0ccd71",
			"transactionIndex": 50,
			"transactionLogIndex": "0x0",
			"type": "mined",
			"id": "log_ffc29044"
		}
	],
	"logsBloom": "0x00001000000000000000000000020000000000000000000000000000000000000000000000000000000000000000000000000000000000000000000000000000000000000000010000000008000000000000000000000000000000000020000000000000000000000000000000000000000000000000000000000010000000000000000000000000000000000000000000000000000000000000000000000000000000000000000080000000000000000000040000000000000000010000000000001002000000000000000000000000008000000000000000000000000000000000000000000000000000000000000000000000000000000000000000000000",
	"root": null,
	"status": "0x1",
	"transactionHash": "0x8892a2e78e3e23acc5805a50bf89db44257dc68a9a1ae7e0c0ed36e2cb0ccd71",
	"transactionIndex": 50
}
[2018-04-21T00:29:22.986] [DEBUG] trans - TO:   0xbf255bb5b313397c56bca4fa496f8bf54374bb1c
[2018-04-21T00:29:22.986] [DEBUG] trans - AMOUNT:   261506300000000000000
[2018-04-21T00:29:22.986] [DEBUG] trans - Receipt info:  {
	"blockHash": "0xaadf7d51c36bf186273163956c38efcb46560a94e040bea1634c591872ea8ce1",
	"blockNumber": 5476798,
	"contractAddress": null,
	"cumulativeGasUsed": 2315340,
	"gasUsed": 51653,
	"logs": [
		{
			"address": "0x7e9e431a0B8c4D532C745B1043c7FA29a48D4fBa",
			"blockHash": "0xaadf7d51c36bf186273163956c38efcb46560a94e040bea1634c591872ea8ce1",
			"blockNumber": 5476798,
			"data": "0x00000000000000000000000000000000000000000000000e2d2102548abbc000",
			"logIndex": 46,
			"topics": [
				"0xddf252ad1be2c89b69c2b068fc378daa952ba7f163c4a11628f55a4df523b3ef",
				"0x000000000000000000000000468b858c964f297fd8fce058032bf4b4911a8ad8",
				"0x000000000000000000000000bf255bb5b313397c56bca4fa496f8bf54374bb1c"
			],
			"transactionHash": "0x12e77cc68c3fb82f49e47caf78ec3e35085d68df810fe3c3404b8591ad7f6c82",
			"transactionIndex": 46,
			"transactionLogIndex": "0x0",
			"type": "mined",
			"id": "log_c932fd2f"
		}
	],
	"logsBloom": "0x00000000000000000000000000020000000000000000000800000000000000000000002000000000000000000000000000000000000000000000000000000000000000000000010000000008000000000000000000000000000000000020000000000000000000000000000000000000000000000000000000000010000000000000000000000000000000000000000000000000000000000000000000000000000000000000000080000000010000000000000000000000000000010000000000001002000000000000000000000000000000000000000000000000000000000000000000000000000000000000000000000000000000000000000000000000",
	"root": null,
	"status": "0x1",
	"transactionHash": "0x12e77cc68c3fb82f49e47caf78ec3e35085d68df810fe3c3404b8591ad7f6c82",
	"transactionIndex": 46
}
[2018-04-21T00:29:22.987] [DEBUG] trans - TO:   0x4a354f5909d40f816763069604bd9de208231259
[2018-04-21T00:29:22.987] [DEBUG] trans - AMOUNT:   261490600000000000000
[2018-04-21T00:29:22.987] [DEBUG] trans - Receipt info:  {
	"blockHash": "0xaadf7d51c36bf186273163956c38efcb46560a94e040bea1634c591872ea8ce1",
	"blockNumber": 5476798,
	"contractAddress": null,
	"cumulativeGasUsed": 2676463,
	"gasUsed": 51653,
	"logs": [
		{
			"address": "0x7e9e431a0B8c4D532C745B1043c7FA29a48D4fBa",
			"blockHash": "0xaadf7d51c36bf186273163956c38efcb46560a94e040bea1634c591872ea8ce1",
			"blockNumber": 5476798,
			"data": "0x00000000000000000000000000000000000000000000000e2ce93b436fc28000",
			"logIndex": 53,
			"topics": [
				"0xddf252ad1be2c89b69c2b068fc378daa952ba7f163c4a11628f55a4df523b3ef",
				"0x000000000000000000000000468b858c964f297fd8fce058032bf4b4911a8ad8",
				"0x0000000000000000000000004a354f5909d40f816763069604bd9de208231259"
			],
			"transactionHash": "0x05240096a8170da153c47f6dc5aab5379c62d80028c57972c0ce8c2d90b1d320",
			"transactionIndex": 53,
			"transactionLogIndex": "0x0",
			"type": "mined",
			"id": "log_3333b619"
		}
	],
	"logsBloom": "0x00000000000000000000000000020000000000000000000000000000000000000000000000000000000000000000000000000000000000000000000000000000000000000000010000020009000000000000000000000000000000000020000000000000000000000000000000000000000000000000000000000010000000000000000000000000000000000000000000000000000000000000000000000000000000000000000080000000100000000000000000000000000000010000000000001002000000000000000000000000000000000000000000000000000000000000000000000000000000000000000000000000000000000000000000000000",
	"root": null,
	"status": "0x1",
	"transactionHash": "0x05240096a8170da153c47f6dc5aab5379c62d80028c57972c0ce8c2d90b1d320",
	"transactionIndex": 53
}
[2018-04-21T00:29:22.987] [DEBUG] trans - TO:   0xbfc1e256842c99eed8db16294974a66f7ab5ea89
[2018-04-21T00:29:22.987] [DEBUG] trans - AMOUNT:   261480000000000000000
[2018-04-21T00:29:22.987] [DEBUG] trans - Receipt info:  {
	"blockHash": "0xaadf7d51c36bf186273163956c38efcb46560a94e040bea1634c591872ea8ce1",
	"blockNumber": 5476798,
	"contractAddress": null,
	"cumulativeGasUsed": 2831230,
	"gasUsed": 51589,
	"logs": [
		{
			"address": "0x7e9e431a0B8c4D532C745B1043c7FA29a48D4fBa",
			"blockHash": "0xaadf7d51c36bf186273163956c38efcb46560a94e040bea1634c591872ea8ce1",
			"blockNumber": 5476798,
			"data": "0x00000000000000000000000000000000000000000000000e2cc3929e9d240000",
			"logIndex": 56,
			"topics": [
				"0xddf252ad1be2c89b69c2b068fc378daa952ba7f163c4a11628f55a4df523b3ef",
				"0x000000000000000000000000468b858c964f297fd8fce058032bf4b4911a8ad8",
				"0x000000000000000000000000bfc1e256842c99eed8db16294974a66f7ab5ea89"
			],
			"transactionHash": "0xaa6b0bc386a35abc08371abba54207ab982616fd65430c644bda5f3e4e77354d",
			"transactionIndex": 56,
			"transactionLogIndex": "0x0",
			"type": "mined",
			"id": "log_8166b5ad"
		}
	],
	"logsBloom": "0x00000000000000000000000000020000000000000000000000000000000000000000000000000000000000000000000000000000000000000000000000000000080000000000010000000008000000000000000000000000000000000020000000000000000000000000000000000000000000000000000000000010000000000000000000000000000000000000000000000000000000000000000000008000000000000000000080000000000000000000000000000000000000010000000000001002000000000000000000000001000000000000000000000000000000000000000000000000000000000000000000000000000000000000000000000000",
	"root": null,
	"status": "0x1",
	"transactionHash": "0xaa6b0bc386a35abc08371abba54207ab982616fd65430c644bda5f3e4e77354d",
	"transactionIndex": 56
}
[2018-04-21T00:29:22.987] [DEBUG] trans - TO:   0x96a15af55a5bac6d635f15d7ad9dfb3888950702
[2018-04-21T00:29:22.987] [DEBUG] trans - AMOUNT:   261436000000000000000
[2018-04-21T00:29:22.987] [DEBUG] trans - Receipt info:  {
	"blockHash": "0xaadf7d51c36bf186273163956c38efcb46560a94e040bea1634c591872ea8ce1",
	"blockNumber": 5476798,
	"contractAddress": null,
	"cumulativeGasUsed": 3037650,
	"gasUsed": 51589,
	"logs": [
		{
			"address": "0x7e9e431a0B8c4D532C745B1043c7FA29a48D4fBa",
			"blockHash": "0xaadf7d51c36bf186273163956c38efcb46560a94e040bea1634c591872ea8ce1",
			"blockNumber": 5476798,
			"data": "0x00000000000000000000000000000000000000000000000e2c2740da4b060000",
			"logIndex": 60,
			"topics": [
				"0xddf252ad1be2c89b69c2b068fc378daa952ba7f163c4a11628f55a4df523b3ef",
				"0x000000000000000000000000468b858c964f297fd8fce058032bf4b4911a8ad8",
				"0x00000000000000000000000096a15af55a5bac6d635f15d7ad9dfb3888950702"
			],
			"transactionHash": "0x07b12316642067455a6cd8990adc3f969ea943a77c31a96ba611db10fb679b46",
			"transactionIndex": 60,
			"transactionLogIndex": "0x0",
			"type": "mined",
			"id": "log_cf7c6b74"
		}
	],
	"logsBloom": "0x00000000000000000000000000020000000000000000000000000000000000000000000000000000000000000000000000000000000000000000000000000000000000000000010000000008000000000000000000000000000004000020000000000000000000000000000000000000000000000000000000000010000000000000000000000000000000000000000000000000000000000000000000000000000000000000000080000000000000000000000000000000000000010000000000001002000000000000000000000000000000000000000000004000000400000000000000000000000000000000000000000000000000000000000000000000",
	"root": null,
	"status": "0x1",
	"transactionHash": "0x07b12316642067455a6cd8990adc3f969ea943a77c31a96ba611db10fb679b46",
	"transactionIndex": 60
}
[2018-04-21T00:29:22.988] [DEBUG] trans - TO:   0x76734fc681e295beb6035650df11ac5f783c1550
[2018-04-21T00:29:22.988] [DEBUG] trans - AMOUNT:   261462900000000000000
[2018-04-21T00:29:22.988] [DEBUG] trans - Receipt info:  {
	"blockHash": "0xaadf7d51c36bf186273163956c38efcb46560a94e040bea1634c591872ea8ce1",
	"blockNumber": 5476798,
	"contractAddress": null,
	"cumulativeGasUsed": 2882883,
	"gasUsed": 51653,
	"logs": [
		{
			"address": "0x7e9e431a0B8c4D532C745B1043c7FA29a48D4fBa",
			"blockHash": "0xaadf7d51c36bf186273163956c38efcb46560a94e040bea1634c591872ea8ce1",
			"blockNumber": 5476798,
			"data": "0x00000000000000000000000000000000000000000000000e2c86d2429b7b4000",
			"logIndex": 57,
			"topics": [
				"0xddf252ad1be2c89b69c2b068fc378daa952ba7f163c4a11628f55a4df523b3ef",
				"0x000000000000000000000000468b858c964f297fd8fce058032bf4b4911a8ad8",
				"0x00000000000000000000000076734fc681e295beb6035650df11ac5f783c1550"
			],
			"transactionHash": "0x528509fa87bb7df9ab696df222d7871f365266a96d53f38cccb4919b3179904c",
			"transactionIndex": 57,
			"transactionLogIndex": "0x0",
			"type": "mined",
			"id": "log_bd5f7516"
		}
	],
	"logsBloom": "0x00000000000000000000080000020000000000000000000000000000000000000000000000000000000000000000000000000000000000000000000000000000000000000000010000000008000000000000000000000000000000000020000000000000000000000000080000000000000000000000000000000010000000000000000000000000000000000000000000000000000000000000000000000000000000000000000080000000000000000000000000400000000000010000000000001002000000000000000000000000000000000000000000000000000000000000000000000000000000000000000000000000000000000000000000000000",
	"root": null,
	"status": "0x1",
	"transactionHash": "0x528509fa87bb7df9ab696df222d7871f365266a96d53f38cccb4919b3179904c",
	"transactionIndex": 57
}
[2018-04-21T00:29:22.988] [DEBUG] trans - TO:   0x335042c86c89dbfda2b4067ffb25055da3a11d53
[2018-04-21T00:29:22.988] [DEBUG] trans - AMOUNT:   261452000000000000000
[2018-04-21T00:29:22.988] [DEBUG] trans - Receipt info:  {
	"blockHash": "0xaadf7d51c36bf186273163956c38efcb46560a94e040bea1634c591872ea8ce1",
	"blockNumber": 5476798,
	"contractAddress": null,
	"cumulativeGasUsed": 2934472,
	"gasUsed": 51589,
	"logs": [
		{
			"address": "0x7e9e431a0B8c4D532C745B1043c7FA29a48D4fBa",
			"blockHash": "0xaadf7d51c36bf186273163956c38efcb46560a94e040bea1634c591872ea8ce1",
			"blockNumber": 5476798,
			"data": "0x00000000000000000000000000000000000000000000000e2c6018c4976e0000",
			"logIndex": 58,
			"topics": [
				"0xddf252ad1be2c89b69c2b068fc378daa952ba7f163c4a11628f55a4df523b3ef",
				"0x000000000000000000000000468b858c964f297fd8fce058032bf4b4911a8ad8",
				"0x000000000000000000000000335042c86c89dbfda2b4067ffb25055da3a11d53"
			],
			"transactionHash": "0x9af91bb835ec52c8e9066d90067bb2534e960d9de1b8c11a2366d1e3f62682f1",
			"transactionIndex": 58,
			"transactionLogIndex": "0x0",
			"type": "mined",
			"id": "log_eb50fcf7"
		}
	],
	"logsBloom": "0x00000000000000000000000000020000000000000000000000000000000000000000000000000000000000000000000000000000000000000000000000000000000000000000010000000008000000000000000000000000000000000020000000000000000000000000000000000000000000000000000000000010000000000000000000000000000000000000000000000000000000000000000000000000000000000000000080002000000000000000000000000000000000010000000000001002000000000000000000000000000000000000000000000100000000000000000000000000000000000000000000000000000000000004000000000000",
	"root": null,
	"status": "0x1",
	"transactionHash": "0x9af91bb835ec52c8e9066d90067bb2534e960d9de1b8c11a2366d1e3f62682f1",
	"transactionIndex": 58
}
[2018-04-21T00:29:22.988] [DEBUG] trans - TO:   0x307b9cb9baf52b1f84bc959e11b08bbcb8187ba8
[2018-04-21T00:29:22.988] [DEBUG] trans - AMOUNT:   261394300000000000000
[2018-04-21T00:29:22.988] [DEBUG] trans - Receipt info:  {
	"blockHash": "0xaadf7d51c36bf186273163956c38efcb46560a94e040bea1634c591872ea8ce1",
	"blockNumber": 5476798,
	"contractAddress": null,
	"cumulativeGasUsed": 3192609,
	"gasUsed": 51653,
	"logs": [
		{
			"address": "0x7e9e431a0B8c4D532C745B1043c7FA29a48D4fBa",
			"blockHash": "0xaadf7d51c36bf186273163956c38efcb46560a94e040bea1634c591872ea8ce1",
			"blockNumber": 5476798,
			"data": "0x00000000000000000000000000000000000000000000000e2b931aec73e3c000",
			"logIndex": 63,
			"topics": [
				"0xddf252ad1be2c89b69c2b068fc378daa952ba7f163c4a11628f55a4df523b3ef",
				"0x000000000000000000000000468b858c964f297fd8fce058032bf4b4911a8ad8",
				"0x000000000000000000000000307b9cb9baf52b1f84bc959e11b08bbcb8187ba8"
			],
			"transactionHash": "0x48f87dc3ada614e8ac72347ecbe179e737af93eae3e3fbd5069ee57c33b2d684",
			"transactionIndex": 63,
			"transactionLogIndex": "0x0",
			"type": "mined",
			"id": "log_cbac5893"
		}
	],
	"logsBloom": "0x00000000000000000000000000020000000000000000000000000000000000000000000000000000000000000000000000000000000000000000000000000000000000000000010000000008000000000000000000000000000000000020000000000000000000000000000000000040000000000000000000000010000000000000000000800000000000000000000000000000000000000000000000000000000000000000000080000000000000000000000000000000000000010000000000001002000000000000000000000000000000000000000000000000000000000000000000000000000000000000000000000000000000000000004000000000",
	"root": null,
	"status": "0x1",
	"transactionHash": "0x48f87dc3ada614e8ac72347ecbe179e737af93eae3e3fbd5069ee57c33b2d684",
	"transactionIndex": 63
}
[2018-04-21T00:29:22.989] [DEBUG] trans - TO:   0xb29647841a4b1b8a29f8bbc74dcc8b0fa31cde43
[2018-04-21T00:29:22.989] [DEBUG] trans - AMOUNT:   261450000000000000000
[2018-04-21T00:29:22.989] [DEBUG] trans - Receipt info:  {
	"blockHash": "0xaadf7d51c36bf186273163956c38efcb46560a94e040bea1634c591872ea8ce1",
	"blockNumber": 5476798,
	"contractAddress": null,
	"cumulativeGasUsed": 2986061,
	"gasUsed": 51589,
	"logs": [
		{
			"address": "0x7e9e431a0B8c4D532C745B1043c7FA29a48D4fBa",
			"blockHash": "0xaadf7d51c36bf186273163956c38efcb46560a94e040bea1634c591872ea8ce1",
			"blockNumber": 5476798,
			"data": "0x00000000000000000000000000000000000000000000000e2c58fdc74de10000",
			"logIndex": 59,
			"topics": [
				"0xddf252ad1be2c89b69c2b068fc378daa952ba7f163c4a11628f55a4df523b3ef",
				"0x000000000000000000000000468b858c964f297fd8fce058032bf4b4911a8ad8",
				"0x000000000000000000000000b29647841a4b1b8a29f8bbc74dcc8b0fa31cde43"
			],
			"transactionHash": "0x95da50ff9406682f3714f95842d4d75632749397cead88524814b63561124813",
			"transactionIndex": 59,
			"transactionLogIndex": "0x0",
			"type": "mined",
			"id": "log_11d78d18"
		}
	],
	"logsBloom": "0x00000000000000000000000000020000000000000000000000000000000000000000000000000000000000000030000000000000000000000000000000000000000200000000010000000008000000000000000000000000000000000020000000000000000000000000000000000000000000000000000000000010000000000000000000000000000000000000000000000000000000000000000000000000000000000000000080000000000000000000000000000000000000010000000000001002000000000000000000000000000000000000000000000000000000000000000000000000000000000000000000000000000000000000000000000000",
	"root": null,
	"status": "0x1",
	"transactionHash": "0x95da50ff9406682f3714f95842d4d75632749397cead88524814b63561124813",
	"transactionIndex": 59
}
[2018-04-21T00:29:22.989] [DEBUG] trans - TO:   0x1d470372bacbf52a68354f19b8cd5bccb0fcc790
[2018-04-21T00:29:22.989] [DEBUG] trans - AMOUNT:   261385200000000000000
[2018-04-21T00:29:22.989] [DEBUG] trans - Receipt info:  {
	"blockHash": "0xaadf7d51c36bf186273163956c38efcb46560a94e040bea1634c591872ea8ce1",
	"blockNumber": 5476798,
	"contractAddress": null,
	"cumulativeGasUsed": 3244198,
	"gasUsed": 51589,
	"logs": [
		{
			"address": "0x7e9e431a0B8c4D532C745B1043c7FA29a48D4fBa",
			"blockHash": "0xaadf7d51c36bf186273163956c38efcb46560a94e040bea1634c591872ea8ce1",
			"blockNumber": 5476798,
			"data": "0x00000000000000000000000000000000000000000000000e2b72c685986f0000",
			"logIndex": 64,
			"topics": [
				"0xddf252ad1be2c89b69c2b068fc378daa952ba7f163c4a11628f55a4df523b3ef",
				"0x000000000000000000000000468b858c964f297fd8fce058032bf4b4911a8ad8",
				"0x0000000000000000000000001d470372bacbf52a68354f19b8cd5bccb0fcc790"
			],
			"transactionHash": "0xa3a10db3048a6548ddbbc8f49876adf84727283dfb9111289eabb2ec37ce55d4",
			"transactionIndex": 64,
			"transactionLogIndex": "0x0",
			"type": "mined",
			"id": "log_8a0f67a3"
		}
	],
	"logsBloom": "0x00000000000000000000000000020000000000000000000000000000000000000000000000000000000000000000000000000000000000000000000000000000000000000000010000000008000000000000000000000000000000000020000000000000000040000000000000000000000000000000004000000010000000000000000000000000000000000000000000000000000000000000000000000000000000000000000080000000000000010000000000000000000000010000000000001002000000000000000000000000000000000000000000000000000000000000000000000000000000000000000000000000000000000000000000000000",
	"root": null,
	"status": "0x1",
	"transactionHash": "0xa3a10db3048a6548ddbbc8f49876adf84727283dfb9111289eabb2ec37ce55d4",
	"transactionIndex": 64
}
[2018-04-21T00:29:22.990] [DEBUG] trans - TO:   0x0fc1f1da541c3457bc8442ace3acc167b50d2709
[2018-04-21T00:29:22.990] [DEBUG] trans - AMOUNT:   261411000000000000000
[2018-04-21T00:29:22.990] [DEBUG] trans - Receipt info:  {
	"blockHash": "0xaadf7d51c36bf186273163956c38efcb46560a94e040bea1634c591872ea8ce1",
	"blockNumber": 5476798,
	"contractAddress": null,
	"cumulativeGasUsed": 3140956,
	"gasUsed": 51653,
	"logs": [
		{
			"address": "0x7e9e431a0B8c4D532C745B1043c7FA29a48D4fBa",
			"blockHash": "0xaadf7d51c36bf186273163956c38efcb46560a94e040bea1634c591872ea8ce1",
			"blockNumber": 5476798,
			"data": "0x00000000000000000000000000000000000000000000000e2bce6f7c33a38000",
			"logIndex": 62,
			"topics": [
				"0xddf252ad1be2c89b69c2b068fc378daa952ba7f163c4a11628f55a4df523b3ef",
				"0x000000000000000000000000468b858c964f297fd8fce058032bf4b4911a8ad8",
				"0x0000000000000000000000000fc1f1da541c3457bc8442ace3acc167b50d2709"
			],
			"transactionHash": "0x85d250434858ce57bb3ebba70d939c91c3a42d94295fbe2f427ed3f3e2c1ca17",
			"transactionIndex": 62,
			"transactionLogIndex": "0x0",
			"type": "mined",
			"id": "log_4520033e"
		}
	],
	"logsBloom": "0x00000000000000000000000000020000000000000080000000000000000000000000000000000000000000000000000000000000000000000000000000000000000000000000010000000008000000000000000000000000000000000020000000000000000000000000000000000000000000000000000000000010000000000000000000000000000000000000100000000000000000000000000000000000000000000000000080000000000000000000000000000000000000010000000000001002000000000000000000000000000000000000000000000000000000000000000000000000000000000000000000000000000000000020000000000000",
	"root": null,
	"status": "0x1",
	"transactionHash": "0x85d250434858ce57bb3ebba70d939c91c3a42d94295fbe2f427ed3f3e2c1ca17",
	"transactionIndex": 62
}
[2018-04-21T00:29:22.990] [DEBUG] trans - TO:   0xb2ed23b201c576886cc7672ab9023943383fca0d
[2018-04-21T00:29:22.990] [DEBUG] trans - AMOUNT:   261630000000000000000
[2018-04-21T00:29:22.990] [DEBUG] trans - Receipt info:  {
	"blockHash": "0xaadf7d51c36bf186273163956c38efcb46560a94e040bea1634c591872ea8ce1",
	"blockNumber": 5476798,
	"contractAddress": null,
	"cumulativeGasUsed": 1850719,
	"gasUsed": 51589,
	"logs": [
		{
			"address": "0x7e9e431a0B8c4D532C745B1043c7FA29a48D4fBa",
			"blockHash": "0xaadf7d51c36bf186273163956c38efcb46560a94e040bea1634c591872ea8ce1",
			"blockNumber": 5476798,
			"data": "0x00000000000000000000000000000000000000000000000e2ed87ad329730000",
			"logIndex": 37,
			"topics": [
				"0xddf252ad1be2c89b69c2b068fc378daa952ba7f163c4a11628f55a4df523b3ef",
				"0x000000000000000000000000468b858c964f297fd8fce058032bf4b4911a8ad8",
				"0x000000000000000000000000b2ed23b201c576886cc7672ab9023943383fca0d"
			],
			"transactionHash": "0xe27fd42c9c0522e58982f0a3c5671299924f3f6f40337ff1d27122f0f8f0e112",
			"transactionIndex": 37,
			"transactionLogIndex": "0x0",
			"type": "mined",
			"id": "log_33443382"
		}
	],
	"logsBloom": "0x00000000000000000000000000020000000000000000000000000000000000000000000000000000000000000000000000000000000000000000000010000000000000000000010000000008000000000000000000000000000000000020000000000000000000000000000000000000000000000000000000000010000000000000000000000000000000000000000000000000000000000000080000000000000000000000000080000000000000000000000000000000000000010000000000001002008000000000000000000000000000000000000000000000000000000000000000000000000000000000000000000000000000000000000000000000",
	"root": null,
	"status": "0x1",
	"transactionHash": "0xe27fd42c9c0522e58982f0a3c5671299924f3f6f40337ff1d27122f0f8f0e112",
	"transactionIndex": 37
}
[2018-04-21T00:29:22.990] [DEBUG] trans - TO:   0x3754aa2f9ca59808d6777964d56d6a7a7a2d3057
[2018-04-21T00:29:22.990] [DEBUG] trans - AMOUNT:   261429800000000000000
[2018-04-21T00:29:22.990] [DEBUG] trans - Receipt info:  {
	"blockHash": "0xaadf7d51c36bf186273163956c38efcb46560a94e040bea1634c591872ea8ce1",
	"blockNumber": 5476798,
	"contractAddress": null,
	"cumulativeGasUsed": 3089303,
	"gasUsed": 51653,
	"logs": [
		{
			"address": "0x7e9e431a0B8c4D532C745B1043c7FA29a48D4fBa",
			"blockHash": "0xaadf7d51c36bf186273163956c38efcb46560a94e040bea1634c591872ea8ce1",
			"blockNumber": 5476798,
			"data": "0x00000000000000000000000000000000000000000000000e2c1139fc4d6a8000",
			"logIndex": 61,
			"topics": [
				"0xddf252ad1be2c89b69c2b068fc378daa952ba7f163c4a11628f55a4df523b3ef",
				"0x000000000000000000000000468b858c964f297fd8fce058032bf4b4911a8ad8",
				"0x0000000000000000000000003754aa2f9ca59808d6777964d56d6a7a7a2d3057"
			],
			"transactionHash": "0x6fd4d418279a4d2e28e9e82ba2dd4ab5e1def9d3175801f4791567a7107071cf",
			"transactionIndex": 61,
			"transactionLogIndex": "0x0",
			"type": "mined",
			"id": "log_24856a05"
		}
	],
	"logsBloom": "0x00000000000000000000000000020000000000000100000000000000000000000000000000000000000000000000000000001000000000000000000000000000000000000000010000000008000000000000000000000000000000000020000000000200000000000000000000000000000000000000000000000010000000000000000000000000000000000000000000000000000000000000000000000000000000000000000080000000000000000000000000000000000000010000000000001002000000000000000000000000000000000000000000000000000000000000000000000000000000000000000000000000000000000000000000000000",
	"root": null,
	"status": "0x1",
	"transactionHash": "0x6fd4d418279a4d2e28e9e82ba2dd4ab5e1def9d3175801f4791567a7107071cf",
	"transactionIndex": 61
}
[2018-04-21T00:29:22.990] [DEBUG] trans - TO:   0x1983d61af5a2a97456cdf1df193f4b84b4837b0c
[2018-04-21T00:29:22.990] [DEBUG] trans - AMOUNT:   261480000000000000000
[2018-04-21T00:29:22.991] [DEBUG] trans - Receipt info:  {
	"blockHash": "0xaadf7d51c36bf186273163956c38efcb46560a94e040bea1634c591872ea8ce1",
	"blockNumber": 5476798,
	"contractAddress": null,
	"cumulativeGasUsed": 2779641,
	"gasUsed": 51589,
	"logs": [
		{
			"address": "0x7e9e431a0B8c4D532C745B1043c7FA29a48D4fBa",
			"blockHash": "0xaadf7d51c36bf186273163956c38efcb46560a94e040bea1634c591872ea8ce1",
			"blockNumber": 5476798,
			"data": "0x00000000000000000000000000000000000000000000000e2cc3929e9d240000",
			"logIndex": 55,
			"topics": [
				"0xddf252ad1be2c89b69c2b068fc378daa952ba7f163c4a11628f55a4df523b3ef",
				"0x000000000000000000000000468b858c964f297fd8fce058032bf4b4911a8ad8",
				"0x0000000000000000000000001983d61af5a2a97456cdf1df193f4b84b4837b0c"
			],
			"transactionHash": "0xb7f4beee2574e5edd68110f977c79486923e0ef35c8589629de2a8cfb8360e36",
			"transactionIndex": 55,
			"transactionLogIndex": "0x0",
			"type": "mined",
			"id": "log_1ef1bbe9"
		}
	],
	"logsBloom": "0x00000000000000000000000000020000000000000000000000000001000000000000000000000000000000000000000000000000000000000000000000000000000000000000010000000008000000000000000000000000000000000020000000000000000000000000000000000000000000000000000000000010000000000000000000000000000000000000000000002000000000200000000000000000000000000000000080000000000000000000000000000000000000010000000000001002000000000000000000000000000000000000000000000000000000000000000000000000000000000000000000000000000000000000000000000000",
	"root": null,
	"status": "0x1",
	"transactionHash": "0xb7f4beee2574e5edd68110f977c79486923e0ef35c8589629de2a8cfb8360e36",
	"transactionIndex": 55
}
