[2018-04-22T10:53:07.212] [DEBUG] trans - TO:   0x35751ad27d83006097830186adbbe4b43c9f68db
[2018-04-22T10:53:07.213] [DEBUG] trans - AMOUNT:   372030000000000000000
[2018-04-22T10:53:07.213] [DEBUG] trans - Receipt info:  {
	"blockHash": "0xcddbed0c293af5f57c2cc3997570a61e882b028e79cb040a52db4fed3585b99c",
	"blockNumber": 5485162,
	"contractAddress": null,
	"cumulativeGasUsed": 1721936,
	"gasUsed": 51525,
	"logs": [
		{
			"address": "0x7e9e431a0B8c4D532C745B1043c7FA29a48D4fBa",
			"blockHash": "0xcddbed0c293af5f57c2cc3997570a61e882b028e79cb040a52db4fed3585b99c",
			"blockNumber": 5485162,
			"data": "0x0000000000000000000000000000000000000000000000142af411e68c930000",
			"logIndex": 20,
			"topics": [
				"0xddf252ad1be2c89b69c2b068fc378daa952ba7f163c4a11628f55a4df523b3ef",
				"0x000000000000000000000000468b858c964f297fd8fce058032bf4b4911a8ad8",
				"0x00000000000000000000000035751ad27d83006097830186adbbe4b43c9f68db"
			],
			"transactionHash": "0xaffd82089ff5c181a9170535a2dae5ec5003c1145ffae8023df7cbe33da174bd",
			"transactionIndex": 28,
			"transactionLogIndex": "0x0",
			"type": "mined",
			"id": "log_9b855899"
		}
	],
	"logsBloom": "0x00000000000000000008000000020000000000000000000000000000000000000000000000000000000000000000000000000000000000000000000000000000000000000000010000000008000000000000000000000000000000000020000000000000000000000000000000000000000800000000000000000050000000000000000000000000000000000000000000000000000000000000000000000000000000000000000080000000000000000000000000000000000000010000000000001002000000000000000000000000000000000000000000000000000000000000000000000000000000000000000000000000000000000000000000000000",
	"root": null,
	"status": "0x1",
	"transactionHash": "0xaffd82089ff5c181a9170535a2dae5ec5003c1145ffae8023df7cbe33da174bd",
	"transactionIndex": 28
}
[2018-04-22T10:53:31.245] [DEBUG] trans - TO:   0x929b4f71bc313e4aec93d5a8f9f9770c4bae8270
[2018-04-22T10:53:31.245] [DEBUG] trans - AMOUNT:   372010400000000000000
[2018-04-22T10:53:31.245] [DEBUG] trans - Receipt info:  {
	"blockHash": "0x5a1d75a74297d98f750a6ec00040e1dc3a98ea4cb2f16525c0d236fe1ea744ec",
	"blockNumber": 5485163,
	"contractAddress": null,
	"cumulativeGasUsed": 447261,
	"gasUsed": 51589,
	"logs": [
		{
			"address": "0x7e9e431a0B8c4D532C745B1043c7FA29a48D4fBa",
			"blockHash": "0x5a1d75a74297d98f750a6ec00040e1dc3a98ea4cb2f16525c0d236fe1ea744ec",
			"blockNumber": 5485163,
			"data": "0x0000000000000000000000000000000000000000000000142aae6fcdeefa0000",
			"logIndex": 8,
			"topics": [
				"0xddf252ad1be2c89b69c2b068fc378daa952ba7f163c4a11628f55a4df523b3ef",
				"0x000000000000000000000000468b858c964f297fd8fce058032bf4b4911a8ad8",
				"0x000000000000000000000000929b4f71bc313e4aec93d5a8f9f9770c4bae8270"
			],
			"transactionHash": "0x47a3812ff10c3622522b820724e74ff56a82aa7d5b432d8cefefadd0cda06fd0",
			"transactionIndex": 8,
			"transactionLogIndex": "0x0",
			"type": "mined",
			"id": "log_29de3369"
		}
	],
	"logsBloom": "0x00000000000000000000000000020000000000000000000000000000000000000000000000000000000000000000000000000000000000000000000000000000000000000000010000000008000000000000000000000000000000000020000000000000000000000000000000000000000000000000000000000010000000000000000000000000000000000000408000000000000000000000000000000000000000000000000080000000000000000000000000000000000000010000000000001002000000020000000000000000000000000000000000000000000000000000000000000000000000000000000000000000000000000000000000000000",
	"root": null,
	"status": "0x1",
	"transactionHash": "0x47a3812ff10c3622522b820724e74ff56a82aa7d5b432d8cefefadd0cda06fd0",
	"transactionIndex": 8
}
[2018-04-22T10:53:41.263] [DEBUG] trans - TO:   0x3d9ff57e0fc1d2c147f3a43e60226c290724aeff
[2018-04-22T10:53:41.263] [DEBUG] trans - AMOUNT:   372000000000000000000
[2018-04-22T10:53:41.263] [DEBUG] trans - Receipt info:  {
	"blockHash": "0xff094c3330ce5b1e28109eaa0a312d85affbbb875ad020d28fe3b0ac3c7d4e29",
	"blockNumber": 5485164,
	"contractAddress": null,
	"cumulativeGasUsed": 2124305,
	"gasUsed": 51589,
	"logs": [
		{
			"address": "0x7e9e431a0B8c4D532C745B1043c7FA29a48D4fBa",
			"blockHash": "0xff094c3330ce5b1e28109eaa0a312d85affbbb875ad020d28fe3b0ac3c7d4e29",
			"blockNumber": 5485164,
			"data": "0x0000000000000000000000000000000000000000000000142a897d0f3d500000",
			"logIndex": 31,
			"topics": [
				"0xddf252ad1be2c89b69c2b068fc378daa952ba7f163c4a11628f55a4df523b3ef",
				"0x000000000000000000000000468b858c964f297fd8fce058032bf4b4911a8ad8",
				"0x0000000000000000000000003d9ff57e0fc1d2c147f3a43e60226c290724aeff"
			],
			"transactionHash": "0x2796623fb0d0f2b3ac5f4230b88219df10253f9d4fb662a9fd853a050360e2d8",
			"transactionIndex": 55,
			"transactionLogIndex": "0x0",
			"type": "mined",
			"id": "log_ad2a370c"
		}
	],
	"logsBloom": "0x00000000000000000000000000020000000000000000000000000000000000000000000000000000000000000000000000020000000000000000000000000000000000000000010000000008000000000000000000000000000000000020000000000000000000000000000000000000000000000000000000000010080200000000000000000000000000000000000000000000000000000000000000000000000000000000000080000000000000000000000000000000000000010000000000001002000000000000000000000000000000000000000000000000000000000000000000000000000000000000000000000000000000000000000000000000",
	"root": null,
	"status": "0x1",
	"transactionHash": "0x2796623fb0d0f2b3ac5f4230b88219df10253f9d4fb662a9fd853a050360e2d8",
	"transactionIndex": 55
}
[2018-04-22T10:53:41.266] [DEBUG] trans - TO:   0x84faab50efcb60e7e7fb54a64a0fc6710349dfde
[2018-04-22T10:53:41.266] [DEBUG] trans - AMOUNT:   372000000000000000000
[2018-04-22T10:53:41.266] [DEBUG] trans - Receipt info:  {
	"blockHash": "0xff094c3330ce5b1e28109eaa0a312d85affbbb875ad020d28fe3b0ac3c7d4e29",
	"blockNumber": 5485164,
	"contractAddress": null,
	"cumulativeGasUsed": 7249542,
	"gasUsed": 51589,
	"logs": [
		{
			"address": "0x7e9e431a0B8c4D532C745B1043c7FA29a48D4fBa",
			"blockHash": "0xff094c3330ce5b1e28109eaa0a312d85affbbb875ad020d28fe3b0ac3c7d4e29",
			"blockNumber": 5485164,
			"data": "0x0000000000000000000000000000000000000000000000142a897d0f3d500000",
			"logIndex": 73,
			"topics": [
				"0xddf252ad1be2c89b69c2b068fc378daa952ba7f163c4a11628f55a4df523b3ef",
				"0x000000000000000000000000468b858c964f297fd8fce058032bf4b4911a8ad8",
				"0x00000000000000000000000084faab50efcb60e7e7fb54a64a0fc6710349dfde"
			],
			"transactionHash": "0x4784d4ba75a5485a8212f0c915f56e6beef0dd2d567a7b40398b858516e68f86",
			"transactionIndex": 148,
			"transactionLogIndex": "0x0",
			"type": "mined",
			"id": "log_ef0d541d"
		}
	],
	"logsBloom": "0x00000000000000000000000000020000000000000004000000000000000000000000000000000000000000000000000000000000000000000000000000000000000000000000010000000008000000000000000000000000000000000020000000000000000000000000000000000000000000000000000000000010000000000000000000000000000000000000000000000000000000000000000000000000000000100000000080000000000000000000000000000000000000010000000000001002200000000000000000000000000000000000000000000000000000000000000000000000000000000000000000000000000000000000000000000000",
	"root": null,
	"status": "0x1",
	"transactionHash": "0x4784d4ba75a5485a8212f0c915f56e6beef0dd2d567a7b40398b858516e68f86",
	"transactionIndex": 148
}
[2018-04-22T10:53:41.266] [DEBUG] trans - TO:   0xe2a5b2384a70b2f53036cc0bed974d00b8fb5147
[2018-04-22T10:53:41.266] [DEBUG] trans - AMOUNT:   371987700000000000000
[2018-04-22T10:53:41.266] [DEBUG] trans - Receipt info:  {
	"blockHash": "0xff094c3330ce5b1e28109eaa0a312d85affbbb875ad020d28fe3b0ac3c7d4e29",
	"blockNumber": 5485164,
	"contractAddress": null,
	"cumulativeGasUsed": 7806645,
	"gasUsed": 51589,
	"logs": [
		{
			"address": "0x7e9e431a0B8c4D532C745B1043c7FA29a48D4fBa",
			"blockHash": "0xff094c3330ce5b1e28109eaa0a312d85affbbb875ad020d28fe3b0ac3c7d4e29",
			"blockNumber": 5485164,
			"data": "0x0000000000000000000000000000000000000000000000142a5dca4652934000",
			"logIndex": 79,
			"topics": [
				"0xddf252ad1be2c89b69c2b068fc378daa952ba7f163c4a11628f55a4df523b3ef",
				"0x000000000000000000000000468b858c964f297fd8fce058032bf4b4911a8ad8",
				"0x000000000000000000000000e2a5b2384a70b2f53036cc0bed974d00b8fb5147"
			],
			"transactionHash": "0xba908f7daf5be2708adab1fcc1b1d628da34694d75b94e25fa3efbcca511189b",
			"transactionIndex": 157,
			"transactionLogIndex": "0x0",
			"type": "mined",
			"id": "log_405483cc"
		}
	],
	"logsBloom": "0x00000000000000000000000000420000000000000000000000000000000000000000000000000000000000000000000000000000000000000000000000000000000000000000010000000008000000000000000000000000000000000020000000020000000000000000000000000000000000000000000000000010000000000000000000000000000000000000000000000000000000000000000000000000000000000000000080000000000000000000000000000008000000010000000000001002000000000000000000000000000000000000000000000000000000000000000000000000000000000000000000000000000000000000000000000000",
	"root": null,
	"status": "0x1",
	"transactionHash": "0xba908f7daf5be2708adab1fcc1b1d628da34694d75b94e25fa3efbcca511189b",
	"transactionIndex": 157
}
[2018-04-22T10:53:53.278] [DEBUG] trans - TO:   0x50962c41d39c5e02fe84e9207fea97d13df16034
[2018-04-22T10:53:53.278] [DEBUG] trans - AMOUNT:   371975500000000000000
[2018-04-22T10:53:53.278] [DEBUG] trans - Receipt info:  {
	"blockHash": "0x7496f16bb59a340c83cfd7cb69a3e6558176b39a8a581f153212ba8e180bc80a",
	"blockNumber": 5485165,
	"contractAddress": null,
	"cumulativeGasUsed": 492931,
	"gasUsed": 51653,
	"logs": [
		{
			"address": "0x7e9e431a0B8c4D532C745B1043c7FA29a48D4fBa",
			"blockHash": "0x7496f16bb59a340c83cfd7cb69a3e6558176b39a8a581f153212ba8e180bc80a",
			"blockNumber": 5485165,
			"data": "0x0000000000000000000000000000000000000000000000142a3272707850c000",
			"logIndex": 9,
			"topics": [
				"0xddf252ad1be2c89b69c2b068fc378daa952ba7f163c4a11628f55a4df523b3ef",
				"0x000000000000000000000000468b858c964f297fd8fce058032bf4b4911a8ad8",
				"0x00000000000000000000000050962c41d39c5e02fe84e9207fea97d13df16034"
			],
			"transactionHash": "0x491291ec2e28e75738d8c2445f9bf11b076cffbbf1121dc34194817712842a80",
			"transactionIndex": 12,
			"transactionLogIndex": "0x0",
			"type": "mined",
			"id": "log_253acfa5"
		}
	],
	"logsBloom": "0x00000000000000000000000000020000000000000000000000000000000000000000000000000000000000000000000000000000000000000000000000000000000000000000010000000008000000000000000000000000000000000020000000000000000000000000000000000000000000000000000000000010000000000000000000000000000000000000000000000000000000001000000000000000000000000000000080000000000000000000000000080000000000010000000000001002000000000000000000400000000000000000000000000000000000000000000000000000000000000000000000000000000000000000000000000000",
	"root": null,
	"status": "0x1",
	"transactionHash": "0x491291ec2e28e75738d8c2445f9bf11b076cffbbf1121dc34194817712842a80",
	"transactionIndex": 12
}
[2018-04-22T10:53:53.279] [DEBUG] trans - TO:   0xdebdf4bae11a7f435a88f786b254ac36a3e362a8
[2018-04-22T10:53:53.279] [DEBUG] trans - AMOUNT:   371927000000000000000
[2018-04-22T10:53:53.279] [DEBUG] trans - Receipt info:  {
	"blockHash": "0x7496f16bb59a340c83cfd7cb69a3e6558176b39a8a581f153212ba8e180bc80a",
	"blockNumber": 5485165,
	"contractAddress": null,
	"cumulativeGasUsed": 6508840,
	"gasUsed": 51653,
	"logs": [
		{
			"address": "0x7e9e431a0B8c4D532C745B1043c7FA29a48D4fBa",
			"blockHash": "0x7496f16bb59a340c83cfd7cb69a3e6558176b39a8a581f153212ba8e180bc80a",
			"blockNumber": 5485165,
			"data": "0x000000000000000000000000000000000000000000000014298623f240b58000",
			"logIndex": 233,
			"topics": [
				"0xddf252ad1be2c89b69c2b068fc378daa952ba7f163c4a11628f55a4df523b3ef",
				"0x000000000000000000000000468b858c964f297fd8fce058032bf4b4911a8ad8",
				"0x000000000000000000000000debdf4bae11a7f435a88f786b254ac36a3e362a8"
			],
			"transactionHash": "0x8227befcee6ca477559a463b7b54dbf355fd61648be1477b8f695f7c944ecdf2",
			"transactionIndex": 48,
			"transactionLogIndex": "0x0",
			"type": "mined",
			"id": "log_bbea28af"
		}
	],
	"logsBloom": "0x00000000000000000000000000020000000000000000000000000000000000000000000000000000000000000000000000000000000000000000000000000000000000004000010000000008000000000000000000000000000000000020000000000000000000000000000000000000000000000000000000000010000000000000000000000000000000000000000000000000000000000000000000000000000000000000000080000000000200000000000000000000000000010000000000001002000000000000000000000000000000000000000000000000000000000000000000004000000000000000000000000000000000000000000000000000",
	"root": null,
	"status": "0x1",
	"transactionHash": "0x8227befcee6ca477559a463b7b54dbf355fd61648be1477b8f695f7c944ecdf2",
	"transactionIndex": 48
}
[2018-04-22T10:53:53.280] [DEBUG] trans - TO:   0x367a47ba8fd1bb1a2b1eed8417ce576d456ed999
[2018-04-22T10:53:53.280] [DEBUG] trans - AMOUNT:   371864200000000000000
[2018-04-22T10:53:53.280] [DEBUG] trans - Receipt info:  {
	"blockHash": "0x7496f16bb59a340c83cfd7cb69a3e6558176b39a8a581f153212ba8e180bc80a",
	"blockNumber": 5485165,
	"contractAddress": null,
	"cumulativeGasUsed": 7598165,
	"gasUsed": 51653,
	"logs": [
		{
			"address": "0x7e9e431a0B8c4D532C745B1043c7FA29a48D4fBa",
			"blockHash": "0x7496f16bb59a340c83cfd7cb69a3e6558176b39a8a581f153212ba8e180bc80a",
			"blockNumber": 5485165,
			"data": "0x00000000000000000000000000000000000000000000001428a707add4d08000",
			"logIndex": 242,
			"topics": [
				"0xddf252ad1be2c89b69c2b068fc378daa952ba7f163c4a11628f55a4df523b3ef",
				"0x000000000000000000000000468b858c964f297fd8fce058032bf4b4911a8ad8",
				"0x000000000000000000000000367a47ba8fd1bb1a2b1eed8417ce576d456ed999"
			],
			"transactionHash": "0x2ffa1897651893cecbc25012d106af291c26f1c72a6bb2217c5dd0a191db1d7f",
			"transactionIndex": 61,
			"transactionLogIndex": "0x0",
			"type": "mined",
			"id": "log_3e35f2a8"
		}
	],
	"logsBloom": "0x00000000000000000000000000020000000000000000000000000000000000000000000000000000000000000000000000000000000020000000800000000000000000000000010000000008000000000000000000000000000000000020000000000000000000000000000000000000000000000000000000000010000000000000000000000000000000000000000000000000000000000000000000000000000000000000000080000800000000000000000000000000000000010000000000001002000000000000000000000000000000000000000000000000000000000000000000000000000000000000000000000000000000000000000000000000",
	"root": null,
	"status": "0x1",
	"transactionHash": "0x2ffa1897651893cecbc25012d106af291c26f1c72a6bb2217c5dd0a191db1d7f",
	"transactionIndex": 61
}
[2018-04-22T10:53:53.280] [DEBUG] trans - TO:   0x59e35e3bdd9d1d20d566e0ece63a55254646c313
[2018-04-22T10:53:53.280] [DEBUG] trans - AMOUNT:   371900000000000000000
[2018-04-22T10:53:53.280] [DEBUG] trans - Receipt info:  {
	"blockHash": "0x7496f16bb59a340c83cfd7cb69a3e6558176b39a8a581f153212ba8e180bc80a",
	"blockNumber": 5485165,
	"contractAddress": null,
	"cumulativeGasUsed": 6885927,
	"gasUsed": 51589,
	"logs": [
		{
			"address": "0x7e9e431a0B8c4D532C745B1043c7FA29a48D4fBa",
			"blockHash": "0x7496f16bb59a340c83cfd7cb69a3e6558176b39a8a581f153212ba8e180bc80a",
			"blockNumber": 5485165,
			"data": "0x00000000000000000000000000000000000000000000001429263796dfc60000",
			"logIndex": 236,
			"topics": [
				"0xddf252ad1be2c89b69c2b068fc378daa952ba7f163c4a11628f55a4df523b3ef",
				"0x000000000000000000000000468b858c964f297fd8fce058032bf4b4911a8ad8",
				"0x00000000000000000000000059e35e3bdd9d1d20d566e0ece63a55254646c313"
			],
			"transactionHash": "0xf8a2197db7936d1fc45289b0e26a76dadd5f7e3b0ab40c7bd8a9642e5e299b0b",
			"transactionIndex": 53,
			"transactionLogIndex": "0x0",
			"type": "mined",
			"id": "log_c16aedc4"
		}
	],
	"logsBloom": "0x00000000000000000000000000020000000000000000000000000000000000000000000000000000000000000020000000000000000000000000000000000200000000000000010000000008000000000000000000000000000000000020000000000000000000000000000000000000000000000000000000000010000000000000000000000000000000000000000000000000000000000000000000000000000000000000000080000000000000000000000000000000000000010000000000001002000000000000000000000000000000000000000000000000000000000000000000000000000000000000000000000000000000000000000000000000",
	"root": null,
	"status": "0x1",
	"transactionHash": "0xf8a2197db7936d1fc45289b0e26a76dadd5f7e3b0ab40c7bd8a9642e5e299b0b",
	"transactionIndex": 53
}
[2018-04-22T10:53:53.282] [DEBUG] trans - TO:   0xa4dabb54106da59554895d6e3fdf1d899dd22bf6
[2018-04-22T10:53:53.282] [DEBUG] trans - AMOUNT:   371857800000000000000
[2018-04-22T10:53:53.282] [DEBUG] trans - Receipt info:  {
	"blockHash": "0x7496f16bb59a340c83cfd7cb69a3e6558176b39a8a581f153212ba8e180bc80a",
	"blockNumber": 5485165,
	"contractAddress": null,
	"cumulativeGasUsed": 7709487,
	"gasUsed": 51653,
	"logs": [
		{
			"address": "0x7e9e431a0B8c4D532C745B1043c7FA29a48D4fBa",
			"blockHash": "0x7496f16bb59a340c83cfd7cb69a3e6558176b39a8a581f153212ba8e180bc80a",
			"blockNumber": 5485165,
			"data": "0x00000000000000000000000000000000000000000000001428904ae9b6408000",
			"logIndex": 245,
			"topics": [
				"0xddf252ad1be2c89b69c2b068fc378daa952ba7f163c4a11628f55a4df523b3ef",
				"0x000000000000000000000000468b858c964f297fd8fce058032bf4b4911a8ad8",
				"0x000000000000000000000000a4dabb54106da59554895d6e3fdf1d899dd22bf6"
			],
			"transactionHash": "0x1cf8c8edecf7bc578baa06b6c10f308d15f9d5a453f9082444cd531cdb4f44cc",
			"transactionIndex": 64,
			"transactionLogIndex": "0x0",
			"type": "mined",
			"id": "log_940e7084"
		}
	],
	"logsBloom": "0x00000000000000000000000000020000000000000000000000000000000000000000000000000000000000000000000000000000000000000000000000000000000000000000010000000008000000000000000000000000000000000020000000000000000000000000000000000000000000000000000000000010000000000000000100008000000000000000000000000000000000000000000000000000000000000000000080000000000000000000000000000000000000010000000000001002000000000000000000000000000000000000000000000000000000000000000000000000000000000000000002000000000000000000000000000000",
	"root": null,
	"status": "0x1",
	"transactionHash": "0x1cf8c8edecf7bc578baa06b6c10f308d15f9d5a453f9082444cd531cdb4f44cc",
	"transactionIndex": 64
}
[2018-04-22T10:53:53.282] [DEBUG] trans - TO:   0x4ed33a16d627b49dee0a4ef0a8f9e8ec0cd42ff5
[2018-04-22T10:53:53.282] [DEBUG] trans - AMOUNT:   371896000000000000000
[2018-04-22T10:53:53.282] [DEBUG] trans - Receipt info:  {
	"blockHash": "0x7496f16bb59a340c83cfd7cb69a3e6558176b39a8a581f153212ba8e180bc80a",
	"blockNumber": 5485165,
	"contractAddress": null,
	"cumulativeGasUsed": 7242014,
	"gasUsed": 51589,
	"logs": [
		{
			"address": "0x7e9e431a0B8c4D532C745B1043c7FA29a48D4fBa",
			"blockHash": "0x7496f16bb59a340c83cfd7cb69a3e6558176b39a8a581f153212ba8e180bc80a",
			"blockNumber": 5485165,
			"data": "0x0000000000000000000000000000000000000000000000142918019c4cac0000",
			"logIndex": 239,
			"topics": [
				"0xddf252ad1be2c89b69c2b068fc378daa952ba7f163c4a11628f55a4df523b3ef",
				"0x000000000000000000000000468b858c964f297fd8fce058032bf4b4911a8ad8",
				"0x0000000000000000000000004ed33a16d627b49dee0a4ef0a8f9e8ec0cd42ff5"
			],
			"transactionHash": "0x3ffb88d06acd375c70fbb41a9204b360922a2c008ac3657c94ca5f7476c101f0",
			"transactionIndex": 57,
			"transactionLogIndex": "0x0",
			"type": "mined",
			"id": "log_c4d51d77"
		}
	],
	"logsBloom": "0x00000000000000000000000000020000000000000000000000000000000000000000000000000000000040000000000000000000000000000000000000000000000000000000010004000008000000000000000000000000000000000020000000000000000000000000000000000000000000000000000000000050000000000000000000000000000000000000000000000000000000000000000000000000000000000000000080000000000000000000000000000000000000010000000000001002000000000000000000000000000000000000000000000000000000000000000000000000000000000000000000000000000000000000000000000000",
	"root": null,
	"status": "0x1",
	"transactionHash": "0x3ffb88d06acd375c70fbb41a9204b360922a2c008ac3657c94ca5f7476c101f0",
	"transactionIndex": 57
}
[2018-04-22T10:53:53.284] [DEBUG] trans - TO:   0x60d235a49fe96fc8114ea2c624a65b420314a747
[2018-04-22T10:53:53.284] [DEBUG] trans - AMOUNT:   371827000000000000000
[2018-04-22T10:53:53.284] [DEBUG] trans - Receipt info:  {
	"blockHash": "0x7496f16bb59a340c83cfd7cb69a3e6558176b39a8a581f153212ba8e180bc80a",
	"blockNumber": 5485165,
	"contractAddress": null,
	"cumulativeGasUsed": 7761140,
	"gasUsed": 51653,
	"logs": [
		{
			"address": "0x7e9e431a0B8c4D532C745B1043c7FA29a48D4fBa",
			"blockHash": "0x7496f16bb59a340c83cfd7cb69a3e6558176b39a8a581f153212ba8e180bc80a",
			"blockNumber": 5485165,
			"data": "0x0000000000000000000000000000000000000000000000142822de79e32b8000",
			"logIndex": 246,
			"topics": [
				"0xddf252ad1be2c89b69c2b068fc378daa952ba7f163c4a11628f55a4df523b3ef",
				"0x000000000000000000000000468b858c964f297fd8fce058032bf4b4911a8ad8",
				"0x00000000000000000000000060d235a49fe96fc8114ea2c624a65b420314a747"
			],
			"transactionHash": "0x34690a96a8f681cbe488fc7743c590f5a01dab4186a6e3df13e037825c1b4e0f",
			"transactionIndex": 65,
			"transactionLogIndex": "0x0",
			"type": "mined",
			"id": "log_cf0e2cbd"
		}
	],
	"logsBloom": "0x00000000000000000000000000020000000000000000000000000000000000000000000000000000000000000000000000000000000000000000000000000000000000000800010000000008000000000000000000000000000000000020000000000000000000000000000000000000000000000000000000000010000000000000000000000000000000000000000000000000000000000000000000000000000000000000000080000000000000000000000000000000000000010000000000001002000000000000000000000000000000010000000000000000000000000000000000200000000000000000000000000000000000000000000000000000",
	"root": null,
	"status": "0x1",
	"transactionHash": "0x34690a96a8f681cbe488fc7743c590f5a01dab4186a6e3df13e037825c1b4e0f",
	"transactionIndex": 65
}
[2018-04-22T10:53:53.284] [DEBUG] trans - TO:   0x760c2617f5107c46bf2d05afa0c74c79e9114b09
[2018-04-22T10:53:53.284] [DEBUG] trans - AMOUNT:   371825000000000000000
[2018-04-22T10:53:53.284] [DEBUG] trans - Receipt info:  {
	"blockHash": "0x7496f16bb59a340c83cfd7cb69a3e6558176b39a8a581f153212ba8e180bc80a",
	"blockNumber": 5485165,
	"contractAddress": null,
	"cumulativeGasUsed": 7812793,
	"gasUsed": 51653,
	"logs": [
		{
			"address": "0x7e9e431a0B8c4D532C745B1043c7FA29a48D4fBa",
			"blockHash": "0x7496f16bb59a340c83cfd7cb69a3e6558176b39a8a581f153212ba8e180bc80a",
			"blockNumber": 5485165,
			"data": "0x000000000000000000000000000000000000000000000014281bc37c999e8000",
			"logIndex": 247,
			"topics": [
				"0xddf252ad1be2c89b69c2b068fc378daa952ba7f163c4a11628f55a4df523b3ef",
				"0x000000000000000000000000468b858c964f297fd8fce058032bf4b4911a8ad8",
				"0x000000000000000000000000760c2617f5107c46bf2d05afa0c74c79e9114b09"
			],
			"transactionHash": "0x207fd7dec049f05e94a1d0f8f9731077dd976c48e4a2415324d60d7ecef81da6",
			"transactionIndex": 66,
			"transactionLogIndex": "0x0",
			"type": "mined",
			"id": "log_d2bac08b"
		}
	],
	"logsBloom": "0x00000000000000000000000000020000000000000000000000000000000000000000000000000000000000000000000000000000000000000000000000000002000000000000010000000008000000000000000000000000000000000020000000000000000000000000000000000000000000000000000000000010000000000000000000000000000000000000000000000000000000000000000000000000000000000000000080000000000000004000000000000000100000010000000000001002000000000000000000000000000000000000000000000000000000000000000000000000000000000000000000000000000000000000000000000000",
	"root": null,
	"status": "0x1",
	"transactionHash": "0x207fd7dec049f05e94a1d0f8f9731077dd976c48e4a2415324d60d7ecef81da6",
	"transactionIndex": 66
}
[2018-04-22T10:53:53.285] [DEBUG] trans - TO:   0xa2f09b1656f49d11d033f894c6ad33d5316d03c1
[2018-04-22T10:53:53.285] [DEBUG] trans - AMOUNT:   371812700000000000000
[2018-04-22T10:53:53.285] [DEBUG] trans - Receipt info:  {
	"blockHash": "0x7496f16bb59a340c83cfd7cb69a3e6558176b39a8a581f153212ba8e180bc80a",
	"blockNumber": 5485165,
	"contractAddress": null,
	"cumulativeGasUsed": 7864446,
	"gasUsed": 51653,
	"logs": [
		{
			"address": "0x7e9e431a0B8c4D532C745B1043c7FA29a48D4fBa",
			"blockHash": "0x7496f16bb59a340c83cfd7cb69a3e6558176b39a8a581f153212ba8e180bc80a",
			"blockNumber": 5485165,
			"data": "0x00000000000000000000000000000000000000000000001427f010b3aee1c000",
			"logIndex": 248,
			"topics": [
				"0xddf252ad1be2c89b69c2b068fc378daa952ba7f163c4a11628f55a4df523b3ef",
				"0x000000000000000000000000468b858c964f297fd8fce058032bf4b4911a8ad8",
				"0x000000000000000000000000a2f09b1656f49d11d033f894c6ad33d5316d03c1"
			],
			"transactionHash": "0x98b4adfb27e7f2cfcc2c8dec2e928eac86145355a62b7110bbad5db0e0443e42",
			"transactionIndex": 67,
			"transactionLogIndex": "0x0",
			"type": "mined",
			"id": "log_fbc4a17d"
		}
	],
	"logsBloom": "0x00000000000000000000000000020000000000000000000000000000000000000000100000000000000000000000000800000000000000000000000001000000000000000000010000000008000000000000000000000000000000000020000000000000000000000000000000000000000000000000000000000010000000000000000000000000000000000000000000000000000000000000000000000000000000000000000080000000000000000000000000000000000000010000000000001002000000000000000000000000000000000000000000000000000000000000000000000000000000000000000000000000000000000000000000000000",
	"root": null,
	"status": "0x1",
	"transactionHash": "0x98b4adfb27e7f2cfcc2c8dec2e928eac86145355a62b7110bbad5db0e0443e42",
	"transactionIndex": 67
}
[2018-04-22T10:54:03.291] [DEBUG] trans - TO:   0x91bf2e3b2fda334e3a1e6f2cb39e6c15ee315dd7
[2018-04-22T10:54:03.291] [DEBUG] trans - AMOUNT:   371711700000000000000
[2018-04-22T10:54:03.291] [DEBUG] trans - Receipt info:  {
	"blockHash": "0x68f6f84b01701ff65f4bfa0dc67c2fd453be270c2d752a61c710cad216b7b8c4",
	"blockNumber": 5485166,
	"contractAddress": null,
	"cumulativeGasUsed": 1338893,
	"gasUsed": 51653,
	"logs": [
		{
			"address": "0x7e9e431a0B8c4D532C745B1043c7FA29a48D4fBa",
			"blockHash": "0x68f6f84b01701ff65f4bfa0dc67c2fd453be270c2d752a61c710cad216b7b8c4",
			"blockNumber": 5485166,
			"data": "0x00000000000000000000000000000000000000000000001426893dbcac914000",
			"logIndex": 14,
			"topics": [
				"0xddf252ad1be2c89b69c2b068fc378daa952ba7f163c4a11628f55a4df523b3ef",
				"0x000000000000000000000000468b858c964f297fd8fce058032bf4b4911a8ad8",
				"0x00000000000000000000000091bf2e3b2fda334e3a1e6f2cb39e6c15ee315dd7"
			],
			"transactionHash": "0xb395a3952c76b1eeec73e3d3cde78699b4033f6030ab22868c94183a2329c650",
			"transactionIndex": 40,
			"transactionLogIndex": "0x0",
			"type": "mined",
			"id": "log_449a40db"
		}
	],
	"logsBloom": "0x00000000000000000000000000020000000000000000000000000000000000000000000000000000000000000000000000000000000000000000000000000000000000000000010000000808000000000000000000000000000000000020000000000000000000000000000000000000000000000000000000000010000000000000000000000000000000000000000000000000000000000000000000000000000000000000000080000000000000000000000000000000000000010020000000001002000000000000000000000000000000000000000000000000000000000200000000000000000000000000000000000000000000000000000000000000",
	"root": null,
	"status": "0x1",
	"transactionHash": "0xb395a3952c76b1eeec73e3d3cde78699b4033f6030ab22868c94183a2329c650",
	"transactionIndex": 40
}
[2018-04-22T10:54:03.292] [DEBUG] trans - TO:   0xe40b4074afd06197ce68974b722d0f83f70d2246
[2018-04-22T10:54:03.292] [DEBUG] trans - AMOUNT:   371640000000000000000
[2018-04-22T10:54:03.292] [DEBUG] trans - Receipt info:  {
	"blockHash": "0x68f6f84b01701ff65f4bfa0dc67c2fd453be270c2d752a61c710cad216b7b8c4",
	"blockNumber": 5485166,
	"contractAddress": null,
	"cumulativeGasUsed": 1545377,
	"gasUsed": 51589,
	"logs": [
		{
			"address": "0x7e9e431a0B8c4D532C745B1043c7FA29a48D4fBa",
			"blockHash": "0x68f6f84b01701ff65f4bfa0dc67c2fd453be270c2d752a61c710cad216b7b8c4",
			"blockNumber": 5485166,
			"data": "0x000000000000000000000000000000000000000000000014258a82f7862c0000",
			"logIndex": 18,
			"topics": [
				"0xddf252ad1be2c89b69c2b068fc378daa952ba7f163c4a11628f55a4df523b3ef",
				"0x000000000000000000000000468b858c964f297fd8fce058032bf4b4911a8ad8",
				"0x000000000000000000000000e40b4074afd06197ce68974b722d0f83f70d2246"
			],
			"transactionHash": "0x96dfff7c68b449b2eb1a1da485e637185cfdaf6ba2f023a99964753070302cbc",
			"transactionIndex": 44,
			"transactionLogIndex": "0x0",
			"type": "mined",
			"id": "log_c6e06a3e"
		}
	],
	"logsBloom": "0x00000000000000000000000000020000000010000000000000000000000000000000000000000000020000000000000000000000000000000000000000000000000000000000010000000008000000000000000000000000000000000020000000000000000000000000000000000000000000000000000000000010000000000000000000000000000000000000000000000000000000000000000000000000000000000000000080000000000000000000000000000000000000010000000000001002000000000000000000000000000000000000000000000000000000000000000000000080000000000000000000000000000000000000000000000000",
	"root": null,
	"status": "0x1",
	"transactionHash": "0x96dfff7c68b449b2eb1a1da485e637185cfdaf6ba2f023a99964753070302cbc",
	"transactionIndex": 44
}
[2018-04-22T10:54:03.292] [DEBUG] trans - TO:   0x495be4470f0502281e0b4bacf45d9e194a5f0f87
[2018-04-22T10:54:03.292] [DEBUG] trans - AMOUNT:   371710200000000000000
[2018-04-22T10:54:03.292] [DEBUG] trans - Receipt info:  {
	"blockHash": "0x68f6f84b01701ff65f4bfa0dc67c2fd453be270c2d752a61c710cad216b7b8c4",
	"blockNumber": 5485166,
	"contractAddress": null,
	"cumulativeGasUsed": 1390546,
	"gasUsed": 51653,
	"logs": [
		{
			"address": "0x7e9e431a0B8c4D532C745B1043c7FA29a48D4fBa",
			"blockHash": "0x68f6f84b01701ff65f4bfa0dc67c2fd453be270c2d752a61c710cad216b7b8c4",
			"blockNumber": 5485166,
			"data": "0x0000000000000000000000000000000000000000000000142683e97eb5678000",
			"logIndex": 15,
			"topics": [
				"0xddf252ad1be2c89b69c2b068fc378daa952ba7f163c4a11628f55a4df523b3ef",
				"0x000000000000000000000000468b858c964f297fd8fce058032bf4b4911a8ad8",
				"0x000000000000000000000000495be4470f0502281e0b4bacf45d9e194a5f0f87"
			],
			"transactionHash": "0x2a530ae115a366991805f23a5980873c7a384149433f610758cd98ddc1c0c1fd",
			"transactionIndex": 41,
			"transactionLogIndex": "0x0",
			"type": "mined",
			"id": "log_4574947a"
		}
	],
	"logsBloom": "0x00000000000000000000100000020000000000000000000000000000000000000000000000000000000000000000000000000000000000000000000000000000000000000000010000000008000000000000000000000000000000000020000000000000000800000000000000000000000000000000000000000010000000000000000000000000000000000000000000000000000000000000000000000000000000000000000080000000000000000000000000000000000000010000000000001002000000000000000000000000000000000000000000000000000000000000000000000000000000000000000000000000000000000000000400000000",
	"root": null,
	"status": "0x1",
	"transactionHash": "0x2a530ae115a366991805f23a5980873c7a384149433f610758cd98ddc1c0c1fd",
	"transactionIndex": 41
}
[2018-04-22T10:54:03.293] [DEBUG] trans - TO:   0x6d90e422b7ea770cb2a0a6a5893d6a8eb049fdf6
[2018-04-22T10:54:03.293] [DEBUG] trans - AMOUNT:   371656000000000000000
[2018-04-22T10:54:03.293] [DEBUG] trans - Receipt info:  {
	"blockHash": "0x68f6f84b01701ff65f4bfa0dc67c2fd453be270c2d752a61c710cad216b7b8c4",
	"blockNumber": 5485166,
	"contractAddress": null,
	"cumulativeGasUsed": 1442135,
	"gasUsed": 51589,
	"logs": [
		{
			"address": "0x7e9e431a0B8c4D532C745B1043c7FA29a48D4fBa",
			"blockHash": "0x68f6f84b01701ff65f4bfa0dc67c2fd453be270c2d752a61c710cad216b7b8c4",
			"blockNumber": 5485166,
			"data": "0x00000000000000000000000000000000000000000000001425c35ae1d2940000",
			"logIndex": 16,
			"topics": [
				"0xddf252ad1be2c89b69c2b068fc378daa952ba7f163c4a11628f55a4df523b3ef",
				"0x000000000000000000000000468b858c964f297fd8fce058032bf4b4911a8ad8",
				"0x0000000000000000000000006d90e422b7ea770cb2a0a6a5893d6a8eb049fdf6"
			],
			"transactionHash": "0xe713c4f94e299e11ec161dcf270e2e6aec139eb0354e3b25e245079c93cdf5f5",
			"transactionIndex": 42,
			"transactionLogIndex": "0x0",
			"type": "mined",
			"id": "log_5e647040"
		}
	],
	"logsBloom": "0x00000000000000000000000000020000000000000000000000000000000000000000000040000000000000000000000000000000000000000000000000040000000000000000010000000008000000000000000000000000000000000020000000000000000000000000000000000000000000000000000000000010000000000000000000000000000000000000000000000000000000000000000000000000000000000000000080040000000000000000000000000000000000010000000000001002000000000000000000000000000000000000000000000000000000000000000000000000000000000000000000000000000000000000000000000000",
	"root": null,
	"status": "0x1",
	"transactionHash": "0xe713c4f94e299e11ec161dcf270e2e6aec139eb0354e3b25e245079c93cdf5f5",
	"transactionIndex": 42
}
[2018-04-22T10:54:03.293] [DEBUG] trans - TO:   0x75d109832c7937abc12ebdae357361ab213badee
[2018-04-22T10:54:03.293] [DEBUG] trans - AMOUNT:   371620800000000000000
[2018-04-22T10:54:03.293] [DEBUG] trans - Receipt info:  {
	"blockHash": "0x68f6f84b01701ff65f4bfa0dc67c2fd453be270c2d752a61c710cad216b7b8c4",
	"blockNumber": 5485166,
	"contractAddress": null,
	"cumulativeGasUsed": 1596966,
	"gasUsed": 51589,
	"logs": [
		{
			"address": "0x7e9e431a0B8c4D532C745B1043c7FA29a48D4fBa",
			"blockHash": "0x68f6f84b01701ff65f4bfa0dc67c2fd453be270c2d752a61c710cad216b7b8c4",
			"blockNumber": 5485166,
			"data": "0x00000000000000000000000000000000000000000000001425464cab2a7c0000",
			"logIndex": 19,
			"topics": [
				"0xddf252ad1be2c89b69c2b068fc378daa952ba7f163c4a11628f55a4df523b3ef",
				"0x000000000000000000000000468b858c964f297fd8fce058032bf4b4911a8ad8",
				"0x00000000000000000000000075d109832c7937abc12ebdae357361ab213badee"
			],
			"transactionHash": "0xd0035cd6deeefd5694dfa7672a40ed94a502f5c3300001d537cf45b2ce9928b2",
			"transactionIndex": 45,
			"transactionLogIndex": "0x0",
			"type": "mined",
			"id": "log_04772bb6"
		}
	],
	"logsBloom": "0x00000000000000000008000000020000000000000000000000000000000000000000000000000000000000000000000000000000000000000000000000000000000000000000010000000008000000000000000000000000000000000020000000000100000000000000000000000000000000000000000000000010000000000000000000000000000000000000000000000000000000000000000000000000000000000000000080000000000000000000000000000000000000010000000000001002000000000000000000000000000000000000000000000000000000000000000000200000000000000000000000000000000000000000000000000000",
	"root": null,
	"status": "0x1",
	"transactionHash": "0xd0035cd6deeefd5694dfa7672a40ed94a502f5c3300001d537cf45b2ce9928b2",
	"transactionIndex": 45
}
[2018-04-22T10:54:03.294] [DEBUG] trans - TO:   0xa5aa26823c29f7e2e73de2e12a1eafa0afbd56ca
[2018-04-22T10:54:03.294] [DEBUG] trans - AMOUNT:   371618600000000000000
[2018-04-22T10:54:03.294] [DEBUG] trans - Receipt info:  {
	"blockHash": "0x68f6f84b01701ff65f4bfa0dc67c2fd453be270c2d752a61c710cad216b7b8c4",
	"blockNumber": 5485166,
	"contractAddress": null,
	"cumulativeGasUsed": 1648619,
	"gasUsed": 51653,
	"logs": [
		{
			"address": "0x7e9e431a0B8c4D532C745B1043c7FA29a48D4fBa",
			"blockHash": "0x68f6f84b01701ff65f4bfa0dc67c2fd453be270c2d752a61c710cad216b7b8c4",
			"blockNumber": 5485166,
			"data": "0x000000000000000000000000000000000000000000000014253e7bc7bffa8000",
			"logIndex": 20,
			"topics": [
				"0xddf252ad1be2c89b69c2b068fc378daa952ba7f163c4a11628f55a4df523b3ef",
				"0x000000000000000000000000468b858c964f297fd8fce058032bf4b4911a8ad8",
				"0x000000000000000000000000a5aa26823c29f7e2e73de2e12a1eafa0afbd56ca"
			],
			"transactionHash": "0x2ae917e71adc7436bb83525d25206c81fe633c151d1323067cd90b6cf400e725",
			"transactionIndex": 46,
			"transactionLogIndex": "0x0",
			"type": "mined",
			"id": "log_c413f001"
		}
	],
	"logsBloom": "0x00000000000000000000000000020000000000000000000000000000000000000000000000000000000000000000100000000000000000000000000800000000000000000000010000000008000000000000000000000000000000000020000000000000000000000000000000000000000000000000000000000010000000000000000000000000000000000000000000000000000000000000000000000000000000000000000080000000000000000000000000000000000000010000000000001002000000000000000000000000040000000000000000000000000000000000000000000000000000000000000000000000000000000000000000000000",
	"root": null,
	"status": "0x1",
	"transactionHash": "0x2ae917e71adc7436bb83525d25206c81fe633c151d1323067cd90b6cf400e725",
	"transactionIndex": 46
}
[2018-04-22T10:54:03.294] [DEBUG] trans - TO:   0x536620a35fa255e6248850429e0daafa34d35ffc
[2018-04-22T10:54:03.294] [DEBUG] trans - AMOUNT:   371540000000000000000
[2018-04-22T10:54:03.294] [DEBUG] trans - Receipt info:  {
	"blockHash": "0x68f6f84b01701ff65f4bfa0dc67c2fd453be270c2d752a61c710cad216b7b8c4",
	"blockNumber": 5485166,
	"contractAddress": null,
	"cumulativeGasUsed": 1751861,
	"gasUsed": 51589,
	"logs": [
		{
			"address": "0x7e9e431a0B8c4D532C745B1043c7FA29a48D4fBa",
			"blockHash": "0x68f6f84b01701ff65f4bfa0dc67c2fd453be270c2d752a61c710cad216b7b8c4",
			"blockNumber": 5485166,
			"data": "0x00000000000000000000000000000000000000000000001424273d7f28a20000",
			"logIndex": 22,
			"topics": [
				"0xddf252ad1be2c89b69c2b068fc378daa952ba7f163c4a11628f55a4df523b3ef",
				"0x000000000000000000000000468b858c964f297fd8fce058032bf4b4911a8ad8",
				"0x000000000000000000000000536620a35fa255e6248850429e0daafa34d35ffc"
			],
			"transactionHash": "0xc93618542dd7bd942399a18b499d2cdcc56d3691474778fa3ded8c324a06d01c",
			"transactionIndex": 48,
			"transactionLogIndex": "0x0",
			"type": "mined",
			"id": "log_447cbfd1"
		}
	],
	"logsBloom": "0x00000000000000000000000000020000000000000000000000000000000000000000000000000000000000000000000000000000000000000000000000000000000000100000010000000008000000000000000000000000000000000020000000000000000000000000000000000000000000000000000000000010000000000000000000000000000000000000000000000000000100000000000000000000000000000000000080000000000000000000000000000000000000010000000000001002000000000000000000000000000000000000000000000000000000000000040000000000000000000000000000000000000000000000000000000000",
	"root": null,
	"status": "0x1",
	"transactionHash": "0xc93618542dd7bd942399a18b499d2cdcc56d3691474778fa3ded8c324a06d01c",
	"transactionIndex": 48
}
[2018-04-22T10:54:03.294] [DEBUG] trans - TO:   0x42a58b3d6db7dd680812648a91aa5afbc3dc94f6
[2018-04-22T10:54:03.294] [DEBUG] trans - AMOUNT:   371654500000000000000
[2018-04-22T10:54:03.294] [DEBUG] trans - Receipt info:  {
	"blockHash": "0x68f6f84b01701ff65f4bfa0dc67c2fd453be270c2d752a61c710cad216b7b8c4",
	"blockNumber": 5485166,
	"contractAddress": null,
	"cumulativeGasUsed": 1493788,
	"gasUsed": 51653,
	"logs": [
		{
			"address": "0x7e9e431a0B8c4D532C745B1043c7FA29a48D4fBa",
			"blockHash": "0x68f6f84b01701ff65f4bfa0dc67c2fd453be270c2d752a61c710cad216b7b8c4",
			"blockNumber": 5485166,
			"data": "0x00000000000000000000000000000000000000000000001425be06a3db6a4000",
			"logIndex": 17,
			"topics": [
				"0xddf252ad1be2c89b69c2b068fc378daa952ba7f163c4a11628f55a4df523b3ef",
				"0x000000000000000000000000468b858c964f297fd8fce058032bf4b4911a8ad8",
				"0x00000000000000000000000042a58b3d6db7dd680812648a91aa5afbc3dc94f6"
			],
			"transactionHash": "0x6804bd1de21ccb18e0f32cf86c7fcc5fcf0ea41aa9cffd6953858cd903a54264",
			"transactionIndex": 43,
			"transactionLogIndex": "0x0",
			"type": "mined",
			"id": "log_c27c5857"
		}
	],
	"logsBloom": "0x00000000000000000000000000020000000000000000000000000000000000000000000000000000000020000000000000000000000000000000000000000000000000000000010000000008000000000000000000000000000000000020000000000000000000000000000000000000000000000000000000000010000000000000000000000000000000000000000000000000000000000000000000000000000000000000000080000000000000000000000000000000000000010000000000001002000000000000000400000000000000000000000000000000004000000000000000000000000000000000000000000000000000000000000000000000",
	"root": null,
	"status": "0x1",
	"transactionHash": "0x6804bd1de21ccb18e0f32cf86c7fcc5fcf0ea41aa9cffd6953858cd903a54264",
	"transactionIndex": 43
}
[2018-04-22T10:54:03.295] [DEBUG] trans - TO:   0xe903ab028279e3779de234e5f0de0eaf426b6632
[2018-04-22T10:54:03.295] [DEBUG] trans - AMOUNT:   371500900000000000000
[2018-04-22T10:54:03.295] [DEBUG] trans - Receipt info:  {
	"blockHash": "0x68f6f84b01701ff65f4bfa0dc67c2fd453be270c2d752a61c710cad216b7b8c4",
	"blockNumber": 5485166,
	"contractAddress": null,
	"cumulativeGasUsed": 1958281,
	"gasUsed": 51653,
	"logs": [
		{
			"address": "0x7e9e431a0B8c4D532C745B1043c7FA29a48D4fBa",
			"blockHash": "0x68f6f84b01701ff65f4bfa0dc67c2fd453be270c2d752a61c710cad216b7b8c4",
			"blockNumber": 5485166,
			"data": "0x000000000000000000000000000000000000000000000014239c5440fdea4000",
			"logIndex": 26,
			"topics": [
				"0xddf252ad1be2c89b69c2b068fc378daa952ba7f163c4a11628f55a4df523b3ef",
				"0x000000000000000000000000468b858c964f297fd8fce058032bf4b4911a8ad8",
				"0x000000000000000000000000e903ab028279e3779de234e5f0de0eaf426b6632"
			],
			"transactionHash": "0x73b9b4b24779cc01dbb37f94d57613fe4ffe307e5435a87e3b061471a151fcf3",
			"transactionIndex": 52,
			"transactionLogIndex": "0x0",
			"type": "mined",
			"id": "log_8a9ed193"
		}
	],
	"logsBloom": "0x00000000000000000000000000020000000000000000000000000000000000000040000000000000000000000000000000000000000000000000000000000000000000000000010000000008000000000000000000000000000000000020000000000000000000000000000000000000000000000000000000000010000000000000000000000000000000000000000000000000010000000000000000000000000000000000000080000000000000000000000000000000000000010000000000001002000000000000000000000000000000000000000000000000000000000000000000000000000000000000000000040000000000000000000000000000",
	"root": null,
	"status": "0x1",
	"transactionHash": "0x73b9b4b24779cc01dbb37f94d57613fe4ffe307e5435a87e3b061471a151fcf3",
	"transactionIndex": 52
}
[2018-04-22T10:54:03.295] [DEBUG] trans - TO:   0x15320694a6f9976f327b23a858ceed80926bdcb1
[2018-04-22T10:54:03.295] [DEBUG] trans - AMOUNT:   371584900000000000000
[2018-04-22T10:54:03.295] [DEBUG] trans - Receipt info:  {
	"blockHash": "0x68f6f84b01701ff65f4bfa0dc67c2fd453be270c2d752a61c710cad216b7b8c4",
	"blockNumber": 5485166,
	"contractAddress": null,
	"cumulativeGasUsed": 1700272,
	"gasUsed": 51653,
	"logs": [
		{
			"address": "0x7e9e431a0B8c4D532C745B1043c7FA29a48D4fBa",
			"blockHash": "0x68f6f84b01701ff65f4bfa0dc67c2fd453be270c2d752a61c710cad216b7b8c4",
			"blockNumber": 5485166,
			"data": "0x00000000000000000000000000000000000000000000001424c6c1cf0f0c4000",
			"logIndex": 21,
			"topics": [
				"0xddf252ad1be2c89b69c2b068fc378daa952ba7f163c4a11628f55a4df523b3ef",
				"0x000000000000000000000000468b858c964f297fd8fce058032bf4b4911a8ad8",
				"0x00000000000000000000000015320694a6f9976f327b23a858ceed80926bdcb1"
			],
			"transactionHash": "0xce8f768fc3576381c631b2c6ecf8f20e1514d74581a03f7eccc395ebeb0c6e8d",
			"transactionIndex": 47,
			"transactionLogIndex": "0x0",
			"type": "mined",
			"id": "log_5b4826fd"
		}
	],
	"logsBloom": "0x00000000000000000000000000020000000000000000000000000000000000000000000000000000000000000000000000000000000000000000000000000000000000000000010000000008000000000000000000000000000000000020000000000000000000000000000000000000000000000000000000000010000000000000000000000000000000000000000000000000000000000000000000000000000000000000000080000000000000000000000000000020000000010000000000001002000000000000000000000000000000000000000000000000000000000000000000000000000000000000000800000000000000000040000000000000",
	"root": null,
	"status": "0x1",
	"transactionHash": "0xce8f768fc3576381c631b2c6ecf8f20e1514d74581a03f7eccc395ebeb0c6e8d",
	"transactionIndex": 47
}
[2018-04-22T10:54:03.295] [DEBUG] trans - TO:   0xe0b069d376bfe4b219d1fdfca4624a0a220a4d10
[2018-04-22T10:54:03.295] [DEBUG] trans - AMOUNT:   371500000000000000000
[2018-04-22T10:54:03.295] [DEBUG] trans - Receipt info:  {
	"blockHash": "0x68f6f84b01701ff65f4bfa0dc67c2fd453be270c2d752a61c710cad216b7b8c4",
	"blockNumber": 5485166,
	"contractAddress": null,
	"cumulativeGasUsed": 2009870,
	"gasUsed": 51589,
	"logs": [
		{
			"address": "0x7e9e431a0B8c4D532C745B1043c7FA29a48D4fBa",
			"blockHash": "0x68f6f84b01701ff65f4bfa0dc67c2fd453be270c2d752a61c710cad216b7b8c4",
			"blockNumber": 5485166,
			"data": "0x000000000000000000000000000000000000000000000014239921b5699e0000",
			"logIndex": 27,
			"topics": [
				"0xddf252ad1be2c89b69c2b068fc378daa952ba7f163c4a11628f55a4df523b3ef",
				"0x000000000000000000000000468b858c964f297fd8fce058032bf4b4911a8ad8",
				"0x000000000000000000000000e0b069d376bfe4b219d1fdfca4624a0a220a4d10"
			],
			"transactionHash": "0x7f2e392fad112a58cd9b200e0cec476e6058faa507177b1da1b4a15e13d58396",
			"transactionIndex": 53,
			"transactionLogIndex": "0x0",
			"type": "mined",
			"id": "log_db789406"
		}
	],
	"logsBloom": "0x00000000000000000000000000020000000000000000000000000000000000000000000000000000000000000000000000000000000000000000000000000000000000000000010000000008000000000000000000000000000000000020000000000000000000000000000000000000000000000000000008000010000000010000000000000000000000000000000000000000000000000000000000000000800000000000000080000000000000000000000000000000000000010000000000001002000000000000000000000000000000000000000000000000000000000000000000000000000000000000000000000000000000000000000000000000",
	"root": null,
	"status": "0x1",
	"transactionHash": "0x7f2e392fad112a58cd9b200e0cec476e6058faa507177b1da1b4a15e13d58396",
	"transactionIndex": 53
}
[2018-04-22T10:54:03.298] [DEBUG] trans - TO:   0xe2560889999e21eed6c1415e247d80a6d6534f8c
[2018-04-22T10:54:03.298] [DEBUG] trans - AMOUNT:   371509600000000000000
[2018-04-22T10:54:03.298] [DEBUG] trans - Receipt info:  {
	"blockHash": "0x68f6f84b01701ff65f4bfa0dc67c2fd453be270c2d752a61c710cad216b7b8c4",
	"blockNumber": 5485166,
	"contractAddress": null,
	"cumulativeGasUsed": 1855039,
	"gasUsed": 51589,
	"logs": [
		{
			"address": "0x7e9e431a0B8c4D532C745B1043c7FA29a48D4fBa",
			"blockHash": "0x68f6f84b01701ff65f4bfa0dc67c2fd453be270c2d752a61c710cad216b7b8c4",
			"blockNumber": 5485166,
			"data": "0x00000000000000000000000000000000000000000000001423bb3cdb97760000",
			"logIndex": 24,
			"topics": [
				"0xddf252ad1be2c89b69c2b068fc378daa952ba7f163c4a11628f55a4df523b3ef",
				"0x000000000000000000000000468b858c964f297fd8fce058032bf4b4911a8ad8",
				"0x000000000000000000000000e2560889999e21eed6c1415e247d80a6d6534f8c"
			],
			"transactionHash": "0x86cdb86d7d5a0e275e09a3ab5f6c25fd6272020e4851d6d8a18e597d41f5f819",
			"transactionIndex": 50,
			"transactionLogIndex": "0x0",
			"type": "mined",
			"id": "log_42bfc4e9"
		}
	],
	"logsBloom": "0x00000000000000000000000000020000000000000000000000000000000000000000000000000000000000000000000000000000000000000000000000000008000000000000010000000008000000000000000000000000000000000020000000000000000000000000000000000000000000000000000000000010000000000000000000000000000000000000000000000000000000000080000000000000000000000000000080000000000000000000000000000000000000010000000000001002000000000000000000000000000000000000000000000000000000000000000000000000000000000000000000000000000000400000000000000000",
	"root": null,
	"status": "0x1",
	"transactionHash": "0x86cdb86d7d5a0e275e09a3ab5f6c25fd6272020e4851d6d8a18e597d41f5f819",
	"transactionIndex": 50
}
[2018-04-22T10:54:03.299] [DEBUG] trans - TO:   0x6857068d2f60984165c9cc857d2576806f3f144a
[2018-04-22T10:54:03.299] [DEBUG] trans - AMOUNT:   371509200000000000000
[2018-04-22T10:54:03.299] [DEBUG] trans - Receipt info:  {
	"blockHash": "0x68f6f84b01701ff65f4bfa0dc67c2fd453be270c2d752a61c710cad216b7b8c4",
	"blockNumber": 5485166,
	"contractAddress": null,
	"cumulativeGasUsed": 1906628,
	"gasUsed": 51589,
	"logs": [
		{
			"address": "0x7e9e431a0B8c4D532C745B1043c7FA29a48D4fBa",
			"blockHash": "0x68f6f84b01701ff65f4bfa0dc67c2fd453be270c2d752a61c710cad216b7b8c4",
			"blockNumber": 5485166,
			"data": "0x00000000000000000000000000000000000000000000001423b9d10f558d0000",
			"logIndex": 25,
			"topics": [
				"0xddf252ad1be2c89b69c2b068fc378daa952ba7f163c4a11628f55a4df523b3ef",
				"0x000000000000000000000000468b858c964f297fd8fce058032bf4b4911a8ad8",
				"0x0000000000000000000000006857068d2f60984165c9cc857d2576806f3f144a"
			],
			"transactionHash": "0xfdc8c61dc733580d4a3c37b26311e69660304a1d9bf240748be45a74c583609b",
			"transactionIndex": 51,
			"transactionLogIndex": "0x0",
			"type": "mined",
			"id": "log_418e49dc"
		}
	],
	"logsBloom": "0x00000000000000000000000000020000000000000000000000000000000000000000000000000000000000000000000000000000000000000000000000000000000000000000010000000208000000000000000000000000000000000020000000000000000000000000000000000000000000000000000000000010000000000000000000000000000000000000000000000000000000000000000000000000000000000000000080000000000000000000000000000000000000010000000000001002000000000000000000000000080000000000000000000000000000000000000001000000000000000000000000000000000000000000000000000000",
	"root": null,
	"status": "0x1",
	"transactionHash": "0xfdc8c61dc733580d4a3c37b26311e69660304a1d9bf240748be45a74c583609b",
	"transactionIndex": 51
}
[2018-04-22T10:54:03.300] [DEBUG] trans - TO:   0xbd3060c5b473bed711c103c2b38e2901170259a1
[2018-04-22T10:54:03.300] [DEBUG] trans - AMOUNT:   371536800000000000000
[2018-04-22T10:54:03.300] [DEBUG] trans - Receipt info:  {
	"blockHash": "0x68f6f84b01701ff65f4bfa0dc67c2fd453be270c2d752a61c710cad216b7b8c4",
	"blockNumber": 5485166,
	"contractAddress": null,
	"cumulativeGasUsed": 1803450,
	"gasUsed": 51589,
	"logs": [
		{
			"address": "0x7e9e431a0B8c4D532C745B1043c7FA29a48D4fBa",
			"blockHash": "0x68f6f84b01701ff65f4bfa0dc67c2fd453be270c2d752a61c710cad216b7b8c4",
			"blockNumber": 5485166,
			"data": "0x000000000000000000000000000000000000000000000014241bdf1d195a0000",
			"logIndex": 23,
			"topics": [
				"0xddf252ad1be2c89b69c2b068fc378daa952ba7f163c4a11628f55a4df523b3ef",
				"0x000000000000000000000000468b858c964f297fd8fce058032bf4b4911a8ad8",
				"0x000000000000000000000000bd3060c5b473bed711c103c2b38e2901170259a1"
			],
			"transactionHash": "0x5a6aa61c18e4d8835e25f5c4af4af77a0a81367c5a140a99cbec4b65170109a4",
			"transactionIndex": 49,
			"transactionLogIndex": "0x0",
			"type": "mined",
			"id": "log_2a091614"
		}
	],
	"logsBloom": "0x00000000000000000000000000020000000000000000000000000000000000000000000000000000000000000000000000000000000000000000000000000000000000000000010000000008000000000000000000000000000000000020000000000000000000000000000000000000000000000000000000000010000000000000000000000000000080000000200000000000000000000000000000000000000000000000000080000000000000000000000000000000000004010000000000001002000000000000000000000000000000000000000000000000000000000000000000000000000000000000000000000000000000000000000000000000",
	"root": null,
	"status": "0x1",
	"transactionHash": "0x5a6aa61c18e4d8835e25f5c4af4af77a0a81367c5a140a99cbec4b65170109a4",
	"transactionIndex": 49
}
[2018-04-22T10:54:19.313] [DEBUG] trans - TO:   0x6f2b97aa948ad68c800c701ce7294fc88674735a
[2018-04-22T10:54:19.313] [DEBUG] trans - AMOUNT:   371494500000000000000
[2018-04-22T10:54:19.313] [DEBUG] trans - Receipt info:  {
	"blockHash": "0xb784db422bd9161181b599aa5540136f0ec8f4b553fb714bed3554a43da2612c",
	"blockNumber": 5485168,
	"contractAddress": null,
	"cumulativeGasUsed": 2005441,
	"gasUsed": 51653,
	"logs": [
		{
			"address": "0x7e9e431a0B8c4D532C745B1043c7FA29a48D4fBa",
			"blockHash": "0xb784db422bd9161181b599aa5540136f0ec8f4b553fb714bed3554a43da2612c",
			"blockNumber": 5485168,
			"data": "0x0000000000000000000000000000000000000000000000142385977cdf5a4000",
			"logIndex": 16,
			"topics": [
				"0xddf252ad1be2c89b69c2b068fc378daa952ba7f163c4a11628f55a4df523b3ef",
				"0x000000000000000000000000468b858c964f297fd8fce058032bf4b4911a8ad8",
				"0x0000000000000000000000006f2b97aa948ad68c800c701ce7294fc88674735a"
			],
			"transactionHash": "0xd437f8159a9c7833d109248e345f2e8b24c74165607679c126bdc5b9dd67ed1b",
			"transactionIndex": 82,
			"transactionLogIndex": "0x0",
			"type": "mined",
			"id": "log_fb8968fe"
		}
	],
	"logsBloom": "0x00000000000000000000000000020000000000000000000000000000000000000000000000000000000000000000000000000000000000000000000000000000000000000000010000000008000000400000000000000000000000000020000000000000000000000000000000000000000000000000000000000010000000080000000000000000000000000000000000000000000000000000000000000000000000000000000080000000000000000000000000000000000000010000000000001002000000000000000000000020000000000000000000000000000000000000000000000000000000000000000000000000000000000000000000000000",
	"root": null,
	"status": "0x1",
	"transactionHash": "0xd437f8159a9c7833d109248e345f2e8b24c74165607679c126bdc5b9dd67ed1b",
	"transactionIndex": 82
}
[2018-04-22T10:54:29.325] [DEBUG] trans - TO:   0x3999085b54bd419b14852c58c797ef8a2936a268
[2018-04-22T10:54:29.325] [DEBUG] trans - AMOUNT:   371444600000000000000
[2018-04-22T10:54:29.326] [DEBUG] trans - Receipt info:  {
	"blockHash": "0x3ddf01b424d3797ea7e166c7bbbcba1f0740763ab5d09870e79f350fc9ed9b8d",
	"blockNumber": 5485169,
	"contractAddress": null,
	"cumulativeGasUsed": 411587,
	"gasUsed": 51653,
	"logs": [
		{
			"address": "0x7e9e431a0B8c4D532C745B1043c7FA29a48D4fBa",
			"blockHash": "0x3ddf01b424d3797ea7e166c7bbbcba1f0740763ab5d09870e79f350fc9ed9b8d",
			"blockNumber": 5485169,
			"data": "0x00000000000000000000000000000000000000000000001422d44fb3c10f8000",
			"logIndex": 5,
			"topics": [
				"0xddf252ad1be2c89b69c2b068fc378daa952ba7f163c4a11628f55a4df523b3ef",
				"0x000000000000000000000000468b858c964f297fd8fce058032bf4b4911a8ad8",
				"0x0000000000000000000000003999085b54bd419b14852c58c797ef8a2936a268"
			],
			"transactionHash": "0xbc8dee9edcaa3f0ea05ba7688447cbed8f20156f6322a51f508252d882ee481c",
			"transactionIndex": 14,
			"transactionLogIndex": "0x0",
			"type": "mined",
			"id": "log_f3d927c0"
		}
	],
	"logsBloom": "0x00000000000000000000000000020000000000000000000000000000000000000000000000000000000000000000000000000000000000000000000080000000000000000000010000000008000000000000000000000000000000000020000000000000000000000000000000000000000000000000000000000010000000000000000000000000000002000000000000000000000000000000000000000000000000000000000080000000000000000000000000000000000000010001000000001002000000000000000000000000000000000000000000000000000000000000000000000000000000000000000000000000000000000000000000000000",
	"root": null,
	"status": "0x1",
	"transactionHash": "0xbc8dee9edcaa3f0ea05ba7688447cbed8f20156f6322a51f508252d882ee481c",
	"transactionIndex": 14
}
[2018-04-22T10:54:41.341] [DEBUG] trans - TO:   0xbd257efa5b2bba4486a38cbdfeac758ee524cd2b
[2018-04-22T10:54:41.341] [DEBUG] trans - AMOUNT:   371444600000000000000
[2018-04-22T10:54:41.341] [DEBUG] trans - Receipt info:  {
	"blockHash": "0xb8afd916cb95b8c27946e4c305a815aa6e560471ed129da759ce4405fb7446ce",
	"blockNumber": 5485170,
	"contractAddress": null,
	"cumulativeGasUsed": 542467,
	"gasUsed": 51653,
	"logs": [
		{
			"address": "0x7e9e431a0B8c4D532C745B1043c7FA29a48D4fBa",
			"blockHash": "0xb8afd916cb95b8c27946e4c305a815aa6e560471ed129da759ce4405fb7446ce",
			"blockNumber": 5485170,
			"data": "0x00000000000000000000000000000000000000000000001422d44fb3c10f8000",
			"logIndex": 7,
			"topics": [
				"0xddf252ad1be2c89b69c2b068fc378daa952ba7f163c4a11628f55a4df523b3ef",
				"0x000000000000000000000000468b858c964f297fd8fce058032bf4b4911a8ad8",
				"0x000000000000000000000000bd257efa5b2bba4486a38cbdfeac758ee524cd2b"
			],
			"transactionHash": "0xe9cd62598c4ddb359bad9950be01aa4827e5941089c6c4bc58a1b7d1d27f1a64",
			"transactionIndex": 17,
			"transactionLogIndex": "0x0",
			"type": "mined",
			"id": "log_76d4e0b5"
		}
	],
	"logsBloom": "0x00000000000000000000000000020000000000000000000000000000000000000000000000000000000000000000010000000000000000000000000000000000000000000000010000000008000000000000000000000000000000000020000000000000000000000001000000000000000000000000000000000010000000000000000000000000000000000000000000000000000000000000000000000000000000000000000080000000000000000000000000000000000000010000000000001002000000000000000000000000000000000000000000000000000000000000000000000000000000000000000000000000000000000040000000000000",
	"root": null,
	"status": "0x1",
	"transactionHash": "0xe9cd62598c4ddb359bad9950be01aa4827e5941089c6c4bc58a1b7d1d27f1a64",
	"transactionIndex": 17
}
[2018-04-22T10:54:41.342] [DEBUG] trans - TO:   0x0fd29d2fab7935c302afa8811460ad7646518f6c
[2018-04-22T10:54:41.342] [DEBUG] trans - AMOUNT:   371427000000000000000
[2018-04-22T10:54:41.342] [DEBUG] trans - Receipt info:  {
	"blockHash": "0xb8afd916cb95b8c27946e4c305a815aa6e560471ed129da759ce4405fb7446ce",
	"blockNumber": 5485170,
	"contractAddress": null,
	"cumulativeGasUsed": 7530084,
	"gasUsed": 51653,
	"logs": [
		{
			"address": "0x7e9e431a0B8c4D532C745B1043c7FA29a48D4fBa",
			"blockHash": "0xb8afd916cb95b8c27946e4c305a815aa6e560471ed129da759ce4405fb7446ce",
			"blockNumber": 5485170,
			"data": "0x0000000000000000000000000000000000000000000000142295c8986d038000",
			"logIndex": 151,
			"topics": [
				"0xddf252ad1be2c89b69c2b068fc378daa952ba7f163c4a11628f55a4df523b3ef",
				"0x000000000000000000000000468b858c964f297fd8fce058032bf4b4911a8ad8",
				"0x0000000000000000000000000fd29d2fab7935c302afa8811460ad7646518f6c"
			],
			"transactionHash": "0xa27caae6477cef8205183918f31abe8e049004cfd0197908f007a1c76edc3a38",
			"transactionIndex": 87,
			"transactionLogIndex": "0x0",
			"type": "mined",
			"id": "log_ef8c4669"
		}
	],
	"logsBloom": "0x00000000000000000000000000020000000000000000000000000000000000000000000000000000000000000000000000000000000000000000000000000000000000000000010000000008000000000000000000000000000000000020000000000000000000000000000000000000000000000000000000000010000000000000000000000000000000000000000000000000000000000000001000000000000000000000000080000000000000000000000000000000000000010000000000001002000000000000000400000000000008000000000000000000000000000000000000000000000000000000000000000000000000000000000000000000",
	"root": null,
	"status": "0x1",
	"transactionHash": "0xa27caae6477cef8205183918f31abe8e049004cfd0197908f007a1c76edc3a38",
	"transactionIndex": 87
}
[2018-04-22T10:54:44.344] [DEBUG] trans - TO:   0xe90f3f629875e6ef1568b81de81084274e8598d6
[2018-04-22T10:54:44.345] [DEBUG] trans - AMOUNT:   371403200000000000000
[2018-04-22T10:54:44.345] [DEBUG] trans - Receipt info:  {
	"blockHash": "0xacb898a50744bf8258929acbe4b836b8ca5b538b96b64d8082c35f9849d243ca",
	"blockNumber": 5485171,
	"contractAddress": null,
	"cumulativeGasUsed": 716541,
	"gasUsed": 51589,
	"logs": [
		{
			"address": "0x7e9e431a0B8c4D532C745B1043c7FA29a48D4fBa",
			"blockHash": "0xacb898a50744bf8258929acbe4b836b8ca5b538b96b64d8082c35f9849d243ca",
			"blockNumber": 5485171,
			"data": "0x00000000000000000000000000000000000000000000001422413a9f1b5c0000",
			"logIndex": 13,
			"topics": [
				"0xddf252ad1be2c89b69c2b068fc378daa952ba7f163c4a11628f55a4df523b3ef",
				"0x000000000000000000000000468b858c964f297fd8fce058032bf4b4911a8ad8",
				"0x000000000000000000000000e90f3f629875e6ef1568b81de81084274e8598d6"
			],
			"transactionHash": "0x42bdbcf9319dff547be3be2b88ec852c682b6b75fcacfffcfa20eee7e260ee8c",
			"transactionIndex": 18,
			"transactionLogIndex": "0x0",
			"type": "mined",
			"id": "log_565c1a04"
		}
	],
	"logsBloom": "0x00000000000000000000000000020000000000000000000000000000000000008000000000000000000000000000000000000000000000000000000000000000000000000000010000000008000000000000000000000000000000000020000000000000000000000000000000000000000000000000080000000010000000000000000000000000000000000000000000000000000000000000000000000000000000000000000080000000000000000000000000000000000000010000000000001002000100000000000000000000000000000000000000000000000000000000000000000000000000000000000000000000000000000000000000000000",
	"root": null,
	"status": "0x1",
	"transactionHash": "0x42bdbcf9319dff547be3be2b88ec852c682b6b75fcacfffcfa20eee7e260ee8c",
	"transactionIndex": 18
}
[2018-04-22T10:54:44.346] [DEBUG] trans - TO:   0xd7734545cab45c0f7aa8cb7721892cfd88d730ff
[2018-04-22T10:54:44.347] [DEBUG] trans - AMOUNT:   371379900000000000000
[2018-04-22T10:54:44.347] [DEBUG] trans - Receipt info:  {
	"blockHash": "0xacb898a50744bf8258929acbe4b836b8ca5b538b96b64d8082c35f9849d243ca",
	"blockNumber": 5485171,
	"contractAddress": null,
	"cumulativeGasUsed": 7464997,
	"gasUsed": 51653,
	"logs": [
		{
			"address": "0x7e9e431a0B8c4D532C745B1043c7FA29a48D4fBa",
			"blockHash": "0xacb898a50744bf8258929acbe4b836b8ca5b538b96b64d8082c35f9849d243ca",
			"blockNumber": 5485171,
			"data": "0x00000000000000000000000000000000000000000000001421ee73651c17c000",
			"logIndex": 66,
			"topics": [
				"0xddf252ad1be2c89b69c2b068fc378daa952ba7f163c4a11628f55a4df523b3ef",
				"0x000000000000000000000000468b858c964f297fd8fce058032bf4b4911a8ad8",
				"0x000000000000000000000000d7734545cab45c0f7aa8cb7721892cfd88d730ff"
			],
			"transactionHash": "0x01fec621a701d4fea77b5f065f68e24aa5367e6cfb89ca982224271478e26e7c",
			"transactionIndex": 76,
			"transactionLogIndex": "0x0",
			"type": "mined",
			"id": "log_e114cd2f"
		}
	],
	"logsBloom": "0x00000010000000000000000000020000000000000000000000000000000000000000000000000000000000000000000000000000000000000000000000000000000000000000010000000008000000000000000000000000000000000020000000000000000000000000000000000000000000000000000000000010000000000000000000000000000000000100000000000000000000000000000000000000000000000000000080000000000000000000000000000000000000010000000000001002000000000000000000000000000000000000000000000000000000000000000000000000000001000000000000000000000000000000000000000000",
	"root": null,
	"status": "0x1",
	"transactionHash": "0x01fec621a701d4fea77b5f065f68e24aa5367e6cfb89ca982224271478e26e7c",
	"transactionIndex": 76
}
[2018-04-22T10:54:44.348] [DEBUG] trans - TO:   0x9948308b48273283fb08ee63057dfa7ac89c8d14
[2018-04-22T10:54:44.348] [DEBUG] trans - AMOUNT:   371356300000000000000
[2018-04-22T10:54:44.348] [DEBUG] trans - Receipt info:  {
	"blockHash": "0xacb898a50744bf8258929acbe4b836b8ca5b538b96b64d8082c35f9849d243ca",
	"blockNumber": 5485171,
	"contractAddress": null,
	"cumulativeGasUsed": 7846220,
	"gasUsed": 51653,
	"logs": [
		{
			"address": "0x7e9e431a0B8c4D532C745B1043c7FA29a48D4fBa",
			"blockHash": "0xacb898a50744bf8258929acbe4b836b8ca5b538b96b64d8082c35f9849d243ca",
			"blockNumber": 5485171,
			"data": "0x000000000000000000000000000000000000000000000014219a9b51eb64c000",
			"logIndex": 69,
			"topics": [
				"0xddf252ad1be2c89b69c2b068fc378daa952ba7f163c4a11628f55a4df523b3ef",
				"0x000000000000000000000000468b858c964f297fd8fce058032bf4b4911a8ad8",
				"0x0000000000000000000000009948308b48273283fb08ee63057dfa7ac89c8d14"
			],
			"transactionHash": "0x127f918d85f52bfe77faeb496dd11606b6d1b10f14a38654e65582db44010b26",
			"transactionIndex": 81,
			"transactionLogIndex": "0x0",
			"type": "mined",
			"id": "log_fe6e8cf2"
		}
	],
	"logsBloom": "0x00000000000000000000000000020000000000000000000000800000000000000000000000000000000000000000000000000000000000000000000000000000000000000000010000000008000000000000000000000000000000000020000000000000000000000000000000000000000000000000000000000010000000020000000000000000000000000000000000000000000000000000000000000000000000000000000080000000004000000000000000000000000000010000000000001002000000000000000000000000000000000000000000000000000000000000000000000000000000000000000000000000000000000000000000000000",
	"root": null,
	"status": "0x1",
	"transactionHash": "0x127f918d85f52bfe77faeb496dd11606b6d1b10f14a38654e65582db44010b26",
	"transactionIndex": 81
}
[2018-04-22T10:54:55.359] [DEBUG] trans - TO:   0xcea3f79c959db33b247305d84e94176ae2a84c2f
[2018-04-22T10:54:55.359] [DEBUG] trans - AMOUNT:   371319000000000000000
[2018-04-22T10:54:55.359] [DEBUG] trans - Receipt info:  {
	"blockHash": "0xa4612139d8a96e6b22d634e13662c586b8bcfc8b87cda4e6dd9fadcfc6817d24",
	"blockNumber": 5485172,
	"contractAddress": null,
	"cumulativeGasUsed": 728724,
	"gasUsed": 51653,
	"logs": [
		{
			"address": "0x7e9e431a0B8c4D532C745B1043c7FA29a48D4fBa",
			"blockHash": "0xa4612139d8a96e6b22d634e13662c586b8bcfc8b87cda4e6dd9fadcfc6817d24",
			"blockNumber": 5485172,
			"data": "0x0000000000000000000000000000000000000000000000142116172ae9458000",
			"logIndex": 6,
			"topics": [
				"0xddf252ad1be2c89b69c2b068fc378daa952ba7f163c4a11628f55a4df523b3ef",
				"0x000000000000000000000000468b858c964f297fd8fce058032bf4b4911a8ad8",
				"0x000000000000000000000000cea3f79c959db33b247305d84e94176ae2a84c2f"
			],
			"transactionHash": "0xc5270b028053ba3e25372d4cdb4f4dfb1c603e134022686285a1d7b7aead1960",
			"transactionIndex": 25,
			"transactionLogIndex": "0x0",
			"type": "mined",
			"id": "log_adcff0ff"
		}
	],
	"logsBloom": "0x00000000000000000000000000020000000000000000000000000000000010000000000000000000000000000000000000000000000000000000000000000000000000000000010000000008000000000000000000000000000000000020000000000000000000008000000000000000000000000000000000000010200000000000000000000000000000000000000000000000000000000000000000000000000000000000000080000000000000000000000000000000000000010000000000001002000000000000000000000000000000000000000000000000000000000000000000000000000000000000000000000000000000000000000000000000",
	"root": null,
	"status": "0x1",
	"transactionHash": "0xc5270b028053ba3e25372d4cdb4f4dfb1c603e134022686285a1d7b7aead1960",
	"transactionIndex": 25
}
[2018-04-22T10:54:55.360] [DEBUG] trans - TO:   0x8f4975f98d8421aede54c75e0a16c24653443f22
[2018-04-22T10:54:55.360] [DEBUG] trans - AMOUNT:   371288200000000000000
[2018-04-22T10:54:55.360] [DEBUG] trans - Receipt info:  {
	"blockHash": "0xa4612139d8a96e6b22d634e13662c586b8bcfc8b87cda4e6dd9fadcfc6817d24",
	"blockNumber": 5485172,
	"contractAddress": null,
	"cumulativeGasUsed": 6883766,
	"gasUsed": 51653,
	"logs": [
		{
			"address": "0x7e9e431a0B8c4D532C745B1043c7FA29a48D4fBa",
			"blockHash": "0xa4612139d8a96e6b22d634e13662c586b8bcfc8b87cda4e6dd9fadcfc6817d24",
			"blockNumber": 5485172,
			"data": "0x00000000000000000000000000000000000000000000001420a8aabb16308000",
			"logIndex": 145,
			"topics": [
				"0xddf252ad1be2c89b69c2b068fc378daa952ba7f163c4a11628f55a4df523b3ef",
				"0x000000000000000000000000468b858c964f297fd8fce058032bf4b4911a8ad8",
				"0x0000000000000000000000008f4975f98d8421aede54c75e0a16c24653443f22"
			],
			"transactionHash": "0xa278efd85a1c18b4eff10bad077e9a9035792e6907254e47e6d759cc06b67940",
			"transactionIndex": 73,
			"transactionLogIndex": "0x0",
			"type": "mined",
			"id": "log_c02d9c3c"
		}
	],
	"logsBloom": "0x00000000000000000000000000020000000000000000000000000000000000000000000000000000000000000000000000000000000000000000000000000000000000000000010000000008000000000000000000000000000000000020000000000000000000000000000000000004000000000000000000000010000000000000000000000000000000000000000000000004000000000000000000000000000000000000000080000000008000000000000000000000000000010000000000001002000000000000000000000000000000000000000000000000000000000000000000000000000000000000000000000000000000000000000000000000",
	"root": null,
	"status": "0x1",
	"transactionHash": "0xa278efd85a1c18b4eff10bad077e9a9035792e6907254e47e6d759cc06b67940",
	"transactionIndex": 73
}
[2018-04-22T10:54:55.361] [DEBUG] trans - TO:   0x5ca1761f3b65758018924910d089d59fd731580c
[2018-04-22T10:54:55.361] [DEBUG] trans - AMOUNT:   371277000000000000000
[2018-04-22T10:54:55.361] [DEBUG] trans - Receipt info:  {
	"blockHash": "0xa4612139d8a96e6b22d634e13662c586b8bcfc8b87cda4e6dd9fadcfc6817d24",
	"blockNumber": 5485172,
	"contractAddress": null,
	"cumulativeGasUsed": 7721949,
	"gasUsed": 51653,
	"logs": [
		{
			"address": "0x7e9e431a0B8c4D532C745B1043c7FA29a48D4fBa",
			"blockHash": "0xa4612139d8a96e6b22d634e13662c586b8bcfc8b87cda4e6dd9fadcfc6817d24",
			"blockNumber": 5485172,
			"data": "0x0000000000000000000000000000000000000000000000142080e063e0b48000",
			"logIndex": 149,
			"topics": [
				"0xddf252ad1be2c89b69c2b068fc378daa952ba7f163c4a11628f55a4df523b3ef",
				"0x000000000000000000000000468b858c964f297fd8fce058032bf4b4911a8ad8",
				"0x0000000000000000000000005ca1761f3b65758018924910d089d59fd731580c"
			],
			"transactionHash": "0xfce05eb5ed2db205a639912a5da8ae71af099eec48c7a51fba7d164e1b23da7c",
			"transactionIndex": 83,
			"transactionLogIndex": "0x0",
			"type": "mined",
			"id": "log_9fc4d9f7"
		}
	],
	"logsBloom": "0x00000000000000600000000000020000000000000000000000000000000000000000000000000000000000000000000000000000000000000000000000000000000000000000010000000008000000000000000000000000000000000020000000000000000000000000000000000000000000000000000000000010000000000000000000000000000000000000000000000000000000000000000000000000000000000000000080000000000000000000000000000000000000010000000000001002000000000000000000000000000000000000000000000000000000000000000000000000000000000000000000000000000000000000000000000000",
	"root": null,
	"status": "0x1",
	"transactionHash": "0xfce05eb5ed2db205a639912a5da8ae71af099eec48c7a51fba7d164e1b23da7c",
	"transactionIndex": 83
}
[2018-04-22T10:55:14.384] [DEBUG] trans - TO:   0x7b4c9b5ece64faa16eaf8fce3b573303cdcbdac7
[2018-04-22T10:55:14.384] [DEBUG] trans - AMOUNT:   371200000000000000000
[2018-04-22T10:55:14.384] [DEBUG] trans - Receipt info:  {
	"blockHash": "0xea0907b2a8010232a2ba29a48dd5474c2b2dee916a21f0eedbaa9749c88fc9af",
	"blockNumber": 5485173,
	"contractAddress": null,
	"cumulativeGasUsed": 738117,
	"gasUsed": 51525,
	"logs": [
		{
			"address": "0x7e9e431a0B8c4D532C745B1043c7FA29a48D4fBa",
			"blockHash": "0xea0907b2a8010232a2ba29a48dd5474c2b2dee916a21f0eedbaa9749c88fc9af",
			"blockNumber": 5485173,
			"data": "0x0000000000000000000000000000000000000000000000141f6f514c51000000",
			"logIndex": 10,
			"topics": [
				"0xddf252ad1be2c89b69c2b068fc378daa952ba7f163c4a11628f55a4df523b3ef",
				"0x000000000000000000000000468b858c964f297fd8fce058032bf4b4911a8ad8",
				"0x0000000000000000000000007b4c9b5ece64faa16eaf8fce3b573303cdcbdac7"
			],
			"transactionHash": "0x1b6bf2d4b2a1b3ad284eb85289f105d681347fb4e7c4980cc3fab953058447ec",
			"transactionIndex": 24,
			"transactionLogIndex": "0x0",
			"type": "mined",
			"id": "log_10628662"
		}
	],
	"logsBloom": "0x00000000000000000000000000020000000000040000000000000000000000000000000000000000000000000000000000000000000000000000000000000000000000000000010000000008000000000000000000000000000000000020000000000000000000000000000000000000000000000000000000000010000000000000000000000000000000000000000000000000000000000000000000000000000000000000000080000000000000000000000000000000000000010000000000001002000000000000000000000000000000000000000000000010000000000000000008000000000000000000000000000000000000000000000000000000",
	"root": null,
	"status": "0x1",
	"transactionHash": "0x1b6bf2d4b2a1b3ad284eb85289f105d681347fb4e7c4980cc3fab953058447ec",
	"transactionIndex": 24
}
[2018-04-22T10:55:32.408] [DEBUG] trans - TO:   0x7ce4cd7b83493b284cdce15cbdb10c7a79a54016
[2018-04-22T10:55:32.408] [DEBUG] trans - AMOUNT:   371191000000000000000
[2018-04-22T10:55:32.408] [DEBUG] trans - Receipt info:  {
	"blockHash": "0x0477956c1c95dffea3af262c8dc5c5d5125dd4f71be6cde451514dd8c1546ad3",
	"blockNumber": 5485174,
	"contractAddress": null,
	"cumulativeGasUsed": 2201690,
	"gasUsed": 51653,
	"logs": [
		{
			"address": "0x7e9e431a0B8c4D532C745B1043c7FA29a48D4fBa",
			"blockHash": "0x0477956c1c95dffea3af262c8dc5c5d5125dd4f71be6cde451514dd8c1546ad3",
			"blockNumber": 5485174,
			"data": "0x0000000000000000000000000000000000000000000000141f4f57d886058000",
			"logIndex": 44,
			"topics": [
				"0xddf252ad1be2c89b69c2b068fc378daa952ba7f163c4a11628f55a4df523b3ef",
				"0x000000000000000000000000468b858c964f297fd8fce058032bf4b4911a8ad8",
				"0x0000000000000000000000007ce4cd7b83493b284cdce15cbdb10c7a79a54016"
			],
			"transactionHash": "0xdc1ff7d9bc1c8f594629b50eecc783856acc2b1e29c94425060d174ad0d00d5b",
			"transactionIndex": 60,
			"transactionLogIndex": "0x0",
			"type": "mined",
			"id": "log_74243644"
		}
	],
	"logsBloom": "0x00000000000000000000000000020000000000000000000000000000000000000000000000000000800000000000000000000000000000000000000000000000000000000010010000000008000000000000000000000000000000000020000000000000000000000000000000000000000000000000000000000010000000000000000000000000000000000000000000000000000000000000000000000000000000000000000080010000000000000000000000000000000000010000000000001002000000000000000000000000000000000000000000000000000000000000000000000000000000000000000000000000000000000000000000000000",
	"root": null,
	"status": "0x1",
	"transactionHash": "0xdc1ff7d9bc1c8f594629b50eecc783856acc2b1e29c94425060d174ad0d00d5b",
	"transactionIndex": 60
}
[2018-04-22T10:55:32.409] [DEBUG] trans - TO:   0xf7dcadd6ffb7ee37903e83ea30580bd4bd69814c
[2018-04-22T10:55:32.409] [DEBUG] trans - AMOUNT:   371183200000000000000
[2018-04-22T10:55:32.409] [DEBUG] trans - Receipt info:  {
	"blockHash": "0x0477956c1c95dffea3af262c8dc5c5d5125dd4f71be6cde451514dd8c1546ad3",
	"blockNumber": 5485174,
	"contractAddress": null,
	"cumulativeGasUsed": 2253279,
	"gasUsed": 51589,
	"logs": [
		{
			"address": "0x7e9e431a0B8c4D532C745B1043c7FA29a48D4fBa",
			"blockHash": "0x0477956c1c95dffea3af262c8dc5c5d5125dd4f71be6cde451514dd8c1546ad3",
			"blockNumber": 5485174,
			"data": "0x0000000000000000000000000000000000000000000000141f33a1c980c60000",
			"logIndex": 45,
			"topics": [
				"0xddf252ad1be2c89b69c2b068fc378daa952ba7f163c4a11628f55a4df523b3ef",
				"0x000000000000000000000000468b858c964f297fd8fce058032bf4b4911a8ad8",
				"0x000000000000000000000000f7dcadd6ffb7ee37903e83ea30580bd4bd69814c"
			],
			"transactionHash": "0x44921c20780b7a6c3687bdf90b48e453247ec165ed9e2431c53d977a877a12b7",
			"transactionIndex": 61,
			"transactionLogIndex": "0x0",
			"type": "mined",
			"id": "log_6f227db8"
		}
	],
	"logsBloom": "0x00000000000000000000000000020000000000000000000000000000000000000000000000000000000000000000000000000000000000000000000000000000000000000000010000000008000000000000000000000000000000000020000000000000000000000000000000000000000000000000000000000010000000000000000000000000000000000000000000000000000000000000000000000000000000002000000080000000000000000000000000000000000000010000000000001002000000000001000000000000000000000000000000000000000000000000000000000000000000000000000000000000000000000000000008000000",
	"root": null,
	"status": "0x1",
	"transactionHash": "0x44921c20780b7a6c3687bdf90b48e453247ec165ed9e2431c53d977a877a12b7",
	"transactionIndex": 61
}
[2018-04-22T10:55:32.409] [DEBUG] trans - TO:   0xf6190dbbc87e5f97d375607d266034c78c339806
[2018-04-22T10:55:32.409] [DEBUG] trans - AMOUNT:   371167700000000000000
[2018-04-22T10:55:32.410] [DEBUG] trans - Receipt info:  {
	"blockHash": "0x0477956c1c95dffea3af262c8dc5c5d5125dd4f71be6cde451514dd8c1546ad3",
	"blockNumber": 5485174,
	"contractAddress": null,
	"cumulativeGasUsed": 2304932,
	"gasUsed": 51653,
	"logs": [
		{
			"address": "0x7e9e431a0B8c4D532C745B1043c7FA29a48D4fBa",
			"blockHash": "0x0477956c1c95dffea3af262c8dc5c5d5125dd4f71be6cde451514dd8c1546ad3",
			"blockNumber": 5485174,
			"data": "0x0000000000000000000000000000000000000000000000141efc909e86c14000",
			"logIndex": 46,
			"topics": [
				"0xddf252ad1be2c89b69c2b068fc378daa952ba7f163c4a11628f55a4df523b3ef",
				"0x000000000000000000000000468b858c964f297fd8fce058032bf4b4911a8ad8",
				"0x000000000000000000000000f6190dbbc87e5f97d375607d266034c78c339806"
			],
			"transactionHash": "0xf18beaf079de947ff60fa87b80c822ae6602608f27423d57f4057c20ecd3911e",
			"transactionIndex": 62,
			"transactionLogIndex": "0x0",
			"type": "mined",
			"id": "log_a45a00ed"
		}
	],
	"logsBloom": "0x00000000000000000000000000020000000000000000000000000000000000000000000000000000000000000000008000000000000000000000000000000000000000000000010000000008000000002000002000000000000000000020000000000000000000000000000000000000000000000000000000000010000000000000000000000000000000000000000000000000000000000000000000000000000000000000000080000000000000000000000000000000000000010000000000001002000000000000000000000000000000000000000000000000000000000000000000000000000000000000000000000000000000000000000000000000",
	"root": null,
	"status": "0x1",
	"transactionHash": "0xf18beaf079de947ff60fa87b80c822ae6602608f27423d57f4057c20ecd3911e",
	"transactionIndex": 62
}
[2018-04-22T10:55:32.410] [DEBUG] trans - TO:   0xa8dffd421cdcfc82b37b3701550097687b06ac98
[2018-04-22T10:55:32.410] [DEBUG] trans - AMOUNT:   371200000000000000000
[2018-04-22T10:55:32.410] [DEBUG] trans - Receipt info:  {
	"blockHash": "0x0477956c1c95dffea3af262c8dc5c5d5125dd4f71be6cde451514dd8c1546ad3",
	"blockNumber": 5485174,
	"contractAddress": null,
	"cumulativeGasUsed": 2098384,
	"gasUsed": 51461,
	"logs": [
		{
			"address": "0x7e9e431a0B8c4D532C745B1043c7FA29a48D4fBa",
			"blockHash": "0x0477956c1c95dffea3af262c8dc5c5d5125dd4f71be6cde451514dd8c1546ad3",
			"blockNumber": 5485174,
			"data": "0x0000000000000000000000000000000000000000000000141f6f514c51000000",
			"logIndex": 42,
			"topics": [
				"0xddf252ad1be2c89b69c2b068fc378daa952ba7f163c4a11628f55a4df523b3ef",
				"0x000000000000000000000000468b858c964f297fd8fce058032bf4b4911a8ad8",
				"0x000000000000000000000000a8dffd421cdcfc82b37b3701550097687b06ac98"
			],
			"transactionHash": "0x9f80c15b836a233e4f13869c701c2aad48e5b8a67ba1b24ffcd067ee40b56bf1",
			"transactionIndex": 58,
			"transactionLogIndex": "0x0",
			"type": "mined",
			"id": "log_f3744df2"
		}
	],
	"logsBloom": "0x00000000000000000000000000020000000000000000000000000000000000000000000000000000000000000000000000000000000000008000000000000000000000000000010000000008000000000000000000000000000000000020000000000000002000000000040000000000000000000000000000000010000000000000000000000000000000000000000000000000000000000000000000000000000000000000000080000000000000000000000000000000000000010000000000001002000000000000000000000000000000000000000000000000000000000000000000000000000000000000000000000000000000000000000000000000",
	"root": null,
	"status": "0x1",
	"transactionHash": "0x9f80c15b836a233e4f13869c701c2aad48e5b8a67ba1b24ffcd067ee40b56bf1",
	"transactionIndex": 58
}
[2018-04-22T10:55:32.410] [DEBUG] trans - TO:   0x66cfebea3edac3a34881981b2c6ec41931e72d56
[2018-04-22T10:55:32.410] [DEBUG] trans - AMOUNT:   371163400000000000000
[2018-04-22T10:55:32.410] [DEBUG] trans - Receipt info:  {
	"blockHash": "0x0477956c1c95dffea3af262c8dc5c5d5125dd4f71be6cde451514dd8c1546ad3",
	"blockNumber": 5485174,
	"contractAddress": null,
	"cumulativeGasUsed": 2408238,
	"gasUsed": 51653,
	"logs": [
		{
			"address": "0x7e9e431a0B8c4D532C745B1043c7FA29a48D4fBa",
			"blockHash": "0x0477956c1c95dffea3af262c8dc5c5d5125dd4f71be6cde451514dd8c1546ad3",
			"blockNumber": 5485174,
			"data": "0x0000000000000000000000000000000000000000000000141eed49cac2388000",
			"logIndex": 48,
			"topics": [
				"0xddf252ad1be2c89b69c2b068fc378daa952ba7f163c4a11628f55a4df523b3ef",
				"0x000000000000000000000000468b858c964f297fd8fce058032bf4b4911a8ad8",
				"0x00000000000000000000000066cfebea3edac3a34881981b2c6ec41931e72d56"
			],
			"transactionHash": "0x7ec0390688fd86e56d64ad1a480d2cadc7eb57b0f072268d8cd57610f3c877f5",
			"transactionIndex": 64,
			"transactionLogIndex": "0x0",
			"type": "mined",
			"id": "log_527fda4b"
		}
	],
	"logsBloom": "0x00000000000000000000000000020000000080000000000000000000000000000000000000000000000000000000000000000000000000000000000000000000000000000000010000000008000000000000000000000000000000000020000000000000000000000000000000000000000000000000000000000010000000000000000400000000000000000000000000000000000000000000000000000000000000000000000080000000000000000000000000000000000000010000000000001002000000000000000000000000000000000000000000000000000000000000000000000000000000000000000000000000000000000000000000000000",
	"root": null,
	"status": "0x1",
	"transactionHash": "0x7ec0390688fd86e56d64ad1a480d2cadc7eb57b0f072268d8cd57610f3c877f5",
	"transactionIndex": 64
}
[2018-04-22T10:55:32.411] [DEBUG] trans - TO:   0x6823f9469a7e81410e06f6016cca66fe592918b2
[2018-04-22T10:55:32.411] [DEBUG] trans - AMOUNT:   371099800000000000000
[2018-04-22T10:55:32.411] [DEBUG] trans - Receipt info:  {
	"blockHash": "0x0477956c1c95dffea3af262c8dc5c5d5125dd4f71be6cde451514dd8c1546ad3",
	"blockNumber": 5485174,
	"contractAddress": null,
	"cumulativeGasUsed": 2459891,
	"gasUsed": 51653,
	"logs": [
		{
			"address": "0x7e9e431a0B8c4D532C745B1043c7FA29a48D4fBa",
			"blockHash": "0x0477956c1c95dffea3af262c8dc5c5d5125dd4f71be6cde451514dd8c1546ad3",
			"blockNumber": 5485174,
			"data": "0x0000000000000000000000000000000000000000000000141e0b55edd2818000",
			"logIndex": 49,
			"topics": [
				"0xddf252ad1be2c89b69c2b068fc378daa952ba7f163c4a11628f55a4df523b3ef",
				"0x000000000000000000000000468b858c964f297fd8fce058032bf4b4911a8ad8",
				"0x0000000000000000000000006823f9469a7e81410e06f6016cca66fe592918b2"
			],
			"transactionHash": "0xfba9751cde99dc3564e7446da10156ca3114f16752b567b434f60b526cbb082a",
			"transactionIndex": 65,
			"transactionLogIndex": "0x0",
			"type": "mined",
			"id": "log_9e0f12c1"
		}
	],
	"logsBloom": "0x00080000000000004000000000020000000000000000000000000000000000000000000000000800000000000000000000000000000000000000000000000000000000000000010000000008000000000000000000000000000000000020000000000000000000000000000000000000000000000000000000000010000000000000000000000000000000000000000000000000000000000000000000000000000000000000000080000000000000000000000000000000000000010000000000001002000000000000000000000000000000000000000000000000000000000000000000000000000000000000000000000000000000000000000000000000",
	"root": null,
	"status": "0x1",
	"transactionHash": "0xfba9751cde99dc3564e7446da10156ca3114f16752b567b434f60b526cbb082a",
	"transactionIndex": 65
}
[2018-04-22T10:55:32.411] [DEBUG] trans - TO:   0xd979241b4f8cb9a0f045dff83c82a0d8f7e202a8
[2018-04-22T10:55:32.411] [DEBUG] trans - AMOUNT:   371165900000000000000
[2018-04-22T10:55:32.411] [DEBUG] trans - Receipt info:  {
	"blockHash": "0x0477956c1c95dffea3af262c8dc5c5d5125dd4f71be6cde451514dd8c1546ad3",
	"blockNumber": 5485174,
	"contractAddress": null,
	"cumulativeGasUsed": 2356585,
	"gasUsed": 51653,
	"logs": [
		{
			"address": "0x7e9e431a0B8c4D532C745B1043c7FA29a48D4fBa",
			"blockHash": "0x0477956c1c95dffea3af262c8dc5c5d5125dd4f71be6cde451514dd8c1546ad3",
			"blockNumber": 5485174,
			"data": "0x0000000000000000000000000000000000000000000000141ef62b875e28c000",
			"logIndex": 47,
			"topics": [
				"0xddf252ad1be2c89b69c2b068fc378daa952ba7f163c4a11628f55a4df523b3ef",
				"0x000000000000000000000000468b858c964f297fd8fce058032bf4b4911a8ad8",
				"0x000000000000000000000000d979241b4f8cb9a0f045dff83c82a0d8f7e202a8"
			],
			"transactionHash": "0x911d379e6564f7c522c359f72244aafd0ffdb21cf572270f23336e555bd509d8",
			"transactionIndex": 63,
			"transactionLogIndex": "0x0",
			"type": "mined",
			"id": "log_3a8d475f"
		}
	],
	"logsBloom": "0x00000000000000000000000000020000000000000000000000000000000000000000000000000000000000000000000000000000000000000000000000000000000000000000010000000008000000000000000000000000000000000020000000000000000000000000001000000000000000000100000000000010000000000000000000000000000000000000000000000000000000000000000000000000000200000000000080000000000000000000000000000000000000010000000000001002000000000000000000000000000000000000000000000000000000000000000000000000000000000000000000000000000000000000000000000000",
	"root": null,
	"status": "0x1",
	"transactionHash": "0x911d379e6564f7c522c359f72244aafd0ffdb21cf572270f23336e555bd509d8",
	"transactionIndex": 63
}
[2018-04-22T10:55:32.411] [DEBUG] trans - TO:   0x19d8f93207a8898343d890f69439c40cbcfd0479
[2018-04-22T10:55:32.412] [DEBUG] trans - AMOUNT:   371077800000000000000
[2018-04-22T10:55:32.412] [DEBUG] trans - Receipt info:  {
	"blockHash": "0x0477956c1c95dffea3af262c8dc5c5d5125dd4f71be6cde451514dd8c1546ad3",
	"blockNumber": 5485174,
	"contractAddress": null,
	"cumulativeGasUsed": 2563133,
	"gasUsed": 51653,
	"logs": [
		{
			"address": "0x7e9e431a0B8c4D532C745B1043c7FA29a48D4fBa",
			"blockHash": "0x0477956c1c95dffea3af262c8dc5c5d5125dd4f71be6cde451514dd8c1546ad3",
			"blockNumber": 5485174,
			"data": "0x0000000000000000000000000000000000000000000000141dbd2d0ba9728000",
			"logIndex": 51,
			"topics": [
				"0xddf252ad1be2c89b69c2b068fc378daa952ba7f163c4a11628f55a4df523b3ef",
				"0x000000000000000000000000468b858c964f297fd8fce058032bf4b4911a8ad8",
				"0x00000000000000000000000019d8f93207a8898343d890f69439c40cbcfd0479"
			],
			"transactionHash": "0xc02480f1c90903901f57a4db794f9ffe634f4308aeee062ca9a044c1a70da335",
			"transactionIndex": 67,
			"transactionLogIndex": "0x0",
			"type": "mined",
			"id": "log_79fa5782"
		}
	],
	"logsBloom": "0x00000000000000000000000000020000000000000000000000000000000010000000000000000000000000000000000000000000000000000000000000000000000000000000010000000008000000000000000000000000000000000020000000000000000000000000000000001000000000000000000000000010000000000000000000000000000000000000000000000000000000000000000000000000000000000000000080000000000000000000000000000000000000010000000000001002000000000000000000000000000000000000000000000000000000000000000000000000000000000000000000000000000000000000000000001000",
	"root": null,
	"status": "0x1",
	"transactionHash": "0xc02480f1c90903901f57a4db794f9ffe634f4308aeee062ca9a044c1a70da335",
	"transactionIndex": 67
}
[2018-04-22T10:55:32.412] [DEBUG] trans - TO:   0xb1b2c99dfa9330dee666318307483b760b79472a
[2018-04-22T10:55:32.412] [DEBUG] trans - AMOUNT:   371078000000000000000
[2018-04-22T10:55:32.412] [DEBUG] trans - Receipt info:  {
	"blockHash": "0x0477956c1c95dffea3af262c8dc5c5d5125dd4f71be6cde451514dd8c1546ad3",
	"blockNumber": 5485174,
	"contractAddress": null,
	"cumulativeGasUsed": 2511480,
	"gasUsed": 51589,
	"logs": [
		{
			"address": "0x7e9e431a0B8c4D532C745B1043c7FA29a48D4fBa",
			"blockHash": "0x0477956c1c95dffea3af262c8dc5c5d5125dd4f71be6cde451514dd8c1546ad3",
			"blockNumber": 5485174,
			"data": "0x0000000000000000000000000000000000000000000000141dbde2f1ca670000",
			"logIndex": 50,
			"topics": [
				"0xddf252ad1be2c89b69c2b068fc378daa952ba7f163c4a11628f55a4df523b3ef",
				"0x000000000000000000000000468b858c964f297fd8fce058032bf4b4911a8ad8",
				"0x000000000000000000000000b1b2c99dfa9330dee666318307483b760b79472a"
			],
			"transactionHash": "0x77d6fd9cacba49b2956853b8e0827d139932afe51cbcb0e7ebba82784d1e654a",
			"transactionIndex": 66,
			"transactionLogIndex": "0x0",
			"type": "mined",
			"id": "log_f1cfa7ba"
		}
	],
	"logsBloom": "0x00000000000000000000000000020000000000000000000000000000000000000000000000000000000000000000000000000000000000000000000000000000000000000000010000000008000000000000000000000000000800000020000000000000000000000000000000000000000000000000000000000010000000000000000000000000000000000000000000000000000000000000000000000000000001000000000080000000000000000000000000000000000000030000000000001002000000000000000000000000000000000000000000000000000000000000000000000000000000000000000000000000000000000000000000000000",
	"root": null,
	"status": "0x1",
	"transactionHash": "0x77d6fd9cacba49b2956853b8e0827d139932afe51cbcb0e7ebba82784d1e654a",
	"transactionIndex": 66
}
[2018-04-22T10:55:32.412] [DEBUG] trans - TO:   0xc1877604d94c798516e53f6bd02efd05883d49f1
[2018-04-22T10:55:32.412] [DEBUG] trans - AMOUNT:   371070000000000000000
[2018-04-22T10:55:32.412] [DEBUG] trans - Receipt info:  {
	"blockHash": "0x0477956c1c95dffea3af262c8dc5c5d5125dd4f71be6cde451514dd8c1546ad3",
	"blockNumber": 5485174,
	"contractAddress": null,
	"cumulativeGasUsed": 2614722,
	"gasUsed": 51589,
	"logs": [
		{
			"address": "0x7e9e431a0B8c4D532C745B1043c7FA29a48D4fBa",
			"blockHash": "0x0477956c1c95dffea3af262c8dc5c5d5125dd4f71be6cde451514dd8c1546ad3",
			"blockNumber": 5485174,
			"data": "0x0000000000000000000000000000000000000000000000141da176fca4330000",
			"logIndex": 52,
			"topics": [
				"0xddf252ad1be2c89b69c2b068fc378daa952ba7f163c4a11628f55a4df523b3ef",
				"0x000000000000000000000000468b858c964f297fd8fce058032bf4b4911a8ad8",
				"0x000000000000000000000000c1877604d94c798516e53f6bd02efd05883d49f1"
			],
			"transactionHash": "0x04726625c37a1b351701d63472650b11ba77e664c5aebe9be8cb7df6fcfaa032",
			"transactionIndex": 68,
			"transactionLogIndex": "0x0",
			"type": "mined",
			"id": "log_3b9eac9a"
		}
	],
	"logsBloom": "0x00000000000000000000000000020000000000000000000000000000000000000000000000800000000000000000000000000000000000000000800000000000000000000000010000000008000000000000000000000000000000000020000000000000000000000000000000000000000000000000000000000010000000000000000000000000000000000000000000000000000000000000000000000000000000000000000080000000000000000000000000000000000000010000000000001002000000000000000000000000000000000000000000008000000000000000000000000000000000000000000000000000000000000000000000000000",
	"root": null,
	"status": "0x1",
	"transactionHash": "0x04726625c37a1b351701d63472650b11ba77e664c5aebe9be8cb7df6fcfaa032",
	"transactionIndex": 68
}
[2018-04-22T10:55:32.412] [DEBUG] trans - TO:   0xe47570597414a051af103cd573276c10a71318b9
[2018-04-22T10:55:32.412] [DEBUG] trans - AMOUNT:   371191500000000000000
[2018-04-22T10:55:32.412] [DEBUG] trans - Receipt info:  {
	"blockHash": "0x0477956c1c95dffea3af262c8dc5c5d5125dd4f71be6cde451514dd8c1546ad3",
	"blockNumber": 5485174,
	"contractAddress": null,
	"cumulativeGasUsed": 2150037,
	"gasUsed": 51653,
	"logs": [
		{
			"address": "0x7e9e431a0B8c4D532C745B1043c7FA29a48D4fBa",
			"blockHash": "0x0477956c1c95dffea3af262c8dc5c5d5125dd4f71be6cde451514dd8c1546ad3",
			"blockNumber": 5485174,
			"data": "0x0000000000000000000000000000000000000000000000141f511e97d868c000",
			"logIndex": 43,
			"topics": [
				"0xddf252ad1be2c89b69c2b068fc378daa952ba7f163c4a11628f55a4df523b3ef",
				"0x000000000000000000000000468b858c964f297fd8fce058032bf4b4911a8ad8",
				"0x000000000000000000000000e47570597414a051af103cd573276c10a71318b9"
			],
			"transactionHash": "0xae8534b9542abba89c5ca44f3823f0e55aad390857811880d06b4a53f2f95b11",
			"transactionIndex": 59,
			"transactionLogIndex": "0x0",
			"type": "mined",
			"id": "log_5c1cf46b"
		}
	],
	"logsBloom": "0x00000000000000000000000000020000000000000000000000000000000000000000000000000000000000000000000000000000000000000000000000000000000000000000010000000008000000000000000000000000000000000020000000000000000000000000000000000000000000000000000000000010000000000000000000000000000000000000000000000000000000000000000008000000000000000000000080000000000000000000000000000000000000010000000000001002000000000000000000000000000000000000000000000000008000000000000000000000000000000000000000000000000000000040000000000000",
	"root": null,
	"status": "0x1",
	"transactionHash": "0xae8534b9542abba89c5ca44f3823f0e55aad390857811880d06b4a53f2f95b11",
	"transactionIndex": 59
}
