[2018-04-18T14:44:55.203] [DEBUG] trans - TO:   0xed7a3d83ea5c9be0621122d36617f2e27aed08a8
[2018-04-18T14:44:55.204] [DEBUG] trans - AMOUNT:   151708400000000000000
[2018-04-18T14:44:55.204] [DEBUG] trans - Receipt info:  {
	"blockHash": "0xf2bbb0d51cb563802a7fea358521b6c0040ff7274caa1b5c9c6cf51a32d7f3a9",
	"blockNumber": 5462882,
	"contractAddress": null,
	"cumulativeGasUsed": 3295124,
	"gasUsed": 51589,
	"logs": [
		{
			"address": "0x7e9e431a0B8c4D532C745B1043c7FA29a48D4fBa",
			"blockHash": "0xf2bbb0d51cb563802a7fea358521b6c0040ff7274caa1b5c9c6cf51a32d7f3a9",
			"blockNumber": 5462882,
			"data": "0x00000000000000000000000000000000000000000000000839608203b2df0000",
			"logIndex": 41,
			"topics": [
				"0xddf252ad1be2c89b69c2b068fc378daa952ba7f163c4a11628f55a4df523b3ef",
				"0x000000000000000000000000468b858c964f297fd8fce058032bf4b4911a8ad8",
				"0x000000000000000000000000ed7a3d83ea5c9be0621122d36617f2e27aed08a8"
			],
			"transactionHash": "0x490f325c29485d1a58ddca7789439e2d5344816a103fcf83963186e5dac10481",
			"transactionIndex": 105,
			"transactionLogIndex": "0x0",
			"type": "mined",
			"id": "log_235d5b44"
		}
	],
	"logsBloom": "0x00000000000000000000000000020000000000000000000000000000000040000000000000000000000000000000080000000000000800000000000000000000000000000000010000000008000000000000000000000000000000000020000000000000000000000000000000000000000000000000000000000010000000000000000000000000000000000000000000000000000000000000000000000000000000000000000080000000000000000000000000000000000000010000000000001002000000000000000000000000000000000000000000000000000000000000000000000000000000000000000000000000000000000000000000000000",
	"root": null,
	"status": "0x1",
	"transactionHash": "0x490f325c29485d1a58ddca7789439e2d5344816a103fcf83963186e5dac10481",
	"transactionIndex": 105
}
[2018-04-18T14:45:24.243] [DEBUG] trans - TO:   0x9b96f01fd8df8b7ec0292c76814dc8f68b0461d9
[2018-04-18T14:45:24.243] [DEBUG] trans - AMOUNT:   151707000000000000000
[2018-04-18T14:45:24.243] [DEBUG] trans - Receipt info:  {
	"blockHash": "0x036ea53f9abea66192f7aa71d4f80d7d793f88ab14a0166063ae204b3a411164",
	"blockNumber": 5462883,
	"contractAddress": null,
	"cumulativeGasUsed": 1713847,
	"gasUsed": 51653,
	"logs": [
		{
			"address": "0x7e9e431a0B8c4D532C745B1043c7FA29a48D4fBa",
			"blockHash": "0x036ea53f9abea66192f7aa71d4f80d7d793f88ab14a0166063ae204b3a411164",
			"blockNumber": 5462883,
			"data": "0x000000000000000000000000000000000000000000000008395b88b8cc2f8000",
			"logIndex": 28,
			"topics": [
				"0xddf252ad1be2c89b69c2b068fc378daa952ba7f163c4a11628f55a4df523b3ef",
				"0x000000000000000000000000468b858c964f297fd8fce058032bf4b4911a8ad8",
				"0x0000000000000000000000009b96f01fd8df8b7ec0292c76814dc8f68b0461d9"
			],
			"transactionHash": "0x91c4e05fc188929b5a3483509ad9ecbb7a787a0aca44bb1300b91fdfe5b43ad1",
			"transactionIndex": 50,
			"transactionLogIndex": "0x0",
			"type": "mined",
			"id": "log_e64bee9b"
		}
	],
	"logsBloom": "0x00000000000000000000000000020000000000000000000000000000000000000000000000080000000000000000000000000000000000000000000000000000000000000000010000000008000000000000000000000000000000000020000000000000000000000000000000000000000000000000000000000010000000000000000000000000000000000000000000000000000000000000000000000000000000000000000080000000000000000000002000000000000000010000000000001002000000000000000000000000000000000000000000000000000000000000000000000000000000000000000000000000000000800000000000000000",
	"root": null,
	"status": "0x1",
	"transactionHash": "0x91c4e05fc188929b5a3483509ad9ecbb7a787a0aca44bb1300b91fdfe5b43ad1",
	"transactionIndex": 50
}
[2018-04-18T14:45:38.253] [DEBUG] trans - TO:   0x2509c07df49f2a7effeedd287f045c04ef3801ab
[2018-04-18T14:45:38.253] [DEBUG] trans - AMOUNT:   151678300000000000000
[2018-04-18T14:45:38.253] [DEBUG] trans - Receipt info:  {
	"blockHash": "0xde14f7063ce01eea9251b34ff20dd5591f42ce712099ab85df367e3af3ad3ce8",
	"blockNumber": 5462885,
	"contractAddress": null,
	"cumulativeGasUsed": 4241309,
	"gasUsed": 51653,
	"logs": [
		{
			"address": "0x7e9e431a0B8c4D532C745B1043c7FA29a48D4fBa",
			"blockHash": "0xde14f7063ce01eea9251b34ff20dd5591f42ce712099ab85df367e3af3ad3ce8",
			"blockNumber": 5462885,
			"data": "0x00000000000000000000000000000000000000000000000838f592395321c000",
			"logIndex": 66,
			"topics": [
				"0xddf252ad1be2c89b69c2b068fc378daa952ba7f163c4a11628f55a4df523b3ef",
				"0x000000000000000000000000468b858c964f297fd8fce058032bf4b4911a8ad8",
				"0x0000000000000000000000002509c07df49f2a7effeedd287f045c04ef3801ab"
			],
			"transactionHash": "0xbabb28915909b1bbbe35849fc0655b945499043ccc580c6169bb64cfa170ec9a",
			"transactionIndex": 83,
			"transactionLogIndex": "0x0",
			"type": "mined",
			"id": "log_33bfe258"
		}
	],
	"logsBloom": "0x00000000000000000000000000020000000000000000080000000000000000000000000000000000000000000000000000000000000000000000000000000000000000000000010000000008000000000000000000000000000000000020000000000000000000000000000000000000008000000000000000000010000000000000000000000000000000000000000000000000000000000000000000000000000000000000000080000000000000000000000000400000000000010000000000001002000000000000000000000000000000000000000000000000000000000000000000000000000000000000000000000000000000000000000000000000",
	"root": null,
	"status": "0x1",
	"transactionHash": "0xbabb28915909b1bbbe35849fc0655b945499043ccc580c6169bb64cfa170ec9a",
	"transactionIndex": 83
}
[2018-04-18T14:45:38.254] [DEBUG] trans - TO:   0x945db59f57bba2ee404cd1a124b70e726c8d213e
[2018-04-18T14:45:38.254] [DEBUG] trans - AMOUNT:   151703100000000000000
[2018-04-18T14:45:38.254] [DEBUG] trans - Receipt info:  {
	"blockHash": "0xde14f7063ce01eea9251b34ff20dd5591f42ce712099ab85df367e3af3ad3ce8",
	"blockNumber": 5462885,
	"contractAddress": null,
	"cumulativeGasUsed": 4138003,
	"gasUsed": 51653,
	"logs": [
		{
			"address": "0x7e9e431a0B8c4D532C745B1043c7FA29a48D4fBa",
			"blockHash": "0xde14f7063ce01eea9251b34ff20dd5591f42ce712099ab85df367e3af3ad3ce8",
			"blockNumber": 5462885,
			"data": "0x000000000000000000000000000000000000000000000008394dadb1498fc000",
			"logIndex": 64,
			"topics": [
				"0xddf252ad1be2c89b69c2b068fc378daa952ba7f163c4a11628f55a4df523b3ef",
				"0x000000000000000000000000468b858c964f297fd8fce058032bf4b4911a8ad8",
				"0x000000000000000000000000945db59f57bba2ee404cd1a124b70e726c8d213e"
			],
			"transactionHash": "0x48004e35a00e50cde0fa5425d4b11377fa4852871c8465ac83579a53a2cb7775",
			"transactionIndex": 81,
			"transactionLogIndex": "0x0",
			"type": "mined",
			"id": "log_b5640b7b"
		}
	],
	"logsBloom": "0x00000000000000000000000000020000000000000000000000000000000200000000000000000000000000000000000000000000000000000000000000000000000000000000010000000008000000000000000000000000000000000020000000000000000000000000000000000000000000000000000000000010000000000000000000000000000000000000000000000000000000000000000000000000000000000000000080000000000000000000000000000000000000010000000000011002000000000000000000000000000000000000000000000000000000000000000000000000000000000000000000000000000000000200000000000000",
	"root": null,
	"status": "0x1",
	"transactionHash": "0x48004e35a00e50cde0fa5425d4b11377fa4852871c8465ac83579a53a2cb7775",
	"transactionIndex": 81
}
[2018-04-18T14:45:38.255] [DEBUG] trans - TO:   0xd613717a45a72fe2f681c262d942d2c389f16683
[2018-04-18T14:45:38.255] [DEBUG] trans - AMOUNT:   151702900000000000000
[2018-04-18T14:45:38.255] [DEBUG] trans - Receipt info:  {
	"blockHash": "0xde14f7063ce01eea9251b34ff20dd5591f42ce712099ab85df367e3af3ad3ce8",
	"blockNumber": 5462885,
	"contractAddress": null,
	"cumulativeGasUsed": 4189656,
	"gasUsed": 51653,
	"logs": [
		{
			"address": "0x7e9e431a0B8c4D532C745B1043c7FA29a48D4fBa",
			"blockHash": "0xde14f7063ce01eea9251b34ff20dd5591f42ce712099ab85df367e3af3ad3ce8",
			"blockNumber": 5462885,
			"data": "0x000000000000000000000000000000000000000000000008394cf7cb289b4000",
			"logIndex": 65,
			"topics": [
				"0xddf252ad1be2c89b69c2b068fc378daa952ba7f163c4a11628f55a4df523b3ef",
				"0x000000000000000000000000468b858c964f297fd8fce058032bf4b4911a8ad8",
				"0x000000000000000000000000d613717a45a72fe2f681c262d942d2c389f16683"
			],
			"transactionHash": "0x18ef7b2f0c2646c691280041f91c492573f3890cade8bb15baf23d2318f855ef",
			"transactionIndex": 82,
			"transactionLogIndex": "0x0",
			"type": "mined",
			"id": "log_b5ef0c96"
		}
	],
	"logsBloom": "0x00000000000000000000000000020000000000000000000000000000000000000000000000000000000000000000000000000200000000000000000000000000000000000000010000000008000000000000000000000000000000000020000000000000000000000000000100000000000000000000000000000010000000000000000000000000000000000000000000000000000000000000000000000000000000000000000080000000000000000000000000000000008000010000000000001002000000000000000000000000000000000000000000000000000000000000000000000000000000000000000000000000000000000000000000000000",
	"root": null,
	"status": "0x1",
	"transactionHash": "0x18ef7b2f0c2646c691280041f91c492573f3890cade8bb15baf23d2318f855ef",
	"transactionIndex": 82
}
[2018-04-18T14:45:38.255] [DEBUG] trans - TO:   0xcfbb2e4bd58e0678c80c3e4b3288b88da5e6f550
[2018-04-18T14:45:38.255] [DEBUG] trans - AMOUNT:   151666200000000000000
[2018-04-18T14:45:38.255] [DEBUG] trans - Receipt info:  {
	"blockHash": "0xde14f7063ce01eea9251b34ff20dd5591f42ce712099ab85df367e3af3ad3ce8",
	"blockNumber": 5462885,
	"contractAddress": null,
	"cumulativeGasUsed": 4344615,
	"gasUsed": 51653,
	"logs": [
		{
			"address": "0x7e9e431a0B8c4D532C745B1043c7FA29a48D4fBa",
			"blockHash": "0xde14f7063ce01eea9251b34ff20dd5591f42ce712099ab85df367e3af3ad3ce8",
			"blockNumber": 5462885,
			"data": "0x00000000000000000000000000000000000000000000000838ca955689598000",
			"logIndex": 68,
			"topics": [
				"0xddf252ad1be2c89b69c2b068fc378daa952ba7f163c4a11628f55a4df523b3ef",
				"0x000000000000000000000000468b858c964f297fd8fce058032bf4b4911a8ad8",
				"0x000000000000000000000000cfbb2e4bd58e0678c80c3e4b3288b88da5e6f550"
			],
			"transactionHash": "0xbe1922899309fcf008e81a6159bb76f0f23aae29086d9a6195b7113b966a5502",
			"transactionIndex": 85,
			"transactionLogIndex": "0x0",
			"type": "mined",
			"id": "log_80ce5dc6"
		}
	],
	"logsBloom": "0x00000000000000000000000000020000000000000000000000000000000000000000000000000000000000000000000000800000000000000000000000000000000000000000010000000008000000000000000000000000000000000020000000000000000000000100000000000000000000000000000000000010000000000000000000000000000000000000000000000000000000000000000000000000000000000000000080000000000000000000000000000000000000010000000000001002000000000000000000000000000000000000000000000000000000000000000040000000000000000000000000000000000000000000000000000000",
	"root": null,
	"status": "0x1",
	"transactionHash": "0xbe1922899309fcf008e81a6159bb76f0f23aae29086d9a6195b7113b966a5502",
	"transactionIndex": 85
}
[2018-04-18T14:45:38.256] [DEBUG] trans - TO:   0x09c48cd42e1e0f64462680be8a380d864d35176d
[2018-04-18T14:45:38.256] [DEBUG] trans - AMOUNT:   151660000000000000000
[2018-04-18T14:45:38.256] [DEBUG] trans - Receipt info:  {
	"blockHash": "0xde14f7063ce01eea9251b34ff20dd5591f42ce712099ab85df367e3af3ad3ce8",
	"blockNumber": 5462885,
	"contractAddress": null,
	"cumulativeGasUsed": 4396204,
	"gasUsed": 51589,
	"logs": [
		{
			"address": "0x7e9e431a0B8c4D532C745B1043c7FA29a48D4fBa",
			"blockHash": "0xde14f7063ce01eea9251b34ff20dd5591f42ce712099ab85df367e3af3ad3ce8",
			"blockNumber": 5462885,
			"data": "0x00000000000000000000000000000000000000000000000838b48e788bbe0000",
			"logIndex": 69,
			"topics": [
				"0xddf252ad1be2c89b69c2b068fc378daa952ba7f163c4a11628f55a4df523b3ef",
				"0x000000000000000000000000468b858c964f297fd8fce058032bf4b4911a8ad8",
				"0x00000000000000000000000009c48cd42e1e0f64462680be8a380d864d35176d"
			],
			"transactionHash": "0xdf0246101be19bbd32a5064bafb27f6f091ac432b851f96b90071929896e2de5",
			"transactionIndex": 86,
			"transactionLogIndex": "0x0",
			"type": "mined",
			"id": "log_8b4d945d"
		}
	],
	"logsBloom": "0x00000000000000000000000000020000000000000000000000000000000000000000000000000000000000000000000000000000000000000000000000000000000000000000010000000008000000000000000000000000000000000020400000000000000000000000000000000000000000000000000000000010000000000000000000000000000000000000100000000000000000000000000000000000000000000000000080000000000000000000000000000000000000012000000000001002000000000000000000000000000000000000000000000000000000000000000000000000000000000000000000000000000000000000000000000000",
	"root": null,
	"status": "0x1",
	"transactionHash": "0xdf0246101be19bbd32a5064bafb27f6f091ac432b851f96b90071929896e2de5",
	"transactionIndex": 86
}
[2018-04-18T14:45:38.257] [DEBUG] trans - TO:   0x1c7135ead144ae25aba49aa585cc43f5064c613b
[2018-04-18T14:45:38.257] [DEBUG] trans - AMOUNT:   151671800000000000000
[2018-04-18T14:45:38.257] [DEBUG] trans - Receipt info:  {
	"blockHash": "0xde14f7063ce01eea9251b34ff20dd5591f42ce712099ab85df367e3af3ad3ce8",
	"blockNumber": 5462885,
	"contractAddress": null,
	"cumulativeGasUsed": 4292962,
	"gasUsed": 51653,
	"logs": [
		{
			"address": "0x7e9e431a0B8c4D532C745B1043c7FA29a48D4fBa",
			"blockHash": "0xde14f7063ce01eea9251b34ff20dd5591f42ce712099ab85df367e3af3ad3ce8",
			"blockNumber": 5462885,
			"data": "0x00000000000000000000000000000000000000000000000838de7a8224178000",
			"logIndex": 67,
			"topics": [
				"0xddf252ad1be2c89b69c2b068fc378daa952ba7f163c4a11628f55a4df523b3ef",
				"0x000000000000000000000000468b858c964f297fd8fce058032bf4b4911a8ad8",
				"0x0000000000000000000000001c7135ead144ae25aba49aa585cc43f5064c613b"
			],
			"transactionHash": "0x43622058cfe284dfa62a67142decec9a96713dbdc8c84d62144f5a800cb8a7c7",
			"transactionIndex": 84,
			"transactionLogIndex": "0x0",
			"type": "mined",
			"id": "log_78b977b4"
		}
	],
	"logsBloom": "0x00000000000000000000008000020000000000000000000000000000000000000000000000000000000000000000000000000000000000000000000000000000040000000000010000000008000000000000000000000000000000000020000000000000000000000000000000000000000000000000000000000010000000000000000000000000000000000000000000000000000000000000000000000000000000100000000080000000000000000000000000000000000000010000000000001002000000000000000000000000000000000000000000000000000000000000000000000000000000000000000000000000000000000000000000000000",
	"root": null,
	"status": "0x1",
	"transactionHash": "0x43622058cfe284dfa62a67142decec9a96713dbdc8c84d62144f5a800cb8a7c7",
	"transactionIndex": 84
}
[2018-04-18T14:45:38.258] [DEBUG] trans - TO:   0xee55ea439daa892ad1b379836cb46c2174e6dd8b
[2018-04-18T14:45:38.258] [DEBUG] trans - AMOUNT:   151643000000000000000
[2018-04-18T14:45:38.258] [DEBUG] trans - Receipt info:  {
	"blockHash": "0xde14f7063ce01eea9251b34ff20dd5591f42ce712099ab85df367e3af3ad3ce8",
	"blockNumber": 5462885,
	"contractAddress": null,
	"cumulativeGasUsed": 4602560,
	"gasUsed": 51653,
	"logs": [
		{
			"address": "0x7e9e431a0B8c4D532C745B1043c7FA29a48D4fBa",
			"blockHash": "0xde14f7063ce01eea9251b34ff20dd5591f42ce712099ab85df367e3af3ad3ce8",
			"blockNumber": 5462885,
			"data": "0x0000000000000000000000000000000000000000000000083878290f9a8f8000",
			"logIndex": 73,
			"topics": [
				"0xddf252ad1be2c89b69c2b068fc378daa952ba7f163c4a11628f55a4df523b3ef",
				"0x000000000000000000000000468b858c964f297fd8fce058032bf4b4911a8ad8",
				"0x000000000000000000000000ee55ea439daa892ad1b379836cb46c2174e6dd8b"
			],
			"transactionHash": "0xb8b8051dec65d4e888e5a8e06b05db5b626a173c063653db13cb0e91247f4b00",
			"transactionIndex": 90,
			"transactionLogIndex": "0x0",
			"type": "mined",
			"id": "log_4d13e0e9"
		}
	],
	"logsBloom": "0x00000000000000000000000000820000000000000000000000000000000000000000000000000000000000000000000000000000000000000000000000000000000000000000010000000008000000000000000000000000000000000020000000000000000000000000000000000000000000000000000000000010000000000000000000000000000000000000000000000000000000000000000000000000000000000000000080000000000000000000000000000000000000010000000000001002000000000000000000000000200000000000000000000000000000000000000000000000000000000000002000000000000000000000000000000000",
	"root": null,
	"status": "0x1",
	"transactionHash": "0xb8b8051dec65d4e888e5a8e06b05db5b626a173c063653db13cb0e91247f4b00",
	"transactionIndex": 90
}
[2018-04-18T14:45:38.258] [DEBUG] trans - TO:   0x60b5f1e235b92147139782cd4dfa41c2e0dbcd64
[2018-04-18T14:45:38.258] [DEBUG] trans - AMOUNT:   151644400000000000000
[2018-04-18T14:45:38.258] [DEBUG] trans - Receipt info:  {
	"blockHash": "0xde14f7063ce01eea9251b34ff20dd5591f42ce712099ab85df367e3af3ad3ce8",
	"blockNumber": 5462885,
	"contractAddress": null,
	"cumulativeGasUsed": 4499318,
	"gasUsed": 51589,
	"logs": [
		{
			"address": "0x7e9e431a0B8c4D532C745B1043c7FA29a48D4fBa",
			"blockHash": "0xde14f7063ce01eea9251b34ff20dd5591f42ce712099ab85df367e3af3ad3ce8",
			"blockNumber": 5462885,
			"data": "0x000000000000000000000000000000000000000000000008387d225a813f0000",
			"logIndex": 71,
			"topics": [
				"0xddf252ad1be2c89b69c2b068fc378daa952ba7f163c4a11628f55a4df523b3ef",
				"0x000000000000000000000000468b858c964f297fd8fce058032bf4b4911a8ad8",
				"0x00000000000000000000000060b5f1e235b92147139782cd4dfa41c2e0dbcd64"
			],
			"transactionHash": "0x289939714d0ec1b042d721005a1c724f5a0ee19b27cd0a02109ba1f496a859bf",
			"transactionIndex": 88,
			"transactionLogIndex": "0x0",
			"type": "mined",
			"id": "log_68f78b8c"
		}
	],
	"logsBloom": "0x00000000000000000000000000020000000000000000000000000000000000000000000000080000000000000000000000000000000000000000000000000000000000000000010000000008000000000000000000000000000001000020000000000000000000000000000000040000000000000000000000000010000000000000000000000000000000000000000000000000000000000000000000000000000000000000000080000000000000000000000000000000000000010000000000001002000000000000000000000000000000000000000000000000000000000000000000000000000000000000000000000000000000000000000000000000",
	"root": null,
	"status": "0x1",
	"transactionHash": "0x289939714d0ec1b042d721005a1c724f5a0ee19b27cd0a02109ba1f496a859bf",
	"transactionIndex": 88
}
[2018-04-18T14:45:38.259] [DEBUG] trans - TO:   0x6888c83e96770528d5a1c86e3b32bf7759551e3a
[2018-04-18T14:45:38.259] [DEBUG] trans - AMOUNT:   151643600000000000000
[2018-04-18T14:45:38.259] [DEBUG] trans - Receipt info:  {
	"blockHash": "0xde14f7063ce01eea9251b34ff20dd5591f42ce712099ab85df367e3af3ad3ce8",
	"blockNumber": 5462885,
	"contractAddress": null,
	"cumulativeGasUsed": 4550907,
	"gasUsed": 51589,
	"logs": [
		{
			"address": "0x7e9e431a0B8c4D532C745B1043c7FA29a48D4fBa",
			"blockHash": "0xde14f7063ce01eea9251b34ff20dd5591f42ce712099ab85df367e3af3ad3ce8",
			"blockNumber": 5462885,
			"data": "0x000000000000000000000000000000000000000000000008387a4ac1fd6d0000",
			"logIndex": 72,
			"topics": [
				"0xddf252ad1be2c89b69c2b068fc378daa952ba7f163c4a11628f55a4df523b3ef",
				"0x000000000000000000000000468b858c964f297fd8fce058032bf4b4911a8ad8",
				"0x0000000000000000000000006888c83e96770528d5a1c86e3b32bf7759551e3a"
			],
			"transactionHash": "0x63698577e415752cb353e7135cb9f7ab263a8bf911b43752650f580ded6f7478",
			"transactionIndex": 89,
			"transactionLogIndex": "0x0",
			"type": "mined",
			"id": "log_c6b4e952"
		}
	],
	"logsBloom": "0x00000000000100000000000000020000000000000000000000000000000000000000000000000000000000000000000000000000000000000000000000000000000000000000010000000008000000000000000000000000000000000020000000000000000000000000000000000000000000000000000000000010000000000000000000000000000000000000000000000000000000000000000000000000000000000000000080000000001000000000000000000004000000010000000000001002000000000000000000000000000000000000000000000000000000000000000000000000000000000000000000000000000000000000000000000000",
	"root": null,
	"status": "0x1",
	"transactionHash": "0x63698577e415752cb353e7135cb9f7ab263a8bf911b43752650f580ded6f7478",
	"transactionIndex": 89
}
[2018-04-18T14:45:38.260] [DEBUG] trans - TO:   0x9b311d8df442007b310029d26da3d53dbdd9bded
[2018-04-18T14:45:38.260] [DEBUG] trans - AMOUNT:   151649800000000000000
[2018-04-18T14:45:38.260] [DEBUG] trans - Receipt info:  {
	"blockHash": "0xde14f7063ce01eea9251b34ff20dd5591f42ce712099ab85df367e3af3ad3ce8",
	"blockNumber": 5462885,
	"contractAddress": null,
	"cumulativeGasUsed": 4447729,
	"gasUsed": 51525,
	"logs": [
		{
			"address": "0x7e9e431a0B8c4D532C745B1043c7FA29a48D4fBa",
			"blockHash": "0xde14f7063ce01eea9251b34ff20dd5591f42ce712099ab85df367e3af3ad3ce8",
			"blockNumber": 5462885,
			"data": "0x0000000000000000000000000000000000000000000000083890519ffb088000",
			"logIndex": 70,
			"topics": [
				"0xddf252ad1be2c89b69c2b068fc378daa952ba7f163c4a11628f55a4df523b3ef",
				"0x000000000000000000000000468b858c964f297fd8fce058032bf4b4911a8ad8",
				"0x0000000000000000000000009b311d8df442007b310029d26da3d53dbdd9bded"
			],
			"transactionHash": "0x5dd5bd6724bc4824fafadeed2ced7e2468f91e4f75266a7ec8543818a69b5064",
			"transactionIndex": 87,
			"transactionLogIndex": "0x0",
			"type": "mined",
			"id": "log_dfc885e4"
		}
	],
	"logsBloom": "0x00000000000000000000000000020000000000000000000000000000000000000000000000000000000000000000000000000000000000000000000000000000000000000000010000000008000000000000000000000000000000000020000000000000000000000000000000000000000000000000000000000010000000000000000000000000000000000000000000000000000000000000000000000000100000000000000080000000000000000000000000000000000000010000000000001002000000000001000000000000000000000000000000000000000000000000000000000000000000000000000000000000000000400000000000000000",
	"root": null,
	"status": "0x1",
	"transactionHash": "0x5dd5bd6724bc4824fafadeed2ced7e2468f91e4f75266a7ec8543818a69b5064",
	"transactionIndex": 87
}
[2018-04-18T14:45:38.260] [DEBUG] trans - TO:   0x032c7484b0c29e1486b8521c86ed9525cba83fa0
[2018-04-18T14:45:38.260] [DEBUG] trans - AMOUNT:   151601300000000000000
[2018-04-18T14:45:38.260] [DEBUG] trans - Receipt info:  {
	"blockHash": "0xde14f7063ce01eea9251b34ff20dd5591f42ce712099ab85df367e3af3ad3ce8",
	"blockNumber": 5462885,
	"contractAddress": null,
	"cumulativeGasUsed": 4757519,
	"gasUsed": 51653,
	"logs": [
		{
			"address": "0x7e9e431a0B8c4D532C745B1043c7FA29a48D4fBa",
			"blockHash": "0xde14f7063ce01eea9251b34ff20dd5591f42ce712099ab85df367e3af3ad3ce8",
			"blockNumber": 5462885,
			"data": "0x00000000000000000000000000000000000000000000000837e40321c36d4000",
			"logIndex": 76,
			"topics": [
				"0xddf252ad1be2c89b69c2b068fc378daa952ba7f163c4a11628f55a4df523b3ef",
				"0x000000000000000000000000468b858c964f297fd8fce058032bf4b4911a8ad8",
				"0x000000000000000000000000032c7484b0c29e1486b8521c86ed9525cba83fa0"
			],
			"transactionHash": "0xc3080d5826989206fef70bb7aca55f92b96c21eab1f040650f275ef4264f7f69",
			"transactionIndex": 93,
			"transactionLogIndex": "0x0",
			"type": "mined",
			"id": "log_319385ae"
		}
	],
	"logsBloom": "0x00000000000000000000000000020000000000010000000000000000000000000000000000000000000000000000000000000000000000000000000000000000000000000000010000000008000000000000000000000000000000000020000000000000000000000000000000000000000000000000000000000010000000000000000000000000000000000000000000000000000000000000000000000000000000000000040080000000000000000000000000000000000000010000000000001002000000000000000000000000000000000000000040000000000000000000000000000000000000000000000000000000000000000000000000000000",
	"root": null,
	"status": "0x1",
	"transactionHash": "0xc3080d5826989206fef70bb7aca55f92b96c21eab1f040650f275ef4264f7f69",
	"transactionIndex": 93
}
[2018-04-18T14:45:38.261] [DEBUG] trans - TO:   0x2388f73ea3e5fc53f728c198b45ef89c83d8c271
[2018-04-18T14:45:38.261] [DEBUG] trans - AMOUNT:   151607500000000000000
[2018-04-18T14:45:38.261] [DEBUG] trans - Receipt info:  {
	"blockHash": "0xde14f7063ce01eea9251b34ff20dd5591f42ce712099ab85df367e3af3ad3ce8",
	"blockNumber": 5462885,
	"contractAddress": null,
	"cumulativeGasUsed": 4705866,
	"gasUsed": 51653,
	"logs": [
		{
			"address": "0x7e9e431a0B8c4D532C745B1043c7FA29a48D4fBa",
			"blockHash": "0xde14f7063ce01eea9251b34ff20dd5591f42ce712099ab85df367e3af3ad3ce8",
			"blockNumber": 5462885,
			"data": "0x00000000000000000000000000000000000000000000000837fa09ffc108c000",
			"logIndex": 75,
			"topics": [
				"0xddf252ad1be2c89b69c2b068fc378daa952ba7f163c4a11628f55a4df523b3ef",
				"0x000000000000000000000000468b858c964f297fd8fce058032bf4b4911a8ad8",
				"0x0000000000000000000000002388f73ea3e5fc53f728c198b45ef89c83d8c271"
			],
			"transactionHash": "0xa387889d04c99bc9d7f3d94cea68371dfa27eb72b06f71cb65b771d77fbe74dd",
			"transactionIndex": 92,
			"transactionLogIndex": "0x0",
			"type": "mined",
			"id": "log_3c4e805e"
		}
	],
	"logsBloom": "0x00000000000000000000000000020000000000004000000000000000000000000000000000000000000000000000000000000000000000040000000000000040000000000000010000000008000000000000000000000000000000000020000000000000000000000000000000000000000000000000000000000010000000000000000000000000000000000000000000000000000000000000000000000000000000000000000080000000000000000000000000000000000000010000000000001002000000000000000000000000000000000000000000000000000000000000000000000000000000000000000000000000000000000000000000000000",
	"root": null,
	"status": "0x1",
	"transactionHash": "0xa387889d04c99bc9d7f3d94cea68371dfa27eb72b06f71cb65b771d77fbe74dd",
	"transactionIndex": 92
}
[2018-04-18T14:45:38.261] [DEBUG] trans - TO:   0x5e056fd8f22f2a56f45908f0986e451993754d4f
[2018-04-18T14:45:38.261] [DEBUG] trans - AMOUNT:   151625000000000000000
[2018-04-18T14:45:38.261] [DEBUG] trans - Receipt info:  {
	"blockHash": "0xde14f7063ce01eea9251b34ff20dd5591f42ce712099ab85df367e3af3ad3ce8",
	"blockNumber": 5462885,
	"contractAddress": null,
	"cumulativeGasUsed": 4654213,
	"gasUsed": 51653,
	"logs": [
		{
			"address": "0x7e9e431a0B8c4D532C745B1043c7FA29a48D4fBa",
			"blockHash": "0xde14f7063ce01eea9251b34ff20dd5591f42ce712099ab85df367e3af3ad3ce8",
			"blockNumber": 5462885,
			"data": "0x00000000000000000000000000000000000000000000000838383628049a8000",
			"logIndex": 74,
			"topics": [
				"0xddf252ad1be2c89b69c2b068fc378daa952ba7f163c4a11628f55a4df523b3ef",
				"0x000000000000000000000000468b858c964f297fd8fce058032bf4b4911a8ad8",
				"0x0000000000000000000000005e056fd8f22f2a56f45908f0986e451993754d4f"
			],
			"transactionHash": "0x1c502a2fcffa28a4d721bdda6c3ac6f145bd8ee5c7c2486f25593b3965aa451f",
			"transactionIndex": 91,
			"transactionLogIndex": "0x0",
			"type": "mined",
			"id": "log_9e77639a"
		}
	],
	"logsBloom": "0x00000000000000000000000000020000000000000000000000000000000000000000000000000000000000000000000000000000000000000000000000000000000000000000010000000008000000000000000000000000000000000020000000000000000000000000000000000000000000000000000000000010000000000000000010000000000000000000800000000000000000000000000000000000000000000000000080000000000000000000000000000000000000010000000000001002000000000000000000000000000000000000000000000000000000000000000000000000000000000000000008000000000000000000000000000000",
	"root": null,
	"status": "0x1",
	"transactionHash": "0x1c502a2fcffa28a4d721bdda6c3ac6f145bd8ee5c7c2486f25593b3965aa451f",
	"transactionIndex": 91
}
[2018-04-18T14:45:38.262] [DEBUG] trans - TO:   0x916fbef9a763336c15ab7e3f20ca6228a3badce5
[2018-04-18T14:45:38.263] [DEBUG] trans - AMOUNT:   151598600000000000000
[2018-04-18T14:45:38.263] [DEBUG] trans - Receipt info:  {
	"blockHash": "0xde14f7063ce01eea9251b34ff20dd5591f42ce712099ab85df367e3af3ad3ce8",
	"blockNumber": 5462885,
	"contractAddress": null,
	"cumulativeGasUsed": 4912414,
	"gasUsed": 51653,
	"logs": [
		{
			"address": "0x7e9e431a0B8c4D532C745B1043c7FA29a48D4fBa",
			"blockHash": "0xde14f7063ce01eea9251b34ff20dd5591f42ce712099ab85df367e3af3ad3ce8",
			"blockNumber": 5462885,
			"data": "0x00000000000000000000000000000000000000000000000837da6b7f06888000",
			"logIndex": 79,
			"topics": [
				"0xddf252ad1be2c89b69c2b068fc378daa952ba7f163c4a11628f55a4df523b3ef",
				"0x000000000000000000000000468b858c964f297fd8fce058032bf4b4911a8ad8",
				"0x000000000000000000000000916fbef9a763336c15ab7e3f20ca6228a3badce5"
			],
			"transactionHash": "0x3845c0ca1f8520f714a4a1544c0c73a8e6c116ced33aa426c3cb044655c3307e",
			"transactionIndex": 96,
			"transactionLogIndex": "0x0",
			"type": "mined",
			"id": "log_0efe2e2b"
		}
	],
	"logsBloom": "0x00000000000000000000000000020000000000000000000000000000000000000000000000000000000000000000000000000000000000000000080000000000000000000000010000000008000000000000000000000000000000000020000000000000000000000000000000000000000000000000000000000010000000000000000000000000000000000000000000000000000000000000000000000000000000000000000080000000000000000000000000000000000000010000000000001002000000000000000000000000000010000000000000000000000000000000000000000000000000000000000000000000000020000000000000000000",
	"root": null,
	"status": "0x1",
	"transactionHash": "0x3845c0ca1f8520f714a4a1544c0c73a8e6c116ced33aa426c3cb044655c3307e",
	"transactionIndex": 96
}
[2018-04-18T14:45:38.263] [DEBUG] trans - TO:   0x09bf95ebcf47aab2ce590baa7ee08e8d0a641e93
[2018-04-18T14:45:38.263] [DEBUG] trans - AMOUNT:   151601000000000000000
[2018-04-18T14:45:38.263] [DEBUG] trans - Receipt info:  {
	"blockHash": "0xde14f7063ce01eea9251b34ff20dd5591f42ce712099ab85df367e3af3ad3ce8",
	"blockNumber": 5462885,
	"contractAddress": null,
	"cumulativeGasUsed": 4809172,
	"gasUsed": 51653,
	"logs": [
		{
			"address": "0x7e9e431a0B8c4D532C745B1043c7FA29a48D4fBa",
			"blockHash": "0xde14f7063ce01eea9251b34ff20dd5591f42ce712099ab85df367e3af3ad3ce8",
			"blockNumber": 5462885,
			"data": "0x00000000000000000000000000000000000000000000000837e2f24891fe8000",
			"logIndex": 77,
			"topics": [
				"0xddf252ad1be2c89b69c2b068fc378daa952ba7f163c4a11628f55a4df523b3ef",
				"0x000000000000000000000000468b858c964f297fd8fce058032bf4b4911a8ad8",
				"0x00000000000000000000000009bf95ebcf47aab2ce590baa7ee08e8d0a641e93"
			],
			"transactionHash": "0x55dae67283c7d5bdab3a583876ccb52a301afb01542daea71c6cbae110f019c9",
			"transactionIndex": 94,
			"transactionLogIndex": "0x0",
			"type": "mined",
			"id": "log_60ce0ba4"
		}
	],
	"logsBloom": "0x00000000000000000000000000020000000000000000000000000000000000000000000000000000000000000000000000000000000000000000000000000000000000000000010000000008000000000100000000000000000000000020000000000000000000000000000000000000000000000000000000000010000000000000000000000000000000000000000040000000000000000000000000000000000000000000000080000000000000000000000000000000000000010000000000001002000000000000000000000000000000000000000000000000000000000000000000000000000000000000000000000000000000000000800000000000",
	"root": null,
	"status": "0x1",
	"transactionHash": "0x55dae67283c7d5bdab3a583876ccb52a301afb01542daea71c6cbae110f019c9",
	"transactionIndex": 94
}
[2018-04-18T14:45:38.263] [DEBUG] trans - TO:   0xaa3ebf547d801a8e0b2d4583901afa0573fc9762
[2018-04-18T14:45:38.263] [DEBUG] trans - AMOUNT:   151600000000000000000
[2018-04-18T14:45:38.263] [DEBUG] trans - Receipt info:  {
	"blockHash": "0xde14f7063ce01eea9251b34ff20dd5591f42ce712099ab85df367e3af3ad3ce8",
	"blockNumber": 5462885,
	"contractAddress": null,
	"cumulativeGasUsed": 4860761,
	"gasUsed": 51589,
	"logs": [
		{
			"address": "0x7e9e431a0B8c4D532C745B1043c7FA29a48D4fBa",
			"blockHash": "0xde14f7063ce01eea9251b34ff20dd5591f42ce712099ab85df367e3af3ad3ce8",
			"blockNumber": 5462885,
			"data": "0x00000000000000000000000000000000000000000000000837df64c9ed380000",
			"logIndex": 78,
			"topics": [
				"0xddf252ad1be2c89b69c2b068fc378daa952ba7f163c4a11628f55a4df523b3ef",
				"0x000000000000000000000000468b858c964f297fd8fce058032bf4b4911a8ad8",
				"0x000000000000000000000000aa3ebf547d801a8e0b2d4583901afa0573fc9762"
			],
			"transactionHash": "0x0c3fef05ca18cbad053d7a33b9ea57f3164cb5c88a41cde8c5e4387b610c1e7a",
			"transactionIndex": 95,
			"transactionLogIndex": "0x0",
			"type": "mined",
			"id": "log_b495d4a2"
		}
	],
	"logsBloom": "0x00000000000000000000000000020000000000000000000000000000000000000000000000000000000800000000000000000000000000000000000000100000000000000000010000000008000000000000000000000000000000000020000000000000000000000000000000000000000000000000000000000010000000000000000000000000000000000000000000000000000000000000000000000000000000000000000080000000000000000000000000000000000000010000000000001002000000000000000000000000000000000000000000000000000000000000000000000000000000000000000400000000000000000000000000000000",
	"root": null,
	"status": "0x1",
	"transactionHash": "0x0c3fef05ca18cbad053d7a33b9ea57f3164cb5c88a41cde8c5e4387b610c1e7a",
	"transactionIndex": 95
}
[2018-04-18T14:45:38.264] [DEBUG] trans - TO:   0x3038a44d2223f5f7526b5c265593db6bf3c7328f
[2018-04-18T14:45:38.264] [DEBUG] trans - AMOUNT:   151590000000000000000
[2018-04-18T14:45:38.264] [DEBUG] trans - Receipt info:  {
	"blockHash": "0xde14f7063ce01eea9251b34ff20dd5591f42ce712099ab85df367e3af3ad3ce8",
	"blockNumber": 5462885,
	"contractAddress": null,
	"cumulativeGasUsed": 4964003,
	"gasUsed": 51589,
	"logs": [
		{
			"address": "0x7e9e431a0B8c4D532C745B1043c7FA29a48D4fBa",
			"blockHash": "0xde14f7063ce01eea9251b34ff20dd5591f42ce712099ab85df367e3af3ad3ce8",
			"blockNumber": 5462885,
			"data": "0x00000000000000000000000000000000000000000000000837bbddd77d770000",
			"logIndex": 80,
			"topics": [
				"0xddf252ad1be2c89b69c2b068fc378daa952ba7f163c4a11628f55a4df523b3ef",
				"0x000000000000000000000000468b858c964f297fd8fce058032bf4b4911a8ad8",
				"0x0000000000000000000000003038a44d2223f5f7526b5c265593db6bf3c7328f"
			],
			"transactionHash": "0x2e748c9635a8c333182f31d308cc0a3e269c9b026f7159cc5ee7c52a2d28a08b",
			"transactionIndex": 97,
			"transactionLogIndex": "0x0",
			"type": "mined",
			"id": "log_7762e93f"
		}
	],
	"logsBloom": "0x00000000000000000000000000020000000000000000000000000000000000000000000000000000000000000000000000000000000000000000000000000000000000000000010000000008000000000000000000000000000000000020000000000000000000000000000000000000000000000000000000000010000000000000000000000000000000000000000000000000000000000000000000000000000000000000000080000000000000000000000000000000000000010000000000001002000000000020000000000000040000000000000000000000000000000000000000000000000000000000000000000000000000400000000000000000",
	"root": null,
	"status": "0x1",
	"transactionHash": "0x2e748c9635a8c333182f31d308cc0a3e269c9b026f7159cc5ee7c52a2d28a08b",
	"transactionIndex": 97
}
[2018-04-18T14:45:38.265] [DEBUG] trans - TO:   0x4611f9c5dd80a8fcad9d3853e1bb1b2536c40f8a
[2018-04-18T14:45:38.265] [DEBUG] trans - AMOUNT:   151580200000000000000
[2018-04-18T14:45:38.265] [DEBUG] trans - Receipt info:  {
	"blockHash": "0xde14f7063ce01eea9251b34ff20dd5591f42ce712099ab85df367e3af3ad3ce8",
	"blockNumber": 5462885,
	"contractAddress": null,
	"cumulativeGasUsed": 5015656,
	"gasUsed": 51653,
	"logs": [
		{
			"address": "0x7e9e431a0B8c4D532C745B1043c7FA29a48D4fBa",
			"blockHash": "0xde14f7063ce01eea9251b34ff20dd5591f42ce712099ab85df367e3af3ad3ce8",
			"blockNumber": 5462885,
			"data": "0x00000000000000000000000000000000000000000000000837990ccb2eaa8000",
			"logIndex": 81,
			"topics": [
				"0xddf252ad1be2c89b69c2b068fc378daa952ba7f163c4a11628f55a4df523b3ef",
				"0x000000000000000000000000468b858c964f297fd8fce058032bf4b4911a8ad8",
				"0x0000000000000000000000004611f9c5dd80a8fcad9d3853e1bb1b2536c40f8a"
			],
			"transactionHash": "0x9fef52c670b157ff98c07e311704dcbcb181597e2f35fa15d72d5f0a7b1eb508",
			"transactionIndex": 98,
			"transactionLogIndex": "0x0",
			"type": "mined",
			"id": "log_c2c01fe3"
		}
	],
	"logsBloom": "0x00000000000000000000000000020000000000000000000000000000000000000000000000000000000000800000000000000000000000000000000000000000000000000004010000000008000000000000000000000000000000000020000000000000000000000000000000000000000000000000000000000010000000000000000000000000000000000000000000000000000000000000000000000000000000000000000080000000000000000000000000000000000000010000000000001002000000000000000000000000000000000000001000000000000000000000000000000000000000000000000000000000000000000000000000000000",
	"root": null,
	"status": "0x1",
	"transactionHash": "0x9fef52c670b157ff98c07e311704dcbcb181597e2f35fa15d72d5f0a7b1eb508",
	"transactionIndex": 98
}
[2018-04-18T14:45:38.267] [DEBUG] trans - TO:   0x4f300bb67f732f250da2406147d433d5cd135290
[2018-04-18T14:45:38.267] [DEBUG] trans - AMOUNT:   151537100000000000000
[2018-04-18T14:45:38.267] [DEBUG] trans - Receipt info:  {
	"blockHash": "0xde14f7063ce01eea9251b34ff20dd5591f42ce712099ab85df367e3af3ad3ce8",
	"blockNumber": 5462885,
	"contractAddress": null,
	"cumulativeGasUsed": 5170487,
	"gasUsed": 51653,
	"logs": [
		{
			"address": "0x7e9e431a0B8c4D532C745B1043c7FA29a48D4fBa",
			"blockHash": "0xde14f7063ce01eea9251b34ff20dd5591f42ce712099ab85df367e3af3ad3ce8",
			"blockNumber": 5462885,
			"data": "0x00000000000000000000000000000000000000000000000836ffed9270d8c000",
			"logIndex": 84,
			"topics": [
				"0xddf252ad1be2c89b69c2b068fc378daa952ba7f163c4a11628f55a4df523b3ef",
				"0x000000000000000000000000468b858c964f297fd8fce058032bf4b4911a8ad8",
				"0x0000000000000000000000004f300bb67f732f250da2406147d433d5cd135290"
			],
			"transactionHash": "0xcff644b6da52cddce7b1d782c609ea2dea48d5a9f51fb8c7cf56e928d29bb782",
			"transactionIndex": 101,
			"transactionLogIndex": "0x0",
			"type": "mined",
			"id": "log_b6df5224"
		}
	],
	"logsBloom": "0x00000000000000000000000000020000000000000000000000000000000000000000000000000000000000000000000000000000000000000000000000000000000000001000010000000008000000000000000000000000000000000130000000000000000000000000000000000000000000000000000000000010000000000000000000000000000000000000000000000000000000000000000000000000000000000000000080000000000000000000000000000000000000010000000000001002000000000000000000000000000000000000000000000000000000000000000000000000000000000000000000000000000000000000000000000000",
	"root": null,
	"status": "0x1",
	"transactionHash": "0xcff644b6da52cddce7b1d782c609ea2dea48d5a9f51fb8c7cf56e928d29bb782",
	"transactionIndex": 101
}
[2018-04-18T14:45:38.267] [DEBUG] trans - TO:   0xbda8b4a9f6efda37a29e1e60a7de7f708aca2f05
[2018-04-18T14:45:38.267] [DEBUG] trans - AMOUNT:   151580000000000000000
[2018-04-18T14:45:38.267] [DEBUG] trans - Receipt info:  {
	"blockHash": "0xde14f7063ce01eea9251b34ff20dd5591f42ce712099ab85df367e3af3ad3ce8",
	"blockNumber": 5462885,
	"contractAddress": null,
	"cumulativeGasUsed": 5067245,
	"gasUsed": 51589,
	"logs": [
		{
			"address": "0x7e9e431a0B8c4D532C745B1043c7FA29a48D4fBa",
			"blockHash": "0xde14f7063ce01eea9251b34ff20dd5591f42ce712099ab85df367e3af3ad3ce8",
			"blockNumber": 5462885,
			"data": "0x000000000000000000000000000000000000000000000008379856e50db60000",
			"logIndex": 82,
			"topics": [
				"0xddf252ad1be2c89b69c2b068fc378daa952ba7f163c4a11628f55a4df523b3ef",
				"0x000000000000000000000000468b858c964f297fd8fce058032bf4b4911a8ad8",
				"0x000000000000000000000000bda8b4a9f6efda37a29e1e60a7de7f708aca2f05"
			],
			"transactionHash": "0x0c620374e5890e91f63194ee55da2fb90e73c61f436c34366ebc743ccb0e4107",
			"transactionIndex": 99,
			"transactionLogIndex": "0x0",
			"type": "mined",
			"id": "log_e789a47d"
		}
	],
	"logsBloom": "0x00000000000000000000000000020000000000000000000000000000000000000000000080000000000000000000000000000000000000000000000000000000000000000000010000000008000000000000000000000000000000000020000000008000000000000000000000000000000000000000000000000010000000000000000000000000000000000000000000000000000000000000000000000000000000000000000080000000000000000000000000000000000000010000000000001002000000000000000000000000000000000000000000000000000000000000000000000000000000000000000000000000004000000000000000000000",
	"root": null,
	"status": "0x1",
	"transactionHash": "0x0c620374e5890e91f63194ee55da2fb90e73c61f436c34366ebc743ccb0e4107",
	"transactionIndex": 99
}
[2018-04-18T14:45:38.271] [DEBUG] trans - TO:   0xfbafc8d31feed82272987cae7d7e6f03e1da4c9b
[2018-04-18T14:45:38.271] [DEBUG] trans - AMOUNT:   151573200000000000000
[2018-04-18T14:45:38.271] [DEBUG] trans - Receipt info:  {
	"blockHash": "0xde14f7063ce01eea9251b34ff20dd5591f42ce712099ab85df367e3af3ad3ce8",
	"blockNumber": 5462885,
	"contractAddress": null,
	"cumulativeGasUsed": 5118834,
	"gasUsed": 51589,
	"logs": [
		{
			"address": "0x7e9e431a0B8c4D532C745B1043c7FA29a48D4fBa",
			"blockHash": "0xde14f7063ce01eea9251b34ff20dd5591f42ce712099ab85df367e3af3ad3ce8",
			"blockNumber": 5462885,
			"data": "0x00000000000000000000000000000000000000000000000837802e54ad3d0000",
			"logIndex": 83,
			"topics": [
				"0xddf252ad1be2c89b69c2b068fc378daa952ba7f163c4a11628f55a4df523b3ef",
				"0x000000000000000000000000468b858c964f297fd8fce058032bf4b4911a8ad8",
				"0x000000000000000000000000fbafc8d31feed82272987cae7d7e6f03e1da4c9b"
			],
			"transactionHash": "0x131ef50bf943b77d90ef3f947e6514ee9db49d698f79f39849773a6d3bf57a16",
			"transactionIndex": 100,
			"transactionLogIndex": "0x0",
			"type": "mined",
			"id": "log_ef792811"
		}
	],
	"logsBloom": "0x00000000000000000000000000020000000000000000000000000000000000000000000000000000000000000000000000000000000000000004000000000000000000000000010000000008000000000000000000000000000000000020000000200000000000000000000000000000000000000000000000000010000000000000000000000000000000000002000000000000000000000000000000000000000000000000000080000000000000000000000000000000000000010000000000001002000000000000000000000000000000000000000000000000000000000000000000000000000000000000000000000000000000000000000000000000",
	"root": null,
	"status": "0x1",
	"transactionHash": "0x131ef50bf943b77d90ef3f947e6514ee9db49d698f79f39849773a6d3bf57a16",
	"transactionIndex": 100
}
[2018-04-18T14:45:38.271] [DEBUG] trans - TO:   0x95d0cad84dd08f8d43f4ffc3b38be9dc296e774c
[2018-04-18T14:45:38.271] [DEBUG] trans - AMOUNT:   151529600000000000000
[2018-04-18T14:45:38.271] [DEBUG] trans - Receipt info:  {
	"blockHash": "0xde14f7063ce01eea9251b34ff20dd5591f42ce712099ab85df367e3af3ad3ce8",
	"blockNumber": 5462885,
	"contractAddress": null,
	"cumulativeGasUsed": 5273729,
	"gasUsed": 51589,
	"logs": [
		{
			"address": "0x7e9e431a0B8c4D532C745B1043c7FA29a48D4fBa",
			"blockHash": "0xde14f7063ce01eea9251b34ff20dd5591f42ce712099ab85df367e3af3ad3ce8",
			"blockNumber": 5462885,
			"data": "0x00000000000000000000000000000000000000000000000836e5485c9d080000",
			"logIndex": 86,
			"topics": [
				"0xddf252ad1be2c89b69c2b068fc378daa952ba7f163c4a11628f55a4df523b3ef",
				"0x000000000000000000000000468b858c964f297fd8fce058032bf4b4911a8ad8",
				"0x00000000000000000000000095d0cad84dd08f8d43f4ffc3b38be9dc296e774c"
			],
			"transactionHash": "0xad47edeb6d4dadcaaa1375a8c3125f9a008901fa13b7297af7afcb8d89fefe7b",
			"transactionIndex": 103,
			"transactionLogIndex": "0x0",
			"type": "mined",
			"id": "log_5d6f3290"
		}
	],
	"logsBloom": "0x00000000000000000000000000020000000000000000000000000000000000000000000000000000000000000000000000000000000000000000000000000000000000000000010000000008000000000000000000000000000200000020000000000000000000000000000000000000000000000000000000000010000000000000000000000000000000001000000000000000000000000000000000000000000000000000000080000000000000000000000000000000000000010000000000001002000002000000000000000000000000000000000000000000000000000000000000000000000000000000000000000000000000000000000000000000",
	"root": null,
	"status": "0x1",
	"transactionHash": "0xad47edeb6d4dadcaaa1375a8c3125f9a008901fa13b7297af7afcb8d89fefe7b",
	"transactionIndex": 103
}
[2018-04-18T14:45:38.271] [DEBUG] trans - TO:   0x085699d3e0688aad1186b8c3d43ca890be9cfd88
[2018-04-18T14:45:38.271] [DEBUG] trans - AMOUNT:   151524600000000000000
[2018-04-18T14:45:38.271] [DEBUG] trans - Receipt info:  {
	"blockHash": "0xde14f7063ce01eea9251b34ff20dd5591f42ce712099ab85df367e3af3ad3ce8",
	"blockNumber": 5462885,
	"contractAddress": null,
	"cumulativeGasUsed": 5325382,
	"gasUsed": 51653,
	"logs": [
		{
			"address": "0x7e9e431a0B8c4D532C745B1043c7FA29a48D4fBa",
			"blockHash": "0xde14f7063ce01eea9251b34ff20dd5591f42ce712099ab85df367e3af3ad3ce8",
			"blockNumber": 5462885,
			"data": "0x00000000000000000000000000000000000000000000000836d384e365278000",
			"logIndex": 87,
			"topics": [
				"0xddf252ad1be2c89b69c2b068fc378daa952ba7f163c4a11628f55a4df523b3ef",
				"0x000000000000000000000000468b858c964f297fd8fce058032bf4b4911a8ad8",
				"0x000000000000000000000000085699d3e0688aad1186b8c3d43ca890be9cfd88"
			],
			"transactionHash": "0xc66b5bcb4af3495db3318b8191755c3b894d1d921e6386cc85fe18fbd18e0e4e",
			"transactionIndex": 104,
			"transactionLogIndex": "0x0",
			"type": "mined",
			"id": "log_608304ff"
		}
	],
	"logsBloom": "0x00000000000000000000000000020000000000000000000000000000000000000000000000000000000000000000000000000000000000000000000000000000000010000000010000000008000000000000000000000000000000000020000000000000000000000000000200000000000000000000000000000010000000000000000000000000000000000000000000000000000000000000000000000000000000000000000080000000000000000000000000000000000000010000000000001002000000000000000000000000000000000000000000000000000000000000000200000000000000000000000000000000000000000000000000000000",
	"root": null,
	"status": "0x1",
	"transactionHash": "0xc66b5bcb4af3495db3318b8191755c3b894d1d921e6386cc85fe18fbd18e0e4e",
	"transactionIndex": 104
}
[2018-04-18T14:45:38.272] [DEBUG] trans - TO:   0x41dd6b6d1aec758afffb28f68f6acaa1fc2b9d82
[2018-04-18T14:45:38.272] [DEBUG] trans - AMOUNT:   151501000000000000000
[2018-04-18T14:45:38.272] [DEBUG] trans - Receipt info:  {
	"blockHash": "0xde14f7063ce01eea9251b34ff20dd5591f42ce712099ab85df367e3af3ad3ce8",
	"blockNumber": 5462885,
	"contractAddress": null,
	"cumulativeGasUsed": 5428624,
	"gasUsed": 51653,
	"logs": [
		{
			"address": "0x7e9e431a0B8c4D532C745B1043c7FA29a48D4fBa",
			"blockHash": "0xde14f7063ce01eea9251b34ff20dd5591f42ce712099ab85df367e3af3ad3ce8",
			"blockNumber": 5462885,
			"data": "0x000000000000000000000000000000000000000000000008367facd034748000",
			"logIndex": 89,
			"topics": [
				"0xddf252ad1be2c89b69c2b068fc378daa952ba7f163c4a11628f55a4df523b3ef",
				"0x000000000000000000000000468b858c964f297fd8fce058032bf4b4911a8ad8",
				"0x00000000000000000000000041dd6b6d1aec758afffb28f68f6acaa1fc2b9d82"
			],
			"transactionHash": "0xbd322cb8325d2401eeed8a5240c1e29ea29fa99abcd7fe0bf6a0abb71c115bf8",
			"transactionIndex": 106,
			"transactionLogIndex": "0x0",
			"type": "mined",
			"id": "log_291406d0"
		}
	],
	"logsBloom": "0x00000000000000000000000000020000000000000000000000000000000000000000000000000000000000000000000000000000000000000000000000000000000000000000010000000008000000000000000000000000000000000020000000000000000000000000000000000000080000000000000000000010000000000000000000000000400000000000000000000000000000000000000000000000000000000000000080000000000000000000400000000000000000010000000000001002000000000000000000000000000000000000000000000000000000000000000000000000000000000000000000000000000000000000000000000000",
	"root": null,
	"status": "0x1",
	"transactionHash": "0xbd322cb8325d2401eeed8a5240c1e29ea29fa99abcd7fe0bf6a0abb71c115bf8",
	"transactionIndex": 106
}
[2018-04-18T14:45:38.272] [DEBUG] trans - TO:   0x474039d02b3ccc86b8314ab5e4c10891d6a2696c
[2018-04-18T14:45:38.272] [DEBUG] trans - AMOUNT:   151508800000000000000
[2018-04-18T14:45:38.272] [DEBUG] trans - Receipt info:  {
	"blockHash": "0xde14f7063ce01eea9251b34ff20dd5591f42ce712099ab85df367e3af3ad3ce8",
	"blockNumber": 5462885,
	"contractAddress": null,
	"cumulativeGasUsed": 5376971,
	"gasUsed": 51589,
	"logs": [
		{
			"address": "0x7e9e431a0B8c4D532C745B1043c7FA29a48D4fBa",
			"blockHash": "0xde14f7063ce01eea9251b34ff20dd5591f42ce712099ab85df367e3af3ad3ce8",
			"blockNumber": 5462885,
			"data": "0x000000000000000000000000000000000000000000000008369b62df39b40000",
			"logIndex": 88,
			"topics": [
				"0xddf252ad1be2c89b69c2b068fc378daa952ba7f163c4a11628f55a4df523b3ef",
				"0x000000000000000000000000468b858c964f297fd8fce058032bf4b4911a8ad8",
				"0x000000000000000000000000474039d02b3ccc86b8314ab5e4c10891d6a2696c"
			],
			"transactionHash": "0x73c6ac09ef64e816f16b54f87e436e9acf8f71cbde39808663956a7b520532b6",
			"transactionIndex": 105,
			"transactionLogIndex": "0x0",
			"type": "mined",
			"id": "log_512a40d0"
		}
	],
	"logsBloom": "0x00000000000200000000000000020000000000000000000000000000000000000000000000000000000000000000000000000000000000000000000000000000000000000000010000000008000000000000000000000000000000000020000000000000000000000000000000000000000000000000000000000010000000000000000000000000000000000000000000000000000000000000000001000000000000000000000080000000000000000000000000000000000000010000000000001002000000000000000000000000000000000000000000000000000000000000000000000000000000000000000000000000000000100000000000000000",
	"root": null,
	"status": "0x1",
	"transactionHash": "0x73c6ac09ef64e816f16b54f87e436e9acf8f71cbde39808663956a7b520532b6",
	"transactionIndex": 105
}
[2018-04-18T14:45:38.272] [DEBUG] trans - TO:   0x5fa6fe53aa374eeeae62ac71921aec39a1e7fd58
[2018-04-18T14:45:38.272] [DEBUG] trans - AMOUNT:   151500000000000000000
[2018-04-18T14:45:38.272] [DEBUG] trans - Receipt info:  {
	"blockHash": "0xde14f7063ce01eea9251b34ff20dd5591f42ce712099ab85df367e3af3ad3ce8",
	"blockNumber": 5462885,
	"contractAddress": null,
	"cumulativeGasUsed": 5480213,
	"gasUsed": 51589,
	"logs": [
		{
			"address": "0x7e9e431a0B8c4D532C745B1043c7FA29a48D4fBa",
			"blockHash": "0xde14f7063ce01eea9251b34ff20dd5591f42ce712099ab85df367e3af3ad3ce8",
			"blockNumber": 5462885,
			"data": "0x000000000000000000000000000000000000000000000008367c1f518fae0000",
			"logIndex": 90,
			"topics": [
				"0xddf252ad1be2c89b69c2b068fc378daa952ba7f163c4a11628f55a4df523b3ef",
				"0x000000000000000000000000468b858c964f297fd8fce058032bf4b4911a8ad8",
				"0x0000000000000000000000005fa6fe53aa374eeeae62ac71921aec39a1e7fd58"
			],
			"transactionHash": "0xeea1ed98a1678e0ae1035629bb95731ba54ed70fb7e028d26a3a1c303d010dc4",
			"transactionIndex": 107,
			"transactionLogIndex": "0x0",
			"type": "mined",
			"id": "log_fa700596"
		}
	],
	"logsBloom": "0x00000000000000000000000000020000000000000000000000000000000000000000000000000000000000000020000000020000000000000000000000000000000000000000010000000008000000000000000000000000000000000020000000000000000000000000000000000000000000000000000000000010000000000000000000000000000000000000000000000000000000000000000000000000000000000000000080000000000000000000000000000000000000010004000000001002000000000000000000000000000000000000000000000000000000000000000000000000000000000000000000000000000000000000000000000000",
	"root": null,
	"status": "0x1",
	"transactionHash": "0xeea1ed98a1678e0ae1035629bb95731ba54ed70fb7e028d26a3a1c303d010dc4",
	"transactionIndex": 107
}
[2018-04-18T14:45:38.272] [DEBUG] trans - TO:   0xfd5ed4c06893ca42c47648a74d56b4691dc9e609
[2018-04-18T14:45:38.272] [DEBUG] trans - AMOUNT:   151500000000000000000
[2018-04-18T14:45:38.273] [DEBUG] trans - Receipt info:  {
	"blockHash": "0xde14f7063ce01eea9251b34ff20dd5591f42ce712099ab85df367e3af3ad3ce8",
	"blockNumber": 5462885,
	"contractAddress": null,
	"cumulativeGasUsed": 5686569,
	"gasUsed": 51589,
	"logs": [
		{
			"address": "0x7e9e431a0B8c4D532C745B1043c7FA29a48D4fBa",
			"blockHash": "0xde14f7063ce01eea9251b34ff20dd5591f42ce712099ab85df367e3af3ad3ce8",
			"blockNumber": 5462885,
			"data": "0x000000000000000000000000000000000000000000000008367c1f518fae0000",
			"logIndex": 94,
			"topics": [
				"0xddf252ad1be2c89b69c2b068fc378daa952ba7f163c4a11628f55a4df523b3ef",
				"0x000000000000000000000000468b858c964f297fd8fce058032bf4b4911a8ad8",
				"0x000000000000000000000000fd5ed4c06893ca42c47648a74d56b4691dc9e609"
			],
			"transactionHash": "0x21b950bd3057b25c670a08643ee93c210448d125fed0a465fae7f35d7043adf6",
			"transactionIndex": 111,
			"transactionLogIndex": "0x0",
			"type": "mined",
			"id": "log_66a01bc6"
		}
	],
	"logsBloom": "0x00008000000000000000000000020000000000000000000000000000000000000000000000000000000000000000000000000000000000000000000000000000000000000000010000000008000000000000000000000000000000000020000000000000000000000000000000000000000000000800000000000010000000000000000000000000000000000000000000000000000000000000000000000000000000000000000080000000000000000000000000000000000000010000000000001002000000000000000000000000000000000000000400000000000000000000000000000000000000000000000000000000000000000000000000000000",
	"root": null,
	"status": "0x1",
	"transactionHash": "0x21b950bd3057b25c670a08643ee93c210448d125fed0a465fae7f35d7043adf6",
	"transactionIndex": 111
}
[2018-04-18T14:45:38.273] [DEBUG] trans - TO:   0xae81425bb0496f9e9644962590673a44c9d2ae65
[2018-04-18T14:45:38.273] [DEBUG] trans - AMOUNT:   151500000000000000000
[2018-04-18T14:45:38.273] [DEBUG] trans - Receipt info:  {
	"blockHash": "0xde14f7063ce01eea9251b34ff20dd5591f42ce712099ab85df367e3af3ad3ce8",
	"blockNumber": 5462885,
	"contractAddress": null,
	"cumulativeGasUsed": 5583391,
	"gasUsed": 51589,
	"logs": [
		{
			"address": "0x7e9e431a0B8c4D532C745B1043c7FA29a48D4fBa",
			"blockHash": "0xde14f7063ce01eea9251b34ff20dd5591f42ce712099ab85df367e3af3ad3ce8",
			"blockNumber": 5462885,
			"data": "0x000000000000000000000000000000000000000000000008367c1f518fae0000",
			"logIndex": 92,
			"topics": [
				"0xddf252ad1be2c89b69c2b068fc378daa952ba7f163c4a11628f55a4df523b3ef",
				"0x000000000000000000000000468b858c964f297fd8fce058032bf4b4911a8ad8",
				"0x000000000000000000000000ae81425bb0496f9e9644962590673a44c9d2ae65"
			],
			"transactionHash": "0x82d0959a1b4ea76a60a68fa881723eec4453820ca6d85a1c56d026b4a60affbb",
			"transactionIndex": 109,
			"transactionLogIndex": "0x0",
			"type": "mined",
			"id": "log_8d8b822e"
		}
	],
	"logsBloom": "0x00000000000000000040000000020000000000000000000000000000000000000000000000000000000000000000000000000000000000000000000000000000000000000000010000000008000000000000000000000000000000000020000000000000000000000000000000000000000000000000000000000010100000000000000000000000000000000000000000400000000000000000000000000000000000000000000080000000000000000000000000000000000000010000000000001002000000000000000000000000000000000000000000000000000000000000000000000000000000000000000000000000000000000000000000000000",
	"root": null,
	"status": "0x1",
	"transactionHash": "0x82d0959a1b4ea76a60a68fa881723eec4453820ca6d85a1c56d026b4a60affbb",
	"transactionIndex": 109
}
[2018-04-18T14:45:38.273] [DEBUG] trans - TO:   0x5ffff955acc2053dd7eb4e3462a13a49b9634025
[2018-04-18T14:45:38.273] [DEBUG] trans - AMOUNT:   151500000000000000000
[2018-04-18T14:45:38.273] [DEBUG] trans - Receipt info:  {
	"blockHash": "0xde14f7063ce01eea9251b34ff20dd5591f42ce712099ab85df367e3af3ad3ce8",
	"blockNumber": 5462885,
	"contractAddress": null,
	"cumulativeGasUsed": 5531802,
	"gasUsed": 51589,
	"logs": [
		{
			"address": "0x7e9e431a0B8c4D532C745B1043c7FA29a48D4fBa",
			"blockHash": "0xde14f7063ce01eea9251b34ff20dd5591f42ce712099ab85df367e3af3ad3ce8",
			"blockNumber": 5462885,
			"data": "0x000000000000000000000000000000000000000000000008367c1f518fae0000",
			"logIndex": 91,
			"topics": [
				"0xddf252ad1be2c89b69c2b068fc378daa952ba7f163c4a11628f55a4df523b3ef",
				"0x000000000000000000000000468b858c964f297fd8fce058032bf4b4911a8ad8",
				"0x0000000000000000000000005ffff955acc2053dd7eb4e3462a13a49b9634025"
			],
			"transactionHash": "0xd350a3dbbbcb4b855e307b59972bfde452473c8fd171d21733c084ae0f6ceaf0",
			"transactionIndex": 108,
			"transactionLogIndex": "0x0",
			"type": "mined",
			"id": "log_b005ba23"
		}
	],
	"logsBloom": "0x00000000000000000000800000020000000000000000000000000000000000000000000000000000000000000000000000000000000000000000000000000000000000000000010000000008000000000000000000000000000000000020000000000000000001000000000000000000000000000000000000000010000000000000000000000000000000000000000000000000000000000000000000000000000000000000000080000000000000040000000000000000000000010000000000001002000000000000000000000000000000000000000000000000000000000000000000000000000000000000000000000000000000000000000000000000",
	"root": null,
	"status": "0x1",
	"transactionHash": "0xd350a3dbbbcb4b855e307b59972bfde452473c8fd171d21733c084ae0f6ceaf0",
	"transactionIndex": 108
}
[2018-04-18T14:45:38.275] [DEBUG] trans - TO:   0xd7d1875a0cf7647b9227dfb08735f3d959871658
[2018-04-18T14:45:38.275] [DEBUG] trans - AMOUNT:   151500000000000000000
[2018-04-18T14:45:38.275] [DEBUG] trans - Receipt info:  {
	"blockHash": "0xde14f7063ce01eea9251b34ff20dd5591f42ce712099ab85df367e3af3ad3ce8",
	"blockNumber": 5462885,
	"contractAddress": null,
	"cumulativeGasUsed": 5634980,
	"gasUsed": 51589,
	"logs": [
		{
			"address": "0x7e9e431a0B8c4D532C745B1043c7FA29a48D4fBa",
			"blockHash": "0xde14f7063ce01eea9251b34ff20dd5591f42ce712099ab85df367e3af3ad3ce8",
			"blockNumber": 5462885,
			"data": "0x000000000000000000000000000000000000000000000008367c1f518fae0000",
			"logIndex": 93,
			"topics": [
				"0xddf252ad1be2c89b69c2b068fc378daa952ba7f163c4a11628f55a4df523b3ef",
				"0x000000000000000000000000468b858c964f297fd8fce058032bf4b4911a8ad8",
				"0x000000000000000000000000d7d1875a0cf7647b9227dfb08735f3d959871658"
			],
			"transactionHash": "0x9edb5cb0900ffa0d8e385b72fcf818ef3bad64cc261ffbbafa77e89ce6bd25d0",
			"transactionIndex": 110,
			"transactionLogIndex": "0x0",
			"type": "mined",
			"id": "log_3a959b59"
		}
	],
	"logsBloom": "0x00000000000000000000000000020000000000000000000000000000000000000000000000000000000000000000000000000000000000000000000000000000000000000000010020000008000000000000000000000000000000000020000000000000000000000000000000000000000000000000000000000010000000000000000000000000000000800000000000000000000000000000000000000000000000000000000080000000000000000000000000000000000000010000000000001003000000000000000000000000000000000000000000000000000000000000000000000000000000000000000000000000000000000000000000000000",
	"root": null,
	"status": "0x1",
	"transactionHash": "0x9edb5cb0900ffa0d8e385b72fcf818ef3bad64cc261ffbbafa77e89ce6bd25d0",
	"transactionIndex": 110
}
[2018-04-18T14:45:38.276] [DEBUG] trans - TO:   0x0f30ee7e8bb5d54d9d89af6d17198dee47de3abb
[2018-04-18T14:45:38.276] [DEBUG] trans - AMOUNT:   151465300000000000000
[2018-04-18T14:45:38.276] [DEBUG] trans - Receipt info:  {
	"blockHash": "0xde14f7063ce01eea9251b34ff20dd5591f42ce712099ab85df367e3af3ad3ce8",
	"blockNumber": 5462885,
	"contractAddress": null,
	"cumulativeGasUsed": 5841336,
	"gasUsed": 51589,
	"logs": [
		{
			"address": "0x7e9e431a0B8c4D532C745B1043c7FA29a48D4fBa",
			"blockHash": "0xde14f7063ce01eea9251b34ff20dd5591f42ce712099ab85df367e3af3ad3ce8",
			"blockNumber": 5462885,
			"data": "0x0000000000000000000000000000000000000000000000083600d7da39f94000",
			"logIndex": 97,
			"topics": [
				"0xddf252ad1be2c89b69c2b068fc378daa952ba7f163c4a11628f55a4df523b3ef",
				"0x000000000000000000000000468b858c964f297fd8fce058032bf4b4911a8ad8",
				"0x0000000000000000000000000f30ee7e8bb5d54d9d89af6d17198dee47de3abb"
			],
			"transactionHash": "0xfb4442bd2731a13bae4aeba2910bc9bdbe87af081ca0d1b58d94b3c362fb7d8b",
			"transactionIndex": 114,
			"transactionLogIndex": "0x0",
			"type": "mined",
			"id": "log_9eb28f97"
		}
	],
	"logsBloom": "0x00000000000000000000000000020000000000000000000000000000000000000000000000000000000000000000000000000000000000000000000000000000000000000000010000000008000000000000000000000000000000000020000000000000000000000000000080000000000000000000800000000010000000000000000000000000000000000000000000000000000000000000000000000000000000000000000080000000000000000000000000000000000000010000000000001002000000000000000000000000000000000000000000000000000000000000000000000000000000000000000000000000000000000000000000000000",
	"root": null,
	"status": "0x1",
	"transactionHash": "0xfb4442bd2731a13bae4aeba2910bc9bdbe87af081ca0d1b58d94b3c362fb7d8b",
	"transactionIndex": 114
}
[2018-04-18T14:45:38.276] [DEBUG] trans - TO:   0x471712a2a0e428f5784f19264dcb14a2947b0f52
[2018-04-18T14:45:38.276] [DEBUG] trans - AMOUNT:   151470400000000000000
[2018-04-18T14:45:38.276] [DEBUG] trans - Receipt info:  {
	"blockHash": "0xde14f7063ce01eea9251b34ff20dd5591f42ce712099ab85df367e3af3ad3ce8",
	"blockNumber": 5462885,
	"contractAddress": null,
	"cumulativeGasUsed": 5738158,
	"gasUsed": 51589,
	"logs": [
		{
			"address": "0x7e9e431a0B8c4D532C745B1043c7FA29a48D4fBa",
			"blockHash": "0xde14f7063ce01eea9251b34ff20dd5591f42ce712099ab85df367e3af3ad3ce8",
			"blockNumber": 5462885,
			"data": "0x0000000000000000000000000000000000000000000000083612f64682540000",
			"logIndex": 95,
			"topics": [
				"0xddf252ad1be2c89b69c2b068fc378daa952ba7f163c4a11628f55a4df523b3ef",
				"0x000000000000000000000000468b858c964f297fd8fce058032bf4b4911a8ad8",
				"0x000000000000000000000000471712a2a0e428f5784f19264dcb14a2947b0f52"
			],
			"transactionHash": "0xa771d577e4ad02db6f8ef49494bf2d793ad0b6941e6af84704245779e93f42fe",
			"transactionIndex": 112,
			"transactionLogIndex": "0x0",
			"type": "mined",
			"id": "log_3533e3a1"
		}
	],
	"logsBloom": "0x00000200000000000000000000020000000000000000000000000000000000000000000000000000000000000000000000000000000000000000000000000000000000000000010000000008000080000000000000000000000000000020000000000000000000000000000000000080000000000000000000000010000000000000000000000000000000000000000000000000000000000000000000000000000000000000000080000000000000000000000000000000000000010000000000001002000000000000000000000000000000000000000000000000000000000000000000000000000000000000000000000000000000000000000000000000",
	"root": null,
	"status": "0x1",
	"transactionHash": "0xa771d577e4ad02db6f8ef49494bf2d793ad0b6941e6af84704245779e93f42fe",
	"transactionIndex": 112
}
[2018-04-18T14:45:38.277] [DEBUG] trans - TO:   0xe79d19b01f84348af884e937dc42938e28c04ebc
[2018-04-18T14:45:38.277] [DEBUG] trans - AMOUNT:   151448900000000000000
[2018-04-18T14:45:38.277] [DEBUG] trans - Receipt info:  {
	"blockHash": "0xde14f7063ce01eea9251b34ff20dd5591f42ce712099ab85df367e3af3ad3ce8",
	"blockNumber": 5462885,
	"contractAddress": null,
	"cumulativeGasUsed": 5892989,
	"gasUsed": 51653,
	"logs": [
		{
			"address": "0x7e9e431a0B8c4D532C745B1043c7FA29a48D4fBa",
			"blockHash": "0xde14f7063ce01eea9251b34ff20dd5591f42ce712099ab85df367e3af3ad3ce8",
			"blockNumber": 5462885,
			"data": "0x00000000000000000000000000000000000000000000000835c69423aba84000",
			"logIndex": 98,
			"topics": [
				"0xddf252ad1be2c89b69c2b068fc378daa952ba7f163c4a11628f55a4df523b3ef",
				"0x000000000000000000000000468b858c964f297fd8fce058032bf4b4911a8ad8",
				"0x000000000000000000000000e79d19b01f84348af884e937dc42938e28c04ebc"
			],
			"transactionHash": "0x59ae93e22942afbd7ebcc93626420d72f2ee48e89c36d6cb9f413560a085e405",
			"transactionIndex": 115,
			"transactionLogIndex": "0x0",
			"type": "mined",
			"id": "log_0419c5e5"
		}
	],
	"logsBloom": "0x00000000000000000000000000020000000000000000000000000000000000000000000000000000000000000000000000000000000000000000000000000000000000000000010000000008000000000000000000000004000000000020000000000000000000000000000000000000000000000000000000000010000000000000000000000000000000000000000000002000000000000000000000000000000000000000000080000000000000000000000000000000000000010000000000001002000000000000000000000000000000000000000000000000000000000000000000000000000000000000000000000000000000001000000000000000",
	"root": null,
	"status": "0x1",
	"transactionHash": "0x59ae93e22942afbd7ebcc93626420d72f2ee48e89c36d6cb9f413560a085e405",
	"transactionIndex": 115
}
[2018-04-18T14:45:38.279] [DEBUG] trans - TO:   0xcfb2e7feca000f6991ae9610bf2a1b33e2867b97
[2018-04-18T14:45:38.279] [DEBUG] trans - AMOUNT:   151426300000000000000
[2018-04-18T14:45:38.279] [DEBUG] trans - Receipt info:  {
	"blockHash": "0xde14f7063ce01eea9251b34ff20dd5591f42ce712099ab85df367e3af3ad3ce8",
	"blockNumber": 5462885,
	"contractAddress": null,
	"cumulativeGasUsed": 6150998,
	"gasUsed": 51589,
	"logs": [
		{
			"address": "0x7e9e431a0B8c4D532C745B1043c7FA29a48D4fBa",
			"blockHash": "0xde14f7063ce01eea9251b34ff20dd5591f42ce712099ab85df367e3af3ad3ce8",
			"blockNumber": 5462885,
			"data": "0x0000000000000000000000000000000000000000000000083576498f1fbbc000",
			"logIndex": 103,
			"topics": [
				"0xddf252ad1be2c89b69c2b068fc378daa952ba7f163c4a11628f55a4df523b3ef",
				"0x000000000000000000000000468b858c964f297fd8fce058032bf4b4911a8ad8",
				"0x000000000000000000000000cfb2e7feca000f6991ae9610bf2a1b33e2867b97"
			],
			"transactionHash": "0x77e28be363d53e0805a5c44cce19c878e9b2f455b6a4e2b2d1e4c830d61694ef",
			"transactionIndex": 120,
			"transactionLogIndex": "0x0",
			"type": "mined",
			"id": "log_1fcd9373"
		}
	],
	"logsBloom": "0x00000000010000000000000000020000000000000000000000000000000000000000000000000000000000000000000000000000000000000000000000000000000000000000010000000008000000000000000000000000000000000020000000000000000000000000000000000001000000000000000000000010000000000000000000000000000000000000000000000000000000000000000000000000000000000000000080000000000000000000000000000000000000010000000000001002000000000000000000000000000000000000000000000000000000000000000000000000000000000000000000000000020000000000000000000000",
	"root": null,
	"status": "0x1",
	"transactionHash": "0x77e28be363d53e0805a5c44cce19c878e9b2f455b6a4e2b2d1e4c830d61694ef",
	"transactionIndex": 120
}
[2018-04-18T14:45:38.280] [DEBUG] trans - TO:   0x9b2f44d58d175a84f25ed2f1e28210e9079d50d6
[2018-04-18T14:45:38.280] [DEBUG] trans - AMOUNT:   151448000000000000000
[2018-04-18T14:45:38.280] [DEBUG] trans - Receipt info:  {
	"blockHash": "0xde14f7063ce01eea9251b34ff20dd5591f42ce712099ab85df367e3af3ad3ce8",
	"blockNumber": 5462885,
	"contractAddress": null,
	"cumulativeGasUsed": 5944578,
	"gasUsed": 51589,
	"logs": [
		{
			"address": "0x7e9e431a0B8c4D532C745B1043c7FA29a48D4fBa",
			"blockHash": "0xde14f7063ce01eea9251b34ff20dd5591f42ce712099ab85df367e3af3ad3ce8",
			"blockNumber": 5462885,
			"data": "0x00000000000000000000000000000000000000000000000835c36198175c0000",
			"logIndex": 99,
			"topics": [
				"0xddf252ad1be2c89b69c2b068fc378daa952ba7f163c4a11628f55a4df523b3ef",
				"0x000000000000000000000000468b858c964f297fd8fce058032bf4b4911a8ad8",
				"0x0000000000000000000000009b2f44d58d175a84f25ed2f1e28210e9079d50d6"
			],
			"transactionHash": "0x084dfeec37bec9273b0019cff93aac135527ecdeeac06bfa6b642e56d589d414",
			"transactionIndex": 116,
			"transactionLogIndex": "0x0",
			"type": "mined",
			"id": "log_4771b64a"
		}
	],
	"logsBloom": "0x00000000000000000000000000020000000000000000000000000000000000000000000000000000000000000000000000000000000000000000000000000000000000000000010000000008000000000000000000000000000000000020000000000000000000000000000000000000000000000000000000000010000000000000000000000000000002000000000000000000000000000000000000000000000000000000000080000000000000000000000000000000000000010000000000001002000000000000000000000000000000000200000000000000000000000000000000000000000000000000000004000000000000000000000000000000",
	"root": null,
	"status": "0x1",
	"transactionHash": "0x084dfeec37bec9273b0019cff93aac135527ecdeeac06bfa6b642e56d589d414",
	"transactionIndex": 116
}
[2018-04-18T14:45:38.280] [DEBUG] trans - TO:   0x1f484b1158d7ec7d8d04e0176c6233cbf239da05
[2018-04-18T14:45:38.280] [DEBUG] trans - AMOUNT:   151446000000000000000
[2018-04-18T14:45:38.280] [DEBUG] trans - Receipt info:  {
	"blockHash": "0xde14f7063ce01eea9251b34ff20dd5591f42ce712099ab85df367e3af3ad3ce8",
	"blockNumber": 5462885,
	"contractAddress": null,
	"cumulativeGasUsed": 6047820,
	"gasUsed": 51589,
	"logs": [
		{
			"address": "0x7e9e431a0B8c4D532C745B1043c7FA29a48D4fBa",
			"blockHash": "0xde14f7063ce01eea9251b34ff20dd5591f42ce712099ab85df367e3af3ad3ce8",
			"blockNumber": 5462885,
			"data": "0x00000000000000000000000000000000000000000000000835bc469acdcf0000",
			"logIndex": 101,
			"topics": [
				"0xddf252ad1be2c89b69c2b068fc378daa952ba7f163c4a11628f55a4df523b3ef",
				"0x000000000000000000000000468b858c964f297fd8fce058032bf4b4911a8ad8",
				"0x0000000000000000000000001f484b1158d7ec7d8d04e0176c6233cbf239da05"
			],
			"transactionHash": "0xc86b89d0d8c420ce8f17a3e9e2b404ba88dc000cc7ef6f727ef8de9afe6e2452",
			"transactionIndex": 118,
			"transactionLogIndex": "0x0",
			"type": "mined",
			"id": "log_bd3ebb97"
		}
	],
	"logsBloom": "0x00000000000000000000000000020000080000000000000000000000000000000000000000000000000000000000000000000000000000000000000000000000000000000000010000000008000000000000000000000000000000000020000000000000000000000000000000000000000000000000000000000010000000000000000000000000000000000000000000000000000000000000000000000002000000000000000080000000000000000000000000000000000000010000000000001002000000000000000000010000000000000000000000000000000000000000000000000000000000000000000000000000000000000000000000000000",
	"root": null,
	"status": "0x1",
	"transactionHash": "0xc86b89d0d8c420ce8f17a3e9e2b404ba88dc000cc7ef6f727ef8de9afe6e2452",
	"transactionIndex": 118
}
[2018-04-18T14:45:38.280] [DEBUG] trans - TO:   0x3104f79bba7d2976584813cbd746d2d0afd52cb6
[2018-04-18T14:45:38.280] [DEBUG] trans - AMOUNT:   151447000000000000000
[2018-04-18T14:45:38.281] [DEBUG] trans - Receipt info:  {
	"blockHash": "0xde14f7063ce01eea9251b34ff20dd5591f42ce712099ab85df367e3af3ad3ce8",
	"blockNumber": 5462885,
	"contractAddress": null,
	"cumulativeGasUsed": 5996231,
	"gasUsed": 51653,
	"logs": [
		{
			"address": "0x7e9e431a0B8c4D532C745B1043c7FA29a48D4fBa",
			"blockHash": "0xde14f7063ce01eea9251b34ff20dd5591f42ce712099ab85df367e3af3ad3ce8",
			"blockNumber": 5462885,
			"data": "0x00000000000000000000000000000000000000000000000835bfd41972958000",
			"logIndex": 100,
			"topics": [
				"0xddf252ad1be2c89b69c2b068fc378daa952ba7f163c4a11628f55a4df523b3ef",
				"0x000000000000000000000000468b858c964f297fd8fce058032bf4b4911a8ad8",
				"0x0000000000000000000000003104f79bba7d2976584813cbd746d2d0afd52cb6"
			],
			"transactionHash": "0x221eba52e1133ee23568dfe1366a500b5722df0aa4138282b94b52ee54ac50f2",
			"transactionIndex": 117,
			"transactionLogIndex": "0x0",
			"type": "mined",
			"id": "log_f19b86a6"
		}
	],
	"logsBloom": "0x000000000000000000000000000200000000000000000000000000000000000000000000000000000000000000000000000000000000000000000000000000000000000000000100000000080000000000000000000000000000000000a0000000000000000000000000000000004000000000000000000000000010000000000000000000000000000000000000000000000000000000000000000000000000000000010000000080000000000000000000000000000000000000010000000000001002000000000000000000000000000000000000000000000000000000000000000000000000000000000000000000000000000000000000000000000000",
	"root": null,
	"status": "0x1",
	"transactionHash": "0x221eba52e1133ee23568dfe1366a500b5722df0aa4138282b94b52ee54ac50f2",
	"transactionIndex": 117
}
[2018-04-18T14:45:38.282] [DEBUG] trans - TO:   0x6e376ad3511280d921038632be148a8107cd2df7
[2018-04-18T14:45:38.283] [DEBUG] trans - AMOUNT:   151425600000000000000
[2018-04-18T14:45:38.283] [DEBUG] trans - Receipt info:  {
	"blockHash": "0xde14f7063ce01eea9251b34ff20dd5591f42ce712099ab85df367e3af3ad3ce8",
	"blockNumber": 5462885,
	"contractAddress": null,
	"cumulativeGasUsed": 6202587,
	"gasUsed": 51589,
	"logs": [
		{
			"address": "0x7e9e431a0B8c4D532C745B1043c7FA29a48D4fBa",
			"blockHash": "0xde14f7063ce01eea9251b34ff20dd5591f42ce712099ab85df367e3af3ad3ce8",
			"blockNumber": 5462885,
			"data": "0x0000000000000000000000000000000000000000000000083573cce9ac640000",
			"logIndex": 104,
			"topics": [
				"0xddf252ad1be2c89b69c2b068fc378daa952ba7f163c4a11628f55a4df523b3ef",
				"0x000000000000000000000000468b858c964f297fd8fce058032bf4b4911a8ad8",
				"0x0000000000000000000000006e376ad3511280d921038632be148a8107cd2df7"
			],
			"transactionHash": "0xce4ee2142abf636ac82c49732ccfadc25ffef7ec2071efa01a500eade4a0c759",
			"transactionIndex": 121,
			"transactionLogIndex": "0x0",
			"type": "mined",
			"id": "log_75d4fcea"
		}
	],
	"logsBloom": "0x00000000000000000000000000020000000000000000000000000000000000000000000000000000000000000000000000000000000000000000000000000000000000000000010000000008000000000000000000000000000000000020000000000000000000200000000000000000000000000000000000000010000000000000000000000000000000000000000000000000000000000000000000000000000000000000000080000010000000000000000000000000000000010000000000001002000000000000000000000000000000000000000000000000000000000000000000000000000002000000000000000000000000000000000000000000",
	"root": null,
	"status": "0x1",
	"transactionHash": "0xce4ee2142abf636ac82c49732ccfadc25ffef7ec2071efa01a500eade4a0c759",
	"transactionIndex": 121
}
[2018-04-18T14:45:38.283] [DEBUG] trans - TO:   0x4319e35e3eba6b41d62de3cd70fef15e735bc7bc
[2018-04-18T14:45:38.283] [DEBUG] trans - AMOUNT:   151444000000000000000
[2018-04-18T14:45:38.283] [DEBUG] trans - Receipt info:  {
	"blockHash": "0xde14f7063ce01eea9251b34ff20dd5591f42ce712099ab85df367e3af3ad3ce8",
	"blockNumber": 5462885,
	"contractAddress": null,
	"cumulativeGasUsed": 6099409,
	"gasUsed": 51589,
	"logs": [
		{
			"address": "0x7e9e431a0B8c4D532C745B1043c7FA29a48D4fBa",
			"blockHash": "0xde14f7063ce01eea9251b34ff20dd5591f42ce712099ab85df367e3af3ad3ce8",
			"blockNumber": 5462885,
			"data": "0x00000000000000000000000000000000000000000000000835b52b9d84420000",
			"logIndex": 102,
			"topics": [
				"0xddf252ad1be2c89b69c2b068fc378daa952ba7f163c4a11628f55a4df523b3ef",
				"0x000000000000000000000000468b858c964f297fd8fce058032bf4b4911a8ad8",
				"0x0000000000000000000000004319e35e3eba6b41d62de3cd70fef15e735bc7bc"
			],
			"transactionHash": "0xafde5953584e214eb58fa812c19aae0847411cb85836e60549ba9c0703e70849",
			"transactionIndex": 119,
			"transactionLogIndex": "0x0",
			"type": "mined",
			"id": "log_aa1347fd"
		}
	],
	"logsBloom": "0x00000000000000000000000000020000000000000000000000000000000000000000000000000000000000000000000000000000000000000000000000000000000000000000010000000008000000000000000000000000000000000020010000000000000000000000000000000000000000000000000000000010000000000000000000000000000000000000000000000000000000000000000000000000000000000000000080000000000000000000000000000000000000010000000000001002000000000000000000000000000000000000000000000000000000000000100000000000000000000008000000000000000000000000000000000000",
	"root": null,
	"status": "0x1",
	"transactionHash": "0xafde5953584e214eb58fa812c19aae0847411cb85836e60549ba9c0703e70849",
	"transactionIndex": 119
}
[2018-04-18T14:45:38.284] [DEBUG] trans - TO:   0xea81e4213527d94a8efad1465631eb9585722d16
[2018-04-18T14:45:38.284] [DEBUG] trans - AMOUNT:   151400400000000000000
[2018-04-18T14:45:38.284] [DEBUG] trans - Receipt info:  {
	"blockHash": "0xde14f7063ce01eea9251b34ff20dd5591f42ce712099ab85df367e3af3ad3ce8",
	"blockNumber": 5462885,
	"contractAddress": null,
	"cumulativeGasUsed": 6305829,
	"gasUsed": 51589,
	"logs": [
		{
			"address": "0x7e9e431a0B8c4D532C745B1043c7FA29a48D4fBa",
			"blockHash": "0xde14f7063ce01eea9251b34ff20dd5591f42ce712099ab85df367e3af3ad3ce8",
			"blockNumber": 5462885,
			"data": "0x000000000000000000000000000000000000000000000008351a45a5740d0000",
			"logIndex": 106,
			"topics": [
				"0xddf252ad1be2c89b69c2b068fc378daa952ba7f163c4a11628f55a4df523b3ef",
				"0x000000000000000000000000468b858c964f297fd8fce058032bf4b4911a8ad8",
				"0x000000000000000000000000ea81e4213527d94a8efad1465631eb9585722d16"
			],
			"transactionHash": "0x4a3ee9b1fa517b292e830a4c05b201f04153f4611d7f6eea2a5bb2615010cfa9",
			"transactionIndex": 123,
			"transactionLogIndex": "0x0",
			"type": "mined",
			"id": "log_816c34b0"
		}
	],
	"logsBloom": "0x00000000000000000000000000020000000000000000000000000000000000000000000000000000000000000000000000000000000000000000000000000000000000000000010000000008000000000000000000000000000000000020000000000000000000000000000000000000000000000000000000000010000000008000000000000000000000000000000000000000000000000040000000000000000000000000000080000000000000000040000000000000000000010000000000001002000000000000000000000000000000000000000000000000000000000000000000000000000000000000000000000000000000000000000000000000",
	"root": null,
	"status": "0x1",
	"transactionHash": "0x4a3ee9b1fa517b292e830a4c05b201f04153f4611d7f6eea2a5bb2615010cfa9",
	"transactionIndex": 123
}
[2018-04-18T14:45:38.284] [DEBUG] trans - TO:   0xba12fd150b97e25426c4952952465bd2d9547cd7
[2018-04-18T14:45:38.284] [DEBUG] trans - AMOUNT:   151470000000000000000
[2018-04-18T14:45:38.284] [DEBUG] trans - Receipt info:  {
	"blockHash": "0xde14f7063ce01eea9251b34ff20dd5591f42ce712099ab85df367e3af3ad3ce8",
	"blockNumber": 5462885,
	"contractAddress": null,
	"cumulativeGasUsed": 5789747,
	"gasUsed": 51589,
	"logs": [
		{
			"address": "0x7e9e431a0B8c4D532C745B1043c7FA29a48D4fBa",
			"blockHash": "0xde14f7063ce01eea9251b34ff20dd5591f42ce712099ab85df367e3af3ad3ce8",
			"blockNumber": 5462885,
			"data": "0x00000000000000000000000000000000000000000000000836118a7a406b0000",
			"logIndex": 96,
			"topics": [
				"0xddf252ad1be2c89b69c2b068fc378daa952ba7f163c4a11628f55a4df523b3ef",
				"0x000000000000000000000000468b858c964f297fd8fce058032bf4b4911a8ad8",
				"0x000000000000000000000000ba12fd150b97e25426c4952952465bd2d9547cd7"
			],
			"transactionHash": "0x9556a5d819d7cdb23385fce113ece037918f42edea15a720f6039b60698d8a71",
			"transactionIndex": 113,
			"transactionLogIndex": "0x0",
			"type": "mined",
			"id": "log_c0515b2f"
		}
	],
	"logsBloom": "0x00000000000000000000000000020000000000000000000000000000000000000000000000000000000000000000000000000000000000000000000000000000000010000000010000002008000000000000000000000000000000000020000000000000000000000000000000000000000000000000000000000010000000000000000000000000000000000000000000000000000000000000000000000000000000000000000080000000000000000000000000000000000000010000000000001002000000000000000000000000000000000000000000000000000000000000000000000000000080000000000000000000000000000000000000000000",
	"root": null,
	"status": "0x1",
	"transactionHash": "0x9556a5d819d7cdb23385fce113ece037918f42edea15a720f6039b60698d8a71",
	"transactionIndex": 113
}
[2018-04-18T14:45:38.286] [DEBUG] trans - TO:   0x8cef581ae8bb7f93eff6d2fff86d7fa4c71b74de
[2018-04-18T14:45:38.286] [DEBUG] trans - AMOUNT:   151362000000000000000
[2018-04-18T14:45:38.286] [DEBUG] trans - Receipt info:  {
	"blockHash": "0xde14f7063ce01eea9251b34ff20dd5591f42ce712099ab85df367e3af3ad3ce8",
	"blockNumber": 5462885,
	"contractAddress": null,
	"cumulativeGasUsed": 6460660,
	"gasUsed": 51589,
	"logs": [
		{
			"address": "0x7e9e431a0B8c4D532C745B1043c7FA29a48D4fBa",
			"blockHash": "0xde14f7063ce01eea9251b34ff20dd5591f42ce712099ab85df367e3af3ad3ce8",
			"blockNumber": 5462885,
			"data": "0x0000000000000000000000000000000000000000000000083491d90cbcad0000",
			"logIndex": 109,
			"topics": [
				"0xddf252ad1be2c89b69c2b068fc378daa952ba7f163c4a11628f55a4df523b3ef",
				"0x000000000000000000000000468b858c964f297fd8fce058032bf4b4911a8ad8",
				"0x0000000000000000000000008cef581ae8bb7f93eff6d2fff86d7fa4c71b74de"
			],
			"transactionHash": "0x7fd62363ffca3469b1c437d90cdb9c12a44c2883d4b66514488ca84eb778c9e6",
			"transactionIndex": 126,
			"transactionLogIndex": "0x0",
			"type": "mined",
			"id": "log_248ab183"
		}
	],
	"logsBloom": "0x00000000000000000000000000020000000000000000000000000000000000000000000000000000000000000000000000000000000000000000000000000000000000000000010000000008000000000000000000000000000000000020000000000000000000000000000000000000000000000000000000000010000000000002000000000000000000000000000000000000000200000000000000000000000000000000000080000000000000000000000000000000000000010000000000001002000000000000000000000000000000000000000000000000000000000000000000000000000000000000000000000000000000000004000000000000",
	"root": null,
	"status": "0x1",
	"transactionHash": "0x7fd62363ffca3469b1c437d90cdb9c12a44c2883d4b66514488ca84eb778c9e6",
	"transactionIndex": 126
}
[2018-04-18T14:45:38.287] [DEBUG] trans - TO:   0xa38ebc044283390c967af617cae0fa5f502e8ba6
[2018-04-18T14:45:38.287] [DEBUG] trans - AMOUNT:   151531300000000000000
[2018-04-18T14:45:38.287] [DEBUG] trans - Receipt info:  {
	"blockHash": "0xde14f7063ce01eea9251b34ff20dd5591f42ce712099ab85df367e3af3ad3ce8",
	"blockNumber": 5462885,
	"contractAddress": null,
	"cumulativeGasUsed": 5222140,
	"gasUsed": 51653,
	"logs": [
		{
			"address": "0x7e9e431a0B8c4D532C745B1043c7FA29a48D4fBa",
			"blockHash": "0xde14f7063ce01eea9251b34ff20dd5591f42ce712099ab85df367e3af3ad3ce8",
			"blockNumber": 5462885,
			"data": "0x00000000000000000000000000000000000000000000000836eb5280b5264000",
			"logIndex": 85,
			"topics": [
				"0xddf252ad1be2c89b69c2b068fc378daa952ba7f163c4a11628f55a4df523b3ef",
				"0x000000000000000000000000468b858c964f297fd8fce058032bf4b4911a8ad8",
				"0x000000000000000000000000a38ebc044283390c967af617cae0fa5f502e8ba6"
			],
			"transactionHash": "0x7cba08f4d4f32b8af6523bcdff286984b94b6acd4bf8b44382fe442c6c5298a8",
			"transactionIndex": 102,
			"transactionLogIndex": "0x0",
			"type": "mined",
			"id": "log_7521ffe6"
		}
	],
	"logsBloom": "0x00000000000000000000000000020000000000000000000000000000000000000000000000000000000000000000000000000000000000000000000000000000000000000000010000000008000000000000000000000000000000000020000000000000000000000000004000000000000000000000000000000010000000000000000000000000000000000000000000000000000000000000000000000000000000000000000080000000000000000000000000000000000000010000000000001002000000004000000000000000000000000000000000000000000000000000000000000000000000000000000020000000000000000000000000000000",
	"root": null,
	"status": "0x1",
	"transactionHash": "0x7cba08f4d4f32b8af6523bcdff286984b94b6acd4bf8b44382fe442c6c5298a8",
	"transactionIndex": 102
}
[2018-04-18T14:45:38.287] [DEBUG] trans - TO:   0x3dd436d9dc45bc6641af1ac3e0ea5fed8fa80829
[2018-04-18T14:45:38.287] [DEBUG] trans - AMOUNT:   151387200000000000000
[2018-04-18T14:45:38.287] [DEBUG] trans - Receipt info:  {
	"blockHash": "0xde14f7063ce01eea9251b34ff20dd5591f42ce712099ab85df367e3af3ad3ce8",
	"blockNumber": 5462885,
	"contractAddress": null,
	"cumulativeGasUsed": 6357418,
	"gasUsed": 51589,
	"logs": [
		{
			"address": "0x7e9e431a0B8c4D532C745B1043c7FA29a48D4fBa",
			"blockHash": "0xde14f7063ce01eea9251b34ff20dd5591f42ce712099ab85df367e3af3ad3ce8",
			"blockNumber": 5462885,
			"data": "0x00000000000000000000000000000000000000000000000834eb6050f5040000",
			"logIndex": 107,
			"topics": [
				"0xddf252ad1be2c89b69c2b068fc378daa952ba7f163c4a11628f55a4df523b3ef",
				"0x000000000000000000000000468b858c964f297fd8fce058032bf4b4911a8ad8",
				"0x0000000000000000000000003dd436d9dc45bc6641af1ac3e0ea5fed8fa80829"
			],
			"transactionHash": "0xb39b84310b0a2daf75e59512cf391775af9b0ea9b7414cb0dc0533e65b76d4d8",
			"transactionIndex": 124,
			"transactionLogIndex": "0x0",
			"type": "mined",
			"id": "log_db507181"
		}
	],
	"logsBloom": "0x02000000000000000000000000020000000000000000000000000000000000000000000000000000000000000000000000000000000000000000000000000000000000000000010000000008000000000000000000000000000000000020000000000000000000000000000000000000000000000000000000000010000000000000200000000000000000000000000000000000000000000000000000000000000000400000000080000000000000000000000000000000000000010000000000001002000000000000000000000000000000000000000000000000000000000000000000000000000000000000000000000000000000000000000000000000",
	"root": null,
	"status": "0x1",
	"transactionHash": "0xb39b84310b0a2daf75e59512cf391775af9b0ea9b7414cb0dc0533e65b76d4d8",
	"transactionIndex": 124
}
[2018-04-18T14:45:38.287] [DEBUG] trans - TO:   0x9dbed18c574be634ef46db1bacda35ae5b13b14e
[2018-04-18T14:45:38.287] [DEBUG] trans - AMOUNT:   151368900000000000000
[2018-04-18T14:45:38.287] [DEBUG] trans - Receipt info:  {
	"blockHash": "0xde14f7063ce01eea9251b34ff20dd5591f42ce712099ab85df367e3af3ad3ce8",
	"blockNumber": 5462885,
	"contractAddress": null,
	"cumulativeGasUsed": 6409071,
	"gasUsed": 51653,
	"logs": [
		{
			"address": "0x7e9e431a0B8c4D532C745B1043c7FA29a48D4fBa",
			"blockHash": "0xde14f7063ce01eea9251b34ff20dd5591f42ce712099ab85df367e3af3ad3ce8",
			"blockNumber": 5462885,
			"data": "0x00000000000000000000000000000000000000000000000834aa5c902da04000",
			"logIndex": 108,
			"topics": [
				"0xddf252ad1be2c89b69c2b068fc378daa952ba7f163c4a11628f55a4df523b3ef",
				"0x000000000000000000000000468b858c964f297fd8fce058032bf4b4911a8ad8",
				"0x0000000000000000000000009dbed18c574be634ef46db1bacda35ae5b13b14e"
			],
			"transactionHash": "0x7d0a8f34eebbcb79a15950ea996435748b63635978cbe01df1ebd4081ad359ec",
			"transactionIndex": 125,
			"transactionLogIndex": "0x0",
			"type": "mined",
			"id": "log_5109b805"
		}
	],
	"logsBloom": "0x00000000000008000000000000020000000000000000000000000000000000000000000000000000000000000000000000000000000000000000000000020000000000000000010000000008000000000000000000000000000000000020000000000010000000000000000000000000000000000000000000000010000000000000000000000000000000000000000000000000000000000000000000000000000000000000000080000000000000000000000000000000000000010000000000001002000000000000000000000000000000000000000000000000000000000000000000000000000000000000000000000000000000000000000000000000",
	"root": null,
	"status": "0x1",
	"transactionHash": "0x7d0a8f34eebbcb79a15950ea996435748b63635978cbe01df1ebd4081ad359ec",
	"transactionIndex": 125
}
[2018-04-18T14:45:38.290] [DEBUG] trans - TO:   0x19062a0efd66d4cb8a03ba188a8c982db4a32164
[2018-04-18T14:45:38.290] [DEBUG] trans - AMOUNT:   151404200000000000000
[2018-04-18T14:45:38.290] [DEBUG] trans - Receipt info:  {
	"blockHash": "0xde14f7063ce01eea9251b34ff20dd5591f42ce712099ab85df367e3af3ad3ce8",
	"blockNumber": 5462885,
	"contractAddress": null,
	"cumulativeGasUsed": 6254240,
	"gasUsed": 51653,
	"logs": [
		{
			"address": "0x7e9e431a0B8c4D532C745B1043c7FA29a48D4fBa",
			"blockHash": "0xde14f7063ce01eea9251b34ff20dd5591f42ce712099ab85df367e3af3ad3ce8",
			"blockNumber": 5462885,
			"data": "0x0000000000000000000000000000000000000000000000083527c5b9e6328000",
			"logIndex": 105,
			"topics": [
				"0xddf252ad1be2c89b69c2b068fc378daa952ba7f163c4a11628f55a4df523b3ef",
				"0x000000000000000000000000468b858c964f297fd8fce058032bf4b4911a8ad8",
				"0x00000000000000000000000019062a0efd66d4cb8a03ba188a8c982db4a32164"
			],
			"transactionHash": "0x079c25c52968053fcccd5442a7381e9f761b3127ed43cd1fa165e67e196dfe2d",
			"transactionIndex": 122,
			"transactionLogIndex": "0x0",
			"type": "mined",
			"id": "log_e844055d"
		}
	],
	"logsBloom": "0x00000000000000000000000000020000000000000000000000000000000000000000000000000000000000000000000000000000000000000000000000000000000000000000010000000008000000000000000000000000000000000020000000000000000000000000000000000000000000000000000000000010000000000000000000000000000000000000000000000000000000000000000000010000000000000000000080000000000000000000000000000000000000010000000000001002400000000000000000000000000000000000000000000000000000000000000000000000000040000000000000000000000000000000000000000000",
	"root": null,
	"status": "0x1",
	"transactionHash": "0x079c25c52968053fcccd5442a7381e9f761b3127ed43cd1fa165e67e196dfe2d",
	"transactionIndex": 122
}
[2018-04-18T14:45:38.290] [DEBUG] trans - TO:   0x1abc94eff80d99117664b448b4be92ec02641abc
[2018-04-18T14:45:38.290] [DEBUG] trans - AMOUNT:   151353800000000000000
[2018-04-18T14:45:38.290] [DEBUG] trans - Receipt info:  {
	"blockHash": "0xde14f7063ce01eea9251b34ff20dd5591f42ce712099ab85df367e3af3ad3ce8",
	"blockNumber": 5462885,
	"contractAddress": null,
	"cumulativeGasUsed": 6512313,
	"gasUsed": 51653,
	"logs": [
		{
			"address": "0x7e9e431a0B8c4D532C745B1043c7FA29a48D4fBa",
			"blockHash": "0xde14f7063ce01eea9251b34ff20dd5591f42ce712099ab85df367e3af3ad3ce8",
			"blockNumber": 5462885,
			"data": "0x0000000000000000000000000000000000000000000000083474b73175848000",
			"logIndex": 110,
			"topics": [
				"0xddf252ad1be2c89b69c2b068fc378daa952ba7f163c4a11628f55a4df523b3ef",
				"0x000000000000000000000000468b858c964f297fd8fce058032bf4b4911a8ad8",
				"0x0000000000000000000000001abc94eff80d99117664b448b4be92ec02641abc"
			],
			"transactionHash": "0xc3ae02861114767825faf575d305dcf38b5314581109a304b6e67d6df5a328e6",
			"transactionIndex": 127,
			"transactionLogIndex": "0x0",
			"type": "mined",
			"id": "log_a57c85f9"
		}
	],
	"logsBloom": "0x00000000000000000000000000020000000000000000000000000000000000000000000000000000000000000000000000000000000000000000000000000000000000000000014000000008000000000000000000000000000000000020000000000000000000000000000000000000000000000000000000000010000000000000000000000000000000000000000000000000000000000000000000000000000000000000000080000000000000000200000000000000000000010000000000001002000000000000000000000000000000000000000000000000000000000000000040000000000000000000000000000000000000000000000000000000",
	"root": null,
	"status": "0x1",
	"transactionHash": "0xc3ae02861114767825faf575d305dcf38b5314581109a304b6e67d6df5a328e6",
	"transactionIndex": 127
}
[2018-04-18T14:45:38.290] [DEBUG] trans - TO:   0x846d0859bc96fe5d670b4fe3df7baa5fc270e923
[2018-04-18T14:45:38.290] [DEBUG] trans - AMOUNT:   151352200000000000000
[2018-04-18T14:45:38.290] [DEBUG] trans - Receipt info:  {
	"blockHash": "0xde14f7063ce01eea9251b34ff20dd5591f42ce712099ab85df367e3af3ad3ce8",
	"blockNumber": 5462885,
	"contractAddress": null,
	"cumulativeGasUsed": 6563902,
	"gasUsed": 51589,
	"logs": [
		{
			"address": "0x7e9e431a0B8c4D532C745B1043c7FA29a48D4fBa",
			"blockHash": "0xde14f7063ce01eea9251b34ff20dd5591f42ce712099ab85df367e3af3ad3ce8",
			"blockNumber": 5462885,
			"data": "0x000000000000000000000000000000000000000000000008346f08006de08000",
			"logIndex": 111,
			"topics": [
				"0xddf252ad1be2c89b69c2b068fc378daa952ba7f163c4a11628f55a4df523b3ef",
				"0x000000000000000000000000468b858c964f297fd8fce058032bf4b4911a8ad8",
				"0x000000000000000000000000846d0859bc96fe5d670b4fe3df7baa5fc270e923"
			],
			"transactionHash": "0xa76a821753b680bfb61e7906bcab1f85d3365e7dacee3de5a76c6703dfb09e7f",
			"transactionIndex": 128,
			"transactionLogIndex": "0x0",
			"type": "mined",
			"id": "log_cae0c2c4"
		}
	],
	"logsBloom": "0x00000004000000000000000000020000000000000000000000000000000000000000000000000000000000000000000000000000000000000000000000000000000000000000010000000008000000000000000000000000000000000020002000000000000000000000000000000000000000000000000000000010000000000000000000000000000000000000200000000000000000000000000000000000000000000000000080000000000000000000000000000000000000010000000000001002000000000000000000000000000000000000000000000000000000000000000000000000000000000000000000000000000000000000000000000000",
	"root": null,
	"status": "0x1",
	"transactionHash": "0xa76a821753b680bfb61e7906bcab1f85d3365e7dacee3de5a76c6703dfb09e7f",
	"transactionIndex": 128
}
