[2018-04-22T00:32:33.733] [DEBUG] trans - TO:   0xa3f985b5f9a81fdc3b0c281c2b1fa5d0b991fc9b
[2018-04-22T00:32:33.734] [DEBUG] trans - AMOUNT:   359279700000000000000
[2018-04-22T00:32:33.734] [DEBUG] trans - Receipt info:  {
	"blockHash": "0x9f7df61051544ed98e5b6f153b72be73919e17460edcd260c44c11366ee737b5",
	"blockNumber": 5482687,
	"contractAddress": null,
	"cumulativeGasUsed": 3715559,
	"gasUsed": 51653,
	"logs": [
		{
			"address": "0x7e9e431a0B8c4D532C745B1043c7FA29a48D4fBa",
			"blockHash": "0x9f7df61051544ed98e5b6f153b72be73919e17460edcd260c44c11366ee737b5",
			"blockNumber": 5482687,
			"data": "0x0000000000000000000000000000000000000000000000137a01e79ac4e94000",
			"logIndex": 17,
			"topics": [
				"0xddf252ad1be2c89b69c2b068fc378daa952ba7f163c4a11628f55a4df523b3ef",
				"0x000000000000000000000000468b858c964f297fd8fce058032bf4b4911a8ad8",
				"0x000000000000000000000000a3f985b5f9a81fdc3b0c281c2b1fa5d0b991fc9b"
			],
			"transactionHash": "0x9e8c867d4434f9b4a922b7b29b3011886d1f18828e9745b03375ae89868ca02e",
			"transactionIndex": 106,
			"transactionLogIndex": "0x0",
			"type": "mined",
			"id": "log_94310319"
		}
	],
	"logsBloom": "0x00000000000000000000000000020000000000000000000000000000000000000000000000000000000000000000000000000000000000000000000000000000000000100000010000000008000000000200000000000000000000000020000000000000000000000000000000000000000000000000000000000010000000000000000000000000000000000000000000000000000000000000000000000000000000000000000080000000000000000000000000000000000000010000000000001002000000000000000000000000000000000000000008000000000000000000000000000000000000000000000000000000000000000000000000000000",
	"root": null,
	"status": "0x1",
	"transactionHash": "0x9e8c867d4434f9b4a922b7b29b3011886d1f18828e9745b03375ae89868ca02e",
	"transactionIndex": 106
}
[2018-04-22T00:32:54.758] [DEBUG] trans - TO:   0xcd1826bc60ed02d5904f30dc82cce7cfa5e17145
[2018-04-22T00:32:54.758] [DEBUG] trans - AMOUNT:   359240000000000000000
[2018-04-22T00:32:54.758] [DEBUG] trans - Receipt info:  {
	"blockHash": "0xe3599954b39e319e91deffc51398781c05e09dd36219b4ede4943c0e8aae1743",
	"blockNumber": 5482689,
	"contractAddress": null,
	"cumulativeGasUsed": 926665,
	"gasUsed": 51589,
	"logs": [
		{
			"address": "0x7e9e431a0B8c4D532C745B1043c7FA29a48D4fBa",
			"blockHash": "0xe3599954b39e319e91deffc51398781c05e09dd36219b4ede4943c0e8aae1743",
			"blockNumber": 5482689,
			"data": "0x0000000000000000000000000000000000000000000000137974dcaa37540000",
			"logIndex": 10,
			"topics": [
				"0xddf252ad1be2c89b69c2b068fc378daa952ba7f163c4a11628f55a4df523b3ef",
				"0x000000000000000000000000468b858c964f297fd8fce058032bf4b4911a8ad8",
				"0x000000000000000000000000cd1826bc60ed02d5904f30dc82cce7cfa5e17145"
			],
			"transactionHash": "0x3bc33699ab607f66cc2375d00c928da1063db156ef342913954ad2e4f5078c17",
			"transactionIndex": 17,
			"transactionLogIndex": "0x0",
			"type": "mined",
			"id": "log_1dab57c0"
		}
	],
	"logsBloom": "0x00000000000000000000000000020000000000000000000000000000000000000000000000000001000000000000000000000000000000000000000000000000040000000000010000000008000000000000000000000000000000000020000000000000000000000000000000000000000000000000000000000010000000000000000000000000000000000000000000000000000000000000000000000000000000000000000080000000000000000000000000000000000000010000000000001002000000000000000000000000200000000000000000000000000000000000000000000000000000000000000000000000000000000000000000000000",
	"root": null,
	"status": "0x1",
	"transactionHash": "0x3bc33699ab607f66cc2375d00c928da1063db156ef342913954ad2e4f5078c17",
	"transactionIndex": 17
}
[2018-04-22T00:32:54.759] [DEBUG] trans - TO:   0x466fba2e9403a199c9861c0c96420e32d3c690f4
[2018-04-22T00:32:54.759] [DEBUG] trans - AMOUNT:   359176700000000000000
[2018-04-22T00:32:54.759] [DEBUG] trans - Receipt info:  {
	"blockHash": "0xe3599954b39e319e91deffc51398781c05e09dd36219b4ede4943c0e8aae1743",
	"blockNumber": 5482689,
	"contractAddress": null,
	"cumulativeGasUsed": 978318,
	"gasUsed": 51653,
	"logs": [
		{
			"address": "0x7e9e431a0B8c4D532C745B1043c7FA29a48D4fBa",
			"blockHash": "0xe3599954b39e319e91deffc51398781c05e09dd36219b4ede4943c0e8aae1743",
			"blockNumber": 5482689,
			"data": "0x0000000000000000000000000000000000000000000000137893f9a6790bc000",
			"logIndex": 11,
			"topics": [
				"0xddf252ad1be2c89b69c2b068fc378daa952ba7f163c4a11628f55a4df523b3ef",
				"0x000000000000000000000000468b858c964f297fd8fce058032bf4b4911a8ad8",
				"0x000000000000000000000000466fba2e9403a199c9861c0c96420e32d3c690f4"
			],
			"transactionHash": "0x46cee7fb478182d2c20e329cdf29f3f61643f4bf1c8fb1c38f9a4e59af6a1908",
			"transactionIndex": 18,
			"transactionLogIndex": "0x0",
			"type": "mined",
			"id": "log_9dbcbde2"
		}
	],
	"logsBloom": "0x00000000000000000000000000020000000000000000000000000000000000000000000000000000000000000000000000000000000000000000000000000000000000000000010000000008000000000000000000020000000000000020000000000000000000000000000100000000000000000000000010000010000000000000000000000000000000000000000000000000000000000000000000000000000000000000000080000000000000000000000000000000000000010000000000001002000000000000000000000000000000000000000000000000000000000000000000000000000000000000000000000000000000000000000000000000",
	"root": null,
	"status": "0x1",
	"transactionHash": "0x46cee7fb478182d2c20e329cdf29f3f61643f4bf1c8fb1c38f9a4e59af6a1908",
	"transactionIndex": 18
}
[2018-04-22T00:32:54.759] [DEBUG] trans - TO:   0xbcbc5bff6cadb1e96420c6b8f88eb04ac2c19200
[2018-04-22T00:32:54.759] [DEBUG] trans - AMOUNT:   359271700000000000000
[2018-04-22T00:32:54.759] [DEBUG] trans - Receipt info:  {
	"blockHash": "0xe3599954b39e319e91deffc51398781c05e09dd36219b4ede4943c0e8aae1743",
	"blockNumber": 5482689,
	"contractAddress": null,
	"cumulativeGasUsed": 875076,
	"gasUsed": 51589,
	"logs": [
		{
			"address": "0x7e9e431a0B8c4D532C745B1043c7FA29a48D4fBa",
			"blockHash": "0xe3599954b39e319e91deffc51398781c05e09dd36219b4ede4943c0e8aae1743",
			"blockNumber": 5482689,
			"data": "0x00000000000000000000000000000000000000000000001379e57ba59eb54000",
			"logIndex": 9,
			"topics": [
				"0xddf252ad1be2c89b69c2b068fc378daa952ba7f163c4a11628f55a4df523b3ef",
				"0x000000000000000000000000468b858c964f297fd8fce058032bf4b4911a8ad8",
				"0x000000000000000000000000bcbc5bff6cadb1e96420c6b8f88eb04ac2c19200"
			],
			"transactionHash": "0x285720da6c9233b1f1fa7ebddb4ccb60131714b4bb7bea5799b2431676191d91",
			"transactionIndex": 16,
			"transactionLogIndex": "0x0",
			"type": "mined",
			"id": "log_90cd3842"
		}
	],
	"logsBloom": "0x00000000000000000000000000020000000000000000000000000000000000000000000000000000000000000000000000000000000000000000000000000000000000000000010000000008000000000000000008000000000000000020000000000000000000000000000000000000000000000000000000000010000000000000000000000000000000000000000000000000000000000000000000000000000000000000000080000000000010000000000000000000000800010000000000001002000000000000000000000000000000000000000000000000000000000000000000000000000000000000000000000000000000000000000000000000",
	"root": null,
	"status": "0x1",
	"transactionHash": "0x285720da6c9233b1f1fa7ebddb4ccb60131714b4bb7bea5799b2431676191d91",
	"transactionIndex": 16
}
[2018-04-22T00:32:54.759] [DEBUG] trans - TO:   0xbccd2c40fc7621874618fd05cf511bad9d80cc34
[2018-04-22T00:32:54.759] [DEBUG] trans - AMOUNT:   359140000000000000000
[2018-04-22T00:32:54.759] [DEBUG] trans - Receipt info:  {
	"blockHash": "0xe3599954b39e319e91deffc51398781c05e09dd36219b4ede4943c0e8aae1743",
	"blockNumber": 5482689,
	"contractAddress": null,
	"cumulativeGasUsed": 1133085,
	"gasUsed": 51589,
	"logs": [
		{
			"address": "0x7e9e431a0B8c4D532C745B1043c7FA29a48D4fBa",
			"blockHash": "0xe3599954b39e319e91deffc51398781c05e09dd36219b4ede4943c0e8aae1743",
			"blockNumber": 5482689,
			"data": "0x00000000000000000000000000000000000000000000001378119731d9ca0000",
			"logIndex": 14,
			"topics": [
				"0xddf252ad1be2c89b69c2b068fc378daa952ba7f163c4a11628f55a4df523b3ef",
				"0x000000000000000000000000468b858c964f297fd8fce058032bf4b4911a8ad8",
				"0x000000000000000000000000bccd2c40fc7621874618fd05cf511bad9d80cc34"
			],
			"transactionHash": "0x1f6fe3d243b3b727ed008b2ce52b538e33ccd32282d67eb78cd81c3426830d10",
			"transactionIndex": 21,
			"transactionLogIndex": "0x0",
			"type": "mined",
			"id": "log_c8de4c68"
		}
	],
	"logsBloom": "0x00000000000000000000000000020000000000000000000000000000000000000000000000000000000000000000000000000000000000000000000000000000000000000000010000000008000000000000000000000000000000000020000000000000000000000000000000000000000000000000000000600010000000000000000000000000000000000000000000000000000000000000004000000000000000000000000080000000000000000000000000000000000000010000000000001002000000000000000000000000000000000000000000000000000000000000000000000000000000000000000000000000000000000000000000000000",
	"root": null,
	"status": "0x1",
	"transactionHash": "0x1f6fe3d243b3b727ed008b2ce52b538e33ccd32282d67eb78cd81c3426830d10",
	"transactionIndex": 21
}
[2018-04-22T00:32:54.759] [DEBUG] trans - TO:   0x7d11c3c908589d3472d83eb3895c7e04f5fada21
[2018-04-22T00:32:54.759] [DEBUG] trans - AMOUNT:   359172400000000000000
[2018-04-22T00:32:54.759] [DEBUG] trans - Receipt info:  {
	"blockHash": "0xe3599954b39e319e91deffc51398781c05e09dd36219b4ede4943c0e8aae1743",
	"blockNumber": 5482689,
	"contractAddress": null,
	"cumulativeGasUsed": 1029907,
	"gasUsed": 51589,
	"logs": [
		{
			"address": "0x7e9e431a0B8c4D532C745B1043c7FA29a48D4fBa",
			"blockHash": "0xe3599954b39e319e91deffc51398781c05e09dd36219b4ede4943c0e8aae1743",
			"blockNumber": 5482689,
			"data": "0x0000000000000000000000000000000000000000000000137884b2d2b4830000",
			"logIndex": 12,
			"topics": [
				"0xddf252ad1be2c89b69c2b068fc378daa952ba7f163c4a11628f55a4df523b3ef",
				"0x000000000000000000000000468b858c964f297fd8fce058032bf4b4911a8ad8",
				"0x0000000000000000000000007d11c3c908589d3472d83eb3895c7e04f5fada21"
			],
			"transactionHash": "0xb88e1b3206ec7f9d507d1a332dd876606c5cbed58b0e1294c96529acafab9682",
			"transactionIndex": 19,
			"transactionLogIndex": "0x0",
			"type": "mined",
			"id": "log_ce961e23"
		}
	],
	"logsBloom": "0x00000000000000000000000000020000000000000000000000000000000000000000080000000000000000000000000000000000000000000000000000000000000000000000010000000008000000080000000000000000000000000020000000000000040000000000000000000000000000000000000000000010000000000000000000000000000000000000000000000000000000000000000000000000000000000000000080000000000000000000000000000000000000010000000000001002000000000000000000000000000000000000000000000000000000000000000000000000000000000000000000000000000000000000000000000000",
	"root": null,
	"status": "0x1",
	"transactionHash": "0xb88e1b3206ec7f9d507d1a332dd876606c5cbed58b0e1294c96529acafab9682",
	"transactionIndex": 19
}
[2018-04-22T00:32:54.761] [DEBUG] trans - TO:   0xa6bb2d8855f913fafd32c824a0a387a9186f1302
[2018-04-22T00:32:54.761] [DEBUG] trans - AMOUNT:   359164400000000000000
[2018-04-22T00:32:54.761] [DEBUG] trans - Receipt info:  {
	"blockHash": "0xe3599954b39e319e91deffc51398781c05e09dd36219b4ede4943c0e8aae1743",
	"blockNumber": 5482689,
	"contractAddress": null,
	"cumulativeGasUsed": 1081496,
	"gasUsed": 51589,
	"logs": [
		{
			"address": "0x7e9e431a0B8c4D532C745B1043c7FA29a48D4fBa",
			"blockHash": "0xe3599954b39e319e91deffc51398781c05e09dd36219b4ede4943c0e8aae1743",
			"blockNumber": 5482689,
			"data": "0x000000000000000000000000000000000000000000000013786846dd8e4f0000",
			"logIndex": 13,
			"topics": [
				"0xddf252ad1be2c89b69c2b068fc378daa952ba7f163c4a11628f55a4df523b3ef",
				"0x000000000000000000000000468b858c964f297fd8fce058032bf4b4911a8ad8",
				"0x000000000000000000000000a6bb2d8855f913fafd32c824a0a387a9186f1302"
			],
			"transactionHash": "0xe1795983f16f17780e8e46c845d202cafb0679aa4e469df40708b42540e6fc10",
			"transactionIndex": 20,
			"transactionLogIndex": "0x0",
			"type": "mined",
			"id": "log_a7163156"
		}
	],
	"logsBloom": "0x00000000000000000000000000020000000000000000000000000000000000000000000000000000000000000020000000000040000000000000000000000000000000000000010000000008000000000000000000000000000000000020000000000000000000000000000000000000000000000000000000000010000000000000000000000000000000000000000000000000000000000000000000000000000000000000000080000000000000000000000000000000000000010000000000001002000000000000000000000000000000000000000000000000000000000000000000000000000000000000000000000000000000000400000000000000",
	"root": null,
	"status": "0x1",
	"transactionHash": "0xe1795983f16f17780e8e46c845d202cafb0679aa4e469df40708b42540e6fc10",
	"transactionIndex": 20
}
[2018-04-22T00:32:54.762] [DEBUG] trans - TO:   0x85eded8078e6b0f7e2dcce3bb86f18d3c373521a
[2018-04-22T00:32:54.762] [DEBUG] trans - AMOUNT:   359120100000000000000
[2018-04-22T00:32:54.762] [DEBUG] trans - Receipt info:  {
	"blockHash": "0xe3599954b39e319e91deffc51398781c05e09dd36219b4ede4943c0e8aae1743",
	"blockNumber": 5482689,
	"contractAddress": null,
	"cumulativeGasUsed": 1236327,
	"gasUsed": 51653,
	"logs": [
		{
			"address": "0x7e9e431a0B8c4D532C745B1043c7FA29a48D4fBa",
			"blockHash": "0xe3599954b39e319e91deffc51398781c05e09dd36219b4ede4943c0e8aae1743",
			"blockNumber": 5482689,
			"data": "0x00000000000000000000000000000000000000000000001377cae4400ac24000",
			"logIndex": 16,
			"topics": [
				"0xddf252ad1be2c89b69c2b068fc378daa952ba7f163c4a11628f55a4df523b3ef",
				"0x000000000000000000000000468b858c964f297fd8fce058032bf4b4911a8ad8",
				"0x00000000000000000000000085eded8078e6b0f7e2dcce3bb86f18d3c373521a"
			],
			"transactionHash": "0xc627591028e49c261bd214e1968fe82b7e813d93524026932816e6081ac467b8",
			"transactionIndex": 23,
			"transactionLogIndex": "0x0",
			"type": "mined",
			"id": "log_12aa769b"
		}
	],
	"logsBloom": "0x00000000000000000000001000020000000000000000000000000000000000000000000000000000000000000000000000200000000000000000000000000000000000000000010000000008000000000000000000000000000000000020000000000000000000000000000000000000000000000000000000000010000000000000000000000000000000000000000000000000000000000000000000000000000000000000000080000000000000000000000000000000000000010000000000001002000000000000000000000000000000000000000000000000000000000000000000000000000000000000000000000000000000200000000000000000",
	"root": null,
	"status": "0x1",
	"transactionHash": "0xc627591028e49c261bd214e1968fe82b7e813d93524026932816e6081ac467b8",
	"transactionIndex": 23
}
[2018-04-22T00:32:54.762] [DEBUG] trans - TO:   0x726780ee8aa9115fb51e37ca739931b43ff36579
[2018-04-22T00:32:54.762] [DEBUG] trans - AMOUNT:   359122000000000000000
[2018-04-22T00:32:54.762] [DEBUG] trans - Receipt info:  {
	"blockHash": "0xe3599954b39e319e91deffc51398781c05e09dd36219b4ede4943c0e8aae1743",
	"blockNumber": 5482689,
	"contractAddress": null,
	"cumulativeGasUsed": 1184674,
	"gasUsed": 51589,
	"logs": [
		{
			"address": "0x7e9e431a0B8c4D532C745B1043c7FA29a48D4fBa",
			"blockHash": "0xe3599954b39e319e91deffc51398781c05e09dd36219b4ede4943c0e8aae1743",
			"blockNumber": 5482689,
			"data": "0x00000000000000000000000000000000000000000000001377d1a44a43d50000",
			"logIndex": 15,
			"topics": [
				"0xddf252ad1be2c89b69c2b068fc378daa952ba7f163c4a11628f55a4df523b3ef",
				"0x000000000000000000000000468b858c964f297fd8fce058032bf4b4911a8ad8",
				"0x000000000000000000000000726780ee8aa9115fb51e37ca739931b43ff36579"
			],
			"transactionHash": "0x214d0fd36897d205689881c405652ae9ae0d2f50a1eeab057e23e56c755ec482",
			"transactionIndex": 22,
			"transactionLogIndex": "0x0",
			"type": "mined",
			"id": "log_15edbc64"
		}
	],
	"logsBloom": "0x00000000000000000000000000020000000000000000000000000000000000000000002000000000000000000000000000000000000000000000000000000000000000000000010000000008000000000000000000000000000000000020040000000000000000000000000000000000000000000000000000000010000000000000000000000000000000000000000000000000002000000000000000000000000000000000000080000000000000000000000000000000000000010000000000001002000000000000000000000000000000000000000000000000000000000000000000000000000000000000000000000000000000000000000000000000",
	"root": null,
	"status": "0x1",
	"transactionHash": "0x214d0fd36897d205689881c405652ae9ae0d2f50a1eeab057e23e56c755ec482",
	"transactionIndex": 22
}
[2018-04-22T00:32:54.763] [DEBUG] trans - TO:   0xe16bdcd936bd374b252ea3487fd6b8cb7b5929bd
[2018-04-22T00:32:54.763] [DEBUG] trans - AMOUNT:   359120000000000000000
[2018-04-22T00:32:54.763] [DEBUG] trans - Receipt info:  {
	"blockHash": "0xe3599954b39e319e91deffc51398781c05e09dd36219b4ede4943c0e8aae1743",
	"blockNumber": 5482689,
	"contractAddress": null,
	"cumulativeGasUsed": 1287916,
	"gasUsed": 51589,
	"logs": [
		{
			"address": "0x7e9e431a0B8c4D532C745B1043c7FA29a48D4fBa",
			"blockHash": "0xe3599954b39e319e91deffc51398781c05e09dd36219b4ede4943c0e8aae1743",
			"blockNumber": 5482689,
			"data": "0x00000000000000000000000000000000000000000000001377ca894cfa480000",
			"logIndex": 17,
			"topics": [
				"0xddf252ad1be2c89b69c2b068fc378daa952ba7f163c4a11628f55a4df523b3ef",
				"0x000000000000000000000000468b858c964f297fd8fce058032bf4b4911a8ad8",
				"0x000000000000000000000000e16bdcd936bd374b252ea3487fd6b8cb7b5929bd"
			],
			"transactionHash": "0x7965701f417fe1ab573d9a1663fd6f040e73292775605a23104ff0abeb77693a",
			"transactionIndex": 24,
			"transactionLogIndex": "0x0",
			"type": "mined",
			"id": "log_317b4dbf"
		}
	],
	"logsBloom": "0x00000000000000000000000000020000000000000000000000000000000000000000000000000000000000000000000000000000000000000000000000000000000000000000010000000008000000000000000000000000000000000020000000000000000000000000000000000000000000200000000000000010000000000000000040000000000000000000000000000000000000000000000000000000000000000000000080000000000001000000000000000000000000010000000000001002000000000000000000000000000000000000000000000000000000000000000000000000000000000000000000000000000000000000000000000000",
	"root": null,
	"status": "0x1",
	"transactionHash": "0x7965701f417fe1ab573d9a1663fd6f040e73292775605a23104ff0abeb77693a",
	"transactionIndex": 24
}
[2018-04-22T00:32:54.763] [DEBUG] trans - TO:   0xca0760495d5bc71087007798aaa74e4498f6fb2d
[2018-04-22T00:32:54.763] [DEBUG] trans - AMOUNT:   359109300000000000000
[2018-04-22T00:32:54.763] [DEBUG] trans - Receipt info:  {
	"blockHash": "0xe3599954b39e319e91deffc51398781c05e09dd36219b4ede4943c0e8aae1743",
	"blockNumber": 5482689,
	"contractAddress": null,
	"cumulativeGasUsed": 1339505,
	"gasUsed": 51589,
	"logs": [
		{
			"address": "0x7e9e431a0B8c4D532C745B1043c7FA29a48D4fBa",
			"blockHash": "0xe3599954b39e319e91deffc51398781c05e09dd36219b4ede4943c0e8aae1743",
			"blockNumber": 5482689,
			"data": "0x00000000000000000000000000000000000000000000001377a485b5172f4000",
			"logIndex": 18,
			"topics": [
				"0xddf252ad1be2c89b69c2b068fc378daa952ba7f163c4a11628f55a4df523b3ef",
				"0x000000000000000000000000468b858c964f297fd8fce058032bf4b4911a8ad8",
				"0x000000000000000000000000ca0760495d5bc71087007798aaa74e4498f6fb2d"
			],
			"transactionHash": "0x9fc659086fe858eac5d94b5556b5d935d59a71ac96aed5b44efaf98f9dae2027",
			"transactionIndex": 25,
			"transactionLogIndex": "0x0",
			"type": "mined",
			"id": "log_9d963bf4"
		}
	],
	"logsBloom": "0x00000000000000000000000000020000000000000000000000000000000000000000000000000000000000000000000001000000000000000000000000000000000000000000010000000008000000000000000000000000000000000020000000000000000000000000000000000000000000000000000000000010000000000000000000000000000000000000000000000000000000001000000000000000000000000000000080000000000000000000000000000000000000010000000000001002000000000000000000000000000000000000000000000000000000000000000000000000000000000000000000000000000000000020000000000000",
	"root": null,
	"status": "0x1",
	"transactionHash": "0x9fc659086fe858eac5d94b5556b5d935d59a71ac96aed5b44efaf98f9dae2027",
	"transactionIndex": 25
}
[2018-04-22T00:32:54.766] [DEBUG] trans - TO:   0xe8412ef9ecdd79eddd8d74b8c4b3f2b45e11b202
[2018-04-22T00:32:54.766] [DEBUG] trans - AMOUNT:   359099000000000000000
[2018-04-22T00:32:54.766] [DEBUG] trans - Receipt info:  {
	"blockHash": "0xe3599954b39e319e91deffc51398781c05e09dd36219b4ede4943c0e8aae1743",
	"blockNumber": 5482689,
	"contractAddress": null,
	"cumulativeGasUsed": 1391158,
	"gasUsed": 51653,
	"logs": [
		{
			"address": "0x7e9e431a0B8c4D532C745B1043c7FA29a48D4fBa",
			"blockHash": "0xe3599954b39e319e91deffc51398781c05e09dd36219b4ede4943c0e8aae1743",
			"blockNumber": 5482689,
			"data": "0x000000000000000000000000000000000000000000000013777fede975ff8000",
			"logIndex": 19,
			"topics": [
				"0xddf252ad1be2c89b69c2b068fc378daa952ba7f163c4a11628f55a4df523b3ef",
				"0x000000000000000000000000468b858c964f297fd8fce058032bf4b4911a8ad8",
				"0x000000000000000000000000e8412ef9ecdd79eddd8d74b8c4b3f2b45e11b202"
			],
			"transactionHash": "0x42729d0888ba7ff0aa86fa8618f9c03f4d54bd35306cca09f892fd1976c9e197",
			"transactionIndex": 26,
			"transactionLogIndex": "0x0",
			"type": "mined",
			"id": "log_6a050c43"
		}
	],
	"logsBloom": "0x00000000000000000000000000020000000000000000000000000000000000000000000000000000000000000000000000000000000002000000000000000000000080000000010000000008000000000000000000000000000000000020000000000000000000000000000000000000000000000000000000000010000000000000000000000000000000000000000000000000000000000000000000000000000000000000000080000000000000000000000000000000000000010080000000001002000000000000000000000000000000000000000000000000000000000000000000000000000000000000000000000000000000000000000000000000",
	"root": null,
	"status": "0x1",
	"transactionHash": "0x42729d0888ba7ff0aa86fa8618f9c03f4d54bd35306cca09f892fd1976c9e197",
	"transactionIndex": 26
}
[2018-04-22T00:32:54.766] [DEBUG] trans - TO:   0x37a677113064eda17f2b9996f610c66d0bbdd6dd
[2018-04-22T00:32:54.766] [DEBUG] trans - AMOUNT:   359091500000000000000
[2018-04-22T00:32:54.766] [DEBUG] trans - Receipt info:  {
	"blockHash": "0xe3599954b39e319e91deffc51398781c05e09dd36219b4ede4943c0e8aae1743",
	"blockNumber": 5482689,
	"contractAddress": null,
	"cumulativeGasUsed": 1442811,
	"gasUsed": 51653,
	"logs": [
		{
			"address": "0x7e9e431a0B8c4D532C745B1043c7FA29a48D4fBa",
			"blockHash": "0xe3599954b39e319e91deffc51398781c05e09dd36219b4ede4943c0e8aae1743",
			"blockNumber": 5482689,
			"data": "0x000000000000000000000000000000000000000000000013776548b3a22ec000",
			"logIndex": 20,
			"topics": [
				"0xddf252ad1be2c89b69c2b068fc378daa952ba7f163c4a11628f55a4df523b3ef",
				"0x000000000000000000000000468b858c964f297fd8fce058032bf4b4911a8ad8",
				"0x00000000000000000000000037a677113064eda17f2b9996f610c66d0bbdd6dd"
			],
			"transactionHash": "0x7d852e6f88333e833ff01578f732d79950fd3be5370a17ef380cebb9cc37e796",
			"transactionIndex": 27,
			"transactionLogIndex": "0x0",
			"type": "mined",
			"id": "log_facadccd"
		}
	],
	"logsBloom": "0x00000000000000000000000000022000000000000000000000000000000000000000000000000000000000000000000000000000000000000000000000000000000000000000010000000008000000000000000000000000000000000020000000000000000000000000000000000000000000000000000000000010000000000000000000000000000000000000000000000000000000000000000000020000200000000000000080000000000000000000000000000000000000010000000000001002000000000000000000000000000000000000000000000000000000000000000000000000000000000000000000000000000000000000000000000000",
	"root": null,
	"status": "0x1",
	"transactionHash": "0x7d852e6f88333e833ff01578f732d79950fd3be5370a17ef380cebb9cc37e796",
	"transactionIndex": 27
}
[2018-04-22T00:32:54.766] [DEBUG] trans - TO:   0xdc1191bd5cb2ae9505079e4c729d1101ca3f00b5
[2018-04-22T00:32:54.766] [DEBUG] trans - AMOUNT:   359040500000000000000
[2018-04-22T00:32:54.766] [DEBUG] trans - Receipt info:  {
	"blockHash": "0xe3599954b39e319e91deffc51398781c05e09dd36219b4ede4943c0e8aae1743",
	"blockNumber": 5482689,
	"contractAddress": null,
	"cumulativeGasUsed": 1545989,
	"gasUsed": 51589,
	"logs": [
		{
			"address": "0x7e9e431a0B8c4D532C745B1043c7FA29a48D4fBa",
			"blockHash": "0xe3599954b39e319e91deffc51398781c05e09dd36219b4ede4943c0e8aae1743",
			"blockNumber": 5482689,
			"data": "0x00000000000000000000000000000000000000000000001376b01878cea34000",
			"logIndex": 22,
			"topics": [
				"0xddf252ad1be2c89b69c2b068fc378daa952ba7f163c4a11628f55a4df523b3ef",
				"0x000000000000000000000000468b858c964f297fd8fce058032bf4b4911a8ad8",
				"0x000000000000000000000000dc1191bd5cb2ae9505079e4c729d1101ca3f00b5"
			],
			"transactionHash": "0x30f98f772305c54793214f1e8d5a5498207bccc4c74c738fd92f8d6740cb6d5c",
			"transactionIndex": 29,
			"transactionLogIndex": "0x0",
			"type": "mined",
			"id": "log_769a7d7c"
		}
	],
	"logsBloom": "0x00000000000000000000000000020000000000000000000000000000000000000000000000000000000000000000000000000000000000000000001000000000000000000000010000000008000000000000000000000000000000000020000000000000000000000000000000000000000000000000000000000010000000000000000000000000000000000000000000000000000000000000000000000000000000000000000080000000000000000000000000000000000000010000000000011002000000000000000000000004000000000000000000000000000000000000000000000000000000000000000000000000000000000000000000000000",
	"root": null,
	"status": "0x1",
	"transactionHash": "0x30f98f772305c54793214f1e8d5a5498207bccc4c74c738fd92f8d6740cb6d5c",
	"transactionIndex": 29
}
[2018-04-22T00:32:54.767] [DEBUG] trans - TO:   0x3b2fff2c65c123ed84a1e951ab517957e81d7860
[2018-04-22T00:32:54.767] [DEBUG] trans - AMOUNT:   359080400000000000000
[2018-04-22T00:32:54.767] [DEBUG] trans - Receipt info:  {
	"blockHash": "0xe3599954b39e319e91deffc51398781c05e09dd36219b4ede4943c0e8aae1743",
	"blockNumber": 5482689,
	"contractAddress": null,
	"cumulativeGasUsed": 1494400,
	"gasUsed": 51589,
	"logs": [
		{
			"address": "0x7e9e431a0B8c4D532C745B1043c7FA29a48D4fBa",
			"blockHash": "0xe3599954b39e319e91deffc51398781c05e09dd36219b4ede4943c0e8aae1743",
			"blockNumber": 5482689,
			"data": "0x000000000000000000000000000000000000000000000013773dd94f7d2d0000",
			"logIndex": 21,
			"topics": [
				"0xddf252ad1be2c89b69c2b068fc378daa952ba7f163c4a11628f55a4df523b3ef",
				"0x000000000000000000000000468b858c964f297fd8fce058032bf4b4911a8ad8",
				"0x0000000000000000000000003b2fff2c65c123ed84a1e951ab517957e81d7860"
			],
			"transactionHash": "0xdb48a90955867de92b44261ad239ff5b629a89f4eb2b55f6840b3c712519ee6c",
			"transactionIndex": 28,
			"transactionLogIndex": "0x0",
			"type": "mined",
			"id": "log_a8b68e29"
		}
	],
	"logsBloom": "0x00000000000000000000000000020000000000000000000000000000000000000000000000000000000000000000000000000000000000000000000000000000000000000000010000000008000000000000000000000000000000000020200000000000000000000000000000000000000000000000000000000010000000000000000000000000000000000000000000040000000000000000000000000000000000000000000080000000000020000000000000000000000000010000000000001002000000000000000000000000000000000000000000000000000000000000000000000000000000000000000000000000000000000000000000000000",
	"root": null,
	"status": "0x1",
	"transactionHash": "0xdb48a90955867de92b44261ad239ff5b629a89f4eb2b55f6840b3c712519ee6c",
	"transactionIndex": 28
}
[2018-04-22T00:32:54.767] [DEBUG] trans - TO:   0x8fea2c3b5cad4e17a8eb2593892719cfdbc20b45
[2018-04-22T00:32:54.767] [DEBUG] trans - AMOUNT:   359028900000000000000
[2018-04-22T00:32:54.767] [DEBUG] trans - Receipt info:  {
	"blockHash": "0xe3599954b39e319e91deffc51398781c05e09dd36219b4ede4943c0e8aae1743",
	"blockNumber": 5482689,
	"contractAddress": null,
	"cumulativeGasUsed": 1597642,
	"gasUsed": 51653,
	"logs": [
		{
			"address": "0x7e9e431a0B8c4D532C745B1043c7FA29a48D4fBa",
			"blockHash": "0xe3599954b39e319e91deffc51398781c05e09dd36219b4ede4943c0e8aae1743",
			"blockNumber": 5482689,
			"data": "0x0000000000000000000000000000000000000000000000137686e255573e4000",
			"logIndex": 23,
			"topics": [
				"0xddf252ad1be2c89b69c2b068fc378daa952ba7f163c4a11628f55a4df523b3ef",
				"0x000000000000000000000000468b858c964f297fd8fce058032bf4b4911a8ad8",
				"0x0000000000000000000000008fea2c3b5cad4e17a8eb2593892719cfdbc20b45"
			],
			"transactionHash": "0x9fb479213a4649dce647f4e6a081529c6e2b1f704ff9cea72a975a2f93c5d9b6",
			"transactionIndex": 30,
			"transactionLogIndex": "0x0",
			"type": "mined",
			"id": "log_8a01939e"
		}
	],
	"logsBloom": "0x00000000000000000000000000020000000000000000000000000000000000000400000000000000000000000000000000000000000000000000000000000000000000000000010000000008000000000000000000000000000000000020000000000000000000000000000000000000000000000000000000000010000000100000000000000000000000000000000000000000000000000000000000000000000000000000000080000000000000000000000000000000000000010000000000001002000000000000000000000100000000000000000000000000000000000000000000000000000000000000000000000000000000000000000000000000",
	"root": null,
	"status": "0x1",
	"transactionHash": "0x9fb479213a4649dce647f4e6a081529c6e2b1f704ff9cea72a975a2f93c5d9b6",
	"transactionIndex": 30
}
[2018-04-22T00:32:54.769] [DEBUG] trans - TO:   0xd69c65662ad470e755dbeaa581c617194cd40c6b
[2018-04-22T00:32:54.769] [DEBUG] trans - AMOUNT:   358982000000000000000
[2018-04-22T00:32:54.769] [DEBUG] trans - Receipt info:  {
	"blockHash": "0xe3599954b39e319e91deffc51398781c05e09dd36219b4ede4943c0e8aae1743",
	"blockNumber": 5482689,
	"contractAddress": null,
	"cumulativeGasUsed": 1855651,
	"gasUsed": 51589,
	"logs": [
		{
			"address": "0x7e9e431a0B8c4D532C745B1043c7FA29a48D4fBa",
			"blockHash": "0xe3599954b39e319e91deffc51398781c05e09dd36219b4ede4943c0e8aae1743",
			"blockNumber": 5482689,
			"data": "0x00000000000000000000000000000000000000000000001375e0430827470000",
			"logIndex": 28,
			"topics": [
				"0xddf252ad1be2c89b69c2b068fc378daa952ba7f163c4a11628f55a4df523b3ef",
				"0x000000000000000000000000468b858c964f297fd8fce058032bf4b4911a8ad8",
				"0x000000000000000000000000d69c65662ad470e755dbeaa581c617194cd40c6b"
			],
			"transactionHash": "0x1035e597272ad5d631b10a999f911cdc6987e111f8a570b1c79b6acdd115efa1",
			"transactionIndex": 35,
			"transactionLogIndex": "0x0",
			"type": "mined",
			"id": "log_b601b917"
		}
	],
	"logsBloom": "0x00000000000000000000000000020000000000010000000000000000000000000000000000000000000000000000000000000000000000000000000000000000000000000000010000000008000000000000000000000000000000000020800000000000000000000000000000000000000000000000000000000010000000000000000000000000000000000000000000000000000000000000000000000000000000000000000080040000000000000000000000000000000000010000000000001002000000000000000000000000000000000000000000000000000000000000000000000000000000000000000000000000000000000000000000000000",
	"root": null,
	"status": "0x1",
	"transactionHash": "0x1035e597272ad5d631b10a999f911cdc6987e111f8a570b1c79b6acdd115efa1",
	"transactionIndex": 35
}
[2018-04-22T00:32:54.769] [DEBUG] trans - TO:   0xb78d2d7244df56a06234853f11f05233cbe57e9a
[2018-04-22T00:32:54.770] [DEBUG] trans - AMOUNT:   358981800000000000000
[2018-04-22T00:32:54.770] [DEBUG] trans - Receipt info:  {
	"blockHash": "0xe3599954b39e319e91deffc51398781c05e09dd36219b4ede4943c0e8aae1743",
	"blockNumber": 5482689,
	"contractAddress": null,
	"cumulativeGasUsed": 1907304,
	"gasUsed": 51653,
	"logs": [
		{
			"address": "0x7e9e431a0B8c4D532C745B1043c7FA29a48D4fBa",
			"blockHash": "0xe3599954b39e319e91deffc51398781c05e09dd36219b4ede4943c0e8aae1743",
			"blockNumber": 5482689,
			"data": "0x00000000000000000000000000000000000000000000001375df8d2206528000",
			"logIndex": 29,
			"topics": [
				"0xddf252ad1be2c89b69c2b068fc378daa952ba7f163c4a11628f55a4df523b3ef",
				"0x000000000000000000000000468b858c964f297fd8fce058032bf4b4911a8ad8",
				"0x000000000000000000000000b78d2d7244df56a06234853f11f05233cbe57e9a"
			],
			"transactionHash": "0x5b28fd92dbde222ece43fa2e857ab71ac675f3aba6ae71571af3b83af22bf309",
			"transactionIndex": 36,
			"transactionLogIndex": "0x0",
			"type": "mined",
			"id": "log_46707c9f"
		}
	],
	"logsBloom": "0x00000000000000000000000000020000000000000000000000000000000000000000000000000000000000000000000000000000008000000000000000000000000000000000010000000008000000000000000000000000000000000020000000000000000000000000000000000000000000000000000000000010000000000000000000000000000000000000000000000000000000000000000000000000000000000000000080000000000000000000000000000000000000010000000000001002000000000000001000000000000000000000000000020000000000000000000000000000000000000000000000000000000000000000000000000000",
	"root": null,
	"status": "0x1",
	"transactionHash": "0x5b28fd92dbde222ece43fa2e857ab71ac675f3aba6ae71571af3b83af22bf309",
	"transactionIndex": 36
}
[2018-04-22T00:32:54.770] [DEBUG] trans - TO:   0xa079cedf1744aac41a639dbfd6c3a78f58b14732
[2018-04-22T00:32:54.770] [DEBUG] trans - AMOUNT:   359000000000000000000
[2018-04-22T00:32:54.770] [DEBUG] trans - Receipt info:  {
	"blockHash": "0xe3599954b39e319e91deffc51398781c05e09dd36219b4ede4943c0e8aae1743",
	"blockNumber": 5482689,
	"contractAddress": null,
	"cumulativeGasUsed": 1700820,
	"gasUsed": 51589,
	"logs": [
		{
			"address": "0x7e9e431a0B8c4D532C745B1043c7FA29a48D4fBa",
			"blockHash": "0xe3599954b39e319e91deffc51398781c05e09dd36219b4ede4943c0e8aae1743",
			"blockNumber": 5482689,
			"data": "0x000000000000000000000000000000000000000000000013762035efbd3c0000",
			"logIndex": 25,
			"topics": [
				"0xddf252ad1be2c89b69c2b068fc378daa952ba7f163c4a11628f55a4df523b3ef",
				"0x000000000000000000000000468b858c964f297fd8fce058032bf4b4911a8ad8",
				"0x000000000000000000000000a079cedf1744aac41a639dbfd6c3a78f58b14732"
			],
			"transactionHash": "0x1262b785b6535fcc30d947161c542d57d1a0d809c5aa5d07d2468f0294ed18d5",
			"transactionIndex": 32,
			"transactionLogIndex": "0x0",
			"type": "mined",
			"id": "log_4d04d002"
		}
	],
	"logsBloom": "0x00000000000000000000000000020000000000000000000000000000000000000000000000000000000000000000000000000000000000000000000000000000000000000000010000000008000000000000000000000000000000000020000000000000000000000000000000000000000000000000000000000010000000000000000000000000000000000000800000000000000000000000000000000000000000000000000080000000000000000000001000000000000000010000000000001002000000000000000000000000000000000000000000000000000000000000000000000000400000000000000000000000000000000000000000000000",
	"root": null,
	"status": "0x1",
	"transactionHash": "0x1262b785b6535fcc30d947161c542d57d1a0d809c5aa5d07d2468f0294ed18d5",
	"transactionIndex": 32
}
[2018-04-22T00:32:54.770] [DEBUG] trans - TO:   0x4ae9f2c003f2f1cce0bda8d8b73510fce5523ed2
[2018-04-22T00:32:54.770] [DEBUG] trans - AMOUNT:   359000000000000000000
[2018-04-22T00:32:54.770] [DEBUG] trans - Receipt info:  {
	"blockHash": "0xe3599954b39e319e91deffc51398781c05e09dd36219b4ede4943c0e8aae1743",
	"blockNumber": 5482689,
	"contractAddress": null,
	"cumulativeGasUsed": 1649231,
	"gasUsed": 51589,
	"logs": [
		{
			"address": "0x7e9e431a0B8c4D532C745B1043c7FA29a48D4fBa",
			"blockHash": "0xe3599954b39e319e91deffc51398781c05e09dd36219b4ede4943c0e8aae1743",
			"blockNumber": 5482689,
			"data": "0x000000000000000000000000000000000000000000000013762035efbd3c0000",
			"logIndex": 24,
			"topics": [
				"0xddf252ad1be2c89b69c2b068fc378daa952ba7f163c4a11628f55a4df523b3ef",
				"0x000000000000000000000000468b858c964f297fd8fce058032bf4b4911a8ad8",
				"0x0000000000000000000000004ae9f2c003f2f1cce0bda8d8b73510fce5523ed2"
			],
			"transactionHash": "0xe299bd24c14d82957a6e2dd93007a174f47208b1b3520b495570dc7c88736463",
			"transactionIndex": 31,
			"transactionLogIndex": "0x0",
			"type": "mined",
			"id": "log_a3c92713"
		}
	],
	"logsBloom": "0x00000000000000000000000000020000000000000000000000000000000000000000000000000000000000000000000000000000000000000000000000000000000000800000010000000008000000000000000000000000000000000020000000000000000000000004000000000000000080000000000000000010000000000000000000000000000000000000000000000000000000000000000000000000000000000000000080000000000000000000000000000000000000010000000000001002000000000000000000000000000000000000000000000000000000000000000000000000000000000000000000000000000000000000000000000000",
	"root": null,
	"status": "0x1",
	"transactionHash": "0xe299bd24c14d82957a6e2dd93007a174f47208b1b3520b495570dc7c88736463",
	"transactionIndex": 31
}
[2018-04-22T00:32:54.771] [DEBUG] trans - TO:   0x06f295f033ebde9407966d7f1b695973f5a581d6
[2018-04-22T00:32:54.771] [DEBUG] trans - AMOUNT:   358993500000000000000
[2018-04-22T00:32:54.771] [DEBUG] trans - Receipt info:  {
	"blockHash": "0xe3599954b39e319e91deffc51398781c05e09dd36219b4ede4943c0e8aae1743",
	"blockNumber": 5482689,
	"contractAddress": null,
	"cumulativeGasUsed": 1804062,
	"gasUsed": 51653,
	"logs": [
		{
			"address": "0x7e9e431a0B8c4D532C745B1043c7FA29a48D4fBa",
			"blockHash": "0xe3599954b39e319e91deffc51398781c05e09dd36219b4ede4943c0e8aae1743",
			"blockNumber": 5482689,
			"data": "0x00000000000000000000000000000000000000000000001376091e388e31c000",
			"logIndex": 27,
			"topics": [
				"0xddf252ad1be2c89b69c2b068fc378daa952ba7f163c4a11628f55a4df523b3ef",
				"0x000000000000000000000000468b858c964f297fd8fce058032bf4b4911a8ad8",
				"0x00000000000000000000000006f295f033ebde9407966d7f1b695973f5a581d6"
			],
			"transactionHash": "0x368957e6458cad61c2f1abcd83175d8fa9f01d724bb790fcb6eadd5e4fedcd25",
			"transactionIndex": 34,
			"transactionLogIndex": "0x0",
			"type": "mined",
			"id": "log_786f5c2c"
		}
	],
	"logsBloom": "0x00000000000000000000000000020000000000000000000000000000000000000000000000000000000000000000000000000000000000000000000000000000000000000000010000000008000000000080000000000000000000000020000000000000000000000000000000000000000000000000000000000010000000000000000000000000000000000000000000000000000000000000000000000000000000000000000080000000000000000000000000000000000000050000000000001002000000000000000000000000000000000000000000000000000000000000000000000100000000000000000000000000000000000000000000000000",
	"root": null,
	"status": "0x1",
	"transactionHash": "0x368957e6458cad61c2f1abcd83175d8fa9f01d724bb790fcb6eadd5e4fedcd25",
	"transactionIndex": 34
}
[2018-04-22T00:32:54.772] [DEBUG] trans - TO:   0xc2862f2c8a32634e3be981df5f54d3bdd9cc89a5
[2018-04-22T00:32:54.772] [DEBUG] trans - AMOUNT:   359000000000000000000
[2018-04-22T00:32:54.772] [DEBUG] trans - Receipt info:  {
	"blockHash": "0xe3599954b39e319e91deffc51398781c05e09dd36219b4ede4943c0e8aae1743",
	"blockNumber": 5482689,
	"contractAddress": null,
	"cumulativeGasUsed": 1752409,
	"gasUsed": 51589,
	"logs": [
		{
			"address": "0x7e9e431a0B8c4D532C745B1043c7FA29a48D4fBa",
			"blockHash": "0xe3599954b39e319e91deffc51398781c05e09dd36219b4ede4943c0e8aae1743",
			"blockNumber": 5482689,
			"data": "0x000000000000000000000000000000000000000000000013762035efbd3c0000",
			"logIndex": 26,
			"topics": [
				"0xddf252ad1be2c89b69c2b068fc378daa952ba7f163c4a11628f55a4df523b3ef",
				"0x000000000000000000000000468b858c964f297fd8fce058032bf4b4911a8ad8",
				"0x000000000000000000000000c2862f2c8a32634e3be981df5f54d3bdd9cc89a5"
			],
			"transactionHash": "0x1f496706678ff372cf5b105069625e19f94b5dd0d79ca3d3b46e9ee16df775ee",
			"transactionIndex": 33,
			"transactionLogIndex": "0x0",
			"type": "mined",
			"id": "log_d6227f2e"
		}
	],
	"logsBloom": "0x00000000000000000000000000020000000000000000000000010000000000000000000000000000000000000000000000000000000000000000000000000000000000000000010000000008000000000000000000000000000000000020000000000000000000000000000000000000000000000000000000000010000000000000000000000000000000000000000000000000000000000000000000000000000000000000040080000000000000000000000000000000002000010000000000001002000000000000000000000000000000000000000000000000000000000000000000000000000000000000000000000000000000000000000000000000",
	"root": null,
	"status": "0x1",
	"transactionHash": "0x1f496706678ff372cf5b105069625e19f94b5dd0d79ca3d3b46e9ee16df775ee",
	"transactionIndex": 33
}
[2018-04-22T00:32:54.773] [DEBUG] trans - TO:   0x619fc65170628a74feb14266703c533613829cd6
[2018-04-22T00:32:54.773] [DEBUG] trans - AMOUNT:   358966000000000000000
[2018-04-22T00:32:54.773] [DEBUG] trans - Receipt info:  {
	"blockHash": "0xe3599954b39e319e91deffc51398781c05e09dd36219b4ede4943c0e8aae1743",
	"blockNumber": 5482689,
	"contractAddress": null,
	"cumulativeGasUsed": 1958893,
	"gasUsed": 51589,
	"logs": [
		{
			"address": "0x7e9e431a0B8c4D532C745B1043c7FA29a48D4fBa",
			"blockHash": "0xe3599954b39e319e91deffc51398781c05e09dd36219b4ede4943c0e8aae1743",
			"blockNumber": 5482689,
			"data": "0x00000000000000000000000000000000000000000000001375a76b1ddadf0000",
			"logIndex": 30,
			"topics": [
				"0xddf252ad1be2c89b69c2b068fc378daa952ba7f163c4a11628f55a4df523b3ef",
				"0x000000000000000000000000468b858c964f297fd8fce058032bf4b4911a8ad8",
				"0x000000000000000000000000619fc65170628a74feb14266703c533613829cd6"
			],
			"transactionHash": "0xaa140d27892561a2a558690a3baea4f449ab3d5f67eecf4cb60b9a7d73671f94",
			"transactionIndex": 37,
			"transactionLogIndex": "0x0",
			"type": "mined",
			"id": "log_3b5b952a"
		}
	],
	"logsBloom": "0x00000008000000000000000000020000000000000000000000000000000000000000000000000000000000000000000000000000000000000000000000000000000000000000010000000008000000000000000000000000000000000020000000000000000000000000000000000000000000000000000000000010000000000000000000000000000000000000000000000000000000000000000000000000000000000000000080000002000000000000000000000000000000010000000000001002000000000000000000000000000000000000000000000000000000000000000000000000000000000000000000000000000000000000000040000000",
	"root": null,
	"status": "0x1",
	"transactionHash": "0xaa140d27892561a2a558690a3baea4f449ab3d5f67eecf4cb60b9a7d73671f94",
	"transactionIndex": 37
}
[2018-04-22T00:32:54.774] [DEBUG] trans - TO:   0x1e9e70ae0c8804cacd4fd0eb56a63bcdce0e932b
[2018-04-22T00:32:54.774] [DEBUG] trans - AMOUNT:   358960400000000000000
[2018-04-22T00:32:54.774] [DEBUG] trans - Receipt info:  {
	"blockHash": "0xe3599954b39e319e91deffc51398781c05e09dd36219b4ede4943c0e8aae1743",
	"blockNumber": 5482689,
	"contractAddress": null,
	"cumulativeGasUsed": 2010482,
	"gasUsed": 51589,
	"logs": [
		{
			"address": "0x7e9e431a0B8c4D532C745B1043c7FA29a48D4fBa",
			"blockHash": "0xe3599954b39e319e91deffc51398781c05e09dd36219b4ede4943c0e8aae1743",
			"blockNumber": 5482689,
			"data": "0x000000000000000000000000000000000000000000000013759385f240210000",
			"logIndex": 31,
			"topics": [
				"0xddf252ad1be2c89b69c2b068fc378daa952ba7f163c4a11628f55a4df523b3ef",
				"0x000000000000000000000000468b858c964f297fd8fce058032bf4b4911a8ad8",
				"0x0000000000000000000000001e9e70ae0c8804cacd4fd0eb56a63bcdce0e932b"
			],
			"transactionHash": "0x24f980c89761c6d8b2ad0291b96c9b6872163d6bc4d048f8139e7228d89a4ff4",
			"transactionIndex": 38,
			"transactionLogIndex": "0x0",
			"type": "mined",
			"id": "log_baa7beb9"
		}
	],
	"logsBloom": "0x00000000000000000000000000020000000000000000000000000000000000000000000000000000000000000000000000000000000000000000000000000000000000000000010000000008000000000000000000000000000000000020000000000000000000000000000000000000000000000000000000000010000000000000000000000000000000000000000000800000000000000000000000000000000000000000000080000000010000000000000000000000000000010000000020001002000000000000000000000000000000000000000000000000000000000000000000000000000000000000000000000000000000000000000000000000",
	"root": null,
	"status": "0x1",
	"transactionHash": "0x24f980c89761c6d8b2ad0291b96c9b6872163d6bc4d048f8139e7228d89a4ff4",
	"transactionIndex": 38
}
[2018-04-22T00:33:11.790] [DEBUG] trans - TO:   0xd24a2966f2c0a10cf2c81391c8101bf9cc94371f
[2018-04-22T00:33:11.790] [DEBUG] trans - AMOUNT:   358940000000000000000
[2018-04-22T00:33:11.790] [DEBUG] trans - Receipt info:  {
	"blockHash": "0x717d2835b707d38b0a2b03c000d7f8e692aed9efc98cd95213c56ba02456d592",
	"blockNumber": 5482691,
	"contractAddress": null,
	"cumulativeGasUsed": 3018015,
	"gasUsed": 51589,
	"logs": [
		{
			"address": "0x7e9e431a0B8c4D532C745B1043c7FA29a48D4fBa",
			"blockHash": "0x717d2835b707d38b0a2b03c000d7f8e692aed9efc98cd95213c56ba02456d592",
			"blockNumber": 5482691,
			"data": "0x000000000000000000000000000000000000000000000013754b0c411eb60000",
			"logIndex": 15,
			"topics": [
				"0xddf252ad1be2c89b69c2b068fc378daa952ba7f163c4a11628f55a4df523b3ef",
				"0x000000000000000000000000468b858c964f297fd8fce058032bf4b4911a8ad8",
				"0x000000000000000000000000d24a2966f2c0a10cf2c81391c8101bf9cc94371f"
			],
			"transactionHash": "0x4d6b81356ca2ff760aa15c0bedca3d8213775ad62a7ce7692e756097384608f8",
			"transactionIndex": 127,
			"transactionLogIndex": "0x0",
			"type": "mined",
			"id": "log_2bb328f1"
		}
	],
	"logsBloom": "0x00000000000000000000020000020000000000000000000000000000000000000000000000000000000000000004000000000000000000000000000000000000000000000000010000000008000000000000000000000000000000000020000000000000000000000000000000000000000000000000000000000010000000000000000000000000000000000000000000000000000000000000000000000000000000000000000080000000000000000000040000000000000000010000000000001002000000000000000000000000000000000000000000000000000000000000000000000000000000000000000000000000000000000000000000000000",
	"root": null,
	"status": "0x1",
	"transactionHash": "0x4d6b81356ca2ff760aa15c0bedca3d8213775ad62a7ce7692e756097384608f8",
	"transactionIndex": 127
}
[2018-04-22T00:33:11.791] [DEBUG] trans - TO:   0x6f658f269c5fb0b1bddc29fa32f5da56df56468f
[2018-04-22T00:33:11.791] [DEBUG] trans - AMOUNT:   358909600000000000000
[2018-04-22T00:33:11.791] [DEBUG] trans - Receipt info:  {
	"blockHash": "0x717d2835b707d38b0a2b03c000d7f8e692aed9efc98cd95213c56ba02456d592",
	"blockNumber": 5482691,
	"contractAddress": null,
	"cumulativeGasUsed": 4746916,
	"gasUsed": 51589,
	"logs": [
		{
			"address": "0x7e9e431a0B8c4D532C745B1043c7FA29a48D4fBa",
			"blockHash": "0x717d2835b707d38b0a2b03c000d7f8e692aed9efc98cd95213c56ba02456d592",
			"blockNumber": 5482691,
			"data": "0x00000000000000000000000000000000000000000000001374df0b9d8d8a0000",
			"logIndex": 38,
			"topics": [
				"0xddf252ad1be2c89b69c2b068fc378daa952ba7f163c4a11628f55a4df523b3ef",
				"0x000000000000000000000000468b858c964f297fd8fce058032bf4b4911a8ad8",
				"0x0000000000000000000000006f658f269c5fb0b1bddc29fa32f5da56df56468f"
			],
			"transactionHash": "0x3da6bef4b300b82ea42564039fac6935e87d909ceb596cd295d67253362389ce",
			"transactionIndex": 169,
			"transactionLogIndex": "0x0",
			"type": "mined",
			"id": "log_772532ef"
		}
	],
	"logsBloom": "0x00000000000000000000000000020000000000000000000000000000000000000000000000000000000000000000000000000000000000000000000000000000000000000000010000000008000000000000000000000000000000000020000000000000000000000000000000000000000000000000000000000010000000000000000000000000000000000000000000800000000000000000000000000000000000000000000080000000000000000000000000000400000000010000000000001002000000000000000000000000000000000000000000400000000000000000000000000000000000000000000000000000000000000000000000000000",
	"root": null,
	"status": "0x1",
	"transactionHash": "0x3da6bef4b300b82ea42564039fac6935e87d909ceb596cd295d67253362389ce",
	"transactionIndex": 169
}
[2018-04-22T00:33:11.791] [DEBUG] trans - TO:   0x42a1271c5f11116ad4f2f06e55e1d8b06df379ec
[2018-04-22T00:33:11.791] [DEBUG] trans - AMOUNT:   358925500000000000000
[2018-04-22T00:33:11.791] [DEBUG] trans - Receipt info:  {
	"blockHash": "0x717d2835b707d38b0a2b03c000d7f8e692aed9efc98cd95213c56ba02456d592",
	"blockNumber": 5482691,
	"contractAddress": null,
	"cumulativeGasUsed": 4600720,
	"gasUsed": 51653,
	"logs": [
		{
			"address": "0x7e9e431a0B8c4D532C745B1043c7FA29a48D4fBa",
			"blockHash": "0x717d2835b707d38b0a2b03c000d7f8e692aed9efc98cd95213c56ba02456d592",
			"blockNumber": 5482691,
			"data": "0x00000000000000000000000000000000000000000000001375178894c977c000",
			"logIndex": 36,
			"topics": [
				"0xddf252ad1be2c89b69c2b068fc378daa952ba7f163c4a11628f55a4df523b3ef",
				"0x000000000000000000000000468b858c964f297fd8fce058032bf4b4911a8ad8",
				"0x00000000000000000000000042a1271c5f11116ad4f2f06e55e1d8b06df379ec"
			],
			"transactionHash": "0xe51dfb445a9e01b3748ea88f20bd3900725e129e1845d039d7f2e6a5e8d855b7",
			"transactionIndex": 165,
			"transactionLogIndex": "0x0",
			"type": "mined",
			"id": "log_86643370"
		}
	],
	"logsBloom": "0x00000000000000000000000000020000000000000000000000000000000000000000000000000000000000000000000000000000000000800000000000000000000000000000010000000008000000000000000000000000000000000020000000000000000000100000000000000000000000000000000000000010000000000000000000000000000020000000000000000000000000000000000000000000000000000000000080000000000000000000000000000000000000010000000000001002000000000000000000000000000000000000000000000000000000000000000000000000000000000000000000000000000000000000000000000000",
	"root": null,
	"status": "0x1",
	"transactionHash": "0xe51dfb445a9e01b3748ea88f20bd3900725e129e1845d039d7f2e6a5e8d855b7",
	"transactionIndex": 165
}
[2018-04-22T00:33:11.792] [DEBUG] trans - TO:   0xf643a842c10c550373a513cdd3843c76518dad72
[2018-04-22T00:33:11.792] [DEBUG] trans - AMOUNT:   358901300000000000000
[2018-04-22T00:33:11.792] [DEBUG] trans - Receipt info:  {
	"blockHash": "0x717d2835b707d38b0a2b03c000d7f8e692aed9efc98cd95213c56ba02456d592",
	"blockNumber": 5482691,
	"contractAddress": null,
	"cumulativeGasUsed": 4819569,
	"gasUsed": 51653,
	"logs": [
		{
			"address": "0x7e9e431a0B8c4D532C745B1043c7FA29a48D4fBa",
			"blockHash": "0x717d2835b707d38b0a2b03c000d7f8e692aed9efc98cd95213c56ba02456d592",
			"blockNumber": 5482691,
			"data": "0x00000000000000000000000000000000000000000000001374c18ecf35e74000",
			"logIndex": 39,
			"topics": [
				"0xddf252ad1be2c89b69c2b068fc378daa952ba7f163c4a11628f55a4df523b3ef",
				"0x000000000000000000000000468b858c964f297fd8fce058032bf4b4911a8ad8",
				"0x000000000000000000000000f643a842c10c550373a513cdd3843c76518dad72"
			],
			"transactionHash": "0x23517443931727a78c065bf3f753ef7cb039a2b5212095022b517ca8de8d238f",
			"transactionIndex": 171,
			"transactionLogIndex": "0x0",
			"type": "mined",
			"id": "log_721b5e39"
		}
	],
	"logsBloom": "0x00000000000000000000000000020000000000000000000000000000000000000000000000000000000000000000000000000000000000000000000000000000000000000000010000000008000000000000000000000000000000000020000040000000000000000000004000000000000000000000000000000010000000000000000000000000000000000000000000000000000000000000000000000000000000000000000080000000000000000000000000000000000000010000000000001002000000000008000000000000000000000000000000000000000000000000000000000000000000000000000000000000000000000000000000000000",
	"root": null,
	"status": "0x1",
	"transactionHash": "0x23517443931727a78c065bf3f753ef7cb039a2b5212095022b517ca8de8d238f",
	"transactionIndex": 171
}
[2018-04-22T00:33:11.793] [DEBUG] trans - TO:   0x8d64ab4209c481dc8f8a2aab67ef3947f30c1469
[2018-04-22T00:33:11.793] [DEBUG] trans - AMOUNT:   358892000000000000000
[2018-04-22T00:33:11.793] [DEBUG] trans - Receipt info:  {
	"blockHash": "0x717d2835b707d38b0a2b03c000d7f8e692aed9efc98cd95213c56ba02456d592",
	"blockNumber": 5482691,
	"contractAddress": null,
	"cumulativeGasUsed": 4892158,
	"gasUsed": 51589,
	"logs": [
		{
			"address": "0x7e9e431a0B8c4D532C745B1043c7FA29a48D4fBa",
			"blockHash": "0x717d2835b707d38b0a2b03c000d7f8e692aed9efc98cd95213c56ba02456d592",
			"blockNumber": 5482691,
			"data": "0x00000000000000000000000000000000000000000000001374a08482397e0000",
			"logIndex": 40,
			"topics": [
				"0xddf252ad1be2c89b69c2b068fc378daa952ba7f163c4a11628f55a4df523b3ef",
				"0x000000000000000000000000468b858c964f297fd8fce058032bf4b4911a8ad8",
				"0x0000000000000000000000008d64ab4209c481dc8f8a2aab67ef3947f30c1469"
			],
			"transactionHash": "0x5f88da702c56c6bf77f19d12d557985e920cf4d7dda571ecd0119591fcd59aee",
			"transactionIndex": 173,
			"transactionLogIndex": "0x0",
			"type": "mined",
			"id": "log_54b4e496"
		}
	],
	"logsBloom": "0x00000000000000000000000000020000000000000000000000000000000000000000000000000000000000000000000000000000000000000000000000000000000000000000010000000008000000000000000000000000000000000020000000000000000000000000000000000000000000000000000000000010000000000000000000000000000000000000002000000000000000000000000000000000000000000000000080000000000000000000000000000000000000010000000000001002000000000000000000000000000000000000000000000000000000000000000000000000000000000000000000000000000000000000200000000008",
	"root": null,
	"status": "0x1",
	"transactionHash": "0x5f88da702c56c6bf77f19d12d557985e920cf4d7dda571ecd0119591fcd59aee",
	"transactionIndex": 173
}
[2018-04-22T00:33:11.794] [DEBUG] trans - TO:   0x5e78ccf84a6ceba73915579fdfd3a66262043bbf
[2018-04-22T00:33:11.794] [DEBUG] trans - AMOUNT:   358840000000000000000
[2018-04-22T00:33:11.794] [DEBUG] trans - Receipt info:  {
	"blockHash": "0x717d2835b707d38b0a2b03c000d7f8e692aed9efc98cd95213c56ba02456d592",
	"blockNumber": 5482691,
	"contractAddress": null,
	"cumulativeGasUsed": 5109989,
	"gasUsed": 51589,
	"logs": [
		{
			"address": "0x7e9e431a0B8c4D532C745B1043c7FA29a48D4fBa",
			"blockHash": "0x717d2835b707d38b0a2b03c000d7f8e692aed9efc98cd95213c56ba02456d592",
			"blockNumber": 5482691,
			"data": "0x00000000000000000000000000000000000000000000001373e7c6c8c12c0000",
			"logIndex": 43,
			"topics": [
				"0xddf252ad1be2c89b69c2b068fc378daa952ba7f163c4a11628f55a4df523b3ef",
				"0x000000000000000000000000468b858c964f297fd8fce058032bf4b4911a8ad8",
				"0x0000000000000000000000005e78ccf84a6ceba73915579fdfd3a66262043bbf"
			],
			"transactionHash": "0x759f5288dba545ef5a6be38007715ba2ccbbc22a5d790505cb848da1ac0a9147",
			"transactionIndex": 179,
			"transactionLogIndex": "0x0",
			"type": "mined",
			"id": "log_8be0e97b"
		}
	],
	"logsBloom": "0x00000000000000000000000000020000000000000000000000000000000000000000000000000000000000000000000000000000000000000000000000000000000000000000010000000008000000000000000000000000000000004020000000000000000000000000000000000000000000000000000000000010000000000000000000000000000000000000000000000000000000000000000000000000004000000000000080000000000000000000000000000000000000010000000000001002000000000000000000000000000000000004000000000000000000000000000000000000000000000000000000000000000000000000000000000000",
	"root": null,
	"status": "0x1",
	"transactionHash": "0x759f5288dba545ef5a6be38007715ba2ccbbc22a5d790505cb848da1ac0a9147",
	"transactionIndex": 179
}
[2018-04-22T00:33:11.795] [DEBUG] trans - TO:   0x915d28418a7578d3b0e2810cc7909b398f378251
[2018-04-22T00:33:11.795] [DEBUG] trans - AMOUNT:   358890000000000000000
[2018-04-22T00:33:11.795] [DEBUG] trans - Receipt info:  {
	"blockHash": "0x717d2835b707d38b0a2b03c000d7f8e692aed9efc98cd95213c56ba02456d592",
	"blockNumber": 5482691,
	"contractAddress": null,
	"cumulativeGasUsed": 4964747,
	"gasUsed": 51589,
	"logs": [
		{
			"address": "0x7e9e431a0B8c4D532C745B1043c7FA29a48D4fBa",
			"blockHash": "0x717d2835b707d38b0a2b03c000d7f8e692aed9efc98cd95213c56ba02456d592",
			"blockNumber": 5482691,
			"data": "0x00000000000000000000000000000000000000000000001374996984eff10000",
			"logIndex": 41,
			"topics": [
				"0xddf252ad1be2c89b69c2b068fc378daa952ba7f163c4a11628f55a4df523b3ef",
				"0x000000000000000000000000468b858c964f297fd8fce058032bf4b4911a8ad8",
				"0x000000000000000000000000915d28418a7578d3b0e2810cc7909b398f378251"
			],
			"transactionHash": "0x12bf50eafbf9c24974287d9aaf0ebe51f2fae1bd255f46296d5c91bf0fb1012b",
			"transactionIndex": 175,
			"transactionLogIndex": "0x0",
			"type": "mined",
			"id": "log_53688dc6"
		}
	],
	"logsBloom": "0x00000000000000000000000000020000000000000000000000000000000000000000000000040000000000000000000000000000000000000000000000000000000000000000010000000008000000000000000000000000000000000020000000000000000000000000000000000000000000000000000000000010000000000000000000000000000000000000000000000000400000000000000000000000000000000000000080000000000000000000000000000000000000010000000000001002000000000000000000000000000000000000000000000000000000000000000000000000000000000000000008000000000000000000000000000000",
	"root": null,
	"status": "0x1",
	"transactionHash": "0x12bf50eafbf9c24974287d9aaf0ebe51f2fae1bd255f46296d5c91bf0fb1012b",
	"transactionIndex": 175
}
[2018-04-22T00:33:11.796] [DEBUG] trans - TO:   0x8983cf4cd0a9884b9360099efe3781e555615eec
[2018-04-22T00:33:11.796] [DEBUG] trans - AMOUNT:   358886300000000000000
[2018-04-22T00:33:11.796] [DEBUG] trans - Receipt info:  {
	"blockHash": "0x717d2835b707d38b0a2b03c000d7f8e692aed9efc98cd95213c56ba02456d592",
	"blockNumber": 5482691,
	"contractAddress": null,
	"cumulativeGasUsed": 5037400,
	"gasUsed": 51653,
	"logs": [
		{
			"address": "0x7e9e431a0B8c4D532C745B1043c7FA29a48D4fBa",
			"blockHash": "0x717d2835b707d38b0a2b03c000d7f8e692aed9efc98cd95213c56ba02456d592",
			"blockNumber": 5482691,
			"data": "0x000000000000000000000000000000000000000000000013748c44638e45c000",
			"logIndex": 42,
			"topics": [
				"0xddf252ad1be2c89b69c2b068fc378daa952ba7f163c4a11628f55a4df523b3ef",
				"0x000000000000000000000000468b858c964f297fd8fce058032bf4b4911a8ad8",
				"0x0000000000000000000000008983cf4cd0a9884b9360099efe3781e555615eec"
			],
			"transactionHash": "0x12da66172c1a3a5a4c5a9742a11d3dd3e172bef3b8661cafb7c7040b924534c4",
			"transactionIndex": 177,
			"transactionLogIndex": "0x0",
			"type": "mined",
			"id": "log_14da1b83"
		}
	],
	"logsBloom": "0x00000000000000000040000000020000000000000000000000000000000000000000000000000000000000000000000000000000000000000020000000000000000000000000010000000008000000000000000000000000000000000020000000000000000000000000000000000000000000000000000000000010000000000000000000000000000000004000000000000000000000000000000000000000000000000000000080000000000000000000000000000000000000010000000000001002000000000000000000000000000000000000000000000000000000000000000000000000000000000000000000000000000000000000000000000000",
	"root": null,
	"status": "0x1",
	"transactionHash": "0x12da66172c1a3a5a4c5a9742a11d3dd3e172bef3b8661cafb7c7040b924534c4",
	"transactionIndex": 177
}
[2018-04-22T00:33:11.797] [DEBUG] trans - TO:   0x830232a2b9fe867250b805bb277df997bb82ae70
[2018-04-22T00:33:11.797] [DEBUG] trans - AMOUNT:   358839800000000000000
[2018-04-22T00:33:11.797] [DEBUG] trans - Receipt info:  {
	"blockHash": "0x717d2835b707d38b0a2b03c000d7f8e692aed9efc98cd95213c56ba02456d592",
	"blockNumber": 5482691,
	"contractAddress": null,
	"cumulativeGasUsed": 5161642,
	"gasUsed": 51653,
	"logs": [
		{
			"address": "0x7e9e431a0B8c4D532C745B1043c7FA29a48D4fBa",
			"blockHash": "0x717d2835b707d38b0a2b03c000d7f8e692aed9efc98cd95213c56ba02456d592",
			"blockNumber": 5482691,
			"data": "0x00000000000000000000000000000000000000000000001373e710e2a0378000",
			"logIndex": 44,
			"topics": [
				"0xddf252ad1be2c89b69c2b068fc378daa952ba7f163c4a11628f55a4df523b3ef",
				"0x000000000000000000000000468b858c964f297fd8fce058032bf4b4911a8ad8",
				"0x000000000000000000000000830232a2b9fe867250b805bb277df997bb82ae70"
			],
			"transactionHash": "0x265e3915eb4b94be1318993a15fbd587af15867882049ebe16d6215ca279c0a5",
			"transactionIndex": 180,
			"transactionLogIndex": "0x0",
			"type": "mined",
			"id": "log_3095449a"
		}
	],
	"logsBloom": "0x00000000000000000000000000020000000000000000000000000000000000000000000000000000000000000000000000000000000000000000000000000000000000000000010000000008000400000000800000000000000000000020000000000000000000000000000000000000000000000000000000000010000000000000000000000000000000000000000000000000000000000000000000000000000000000000000080000000000000000000000000000000000000010000000000001002800000000000000000000000000000000000000000000000000000000000000000000000000000000000000000000000000000000000000000000000",
	"root": null,
	"status": "0x1",
	"transactionHash": "0x265e3915eb4b94be1318993a15fbd587af15867882049ebe16d6215ca279c0a5",
	"transactionIndex": 180
}
[2018-04-22T00:33:11.797] [DEBUG] trans - TO:   0xad8947e571c9c066664f0cba89df81a9dfbdd085
[2018-04-22T00:33:11.797] [DEBUG] trans - AMOUNT:   358800000000000000000
[2018-04-22T00:33:11.797] [DEBUG] trans - Receipt info:  {
	"blockHash": "0x717d2835b707d38b0a2b03c000d7f8e692aed9efc98cd95213c56ba02456d592",
	"blockNumber": 5482691,
	"contractAddress": null,
	"cumulativeGasUsed": 5368126,
	"gasUsed": 51589,
	"logs": [
		{
			"address": "0x7e9e431a0B8c4D532C745B1043c7FA29a48D4fBa",
			"blockHash": "0x717d2835b707d38b0a2b03c000d7f8e692aed9efc98cd95213c56ba02456d592",
			"blockNumber": 5482691,
			"data": "0x0000000000000000000000000000000000000000000000137359aaff02280000",
			"logIndex": 48,
			"topics": [
				"0xddf252ad1be2c89b69c2b068fc378daa952ba7f163c4a11628f55a4df523b3ef",
				"0x000000000000000000000000468b858c964f297fd8fce058032bf4b4911a8ad8",
				"0x000000000000000000000000ad8947e571c9c066664f0cba89df81a9dfbdd085"
			],
			"transactionHash": "0xf02be0010d6ad95fcc3fcc3b8c9a5117af213bdce85c2beaf87a9950037c8279",
			"transactionIndex": 184,
			"transactionLogIndex": "0x0",
			"type": "mined",
			"id": "log_ceaf3952"
		}
	],
	"logsBloom": "0x00000000000000000000000000020000000000000000000000000040000000000000000000000000080000000000000000000000000000000000000000000000000000000000010000000008000000000000000000000000000000000020000000000000000000000004000000000000000000000000000000000010000000000000000000000000000000000000000000000000000000000000000000000000000000000000000080000000000000000000000000000000000000010000000000001002000000000000000000000000000000000000000000000000000000000000000000000000000000000000000000000000000000000000000000000000",
	"root": null,
	"status": "0x1",
	"transactionHash": "0xf02be0010d6ad95fcc3fcc3b8c9a5117af213bdce85c2beaf87a9950037c8279",
	"transactionIndex": 184
}
[2018-04-22T00:33:11.799] [DEBUG] trans - TO:   0x2b5e186146b561b526532fff5384d15cd72a8bab
[2018-04-22T00:33:11.799] [DEBUG] trans - AMOUNT:   358800000000000000000
[2018-04-22T00:33:11.799] [DEBUG] trans - Receipt info:  {
	"blockHash": "0x717d2835b707d38b0a2b03c000d7f8e692aed9efc98cd95213c56ba02456d592",
	"blockNumber": 5482691,
	"contractAddress": null,
	"cumulativeGasUsed": 5316537,
	"gasUsed": 51589,
	"logs": [
		{
			"address": "0x7e9e431a0B8c4D532C745B1043c7FA29a48D4fBa",
			"blockHash": "0x717d2835b707d38b0a2b03c000d7f8e692aed9efc98cd95213c56ba02456d592",
			"blockNumber": 5482691,
			"data": "0x0000000000000000000000000000000000000000000000137359aaff02280000",
			"logIndex": 47,
			"topics": [
				"0xddf252ad1be2c89b69c2b068fc378daa952ba7f163c4a11628f55a4df523b3ef",
				"0x000000000000000000000000468b858c964f297fd8fce058032bf4b4911a8ad8",
				"0x0000000000000000000000002b5e186146b561b526532fff5384d15cd72a8bab"
			],
			"transactionHash": "0xab6ca4f8da48b9f5311e96f4dbed7fadeab0516b674add88284e720897984f90",
			"transactionIndex": 183,
			"transactionLogIndex": "0x0",
			"type": "mined",
			"id": "log_d3f23ed9"
		}
	],
	"logsBloom": "0x00000000000000000000000000020000000000000000000000000000000000000000000000000000000000000000000000000000000000000000000000000000000000000000010000000008000000000000000000000000000000000020000000000000000000000000000000000000000000000000000000000010000000000000000000000000000000000000000000000000000000000000000000000010000000000000000080000000000002000000000000000000000000010000000000001002000000000000000010000000000000000000000000000000000000000000000000000000000000000000000000000000000000000000000000000000",
	"root": null,
	"status": "0x1",
	"transactionHash": "0xab6ca4f8da48b9f5311e96f4dbed7fadeab0516b674add88284e720897984f90",
	"transactionIndex": 183
}
[2018-04-22T00:33:11.799] [DEBUG] trans - TO:   0x855d261cadf5c1f13979879d21d14d1d55aa46c0
[2018-04-22T00:33:11.799] [DEBUG] trans - AMOUNT:   358827000000000000000
[2018-04-22T00:33:11.799] [DEBUG] trans - Receipt info:  {
	"blockHash": "0x717d2835b707d38b0a2b03c000d7f8e692aed9efc98cd95213c56ba02456d592",
	"blockNumber": 5482691,
	"contractAddress": null,
	"cumulativeGasUsed": 5213295,
	"gasUsed": 51653,
	"logs": [
		{
			"address": "0x7e9e431a0B8c4D532C745B1043c7FA29a48D4fBa",
			"blockHash": "0x717d2835b707d38b0a2b03c000d7f8e692aed9efc98cd95213c56ba02456d592",
			"blockNumber": 5482691,
			"data": "0x00000000000000000000000000000000000000000000001373b9975a63178000",
			"logIndex": 45,
			"topics": [
				"0xddf252ad1be2c89b69c2b068fc378daa952ba7f163c4a11628f55a4df523b3ef",
				"0x000000000000000000000000468b858c964f297fd8fce058032bf4b4911a8ad8",
				"0x000000000000000000000000855d261cadf5c1f13979879d21d14d1d55aa46c0"
			],
			"transactionHash": "0xf4c94edcc39b8366b5bf82b2bf99d0786a94091b529d44a0717915a339e2d7a5",
			"transactionIndex": 181,
			"transactionLogIndex": "0x0",
			"type": "mined",
			"id": "log_b9e59e1c"
		}
	],
	"logsBloom": "0x00000000000000000000000000020000000000000000000000000000000000000000000000004000000000000000000000000000000000000000000000000000000000000000010000000018000000000000000000000000000000000020000000000000000000000000000000000000000000000000000000000010000000000000000000000000000000000000000000000000000000000000000000000000000000000000000080000000000000000000000000000000000000010000000000001002000000000000000000000000000000000000000000000000000000000000000000000000000000000000000000000000000000000100000000000000",
	"root": null,
	"status": "0x1",
	"transactionHash": "0xf4c94edcc39b8366b5bf82b2bf99d0786a94091b529d44a0717915a339e2d7a5",
	"transactionIndex": 181
}
[2018-04-22T00:33:11.802] [DEBUG] trans - TO:   0xcdb33037b147c88ad4fcf1d3382bd3f2285800ba
[2018-04-22T00:33:11.802] [DEBUG] trans - AMOUNT:   358664000000000000000
[2018-04-22T00:33:11.802] [DEBUG] trans - Receipt info:  {
	"blockHash": "0x717d2835b707d38b0a2b03c000d7f8e692aed9efc98cd95213c56ba02456d592",
	"blockNumber": 5482691,
	"contractAddress": null,
	"cumulativeGasUsed": 5626135,
	"gasUsed": 51525,
	"logs": [
		{
			"address": "0x7e9e431a0B8c4D532C745B1043c7FA29a48D4fBa",
			"blockHash": "0x717d2835b707d38b0a2b03c000d7f8e692aed9efc98cd95213c56ba02456d592",
			"blockNumber": 5482691,
			"data": "0x00000000000000000000000000000000000000000000001371767fb778b40000",
			"logIndex": 53,
			"topics": [
				"0xddf252ad1be2c89b69c2b068fc378daa952ba7f163c4a11628f55a4df523b3ef",
				"0x000000000000000000000000468b858c964f297fd8fce058032bf4b4911a8ad8",
				"0x000000000000000000000000cdb33037b147c88ad4fcf1d3382bd3f2285800ba"
			],
			"transactionHash": "0x9e125e1b031c686932d048b32605cd8c5a6d5b3a6dc957471582fdd6c5ac95c6",
			"transactionIndex": 189,
			"transactionLogIndex": "0x0",
			"type": "mined",
			"id": "log_8b0b6073"
		}
	],
	"logsBloom": "0x00000000000000000000000000020000000000000000000000000000000000000000000000000000000000000000000000000000000000000000000000000000000000000040010000000008000000000000000000080000000000000020000000000000000000000000000000000000000000000000000000000010000000000000000000000200000000000000000000000000000000000000000000000000000000000000000080000000000000000000000000000000000000010000000000001002000000000000000000000000000000000000000000000000000000000000000000000000000000000000000000000000000000000000000000000000",
	"root": null,
	"status": "0x1",
	"transactionHash": "0x9e125e1b031c686932d048b32605cd8c5a6d5b3a6dc957471582fdd6c5ac95c6",
	"transactionIndex": 189
}
[2018-04-22T00:33:11.802] [DEBUG] trans - TO:   0xfa0546ac4fc805acb4f52030929034ad346f37d4
[2018-04-22T00:33:11.802] [DEBUG] trans - AMOUNT:   358809900000000000000
[2018-04-22T00:33:11.802] [DEBUG] trans - Receipt info:  {
	"blockHash": "0x717d2835b707d38b0a2b03c000d7f8e692aed9efc98cd95213c56ba02456d592",
	"blockNumber": 5482691,
	"contractAddress": null,
	"cumulativeGasUsed": 5264948,
	"gasUsed": 51653,
	"logs": [
		{
			"address": "0x7e9e431a0B8c4D532C745B1043c7FA29a48D4fBa",
			"blockHash": "0x717d2835b707d38b0a2b03c000d7f8e692aed9efc98cd95213c56ba02456d592",
			"blockNumber": 5482691,
			"data": "0x000000000000000000000000000000000000000000000013737cd6fe616ec000",
			"logIndex": 46,
			"topics": [
				"0xddf252ad1be2c89b69c2b068fc378daa952ba7f163c4a11628f55a4df523b3ef",
				"0x000000000000000000000000468b858c964f297fd8fce058032bf4b4911a8ad8",
				"0x000000000000000000000000fa0546ac4fc805acb4f52030929034ad346f37d4"
			],
			"transactionHash": "0x391e010117b71259ffd6b48baf9c8f6f239045803a88d9edb235ec4d6865bdc6",
			"transactionIndex": 182,
			"transactionLogIndex": "0x0",
			"type": "mined",
			"id": "log_084f42cb"
		}
	],
	"logsBloom": "0x00000000000000000000000000020000000000000000000000000000000000000000000000000000000000000000000000000000000000000000000000000000000000000000010000000008020000000000000000010000000000000020000000000000000000000000000000000000000000000000000000000010000000000000000000000000000000000000000000000000000000000000000000000000000000000000000080000000000000000000000000000000000000010000000000001002000000000000000000000000000008000000000000000000000000000000000000000000000000000000000000000000000000000000000000000000",
	"root": null,
	"status": "0x1",
	"transactionHash": "0x391e010117b71259ffd6b48baf9c8f6f239045803a88d9edb235ec4d6865bdc6",
	"transactionIndex": 182
}
[2018-04-22T00:33:11.803] [DEBUG] trans - TO:   0x3df71d466c7124fed81c83d26ab5f52b598618ae
[2018-04-22T00:33:11.803] [DEBUG] trans - AMOUNT:   358691300000000000000
[2018-04-22T00:33:11.803] [DEBUG] trans - Receipt info:  {
	"blockHash": "0x717d2835b707d38b0a2b03c000d7f8e692aed9efc98cd95213c56ba02456d592",
	"blockNumber": 5482691,
	"contractAddress": null,
	"cumulativeGasUsed": 5523021,
	"gasUsed": 51653,
	"logs": [
		{
			"address": "0x7e9e431a0B8c4D532C745B1043c7FA29a48D4fBa",
			"blockHash": "0x717d2835b707d38b0a2b03c000d7f8e692aed9efc98cd95213c56ba02456d592",
			"blockNumber": 5482691,
			"data": "0x00000000000000000000000000000000000000000000001371d77cec0b124000",
			"logIndex": 51,
			"topics": [
				"0xddf252ad1be2c89b69c2b068fc378daa952ba7f163c4a11628f55a4df523b3ef",
				"0x000000000000000000000000468b858c964f297fd8fce058032bf4b4911a8ad8",
				"0x0000000000000000000000003df71d466c7124fed81c83d26ab5f52b598618ae"
			],
			"transactionHash": "0xccd356c7517390bb7571129c56928fa6c09d00019ca153f4ac7b0c12358af2f5",
			"transactionIndex": 187,
			"transactionLogIndex": "0x0",
			"type": "mined",
			"id": "log_c8584dcf"
		}
	],
	"logsBloom": "0x00000000000000000000000000020000400000000000000000000000000000000000000000000000000000000000000000000000000000000000000000000000000000000000010000000008000000000000000000000000000000000020000000000000000000000000000000000000000000000000000000000010000000000000000000000000000000000000000000000000000000000000000000000000000000000000000080000000000000000000000000000000000000010000000000001002000000000000000000000000000000000000000000000000000400000000000000000000000000000000000000000000000000000000800000000000",
	"root": null,
	"status": "0x1",
	"transactionHash": "0xccd356c7517390bb7571129c56928fa6c09d00019ca153f4ac7b0c12358af2f5",
	"transactionIndex": 187
}
[2018-04-22T00:33:11.803] [DEBUG] trans - TO:   0xcc98fc74f0aa3685e85dc69c30a8e60b59892b57
[2018-04-22T00:33:11.803] [DEBUG] trans - AMOUNT:   358683000000000000000
[2018-04-22T00:33:11.803] [DEBUG] trans - Receipt info:  {
	"blockHash": "0x717d2835b707d38b0a2b03c000d7f8e692aed9efc98cd95213c56ba02456d592",
	"blockNumber": 5482691,
	"contractAddress": null,
	"cumulativeGasUsed": 5574610,
	"gasUsed": 51589,
	"logs": [
		{
			"address": "0x7e9e431a0B8c4D532C745B1043c7FA29a48D4fBa",
			"blockHash": "0x717d2835b707d38b0a2b03c000d7f8e692aed9efc98cd95213c56ba02456d592",
			"blockNumber": 5482691,
			"data": "0x00000000000000000000000000000000000000000000001371ba001db36f8000",
			"logIndex": 52,
			"topics": [
				"0xddf252ad1be2c89b69c2b068fc378daa952ba7f163c4a11628f55a4df523b3ef",
				"0x000000000000000000000000468b858c964f297fd8fce058032bf4b4911a8ad8",
				"0x000000000000000000000000cc98fc74f0aa3685e85dc69c30a8e60b59892b57"
			],
			"transactionHash": "0x7cb3c809fb4d50c471b44963fce0538164d84856a1265798b582756d430ee333",
			"transactionIndex": 188,
			"transactionLogIndex": "0x0",
			"type": "mined",
			"id": "log_38faf3b0"
		}
	],
	"logsBloom": "0x00000000000000000000000010020000000000000000000000000000000000000000000000000000000000000000000000000000000000000000000000000000000000000000010000000008000000000000000000000000000000000020000000000000000000000000000000000000000000000000000000000010000000000000000000000000000000000000000000000000000000000000000000000000000000000000000080000000000000000000000000000010000000010000000040001002000000000000000000000000000000000000000000000000000000000000000000000000000000000000000000000000000000000000000000000000",
	"root": null,
	"status": "0x1",
	"transactionHash": "0x7cb3c809fb4d50c471b44963fce0538164d84856a1265798b582756d430ee333",
	"transactionIndex": 188
}
[2018-04-22T00:33:11.805] [DEBUG] trans - TO:   0xf37d02dff8990eb87c5baaa49d83dea973414a64
[2018-04-22T00:33:11.805] [DEBUG] trans - AMOUNT:   358640000000000000000
[2018-04-22T00:33:11.805] [DEBUG] trans - Receipt info:  {
	"blockHash": "0x717d2835b707d38b0a2b03c000d7f8e692aed9efc98cd95213c56ba02456d592",
	"blockNumber": 5482691,
	"contractAddress": null,
	"cumulativeGasUsed": 5677724,
	"gasUsed": 51589,
	"logs": [
		{
			"address": "0x7e9e431a0B8c4D532C745B1043c7FA29a48D4fBa",
			"blockHash": "0x717d2835b707d38b0a2b03c000d7f8e692aed9efc98cd95213c56ba02456d592",
			"blockNumber": 5482691,
			"data": "0x00000000000000000000000000000000000000000000001371213bd806180000",
			"logIndex": 54,
			"topics": [
				"0xddf252ad1be2c89b69c2b068fc378daa952ba7f163c4a11628f55a4df523b3ef",
				"0x000000000000000000000000468b858c964f297fd8fce058032bf4b4911a8ad8",
				"0x000000000000000000000000f37d02dff8990eb87c5baaa49d83dea973414a64"
			],
			"transactionHash": "0x17955d34ae9256b9931424a8f1bf966f2d94a8ca29bb826a12b9954ce8454f3c",
			"transactionIndex": 190,
			"transactionLogIndex": "0x0",
			"type": "mined",
			"id": "log_12ed1ef1"
		}
	],
	"logsBloom": "0x00000000000000000000000000020000000000000000000000000000000000000000000000000000000000000000000100000000000000000000000000000000000000000000010000000008000000000000000000000000000000000020000000000000000000000000000000000000000000000000000000000010000000000000000000000000000000000000000000000000000000000000000000000000000000000000000080000000000000000000000000000000000000010040000000001002000000000000000000000000000000000000000000000000000000000000000000000000000000000000010000000000000000000000000000000000",
	"root": null,
	"status": "0x1",
	"transactionHash": "0x17955d34ae9256b9931424a8f1bf966f2d94a8ca29bb826a12b9954ce8454f3c",
	"transactionIndex": 190
}
[2018-04-22T00:33:11.806] [DEBUG] trans - TO:   0xa5cd7a9ee40aae0b3548e537e9e5a59d1a974a50
[2018-04-22T00:33:11.807] [DEBUG] trans - AMOUNT:   358569100000000000000
[2018-04-22T00:33:11.807] [DEBUG] trans - Receipt info:  {
	"blockHash": "0x717d2835b707d38b0a2b03c000d7f8e692aed9efc98cd95213c56ba02456d592",
	"blockNumber": 5482691,
	"contractAddress": null,
	"cumulativeGasUsed": 5832619,
	"gasUsed": 51653,
	"logs": [
		{
			"address": "0x7e9e431a0B8c4D532C745B1043c7FA29a48D4fBa",
			"blockHash": "0x717d2835b707d38b0a2b03c000d7f8e692aed9efc98cd95213c56ba02456d592",
			"blockNumber": 5482691,
			"data": "0x000000000000000000000000000000000000000000000013702558ab6384c000",
			"logIndex": 57,
			"topics": [
				"0xddf252ad1be2c89b69c2b068fc378daa952ba7f163c4a11628f55a4df523b3ef",
				"0x000000000000000000000000468b858c964f297fd8fce058032bf4b4911a8ad8",
				"0x000000000000000000000000a5cd7a9ee40aae0b3548e537e9e5a59d1a974a50"
			],
			"transactionHash": "0x03ac713ba99e501db5b96eaf2bae98570c9a0049fc9adf40cac7cbf3498f9aa5",
			"transactionIndex": 193,
			"transactionLogIndex": "0x0",
			"type": "mined",
			"id": "log_f3b23165"
		}
	],
	"logsBloom": "0x00000000000000000000000000020000000000000000000000000000000000000000000000000000000000000000000000000000000000000000000000000000000000000000010000000008000000000000000000000000000000000020000000000000000000000000000000000000000000000000000000000010000000000000000000000000000000000000000000000000000000000000000000000000000000000000000080000000000000000000000000000000000000010000000000001002000000000000000000000000000000000000000000000000000000000000000000000400100000000000000000000000000040000000000000000000",
	"root": null,
	"status": "0x1",
	"transactionHash": "0x03ac713ba99e501db5b96eaf2bae98570c9a0049fc9adf40cac7cbf3498f9aa5",
	"transactionIndex": 193
}
[2018-04-22T00:33:11.807] [DEBUG] trans - TO:   0x0a59a00bb499cdebf68202ce6fe3a482575d84f2
[2018-04-22T00:33:11.807] [DEBUG] trans - AMOUNT:   358600000000000000000
[2018-04-22T00:33:11.807] [DEBUG] trans - Receipt info:  {
	"blockHash": "0x717d2835b707d38b0a2b03c000d7f8e692aed9efc98cd95213c56ba02456d592",
	"blockNumber": 5482691,
	"contractAddress": null,
	"cumulativeGasUsed": 5780966,
	"gasUsed": 51589,
	"logs": [
		{
			"address": "0x7e9e431a0B8c4D532C745B1043c7FA29a48D4fBa",
			"blockHash": "0x717d2835b707d38b0a2b03c000d7f8e692aed9efc98cd95213c56ba02456d592",
			"blockNumber": 5482691,
			"data": "0x0000000000000000000000000000000000000000000000137093200e47140000",
			"logIndex": 56,
			"topics": [
				"0xddf252ad1be2c89b69c2b068fc378daa952ba7f163c4a11628f55a4df523b3ef",
				"0x000000000000000000000000468b858c964f297fd8fce058032bf4b4911a8ad8",
				"0x0000000000000000000000000a59a00bb499cdebf68202ce6fe3a482575d84f2"
			],
			"transactionHash": "0x40e412c1358ebaaceac4aec47c1eb332aea1aa83f3ae828805dce4004c37f226",
			"transactionIndex": 192,
			"transactionLogIndex": "0x0",
			"type": "mined",
			"id": "log_ac0d9584"
		}
	],
	"logsBloom": "0x00000000000000000000000000020000000000000000000000000000000000000000000000000000000000000000000000000000000000000000000000000000000000000000010000000008000000000000000000000000000000000020000000000000040000000000000000000000000000000000000000000010000000000000000000000000000000000000000200000000000000000000000000000000000000000000000080000000000000000000000000000000000000010000000000001002000000000000000000000000000000000000000000000000000000000000000000000000000000000000000008000000000000000000000000000000",
	"root": null,
	"status": "0x1",
	"transactionHash": "0x40e412c1358ebaaceac4aec47c1eb332aea1aa83f3ae828805dce4004c37f226",
	"transactionIndex": 192
}
[2018-04-22T00:33:11.808] [DEBUG] trans - TO:   0xd99b1a2e845d50be2d70039c01d266ed14070989
[2018-04-22T00:33:11.808] [DEBUG] trans - AMOUNT:   358605500000000000000
[2018-04-22T00:33:11.808] [DEBUG] trans - Receipt info:  {
	"blockHash": "0x717d2835b707d38b0a2b03c000d7f8e692aed9efc98cd95213c56ba02456d592",
	"blockNumber": 5482691,
	"contractAddress": null,
	"cumulativeGasUsed": 5729377,
	"gasUsed": 51653,
	"logs": [
		{
			"address": "0x7e9e431a0B8c4D532C745B1043c7FA29a48D4fBa",
			"blockHash": "0x717d2835b707d38b0a2b03c000d7f8e692aed9efc98cd95213c56ba02456d592",
			"blockNumber": 5482691,
			"data": "0x00000000000000000000000000000000000000000000001370a6aa46d157c000",
			"logIndex": 55,
			"topics": [
				"0xddf252ad1be2c89b69c2b068fc378daa952ba7f163c4a11628f55a4df523b3ef",
				"0x000000000000000000000000468b858c964f297fd8fce058032bf4b4911a8ad8",
				"0x000000000000000000000000d99b1a2e845d50be2d70039c01d266ed14070989"
			],
			"transactionHash": "0xb3779f336590e62f71ca33cd81121dd0239dc9f4192b945687754b22d6423384",
			"transactionIndex": 191,
			"transactionLogIndex": "0x0",
			"type": "mined",
			"id": "log_bee90916"
		}
	],
	"logsBloom": "0x00000000000000000000000000220000000000000000000000000000000000000000000000000000000000000000000000000000000000000000000000000000000000000000010000000008000000000000000000000000000000000020000000000000002000000000000000000000000000000000000000000010000000000000000000000000000000000000000000000000000000000000000000000000000000000000000080000000000000000000000000000000000000010000000000001002000000000000000000000008000000000000000000000000000000000000000000000000000000000000000000000000000000000000000000000000",
	"root": null,
	"status": "0x1",
	"transactionHash": "0xb3779f336590e62f71ca33cd81121dd0239dc9f4192b945687754b22d6423384",
	"transactionIndex": 191
}
[2018-04-22T00:33:11.809] [DEBUG] trans - TO:   0xbd37d1dc583435f6cd096241551be71134670026
[2018-04-22T00:33:11.809] [DEBUG] trans - AMOUNT:   358540000000000000000
[2018-04-22T00:33:11.809] [DEBUG] trans - Receipt info:  {
	"blockHash": "0x717d2835b707d38b0a2b03c000d7f8e692aed9efc98cd95213c56ba02456d592",
	"blockNumber": 5482691,
	"contractAddress": null,
	"cumulativeGasUsed": 5935797,
	"gasUsed": 51525,
	"logs": [
		{
			"address": "0x7e9e431a0B8c4D532C745B1043c7FA29a48D4fBa",
			"blockHash": "0x717d2835b707d38b0a2b03c000d7f8e692aed9efc98cd95213c56ba02456d592",
			"blockNumber": 5482691,
			"data": "0x0000000000000000000000000000000000000000000000136fbdf65fa88e0000",
			"logIndex": 59,
			"topics": [
				"0xddf252ad1be2c89b69c2b068fc378daa952ba7f163c4a11628f55a4df523b3ef",
				"0x000000000000000000000000468b858c964f297fd8fce058032bf4b4911a8ad8",
				"0x000000000000000000000000bd37d1dc583435f6cd096241551be71134670026"
			],
			"transactionHash": "0xb78f9edb72f7c19165966a6144e22039fe8ffd74fc9b3ffa8f1ce802c35cf1c1",
			"transactionIndex": 195,
			"transactionLogIndex": "0x0",
			"type": "mined",
			"id": "log_d7fe2e3e"
		}
	],
	"logsBloom": "0x00000000000000000000000000020000000000000000000000000000000000000000000000000000000000000000000000000000000000000000000000000000000000000000010000000088000000000000000000000000000000000020000000000000000000000000000000000000000000000000000000000010000000000000000000000000000000000000000000000000000000000000000000000000000000000000000080000000000000000000000000000000000000010000000000001002000000000000000000000000000000000000000000000000000000000000000000000000000000001400000000000000000000000000000000000000",
	"root": null,
	"status": "0x1",
	"transactionHash": "0xb78f9edb72f7c19165966a6144e22039fe8ffd74fc9b3ffa8f1ce802c35cf1c1",
	"transactionIndex": 195
}
[2018-04-22T00:33:11.810] [DEBUG] trans - TO:   0xd29e5cb522bf2d219770cbba8a064889d048f021
[2018-04-22T00:33:11.810] [DEBUG] trans - AMOUNT:   358745200000000000000
[2018-04-22T00:33:11.810] [DEBUG] trans - Receipt info:  {
	"blockHash": "0x717d2835b707d38b0a2b03c000d7f8e692aed9efc98cd95213c56ba02456d592",
	"blockNumber": 5482691,
	"contractAddress": null,
	"cumulativeGasUsed": 5419715,
	"gasUsed": 51589,
	"logs": [
		{
			"address": "0x7e9e431a0B8c4D532C745B1043c7FA29a48D4fBa",
			"blockHash": "0x717d2835b707d38b0a2b03c000d7f8e692aed9efc98cd95213c56ba02456d592",
			"blockNumber": 5482691,
			"data": "0x0000000000000000000000000000000000000000000000137296faafbc770000",
			"logIndex": 49,
			"topics": [
				"0xddf252ad1be2c89b69c2b068fc378daa952ba7f163c4a11628f55a4df523b3ef",
				"0x000000000000000000000000468b858c964f297fd8fce058032bf4b4911a8ad8",
				"0x000000000000000000000000d29e5cb522bf2d219770cbba8a064889d048f021"
			],
			"transactionHash": "0x5c2293b92872f47b68c9bd3efd6ec470c994d81246c068c58fe28ad01f76c94a",
			"transactionIndex": 185,
			"transactionLogIndex": "0x0",
			"type": "mined",
			"id": "log_3c301f7f"
		}
	],
	"logsBloom": "0x00000000000000000000000000020000400000000000000000000000000000000000000000000000000000000000000000000000000000000000000000000000000000000000010000000008000000000000000000000000000000000020000000000000000000000000000000000000000000000000000000000010000000000000000000000000000000000000000000000000000000000000000000000000000000000000000880000000000000000000000000000000000000010000000000001002000000000000000000000000000000000000000040000000000000000000000000000000000000000000000000000000000000000000000000000000",
	"root": null,
	"status": "0x1",
	"transactionHash": "0x5c2293b92872f47b68c9bd3efd6ec470c994d81246c068c58fe28ad01f76c94a",
	"transactionIndex": 185
}
[2018-04-22T00:33:11.811] [DEBUG] trans - TO:   0x8215d7441f70d7e502944ce91165b6e4b2db8820
[2018-04-22T00:33:11.811] [DEBUG] trans - AMOUNT:   358563300000000000000
[2018-04-22T00:33:11.811] [DEBUG] trans - Receipt info:  {
	"blockHash": "0x717d2835b707d38b0a2b03c000d7f8e692aed9efc98cd95213c56ba02456d592",
	"blockNumber": 5482691,
	"contractAddress": null,
	"cumulativeGasUsed": 5884272,
	"gasUsed": 51653,
	"logs": [
		{
			"address": "0x7e9e431a0B8c4D532C745B1043c7FA29a48D4fBa",
			"blockHash": "0x717d2835b707d38b0a2b03c000d7f8e692aed9efc98cd95213c56ba02456d592",
			"blockNumber": 5482691,
			"data": "0x0000000000000000000000000000000000000000000000137010bd99a7d24000",
			"logIndex": 58,
			"topics": [
				"0xddf252ad1be2c89b69c2b068fc378daa952ba7f163c4a11628f55a4df523b3ef",
				"0x000000000000000000000000468b858c964f297fd8fce058032bf4b4911a8ad8",
				"0x0000000000000000000000008215d7441f70d7e502944ce91165b6e4b2db8820"
			],
			"transactionHash": "0xf8f6460396ac8403ab82f4226e23fcd95eade591bd4f676fac43dd76f45191b8",
			"transactionIndex": 194,
			"transactionLogIndex": "0x0",
			"type": "mined",
			"id": "log_7657c544"
		}
	],
	"logsBloom": "0x00000000000000000000000000020000000000000000000000000000000000000000000000000000000000008000000000000000000000001000000000000000000000000000010000000008000000000000000000000000000000000020000000000000000000000000000000000000000000000000000000000010000000010000000000000000000000000000000000000000000000000000000000000000000000000000000080000000000000000000000000000000000000010000000000001002000000000000000000000000000000000000000000000000000000000000000000000000000000000000000000000000000000000000000000000000",
	"root": null,
	"status": "0x1",
	"transactionHash": "0xf8f6460396ac8403ab82f4226e23fcd95eade591bd4f676fac43dd76f45191b8",
	"transactionIndex": 194
}
[2018-04-22T00:33:11.812] [DEBUG] trans - TO:   0xee52f7b60f5e8b86dc9116b7369007c7334c91db
[2018-04-22T00:33:11.812] [DEBUG] trans - AMOUNT:   358528000000000000000
[2018-04-22T00:33:11.812] [DEBUG] trans - Receipt info:  {
	"blockHash": "0x717d2835b707d38b0a2b03c000d7f8e692aed9efc98cd95213c56ba02456d592",
	"blockNumber": 5482691,
	"contractAddress": null,
	"cumulativeGasUsed": 6038975,
	"gasUsed": 51589,
	"logs": [
		{
			"address": "0x7e9e431a0B8c4D532C745B1043c7FA29a48D4fBa",
			"blockHash": "0x717d2835b707d38b0a2b03c000d7f8e692aed9efc98cd95213c56ba02456d592",
			"blockNumber": 5482691,
			"data": "0x0000000000000000000000000000000000000000000000136f93546fef400000",
			"logIndex": 61,
			"topics": [
				"0xddf252ad1be2c89b69c2b068fc378daa952ba7f163c4a11628f55a4df523b3ef",
				"0x000000000000000000000000468b858c964f297fd8fce058032bf4b4911a8ad8",
				"0x000000000000000000000000ee52f7b60f5e8b86dc9116b7369007c7334c91db"
			],
			"transactionHash": "0x1f72e19244673a77ec0e620421ff7ac4effd489cf056aa499e476ea391c1a483",
			"transactionIndex": 197,
			"transactionLogIndex": "0x0",
			"type": "mined",
			"id": "log_8db93fa0"
		}
	],
	"logsBloom": "0x00000000000000000000000000020000000000000000000000000000000000000000000000000000000000000000000000000000000000000000000000000000000000000000010000000008000000000000000000000000000000000020000000000000000000000000000000000000000000000000000000000010000000000000000000000000000000000000000000000000000000020000000000000008000000000000000080000000000000000000000000000000000000010000000000001002000000000000000000000000000000000000000000000000000000000000000000000000000000000000000000000000080000000000000000000000",
	"root": null,
	"status": "0x1",
	"transactionHash": "0x1f72e19244673a77ec0e620421ff7ac4effd489cf056aa499e476ea391c1a483",
	"transactionIndex": 197
}
[2018-04-22T00:33:11.813] [DEBUG] trans - TO:   0x02254bbc437e6fea46e293e0079ca19e40f87702
[2018-04-22T00:33:11.813] [DEBUG] trans - AMOUNT:   358708500000000000000
[2018-04-22T00:33:11.813] [DEBUG] trans - Receipt info:  {
	"blockHash": "0x717d2835b707d38b0a2b03c000d7f8e692aed9efc98cd95213c56ba02456d592",
	"blockNumber": 5482691,
	"contractAddress": null,
	"cumulativeGasUsed": 5471368,
	"gasUsed": 51653,
	"logs": [
		{
			"address": "0x7e9e431a0B8c4D532C745B1043c7FA29a48D4fBa",
			"blockHash": "0x717d2835b707d38b0a2b03c000d7f8e692aed9efc98cd95213c56ba02456d592",
			"blockNumber": 5482691,
			"data": "0x0000000000000000000000000000000000000000000000137214983b1d354000",
			"logIndex": 50,
			"topics": [
				"0xddf252ad1be2c89b69c2b068fc378daa952ba7f163c4a11628f55a4df523b3ef",
				"0x000000000000000000000000468b858c964f297fd8fce058032bf4b4911a8ad8",
				"0x00000000000000000000000002254bbc437e6fea46e293e0079ca19e40f87702"
			],
			"transactionHash": "0x7453ed1325140c265500d7cc0b3e283696625b29e89444a16ac6f4ad19128b33",
			"transactionIndex": 186,
			"transactionLogIndex": "0x0",
			"type": "mined",
			"id": "log_c6d923de"
		}
	],
	"logsBloom": "0x00000000000000000000000000020000000000000000000400000000000000000000000000000000000000000000000000000000000000000000000000000000000000000000010000000008000000000000000000000000000000000020000000000000000000000000000000000000000000000000000000000010000000400000000000000000000000000000000000000000000000000000000000000000000000000000000080000000000000000000000000000000008000010000000000001002000000000000000000000000000000000000000000000000000000000000000000000000000000000000000000000000000000000000000000000000",
	"root": null,
	"status": "0x1",
	"transactionHash": "0x7453ed1325140c265500d7cc0b3e283696625b29e89444a16ac6f4ad19128b33",
	"transactionIndex": 186
}
[2018-04-22T00:33:11.814] [DEBUG] trans - TO:   0xbb3975891a730396ef00e7c31eeddd64718682df
[2018-04-22T00:33:11.814] [DEBUG] trans - AMOUNT:   358539000000000000000
[2018-04-22T00:33:11.814] [DEBUG] trans - Receipt info:  {
	"blockHash": "0x717d2835b707d38b0a2b03c000d7f8e692aed9efc98cd95213c56ba02456d592",
	"blockNumber": 5482691,
	"contractAddress": null,
	"cumulativeGasUsed": 5987386,
	"gasUsed": 51589,
	"logs": [
		{
			"address": "0x7e9e431a0B8c4D532C745B1043c7FA29a48D4fBa",
			"blockHash": "0x717d2835b707d38b0a2b03c000d7f8e692aed9efc98cd95213c56ba02456d592",
			"blockNumber": 5482691,
			"data": "0x0000000000000000000000000000000000000000000000136fba68e103c78000",
			"logIndex": 60,
			"topics": [
				"0xddf252ad1be2c89b69c2b068fc378daa952ba7f163c4a11628f55a4df523b3ef",
				"0x000000000000000000000000468b858c964f297fd8fce058032bf4b4911a8ad8",
				"0x000000000000000000000000bb3975891a730396ef00e7c31eeddd64718682df"
			],
			"transactionHash": "0x7c5fcb9d94fee68855c260c6853d0dfeaea6ec647ec82a3b6e54ddc73c166881",
			"transactionIndex": 196,
			"transactionLogIndex": "0x0",
			"type": "mined",
			"id": "log_d8941b57"
		}
	],
	"logsBloom": "0x00000000000000000000000000020000000000000000000000000000000000000000000000000000000000000000000000000000000000000000000000000000000000000000010000000008000000000000000000000000000000000020000000000000000000000000000000000000000000000000000000000010000000000000000000000000000000000000000000000800000000000000000000000000000000000000000080000000000000000000000000000000000000010000000000001002000000000000010000000000000000000000000000000000000000000002000000000000000000000000000000000000000000000000000000000000",
	"root": null,
	"status": "0x1",
	"transactionHash": "0x7c5fcb9d94fee68855c260c6853d0dfeaea6ec647ec82a3b6e54ddc73c166881",
	"transactionIndex": 196
}
