[2018-04-17T23:42:11.224] [DEBUG] trans - TO:   0x7cf86d563fe352703d54f5d6c4989dbb2b35c92a
[2018-04-17T23:42:11.224] [DEBUG] trans - AMOUNT:   131709500000000000000
[2018-04-17T23:42:11.225] [DEBUG] trans - Receipt info:  {
	"blockHash": "0x4f3ee9e55f6741f1bf6bfe69851c7670abeaefa18943ee206ed250a0cd93ad07",
	"blockNumber": 5459273,
	"contractAddress": null,
	"cumulativeGasUsed": 1188786,
	"gasUsed": 51653,
	"logs": [
		{
			"address": "0x7e9e431a0B8c4D532C745B1043c7FA29a48D4fBa",
			"blockHash": "0x4f3ee9e55f6741f1bf6bfe69851c7670abeaefa18943ee206ed250a0cd93ad07",
			"blockNumber": 5459273,
			"data": "0x00000000000000000000000000000000000000000000000723d6246c544fc000",
			"logIndex": 11,
			"topics": [
				"0xddf252ad1be2c89b69c2b068fc378daa952ba7f163c4a11628f55a4df523b3ef",
				"0x000000000000000000000000468b858c964f297fd8fce058032bf4b4911a8ad8",
				"0x0000000000000000000000007cf86d563fe352703d54f5d6c4989dbb2b35c92a"
			],
			"transactionHash": "0x28fbefc73121cf295f0974a664787e891ee294abbe1cb60294cb6a6dfd1adbe0",
			"transactionIndex": 23,
			"transactionLogIndex": "0x0",
			"type": "mined",
			"id": "log_142a72bb"
		}
	],
	"logsBloom": "0x00000000000000000000000000020000000000000000000000000000000000000000000000000000000000000000000000000000000000000000000000000000000000000080010000000008000000000000000000000000000000000020000000000000000000000000000000000800000000000000000000000010000000000000000000000000000000000000000000000000000000000000000000000000000000000000000080000000000000000000000000000000000000010000000000001002000000000000000000000000000000000000000000000000000000000000000000000000000000000000000000000000000000000000040000000000",
	"root": null,
	"status": "0x1",
	"transactionHash": "0x28fbefc73121cf295f0974a664787e891ee294abbe1cb60294cb6a6dfd1adbe0",
	"transactionIndex": 23
}
[2018-04-17T23:42:19.235] [DEBUG] trans - TO:   0x0827e229ba7b48dfefaa7e8b2a97f6036a8a5958
[2018-04-17T23:42:19.235] [DEBUG] trans - AMOUNT:   131707300000000000000
[2018-04-17T23:42:19.235] [DEBUG] trans - Receipt info:  {
	"blockHash": "0x4c60a1ca4ee467c401e752171b4fe1813a34953ec677d4a95db719280abeb59a",
	"blockNumber": 5459274,
	"contractAddress": null,
	"cumulativeGasUsed": 447098,
	"gasUsed": 51653,
	"logs": [
		{
			"address": "0x7e9e431a0B8c4D532C745B1043c7FA29a48D4fBa",
			"blockHash": "0x4c60a1ca4ee467c401e752171b4fe1813a34953ec677d4a95db719280abeb59a",
			"blockNumber": 5459274,
			"data": "0x00000000000000000000000000000000000000000000000723ce5388e9ce4000",
			"logIndex": 8,
			"topics": [
				"0xddf252ad1be2c89b69c2b068fc378daa952ba7f163c4a11628f55a4df523b3ef",
				"0x000000000000000000000000468b858c964f297fd8fce058032bf4b4911a8ad8",
				"0x0000000000000000000000000827e229ba7b48dfefaa7e8b2a97f6036a8a5958"
			],
			"transactionHash": "0xc4c3d68fa973ef3de47104c05094a32cc5e1f21488276a76c91891587dd9dedf",
			"transactionIndex": 10,
			"transactionLogIndex": "0x0",
			"type": "mined",
			"id": "log_b4a64e2c"
		}
	],
	"logsBloom": "0x00000000000000000000000000020000000000000000000000000000000000000000000000000000000001000000000000000000000002000000000000000000000000000000010000000008000000000000000000000000000000000020000000000000000000000000000000000000000000000000000000000010000000000000000000000000000000000000000000000000000000000000000000000000000000000000000080000000000000000000000000000000000000010000000000001002000000000000000000000000000000000000000000000000000000000000000000080000000000000000000000000000000000000000000000000000",
	"root": null,
	"status": "0x1",
	"transactionHash": "0xc4c3d68fa973ef3de47104c05094a32cc5e1f21488276a76c91891587dd9dedf",
	"transactionIndex": 10
}
[2018-04-17T23:42:31.250] [DEBUG] trans - TO:   0x773e659823f315aceffde1cc29ff6e9a38d6c081
[2018-04-17T23:42:31.250] [DEBUG] trans - AMOUNT:   131707100000000000000
[2018-04-17T23:42:31.250] [DEBUG] trans - Receipt info:  {
	"blockHash": "0x2aa99a83cb4f56f398673ef0da582323be268ed0cd8b6ba7920fcd0c2ec538da",
	"blockNumber": 5459275,
	"contractAddress": null,
	"cumulativeGasUsed": 2317674,
	"gasUsed": 51653,
	"logs": [
		{
			"address": "0x7e9e431a0B8c4D532C745B1043c7FA29a48D4fBa",
			"blockHash": "0x2aa99a83cb4f56f398673ef0da582323be268ed0cd8b6ba7920fcd0c2ec538da",
			"blockNumber": 5459275,
			"data": "0x00000000000000000000000000000000000000000000000723cd9da2c8d9c000",
			"logIndex": 29,
			"topics": [
				"0xddf252ad1be2c89b69c2b068fc378daa952ba7f163c4a11628f55a4df523b3ef",
				"0x000000000000000000000000468b858c964f297fd8fce058032bf4b4911a8ad8",
				"0x000000000000000000000000773e659823f315aceffde1cc29ff6e9a38d6c081"
			],
			"transactionHash": "0x8a5f0ba4f63f0b0d08380d305051ed5276fffc98f08f1e50ce726d9ea26f276a",
			"transactionIndex": 68,
			"transactionLogIndex": "0x0",
			"type": "mined",
			"id": "log_ce668bbb"
		}
	],
	"logsBloom": "0x00000000000000000000000000020000000000000000000000000000000000000000000000000000000000000000000000000004000000000000000000000000000000000000010000000008000000000000000000000000000000000020000000008000000000000000000000000000000000000000000000000010000000000000000000000000000000000000000000000000000000000000000000000000000000000000400080000000000000000000000000000000000000010000000000001002000000000000000000000000000000000000000000000000000000000000000000000000000000000000000000000000000000000000000000000000",
	"root": null,
	"status": "0x1",
	"transactionHash": "0x8a5f0ba4f63f0b0d08380d305051ed5276fffc98f08f1e50ce726d9ea26f276a",
	"transactionIndex": 68
}
[2018-04-17T23:42:32.249] [DEBUG] trans - TO:   0x92193e88114a46242a1db2bc5f423d6ada3af6a2
[2018-04-17T23:42:32.249] [DEBUG] trans - AMOUNT:   131705900000000000000
[2018-04-17T23:42:32.249] [DEBUG] trans - Receipt info:  {
	"blockHash": "0x5f04e82df3d74981dcdbb212a20cd8ddad59de9a0743ce161e0d4fdc5bc9c5cc",
	"blockNumber": 5459276,
	"contractAddress": null,
	"cumulativeGasUsed": 555448,
	"gasUsed": 51653,
	"logs": [
		{
			"address": "0x7e9e431a0B8c4D532C745B1043c7FA29a48D4fBa",
			"blockHash": "0x5f04e82df3d74981dcdbb212a20cd8ddad59de9a0743ce161e0d4fdc5bc9c5cc",
			"blockNumber": 5459276,
			"data": "0x00000000000000000000000000000000000000000000000723c95a3e031ec000",
			"logIndex": 5,
			"topics": [
				"0xddf252ad1be2c89b69c2b068fc378daa952ba7f163c4a11628f55a4df523b3ef",
				"0x000000000000000000000000468b858c964f297fd8fce058032bf4b4911a8ad8",
				"0x00000000000000000000000092193e88114a46242a1db2bc5f423d6ada3af6a2"
			],
			"transactionHash": "0x2cf9e62e2f4f797fedf6ab72a7bf547caae36de15b869b06e9e42f0eb1015c5d",
			"transactionIndex": 7,
			"transactionLogIndex": "0x0",
			"type": "mined",
			"id": "log_f3bc39f0"
		}
	],
	"logsBloom": "0x00000000000000000000000000020000000000000000000000000000000000000000000000000000000000000000000000000000000000000000000000000000000000000000010000000008000000000000000000000000004000000020000000000000000000000000000000000000000000000000000000000010000000000000000000000000000000000000000000000010000000000000000000000000000000000000000080000000000000000000000000000000000000010000000000001002000000000000000000000000000000000000000000000000000000000000000000000000000000000000000000000000000000000000000000000000",
	"root": null,
	"status": "0x1",
	"transactionHash": "0x2cf9e62e2f4f797fedf6ab72a7bf547caae36de15b869b06e9e42f0eb1015c5d",
	"transactionIndex": 7
}
[2018-04-17T23:42:45.268] [DEBUG] trans - TO:   0x3c155a1a7667bc283d13b7f78259d93942b4698e
[2018-04-17T23:42:45.268] [DEBUG] trans - AMOUNT:   131700000000000000000
[2018-04-17T23:42:45.268] [DEBUG] trans - Receipt info:  {
	"blockHash": "0x67d440ecf1abb34cc1a4cfbf37182a23ae02efceaed1d3369f893cbfad9e8696",
	"blockNumber": 5459277,
	"contractAddress": null,
	"cumulativeGasUsed": 72882,
	"gasUsed": 51589,
	"logs": [
		{
			"address": "0x7e9e431a0B8c4D532C745B1043c7FA29a48D4fBa",
			"blockHash": "0x67d440ecf1abb34cc1a4cfbf37182a23ae02efceaed1d3369f893cbfad9e8696",
			"blockNumber": 5459277,
			"data": "0x00000000000000000000000000000000000000000000000723b4643936f20000",
			"logIndex": 0,
			"topics": [
				"0xddf252ad1be2c89b69c2b068fc378daa952ba7f163c4a11628f55a4df523b3ef",
				"0x000000000000000000000000468b858c964f297fd8fce058032bf4b4911a8ad8",
				"0x0000000000000000000000003c155a1a7667bc283d13b7f78259d93942b4698e"
			],
			"transactionHash": "0x34c3f4fe9ddd8914123bc980a25911605c77f3cc286764a9c1e2e9ff7bc66223",
			"transactionIndex": 1,
			"transactionLogIndex": "0x0",
			"type": "mined",
			"id": "log_885bf319"
		}
	],
	"logsBloom": "0x00000000000000000000000000020000000000000000000000000000002000000000000000000000000000000000000000000000000000000000000000000000000000000000010000000008000000000000000000000000000000000020000000000000000000000000000000000000000000000000000000000010000000000000000000000000000000000000000000000000000000000000000000000000000000000080000080000000000000000000000000000000000000010000000000001002000000000000000000000000000000000002000000000000000000000000000000000000000000000000000000000000000000000000000000000000",
	"root": null,
	"status": "0x1",
	"transactionHash": "0x34c3f4fe9ddd8914123bc980a25911605c77f3cc286764a9c1e2e9ff7bc66223",
	"transactionIndex": 1
}
[2018-04-17T23:42:45.269] [DEBUG] trans - TO:   0xa24a50eedf33806b3a7cc4f03fa6d78cd22d7f62
[2018-04-17T23:42:45.269] [DEBUG] trans - AMOUNT:   131683800000000000000
[2018-04-17T23:42:45.269] [DEBUG] trans - Receipt info:  {
	"blockHash": "0x67d440ecf1abb34cc1a4cfbf37182a23ae02efceaed1d3369f893cbfad9e8696",
	"blockNumber": 5459277,
	"contractAddress": null,
	"cumulativeGasUsed": 5872881,
	"gasUsed": 51653,
	"logs": [
		{
			"address": "0x7e9e431a0B8c4D532C745B1043c7FA29a48D4fBa",
			"blockHash": "0x67d440ecf1abb34cc1a4cfbf37182a23ae02efceaed1d3369f893cbfad9e8696",
			"blockNumber": 5459277,
			"data": "0x000000000000000000000000000000000000000000000007237ad668c9958000",
			"logIndex": 54,
			"topics": [
				"0xddf252ad1be2c89b69c2b068fc378daa952ba7f163c4a11628f55a4df523b3ef",
				"0x000000000000000000000000468b858c964f297fd8fce058032bf4b4911a8ad8",
				"0x000000000000000000000000a24a50eedf33806b3a7cc4f03fa6d78cd22d7f62"
			],
			"transactionHash": "0xc6ecf777c9576a6469d36b55db42d9d4984fad99f96aa1ba4badea4397e4a28f",
			"transactionIndex": 44,
			"transactionLogIndex": "0x0",
			"type": "mined",
			"id": "log_ea195f40"
		}
	],
	"logsBloom": "0x00000000000000000000000000020000000000000000000000000000000000000000000000000000000000000000000000000000000000000000000000000000000000000000010000000018000000000000000000000000000000000020000000000000001000000000000000000000000000000000000000000010000000000000000000000000000000000000000000000000000000000000000000000000000000000000000080000000000000000000000000000000000000010000000000001002000000000000000000000000000000000000000000000000000000000000000000000000000000000000000000000000000000000000000000000040",
	"root": null,
	"status": "0x1",
	"transactionHash": "0xc6ecf777c9576a6469d36b55db42d9d4984fad99f96aa1ba4badea4397e4a28f",
	"transactionIndex": 44
}
[2018-04-17T23:42:45.269] [DEBUG] trans - TO:   0xa6f02a6611d41b9183decc9efd1820ca3c0148e0
[2018-04-17T23:42:45.270] [DEBUG] trans - AMOUNT:   131683500000000000000
[2018-04-17T23:42:45.270] [DEBUG] trans - Receipt info:  {
	"blockHash": "0x67d440ecf1abb34cc1a4cfbf37182a23ae02efceaed1d3369f893cbfad9e8696",
	"blockNumber": 5459277,
	"contractAddress": null,
	"cumulativeGasUsed": 7074884,
	"gasUsed": 51653,
	"logs": [
		{
			"address": "0x7e9e431a0B8c4D532C745B1043c7FA29a48D4fBa",
			"blockHash": "0x67d440ecf1abb34cc1a4cfbf37182a23ae02efceaed1d3369f893cbfad9e8696",
			"blockNumber": 5459277,
			"data": "0x0000000000000000000000000000000000000000000000072379c58f9826c000",
			"logIndex": 68,
			"topics": [
				"0xddf252ad1be2c89b69c2b068fc378daa952ba7f163c4a11628f55a4df523b3ef",
				"0x000000000000000000000000468b858c964f297fd8fce058032bf4b4911a8ad8",
				"0x000000000000000000000000a6f02a6611d41b9183decc9efd1820ca3c0148e0"
			],
			"transactionHash": "0x7532dead3fa9c8948e8abee3a3d5bad2c978bec6156f8f17cdde3a320639a976",
			"transactionIndex": 60,
			"transactionLogIndex": "0x0",
			"type": "mined",
			"id": "log_20db45b7"
		}
	],
	"logsBloom": "0x00000000000000000000000000020008000000000000000000000000000000000000000000000001000000000000000000000000000000000000000000000000000000000000010000000008000000000000000000000000000000000020000000000000000000000000000000000000000000000000000000000010000000000000000000000000000000000000000000000000000000000000000000000000000000000000000080000000000000000000000000000000000000010000000001001002000000000000000000000000000000000000000000000000000000000000000000000000000000000000000000000000000000000000000000000000",
	"root": null,
	"status": "0x1",
	"transactionHash": "0x7532dead3fa9c8948e8abee3a3d5bad2c978bec6156f8f17cdde3a320639a976",
	"transactionIndex": 60
}
[2018-04-17T23:43:29.325] [DEBUG] trans - TO:   0x7d195e32ef9c6bba45178e7d5c1aff33314c3a5c
[2018-04-17T23:43:29.325] [DEBUG] trans - AMOUNT:   131676800000000000000
[2018-04-17T23:43:29.325] [DEBUG] trans - Receipt info:  {
	"blockHash": "0x2af5315b176a3bbfa133671fe4289f3ca1bed0f024d609323bfe33af67ed23ee",
	"blockNumber": 5459279,
	"contractAddress": null,
	"cumulativeGasUsed": 892339,
	"gasUsed": 51589,
	"logs": [
		{
			"address": "0x7e9e431a0B8c4D532C745B1043c7FA29a48D4fBa",
			"blockHash": "0x2af5315b176a3bbfa133671fe4289f3ca1bed0f024d609323bfe33af67ed23ee",
			"blockNumber": 5459279,
			"data": "0x0000000000000000000000000000000000000000000000072361f7f248280000",
			"logIndex": 11,
			"topics": [
				"0xddf252ad1be2c89b69c2b068fc378daa952ba7f163c4a11628f55a4df523b3ef",
				"0x000000000000000000000000468b858c964f297fd8fce058032bf4b4911a8ad8",
				"0x0000000000000000000000007d195e32ef9c6bba45178e7d5c1aff33314c3a5c"
			],
			"transactionHash": "0xd68aaa28b9a2fe6eba3f106a85a99b48616085f12f6cef288441b044e8e2fde5",
			"transactionIndex": 20,
			"transactionLogIndex": "0x0",
			"type": "mined",
			"id": "log_0df91d3e"
		}
	],
	"logsBloom": "0x00000000000000000000000000020000000000000000000000000000000000000100000000000000000000000000000000000000000000000000000000000000000000000000010000000008000000000000000000000000000000000020000000000000000000000000000000000000000000000000000000000010000000000000000000000000000000000000000000000000000000000001000000000000000000000000000080000000000000000000000000000000000000010000000000001002000000000000000000000000000000000000000000000000000000000000000000000000000000000000000010000000000000000000000000000000",
	"root": null,
	"status": "0x1",
	"transactionHash": "0xd68aaa28b9a2fe6eba3f106a85a99b48616085f12f6cef288441b044e8e2fde5",
	"transactionIndex": 20
}
[2018-04-17T23:43:36.335] [DEBUG] trans - TO:   0x54ebd3af43f0a85a99024ed04fdde54c7319e473
[2018-04-17T23:43:36.335] [DEBUG] trans - AMOUNT:   131671800000000000000
[2018-04-17T23:43:36.335] [DEBUG] trans - Receipt info:  {
	"blockHash": "0xfee9af0ee2432b766ad69565bb124d5e8a75d0fccd025eb4bf598bf770854823",
	"blockNumber": 5459280,
	"contractAddress": null,
	"cumulativeGasUsed": 2369576,
	"gasUsed": 51653,
	"logs": [
		{
			"address": "0x7e9e431a0B8c4D532C745B1043c7FA29a48D4fBa",
			"blockHash": "0xfee9af0ee2432b766ad69565bb124d5e8a75d0fccd025eb4bf598bf770854823",
			"blockNumber": 5459280,
			"data": "0x0000000000000000000000000000000000000000000000072350347910478000",
			"logIndex": 17,
			"topics": [
				"0xddf252ad1be2c89b69c2b068fc378daa952ba7f163c4a11628f55a4df523b3ef",
				"0x000000000000000000000000468b858c964f297fd8fce058032bf4b4911a8ad8",
				"0x00000000000000000000000054ebd3af43f0a85a99024ed04fdde54c7319e473"
			],
			"transactionHash": "0x0d8ded1757931b1c77078bfbc6fc785cff6032cf70c76083701c5b88f727ff09",
			"transactionIndex": 22,
			"transactionLogIndex": "0x0",
			"type": "mined",
			"id": "log_d7433f58"
		}
	],
	"logsBloom": "0x00000000000000000000000000020000000000000000000000000000000000000000000000000000000000000000000000000000000000000000000000000200000000000000010000000008000000000000000000000000000000000020000000000000000000000000000000000000000000000000000000000010000000000000000000000000000000000000000000000000000000000000000000000000000000000000000080000000000000000000000000000000000000010000000000001002000000000000000000000000000000000000000000000000000000000000000000800000000000000000000000000000800000000000000000000000",
	"root": null,
	"status": "0x1",
	"transactionHash": "0x0d8ded1757931b1c77078bfbc6fc785cff6032cf70c76083701c5b88f727ff09",
	"transactionIndex": 22
}
[2018-04-17T23:43:54.362] [DEBUG] trans - TO:   0x753f836e4bbeb6a0c71586c9462e3fdaa3366d10
[2018-04-17T23:43:54.362] [DEBUG] trans - AMOUNT:   131670800000000000000
[2018-04-17T23:43:54.362] [DEBUG] trans - Receipt info:  {
	"blockHash": "0x9c2e99028d3a283cafd777f85f673d9f897900657d6450dcd5484320b3384ae9",
	"blockNumber": 5459282,
	"contractAddress": null,
	"cumulativeGasUsed": 1491268,
	"gasUsed": 51589,
	"logs": [
		{
			"address": "0x7e9e431a0B8c4D532C745B1043c7FA29a48D4fBa",
			"blockHash": "0x9c2e99028d3a283cafd777f85f673d9f897900657d6450dcd5484320b3384ae9",
			"blockNumber": 5459282,
			"data": "0x000000000000000000000000000000000000000000000007234ca6fa6b810000",
			"logIndex": 28,
			"topics": [
				"0xddf252ad1be2c89b69c2b068fc378daa952ba7f163c4a11628f55a4df523b3ef",
				"0x000000000000000000000000468b858c964f297fd8fce058032bf4b4911a8ad8",
				"0x000000000000000000000000753f836e4bbeb6a0c71586c9462e3fdaa3366d10"
			],
			"transactionHash": "0x82748f0eab0daf81d91c825d86d5515ee948225b555e43ff8554a3ffec9a6732",
			"transactionIndex": 19,
			"transactionLogIndex": "0x0",
			"type": "mined",
			"id": "log_c7a6770d"
		}
	],
	"logsBloom": "0x00000000000000000000000000020000008000000000000000000000000000000000000000000000000000000000000000000000000060000000000000000000000000000000010000000008000000000000000000000000000000000020000000000000000000000000000000000000000000000000000000000010000000000000000000000000000000000000000000000000000000000000000000000000000000000000000080000000000000000000000000000000000000010000000000001002000000000000000000000000000000000000000000000000000000000000000000000000000000000000000000000000000000000000000000000000",
	"root": null,
	"status": "0x1",
	"transactionHash": "0x82748f0eab0daf81d91c825d86d5515ee948225b555e43ff8554a3ffec9a6732",
	"transactionIndex": 19
}
[2018-04-17T23:44:25.397] [DEBUG] trans - TO:   0x3f34b10820f9a63b508b890fada0c0441cab7491
[2018-04-17T23:44:25.397] [DEBUG] trans - AMOUNT:   131669200000000000000
[2018-04-17T23:44:25.397] [DEBUG] trans - Receipt info:  {
	"blockHash": "0xcbc2f9f00e18a3f770353550101ee5cec8979503e85c4cf8a3a711e9a58ffde7",
	"blockNumber": 5459285,
	"contractAddress": null,
	"cumulativeGasUsed": 1058888,
	"gasUsed": 51589,
	"logs": [
		{
			"address": "0x7e9e431a0B8c4D532C745B1043c7FA29a48D4fBa",
			"blockHash": "0xcbc2f9f00e18a3f770353550101ee5cec8979503e85c4cf8a3a711e9a58ffde7",
			"blockNumber": 5459285,
			"data": "0x0000000000000000000000000000000000000000000000072346f7c963dd0000",
			"logIndex": 22,
			"topics": [
				"0xddf252ad1be2c89b69c2b068fc378daa952ba7f163c4a11628f55a4df523b3ef",
				"0x000000000000000000000000468b858c964f297fd8fce058032bf4b4911a8ad8",
				"0x0000000000000000000000003f34b10820f9a63b508b890fada0c0441cab7491"
			],
			"transactionHash": "0xf628d62e23215f5df2a30b8895fb6e2401a0673b3181a49fbfbdb48a2b967b1a",
			"transactionIndex": 21,
			"transactionLogIndex": "0x0",
			"type": "mined",
			"id": "log_4ded14cc"
		}
	],
	"logsBloom": "0x00000000000000000000000000020000000000000000000000000000000000000000000000000000000000000000000000000000000000000000000000000000000000000000010000000008000000000000000000000000000000000020000000000000000000000000000000000000000000000000000000000010000000000000000000000000000000080000000000000000000000000000000000100000000000000000000080000000000000000000000000000000000000010000000000001002000000000000000000000000000000000000000000000000000000000000000000000000000000000000000000000000000100000000000000000000",
	"root": null,
	"status": "0x1",
	"transactionHash": "0xf628d62e23215f5df2a30b8895fb6e2401a0673b3181a49fbfbdb48a2b967b1a",
	"transactionIndex": 21
}
[2018-04-17T23:44:59.441] [DEBUG] trans - TO:   0xb0988e70eb42d26e74f05f0d986701abe8fdc465
[2018-04-17T23:44:59.441] [DEBUG] trans - AMOUNT:   131668700000000000000
[2018-04-17T23:44:59.441] [DEBUG] trans - Receipt info:  {
	"blockHash": "0x1a601f0ada0d91d3752f652b36ca734356cc16140f1e57ef43874636557e0815",
	"blockNumber": 5459287,
	"contractAddress": null,
	"cumulativeGasUsed": 1150252,
	"gasUsed": 51653,
	"logs": [
		{
			"address": "0x7e9e431a0B8c4D532C745B1043c7FA29a48D4fBa",
			"blockHash": "0x1a601f0ada0d91d3752f652b36ca734356cc16140f1e57ef43874636557e0815",
			"blockNumber": 5459287,
			"data": "0x0000000000000000000000000000000000000000000000072345310a1179c000",
			"logIndex": 24,
			"topics": [
				"0xddf252ad1be2c89b69c2b068fc378daa952ba7f163c4a11628f55a4df523b3ef",
				"0x000000000000000000000000468b858c964f297fd8fce058032bf4b4911a8ad8",
				"0x000000000000000000000000b0988e70eb42d26e74f05f0d986701abe8fdc465"
			],
			"transactionHash": "0x1cd868215bd2e423c52dd3dff01f03313507fc69781df4a4046a71c042590e40",
			"transactionIndex": 10,
			"transactionLogIndex": "0x0",
			"type": "mined",
			"id": "log_ab02efda"
		}
	],
	"logsBloom": "0x00000100000000000000000000020000000000000000000000000000000000000000100000000000000000000000000000000000000000000000000000000000000000000000010000000008000000000000000000000010000000000020000000000000000000000000000000000000000000000000000000000010000000000000000000000000000000000000000000000000000000000000000000000000000000000000000080000000000000000000000000000000000000010000000000001002000000000000000000000000000000000000000000000000000000000000000000000000000000000000000000000000000000000000000000000000",
	"root": null,
	"status": "0x1",
	"transactionHash": "0x1cd868215bd2e423c52dd3dff01f03313507fc69781df4a4046a71c042590e40",
	"transactionIndex": 10
}
[2018-04-17T23:45:42.494] [DEBUG] trans - TO:   0x80c49675c3fc599ddd098810d4cec058c790e038
[2018-04-17T23:45:42.494] [DEBUG] trans - AMOUNT:   131662100000000000000
[2018-04-17T23:45:42.494] [DEBUG] trans - Receipt info:  {
	"blockHash": "0x5d2170787ddb50b1841a5de33a59f4d6a8bcbfb0d7271f18a6f17c1afbfd67dd",
	"blockNumber": 5459289,
	"contractAddress": null,
	"cumulativeGasUsed": 1865333,
	"gasUsed": 51653,
	"logs": [
		{
			"address": "0x7e9e431a0B8c4D532C745B1043c7FA29a48D4fBa",
			"blockHash": "0x5d2170787ddb50b1841a5de33a59f4d6a8bcbfb0d7271f18a6f17c1afbfd67dd",
			"blockNumber": 5459289,
			"data": "0x000000000000000000000000000000000000000000000007232dbe5fd1f54000",
			"logIndex": 24,
			"topics": [
				"0xddf252ad1be2c89b69c2b068fc378daa952ba7f163c4a11628f55a4df523b3ef",
				"0x000000000000000000000000468b858c964f297fd8fce058032bf4b4911a8ad8",
				"0x00000000000000000000000080c49675c3fc599ddd098810d4cec058c790e038"
			],
			"transactionHash": "0xc4dc7edb6b4362b41bb14a551189d63cff2bdfdec2518fbb116fe0b7a65faff4",
			"transactionIndex": 37,
			"transactionLogIndex": "0x0",
			"type": "mined",
			"id": "log_7f9e1c99"
		}
	],
	"logsBloom": "0x00000000000000000000000020020000000000000000000000000000000000000000000000000000000000000000000000000000000000000000000000000000000000000000010000000008000000000000000000000000000000000020800000000000000000000000000000000000000000000000000000000010000000000000000000000000000000000000000000000000000000000000000000000000000000020000000080000000000000000000000000000000000000010000000000001002000000000000000000000000000000000000000000000000000000000000000000000000000000000000000000000000000000000000000000000000",
	"root": null,
	"status": "0x1",
	"transactionHash": "0xc4dc7edb6b4362b41bb14a551189d63cff2bdfdec2518fbb116fe0b7a65faff4",
	"transactionIndex": 37
}
[2018-04-17T23:45:42.495] [DEBUG] trans - TO:   0xc32eaa6096ab217c4fe6ced64ce51204ed2b6e49
[2018-04-17T23:45:42.495] [DEBUG] trans - AMOUNT:   131645100000000000000
[2018-04-17T23:45:42.495] [DEBUG] trans - Receipt info:  {
	"blockHash": "0x5d2170787ddb50b1841a5de33a59f4d6a8bcbfb0d7271f18a6f17c1afbfd67dd",
	"blockNumber": 5459289,
	"contractAddress": null,
	"cumulativeGasUsed": 5525769,
	"gasUsed": 51653,
	"logs": [
		{
			"address": "0x7e9e431a0B8c4D532C745B1043c7FA29a48D4fBa",
			"blockHash": "0x5d2170787ddb50b1841a5de33a59f4d6a8bcbfb0d7271f18a6f17c1afbfd67dd",
			"blockNumber": 5459289,
			"data": "0x00000000000000000000000000000000000000000000000722f158f6e0c6c000",
			"logIndex": 61,
			"topics": [
				"0xddf252ad1be2c89b69c2b068fc378daa952ba7f163c4a11628f55a4df523b3ef",
				"0x000000000000000000000000468b858c964f297fd8fce058032bf4b4911a8ad8",
				"0x000000000000000000000000c32eaa6096ab217c4fe6ced64ce51204ed2b6e49"
			],
			"transactionHash": "0xb389de93971557d82549192e7c29b3a0268c891ab0e1a1a7e9f845e3d2181c59",
			"transactionIndex": 114,
			"transactionLogIndex": "0x0",
			"type": "mined",
			"id": "log_58d28de3"
		}
	],
	"logsBloom": "0x00000000000000000000000000020000000000000000000800000000000000000000000000000000000000000000000000100000000000000000000000000000000000000000010000000008000000000000000000000000000000000020000000000000000000000000000000000000000000000000000000000010000000000000000000000000000000000000000000000000000000000000000000000000000000000000000080000000000000000000000000000000000000010000000000001002000000000000000000000000000000000000000000000000000000000000000000000000000000000000000000000000000000000000000000200000",
	"root": null,
	"status": "0x1",
	"transactionHash": "0xb389de93971557d82549192e7c29b3a0268c891ab0e1a1a7e9f845e3d2181c59",
	"transactionIndex": 114
}
[2018-04-17T23:45:42.495] [DEBUG] trans - TO:   0x598cef6f2b427f71d335779365c4104b0b5d7f85
[2018-04-17T23:45:42.495] [DEBUG] trans - AMOUNT:   131660700000000000000
[2018-04-17T23:45:42.495] [DEBUG] trans - Receipt info:  {
	"blockHash": "0x5d2170787ddb50b1841a5de33a59f4d6a8bcbfb0d7271f18a6f17c1afbfd67dd",
	"blockNumber": 5459289,
	"contractAddress": null,
	"cumulativeGasUsed": 4123535,
	"gasUsed": 51653,
	"logs": [
		{
			"address": "0x7e9e431a0B8c4D532C745B1043c7FA29a48D4fBa",
			"blockHash": "0x5d2170787ddb50b1841a5de33a59f4d6a8bcbfb0d7271f18a6f17c1afbfd67dd",
			"blockNumber": 5459289,
			"data": "0x0000000000000000000000000000000000000000000000072328c514eb45c000",
			"logIndex": 44,
			"topics": [
				"0xddf252ad1be2c89b69c2b068fc378daa952ba7f163c4a11628f55a4df523b3ef",
				"0x000000000000000000000000468b858c964f297fd8fce058032bf4b4911a8ad8",
				"0x000000000000000000000000598cef6f2b427f71d335779365c4104b0b5d7f85"
			],
			"transactionHash": "0x7f2a7590026ff1a4a449deaf7030d1ea935dd039ce2d6a5472799a041c39be07",
			"transactionIndex": 88,
			"transactionLogIndex": "0x0",
			"type": "mined",
			"id": "log_6ea43a1a"
		}
	],
	"logsBloom": "0x00000000000000000000000000020000000000000000000000000000000000000000000000000000000000000000000000000000000000000000000000000000000000000000010000000008000000000000000000000000000000000020000000040000000000000000000400000000000000000000000000000010000000000000000000000000000000000000000000000000000000000000000000000000000000000000000080000000000000000000000000000000000000010000000000001002000000000000000000000000000000000000000000000000000000000000000000000000000000000000200000000000000000000000000000000000",
	"root": null,
	"status": "0x1",
	"transactionHash": "0x7f2a7590026ff1a4a449deaf7030d1ea935dd039ce2d6a5472799a041c39be07",
	"transactionIndex": 88
}
[2018-04-17T23:45:42.496] [DEBUG] trans - TO:   0xe366a3674b286fb8c707002dc583cfa5204792ef
[2018-04-17T23:45:42.496] [DEBUG] trans - AMOUNT:   131646600000000000000
[2018-04-17T23:45:42.496] [DEBUG] trans - Receipt info:  {
	"blockHash": "0x5d2170787ddb50b1841a5de33a59f4d6a8bcbfb0d7271f18a6f17c1afbfd67dd",
	"blockNumber": 5459289,
	"contractAddress": null,
	"cumulativeGasUsed": 4946076,
	"gasUsed": 51589,
	"logs": [
		{
			"address": "0x7e9e431a0B8c4D532C745B1043c7FA29a48D4fBa",
			"blockHash": "0x5d2170787ddb50b1841a5de33a59f4d6a8bcbfb0d7271f18a6f17c1afbfd67dd",
			"blockNumber": 5459289,
			"data": "0x00000000000000000000000000000000000000000000000722f6ad34d7f08000",
			"logIndex": 52,
			"topics": [
				"0xddf252ad1be2c89b69c2b068fc378daa952ba7f163c4a11628f55a4df523b3ef",
				"0x000000000000000000000000468b858c964f297fd8fce058032bf4b4911a8ad8",
				"0x000000000000000000000000e366a3674b286fb8c707002dc583cfa5204792ef"
			],
			"transactionHash": "0x85b77711a726ab05d7b8b491d7458f0577e64a50bc33b1e431b1ea38daf8da16",
			"transactionIndex": 103,
			"transactionLogIndex": "0x0",
			"type": "mined",
			"id": "log_ef92fb2d"
		}
	],
	"logsBloom": "0x00000000000000000000000000020000000000000000000000000000000000000000000000000000000000000000000008000000000000000000000000000000000000020000010000000008000000000000000000000000000000000020000000000000000000000000000000000000000000004000000000000010000000000000000000000000000000000000000000000000000000000000000000000000000000000000000080000000000000000000000000000000000000010000000000001002000000000000000000000000000000000000000000000000000000000000000000000000000000000000000000000000000000000000000000000000",
	"root": null,
	"status": "0x1",
	"transactionHash": "0x85b77711a726ab05d7b8b491d7458f0577e64a50bc33b1e431b1ea38daf8da16",
	"transactionIndex": 103
}
[2018-04-17T23:45:42.498] [DEBUG] trans - TO:   0xe510444894ad0795349484999efd97536da82f59
[2018-04-17T23:45:42.498] [DEBUG] trans - AMOUNT:   131641500000000000000
[2018-04-17T23:45:42.498] [DEBUG] trans - Receipt info:  {
	"blockHash": "0x5d2170787ddb50b1841a5de33a59f4d6a8bcbfb0d7271f18a6f17c1afbfd67dd",
	"blockNumber": 5459289,
	"contractAddress": null,
	"cumulativeGasUsed": 6150050,
	"gasUsed": 51653,
	"logs": [
		{
			"address": "0x7e9e431a0B8c4D532C745B1043c7FA29a48D4fBa",
			"blockHash": "0x5d2170787ddb50b1841a5de33a59f4d6a8bcbfb0d7271f18a6f17c1afbfd67dd",
			"blockNumber": 5459289,
			"data": "0x00000000000000000000000000000000000000000000000722e48ec88f95c000",
			"logIndex": 66,
			"topics": [
				"0xddf252ad1be2c89b69c2b068fc378daa952ba7f163c4a11628f55a4df523b3ef",
				"0x000000000000000000000000468b858c964f297fd8fce058032bf4b4911a8ad8",
				"0x000000000000000000000000e510444894ad0795349484999efd97536da82f59"
			],
			"transactionHash": "0x94b146700c58d093fd4a7f4bcd7993b00c28c148e3d5acde7ea131a3eb2e6965",
			"transactionIndex": 125,
			"transactionLogIndex": "0x0",
			"type": "mined",
			"id": "log_3d3bfe81"
		}
	],
	"logsBloom": "0x00000000000000000000001000020000000000000000000000000000000080000000000000000000000000000000000000000000000000000000000000000000000000000000010000000008000000000000000000000000000000000020000000000000000000000000000000000000000000000000000000000010000000000000000000000000000000000000000000000000000000000000000000000000000001000000000080000000000000000000000000000000000000010000000000001002000000000000000000000000000000000000000000000000000000000000000000000000000000000000000000000000000000000000000000000000",
	"root": null,
	"status": "0x1",
	"transactionHash": "0x94b146700c58d093fd4a7f4bcd7993b00c28c148e3d5acde7ea131a3eb2e6965",
	"transactionIndex": 125
}
[2018-04-17T23:45:42.499] [DEBUG] trans - TO:   0xeb44d147d7c3ab60f6b357c6c9a100683bb487ad
[2018-04-17T23:45:42.499] [DEBUG] trans - AMOUNT:   131638200000000000000
[2018-04-17T23:45:42.499] [DEBUG] trans - Receipt info:  {
	"blockHash": "0x5d2170787ddb50b1841a5de33a59f4d6a8bcbfb0d7271f18a6f17c1afbfd67dd",
	"blockNumber": 5459289,
	"contractAddress": null,
	"cumulativeGasUsed": 7339622,
	"gasUsed": 51589,
	"logs": [
		{
			"address": "0x7e9e431a0B8c4D532C745B1043c7FA29a48D4fBa",
			"blockHash": "0x5d2170787ddb50b1841a5de33a59f4d6a8bcbfb0d7271f18a6f17c1afbfd67dd",
			"blockNumber": 5459289,
			"data": "0x00000000000000000000000000000000000000000000000722d8d5736fd38000",
			"logIndex": 75,
			"topics": [
				"0xddf252ad1be2c89b69c2b068fc378daa952ba7f163c4a11628f55a4df523b3ef",
				"0x000000000000000000000000468b858c964f297fd8fce058032bf4b4911a8ad8",
				"0x000000000000000000000000eb44d147d7c3ab60f6b357c6c9a100683bb487ad"
			],
			"transactionHash": "0x731361f0d4c31c000d19f383a3f1bb2fb59e4a077b4a471e29a90fbd8d675337",
			"transactionIndex": 143,
			"transactionLogIndex": "0x0",
			"type": "mined",
			"id": "log_b82d570e"
		}
	],
	"logsBloom": "0x00000000000000000000000000020000000000000000000080000000000000000000000000000000000000000000000000000000000000000000000000000000000000000000010000000008000000000000000000000000000000000020000000000000000000000000000000000000000000000000000000000010000000000000000000000000000000000000000000000000000000000000200000000000000000000000000080000000000000000000000000000000000000010000000000001002000000000000000000000000000000000000001000000000000000000000000000000000000000000000000000000000000000000000000000000000",
	"root": null,
	"status": "0x1",
	"transactionHash": "0x731361f0d4c31c000d19f383a3f1bb2fb59e4a077b4a471e29a90fbd8d675337",
	"transactionIndex": 143
}
[2018-04-17T23:45:42.500] [DEBUG] trans - TO:   0xee63105f376d079d3fbf172e5d425ff8bc411dcd
[2018-04-17T23:45:42.500] [DEBUG] trans - AMOUNT:   131636200000000000000
[2018-04-17T23:45:42.500] [DEBUG] trans - Receipt info:  {
	"blockHash": "0x5d2170787ddb50b1841a5de33a59f4d6a8bcbfb0d7271f18a6f17c1afbfd67dd",
	"blockNumber": 5459289,
	"contractAddress": null,
	"cumulativeGasUsed": 7848502,
	"gasUsed": 51653,
	"logs": [
		{
			"address": "0x7e9e431a0B8c4D532C745B1043c7FA29a48D4fBa",
			"blockHash": "0x5d2170787ddb50b1841a5de33a59f4d6a8bcbfb0d7271f18a6f17c1afbfd67dd",
			"blockNumber": 5459289,
			"data": "0x00000000000000000000000000000000000000000000000722d1ba7626468000",
			"logIndex": 78,
			"topics": [
				"0xddf252ad1be2c89b69c2b068fc378daa952ba7f163c4a11628f55a4df523b3ef",
				"0x000000000000000000000000468b858c964f297fd8fce058032bf4b4911a8ad8",
				"0x000000000000000000000000ee63105f376d079d3fbf172e5d425ff8bc411dcd"
			],
			"transactionHash": "0xaa1c2d43fe2fb339470d7fe1361d93c23c4e22ff95a1019b6eb93f126012991e",
			"transactionIndex": 151,
			"transactionLogIndex": "0x0",
			"type": "mined",
			"id": "log_1c0b7fa9"
		}
	],
	"logsBloom": "0x00000000000000000000000000020000000000000000000000000000000000000000000000000000000000000000000000000000000000000000000000000000000000000000010000000008000000000000000000000000000000000020000000000000000000000000000000000000000000000000000000000050000000000800000000000000000000000000000000000000000000000000000000000000000000000000000080000400000000000000000000000000000000010000000000001002000000000000000000000000000000000000000000000000000000000000000000000000000000000000000000000000000000000000000000000000",
	"root": null,
	"status": "0x1",
	"transactionHash": "0xaa1c2d43fe2fb339470d7fe1361d93c23c4e22ff95a1019b6eb93f126012991e",
	"transactionIndex": 151
}
[2018-04-17T23:45:42.501] [DEBUG] trans - TO:   0x872439928172e630e3945ac4e3ab1851b40d6ade
[2018-04-17T23:45:42.501] [DEBUG] trans - AMOUNT:   131641000000000000000
[2018-04-17T23:45:42.501] [DEBUG] trans - Receipt info:  {
	"blockHash": "0x5d2170787ddb50b1841a5de33a59f4d6a8bcbfb0d7271f18a6f17c1afbfd67dd",
	"blockNumber": 5459289,
	"contractAddress": null,
	"cumulativeGasUsed": 6822960,
	"gasUsed": 51653,
	"logs": [
		{
			"address": "0x7e9e431a0B8c4D532C745B1043c7FA29a48D4fBa",
			"blockHash": "0x5d2170787ddb50b1841a5de33a59f4d6a8bcbfb0d7271f18a6f17c1afbfd67dd",
			"blockNumber": 5459289,
			"data": "0x00000000000000000000000000000000000000000000000722e2c8093d328000",
			"logIndex": 70,
			"topics": [
				"0xddf252ad1be2c89b69c2b068fc378daa952ba7f163c4a11628f55a4df523b3ef",
				"0x000000000000000000000000468b858c964f297fd8fce058032bf4b4911a8ad8",
				"0x000000000000000000000000872439928172e630e3945ac4e3ab1851b40d6ade"
			],
			"transactionHash": "0xc8cd4921d8fbe5668d4aded076ffa7785d4cd663fe6577cd983e54913d8ab034",
			"transactionIndex": 135,
			"transactionLogIndex": "0x0",
			"type": "mined",
			"id": "log_ff203c37"
		}
	],
	"logsBloom": "0x00000000000000000000000000020000000000000000000000000000000000000000000000000000000000000000000000000000000000000000000000000000000000000000010000000008000000000000000000000000000000000020002000000000000000000000000000000000000000000000000000000010000000000000000000000000000000000000000000000010000000000000000000000000000000000000000080000000000000000000000800000000000000010000000000001002000000000000000000000000000000000000000000000000000000000000000000000000000000000000000000000000000000000000000000000000",
	"root": null,
	"status": "0x1",
	"transactionHash": "0xc8cd4921d8fbe5668d4aded076ffa7785d4cd663fe6577cd983e54913d8ab034",
	"transactionIndex": 135
}
[2018-04-17T23:46:12.531] [DEBUG] trans - TO:   0x5f9d89ef1ddfaf092a24acf89bcf93e20154c771
[2018-04-17T23:46:12.531] [DEBUG] trans - AMOUNT:   131632300000000000000
[2018-04-17T23:46:12.531] [DEBUG] trans - Receipt info:  {
	"blockHash": "0x34354629e6d74c186e98a2b1657c7524654da8b830e75ba69e7f779eaf698cc9",
	"blockNumber": 5459290,
	"contractAddress": null,
	"cumulativeGasUsed": 1112661,
	"gasUsed": 51653,
	"logs": [
		{
			"address": "0x7e9e431a0B8c4D532C745B1043c7FA29a48D4fBa",
			"blockHash": "0x34354629e6d74c186e98a2b1657c7524654da8b830e75ba69e7f779eaf698cc9",
			"blockNumber": 5459290,
			"data": "0x00000000000000000000000000000000000000000000000722c3df6ea3a6c000",
			"logIndex": 21,
			"topics": [
				"0xddf252ad1be2c89b69c2b068fc378daa952ba7f163c4a11628f55a4df523b3ef",
				"0x000000000000000000000000468b858c964f297fd8fce058032bf4b4911a8ad8",
				"0x0000000000000000000000005f9d89ef1ddfaf092a24acf89bcf93e20154c771"
			],
			"transactionHash": "0xd275567170b6f078e77e4cc0a27ce78491f04cf9f01d059c3850e5af20385dd1",
			"transactionIndex": 24,
			"transactionLogIndex": "0x0",
			"type": "mined",
			"id": "log_c5408b3b"
		}
	],
	"logsBloom": "0x00000000000000000000000000020000000000000000000000000000000000000000000000000000000000000000000800000000000000000000000000000000000000000000010000000008000000000000000000000000000000000020000000000000000000000000000000000000000000000000000000000010000000080000000000000000000000000000000000000000000000000000000000000000000000000000000080000000000000040000000000000000000000010000000000001002000000000000000000000000000000000000000000000000000000000000000000000000000000000000000000000000000000000000000000000000",
	"root": null,
	"status": "0x1",
	"transactionHash": "0xd275567170b6f078e77e4cc0a27ce78491f04cf9f01d059c3850e5af20385dd1",
	"transactionIndex": 24
}
[2018-04-17T23:46:28.549] [DEBUG] trans - TO:   0x501da1b5b6030635df16849474a02ae3d38dfda0
[2018-04-17T23:46:28.549] [DEBUG] trans - AMOUNT:   131631100000000000000
[2018-04-17T23:46:28.549] [DEBUG] trans - Receipt info:  {
	"blockHash": "0x2fb794cd3edcb5581f1a2436c4b6e13e7dce8106be2ff4bfc13e0bf95294966f",
	"blockNumber": 5459293,
	"contractAddress": null,
	"cumulativeGasUsed": 2302184,
	"gasUsed": 51653,
	"logs": [
		{
			"address": "0x7e9e431a0B8c4D532C745B1043c7FA29a48D4fBa",
			"blockHash": "0x2fb794cd3edcb5581f1a2436c4b6e13e7dce8106be2ff4bfc13e0bf95294966f",
			"blockNumber": 5459293,
			"data": "0x00000000000000000000000000000000000000000000000722bf9c09ddebc000",
			"logIndex": 16,
			"topics": [
				"0xddf252ad1be2c89b69c2b068fc378daa952ba7f163c4a11628f55a4df523b3ef",
				"0x000000000000000000000000468b858c964f297fd8fce058032bf4b4911a8ad8",
				"0x000000000000000000000000501da1b5b6030635df16849474a02ae3d38dfda0"
			],
			"transactionHash": "0xfbf3630528784c45e824724e6a304c883bdcf06612ce144871c0c3eb8f622414",
			"transactionIndex": 65,
			"transactionLogIndex": "0x0",
			"type": "mined",
			"id": "log_a0b50bdb"
		}
	],
	"logsBloom": "0x00000000000000000000000000020000000000000000000000000000000000000000000000000000000000000000000000000000000000000000000000000000000000000000010000000008000000000000000000000000000000000060000000000000000000000000000000000000000000000000000000000010000000000000000000000000000000000000000000000000000000000000000000400000000000000000000080000000000000000000000000000000000000010000000000001002000000000000000000000000000000000000000000000000000000000000000000000000008000000000000000000000000000000000000000000000",
	"root": null,
	"status": "0x1",
	"transactionHash": "0xfbf3630528784c45e824724e6a304c883bdcf06612ce144871c0c3eb8f622414",
	"transactionIndex": 65
}
[2018-04-17T23:46:48.573] [DEBUG] trans - TO:   0xcd6e74a780b7f639cdcbf3ac33d4c27139e269f7
[2018-04-17T23:46:48.573] [DEBUG] trans - AMOUNT:   131622000000000000000
[2018-04-17T23:46:48.573] [DEBUG] trans - Receipt info:  {
	"blockHash": "0xcbdf246b2ab7ccc88a9228bde7b0be1cfb567b46eee07905bfc37e0d23deb396",
	"blockNumber": 5459294,
	"contractAddress": null,
	"cumulativeGasUsed": 483702,
	"gasUsed": 51589,
	"logs": [
		{
			"address": "0x7e9e431a0B8c4D532C745B1043c7FA29a48D4fBa",
			"blockHash": "0xcbdf246b2ab7ccc88a9228bde7b0be1cfb567b46eee07905bfc37e0d23deb396",
			"blockNumber": 5459294,
			"data": "0x000000000000000000000000000000000000000000000007229f47a302770000",
			"logIndex": 5,
			"topics": [
				"0xddf252ad1be2c89b69c2b068fc378daa952ba7f163c4a11628f55a4df523b3ef",
				"0x000000000000000000000000468b858c964f297fd8fce058032bf4b4911a8ad8",
				"0x000000000000000000000000cd6e74a780b7f639cdcbf3ac33d4c27139e269f7"
			],
			"transactionHash": "0x5c0d8b1d54abe1e39d4dc84bb307d1e2e03ad5d5f1176a7de9c298b3fb70e11b",
			"transactionIndex": 7,
			"transactionLogIndex": "0x0",
			"type": "mined",
			"id": "log_01536ded"
		}
	],
	"logsBloom": "0x00000000001000000000000000020000000000000000000000000000000000000000000000000000000000000000000000000000000000000000000000000000000000000000010000000008000000000000000000000000000000000020000000000000000000000000000000000000000000000000000000000010000000000000000000000000000000000000000000000000000000000000000000000000000000000000000080000000000000000000000000000000000000010000000000001002000000000000000000000000000000000000000000000000000000000000000000000000000000010000000000000000000000010000000000000000",
	"root": null,
	"status": "0x1",
	"transactionHash": "0x5c0d8b1d54abe1e39d4dc84bb307d1e2e03ad5d5f1176a7de9c298b3fb70e11b",
	"transactionIndex": 7
}
[2018-04-17T23:46:48.574] [DEBUG] trans - TO:   0x9f0e5e7dc5dc724ac804216a5385c05c09ebd31f
[2018-04-17T23:46:48.574] [DEBUG] trans - AMOUNT:   131617600000000000000
[2018-04-17T23:46:48.574] [DEBUG] trans - Receipt info:  {
	"blockHash": "0xcbdf246b2ab7ccc88a9228bde7b0be1cfb567b46eee07905bfc37e0d23deb396",
	"blockNumber": 5459294,
	"contractAddress": null,
	"cumulativeGasUsed": 6754524,
	"gasUsed": 51589,
	"logs": [
		{
			"address": "0x7e9e431a0B8c4D532C745B1043c7FA29a48D4fBa",
			"blockHash": "0xcbdf246b2ab7ccc88a9228bde7b0be1cfb567b46eee07905bfc37e0d23deb396",
			"blockNumber": 5459294,
			"data": "0x000000000000000000000000000000000000000000000007228fa5dc2d740000",
			"logIndex": 35,
			"topics": [
				"0xddf252ad1be2c89b69c2b068fc378daa952ba7f163c4a11628f55a4df523b3ef",
				"0x000000000000000000000000468b858c964f297fd8fce058032bf4b4911a8ad8",
				"0x0000000000000000000000009f0e5e7dc5dc724ac804216a5385c05c09ebd31f"
			],
			"transactionHash": "0x0ea2b81f17455376d3286e211eeae3afd6405390028e050195914c962985dcb4",
			"transactionIndex": 75,
			"transactionLogIndex": "0x0",
			"type": "mined",
			"id": "log_732f8418"
		}
	],
	"logsBloom": "0x0000000000000000000000000002000000000000000000000000000000000000000000000000000000000000000000000000000000000000000000000000000000000000000001000000000a000000000000000000000000000000000020000000000000000000000000000000000000000000000000000000000010000000000000000000000000000000000000000000000000000000000000000000000400000000000000000080000000000000000000000000008000000000010000000000001002000000000000000000000000000000000000000000000000000000000000000000000000000000000000000000000000000000000000000000000000",
	"root": null,
	"status": "0x1",
	"transactionHash": "0x0ea2b81f17455376d3286e211eeae3afd6405390028e050195914c962985dcb4",
	"transactionIndex": 75
}
[2018-04-17T23:46:48.575] [DEBUG] trans - TO:   0x2cc7c338876a91b3ee961602e9cf2bc20673853c
[2018-04-17T23:46:48.575] [DEBUG] trans - AMOUNT:   131615900000000000000
[2018-04-17T23:46:48.575] [DEBUG] trans - Receipt info:  {
	"blockHash": "0xcbdf246b2ab7ccc88a9228bde7b0be1cfb567b46eee07905bfc37e0d23deb396",
	"blockNumber": 5459294,
	"contractAddress": null,
	"cumulativeGasUsed": 7852756,
	"gasUsed": 51653,
	"logs": [
		{
			"address": "0x7e9e431a0B8c4D532C745B1043c7FA29a48D4fBa",
			"blockHash": "0xcbdf246b2ab7ccc88a9228bde7b0be1cfb567b46eee07905bfc37e0d23deb396",
			"blockNumber": 5459294,
			"data": "0x00000000000000000000000000000000000000000000000722899bb81555c000",
			"logIndex": 39,
			"topics": [
				"0xddf252ad1be2c89b69c2b068fc378daa952ba7f163c4a11628f55a4df523b3ef",
				"0x000000000000000000000000468b858c964f297fd8fce058032bf4b4911a8ad8",
				"0x0000000000000000000000002cc7c338876a91b3ee961602e9cf2bc20673853c"
			],
			"transactionHash": "0xaf8777f10ab3a719b189ccdee2c84b5e50b2622fb68b0cb9b47400df18e1efa9",
			"transactionIndex": 87,
			"transactionLogIndex": "0x0",
			"type": "mined",
			"id": "log_f90abb91"
		}
	],
	"logsBloom": "0x00000000000000000000000000020000000000000000000000000000000000000000000000010000000000000000000000000000000000000000000000000010000000000000010000000008000000000000000000000000000000000020000000000000000000000000000000000000000000000000000000000010000000000000000000000000000000000000000000000000000000000000000000000000000000000000000080000000000000000000000000000000000000010000000000001002000000000000000000000000000000000000000000000000000000000000000000000000000000000000400000000000000000000000000000000000",
	"root": null,
	"status": "0x1",
	"transactionHash": "0xaf8777f10ab3a719b189ccdee2c84b5e50b2622fb68b0cb9b47400df18e1efa9",
	"transactionIndex": 87
}
[2018-04-17T23:47:07.605] [DEBUG] trans - TO:   0xd359ee6faaf90bd8f2c11d504bf8ac43329edc36
[2018-04-17T23:47:07.605] [DEBUG] trans - AMOUNT:   131604700000000000000
[2018-04-17T23:47:07.605] [DEBUG] trans - Receipt info:  {
	"blockHash": "0x03342eeb19c075622319a7660380f36c059a8de63be324f254acdb6e11d17f9d",
	"blockNumber": 5459295,
	"contractAddress": null,
	"cumulativeGasUsed": 2852657,
	"gasUsed": 51653,
	"logs": [
		{
			"address": "0x7e9e431a0B8c4D532C745B1043c7FA29a48D4fBa",
			"blockHash": "0x03342eeb19c075622319a7660380f36c059a8de63be324f254acdb6e11d17f9d",
			"blockNumber": 5459295,
			"data": "0x0000000000000000000000000000000000000000000000072261d160dfd9c000",
			"logIndex": 44,
			"topics": [
				"0xddf252ad1be2c89b69c2b068fc378daa952ba7f163c4a11628f55a4df523b3ef",
				"0x000000000000000000000000468b858c964f297fd8fce058032bf4b4911a8ad8",
				"0x000000000000000000000000d359ee6faaf90bd8f2c11d504bf8ac43329edc36"
			],
			"transactionHash": "0x9a1c2b29cb066dcbe6cb245c731c0c866b11b7fdc405e6c6787d8858fde0f85b",
			"transactionIndex": 44,
			"transactionLogIndex": "0x0",
			"type": "mined",
			"id": "log_254229bf"
		}
	],
	"logsBloom": "0x00000000000000000000000000020000000000000000000000000000000000000000000000000000000000000000000000000000000000000000000000000000000000000000010000000008000000000000000000000000000000000020000000000020000000000000000000000000000000000000000000000010000000000000000000000000000000000000000000000000000000000000000000000000000000040000010080000000000000000000000000000000000000010000000000001002000000000000000000000000000000000000000000000000000000000000000000000000000000000000000000000000000000000000000000000000",
	"root": null,
	"status": "0x1",
	"transactionHash": "0x9a1c2b29cb066dcbe6cb245c731c0c866b11b7fdc405e6c6787d8858fde0f85b",
	"transactionIndex": 44
}
[2018-04-17T23:47:10.612] [DEBUG] trans - TO:   0xc76c1f2dd85b328bd775e73888c912c904884e16
[2018-04-17T23:47:10.612] [DEBUG] trans - AMOUNT:   131565700000000000000
[2018-04-17T23:47:10.612] [DEBUG] trans - Receipt info:  {
	"blockHash": "0x11f77f5a6d4eed3bf9f9fc0bbf816ae42f80658a6ca2011121d8dd2fb9ffda6e",
	"blockNumber": 5459296,
	"contractAddress": null,
	"cumulativeGasUsed": 3623165,
	"gasUsed": 51653,
	"logs": [
		{
			"address": "0x7e9e431a0B8c4D532C745B1043c7FA29a48D4fBa",
			"blockHash": "0x11f77f5a6d4eed3bf9f9fc0bbf816ae42f80658a6ca2011121d8dd2fb9ffda6e",
			"blockNumber": 5459296,
			"data": "0x00000000000000000000000000000000000000000000000721d74315c59c4000",
			"logIndex": 43,
			"topics": [
				"0xddf252ad1be2c89b69c2b068fc378daa952ba7f163c4a11628f55a4df523b3ef",
				"0x000000000000000000000000468b858c964f297fd8fce058032bf4b4911a8ad8",
				"0x000000000000000000000000c76c1f2dd85b328bd775e73888c912c904884e16"
			],
			"transactionHash": "0xbcf2f1069dd35e8acc2c2afdd435eefb0dbb1b45debb803b7f7cdbe41579f129",
			"transactionIndex": 129,
			"transactionLogIndex": "0x0",
			"type": "mined",
			"id": "log_37b5e5b0"
		}
	],
	"logsBloom": "0x00000000000000000000000000020000000000000000000000000000000000000000000000000000000000000000000000000000000000000000000000000000000000000000010000000008000000800000000000000000000000000020000000000000000000000000000000000000000000000000000000000010000000000000000000000000000000000000000000000000000000000000000000000000000000000000000080000000000000000000001000000000000000010000000000001002200000000000000000000000000000000000000000000000000000000000000000000000000000000000000000000000000000000000000000000000",
	"root": null,
	"status": "0x1",
	"transactionHash": "0xbcf2f1069dd35e8acc2c2afdd435eefb0dbb1b45debb803b7f7cdbe41579f129",
	"transactionIndex": 129
}
[2018-04-17T23:47:19.623] [DEBUG] trans - TO:   0x43a763c731fc42c5f93e4ff9c4649cc74e1be29a
[2018-04-17T23:47:19.623] [DEBUG] trans - AMOUNT:   131559700000000000000
[2018-04-17T23:47:19.623] [DEBUG] trans - Receipt info:  {
	"blockHash": "0x9f712295f8729fb67b026ab286f44be40f5a3e7b31fb0c89ad97f94cfaa92fd2",
	"blockNumber": 5459297,
	"contractAddress": null,
	"cumulativeGasUsed": 861930,
	"gasUsed": 51653,
	"logs": [
		{
			"address": "0x7e9e431a0B8c4D532C745B1043c7FA29a48D4fBa",
			"blockHash": "0x9f712295f8729fb67b026ab286f44be40f5a3e7b31fb0c89ad97f94cfaa92fd2",
			"blockNumber": 5459297,
			"data": "0x00000000000000000000000000000000000000000000000721c1f21de8f54000",
			"logIndex": 6,
			"topics": [
				"0xddf252ad1be2c89b69c2b068fc378daa952ba7f163c4a11628f55a4df523b3ef",
				"0x000000000000000000000000468b858c964f297fd8fce058032bf4b4911a8ad8",
				"0x00000000000000000000000043a763c731fc42c5f93e4ff9c4649cc74e1be29a"
			],
			"transactionHash": "0xdae30c2d5f9a850d3098acc6c9b89290ca01d510317f2912de8d714d9e4f50c5",
			"transactionIndex": 14,
			"transactionLogIndex": "0x0",
			"type": "mined",
			"id": "log_affb4e3a"
		}
	],
	"logsBloom": "0x00000000000000000000000000020000100000000000000000000000000000000000000000000000000000000000000000000000000000000000000000000000000000000000010000000008000000000000000000000000000000000020000000000000000000000000000000000000000000000000000000000010000000000000000000000000000000000000000001000000000000000000000000000000000000000000000080000000000000000000000000000000000000010000000000001002000000000000000000000000000100000000000000000000000000000000000000000000000000000000000000000000000000000000000000000000",
	"root": null,
	"status": "0x1",
	"transactionHash": "0xdae30c2d5f9a850d3098acc6c9b89290ca01d510317f2912de8d714d9e4f50c5",
	"transactionIndex": 14
}
[2018-04-17T23:47:32.641] [DEBUG] trans - TO:   0x14b1e39b7665ce3f7ab4c7b7caf767aaf3fd679a
[2018-04-17T23:47:32.641] [DEBUG] trans - AMOUNT:   131553600000000000000
[2018-04-17T23:47:32.641] [DEBUG] trans - Receipt info:  {
	"blockHash": "0x15ae729c63896128cd32abf63a4e0d1c572a9c0fb48de7032471ca4cd68352f8",
	"blockNumber": 5459298,
	"contractAddress": null,
	"cumulativeGasUsed": 1712576,
	"gasUsed": 51589,
	"logs": [
		{
			"address": "0x7e9e431a0B8c4D532C745B1043c7FA29a48D4fBa",
			"blockHash": "0x15ae729c63896128cd32abf63a4e0d1c572a9c0fb48de7032471ca4cd68352f8",
			"blockNumber": 5459298,
			"data": "0x00000000000000000000000000000000000000000000000721ac4632fbd40000",
			"logIndex": 31,
			"topics": [
				"0xddf252ad1be2c89b69c2b068fc378daa952ba7f163c4a11628f55a4df523b3ef",
				"0x000000000000000000000000468b858c964f297fd8fce058032bf4b4911a8ad8",
				"0x00000000000000000000000014b1e39b7665ce3f7ab4c7b7caf767aaf3fd679a"
			],
			"transactionHash": "0xd10d1a9163363173b61c0d06be2bced24e92996743043c57b9fa60b894ad3e9a",
			"transactionIndex": 45,
			"transactionLogIndex": "0x0",
			"type": "mined",
			"id": "log_371ad98b"
		}
	],
	"logsBloom": "0x00000000000000000000000000020000000000000000000000000000000000000000000000000000000000000000000000000000000000000000000000000000000000000000010000000008000000000000000000000000000000000020000000000000000000000000000000000000000000000000000000000010000000000000000000000000000000000000000000000000000000000000000000000000000000000000000080000000000000000000000008000000000000010000000000001002000000000000000000000000000000000000000000020000000000000000000000000000000000000000000000800000000000000000000000000000",
	"root": null,
	"status": "0x1",
	"transactionHash": "0xd10d1a9163363173b61c0d06be2bced24e92996743043c57b9fa60b894ad3e9a",
	"transactionIndex": 45
}
[2018-04-17T23:47:32.643] [DEBUG] trans - TO:   0x9b84f198093c7eb759519b565f5763dbafc1afdb
[2018-04-17T23:47:32.643] [DEBUG] trans - AMOUNT:   131548700000000000000
[2018-04-17T23:47:32.643] [DEBUG] trans - Receipt info:  {
	"blockHash": "0x15ae729c63896128cd32abf63a4e0d1c572a9c0fb48de7032471ca4cd68352f8",
	"blockNumber": 5459298,
	"contractAddress": null,
	"cumulativeGasUsed": 1815818,
	"gasUsed": 51653,
	"logs": [
		{
			"address": "0x7e9e431a0B8c4D532C745B1043c7FA29a48D4fBa",
			"blockHash": "0x15ae729c63896128cd32abf63a4e0d1c572a9c0fb48de7032471ca4cd68352f8",
			"blockNumber": 5459298,
			"data": "0x000000000000000000000000000000000000000000000007219addacd46dc000",
			"logIndex": 33,
			"topics": [
				"0xddf252ad1be2c89b69c2b068fc378daa952ba7f163c4a11628f55a4df523b3ef",
				"0x000000000000000000000000468b858c964f297fd8fce058032bf4b4911a8ad8",
				"0x0000000000000000000000009b84f198093c7eb759519b565f5763dbafc1afdb"
			],
			"transactionHash": "0x84e9a31173de324a7b361744d9c4ea852ebfbf2004a34fb21b7acdd8f2845664",
			"transactionIndex": 47,
			"transactionLogIndex": "0x0",
			"type": "mined",
			"id": "log_a02b8810"
		}
	],
	"logsBloom": "0x00000000000000000000000000020000000000000000000000000000000000000000000000000000000000000000000000000000000000000000000000000000000000000000010000020008000000000000000000000000000000000020000000000000000000000000000000000000000000000000000000000010000000000000000000000000000000000000000000000000000000000000000000000000000000080000000080000000000000000000000000000000000008010000000000001002000000000000000000000000000000000000000000000000000000000000000000000000000000000000000000000000000000000000000000000000",
	"root": null,
	"status": "0x1",
	"transactionHash": "0x84e9a31173de324a7b361744d9c4ea852ebfbf2004a34fb21b7acdd8f2845664",
	"transactionIndex": 47
}
[2018-04-17T23:47:32.644] [DEBUG] trans - TO:   0xcf4ef74031d112e0abf8c41afe7ce8ed2d1ed8a7
[2018-04-17T23:47:32.644] [DEBUG] trans - AMOUNT:   131556900000000000000
[2018-04-17T23:47:32.644] [DEBUG] trans - Receipt info:  {
	"blockHash": "0x15ae729c63896128cd32abf63a4e0d1c572a9c0fb48de7032471ca4cd68352f8",
	"blockNumber": 5459298,
	"contractAddress": null,
	"cumulativeGasUsed": 1660987,
	"gasUsed": 51653,
	"logs": [
		{
			"address": "0x7e9e431a0B8c4D532C745B1043c7FA29a48D4fBa",
			"blockHash": "0x15ae729c63896128cd32abf63a4e0d1c572a9c0fb48de7032471ca4cd68352f8",
			"blockNumber": 5459298,
			"data": "0x00000000000000000000000000000000000000000000000721b7ff881b964000",
			"logIndex": 30,
			"topics": [
				"0xddf252ad1be2c89b69c2b068fc378daa952ba7f163c4a11628f55a4df523b3ef",
				"0x000000000000000000000000468b858c964f297fd8fce058032bf4b4911a8ad8",
				"0x000000000000000000000000cf4ef74031d112e0abf8c41afe7ce8ed2d1ed8a7"
			],
			"transactionHash": "0xdefcbb375e0ff0b8b9367880f5c7efc27f0a72c0abc1b90e1fab53ce0b4931b4",
			"transactionIndex": 44,
			"transactionLogIndex": "0x0",
			"type": "mined",
			"id": "log_594478b2"
		}
	],
	"logsBloom": "0x000000000000000000000000000a0000000000000000000000000000000000000000000000000000000000000000000000000000000000000000000000000000000000000000010000000008000000000000000000000000000000000020000000000000000000000000000000000000000000000000000000000010000000000000000000000000000000000000000000000000000000000000000000000000000000000000000080000000000000000000000000000000000000010000000000001002000000000000000000000000000000000000000000000000000000000008000000000000000000000000000040000000000000000000000000000000",
	"root": null,
	"status": "0x1",
	"transactionHash": "0xdefcbb375e0ff0b8b9367880f5c7efc27f0a72c0abc1b90e1fab53ce0b4931b4",
	"transactionIndex": 44
}
[2018-04-17T23:47:32.646] [DEBUG] trans - TO:   0xf89396d6bfd4aac6e7e992e8191f72c1f771c1ca
[2018-04-17T23:47:32.646] [DEBUG] trans - AMOUNT:   131537400000000000000
[2018-04-17T23:47:32.646] [DEBUG] trans - Receipt info:  {
	"blockHash": "0x15ae729c63896128cd32abf63a4e0d1c572a9c0fb48de7032471ca4cd68352f8",
	"blockNumber": 5459298,
	"contractAddress": null,
	"cumulativeGasUsed": 1867471,
	"gasUsed": 51653,
	"logs": [
		{
			"address": "0x7e9e431a0B8c4D532C745B1043c7FA29a48D4fBa",
			"blockHash": "0x15ae729c63896128cd32abf63a4e0d1c572a9c0fb48de7032471ca4cd68352f8",
			"blockNumber": 5459298,
			"data": "0x0000000000000000000000000000000000000000000000072172b8628e778000",
			"logIndex": 34,
			"topics": [
				"0xddf252ad1be2c89b69c2b068fc378daa952ba7f163c4a11628f55a4df523b3ef",
				"0x000000000000000000000000468b858c964f297fd8fce058032bf4b4911a8ad8",
				"0x000000000000000000000000f89396d6bfd4aac6e7e992e8191f72c1f771c1ca"
			],
			"transactionHash": "0x06a2aa2151719eb6dae9cd07e61b51223cd7cf10a24c51f445ce1e97d1d5694e",
			"transactionIndex": 48,
			"transactionLogIndex": "0x0",
			"type": "mined",
			"id": "log_db54ad27"
		}
	],
	"logsBloom": "0x00000000000000000000000000020000000000000000000000000000000000000000000000000000000000000000000000000004000000000000000000000000000000000000010000000008000000000000000000000000000000000020000000000000000000000000000000000000000000000000000000000010000000000000000000000000000000000000000000000800000000000000000000000000000000000000000080000000000000000000000000000000000000010000000000001002000000000000000000000200000000000000000000000000000000000000000000000000000000000000000000000000000000000000000000000000",
	"root": null,
	"status": "0x1",
	"transactionHash": "0x06a2aa2151719eb6dae9cd07e61b51223cd7cf10a24c51f445ce1e97d1d5694e",
	"transactionIndex": 48
}
[2018-04-17T23:47:32.646] [DEBUG] trans - TO:   0x389e9252ef92aa96b3828f9b091c1d7484316614
[2018-04-17T23:47:32.646] [DEBUG] trans - AMOUNT:   131534400000000000000
[2018-04-17T23:47:32.646] [DEBUG] trans - Receipt info:  {
	"blockHash": "0x15ae729c63896128cd32abf63a4e0d1c572a9c0fb48de7032471ca4cd68352f8",
	"blockNumber": 5459298,
	"contractAddress": null,
	"cumulativeGasUsed": 1919060,
	"gasUsed": 51589,
	"logs": [
		{
			"address": "0x7e9e431a0B8c4D532C745B1043c7FA29a48D4fBa",
			"blockHash": "0x15ae729c63896128cd32abf63a4e0d1c572a9c0fb48de7032471ca4cd68352f8",
			"blockNumber": 5459298,
			"data": "0x00000000000000000000000000000000000000000000000721680fe6a0240000",
			"logIndex": 35,
			"topics": [
				"0xddf252ad1be2c89b69c2b068fc378daa952ba7f163c4a11628f55a4df523b3ef",
				"0x000000000000000000000000468b858c964f297fd8fce058032bf4b4911a8ad8",
				"0x000000000000000000000000389e9252ef92aa96b3828f9b091c1d7484316614"
			],
			"transactionHash": "0x6641111da1034f2c5f7cd64a4cf7dcb788df45e1402cdad4597ee145de66a776",
			"transactionIndex": 49,
			"transactionLogIndex": "0x0",
			"type": "mined",
			"id": "log_497b7d3b"
		}
	],
	"logsBloom": "0x00000000000004000000000000020000000000000000000000000000000000000000000000000000000000000000000000000000000000000000000000000000000000000000010000000008000000000000000000000000000000000020000000000000000000000000000000000000000000000000000000000010000000000000000000000000000000000000000000000000000000000000000000000000000000000000000080000000000000000000000000000000000000010000000000001002200000000200000000000000000000000000000000000000000000000000000000000000000000000000000000000000000000000000000000000000",
	"root": null,
	"status": "0x1",
	"transactionHash": "0x6641111da1034f2c5f7cd64a4cf7dcb788df45e1402cdad4597ee145de66a776",
	"transactionIndex": 49
}
[2018-04-17T23:47:32.646] [DEBUG] trans - TO:   0x6c2b474ee7e9acc53d71ad3e105ff801145971c5
[2018-04-17T23:47:32.646] [DEBUG] trans - AMOUNT:   131531100000000000000
[2018-04-17T23:47:32.646] [DEBUG] trans - Receipt info:  {
	"blockHash": "0x15ae729c63896128cd32abf63a4e0d1c572a9c0fb48de7032471ca4cd68352f8",
	"blockNumber": 5459298,
	"contractAddress": null,
	"cumulativeGasUsed": 2022238,
	"gasUsed": 51653,
	"logs": [
		{
			"address": "0x7e9e431a0B8c4D532C745B1043c7FA29a48D4fBa",
			"blockHash": "0x15ae729c63896128cd32abf63a4e0d1c572a9c0fb48de7032471ca4cd68352f8",
			"blockNumber": 5459298,
			"data": "0x000000000000000000000000000000000000000000000007215c56918061c000",
			"logIndex": 37,
			"topics": [
				"0xddf252ad1be2c89b69c2b068fc378daa952ba7f163c4a11628f55a4df523b3ef",
				"0x000000000000000000000000468b858c964f297fd8fce058032bf4b4911a8ad8",
				"0x0000000000000000000000006c2b474ee7e9acc53d71ad3e105ff801145971c5"
			],
			"transactionHash": "0xb6cc4785461ed1b6ee839b1eb42b4e7315d6a91d0c4142c282ea465a8c02374e",
			"transactionIndex": 51,
			"transactionLogIndex": "0x0",
			"type": "mined",
			"id": "log_c5850083"
		}
	],
	"logsBloom": "0x00000000000000000000000000020000000000000000000000000000000000000000000000000000000000000000000000000000000000000000000000000000000000000000010000000008000000000000000000000000000000000020000001000000000000000000000000000000000000000000000000000010000000000000000000000000000000000000000000000000000000000000000000000000000000000000000080000000000000000000000000000000000000090000000000001002000000000000000000000000000000000000000000000000000000000000000000000000000000000000000000000000004000000000000000000000",
	"root": null,
	"status": "0x1",
	"transactionHash": "0xb6cc4785461ed1b6ee839b1eb42b4e7315d6a91d0c4142c282ea465a8c02374e",
	"transactionIndex": 51
}
[2018-04-17T23:47:32.647] [DEBUG] trans - TO:   0x6085396c3222b2e0c07415fe2a366c797f3f4834
[2018-04-17T23:47:32.647] [DEBUG] trans - AMOUNT:   131518300000000000000
[2018-04-17T23:47:32.647] [DEBUG] trans - Receipt info:  {
	"blockHash": "0x15ae729c63896128cd32abf63a4e0d1c572a9c0fb48de7032471ca4cd68352f8",
	"blockNumber": 5459298,
	"contractAddress": null,
	"cumulativeGasUsed": 2125544,
	"gasUsed": 51653,
	"logs": [
		{
			"address": "0x7e9e431a0B8c4D532C745B1043c7FA29a48D4fBa",
			"blockHash": "0x15ae729c63896128cd32abf63a4e0d1c572a9c0fb48de7032471ca4cd68352f8",
			"blockNumber": 5459298,
			"data": "0x000000000000000000000000000000000000000000000007212edd094341c000",
			"logIndex": 39,
			"topics": [
				"0xddf252ad1be2c89b69c2b068fc378daa952ba7f163c4a11628f55a4df523b3ef",
				"0x000000000000000000000000468b858c964f297fd8fce058032bf4b4911a8ad8",
				"0x0000000000000000000000006085396c3222b2e0c07415fe2a366c797f3f4834"
			],
			"transactionHash": "0x147203f0e3eba9f31fad19460a78bd71f803f1ac0b690216ff3974a20730a9f0",
			"transactionIndex": 53,
			"transactionLogIndex": "0x0",
			"type": "mined",
			"id": "log_6c2ea5c3"
		}
	],
	"logsBloom": "0x00000000000000000000000000020000000000000000000000000000000000000000000000000000000000000000000000000000000000000000000000000000000000000000010000000008000000000000000000000000000000000020000004000000000000000000000000000000000000000000000000000010000000000000000000000000000000000000000000000000000000000000000000000001000000000000000180000000000000000000000000000000000000010000000000001002000000000000000000000000000000000000000000000000000000000000000000000000000000000000000000000000000000000000000000000000",
	"root": null,
	"status": "0x1",
	"transactionHash": "0x147203f0e3eba9f31fad19460a78bd71f803f1ac0b690216ff3974a20730a9f0",
	"transactionIndex": 53
}
[2018-04-17T23:47:32.647] [DEBUG] trans - TO:   0x5d9aec2467afc83473c99a004b2885c937954548
[2018-04-17T23:47:32.647] [DEBUG] trans - AMOUNT:   131531200000000000000
[2018-04-17T23:47:32.647] [DEBUG] trans - Receipt info:  {
	"blockHash": "0x15ae729c63896128cd32abf63a4e0d1c572a9c0fb48de7032471ca4cd68352f8",
	"blockNumber": 5459298,
	"contractAddress": null,
	"cumulativeGasUsed": 1970585,
	"gasUsed": 51525,
	"logs": [
		{
			"address": "0x7e9e431a0B8c4D532C745B1043c7FA29a48D4fBa",
			"blockHash": "0x15ae729c63896128cd32abf63a4e0d1c572a9c0fb48de7032471ca4cd68352f8",
			"blockNumber": 5459298,
			"data": "0x000000000000000000000000000000000000000000000007215cb18490dc0000",
			"logIndex": 36,
			"topics": [
				"0xddf252ad1be2c89b69c2b068fc378daa952ba7f163c4a11628f55a4df523b3ef",
				"0x000000000000000000000000468b858c964f297fd8fce058032bf4b4911a8ad8",
				"0x0000000000000000000000005d9aec2467afc83473c99a004b2885c937954548"
			],
			"transactionHash": "0xdbb0a9042d76f2d9a86a464dbe72cf06042970f250d6ad645a7bf7748b3e4907",
			"transactionIndex": 50,
			"transactionLogIndex": "0x0",
			"type": "mined",
			"id": "log_7d5d568b"
		}
	],
	"logsBloom": "0x00000000000000000000000000020000000000000000000000000000000000000000000000000000000000000000000000000000000000000000000000000000000000000004010008000008000000000000000000000000000000000020000000000000000000000000000000000000000000000080000000000010000000000000000000000000000000000000000000000000000000000000000000000000000000000000000080000000000000000000000000000000000000010000000000001002000000000000000000000000000000000000000000000000000000000000000000000000000000000000000000000000000000000000000000000000",
	"root": null,
	"status": "0x1",
	"transactionHash": "0xdbb0a9042d76f2d9a86a464dbe72cf06042970f250d6ad645a7bf7748b3e4907",
	"transactionIndex": 50
}
[2018-04-17T23:47:32.648] [DEBUG] trans - TO:   0x2213b34b02d26f5060e1bb5a5a2fa8855333a475
[2018-04-17T23:47:32.648] [DEBUG] trans - AMOUNT:   131500000000000000000
[2018-04-17T23:47:32.648] [DEBUG] trans - Receipt info:  {
	"blockHash": "0x15ae729c63896128cd32abf63a4e0d1c572a9c0fb48de7032471ca4cd68352f8",
	"blockNumber": 5459298,
	"contractAddress": null,
	"cumulativeGasUsed": 2280439,
	"gasUsed": 51589,
	"logs": [
		{
			"address": "0x7e9e431a0B8c4D532C745B1043c7FA29a48D4fBa",
			"blockHash": "0x15ae729c63896128cd32abf63a4e0d1c572a9c0fb48de7032471ca4cd68352f8",
			"blockNumber": 5459298,
			"data": "0x00000000000000000000000000000000000000000000000720edd9487bde0000",
			"logIndex": 42,
			"topics": [
				"0xddf252ad1be2c89b69c2b068fc378daa952ba7f163c4a11628f55a4df523b3ef",
				"0x000000000000000000000000468b858c964f297fd8fce058032bf4b4911a8ad8",
				"0x0000000000000000000000002213b34b02d26f5060e1bb5a5a2fa8855333a475"
			],
			"transactionHash": "0x38a21742252054eadcec54b483f930752b0857737c9bcd19270aaf2f4e5d635d",
			"transactionIndex": 56,
			"transactionLogIndex": "0x0",
			"type": "mined",
			"id": "log_b3cb5892"
		}
	],
	"logsBloom": "0x00000000000000000000000000020000000000000000000000000000000000000000000000000000000000000000000000000000000000000000000000000000000000000000010000000008000000000008000000000000000000000020000000000000000000000000000000000000000000000000000000000010000000000000000000000000000000000000000000000000000000000000000000000000000000000000000080000000000000000000000000000000000000010000000000001002000000000000000000800000100000000000000000000000000000000000000000000000000000000000000000000000000000000000000000000000",
	"root": null,
	"status": "0x1",
	"transactionHash": "0x38a21742252054eadcec54b483f930752b0857737c9bcd19270aaf2f4e5d635d",
	"transactionIndex": 56
}
[2018-04-17T23:47:32.650] [DEBUG] trans - TO:   0x586bc3bdf72976166f77e3887a09299b0240363f
[2018-04-17T23:47:32.650] [DEBUG] trans - AMOUNT:   131513700000000000000
[2018-04-17T23:47:32.650] [DEBUG] trans - Receipt info:  {
	"blockHash": "0x15ae729c63896128cd32abf63a4e0d1c572a9c0fb48de7032471ca4cd68352f8",
	"blockNumber": 5459298,
	"contractAddress": null,
	"cumulativeGasUsed": 2177197,
	"gasUsed": 51653,
	"logs": [
		{
			"address": "0x7e9e431a0B8c4D532C745B1043c7FA29a48D4fBa",
			"blockHash": "0x15ae729c63896128cd32abf63a4e0d1c572a9c0fb48de7032471ca4cd68352f8",
			"blockNumber": 5459298,
			"data": "0x000000000000000000000000000000000000000000000007211e855c4d4a4000",
			"logIndex": 40,
			"topics": [
				"0xddf252ad1be2c89b69c2b068fc378daa952ba7f163c4a11628f55a4df523b3ef",
				"0x000000000000000000000000468b858c964f297fd8fce058032bf4b4911a8ad8",
				"0x000000000000000000000000586bc3bdf72976166f77e3887a09299b0240363f"
			],
			"transactionHash": "0x6258c16ded47852b2522f490b192acf41cba0650c442d5ae0486268481e496b5",
			"transactionIndex": 54,
			"transactionLogIndex": "0x0",
			"type": "mined",
			"id": "log_9f4ef6dd"
		}
	],
	"logsBloom": "0x00000000000000000000000000020000000000000000000000000000000000000000000000000000000000000000000000000000000000000000000000000000000000000000010000000008000000000000000000000000000000000020000000000000000000000000000000000000000000000000000000020010000000000000000000000000000000000000000000000000000000000000000000000000000000000000000080000000000000000000000000000000000000010000000000001002000000000000000000000000000000000000000000000001000000000000000000000000000000000000000000000000000000000000000000000001",
	"root": null,
	"status": "0x1",
	"transactionHash": "0x6258c16ded47852b2522f490b192acf41cba0650c442d5ae0486268481e496b5",
	"transactionIndex": 54
}
[2018-04-17T23:47:32.650] [DEBUG] trans - TO:   0xe3f6c1d03309833186fc96636644b90d491dba97
[2018-04-17T23:47:32.650] [DEBUG] trans - AMOUNT:   131500000000000000000
[2018-04-17T23:47:32.650] [DEBUG] trans - Receipt info:  {
	"blockHash": "0x15ae729c63896128cd32abf63a4e0d1c572a9c0fb48de7032471ca4cd68352f8",
	"blockNumber": 5459298,
	"contractAddress": null,
	"cumulativeGasUsed": 2332028,
	"gasUsed": 51589,
	"logs": [
		{
			"address": "0x7e9e431a0B8c4D532C745B1043c7FA29a48D4fBa",
			"blockHash": "0x15ae729c63896128cd32abf63a4e0d1c572a9c0fb48de7032471ca4cd68352f8",
			"blockNumber": 5459298,
			"data": "0x00000000000000000000000000000000000000000000000720edd9487bde0000",
			"logIndex": 43,
			"topics": [
				"0xddf252ad1be2c89b69c2b068fc378daa952ba7f163c4a11628f55a4df523b3ef",
				"0x000000000000000000000000468b858c964f297fd8fce058032bf4b4911a8ad8",
				"0x000000000000000000000000e3f6c1d03309833186fc96636644b90d491dba97"
			],
			"transactionHash": "0x2095883add01a766f7d19fc532ab592d5bcf53b2861760b7bde795c336237e1b",
			"transactionIndex": 57,
			"transactionLogIndex": "0x0",
			"type": "mined",
			"id": "log_bdc3dafd"
		}
	],
	"logsBloom": "0x00000000000000000000000000020000000000000000000000000000000000000010000000000000000000000000000000000000000000000000000000000000000000000000010000000008000000000000000000000000000000000020000000000000000000000000000040000000000000000000000000000010000000000000000000000000000000000000000000000000000020000000000000000000000000000000000080000000000000000000000000000000000000010000000000001002000000000000000000000000000000000000000000000000000000000000000000000000000000000000000000000000000000000000000000000000",
	"root": null,
	"status": "0x1",
	"transactionHash": "0x2095883add01a766f7d19fc532ab592d5bcf53b2861760b7bde795c336237e1b",
	"transactionIndex": 57
}
[2018-04-17T23:47:32.651] [DEBUG] trans - TO:   0x583402e5fdc0d4c0f3fa02d4d768eba8382f6c70
[2018-04-17T23:47:32.651] [DEBUG] trans - AMOUNT:   131508500000000000000
[2018-04-17T23:47:32.651] [DEBUG] trans - Receipt info:  {
	"blockHash": "0x15ae729c63896128cd32abf63a4e0d1c572a9c0fb48de7032471ca4cd68352f8",
	"blockNumber": 5459298,
	"contractAddress": null,
	"cumulativeGasUsed": 2228850,
	"gasUsed": 51653,
	"logs": [
		{
			"address": "0x7e9e431a0B8c4D532C745B1043c7FA29a48D4fBa",
			"blockHash": "0x15ae729c63896128cd32abf63a4e0d1c572a9c0fb48de7032471ca4cd68352f8",
			"blockNumber": 5459298,
			"data": "0x000000000000000000000000000000000000000000000007210c0bfcf4754000",
			"logIndex": 41,
			"topics": [
				"0xddf252ad1be2c89b69c2b068fc378daa952ba7f163c4a11628f55a4df523b3ef",
				"0x000000000000000000000000468b858c964f297fd8fce058032bf4b4911a8ad8",
				"0x000000000000000000000000583402e5fdc0d4c0f3fa02d4d768eba8382f6c70"
			],
			"transactionHash": "0xe3dda1b3ded37268fb8930a8dde1b9c8e9976e49767f4cd0b79a36e0b9f6dc45",
			"transactionIndex": 55,
			"transactionLogIndex": "0x0",
			"type": "mined",
			"id": "log_ae4b2ec4"
		}
	],
	"logsBloom": "0x00000000000000000080000000020000000000000000000000000000000000000000000000000000000000000000000000000000000000000000000000000000000000000000010000000008000000000000000000000000000000000020000000000000000000000000000000000000000000000000000000000010000100000000000000000000000000000000000000000000000000000000000000000000000000000000000080000000000000000000000000000000000000010000000000001002000000000000020000000000000000000000000000000000000000000000000000000000000000000000000000000000000000000000000000000000",
	"root": null,
	"status": "0x1",
	"transactionHash": "0xe3dda1b3ded37268fb8930a8dde1b9c8e9976e49767f4cd0b79a36e0b9f6dc45",
	"transactionIndex": 55
}
[2018-04-17T23:47:32.651] [DEBUG] trans - TO:   0x8b3fbba9e08b7f0c53f05173e56bcd4b8c9abbc9
[2018-04-17T23:47:32.651] [DEBUG] trans - AMOUNT:   131492600000000000000
[2018-04-17T23:47:32.651] [DEBUG] trans - Receipt info:  {
	"blockHash": "0x15ae729c63896128cd32abf63a4e0d1c572a9c0fb48de7032471ca4cd68352f8",
	"blockNumber": 5459298,
	"contractAddress": null,
	"cumulativeGasUsed": 2435270,
	"gasUsed": 51653,
	"logs": [
		{
			"address": "0x7e9e431a0B8c4D532C745B1043c7FA29a48D4fBa",
			"blockHash": "0x15ae729c63896128cd32abf63a4e0d1c572a9c0fb48de7032471ca4cd68352f8",
			"blockNumber": 5459298,
			"data": "0x00000000000000000000000000000000000000000000000720d38f05b8878000",
			"logIndex": 45,
			"topics": [
				"0xddf252ad1be2c89b69c2b068fc378daa952ba7f163c4a11628f55a4df523b3ef",
				"0x000000000000000000000000468b858c964f297fd8fce058032bf4b4911a8ad8",
				"0x0000000000000000000000008b3fbba9e08b7f0c53f05173e56bcd4b8c9abbc9"
			],
			"transactionHash": "0x08f007644a7ee27cf6a264e356090b0bd7201f8878b9589ed7b78c0bba6be90c",
			"transactionIndex": 59,
			"transactionLogIndex": "0x0",
			"type": "mined",
			"id": "log_07a3b84b"
		}
	],
	"logsBloom": "0x00000000000000000000000000020000000000000000000000000000000000000000000000000000000000000000000000000000000000000000000000000000000080000000010000000008000000000000000000000000000000000020000000000000000000000000000000000000000000000000000000000010000000000000000000000000000000000000000000000000000000000000000000000000000000000000000080000000000000000000000000000000000000010000000000001002000000000000000000000000000000000000000000000000000000101000000000000000000000000000000000000000000000000000000000000000",
	"root": null,
	"status": "0x1",
	"transactionHash": "0x08f007644a7ee27cf6a264e356090b0bd7201f8878b9589ed7b78c0bba6be90c",
	"transactionIndex": 59
}
[2018-04-17T23:47:32.651] [DEBUG] trans - TO:   0x16d7f0ee99b60a7080149a24727551daf4dcb076
[2018-04-17T23:47:32.652] [DEBUG] trans - AMOUNT:   131480700000000000000
[2018-04-17T23:47:32.652] [DEBUG] trans - Receipt info:  {
	"blockHash": "0x15ae729c63896128cd32abf63a4e0d1c572a9c0fb48de7032471ca4cd68352f8",
	"blockNumber": 5459298,
	"contractAddress": null,
	"cumulativeGasUsed": 2641754,
	"gasUsed": 51653,
	"logs": [
		{
			"address": "0x7e9e431a0B8c4D532C745B1043c7FA29a48D4fBa",
			"blockHash": "0x15ae729c63896128cd32abf63a4e0d1c572a9c0fb48de7032471ca4cd68352f8",
			"blockNumber": 5459298,
			"data": "0x00000000000000000000000000000000000000000000000720a948090fb3c000",
			"logIndex": 49,
			"topics": [
				"0xddf252ad1be2c89b69c2b068fc378daa952ba7f163c4a11628f55a4df523b3ef",
				"0x000000000000000000000000468b858c964f297fd8fce058032bf4b4911a8ad8",
				"0x00000000000000000000000016d7f0ee99b60a7080149a24727551daf4dcb076"
			],
			"transactionHash": "0xdffe6218112d92b2f65acf8873b44541acc05e3dcea6cc88bcdeade527867612",
			"transactionIndex": 63,
			"transactionLogIndex": "0x0",
			"type": "mined",
			"id": "log_32979a1d"
		}
	],
	"logsBloom": "0x00000000000000000000000000020000000000000000000000000000000000000000000000000000000000000000000000000000000000000000000000000000000000000000010000000008000000000000000000000000000000200020000000000000000000000000000000000000000000000000000000000010000000000000000000000000000000000000000000000000000000000000000000000000000000000000000080000000000000000000000000000000000000010000000000001002000000000000000000000000000000000000000000000000000000000000000080000020000000000000000000000000000000000000000000000000",
	"root": null,
	"status": "0x1",
	"transactionHash": "0xdffe6218112d92b2f65acf8873b44541acc05e3dcea6cc88bcdeade527867612",
	"transactionIndex": 63
}
[2018-04-17T23:47:32.653] [DEBUG] trans - TO:   0x9b7917cdabef2fa8a3bb6a2308463ee6fbc2c29c
[2018-04-17T23:47:32.653] [DEBUG] trans - AMOUNT:   131498800000000000000
[2018-04-17T23:47:32.653] [DEBUG] trans - Receipt info:  {
	"blockHash": "0x15ae729c63896128cd32abf63a4e0d1c572a9c0fb48de7032471ca4cd68352f8",
	"blockNumber": 5459298,
	"contractAddress": null,
	"cumulativeGasUsed": 2383617,
	"gasUsed": 51589,
	"logs": [
		{
			"address": "0x7e9e431a0B8c4D532C745B1043c7FA29a48D4fBa",
			"blockHash": "0x15ae729c63896128cd32abf63a4e0d1c572a9c0fb48de7032471ca4cd68352f8",
			"blockNumber": 5459298,
			"data": "0x00000000000000000000000000000000000000000000000720e995e3b6230000",
			"logIndex": 44,
			"topics": [
				"0xddf252ad1be2c89b69c2b068fc378daa952ba7f163c4a11628f55a4df523b3ef",
				"0x000000000000000000000000468b858c964f297fd8fce058032bf4b4911a8ad8",
				"0x0000000000000000000000009b7917cdabef2fa8a3bb6a2308463ee6fbc2c29c"
			],
			"transactionHash": "0xd4fdf54752923b9508ae225b1283ac584800b24359e98b54cb0952a0cfa7f219",
			"transactionIndex": 58,
			"transactionLogIndex": "0x0",
			"type": "mined",
			"id": "log_1307aaf6"
		}
	],
	"logsBloom": "0x00000000000000000000000000020000000000000000000800000000000000000000000000000000000000000000000000000000000000000000000000000000000000000000010000000008000000000000000000000000000000000020000000000000000000000000000000000000000000000000000000000010000000000000000000000000000000000080000000000000000000000000000000000000000000000000000080000000000000000000000000000000000000010000000000001002000000000000000000000000000000000000000000000000000000000004000000000000000000000000000000000000000000000000000000000000",
	"root": null,
	"status": "0x1",
	"transactionHash": "0xd4fdf54752923b9508ae225b1283ac584800b24359e98b54cb0952a0cfa7f219",
	"transactionIndex": 58
}
[2018-04-17T23:47:32.653] [DEBUG] trans - TO:   0xbddfa25983eaf9717072ee8d1e9ec69f38d0ef67
[2018-04-17T23:47:32.653] [DEBUG] trans - AMOUNT:   131482400000000000000
[2018-04-17T23:47:32.653] [DEBUG] trans - Receipt info:  {
	"blockHash": "0x15ae729c63896128cd32abf63a4e0d1c572a9c0fb48de7032471ca4cd68352f8",
	"blockNumber": 5459298,
	"contractAddress": null,
	"cumulativeGasUsed": 2590101,
	"gasUsed": 51589,
	"logs": [
		{
			"address": "0x7e9e431a0B8c4D532C745B1043c7FA29a48D4fBa",
			"blockHash": "0x15ae729c63896128cd32abf63a4e0d1c572a9c0fb48de7032471ca4cd68352f8",
			"blockNumber": 5459298,
			"data": "0x00000000000000000000000000000000000000000000000720af522d27d20000",
			"logIndex": 48,
			"topics": [
				"0xddf252ad1be2c89b69c2b068fc378daa952ba7f163c4a11628f55a4df523b3ef",
				"0x000000000000000000000000468b858c964f297fd8fce058032bf4b4911a8ad8",
				"0x000000000000000000000000bddfa25983eaf9717072ee8d1e9ec69f38d0ef67"
			],
			"transactionHash": "0x5ebba4924860f10753b93e6cb319b230279a85072974a33f38d10fc5c0de2c8f",
			"transactionIndex": 62,
			"transactionLogIndex": "0x0",
			"type": "mined",
			"id": "log_6bb8eb87"
		}
	],
	"logsBloom": "0x10000000000000000000000000020000000000000000000000000000000000000000000000000000000000000000000000000100000000000000000000000000000000000000010000000008000000000000000000000000000000000020000000000000000000000000000000000000000000000000000000000010000000000000000000000000000000000000000000000000000000000000000000000000000000000000000080000000000000000000000000000000000000010000000000001002000000000000000000000000400000000000000000000000000000000000000000000000000000000000000000000000000000000000000000000000",
	"root": null,
	"status": "0x1",
	"transactionHash": "0x5ebba4924860f10753b93e6cb319b230279a85072974a33f38d10fc5c0de2c8f",
	"transactionIndex": 62
}
[2018-04-17T23:47:32.653] [DEBUG] trans - TO:   0xb4198124eea2bde5df7c7bce365aeac838a8be86
[2018-04-17T23:47:32.653] [DEBUG] trans - AMOUNT:   131488400000000000000
[2018-04-17T23:47:32.653] [DEBUG] trans - Receipt info:  {
	"blockHash": "0x15ae729c63896128cd32abf63a4e0d1c572a9c0fb48de7032471ca4cd68352f8",
	"blockNumber": 5459298,
	"contractAddress": null,
	"cumulativeGasUsed": 2486859,
	"gasUsed": 51589,
	"logs": [
		{
			"address": "0x7e9e431a0B8c4D532C745B1043c7FA29a48D4fBa",
			"blockHash": "0x15ae729c63896128cd32abf63a4e0d1c572a9c0fb48de7032471ca4cd68352f8",
			"blockNumber": 5459298,
			"data": "0x00000000000000000000000000000000000000000000000720c4a32504790000",
			"logIndex": 46,
			"topics": [
				"0xddf252ad1be2c89b69c2b068fc378daa952ba7f163c4a11628f55a4df523b3ef",
				"0x000000000000000000000000468b858c964f297fd8fce058032bf4b4911a8ad8",
				"0x000000000000000000000000b4198124eea2bde5df7c7bce365aeac838a8be86"
			],
			"transactionHash": "0xd6ab91e020a1fd90ca47ffe10fde4f1d2b28cfcb5882af2b83cc2b3eededa9bd",
			"transactionIndex": 60,
			"transactionLogIndex": "0x0",
			"type": "mined",
			"id": "log_9750a091"
		}
	],
	"logsBloom": "0x0000000000000000000000000002000000000000000000000000000000000000000000000000000000000000000000000000000000000000000000000000000000000000000001000000000c000000000000000000000000000000000020000000000000000000000000000000000000000000000000000000000010000000000000000000000000000000000000000000000000000000000000000000000000000000000000000080000000000000000000000000000000000000010000000004001002000000000000000000000000000000000000000000000000000000000000000000000000000000000000000000000000000000000000000002000000",
	"root": null,
	"status": "0x1",
	"transactionHash": "0xd6ab91e020a1fd90ca47ffe10fde4f1d2b28cfcb5882af2b83cc2b3eededa9bd",
	"transactionIndex": 60
}
[2018-04-17T23:47:32.654] [DEBUG] trans - TO:   0x09a4532e801183d2b1112f09b92012b1b4c2139b
[2018-04-17T23:47:32.654] [DEBUG] trans - AMOUNT:   131549600000000000000
[2018-04-17T23:47:32.654] [DEBUG] trans - Receipt info:  {
	"blockHash": "0x15ae729c63896128cd32abf63a4e0d1c572a9c0fb48de7032471ca4cd68352f8",
	"blockNumber": 5459298,
	"contractAddress": null,
	"cumulativeGasUsed": 1764165,
	"gasUsed": 51589,
	"logs": [
		{
			"address": "0x7e9e431a0B8c4D532C745B1043c7FA29a48D4fBa",
			"blockHash": "0x15ae729c63896128cd32abf63a4e0d1c572a9c0fb48de7032471ca4cd68352f8",
			"blockNumber": 5459298,
			"data": "0x000000000000000000000000000000000000000000000007219e103868ba0000",
			"logIndex": 32,
			"topics": [
				"0xddf252ad1be2c89b69c2b068fc378daa952ba7f163c4a11628f55a4df523b3ef",
				"0x000000000000000000000000468b858c964f297fd8fce058032bf4b4911a8ad8",
				"0x00000000000000000000000009a4532e801183d2b1112f09b92012b1b4c2139b"
			],
			"transactionHash": "0x24f01a70ba737596c2ff6704d687a64ac7b9344b024a08037c009110d4fbd23e",
			"transactionIndex": 46,
			"transactionLogIndex": "0x0",
			"type": "mined",
			"id": "log_d6e5cab2"
		}
	],
	"logsBloom": "0x00000000000000000000000000020000000000000000000000000000000000000000000000000000000000000000000000000000000000000000000000000000000000000000010000000008000000000000000000000000000000000020000000000000000000000000000000000000000000000000000000000010000000000000000000000000000000000000000000000001000000000000000000000000000000000000000080000000000000000000000000000000000000010000000000001002000000000000000000000000000000000000000000000000000000000000000000000000000000002000000000000000000000000000200000000000",
	"root": null,
	"status": "0x1",
	"transactionHash": "0x24f01a70ba737596c2ff6704d687a64ac7b9344b024a08037c009110d4fbd23e",
	"transactionIndex": 46
}
[2018-04-17T23:47:32.654] [DEBUG] trans - TO:   0x825c2c72a08d80396ea4fa9146e35ea8cd9f6d4d
[2018-04-17T23:47:32.654] [DEBUG] trans - AMOUNT:   131527300000000000000
[2018-04-17T23:47:32.654] [DEBUG] trans - Receipt info:  {
	"blockHash": "0x15ae729c63896128cd32abf63a4e0d1c572a9c0fb48de7032471ca4cd68352f8",
	"blockNumber": 5459298,
	"contractAddress": null,
	"cumulativeGasUsed": 2073891,
	"gasUsed": 51653,
	"logs": [
		{
			"address": "0x7e9e431a0B8c4D532C745B1043c7FA29a48D4fBa",
			"blockHash": "0x15ae729c63896128cd32abf63a4e0d1c572a9c0fb48de7032471ca4cd68352f8",
			"blockNumber": 5459298,
			"data": "0x000000000000000000000000000000000000000000000007214ed67d0e3c4000",
			"logIndex": 38,
			"topics": [
				"0xddf252ad1be2c89b69c2b068fc378daa952ba7f163c4a11628f55a4df523b3ef",
				"0x000000000000000000000000468b858c964f297fd8fce058032bf4b4911a8ad8",
				"0x000000000000000000000000825c2c72a08d80396ea4fa9146e35ea8cd9f6d4d"
			],
			"transactionHash": "0x822e38b1d7904a723c26dc7f88f967f455b869fefe14863aa90c4e06d74944bf",
			"transactionIndex": 52,
			"transactionLogIndex": "0x0",
			"type": "mined",
			"id": "log_0becd29c"
		}
	],
	"logsBloom": "0x00000000000000000000000000020000000000000000000000000000000000000000000000000000000000000000000000000000000000000000000000000000000000000000010000000008000000000000000000000000000000000028000000000000000000000000000000000000000000000000000000000010000000000000000000000000000000000000000000000000000000000000000000000000000000000000000080000000008000000000000000000000000000010000000000001002000000000000000000000000000000000000000000000000000000000000000000000000000000000000000020000000000000000000000000000000",
	"root": null,
	"status": "0x1",
	"transactionHash": "0x822e38b1d7904a723c26dc7f88f967f455b869fefe14863aa90c4e06d74944bf",
	"transactionIndex": 52
}
[2018-04-17T23:47:32.655] [DEBUG] trans - TO:   0x5cddd3e29ada8d0993c09b124ef72106b6fe99ad
[2018-04-17T23:47:32.655] [DEBUG] trans - AMOUNT:   131486500000000000000
[2018-04-17T23:47:32.655] [DEBUG] trans - Receipt info:  {
	"blockHash": "0x15ae729c63896128cd32abf63a4e0d1c572a9c0fb48de7032471ca4cd68352f8",
	"blockNumber": 5459298,
	"contractAddress": null,
	"cumulativeGasUsed": 2538512,
	"gasUsed": 51653,
	"logs": [
		{
			"address": "0x7e9e431a0B8c4D532C745B1043c7FA29a48D4fBa",
			"blockHash": "0x15ae729c63896128cd32abf63a4e0d1c572a9c0fb48de7032471ca4cd68352f8",
			"blockNumber": 5459298,
			"data": "0x00000000000000000000000000000000000000000000000720bde31acb664000",
			"logIndex": 47,
			"topics": [
				"0xddf252ad1be2c89b69c2b068fc378daa952ba7f163c4a11628f55a4df523b3ef",
				"0x000000000000000000000000468b858c964f297fd8fce058032bf4b4911a8ad8",
				"0x0000000000000000000000005cddd3e29ada8d0993c09b124ef72106b6fe99ad"
			],
			"transactionHash": "0x552c20ab7d2d2784294a35969ee8e58a2678619191989d540feb9cf74a814027",
			"transactionIndex": 61,
			"transactionLogIndex": "0x0",
			"type": "mined",
			"id": "log_0919ef21"
		}
	],
	"logsBloom": "0x00000000000000000000000000020000000000000000000000000000000000000000000000000000000000000000000000000000000000000000000000000000000000000000010000000008000000000000000000000000000000000020000000000000000000000000000000800000000000000000000000000010000000000000000000000000000000000000000000000000000000000000000000000000000000000000000080000000000000000000000000000000000000010000000000001002000000004000000000000000000000000000000000000000000000000000000000000000000000000000000000000000010000000000000000000000",
	"root": null,
	"status": "0x1",
	"transactionHash": "0x552c20ab7d2d2784294a35969ee8e58a2678619191989d540feb9cf74a814027",
	"transactionIndex": 61
}
[2018-04-17T23:47:32.655] [DEBUG] trans - TO:   0x6441c27ce01f84d0eef2338dd569b47e744cf0c2
[2018-04-17T23:47:32.655] [DEBUG] trans - AMOUNT:   131475800000000000000
[2018-04-17T23:47:32.655] [DEBUG] trans - Receipt info:  {
	"blockHash": "0x15ae729c63896128cd32abf63a4e0d1c572a9c0fb48de7032471ca4cd68352f8",
	"blockNumber": 5459298,
	"contractAddress": null,
	"cumulativeGasUsed": 2745060,
	"gasUsed": 51653,
	"logs": [
		{
			"address": "0x7e9e431a0B8c4D532C745B1043c7FA29a48D4fBa",
			"blockHash": "0x15ae729c63896128cd32abf63a4e0d1c572a9c0fb48de7032471ca4cd68352f8",
			"blockNumber": 5459298,
			"data": "0x0000000000000000000000000000000000000000000000072097df82e84d8000",
			"logIndex": 51,
			"topics": [
				"0xddf252ad1be2c89b69c2b068fc378daa952ba7f163c4a11628f55a4df523b3ef",
				"0x000000000000000000000000468b858c964f297fd8fce058032bf4b4911a8ad8",
				"0x0000000000000000000000006441c27ce01f84d0eef2338dd569b47e744cf0c2"
			],
			"transactionHash": "0x9ece1c9eb704fb3787bc03f294c0a6fa135959e1227c15e4b19ce7a089aaba1c",
			"transactionIndex": 65,
			"transactionLogIndex": "0x0",
			"type": "mined",
			"id": "log_abd1c37b"
		}
	],
	"logsBloom": "0x00000000000000000000000000020000000000000000000000000000000000000000000000000000000000000000000000000000000000000000000000000000000000000000010000000008000000000000000000000000000000000020000000000000000002000000000000000000000000000000000000000010000000000000000000000000000000000000000000000000000000000000000000000000000000000000000080000000000800000000000000000000000000010000000000001002000000000000000000000000000000000000000000000000000000000000000000000000200000000000000000000000000000000000000000000000",
	"root": null,
	"status": "0x1",
	"transactionHash": "0x9ece1c9eb704fb3787bc03f294c0a6fa135959e1227c15e4b19ce7a089aaba1c",
	"transactionIndex": 65
}
[2018-04-17T23:47:32.655] [DEBUG] trans - TO:   0x0bb4260b49641d853f715ec0eaab748fcf353d60
[2018-04-17T23:47:32.656] [DEBUG] trans - AMOUNT:   131476500000000000000
[2018-04-17T23:47:32.656] [DEBUG] trans - Receipt info:  {
	"blockHash": "0x15ae729c63896128cd32abf63a4e0d1c572a9c0fb48de7032471ca4cd68352f8",
	"blockNumber": 5459298,
	"contractAddress": null,
	"cumulativeGasUsed": 2693407,
	"gasUsed": 51653,
	"logs": [
		{
			"address": "0x7e9e431a0B8c4D532C745B1043c7FA29a48D4fBa",
			"blockHash": "0x15ae729c63896128cd32abf63a4e0d1c572a9c0fb48de7032471ca4cd68352f8",
			"blockNumber": 5459298,
			"data": "0x000000000000000000000000000000000000000000000007209a5c285ba54000",
			"logIndex": 50,
			"topics": [
				"0xddf252ad1be2c89b69c2b068fc378daa952ba7f163c4a11628f55a4df523b3ef",
				"0x000000000000000000000000468b858c964f297fd8fce058032bf4b4911a8ad8",
				"0x0000000000000000000000000bb4260b49641d853f715ec0eaab748fcf353d60"
			],
			"transactionHash": "0xd2b37a3fb7a472caf0c6435aadc232cbf2bb85821ed255946f150a783c0f740e",
			"transactionIndex": 64,
			"transactionLogIndex": "0x0",
			"type": "mined",
			"id": "log_d1137ead"
		}
	],
	"logsBloom": "0x00000000000000000000000000020000000000000000000000000000000000000000000000000000001000000000000000000000000000000000000000000000000000000000010000000008000000000000000000000000000000000020000000000000000000000000000000000000000000000000000000000010000000000000000000000000000000000000000000000000000000004000000000010000000000000000000080000000000000000000000000000000000000010000000000001002000000000000000000000000000000000000000000000000000000000000000000000000000000000000000000000000000000000000000000000000",
	"root": null,
	"status": "0x1",
	"transactionHash": "0xd2b37a3fb7a472caf0c6435aadc232cbf2bb85821ed255946f150a783c0f740e",
	"transactionIndex": 64
}
