[2018-04-19T00:33:07.748] [DEBUG] trans - TO:   0x2d7ad875e47f7ce2cff8ed03a8e0d52ef76edf5f
[2018-04-19T00:33:07.750] [DEBUG] trans - AMOUNT:   185104200000000000000
[2018-04-19T00:33:07.750] [DEBUG] trans - Receipt info:  {
	"blockHash": "0xd76aeaa85a45924c08f91a123906bf13b900ba70b63ca8c7f4e6daf3cbc0a9ed",
	"blockNumber": 5465262,
	"contractAddress": null,
	"cumulativeGasUsed": 3250077,
	"gasUsed": 51653,
	"logs": [
		{
			"address": "0x7e9e431a0B8c4D532C745B1043c7FA29a48D4fBa",
			"blockHash": "0xd76aeaa85a45924c08f91a123906bf13b900ba70b63ca8c7f4e6daf3cbc0a9ed",
			"blockNumber": 5465262,
			"data": "0x00000000000000000000000000000000000000000000000a08d6392d08dc8000",
			"logIndex": 59,
			"topics": [
				"0xddf252ad1be2c89b69c2b068fc378daa952ba7f163c4a11628f55a4df523b3ef",
				"0x000000000000000000000000468b858c964f297fd8fce058032bf4b4911a8ad8",
				"0x0000000000000000000000002d7ad875e47f7ce2cff8ed03a8e0d52ef76edf5f"
			],
			"transactionHash": "0x72fbf583896952025d4e2b403033d08f1483dc50fdcfd586b51fd8706aed9f05",
			"transactionIndex": 76,
			"transactionLogIndex": "0x0",
			"type": "mined",
			"id": "log_d252108c"
		}
	],
	"logsBloom": "0x00000000000000000000000000020000000000000000000000000000000000000000000000000000000008000000000000000000000000000000000000000000000000000000010000000008000000000000000000000000000000000020000000000000000002000000000000000000000000000000000000000010000000000000000000000000000000000000000000000000000000000000000000000000000000000000000080000000000000000000000000000000000000010000000000001002000000000000000000000000000000000000000000000000000000000000000000000000000000000000000000000000000000000004000000000000",
	"root": null,
	"status": "0x1",
	"transactionHash": "0x72fbf583896952025d4e2b403033d08f1483dc50fdcfd586b51fd8706aed9f05",
	"transactionIndex": 76
}
[2018-04-19T00:33:21.764] [DEBUG] trans - TO:   0x3bb79f3b7f6c228e46619063d109fbbff94ce5d7
[2018-04-19T00:33:21.765] [DEBUG] trans - AMOUNT:   185104200000000000000
[2018-04-19T00:33:21.765] [DEBUG] trans - Receipt info:  {
	"blockHash": "0xf58c3969daeff373707de905dc13a75f026acd3c289f52a688994c58c7583dab",
	"blockNumber": 5465263,
	"contractAddress": null,
	"cumulativeGasUsed": 2428191,
	"gasUsed": 51653,
	"logs": [
		{
			"address": "0x7e9e431a0B8c4D532C745B1043c7FA29a48D4fBa",
			"blockHash": "0xf58c3969daeff373707de905dc13a75f026acd3c289f52a688994c58c7583dab",
			"blockNumber": 5465263,
			"data": "0x00000000000000000000000000000000000000000000000a08d6392d08dc8000",
			"logIndex": 25,
			"topics": [
				"0xddf252ad1be2c89b69c2b068fc378daa952ba7f163c4a11628f55a4df523b3ef",
				"0x000000000000000000000000468b858c964f297fd8fce058032bf4b4911a8ad8",
				"0x0000000000000000000000003bb79f3b7f6c228e46619063d109fbbff94ce5d7"
			],
			"transactionHash": "0x4506c15a95bf8fd1c29df5d596940d42c509be49edc6a0ab065cfc6306875992",
			"transactionIndex": 71,
			"transactionLogIndex": "0x0",
			"type": "mined",
			"id": "log_6ea4db48"
		}
	],
	"logsBloom": "0x00000000000000000000000000020000000000000000000000000000000000000000000000000000000000000000000000000000000000000000000000200000000000001000010000000008000000000000000000000000000001000020000000000000000000000000000000000000000000000000000000000010000000000000000000000000000000000000000000000000000000000000000000000000000000000000000080000000000000000000000000000000000000010000000000001002000000000000000000000000000000000000000000000000000000000000000000000000000000000000000000000000000000000000000000000000",
	"root": null,
	"status": "0x1",
	"transactionHash": "0x4506c15a95bf8fd1c29df5d596940d42c509be49edc6a0ab065cfc6306875992",
	"transactionIndex": 71
}
[2018-04-19T00:33:21.766] [DEBUG] trans - TO:   0x651e87998cb26ac9d01dbe6644037fd4ae24a088
[2018-04-19T00:33:21.766] [DEBUG] trans - AMOUNT:   185100000000000000000
[2018-04-19T00:33:21.766] [DEBUG] trans - Receipt info:  {
	"blockHash": "0xf58c3969daeff373707de905dc13a75f026acd3c289f52a688994c58c7583dab",
	"blockNumber": 5465263,
	"contractAddress": null,
	"cumulativeGasUsed": 7276226,
	"gasUsed": 51589,
	"logs": [
		{
			"address": "0x7e9e431a0B8c4D532C745B1043c7FA29a48D4fBa",
			"blockHash": "0xf58c3969daeff373707de905dc13a75f026acd3c289f52a688994c58c7583dab",
			"blockNumber": 5465263,
			"data": "0x00000000000000000000000000000000000000000000000a08c74d4c54ce0000",
			"logIndex": 84,
			"topics": [
				"0xddf252ad1be2c89b69c2b068fc378daa952ba7f163c4a11628f55a4df523b3ef",
				"0x000000000000000000000000468b858c964f297fd8fce058032bf4b4911a8ad8",
				"0x000000000000000000000000651e87998cb26ac9d01dbe6644037fd4ae24a088"
			],
			"transactionHash": "0xb24dae837750b305c678ca46f2997d36c5d76316fa632bdd8b69133e592aa843",
			"transactionIndex": 132,
			"transactionLogIndex": "0x0",
			"type": "mined",
			"id": "log_ac61e37c"
		}
	],
	"logsBloom": "0x00000000000000000000000000020000000000000000000000000000000000000000000000000200000000000000000000000000000000000000000000000000000000000000110000000008000000000000000000000000000000000020000000000000000000000000000000000000000000000000000000000010000000000000000000000000000000000000000000000000000000000000000000000000000000000000000080000000000000000000000000000000000000010000000000001002000000000400000000000000000000000000000000000000000000000000000000000000000000000000000000000000000000000000000000000000",
	"root": null,
	"status": "0x1",
	"transactionHash": "0xb24dae837750b305c678ca46f2997d36c5d76316fa632bdd8b69133e592aa843",
	"transactionIndex": 132
}
[2018-04-19T00:33:21.767] [DEBUG] trans - TO:   0x6136fd0185c41b8ddaab0a038f90a94185a27e0c
[2018-04-19T00:33:21.767] [DEBUG] trans - AMOUNT:   185104200000000000000
[2018-04-19T00:33:21.767] [DEBUG] trans - Receipt info:  {
	"blockHash": "0xf58c3969daeff373707de905dc13a75f026acd3c289f52a688994c58c7583dab",
	"blockNumber": 5465263,
	"contractAddress": null,
	"cumulativeGasUsed": 5927420,
	"gasUsed": 51653,
	"logs": [
		{
			"address": "0x7e9e431a0B8c4D532C745B1043c7FA29a48D4fBa",
			"blockHash": "0xf58c3969daeff373707de905dc13a75f026acd3c289f52a688994c58c7583dab",
			"blockNumber": 5465263,
			"data": "0x00000000000000000000000000000000000000000000000a08d6392d08dc8000",
			"logIndex": 72,
			"topics": [
				"0xddf252ad1be2c89b69c2b068fc378daa952ba7f163c4a11628f55a4df523b3ef",
				"0x000000000000000000000000468b858c964f297fd8fce058032bf4b4911a8ad8",
				"0x0000000000000000000000006136fd0185c41b8ddaab0a038f90a94185a27e0c"
			],
			"transactionHash": "0x8795aff786e2a4a9f12eadbcc80c0a3aba809f61aab241fd09c4ca6f4bdc8e9c",
			"transactionIndex": 121,
			"transactionLogIndex": "0x0",
			"type": "mined",
			"id": "log_7f0ed6f4"
		}
	],
	"logsBloom": "0x00000000000010000000000000020000000000000000000000000000000000000000000000000000000000000000000000000000000000000000000000000000000000000000010000000008000000000000000000000000000000000020000000000000000000000000000000000004000000000000000000000010000000000000000000000000000000000000000000000000000000000000000000000000000000000000000080000000000000000000000000000000000000010000000000001002000000000000000000000000000080000000000000000000000000000000000000000000000000000000000000000000000000000000000000000000",
	"root": null,
	"status": "0x1",
	"transactionHash": "0x8795aff786e2a4a9f12eadbcc80c0a3aba809f61aab241fd09c4ca6f4bdc8e9c",
	"transactionIndex": 121
}
[2018-04-19T00:33:21.768] [DEBUG] trans - TO:   0xd0b45a341002ef2b407c0a42b408ec5d698fddf3
[2018-04-19T00:33:21.768] [DEBUG] trans - AMOUNT:   185089700000000000000
[2018-04-19T00:33:21.768] [DEBUG] trans - Receipt info:  {
	"blockHash": "0xf58c3969daeff373707de905dc13a75f026acd3c289f52a688994c58c7583dab",
	"blockNumber": 5465263,
	"contractAddress": null,
	"cumulativeGasUsed": 7803531,
	"gasUsed": 51653,
	"logs": [
		{
			"address": "0x7e9e431a0B8c4D532C745B1043c7FA29a48D4fBa",
			"blockHash": "0xf58c3969daeff373707de905dc13a75f026acd3c289f52a688994c58c7583dab",
			"blockNumber": 5465263,
			"data": "0x00000000000000000000000000000000000000000000000a08a2b580b39e4000",
			"logIndex": 90,
			"topics": [
				"0xddf252ad1be2c89b69c2b068fc378daa952ba7f163c4a11628f55a4df523b3ef",
				"0x000000000000000000000000468b858c964f297fd8fce058032bf4b4911a8ad8",
				"0x000000000000000000000000d0b45a341002ef2b407c0a42b408ec5d698fddf3"
			],
			"transactionHash": "0xbea5c03972e456c9c77602a8a8824f795c3b2db19bd860ba5ab42fdee005eef0",
			"transactionIndex": 141,
			"transactionLogIndex": "0x0",
			"type": "mined",
			"id": "log_183c087b"
		}
	],
	"logsBloom": "0x00000000000000000000000000020000000000000000800000000000000000000000000000000000000000000000000000000000000000000000000000000000000000000000010000000008000000000000000000000000000000000020000000000000000000000000000000000000000000000000000000000010000000000000000000000000000000000000000000000000000000008000000000000000000000000000000080000000000000000000000000000000000000010000000000001002000000000000000000000000000000000000000000000000000000000000000000000000000000000000000000000000000000000000000000000000",
	"root": null,
	"status": "0x1",
	"transactionHash": "0xbea5c03972e456c9c77602a8a8824f795c3b2db19bd860ba5ab42fdee005eef0",
	"transactionIndex": 141
}
[2018-04-19T00:33:24.767] [DEBUG] trans - TO:   0x656f4b8d8e2ee63c90ebb4f2eff1d3adc0be0bf7
[2018-04-19T00:33:24.767] [DEBUG] trans - AMOUNT:   185044700000000000000
[2018-04-19T00:33:24.768] [DEBUG] trans - Receipt info:  {
	"blockHash": "0x72ff0cf7c77415ecebeb862d8ba19f099e64d8c28073e02fbcf027460e3bc9d2",
	"blockNumber": 5465264,
	"contractAddress": null,
	"cumulativeGasUsed": 498460,
	"gasUsed": 51653,
	"logs": [
		{
			"address": "0x7e9e431a0B8c4D532C745B1043c7FA29a48D4fBa",
			"blockHash": "0x72ff0cf7c77415ecebeb862d8ba19f099e64d8c28073e02fbcf027460e3bc9d2",
			"blockNumber": 5465264,
			"data": "0x00000000000000000000000000000000000000000000000a0802d63dbcb9c000",
			"logIndex": 6,
			"topics": [
				"0xddf252ad1be2c89b69c2b068fc378daa952ba7f163c4a11628f55a4df523b3ef",
				"0x000000000000000000000000468b858c964f297fd8fce058032bf4b4911a8ad8",
				"0x000000000000000000000000656f4b8d8e2ee63c90ebb4f2eff1d3adc0be0bf7"
			],
			"transactionHash": "0x587533430eca8846a825e1c90c0175bb3a448c5a722535475326064eb36f284c",
			"transactionIndex": 16,
			"transactionLogIndex": "0x0",
			"type": "mined",
			"id": "log_1d32a298"
		}
	],
	"logsBloom": "0x00000000000000000000000000020000000000000000000000000000000000000000000000000000000000000000000000000000000000000000000000000000000000000000010000080008000000000000000000000000000000000020000000000000000001000000001000000000000000000000000000000010000000000000000000000000000000000000000000000000000000000000000000000000000000000000000080000000000000000000000000000000000000010000000000001002000000000000000000000000000000000000000000000000000000000000000000000000000000000000000000000000000000000000000000000000",
	"root": null,
	"status": "0x1",
	"transactionHash": "0x587533430eca8846a825e1c90c0175bb3a448c5a722535475326064eb36f284c",
	"transactionIndex": 16
}
[2018-04-19T00:33:24.768] [DEBUG] trans - TO:   0x3b21f2a1816f3114b20637ee1d75e6bfa0fee0d6
[2018-04-19T00:33:24.768] [DEBUG] trans - AMOUNT:   185044100000000000000
[2018-04-19T00:33:24.768] [DEBUG] trans - Receipt info:  {
	"blockHash": "0x72ff0cf7c77415ecebeb862d8ba19f099e64d8c28073e02fbcf027460e3bc9d2",
	"blockNumber": 5465264,
	"contractAddress": null,
	"cumulativeGasUsed": 1547282,
	"gasUsed": 51589,
	"logs": [
		{
			"address": "0x7e9e431a0B8c4D532C745B1043c7FA29a48D4fBa",
			"blockHash": "0x72ff0cf7c77415ecebeb862d8ba19f099e64d8c28073e02fbcf027460e3bc9d2",
			"blockNumber": 5465264,
			"data": "0x00000000000000000000000000000000000000000000000a0800b48b59dc4000",
			"logIndex": 15,
			"topics": [
				"0xddf252ad1be2c89b69c2b068fc378daa952ba7f163c4a11628f55a4df523b3ef",
				"0x000000000000000000000000468b858c964f297fd8fce058032bf4b4911a8ad8",
				"0x0000000000000000000000003b21f2a1816f3114b20637ee1d75e6bfa0fee0d6"
			],
			"transactionHash": "0x5992eea08bec406f9c99851ee0295e249085e8c84b6fb9fa93daef1bc2f14ad8",
			"transactionIndex": 34,
			"transactionLogIndex": "0x0",
			"type": "mined",
			"id": "log_71319745"
		}
	],
	"logsBloom": "0x00024000000000000000000000020000000000000000000000000000000000000000000000000000000000000000000000000000000000000000000000000000000000000000010000000008000000000000000000000000000000000020000000000000000000000000000000000000000000000000000000000010000000000000001000000000000000000000000000000000000000000000000000000000000000000000000080000000000000000000000000000000000000010000000000001002000000000000000000000000000000000000000000000000000000000000000000000000000000000000000000000000000000000000000000000000",
	"root": null,
	"status": "0x1",
	"transactionHash": "0x5992eea08bec406f9c99851ee0295e249085e8c84b6fb9fa93daef1bc2f14ad8",
	"transactionIndex": 34
}
[2018-04-19T00:33:24.768] [DEBUG] trans - TO:   0x38463786238af405fa3e5f6e380e830ae040a6e9
[2018-04-19T00:33:24.768] [DEBUG] trans - AMOUNT:   185032900000000000000
[2018-04-19T00:33:24.769] [DEBUG] trans - Receipt info:  {
	"blockHash": "0x72ff0cf7c77415ecebeb862d8ba19f099e64d8c28073e02fbcf027460e3bc9d2",
	"blockNumber": 5465264,
	"contractAddress": null,
	"cumulativeGasUsed": 2272259,
	"gasUsed": 51653,
	"logs": [
		{
			"address": "0x7e9e431a0B8c4D532C745B1043c7FA29a48D4fBa",
			"blockHash": "0x72ff0cf7c77415ecebeb862d8ba19f099e64d8c28073e02fbcf027460e3bc9d2",
			"blockNumber": 5465264,
			"data": "0x00000000000000000000000000000000000000000000000a07d8ea3424604000",
			"logIndex": 19,
			"topics": [
				"0xddf252ad1be2c89b69c2b068fc378daa952ba7f163c4a11628f55a4df523b3ef",
				"0x000000000000000000000000468b858c964f297fd8fce058032bf4b4911a8ad8",
				"0x00000000000000000000000038463786238af405fa3e5f6e380e830ae040a6e9"
			],
			"transactionHash": "0xbaaa54febae8eb6386cac5d9b25c94a1bc80e7d4977b80d4ab3fdcf94ee35512",
			"transactionIndex": 40,
			"transactionLogIndex": "0x0",
			"type": "mined",
			"id": "log_457357f1"
		}
	],
	"logsBloom": "0x00000000000000000000000000020000000000000000000000000000000000000000000000000000000000000000000000000000000000000000000000000000000000000000010000000008000000000000000000000000000000000020000000000000000000000000000000000000000000000000000000000010000000000000000000000000000000000000000000000000000000000000010000000000000000000000000080000000000000000000000000000000002000010000000000001002000000000000000000000000000000000000000000000000000000000000000000000000000000000000000000000000000800000000000000000000",
	"root": null,
	"status": "0x1",
	"transactionHash": "0xbaaa54febae8eb6386cac5d9b25c94a1bc80e7d4977b80d4ab3fdcf94ee35512",
	"transactionIndex": 40
}
[2018-04-19T00:33:24.769] [DEBUG] trans - TO:   0xd57f81ee27fcf0c46b13cdb032dde20524103e30
[2018-04-19T00:33:24.769] [DEBUG] trans - AMOUNT:   185032700000000000000
[2018-04-19T00:33:24.769] [DEBUG] trans - Receipt info:  {
	"blockHash": "0x72ff0cf7c77415ecebeb862d8ba19f099e64d8c28073e02fbcf027460e3bc9d2",
	"blockNumber": 5465264,
	"contractAddress": null,
	"cumulativeGasUsed": 3022300,
	"gasUsed": 51653,
	"logs": [
		{
			"address": "0x7e9e431a0B8c4D532C745B1043c7FA29a48D4fBa",
			"blockHash": "0x72ff0cf7c77415ecebeb862d8ba19f099e64d8c28073e02fbcf027460e3bc9d2",
			"blockNumber": 5465264,
			"data": "0x00000000000000000000000000000000000000000000000a07d8344e036bc000",
			"logIndex": 23,
			"topics": [
				"0xddf252ad1be2c89b69c2b068fc378daa952ba7f163c4a11628f55a4df523b3ef",
				"0x000000000000000000000000468b858c964f297fd8fce058032bf4b4911a8ad8",
				"0x000000000000000000000000d57f81ee27fcf0c46b13cdb032dde20524103e30"
			],
			"transactionHash": "0x863a763a37945f81cf5d0e2af13c1848f8d1b11af93cb584df1238fd813ba5eb",
			"transactionIndex": 46,
			"transactionLogIndex": "0x0",
			"type": "mined",
			"id": "log_cb60ef57"
		}
	],
	"logsBloom": "0x00000000000000000000000000020000000000000000000000000000400000000000000000000000000000000000000000000000000000000000000000000000000000000000010000000008000000000000000000000000000000000020000000000000000000000000000000000000000000000000000000000010000000000000000000000000000002000000000000000000000000000000000000000000000000000000000080000000000000000000000000000000000000010000000000001002000000000000000000000000000000000000000000000000000000000000000000000000000000000000000000000000000000000000000000000000",
	"root": null,
	"status": "0x1",
	"transactionHash": "0x863a763a37945f81cf5d0e2af13c1848f8d1b11af93cb584df1238fd813ba5eb",
	"transactionIndex": 46
}
[2018-04-19T00:33:24.769] [DEBUG] trans - TO:   0xc8052f60ab4dfdb3bb5412f7f99c08b27a551110
[2018-04-19T00:33:24.770] [DEBUG] trans - AMOUNT:   185023700000000000000
[2018-04-19T00:33:24.770] [DEBUG] trans - Receipt info:  {
	"blockHash": "0x72ff0cf7c77415ecebeb862d8ba19f099e64d8c28073e02fbcf027460e3bc9d2",
	"blockNumber": 5465264,
	"contractAddress": null,
	"cumulativeGasUsed": 3747213,
	"gasUsed": 51653,
	"logs": [
		{
			"address": "0x7e9e431a0B8c4D532C745B1043c7FA29a48D4fBa",
			"blockHash": "0x72ff0cf7c77415ecebeb862d8ba19f099e64d8c28073e02fbcf027460e3bc9d2",
			"blockNumber": 5465264,
			"data": "0x00000000000000000000000000000000000000000000000a07b83ada38714000",
			"logIndex": 27,
			"topics": [
				"0xddf252ad1be2c89b69c2b068fc378daa952ba7f163c4a11628f55a4df523b3ef",
				"0x000000000000000000000000468b858c964f297fd8fce058032bf4b4911a8ad8",
				"0x000000000000000000000000c8052f60ab4dfdb3bb5412f7f99c08b27a551110"
			],
			"transactionHash": "0x5653d4ffe868185041f5c41b2e97b9e76883a00ba7fea823c0f819a9c066c1c8",
			"transactionIndex": 52,
			"transactionLogIndex": "0x0",
			"type": "mined",
			"id": "log_464f61e1"
		}
	],
	"logsBloom": "0x00000000000000000000000000020000000000000000000000000000000000000000000000000000000000000000000000000000000000000000000000000000080000000000010000000008000000000000000000000000000000000020000000000000000000000000000000000000000000000000000000000010000000000000000000000000000000000000000000000000000000000000000000000000040000000000000080000000000000000000000000000000000000010000000000001002000000000000000000000000000000000000000000000000000000000000000000000000000000000000000001000000000000000000000000000000",
	"root": null,
	"status": "0x1",
	"transactionHash": "0x5653d4ffe868185041f5c41b2e97b9e76883a00ba7fea823c0f819a9c066c1c8",
	"transactionIndex": 52
}
[2018-04-19T00:33:24.770] [DEBUG] trans - TO:   0xd9cca0940016b57ed82a0800c0047116d433d590
[2018-04-19T00:33:24.770] [DEBUG] trans - AMOUNT:   185019000000000000000
[2018-04-19T00:33:24.770] [DEBUG] trans - Receipt info:  {
	"blockHash": "0x72ff0cf7c77415ecebeb862d8ba19f099e64d8c28073e02fbcf027460e3bc9d2",
	"blockNumber": 5465264,
	"contractAddress": null,
	"cumulativeGasUsed": 4472062,
	"gasUsed": 51525,
	"logs": [
		{
			"address": "0x7e9e431a0B8c4D532C745B1043c7FA29a48D4fBa",
			"blockHash": "0x72ff0cf7c77415ecebeb862d8ba19f099e64d8c28073e02fbcf027460e3bc9d2",
			"blockNumber": 5465264,
			"data": "0x00000000000000000000000000000000000000000000000a07a7883a31ff8000",
			"logIndex": 31,
			"topics": [
				"0xddf252ad1be2c89b69c2b068fc378daa952ba7f163c4a11628f55a4df523b3ef",
				"0x000000000000000000000000468b858c964f297fd8fce058032bf4b4911a8ad8",
				"0x000000000000000000000000d9cca0940016b57ed82a0800c0047116d433d590"
			],
			"transactionHash": "0xc3de65072a3f13f33379bef642120798a0292ec98737f4b72ab6fb5aedf78bf0",
			"transactionIndex": 58,
			"transactionLogIndex": "0x0",
			"type": "mined",
			"id": "log_e9e1d771"
		}
	],
	"logsBloom": "0x00000000000000000000000000020000000000000000000000000000000000000000000000000000000000002000000000000000000000000000000000000000000000000000010000000008000000000000000000000000000000000020000000000000000000000000000000000000000000000000000000000010000000000000000000000000000000000000000000000000000000000000000000000000000000000000000480000000000000000000000000000000000000010000000000001002000000000000000000000000100000000000000000000000000000000000000000000000000000000000000000000000000000000000000000000000",
	"root": null,
	"status": "0x1",
	"transactionHash": "0xc3de65072a3f13f33379bef642120798a0292ec98737f4b72ab6fb5aedf78bf0",
	"transactionIndex": 58
}
[2018-04-19T00:33:24.770] [DEBUG] trans - TO:   0x17edd66fb0016f43fdab6abc02e372d7ed2467a4
[2018-04-19T00:33:24.770] [DEBUG] trans - AMOUNT:   185016900000000000000
[2018-04-19T00:33:24.770] [DEBUG] trans - Receipt info:  {
	"blockHash": "0x72ff0cf7c77415ecebeb862d8ba19f099e64d8c28073e02fbcf027460e3bc9d2",
	"blockNumber": 5465264,
	"contractAddress": null,
	"cumulativeGasUsed": 5197039,
	"gasUsed": 51653,
	"logs": [
		{
			"address": "0x7e9e431a0B8c4D532C745B1043c7FA29a48D4fBa",
			"blockHash": "0x72ff0cf7c77415ecebeb862d8ba19f099e64d8c28073e02fbcf027460e3bc9d2",
			"blockNumber": 5465264,
			"data": "0x00000000000000000000000000000000000000000000000a07a01249d7f84000",
			"logIndex": 35,
			"topics": [
				"0xddf252ad1be2c89b69c2b068fc378daa952ba7f163c4a11628f55a4df523b3ef",
				"0x000000000000000000000000468b858c964f297fd8fce058032bf4b4911a8ad8",
				"0x00000000000000000000000017edd66fb0016f43fdab6abc02e372d7ed2467a4"
			],
			"transactionHash": "0xdd494754fd857e5e44a267f1fb58c7ec22f08cd03c72ea053f2ca9521b3ffbf5",
			"transactionIndex": 64,
			"transactionLogIndex": "0x0",
			"type": "mined",
			"id": "log_fb651bbe"
		}
	],
	"logsBloom": "0x00000000000000000000000000020000000000000000000000000000000000000000000000000000000000000000000000000000000000000000000000000000000000000000010000000008000000000000000000000000000000020020000000000000000000800000000000000000000000000000000000000010000000000000000000000000000000000000000040000000000000000000000000000000000000000000000080000000000000000000000000000000000000010000000000001002000000000000000000000000000000000000000000000000000000000000000000000000000000000000000000000000000000000000000000000000",
	"root": null,
	"status": "0x1",
	"transactionHash": "0xdd494754fd857e5e44a267f1fb58c7ec22f08cd03c72ea053f2ca9521b3ffbf5",
	"transactionIndex": 64
}
[2018-04-19T00:33:24.771] [DEBUG] trans - TO:   0x5386fceb75cfb76eae23205845504d401abb66e0
[2018-04-19T00:33:24.771] [DEBUG] trans - AMOUNT:   185000000000000000000
[2018-04-19T00:33:24.771] [DEBUG] trans - Receipt info:  {
	"blockHash": "0x72ff0cf7c77415ecebeb862d8ba19f099e64d8c28073e02fbcf027460e3bc9d2",
	"blockNumber": 5465264,
	"contractAddress": null,
	"cumulativeGasUsed": 7773152,
	"gasUsed": 51589,
	"logs": [
		{
			"address": "0x7e9e431a0B8c4D532C745B1043c7FA29a48D4fBa",
			"blockHash": "0x72ff0cf7c77415ecebeb862d8ba19f099e64d8c28073e02fbcf027460e3bc9d2",
			"blockNumber": 5465264,
			"data": "0x00000000000000000000000000000000000000000000000a076407d3f7440000",
			"logIndex": 55,
			"topics": [
				"0xddf252ad1be2c89b69c2b068fc378daa952ba7f163c4a11628f55a4df523b3ef",
				"0x000000000000000000000000468b858c964f297fd8fce058032bf4b4911a8ad8",
				"0x0000000000000000000000005386fceb75cfb76eae23205845504d401abb66e0"
			],
			"transactionHash": "0xc31e1d04e6cd9d5f58735113be6a2932674977d8c68938e4cdde6ec9096810a2",
			"transactionIndex": 87,
			"transactionLogIndex": "0x0",
			"type": "mined",
			"id": "log_840b41cb"
		}
	],
	"logsBloom": "0x00000000000000000000000000020000000000000000000000000000000000000000000000000000000000000000000000000000000000000000020000000000000000000000010000000008000000000000000000000000000000000020000000000000000000000000000000000000000000000000000000000010000000000000000000000000000000000000000000000000020000000000000000000000000000000000000080000000000000000000000000000000000000010000000000001002000000000000800000000000000000000000000000000000000000000000000000000000000000000000000000000000000000000000000000000000",
	"root": null,
	"status": "0x1",
	"transactionHash": "0xc31e1d04e6cd9d5f58735113be6a2932674977d8c68938e4cdde6ec9096810a2",
	"transactionIndex": 87
}
[2018-04-19T00:33:24.771] [DEBUG] trans - TO:   0x8b2fba5feb61c62d944b4a8f9c335ba449ae77de
[2018-04-19T00:33:24.771] [DEBUG] trans - AMOUNT:   185013200000000000000
[2018-04-19T00:33:24.771] [DEBUG] trans - Receipt info:  {
	"blockHash": "0x72ff0cf7c77415ecebeb862d8ba19f099e64d8c28073e02fbcf027460e3bc9d2",
	"blockNumber": 5465264,
	"contractAddress": null,
	"cumulativeGasUsed": 6683825,
	"gasUsed": 51589,
	"logs": [
		{
			"address": "0x7e9e431a0B8c4D532C745B1043c7FA29a48D4fBa",
			"blockHash": "0x72ff0cf7c77415ecebeb862d8ba19f099e64d8c28073e02fbcf027460e3bc9d2",
			"blockNumber": 5465264,
			"data": "0x00000000000000000000000000000000000000000000000a0792ed28764d0000",
			"logIndex": 47,
			"topics": [
				"0xddf252ad1be2c89b69c2b068fc378daa952ba7f163c4a11628f55a4df523b3ef",
				"0x000000000000000000000000468b858c964f297fd8fce058032bf4b4911a8ad8",
				"0x0000000000000000000000008b2fba5feb61c62d944b4a8f9c335ba449ae77de"
			],
			"transactionHash": "0x08f4eaf7c6bce794d46c3582a4af457e273affd2ecc1b2714fd42582830dd4fe",
			"transactionIndex": 76,
			"transactionLogIndex": "0x0",
			"type": "mined",
			"id": "log_17799d05"
		}
	],
	"logsBloom": "0x00000000000000000000000000020000000000000000000000000000000000000000000000000000000000000000000000000000000000000000000000000000000000000000010000000008000000000000000000000200000000010020000000000000000000000000000000000000000000000000000000000010000000000000000000000000000000000000000000000000000000000000000000000000000000000000000080000000000000000000000000000000000000010000000000001003000000000000000000000000000000000000000000000000000000000000000000000000000000000000000000000000000000000000000000000000",
	"root": null,
	"status": "0x1",
	"transactionHash": "0x08f4eaf7c6bce794d46c3582a4af457e273affd2ecc1b2714fd42582830dd4fe",
	"transactionIndex": 76
}
[2018-04-19T00:33:24.772] [DEBUG] trans - TO:   0x10d28fbedc5be98acb408969950a2f6ac8b04883
[2018-04-19T00:33:24.772] [DEBUG] trans - AMOUNT:   185000000000000000000
[2018-04-19T00:33:24.772] [DEBUG] trans - Receipt info:  {
	"blockHash": "0x72ff0cf7c77415ecebeb862d8ba19f099e64d8c28073e02fbcf027460e3bc9d2",
	"blockNumber": 5465264,
	"contractAddress": null,
	"cumulativeGasUsed": 7408674,
	"gasUsed": 51589,
	"logs": [
		{
			"address": "0x7e9e431a0B8c4D532C745B1043c7FA29a48D4fBa",
			"blockHash": "0x72ff0cf7c77415ecebeb862d8ba19f099e64d8c28073e02fbcf027460e3bc9d2",
			"blockNumber": 5465264,
			"data": "0x00000000000000000000000000000000000000000000000a076407d3f7440000",
			"logIndex": 51,
			"topics": [
				"0xddf252ad1be2c89b69c2b068fc378daa952ba7f163c4a11628f55a4df523b3ef",
				"0x000000000000000000000000468b858c964f297fd8fce058032bf4b4911a8ad8",
				"0x00000000000000000000000010d28fbedc5be98acb408969950a2f6ac8b04883"
			],
			"transactionHash": "0x4397fbe9d80e6a45f8c61f6b0b49b7bfff540408b8cf9e1eac71f974fa530556",
			"transactionIndex": 82,
			"transactionLogIndex": "0x0",
			"type": "mined",
			"id": "log_1e42560e"
		}
	],
	"logsBloom": "0x00000000000000000000000000020000000000000000000000000000000000000000000000000000000000000000000000000000000000000000000000000000000000000020010000000008002000000000000000000000000000000020000000000000000000000000000000000000000000000000000000000010000000000000000000000000000000000000000000000000000000000000000000000000000000000000000080000000000000000000000000000000000000010000000000001002000000000000000000000000000000000000000000000000000000000000000000000000000000000000000000000000800000000000000000000000",
	"root": null,
	"status": "0x1",
	"transactionHash": "0x4397fbe9d80e6a45f8c61f6b0b49b7bfff540408b8cf9e1eac71f974fa530556",
	"transactionIndex": 82
}
[2018-04-19T00:33:24.776] [DEBUG] trans - TO:   0x0018a6472fd3349517f86809b23de165f782cc32
[2018-04-19T00:33:24.776] [DEBUG] trans - AMOUNT:   185014000000000000000
[2018-04-19T00:33:24.776] [DEBUG] trans - Receipt info:  {
	"blockHash": "0x72ff0cf7c77415ecebeb862d8ba19f099e64d8c28073e02fbcf027460e3bc9d2",
	"blockNumber": 5465264,
	"contractAddress": null,
	"cumulativeGasUsed": 5940400,
	"gasUsed": 51525,
	"logs": [
		{
			"address": "0x7e9e431a0B8c4D532C745B1043c7FA29a48D4fBa",
			"blockHash": "0x72ff0cf7c77415ecebeb862d8ba19f099e64d8c28073e02fbcf027460e3bc9d2",
			"blockNumber": 5465264,
			"data": "0x00000000000000000000000000000000000000000000000a0795c4c0fa1f0000",
			"logIndex": 41,
			"topics": [
				"0xddf252ad1be2c89b69c2b068fc378daa952ba7f163c4a11628f55a4df523b3ef",
				"0x000000000000000000000000468b858c964f297fd8fce058032bf4b4911a8ad8",
				"0x0000000000000000000000000018a6472fd3349517f86809b23de165f782cc32"
			],
			"transactionHash": "0x8aff9475b64f7fd7bf8ef4e679145d65312ee06a0bbaa9617bb93cd48758a0c5",
			"transactionIndex": 70,
			"transactionLogIndex": "0x0",
			"type": "mined",
			"id": "log_ae79030f"
		}
	],
	"logsBloom": "0x00000000400000000000000000020000000000000000000000000000000000000000000800000000000000000000000000000000000000000000000000000000000000000000010000000008000000000000000000000000000000000020000000000000000000000000000000000000000000000000000000000010000000000000000000000000000000001000000000000000000000000000000000000000000000000000000080000000000000000000000000000000000000010000000000001002000000000000000000000000000000000000000000000000000000000000000000000000000000000000000000000000000000000000000000000000",
	"root": null,
	"status": "0x1",
	"transactionHash": "0x8aff9475b64f7fd7bf8ef4e679145d65312ee06a0bbaa9617bb93cd48758a0c5",
	"transactionIndex": 70
}
[2018-04-19T00:33:27.770] [DEBUG] trans - TO:   0x66dc110e0bf512eeff7ea14297c3fbdf62a6e563
[2018-04-19T00:33:27.770] [DEBUG] trans - AMOUNT:   185000000000000000000
[2018-04-19T00:33:27.770] [DEBUG] trans - Receipt info:  {
	"blockHash": "0xe47b4fb795563a307c1c861dd5f243893e2a4dd85f037c795a903a2910aae75f",
	"blockNumber": 5465265,
	"contractAddress": null,
	"cumulativeGasUsed": 555490,
	"gasUsed": 51589,
	"logs": [
		{
			"address": "0x7e9e431a0B8c4D532C745B1043c7FA29a48D4fBa",
			"blockHash": "0xe47b4fb795563a307c1c861dd5f243893e2a4dd85f037c795a903a2910aae75f",
			"blockNumber": 5465265,
			"data": "0x00000000000000000000000000000000000000000000000a076407d3f7440000",
			"logIndex": 8,
			"topics": [
				"0xddf252ad1be2c89b69c2b068fc378daa952ba7f163c4a11628f55a4df523b3ef",
				"0x000000000000000000000000468b858c964f297fd8fce058032bf4b4911a8ad8",
				"0x00000000000000000000000066dc110e0bf512eeff7ea14297c3fbdf62a6e563"
			],
			"transactionHash": "0xd4af8351b1c308d21978ca3150e028879c058208a45e6d201630f07d870a993c",
			"transactionIndex": 10,
			"transactionLogIndex": "0x0",
			"type": "mined",
			"id": "log_808696b1"
		}
	],
	"logsBloom": "0x00000000000000000000000000020000000000000000000000000000000000000000000000000000000000000000000000000000000000000000000000000000000000000000010000000008000000000000000000000000000000000020000000000000000000000000000000000000000020000000000000000830000000000000000000000000000000000000000000000000000000000000000000000000000000000000000080000000000000000000000000000000000000010000000000001002000000000000000000000000000000000000000000000000000000000000000000000000000000000000000000000000000000000000000000000000",
	"root": null,
	"status": "0x1",
	"transactionHash": "0xd4af8351b1c308d21978ca3150e028879c058208a45e6d201630f07d870a993c",
	"transactionIndex": 10
}
[2018-04-19T00:33:27.770] [DEBUG] trans - TO:   0x826bef51a97db2d2990d76e61e0bb426ca244e89
[2018-04-19T00:33:27.770] [DEBUG] trans - AMOUNT:   185000000000000000000
[2018-04-19T00:33:27.770] [DEBUG] trans - Receipt info:  {
	"blockHash": "0xe47b4fb795563a307c1c861dd5f243893e2a4dd85f037c795a903a2910aae75f",
	"blockNumber": 5465265,
	"contractAddress": null,
	"cumulativeGasUsed": 3779282,
	"gasUsed": 51589,
	"logs": [
		{
			"address": "0x7e9e431a0B8c4D532C745B1043c7FA29a48D4fBa",
			"blockHash": "0xe47b4fb795563a307c1c861dd5f243893e2a4dd85f037c795a903a2910aae75f",
			"blockNumber": 5465265,
			"data": "0x00000000000000000000000000000000000000000000000a076407d3f7440000",
			"logIndex": 35,
			"topics": [
				"0xddf252ad1be2c89b69c2b068fc378daa952ba7f163c4a11628f55a4df523b3ef",
				"0x000000000000000000000000468b858c964f297fd8fce058032bf4b4911a8ad8",
				"0x000000000000000000000000826bef51a97db2d2990d76e61e0bb426ca244e89"
			],
			"transactionHash": "0xf04d6b18cac287de42fc3e90d7aed46f75a577a9e5f2a2571fe958d4526e829b",
			"transactionIndex": 51,
			"transactionLogIndex": "0x0",
			"type": "mined",
			"id": "log_1ce6e40c"
		}
	],
	"logsBloom": "0x00000000000000000000000000020000000000000000000000000000000000000000000000000000000000000000000000000000000000000000000004000000000000000000010000000008000000000000000000000000000000000020000000000000000000000000000000000000000000000000000000000010000000000000000000000000000000000000000000000000000000000000000000000000000000000000000080000000000000000000000000000000000000010000000020001002000000000000000000000000000000000000000000000000100000000000000000000000000000000000000000000000000000000000000000000000",
	"root": null,
	"status": "0x1",
	"transactionHash": "0xf04d6b18cac287de42fc3e90d7aed46f75a577a9e5f2a2571fe958d4526e829b",
	"transactionIndex": 51
}
[2018-04-19T00:33:27.771] [DEBUG] trans - TO:   0x76da956fa29526297e17dcd4decd35233dfeefeb
[2018-04-19T00:33:27.771] [DEBUG] trans - AMOUNT:   185000000000000000000
[2018-04-19T00:33:27.771] [DEBUG] trans - Receipt info:  {
	"blockHash": "0xe47b4fb795563a307c1c861dd5f243893e2a4dd85f037c795a903a2910aae75f",
	"blockNumber": 5465265,
	"contractAddress": null,
	"cumulativeGasUsed": 3248811,
	"gasUsed": 51589,
	"logs": [
		{
			"address": "0x7e9e431a0B8c4D532C745B1043c7FA29a48D4fBa",
			"blockHash": "0xe47b4fb795563a307c1c861dd5f243893e2a4dd85f037c795a903a2910aae75f",
			"blockNumber": 5465265,
			"data": "0x00000000000000000000000000000000000000000000000a076407d3f7440000",
			"logIndex": 31,
			"topics": [
				"0xddf252ad1be2c89b69c2b068fc378daa952ba7f163c4a11628f55a4df523b3ef",
				"0x000000000000000000000000468b858c964f297fd8fce058032bf4b4911a8ad8",
				"0x00000000000000000000000076da956fa29526297e17dcd4decd35233dfeefeb"
			],
			"transactionHash": "0x1b268458dae61abd35587749b5b60afdb87016de7b043c76a13f7e5600b97432",
			"transactionIndex": 43,
			"transactionLogIndex": "0x0",
			"type": "mined",
			"id": "log_10d40d3b"
		}
	],
	"logsBloom": "0x00000000000000000000000000020000000000000000000000000000000000000000000000000000000000000000000000000000000000000000000000000000000000000000010000000008000000000000000000000000000000000020040000000000000000000000000000000000000000000000000000000010000000000000000000000000000000000000000000800000000000000000000000000000000000000000000080000000000000000000000000000000000000010000000000001002000000000000000000000000000000000000000000000000000000000000000000000000000000000000000000000000000000000000080000000000",
	"root": null,
	"status": "0x1",
	"transactionHash": "0x1b268458dae61abd35587749b5b60afdb87016de7b043c76a13f7e5600b97432",
	"transactionIndex": 43
}
[2018-04-19T00:33:27.771] [DEBUG] trans - TO:   0x8ddd7dc0c50a301a59ec5e85b1bd6e3c50d99b0c
[2018-04-19T00:33:27.771] [DEBUG] trans - AMOUNT:   185000000000000000000
[2018-04-19T00:33:27.771] [DEBUG] trans - Receipt info:  {
	"blockHash": "0xe47b4fb795563a307c1c861dd5f243893e2a4dd85f037c795a903a2910aae75f",
	"blockNumber": 5465265,
	"contractAddress": null,
	"cumulativeGasUsed": 4237330,
	"gasUsed": 51589,
	"logs": [
		{
			"address": "0x7e9e431a0B8c4D532C745B1043c7FA29a48D4fBa",
			"blockHash": "0xe47b4fb795563a307c1c861dd5f243893e2a4dd85f037c795a903a2910aae75f",
			"blockNumber": 5465265,
			"data": "0x00000000000000000000000000000000000000000000000a076407d3f7440000",
			"logIndex": 40,
			"topics": [
				"0xddf252ad1be2c89b69c2b068fc378daa952ba7f163c4a11628f55a4df523b3ef",
				"0x000000000000000000000000468b858c964f297fd8fce058032bf4b4911a8ad8",
				"0x0000000000000000000000008ddd7dc0c50a301a59ec5e85b1bd6e3c50d99b0c"
			],
			"transactionHash": "0x8103064e2e8f56dec8699472e2648916541b28740f44d008a0fdd9c320a83b43",
			"transactionIndex": 59,
			"transactionLogIndex": "0x0",
			"type": "mined",
			"id": "log_4e2e0722"
		}
	],
	"logsBloom": "0x00000000000000000000000000020000000000000000000000000000000000000000000000000000000000000000000000000000000000000000000000000000000000000000010000000008000000000000000000000000000000000020000000000000000000000000000000000000008000000000000000000010000000000000400000000000000000000000000000000000000000000000000000000000000000000000000080000000000000000000000000000000000000010000000000001002000000000000000000000000000000800000000000000000000000000000000000000000000000000000000000000000000000000000000000000000",
	"root": null,
	"status": "0x1",
	"transactionHash": "0x8103064e2e8f56dec8699472e2648916541b28740f44d008a0fdd9c320a83b43",
	"transactionIndex": 59
}
[2018-04-19T00:33:27.771] [DEBUG] trans - TO:   0xbb65517e56c536da14f1ff3538b7f3cf751c2bb9
[2018-04-19T00:33:27.771] [DEBUG] trans - AMOUNT:   185000000000000000000
[2018-04-19T00:33:27.772] [DEBUG] trans - Receipt info:  {
	"blockHash": "0xe47b4fb795563a307c1c861dd5f243893e2a4dd85f037c795a903a2910aae75f",
	"blockNumber": 5465265,
	"contractAddress": null,
	"cumulativeGasUsed": 5140674,
	"gasUsed": 51589,
	"logs": [
		{
			"address": "0x7e9e431a0B8c4D532C745B1043c7FA29a48D4fBa",
			"blockHash": "0xe47b4fb795563a307c1c861dd5f243893e2a4dd85f037c795a903a2910aae75f",
			"blockNumber": 5465265,
			"data": "0x00000000000000000000000000000000000000000000000a076407d3f7440000",
			"logIndex": 47,
			"topics": [
				"0xddf252ad1be2c89b69c2b068fc378daa952ba7f163c4a11628f55a4df523b3ef",
				"0x000000000000000000000000468b858c964f297fd8fce058032bf4b4911a8ad8",
				"0x000000000000000000000000bb65517e56c536da14f1ff3538b7f3cf751c2bb9"
			],
			"transactionHash": "0xef1cfc9b7824cbdfcdc2532dad50d8d0699c6bc0aa39fa8c15c655fe061fb372",
			"transactionIndex": 71,
			"transactionLogIndex": "0x0",
			"type": "mined",
			"id": "log_fb411ccf"
		}
	],
	"logsBloom": "0x00000000000000100000000000020000000000000000000000000000000000000000000000000000000000000000000000000000000000000000000000000000000000000000010000000008000000000000000000000000000000000020000000000000000000000000000000000000000000000000000000000010000000000000000000000000000000000000000000000000000000000000000000000000000000000000000080000000000000000000000000000000000000010000000000001002000000000000000000000000000000000000000000000000000000000200000000000000000000000000000000000000000000100000000000000000",
	"root": null,
	"status": "0x1",
	"transactionHash": "0xef1cfc9b7824cbdfcdc2532dad50d8d0699c6bc0aa39fa8c15c655fe061fb372",
	"transactionIndex": 71
}
[2018-04-19T00:33:27.772] [DEBUG] trans - TO:   0xb9017919d16fb0d3ead069ab78d09be6f20634aa
[2018-04-19T00:33:27.772] [DEBUG] trans - AMOUNT:   185000000000000000000
[2018-04-19T00:33:27.772] [DEBUG] trans - Receipt info:  {
	"blockHash": "0xe47b4fb795563a307c1c861dd5f243893e2a4dd85f037c795a903a2910aae75f",
	"blockNumber": 5465265,
	"contractAddress": null,
	"cumulativeGasUsed": 4651644,
	"gasUsed": 51589,
	"logs": [
		{
			"address": "0x7e9e431a0B8c4D532C745B1043c7FA29a48D4fBa",
			"blockHash": "0xe47b4fb795563a307c1c861dd5f243893e2a4dd85f037c795a903a2910aae75f",
			"blockNumber": 5465265,
			"data": "0x00000000000000000000000000000000000000000000000a076407d3f7440000",
			"logIndex": 44,
			"topics": [
				"0xddf252ad1be2c89b69c2b068fc378daa952ba7f163c4a11628f55a4df523b3ef",
				"0x000000000000000000000000468b858c964f297fd8fce058032bf4b4911a8ad8",
				"0x000000000000000000000000b9017919d16fb0d3ead069ab78d09be6f20634aa"
			],
			"transactionHash": "0x653c9df5220e79f111d6c5794713028e3f5f44c1d6ac689571e188966c1acd8d",
			"transactionIndex": 65,
			"transactionLogIndex": "0x0",
			"type": "mined",
			"id": "log_deb0b7c7"
		}
	],
	"logsBloom": "0x00000000000000000000000000020000000000000000000000000000000000000008000000000040000000000000000000000000000000000000000000000000000000000000010000000008000000000000000000000000000000000020000000000000000000000000000000000000000000000000000000000010000000000000000000000000000000000000000000000000000000000000000000000000000000000000000080000000000000000000800000000000000000010000000000001002000000000000000000000000000000000000000000000000000000000000000000000000000000000000000000000000000000000000000000000000",
	"root": null,
	"status": "0x1",
	"transactionHash": "0x653c9df5220e79f111d6c5794713028e3f5f44c1d6ac689571e188966c1acd8d",
	"transactionIndex": 65
}
[2018-04-19T00:33:27.774] [DEBUG] trans - TO:   0xf319fb10bf6441343a32f97242c7385291108d7f
[2018-04-19T00:33:27.774] [DEBUG] trans - AMOUNT:   185000000000000000000
[2018-04-19T00:33:27.774] [DEBUG] trans - Receipt info:  {
	"blockHash": "0xe47b4fb795563a307c1c861dd5f243893e2a4dd85f037c795a903a2910aae75f",
	"blockNumber": 5465265,
	"contractAddress": null,
	"cumulativeGasUsed": 5565510,
	"gasUsed": 51589,
	"logs": [
		{
			"address": "0x7e9e431a0B8c4D532C745B1043c7FA29a48D4fBa",
			"blockHash": "0xe47b4fb795563a307c1c861dd5f243893e2a4dd85f037c795a903a2910aae75f",
			"blockNumber": 5465265,
			"data": "0x00000000000000000000000000000000000000000000000a076407d3f7440000",
			"logIndex": 52,
			"topics": [
				"0xddf252ad1be2c89b69c2b068fc378daa952ba7f163c4a11628f55a4df523b3ef",
				"0x000000000000000000000000468b858c964f297fd8fce058032bf4b4911a8ad8",
				"0x000000000000000000000000f319fb10bf6441343a32f97242c7385291108d7f"
			],
			"transactionHash": "0x008acd7d3e27b50ca364d7a6970eac662bf9b26f01511c8904b291586a9f6255",
			"transactionIndex": 77,
			"transactionLogIndex": "0x0",
			"type": "mined",
			"id": "log_81ebde9e"
		}
	],
	"logsBloom": "0x00000000000000000000000000020000000000000000000000000000000000000000000000000000000000000000000000000000000000000000000000000000000000000000010000000008000000000000000000000000000000000020000000000000040000400000000000000000000000000000000000000010000000000000000000000000000000000000000000000000000000000000000000000000000000000000000080000000000000000000000000000000000000010000000000001002000000000000000000000000000000000000000000000000000000000000000000000000000000000000000000000000000000000000400000000000",
	"root": null,
	"status": "0x1",
	"transactionHash": "0x008acd7d3e27b50ca364d7a6970eac662bf9b26f01511c8904b291586a9f6255",
	"transactionIndex": 77
}
[2018-04-19T00:33:27.775] [DEBUG] trans - TO:   0xea2a7c9c60bce48623b6dd28c5017aa16b4760a1
[2018-04-19T00:33:27.775] [DEBUG] trans - AMOUNT:   184999000000000000000
[2018-04-19T00:33:27.775] [DEBUG] trans - Receipt info:  {
	"blockHash": "0xe47b4fb795563a307c1c861dd5f243893e2a4dd85f037c795a903a2910aae75f",
	"blockNumber": 5465265,
	"contractAddress": null,
	"cumulativeGasUsed": 5962331,
	"gasUsed": 51653,
	"logs": [
		{
			"address": "0x7e9e431a0B8c4D532C745B1043c7FA29a48D4fBa",
			"blockHash": "0xe47b4fb795563a307c1c861dd5f243893e2a4dd85f037c795a903a2910aae75f",
			"blockNumber": 5465265,
			"data": "0x00000000000000000000000000000000000000000000000a07607a55527d8000",
			"logIndex": 56,
			"topics": [
				"0xddf252ad1be2c89b69c2b068fc378daa952ba7f163c4a11628f55a4df523b3ef",
				"0x000000000000000000000000468b858c964f297fd8fce058032bf4b4911a8ad8",
				"0x000000000000000000000000ea2a7c9c60bce48623b6dd28c5017aa16b4760a1"
			],
			"transactionHash": "0x5afdd102db97ea14f8974aca4d7132791b5c66244882d0eb0f60ed344b46defc",
			"transactionIndex": 81,
			"transactionLogIndex": "0x0",
			"type": "mined",
			"id": "log_edf258f8"
		}
	],
	"logsBloom": "0x00000000000000000000000000020000800000000000000000000000000000000000000000000000000000000000000000000000000000000000000000000000000000000000010000000008000000000000000000000000000000000020000000000000000000000000000000000000000000000000000000000010000000000000000000000000000000000000000000000000000000000000000000000000000000000000000080000000000000000000000000000000000000010000000000001002000080000000000000000000000000000000000000000000000000000000000000000000000000000000000000000000000000000000000400000000",
	"root": null,
	"status": "0x1",
	"transactionHash": "0x5afdd102db97ea14f8974aca4d7132791b5c66244882d0eb0f60ed344b46defc",
	"transactionIndex": 81
}
[2018-04-19T00:33:27.776] [DEBUG] trans - TO:   0x431033cec666f5058886717c8c17e0057c2a2245
[2018-04-19T00:33:27.776] [DEBUG] trans - AMOUNT:   184959300000000000000
[2018-04-19T00:33:27.776] [DEBUG] trans - Receipt info:  {
	"blockHash": "0xe47b4fb795563a307c1c861dd5f243893e2a4dd85f037c795a903a2910aae75f",
	"blockNumber": 5465265,
	"contractAddress": null,
	"cumulativeGasUsed": 7113071,
	"gasUsed": 51653,
	"logs": [
		{
			"address": "0x7e9e431a0B8c4D532C745B1043c7FA29a48D4fBa",
			"blockHash": "0xe47b4fb795563a307c1c861dd5f243893e2a4dd85f037c795a903a2910aae75f",
			"blockNumber": 5465265,
			"data": "0x00000000000000000000000000000000000000000000000a06d36f64c4e84000",
			"logIndex": 64,
			"topics": [
				"0xddf252ad1be2c89b69c2b068fc378daa952ba7f163c4a11628f55a4df523b3ef",
				"0x000000000000000000000000468b858c964f297fd8fce058032bf4b4911a8ad8",
				"0x000000000000000000000000431033cec666f5058886717c8c17e0057c2a2245"
			],
			"transactionHash": "0x38625214a61f411e2b49d357456837b53aff9579f768af82c61175edcee8b6b6",
			"transactionIndex": 93,
			"transactionLogIndex": "0x0",
			"type": "mined",
			"id": "log_e8773690"
		}
	],
	"logsBloom": "0x00000000000000000000000000020000000000000000000000000000000000000000000000000000000000000000000000000000000000002000000000000000000000000000010000000008000000000000000000000000000000008020000000000000000000000000000000000000000000000000000000000010000000000000000000000000000000000000000000000000000000000000000000000000000000000000000080000000000000000000000000000000000000010000000000001002000000000000000000000000000000000000000000000000000000000000000000000000000000000000000000000000000001000000000000000000",
	"root": null,
	"status": "0x1",
	"transactionHash": "0x38625214a61f411e2b49d357456837b53aff9579f768af82c61175edcee8b6b6",
	"transactionIndex": 93
}
[2018-04-19T00:33:27.779] [DEBUG] trans - TO:   0xb80677039284c7269a4b604f005ab6e012264af1
[2018-04-19T00:33:27.779] [DEBUG] trans - AMOUNT:   184923300000000000000
[2018-04-19T00:33:27.779] [DEBUG] trans - Receipt info:  {
	"blockHash": "0xe47b4fb795563a307c1c861dd5f243893e2a4dd85f037c795a903a2910aae75f",
	"blockNumber": 5465265,
	"contractAddress": null,
	"cumulativeGasUsed": 7838957,
	"gasUsed": 51589,
	"logs": [
		{
			"address": "0x7e9e431a0B8c4D532C745B1043c7FA29a48D4fBa",
			"blockHash": "0xe47b4fb795563a307c1c861dd5f243893e2a4dd85f037c795a903a2910aae75f",
			"blockNumber": 5465265,
			"data": "0x00000000000000000000000000000000000000000000000a0653899598fe4000",
			"logIndex": 71,
			"topics": [
				"0xddf252ad1be2c89b69c2b068fc378daa952ba7f163c4a11628f55a4df523b3ef",
				"0x000000000000000000000000468b858c964f297fd8fce058032bf4b4911a8ad8",
				"0x000000000000000000000000b80677039284c7269a4b604f005ab6e012264af1"
			],
			"transactionHash": "0xdf5865a185d33f7b0a1998916d8894a6aacf462e40842b4675a6a1901c275e76",
			"transactionIndex": 104,
			"transactionLogIndex": "0x0",
			"type": "mined",
			"id": "log_40ae1a96"
		}
	],
	"logsBloom": "0x00000000000000000000000000020000000000000000000000000000000000000000000000000000000000000000000000000000000000000000000000000000000000000000010000000008000000000000000000000000000000000020000000000000000000000000000000000000000000000000000000000010004000200000000000000000000000000000000000000000000000000000000000000000000000000000000080000000000000000000000000000000000000010000000000001002000000000000000000000000000000000000000200000000000000000000000000000000000000000000000000000000000000000000000000000000",
	"root": null,
	"status": "0x1",
	"transactionHash": "0xdf5865a185d33f7b0a1998916d8894a6aacf462e40842b4675a6a1901c275e76",
	"transactionIndex": 104
}
[2018-04-19T00:33:27.779] [DEBUG] trans - TO:   0xab85cbb24aeb6accd04904307366eabd9d9dc813
[2018-04-19T00:33:27.779] [DEBUG] trans - AMOUNT:   184954100000000000000
[2018-04-19T00:33:27.779] [DEBUG] trans - Receipt info:  {
	"blockHash": "0xe47b4fb795563a307c1c861dd5f243893e2a4dd85f037c795a903a2910aae75f",
	"blockNumber": 5465265,
	"contractAddress": null,
	"cumulativeGasUsed": 7463610,
	"gasUsed": 51653,
	"logs": [
		{
			"address": "0x7e9e431a0B8c4D532C745B1043c7FA29a48D4fBa",
			"blockHash": "0xe47b4fb795563a307c1c861dd5f243893e2a4dd85f037c795a903a2910aae75f",
			"blockNumber": 5465265,
			"data": "0x00000000000000000000000000000000000000000000000a06c0f6056c134000",
			"logIndex": 68,
			"topics": [
				"0xddf252ad1be2c89b69c2b068fc378daa952ba7f163c4a11628f55a4df523b3ef",
				"0x000000000000000000000000468b858c964f297fd8fce058032bf4b4911a8ad8",
				"0x000000000000000000000000ab85cbb24aeb6accd04904307366eabd9d9dc813"
			],
			"transactionHash": "0xaa3cd64f00508add4ac2caa5cbb25acec9c7cb7cae1b36a5d6fc5d060013b0ed",
			"transactionIndex": 97,
			"transactionLogIndex": "0x0",
			"type": "mined",
			"id": "log_58588057"
		}
	],
	"logsBloom": "0x00000000000000000000000000020000000000000000000000000000000000000000000000000000000000000000000000000000000000000000000000000000000000000000010000000008000000000000000008000000000000000020000000000000000000000000000000000000000000000000000000000010000000000000000000000000000000000000000000000008000000000000000010000000000000000000000080000000000000000000000000000000000000010000000000001002000000000000000000000000000000000000000000000000000000000000000000000000000000000000000000000000000000000000000000000000",
	"root": null,
	"status": "0x1",
	"transactionHash": "0xaa3cd64f00508add4ac2caa5cbb25acec9c7cb7cae1b36a5d6fc5d060013b0ed",
	"transactionIndex": 97
}
[2018-04-19T00:33:27.780] [DEBUG] trans - TO:   0x0b5f2f4f102286fa7759f08604ab053aef6ff766
[2018-04-19T00:33:27.780] [DEBUG] trans - AMOUNT:   184949600000000000000
[2018-04-19T00:33:27.780] [DEBUG] trans - Receipt info:  {
	"blockHash": "0xe47b4fb795563a307c1c861dd5f243893e2a4dd85f037c795a903a2910aae75f",
	"blockNumber": 5465265,
	"contractAddress": null,
	"cumulativeGasUsed": 7693715,
	"gasUsed": 51589,
	"logs": [
		{
			"address": "0x7e9e431a0B8c4D532C745B1043c7FA29a48D4fBa",
			"blockHash": "0xe47b4fb795563a307c1c861dd5f243893e2a4dd85f037c795a903a2910aae75f",
			"blockNumber": 5465265,
			"data": "0x00000000000000000000000000000000000000000000000a06b0f94b86960000",
			"logIndex": 69,
			"topics": [
				"0xddf252ad1be2c89b69c2b068fc378daa952ba7f163c4a11628f55a4df523b3ef",
				"0x000000000000000000000000468b858c964f297fd8fce058032bf4b4911a8ad8",
				"0x0000000000000000000000000b5f2f4f102286fa7759f08604ab053aef6ff766"
			],
			"transactionHash": "0x2b0de545e7dda12c5313f29d757e648c9860a5938f37a7a72c0b61fb39d3f8c1",
			"transactionIndex": 100,
			"transactionLogIndex": "0x0",
			"type": "mined",
			"id": "log_d8563748"
		}
	],
	"logsBloom": "0x00000000000000000000000000020020000000000000000000000000000200000000000000000000000000000000000000000000000000000000000000000000000000000000010000000008000000000000000000000000000000000020000000000000000000000000000000000000000000000000000000000010000000000000400000000000000000000000000000000000000000000000000000000000000000000000000080000000000000000000000000000000000000010000000000001002000000000000000000000000000000000000000000000000000000000000000000000000000000000000000000000000000000000000000000000000",
	"root": null,
	"status": "0x1",
	"transactionHash": "0x2b0de545e7dda12c5313f29d757e648c9860a5938f37a7a72c0b61fb39d3f8c1",
	"transactionIndex": 100
}
[2018-04-19T00:33:27.780] [DEBUG] trans - TO:   0xa70508a7b918cf110301e86e7ac26d2415db68d8
[2018-04-19T00:33:27.780] [DEBUG] trans - AMOUNT:   184933900000000000000
[2018-04-19T00:33:27.780] [DEBUG] trans - Receipt info:  {
	"blockHash": "0xe47b4fb795563a307c1c861dd5f243893e2a4dd85f037c795a903a2910aae75f",
	"blockNumber": 5465265,
	"contractAddress": null,
	"cumulativeGasUsed": 7766368,
	"gasUsed": 51653,
	"logs": [
		{
			"address": "0x7e9e431a0B8c4D532C745B1043c7FA29a48D4fBa",
			"blockHash": "0xe47b4fb795563a307c1c861dd5f243893e2a4dd85f037c795a903a2910aae75f",
			"blockNumber": 5465265,
			"data": "0x00000000000000000000000000000000000000000000000a0679323a6b9cc000",
			"logIndex": 70,
			"topics": [
				"0xddf252ad1be2c89b69c2b068fc378daa952ba7f163c4a11628f55a4df523b3ef",
				"0x000000000000000000000000468b858c964f297fd8fce058032bf4b4911a8ad8",
				"0x000000000000000000000000a70508a7b918cf110301e86e7ac26d2415db68d8"
			],
			"transactionHash": "0x6141fd6869262d71df8feff38f8600920d40ad0352b573a9a0a96b0d2bc0accc",
			"transactionIndex": 102,
			"transactionLogIndex": "0x0",
			"type": "mined",
			"id": "log_4aff07c9"
		}
	],
	"logsBloom": "0x00000000000000000000000000020000000000000000000000000000000000000000000000000010000000000000000000000000000000000000000000000000000000000000010000000008000000100000000000000000000000000020000000000000000000000000000000000000000000000000000000000010000000000000000000000000000000000000000000000000000000000000000000000000000000000000000080000000000000000000000000000000000000010000000000001002000000000000000000000000000000000000000000000000800000000000000000000000000000000000000000000000000000000000000000000000",
	"root": null,
	"status": "0x1",
	"transactionHash": "0x6141fd6869262d71df8feff38f8600920d40ad0352b573a9a0a96b0d2bc0accc",
	"transactionIndex": 102
}
[2018-04-19T00:33:27.782] [DEBUG] trans - TO:   0x4e4423b735fb3a7e934a2968ecc9823b1936f936
[2018-04-19T00:33:27.782] [DEBUG] trans - AMOUNT:   184972200000000000000
[2018-04-19T00:33:27.782] [DEBUG] trans - Receipt info:  {
	"blockHash": "0xe47b4fb795563a307c1c861dd5f243893e2a4dd85f037c795a903a2910aae75f",
	"blockNumber": 5465265,
	"contractAddress": null,
	"cumulativeGasUsed": 6312527,
	"gasUsed": 51653,
	"logs": [
		{
			"address": "0x7e9e431a0B8c4D532C745B1043c7FA29a48D4fBa",
			"blockHash": "0xe47b4fb795563a307c1c861dd5f243893e2a4dd85f037c795a903a2910aae75f",
			"blockNumber": 5465265,
			"data": "0x00000000000000000000000000000000000000000000000a070143e012828000",
			"logIndex": 60,
			"topics": [
				"0xddf252ad1be2c89b69c2b068fc378daa952ba7f163c4a11628f55a4df523b3ef",
				"0x000000000000000000000000468b858c964f297fd8fce058032bf4b4911a8ad8",
				"0x0000000000000000000000004e4423b735fb3a7e934a2968ecc9823b1936f936"
			],
			"transactionHash": "0x5b12ba3a861f31395a672e78a2bf55307bd3e5998fa087ac0f75cb54ecccfbe4",
			"transactionIndex": 85,
			"transactionLogIndex": "0x0",
			"type": "mined",
			"id": "log_5b37b68b"
		}
	],
	"logsBloom": "0x00000000000000000000000000020000000000000000000000000000000000000000000040000000000000000000000000000000000000000000000000000000000000000000010000000008000000000000000000000000000000000020000000000000000000000000000000000000000000000000000000000010000000000000000001000000000000000000000002000000000000000000000000000000000000000000000080000000000000000000000000000000000000010000000000001002000000000000000000000000000000000000000000000000000000000000000000000000000000000000000000000000000000000000000000000000",
	"root": null,
	"status": "0x1",
	"transactionHash": "0x5b12ba3a861f31395a672e78a2bf55307bd3e5998fa087ac0f75cb54ecccfbe4",
	"transactionIndex": 85
}
[2018-04-19T00:33:27.783] [DEBUG] trans - TO:   0x5aa515ad4a18307dc39d428c9f6b692eafd239d8
[2018-04-19T00:33:27.783] [DEBUG] trans - AMOUNT:   184967000000000000000
[2018-04-19T00:33:27.783] [DEBUG] trans - Receipt info:  {
	"blockHash": "0xe47b4fb795563a307c1c861dd5f243893e2a4dd85f037c795a903a2910aae75f",
	"blockNumber": 5465265,
	"contractAddress": null,
	"cumulativeGasUsed": 6697799,
	"gasUsed": 51653,
	"logs": [
		{
			"address": "0x7e9e431a0B8c4D532C745B1043c7FA29a48D4fBa",
			"blockHash": "0xe47b4fb795563a307c1c861dd5f243893e2a4dd85f037c795a903a2910aae75f",
			"blockNumber": 5465265,
			"data": "0x00000000000000000000000000000000000000000000000a06eeca80b9ad8000",
			"logIndex": 62,
			"topics": [
				"0xddf252ad1be2c89b69c2b068fc378daa952ba7f163c4a11628f55a4df523b3ef",
				"0x000000000000000000000000468b858c964f297fd8fce058032bf4b4911a8ad8",
				"0x0000000000000000000000005aa515ad4a18307dc39d428c9f6b692eafd239d8"
			],
			"transactionHash": "0xf1089680dcda0abc09b9faef08ce4d5fc4b5688116788db06cee14641cdf147f",
			"transactionIndex": 89,
			"transactionLogIndex": "0x0",
			"type": "mined",
			"id": "log_52817f18"
		}
	],
	"logsBloom": "0x00000000000000000000000000020000000000000000000000000000000010000000000000000000000000000000000000000000000000000001000000000000000000000000010000000008000000000000000000000000000000000020000000000000000000000000000000000000000000000000000000000010000000000000000000000000000000000000000000000000000000000000000000000000000000000008000080000000000000000000000000000000000000010000000000001002000000000000000000000000000000000000000000000000000000000000000000000000000000000000000000000000000000000000000000000000",
	"root": null,
	"status": "0x1",
	"transactionHash": "0xf1089680dcda0abc09b9faef08ce4d5fc4b5688116788db06cee14641cdf147f",
	"transactionIndex": 89
}
[2018-04-19T00:33:35.787] [DEBUG] trans - TO:   0x16c393e6a038502a2d01527183c9b5d560ec0bc9
[2018-04-19T00:33:35.787] [DEBUG] trans - AMOUNT:   184923200000000000000
[2018-04-19T00:33:35.787] [DEBUG] trans - Receipt info:  {
	"blockHash": "0x71556bbd4cdc0f7d4e5d779ca2c94dd5946fc609be9bc469ec53989afa231187",
	"blockNumber": 5465266,
	"contractAddress": null,
	"cumulativeGasUsed": 195223,
	"gasUsed": 51589,
	"logs": [
		{
			"address": "0x7e9e431a0B8c4D532C745B1043c7FA29a48D4fBa",
			"blockHash": "0x71556bbd4cdc0f7d4e5d779ca2c94dd5946fc609be9bc469ec53989afa231187",
			"blockNumber": 5465266,
			"data": "0x00000000000000000000000000000000000000000000000a06532ea288840000",
			"logIndex": 2,
			"topics": [
				"0xddf252ad1be2c89b69c2b068fc378daa952ba7f163c4a11628f55a4df523b3ef",
				"0x000000000000000000000000468b858c964f297fd8fce058032bf4b4911a8ad8",
				"0x00000000000000000000000016c393e6a038502a2d01527183c9b5d560ec0bc9"
			],
			"transactionHash": "0x10b4892d19d16cd0312b51aa271bfb77c8275d6ea1b2606cbcbf52bea0bc6f7e",
			"transactionIndex": 4,
			"transactionLogIndex": "0x0",
			"type": "mined",
			"id": "log_26ef6983"
		}
	],
	"logsBloom": "0x00000000000000000000000000020000000000000000000000000000000000000000000000000000000000000000000000000000000000000000000000000000000000000000010000000008000000000000000000000000000000000020000000000000000000000000000000000000000000000000000000000010000000000000000000000000000000000000000000000000000000000000000000000000000000000000000080000000000000000000000200000000000000010000000000001002000000000000000000000000000000000000000000000000000000000000000000010000000000000000000040000000000000000000000000000000",
	"root": null,
	"status": "0x1",
	"transactionHash": "0x10b4892d19d16cd0312b51aa271bfb77c8275d6ea1b2606cbcbf52bea0bc6f7e",
	"transactionIndex": 4
}
[2018-04-19T00:33:35.788] [DEBUG] trans - TO:   0x28c03f83e3c77c0bdbad47891e9051d334f09ff0
[2018-04-19T00:33:35.788] [DEBUG] trans - AMOUNT:   184914000000000000000
[2018-04-19T00:33:35.788] [DEBUG] trans - Receipt info:  {
	"blockHash": "0x71556bbd4cdc0f7d4e5d779ca2c94dd5946fc609be9bc469ec53989afa231187",
	"blockNumber": 5465266,
	"contractAddress": null,
	"cumulativeGasUsed": 425392,
	"gasUsed": 51589,
	"logs": [
		{
			"address": "0x7e9e431a0B8c4D532C745B1043c7FA29a48D4fBa",
			"blockHash": "0x71556bbd4cdc0f7d4e5d779ca2c94dd5946fc609be9bc469ec53989afa231187",
			"blockNumber": 5465266,
			"data": "0x00000000000000000000000000000000000000000000000a06327f489c950000",
			"logIndex": 3,
			"topics": [
				"0xddf252ad1be2c89b69c2b068fc378daa952ba7f163c4a11628f55a4df523b3ef",
				"0x000000000000000000000000468b858c964f297fd8fce058032bf4b4911a8ad8",
				"0x00000000000000000000000028c03f83e3c77c0bdbad47891e9051d334f09ff0"
			],
			"transactionHash": "0x45be177df30011449ea81518dcd07d867c68a55438dd6ae477a9f86d2d15c709",
			"transactionIndex": 7,
			"transactionLogIndex": "0x0",
			"type": "mined",
			"id": "log_a91fe359"
		}
	],
	"logsBloom": "0x00000000000000000000000000020000000000000000000000000000000000000000000000000000000000000000000000000000000000000000000000000000000000000000010000000008000000000000000000000000000000000020000000000000000000000000000000000000000000000000000000000010010200000000000000000000000000000000000000000000000000000000000000000000000000080000000080000000000000000000000000000000000000010000000000001002000000000000000000000000000000000000000000000000000000000000000000000000000000000000000000000000000000000000000000000000",
	"root": null,
	"status": "0x1",
	"transactionHash": "0x45be177df30011449ea81518dcd07d867c68a55438dd6ae477a9f86d2d15c709",
	"transactionIndex": 7
}
[2018-04-19T00:33:35.788] [DEBUG] trans - TO:   0xfe79587e079c0561a17fd00841d95a75d6c16d4f
[2018-04-19T00:33:35.788] [DEBUG] trans - AMOUNT:   184913300000000000000
[2018-04-19T00:33:35.788] [DEBUG] trans - Receipt info:  {
	"blockHash": "0x71556bbd4cdc0f7d4e5d779ca2c94dd5946fc609be9bc469ec53989afa231187",
	"blockNumber": 5465266,
	"contractAddress": null,
	"cumulativeGasUsed": 565794,
	"gasUsed": 51653,
	"logs": [
		{
			"address": "0x7e9e431a0B8c4D532C745B1043c7FA29a48D4fBa",
			"blockHash": "0x71556bbd4cdc0f7d4e5d779ca2c94dd5946fc609be9bc469ec53989afa231187",
			"blockNumber": 5465266,
			"data": "0x00000000000000000000000000000000000000000000000a063002a3293d4000",
			"logIndex": 5,
			"topics": [
				"0xddf252ad1be2c89b69c2b068fc378daa952ba7f163c4a11628f55a4df523b3ef",
				"0x000000000000000000000000468b858c964f297fd8fce058032bf4b4911a8ad8",
				"0x000000000000000000000000fe79587e079c0561a17fd00841d95a75d6c16d4f"
			],
			"transactionHash": "0xc0dd5f36b079d09b504f746ebd781e57c1daf3ddcad3fc957e1fe5e508016387",
			"transactionIndex": 10,
			"transactionLogIndex": "0x0",
			"type": "mined",
			"id": "log_a96ca787"
		}
	],
	"logsBloom": "0x00000000000000000000000000020000000000000000000000000000000000000000000001000000000000000000000000000000000000000000000000002000080000000000010000000008000000000000000000000000000000000020000000000000000000000000000000000000000000000000000000000010000000000000000000000000000000000000000000000000000000000000000000000000000000000000000080000000000000000000000000000000000000010000000000001002000000000000000000000000000000000000000000000000000000000000000000000000000000000000000000000000000000000000000000000000",
	"root": null,
	"status": "0x1",
	"transactionHash": "0xc0dd5f36b079d09b504f746ebd781e57c1daf3ddcad3fc957e1fe5e508016387",
	"transactionIndex": 10
}
[2018-04-19T00:33:35.788] [DEBUG] trans - TO:   0xb48ff95bd6489a3e68f5203568030b4ed1af66e4
[2018-04-19T00:33:35.788] [DEBUG] trans - AMOUNT:   184900000000000000000
[2018-04-19T00:33:35.788] [DEBUG] trans - Receipt info:  {
	"blockHash": "0x71556bbd4cdc0f7d4e5d779ca2c94dd5946fc609be9bc469ec53989afa231187",
	"blockNumber": 5465266,
	"contractAddress": null,
	"cumulativeGasUsed": 795835,
	"gasUsed": 51525,
	"logs": [
		{
			"address": "0x7e9e431a0B8c4D532C745B1043c7FA29a48D4fBa",
			"blockHash": "0x71556bbd4cdc0f7d4e5d779ca2c94dd5946fc609be9bc469ec53989afa231187",
			"blockNumber": 5465266,
			"data": "0x00000000000000000000000000000000000000000000000a0600c25b99ba0000",
			"logIndex": 6,
			"topics": [
				"0xddf252ad1be2c89b69c2b068fc378daa952ba7f163c4a11628f55a4df523b3ef",
				"0x000000000000000000000000468b858c964f297fd8fce058032bf4b4911a8ad8",
				"0x000000000000000000000000b48ff95bd6489a3e68f5203568030b4ed1af66e4"
			],
			"transactionHash": "0xbe82674c14f1c5885affa7da79e780b0c470370b5c7578ccb8ba9748818d9162",
			"transactionIndex": 13,
			"transactionLogIndex": "0x0",
			"type": "mined",
			"id": "log_f6307759"
		}
	],
	"logsBloom": "0x00000000000000000000000000020000000000000000000000000000000000000000000000000000000000000000000000000000000000000000000000000000000400000000010000000008000000000000000000000000000000000020000000000000000000000000000000000000000000000000000000000010000000000000000000000000000000000000000000000020000000000000000000000000000000000000000080000000000000000000000000000000000000010000000200001002000000000000000000000000000000000000000000000000000000000000000000000000000000000000000000000000000000000000000000000000",
	"root": null,
	"status": "0x1",
	"transactionHash": "0xbe82674c14f1c5885affa7da79e780b0c470370b5c7578ccb8ba9748818d9162",
	"transactionIndex": 13
}
[2018-04-19T00:33:35.789] [DEBUG] trans - TO:   0xb8b0173ed7538d876a47c7a4d4db6feaae910d2a
[2018-04-19T00:33:35.789] [DEBUG] trans - AMOUNT:   184900000000000000000
[2018-04-19T00:33:35.789] [DEBUG] trans - Receipt info:  {
	"blockHash": "0x71556bbd4cdc0f7d4e5d779ca2c94dd5946fc609be9bc469ec53989afa231187",
	"blockNumber": 5465266,
	"contractAddress": null,
	"cumulativeGasUsed": 847360,
	"gasUsed": 51525,
	"logs": [
		{
			"address": "0x7e9e431a0B8c4D532C745B1043c7FA29a48D4fBa",
			"blockHash": "0x71556bbd4cdc0f7d4e5d779ca2c94dd5946fc609be9bc469ec53989afa231187",
			"blockNumber": 5465266,
			"data": "0x00000000000000000000000000000000000000000000000a0600c25b99ba0000",
			"logIndex": 7,
			"topics": [
				"0xddf252ad1be2c89b69c2b068fc378daa952ba7f163c4a11628f55a4df523b3ef",
				"0x000000000000000000000000468b858c964f297fd8fce058032bf4b4911a8ad8",
				"0x000000000000000000000000b8b0173ed7538d876a47c7a4d4db6feaae910d2a"
			],
			"transactionHash": "0x9ef9dc3b4e72dc42b90db9db56b31bd67ae6f6caa609cf404ba7e4d78d61cfcf",
			"transactionIndex": 14,
			"transactionLogIndex": "0x0",
			"type": "mined",
			"id": "log_f64c4643"
		}
	],
	"logsBloom": "0x00000000000000000000000000020000000000000000000000000000000000000000000000000000000000000000000000000000000000000000000000000000000000000000010000000008000000000000800000000000000000000020000000000000000000000000000000000000000000000000000000000010000000000000004000000000000000000000000000000000100000000000000000000000000000000000000080000000000000000000000000000000000000010000000000001002000000000000000000000000000000000000000000000000000000000000000000000000000000000000000000000000000000000000000000000000",
	"root": null,
	"status": "0x1",
	"transactionHash": "0x9ef9dc3b4e72dc42b90db9db56b31bd67ae6f6caa609cf404ba7e4d78d61cfcf",
	"transactionIndex": 14
}
[2018-04-19T00:33:35.789] [DEBUG] trans - TO:   0xae71ea85325ff3eb9fddc95b1f08ca5ec65b05ae
[2018-04-19T00:33:35.789] [DEBUG] trans - AMOUNT:   184894700000000000000
[2018-04-19T00:33:35.789] [DEBUG] trans - Receipt info:  {
	"blockHash": "0x71556bbd4cdc0f7d4e5d779ca2c94dd5946fc609be9bc469ec53989afa231187",
	"blockNumber": 5465266,
	"contractAddress": null,
	"cumulativeGasUsed": 899013,
	"gasUsed": 51653,
	"logs": [
		{
			"address": "0x7e9e431a0B8c4D532C745B1043c7FA29a48D4fBa",
			"blockHash": "0x71556bbd4cdc0f7d4e5d779ca2c94dd5946fc609be9bc469ec53989afa231187",
			"blockNumber": 5465266,
			"data": "0x00000000000000000000000000000000000000000000000a05edee09306ac000",
			"logIndex": 8,
			"topics": [
				"0xddf252ad1be2c89b69c2b068fc378daa952ba7f163c4a11628f55a4df523b3ef",
				"0x000000000000000000000000468b858c964f297fd8fce058032bf4b4911a8ad8",
				"0x000000000000000000000000ae71ea85325ff3eb9fddc95b1f08ca5ec65b05ae"
			],
			"transactionHash": "0x0a303500fee8cd7ccee3046e2798cd5185fb25ef355b3eda4860064c2cf86503",
			"transactionIndex": 15,
			"transactionLogIndex": "0x0",
			"type": "mined",
			"id": "log_4ae79b16"
		}
	],
	"logsBloom": "0x00000000000000000000000000020000000000000000000000000000000000000000000000000000000000000000000000000100000000000000000000000000000000000000010000000008000000000000000000000000000000000020000000000000104000000000000000000000000000000000000000000010000000000000000000000000000000000000000000000000000000000000000000000000000000000000000080000000000000000000000000000000000000010000000000001002000000000000000000000000000000000000000000000000000000000000000000000000000000000000000000000000000000000000000000000000",
	"root": null,
	"status": "0x1",
	"transactionHash": "0x0a303500fee8cd7ccee3046e2798cd5185fb25ef355b3eda4860064c2cf86503",
	"transactionIndex": 15
}
[2018-04-19T00:33:35.789] [DEBUG] trans - TO:   0xc1c1fdadd3f76ff4e34f6f3f0b00f4db9b539a8f
[2018-04-19T00:33:35.789] [DEBUG] trans - AMOUNT:   184890300000000000000
[2018-04-19T00:33:35.789] [DEBUG] trans - Receipt info:  {
	"blockHash": "0x71556bbd4cdc0f7d4e5d779ca2c94dd5946fc609be9bc469ec53989afa231187",
	"blockNumber": 5465266,
	"contractAddress": null,
	"cumulativeGasUsed": 950602,
	"gasUsed": 51589,
	"logs": [
		{
			"address": "0x7e9e431a0B8c4D532C745B1043c7FA29a48D4fBa",
			"blockHash": "0x71556bbd4cdc0f7d4e5d779ca2c94dd5946fc609be9bc469ec53989afa231187",
			"blockNumber": 5465266,
			"data": "0x00000000000000000000000000000000000000000000000a05de4c425b67c000",
			"logIndex": 9,
			"topics": [
				"0xddf252ad1be2c89b69c2b068fc378daa952ba7f163c4a11628f55a4df523b3ef",
				"0x000000000000000000000000468b858c964f297fd8fce058032bf4b4911a8ad8",
				"0x000000000000000000000000c1c1fdadd3f76ff4e34f6f3f0b00f4db9b539a8f"
			],
			"transactionHash": "0xc6e35cd5a330e59b8e1377a1390da36c1d639e73d42da23be35f2c445b507247",
			"transactionIndex": 16,
			"transactionLogIndex": "0x0",
			"type": "mined",
			"id": "log_844522bb"
		}
	],
	"logsBloom": "0x00000000000000000000000000020000000000000000000000000000000000000000000000000000000000000000000000000000000000000000000000000000000000000000010000000008000000000000000000000000000000000020000000000000000000000000000000000000000000000000000000000010000000004000000000000000000000000400000000000000000000000000000000000000000000000000000080000000000000000000000000000000000000010000000000001002000000000000000000000000000000000000000000000000000000000000000000000000000000000000000000000000000000000000000000000002",
	"root": null,
	"status": "0x1",
	"transactionHash": "0xc6e35cd5a330e59b8e1377a1390da36c1d639e73d42da23be35f2c445b507247",
	"transactionIndex": 16
}
[2018-04-19T00:33:35.790] [DEBUG] trans - TO:   0x9bbf1ada7f5ec547fd2515e38cfeca40905e0597
[2018-04-19T00:33:35.790] [DEBUG] trans - AMOUNT:   184876600000000000000
[2018-04-19T00:33:35.790] [DEBUG] trans - Receipt info:  {
	"blockHash": "0x71556bbd4cdc0f7d4e5d779ca2c94dd5946fc609be9bc469ec53989afa231187",
	"blockNumber": 5465266,
	"contractAddress": null,
	"cumulativeGasUsed": 1053844,
	"gasUsed": 51653,
	"logs": [
		{
			"address": "0x7e9e431a0B8c4D532C745B1043c7FA29a48D4fBa",
			"blockHash": "0x71556bbd4cdc0f7d4e5d779ca2c94dd5946fc609be9bc469ec53989afa231187",
			"blockNumber": 5465266,
			"data": "0x00000000000000000000000000000000000000000000000a05ada02e89fb8000",
			"logIndex": 11,
			"topics": [
				"0xddf252ad1be2c89b69c2b068fc378daa952ba7f163c4a11628f55a4df523b3ef",
				"0x000000000000000000000000468b858c964f297fd8fce058032bf4b4911a8ad8",
				"0x0000000000000000000000009bbf1ada7f5ec547fd2515e38cfeca40905e0597"
			],
			"transactionHash": "0xd0f3eb87f0f8cc4936cc5e72ad7882043401675c1bad2216ed68e294170678c0",
			"transactionIndex": 18,
			"transactionLogIndex": "0x0",
			"type": "mined",
			"id": "log_b68e8545"
		}
	],
	"logsBloom": "0x00000000000000000000000000020000000000000000000000000000000000000000000000000000000000000000000000000000020008000000000000000000000000000000010000000008000000000000000000000000000000000020000000000000000000000000000000000000000000000000000000000010000000000000000000000800000000000000000000000000000000000000000000000000000000000000000080000000000000000000000000000000000000010000000000001002000000000000000000000000000000000000000000000000000000000000000000000000000000000000000000000000000000000000000000000000",
	"root": null,
	"status": "0x1",
	"transactionHash": "0xd0f3eb87f0f8cc4936cc5e72ad7882043401675c1bad2216ed68e294170678c0",
	"transactionIndex": 18
}
[2018-04-19T00:33:35.790] [DEBUG] trans - TO:   0x3f2dbd4ccc77599dc962d475d7323dc42df896bc
[2018-04-19T00:33:35.790] [DEBUG] trans - AMOUNT:   184885600000000000000
[2018-04-19T00:33:35.791] [DEBUG] trans - Receipt info:  {
	"blockHash": "0x71556bbd4cdc0f7d4e5d779ca2c94dd5946fc609be9bc469ec53989afa231187",
	"blockNumber": 5465266,
	"contractAddress": null,
	"cumulativeGasUsed": 1002191,
	"gasUsed": 51589,
	"logs": [
		{
			"address": "0x7e9e431a0B8c4D532C745B1043c7FA29a48D4fBa",
			"blockHash": "0x71556bbd4cdc0f7d4e5d779ca2c94dd5946fc609be9bc469ec53989afa231187",
			"blockNumber": 5465266,
			"data": "0x00000000000000000000000000000000000000000000000a05cd99a254f60000",
			"logIndex": 10,
			"topics": [
				"0xddf252ad1be2c89b69c2b068fc378daa952ba7f163c4a11628f55a4df523b3ef",
				"0x000000000000000000000000468b858c964f297fd8fce058032bf4b4911a8ad8",
				"0x0000000000000000000000003f2dbd4ccc77599dc962d475d7323dc42df896bc"
			],
			"transactionHash": "0x34b40294c69cbf357d34a0459b4d476549aa22bca4246680c280bc1f37e8774b",
			"transactionIndex": 17,
			"transactionLogIndex": "0x0",
			"type": "mined",
			"id": "log_61f81d04"
		}
	],
	"logsBloom": "0x00000000000000000000000000020000000000000000000000000000000000000000000000000000008000000000000000000000000000000000000000000000000000000000010000000008000000000000000000000000000000000020000000000000000000000000000000000000000000000000000000000010000000000000000000000000000400000000000000000000000000000000000000000000000000000000000080000000000000800000000000000000000000010000000000001002000000000000000000000000000000000000000000000000000000000000000000000000000000000000000000000000000000000000000000000000",
	"root": null,
	"status": "0x1",
	"transactionHash": "0x34b40294c69cbf357d34a0459b4d476549aa22bca4246680c280bc1f37e8774b",
	"transactionIndex": 17
}
[2018-04-19T00:33:35.792] [DEBUG] trans - TO:   0x92190f3f9a596ccc1cc527faedb5c68c9dbac83d
[2018-04-19T00:33:35.793] [DEBUG] trans - AMOUNT:   184858900000000000000
[2018-04-19T00:33:35.793] [DEBUG] trans - Receipt info:  {
	"blockHash": "0x71556bbd4cdc0f7d4e5d779ca2c94dd5946fc609be9bc469ec53989afa231187",
	"blockNumber": 5465266,
	"contractAddress": null,
	"cumulativeGasUsed": 1105497,
	"gasUsed": 51653,
	"logs": [
		{
			"address": "0x7e9e431a0B8c4D532C745B1043c7FA29a48D4fBa",
			"blockHash": "0x71556bbd4cdc0f7d4e5d779ca2c94dd5946fc609be9bc469ec53989afa231187",
			"blockNumber": 5465266,
			"data": "0x00000000000000000000000000000000000000000000000a056ebe2025754000",
			"logIndex": 12,
			"topics": [
				"0xddf252ad1be2c89b69c2b068fc378daa952ba7f163c4a11628f55a4df523b3ef",
				"0x000000000000000000000000468b858c964f297fd8fce058032bf4b4911a8ad8",
				"0x00000000000000000000000092190f3f9a596ccc1cc527faedb5c68c9dbac83d"
			],
			"transactionHash": "0x1a279206be2bb06cbbf4e6a2ea6d8888eb56b65c778e490b851d8a1bf889a656",
			"transactionIndex": 19,
			"transactionLogIndex": "0x0",
			"type": "mined",
			"id": "log_f8606a02"
		}
	],
	"logsBloom": "0x00000000000000000000000000020000000000000000000020000000000000000200000000000000000000000000000000000000000000000000000000000000000000000000010000000008000000000000000000000000000000000020000000000000000000000000000000000000000000000000000000000010000000000000000000000000000000000000000000000000000000000000000000000000000000000000001080000000000000000000000000000000000000010000000000001002000000000000000000000000000000000000000000000000000000000000000000000000000000000000000000000000000000000000000000000000",
	"root": null,
	"status": "0x1",
	"transactionHash": "0x1a279206be2bb06cbbf4e6a2ea6d8888eb56b65c778e490b851d8a1bf889a656",
	"transactionIndex": 19
}
[2018-04-19T00:33:35.794] [DEBUG] trans - TO:   0x748cc927a695c1c8ba977cf30d1f3f9d5f2b9f47
[2018-04-19T00:33:35.794] [DEBUG] trans - AMOUNT:   184844200000000000000
[2018-04-19T00:33:35.795] [DEBUG] trans - Receipt info:  {
	"blockHash": "0x71556bbd4cdc0f7d4e5d779ca2c94dd5946fc609be9bc469ec53989afa231187",
	"blockNumber": 5465266,
	"contractAddress": null,
	"cumulativeGasUsed": 1157150,
	"gasUsed": 51653,
	"logs": [
		{
			"address": "0x7e9e431a0B8c4D532C745B1043c7FA29a48D4fBa",
			"blockHash": "0x71556bbd4cdc0f7d4e5d779ca2c94dd5946fc609be9bc469ec53989afa231187",
			"blockNumber": 5465266,
			"data": "0x00000000000000000000000000000000000000000000000a053a848daf428000",
			"logIndex": 13,
			"topics": [
				"0xddf252ad1be2c89b69c2b068fc378daa952ba7f163c4a11628f55a4df523b3ef",
				"0x000000000000000000000000468b858c964f297fd8fce058032bf4b4911a8ad8",
				"0x000000000000000000000000748cc927a695c1c8ba977cf30d1f3f9d5f2b9f47"
			],
			"transactionHash": "0x983df78570368749b6056ec86eed373be695dc0cf451e0412020c46effe469b1",
			"transactionIndex": 20,
			"transactionLogIndex": "0x0",
			"type": "mined",
			"id": "log_d87bc76f"
		}
	],
	"logsBloom": "0x00000000000000000000000000020000000000000000000000000000000000000000000000000000000000000000000000000000000000000000000000000000000000000000010000000008000000000000000000000000000000000020000000000000000000000000000000000000000000000000000000000010000000000000000000000000000000000000000000000000000000000000000000000000000000000000000080000000200008000000000000000000000000012000000000001002000000000000000000000000000000000000000000000000000000000000000000000000000000000000000000000000000000000000000000000000",
	"root": null,
	"status": "0x1",
	"transactionHash": "0x983df78570368749b6056ec86eed373be695dc0cf451e0412020c46effe469b1",
	"transactionIndex": 20
}
[2018-04-19T00:33:35.795] [DEBUG] trans - TO:   0x0ab41d78ee894970f6ea418d8f28bc79bdc86e3b
[2018-04-19T00:33:35.795] [DEBUG] trans - AMOUNT:   184842900000000000000
[2018-04-19T00:33:35.795] [DEBUG] trans - Receipt info:  {
	"blockHash": "0x71556bbd4cdc0f7d4e5d779ca2c94dd5946fc609be9bc469ec53989afa231187",
	"blockNumber": 5465266,
	"contractAddress": null,
	"cumulativeGasUsed": 1208803,
	"gasUsed": 51653,
	"logs": [
		{
			"address": "0x7e9e431a0B8c4D532C745B1043c7FA29a48D4fBa",
			"blockHash": "0x71556bbd4cdc0f7d4e5d779ca2c94dd5946fc609be9bc469ec53989afa231187",
			"blockNumber": 5465266,
			"data": "0x00000000000000000000000000000000000000000000000a0535e635d90d4000",
			"logIndex": 14,
			"topics": [
				"0xddf252ad1be2c89b69c2b068fc378daa952ba7f163c4a11628f55a4df523b3ef",
				"0x000000000000000000000000468b858c964f297fd8fce058032bf4b4911a8ad8",
				"0x0000000000000000000000000ab41d78ee894970f6ea418d8f28bc79bdc86e3b"
			],
			"transactionHash": "0x42aea7d6854c649b5acfa83778b245ad870876410d07ab722552c8f9c1faaec1",
			"transactionIndex": 21,
			"transactionLogIndex": "0x0",
			"type": "mined",
			"id": "log_e8fff306"
		}
	],
	"logsBloom": "0x00000000000000000000000000020000000000000000000000000000200000000000000000000000000000000000000000000000000000000000000000000000000000000000010000000008000000000000000000000000000000000020000000000000000000000000000000000000000000000000000000000010000000000000000000001000000000000000000000000000000000000000000000000000000000000000000080000000000000000000000000000000000000010000000000001002000000000000000000000004000000000000000000000000000000000000000000000000000000000000000000000000000000000000000000000000",
	"root": null,
	"status": "0x1",
	"transactionHash": "0x42aea7d6854c649b5acfa83778b245ad870876410d07ab722552c8f9c1faaec1",
	"transactionIndex": 21
}
[2018-04-19T00:33:35.795] [DEBUG] trans - TO:   0x053d520ec09efe47417bf96f014d1c205cf09f10
[2018-04-19T00:33:35.795] [DEBUG] trans - AMOUNT:   184814400000000000000
[2018-04-19T00:33:35.795] [DEBUG] trans - Receipt info:  {
	"blockHash": "0x71556bbd4cdc0f7d4e5d779ca2c94dd5946fc609be9bc469ec53989afa231187",
	"blockNumber": 5465266,
	"contractAddress": null,
	"cumulativeGasUsed": 1260392,
	"gasUsed": 51589,
	"logs": [
		{
			"address": "0x7e9e431a0B8c4D532C745B1043c7FA29a48D4fBa",
			"blockHash": "0x71556bbd4cdc0f7d4e5d779ca2c94dd5946fc609be9bc469ec53989afa231187",
			"blockNumber": 5465266,
			"data": "0x00000000000000000000000000000000000000000000000a04d0a59c80f40000",
			"logIndex": 15,
			"topics": [
				"0xddf252ad1be2c89b69c2b068fc378daa952ba7f163c4a11628f55a4df523b3ef",
				"0x000000000000000000000000468b858c964f297fd8fce058032bf4b4911a8ad8",
				"0x000000000000000000000000053d520ec09efe47417bf96f014d1c205cf09f10"
			],
			"transactionHash": "0x469f10a6451ab7d516437d63291dd1607847ae50f709de61a0adbebf6d7e423f",
			"transactionIndex": 22,
			"transactionLogIndex": "0x0",
			"type": "mined",
			"id": "log_5c37f8ac"
		}
	],
	"logsBloom": "0x80000001000000000000000000020000000000000000000000000000000000000000000000000000000000000000000000000000000000000000000000000000000000000000010000000008000000000000000000000000000000000020000000000000000000000000000000000000000000000000000000000010000000000000000000000000000000000000000000000000000000000000000000000000000000000000000080000000000000000000000000000000000000010000000000001002000000000000000000000000000000000000000000000000200000000000000000000000000000000000000000000000000000000000000000000000",
	"root": null,
	"status": "0x1",
	"transactionHash": "0x469f10a6451ab7d516437d63291dd1607847ae50f709de61a0adbebf6d7e423f",
	"transactionIndex": 22
}
[2018-04-19T00:33:35.795] [DEBUG] trans - TO:   0xd954908489aba1da95eba7e3747b7f6a48901f6a
[2018-04-19T00:33:35.796] [DEBUG] trans - AMOUNT:   184814000000000000000
[2018-04-19T00:33:35.796] [DEBUG] trans - Receipt info:  {
	"blockHash": "0x71556bbd4cdc0f7d4e5d779ca2c94dd5946fc609be9bc469ec53989afa231187",
	"blockNumber": 5465266,
	"contractAddress": null,
	"cumulativeGasUsed": 1311981,
	"gasUsed": 51589,
	"logs": [
		{
			"address": "0x7e9e431a0B8c4D532C745B1043c7FA29a48D4fBa",
			"blockHash": "0x71556bbd4cdc0f7d4e5d779ca2c94dd5946fc609be9bc469ec53989afa231187",
			"blockNumber": 5465266,
			"data": "0x00000000000000000000000000000000000000000000000a04cf39d03f0b0000",
			"logIndex": 16,
			"topics": [
				"0xddf252ad1be2c89b69c2b068fc378daa952ba7f163c4a11628f55a4df523b3ef",
				"0x000000000000000000000000468b858c964f297fd8fce058032bf4b4911a8ad8",
				"0x000000000000000000000000d954908489aba1da95eba7e3747b7f6a48901f6a"
			],
			"transactionHash": "0xc28207ab901ae996cb0357d2960c933775dca14fb3212c82339236644af217e8",
			"transactionIndex": 23,
			"transactionLogIndex": "0x0",
			"type": "mined",
			"id": "log_561a93d4"
		}
	],
	"logsBloom": "0x00000000000000000000000000020000000000000000000000000000000000000000000000000000000000000080000000000000400000000000000000000000000000000000010000000008000000000000000000000000000000000020004000000000000000000000000000000000000000000000000000000010000000000000000000000000000000000000000000000000000000000000000000000000000000000000000080000000000000000000000000000000000000010000000000001002000000000000000000000000000000000000000000000000000000000000000000000000000000000000000000000000000000000000000000000000",
	"root": null,
	"status": "0x1",
	"transactionHash": "0xc28207ab901ae996cb0357d2960c933775dca14fb3212c82339236644af217e8",
	"transactionIndex": 23
}
[2018-04-19T00:33:35.796] [DEBUG] trans - TO:   0x3c990a06b37060d081bc0ca46cb9898e0a44232e
[2018-04-19T00:33:35.796] [DEBUG] trans - AMOUNT:   184809500000000000000
[2018-04-19T00:33:35.796] [DEBUG] trans - Receipt info:  {
	"blockHash": "0x71556bbd4cdc0f7d4e5d779ca2c94dd5946fc609be9bc469ec53989afa231187",
	"blockNumber": 5465266,
	"contractAddress": null,
	"cumulativeGasUsed": 1466940,
	"gasUsed": 51653,
	"logs": [
		{
			"address": "0x7e9e431a0B8c4D532C745B1043c7FA29a48D4fBa",
			"blockHash": "0x71556bbd4cdc0f7d4e5d779ca2c94dd5946fc609be9bc469ec53989afa231187",
			"blockNumber": 5465266,
			"data": "0x00000000000000000000000000000000000000000000000a04bf3d16598dc000",
			"logIndex": 19,
			"topics": [
				"0xddf252ad1be2c89b69c2b068fc378daa952ba7f163c4a11628f55a4df523b3ef",
				"0x000000000000000000000000468b858c964f297fd8fce058032bf4b4911a8ad8",
				"0x0000000000000000000000003c990a06b37060d081bc0ca46cb9898e0a44232e"
			],
			"transactionHash": "0xea6acbe13ff30d46328c66247ff33eb8add2e95f00e01af778c91c1b875e982f",
			"transactionIndex": 26,
			"transactionLogIndex": "0x0",
			"type": "mined",
			"id": "log_7aa5c108"
		}
	],
	"logsBloom": "0x00000000000000000000000000020000000000000000000000000000000000000000000000000000000000000000000000000000000000000000000000000000000000000000010001000008000000000000000000000000000000000020000000000000000000000000000000000000000000000000000000000010000000000400000000000000000000000000000000000004000000000000000000000000000000000000000080000000000000000000000000000000000000010000000000001002000000000000000000000000000000000000000000000000000000000000000000000000000000000000000000000000000000000000000000000000",
	"root": null,
	"status": "0x1",
	"transactionHash": "0xea6acbe13ff30d46328c66247ff33eb8add2e95f00e01af778c91c1b875e982f",
	"transactionIndex": 26
}
[2018-04-19T00:33:35.796] [DEBUG] trans - TO:   0x36257e2d18ff547c953af469c347d8c24a2934ba
[2018-04-19T00:33:35.796] [DEBUG] trans - AMOUNT:   184811900000000000000
[2018-04-19T00:33:35.796] [DEBUG] trans - Receipt info:  {
	"blockHash": "0x71556bbd4cdc0f7d4e5d779ca2c94dd5946fc609be9bc469ec53989afa231187",
	"blockNumber": 5465266,
	"contractAddress": null,
	"cumulativeGasUsed": 1415287,
	"gasUsed": 51653,
	"logs": [
		{
			"address": "0x7e9e431a0B8c4D532C745B1043c7FA29a48D4fBa",
			"blockHash": "0x71556bbd4cdc0f7d4e5d779ca2c94dd5946fc609be9bc469ec53989afa231187",
			"blockNumber": 5465266,
			"data": "0x00000000000000000000000000000000000000000000000a04c7c3dfe503c000",
			"logIndex": 18,
			"topics": [
				"0xddf252ad1be2c89b69c2b068fc378daa952ba7f163c4a11628f55a4df523b3ef",
				"0x000000000000000000000000468b858c964f297fd8fce058032bf4b4911a8ad8",
				"0x00000000000000000000000036257e2d18ff547c953af469c347d8c24a2934ba"
			],
			"transactionHash": "0x7007593a07196f5ff6b2ebc318c4cb0886bfafb0396d988f99ce72055e469b92",
			"transactionIndex": 25,
			"transactionLogIndex": "0x0",
			"type": "mined",
			"id": "log_9970d34b"
		}
	],
	"logsBloom": "0x00000000000000000000000000020000000000000000002000000000000000000000000000000000000000000000000000000000000000000000000000000000000000000000010000000008000000000000000000000000000000000020000000000008000000000000000000000000000000000000000000000010000000000000000000000400000000000000000000000000000000000000000000000000000000000000000080000000000000000000000000000000000000010000000000001002000000000000000000000000000000000000000000000000000000000000000000000000000000000000000000000000000000000000000000000000",
	"root": null,
	"status": "0x1",
	"transactionHash": "0x7007593a07196f5ff6b2ebc318c4cb0886bfafb0396d988f99ce72055e469b92",
	"transactionIndex": 25
}
[2018-04-19T00:33:35.797] [DEBUG] trans - TO:   0x28bd484cc17013b59859d5d02abb342f7ae21c27
[2018-04-19T00:33:35.797] [DEBUG] trans - AMOUNT:   184813400000000000000
[2018-04-19T00:33:35.797] [DEBUG] trans - Receipt info:  {
	"blockHash": "0x71556bbd4cdc0f7d4e5d779ca2c94dd5946fc609be9bc469ec53989afa231187",
	"blockNumber": 5465266,
	"contractAddress": null,
	"cumulativeGasUsed": 1363634,
	"gasUsed": 51653,
	"logs": [
		{
			"address": "0x7e9e431a0B8c4D532C745B1043c7FA29a48D4fBa",
			"blockHash": "0x71556bbd4cdc0f7d4e5d779ca2c94dd5946fc609be9bc469ec53989afa231187",
			"blockNumber": 5465266,
			"data": "0x00000000000000000000000000000000000000000000000a04cd181ddc2d8000",
			"logIndex": 17,
			"topics": [
				"0xddf252ad1be2c89b69c2b068fc378daa952ba7f163c4a11628f55a4df523b3ef",
				"0x000000000000000000000000468b858c964f297fd8fce058032bf4b4911a8ad8",
				"0x00000000000000000000000028bd484cc17013b59859d5d02abb342f7ae21c27"
			],
			"transactionHash": "0x4a567dc4551f4a1b246dab06dc9fca83ec62bfeb402243c9410d7ea429f14895",
			"transactionIndex": 24,
			"transactionLogIndex": "0x0",
			"type": "mined",
			"id": "log_2f3a1cb1"
		}
	],
	"logsBloom": "0x00000000000000000000000000020000000000000000000000000000000000000000000000000000000000000000000000000000000000000000000000000000000000000000010000000008000000000000000000000000000000000020000000000000000000100000000000000000000000000000000001000010000000000000000000000000000000000000000000000000000000000000000000020000000000000000000080000000000000000000000000000000000000010000000000001002000000000000000000000000000000000000000000000000000000000000000000000000000000000000000000000000000000000000000000000000",
	"root": null,
	"status": "0x1",
	"transactionHash": "0x4a567dc4551f4a1b246dab06dc9fca83ec62bfeb402243c9410d7ea429f14895",
	"transactionIndex": 24
}
[2018-04-19T00:33:35.797] [DEBUG] trans - TO:   0x0591192ddff6371ba505183141faad249aae67f0
[2018-04-19T00:33:35.797] [DEBUG] trans - AMOUNT:   184800000000000000000
[2018-04-19T00:33:35.797] [DEBUG] trans - Receipt info:  {
	"blockHash": "0x71556bbd4cdc0f7d4e5d779ca2c94dd5946fc609be9bc469ec53989afa231187",
	"blockNumber": 5465266,
	"contractAddress": null,
	"cumulativeGasUsed": 1518529,
	"gasUsed": 51589,
	"logs": [
		{
			"address": "0x7e9e431a0B8c4D532C745B1043c7FA29a48D4fBa",
			"blockHash": "0x71556bbd4cdc0f7d4e5d779ca2c94dd5946fc609be9bc469ec53989afa231187",
			"blockNumber": 5465266,
			"data": "0x00000000000000000000000000000000000000000000000a049d7ce33c300000",
			"logIndex": 20,
			"topics": [
				"0xddf252ad1be2c89b69c2b068fc378daa952ba7f163c4a11628f55a4df523b3ef",
				"0x000000000000000000000000468b858c964f297fd8fce058032bf4b4911a8ad8",
				"0x0000000000000000000000000591192ddff6371ba505183141faad249aae67f0"
			],
			"transactionHash": "0x4052f5782917639362b125c990abd398ccecccaea07289bb69a956e14aacc511",
			"transactionIndex": 27,
			"transactionLogIndex": "0x0",
			"type": "mined",
			"id": "log_2ba56eac"
		}
	],
	"logsBloom": "0x00000000000000000000000000020000000000000000000000000000000000000000000000000000000000000000000400000000000000008000000000000000000000000000010000000008000000000000000000000000000000000020000000000000000000000000000000000000000000000000000000000010000000000000000000000000000000000000000000000000000000000000000000000000000000000000000080000000000000000000000000000000000000010000000000001002000000000000040000000000000000000000000000000000000000000000000000000000000000000000000000000000000000000000000000000000",
	"root": null,
	"status": "0x1",
	"transactionHash": "0x4052f5782917639362b125c990abd398ccecccaea07289bb69a956e14aacc511",
	"transactionIndex": 27
}
[2018-04-19T00:33:35.797] [DEBUG] trans - TO:   0x42fc81f9aebed7a22b1a5d80a16e9699931e5d35
[2018-04-19T00:33:35.798] [DEBUG] trans - AMOUNT:   184800000000000000000
[2018-04-19T00:33:35.798] [DEBUG] trans - Receipt info:  {
	"blockHash": "0x71556bbd4cdc0f7d4e5d779ca2c94dd5946fc609be9bc469ec53989afa231187",
	"blockNumber": 5465266,
	"contractAddress": null,
	"cumulativeGasUsed": 1570118,
	"gasUsed": 51589,
	"logs": [
		{
			"address": "0x7e9e431a0B8c4D532C745B1043c7FA29a48D4fBa",
			"blockHash": "0x71556bbd4cdc0f7d4e5d779ca2c94dd5946fc609be9bc469ec53989afa231187",
			"blockNumber": 5465266,
			"data": "0x00000000000000000000000000000000000000000000000a049d7ce33c300000",
			"logIndex": 21,
			"topics": [
				"0xddf252ad1be2c89b69c2b068fc378daa952ba7f163c4a11628f55a4df523b3ef",
				"0x000000000000000000000000468b858c964f297fd8fce058032bf4b4911a8ad8",
				"0x00000000000000000000000042fc81f9aebed7a22b1a5d80a16e9699931e5d35"
			],
			"transactionHash": "0x610620d20af61e6dda315fd69ea6055b0517af0d8499b3522b2557c7f423703a",
			"transactionIndex": 28,
			"transactionLogIndex": "0x0",
			"type": "mined",
			"id": "log_1de06214"
		}
	],
	"logsBloom": "0x000000000000000000000000000200000000000000000000000000000000000000000000000000000000000000000000000000000000000000000000000000000000000000000100000000080000000000000000000000000000000000200000000000000000000000000000000000000000000000000000000000101000000000000000000000000000000000000000000000000000000000000000000000000000000000000000c0000000000000000000000000000000000000010000000000001002000000000000000000000000008000000000000000000000000000000000000000000000000000000000000000000000000000000000000000000000",
	"root": null,
	"status": "0x1",
	"transactionHash": "0x610620d20af61e6dda315fd69ea6055b0517af0d8499b3522b2557c7f423703a",
	"transactionIndex": 28
}
