[2018-04-22T12:17:07.182] [DEBUG] trans - TO:   0x7d70e5a80dab01571d2d5eddbe92e43281e971aa
[2018-04-22T12:17:07.183] [DEBUG] trans - AMOUNT:   389489500000000000000
[2018-04-22T12:17:07.183] [DEBUG] trans - Receipt info:  {
	"blockHash": "0x672b05f9515fe789a9a4773f232c61902d7026849511738b4751843759165b93",
	"blockNumber": 5485521,
	"contractAddress": null,
	"cumulativeGasUsed": 6312424,
	"gasUsed": 51653,
	"logs": [
		{
			"address": "0x7e9e431a0B8c4D532C745B1043c7FA29a48D4fBa",
			"blockHash": "0x672b05f9515fe789a9a4773f232c61902d7026849511738b4751843759165b93",
			"blockNumber": 5485521,
			"data": "0x0000000000000000000000000000000000000000000000151d40aca56c81c000",
			"logIndex": 53,
			"topics": [
				"0xddf252ad1be2c89b69c2b068fc378daa952ba7f163c4a11628f55a4df523b3ef",
				"0x000000000000000000000000468b858c964f297fd8fce058032bf4b4911a8ad8",
				"0x0000000000000000000000007d70e5a80dab01571d2d5eddbe92e43281e971aa"
			],
			"transactionHash": "0x586a5af944115d25d6442675ecefea7e51d9ae80df92b12e356716462736dac7",
			"transactionIndex": 82,
			"transactionLogIndex": "0x0",
			"type": "mined",
			"id": "log_9da7cb9e"
		}
	],
	"logsBloom": "0x00000000000000000000000000020000000000000000000000000000000000000000000000000000000000000002000040000000000000000000000000000000000000000000010000000008000000000000000000000000000000000020000000000000000000000000000000000000000000000000000000000010000000000000000000000000000000000000000000000000000000000000000000000000000000000000000080000000000000000000000000040000000000010000000000001002000000000000000000000000000000000000000000000000000000000000000000000000000000000000000000000000000000000000000000000000",
	"root": null,
	"status": "0x1",
	"transactionHash": "0x586a5af944115d25d6442675ecefea7e51d9ae80df92b12e356716462736dac7",
	"transactionIndex": 82
}
[2018-04-22T12:17:20.209] [DEBUG] trans - TO:   0x78bcacc20c6f491dfde9c25854e90a6b9523cc6c
[2018-04-22T12:17:20.209] [DEBUG] trans - AMOUNT:   389469400000000000000
[2018-04-22T12:17:20.209] [DEBUG] trans - Receipt info:  {
	"blockHash": "0x7fa4dde6c6cc6c1125fa7a2191a6e4a27b87f95e060b805cff1c6bc6bb76fd39",
	"blockNumber": 5485522,
	"contractAddress": null,
	"cumulativeGasUsed": 2846660,
	"gasUsed": 51653,
	"logs": [
		{
			"address": "0x7e9e431a0B8c4D532C745B1043c7FA29a48D4fBa",
			"blockHash": "0x7fa4dde6c6cc6c1125fa7a2191a6e4a27b87f95e060b805cff1c6bc6bb76fd39",
			"blockNumber": 5485522,
			"data": "0x0000000000000000000000000000000000000000000000151cf943cd7c858000",
			"logIndex": 25,
			"topics": [
				"0xddf252ad1be2c89b69c2b068fc378daa952ba7f163c4a11628f55a4df523b3ef",
				"0x000000000000000000000000468b858c964f297fd8fce058032bf4b4911a8ad8",
				"0x00000000000000000000000078bcacc20c6f491dfde9c25854e90a6b9523cc6c"
			],
			"transactionHash": "0x2cf7f4ccaf2cbfbfcb2bdbf24573bee9ad6e6f5de8cba3ec9151aa483bea5f2a",
			"transactionIndex": 78,
			"transactionLogIndex": "0x0",
			"type": "mined",
			"id": "log_e84b155e"
		}
	],
	"logsBloom": "0x00000000000000000000000000020000000000000000000000000000000000000000000000000000000000000040000000000000000000000000000000000000000000000000010000000008000000000000080000000000000000000020000000000000000000000000010000000000000000000000000000000010000000000000000000000000000000000000000000000000000000000000000000000000000000000000000080000000000000000000000000000000000000010000000000001002000000000000000000000000000000000000000000000000000000000000000000000000000000000000000000000000000000000000000000000000",
	"root": null,
	"status": "0x1",
	"transactionHash": "0x2cf7f4ccaf2cbfbfcb2bdbf24573bee9ad6e6f5de8cba3ec9151aa483bea5f2a",
	"transactionIndex": 78
}
[2018-04-22T12:17:28.206] [DEBUG] trans - TO:   0xde518cd65875d6d499a623c8bf4137a4fefa82f5
[2018-04-22T12:17:28.207] [DEBUG] trans - AMOUNT:   389434800000000000000
[2018-04-22T12:17:28.207] [DEBUG] trans - Receipt info:  {
	"blockHash": "0x76e294684625fa48d9ab0f569e0c6e4a680ded5a88c55c9f753cbf1ee145aca8",
	"blockNumber": 5485523,
	"contractAddress": null,
	"cumulativeGasUsed": 1028554,
	"gasUsed": 51589,
	"logs": [
		{
			"address": "0x7e9e431a0B8c4D532C745B1043c7FA29a48D4fBa",
			"blockHash": "0x76e294684625fa48d9ab0f569e0c6e4a680ded5a88c55c9f753cbf1ee145aca8",
			"blockNumber": 5485523,
			"data": "0x0000000000000000000000000000000000000000000000151c7e5749374b0000",
			"logIndex": 11,
			"topics": [
				"0xddf252ad1be2c89b69c2b068fc378daa952ba7f163c4a11628f55a4df523b3ef",
				"0x000000000000000000000000468b858c964f297fd8fce058032bf4b4911a8ad8",
				"0x000000000000000000000000de518cd65875d6d499a623c8bf4137a4fefa82f5"
			],
			"transactionHash": "0xc4273ece9befd329bd54dc9bafde5a436110549a2d0ef50c8442193f8852c163",
			"transactionIndex": 20,
			"transactionLogIndex": "0x0",
			"type": "mined",
			"id": "log_b9db5621"
		}
	],
	"logsBloom": "0x00000000000020000000000000020000000000000000000000000000000000200000000000000000000000000000000000000000000000000000000000000000000000000000010000000008000000000000000000000000000000000020000000000000000000000000000000000000000000000000000000000010000000000000000000000000000000000000000000000000000000000000000000000000000000000000000080000000000000000000000000000000000000010000000000001002000000000000000000000000000000000000000000000000000020000000000000000000000000000000000000000000000000000000000000000000",
	"root": null,
	"status": "0x1",
	"transactionHash": "0xc4273ece9befd329bd54dc9bafde5a436110549a2d0ef50c8442193f8852c163",
	"transactionIndex": 20
}
[2018-04-22T12:17:28.207] [DEBUG] trans - TO:   0x42219c686adbcea5e696a8a8265c462834f80bda
[2018-04-22T12:17:28.207] [DEBUG] trans - AMOUNT:   389428500000000000000
[2018-04-22T12:17:28.207] [DEBUG] trans - Receipt info:  {
	"blockHash": "0x76e294684625fa48d9ab0f569e0c6e4a680ded5a88c55c9f753cbf1ee145aca8",
	"blockNumber": 5485523,
	"contractAddress": null,
	"cumulativeGasUsed": 3563272,
	"gasUsed": 51653,
	"logs": [
		{
			"address": "0x7e9e431a0B8c4D532C745B1043c7FA29a48D4fBa",
			"blockHash": "0x76e294684625fa48d9ab0f569e0c6e4a680ded5a88c55c9f753cbf1ee145aca8",
			"blockNumber": 5485523,
			"data": "0x0000000000000000000000000000000000000000000000151c67f57829354000",
			"logIndex": 29,
			"topics": [
				"0xddf252ad1be2c89b69c2b068fc378daa952ba7f163c4a11628f55a4df523b3ef",
				"0x000000000000000000000000468b858c964f297fd8fce058032bf4b4911a8ad8",
				"0x00000000000000000000000042219c686adbcea5e696a8a8265c462834f80bda"
			],
			"transactionHash": "0xe9a49d063b5cf239f551704fe04e51c3090028930214a68376f01455fdcecf65",
			"transactionIndex": 52,
			"transactionLogIndex": "0x0",
			"type": "mined",
			"id": "log_a7e848c8"
		}
	],
	"logsBloom": "0x00000000000000000000000000020000000000000000000000000000000000000000000000000000000000000000000000000400000000000000000010000000000000000000010000000008000000000000000000000000000000000020000000000000000000000000000000000000000000000000000000000010000000000000000000000000000000000000000000000000000000000000000008000000000000000000000080000000000000000000000000000000000000010000000000001002000000000000000000000000000000000000000000000000000000000000000000000000000000000000000000000000000000000000000000000000",
	"root": null,
	"status": "0x1",
	"transactionHash": "0xe9a49d063b5cf239f551704fe04e51c3090028930214a68376f01455fdcecf65",
	"transactionIndex": 52
}
[2018-04-22T12:17:28.207] [DEBUG] trans - TO:   0xb1afe8e8f08c887d2827355f104fa49414d07b39
[2018-04-22T12:17:28.207] [DEBUG] trans - AMOUNT:   389425200000000000000
[2018-04-22T12:17:28.207] [DEBUG] trans - Receipt info:  {
	"blockHash": "0x76e294684625fa48d9ab0f569e0c6e4a680ded5a88c55c9f753cbf1ee145aca8",
	"blockNumber": 5485523,
	"contractAddress": null,
	"cumulativeGasUsed": 5279015,
	"gasUsed": 51589,
	"logs": [
		{
			"address": "0x7e9e431a0B8c4D532C745B1043c7FA29a48D4fBa",
			"blockHash": "0x76e294684625fa48d9ab0f569e0c6e4a680ded5a88c55c9f753cbf1ee145aca8",
			"blockNumber": 5485523,
			"data": "0x0000000000000000000000000000000000000000000000151c5c3c2309730000",
			"logIndex": 36,
			"topics": [
				"0xddf252ad1be2c89b69c2b068fc378daa952ba7f163c4a11628f55a4df523b3ef",
				"0x000000000000000000000000468b858c964f297fd8fce058032bf4b4911a8ad8",
				"0x000000000000000000000000b1afe8e8f08c887d2827355f104fa49414d07b39"
			],
			"transactionHash": "0x8ea2864fb3b3d95a54a0828fc66362cc32a3071bd2de5c281101242a6453d5a4",
			"transactionIndex": 61,
			"transactionLogIndex": "0x0",
			"type": "mined",
			"id": "log_14f2ae7d"
		}
	],
	"logsBloom": "0x00000000000000000000000000024000000000000000000000000000000000000000000000000000000000000000000000000000000000000000000000000000000000000000010001000008000000000000000000000000000000000020000000000000000000000000000000000000000000000000000000000010000000000000000000000000000000000000000000000000000000000000000000000000000000000000000080000000000000000000000000000000000000010000000000001002000000000000000000000000000000000000000000000000000000000000000000000000000000000000000000000000000000000000000000000000",
	"root": null,
	"status": "0x1",
	"transactionHash": "0x8ea2864fb3b3d95a54a0828fc66362cc32a3071bd2de5c281101242a6453d5a4",
	"transactionIndex": 61
}
[2018-04-22T12:17:28.208] [DEBUG] trans - TO:   0xd06aa6600d7df5e63be5d2aee997dcd52d927c7a
[2018-04-22T12:17:28.208] [DEBUG] trans - AMOUNT:   389409200000000000000
[2018-04-22T12:17:28.208] [DEBUG] trans - Receipt info:  {
	"blockHash": "0x76e294684625fa48d9ab0f569e0c6e4a680ded5a88c55c9f753cbf1ee145aca8",
	"blockNumber": 5485523,
	"contractAddress": null,
	"cumulativeGasUsed": 6605577,
	"gasUsed": 51589,
	"logs": [
		{
			"address": "0x7e9e431a0B8c4D532C745B1043c7FA29a48D4fBa",
			"blockHash": "0x76e294684625fa48d9ab0f569e0c6e4a680ded5a88c55c9f753cbf1ee145aca8",
			"blockNumber": 5485523,
			"data": "0x0000000000000000000000000000000000000000000000151c236438bd0b0000",
			"logIndex": 43,
			"topics": [
				"0xddf252ad1be2c89b69c2b068fc378daa952ba7f163c4a11628f55a4df523b3ef",
				"0x000000000000000000000000468b858c964f297fd8fce058032bf4b4911a8ad8",
				"0x000000000000000000000000d06aa6600d7df5e63be5d2aee997dcd52d927c7a"
			],
			"transactionHash": "0x1fd11e225b1a76a35f0a2cab062dc695c31fa63af5a5766f3c55078aa1874210",
			"transactionIndex": 68,
			"transactionLogIndex": "0x0",
			"type": "mined",
			"id": "log_287aae2d"
		}
	],
	"logsBloom": "0x00000000000000000000000000020000000000000000000000000000000000000000000000000000000000000000000000000000000000000000000000000000000000000000010000000008000000000000000000000000000000000020000000000000000000000000000000000000000000000000000000000010000000000000000000000000000000000000000000000000000000000000000000000000000000000000000080000000000000000000000000000000000800010000000000001002000000000000000000000000400000000000000000000000000000000200000000000000000000000000000000000000000000000000000000000000",
	"root": null,
	"status": "0x1",
	"transactionHash": "0x1fd11e225b1a76a35f0a2cab062dc695c31fa63af5a5766f3c55078aa1874210",
	"transactionIndex": 68
}
[2018-04-22T12:17:28.208] [DEBUG] trans - TO:   0x0e39fb6cd4cf128125096fc63ec5c4b02b2d5bfa
[2018-04-22T12:17:28.208] [DEBUG] trans - AMOUNT:   389409000000000000000
[2018-04-22T12:17:28.208] [DEBUG] trans - Receipt info:  {
	"blockHash": "0x76e294684625fa48d9ab0f569e0c6e4a680ded5a88c55c9f753cbf1ee145aca8",
	"blockNumber": 5485523,
	"contractAddress": null,
	"cumulativeGasUsed": 7881456,
	"gasUsed": 51653,
	"logs": [
		{
			"address": "0x7e9e431a0B8c4D532C745B1043c7FA29a48D4fBa",
			"blockHash": "0x76e294684625fa48d9ab0f569e0c6e4a680ded5a88c55c9f753cbf1ee145aca8",
			"blockNumber": 5485523,
			"data": "0x0000000000000000000000000000000000000000000000151c22ae529c168000",
			"logIndex": 50,
			"topics": [
				"0xddf252ad1be2c89b69c2b068fc378daa952ba7f163c4a11628f55a4df523b3ef",
				"0x000000000000000000000000468b858c964f297fd8fce058032bf4b4911a8ad8",
				"0x0000000000000000000000000e39fb6cd4cf128125096fc63ec5c4b02b2d5bfa"
			],
			"transactionHash": "0xc5cf84f04bcc21c2a28d174ffb93f28a00d4c38a168700333e5dbebae43a3ee2",
			"transactionIndex": 75,
			"transactionLogIndex": "0x0",
			"type": "mined",
			"id": "log_8cea3ec0"
		}
	],
	"logsBloom": "0x00000000000000000000000000020000000000000000000000000000000000000000000000000000000000000000000000000000002000000000000000000000000000000000010000000008000000000000000000800000000000000020000000000000000000000000000000000000000000000000000000000010000000000000000000000000000000000000000000000000000000000000000000000000000000000000000080000000000000000000000000000000000200010000000000001002000000000000000000000000000000000000000000000000000000000000000000000000000000000000000000000000000000000000000000000000",
	"root": null,
	"status": "0x1",
	"transactionHash": "0xc5cf84f04bcc21c2a28d174ffb93f28a00d4c38a168700333e5dbebae43a3ee2",
	"transactionIndex": 75
}
[2018-04-22T12:17:52.247] [DEBUG] trans - TO:   0x836d34cd181a4d3949fffb27179e7dcbb70870fe
[2018-04-22T12:17:52.248] [DEBUG] trans - AMOUNT:   389406300000000000000
[2018-04-22T12:17:52.248] [DEBUG] trans - Receipt info:  {
	"blockHash": "0xdb81120cf4f9ac638b045986bf7b336e986f5a18a7c683c3957227115c7f01c2",
	"blockNumber": 5485524,
	"contractAddress": null,
	"cumulativeGasUsed": 2053372,
	"gasUsed": 51653,
	"logs": [
		{
			"address": "0x7e9e431a0B8c4D532C745B1043c7FA29a48D4fBa",
			"blockHash": "0xdb81120cf4f9ac638b045986bf7b336e986f5a18a7c683c3957227115c7f01c2",
			"blockNumber": 5485524,
			"data": "0x0000000000000000000000000000000000000000000000151c1916afdf31c000",
			"logIndex": 16,
			"topics": [
				"0xddf252ad1be2c89b69c2b068fc378daa952ba7f163c4a11628f55a4df523b3ef",
				"0x000000000000000000000000468b858c964f297fd8fce058032bf4b4911a8ad8",
				"0x000000000000000000000000836d34cd181a4d3949fffb27179e7dcbb70870fe"
			],
			"transactionHash": "0x36fbe588caa9a06b44a675bee84de6142195a334d8fccaa7d94cdb5c348d598d",
			"transactionIndex": 84,
			"transactionLogIndex": "0x0",
			"type": "mined",
			"id": "log_bb70e803"
		}
	],
	"logsBloom": "0x00000000000000000000000000020000000000000000000000000000000000000000000000000000000000000000000000000000000000000000000000000000000000000000010000100008000000000000000000000000000000000020000000000000000000000000000000000000000000000000000000000010000000000000000080000000000000000000000000000000000000000000000000000000000000000000000080000000000000000000000000000000000020010000000000001002000000000000000000000000000000000000000000000000000000000000000000000000000000000000000000000000000000000000000000000000",
	"root": null,
	"status": "0x1",
	"transactionHash": "0x36fbe588caa9a06b44a675bee84de6142195a334d8fccaa7d94cdb5c348d598d",
	"transactionIndex": 84
}
[2018-04-22T12:17:52.250] [DEBUG] trans - TO:   0x95c65056383abbf2e27f29323b6486ab5130a13b
[2018-04-22T12:17:52.250] [DEBUG] trans - AMOUNT:   389400000000000000000
[2018-04-22T12:17:52.250] [DEBUG] trans - Receipt info:  {
	"blockHash": "0xdb81120cf4f9ac638b045986bf7b336e986f5a18a7c683c3957227115c7f01c2",
	"blockNumber": 5485524,
	"contractAddress": null,
	"cumulativeGasUsed": 7126099,
	"gasUsed": 51589,
	"logs": [
		{
			"address": "0x7e9e431a0B8c4D532C745B1043c7FA29a48D4fBa",
			"blockHash": "0xdb81120cf4f9ac638b045986bf7b336e986f5a18a7c683c3957227115c7f01c2",
			"blockNumber": 5485524,
			"data": "0x0000000000000000000000000000000000000000000000151c02b4ded11c0000",
			"logIndex": 93,
			"topics": [
				"0xddf252ad1be2c89b69c2b068fc378daa952ba7f163c4a11628f55a4df523b3ef",
				"0x000000000000000000000000468b858c964f297fd8fce058032bf4b4911a8ad8",
				"0x00000000000000000000000095c65056383abbf2e27f29323b6486ab5130a13b"
			],
			"transactionHash": "0x584910250f0091529ea47950b8341d337d7b5d879a93943b355be2414e5e8c61",
			"transactionIndex": 183,
			"transactionLogIndex": "0x0",
			"type": "mined",
			"id": "log_6ec601ad"
		}
	],
	"logsBloom": "0x00000000000000000000000000020000000000000000000000000000000000000000000000000000000000000000000000000000000000000000000000000000000000000020010000000008000000000000000000000000000000000020000000000000000000000000000000000000000000000000000000000010000000000000000000000000000000000400000000000000000000000000000000000000000000000000000080000000000001000000000000000000000000010000000000001002000000000000000000000000000000000000000000000000000000000000000000000000000000000000000000000000000000000000000000000000",
	"root": null,
	"status": "0x1",
	"transactionHash": "0x584910250f0091529ea47950b8341d337d7b5d879a93943b355be2414e5e8c61",
	"transactionIndex": 183
}
[2018-04-22T12:17:52.251] [DEBUG] trans - TO:   0xaaa65ae079b987de09a400ed2c78df7de555bdf3
[2018-04-22T12:17:52.251] [DEBUG] trans - AMOUNT:   389382000000000000000
[2018-04-22T12:17:52.252] [DEBUG] trans - Receipt info:  {
	"blockHash": "0xdb81120cf4f9ac638b045986bf7b336e986f5a18a7c683c3957227115c7f01c2",
	"blockNumber": 5485524,
	"contractAddress": null,
	"cumulativeGasUsed": 7841746,
	"gasUsed": 51525,
	"logs": [
		{
			"address": "0x7e9e431a0B8c4D532C745B1043c7FA29a48D4fBa",
			"blockHash": "0xdb81120cf4f9ac638b045986bf7b336e986f5a18a7c683c3957227115c7f01c2",
			"blockNumber": 5485524,
			"data": "0x0000000000000000000000000000000000000000000000151bc2c1f73b270000",
			"logIndex": 103,
			"topics": [
				"0xddf252ad1be2c89b69c2b068fc378daa952ba7f163c4a11628f55a4df523b3ef",
				"0x000000000000000000000000468b858c964f297fd8fce058032bf4b4911a8ad8",
				"0x000000000000000000000000aaa65ae079b987de09a400ed2c78df7de555bdf3"
			],
			"transactionHash": "0x4cbe38de4ac9a5d4179a89328ecc220e4ebc88b2a90866025f620003f5c90c01",
			"transactionIndex": 195,
			"transactionLogIndex": "0x0",
			"type": "mined",
			"id": "log_674c1e90"
		}
	],
	"logsBloom": "0x00000000000000000000000000020000000000000000000000000000000000000000000000000000000000000000000000000000000200000000000000000000000000000000010000000008000000000000000000000000000000000020000000000000000000000000000000000000000000000000000000000010000000000000000000000000000000000000000000000000000000000000000000000000000000000000000080000000000080000000000000000000000000010000000000001002000000000000000000000000000000000000000000000000000000000000000000000000000000000000000000010000000000000000000000000000",
	"root": null,
	"status": "0x1",
	"transactionHash": "0x4cbe38de4ac9a5d4179a89328ecc220e4ebc88b2a90866025f620003f5c90c01",
	"transactionIndex": 195
}
[2018-04-22T12:18:01.258] [DEBUG] trans - TO:   0x9b253856c94801f74954ae3ec0303e76645384da
[2018-04-22T12:18:01.258] [DEBUG] trans - AMOUNT:   389344900000000000000
[2018-04-22T12:18:01.258] [DEBUG] trans - Receipt info:  {
	"blockHash": "0xf39c6243666c96611646f1f2397dae68d80085aad66797ccfc716eb62b857644",
	"blockNumber": 5485525,
	"contractAddress": null,
	"cumulativeGasUsed": 3890053,
	"gasUsed": 51653,
	"logs": [
		{
			"address": "0x7e9e431a0B8c4D532C745B1043c7FA29a48D4fBa",
			"blockHash": "0xf39c6243666c96611646f1f2397dae68d80085aad66797ccfc716eb62b857644",
			"blockNumber": 5485525,
			"data": "0x0000000000000000000000000000000000000000000000151b3ef3b659fc4000",
			"logIndex": 75,
			"topics": [
				"0xddf252ad1be2c89b69c2b068fc378daa952ba7f163c4a11628f55a4df523b3ef",
				"0x000000000000000000000000468b858c964f297fd8fce058032bf4b4911a8ad8",
				"0x0000000000000000000000009b253856c94801f74954ae3ec0303e76645384da"
			],
			"transactionHash": "0x5dcb6fe0b1639281c2ef375ad8023dbdc66b3b1ffbcaf1e056c4b472f13c79b5",
			"transactionIndex": 105,
			"transactionLogIndex": "0x0",
			"type": "mined",
			"id": "log_174b470d"
		}
	],
	"logsBloom": "0x00000000000000000000000000020000000000000000000000000000000000000000000000001000000020000000000000000000000000000000000000000000000000000000010000000008000000001000000000000000000000000020000000000000000000000000000000000000000000000000000000000010000000000000000000000000000000000000000000000000000000000000000000000000000000000000000080000000000000000000000000000000000000010000000000001002000000000000000000000000000000000000000000000000000000000000000000000000000000000000000000000000000000000000000000000000",
	"root": null,
	"status": "0x1",
	"transactionHash": "0x5dcb6fe0b1639281c2ef375ad8023dbdc66b3b1ffbcaf1e056c4b472f13c79b5",
	"transactionIndex": 105
}
[2018-04-22T12:18:01.259] [DEBUG] trans - TO:   0xa4f7701d0250844403c9ae99a5bf47b3df36e88a
[2018-04-22T12:18:01.259] [DEBUG] trans - AMOUNT:   389350900000000000000
[2018-04-22T12:18:01.259] [DEBUG] trans - Receipt info:  {
	"blockHash": "0xf39c6243666c96611646f1f2397dae68d80085aad66797ccfc716eb62b857644",
	"blockNumber": 5485525,
	"contractAddress": null,
	"cumulativeGasUsed": 3838400,
	"gasUsed": 51653,
	"logs": [
		{
			"address": "0x7e9e431a0B8c4D532C745B1043c7FA29a48D4fBa",
			"blockHash": "0xf39c6243666c96611646f1f2397dae68d80085aad66797ccfc716eb62b857644",
			"blockNumber": 5485525,
			"data": "0x0000000000000000000000000000000000000000000000151b5444ae36a34000",
			"logIndex": 74,
			"topics": [
				"0xddf252ad1be2c89b69c2b068fc378daa952ba7f163c4a11628f55a4df523b3ef",
				"0x000000000000000000000000468b858c964f297fd8fce058032bf4b4911a8ad8",
				"0x000000000000000000000000a4f7701d0250844403c9ae99a5bf47b3df36e88a"
			],
			"transactionHash": "0x0e89cee0dc04f364eab5433b2455d7931cec41080167157d1f53b3125decba68",
			"transactionIndex": 104,
			"transactionLogIndex": "0x0",
			"type": "mined",
			"id": "log_ea682b5e"
		}
	],
	"logsBloom": "0x00000000000000000000000000020000000000000000000000000000000000000000000000000000000000000000000000000000000000000000000000000000000000000000010000000008000000000000000000000000000000000020000000000000000000000000000000000000000000000000000000000010000000000000000000000000000000000000000000000000000000000001000000000000000000000000000080000000000000000000000000000000000000010000000000001002000000000000000000000000008000000000000000000000000000000000000000000000000000000000000000000000000000000080000000000000",
	"root": null,
	"status": "0x1",
	"transactionHash": "0x0e89cee0dc04f364eab5433b2455d7931cec41080167157d1f53b3125decba68",
	"transactionIndex": 104
}
[2018-04-22T12:18:01.259] [DEBUG] trans - TO:   0x8f85cb82a472641e48444b7d2ac109ecfe871f23
[2018-04-22T12:18:01.259] [DEBUG] trans - AMOUNT:   389368500000000000000
[2018-04-22T12:18:01.259] [DEBUG] trans - Receipt info:  {
	"blockHash": "0xf39c6243666c96611646f1f2397dae68d80085aad66797ccfc716eb62b857644",
	"blockNumber": 5485525,
	"contractAddress": null,
	"cumulativeGasUsed": 3786747,
	"gasUsed": 51653,
	"logs": [
		{
			"address": "0x7e9e431a0B8c4D532C745B1043c7FA29a48D4fBa",
			"blockHash": "0xf39c6243666c96611646f1f2397dae68d80085aad66797ccfc716eb62b857644",
			"blockNumber": 5485525,
			"data": "0x0000000000000000000000000000000000000000000000151b92cbc98aaf4000",
			"logIndex": 73,
			"topics": [
				"0xddf252ad1be2c89b69c2b068fc378daa952ba7f163c4a11628f55a4df523b3ef",
				"0x000000000000000000000000468b858c964f297fd8fce058032bf4b4911a8ad8",
				"0x0000000000000000000000008f85cb82a472641e48444b7d2ac109ecfe871f23"
			],
			"transactionHash": "0x3ea3a6fdb609936dc957493a587883a343ae11df6a4f27eadb6a928f675d9a92",
			"transactionIndex": 103,
			"transactionLogIndex": "0x0",
			"type": "mined",
			"id": "log_02f3fbd7"
		}
	],
	"logsBloom": "0x00000000000000000000000000020000000000400000020000000000000000000000000000000000000000000000000000000000000000000000000000000000000200000000010000000008000000000000000000000000000000000020000000000000000000000000000000000000000000000000000000000010000000000000000000000000000000000000000000000000000000000000000000000000000000000000000080000000000000000000000000000000000000010000000000001002000000000000000000000000000000000000000000000000000000000000000000000000000000000000000000000000000000000000000000000000",
	"root": null,
	"status": "0x1",
	"transactionHash": "0x3ea3a6fdb609936dc957493a587883a343ae11df6a4f27eadb6a928f675d9a92",
	"transactionIndex": 103
}
[2018-04-22T12:18:01.259] [DEBUG] trans - TO:   0xa1c405e4c3219873a1c53999db046bde34c91265
[2018-04-22T12:18:01.259] [DEBUG] trans - AMOUNT:   389200000000000000000
[2018-04-22T12:18:01.259] [DEBUG] trans - Receipt info:  {
	"blockHash": "0xf39c6243666c96611646f1f2397dae68d80085aad66797ccfc716eb62b857644",
	"blockNumber": 5485525,
	"contractAddress": null,
	"cumulativeGasUsed": 4096537,
	"gasUsed": 51589,
	"logs": [
		{
			"address": "0x7e9e431a0B8c4D532C745B1043c7FA29a48D4fBa",
			"blockHash": "0xf39c6243666c96611646f1f2397dae68d80085aad66797ccfc716eb62b857644",
			"blockNumber": 5485525,
			"data": "0x000000000000000000000000000000000000000000000015193c29ee16080000",
			"logIndex": 79,
			"topics": [
				"0xddf252ad1be2c89b69c2b068fc378daa952ba7f163c4a11628f55a4df523b3ef",
				"0x000000000000000000000000468b858c964f297fd8fce058032bf4b4911a8ad8",
				"0x000000000000000000000000a1c405e4c3219873a1c53999db046bde34c91265"
			],
			"transactionHash": "0x58d17be94e5c89e3ac68428fd56f2475799f905c54690ef4458777be4a99f774",
			"transactionIndex": 109,
			"transactionLogIndex": "0x0",
			"type": "mined",
			"id": "log_f4a3f3db"
		}
	],
	"logsBloom": "0x00000000000000000000000000020000000000000000000000000000000000000000000000000000000000000000000000000000000000000000000000000000000000000000010000000008000000000000000000800000000000000020000000000000000000000000000000000000000000000000000000000010000000000000000000000000000000000000000000000000000100000000000000000000000000000000000080000000000000000000000000000000000000010000000000001002000000000000000000000000000000000000000000000000000000000000000000000000000000000000000000000000000000000001000000000000",
	"root": null,
	"status": "0x1",
	"transactionHash": "0x58d17be94e5c89e3ac68428fd56f2475799f905c54690ef4458777be4a99f774",
	"transactionIndex": 109
}
[2018-04-22T12:18:01.260] [DEBUG] trans - TO:   0x593b138f1fe236e96c1783bea4cb905628dfbb4d
[2018-04-22T12:18:01.260] [DEBUG] trans - AMOUNT:   389200000000000000000
[2018-04-22T12:18:01.260] [DEBUG] trans - Receipt info:  {
	"blockHash": "0xf39c6243666c96611646f1f2397dae68d80085aad66797ccfc716eb62b857644",
	"blockNumber": 5485525,
	"contractAddress": null,
	"cumulativeGasUsed": 4044948,
	"gasUsed": 51589,
	"logs": [
		{
			"address": "0x7e9e431a0B8c4D532C745B1043c7FA29a48D4fBa",
			"blockHash": "0xf39c6243666c96611646f1f2397dae68d80085aad66797ccfc716eb62b857644",
			"blockNumber": 5485525,
			"data": "0x000000000000000000000000000000000000000000000015193c29ee16080000",
			"logIndex": 78,
			"topics": [
				"0xddf252ad1be2c89b69c2b068fc378daa952ba7f163c4a11628f55a4df523b3ef",
				"0x000000000000000000000000468b858c964f297fd8fce058032bf4b4911a8ad8",
				"0x000000000000000000000000593b138f1fe236e96c1783bea4cb905628dfbb4d"
			],
			"transactionHash": "0x0d6d0ba375e8ce573598d402617fc36e1acec837224187458c98d28989aa9264",
			"transactionIndex": 108,
			"transactionLogIndex": "0x0",
			"type": "mined",
			"id": "log_9c53b837"
		}
	],
	"logsBloom": "0x00000000000000000000000000420000000000000000000000000000000000000000000000000000000000000004000000000000000000000000000000000000000000000000010000000008000000000000000000000000000000000020000000000000000000000000000000000000000000000000000000000010000000000000000000000000000000000000000000000000000000000000000000000000000000000000000080000000000000000000000000000000000000010000000000001002000000000000000000000000000000000000000000000000000000000000002000000000000000000000000000000000000000000000000000000000",
	"root": null,
	"status": "0x1",
	"transactionHash": "0x0d6d0ba375e8ce573598d402617fc36e1acec837224187458c98d28989aa9264",
	"transactionIndex": 108
}
[2018-04-22T12:18:01.262] [DEBUG] trans - TO:   0x041216cf5b4eb1b533a961f0919cfe0762a75cdc
[2018-04-22T12:18:01.262] [DEBUG] trans - AMOUNT:   389285900000000000000
[2018-04-22T12:18:01.262] [DEBUG] trans - Receipt info:  {
	"blockHash": "0xf39c6243666c96611646f1f2397dae68d80085aad66797ccfc716eb62b857644",
	"blockNumber": 5485525,
	"contractAddress": null,
	"cumulativeGasUsed": 3941706,
	"gasUsed": 51653,
	"logs": [
		{
			"address": "0x7e9e431a0B8c4D532C745B1043c7FA29a48D4fBa",
			"blockHash": "0xf39c6243666c96611646f1f2397dae68d80085aad66797ccfc716eb62b857644",
			"blockNumber": 5485525,
			"data": "0x0000000000000000000000000000000000000000000000151a6d5786603cc000",
			"logIndex": 76,
			"topics": [
				"0xddf252ad1be2c89b69c2b068fc378daa952ba7f163c4a11628f55a4df523b3ef",
				"0x000000000000000000000000468b858c964f297fd8fce058032bf4b4911a8ad8",
				"0x000000000000000000000000041216cf5b4eb1b533a961f0919cfe0762a75cdc"
			],
			"transactionHash": "0x3f657824fe043242bfd7be196eb216f5de3a50236a3c7401a0d010dde0bd14ad",
			"transactionIndex": 106,
			"transactionLogIndex": "0x0",
			"type": "mined",
			"id": "log_2f804239"
		}
	],
	"logsBloom": "0x00000000000000000000000000020000000000000000000000000000000000000000000000000000000000000000000000000000000000000000000000000000000000000000010000000008000000000000000000000000000000000020000000000000000000000000000000000000000000000000000000000010000000000000000000000000000000000000000000000000000000000000000000000000000000000000000080000000000000000000000000000000000000010000000000001002000000000000000000000000000000000000000000000000000000000000800000000000000000000020000000000000000000000000080000000000",
	"root": null,
	"status": "0x1",
	"transactionHash": "0x3f657824fe043242bfd7be196eb216f5de3a50236a3c7401a0d010dde0bd14ad",
	"transactionIndex": 106
}
[2018-04-22T12:18:01.263] [DEBUG] trans - TO:   0x757852777f67d363f2b3e73b5ebf4de41cc00b1f
[2018-04-22T12:18:01.263] [DEBUG] trans - AMOUNT:   389149300000000000000
[2018-04-22T12:18:01.263] [DEBUG] trans - Receipt info:  {
	"blockHash": "0xf39c6243666c96611646f1f2397dae68d80085aad66797ccfc716eb62b857644",
	"blockNumber": 5485525,
	"contractAddress": null,
	"cumulativeGasUsed": 4199843,
	"gasUsed": 51653,
	"logs": [
		{
			"address": "0x7e9e431a0B8c4D532C745B1043c7FA29a48D4fBa",
			"blockHash": "0xf39c6243666c96611646f1f2397dae68d80085aad66797ccfc716eb62b857644",
			"blockNumber": 5485525,
			"data": "0x00000000000000000000000000000000000000000000001518880a8c73eb4000",
			"logIndex": 81,
			"topics": [
				"0xddf252ad1be2c89b69c2b068fc378daa952ba7f163c4a11628f55a4df523b3ef",
				"0x000000000000000000000000468b858c964f297fd8fce058032bf4b4911a8ad8",
				"0x000000000000000000000000757852777f67d363f2b3e73b5ebf4de41cc00b1f"
			],
			"transactionHash": "0xfd87110b873578dcf5013e51c763af96ca816070e8c77526bf06881c9bf3bd5c",
			"transactionIndex": 111,
			"transactionLogIndex": "0x0",
			"type": "mined",
			"id": "log_b581b2a3"
		}
	],
	"logsBloom": "0x00000000000000000000000000020000000000000000000000000000000000000000000000000000000000000000000000000000000000000000000000000000000000000000010000000008000000000000000000000000000000000020000000000000000000000010000000020000000000000000000000000010000000000000000000000000000000000000000000000000000000000000000000000000000000000000000080000000000000000000000000000000000000010000000000001002000000000000000000000000000000000000000000000000000000000400000000000000000000000000000000000000000000000000000000000000",
	"root": null,
	"status": "0x1",
	"transactionHash": "0xfd87110b873578dcf5013e51c763af96ca816070e8c77526bf06881c9bf3bd5c",
	"transactionIndex": 111
}
[2018-04-22T12:18:01.263] [DEBUG] trans - TO:   0x6f0d4f618643aeb4c501a07c5ec39117e563c87e
[2018-04-22T12:18:01.263] [DEBUG] trans - AMOUNT:   389244900000000000000
[2018-04-22T12:18:01.263] [DEBUG] trans - Receipt info:  {
	"blockHash": "0xf39c6243666c96611646f1f2397dae68d80085aad66797ccfc716eb62b857644",
	"blockNumber": 5485525,
	"contractAddress": null,
	"cumulativeGasUsed": 3993359,
	"gasUsed": 51653,
	"logs": [
		{
			"address": "0x7e9e431a0B8c4D532C745B1043c7FA29a48D4fBa",
			"blockHash": "0xf39c6243666c96611646f1f2397dae68d80085aad66797ccfc716eb62b857644",
			"blockNumber": 5485525,
			"data": "0x00000000000000000000000000000000000000000000001519dbae3dfc724000",
			"logIndex": 77,
			"topics": [
				"0xddf252ad1be2c89b69c2b068fc378daa952ba7f163c4a11628f55a4df523b3ef",
				"0x000000000000000000000000468b858c964f297fd8fce058032bf4b4911a8ad8",
				"0x0000000000000000000000006f0d4f618643aeb4c501a07c5ec39117e563c87e"
			],
			"transactionHash": "0xfcf55f7ef6a0571d06a3aa18344083471d4413d7ea102cceb838b4cd2c65b39b",
			"transactionIndex": 107,
			"transactionLogIndex": "0x0",
			"type": "mined",
			"id": "log_10b4eefe"
		}
	],
	"logsBloom": "0x00000000000000000000000000020000000000000000000000000001000000000000000000000000000000000000000000000000000000000000000000000000000000000000010000000008000000000000000000000000000000100020000000000000000000000000000000000000000000000000020000000010000000000000000000000000000000000000000000000000000000000000000000000000000000000000000080000000000000000000000000000000000000010000000000001002000000000000000000000000000000000000000000000000000000000000000000000000000000000000000000000000000000000000000000000000",
	"root": null,
	"status": "0x1",
	"transactionHash": "0xfcf55f7ef6a0571d06a3aa18344083471d4413d7ea102cceb838b4cd2c65b39b",
	"transactionIndex": 107
}
[2018-04-22T12:18:01.263] [DEBUG] trans - TO:   0xbc87190b52354997e70a660993fe5b5b02b80375
[2018-04-22T12:18:01.263] [DEBUG] trans - AMOUNT:   389107500000000000000
[2018-04-22T12:18:01.263] [DEBUG] trans - Receipt info:  {
	"blockHash": "0xf39c6243666c96611646f1f2397dae68d80085aad66797ccfc716eb62b857644",
	"blockNumber": 5485525,
	"contractAddress": null,
	"cumulativeGasUsed": 4251496,
	"gasUsed": 51653,
	"logs": [
		{
			"address": "0x7e9e431a0B8c4D532C745B1043c7FA29a48D4fBa",
			"blockHash": "0xf39c6243666c96611646f1f2397dae68d80085aad66797ccfc716eb62b857644",
			"blockNumber": 5485525,
			"data": "0x00000000000000000000000000000000000000000000001517f389ab8c4ec000",
			"logIndex": 82,
			"topics": [
				"0xddf252ad1be2c89b69c2b068fc378daa952ba7f163c4a11628f55a4df523b3ef",
				"0x000000000000000000000000468b858c964f297fd8fce058032bf4b4911a8ad8",
				"0x000000000000000000000000bc87190b52354997e70a660993fe5b5b02b80375"
			],
			"transactionHash": "0xeb25e589d2e812507b3c2ffe8ff77d5686c5cdca9a1388cd4bc3da7aaec018eb",
			"transactionIndex": 112,
			"transactionLogIndex": "0x0",
			"type": "mined",
			"id": "log_10b9029b"
		}
	],
	"logsBloom": "0x00000000200000000000000000020000000000000000000000000000000000000000000000000000000000000100000000000000000000000000000000000000000000000000010000000008000000000000000000000000000000000020000000000000000000000000000000000000000000800000000000000010000000000000000000000000000000000000000000000000000000000000000000000000000000000000000080000000000000000000000000000000000000010000000000001002000000000000000000000000000000000000000000000000000000000000000000000000000000000000000000000000000000000000000000000000",
	"root": null,
	"status": "0x1",
	"transactionHash": "0xeb25e589d2e812507b3c2ffe8ff77d5686c5cdca9a1388cd4bc3da7aaec018eb",
	"transactionIndex": 112
}
[2018-04-22T12:18:01.265] [DEBUG] trans - TO:   0x931782734d05188ef39a152974bbd95820ad51a2
[2018-04-22T12:18:01.265] [DEBUG] trans - AMOUNT:   389100000000000000000
[2018-04-22T12:18:01.265] [DEBUG] trans - Receipt info:  {
	"blockHash": "0xf39c6243666c96611646f1f2397dae68d80085aad66797ccfc716eb62b857644",
	"blockNumber": 5485525,
	"contractAddress": null,
	"cumulativeGasUsed": 4406327,
	"gasUsed": 51589,
	"logs": [
		{
			"address": "0x7e9e431a0B8c4D532C745B1043c7FA29a48D4fBa",
			"blockHash": "0xf39c6243666c96611646f1f2397dae68d80085aad66797ccfc716eb62b857644",
			"blockNumber": 5485525,
			"data": "0x00000000000000000000000000000000000000000000001517d8e475b87e0000",
			"logIndex": 85,
			"topics": [
				"0xddf252ad1be2c89b69c2b068fc378daa952ba7f163c4a11628f55a4df523b3ef",
				"0x000000000000000000000000468b858c964f297fd8fce058032bf4b4911a8ad8",
				"0x000000000000000000000000931782734d05188ef39a152974bbd95820ad51a2"
			],
			"transactionHash": "0x40d857bb23481434247574a99ed8877b0e9619f4b284f10e4cddd672ed47c1f8",
			"transactionIndex": 115,
			"transactionLogIndex": "0x0",
			"type": "mined",
			"id": "log_93ad2763"
		}
	],
	"logsBloom": "0x00000000000000000000000000020000000000000000000000000000000000000000000000000000000000000000000000000000000000000000000000000000000000000000010000000008000000000000000000000000000000000020000000000000000001000000000000000000000000000000000000000010000000000000000000000000000000000000000000000000000000000000000000000000000000000000000080000010000000000000000000000000000000010000000000001002000000000000000000000000000000000000000000000000000000000000000000000000000000000000000000200000000000000000000000000000",
	"root": null,
	"status": "0x1",
	"transactionHash": "0x40d857bb23481434247574a99ed8877b0e9619f4b284f10e4cddd672ed47c1f8",
	"transactionIndex": 115
}
[2018-04-22T12:18:01.266] [DEBUG] trans - TO:   0xc94ec601b830d369b959948a2e4b8f19b863c28d
[2018-04-22T12:18:01.266] [DEBUG] trans - AMOUNT:   389185500000000000000
[2018-04-22T12:18:01.266] [DEBUG] trans - Receipt info:  {
	"blockHash": "0xf39c6243666c96611646f1f2397dae68d80085aad66797ccfc716eb62b857644",
	"blockNumber": 5485525,
	"contractAddress": null,
	"cumulativeGasUsed": 4148190,
	"gasUsed": 51653,
	"logs": [
		{
			"address": "0x7e9e431a0B8c4D532C745B1043c7FA29a48D4fBa",
			"blockHash": "0xf39c6243666c96611646f1f2397dae68d80085aad66797ccfc716eb62b857644",
			"blockNumber": 5485525,
			"data": "0x0000000000000000000000000000000000000000000000151908a641c0c9c000",
			"logIndex": 80,
			"topics": [
				"0xddf252ad1be2c89b69c2b068fc378daa952ba7f163c4a11628f55a4df523b3ef",
				"0x000000000000000000000000468b858c964f297fd8fce058032bf4b4911a8ad8",
				"0x000000000000000000000000c94ec601b830d369b959948a2e4b8f19b863c28d"
			],
			"transactionHash": "0x2bd1b95b5709ee7e6634ae3ee37b252eeaaef9a7ea374f2b7063efd960869ffa",
			"transactionIndex": 110,
			"transactionLogIndex": "0x0",
			"type": "mined",
			"id": "log_73853ca5"
		}
	],
	"logsBloom": "0x00000000000000000000000000020000000000000000000000000000000000000000000000000000000000000000000000000000000020000000000000000000000000000000010000000008000000000000000000000000000000000020000000000000000000000000000000000000000000000000000000000010000000000000000000000000000000000000000000000000000000000000000000000000000000000000000080000000000000000000000000000000000000010000000000001002000000000000000000000000000000000000020000000000000000000000000000000000000000000000000000000000000002000000000000000000",
	"root": null,
	"status": "0x1",
	"transactionHash": "0x2bd1b95b5709ee7e6634ae3ee37b252eeaaef9a7ea374f2b7063efd960869ffa",
	"transactionIndex": 110
}
[2018-04-22T12:18:01.267] [DEBUG] trans - TO:   0x23f257c75f37d583d4ec439ef75af1f7b3ccb138
[2018-04-22T12:18:01.267] [DEBUG] trans - AMOUNT:   389100000000000000000
[2018-04-22T12:18:01.267] [DEBUG] trans - Receipt info:  {
	"blockHash": "0xf39c6243666c96611646f1f2397dae68d80085aad66797ccfc716eb62b857644",
	"blockNumber": 5485525,
	"contractAddress": null,
	"cumulativeGasUsed": 4354738,
	"gasUsed": 51589,
	"logs": [
		{
			"address": "0x7e9e431a0B8c4D532C745B1043c7FA29a48D4fBa",
			"blockHash": "0xf39c6243666c96611646f1f2397dae68d80085aad66797ccfc716eb62b857644",
			"blockNumber": 5485525,
			"data": "0x00000000000000000000000000000000000000000000001517d8e475b87e0000",
			"logIndex": 84,
			"topics": [
				"0xddf252ad1be2c89b69c2b068fc378daa952ba7f163c4a11628f55a4df523b3ef",
				"0x000000000000000000000000468b858c964f297fd8fce058032bf4b4911a8ad8",
				"0x00000000000000000000000023f257c75f37d583d4ec439ef75af1f7b3ccb138"
			],
			"transactionHash": "0x052ad53c27a33b721735ca7106396f827f426d06e6021b416f545da98c5f0ff6",
			"transactionIndex": 114,
			"transactionLogIndex": "0x0",
			"type": "mined",
			"id": "log_73ae86e4"
		}
	],
	"logsBloom": "0x00000000400000000000000000020000000000000000000000000000000000000000000000000000000000000000000000000000000000000000000000000000000000000000010000000008000000000000000000000000000080000020000000000000000000000000000000000000000000000000000000000010000000000000000000000000000000000000000000000000000000000000000002000000000000000000000080000000000000000000000000000000000000010000000000001002000000000000000000000000000000000000000000000000000000000000000000000000000000000000000000000000000000000000000000000000",
	"root": null,
	"status": "0x1",
	"transactionHash": "0x052ad53c27a33b721735ca7106396f827f426d06e6021b416f545da98c5f0ff6",
	"transactionIndex": 114
}
[2018-04-22T12:18:01.268] [DEBUG] trans - TO:   0xb607e40d43f7b5c2d104685c0e609d0c33a6dfd0
[2018-04-22T12:18:01.268] [DEBUG] trans - AMOUNT:   389086600000000000000
[2018-04-22T12:18:01.268] [DEBUG] trans - Receipt info:  {
	"blockHash": "0xf39c6243666c96611646f1f2397dae68d80085aad66797ccfc716eb62b857644",
	"blockNumber": 5485525,
	"contractAddress": null,
	"cumulativeGasUsed": 4457980,
	"gasUsed": 51653,
	"logs": [
		{
			"address": "0x7e9e431a0B8c4D532C745B1043c7FA29a48D4fBa",
			"blockHash": "0xf39c6243666c96611646f1f2397dae68d80085aad66797ccfc716eb62b857644",
			"blockNumber": 5485525,
			"data": "0x00000000000000000000000000000000000000000000001517a9493b18808000",
			"logIndex": 86,
			"topics": [
				"0xddf252ad1be2c89b69c2b068fc378daa952ba7f163c4a11628f55a4df523b3ef",
				"0x000000000000000000000000468b858c964f297fd8fce058032bf4b4911a8ad8",
				"0x000000000000000000000000b607e40d43f7b5c2d104685c0e609d0c33a6dfd0"
			],
			"transactionHash": "0x50e02d2f055c08c999ae853f9ba6d08e72dc020e8f2b08e19ea54d5831f52760",
			"transactionIndex": 116,
			"transactionLogIndex": "0x0",
			"type": "mined",
			"id": "log_6565959d"
		}
	],
	"logsBloom": "0x00000000000000000000000000020000000000000000000010000000000000000000000000000000000000000000000001000000000000000000000000000000000000000000010000000008000000000000000000000080000000000020000000000000000000000000000000000000000000000000000000000010000000000000000000000000000000000000000000000000000000000000000000000000000000000000000080000000000000000000000000000000000000010000000000001002000000000000000000000000000000000000000000000000000000000000000000000000000000000000000000000000000000000000000000000000",
	"root": null,
	"status": "0x1",
	"transactionHash": "0x50e02d2f055c08c999ae853f9ba6d08e72dc020e8f2b08e19ea54d5831f52760",
	"transactionIndex": 116
}
[2018-04-22T12:18:01.268] [DEBUG] trans - TO:   0x179f1414af594b80ba3e69fdcee79d828888da7d
[2018-04-22T12:18:01.268] [DEBUG] trans - AMOUNT:   388960000000000000000
[2018-04-22T12:18:01.268] [DEBUG] trans - Receipt info:  {
	"blockHash": "0xf39c6243666c96611646f1f2397dae68d80085aad66797ccfc716eb62b857644",
	"blockNumber": 5485525,
	"contractAddress": null,
	"cumulativeGasUsed": 4716053,
	"gasUsed": 51589,
	"logs": [
		{
			"address": "0x7e9e431a0B8c4D532C745B1043c7FA29a48D4fBa",
			"blockHash": "0xf39c6243666c96611646f1f2397dae68d80085aad66797ccfc716eb62b857644",
			"blockNumber": 5485525,
			"data": "0x00000000000000000000000000000000000000000000001515e783339bf00000",
			"logIndex": 91,
			"topics": [
				"0xddf252ad1be2c89b69c2b068fc378daa952ba7f163c4a11628f55a4df523b3ef",
				"0x000000000000000000000000468b858c964f297fd8fce058032bf4b4911a8ad8",
				"0x000000000000000000000000179f1414af594b80ba3e69fdcee79d828888da7d"
			],
			"transactionHash": "0x01989d72a88627dadecd95519d6ac075754c24d0bbbce990a28f28f3a88d11ee",
			"transactionIndex": 121,
			"transactionLogIndex": "0x0",
			"type": "mined",
			"id": "log_9fd6cf04"
		}
	],
	"logsBloom": "0x00000000000000000000000000020000000000000000000000000000000000000000000000000000000000000000000000000000000000000000000000000000000000000000010000000008000000000000000000000000000000000020000000000000000000000000000000000000000000000000000000000010000000000000000000002000000000000000000000000000000000000000000000000000000000000000000080000000000000000000000000000000000000010800000000001002000000000000000000000000000000000000000000000000000000000000000000000000000000000000000000000002000000000000000000000000",
	"root": null,
	"status": "0x1",
	"transactionHash": "0x01989d72a88627dadecd95519d6ac075754c24d0bbbce990a28f28f3a88d11ee",
	"transactionIndex": 121
}
[2018-04-22T12:18:01.271] [DEBUG] trans - TO:   0x9b0da6d5b2ce491d5e30ddf81cb6eaeec68faddf
[2018-04-22T12:18:01.271] [DEBUG] trans - AMOUNT:   388978600000000000000
[2018-04-22T12:18:01.271] [DEBUG] trans - Receipt info:  {
	"blockHash": "0xf39c6243666c96611646f1f2397dae68d80085aad66797ccfc716eb62b857644",
	"blockNumber": 5485525,
	"contractAddress": null,
	"cumulativeGasUsed": 4664464,
	"gasUsed": 51653,
	"logs": [
		{
			"address": "0x7e9e431a0B8c4D532C745B1043c7FA29a48D4fBa",
			"blockHash": "0xf39c6243666c96611646f1f2397dae68d80085aad66797ccfc716eb62b857644",
			"blockNumber": 5485525,
			"data": "0x000000000000000000000000000000000000000000000015162997cd94c28000",
			"logIndex": 90,
			"topics": [
				"0xddf252ad1be2c89b69c2b068fc378daa952ba7f163c4a11628f55a4df523b3ef",
				"0x000000000000000000000000468b858c964f297fd8fce058032bf4b4911a8ad8",
				"0x0000000000000000000000009b0da6d5b2ce491d5e30ddf81cb6eaeec68faddf"
			],
			"transactionHash": "0x05f031cd12d619e21585df7d1a20097ffeb8851aa8d371d1fbf7debb5979cf44",
			"transactionIndex": 120,
			"transactionLogIndex": "0x0",
			"type": "mined",
			"id": "log_7482f2f0"
		}
	],
	"logsBloom": "0x00000000000000000000000002020000000000000000000000000000000000000000000000000200000000010000000000000000000000000000000000000000000000000000010000000008000000000000000000000000000000000020000000000000000000000000000000000000000000000000000000000010000000000000000000000000000000000000000000000000000000000000000000000000000000000000000080000000000000000000000000000000000000010000000000001002000000000000000000000000000000000000000000000000000000000000000000000000000000000000000000000000000000000000000000000000",
	"root": null,
	"status": "0x1",
	"transactionHash": "0x05f031cd12d619e21585df7d1a20097ffeb8851aa8d371d1fbf7debb5979cf44",
	"transactionIndex": 120
}
[2018-04-22T12:18:01.272] [DEBUG] trans - TO:   0x4480682c151de8a977e2bc66d1ab6208f427f56e
[2018-04-22T12:18:01.272] [DEBUG] trans - AMOUNT:   389000000000000000000
[2018-04-22T12:18:01.272] [DEBUG] trans - Receipt info:  {
	"blockHash": "0xf39c6243666c96611646f1f2397dae68d80085aad66797ccfc716eb62b857644",
	"blockNumber": 5485525,
	"contractAddress": null,
	"cumulativeGasUsed": 4561222,
	"gasUsed": 51589,
	"logs": [
		{
			"address": "0x7e9e431a0B8c4D532C745B1043c7FA29a48D4fBa",
			"blockHash": "0xf39c6243666c96611646f1f2397dae68d80085aad66797ccfc716eb62b857644",
			"blockNumber": 5485525,
			"data": "0x00000000000000000000000000000000000000000000001516759efd5af40000",
			"logIndex": 88,
			"topics": [
				"0xddf252ad1be2c89b69c2b068fc378daa952ba7f163c4a11628f55a4df523b3ef",
				"0x000000000000000000000000468b858c964f297fd8fce058032bf4b4911a8ad8",
				"0x0000000000000000000000004480682c151de8a977e2bc66d1ab6208f427f56e"
			],
			"transactionHash": "0x8e9fbc88b51c3747cc18d64696952697d25fb0198af1d31388bb2e991c48b182",
			"transactionIndex": 118,
			"transactionLogIndex": "0x0",
			"type": "mined",
			"id": "log_1dcaa81b"
		}
	],
	"logsBloom": "0x00000000000000000000000000020000000000000000000000000000000000000000000000000000000000000000000000000000000000000000000000000000000000000000010000000008000000000000000000000000000000000020000000000000000010000000000000000000000000000000000000000010000000000000000008040000000000000000000000000000000000000000000000000000000000000000000080000000000000000000000000000000000000010000000000001002000000000000000000000000000000000000000000000000000000000000000000000000000000000000000000000000000000000000000000000000",
	"root": null,
	"status": "0x1",
	"transactionHash": "0x8e9fbc88b51c3747cc18d64696952697d25fb0198af1d31388bb2e991c48b182",
	"transactionIndex": 118
}
[2018-04-22T12:18:01.272] [DEBUG] trans - TO:   0x93b40dbe0b9c9d50d7936c781a7c24f5b95ac97e
[2018-04-22T12:18:01.272] [DEBUG] trans - AMOUNT:   389000000000000000000
[2018-04-22T12:18:01.272] [DEBUG] trans - Receipt info:  {
	"blockHash": "0xf39c6243666c96611646f1f2397dae68d80085aad66797ccfc716eb62b857644",
	"blockNumber": 5485525,
	"contractAddress": null,
	"cumulativeGasUsed": 4612811,
	"gasUsed": 51589,
	"logs": [
		{
			"address": "0x7e9e431a0B8c4D532C745B1043c7FA29a48D4fBa",
			"blockHash": "0xf39c6243666c96611646f1f2397dae68d80085aad66797ccfc716eb62b857644",
			"blockNumber": 5485525,
			"data": "0x00000000000000000000000000000000000000000000001516759efd5af40000",
			"logIndex": 89,
			"topics": [
				"0xddf252ad1be2c89b69c2b068fc378daa952ba7f163c4a11628f55a4df523b3ef",
				"0x000000000000000000000000468b858c964f297fd8fce058032bf4b4911a8ad8",
				"0x00000000000000000000000093b40dbe0b9c9d50d7936c781a7c24f5b95ac97e"
			],
			"transactionHash": "0x53ad10a18b9a0d9610c00f84fa7d9bf8089a8fd3b5e2a8f1e33ee4636fd75311",
			"transactionIndex": 119,
			"transactionLogIndex": "0x0",
			"type": "mined",
			"id": "log_233fb5c3"
		}
	],
	"logsBloom": "0x00000000000000000000000000020000000000000000000000000000000000000000000000000000000000000000000000000000000000000000000000000000000000000000010000000008000000000000000000000000000000000020000000000000000000000000000000000000000000000000000000000010080000000000000000000000000000000000000000000000000000000002000000000000000000000000000080000000000000000000000000000000000000010000000000001002000000000000000000000000000000000000000000000000000000000000000000000000001000000000000000000000000000000000000000000000",
	"root": null,
	"status": "0x1",
	"transactionHash": "0x53ad10a18b9a0d9610c00f84fa7d9bf8089a8fd3b5e2a8f1e33ee4636fd75311",
	"transactionIndex": 119
}
[2018-04-22T12:18:01.273] [DEBUG] trans - TO:   0xd55ba365393aaab9919f7ee2bd5bb5380e2d6523
[2018-04-22T12:18:01.273] [DEBUG] trans - AMOUNT:   388944800000000000000
[2018-04-22T12:18:01.273] [DEBUG] trans - Receipt info:  {
	"blockHash": "0xf39c6243666c96611646f1f2397dae68d80085aad66797ccfc716eb62b857644",
	"blockNumber": 5485525,
	"contractAddress": null,
	"cumulativeGasUsed": 4819295,
	"gasUsed": 51589,
	"logs": [
		{
			"address": "0x7e9e431a0B8c4D532C745B1043c7FA29a48D4fBa",
			"blockHash": "0xf39c6243666c96611646f1f2397dae68d80085aad66797ccfc716eb62b857644",
			"blockNumber": 5485525,
			"data": "0x00000000000000000000000000000000000000000000001515b182e1d35a0000",
			"logIndex": 93,
			"topics": [
				"0xddf252ad1be2c89b69c2b068fc378daa952ba7f163c4a11628f55a4df523b3ef",
				"0x000000000000000000000000468b858c964f297fd8fce058032bf4b4911a8ad8",
				"0x000000000000000000000000d55ba365393aaab9919f7ee2bd5bb5380e2d6523"
			],
			"transactionHash": "0xaa46150169973b9e3f89a9056954f347c04cfc607e6f0faff833db437f550031",
			"transactionIndex": 123,
			"transactionLogIndex": "0x0",
			"type": "mined",
			"id": "log_9962c7a3"
		}
	],
	"logsBloom": "0x00000000000000000000000000020000000000000000000000000000000000000000000000000000000000000000000000000000000000000000000000000000000000000000010000000008000000000000000000000000000000000020000000000000000000000000000000000000000000000000000000000010000000000000000000000000000000000000000002000000000000000000000000000000000000000000000080000000000000000000000002000000000000010000000000001002000000000000000000000000000000000000000000000000000000000000000000000000000000000000000000000000000000000000000040000000",
	"root": null,
	"status": "0x1",
	"transactionHash": "0xaa46150169973b9e3f89a9056954f347c04cfc607e6f0faff833db437f550031",
	"transactionIndex": 123
}
[2018-04-22T12:18:01.275] [DEBUG] trans - TO:   0x3357463fd28f3f1454d4f0d90841f622ebd986fe
[2018-04-22T12:18:01.275] [DEBUG] trans - AMOUNT:   389000300000000000000
[2018-04-22T12:18:01.275] [DEBUG] trans - Receipt info:  {
	"blockHash": "0xf39c6243666c96611646f1f2397dae68d80085aad66797ccfc716eb62b857644",
	"blockNumber": 5485525,
	"contractAddress": null,
	"cumulativeGasUsed": 4509633,
	"gasUsed": 51653,
	"logs": [
		{
			"address": "0x7e9e431a0B8c4D532C745B1043c7FA29a48D4fBa",
			"blockHash": "0xf39c6243666c96611646f1f2397dae68d80085aad66797ccfc716eb62b857644",
			"blockNumber": 5485525,
			"data": "0x0000000000000000000000000000000000000000000000151676afd68c62c000",
			"logIndex": 87,
			"topics": [
				"0xddf252ad1be2c89b69c2b068fc378daa952ba7f163c4a11628f55a4df523b3ef",
				"0x000000000000000000000000468b858c964f297fd8fce058032bf4b4911a8ad8",
				"0x0000000000000000000000003357463fd28f3f1454d4f0d90841f622ebd986fe"
			],
			"transactionHash": "0x804cead1d173a7226774b6957c8bbc67207a365ab9d7819346c02efac388ead1",
			"transactionIndex": 117,
			"transactionLogIndex": "0x0",
			"type": "mined",
			"id": "log_b2417e32"
		}
	],
	"logsBloom": "0x00000000000040000000000000020000000000000000000000000000000000000000000000000000000000000000000000000000000000000000000000000000000000000000010000000008000000000000000000000000000000000020000000000000000000000000000000000000000000000000000000000010000000004000000000000000000000000000000000000000000000000000000000000000000000000000000080000000000000000000000000000000000000010000000000001002000000000000000000000000000000000000000000001000000000000000000000000000000000000000000000000000000000000000000000000000",
	"root": null,
	"status": "0x1",
	"transactionHash": "0x804cead1d173a7226774b6957c8bbc67207a365ab9d7819346c02efac388ead1",
	"transactionIndex": 117
}
[2018-04-22T12:18:01.276] [DEBUG] trans - TO:   0xaa09e495885d58520effd15d16eecc8145cb922b
[2018-04-22T12:18:01.276] [DEBUG] trans - AMOUNT:   388895200000000000000
[2018-04-22T12:18:01.276] [DEBUG] trans - Receipt info:  {
	"blockHash": "0xf39c6243666c96611646f1f2397dae68d80085aad66797ccfc716eb62b857644",
	"blockNumber": 5485525,
	"contractAddress": null,
	"cumulativeGasUsed": 5025715,
	"gasUsed": 51589,
	"logs": [
		{
			"address": "0x7e9e431a0B8c4D532C745B1043c7FA29a48D4fBa",
			"blockHash": "0xf39c6243666c96611646f1f2397dae68d80085aad66797ccfc716eb62b857644",
			"blockNumber": 5485525,
			"data": "0x00000000000000000000000000000000000000000000001515014bf1e67e0000",
			"logIndex": 97,
			"topics": [
				"0xddf252ad1be2c89b69c2b068fc378daa952ba7f163c4a11628f55a4df523b3ef",
				"0x000000000000000000000000468b858c964f297fd8fce058032bf4b4911a8ad8",
				"0x000000000000000000000000aa09e495885d58520effd15d16eecc8145cb922b"
			],
			"transactionHash": "0xa7f9d96b716bb8237b788fc58533765111ce6bf9b71c8d1494c8ae6498fdb945",
			"transactionIndex": 127,
			"transactionLogIndex": "0x0",
			"type": "mined",
			"id": "log_cff57d3c"
		}
	],
	"logsBloom": "0x00000000000000000000000000020002000000000000000000000000000000000000000000000000000000000000000000000000000000000000000000000000000000000000010000000008000000000000000000000000000000000020000000000000000000000000000000000000000000000000000000000010000000000000000000000000000000000000000000000000000000000000000000000000000000000000000080000000000200000000000000000000000000010000000000001002000000000000000000000000000000000000000000000000000000000000000000000000000000000000000000000000001000000000000000000000",
	"root": null,
	"status": "0x1",
	"transactionHash": "0xa7f9d96b716bb8237b788fc58533765111ce6bf9b71c8d1494c8ae6498fdb945",
	"transactionIndex": 127
}
[2018-04-22T12:18:01.276] [DEBUG] trans - TO:   0x76c732246bb0f2d6e839c5bdbc0b1e4ec8d5db79
[2018-04-22T12:18:01.276] [DEBUG] trans - AMOUNT:   388910000000000000000
[2018-04-22T12:18:01.276] [DEBUG] trans - Receipt info:  {
	"blockHash": "0xf39c6243666c96611646f1f2397dae68d80085aad66797ccfc716eb62b857644",
	"blockNumber": 5485525,
	"contractAddress": null,
	"cumulativeGasUsed": 4870884,
	"gasUsed": 51589,
	"logs": [
		{
			"address": "0x7e9e431a0B8c4D532C745B1043c7FA29a48D4fBa",
			"blockHash": "0xf39c6243666c96611646f1f2397dae68d80085aad66797ccfc716eb62b857644",
			"blockNumber": 5485525,
			"data": "0x0000000000000000000000000000000000000000000000151535e0776d2b0000",
			"logIndex": 94,
			"topics": [
				"0xddf252ad1be2c89b69c2b068fc378daa952ba7f163c4a11628f55a4df523b3ef",
				"0x000000000000000000000000468b858c964f297fd8fce058032bf4b4911a8ad8",
				"0x00000000000000000000000076c732246bb0f2d6e839c5bdbc0b1e4ec8d5db79"
			],
			"transactionHash": "0x2e806c336e36bf37d0bb00fe1b7065e9d84cca9b1a3066eb1efe633effd640d9",
			"transactionIndex": 124,
			"transactionLogIndex": "0x0",
			"type": "mined",
			"id": "log_442efea1"
		}
	],
	"logsBloom": "0x00000000000000000000000000020000000000000002000000000000000000000000000000000000000000000000000000000000000000000000000000000000004000020000010000000008000000000000000000000000000000000020000000000000000000000000000000000000000000000000000000000010000000000000000000000000000000000000000000000000000000000000000000000000000000000000000080000000000000000000000000000000000000010000000000001002000000000000000000000000000000000000000000000000000000000000000000000000000000000000000000000000000000000000000000000000",
	"root": null,
	"status": "0x1",
	"transactionHash": "0x2e806c336e36bf37d0bb00fe1b7065e9d84cca9b1a3066eb1efe633effd640d9",
	"transactionIndex": 124
}
[2018-04-22T12:18:01.277] [DEBUG] trans - TO:   0x78e3260566aae66be885837260052d96f91d14e2
[2018-04-22T12:18:01.277] [DEBUG] trans - AMOUNT:   388900000000000000000
[2018-04-22T12:18:01.277] [DEBUG] trans - Receipt info:  {
	"blockHash": "0xf39c6243666c96611646f1f2397dae68d80085aad66797ccfc716eb62b857644",
	"blockNumber": 5485525,
	"contractAddress": null,
	"cumulativeGasUsed": 4974126,
	"gasUsed": 51589,
	"logs": [
		{
			"address": "0x7e9e431a0B8c4D532C745B1043c7FA29a48D4fBa",
			"blockHash": "0xf39c6243666c96611646f1f2397dae68d80085aad66797ccfc716eb62b857644",
			"blockNumber": 5485525,
			"data": "0x00000000000000000000000000000000000000000000001515125984fd6a0000",
			"logIndex": 96,
			"topics": [
				"0xddf252ad1be2c89b69c2b068fc378daa952ba7f163c4a11628f55a4df523b3ef",
				"0x000000000000000000000000468b858c964f297fd8fce058032bf4b4911a8ad8",
				"0x00000000000000000000000078e3260566aae66be885837260052d96f91d14e2"
			],
			"transactionHash": "0xcd5dbd3b3b025a6f9837f7a8ed275da99d064c4571c60c5d840e84ff85800454",
			"transactionIndex": 126,
			"transactionLogIndex": "0x0",
			"type": "mined",
			"id": "log_7f886d38"
		}
	],
	"logsBloom": "0x00000000400000000000000000020000000000000000000000000000000000000000000000000000000000000000000000000000000000000000000000000000000000000000010000000008000000000000000000000000000000000020000000000000000000000000000000000000000000000000001000000010000000000000000000000000000000000000000000000000000000000000000000000000000000000000000080000000000000000000000000000000000000010000000000001002000000000000000000000000000000000000000000000000000000000000000000000000000000000000000000000000000000000000000008000000",
	"root": null,
	"status": "0x1",
	"transactionHash": "0xcd5dbd3b3b025a6f9837f7a8ed275da99d064c4571c60c5d840e84ff85800454",
	"transactionIndex": 126
}
[2018-04-22T12:18:01.279] [DEBUG] trans - TO:   0xeec9326d788ebb8bf01c5b9646b47b47fe20b5bf
[2018-04-22T12:18:01.279] [DEBUG] trans - AMOUNT:   388894600000000000000
[2018-04-22T12:18:01.279] [DEBUG] trans - Receipt info:  {
	"blockHash": "0xf39c6243666c96611646f1f2397dae68d80085aad66797ccfc716eb62b857644",
	"blockNumber": 5485525,
	"contractAddress": null,
	"cumulativeGasUsed": 5077368,
	"gasUsed": 51653,
	"logs": [
		{
			"address": "0x7e9e431a0B8c4D532C745B1043c7FA29a48D4fBa",
			"blockHash": "0xf39c6243666c96611646f1f2397dae68d80085aad66797ccfc716eb62b857644",
			"blockNumber": 5485525,
			"data": "0x00000000000000000000000000000000000000000000001514ff2a3f83a08000",
			"logIndex": 98,
			"topics": [
				"0xddf252ad1be2c89b69c2b068fc378daa952ba7f163c4a11628f55a4df523b3ef",
				"0x000000000000000000000000468b858c964f297fd8fce058032bf4b4911a8ad8",
				"0x000000000000000000000000eec9326d788ebb8bf01c5b9646b47b47fe20b5bf"
			],
			"transactionHash": "0x366f4627879e0d18514a54849f48686d456c7dfb34662af34ba39b0f400e6f5d",
			"transactionIndex": 128,
			"transactionLogIndex": "0x0",
			"type": "mined",
			"id": "log_6013f293"
		}
	],
	"logsBloom": "0x00000000020000000000000000020000000000000000000000000000000000000000000000000000000000000000000000000000000000000000000000000000000000000000010000000008000000000000000000000000000000000020000000000000000000000000000000000000000000000000000000000010000000000000000000000000000000000000000000000000000000000000000000000000000000100000000080000000000000000000000000000000000000010000000000001002000000001000000000000000000000000000000000000000000000000000000000000000000000000000000000000000000000000000000000000000",
	"root": null,
	"status": "0x1",
	"transactionHash": "0x366f4627879e0d18514a54849f48686d456c7dfb34662af34ba39b0f400e6f5d",
	"transactionIndex": 128
}
[2018-04-22T12:18:01.279] [DEBUG] trans - TO:   0x7ac41162e59cafdfb9307ecefb0ee8e2d7c2d04b
[2018-04-22T12:18:01.279] [DEBUG] trans - AMOUNT:   388909000000000000000
[2018-04-22T12:18:01.280] [DEBUG] trans - Receipt info:  {
	"blockHash": "0xf39c6243666c96611646f1f2397dae68d80085aad66797ccfc716eb62b857644",
	"blockNumber": 5485525,
	"contractAddress": null,
	"cumulativeGasUsed": 4922537,
	"gasUsed": 51653,
	"logs": [
		{
			"address": "0x7e9e431a0B8c4D532C745B1043c7FA29a48D4fBa",
			"blockHash": "0xf39c6243666c96611646f1f2397dae68d80085aad66797ccfc716eb62b857644",
			"blockNumber": 5485525,
			"data": "0x000000000000000000000000000000000000000000000015153252f8c8648000",
			"logIndex": 95,
			"topics": [
				"0xddf252ad1be2c89b69c2b068fc378daa952ba7f163c4a11628f55a4df523b3ef",
				"0x000000000000000000000000468b858c964f297fd8fce058032bf4b4911a8ad8",
				"0x0000000000000000000000007ac41162e59cafdfb9307ecefb0ee8e2d7c2d04b"
			],
			"transactionHash": "0x926cb2f243619756c8022d030f82c3dc25eb6c6bcae03e49ec44791bd39212a6",
			"transactionIndex": 125,
			"transactionLogIndex": "0x0",
			"type": "mined",
			"id": "log_49300d1c"
		}
	],
	"logsBloom": "0x00000000000000000000000000020000000000000000000000000000000000000010000000000000000000000000000000000000000000000000000000000000000000000000010000000008000000000200000000000000000400000020000000000000000000000000000000000000000000000000000000000010000000000000000000000000000000000000000000000000000000000000000000000000000000000000000080000000000000000000000000000000000000010000000000001002000000000000000000000000000000000000000000000000000000000000000000000000000000000000000000000000000000000000000000000000",
	"root": null,
	"status": "0x1",
	"transactionHash": "0x926cb2f243619756c8022d030f82c3dc25eb6c6bcae03e49ec44791bd39212a6",
	"transactionIndex": 125
}
[2018-04-22T12:18:01.281] [DEBUG] trans - TO:   0x4ff6cf26b6f11bb2f1b0255eb181929ce1735d32
[2018-04-22T12:18:01.281] [DEBUG] trans - AMOUNT:   388882900000000000000
[2018-04-22T12:18:01.281] [DEBUG] trans - Receipt info:  {
	"blockHash": "0xf39c6243666c96611646f1f2397dae68d80085aad66797ccfc716eb62b857644",
	"blockNumber": 5485525,
	"contractAddress": null,
	"cumulativeGasUsed": 5232327,
	"gasUsed": 51653,
	"logs": [
		{
			"address": "0x7e9e431a0B8c4D532C745B1043c7FA29a48D4fBa",
			"blockHash": "0xf39c6243666c96611646f1f2397dae68d80085aad66797ccfc716eb62b857644",
			"blockNumber": 5485525,
			"data": "0x00000000000000000000000000000000000000000000001514d59928fbc14000",
			"logIndex": 101,
			"topics": [
				"0xddf252ad1be2c89b69c2b068fc378daa952ba7f163c4a11628f55a4df523b3ef",
				"0x000000000000000000000000468b858c964f297fd8fce058032bf4b4911a8ad8",
				"0x0000000000000000000000004ff6cf26b6f11bb2f1b0255eb181929ce1735d32"
			],
			"transactionHash": "0xf75f22c38b07218811befba60f09b7ae9c75b4657b12bd61352be1192e6b4e64",
			"transactionIndex": 131,
			"transactionLogIndex": "0x0",
			"type": "mined",
			"id": "log_10a811f3"
		}
	],
	"logsBloom": "0x00000000000000000000000000020040000000000000000000000000000000000000000000000000000000000000000000000000000000000000000000004000000000000000010000000008000000000000000000000000000000000020000000000000000000000000000000000000000000000000000000000010000000000000000000000000000000000000000000000000000000000000000000000000000000000000000080000000000000000000000000000000000000010000000000001002000020000000000000000000000000000000000000000000000000000000000000000000000000000000000000000000000000000000000000000000",
	"root": null,
	"status": "0x1",
	"transactionHash": "0xf75f22c38b07218811befba60f09b7ae9c75b4657b12bd61352be1192e6b4e64",
	"transactionIndex": 131
}
[2018-04-22T12:18:01.281] [DEBUG] trans - TO:   0xb64ff1195ea6090eede0af772962c1443a65f294
[2018-04-22T12:18:01.281] [DEBUG] trans - AMOUNT:   388889500000000000000
[2018-04-22T12:18:01.281] [DEBUG] trans - Receipt info:  {
	"blockHash": "0xf39c6243666c96611646f1f2397dae68d80085aad66797ccfc716eb62b857644",
	"blockNumber": 5485525,
	"contractAddress": null,
	"cumulativeGasUsed": 5180674,
	"gasUsed": 51653,
	"logs": [
		{
			"address": "0x7e9e431a0B8c4D532C745B1043c7FA29a48D4fBa",
			"blockHash": "0xf39c6243666c96611646f1f2397dae68d80085aad66797ccfc716eb62b857644",
			"blockNumber": 5485525,
			"data": "0x00000000000000000000000000000000000000000000001514ed0bd33b45c000",
			"logIndex": 100,
			"topics": [
				"0xddf252ad1be2c89b69c2b068fc378daa952ba7f163c4a11628f55a4df523b3ef",
				"0x000000000000000000000000468b858c964f297fd8fce058032bf4b4911a8ad8",
				"0x000000000000000000000000b64ff1195ea6090eede0af772962c1443a65f294"
			],
			"transactionHash": "0x2aae3773bc788e80b7376276ffd5db7d4f03016c0889dd9106eab53688d79e34",
			"transactionIndex": 130,
			"transactionLogIndex": "0x0",
			"type": "mined",
			"id": "log_7daae7e6"
		}
	],
	"logsBloom": "0x00000000000000000000800000020000000000000000000008000000000000000000000000000000000000000000000000000000000000000000000000000000000000000000010000000008000000000000000000000000000000000020000000000000000000000000000000000000000000000000000000000010000000000000000000000000000000000000000000000000000000000000000001000000000000000000000080000000000000000000000000000000000000010000000000001002000000000000000000000000000000000000000000000000000000000000000000000000000000000000000000000000000000000000000000000000",
	"root": null,
	"status": "0x1",
	"transactionHash": "0x2aae3773bc788e80b7376276ffd5db7d4f03016c0889dd9106eab53688d79e34",
	"transactionIndex": 130
}
[2018-04-22T12:18:01.282] [DEBUG] trans - TO:   0x00621ef260c0783823375c31fae0c0d982798d9d
[2018-04-22T12:18:01.282] [DEBUG] trans - AMOUNT:   388803700000000000000
[2018-04-22T12:18:01.282] [DEBUG] trans - Receipt info:  {
	"blockHash": "0xf39c6243666c96611646f1f2397dae68d80085aad66797ccfc716eb62b857644",
	"blockNumber": 5485525,
	"contractAddress": null,
	"cumulativeGasUsed": 5387222,
	"gasUsed": 51589,
	"logs": [
		{
			"address": "0x7e9e431a0B8c4D532C745B1043c7FA29a48D4fBa",
			"blockHash": "0xf39c6243666c96611646f1f2397dae68d80085aad66797ccfc716eb62b857644",
			"blockNumber": 5485525,
			"data": "0x00000000000000000000000000000000000000000000001513bc392e018b4000",
			"logIndex": 104,
			"topics": [
				"0xddf252ad1be2c89b69c2b068fc378daa952ba7f163c4a11628f55a4df523b3ef",
				"0x000000000000000000000000468b858c964f297fd8fce058032bf4b4911a8ad8",
				"0x00000000000000000000000000621ef260c0783823375c31fae0c0d982798d9d"
			],
			"transactionHash": "0xd2a9f997dfdf0fb67d21cda14ccb8062c9fb2d1da4abf568b7ed4bc2089bdb24",
			"transactionIndex": 134,
			"transactionLogIndex": "0x0",
			"type": "mined",
			"id": "log_9dff41ea"
		}
	],
	"logsBloom": "0x00000000040000000000040000020000000000000000000000000000000000000000000000000000000000000000000000000000000000000000000000000000000000000000010000000008000000000000000000000000000000000020000000000000000000000000000000000000000000000000000000000010000000000000000000000000000000000000000000200000000000000000000000000000000000000000000080000000000000000000000000000000000000010000000000001002000000000000000000000000000000000000000000000000000000000000000000000000000000000000000000000000000000000000000000000000",
	"root": null,
	"status": "0x1",
	"transactionHash": "0xd2a9f997dfdf0fb67d21cda14ccb8062c9fb2d1da4abf568b7ed4bc2089bdb24",
	"transactionIndex": 134
}
[2018-04-22T12:18:01.284] [DEBUG] trans - TO:   0xf3f899e274f622936778e5dcf81ef5586818c789
[2018-04-22T12:18:01.284] [DEBUG] trans - AMOUNT:   388854900000000000000
[2018-04-22T12:18:01.284] [DEBUG] trans - Receipt info:  {
	"blockHash": "0xf39c6243666c96611646f1f2397dae68d80085aad66797ccfc716eb62b857644",
	"blockNumber": 5485525,
	"contractAddress": null,
	"cumulativeGasUsed": 5335633,
	"gasUsed": 51653,
	"logs": [
		{
			"address": "0x7e9e431a0B8c4D532C745B1043c7FA29a48D4fBa",
			"blockHash": "0xf39c6243666c96611646f1f2397dae68d80085aad66797ccfc716eb62b857644",
			"blockNumber": 5485525,
			"data": "0x00000000000000000000000000000000000000000000001514721f4ef60b4000",
			"logIndex": 103,
			"topics": [
				"0xddf252ad1be2c89b69c2b068fc378daa952ba7f163c4a11628f55a4df523b3ef",
				"0x000000000000000000000000468b858c964f297fd8fce058032bf4b4911a8ad8",
				"0x000000000000000000000000f3f899e274f622936778e5dcf81ef5586818c789"
			],
			"transactionHash": "0x04e5a22ca8becf294efcc607e33baaa6d3a67dfa9337f7ebc44d948bd488cec4",
			"transactionIndex": 133,
			"transactionLogIndex": "0x0",
			"type": "mined",
			"id": "log_d64f99ef"
		}
	],
	"logsBloom": "0x00000000000000000000000000020000000000000000000000000000000000000000000000000000000000000000000000000000000000000000000000000000000000000100010000000008000000000000000000000000000000000020000000000000000000000000000000000000000000000000000000000010000000000000000000000000000000000000000000000000000000000000000000000000000000000000000080000000000000000000000000000000000000010000000000001002000000800000000000000000000000000000000000000000000000000000000200000000000000000000000000000000000000000000000000000000",
	"root": null,
	"status": "0x1",
	"transactionHash": "0x04e5a22ca8becf294efcc607e33baaa6d3a67dfa9337f7ebc44d948bd488cec4",
	"transactionIndex": 133
}
[2018-04-22T12:18:01.285] [DEBUG] trans - TO:   0x57d99deea8acab1834185ca6b0ea9be47d8ce4ea
[2018-04-22T12:18:01.285] [DEBUG] trans - AMOUNT:   388722400000000000000
[2018-04-22T12:18:01.285] [DEBUG] trans - Receipt info:  {
	"blockHash": "0xf39c6243666c96611646f1f2397dae68d80085aad66797ccfc716eb62b857644",
	"blockNumber": 5485525,
	"contractAddress": null,
	"cumulativeGasUsed": 5541989,
	"gasUsed": 51589,
	"logs": [
		{
			"address": "0x7e9e431a0B8c4D532C745B1043c7FA29a48D4fBa",
			"blockHash": "0xf39c6243666c96611646f1f2397dae68d80085aad66797ccfc716eb62b857644",
			"blockNumber": 5485525,
			"data": "0x000000000000000000000000000000000000000000000015129b6342ad4e0000",
			"logIndex": 107,
			"topics": [
				"0xddf252ad1be2c89b69c2b068fc378daa952ba7f163c4a11628f55a4df523b3ef",
				"0x000000000000000000000000468b858c964f297fd8fce058032bf4b4911a8ad8",
				"0x00000000000000000000000057d99deea8acab1834185ca6b0ea9be47d8ce4ea"
			],
			"transactionHash": "0xfea502201b97f119118d89dc4162011ca087dcb6029a1330bd30e2035956f0a5",
			"transactionIndex": 137,
			"transactionLogIndex": "0x0",
			"type": "mined",
			"id": "log_0437a9f8"
		}
	],
	"logsBloom": "0x00000000000000000000000000020000000000000000000000000000000000000000000000000000000000000000000000000000000000000000000000000000000000040000010000000008000000000000000000000000000000000020000000000000000000000000000000000000000000000000000000000010000000000000000000000000000000000000000000000000000000000000000000000000000000000080000080000000000000000000000000000000000000010000000000009002000000000000000000000000000000000000000000000000000000000000000000000000000000000000000000000000000000000000000000000000",
	"root": null,
	"status": "0x1",
	"transactionHash": "0xfea502201b97f119118d89dc4162011ca087dcb6029a1330bd30e2035956f0a5",
	"transactionIndex": 137
}
[2018-04-22T12:18:01.286] [DEBUG] trans - TO:   0x3b220c2493be5ad2c92127495177efaee2bdc475
[2018-04-22T12:18:01.286] [DEBUG] trans - AMOUNT:   388775900000000000000
[2018-04-22T12:18:01.286] [DEBUG] trans - Receipt info:  {
	"blockHash": "0xf39c6243666c96611646f1f2397dae68d80085aad66797ccfc716eb62b857644",
	"blockNumber": 5485525,
	"contractAddress": null,
	"cumulativeGasUsed": 5438875,
	"gasUsed": 51653,
	"logs": [
		{
			"address": "0x7e9e431a0B8c4D532C745B1043c7FA29a48D4fBa",
			"blockHash": "0xf39c6243666c96611646f1f2397dae68d80085aad66797ccfc716eb62b857644",
			"blockNumber": 5485525,
			"data": "0x0000000000000000000000000000000000000000000000151359753a1cc9c000",
			"logIndex": 105,
			"topics": [
				"0xddf252ad1be2c89b69c2b068fc378daa952ba7f163c4a11628f55a4df523b3ef",
				"0x000000000000000000000000468b858c964f297fd8fce058032bf4b4911a8ad8",
				"0x0000000000000000000000003b220c2493be5ad2c92127495177efaee2bdc475"
			],
			"transactionHash": "0xfc6a43785f1aeb586084455b2c21ce97d2b88e911f8e736efcec7554058fce2d",
			"transactionIndex": 135,
			"transactionLogIndex": "0x0",
			"type": "mined",
			"id": "log_cd6cd229"
		}
	],
	"logsBloom": "0x00000000000000000000000000020000008000000000000000000000000000000000000000000000000000000000000000000000000000000000000000000000000000000000010000000008000000000000000000000000000000000020000000000000000000000000000000000000000000000000000000000010000000000000000000000000000000000000000000000000000000000000000000000000000000000000000080000000000000000000000000000000000000010000000000001002000000000000000000000000000000000000001040000000000000000000000000000000000000000000000000000000000000000000000000000000",
	"root": null,
	"status": "0x1",
	"transactionHash": "0xfc6a43785f1aeb586084455b2c21ce97d2b88e911f8e736efcec7554058fce2d",
	"transactionIndex": 135
}
[2018-04-22T12:18:01.286] [DEBUG] trans - TO:   0x6b05b644f27bedc322303259033b4a12a2bcca61
[2018-04-22T12:18:01.286] [DEBUG] trans - AMOUNT:   388694600000000000000
[2018-04-22T12:18:01.286] [DEBUG] trans - Receipt info:  {
	"blockHash": "0xf39c6243666c96611646f1f2397dae68d80085aad66797ccfc716eb62b857644",
	"blockNumber": 5485525,
	"contractAddress": null,
	"cumulativeGasUsed": 5593642,
	"gasUsed": 51653,
	"logs": [
		{
			"address": "0x7e9e431a0B8c4D532C745B1043c7FA29a48D4fBa",
			"blockHash": "0xf39c6243666c96611646f1f2397dae68d80085aad66797ccfc716eb62b857644",
			"blockNumber": 5485525,
			"data": "0x00000000000000000000000000000000000000000000001512389f4ec88c8000",
			"logIndex": 108,
			"topics": [
				"0xddf252ad1be2c89b69c2b068fc378daa952ba7f163c4a11628f55a4df523b3ef",
				"0x000000000000000000000000468b858c964f297fd8fce058032bf4b4911a8ad8",
				"0x0000000000000000000000006b05b644f27bedc322303259033b4a12a2bcca61"
			],
			"transactionHash": "0xe1ef4c811e3cc53e96e2b4f8aa559b974c0840057f01cdc14ee469407f1b8a5c",
			"transactionIndex": 138,
			"transactionLogIndex": "0x0",
			"type": "mined",
			"id": "log_158980a8"
		}
	],
	"logsBloom": "0x00000000000000000000000000020000000000000000000000000000000000000000000000000000000000000000000001000000000000000000000000000000000000000000010000000008000000000000000000000000000000000020000000000000000000000000000000000000000000000000000000000010000000000000000000000000000000000000000000000000000000000000000000000000000000000000000080000000000000000000000000000000000000010000000000001002000000000000000000000000000000000000000000000000000000000000000000000000000000001000000000800000000000000000000000000000",
	"root": null,
	"status": "0x1",
	"transactionHash": "0xe1ef4c811e3cc53e96e2b4f8aa559b974c0840057f01cdc14ee469407f1b8a5c",
	"transactionIndex": 138
}
[2018-04-22T12:18:01.288] [DEBUG] trans - TO:   0xce34ffc3b542f2ecbfcab858a4fe31333bd66159
[2018-04-22T12:18:01.288] [DEBUG] trans - AMOUNT:   388878200000000000000
[2018-04-22T12:18:01.288] [DEBUG] trans - Receipt info:  {
	"blockHash": "0xf39c6243666c96611646f1f2397dae68d80085aad66797ccfc716eb62b857644",
	"blockNumber": 5485525,
	"contractAddress": null,
	"cumulativeGasUsed": 5283980,
	"gasUsed": 51653,
	"logs": [
		{
			"address": "0x7e9e431a0B8c4D532C745B1043c7FA29a48D4fBa",
			"blockHash": "0xf39c6243666c96611646f1f2397dae68d80085aad66797ccfc716eb62b857644",
			"blockNumber": 5485525,
			"data": "0x00000000000000000000000000000000000000000000001514c4e688f54f8000",
			"logIndex": 102,
			"topics": [
				"0xddf252ad1be2c89b69c2b068fc378daa952ba7f163c4a11628f55a4df523b3ef",
				"0x000000000000000000000000468b858c964f297fd8fce058032bf4b4911a8ad8",
				"0x000000000000000000000000ce34ffc3b542f2ecbfcab858a4fe31333bd66159"
			],
			"transactionHash": "0x3b2b167c2441b2736e849c845ae86104f0381a77f696b0bf136d585f1fb3ecc2",
			"transactionIndex": 132,
			"transactionLogIndex": "0x0",
			"type": "mined",
			"id": "log_85804c15"
		}
	],
	"logsBloom": "0x00000000000000000000000000020000000000000002000000000000000000000000000000000000000000000000000000000000000000000040000000000000000000000000010000000008000000000000000000000000000000000020000000000000000000000000000000000000000000000000000000000010000000000000000000000000000000000000000000000000000000000000000000000000000000000000000084000000000000000000000000000000000000010000000000001002000000000000000000000000000000000000000000000000000000000000000000000000000000000000000000000000000000000000000000000000",
	"root": null,
	"status": "0x1",
	"transactionHash": "0x3b2b167c2441b2736e849c845ae86104f0381a77f696b0bf136d585f1fb3ecc2",
	"transactionIndex": 132
}
[2018-04-22T12:18:01.289] [DEBUG] trans - TO:   0x8054b96543bca7f922952b311d9fa9a8fa7b9aa0
[2018-04-22T12:18:01.289] [DEBUG] trans - AMOUNT:   388894500000000000000
[2018-04-22T12:18:01.289] [DEBUG] trans - Receipt info:  {
	"blockHash": "0xf39c6243666c96611646f1f2397dae68d80085aad66797ccfc716eb62b857644",
	"blockNumber": 5485525,
	"contractAddress": null,
	"cumulativeGasUsed": 5129021,
	"gasUsed": 51653,
	"logs": [
		{
			"address": "0x7e9e431a0B8c4D532C745B1043c7FA29a48D4fBa",
			"blockHash": "0xf39c6243666c96611646f1f2397dae68d80085aad66797ccfc716eb62b857644",
			"blockNumber": 5485525,
			"data": "0x00000000000000000000000000000000000000000000001514fecf4c73264000",
			"logIndex": 99,
			"topics": [
				"0xddf252ad1be2c89b69c2b068fc378daa952ba7f163c4a11628f55a4df523b3ef",
				"0x000000000000000000000000468b858c964f297fd8fce058032bf4b4911a8ad8",
				"0x0000000000000000000000008054b96543bca7f922952b311d9fa9a8fa7b9aa0"
			],
			"transactionHash": "0x1144a74baa51cb3a9e0217cc8e4450563670c00ef1c6ab759f514f2cf6ab56c8",
			"transactionIndex": 129,
			"transactionLogIndex": "0x0",
			"type": "mined",
			"id": "log_20145a57"
		}
	],
	"logsBloom": "0x00000000000000000000000000020000000000000000000000000000000000000000000000000000000000000000000000000000000000000000000000000000000000000000010000000008000000000000000000000000000000000020000000000000000000200000000000000000000000000000000000000010000002000000000000000000000000000000000000000000000000000000000000000000000000000000000080000000000000000000000000000000000000010000000000001002000000000000000000000000000000000004000000000000000000000000000000000000000000000000000000000000000000000000000000000000",
	"root": null,
	"status": "0x1",
	"transactionHash": "0x1144a74baa51cb3a9e0217cc8e4450563670c00ef1c6ab759f514f2cf6ab56c8",
	"transactionIndex": 129
}
[2018-04-22T12:18:01.291] [DEBUG] trans - TO:   0x83660a789ef189fdb9f5a71ee35e0ac09b26936c
[2018-04-22T12:18:01.291] [DEBUG] trans - AMOUNT:   388959400000000000000
[2018-04-22T12:18:01.291] [DEBUG] trans - Receipt info:  {
	"blockHash": "0xf39c6243666c96611646f1f2397dae68d80085aad66797ccfc716eb62b857644",
	"blockNumber": 5485525,
	"contractAddress": null,
	"cumulativeGasUsed": 4767706,
	"gasUsed": 51653,
	"logs": [
		{
			"address": "0x7e9e431a0B8c4D532C745B1043c7FA29a48D4fBa",
			"blockHash": "0xf39c6243666c96611646f1f2397dae68d80085aad66797ccfc716eb62b857644",
			"blockNumber": 5485525,
			"data": "0x00000000000000000000000000000000000000000000001515e5618139128000",
			"logIndex": 92,
			"topics": [
				"0xddf252ad1be2c89b69c2b068fc378daa952ba7f163c4a11628f55a4df523b3ef",
				"0x000000000000000000000000468b858c964f297fd8fce058032bf4b4911a8ad8",
				"0x00000000000000000000000083660a789ef189fdb9f5a71ee35e0ac09b26936c"
			],
			"transactionHash": "0xcd2dd87103637a1c5de906ec47d2070edcb397ec288f709fd1c93cc9c1a33a21",
			"transactionIndex": 122,
			"transactionLogIndex": "0x0",
			"type": "mined",
			"id": "log_258f2485"
		}
	],
	"logsBloom": "0x00000000000000000000000000020000000000000000000000000000000000000000000000000000000000000000000000000000000000000000000000000000000000000040010000000008000000000000000000000000000000000020000000010000000000000000000000000000000000000000000000000010000000000000000000000000000000000000000000000000000000000000000000000000000000000000000080000000000000000000000000000000000000010000000000001002000000000000000000000000000000000000000000000000000000000000000000000000000000000000000000000002000000000000000000000000",
	"root": null,
	"status": "0x1",
	"transactionHash": "0xcd2dd87103637a1c5de906ec47d2070edcb397ec288f709fd1c93cc9c1a33a21",
	"transactionIndex": 122
}
[2018-04-22T12:18:01.291] [DEBUG] trans - TO:   0x00de8b91dcb886346527318911a79cb08ca91ab4
[2018-04-22T12:18:01.291] [DEBUG] trans - AMOUNT:   388746000000000000000
[2018-04-22T12:18:01.291] [DEBUG] trans - Receipt info:  {
	"blockHash": "0xf39c6243666c96611646f1f2397dae68d80085aad66797ccfc716eb62b857644",
	"blockNumber": 5485525,
	"contractAddress": null,
	"cumulativeGasUsed": 5490400,
	"gasUsed": 51525,
	"logs": [
		{
			"address": "0x7e9e431a0B8c4D532C745B1043c7FA29a48D4fBa",
			"blockHash": "0xf39c6243666c96611646f1f2397dae68d80085aad66797ccfc716eb62b857644",
			"blockNumber": 5485525,
			"data": "0x00000000000000000000000000000000000000000000001512ef3b55de010000",
			"logIndex": 106,
			"topics": [
				"0xddf252ad1be2c89b69c2b068fc378daa952ba7f163c4a11628f55a4df523b3ef",
				"0x000000000000000000000000468b858c964f297fd8fce058032bf4b4911a8ad8",
				"0x00000000000000000000000000de8b91dcb886346527318911a79cb08ca91ab4"
			],
			"transactionHash": "0x692c48e2ae7e2c8175f73038e04a5466c3d7b2fcffa46acee3cbc1912e9c88c4",
			"transactionIndex": 136,
			"transactionLogIndex": "0x0",
			"type": "mined",
			"id": "log_44d7aa16"
		}
	],
	"logsBloom": "0x00000000000000000000800000020000000000000000000000000000000000000000000000000000000000000000000000000000000000000000000000000000000000000000010000000008000008000000000000000000000000000020000000000000000000000000000000000000000000000000000000000010000000000000000000000000000000000000000000000000000000000000000000000000000000000000000080000000000000000000000000000008000000010000000000001002000000000000000000000000000000000000000000000000000000000000000000000000000000000000000000000000000000000000000000000000",
	"root": null,
	"status": "0x1",
	"transactionHash": "0x692c48e2ae7e2c8175f73038e04a5466c3d7b2fcffa46acee3cbc1912e9c88c4",
	"transactionIndex": 136
}
[2018-04-22T12:18:01.291] [DEBUG] trans - TO:   0xed05f7f9d8c1c7ae9112271418dc689c482d8e39
[2018-04-22T12:18:01.291] [DEBUG] trans - AMOUNT:   388669200000000000000
[2018-04-22T12:18:01.291] [DEBUG] trans - Receipt info:  {
	"blockHash": "0xf39c6243666c96611646f1f2397dae68d80085aad66797ccfc716eb62b857644",
	"blockNumber": 5485525,
	"contractAddress": null,
	"cumulativeGasUsed": 5748537,
	"gasUsed": 51589,
	"logs": [
		{
			"address": "0x7e9e431a0B8c4D532C745B1043c7FA29a48D4fBa",
			"blockHash": "0xf39c6243666c96611646f1f2397dae68d80085aad66797ccfc716eb62b857644",
			"blockNumber": 5485525,
			"data": "0x00000000000000000000000000000000000000000000001511de62246f410000",
			"logIndex": 111,
			"topics": [
				"0xddf252ad1be2c89b69c2b068fc378daa952ba7f163c4a11628f55a4df523b3ef",
				"0x000000000000000000000000468b858c964f297fd8fce058032bf4b4911a8ad8",
				"0x000000000000000000000000ed05f7f9d8c1c7ae9112271418dc689c482d8e39"
			],
			"transactionHash": "0x59738cc6e79f4952467f3d06486e7d120673a65e39903eaab01dfd1cba1e1de6",
			"transactionIndex": 141,
			"transactionLogIndex": "0x0",
			"type": "mined",
			"id": "log_16986492"
		}
	],
	"logsBloom": "0x00000000000000000000000000020000000000000000000000000000000000000000000000000000000000000000000000000000000000000000000000000000000000000000010000000008000000000000000000000000000000000020000000000000000000000000000000000000000000000000000000000010000000000000000000000000000000000000000000000000000000000000000000000000000000040000000080040000000000000000000000020000000000010000000000001002000000000000000000000000000000000000000000000000000000000000000000000000000000000000000000000000000000000000000000000000",
	"root": null,
	"status": "0x1",
	"transactionHash": "0x59738cc6e79f4952467f3d06486e7d120673a65e39903eaab01dfd1cba1e1de6",
	"transactionIndex": 141
}
[2018-04-22T12:18:01.293] [DEBUG] trans - TO:   0x85da4878f5aae37340d3c935653d0f7bf56bca3e
[2018-04-22T12:18:01.293] [DEBUG] trans - AMOUNT:   389105000000000000000
[2018-04-22T12:18:01.293] [DEBUG] trans - Receipt info:  {
	"blockHash": "0xf39c6243666c96611646f1f2397dae68d80085aad66797ccfc716eb62b857644",
	"blockNumber": 5485525,
	"contractAddress": null,
	"cumulativeGasUsed": 4303149,
	"gasUsed": 51653,
	"logs": [
		{
			"address": "0x7e9e431a0B8c4D532C745B1043c7FA29a48D4fBa",
			"blockHash": "0xf39c6243666c96611646f1f2397dae68d80085aad66797ccfc716eb62b857644",
			"blockNumber": 5485525,
			"data": "0x00000000000000000000000000000000000000000000001517eaa7eef05e8000",
			"logIndex": 83,
			"topics": [
				"0xddf252ad1be2c89b69c2b068fc378daa952ba7f163c4a11628f55a4df523b3ef",
				"0x000000000000000000000000468b858c964f297fd8fce058032bf4b4911a8ad8",
				"0x00000000000000000000000085da4878f5aae37340d3c935653d0f7bf56bca3e"
			],
			"transactionHash": "0x643c397691d42e94fb77226ca2c6414e2976ff64eba272bb4862d547c2618e00",
			"transactionIndex": 113,
			"transactionLogIndex": "0x0",
			"type": "mined",
			"id": "log_d174f244"
		}
	],
	"logsBloom": "0x00000000000000000000000000020000000000000000000000000000000000000000020000000000000000000000000000000000000000000000000000000000000000000000010000000048000000000000000000000000000000000020000000000000001000000000000000000000000000000000000000000010000000000000000000000000000000000000000000000000000000000000000000000000000000000000000080000000000000000000000000000000000000010000000000001002000000000000000000000000000000000000000000000000000000000000000000000000000000000000000000000000000000000000000000000000",
	"root": null,
	"status": "0x1",
	"transactionHash": "0x643c397691d42e94fb77226ca2c6414e2976ff64eba272bb4862d547c2618e00",
	"transactionIndex": 113
}
[2018-04-22T12:18:01.295] [DEBUG] trans - TO:   0xa09920f28712f363f4ab6f3baad8071b83eb3251
[2018-04-22T12:18:01.295] [DEBUG] trans - AMOUNT:   388611000000000000000
[2018-04-22T12:18:01.295] [DEBUG] trans - Receipt info:  {
	"blockHash": "0xf39c6243666c96611646f1f2397dae68d80085aad66797ccfc716eb62b857644",
	"blockNumber": 5485525,
	"contractAddress": null,
	"cumulativeGasUsed": 5800190,
	"gasUsed": 51653,
	"logs": [
		{
			"address": "0x7e9e431a0B8c4D532C745B1043c7FA29a48D4fBa",
			"blockHash": "0xf39c6243666c96611646f1f2397dae68d80085aad66797ccfc716eb62b857644",
			"blockNumber": 5485525,
			"data": "0x000000000000000000000000000000000000000000000015110f9d8cf9538000",
			"logIndex": 112,
			"topics": [
				"0xddf252ad1be2c89b69c2b068fc378daa952ba7f163c4a11628f55a4df523b3ef",
				"0x000000000000000000000000468b858c964f297fd8fce058032bf4b4911a8ad8",
				"0x000000000000000000000000a09920f28712f363f4ab6f3baad8071b83eb3251"
			],
			"transactionHash": "0x28e36fcaf34e3e60715f21450222ab4872f980857b3fedc05725e4edde2fd318",
			"transactionIndex": 142,
			"transactionLogIndex": "0x0",
			"type": "mined",
			"id": "log_05c83191"
		}
	],
	"logsBloom": "0x00000000000000000000000000020000000000000000000000000000000000000000000000000000000000000000000000000000000000000000000000000000000000000000010000000008000000000000000000080000000020000020000000000000000000000000000000000000000000000000000000000010000000000000000000000000000000000000000000000000000000000000000000000000000000000000000080002000000000000000000000000000000000010000000000001002000000000000000000000000000000000000000000000000000000000000000000000000000000000000000000000000000000000000000000000000",
	"root": null,
	"status": "0x1",
	"transactionHash": "0x28e36fcaf34e3e60715f21450222ab4872f980857b3fedc05725e4edde2fd318",
	"transactionIndex": 142
}
[2018-04-22T12:18:01.296] [DEBUG] trans - TO:   0x2ad03342633043f1cf8f6582aa7644bafdc2f090
[2018-04-22T12:18:01.296] [DEBUG] trans - AMOUNT:   388683700000000000000
[2018-04-22T12:18:01.296] [DEBUG] trans - Receipt info:  {
	"blockHash": "0xf39c6243666c96611646f1f2397dae68d80085aad66797ccfc716eb62b857644",
	"blockNumber": 5485525,
	"contractAddress": null,
	"cumulativeGasUsed": 5645295,
	"gasUsed": 51653,
	"logs": [
		{
			"address": "0x7e9e431a0B8c4D532C745B1043c7FA29a48D4fBa",
			"blockHash": "0xf39c6243666c96611646f1f2397dae68d80085aad66797ccfc716eb62b857644",
			"blockNumber": 5485525,
			"data": "0x0000000000000000000000000000000000000000000000151211e5d0c47f4000",
			"logIndex": 109,
			"topics": [
				"0xddf252ad1be2c89b69c2b068fc378daa952ba7f163c4a11628f55a4df523b3ef",
				"0x000000000000000000000000468b858c964f297fd8fce058032bf4b4911a8ad8",
				"0x0000000000000000000000002ad03342633043f1cf8f6582aa7644bafdc2f090"
			],
			"transactionHash": "0x302650050d28647a62976e4843dd1b3cd00a10cd95eedddad29d46421419e1b4",
			"transactionIndex": 139,
			"transactionLogIndex": "0x0",
			"type": "mined",
			"id": "log_f3fb7b3d"
		}
	],
	"logsBloom": "0x00000000000000000000000000020000000000000000000000000000000000000000000000000000000000040000000000000000000000000000000000000000000000004000010000000008000000000000000000000000000000000020000000000000000000000000000000002000000000000000000000000010000000000000000000000000000000000000000000000000000000000000000000000000000000000000000080000000000000000000000000000000000000010000000000001002000000000000000000000000000000000000000000000000000000000000000000000000000000000000000000000000000000000000000000000000",
	"root": null,
	"status": "0x1",
	"transactionHash": "0x302650050d28647a62976e4843dd1b3cd00a10cd95eedddad29d46421419e1b4",
	"transactionIndex": 139
}
[2018-04-22T12:18:01.296] [DEBUG] trans - TO:   0x79f0f2d205f25ce04bd28554394ac78207181044
[2018-04-22T12:18:01.296] [DEBUG] trans - AMOUNT:   388683100000000000000
[2018-04-22T12:18:01.296] [DEBUG] trans - Receipt info:  {
	"blockHash": "0xf39c6243666c96611646f1f2397dae68d80085aad66797ccfc716eb62b857644",
	"blockNumber": 5485525,
	"contractAddress": null,
	"cumulativeGasUsed": 5696948,
	"gasUsed": 51653,
	"logs": [
		{
			"address": "0x7e9e431a0B8c4D532C745B1043c7FA29a48D4fBa",
			"blockHash": "0xf39c6243666c96611646f1f2397dae68d80085aad66797ccfc716eb62b857644",
			"blockNumber": 5485525,
			"data": "0x000000000000000000000000000000000000000000000015120fc41e61a1c000",
			"logIndex": 110,
			"topics": [
				"0xddf252ad1be2c89b69c2b068fc378daa952ba7f163c4a11628f55a4df523b3ef",
				"0x000000000000000000000000468b858c964f297fd8fce058032bf4b4911a8ad8",
				"0x00000000000000000000000079f0f2d205f25ce04bd28554394ac78207181044"
			],
			"transactionHash": "0x190b20ee56ec9fd5d1fbc4269ca253a2e56a9fb79fafb5e2dd597fe260a30ca4",
			"transactionIndex": 140,
			"transactionLogIndex": "0x0",
			"type": "mined",
			"id": "log_3e05ab50"
		}
	],
	"logsBloom": "0x00000000000000000000000000020000000000000000000000000000000000000000000000000000000000000000000000000000000020000000000000000000000000000000010000000008000000000000000000000000000000000020000000000000000000000000000000000000000000000000000000000010000000000000000000000000000000000000000000000000000000080000000000000000000000000000000080800000000000000000000000000000000000010000000000001002000000000000000000000000000000000000000000000000000000000000000000000000000000000000000000000000000000000000000000000000",
	"root": null,
	"status": "0x1",
	"transactionHash": "0x190b20ee56ec9fd5d1fbc4269ca253a2e56a9fb79fafb5e2dd597fe260a30ca4",
	"transactionIndex": 140
}
