[2018-04-27T12:14:49.207] [DEBUG] trans - TO:   0x4bd70351798c9a02be3ab2faeff00a1a65434e7c
[2018-04-27T12:14:49.208] [DEBUG] trans - AMOUNT:   1079000000000000000000
[2018-04-27T12:14:49.208] [DEBUG] trans - Receipt info:  {
	"blockHash": "0x99feffb6e8e13e7c5fa3797ebef2d393c3b27d1e1d23828221619b687e8ea33b",
	"blockNumber": 5514486,
	"contractAddress": null,
	"cumulativeGasUsed": 2615786,
	"gasUsed": 51589,
	"logs": [
		{
			"address": "0x7e9e431a0B8c4D532C745B1043c7FA29a48D4fBa",
			"blockHash": "0x99feffb6e8e13e7c5fa3797ebef2d393c3b27d1e1d23828221619b687e8ea33b",
			"blockNumber": 5514486,
			"data": "0x00000000000000000000000000000000000000000000003a7e220f36867c0000",
			"logIndex": 28,
			"topics": [
				"0xddf252ad1be2c89b69c2b068fc378daa952ba7f163c4a11628f55a4df523b3ef",
				"0x000000000000000000000000468b858c964f297fd8fce058032bf4b4911a8ad8",
				"0x0000000000000000000000004bd70351798c9a02be3ab2faeff00a1a65434e7c"
			],
			"transactionHash": "0x459930d5fd37d7ddb458a8ccc05624ba872bb6cc0345402e05d48d3f3975f724",
			"transactionIndex": 85,
			"transactionLogIndex": "0x0",
			"type": "mined",
			"id": "log_e229515d"
		}
	],
	"logsBloom": "0x00000000000000000000000000020000000000000000000000000000000000000000000000000000000000000000000000000000020000000000000000000000000000000000010000000008000000000000000000000000000000000020000000000000000000000000000000000000000000000000000000000010000000000000000000000000000000000000000000000000000000000000000000000000000000000000000080000000000000000200040000000000000000010000000000001002000000000000000000000000000000000000000000000000000000000000000000000000000000000000000000000000000000000000000000000000",
	"root": null,
	"status": "0x1",
	"transactionHash": "0x459930d5fd37d7ddb458a8ccc05624ba872bb6cc0345402e05d48d3f3975f724",
	"transactionIndex": 85
}
[2018-04-27T12:14:49.209] [DEBUG] trans - TO:   0x61f254b269c26eed61770274dfa6215fbf4e842f
[2018-04-27T12:14:49.209] [DEBUG] trans - AMOUNT:   1078980200000000000000
[2018-04-27T12:14:49.209] [DEBUG] trans - Receipt info:  {
	"blockHash": "0x99feffb6e8e13e7c5fa3797ebef2d393c3b27d1e1d23828221619b687e8ea33b",
	"blockNumber": 5514486,
	"contractAddress": null,
	"cumulativeGasUsed": 5357614,
	"gasUsed": 51653,
	"logs": [
		{
			"address": "0x7e9e431a0B8c4D532C745B1043c7FA29a48D4fBa",
			"blockHash": "0x99feffb6e8e13e7c5fa3797ebef2d393c3b27d1e1d23828221619b687e8ea33b",
			"blockNumber": 5514486,
			"data": "0x00000000000000000000000000000000000000000000003a7ddbb737c7ee8000",
			"logIndex": 83,
			"topics": [
				"0xddf252ad1be2c89b69c2b068fc378daa952ba7f163c4a11628f55a4df523b3ef",
				"0x000000000000000000000000468b858c964f297fd8fce058032bf4b4911a8ad8",
				"0x00000000000000000000000061f254b269c26eed61770274dfa6215fbf4e842f"
			],
			"transactionHash": "0x43496756fbb44f5f5253982f751ea443067b88047dd63a5ebab41f2ecb301f73",
			"transactionIndex": 154,
			"transactionLogIndex": "0x0",
			"type": "mined",
			"id": "log_76a6e4c8"
		}
	],
	"logsBloom": "0x00000000000000000000000000020000200000000000000000000000000000000000000000000000000000000000000000000000000000000000000000000000000000000000010000000008000000000000000000000000000000000020000000000000000000000000000000000000000000000000000000000010000000000000000000000000000000000000000000000000000000000000000000000000000000000000000080000000000000000000000000000000000000010000000000001002000000000000000000000000000000000000000000000000000000000000000000000000000000000000400000800000000000000000000000000000",
	"root": null,
	"status": "0x1",
	"transactionHash": "0x43496756fbb44f5f5253982f751ea443067b88047dd63a5ebab41f2ecb301f73",
	"transactionIndex": 154
}
[2018-04-27T12:14:49.210] [DEBUG] trans - TO:   0xece97f64d69d14bacb486ea0ff82d21d7b127bb6
[2018-04-27T12:14:49.210] [DEBUG] trans - AMOUNT:   1079000000000000000000
[2018-04-27T12:14:49.210] [DEBUG] trans - Receipt info:  {
	"blockHash": "0x99feffb6e8e13e7c5fa3797ebef2d393c3b27d1e1d23828221619b687e8ea33b",
	"blockNumber": 5514486,
	"contractAddress": null,
	"cumulativeGasUsed": 4856206,
	"gasUsed": 51589,
	"logs": [
		{
			"address": "0x7e9e431a0B8c4D532C745B1043c7FA29a48D4fBa",
			"blockHash": "0x99feffb6e8e13e7c5fa3797ebef2d393c3b27d1e1d23828221619b687e8ea33b",
			"blockNumber": 5514486,
			"data": "0x00000000000000000000000000000000000000000000003a7e220f36867c0000",
			"logIndex": 75,
			"topics": [
				"0xddf252ad1be2c89b69c2b068fc378daa952ba7f163c4a11628f55a4df523b3ef",
				"0x000000000000000000000000468b858c964f297fd8fce058032bf4b4911a8ad8",
				"0x000000000000000000000000ece97f64d69d14bacb486ea0ff82d21d7b127bb6"
			],
			"transactionHash": "0x4b01eb8818e76fec023977cfb04591d81420e3aaf88f96c00b625b60b5b23f7d",
			"transactionIndex": 144,
			"transactionLogIndex": "0x0",
			"type": "mined",
			"id": "log_474eedec"
		}
	],
	"logsBloom": "0x00000000000000000000000000020000000000000000000000000000000000000000000000000000000000000000000000000000000000000000000000000000000000000000010000000008000000000000000000000000080000000020000000000000000000000000000000000000000000000000000000000010000000000000000000000000000000000000000000000000000000000000000000000000000040000000000080000000000000000000000000000000000000010000000000001002000000000000000000000000001000000000000000000000000000000000000000000000000000000000000000000000000000000000000000000000",
	"root": null,
	"status": "0x1",
	"transactionHash": "0x4b01eb8818e76fec023977cfb04591d81420e3aaf88f96c00b625b60b5b23f7d",
	"transactionIndex": 144
}
[2018-04-27T12:14:49.210] [DEBUG] trans - TO:   0x1fe1fb07b72d25062754b971876d00bbe92ed2bd
[2018-04-27T12:14:49.210] [DEBUG] trans - AMOUNT:   1078957000000000000000
[2018-04-27T12:14:49.210] [DEBUG] trans - Receipt info:  {
	"blockHash": "0x99feffb6e8e13e7c5fa3797ebef2d393c3b27d1e1d23828221619b687e8ea33b",
	"blockNumber": 5514486,
	"contractAddress": null,
	"cumulativeGasUsed": 5947911,
	"gasUsed": 51589,
	"logs": [
		{
			"address": "0x7e9e431a0B8c4D532C745B1043c7FA29a48D4fBa",
			"blockHash": "0x99feffb6e8e13e7c5fa3797ebef2d393c3b27d1e1d23828221619b687e8ea33b",
			"blockNumber": 5514486,
			"data": "0x00000000000000000000000000000000000000000000003a7d894af0d9248000",
			"logIndex": 102,
			"topics": [
				"0xddf252ad1be2c89b69c2b068fc378daa952ba7f163c4a11628f55a4df523b3ef",
				"0x000000000000000000000000468b858c964f297fd8fce058032bf4b4911a8ad8",
				"0x0000000000000000000000001fe1fb07b72d25062754b971876d00bbe92ed2bd"
			],
			"transactionHash": "0x0e00f2c401b62f312b705152594df5940a6f409ef960a13273e2fdeb3f638c97",
			"transactionIndex": 161,
			"transactionLogIndex": "0x0",
			"type": "mined",
			"id": "log_b4f0eb42"
		}
	],
	"logsBloom": "0x00000000000000000000000000020000000000000000000000000000000000000000000000000000000000000000000000000000000000000000000000000000000000100000010000000008000000000000000000000000000000000020000008000000000000000000000000000000000000000000000000000010000000000000000000000000000000000000000000000000000000000000000000000000000000000000000080000000000000000000000000000000000000010000000000001002000000000000000000000000000002000000000000000000000000000000000000000000000000000000000000000000000000000000000000000000",
	"root": null,
	"status": "0x1",
	"transactionHash": "0x0e00f2c401b62f312b705152594df5940a6f409ef960a13273e2fdeb3f638c97",
	"transactionIndex": 161
}
[2018-04-27T12:14:49.211] [DEBUG] trans - TO:   0x4e8d3506d965fc2182a4845dfd160fc3fb73030a
[2018-04-27T12:14:49.211] [DEBUG] trans - AMOUNT:   1078942000000000000000
[2018-04-27T12:14:49.211] [DEBUG] trans - Receipt info:  {
	"blockHash": "0x99feffb6e8e13e7c5fa3797ebef2d393c3b27d1e1d23828221619b687e8ea33b",
	"blockNumber": 5514486,
	"contractAddress": null,
	"cumulativeGasUsed": 6226269,
	"gasUsed": 51525,
	"logs": [
		{
			"address": "0x7e9e431a0B8c4D532C745B1043c7FA29a48D4fBa",
			"blockHash": "0x99feffb6e8e13e7c5fa3797ebef2d393c3b27d1e1d23828221619b687e8ea33b",
			"blockNumber": 5514486,
			"data": "0x00000000000000000000000000000000000000000000003a7d54008531830000",
			"logIndex": 108,
			"topics": [
				"0xddf252ad1be2c89b69c2b068fc378daa952ba7f163c4a11628f55a4df523b3ef",
				"0x000000000000000000000000468b858c964f297fd8fce058032bf4b4911a8ad8",
				"0x0000000000000000000000004e8d3506d965fc2182a4845dfd160fc3fb73030a"
			],
			"transactionHash": "0x9605b2e2402c31da5a05fec43b26eecc60805287f88f9b869806f717e17c65f7",
			"transactionIndex": 168,
			"transactionLogIndex": "0x0",
			"type": "mined",
			"id": "log_5b6347b9"
		}
	],
	"logsBloom": "0x00000000000000000000000000020000000000000000000000000000000000000000000000000000000000000000000000000000000000000000000000000000000040000000010000000008000000000000000000000000000000000020000000000000000000000000000000000000000000000000000000000010000000000000000000000000000000000000000000000000000000000000000000000000000000000000000080000000000000000000000000000000000000010000000000001002000000000000000000000000000000000000000000000001000000000000000000000000000000000008000000000000000000000000000000000000",
	"root": null,
	"status": "0x1",
	"transactionHash": "0x9605b2e2402c31da5a05fec43b26eecc60805287f88f9b869806f717e17c65f7",
	"transactionIndex": 168
}
[2018-04-27T12:14:49.212] [DEBUG] trans - TO:   0xb12351cf4ca47d394886ff176e9063cc7884f9f9
[2018-04-27T12:14:49.212] [DEBUG] trans - AMOUNT:   1078949100000000000000
[2018-04-27T12:14:49.212] [DEBUG] trans - Receipt info:  {
	"blockHash": "0x99feffb6e8e13e7c5fa3797ebef2d393c3b27d1e1d23828221619b687e8ea33b",
	"blockNumber": 5514486,
	"contractAddress": null,
	"cumulativeGasUsed": 6097686,
	"gasUsed": 51653,
	"logs": [
		{
			"address": "0x7e9e431a0B8c4D532C745B1043c7FA29a48D4fBa",
			"blockHash": "0x99feffb6e8e13e7c5fa3797ebef2d393c3b27d1e1d23828221619b687e8ea33b",
			"blockNumber": 5514486,
			"data": "0x00000000000000000000000000000000000000000000003a7d6d39eec36ac000",
			"logIndex": 105,
			"topics": [
				"0xddf252ad1be2c89b69c2b068fc378daa952ba7f163c4a11628f55a4df523b3ef",
				"0x000000000000000000000000468b858c964f297fd8fce058032bf4b4911a8ad8",
				"0x000000000000000000000000b12351cf4ca47d394886ff176e9063cc7884f9f9"
			],
			"transactionHash": "0x7b4c2e3ac3ee7234359ba4a4476f5e3f6910625fc4617acd31d69cd0c10f9abb",
			"transactionIndex": 165,
			"transactionLogIndex": "0x0",
			"type": "mined",
			"id": "log_61d1770b"
		}
	],
	"logsBloom": "0x00000000000000000000000000020000000000000000000000000000000000000000000000000000000000000000000000000000000000000000000000000000000000000000010000000008000000000000000000080000000000000020000000000000000000000000800000000000000000000000000000000010000000000000000000000000000000000000000000000000000000000000000000000000000000000000000080000000000000008000000000000000000000010000000000001002000000000000000000000000000000000000000000000000000000000000000000000000000000000000000000000000000000000000000000000000",
	"root": null,
	"status": "0x1",
	"transactionHash": "0x7b4c2e3ac3ee7234359ba4a4476f5e3f6910625fc4617acd31d69cd0c10f9abb",
	"transactionIndex": 165
}
[2018-04-27T12:14:49.217] [DEBUG] trans - TO:   0x5c325768d01f720b79a387bbe398fa785aa4f24d
[2018-04-27T12:14:49.218] [DEBUG] trans - AMOUNT:   1078932100000000000000
[2018-04-27T12:14:49.218] [DEBUG] trans - Receipt info:  {
	"blockHash": "0x99feffb6e8e13e7c5fa3797ebef2d393c3b27d1e1d23828221619b687e8ea33b",
	"blockNumber": 5514486,
	"contractAddress": null,
	"cumulativeGasUsed": 6355044,
	"gasUsed": 51653,
	"logs": [
		{
			"address": "0x7e9e431a0B8c4D532C745B1043c7FA29a48D4fBa",
			"blockHash": "0x99feffb6e8e13e7c5fa3797ebef2d393c3b27d1e1d23828221619b687e8ea33b",
			"blockNumber": 5514486,
			"data": "0x00000000000000000000000000000000000000000000003a7d30d485d23c4000",
			"logIndex": 111,
			"topics": [
				"0xddf252ad1be2c89b69c2b068fc378daa952ba7f163c4a11628f55a4df523b3ef",
				"0x000000000000000000000000468b858c964f297fd8fce058032bf4b4911a8ad8",
				"0x0000000000000000000000005c325768d01f720b79a387bbe398fa785aa4f24d"
			],
			"transactionHash": "0x940ee647832f1e704868f09d63006cd374059720043cc32b95f289c18b5279ac",
			"transactionIndex": 171,
			"transactionLogIndex": "0x0",
			"type": "mined",
			"id": "log_f3f4eaf6"
		}
	],
	"logsBloom": "0x00000000000008000000000000020000000000000000000000000000000000000000000000000000000000000000000000000000000000000000000000000000000000000000010000000008000000000000000000000000000000000020000000000000000000000000000000000000000000000000000000000010000000000000000800000000000000000000000000000000000000000000000000000000000000000000000080000000000000000000000080000000000000010000000000001002000000000000000000000000000000000000000000000000000000000000000000000000000000000000000000000000000000000000000000000000",
	"root": null,
	"status": "0x1",
	"transactionHash": "0x940ee647832f1e704868f09d63006cd374059720043cc32b95f289c18b5279ac",
	"transactionIndex": 171
}
[2018-04-27T12:14:49.218] [DEBUG] trans - TO:   0x25d39b82ebdf3ee57c961e72e4a111f48f90d945
[2018-04-27T12:14:49.218] [DEBUG] trans - AMOUNT:   1078630000000000000000
[2018-04-27T12:14:49.218] [DEBUG] trans - Receipt info:  {
	"blockHash": "0x99feffb6e8e13e7c5fa3797ebef2d393c3b27d1e1d23828221619b687e8ea33b",
	"blockNumber": 5514486,
	"contractAddress": null,
	"cumulativeGasUsed": 7830161,
	"gasUsed": 51589,
	"logs": [
		{
			"address": "0x7e9e431a0B8c4D532C745B1043c7FA29a48D4fBa",
			"blockHash": "0x99feffb6e8e13e7c5fa3797ebef2d393c3b27d1e1d23828221619b687e8ea33b",
			"blockNumber": 5514486,
			"data": "0x00000000000000000000000000000000000000000000003a78ff8e2c5f970000",
			"logIndex": 146,
			"topics": [
				"0xddf252ad1be2c89b69c2b068fc378daa952ba7f163c4a11628f55a4df523b3ef",
				"0x000000000000000000000000468b858c964f297fd8fce058032bf4b4911a8ad8",
				"0x00000000000000000000000025d39b82ebdf3ee57c961e72e4a111f48f90d945"
			],
			"transactionHash": "0xcfa606b89e8d478068f7b2b8813efd04bd25874f63b3fa8cd541bec4d1680f28",
			"transactionIndex": 207,
			"transactionLogIndex": "0x0",
			"type": "mined",
			"id": "log_43f51142"
		}
	],
	"logsBloom": "0x00000000000000000000000000020000000000000000000000000000000000000000000000000000000000000000000000000000000000000000000000000000000000000000010000000808000000000000000000000000000000000020000000000000000020000000000002000000000000000000000000000010000000000000000000000000000000000000000000000000000000000000000000000000000000000000000080000000000000000000000000000000000000010000000000001002000000000000000000000000000000000000000000000000000000000000000000000000000000000000000000000000000000000000000000000000",
	"root": null,
	"status": "0x1",
	"transactionHash": "0xcfa606b89e8d478068f7b2b8813efd04bd25874f63b3fa8cd541bec4d1680f28",
	"transactionIndex": 207
}
[2018-04-27T12:14:49.219] [DEBUG] trans - TO:   0x443ffa9987aff1c8578fde62756d06918bbc004e
[2018-04-27T12:14:49.219] [DEBUG] trans - AMOUNT:   1078926800000000000000
[2018-04-27T12:14:49.219] [DEBUG] trans - Receipt info:  {
	"blockHash": "0x99feffb6e8e13e7c5fa3797ebef2d393c3b27d1e1d23828221619b687e8ea33b",
	"blockNumber": 5514486,
	"contractAddress": null,
	"cumulativeGasUsed": 7675330,
	"gasUsed": 51461,
	"logs": [
		{
			"address": "0x7e9e431a0B8c4D532C745B1043c7FA29a48D4fBa",
			"blockHash": "0x99feffb6e8e13e7c5fa3797ebef2d393c3b27d1e1d23828221619b687e8ea33b",
			"blockNumber": 5514486,
			"data": "0x00000000000000000000000000000000000000000000003a7d1e003368ed0000",
			"logIndex": 143,
			"topics": [
				"0xddf252ad1be2c89b69c2b068fc378daa952ba7f163c4a11628f55a4df523b3ef",
				"0x000000000000000000000000468b858c964f297fd8fce058032bf4b4911a8ad8",
				"0x000000000000000000000000443ffa9987aff1c8578fde62756d06918bbc004e"
			],
			"transactionHash": "0x2168ae383477f4f1ba6b24ae452fdd39326af840d5079928e6340732a28fa478",
			"transactionIndex": 204,
			"transactionLogIndex": "0x0",
			"type": "mined",
			"id": "log_9be6abbf"
		}
	],
	"logsBloom": "0x00000000000000000000000000020000000000000000000000000000000000000000000000000000000000000000000000000000000000000000000000000000000000000000010000000008000000000000000000000000000000000020000000000000000000000000000000000000000000000800000000000010000000000000000000000000000000000000000000000000000000000000000000000000000000000000000080000002000000000000000000000000000000018000000000001002000000000000000000000000000000000000000000000000000000000000000000000000000000000000000000000000000000000000000000000000",
	"root": null,
	"status": "0x1",
	"transactionHash": "0x2168ae383477f4f1ba6b24ae452fdd39326af840d5079928e6340732a28fa478",
	"transactionIndex": 204
}
[2018-04-27T12:14:49.221] [DEBUG] trans - TO:   0x21f9ab95656d8552e654652755c49a12315c60d8
[2018-04-27T12:14:49.221] [DEBUG] trans - AMOUNT:   1078787700000000000000
[2018-04-27T12:14:49.221] [DEBUG] trans - Receipt info:  {
	"blockHash": "0x99feffb6e8e13e7c5fa3797ebef2d393c3b27d1e1d23828221619b687e8ea33b",
	"blockNumber": 5514486,
	"contractAddress": null,
	"cumulativeGasUsed": 7778572,
	"gasUsed": 51653,
	"logs": [
		{
			"address": "0x7e9e431a0B8c4D532C745B1043c7FA29a48D4fBa",
			"blockHash": "0x99feffb6e8e13e7c5fa3797ebef2d393c3b27d1e1d23828221619b687e8ea33b",
			"blockNumber": 5514486,
			"data": "0x00000000000000000000000000000000000000000000003a7b2fd17ce0ab4000",
			"logIndex": 145,
			"topics": [
				"0xddf252ad1be2c89b69c2b068fc378daa952ba7f163c4a11628f55a4df523b3ef",
				"0x000000000000000000000000468b858c964f297fd8fce058032bf4b4911a8ad8",
				"0x00000000000000000000000021f9ab95656d8552e654652755c49a12315c60d8"
			],
			"transactionHash": "0xf28fa9607de70287c6980430ed78dc363c2eb87192c4b89d0d2470e2f1363ace",
			"transactionIndex": 206,
			"transactionLogIndex": "0x0",
			"type": "mined",
			"id": "log_200ba594"
		}
	],
	"logsBloom": "0x00000000000000000000000000020000000000000000000000000000000000000000000000000000000000000000000000000000000000000000000000000000000000000000010000000008000000000000000000000010000000000020000000000000000000000000000000000000000000000000000000000010000000000000000000000000000000000000000000000000000000000000000000000000000000000040000080000000000000000004000000000000000000010000000000001002000000000000000000000000000000000000000000000000000000000000000000000000000000000000000000000000000000000000000000000000",
	"root": null,
	"status": "0x1",
	"transactionHash": "0xf28fa9607de70287c6980430ed78dc363c2eb87192c4b89d0d2470e2f1363ace",
	"transactionIndex": 206
}
[2018-04-27T12:14:49.224] [DEBUG] trans - TO:   0x7807e9b3a92e042afa26e05333d0a42a67574810
[2018-04-27T12:14:49.224] [DEBUG] trans - AMOUNT:   1078920000000000000000
[2018-04-27T12:14:49.224] [DEBUG] trans - Receipt info:  {
	"blockHash": "0x99feffb6e8e13e7c5fa3797ebef2d393c3b27d1e1d23828221619b687e8ea33b",
	"blockNumber": 5514486,
	"contractAddress": null,
	"cumulativeGasUsed": 7726919,
	"gasUsed": 51589,
	"logs": [
		{
			"address": "0x7e9e431a0B8c4D532C745B1043c7FA29a48D4fBa",
			"blockHash": "0x99feffb6e8e13e7c5fa3797ebef2d393c3b27d1e1d23828221619b687e8ea33b",
			"blockNumber": 5514486,
			"data": "0x00000000000000000000000000000000000000000000003a7d05d7a308740000",
			"logIndex": 144,
			"topics": [
				"0xddf252ad1be2c89b69c2b068fc378daa952ba7f163c4a11628f55a4df523b3ef",
				"0x000000000000000000000000468b858c964f297fd8fce058032bf4b4911a8ad8",
				"0x0000000000000000000000007807e9b3a92e042afa26e05333d0a42a67574810"
			],
			"transactionHash": "0xaa16ed50507ba4b47e21551d416e25ddba2a03aa08a0f9a8fd814abc7bb9f06f",
			"transactionIndex": 205,
			"transactionLogIndex": "0x0",
			"type": "mined",
			"id": "log_458036be"
		}
	],
	"logsBloom": "0x00000000000000000000000000020000000000000000000000000000000000000000000000000000000000000000000000000000000000000000000000000000000000000000010000000008000000000000000000000000000000000020000000000000000000000000000000000000000000000000000000000010000000000000000000000000000000000000000000000000000000000000000010000000000000000000000080000000000000000000000000000000000000010000000001001002000000000000000000000000000000000000000000000000000000000000000000000000000000002000000000000000000000000000000000000000",
	"root": null,
	"status": "0x1",
	"transactionHash": "0xaa16ed50507ba4b47e21551d416e25ddba2a03aa08a0f9a8fd814abc7bb9f06f",
	"transactionIndex": 205
}
[2018-04-27T12:15:19.258] [DEBUG] trans - TO:   0xd0a6f330261db77fe70a29e3bfe86677bade591a
[2018-04-27T12:15:19.258] [DEBUG] trans - AMOUNT:   1078527700000000000000
[2018-04-27T12:15:19.258] [DEBUG] trans - Receipt info:  {
	"blockHash": "0xd33818e1454d3548e44c42aa0539d95762532780fd346c05f694e7fac3fbd0cd",
	"blockNumber": 5514487,
	"contractAddress": null,
	"cumulativeGasUsed": 3100951,
	"gasUsed": 51653,
	"logs": [
		{
			"address": "0x7e9e431a0B8c4D532C745B1043c7FA29a48D4fBa",
			"blockHash": "0xd33818e1454d3548e44c42aa0539d95762532780fd346c05f694e7fac3fbd0cd",
			"blockNumber": 5514487,
			"data": "0x00000000000000000000000000000000000000000000003a77941cdd87114000",
			"logIndex": 31,
			"topics": [
				"0xddf252ad1be2c89b69c2b068fc378daa952ba7f163c4a11628f55a4df523b3ef",
				"0x000000000000000000000000468b858c964f297fd8fce058032bf4b4911a8ad8",
				"0x000000000000000000000000d0a6f330261db77fe70a29e3bfe86677bade591a"
			],
			"transactionHash": "0x94cee687cc1b3b7dccdd986729d34f8f4b00d732eca390fdd47afb448130b091",
			"transactionIndex": 115,
			"transactionLogIndex": "0x0",
			"type": "mined",
			"id": "log_bc76ce16"
		}
	],
	"logsBloom": "0x00000000000000000000000000020000000000200000000000000000000000000000000000000000000000000000020000000000000001000000000000000000000000000000010000000008000000000000000000000000000000000020000000000000000000000000000000000000000000000000000000000010000000000000000000000000000000000000000000000000000000000000000000000000000000000000000080000000000000000000000000000000000000010000000000001002000000000000000000000000000000000000000000000000000000000000000000000000000000000000000000000000000000000000000000000000",
	"root": null,
	"status": "0x1",
	"transactionHash": "0x94cee687cc1b3b7dccdd986729d34f8f4b00d732eca390fdd47afb448130b091",
	"transactionIndex": 115
}
[2018-04-27T12:15:19.258] [DEBUG] trans - TO:   0x134132344bfbbed7b3287cd6e51ab2dcc737110b
[2018-04-27T12:15:19.258] [DEBUG] trans - AMOUNT:   1078482700000000000000
[2018-04-27T12:15:19.259] [DEBUG] trans - Receipt info:  {
	"blockHash": "0xd33818e1454d3548e44c42aa0539d95762532780fd346c05f694e7fac3fbd0cd",
	"blockNumber": 5514487,
	"contractAddress": null,
	"cumulativeGasUsed": 4570095,
	"gasUsed": 51653,
	"logs": [
		{
			"address": "0x7e9e431a0B8c4D532C745B1043c7FA29a48D4fBa",
			"blockHash": "0xd33818e1454d3548e44c42aa0539d95762532780fd346c05f694e7fac3fbd0cd",
			"blockNumber": 5514487,
			"data": "0x00000000000000000000000000000000000000000000003a76f43d9a902cc000",
			"logIndex": 57,
			"topics": [
				"0xddf252ad1be2c89b69c2b068fc378daa952ba7f163c4a11628f55a4df523b3ef",
				"0x000000000000000000000000468b858c964f297fd8fce058032bf4b4911a8ad8",
				"0x000000000000000000000000134132344bfbbed7b3287cd6e51ab2dcc737110b"
			],
			"transactionHash": "0x00b4e7a07e40561700c4248019d9bc2a922deeb66228ed358ae86ff2e9116b88",
			"transactionIndex": 149,
			"transactionLogIndex": "0x0",
			"type": "mined",
			"id": "log_36af823b"
		}
	],
	"logsBloom": "0x00000000000000000000000000020000000000000000000000000000000000000000000400000000000000000000000000000000000000000000000000000000000000000000010000000008000000000000001000000000000000000020000000000000000000000000020000000000000000000000000000000010000000000000000000000000000000000000000000000000000000000000000000000000000000000000000080000000000000000000000000000000000000010000000000001002000000000000000000000000000000000000000000000000000000000000000000000000000000000000000000000000000000000000000000000000",
	"root": null,
	"status": "0x1",
	"transactionHash": "0x00b4e7a07e40561700c4248019d9bc2a922deeb66228ed358ae86ff2e9116b88",
	"transactionIndex": 149
}
[2018-04-27T12:15:19.259] [DEBUG] trans - TO:   0x358e24e4f317a591b79f86f91d39cb536276a3f3
[2018-04-27T12:15:19.259] [DEBUG] trans - AMOUNT:   1078444500000000000000
[2018-04-27T12:15:19.259] [DEBUG] trans - Receipt info:  {
	"blockHash": "0xd33818e1454d3548e44c42aa0539d95762532780fd346c05f694e7fac3fbd0cd",
	"blockNumber": 5514487,
	"contractAddress": null,
	"cumulativeGasUsed": 5038600,
	"gasUsed": 51653,
	"logs": [
		{
			"address": "0x7e9e431a0B8c4D532C745B1043c7FA29a48D4fBa",
			"blockHash": "0xd33818e1454d3548e44c42aa0539d95762532780fd346c05f694e7fac3fbd0cd",
			"blockNumber": 5514487,
			"data": "0x00000000000000000000000000000000000000000000003a766c86e7f9c14000",
			"logIndex": 60,
			"topics": [
				"0xddf252ad1be2c89b69c2b068fc378daa952ba7f163c4a11628f55a4df523b3ef",
				"0x000000000000000000000000468b858c964f297fd8fce058032bf4b4911a8ad8",
				"0x000000000000000000000000358e24e4f317a591b79f86f91d39cb536276a3f3"
			],
			"transactionHash": "0x22ea388ac978461bb807ed486444271e80a64ed5be6aa23790926fc29ee151b8",
			"transactionIndex": 156,
			"transactionLogIndex": "0x0",
			"type": "mined",
			"id": "log_cf356715"
		}
	],
	"logsBloom": "0x00000000000000000000000000020000000000000000000000000000000000000000000000000000000000000000000000000000000000000000000000000000020000000000010000000008000000000000000000000000000000000020000000000000000000000000000000000800000000000000000000000018000000000000000000000000000000000000000000000000000000000000000000000000000000000000000080000000000000000000000000000000000000010000000000001002000000000000000000000000000000000000000000000000000000000000000000000000000000000000000000000000000000000000000000000000",
	"root": null,
	"status": "0x1",
	"transactionHash": "0x22ea388ac978461bb807ed486444271e80a64ed5be6aa23790926fc29ee151b8",
	"transactionIndex": 156
}
[2018-04-27T12:15:19.260] [DEBUG] trans - TO:   0x5cadcccfa3c00577f2a7e1294be99d85b392454a
[2018-04-27T12:15:19.260] [DEBUG] trans - AMOUNT:   1078397900000000000000
[2018-04-27T12:15:19.260] [DEBUG] trans - Receipt info:  {
	"blockHash": "0xd33818e1454d3548e44c42aa0539d95762532780fd346c05f694e7fac3fbd0cd",
	"blockNumber": 5514487,
	"contractAddress": null,
	"cumulativeGasUsed": 5231260,
	"gasUsed": 51653,
	"logs": [
		{
			"address": "0x7e9e431a0B8c4D532C745B1043c7FA29a48D4fBa",
			"blockHash": "0xd33818e1454d3548e44c42aa0539d95762532780fd346c05f694e7fac3fbd0cd",
			"blockNumber": 5514487,
			"data": "0x00000000000000000000000000000000000000000000003a75c6f873fb38c000",
			"logIndex": 64,
			"topics": [
				"0xddf252ad1be2c89b69c2b068fc378daa952ba7f163c4a11628f55a4df523b3ef",
				"0x000000000000000000000000468b858c964f297fd8fce058032bf4b4911a8ad8",
				"0x0000000000000000000000005cadcccfa3c00577f2a7e1294be99d85b392454a"
			],
			"transactionHash": "0x449098ac20469d814922dfef01942420b8c240123fc9a6423176d481791ffa11",
			"transactionIndex": 160,
			"transactionLogIndex": "0x0",
			"type": "mined",
			"id": "log_521983c9"
		}
	],
	"logsBloom": "0x00000000000000000000000000020000000000000000000000000000000000000000000000000000000000000000000000000000000000000000000000000000000000000000010000000008000000000000000000000000000000000020000000000000000000008000000000000000000000000000000000000010000000000000000000000000000000000000000000000000000000000000000000000000000000000000000080000000000000000000000000000000040000010000000000001002000000000000000000000000000000000000000000000000000000000000000000000000000000000000000000000000000000100000000000000000",
	"root": null,
	"status": "0x1",
	"transactionHash": "0x449098ac20469d814922dfef01942420b8c240123fc9a6423176d481791ffa11",
	"transactionIndex": 160
}
[2018-04-27T12:15:19.261] [DEBUG] trans - TO:   0xc0c19adf7422291f41be3408ec21ef42094f1f96
[2018-04-27T12:15:19.261] [DEBUG] trans - AMOUNT:   1078349000000000000000
[2018-04-27T12:15:19.261] [DEBUG] trans - Receipt info:  {
	"blockHash": "0xd33818e1454d3548e44c42aa0539d95762532780fd346c05f694e7fac3fbd0cd",
	"blockNumber": 5514487,
	"contractAddress": null,
	"cumulativeGasUsed": 5356222,
	"gasUsed": 51653,
	"logs": [
		{
			"address": "0x7e9e431a0B8c4D532C745B1043c7FA29a48D4fBa",
			"blockHash": "0xd33818e1454d3548e44c42aa0539d95762532780fd346c05f694e7fac3fbd0cd",
			"blockNumber": 5514487,
			"data": "0x00000000000000000000000000000000000000000000003a75193e2981b48000",
			"logIndex": 66,
			"topics": [
				"0xddf252ad1be2c89b69c2b068fc378daa952ba7f163c4a11628f55a4df523b3ef",
				"0x000000000000000000000000468b858c964f297fd8fce058032bf4b4911a8ad8",
				"0x000000000000000000000000c0c19adf7422291f41be3408ec21ef42094f1f96"
			],
			"transactionHash": "0xf3addc8836df1617b4e315492a763e2facde0d497aac0afb2c53b17164098958",
			"transactionIndex": 163,
			"transactionLogIndex": "0x0",
			"type": "mined",
			"id": "log_dc4e98b0"
		}
	],
	"logsBloom": "0x00000000000000000000040000020000000000000000000000000000000000000000000000000000000000000000000000000000008000000000000000000000000000000000010000000008000000000000000000000020000000000020000000000000000000000000000000000000000000000000000000000010000000000000000000000000000000000000000000000000000000000000000000000000000000000000000080000000000000000000000000000000000000010000000000001002000000000000000000000000000000000000000000000000000000000000000000000000000000000000000000000000000000000000000000000000",
	"root": null,
	"status": "0x1",
	"transactionHash": "0xf3addc8836df1617b4e315492a763e2facde0d497aac0afb2c53b17164098958",
	"transactionIndex": 163
}
[2018-04-27T12:15:19.262] [DEBUG] trans - TO:   0x648d6660c52624d1586764f90a37931a42cc1dd0
[2018-04-27T12:15:19.262] [DEBUG] trans - AMOUNT:   1078201500000000000000
[2018-04-27T12:15:19.262] [DEBUG] trans - Receipt info:  {
	"blockHash": "0xd33818e1454d3548e44c42aa0539d95762532780fd346c05f694e7fac3fbd0cd",
	"blockNumber": 5514487,
	"contractAddress": null,
	"cumulativeGasUsed": 5591720,
	"gasUsed": 51653,
	"logs": [
		{
			"address": "0x7e9e431a0B8c4D532C745B1043c7FA29a48D4fBa",
			"blockHash": "0xd33818e1454d3548e44c42aa0539d95762532780fd346c05f694e7fac3fbd0cd",
			"blockNumber": 5514487,
			"data": "0x00000000000000000000000000000000000000000000003a730d37b19155c000",
			"logIndex": 70,
			"topics": [
				"0xddf252ad1be2c89b69c2b068fc378daa952ba7f163c4a11628f55a4df523b3ef",
				"0x000000000000000000000000468b858c964f297fd8fce058032bf4b4911a8ad8",
				"0x000000000000000000000000648d6660c52624d1586764f90a37931a42cc1dd0"
			],
			"transactionHash": "0xd059341ccca96f3f21dfbabeeddae5f10deace91be9947046b029316eaf14d30",
			"transactionIndex": 169,
			"transactionLogIndex": "0x0",
			"type": "mined",
			"id": "log_512e34da"
		}
	],
	"logsBloom": "0x00000000000000000100000000020000000000000000000000000000000000000000000000000000000000000000000000200000000000000000000000000000000000000000010000000008000000000000000000000000000000000020000000000000000000000000000000000000000000000000000000000010000000000000000000000000000000000000000000000000000000000000000000000000000000000000000080000000000000000000000000000000000000010000000000001002000000000020000000000000000000000000000000000000000000000000000000000000000000000000000000000000000000000000000000000000",
	"root": null,
	"status": "0x1",
	"transactionHash": "0xd059341ccca96f3f21dfbabeeddae5f10deace91be9947046b029316eaf14d30",
	"transactionIndex": 169
}
[2018-04-27T12:15:19.263] [DEBUG] trans - TO:   0xeb0460f25c0b94efcbd2487b80125d65c76ef228
[2018-04-27T12:15:19.263] [DEBUG] trans - AMOUNT:   1078120000000000000000
[2018-04-27T12:15:19.264] [DEBUG] trans - Receipt info:  {
	"blockHash": "0xd33818e1454d3548e44c42aa0539d95762532780fd346c05f694e7fac3fbd0cd",
	"blockNumber": 5514487,
	"contractAddress": null,
	"cumulativeGasUsed": 5861677,
	"gasUsed": 51589,
	"logs": [
		{
			"address": "0x7e9e431a0B8c4D532C745B1043c7FA29a48D4fBa",
			"blockHash": "0xd33818e1454d3548e44c42aa0539d95762532780fd346c05f694e7fac3fbd0cd",
			"blockNumber": 5514487,
			"data": "0x00000000000000000000000000000000000000000000003a71ebabe01c240000",
			"logIndex": 74,
			"topics": [
				"0xddf252ad1be2c89b69c2b068fc378daa952ba7f163c4a11628f55a4df523b3ef",
				"0x000000000000000000000000468b858c964f297fd8fce058032bf4b4911a8ad8",
				"0x000000000000000000000000eb0460f25c0b94efcbd2487b80125d65c76ef228"
			],
			"transactionHash": "0xce96310eb7b0ee240fa8e26f0914a23b43eea772824eeb7c8557735f75a993b5",
			"transactionIndex": 174,
			"transactionLogIndex": "0x0",
			"type": "mined",
			"id": "log_c9cb7799"
		}
	],
	"logsBloom": "0x00000000000000000000000000020000000000000000000000000000000000000000000000000000000000000000000000000000000000000000000000000000000000000000010000000008000000000000000000000000000000000020000000000000000000000000000000000008000000000000000000000010000000000000000000000000000000000000000000000000000000000000000000000000000002000000000080000000000000000000000000000020000000010000000000001002000000000000000000000000000000000000000000000000000000000000000000000000000000000000000000000000000000000000000000000000",
	"root": null,
	"status": "0x1",
	"transactionHash": "0xce96310eb7b0ee240fa8e26f0914a23b43eea772824eeb7c8557735f75a993b5",
	"transactionIndex": 174
}
[2018-04-27T12:15:19.265] [DEBUG] trans - TO:   0x76e9f19f115d557a84c802c5530be7e76a76a73e
[2018-04-27T12:15:19.265] [DEBUG] trans - AMOUNT:   1078117000000000000000
[2018-04-27T12:15:19.265] [DEBUG] trans - Receipt info:  {
	"blockHash": "0xd33818e1454d3548e44c42aa0539d95762532780fd346c05f694e7fac3fbd0cd",
	"blockNumber": 5514487,
	"contractAddress": null,
	"cumulativeGasUsed": 5913330,
	"gasUsed": 51653,
	"logs": [
		{
			"address": "0x7e9e431a0B8c4D532C745B1043c7FA29a48D4fBa",
			"blockHash": "0xd33818e1454d3548e44c42aa0539d95762532780fd346c05f694e7fac3fbd0cd",
			"blockNumber": 5514487,
			"data": "0x00000000000000000000000000000000000000000000003a71e103642dd08000",
			"logIndex": 75,
			"topics": [
				"0xddf252ad1be2c89b69c2b068fc378daa952ba7f163c4a11628f55a4df523b3ef",
				"0x000000000000000000000000468b858c964f297fd8fce058032bf4b4911a8ad8",
				"0x00000000000000000000000076e9f19f115d557a84c802c5530be7e76a76a73e"
			],
			"transactionHash": "0x3c2f3ac9c454104246fa83de7065f2cdda4a9b986a1914fa3e9c0e9b58f92671",
			"transactionIndex": 175,
			"transactionLogIndex": "0x0",
			"type": "mined",
			"id": "log_167ff004"
		}
	],
	"logsBloom": "0x00000000000000000000000000020000000000000000000000000000000000000000000000000000000000000000000000000000000000000000000000000000000000000000010000000008000000000000000000000000000000000020000000000000000000000000000000000000000000000000000000000010000000000000000000000000000000000000000000000000400000000000000000000000000000000000000080000000000002000000000000000000000000010000000000001002000000000000000000000000000000000000000000000000000000000000000000000000000000080000000000000000000000000000000000000000",
	"root": null,
	"status": "0x1",
	"transactionHash": "0x3c2f3ac9c454104246fa83de7065f2cdda4a9b986a1914fa3e9c0e9b58f92671",
	"transactionIndex": 175
}
[2018-04-27T12:15:19.266] [DEBUG] trans - TO:   0xcfaef9fb10ee57397ca8429e6c3acd05095dd3f9
[2018-04-27T12:15:19.266] [DEBUG] trans - AMOUNT:   1078043000000000000000
[2018-04-27T12:15:19.266] [DEBUG] trans - Receipt info:  {
	"blockHash": "0xd33818e1454d3548e44c42aa0539d95762532780fd346c05f694e7fac3fbd0cd",
	"blockNumber": 5514487,
	"contractAddress": null,
	"cumulativeGasUsed": 5964983,
	"gasUsed": 51653,
	"logs": [
		{
			"address": "0x7e9e431a0B8c4D532C745B1043c7FA29a48D4fBa",
			"blockHash": "0xd33818e1454d3548e44c42aa0539d95762532780fd346c05f694e7fac3fbd0cd",
			"blockNumber": 5514487,
			"data": "0x00000000000000000000000000000000000000000000003a70da1cc88c6f8000",
			"logIndex": 76,
			"topics": [
				"0xddf252ad1be2c89b69c2b068fc378daa952ba7f163c4a11628f55a4df523b3ef",
				"0x000000000000000000000000468b858c964f297fd8fce058032bf4b4911a8ad8",
				"0x000000000000000000000000cfaef9fb10ee57397ca8429e6c3acd05095dd3f9"
			],
			"transactionHash": "0xd50335e89e46c89de8778f15d28ed2d122d15cb7aeef4a4fde78f23bac457f81",
			"transactionIndex": 176,
			"transactionLogIndex": "0x0",
			"type": "mined",
			"id": "log_f69c4046"
		}
	],
	"logsBloom": "0x00000000000000000000000000020000000000000000000000000000000000000000000000000000000000000000000000000000000000000000000000000000000000000000010000000008000000000000002000000000000000000020000000000000000000000000000000000000000000000000000000000010000010000000000000000000000000000000000000000000000000000000000000000000000000000000000080000000080000000000000000000000000000010000000000001002000000000000000000000000000000000000000000000000000000000000000000000000000000000000000000000000000000000000000000000000",
	"root": null,
	"status": "0x1",
	"transactionHash": "0xd50335e89e46c89de8778f15d28ed2d122d15cb7aeef4a4fde78f23bac457f81",
	"transactionIndex": 176
}
[2018-04-27T12:15:19.266] [DEBUG] trans - TO:   0xf07ca8973a0bba42de3c9911968fb6ab7eff0722
[2018-04-27T12:15:19.266] [DEBUG] trans - AMOUNT:   1078177600000000000000
[2018-04-27T12:15:19.266] [DEBUG] trans - Receipt info:  {
	"blockHash": "0xd33818e1454d3548e44c42aa0539d95762532780fd346c05f694e7fac3fbd0cd",
	"blockNumber": 5514487,
	"contractAddress": null,
	"cumulativeGasUsed": 5758499,
	"gasUsed": 51589,
	"logs": [
		{
			"address": "0x7e9e431a0B8c4D532C745B1043c7FA29a48D4fBa",
			"blockHash": "0xd33818e1454d3548e44c42aa0539d95762532780fd346c05f694e7fac3fbd0cd",
			"blockNumber": 5514487,
			"data": "0x00000000000000000000000000000000000000000000003a72b84ec52f340000",
			"logIndex": 72,
			"topics": [
				"0xddf252ad1be2c89b69c2b068fc378daa952ba7f163c4a11628f55a4df523b3ef",
				"0x000000000000000000000000468b858c964f297fd8fce058032bf4b4911a8ad8",
				"0x000000000000000000000000f07ca8973a0bba42de3c9911968fb6ab7eff0722"
			],
			"transactionHash": "0x3f156d2ed10e8a1f7b7b72dfc77d8752a61ce63f057a38409176f05d522c89ca",
			"transactionIndex": 172,
			"transactionLogIndex": "0x0",
			"type": "mined",
			"id": "log_9dced39e"
		}
	],
	"logsBloom": "0x00000000000000000000000000020000000000008000000000000040000000000000000000000000000000000000000000000000000000000000000000000000000000000000010000000008000000000000000000000000000000000020000000000000000000000000000000000000000000000000000000000010000000000000000000400000000000000000000000000000000000000000000000000000000000000000000080000000000000000000000000000000000000010000000000001002000000000000000000000000000000000000000000000000000000000000000000000000000000000000000000000000000000000000000000000000",
	"root": null,
	"status": "0x1",
	"transactionHash": "0x3f156d2ed10e8a1f7b7b72dfc77d8752a61ce63f057a38409176f05d522c89ca",
	"transactionIndex": 172
}
[2018-04-27T12:15:19.268] [DEBUG] trans - TO:   0x59dd5f97742e46cf0143b49a0ee77462b252f540
[2018-04-27T12:15:19.268] [DEBUG] trans - AMOUNT:   1077855600000000000000
[2018-04-27T12:15:19.268] [DEBUG] trans - Receipt info:  {
	"blockHash": "0xd33818e1454d3548e44c42aa0539d95762532780fd346c05f694e7fac3fbd0cd",
	"blockNumber": 5514487,
	"contractAddress": null,
	"cumulativeGasUsed": 6119750,
	"gasUsed": 51589,
	"logs": [
		{
			"address": "0x7e9e431a0B8c4D532C745B1043c7FA29a48D4fBa",
			"blockHash": "0xd33818e1454d3548e44c42aa0539d95762532780fd346c05f694e7fac3fbd0cd",
			"blockNumber": 5514487,
			"data": "0x00000000000000000000000000000000000000000000003a6e405579ed870000",
			"logIndex": 79,
			"topics": [
				"0xddf252ad1be2c89b69c2b068fc378daa952ba7f163c4a11628f55a4df523b3ef",
				"0x000000000000000000000000468b858c964f297fd8fce058032bf4b4911a8ad8",
				"0x00000000000000000000000059dd5f97742e46cf0143b49a0ee77462b252f540"
			],
			"transactionHash": "0x7cc43fbd859516bf626f0a1c795512fd49bc1a4cc80dea83f1909c37e93ddb2e",
			"transactionIndex": 179,
			"transactionLogIndex": "0x0",
			"type": "mined",
			"id": "log_d3e0b2e5"
		}
	],
	"logsBloom": "0x00000000000000000000000000020000000000000000000000000000000000000000000000000000000000000000000000000000000040000000000000000000000000000000010000000008000000000000000000000000000000000020000000000000000000000000000000000000000000000000000000000010000000000000000000000000000000000000000000000000000000000000000000000000000000000000000080000000000000000000000004000000000000010000000000001002000000000000000000000000000000000000000000000000000000000000000000000000000000000000000000000010000000000000000000000000",
	"root": null,
	"status": "0x1",
	"transactionHash": "0x7cc43fbd859516bf626f0a1c795512fd49bc1a4cc80dea83f1909c37e93ddb2e",
	"transactionIndex": 179
}
[2018-04-27T12:15:19.269] [DEBUG] trans - TO:   0x9af111af9e7907cc8eabba9ed8c37d852d601518
[2018-04-27T12:15:19.269] [DEBUG] trans - AMOUNT:   1078240100000000000000
[2018-04-27T12:15:19.269] [DEBUG] trans - Receipt info:  {
	"blockHash": "0xd33818e1454d3548e44c42aa0539d95762532780fd346c05f694e7fac3fbd0cd",
	"blockNumber": 5514487,
	"contractAddress": null,
	"cumulativeGasUsed": 5498067,
	"gasUsed": 51653,
	"logs": [
		{
			"address": "0x7e9e431a0B8c4D532C745B1043c7FA29a48D4fBa",
			"blockHash": "0xd33818e1454d3548e44c42aa0539d95762532780fd346c05f694e7fac3fbd0cd",
			"blockNumber": 5514487,
			"data": "0x00000000000000000000000000000000000000000000003a73965a3069aa4000",
			"logIndex": 69,
			"topics": [
				"0xddf252ad1be2c89b69c2b068fc378daa952ba7f163c4a11628f55a4df523b3ef",
				"0x000000000000000000000000468b858c964f297fd8fce058032bf4b4911a8ad8",
				"0x0000000000000000000000009af111af9e7907cc8eabba9ed8c37d852d601518"
			],
			"transactionHash": "0xf33bf965cfadf96e41932ce9bbf4f54bcc7acc5cb59be1ba1bd9f6aa33192457",
			"transactionIndex": 166,
			"transactionLogIndex": "0x0",
			"type": "mined",
			"id": "log_b1649374"
		}
	],
	"logsBloom": "0x000000000000000000000000000200000000000000000000000000000000000000000000000000000000000000000000000000000000000000000000000000800000000000000100000000080000000000000000000000000000000000200000000000000000000000000000000000000000000000000000000000100000000000000000000000000000000000000000000000000000000000000000000000000000000000000000c0000000000000000000000000000000040000010000000000001002000000000000000000000000000000000000000000000000000000000000000000000000000000000000000000000000000000000000000000000000",
	"root": null,
	"status": "0x1",
	"transactionHash": "0xf33bf965cfadf96e41932ce9bbf4f54bcc7acc5cb59be1ba1bd9f6aa33192457",
	"transactionIndex": 166
}
[2018-04-27T12:15:19.269] [DEBUG] trans - TO:   0xbdab405d0d5bde52ae4161e06838e77790d0bf62
[2018-04-27T12:15:19.270] [DEBUG] trans - AMOUNT:   1077920000000000000000
[2018-04-27T12:15:19.270] [DEBUG] trans - Receipt info:  {
	"blockHash": "0xd33818e1454d3548e44c42aa0539d95762532780fd346c05f694e7fac3fbd0cd",
	"blockNumber": 5514487,
	"contractAddress": null,
	"cumulativeGasUsed": 6068161,
	"gasUsed": 51589,
	"logs": [
		{
			"address": "0x7e9e431a0B8c4D532C745B1043c7FA29a48D4fBa",
			"blockHash": "0xd33818e1454d3548e44c42aa0539d95762532780fd346c05f694e7fac3fbd0cd",
			"blockNumber": 5514487,
			"data": "0x00000000000000000000000000000000000000000000003a6f2520ef61100000",
			"logIndex": 78,
			"topics": [
				"0xddf252ad1be2c89b69c2b068fc378daa952ba7f163c4a11628f55a4df523b3ef",
				"0x000000000000000000000000468b858c964f297fd8fce058032bf4b4911a8ad8",
				"0x000000000000000000000000bdab405d0d5bde52ae4161e06838e77790d0bf62"
			],
			"transactionHash": "0x7ccadc42e304f9051008479818ee5e3f8615ec733ca2e4fb26e7e40fa8b5121f",
			"transactionIndex": 178,
			"transactionLogIndex": "0x0",
			"type": "mined",
			"id": "log_a1f3d1e4"
		}
	],
	"logsBloom": "0x00000000000000000000000000020000000000000000000000000000000000000000000000000000000000000000000000000000000000000000000000000000000000000000010000000008000000000000000000000000080000000020000000000000000000000000000000000000000000000000000000000010000000080000000000000000000000000000000000000000000000000000000000000000000000000000000080000000000000000000000000000000000000010000000000001002000000000000100000000000000000000000000000000000000000000000000000000000000000000000000000000000000000000000000000000000",
	"root": null,
	"status": "0x1",
	"transactionHash": "0x7ccadc42e304f9051008479818ee5e3f8615ec733ca2e4fb26e7e40fa8b5121f",
	"transactionIndex": 178
}
[2018-04-27T12:15:19.272] [DEBUG] trans - TO:   0x9163a13ea1d20734c20acc92186d4fdf80deef12
[2018-04-27T12:15:19.272] [DEBUG] trans - AMOUNT:   1077777700000000000000
[2018-04-27T12:15:19.272] [DEBUG] trans - Receipt info:  {
	"blockHash": "0xd33818e1454d3548e44c42aa0539d95762532780fd346c05f694e7fac3fbd0cd",
	"blockNumber": 5514487,
	"contractAddress": null,
	"cumulativeGasUsed": 6156403,
	"gasUsed": 36653,
	"logs": [
		{
			"address": "0x7e9e431a0B8c4D532C745B1043c7FA29a48D4fBa",
			"blockHash": "0xd33818e1454d3548e44c42aa0539d95762532780fd346c05f694e7fac3fbd0cd",
			"blockNumber": 5514487,
			"data": "0x00000000000000000000000000000000000000000000003a6d2b93d6c9864000",
			"logIndex": 80,
			"topics": [
				"0xddf252ad1be2c89b69c2b068fc378daa952ba7f163c4a11628f55a4df523b3ef",
				"0x000000000000000000000000468b858c964f297fd8fce058032bf4b4911a8ad8",
				"0x0000000000000000000000009163a13ea1d20734c20acc92186d4fdf80deef12"
			],
			"transactionHash": "0xbeff391791c4f0a09db1e561e60c40beecd7f736f881326a893b987e3be9bd29",
			"transactionIndex": 180,
			"transactionLogIndex": "0x0",
			"type": "mined",
			"id": "log_238e6c36"
		}
	],
	"logsBloom": "0x00000000000000000000000000020000000000000000000000000000000000000000008000000000000000000000000000000000000000000000000000000000000000000000010000000008000000000000000000000000000000000020000000000000000000000000000000000000000000000000000000000010000000000000000000000000000000000000000000000000000000000000000000000000000000000000000080000000000000000000000000000000000000010000000000001002000000000100000000020000000000000000000000000000000000000000000000000000000000000000000000000000000000000000000000000000",
	"root": null,
	"status": "0x1",
	"transactionHash": "0xbeff391791c4f0a09db1e561e60c40beecd7f736f881326a893b987e3be9bd29",
	"transactionIndex": 180
}
[2018-04-27T12:15:19.273] [DEBUG] trans - TO:   0xa0d6d032f75f423b37c98f3f0fc2abf420314686
[2018-04-27T12:15:19.273] [DEBUG] trans - AMOUNT:   1077765900000000000000
[2018-04-27T12:15:19.273] [DEBUG] trans - Receipt info:  {
	"blockHash": "0xd33818e1454d3548e44c42aa0539d95762532780fd346c05f694e7fac3fbd0cd",
	"blockNumber": 5514487,
	"contractAddress": null,
	"cumulativeGasUsed": 6208056,
	"gasUsed": 51653,
	"logs": [
		{
			"address": "0x7e9e431a0B8c4D532C745B1043c7FA29a48D4fBa",
			"blockHash": "0xd33818e1454d3548e44c42aa0539d95762532780fd346c05f694e7fac3fbd0cd",
			"blockNumber": 5514487,
			"data": "0x00000000000000000000000000000000000000000000003a6d01a7cd312cc000",
			"logIndex": 81,
			"topics": [
				"0xddf252ad1be2c89b69c2b068fc378daa952ba7f163c4a11628f55a4df523b3ef",
				"0x000000000000000000000000468b858c964f297fd8fce058032bf4b4911a8ad8",
				"0x000000000000000000000000a0d6d032f75f423b37c98f3f0fc2abf420314686"
			],
			"transactionHash": "0x49daa541d73e5c2031a859085169156d006db45336cd2c76884b4112ac7fd496",
			"transactionIndex": 181,
			"transactionLogIndex": "0x0",
			"type": "mined",
			"id": "log_4ebdeb86"
		}
	],
	"logsBloom": "0x00000000000000000000000000020002000000000000000000000000000000000000000000000000000000000000000000000000000000000000000000000000000000400000010000000008000000000000000000000000000000000020000000000000000000000000000000000000000000000080000000000010000000000000000000000000000000000000000000000000000000000000000000000000000000000000000080000000000000000000000000000000000000010000000000001002000000000000000000000000000000000000000000000000000000000000000000000000000000000000000000000000000000000000000000000000",
	"root": null,
	"status": "0x1",
	"transactionHash": "0x49daa541d73e5c2031a859085169156d006db45336cd2c76884b4112ac7fd496",
	"transactionIndex": 181
}
[2018-04-27T12:15:19.274] [DEBUG] trans - TO:   0x853ab0291a4c14bc727778ae07f7951572e61c92
[2018-04-27T12:15:19.274] [DEBUG] trans - AMOUNT:   1077640900000000000000
[2018-04-27T12:15:19.274] [DEBUG] trans - Receipt info:  {
	"blockHash": "0xd33818e1454d3548e44c42aa0539d95762532780fd346c05f694e7fac3fbd0cd",
	"blockNumber": 5514487,
	"contractAddress": null,
	"cumulativeGasUsed": 6311362,
	"gasUsed": 51653,
	"logs": [
		{
			"address": "0x7e9e431a0B8c4D532C745B1043c7FA29a48D4fBa",
			"blockHash": "0xd33818e1454d3548e44c42aa0539d95762532780fd346c05f694e7fac3fbd0cd",
			"blockNumber": 5514487,
			"data": "0x00000000000000000000000000000000000000000000003a6b4590f6bc404000",
			"logIndex": 83,
			"topics": [
				"0xddf252ad1be2c89b69c2b068fc378daa952ba7f163c4a11628f55a4df523b3ef",
				"0x000000000000000000000000468b858c964f297fd8fce058032bf4b4911a8ad8",
				"0x000000000000000000000000853ab0291a4c14bc727778ae07f7951572e61c92"
			],
			"transactionHash": "0xa35b14cc4f74cd0dcd1b2c44bb6d2016d6bc6457f4cb8319ba6e52dbd474e601",
			"transactionIndex": 183,
			"transactionLogIndex": "0x0",
			"type": "mined",
			"id": "log_b32a63db"
		}
	],
	"logsBloom": "0x00000000000000000000000000020000000000000000000000000000000000000000000000000000000000000000000000000000000000000000000000000000000000000000010000000008000000000000000000000000000000000020000000000000000400000000000000000000000000000000000000000010000000000000004000000000000000000000000000000000000800000000000000000000000000000000000080000000000000000000000000000000000000010000000000001002000000000000000000000000000000000000000000000000000000000000000000000000000000000000000000000000000000000000000000000000",
	"root": null,
	"status": "0x1",
	"transactionHash": "0xa35b14cc4f74cd0dcd1b2c44bb6d2016d6bc6457f4cb8319ba6e52dbd474e601",
	"transactionIndex": 183
}
[2018-04-27T12:15:19.274] [DEBUG] trans - TO:   0xfdd7cf3bc3ea254555e24f1ea2f21fdf8f35d282
[2018-04-27T12:15:19.274] [DEBUG] trans - AMOUNT:   1077678100000000000000
[2018-04-27T12:15:19.274] [DEBUG] trans - Receipt info:  {
	"blockHash": "0xd33818e1454d3548e44c42aa0539d95762532780fd346c05f694e7fac3fbd0cd",
	"blockNumber": 5514487,
	"contractAddress": null,
	"cumulativeGasUsed": 6259709,
	"gasUsed": 51653,
	"logs": [
		{
			"address": "0x7e9e431a0B8c4D532C745B1043c7FA29a48D4fBa",
			"blockHash": "0xd33818e1454d3548e44c42aa0539d95762532780fd346c05f694e7fac3fbd0cd",
			"blockNumber": 5514487,
			"data": "0x00000000000000000000000000000000000000000000003a6bc9ba2aade54000",
			"logIndex": 82,
			"topics": [
				"0xddf252ad1be2c89b69c2b068fc378daa952ba7f163c4a11628f55a4df523b3ef",
				"0x000000000000000000000000468b858c964f297fd8fce058032bf4b4911a8ad8",
				"0x000000000000000000000000fdd7cf3bc3ea254555e24f1ea2f21fdf8f35d282"
			],
			"transactionHash": "0x1c04e7e61bec573538776be37d539b9a0752bf00a9b81c27f6bc8303163aa596",
			"transactionIndex": 182,
			"transactionLogIndex": "0x0",
			"type": "mined",
			"id": "log_91ef4782"
		}
	],
	"logsBloom": "0x00000000000000000000000000020000000000000000000000000000000040000000000000000000000000000000000000000000000000000000000000000000000000010000010000000008000000000000000000000000000000000020000000000000000000000000000000000000000000000000000000000010000000000000000000000000000000000000000000000000000000000000000000000000000000000000004080000000000000000000000000000000000000010000000000001002000000000000000000000000000000000000000000000000000000000000000000000000000000000000000000000000000000000000000000000000",
	"root": null,
	"status": "0x1",
	"transactionHash": "0x1c04e7e61bec573538776be37d539b9a0752bf00a9b81c27f6bc8303163aa596",
	"transactionIndex": 182
}
[2018-04-27T12:15:19.278] [DEBUG] trans - TO:   0x3b270900d3465684c3a20cf8a7d837e5323795b3
[2018-04-27T12:15:19.278] [DEBUG] trans - AMOUNT:   1077038900000000000000
[2018-04-27T12:15:19.278] [DEBUG] trans - Receipt info:  {
	"blockHash": "0xd33818e1454d3548e44c42aa0539d95762532780fd346c05f694e7fac3fbd0cd",
	"blockNumber": 5514487,
	"contractAddress": null,
	"cumulativeGasUsed": 6517718,
	"gasUsed": 51589,
	"logs": [
		{
			"address": "0x7e9e431a0B8c4D532C745B1043c7FA29a48D4fBa",
			"blockHash": "0xd33818e1454d3548e44c42aa0539d95762532780fd346c05f694e7fac3fbd0cd",
			"blockNumber": 5514487,
			"data": "0x00000000000000000000000000000000000000000000003a62ead52741774000",
			"logIndex": 87,
			"topics": [
				"0xddf252ad1be2c89b69c2b068fc378daa952ba7f163c4a11628f55a4df523b3ef",
				"0x000000000000000000000000468b858c964f297fd8fce058032bf4b4911a8ad8",
				"0x0000000000000000000000003b270900d3465684c3a20cf8a7d837e5323795b3"
			],
			"transactionHash": "0x4e3716a74cc8f5c87235000045775214544a6caddc5592e5867a971152e0d08b",
			"transactionIndex": 187,
			"transactionLogIndex": "0x0",
			"type": "mined",
			"id": "log_4969d6aa"
		}
	],
	"logsBloom": "0x00000000000000000000000000020000000000000000000000000000000000000000000000000000000000000000000000000000000000000000000000000000000000000000010000000008000000000000000000000040000000000020000000000000000000000000000000000000000000040000000000000010000000000000000000000000000000000000000000000000000000000000000000000000000000000000000080000000000000000000000000000000000000010000000000001002000000000000000000000000000000000001000000000000000000000000000000000000000000000000000000000000000000000000000000000000",
	"root": null,
	"status": "0x1",
	"transactionHash": "0x4e3716a74cc8f5c87235000045775214544a6caddc5592e5867a971152e0d08b",
	"transactionIndex": 187
}
[2018-04-27T12:15:19.278] [DEBUG] trans - TO:   0x8b8864eb9132e5bfe0aabe86d72f9de6aedd1f6d
[2018-04-27T12:15:19.278] [DEBUG] trans - AMOUNT:   1077274200000000000000
[2018-04-27T12:15:19.278] [DEBUG] trans - Receipt info:  {
	"blockHash": "0xd33818e1454d3548e44c42aa0539d95762532780fd346c05f694e7fac3fbd0cd",
	"blockNumber": 5514487,
	"contractAddress": null,
	"cumulativeGasUsed": 6414604,
	"gasUsed": 51653,
	"logs": [
		{
			"address": "0x7e9e431a0B8c4D532C745B1043c7FA29a48D4fBa",
			"blockHash": "0xd33818e1454d3548e44c42aa0539d95762532780fd346c05f694e7fac3fbd0cd",
			"blockNumber": 5514487,
			"data": "0x00000000000000000000000000000000000000000000003a662ec941b51d8000",
			"logIndex": 85,
			"topics": [
				"0xddf252ad1be2c89b69c2b068fc378daa952ba7f163c4a11628f55a4df523b3ef",
				"0x000000000000000000000000468b858c964f297fd8fce058032bf4b4911a8ad8",
				"0x0000000000000000000000008b8864eb9132e5bfe0aabe86d72f9de6aedd1f6d"
			],
			"transactionHash": "0xadd6a69a83765c46035b042ca6fc23cb632c1387a4b44aa444fd278161a880b8",
			"transactionIndex": 185,
			"transactionLogIndex": "0x0",
			"type": "mined",
			"id": "log_d7bab45c"
		}
	],
	"logsBloom": "0x00000000000000000000000000020000000000000000000000000000000000000000000000000000000000000000000000000000000000000000000000000000000000000000010000000008000000000000000000000000000000000020000000000000000000000000000000000000000010000000000000000010000000000000000000000000000000040000000000000000000000000000000000000000000000000000000080000000000000000000000000000000000000010000000000001002000000000000000000000000000000000000000000000000000000040000000000000000000000000000000000000000000000000000000000000000",
	"root": null,
	"status": "0x1",
	"transactionHash": "0xadd6a69a83765c46035b042ca6fc23cb632c1387a4b44aa444fd278161a880b8",
	"transactionIndex": 185
}
[2018-04-27T12:15:19.279] [DEBUG] trans - TO:   0x0ddc0367ef20ca760c28b040ff2c80654db7ae4e
[2018-04-27T12:15:19.279] [DEBUG] trans - AMOUNT:   1077600000000000000000
[2018-04-27T12:15:19.279] [DEBUG] trans - Receipt info:  {
	"blockHash": "0xd33818e1454d3548e44c42aa0539d95762532780fd346c05f694e7fac3fbd0cd",
	"blockNumber": 5514487,
	"contractAddress": null,
	"cumulativeGasUsed": 6362951,
	"gasUsed": 51589,
	"logs": [
		{
			"address": "0x7e9e431a0B8c4D532C745B1043c7FA29a48D4fBa",
			"blockHash": "0xd33818e1454d3548e44c42aa0539d95762532780fd346c05f694e7fac3fbd0cd",
			"blockNumber": 5514487,
			"data": "0x00000000000000000000000000000000000000000000003a6ab442a168f00000",
			"logIndex": 84,
			"topics": [
				"0xddf252ad1be2c89b69c2b068fc378daa952ba7f163c4a11628f55a4df523b3ef",
				"0x000000000000000000000000468b858c964f297fd8fce058032bf4b4911a8ad8",
				"0x0000000000000000000000000ddc0367ef20ca760c28b040ff2c80654db7ae4e"
			],
			"transactionHash": "0x4f39b2a214359aef660f37d7192540c550979a16b0b289150f6fc7e3b47b289c",
			"transactionIndex": 184,
			"transactionLogIndex": "0x0",
			"type": "mined",
			"id": "log_3d023cff"
		}
	],
	"logsBloom": "0x00100000000000000000000000020000000000000000000000000000000000000000000000000000000000000000000000000000000000000000000000000000000000000000030000000008000000000000000000000000000040000020000000000000000000000000000000000000000000000000000000000010000000000000000000000000000000000000000000000000000000000000000000000000000000000000000080000000000000000000000000000000000000010000000000001002000000000000000000000000000000000000000000000000000000000000000000000000000000000000000000000000000000000000000000000000",
	"root": null,
	"status": "0x1",
	"transactionHash": "0x4f39b2a214359aef660f37d7192540c550979a16b0b289150f6fc7e3b47b289c",
	"transactionIndex": 184
}
[2018-04-27T12:15:19.281] [DEBUG] trans - TO:   0xf7d6c50de459e1b284becfa30ffd837d576d2519
[2018-04-27T12:15:19.281] [DEBUG] trans - AMOUNT:   1076964000000000000000
[2018-04-27T12:15:19.281] [DEBUG] trans - Receipt info:  {
	"blockHash": "0xd33818e1454d3548e44c42aa0539d95762532780fd346c05f694e7fac3fbd0cd",
	"blockNumber": 5514487,
	"contractAddress": null,
	"cumulativeGasUsed": 6672421,
	"gasUsed": 51525,
	"logs": [
		{
			"address": "0x7e9e431a0B8c4D532C745B1043c7FA29a48D4fBa",
			"blockHash": "0xd33818e1454d3548e44c42aa0539d95762532780fd346c05f694e7fac3fbd0cd",
			"blockNumber": 5514487,
			"data": "0x00000000000000000000000000000000000000000000003a61e0bc000bca0000",
			"logIndex": 90,
			"topics": [
				"0xddf252ad1be2c89b69c2b068fc378daa952ba7f163c4a11628f55a4df523b3ef",
				"0x000000000000000000000000468b858c964f297fd8fce058032bf4b4911a8ad8",
				"0x000000000000000000000000f7d6c50de459e1b284becfa30ffd837d576d2519"
			],
			"transactionHash": "0x47b89edfef92a662e0dc03a010e8898352fe249fc4d0594686b827d46827bd6b",
			"transactionIndex": 190,
			"transactionLogIndex": "0x0",
			"type": "mined",
			"id": "log_161ce045"
		}
	],
	"logsBloom": "0x00000000000000000000000000020000000000000000000000000000000000000000000000000000000000000000000000000000000000000000000000000000000000000000010000000008000000000000000000000000000000000020000000040000000000000000000000000000000000000000000000000010000000000000000000000000000000000000000000000000000000000000000000000000000000000000000080000000000004000000000000000000000000010000000000001002000000000000000000000000000000000000000000000000000000000000000000000000000000000000000000000000000000000001000000000000",
	"root": null,
	"status": "0x1",
	"transactionHash": "0x47b89edfef92a662e0dc03a010e8898352fe249fc4d0594686b827d46827bd6b",
	"transactionIndex": 190
}
[2018-04-27T12:15:19.283] [DEBUG] trans - TO:   0xc2c34b3b20b37e2bca21dd34349c96b69df58732
[2018-04-27T12:15:19.283] [DEBUG] trans - AMOUNT:   1077000000000000000000
[2018-04-27T12:15:19.283] [DEBUG] trans - Receipt info:  {
	"blockHash": "0xd33818e1454d3548e44c42aa0539d95762532780fd346c05f694e7fac3fbd0cd",
	"blockNumber": 5514487,
	"contractAddress": null,
	"cumulativeGasUsed": 6620896,
	"gasUsed": 51589,
	"logs": [
		{
			"address": "0x7e9e431a0B8c4D532C745B1043c7FA29a48D4fBa",
			"blockHash": "0xd33818e1454d3548e44c42aa0539d95762532780fd346c05f694e7fac3fbd0cd",
			"blockNumber": 5514487,
			"data": "0x00000000000000000000000000000000000000000000003a6260a1cf37b40000",
			"logIndex": 89,
			"topics": [
				"0xddf252ad1be2c89b69c2b068fc378daa952ba7f163c4a11628f55a4df523b3ef",
				"0x000000000000000000000000468b858c964f297fd8fce058032bf4b4911a8ad8",
				"0x000000000000000000000000c2c34b3b20b37e2bca21dd34349c96b69df58732"
			],
			"transactionHash": "0x70b09f87ccc5b505eee84da0dc2fc297b8150c87dd443b737c241e85e614f60f",
			"transactionIndex": 189,
			"transactionLogIndex": "0x0",
			"type": "mined",
			"id": "log_824c8b1b"
		}
	],
	"logsBloom": "0x00000000000000000000000000020000000000000000000000000000000000000000000000000000000000000000000000000000000000000000000000000000000000000000010000000008000000000000000000000000000000000020000000000000000000000000000000000000000000000000000000000010000000200000000000000000000000000000000000000000000000000000000000000000000000000000000080000000000000000000000000000000000000010000000000001002000000000000000000000000000000000000000000000000000000000000000000000000000000000000000004000000000000000000000000000004",
	"root": null,
	"status": "0x1",
	"transactionHash": "0x70b09f87ccc5b505eee84da0dc2fc297b8150c87dd443b737c241e85e614f60f",
	"transactionIndex": 189
}
[2018-04-27T12:15:19.283] [DEBUG] trans - TO:   0x00bb224cbde58bed960bd0915df005e1058f1095
[2018-04-27T12:15:19.284] [DEBUG] trans - AMOUNT:   1077120000000000000000
[2018-04-27T12:15:19.284] [DEBUG] trans - Receipt info:  {
	"blockHash": "0xd33818e1454d3548e44c42aa0539d95762532780fd346c05f694e7fac3fbd0cd",
	"blockNumber": 5514487,
	"contractAddress": null,
	"cumulativeGasUsed": 6466129,
	"gasUsed": 51525,
	"logs": [
		{
			"address": "0x7e9e431a0B8c4D532C745B1043c7FA29a48D4fBa",
			"blockHash": "0xd33818e1454d3548e44c42aa0539d95762532780fd346c05f694e7fac3fbd0cd",
			"blockNumber": 5514487,
			"data": "0x00000000000000000000000000000000000000000000003a640af52c74c00000",
			"logIndex": 86,
			"topics": [
				"0xddf252ad1be2c89b69c2b068fc378daa952ba7f163c4a11628f55a4df523b3ef",
				"0x000000000000000000000000468b858c964f297fd8fce058032bf4b4911a8ad8",
				"0x00000000000000000000000000bb224cbde58bed960bd0915df005e1058f1095"
			],
			"transactionHash": "0x46c5a047aff31675001af98c0763309cdfe40da24349cda7a6d42c3617d85172",
			"transactionIndex": 186,
			"transactionLogIndex": "0x0",
			"type": "mined",
			"id": "log_fdf06476"
		}
	],
	"logsBloom": "0x00000000000000000000000000020000000000000400000000000000000000000000000000000000000000000000000000000000000000000000000000000000000000000000010000000008000000000000000000000000000000000020000000000000000000000000000000000000000000000000000000000010000000000000000000000000000000000000000000000000000000010000000000000000000000000000000080000000000000000000000000000000000000010000000000001002000000000000000000000000000000000000000000000000000000000000000000000000010000000000000000000000000000000000000000000000",
	"root": null,
	"status": "0x1",
	"transactionHash": "0x46c5a047aff31675001af98c0763309cdfe40da24349cda7a6d42c3617d85172",
	"transactionIndex": 186
}
[2018-04-27T12:15:19.286] [DEBUG] trans - TO:   0x6f4b3a99f1a35eeb398476e8ef854f1afb4d71ef
[2018-04-27T12:15:19.286] [DEBUG] trans - AMOUNT:   1077000000000000000000
[2018-04-27T12:15:19.286] [DEBUG] trans - Receipt info:  {
	"blockHash": "0xd33818e1454d3548e44c42aa0539d95762532780fd346c05f694e7fac3fbd0cd",
	"blockNumber": 5514487,
	"contractAddress": null,
	"cumulativeGasUsed": 6569307,
	"gasUsed": 51589,
	"logs": [
		{
			"address": "0x7e9e431a0B8c4D532C745B1043c7FA29a48D4fBa",
			"blockHash": "0xd33818e1454d3548e44c42aa0539d95762532780fd346c05f694e7fac3fbd0cd",
			"blockNumber": 5514487,
			"data": "0x00000000000000000000000000000000000000000000003a6260a1cf37b40000",
			"logIndex": 88,
			"topics": [
				"0xddf252ad1be2c89b69c2b068fc378daa952ba7f163c4a11628f55a4df523b3ef",
				"0x000000000000000000000000468b858c964f297fd8fce058032bf4b4911a8ad8",
				"0x0000000000000000000000006f4b3a99f1a35eeb398476e8ef854f1afb4d71ef"
			],
			"transactionHash": "0xc21075052d3af3d8b5c6d6c27d3de64dc5e50018a9c9a85d7be35f611955dafe",
			"transactionIndex": 188,
			"transactionLogIndex": "0x0",
			"type": "mined",
			"id": "log_35de23a8"
		}
	],
	"logsBloom": "0x00000000000000000000000000020000000000000000000000000000000000000000000000000000000000000000000000000000000000000000000000000000000000000000010000000008000000000000000000000000000000000020000000000000000000000800000000000000000000000000000000000010000000000000000000020000000000000000000000000000000000000000000000000000000000000000000080000000000000000000000000000000000000010000000000001002000000000000000000000800000000000000000000000000000000000000000000000000000000000000000000000000000000000000000000000000",
	"root": null,
	"status": "0x1",
	"transactionHash": "0xc21075052d3af3d8b5c6d6c27d3de64dc5e50018a9c9a85d7be35f611955dafe",
	"transactionIndex": 188
}
[2018-04-27T12:15:19.286] [DEBUG] trans - TO:   0x16627ebc8c8edba697619dcd87e5ee58e8c26612
[2018-04-27T12:15:19.286] [DEBUG] trans - AMOUNT:   1076920000000000000000
[2018-04-27T12:15:19.286] [DEBUG] trans - Receipt info:  {
	"blockHash": "0xd33818e1454d3548e44c42aa0539d95762532780fd346c05f694e7fac3fbd0cd",
	"blockNumber": 5514487,
	"contractAddress": null,
	"cumulativeGasUsed": 6775599,
	"gasUsed": 51589,
	"logs": [
		{
			"address": "0x7e9e431a0B8c4D532C745B1043c7FA29a48D4fBa",
			"blockHash": "0xd33818e1454d3548e44c42aa0539d95762532780fd346c05f694e7fac3fbd0cd",
			"blockNumber": 5514487,
			"data": "0x00000000000000000000000000000000000000000000003a61446a3bb9ac0000",
			"logIndex": 92,
			"topics": [
				"0xddf252ad1be2c89b69c2b068fc378daa952ba7f163c4a11628f55a4df523b3ef",
				"0x000000000000000000000000468b858c964f297fd8fce058032bf4b4911a8ad8",
				"0x00000000000000000000000016627ebc8c8edba697619dcd87e5ee58e8c26612"
			],
			"transactionHash": "0x739a7581a0197520d24e0a9e6b44f93b4b85337a8f68ef9aa691358f5ed46abb",
			"transactionIndex": 192,
			"transactionLogIndex": "0x0",
			"type": "mined",
			"id": "log_2a4295ff"
		}
	],
	"logsBloom": "0x00000000000000000000000000020000000000000000000000000000000000000000000000000000000000000000000000000000000000000000000000000000000000000000010000000008000000000000000004000000000000000020000000000000000000000000000000000000000000100000000000000010000080000000000000000000000000000000000000000000000000000000000000000000000000000000000080000000000000000000000000000000000000010000000000001002000000000000000000000000000000000000000000000000000000000000000000000000000000000000000000000000000000000000000000000000",
	"root": null,
	"status": "0x1",
	"transactionHash": "0x739a7581a0197520d24e0a9e6b44f93b4b85337a8f68ef9aa691358f5ed46abb",
	"transactionIndex": 192
}
[2018-04-27T12:15:19.287] [DEBUG] trans - TO:   0x8707851cc54f4f95e006f0dab5ac177d5408dad5
[2018-04-27T12:15:19.287] [DEBUG] trans - AMOUNT:   1078022000000000000000
[2018-04-27T12:15:19.287] [DEBUG] trans - Receipt info:  {
	"blockHash": "0xd33818e1454d3548e44c42aa0539d95762532780fd346c05f694e7fac3fbd0cd",
	"blockNumber": 5514487,
	"contractAddress": null,
	"cumulativeGasUsed": 6016572,
	"gasUsed": 51589,
	"logs": [
		{
			"address": "0x7e9e431a0B8c4D532C745B1043c7FA29a48D4fBa",
			"blockHash": "0xd33818e1454d3548e44c42aa0539d95762532780fd346c05f694e7fac3fbd0cd",
			"blockNumber": 5514487,
			"data": "0x00000000000000000000000000000000000000000000003a708f816508270000",
			"logIndex": 77,
			"topics": [
				"0xddf252ad1be2c89b69c2b068fc378daa952ba7f163c4a11628f55a4df523b3ef",
				"0x000000000000000000000000468b858c964f297fd8fce058032bf4b4911a8ad8",
				"0x0000000000000000000000008707851cc54f4f95e006f0dab5ac177d5408dad5"
			],
			"transactionHash": "0xa66b626325e6b8abb99dbb53f81cfbed82ad2e1afce49263162798ea13890163",
			"transactionIndex": 177,
			"transactionLogIndex": "0x0",
			"type": "mined",
			"id": "log_6ae87b5f"
		}
	],
	"logsBloom": "0x00000000000000000000000000020000000000000000000000000000000000000000000000000000100000000000000000000000000000000000000000000000000000000000010000000008000000000000000000000000000000000020000000000000000000000000000000000000000000000000000000000010000000000000000000000000000000000000200000000000000000000000000000000000000000000000000080000000000000000000000000000000000000010000000000001002000000000000000000000000000000000000000000000000000000000000000000000000000000000000000000000400000000000000000000000000",
	"root": null,
	"status": "0x1",
	"transactionHash": "0xa66b626325e6b8abb99dbb53f81cfbed82ad2e1afce49263162798ea13890163",
	"transactionIndex": 177
}
[2018-04-27T12:15:19.288] [DEBUG] trans - TO:   0xdde07d818c2cbf28aed56d6b866a7fc63cebf280
[2018-04-27T12:15:19.288] [DEBUG] trans - AMOUNT:   1076932000000000000000
[2018-04-27T12:15:19.288] [DEBUG] trans - Receipt info:  {
	"blockHash": "0xd33818e1454d3548e44c42aa0539d95762532780fd346c05f694e7fac3fbd0cd",
	"blockNumber": 5514487,
	"contractAddress": null,
	"cumulativeGasUsed": 6724010,
	"gasUsed": 51589,
	"logs": [
		{
			"address": "0x7e9e431a0B8c4D532C745B1043c7FA29a48D4fBa",
			"blockHash": "0xd33818e1454d3548e44c42aa0539d95762532780fd346c05f694e7fac3fbd0cd",
			"blockNumber": 5514487,
			"data": "0x00000000000000000000000000000000000000000000003a616f0c2b72fa0000",
			"logIndex": 91,
			"topics": [
				"0xddf252ad1be2c89b69c2b068fc378daa952ba7f163c4a11628f55a4df523b3ef",
				"0x000000000000000000000000468b858c964f297fd8fce058032bf4b4911a8ad8",
				"0x000000000000000000000000dde07d818c2cbf28aed56d6b866a7fc63cebf280"
			],
			"transactionHash": "0x93dc4d03b9e26ce5cddbf7f58d972b94622dc5e02427e94443a9661450f61f9e",
			"transactionIndex": 191,
			"transactionLogIndex": "0x0",
			"type": "mined",
			"id": "log_22d63717"
		}
	],
	"logsBloom": "0x00000000000000000000000000020000000000000000000000000000000000000000000000000000000000000000000000000000000000000000000000000000000000000000010000000008000000000000000000000000000000000020000000000000000000000000000000000000000000000200000100000010000000000000000000000000000000000000000000000000000000000000000000000000000000000000000080000000000000000000000000000000000000010000000000001002000000000000000000000000000000000000000000000000000040000000000000000000000000000000000000000000000000000000000000000000",
	"root": null,
	"status": "0x1",
	"transactionHash": "0x93dc4d03b9e26ce5cddbf7f58d972b94622dc5e02427e94443a9661450f61f9e",
	"transactionIndex": 191
}
[2018-04-27T12:15:19.291] [DEBUG] trans - TO:   0x318c6aca46990cd9d12416d789bc3d6d13fa9d3b
[2018-04-27T12:15:19.291] [DEBUG] trans - AMOUNT:   1076885400000000000000
[2018-04-27T12:15:19.291] [DEBUG] trans - Receipt info:  {
	"blockHash": "0xd33818e1454d3548e44c42aa0539d95762532780fd346c05f694e7fac3fbd0cd",
	"blockNumber": 5514487,
	"contractAddress": null,
	"cumulativeGasUsed": 6827252,
	"gasUsed": 51653,
	"logs": [
		{
			"address": "0x7e9e431a0B8c4D532C745B1043c7FA29a48D4fBa",
			"blockHash": "0xd33818e1454d3548e44c42aa0539d95762532780fd346c05f694e7fac3fbd0cd",
			"blockNumber": 5514487,
			"data": "0x00000000000000000000000000000000000000000000003a60c97db774718000",
			"logIndex": 93,
			"topics": [
				"0xddf252ad1be2c89b69c2b068fc378daa952ba7f163c4a11628f55a4df523b3ef",
				"0x000000000000000000000000468b858c964f297fd8fce058032bf4b4911a8ad8",
				"0x000000000000000000000000318c6aca46990cd9d12416d789bc3d6d13fa9d3b"
			],
			"transactionHash": "0x8f9c0bf11f065e366b696601b5d24b57484223e9a8d00fb8deb46db559ffb1f2",
			"transactionIndex": 193,
			"transactionLogIndex": "0x0",
			"type": "mined",
			"id": "log_356bc551"
		}
	],
	"logsBloom": "0x80000000000000000000000000020000000000000000000000000000000000000008000000000000000000000000000000000000000000000000000000000000000000000000010000000008000000000000000000000000000000000020000000000000000000000000000000000000000000000000000000000010000000000000000000000000000000000000000000000000000000000000000000004000000000000000000080000000000000000000000000000000000000010000000000001002000000000000000000000000000000000000000000000000000000000000000000000000000000000000000000000000000000000000000000000000",
	"root": null,
	"status": "0x1",
	"transactionHash": "0x8f9c0bf11f065e366b696601b5d24b57484223e9a8d00fb8deb46db559ffb1f2",
	"transactionIndex": 193
}
[2018-04-27T12:15:19.292] [DEBUG] trans - TO:   0x0093557049319e7aa3604fda42f98c7e798cfcae
[2018-04-27T12:15:19.292] [DEBUG] trans - AMOUNT:   1076711900000000000000
[2018-04-27T12:15:19.292] [DEBUG] trans - Receipt info:  {
	"blockHash": "0xd33818e1454d3548e44c42aa0539d95762532780fd346c05f694e7fac3fbd0cd",
	"blockNumber": 5514487,
	"contractAddress": null,
	"cumulativeGasUsed": 6915366,
	"gasUsed": 36589,
	"logs": [
		{
			"address": "0x7e9e431a0B8c4D532C745B1043c7FA29a48D4fBa",
			"blockHash": "0xd33818e1454d3548e44c42aa0539d95762532780fd346c05f694e7fac3fbd0cd",
			"blockNumber": 5514487,
			"data": "0x00000000000000000000000000000000000000000000003a5e611862c7e9c000",
			"logIndex": 95,
			"topics": [
				"0xddf252ad1be2c89b69c2b068fc378daa952ba7f163c4a11628f55a4df523b3ef",
				"0x000000000000000000000000468b858c964f297fd8fce058032bf4b4911a8ad8",
				"0x0000000000000000000000000093557049319e7aa3604fda42f98c7e798cfcae"
			],
			"transactionHash": "0x17570cbd8d79b17eb3c4dbc358f00ee61e7e459cba7be70ddad548fb101204f0",
			"transactionIndex": 195,
			"transactionLogIndex": "0x0",
			"type": "mined",
			"id": "log_167d9832"
		}
	],
	"logsBloom": "0x00000004000000000000000000020000000000000000000000000000000000000000000000000000000000000000000000000000000000000000000000000000000000000000010000000008800000000000000000000000000000000020000000000000000000000000000000000000000100000000000000000010000000000000000000000000000000000000000000000000000000000000000000000000000000000000000080000000000000000000000000000000000000010000000000001002000000000000000000000000000000000000000000000000000000000000000000000000000000000000000000000000000000000000000000000000",
	"root": null,
	"status": "0x1",
	"transactionHash": "0x17570cbd8d79b17eb3c4dbc358f00ee61e7e459cba7be70ddad548fb101204f0",
	"transactionIndex": 195
}
[2018-04-27T12:15:19.293] [DEBUG] trans - TO:   0x0024d8ffad62be323eee743e830c9ea6f2df4a22
[2018-04-27T12:15:19.293] [DEBUG] trans - AMOUNT:   1076884000000000000000
[2018-04-27T12:15:19.293] [DEBUG] trans - Receipt info:  {
	"blockHash": "0xd33818e1454d3548e44c42aa0539d95762532780fd346c05f694e7fac3fbd0cd",
	"blockNumber": 5514487,
	"contractAddress": null,
	"cumulativeGasUsed": 6878777,
	"gasUsed": 51525,
	"logs": [
		{
			"address": "0x7e9e431a0B8c4D532C745B1043c7FA29a48D4fBa",
			"blockHash": "0xd33818e1454d3548e44c42aa0539d95762532780fd346c05f694e7fac3fbd0cd",
			"blockNumber": 5514487,
			"data": "0x00000000000000000000000000000000000000000000003a60c4846c8dc20000",
			"logIndex": 94,
			"topics": [
				"0xddf252ad1be2c89b69c2b068fc378daa952ba7f163c4a11628f55a4df523b3ef",
				"0x000000000000000000000000468b858c964f297fd8fce058032bf4b4911a8ad8",
				"0x0000000000000000000000000024d8ffad62be323eee743e830c9ea6f2df4a22"
			],
			"transactionHash": "0xbe9d511b26600b5cfb9ce6d7eb187cede6e3c7acd0df4c7f596ee01fd2b5f2d6",
			"transactionIndex": 194,
			"transactionLogIndex": "0x0",
			"type": "mined",
			"id": "log_9584ee2b"
		}
	],
	"logsBloom": "0x00000000000000000000000000020000000000000000000000000000000000000000000000000000000000000000000002000000000000000000000000000000000000000000010001000008000000000000000000000000000000000020000000000000000000000000000000000000000000000000000000000010000800000000000000000000000000000000000000000000000000000000000000000000000000000000000080000000000000000000000000000000000000010000000000001002000000000000000000000000000000000000000000000000000000000000000000000000000000000000000000000000000000000000000000000000",
	"root": null,
	"status": "0x1",
	"transactionHash": "0xbe9d511b26600b5cfb9ce6d7eb187cede6e3c7acd0df4c7f596ee01fd2b5f2d6",
	"transactionIndex": 194
}
[2018-04-27T12:15:19.294] [DEBUG] trans - TO:   0xe85297918b87130a434cfc47cdb552154c6d2f68
[2018-04-27T12:15:19.294] [DEBUG] trans - AMOUNT:   1076634500000000000000
[2018-04-27T12:15:19.294] [DEBUG] trans - Receipt info:  {
	"blockHash": "0xd33818e1454d3548e44c42aa0539d95762532780fd346c05f694e7fac3fbd0cd",
	"blockNumber": 5514487,
	"contractAddress": null,
	"cumulativeGasUsed": 6967019,
	"gasUsed": 51653,
	"logs": [
		{
			"address": "0x7e9e431a0B8c4D532C745B1043c7FA29a48D4fBa",
			"blockHash": "0xd33818e1454d3548e44c42aa0539d95762532780fd346c05f694e7fac3fbd0cd",
			"blockNumber": 5514487,
			"data": "0x00000000000000000000000000000000000000000000003a5d4e1d7ef64c4000",
			"logIndex": 96,
			"topics": [
				"0xddf252ad1be2c89b69c2b068fc378daa952ba7f163c4a11628f55a4df523b3ef",
				"0x000000000000000000000000468b858c964f297fd8fce058032bf4b4911a8ad8",
				"0x000000000000000000000000e85297918b87130a434cfc47cdb552154c6d2f68"
			],
			"transactionHash": "0x0f1568228015f726888b9034744182195fe7f3b08cfa33bfa38afaaeedc76877",
			"transactionIndex": 196,
			"transactionLogIndex": "0x0",
			"type": "mined",
			"id": "log_5673457c"
		}
	],
	"logsBloom": "0x00000000000000000000000000020000000000000000000000000000000000000000000000000000000000000000000000000000000000000000000000000000000000000000010000000008000000000000000000000000000000000020000000000000000000000000000000000000000000000000000000000010000000000000000000000000000000000000000000000000000000000000000000000000000000000000000080004000000000000000000000000000000000010000000000001002000000000400000000000000000000000000000000000000000000000000000000000000000000000000000000000000000000000000000000000020",
	"root": null,
	"status": "0x1",
	"transactionHash": "0x0f1568228015f726888b9034744182195fe7f3b08cfa33bfa38afaaeedc76877",
	"transactionIndex": 196
}
[2018-04-27T12:15:19.295] [DEBUG] trans - TO:   0x11d195bb74c610d0b56d692f059e322085aaba07
[2018-04-27T12:15:19.295] [DEBUG] trans - AMOUNT:   1076420400000000000000
[2018-04-27T12:15:19.295] [DEBUG] trans - Receipt info:  {
	"blockHash": "0xd33818e1454d3548e44c42aa0539d95762532780fd346c05f694e7fac3fbd0cd",
	"blockNumber": 5514487,
	"contractAddress": null,
	"cumulativeGasUsed": 7018608,
	"gasUsed": 51589,
	"logs": [
		{
			"address": "0x7e9e431a0B8c4D532C745B1043c7FA29a48D4fBa",
			"blockHash": "0xd33818e1454d3548e44c42aa0539d95762532780fd346c05f694e7fac3fbd0cd",
			"blockNumber": 5514487,
			"data": "0x00000000000000000000000000000000000000000000003a5a557aae27e30000",
			"logIndex": 97,
			"topics": [
				"0xddf252ad1be2c89b69c2b068fc378daa952ba7f163c4a11628f55a4df523b3ef",
				"0x000000000000000000000000468b858c964f297fd8fce058032bf4b4911a8ad8",
				"0x00000000000000000000000011d195bb74c610d0b56d692f059e322085aaba07"
			],
			"transactionHash": "0x2fb945839abb0c576f302206424eb811408b17c641d74845b70a6a9f9e1c31b7",
			"transactionIndex": 197,
			"transactionLogIndex": "0x0",
			"type": "mined",
			"id": "log_5ca672d2"
		}
	],
	"logsBloom": "0x00000000000000000000000000020000000000000000000000000000000400000000000000000000000000000000000000000000000000000000000000000000000000000000010000000008000000000000000000000000000000000020000000000000000000000000000000000400000000000000000000000010000000000000000000000000000000000000000000000000000000000000000000000000000000000000000080000000000000000000000000100000000000010000000000001002000000000000000000000000000000000000000000000000000000000000000000000000000000000000000000000000000000000000000000000000",
	"root": null,
	"status": "0x1",
	"transactionHash": "0x2fb945839abb0c576f302206424eb811408b17c641d74845b70a6a9f9e1c31b7",
	"transactionIndex": 197
}
[2018-04-27T12:15:19.297] [DEBUG] trans - TO:   0xa1332cf9c08caa67f119c6ba6d14e134aa6c6624
[2018-04-27T12:15:19.297] [DEBUG] trans - AMOUNT:   1076265400000000000000
[2018-04-27T12:15:19.297] [DEBUG] trans - Receipt info:  {
	"blockHash": "0xd33818e1454d3548e44c42aa0539d95762532780fd346c05f694e7fac3fbd0cd",
	"blockNumber": 5514487,
	"contractAddress": null,
	"cumulativeGasUsed": 7070197,
	"gasUsed": 51589,
	"logs": [
		{
			"address": "0x7e9e431a0B8c4D532C745B1043c7FA29a48D4fBa",
			"blockHash": "0xd33818e1454d3548e44c42aa0539d95762532780fd346c05f694e7fac3fbd0cd",
			"blockNumber": 5514487,
			"data": "0x00000000000000000000000000000000000000000000003a582ecf0063b38000",
			"logIndex": 98,
			"topics": [
				"0xddf252ad1be2c89b69c2b068fc378daa952ba7f163c4a11628f55a4df523b3ef",
				"0x000000000000000000000000468b858c964f297fd8fce058032bf4b4911a8ad8",
				"0x000000000000000000000000a1332cf9c08caa67f119c6ba6d14e134aa6c6624"
			],
			"transactionHash": "0xfe9aa48f7bd32bca9e3df788ee9b757f407ec172899d8e92ccba6ac82a2fa2f2",
			"transactionIndex": 198,
			"transactionLogIndex": "0x0",
			"type": "mined",
			"id": "log_34ee23b4"
		}
	],
	"logsBloom": "0x00000000000000000000000000020000000000000000000000000000000000000000000000000000000000000000000000000000000000000000000000000000000000000000010000000008000000000000000000000000000100000020000000000000000000000000000000000000000000000000000000000010000000000000000001000000000000000000000000000000000000000000000000000000000000000000000080000000000000000000000000000000000000010000000000001002000000000000000000000000000000000000000000000000000000000000080000000000000000000000000000000000000000000000000000000000",
	"root": null,
	"status": "0x1",
	"transactionHash": "0xfe9aa48f7bd32bca9e3df788ee9b757f407ec172899d8e92ccba6ac82a2fa2f2",
	"transactionIndex": 198
}
[2018-04-27T12:15:19.299] [DEBUG] trans - TO:   0x0365943ef27691f76c2f4356f4a7ec455c95f1b6
[2018-04-27T12:15:19.299] [DEBUG] trans - AMOUNT:   1076230000000000000000
[2018-04-27T12:15:19.299] [DEBUG] trans - Receipt info:  {
	"blockHash": "0xd33818e1454d3548e44c42aa0539d95762532780fd346c05f694e7fac3fbd0cd",
	"blockNumber": 5514487,
	"contractAddress": null,
	"cumulativeGasUsed": 7121786,
	"gasUsed": 51589,
	"logs": [
		{
			"address": "0x7e9e431a0B8c4D532C745B1043c7FA29a48D4fBa",
			"blockHash": "0xd33818e1454d3548e44c42aa0539d95762532780fd346c05f694e7fac3fbd0cd",
			"blockNumber": 5514487,
			"data": "0x00000000000000000000000000000000000000000000003a57b10ae39aa70000",
			"logIndex": 99,
			"topics": [
				"0xddf252ad1be2c89b69c2b068fc378daa952ba7f163c4a11628f55a4df523b3ef",
				"0x000000000000000000000000468b858c964f297fd8fce058032bf4b4911a8ad8",
				"0x0000000000000000000000000365943ef27691f76c2f4356f4a7ec455c95f1b6"
			],
			"transactionHash": "0xf57c921be09711d718d8f38b2c957332dae2a0bf4e06904a2932d7f9121e1cba",
			"transactionIndex": 199,
			"transactionLogIndex": "0x0",
			"type": "mined",
			"id": "log_d95fe032"
		}
	],
	"logsBloom": "0x00000000000000000000000000020000000000000000000000000000000000000000000000000000000000000000000000000000000000000000000000000000000000000000010000000008000000000000000000000000000000001020000000000000000000000000000000800000000000000000000000000010000000000000000000000000000000000000000000000000000000000000000000000000000000000000000080000000000000000000000000000000000000010000000000001002000000000000000000000004000000000000000000000000000000000000000000000000000000000000000000000000000000000000000000000000",
	"root": null,
	"status": "0x1",
	"transactionHash": "0xf57c921be09711d718d8f38b2c957332dae2a0bf4e06904a2932d7f9121e1cba",
	"transactionIndex": 199
}
[2018-04-27T12:15:19.300] [DEBUG] trans - TO:   0xa705772f6ea6bddd37edcff3eceaccf32f8f5aa2
[2018-04-27T12:15:19.300] [DEBUG] trans - AMOUNT:   1075950000000000000000
[2018-04-27T12:15:19.300] [DEBUG] trans - Receipt info:  {
	"blockHash": "0xd33818e1454d3548e44c42aa0539d95762532780fd346c05f694e7fac3fbd0cd",
	"blockNumber": 5514487,
	"contractAddress": null,
	"cumulativeGasUsed": 7225028,
	"gasUsed": 51589,
	"logs": [
		{
			"address": "0x7e9e431a0B8c4D532C745B1043c7FA29a48D4fBa",
			"blockHash": "0xd33818e1454d3548e44c42aa0539d95762532780fd346c05f694e7fac3fbd0cd",
			"blockNumber": 5514487,
			"data": "0x00000000000000000000000000000000000000000000003a53ce485f618b0000",
			"logIndex": 101,
			"topics": [
				"0xddf252ad1be2c89b69c2b068fc378daa952ba7f163c4a11628f55a4df523b3ef",
				"0x000000000000000000000000468b858c964f297fd8fce058032bf4b4911a8ad8",
				"0x000000000000000000000000a705772f6ea6bddd37edcff3eceaccf32f8f5aa2"
			],
			"transactionHash": "0x7e20e87070dc27f14ded5fe375657d833ad300e75d96a3b8d1b04b8979422549",
			"transactionIndex": 201,
			"transactionLogIndex": "0x0",
			"type": "mined",
			"id": "log_c0f83907"
		}
	],
	"logsBloom": "0x00000000000000000000000000020000000000000000400000000000000000000000000000000000000000000000000000000000000000400000000000000000000000000000010000000008000000000000000000000000000000000020000000000000000000000000000000000000000000000000000000000010000000000000000000000000000000000000000000000000000000000000001000000000000000000000000080000000000000000000000000000000000000010000000000001002000000000000000000000000000000000000000000000000000000000000000000000000000000000000000000000000000000000000000000000000",
	"root": null,
	"status": "0x1",
	"transactionHash": "0x7e20e87070dc27f14ded5fe375657d833ad300e75d96a3b8d1b04b8979422549",
	"transactionIndex": 201
}
[2018-04-27T12:15:19.301] [DEBUG] trans - TO:   0x86acac65719abd8e9f0a71fffba1868b5c73d13e
[2018-04-27T12:15:19.301] [DEBUG] trans - AMOUNT:   1076089300000000000000
[2018-04-27T12:15:19.301] [DEBUG] trans - Receipt info:  {
	"blockHash": "0xd33818e1454d3548e44c42aa0539d95762532780fd346c05f694e7fac3fbd0cd",
	"blockNumber": 5514487,
	"contractAddress": null,
	"cumulativeGasUsed": 7173439,
	"gasUsed": 51653,
	"logs": [
		{
			"address": "0x7e9e431a0B8c4D532C745B1043c7FA29a48D4fBa",
			"blockHash": "0xd33818e1454d3548e44c42aa0539d95762532780fd346c05f694e7fac3fbd0cd",
			"blockNumber": 5514487,
			"data": "0x00000000000000000000000000000000000000000000003a55bd2cfc0ac14000",
			"logIndex": 100,
			"topics": [
				"0xddf252ad1be2c89b69c2b068fc378daa952ba7f163c4a11628f55a4df523b3ef",
				"0x000000000000000000000000468b858c964f297fd8fce058032bf4b4911a8ad8",
				"0x00000000000000000000000086acac65719abd8e9f0a71fffba1868b5c73d13e"
			],
			"transactionHash": "0x0056bbac6d398f963020945651fc68d2f24302e6834ea3fd91ebf44a745de9d9",
			"transactionIndex": 200,
			"transactionLogIndex": "0x0",
			"type": "mined",
			"id": "log_0606177b"
		}
	],
	"logsBloom": "0x00000000000000000000000000020000000000000000000000000000000000000000000000000000000000000000000000000200000000000000000000000000000000000000010000000008000000000000000000000000000000000020000000000000000000000000000000000000000000000000000000000010000000000000000000000000000000000000000000000000000000000000000000000000000000000000000080000000000000000200000000000000000000010000000000001002400000000000000000000000000000000000000000000000000000000000000000000000000000000000000000000000000000000000000000000000",
	"root": null,
	"status": "0x1",
	"transactionHash": "0x0056bbac6d398f963020945651fc68d2f24302e6834ea3fd91ebf44a745de9d9",
	"transactionIndex": 200
}
[2018-04-27T12:15:19.302] [DEBUG] trans - TO:   0x9b0ddb9b14d488cfe5827a6360d57801d3687adf
[2018-04-27T12:15:19.302] [DEBUG] trans - AMOUNT:   1078142800000000000000
[2018-04-27T12:15:19.302] [DEBUG] trans - Receipt info:  {
	"blockHash": "0xd33818e1454d3548e44c42aa0539d95762532780fd346c05f694e7fac3fbd0cd",
	"blockNumber": 5514487,
	"contractAddress": null,
	"cumulativeGasUsed": 5810088,
	"gasUsed": 51589,
	"logs": [
		{
			"address": "0x7e9e431a0B8c4D532C745B1043c7FA29a48D4fBa",
			"blockHash": "0xd33818e1454d3548e44c42aa0539d95762532780fd346c05f694e7fac3fbd0cd",
			"blockNumber": 5514487,
			"data": "0x00000000000000000000000000000000000000000000003a723cac5ac9050000",
			"logIndex": 73,
			"topics": [
				"0xddf252ad1be2c89b69c2b068fc378daa952ba7f163c4a11628f55a4df523b3ef",
				"0x000000000000000000000000468b858c964f297fd8fce058032bf4b4911a8ad8",
				"0x0000000000000000000000009b0ddb9b14d488cfe5827a6360d57801d3687adf"
			],
			"transactionHash": "0x3e206fa3b172c70457f3abf6952e2d414b10c171a5315971d8ccf141280c9df8",
			"transactionIndex": 173,
			"transactionLogIndex": "0x0",
			"type": "mined",
			"id": "log_61f19603"
		}
	],
	"logsBloom": "0x00000000000000000000000000020000000000000000000000000000000000000000000000000000000000001000000000000000000000000000000000000000000000000000010000000008000000000000000000000000000000000020000000000000000000000000000000000000000000000000000000000010000000000000000000000000000000000000000000000000000000000000000000000000100000000000000080000000000000000000010000000000000000010000000000001002000000000000000000000000000000000000000000000000000000000000000000000000000000000000000000000000000000000000000000000000",
	"root": null,
	"status": "0x1",
	"transactionHash": "0x3e206fa3b172c70457f3abf6952e2d414b10c171a5315971d8ccf141280c9df8",
	"transactionIndex": 173
}
[2018-04-27T12:15:19.304] [DEBUG] trans - TO:   0xb95599c14f18b9725d9bdd7be057e650ee41b3c1
[2018-04-27T12:15:19.304] [DEBUG] trans - AMOUNT:   1075624900000000000000
[2018-04-27T12:15:19.304] [DEBUG] trans - Receipt info:  {
	"blockHash": "0xd33818e1454d3548e44c42aa0539d95762532780fd346c05f694e7fac3fbd0cd",
	"blockNumber": 5514487,
	"contractAddress": null,
	"cumulativeGasUsed": 7328270,
	"gasUsed": 51653,
	"logs": [
		{
			"address": "0x7e9e431a0B8c4D532C745B1043c7FA29a48D4fBa",
			"blockHash": "0xd33818e1454d3548e44c42aa0539d95762532780fd346c05f694e7fac3fbd0cd",
			"blockNumber": 5514487,
			"data": "0x00000000000000000000000000000000000000000000003a4f4b4ba521104000",
			"logIndex": 103,
			"topics": [
				"0xddf252ad1be2c89b69c2b068fc378daa952ba7f163c4a11628f55a4df523b3ef",
				"0x000000000000000000000000468b858c964f297fd8fce058032bf4b4911a8ad8",
				"0x000000000000000000000000b95599c14f18b9725d9bdd7be057e650ee41b3c1"
			],
			"transactionHash": "0x5b03c24e64d430a0370ac05de804242c964c91168abe41822a2ac418d7ece5ba",
			"transactionIndex": 203,
			"transactionLogIndex": "0x0",
			"type": "mined",
			"id": "log_5cc48ac4"
		}
	],
	"logsBloom": "0x00000000000000000000000000020000000000000000000000000000000008000000000000000000000000000000000000000000000000000000000000000000000000000000010002000008000000000000000000000000000000000020000000000000000000000000000000000000000000000000000000000010000000000000000000000000000000000000000000000000000000000000000000000000000000000000000080000000000000000000000000000000000000010000000000001002000000000000000000000000000000000000000000000000000000020000000000000000000000000000000000000000000000000000000000000000",
	"root": null,
	"status": "0x1",
	"transactionHash": "0x5b03c24e64d430a0370ac05de804242c964c91168abe41822a2ac418d7ece5ba",
	"transactionIndex": 203
}
[2018-04-27T12:15:19.305] [DEBUG] trans - TO:   0x85b682aa3ce5aac78f762378d2c52915b8c0cd52
[2018-04-27T12:15:19.305] [DEBUG] trans - AMOUNT:   1075873200000000000000
[2018-04-27T12:15:19.305] [DEBUG] trans - Receipt info:  {
	"blockHash": "0xd33818e1454d3548e44c42aa0539d95762532780fd346c05f694e7fac3fbd0cd",
	"blockNumber": 5514487,
	"contractAddress": null,
	"cumulativeGasUsed": 7276617,
	"gasUsed": 51589,
	"logs": [
		{
			"address": "0x7e9e431a0B8c4D532C745B1043c7FA29a48D4fBa",
			"blockHash": "0xd33818e1454d3548e44c42aa0539d95762532780fd346c05f694e7fac3fbd0cd",
			"blockNumber": 5514487,
			"data": "0x00000000000000000000000000000000000000000000003a52bd6f2df2cb0000",
			"logIndex": 102,
			"topics": [
				"0xddf252ad1be2c89b69c2b068fc378daa952ba7f163c4a11628f55a4df523b3ef",
				"0x000000000000000000000000468b858c964f297fd8fce058032bf4b4911a8ad8",
				"0x00000000000000000000000085b682aa3ce5aac78f762378d2c52915b8c0cd52"
			],
			"transactionHash": "0x3860426925abd53be531827608c73ee5d792c6adea9588be2ae3f573a20b7d94",
			"transactionIndex": 202,
			"transactionLogIndex": "0x0",
			"type": "mined",
			"id": "log_fa742277"
		}
	],
	"logsBloom": "0x00000000000000000000000000420000000000000000000000000000000000000000000000000000000000000000000000000000000000000000000000000000000000000000010000000008000000000000000000000000000000000020000000000000000000000000000000000000000000000000000000000010000000000000000000000000000000000000000000000000000000000000000000200000000000000000000080000000000000000000000000000000000000010000000000001002000000000000000000000000000000000000000000000000000000000000000000000000000000000000000000000000000000000004000000000000",
	"root": null,
	"status": "0x1",
	"transactionHash": "0x3860426925abd53be531827608c73ee5d792c6adea9588be2ae3f573a20b7d94",
	"transactionIndex": 202
}
