[2018-04-28T21:57:47.658] [DEBUG] trans - TO:   0xc52112a612df718c2b1ead74791c3fa04f437c6d
[2018-04-28T21:57:47.660] [DEBUG] trans - AMOUNT:   3000632400000000000000
[2018-04-28T21:57:47.660] [DEBUG] trans - Receipt info:  {
	"blockHash": "0x348a3c2fc78853a6fc847ccda89a64b5ec93ad50f1269c48bb6e647dd86359f4",
	"blockNumber": 5522548,
	"contractAddress": null,
	"cumulativeGasUsed": 2621470,
	"gasUsed": 51589,
	"logs": [
		{
			"address": "0x7e9e431a0B8c4D532C745B1043c7FA29a48D4fBa",
			"blockHash": "0x348a3c2fc78853a6fc847ccda89a64b5ec93ad50f1269c48bb6e647dd86359f4",
			"blockNumber": 5522548,
			"data": "0x0000000000000000000000000000000000000000000000a2aa23c5c4a7d50000",
			"logIndex": 33,
			"topics": [
				"0xddf252ad1be2c89b69c2b068fc378daa952ba7f163c4a11628f55a4df523b3ef",
				"0x000000000000000000000000468b858c964f297fd8fce058032bf4b4911a8ad8",
				"0x000000000000000000000000c52112a612df718c2b1ead74791c3fa04f437c6d"
			],
			"transactionHash": "0xb5e77038b61a5c8593e48fcedf7016d86568112c553402fe8056a4ca2e811723",
			"transactionIndex": 64,
			"transactionLogIndex": "0x0",
			"type": "mined",
			"id": "log_23128feb"
		}
	],
	"logsBloom": "0x00000000000000000000000000020800000000000000000000000000000000000000000000000000000000000000000000000000000000000000000000000000000000000000010000000008000000000000000000000000000000000020000000000000000000000000000000000000000000000000000000000010000000000000000000000000000000000000000000000000000000000000000000000000000000000000000080000000000000000000000000000000000000010000000000001002000000000000000000000000000000000000000000000000010000000000000000000000000000000000000000000000800000000000000000000000",
	"root": null,
	"status": "0x1",
	"transactionHash": "0xb5e77038b61a5c8593e48fcedf7016d86568112c553402fe8056a4ca2e811723",
	"transactionIndex": 64
}
[2018-04-28T21:58:20.701] [DEBUG] trans - TO:   0x2aecdd62921d3d5f798efcc4c430773663a14db0
[2018-04-28T21:58:20.701] [DEBUG] trans - AMOUNT:   3000611900000000000000
[2018-04-28T21:58:20.701] [DEBUG] trans - Receipt info:  {
	"blockHash": "0xee3729a64f57c7c607aa29a8a0b1ed5b1dbc12bd42b0b8d3c23e50b55feb12ab",
	"blockNumber": 5522550,
	"contractAddress": null,
	"cumulativeGasUsed": 1151766,
	"gasUsed": 51653,
	"logs": [
		{
			"address": "0x7e9e431a0B8c4D532C745B1043c7FA29a48D4fBa",
			"blockHash": "0xee3729a64f57c7c607aa29a8a0b1ed5b1dbc12bd42b0b8d3c23e50b55feb12ab",
			"blockNumber": 5522550,
			"data": "0x0000000000000000000000000000000000000000000000a2a9daf12075efc000",
			"logIndex": 12,
			"topics": [
				"0xddf252ad1be2c89b69c2b068fc378daa952ba7f163c4a11628f55a4df523b3ef",
				"0x000000000000000000000000468b858c964f297fd8fce058032bf4b4911a8ad8",
				"0x0000000000000000000000002aecdd62921d3d5f798efcc4c430773663a14db0"
			],
			"transactionHash": "0xa0d1edd1b9c15ea803c07ee8b0e66ac797695af09feb21d21ff4789d5085b9bd",
			"transactionIndex": 19,
			"transactionLogIndex": "0x0",
			"type": "mined",
			"id": "log_5ee59a50"
		}
	],
	"logsBloom": "0x00000000000000000000000000020000000000200000000000000000000000000000000000000000000000000000000000000000000000000000000000000000000000000000010000080008000000000000000000000000000000000020000000000000000000000000000000000000000000000000000000000010000000000000000000000000000000000000000000000000000000000000000000000000000000000000000080000000000000000000000000000000000000010000000000001002000000000000000000000000002000000000000000000000000000000000000000000000000000000000000000000000000000000000000000000000",
	"root": null,
	"status": "0x1",
	"transactionHash": "0xa0d1edd1b9c15ea803c07ee8b0e66ac797695af09feb21d21ff4789d5085b9bd",
	"transactionIndex": 19
}
[2018-04-28T21:58:38.725] [DEBUG] trans - TO:   0x2cfb4c1cb5af14e4e3877f9dd3696e2c2fe016f7
[2018-04-28T21:58:38.725] [DEBUG] trans - AMOUNT:   3000600100000000000000
[2018-04-28T21:58:38.725] [DEBUG] trans - Receipt info:  {
	"blockHash": "0x058bea5894b1b30647db63b67957e297bbdf2c2178791fdad8b493d0d7626d9c",
	"blockNumber": 5522551,
	"contractAddress": null,
	"cumulativeGasUsed": 3946088,
	"gasUsed": 51653,
	"logs": [
		{
			"address": "0x7e9e431a0B8c4D532C745B1043c7FA29a48D4fBa",
			"blockHash": "0x058bea5894b1b30647db63b67957e297bbdf2c2178791fdad8b493d0d7626d9c",
			"blockNumber": 5522551,
			"data": "0x0000000000000000000000000000000000000000000000a2a9b10516dd964000",
			"logIndex": 65,
			"topics": [
				"0xddf252ad1be2c89b69c2b068fc378daa952ba7f163c4a11628f55a4df523b3ef",
				"0x000000000000000000000000468b858c964f297fd8fce058032bf4b4911a8ad8",
				"0x0000000000000000000000002cfb4c1cb5af14e4e3877f9dd3696e2c2fe016f7"
			],
			"transactionHash": "0x2e49e6e7326d3f6084a0f93dd9e57337e4bd6fe1b52b4f2e40a950f3131f0fcb",
			"transactionIndex": 79,
			"transactionLogIndex": "0x0",
			"type": "mined",
			"id": "log_eb21933c"
		}
	],
	"logsBloom": "0x04000000000000000000000000020000000000000000000000000000000000000000000000000000000000000000000000000000000000000000000000000000000000000000010000000008000000000000000000000000000000000020000000000000000000000000000000000000000000000000000000000010000000000000000000000000080000000000000000000000000000000000000000000000000000000000000080020000000000000000000000000000000000010000000000001002000000000000000000000000000000000000000000000000000000000000000000000000000000000000000000000000000000000000000000000000",
	"root": null,
	"status": "0x1",
	"transactionHash": "0x2e49e6e7326d3f6084a0f93dd9e57337e4bd6fe1b52b4f2e40a950f3131f0fcb",
	"transactionIndex": 79
}
[2018-04-28T21:58:51.740] [DEBUG] trans - TO:   0xe73b486b6ed8d5026e695836cca293b35e818728
[2018-04-28T21:58:51.740] [DEBUG] trans - AMOUNT:   3000577400000000000000
[2018-04-28T21:58:51.741] [DEBUG] trans - Receipt info:  {
	"blockHash": "0x796c035a70c5e9fc6d75aa515dd0ed79e55212782d60240da3f8fd3f921dec1b",
	"blockNumber": 5522552,
	"contractAddress": null,
	"cumulativeGasUsed": 1226057,
	"gasUsed": 51653,
	"logs": [
		{
			"address": "0x7e9e431a0B8c4D532C745B1043c7FA29a48D4fBa",
			"blockHash": "0x796c035a70c5e9fc6d75aa515dd0ed79e55212782d60240da3f8fd3f921dec1b",
			"blockNumber": 5522552,
			"data": "0x0000000000000000000000000000000000000000000000a2a9605f8f412f8000",
			"logIndex": 14,
			"topics": [
				"0xddf252ad1be2c89b69c2b068fc378daa952ba7f163c4a11628f55a4df523b3ef",
				"0x000000000000000000000000468b858c964f297fd8fce058032bf4b4911a8ad8",
				"0x000000000000000000000000e73b486b6ed8d5026e695836cca293b35e818728"
			],
			"transactionHash": "0xc2f56364ea0072704399de4368d9abc399480cf523710cffe3ce7be338ae3830",
			"transactionIndex": 27,
			"transactionLogIndex": "0x0",
			"type": "mined",
			"id": "log_3f419775"
		}
	],
	"logsBloom": "0x00000000000000000000000000020000000000000008000000000000000000000000000000000000000000000000000000000000000000000000000000000000000000000000010000000008000000000000000000000000000000000020000000000000000000000002000000000000000000000000000000000010000000000000000000000000000000000000000000000000000000000000000000008000000000000000000080000000000000000000000000000000000000010000000000001002000000000000000000000000000000000000000000000000000000000000000000000000000000000000000000000000000000000000000000000000",
	"root": null,
	"status": "0x1",
	"transactionHash": "0xc2f56364ea0072704399de4368d9abc399480cf523710cffe3ce7be338ae3830",
	"transactionIndex": 27
}
[2018-04-28T21:59:08.764] [DEBUG] trans - TO:   0x57ed8d7523099d03fa8e8003a7dcb32e21b42bbc
[2018-04-28T21:59:08.765] [DEBUG] trans - AMOUNT:   3000500000000000000000
[2018-04-28T21:59:08.765] [DEBUG] trans - Receipt info:  {
	"blockHash": "0xf18656beedcfa57e8a2cb2648254026f40da59808b33015a616b1cc66378242a",
	"blockNumber": 5522553,
	"contractAddress": null,
	"cumulativeGasUsed": 2622199,
	"gasUsed": 51589,
	"logs": [
		{
			"address": "0x7e9e431a0B8c4D532C745B1043c7FA29a48D4fBa",
			"blockHash": "0xf18656beedcfa57e8a2cb2648254026f40da59808b33015a616b1cc66378242a",
			"blockNumber": 5522553,
			"data": "0x0000000000000000000000000000000000000000000000a2a84d64ab6f920000",
			"logIndex": 49,
			"topics": [
				"0xddf252ad1be2c89b69c2b068fc378daa952ba7f163c4a11628f55a4df523b3ef",
				"0x000000000000000000000000468b858c964f297fd8fce058032bf4b4911a8ad8",
				"0x00000000000000000000000057ed8d7523099d03fa8e8003a7dcb32e21b42bbc"
			],
			"transactionHash": "0x2e3196c1ff6d30f79eaacee39793f418681ccd8158327c42ba42de89f0921ae6",
			"transactionIndex": 68,
			"transactionLogIndex": "0x0",
			"type": "mined",
			"id": "log_1330e41a"
		}
	],
	"logsBloom": "0x00000000000000000000000000020000000000000000000000000000000000000000000000000000000000000000000000000000000000004000000000000000000000000000010000000008000000000000000000000000000000000020000000000000000000000000000000000000000000000000000000000010000000000000000000000000000000000000000000000000000000000000000000000000000000000000000080000000000000000000000000000000000000010001000000001002000000000000000000000000000000000000000000000000000000000000000000000000000000000000000000000000000080000000000000000000",
	"root": null,
	"status": "0x1",
	"transactionHash": "0x2e3196c1ff6d30f79eaacee39793f418681ccd8158327c42ba42de89f0921ae6",
	"transactionIndex": 68
}
[2018-04-28T21:59:08.765] [DEBUG] trans - TO:   0x60fabde6b4952e8aabd292c428f51d163641789c
[2018-04-28T21:59:08.765] [DEBUG] trans - AMOUNT:   3000509000000000000000
[2018-04-28T21:59:08.765] [DEBUG] trans - Receipt info:  {
	"blockHash": "0xf18656beedcfa57e8a2cb2648254026f40da59808b33015a616b1cc66378242a",
	"blockNumber": 5522553,
	"contractAddress": null,
	"cumulativeGasUsed": 2570610,
	"gasUsed": 51653,
	"logs": [
		{
			"address": "0x7e9e431a0B8c4D532C745B1043c7FA29a48D4fBa",
			"blockHash": "0xf18656beedcfa57e8a2cb2648254026f40da59808b33015a616b1cc66378242a",
			"blockNumber": 5522553,
			"data": "0x0000000000000000000000000000000000000000000000a2a86d5e1f3a8c8000",
			"logIndex": 48,
			"topics": [
				"0xddf252ad1be2c89b69c2b068fc378daa952ba7f163c4a11628f55a4df523b3ef",
				"0x000000000000000000000000468b858c964f297fd8fce058032bf4b4911a8ad8",
				"0x00000000000000000000000060fabde6b4952e8aabd292c428f51d163641789c"
			],
			"transactionHash": "0xe004c7eb068bcb8eee052176d02580f338cf92f70f22ab584fd347b497084928",
			"transactionIndex": 67,
			"transactionLogIndex": "0x0",
			"type": "mined",
			"id": "log_19b120bf"
		}
	],
	"logsBloom": "0x00000000000000000000000000020000000000000000000000000000000000000000000000000000000000000000000000000000000000000000000000000000000000000000010000000008000000000000000000000000000000000020000000000000000000000000000000000000000000000000000000000010000000000000000000000000000000000000000000000000000000000000000000000000000000000000000080010000000000000000000000000000000000010000000000001002000000000000000000000000000000000000000000800000000000000000000008000000000000000000000000000000000000000000000000000000",
	"root": null,
	"status": "0x1",
	"transactionHash": "0xe004c7eb068bcb8eee052176d02580f338cf92f70f22ab584fd347b497084928",
	"transactionIndex": 67
}
[2018-04-28T21:59:08.765] [DEBUG] trans - TO:   0xabd41430289b068f5b78e0c47f0e6aebe633e2ac
[2018-04-28T21:59:08.766] [DEBUG] trans - AMOUNT:   3000500000000000000000
[2018-04-28T21:59:08.766] [DEBUG] trans - Receipt info:  {
	"blockHash": "0xf18656beedcfa57e8a2cb2648254026f40da59808b33015a616b1cc66378242a",
	"blockNumber": 5522553,
	"contractAddress": null,
	"cumulativeGasUsed": 2673788,
	"gasUsed": 51589,
	"logs": [
		{
			"address": "0x7e9e431a0B8c4D532C745B1043c7FA29a48D4fBa",
			"blockHash": "0xf18656beedcfa57e8a2cb2648254026f40da59808b33015a616b1cc66378242a",
			"blockNumber": 5522553,
			"data": "0x0000000000000000000000000000000000000000000000a2a84d64ab6f920000",
			"logIndex": 50,
			"topics": [
				"0xddf252ad1be2c89b69c2b068fc378daa952ba7f163c4a11628f55a4df523b3ef",
				"0x000000000000000000000000468b858c964f297fd8fce058032bf4b4911a8ad8",
				"0x000000000000000000000000abd41430289b068f5b78e0c47f0e6aebe633e2ac"
			],
			"transactionHash": "0xdcf7390a9c9498c97e549f6a7c84b38060a1398ff5635fcb7bbc130ab9f4a09e",
			"transactionIndex": 69,
			"transactionLogIndex": "0x0",
			"type": "mined",
			"id": "log_27edce2b"
		}
	],
	"logsBloom": "0x00000000000000200000000000020000000000000000000000000000000000000000000000000000000000000000000000000000000000000000000000000000000000000000010000000008000000000000000000000000000000000020000000000000008000000000000000000000000000000000000000000010000000000000000000000000000000000000000000000000000000000000000000000000000000000000000080000000000000000000000000000000000000010000000000001002000000000000000000000000000000000000000000000000000000000000000000000000000000000000000000000000000000000000000000000200",
	"root": null,
	"status": "0x1",
	"transactionHash": "0xdcf7390a9c9498c97e549f6a7c84b38060a1398ff5635fcb7bbc130ab9f4a09e",
	"transactionIndex": 69
}
[2018-04-28T21:59:08.766] [DEBUG] trans - TO:   0xafc1c4da4799fac5cf395d2836ff91af7894cb37
[2018-04-28T21:59:08.766] [DEBUG] trans - AMOUNT:   3000380900000000000000
[2018-04-28T21:59:08.766] [DEBUG] trans - Receipt info:  {
	"blockHash": "0xf18656beedcfa57e8a2cb2648254026f40da59808b33015a616b1cc66378242a",
	"blockNumber": 5522553,
	"contractAddress": null,
	"cumulativeGasUsed": 3086756,
	"gasUsed": 51653,
	"logs": [
		{
			"address": "0x7e9e431a0B8c4D532C745B1043c7FA29a48D4fBa",
			"blockHash": "0xf18656beedcfa57e8a2cb2648254026f40da59808b33015a616b1cc66378242a",
			"blockNumber": 5522553,
			"data": "0x0000000000000000000000000000000000000000000000a2a6a643d9c6d24000",
			"logIndex": 58,
			"topics": [
				"0xddf252ad1be2c89b69c2b068fc378daa952ba7f163c4a11628f55a4df523b3ef",
				"0x000000000000000000000000468b858c964f297fd8fce058032bf4b4911a8ad8",
				"0x000000000000000000000000afc1c4da4799fac5cf395d2836ff91af7894cb37"
			],
			"transactionHash": "0x4662fac31bebaea53b1029ec467401c498f02da76941ae36631bff61e02f4a67",
			"transactionIndex": 77,
			"transactionLogIndex": "0x0",
			"type": "mined",
			"id": "log_77d258e0"
		}
	],
	"logsBloom": "0x00000000000000000000000000020000000800000000000000000000000000000000000000000000000000000000000000000000000000000000000000000000000000000000010000000008000000000000000000000000000000000020000000000000000000000000000000000000000000000000000000000010000000000000000000000000000000000000000000000000000000000000000000400000000000000000000080000000000000000000000000000000000000010000000000001002000000000000000000000000000000000010000000000000000000000000000000000000000000000000000000000000000000000000000000000000",
	"root": null,
	"status": "0x1",
	"transactionHash": "0x4662fac31bebaea53b1029ec467401c498f02da76941ae36631bff61e02f4a67",
	"transactionIndex": 77
}
[2018-04-28T21:59:08.767] [DEBUG] trans - TO:   0xae0251398c4ce3938e08f9e8fff722a97545d824
[2018-04-28T21:59:08.767] [DEBUG] trans - AMOUNT:   3000500000000000000000
[2018-04-28T21:59:08.767] [DEBUG] trans - Receipt info:  {
	"blockHash": "0xf18656beedcfa57e8a2cb2648254026f40da59808b33015a616b1cc66378242a",
	"blockNumber": 5522553,
	"contractAddress": null,
	"cumulativeGasUsed": 2725377,
	"gasUsed": 51589,
	"logs": [
		{
			"address": "0x7e9e431a0B8c4D532C745B1043c7FA29a48D4fBa",
			"blockHash": "0xf18656beedcfa57e8a2cb2648254026f40da59808b33015a616b1cc66378242a",
			"blockNumber": 5522553,
			"data": "0x0000000000000000000000000000000000000000000000a2a84d64ab6f920000",
			"logIndex": 51,
			"topics": [
				"0xddf252ad1be2c89b69c2b068fc378daa952ba7f163c4a11628f55a4df523b3ef",
				"0x000000000000000000000000468b858c964f297fd8fce058032bf4b4911a8ad8",
				"0x000000000000000000000000ae0251398c4ce3938e08f9e8fff722a97545d824"
			],
			"transactionHash": "0xc2cd195ab1eb1e8ec7f71eabe51d942819b96a66d327d1140f8fab8d3999ddcc",
			"transactionIndex": 70,
			"transactionLogIndex": "0x0",
			"type": "mined",
			"id": "log_5908c651"
		}
	],
	"logsBloom": "0x00000000000000000000000000020000000000000000000000000000000000000000000000000000000000000000000000000002000000000000000000000000000000000000010000000008000000000000000000000000000000000020000000000000000000000000000000000000000000000000000000000010000000000400000000000000000000000000000000000000200000000000000000000000000000000000000080000000000000000000000000000000000000010000000000001002000000000000000000000000000000000000000000000000000000000000000000000000000000000000000000000000000000000000000000000000",
	"root": null,
	"status": "0x1",
	"transactionHash": "0xc2cd195ab1eb1e8ec7f71eabe51d942819b96a66d327d1140f8fab8d3999ddcc",
	"transactionIndex": 70
}
[2018-04-28T21:59:08.767] [DEBUG] trans - TO:   0xb9ce5e28f489e4b044c2f11322d8dd0b40c5ed4e
[2018-04-28T21:59:08.767] [DEBUG] trans - AMOUNT:   3000405500000000000000
[2018-04-28T21:59:08.768] [DEBUG] trans - Receipt info:  {
	"blockHash": "0xf18656beedcfa57e8a2cb2648254026f40da59808b33015a616b1cc66378242a",
	"blockNumber": 5522553,
	"contractAddress": null,
	"cumulativeGasUsed": 3035103,
	"gasUsed": 51653,
	"logs": [
		{
			"address": "0x7e9e431a0B8c4D532C745B1043c7FA29a48D4fBa",
			"blockHash": "0xf18656beedcfa57e8a2cb2648254026f40da59808b33015a616b1cc66378242a",
			"blockNumber": 5522553,
			"data": "0x0000000000000000000000000000000000000000000000a2a6fda96b9c4bc000",
			"logIndex": 57,
			"topics": [
				"0xddf252ad1be2c89b69c2b068fc378daa952ba7f163c4a11628f55a4df523b3ef",
				"0x000000000000000000000000468b858c964f297fd8fce058032bf4b4911a8ad8",
				"0x000000000000000000000000b9ce5e28f489e4b044c2f11322d8dd0b40c5ed4e"
			],
			"transactionHash": "0xfea9b935be894f9e177f804ca665ef22343274078e8dea3d2239eb54f9d6b76c",
			"transactionIndex": 76,
			"transactionLogIndex": "0x0",
			"type": "mined",
			"id": "log_cab1d04e"
		}
	],
	"logsBloom": "0x00080000000000000000000000020000000000000000000000000000000000000000000000000000000000000000000000000000000000000000000000000000000000000000010000000008000004000000000000000000000000000020000000000000000000000000000000000000000000000000000000000010000000000000000000000000000000000000000000000000000000000000000000000000000000000000000080000000000000000000000000000000000000010000000000001002000000000000000000000000000000000000000000000000000000000000040000000000000000000000000000000000000000000000000000000000",
	"root": null,
	"status": "0x1",
	"transactionHash": "0xfea9b935be894f9e177f804ca665ef22343274078e8dea3d2239eb54f9d6b76c",
	"transactionIndex": 76
}
[2018-04-28T21:59:08.768] [DEBUG] trans - TO:   0xf9b48d81192fcfc6c396f1cbc3429ba40359ca56
[2018-04-28T21:59:08.768] [DEBUG] trans - AMOUNT:   3000453800000000000000
[2018-04-28T21:59:08.768] [DEBUG] trans - Receipt info:  {
	"blockHash": "0xf18656beedcfa57e8a2cb2648254026f40da59808b33015a616b1cc66378242a",
	"blockNumber": 5522553,
	"contractAddress": null,
	"cumulativeGasUsed": 2931861,
	"gasUsed": 51653,
	"logs": [
		{
			"address": "0x7e9e431a0B8c4D532C745B1043c7FA29a48D4fBa",
			"blockHash": "0xf18656beedcfa57e8a2cb2648254026f40da59808b33015a616b1cc66378242a",
			"blockNumber": 5522553,
			"data": "0x0000000000000000000000000000000000000000000000a2a7a94203b2f28000",
			"logIndex": 55,
			"topics": [
				"0xddf252ad1be2c89b69c2b068fc378daa952ba7f163c4a11628f55a4df523b3ef",
				"0x000000000000000000000000468b858c964f297fd8fce058032bf4b4911a8ad8",
				"0x000000000000000000000000f9b48d81192fcfc6c396f1cbc3429ba40359ca56"
			],
			"transactionHash": "0x12b2ffe76341cb17915a514d94d4092f1fcae59869ffdde2d7245f212f56f964",
			"transactionIndex": 74,
			"transactionLogIndex": "0x0",
			"type": "mined",
			"id": "log_6acab16e"
		}
	],
	"logsBloom": "0x20000000000000000000000000020000000000000000000000080000000000000000000000000000000000000000000000000000000000000000000000000000000000000000010000000008000000000000000000000000000000000020000000000000000000000000000000000000000000000000000000000010000000000000000000000000000000000000000000000000000000000000000000000000000000000000000080000000000000000000000000000000000000010000000000001002000000000000000000000000000040000000000000000000000000000000000000000000000000000000000000000000000000000000000000000000",
	"root": null,
	"status": "0x1",
	"transactionHash": "0x12b2ffe76341cb17915a514d94d4092f1fcae59869ffdde2d7245f212f56f964",
	"transactionIndex": 74
}
[2018-04-28T21:59:08.769] [DEBUG] trans - TO:   0x26257d482621d89edb53ae691b86b4d22aafa808
[2018-04-28T21:59:08.769] [DEBUG] trans - AMOUNT:   3000566800000000000000
[2018-04-28T21:59:08.770] [DEBUG] trans - Receipt info:  {
	"blockHash": "0xf18656beedcfa57e8a2cb2648254026f40da59808b33015a616b1cc66378242a",
	"blockNumber": 5522553,
	"contractAddress": null,
	"cumulativeGasUsed": 2518957,
	"gasUsed": 51589,
	"logs": [
		{
			"address": "0x7e9e431a0B8c4D532C745B1043c7FA29a48D4fBa",
			"blockHash": "0xf18656beedcfa57e8a2cb2648254026f40da59808b33015a616b1cc66378242a",
			"blockNumber": 5522553,
			"data": "0x0000000000000000000000000000000000000000000000a2a93ab6ea6e910000",
			"logIndex": 47,
			"topics": [
				"0xddf252ad1be2c89b69c2b068fc378daa952ba7f163c4a11628f55a4df523b3ef",
				"0x000000000000000000000000468b858c964f297fd8fce058032bf4b4911a8ad8",
				"0x00000000000000000000000026257d482621d89edb53ae691b86b4d22aafa808"
			],
			"transactionHash": "0x2ed19db5b38d9c8c81ae0c327d4f33d72b06d69022bdaa7444852298ffda2930",
			"transactionIndex": 66,
			"transactionLogIndex": "0x0",
			"type": "mined",
			"id": "log_ef6492e2"
		}
	],
	"logsBloom": "0x00004000000000000000000000020000000000002000000000000000000000000000000000000000000000000000000000000000000000000000000000000000000000000000010000000008000000000000000000000000000000000020000000000000000000000000000000000000000000000000000000000010000000000000000000000000000000000000000000000000000000000000000000000000000000000000000080000000000000000000000000000000000000010000000400001002000000000000000000000000000000000000000000000000000000000000000000000000000000000000000000000000000000000000000000000000",
	"root": null,
	"status": "0x1",
	"transactionHash": "0x2ed19db5b38d9c8c81ae0c327d4f33d72b06d69022bdaa7444852298ffda2930",
	"transactionIndex": 66
}
[2018-04-28T21:59:08.770] [DEBUG] trans - TO:   0x12da27a84ba68d1f47789a253ae56a0b7abe0ba6
[2018-04-28T21:59:08.770] [DEBUG] trans - AMOUNT:   3000486200000000000000
[2018-04-28T21:59:08.770] [DEBUG] trans - Receipt info:  {
	"blockHash": "0xf18656beedcfa57e8a2cb2648254026f40da59808b33015a616b1cc66378242a",
	"blockNumber": 5522553,
	"contractAddress": null,
	"cumulativeGasUsed": 2880208,
	"gasUsed": 51653,
	"logs": [
		{
			"address": "0x7e9e431a0B8c4D532C745B1043c7FA29a48D4fBa",
			"blockHash": "0xf18656beedcfa57e8a2cb2648254026f40da59808b33015a616b1cc66378242a",
			"blockNumber": 5522553,
			"data": "0x0000000000000000000000000000000000000000000000a2a81c5da48dab8000",
			"logIndex": 54,
			"topics": [
				"0xddf252ad1be2c89b69c2b068fc378daa952ba7f163c4a11628f55a4df523b3ef",
				"0x000000000000000000000000468b858c964f297fd8fce058032bf4b4911a8ad8",
				"0x00000000000000000000000012da27a84ba68d1f47789a253ae56a0b7abe0ba6"
			],
			"transactionHash": "0xca59179acf09a4757fb77694e4ecc5fb51eef6cc4b9fe89f3d94dfe4ac09c707",
			"transactionIndex": 73,
			"transactionLogIndex": "0x0",
			"type": "mined",
			"id": "log_334ed75b"
		}
	],
	"logsBloom": "0x00000000000000000000000000020000000000000000000000000000000000000000000000000000000000400000000000000000000000000000000000000000000000000000010000000008000000000000000000000000000000000020000000000000000000000000000000000000000000000000000000000010000000000000000000000000000000000000000000000000000000000000000000000000000000000000000080000000000100000000000000000000000000010000000000001002000000000000000000000000000000000000008000000000000000000000000000000000000000000000000000000000000000000000000000000000",
	"root": null,
	"status": "0x1",
	"transactionHash": "0xca59179acf09a4757fb77694e4ecc5fb51eef6cc4b9fe89f3d94dfe4ac09c707",
	"transactionIndex": 73
}
[2018-04-28T21:59:08.770] [DEBUG] trans - TO:   0xe0c1c65e9ebf3300a5ca5cfa1dcf43ff86f59611
[2018-04-28T21:59:08.770] [DEBUG] trans - AMOUNT:   3000500000000000000000
[2018-04-28T21:59:08.770] [DEBUG] trans - Receipt info:  {
	"blockHash": "0xf18656beedcfa57e8a2cb2648254026f40da59808b33015a616b1cc66378242a",
	"blockNumber": 5522553,
	"contractAddress": null,
	"cumulativeGasUsed": 2776902,
	"gasUsed": 51525,
	"logs": [
		{
			"address": "0x7e9e431a0B8c4D532C745B1043c7FA29a48D4fBa",
			"blockHash": "0xf18656beedcfa57e8a2cb2648254026f40da59808b33015a616b1cc66378242a",
			"blockNumber": 5522553,
			"data": "0x0000000000000000000000000000000000000000000000a2a84d64ab6f920000",
			"logIndex": 52,
			"topics": [
				"0xddf252ad1be2c89b69c2b068fc378daa952ba7f163c4a11628f55a4df523b3ef",
				"0x000000000000000000000000468b858c964f297fd8fce058032bf4b4911a8ad8",
				"0x000000000000000000000000e0c1c65e9ebf3300a5ca5cfa1dcf43ff86f59611"
			],
			"transactionHash": "0xb5bbd1ce96689211892608fc84b90992305eb32000bb1e3176b8c0f94a8ed545",
			"transactionIndex": 71,
			"transactionLogIndex": "0x0",
			"type": "mined",
			"id": "log_0ba21f31"
		}
	],
	"logsBloom": "0x00000000000000000000000000420000000000000000000000000000000000000000000000000000000000000000000000000000000200000010000000000000000000000000010000000008000000000000000000000000000000000020000000000000000000000000000000000000000000000000000000000010000000000000000000000000000000000000000000000000000000000000000000000000000000000000000080000000000000000000000000000000000000010000000000001002000000000000000000000000000000000000000000000000000000000000000000000000000000000000000000000000000000000000000000000000",
	"root": null,
	"status": "0x1",
	"transactionHash": "0xb5bbd1ce96689211892608fc84b90992305eb32000bb1e3176b8c0f94a8ed545",
	"transactionIndex": 71
}
[2018-04-28T21:59:08.771] [DEBUG] trans - TO:   0x393405d9976f60ad5cf77e8aec5aa725d27f719d
[2018-04-28T21:59:08.771] [DEBUG] trans - AMOUNT:   3000493500000000000000
[2018-04-28T21:59:08.771] [DEBUG] trans - Receipt info:  {
	"blockHash": "0xf18656beedcfa57e8a2cb2648254026f40da59808b33015a616b1cc66378242a",
	"blockNumber": 5522553,
	"contractAddress": null,
	"cumulativeGasUsed": 2828555,
	"gasUsed": 51653,
	"logs": [
		{
			"address": "0x7e9e431a0B8c4D532C745B1043c7FA29a48D4fBa",
			"blockHash": "0xf18656beedcfa57e8a2cb2648254026f40da59808b33015a616b1cc66378242a",
			"blockNumber": 5522553,
			"data": "0x0000000000000000000000000000000000000000000000a2a8364cf44087c000",
			"logIndex": 53,
			"topics": [
				"0xddf252ad1be2c89b69c2b068fc378daa952ba7f163c4a11628f55a4df523b3ef",
				"0x000000000000000000000000468b858c964f297fd8fce058032bf4b4911a8ad8",
				"0x000000000000000000000000393405d9976f60ad5cf77e8aec5aa725d27f719d"
			],
			"transactionHash": "0xed44fb9c9dd09fc31cbe271830db87667d97fd597501896aabe4d6e443321bac",
			"transactionIndex": 72,
			"transactionLogIndex": "0x0",
			"type": "mined",
			"id": "log_be679e77"
		}
	],
	"logsBloom": "0x00005000000000000000000000020000000000000000000000000000000000000000000000000000800000000000000000000000000000000000000000000000000000000000010000000008000000000000000000000000000000000020000000000000000000000000000000000000000000000000000000000010000000000000000000000000000000000000000000000000000000000000000000000000000000000000000080000000000000000000000000000000000000010000000000001002000000000000000000000000000000000000000000000000000000000000000000000000000000000000000000000000000000000000000000000000",
	"root": null,
	"status": "0x1",
	"transactionHash": "0xed44fb9c9dd09fc31cbe271830db87667d97fd597501896aabe4d6e443321bac",
	"transactionIndex": 72
}
[2018-04-28T21:59:08.771] [DEBUG] trans - TO:   0xe23504e684fc2fd7ad980f221e7ef9b16f49195d
[2018-04-28T21:59:08.771] [DEBUG] trans - AMOUNT:   3000334300000000000000
[2018-04-28T21:59:08.771] [DEBUG] trans - Receipt info:  {
	"blockHash": "0xf18656beedcfa57e8a2cb2648254026f40da59808b33015a616b1cc66378242a",
	"blockNumber": 5522553,
	"contractAddress": null,
	"cumulativeGasUsed": 3293176,
	"gasUsed": 51589,
	"logs": [
		{
			"address": "0x7e9e431a0B8c4D532C745B1043c7FA29a48D4fBa",
			"blockHash": "0xf18656beedcfa57e8a2cb2648254026f40da59808b33015a616b1cc66378242a",
			"blockNumber": 5522553,
			"data": "0x0000000000000000000000000000000000000000000000a2a600b565c849c000",
			"logIndex": 62,
			"topics": [
				"0xddf252ad1be2c89b69c2b068fc378daa952ba7f163c4a11628f55a4df523b3ef",
				"0x000000000000000000000000468b858c964f297fd8fce058032bf4b4911a8ad8",
				"0x000000000000000000000000e23504e684fc2fd7ad980f221e7ef9b16f49195d"
			],
			"transactionHash": "0xcf51a99ac4a5ea903526b47e11aeb26e1f65cf89343932bf88004a3b05a23ba5",
			"transactionIndex": 81,
			"transactionLogIndex": "0x0",
			"type": "mined",
			"id": "log_d9df21f6"
		}
	],
	"logsBloom": "0x00000000000000000000000000820000000000000000000000000000000000000000000000000000000000000000000000001000000000000000000000000000000000000000010000000008000000000000000000000000000000000020000000000000000000000000000000000000000000000000000000000010000000000000000000000000000000000000000000000000000000000000000000000000000000000000000080000000000000000000000000000000000000010000000000001002000000000000000000000000000000000000000000000000000000000000000000000000000000000000000000000000000000000000000000040000",
	"root": null,
	"status": "0x1",
	"transactionHash": "0xcf51a99ac4a5ea903526b47e11aeb26e1f65cf89343932bf88004a3b05a23ba5",
	"transactionIndex": 81
}
[2018-04-28T21:59:08.771] [DEBUG] trans - TO:   0xc24dc002f1864e8693190168c0f767e9789f634f
[2018-04-28T21:59:08.771] [DEBUG] trans - AMOUNT:   3000345400000000000000
[2018-04-28T21:59:08.772] [DEBUG] trans - Receipt info:  {
	"blockHash": "0xf18656beedcfa57e8a2cb2648254026f40da59808b33015a616b1cc66378242a",
	"blockNumber": 5522553,
	"contractAddress": null,
	"cumulativeGasUsed": 3190062,
	"gasUsed": 51653,
	"logs": [
		{
			"address": "0x7e9e431a0B8c4D532C745B1043c7FA29a48D4fBa",
			"blockHash": "0xf18656beedcfa57e8a2cb2648254026f40da59808b33015a616b1cc66378242a",
			"blockNumber": 5522553,
			"data": "0x0000000000000000000000000000000000000000000000a2a62824c9ed4b8000",
			"logIndex": 60,
			"topics": [
				"0xddf252ad1be2c89b69c2b068fc378daa952ba7f163c4a11628f55a4df523b3ef",
				"0x000000000000000000000000468b858c964f297fd8fce058032bf4b4911a8ad8",
				"0x000000000000000000000000c24dc002f1864e8693190168c0f767e9789f634f"
			],
			"transactionHash": "0xbb8fca918f3cd19156f116fee807765f6a7318d522889dfbb2ceec38616a8c2c",
			"transactionIndex": 79,
			"transactionLogIndex": "0x0",
			"type": "mined",
			"id": "log_350d2fa8"
		}
	],
	"logsBloom": "0x00000000000000000000000000020100000000000000000000000000000040000000000000000000000000000000000000000000000000000000000000000000000000000000010000000008000000100000000000000000000000000020000000000000000000000000000000000000000000000000000000000010000000000000000000000000000000000000000000000000000000000000000000000000000000000000000080000000000000000000000000000000000000010000000000001002000000000000000000000000000000000000000000000000000000000000000000000000000000000000000000000000000000000000000000000000",
	"root": null,
	"status": "0x1",
	"transactionHash": "0xbb8fca918f3cd19156f116fee807765f6a7318d522889dfbb2ceec38616a8c2c",
	"transactionIndex": 79
}
[2018-04-28T21:59:08.773] [DEBUG] trans - TO:   0x8b5cdfc2475ea0764b92c64fa1657fd07255b75a
[2018-04-28T21:59:08.773] [DEBUG] trans - AMOUNT:   3000293700000000000000
[2018-04-28T21:59:08.773] [DEBUG] trans - Receipt info:  {
	"blockHash": "0xf18656beedcfa57e8a2cb2648254026f40da59808b33015a616b1cc66378242a",
	"blockNumber": 5522553,
	"contractAddress": null,
	"cumulativeGasUsed": 3396482,
	"gasUsed": 51653,
	"logs": [
		{
			"address": "0x7e9e431a0B8c4D532C745B1043c7FA29a48D4fBa",
			"blockHash": "0xf18656beedcfa57e8a2cb2648254026f40da59808b33015a616b1cc66378242a",
			"blockNumber": 5522553,
			"data": "0x0000000000000000000000000000000000000000000000a2a57077e9a6684000",
			"logIndex": 64,
			"topics": [
				"0xddf252ad1be2c89b69c2b068fc378daa952ba7f163c4a11628f55a4df523b3ef",
				"0x000000000000000000000000468b858c964f297fd8fce058032bf4b4911a8ad8",
				"0x0000000000000000000000008b5cdfc2475ea0764b92c64fa1657fd07255b75a"
			],
			"transactionHash": "0x4a27a7533d5e7a231631ab0a07e56d09bc22b8f97b03b79d8f1319863dd18cdc",
			"transactionIndex": 83,
			"transactionLogIndex": "0x0",
			"type": "mined",
			"id": "log_4a9ceed4"
		}
	],
	"logsBloom": "0x00000000000000000000000000020000000000000000000000000000000000000000000000000000000000000000000000000000000000000000000000000000000000000000010000000008000000000000000000000000000000000020000000000000000000000000000000000000000000000000000000000014000008000000000000000000000000000000000000000000000000000000000000000000000000000000000080000000000000000000000000000000000000010000000000001002000000000000000000000000000000000000000000000000000000000000000000000000000000000000008000000000000000000000000000000000",
	"root": null,
	"status": "0x1",
	"transactionHash": "0x4a27a7533d5e7a231631ab0a07e56d09bc22b8f97b03b79d8f1319863dd18cdc",
	"transactionIndex": 83
}
[2018-04-28T21:59:08.773] [DEBUG] trans - TO:   0x595f94c79d3ac5f8b7f7bb500ae77f337812b390
[2018-04-28T21:59:08.773] [DEBUG] trans - AMOUNT:   3000303400000000000000
[2018-04-28T21:59:08.773] [DEBUG] trans - Receipt info:  {
	"blockHash": "0xf18656beedcfa57e8a2cb2648254026f40da59808b33015a616b1cc66378242a",
	"blockNumber": 5522553,
	"contractAddress": null,
	"cumulativeGasUsed": 3344829,
	"gasUsed": 51653,
	"logs": [
		{
			"address": "0x7e9e431a0B8c4D532C745B1043c7FA29a48D4fBa",
			"blockHash": "0xf18656beedcfa57e8a2cb2648254026f40da59808b33015a616b1cc66378242a",
			"blockNumber": 5522553,
			"data": "0x0000000000000000000000000000000000000000000000a2a592ee02e4ba8000",
			"logIndex": 63,
			"topics": [
				"0xddf252ad1be2c89b69c2b068fc378daa952ba7f163c4a11628f55a4df523b3ef",
				"0x000000000000000000000000468b858c964f297fd8fce058032bf4b4911a8ad8",
				"0x000000000000000000000000595f94c79d3ac5f8b7f7bb500ae77f337812b390"
			],
			"transactionHash": "0xca9ae8dbd0d4292798e6c9fa2a19995731b0f00f2ffa9a7604b22aea4b48624a",
			"transactionIndex": 82,
			"transactionLogIndex": "0x0",
			"type": "mined",
			"id": "log_70200865"
		}
	],
	"logsBloom": "0x00000000000000000000000000020000000000000000000000000000000000000000000000000000000000000000000000000000000000000000000000000000000000000000010000000008000000000000000000000000000000000020000000000000000000000000000000000000000000200000000000000010000000000000000000000000000000080000000000000000000000000000000000000000000000000000000080000000000000000000000000000000000000010000000000001002000000000000000000000000000000000000000000000000000000000000000000000000000008000000000000000000000000000000000000000000",
	"root": null,
	"status": "0x1",
	"transactionHash": "0xca9ae8dbd0d4292798e6c9fa2a19995731b0f00f2ffa9a7604b22aea4b48624a",
	"transactionIndex": 82
}
[2018-04-28T21:59:08.774] [DEBUG] trans - TO:   0x656c24fd23948d61002195290ff549a2366fcac5
[2018-04-28T21:59:08.775] [DEBUG] trans - AMOUNT:   3000339300000000000000
[2018-04-28T21:59:08.775] [DEBUG] trans - Receipt info:  {
	"blockHash": "0xf18656beedcfa57e8a2cb2648254026f40da59808b33015a616b1cc66378242a",
	"blockNumber": 5522553,
	"contractAddress": null,
	"cumulativeGasUsed": 3241587,
	"gasUsed": 51525,
	"logs": [
		{
			"address": "0x7e9e431a0B8c4D532C745B1043c7FA29a48D4fBa",
			"blockHash": "0xf18656beedcfa57e8a2cb2648254026f40da59808b33015a616b1cc66378242a",
			"blockNumber": 5522553,
			"data": "0x0000000000000000000000000000000000000000000000a2a61278df002a4000",
			"logIndex": 61,
			"topics": [
				"0xddf252ad1be2c89b69c2b068fc378daa952ba7f163c4a11628f55a4df523b3ef",
				"0x000000000000000000000000468b858c964f297fd8fce058032bf4b4911a8ad8",
				"0x000000000000000000000000656c24fd23948d61002195290ff549a2366fcac5"
			],
			"transactionHash": "0x27ed5121b2445a8d3dbb2f88ece508a0a3f762ddd7c9fd7fdf76e9220e63ced3",
			"transactionIndex": 80,
			"transactionLogIndex": "0x0",
			"type": "mined",
			"id": "log_f140240a"
		}
	],
	"logsBloom": "0x00000000000000000000000000020000000000000000000000000000000000000000040000000000000000000000000000000000000000000000000000000000000000000000010000000008000000000000100000000000000000000020000000000000000000000000000000000000000000000000000000000010100000000000000000000000000000000000000000000000000000000000000000000000000000000000000080000000000000000000000000000000000000010000000000001002000000000000000000000000000000000000000000000000000000000000000000000000000000000000000000000000000000000000000000000000",
	"root": null,
	"status": "0x1",
	"transactionHash": "0x27ed5121b2445a8d3dbb2f88ece508a0a3f762ddd7c9fd7fdf76e9220e63ced3",
	"transactionIndex": 80
}
[2018-04-28T21:59:08.775] [DEBUG] trans - TO:   0xc49830add09b7b13758537fa4e8db73fa5fd4bb4
[2018-04-28T21:59:08.775] [DEBUG] trans - AMOUNT:   3000275700000000000000
[2018-04-28T21:59:08.775] [DEBUG] trans - Receipt info:  {
	"blockHash": "0xf18656beedcfa57e8a2cb2648254026f40da59808b33015a616b1cc66378242a",
	"blockNumber": 5522553,
	"contractAddress": null,
	"cumulativeGasUsed": 3499724,
	"gasUsed": 51653,
	"logs": [
		{
			"address": "0x7e9e431a0B8c4D532C745B1043c7FA29a48D4fBa",
			"blockHash": "0xf18656beedcfa57e8a2cb2648254026f40da59808b33015a616b1cc66378242a",
			"blockNumber": 5522553,
			"data": "0x0000000000000000000000000000000000000000000000a2a530850210734000",
			"logIndex": 66,
			"topics": [
				"0xddf252ad1be2c89b69c2b068fc378daa952ba7f163c4a11628f55a4df523b3ef",
				"0x000000000000000000000000468b858c964f297fd8fce058032bf4b4911a8ad8",
				"0x000000000000000000000000c49830add09b7b13758537fa4e8db73fa5fd4bb4"
			],
			"transactionHash": "0xa338fb5aa4529f36dcc5307d3cceb9db90505a1aceb805cb23206ec673b4995a",
			"transactionIndex": 85,
			"transactionLogIndex": "0x0",
			"type": "mined",
			"id": "log_d027e546"
		}
	],
	"logsBloom": "0x00000000000000000000000000020000000000000000000000000000000000000000000000000000010000000000000000000000000000000000000000000000000000000000010000000008000000000020000000000000000000000020000000000000800000000000000000000000000000000000000000000010000000000000000000000000000000000000000000000000000000000000000000000000000000000000000080000000000000000000000000000000000000010000000000001002000000000000000000000000000000000000000000000000000000000000000000000000000000000000000000000000000000000000000000000000",
	"root": null,
	"status": "0x1",
	"transactionHash": "0xa338fb5aa4529f36dcc5307d3cceb9db90505a1aceb805cb23206ec673b4995a",
	"transactionIndex": 85
}
[2018-04-28T21:59:08.775] [DEBUG] trans - TO:   0x26cc7e5d5bd446bb527e793d4d5705f75819f497
[2018-04-28T21:59:08.775] [DEBUG] trans - AMOUNT:   3000355300000000000000
[2018-04-28T21:59:08.775] [DEBUG] trans - Receipt info:  {
	"blockHash": "0xf18656beedcfa57e8a2cb2648254026f40da59808b33015a616b1cc66378242a",
	"blockNumber": 5522553,
	"contractAddress": null,
	"cumulativeGasUsed": 3138409,
	"gasUsed": 51653,
	"logs": [
		{
			"address": "0x7e9e431a0B8c4D532C745B1043c7FA29a48D4fBa",
			"blockHash": "0xf18656beedcfa57e8a2cb2648254026f40da59808b33015a616b1cc66378242a",
			"blockNumber": 5522553,
			"data": "0x0000000000000000000000000000000000000000000000a2a64b50c94c924000",
			"logIndex": 59,
			"topics": [
				"0xddf252ad1be2c89b69c2b068fc378daa952ba7f163c4a11628f55a4df523b3ef",
				"0x000000000000000000000000468b858c964f297fd8fce058032bf4b4911a8ad8",
				"0x00000000000000000000000026cc7e5d5bd446bb527e793d4d5705f75819f497"
			],
			"transactionHash": "0xdae28319eb6d4e2eef617c1119f8650946b5da5073658853db97b7cc24c30c69",
			"transactionIndex": 78,
			"transactionLogIndex": "0x0",
			"type": "mined",
			"id": "log_0ddcf06f"
		}
	],
	"logsBloom": "0x00000000000000000000000000020000000000000000000000000000000000000000000000000000000000000000000000000000000000000000000000000000000000000000010000000008000000000000000000000000000000000020000000000000000000000000000000000000000000000000000000000010000000000000000000000040000000000000000000000000000000000000000000000000000000000000000080000000000000000000000000000000000000010000000000001002000000000002000080000000000000000000000000000000000000000000000000000000000000000000000000000000000000000000000000000000",
	"root": null,
	"status": "0x1",
	"transactionHash": "0xdae28319eb6d4e2eef617c1119f8650946b5da5073658853db97b7cc24c30c69",
	"transactionIndex": 78
}
[2018-04-28T21:59:08.776] [DEBUG] trans - TO:   0x1682a527240cb18ff398f4869a3f907cc2454be9
[2018-04-28T21:59:08.776] [DEBUG] trans - AMOUNT:   3000278000000000000000
[2018-04-28T21:59:08.776] [DEBUG] trans - Receipt info:  {
	"blockHash": "0xf18656beedcfa57e8a2cb2648254026f40da59808b33015a616b1cc66378242a",
	"blockNumber": 5522553,
	"contractAddress": null,
	"cumulativeGasUsed": 3448071,
	"gasUsed": 51589,
	"logs": [
		{
			"address": "0x7e9e431a0B8c4D532C745B1043c7FA29a48D4fBa",
			"blockHash": "0xf18656beedcfa57e8a2cb2648254026f40da59808b33015a616b1cc66378242a",
			"blockNumber": 5522553,
			"data": "0x0000000000000000000000000000000000000000000000a2a538b0d88b6f0000",
			"logIndex": 65,
			"topics": [
				"0xddf252ad1be2c89b69c2b068fc378daa952ba7f163c4a11628f55a4df523b3ef",
				"0x000000000000000000000000468b858c964f297fd8fce058032bf4b4911a8ad8",
				"0x0000000000000000000000001682a527240cb18ff398f4869a3f907cc2454be9"
			],
			"transactionHash": "0xc6e892d2a5de81ee8fd7c073b126ec8fc3ae1acbb92c0ba950737c6b651ded76",
			"transactionIndex": 84,
			"transactionLogIndex": "0x0",
			"type": "mined",
			"id": "log_e65db909"
		}
	],
	"logsBloom": "0x00000000000000000080000000020000000000000000000000000000004000000000000000000000000000000000000000000000000000000000000000000000000000000000010000000008000000000000000000000000000000000020000000000000000000000000000000000000000000000000000000000010000000000000000000000000000000000000000000000000000000000000000000000000000000000000000080000000000000000000000000000000000000010000000000001002000000000000000000000000000000000000000000002000000000000000000000000000000000000000000000000000000000000000000000000000",
	"root": null,
	"status": "0x1",
	"transactionHash": "0xc6e892d2a5de81ee8fd7c073b126ec8fc3ae1acbb92c0ba950737c6b651ded76",
	"transactionIndex": 84
}
[2018-04-28T21:59:08.776] [DEBUG] trans - TO:   0xe8d3dd930043d64f032f8701cf1a25b5647239d0
[2018-04-28T21:59:08.776] [DEBUG] trans - AMOUNT:   3000185900000000000000
[2018-04-28T21:59:08.776] [DEBUG] trans - Receipt info:  {
	"blockHash": "0xf18656beedcfa57e8a2cb2648254026f40da59808b33015a616b1cc66378242a",
	"blockNumber": 5522553,
	"contractAddress": null,
	"cumulativeGasUsed": 3602966,
	"gasUsed": 51589,
	"logs": [
		{
			"address": "0x7e9e431a0B8c4D532C745B1043c7FA29a48D4fBa",
			"blockHash": "0xf18656beedcfa57e8a2cb2648254026f40da59808b33015a616b1cc66378242a",
			"blockNumber": 5522553,
			"data": "0x0000000000000000000000000000000000000000000000a2a3f17c62439ec000",
			"logIndex": 68,
			"topics": [
				"0xddf252ad1be2c89b69c2b068fc378daa952ba7f163c4a11628f55a4df523b3ef",
				"0x000000000000000000000000468b858c964f297fd8fce058032bf4b4911a8ad8",
				"0x000000000000000000000000e8d3dd930043d64f032f8701cf1a25b5647239d0"
			],
			"transactionHash": "0x0309c1d0a73d4a740395bd5c55715e77f58bb882d79da3b52685a51e5aa25df9",
			"transactionIndex": 87,
			"transactionLogIndex": "0x0",
			"type": "mined",
			"id": "log_0fcd4522"
		}
	],
	"logsBloom": "0x00000000000000000000000000020000000000000000000000000000000000000000000000000000000000000000000000000000000000000000000000000000000000000000010000000008000000000000000000000000000000000020000000000000000000000000000000000000000000000080000000000010000000000000000000000000000000000000000000000000000000000000000000000000000000000000000080000000000000000000001000000000000000010000000000001002000000000000000000000000000000000000000000000000000000000000000000000000000000000000000000000000000000000000000000000040",
	"root": null,
	"status": "0x1",
	"transactionHash": "0x0309c1d0a73d4a740395bd5c55715e77f58bb882d79da3b52685a51e5aa25df9",
	"transactionIndex": 87
}
[2018-04-28T21:59:08.777] [DEBUG] trans - TO:   0x135df0831054298ee1da5ad46aae1062e3c085a6
[2018-04-28T21:59:08.777] [DEBUG] trans - AMOUNT:   3000150000000000000000
[2018-04-28T21:59:08.777] [DEBUG] trans - Receipt info:  {
	"blockHash": "0xf18656beedcfa57e8a2cb2648254026f40da59808b33015a616b1cc66378242a",
	"blockNumber": 5522553,
	"contractAddress": null,
	"cumulativeGasUsed": 3757861,
	"gasUsed": 51589,
	"logs": [
		{
			"address": "0x7e9e431a0B8c4D532C745B1043c7FA29a48D4fBa",
			"blockHash": "0xf18656beedcfa57e8a2cb2648254026f40da59808b33015a616b1cc66378242a",
			"blockNumber": 5522553,
			"data": "0x0000000000000000000000000000000000000000000000a2a371f186282f0000",
			"logIndex": 71,
			"topics": [
				"0xddf252ad1be2c89b69c2b068fc378daa952ba7f163c4a11628f55a4df523b3ef",
				"0x000000000000000000000000468b858c964f297fd8fce058032bf4b4911a8ad8",
				"0x000000000000000000000000135df0831054298ee1da5ad46aae1062e3c085a6"
			],
			"transactionHash": "0x8d7555c3d1a27b686f9f037f745e70dac7d4086c21ab055effe5876105ff7471",
			"transactionIndex": 90,
			"transactionLogIndex": "0x0",
			"type": "mined",
			"id": "log_82a1388b"
		}
	],
	"logsBloom": "0x00000000000000000000000000020000040000000000000000000000000000000000000000000000000000000000000000000000000000000000000000000000000000000000010000000008000000000000000000000000000000000020000000000000000000000000000000000000000000000000000000080010000000000000000000000000000000000000000000000000000000000000000000000000000000000000000080000000000000000000000000000000000000010000000000001002000000000200000000000000000000000000000000000000000000000000000000000000000000000000000000000000000000000000000000000000",
	"root": null,
	"status": "0x1",
	"transactionHash": "0x8d7555c3d1a27b686f9f037f745e70dac7d4086c21ab055effe5876105ff7471",
	"transactionIndex": 90
}
[2018-04-28T21:59:08.777] [DEBUG] trans - TO:   0x23bfb0395fea2233e1f41e9446c7d49219d218ea
[2018-04-28T21:59:08.777] [DEBUG] trans - AMOUNT:   3000406200000000000000
[2018-04-28T21:59:08.777] [DEBUG] trans - Receipt info:  {
	"blockHash": "0xf18656beedcfa57e8a2cb2648254026f40da59808b33015a616b1cc66378242a",
	"blockNumber": 5522553,
	"contractAddress": null,
	"cumulativeGasUsed": 2983450,
	"gasUsed": 51589,
	"logs": [
		{
			"address": "0x7e9e431a0B8c4D532C745B1043c7FA29a48D4fBa",
			"blockHash": "0xf18656beedcfa57e8a2cb2648254026f40da59808b33015a616b1cc66378242a",
			"blockNumber": 5522553,
			"data": "0x0000000000000000000000000000000000000000000000a2a70026110fa38000",
			"logIndex": 56,
			"topics": [
				"0xddf252ad1be2c89b69c2b068fc378daa952ba7f163c4a11628f55a4df523b3ef",
				"0x000000000000000000000000468b858c964f297fd8fce058032bf4b4911a8ad8",
				"0x00000000000000000000000023bfb0395fea2233e1f41e9446c7d49219d218ea"
			],
			"transactionHash": "0x0371596ab0bbf86ea687e796e9cf997aec1abbced8f204e12e8d8345f953644a",
			"transactionIndex": 75,
			"transactionLogIndex": "0x0",
			"type": "mined",
			"id": "log_bedc49ec"
		}
	],
	"logsBloom": "0x00000000000000000000000000020000000000000000000000000000000000000000000000000000000000000000000200000000000000000000000000000000000000000000010000100008000000000000000000000100000000000020000000000000000000000000000000000000000000000000000000000010000000000000000000000000000000000000000000000000000000000000000000000000000000000000000080000000000000000000000000000000000000010000000000001002000000000000000000000000000000000000000000000000000000000000000000000000000000000000000000000000000000000000000000000000",
	"root": null,
	"status": "0x1",
	"transactionHash": "0x0371596ab0bbf86ea687e796e9cf997aec1abbced8f204e12e8d8345f953644a",
	"transactionIndex": 75
}
[2018-04-28T21:59:08.778] [DEBUG] trans - TO:   0xaa318d43968d302541b0d111b3cf0dd2653fa0de
[2018-04-28T21:59:08.778] [DEBUG] trans - AMOUNT:   3000213300000000000000
[2018-04-28T21:59:08.778] [DEBUG] trans - Receipt info:  {
	"blockHash": "0xf18656beedcfa57e8a2cb2648254026f40da59808b33015a616b1cc66378242a",
	"blockNumber": 5522553,
	"contractAddress": null,
	"cumulativeGasUsed": 3551377,
	"gasUsed": 51653,
	"logs": [
		{
			"address": "0x7e9e431a0B8c4D532C745B1043c7FA29a48D4fBa",
			"blockHash": "0xf18656beedcfa57e8a2cb2648254026f40da59808b33015a616b1cc66378242a",
			"blockNumber": 5522553,
			"data": "0x0000000000000000000000000000000000000000000000a2a452d489e6774000",
			"logIndex": 67,
			"topics": [
				"0xddf252ad1be2c89b69c2b068fc378daa952ba7f163c4a11628f55a4df523b3ef",
				"0x000000000000000000000000468b858c964f297fd8fce058032bf4b4911a8ad8",
				"0x000000000000000000000000aa318d43968d302541b0d111b3cf0dd2653fa0de"
			],
			"transactionHash": "0x88eda62550d05b2f525b605c8034b04c3ea82785eafe1eed8e005cf37234664f",
			"transactionIndex": 86,
			"transactionLogIndex": "0x0",
			"type": "mined",
			"id": "log_a532b851"
		}
	],
	"logsBloom": "0x00000000000000000000000000020000000000000000000000000000000000000000000000000000000000000000000000000000000000000000000000000000000000000000010000000008000000000000000000000000000000000020000000000000000000000000000000000000000000000000000000000010000000000000000000000000000000000000000000000000000000000000000000000000000000000000000080000000000000000000000000000010000000010000000000001002000000000000000000000000000000000010000000000000000000000020000000000000000000000000000000000000000000000000000000000000",
	"root": null,
	"status": "0x1",
	"transactionHash": "0x88eda62550d05b2f525b605c8034b04c3ea82785eafe1eed8e005cf37234664f",
	"transactionIndex": 86
}
[2018-04-28T21:59:08.778] [DEBUG] trans - TO:   0x7ffbf18a372651971f11f480155ccfe37cfacab8
[2018-04-28T21:59:08.779] [DEBUG] trans - AMOUNT:   3000144000000000000000
[2018-04-28T21:59:08.779] [DEBUG] trans - Receipt info:  {
	"blockHash": "0xf18656beedcfa57e8a2cb2648254026f40da59808b33015a616b1cc66378242a",
	"blockNumber": 5522553,
	"contractAddress": null,
	"cumulativeGasUsed": 3809450,
	"gasUsed": 51589,
	"logs": [
		{
			"address": "0x7e9e431a0B8c4D532C745B1043c7FA29a48D4fBa",
			"blockHash": "0xf18656beedcfa57e8a2cb2648254026f40da59808b33015a616b1cc66378242a",
			"blockNumber": 5522553,
			"data": "0x0000000000000000000000000000000000000000000000a2a35ca08e4b880000",
			"logIndex": 72,
			"topics": [
				"0xddf252ad1be2c89b69c2b068fc378daa952ba7f163c4a11628f55a4df523b3ef",
				"0x000000000000000000000000468b858c964f297fd8fce058032bf4b4911a8ad8",
				"0x0000000000000000000000007ffbf18a372651971f11f480155ccfe37cfacab8"
			],
			"transactionHash": "0xe2cdceb1e65bb732cc646b790bdfe526739c29303bcf179729d10aebea00c3ce",
			"transactionIndex": 91,
			"transactionLogIndex": "0x0",
			"type": "mined",
			"id": "log_29396dcf"
		}
	],
	"logsBloom": "0x00000000000000000000000000020000000000000000000000000000000000000000000000000000000000000000000000000000000000000000000000000000000000000000010000000008000000000000000000000000000000000020000000000000000000000000000000000000000000000000000000000010000000000000000000000000000000040000000000000000000000000000000000000000000000000000000080000000000000000000000000000000000000010000000000001002000000000000000080000000000000000000000000001000000000000000000000000000000000000000000000000000000000000000000000000000",
	"root": null,
	"status": "0x1",
	"transactionHash": "0xe2cdceb1e65bb732cc646b790bdfe526739c29303bcf179729d10aebea00c3ce",
	"transactionIndex": 91
}
[2018-04-28T21:59:08.779] [DEBUG] trans - TO:   0x83ce1a43a9e954f2d10876680ade2a067e36606e
[2018-04-28T21:59:08.779] [DEBUG] trans - AMOUNT:   3000160100000000000000
[2018-04-28T21:59:08.779] [DEBUG] trans - Receipt info:  {
	"blockHash": "0xf18656beedcfa57e8a2cb2648254026f40da59808b33015a616b1cc66378242a",
	"blockNumber": 5522553,
	"contractAddress": null,
	"cumulativeGasUsed": 3654619,
	"gasUsed": 51653,
	"logs": [
		{
			"address": "0x7e9e431a0B8c4D532C745B1043c7FA29a48D4fBa",
			"blockHash": "0xf18656beedcfa57e8a2cb2648254026f40da59808b33015a616b1cc66378242a",
			"blockNumber": 5522553,
			"data": "0x0000000000000000000000000000000000000000000000a2a395d36ba86a4000",
			"logIndex": 69,
			"topics": [
				"0xddf252ad1be2c89b69c2b068fc378daa952ba7f163c4a11628f55a4df523b3ef",
				"0x000000000000000000000000468b858c964f297fd8fce058032bf4b4911a8ad8",
				"0x00000000000000000000000083ce1a43a9e954f2d10876680ade2a067e36606e"
			],
			"transactionHash": "0x4e351dd9767368f9eaca539f3327a0740bc47c764f7083e41ee42ced9d6b2e47",
			"transactionIndex": 88,
			"transactionLogIndex": "0x0",
			"type": "mined",
			"id": "log_fdda1f00"
		}
	],
	"logsBloom": "0x80000000000000000000000000020000000000000000000000000000000000000000000000000000000000000000000000000000000000000000000000000000000000000000010000000008000000000000000000000000000000000020000000000000000000000000000000000000000000000000000000000010000000000000000000000000000000000000000000000000000000000000000000000000000000000000000080001000000000000000000000002000000000010000000000001002000000000000000000000000000000000000000000000000000000000000000000000000000000000000000000000000000000000000000000000000",
	"root": null,
	"status": "0x1",
	"transactionHash": "0x4e351dd9767368f9eaca539f3327a0740bc47c764f7083e41ee42ced9d6b2e47",
	"transactionIndex": 88
}
[2018-04-28T21:59:08.780] [DEBUG] trans - TO:   0xaac19d64f7ddb6506cd78a1252268bc1ff91ca60
[2018-04-28T21:59:08.780] [DEBUG] trans - AMOUNT:   3000136900000000000000
[2018-04-28T21:59:08.780] [DEBUG] trans - Receipt info:  {
	"blockHash": "0xf18656beedcfa57e8a2cb2648254026f40da59808b33015a616b1cc66378242a",
	"blockNumber": 5522553,
	"contractAddress": null,
	"cumulativeGasUsed": 3861103,
	"gasUsed": 51653,
	"logs": [
		{
			"address": "0x7e9e431a0B8c4D532C745B1043c7FA29a48D4fBa",
			"blockHash": "0xf18656beedcfa57e8a2cb2648254026f40da59808b33015a616b1cc66378242a",
			"blockNumber": 5522553,
			"data": "0x0000000000000000000000000000000000000000000000a2a3436724b9a04000",
			"logIndex": 73,
			"topics": [
				"0xddf252ad1be2c89b69c2b068fc378daa952ba7f163c4a11628f55a4df523b3ef",
				"0x000000000000000000000000468b858c964f297fd8fce058032bf4b4911a8ad8",
				"0x000000000000000000000000aac19d64f7ddb6506cd78a1252268bc1ff91ca60"
			],
			"transactionHash": "0xc7c06cbe9d91aec5ec23f69a6e960f7e038aee3392338b597c592ad919bd9d9a",
			"transactionIndex": 92,
			"transactionLogIndex": "0x0",
			"type": "mined",
			"id": "log_9de3fb70"
		}
	],
	"logsBloom": "0x00000000000000000000000000020000000000000000000000000000000000000000000000000000000000000000000000000000000000000000001000000000000000000000010000000008000000000000000000000000000000000020008000000000000000000000000000000000000000000000000000000010000200000000000000000000000000000000000000000000000000000000000000000000000000000000000080000000000000000000000000000000000000010000000000001002000000000000000000000000000000000000000000000000000000000000000000000000000000000000000000000000000000000000000000000000",
	"root": null,
	"status": "0x1",
	"transactionHash": "0xc7c06cbe9d91aec5ec23f69a6e960f7e038aee3392338b597c592ad919bd9d9a",
	"transactionIndex": 92
}
[2018-04-28T21:59:08.781] [DEBUG] trans - TO:   0xc9214d4970215d41a60bea79ef058dfe4a65ce4f
[2018-04-28T21:59:08.781] [DEBUG] trans - AMOUNT:   3000126000000000000000
[2018-04-28T21:59:08.781] [DEBUG] trans - Receipt info:  {
	"blockHash": "0xf18656beedcfa57e8a2cb2648254026f40da59808b33015a616b1cc66378242a",
	"blockNumber": 5522553,
	"contractAddress": null,
	"cumulativeGasUsed": 3964345,
	"gasUsed": 51589,
	"logs": [
		{
			"address": "0x7e9e431a0B8c4D532C745B1043c7FA29a48D4fBa",
			"blockHash": "0xf18656beedcfa57e8a2cb2648254026f40da59808b33015a616b1cc66378242a",
			"blockNumber": 5522553,
			"data": "0x0000000000000000000000000000000000000000000000a2a31cada6b5930000",
			"logIndex": 75,
			"topics": [
				"0xddf252ad1be2c89b69c2b068fc378daa952ba7f163c4a11628f55a4df523b3ef",
				"0x000000000000000000000000468b858c964f297fd8fce058032bf4b4911a8ad8",
				"0x000000000000000000000000c9214d4970215d41a60bea79ef058dfe4a65ce4f"
			],
			"transactionHash": "0xeaac724bc284fc5ead05f23d9ff3648b4af99f126ea652105395bd9684e8c25b",
			"transactionIndex": 94,
			"transactionLogIndex": "0x0",
			"type": "mined",
			"id": "log_f260ffe4"
		}
	],
	"logsBloom": "0x00000000200000000000000000020000000000000000000000000000000000000000000000000000000000000000000000000000000000000000000000000000000000000000010000000008000000000000000000000000000000000020000000000000000000000000000000000000000000000000000000000010000010000000000000000000000000008000000000000000000000000000000000000000000000000000000080000000000000000000000000000000000000010000000000001002000000000000000000000000000000000000000000000000000000000000000000000000000000000000000000000000000000000000000000000000",
	"root": null,
	"status": "0x1",
	"transactionHash": "0xeaac724bc284fc5ead05f23d9ff3648b4af99f126ea652105395bd9684e8c25b",
	"transactionIndex": 94
}
[2018-04-28T21:59:08.781] [DEBUG] trans - TO:   0xc282e16c7252194ee4e0a8670a7fb72e4854ccce
[2018-04-28T21:59:08.781] [DEBUG] trans - AMOUNT:   3000090800000000000000
[2018-04-28T21:59:08.781] [DEBUG] trans - Receipt info:  {
	"blockHash": "0xf18656beedcfa57e8a2cb2648254026f40da59808b33015a616b1cc66378242a",
	"blockNumber": 5522553,
	"contractAddress": null,
	"cumulativeGasUsed": 4015934,
	"gasUsed": 51589,
	"logs": [
		{
			"address": "0x7e9e431a0B8c4D532C745B1043c7FA29a48D4fBa",
			"blockHash": "0xf18656beedcfa57e8a2cb2648254026f40da59808b33015a616b1cc66378242a",
			"blockNumber": 5522553,
			"data": "0x0000000000000000000000000000000000000000000000a2a29f9f700d7b0000",
			"logIndex": 76,
			"topics": [
				"0xddf252ad1be2c89b69c2b068fc378daa952ba7f163c4a11628f55a4df523b3ef",
				"0x000000000000000000000000468b858c964f297fd8fce058032bf4b4911a8ad8",
				"0x000000000000000000000000c282e16c7252194ee4e0a8670a7fb72e4854ccce"
			],
			"transactionHash": "0x393adc532b411f6de391a95dc0465023a77819b9e96ec738aee2a9d7f48d004b",
			"transactionIndex": 95,
			"transactionLogIndex": "0x0",
			"type": "mined",
			"id": "log_139ec738"
		}
	],
	"logsBloom": "0x00000000000000000000000000020000000000000000000080000010000000000000000000000000000000000000000000000000000000000000000000000000000000000000010000000008000000000000000000000000000000000020000000000000000000000000000000000000000000000000000000000010000000000000200000000000000000000000000000000000000000000000000000000000000000000000000080000000000000000000000000000000000000010000000000001002000000000000000000000000000000000000000000000000000000000000000000000000000000000000000000000000000000000000000000000000",
	"root": null,
	"status": "0x1",
	"transactionHash": "0x393adc532b411f6de391a95dc0465023a77819b9e96ec738aee2a9d7f48d004b",
	"transactionIndex": 95
}
[2018-04-28T21:59:08.782] [DEBUG] trans - TO:   0x9d534d6088b849ca45e389b1372950141b05b885
[2018-04-28T21:59:08.782] [DEBUG] trans - AMOUNT:   3000082400000000000000
[2018-04-28T21:59:08.782] [DEBUG] trans - Receipt info:  {
	"blockHash": "0xf18656beedcfa57e8a2cb2648254026f40da59808b33015a616b1cc66378242a",
	"blockNumber": 5522553,
	"contractAddress": null,
	"cumulativeGasUsed": 4067523,
	"gasUsed": 51589,
	"logs": [
		{
			"address": "0x7e9e431a0B8c4D532C745B1043c7FA29a48D4fBa",
			"blockHash": "0xf18656beedcfa57e8a2cb2648254026f40da59808b33015a616b1cc66378242a",
			"blockNumber": 5522553,
			"data": "0x0000000000000000000000000000000000000000000000a2a281c7aea55e0000",
			"logIndex": 77,
			"topics": [
				"0xddf252ad1be2c89b69c2b068fc378daa952ba7f163c4a11628f55a4df523b3ef",
				"0x000000000000000000000000468b858c964f297fd8fce058032bf4b4911a8ad8",
				"0x0000000000000000000000009d534d6088b849ca45e389b1372950141b05b885"
			],
			"transactionHash": "0x08a635a83529da102d9c87e7522aaf4cc0bd6709f601ead38c799cf61923dda4",
			"transactionIndex": 96,
			"transactionLogIndex": "0x0",
			"type": "mined",
			"id": "log_1ab5020f"
		}
	],
	"logsBloom": "0x00000000000000000000000000020000000000000000000000000000000000000000000000000000000000000000000000000000000000000000000000000000000000000000010000000008000000000008000000000000040000000020000000000000000000000000000000000000000000000000000000000010000000000000000000000000000000000000000000000010000000000000000000000000000000000000000080000000000000000000000000000000000000010000000000001002000000000000000000000000000000000000000000000000000000000000000000000000000000000000000000000000000000000000000000000000",
	"root": null,
	"status": "0x1",
	"transactionHash": "0x08a635a83529da102d9c87e7522aaf4cc0bd6709f601ead38c799cf61923dda4",
	"transactionIndex": 96
}
[2018-04-28T21:59:08.783] [DEBUG] trans - TO:   0xc988d1e6be4193e0836f7fb45464a6f37817b3fc
[2018-04-28T21:59:08.783] [DEBUG] trans - AMOUNT:   3000080300000000000000
[2018-04-28T21:59:08.783] [DEBUG] trans - Receipt info:  {
	"blockHash": "0xf18656beedcfa57e8a2cb2648254026f40da59808b33015a616b1cc66378242a",
	"blockNumber": 5522553,
	"contractAddress": null,
	"cumulativeGasUsed": 4119176,
	"gasUsed": 51653,
	"logs": [
		{
			"address": "0x7e9e431a0B8c4D532C745B1043c7FA29a48D4fBa",
			"blockHash": "0xf18656beedcfa57e8a2cb2648254026f40da59808b33015a616b1cc66378242a",
			"blockNumber": 5522553,
			"data": "0x0000000000000000000000000000000000000000000000a2a27a51be4b56c000",
			"logIndex": 78,
			"topics": [
				"0xddf252ad1be2c89b69c2b068fc378daa952ba7f163c4a11628f55a4df523b3ef",
				"0x000000000000000000000000468b858c964f297fd8fce058032bf4b4911a8ad8",
				"0x000000000000000000000000c988d1e6be4193e0836f7fb45464a6f37817b3fc"
			],
			"transactionHash": "0x155ab759b9aedbbb733db7500608aac0ae3b431dc30ff9b9785a41bcdaf4e1c8",
			"transactionIndex": 97,
			"transactionLogIndex": "0x0",
			"type": "mined",
			"id": "log_7e30958a"
		}
	],
	"logsBloom": "0x00002000000000000000000000020000000000000000000000000000000000000000000000000000000000000020000000000000000000000000000000000000000000000000010000000008000000000000000000000000000000000020000000000000008000000000000000000000000000000000000000000010000000000000000000000000000000000000000000000000000000000000000000000000000000000000000080000000000000000000000000000000000000010000000000001002000000000000000000000000000000000000000000000000000000000000000000000000000000000000000000000000000000000000000000000000",
	"root": null,
	"status": "0x1",
	"transactionHash": "0x155ab759b9aedbbb733db7500608aac0ae3b431dc30ff9b9785a41bcdaf4e1c8",
	"transactionIndex": 97
}
[2018-04-28T21:59:08.784] [DEBUG] trans - TO:   0x92bd230d268b1f018f9798f9883888572054f54d
[2018-04-28T21:59:08.784] [DEBUG] trans - AMOUNT:   3000078200000000000000
[2018-04-28T21:59:08.784] [DEBUG] trans - Receipt info:  {
	"blockHash": "0xf18656beedcfa57e8a2cb2648254026f40da59808b33015a616b1cc66378242a",
	"blockNumber": 5522553,
	"contractAddress": null,
	"cumulativeGasUsed": 4170829,
	"gasUsed": 51653,
	"logs": [
		{
			"address": "0x7e9e431a0B8c4D532C745B1043c7FA29a48D4fBa",
			"blockHash": "0xf18656beedcfa57e8a2cb2648254026f40da59808b33015a616b1cc66378242a",
			"blockNumber": 5522553,
			"data": "0x0000000000000000000000000000000000000000000000a2a272dbcdf14f8000",
			"logIndex": 79,
			"topics": [
				"0xddf252ad1be2c89b69c2b068fc378daa952ba7f163c4a11628f55a4df523b3ef",
				"0x000000000000000000000000468b858c964f297fd8fce058032bf4b4911a8ad8",
				"0x00000000000000000000000092bd230d268b1f018f9798f9883888572054f54d"
			],
			"transactionHash": "0x74f1c761144d081e65ef03adf85f9f78f1b3bdb07a17be2ea266dd1b556e8db7",
			"transactionIndex": 98,
			"transactionLogIndex": "0x0",
			"type": "mined",
			"id": "log_5e5b8840"
		}
	],
	"logsBloom": "0x00000000000000000000000000020000000000000000000000000000000000000000000000000000000000000000000000000000000000000000000000000000000000000000010000000008000000000000000000000000000000000020000000000000000000000000000040001000000000000000000000000010000000000000000000000000000000000000000000000000000000000000000000000000000000000000000080000000000000000000000000000000000000010000000000201002000000000000000000000000000000000000000000000000000000000000000000000000000000000000000000000000000000000000000000000000",
	"root": null,
	"status": "0x1",
	"transactionHash": "0x74f1c761144d081e65ef03adf85f9f78f1b3bdb07a17be2ea266dd1b556e8db7",
	"transactionIndex": 98
}
[2018-04-28T21:59:08.785] [DEBUG] trans - TO:   0x9785bebb69a24c879c37ff955447a8180b69d90a
[2018-04-28T21:59:08.785] [DEBUG] trans - AMOUNT:   3000044100000000000000
[2018-04-28T21:59:08.785] [DEBUG] trans - Receipt info:  {
	"blockHash": "0xf18656beedcfa57e8a2cb2648254026f40da59808b33015a616b1cc66378242a",
	"blockNumber": 5522553,
	"contractAddress": null,
	"cumulativeGasUsed": 4222482,
	"gasUsed": 51653,
	"logs": [
		{
			"address": "0x7e9e431a0B8c4D532C745B1043c7FA29a48D4fBa",
			"blockHash": "0xf18656beedcfa57e8a2cb2648254026f40da59808b33015a616b1cc66378242a",
			"blockNumber": 5522553,
			"data": "0x0000000000000000000000000000000000000000000000a2a1f9b608fe784000",
			"logIndex": 80,
			"topics": [
				"0xddf252ad1be2c89b69c2b068fc378daa952ba7f163c4a11628f55a4df523b3ef",
				"0x000000000000000000000000468b858c964f297fd8fce058032bf4b4911a8ad8",
				"0x0000000000000000000000009785bebb69a24c879c37ff955447a8180b69d90a"
			],
			"transactionHash": "0xf8fc2ae83a7f2dbcdb80f9abba1c22699c3c90bb6fe459a41e9cada034db8a8c",
			"transactionIndex": 99,
			"transactionLogIndex": "0x0",
			"type": "mined",
			"id": "log_4e5dc9de"
		}
	],
	"logsBloom": "0x00000000000000000000000000020000000000000010000000000000000000000000000000000000000000000000000000000000000000000000000000000400040000000000010000000008000000000000000000000000000000000020000000000000000000000000000000000000000000000000000000000010000000000000000000000000000000000000000000000000000000000000000000000000000000000000000080000000000000000000000000000000000000010000000000001002000000000000000000000000000000000000000000000000000000000000000000000000000000000000000000000000000000000000000000000000",
	"root": null,
	"status": "0x1",
	"transactionHash": "0xf8fc2ae83a7f2dbcdb80f9abba1c22699c3c90bb6fe459a41e9cada034db8a8c",
	"transactionIndex": 99
}
[2018-04-28T21:59:08.785] [DEBUG] trans - TO:   0xb65c80240e2a68539cce0f4b5889dd3fe33b6fac
[2018-04-28T21:59:08.785] [DEBUG] trans - AMOUNT:   3000156200000000000000
[2018-04-28T21:59:08.785] [DEBUG] trans - Receipt info:  {
	"blockHash": "0xf18656beedcfa57e8a2cb2648254026f40da59808b33015a616b1cc66378242a",
	"blockNumber": 5522553,
	"contractAddress": null,
	"cumulativeGasUsed": 3706272,
	"gasUsed": 51653,
	"logs": [
		{
			"address": "0x7e9e431a0B8c4D532C745B1043c7FA29a48D4fBa",
			"blockHash": "0xf18656beedcfa57e8a2cb2648254026f40da59808b33015a616b1cc66378242a",
			"blockNumber": 5522553,
			"data": "0x0000000000000000000000000000000000000000000000a2a387f86425ca8000",
			"logIndex": 70,
			"topics": [
				"0xddf252ad1be2c89b69c2b068fc378daa952ba7f163c4a11628f55a4df523b3ef",
				"0x000000000000000000000000468b858c964f297fd8fce058032bf4b4911a8ad8",
				"0x000000000000000000000000b65c80240e2a68539cce0f4b5889dd3fe33b6fac"
			],
			"transactionHash": "0x5645fd9536ef59f318b3d5547d4df49574d3079cb90052826917888d1d2d5ced",
			"transactionIndex": 89,
			"transactionLogIndex": "0x0",
			"type": "mined",
			"id": "log_548bc4c0"
		}
	],
	"logsBloom": "0x08000000000000000000000000020000000000000000800000000000000000000000000000000000000000000000000000000000000000000000000000000000000000000000010000000008000000000000000000000000000000000020000000000000000000000000000000000000000000000000000000000010000000000000000000000000000000000000000000000000000000000000000000000000000000000000000080000000000000000000000000000000000000010000000000001002000000000000000000000000000000000000000000000000000000000000000000000000000000000000000000000000000000000000000400000000",
	"root": null,
	"status": "0x1",
	"transactionHash": "0x5645fd9536ef59f318b3d5547d4df49574d3079cb90052826917888d1d2d5ced",
	"transactionIndex": 89
}
[2018-04-28T21:59:08.786] [DEBUG] trans - TO:   0xa01176dde13a01d75f539cb8dcc30f67f6d6148e
[2018-04-28T21:59:08.786] [DEBUG] trans - AMOUNT:   3000028700000000000000
[2018-04-28T21:59:08.786] [DEBUG] trans - Receipt info:  {
	"blockHash": "0xf18656beedcfa57e8a2cb2648254026f40da59808b33015a616b1cc66378242a",
	"blockNumber": 5522553,
	"contractAddress": null,
	"cumulativeGasUsed": 4325724,
	"gasUsed": 51653,
	"logs": [
		{
			"address": "0x7e9e431a0B8c4D532C745B1043c7FA29a48D4fBa",
			"blockHash": "0xf18656beedcfa57e8a2cb2648254026f40da59808b33015a616b1cc66378242a",
			"blockNumber": 5522553,
			"data": "0x0000000000000000000000000000000000000000000000a2a1c2ffd114edc000",
			"logIndex": 82,
			"topics": [
				"0xddf252ad1be2c89b69c2b068fc378daa952ba7f163c4a11628f55a4df523b3ef",
				"0x000000000000000000000000468b858c964f297fd8fce058032bf4b4911a8ad8",
				"0x000000000000000000000000a01176dde13a01d75f539cb8dcc30f67f6d6148e"
			],
			"transactionHash": "0x9290d3ef5bfad8d7a4c4093ba49051e72470310c5d2275c6ecf2749f1f16ec16",
			"transactionIndex": 101,
			"transactionLogIndex": "0x0",
			"type": "mined",
			"id": "log_7eeb42b2"
		}
	],
	"logsBloom": "0x00000000000000000000000100020000000000000000000000000000000000000000000000000000000000000000000000000000000000000000000000000000000000000000010000000008000000000000000000000000000000008020000000000000000000000000000000000000000000000000000000000010000000000000000000000000000000000000000000000000000000000000000000000000000000000000000080000000000000000000004000000000000000010000000000001002000000000000000000000000000000000000000000000000000000000000000000000000000000000000000000000000000000000000000000000000",
	"root": null,
	"status": "0x1",
	"transactionHash": "0x9290d3ef5bfad8d7a4c4093ba49051e72470310c5d2275c6ecf2749f1f16ec16",
	"transactionIndex": 101
}
[2018-04-28T21:59:08.786] [DEBUG] trans - TO:   0x0296ae76599c1cf036ed328bafe171621399db27
[2018-04-28T21:59:08.786] [DEBUG] trans - AMOUNT:   3000001000000000000000
[2018-04-28T21:59:08.787] [DEBUG] trans - Receipt info:  {
	"blockHash": "0xf18656beedcfa57e8a2cb2648254026f40da59808b33015a616b1cc66378242a",
	"blockNumber": 5522553,
	"contractAddress": null,
	"cumulativeGasUsed": 4428966,
	"gasUsed": 51653,
	"logs": [
		{
			"address": "0x7e9e431a0B8c4D532C745B1043c7FA29a48D4fBa",
			"blockHash": "0xf18656beedcfa57e8a2cb2648254026f40da59808b33015a616b1cc66378242a",
			"blockNumber": 5522553,
			"data": "0x0000000000000000000000000000000000000000000000a2a16096d040a68000",
			"logIndex": 84,
			"topics": [
				"0xddf252ad1be2c89b69c2b068fc378daa952ba7f163c4a11628f55a4df523b3ef",
				"0x000000000000000000000000468b858c964f297fd8fce058032bf4b4911a8ad8",
				"0x0000000000000000000000000296ae76599c1cf036ed328bafe171621399db27"
			],
			"transactionHash": "0x1dbb8e601f4e6ee25ba88aa55d9cce1caa9bc18daaebf5e26f1b062b276f2058",
			"transactionIndex": 103,
			"transactionLogIndex": "0x0",
			"type": "mined",
			"id": "log_1bab66ae"
		}
	],
	"logsBloom": "0x00000000080000000000000000020000000000000000000000000000000000000000000000000000000000000000000000000000000000000000000000000000000000000000010000000008000000000000000000000000000000000020000000000000000000000000000000000000000000004000000000000030000000000000000000000000000000000000000000000000000000000000000000000000000000000000000080000000000000000000000000000000000000010000000000001002000000000000000000000000000000000000000000000000000000000000000000000000000000000000000000000000000000000000000000000000",
	"root": null,
	"status": "0x1",
	"transactionHash": "0x1dbb8e601f4e6ee25ba88aa55d9cce1caa9bc18daaebf5e26f1b062b276f2058",
	"transactionIndex": 103
}
[2018-04-28T21:59:08.787] [DEBUG] trans - TO:   0x7f21ff82ffb898202d153e05e9e683400ffcde85
[2018-04-28T21:59:08.787] [DEBUG] trans - AMOUNT:   3000015200000000000000
[2018-04-28T21:59:08.787] [DEBUG] trans - Receipt info:  {
	"blockHash": "0xf18656beedcfa57e8a2cb2648254026f40da59808b33015a616b1cc66378242a",
	"blockNumber": 5522553,
	"contractAddress": null,
	"cumulativeGasUsed": 4377313,
	"gasUsed": 51589,
	"logs": [
		{
			"address": "0x7e9e431a0B8c4D532C745B1043c7FA29a48D4fBa",
			"blockHash": "0xf18656beedcfa57e8a2cb2648254026f40da59808b33015a616b1cc66378242a",
			"blockNumber": 5522553,
			"data": "0x0000000000000000000000000000000000000000000000a2a19309a364760000",
			"logIndex": 83,
			"topics": [
				"0xddf252ad1be2c89b69c2b068fc378daa952ba7f163c4a11628f55a4df523b3ef",
				"0x000000000000000000000000468b858c964f297fd8fce058032bf4b4911a8ad8",
				"0x0000000000000000000000007f21ff82ffb898202d153e05e9e683400ffcde85"
			],
			"transactionHash": "0x52d831abf7bc2b0851bd3c18df6d0bfbbb5136a44fe3e03dc5b46a26e91239f2",
			"transactionIndex": 102,
			"transactionLogIndex": "0x0",
			"type": "mined",
			"id": "log_44af7720"
		}
	],
	"logsBloom": "0x00080000000000000000000000020000000000000000020000000000000000000000000000000000000000000000000000000000000000000000000000000000000000000000010000000008000000000000000000000000000000000020000000000000000000000000000000000000000000000000100000000010000000000000000000000000000000000000000000000000000000000000000000000000000000000000000080000000000000000000000000000000000000010000000000001002000000000000000000000000000000000000000000000000000000000000000000000000000000000000000000000000000000000000000000000000",
	"root": null,
	"status": "0x1",
	"transactionHash": "0x52d831abf7bc2b0851bd3c18df6d0bfbbb5136a44fe3e03dc5b46a26e91239f2",
	"transactionIndex": 102
}
[2018-04-28T21:59:08.789] [DEBUG] trans - TO:   0xc0d6642d6e3fb36e952d37c300fecd9f3c81a92b
[2018-04-28T21:59:08.789] [DEBUG] trans - AMOUNT:   3000000100000000000000
[2018-04-28T21:59:08.789] [DEBUG] trans - Receipt info:  {
	"blockHash": "0xf18656beedcfa57e8a2cb2648254026f40da59808b33015a616b1cc66378242a",
	"blockNumber": 5522553,
	"contractAddress": null,
	"cumulativeGasUsed": 4583861,
	"gasUsed": 51589,
	"logs": [
		{
			"address": "0x7e9e431a0B8c4D532C745B1043c7FA29a48D4fBa",
			"blockHash": "0xf18656beedcfa57e8a2cb2648254026f40da59808b33015a616b1cc66378242a",
			"blockNumber": 5522553,
			"data": "0x0000000000000000000000000000000000000000000000a2a15d6444ac5a4000",
			"logIndex": 87,
			"topics": [
				"0xddf252ad1be2c89b69c2b068fc378daa952ba7f163c4a11628f55a4df523b3ef",
				"0x000000000000000000000000468b858c964f297fd8fce058032bf4b4911a8ad8",
				"0x000000000000000000000000c0d6642d6e3fb36e952d37c300fecd9f3c81a92b"
			],
			"transactionHash": "0x781377936dd0704f8f60d7e3df42b23bf13c917d27c988bd05e0d5b50340bfc9",
			"transactionIndex": 106,
			"transactionLogIndex": "0x0",
			"type": "mined",
			"id": "log_3765e631"
		}
	],
	"logsBloom": "0x00000000000000800000000000020000000000000000000000000000000000000000000000000000000000000000000000000000000000000000000000000000000000000000010000000008000000000000000000000000000000000020000000000000000000000000000000000000000000000000000000000010000000000000000000000000000000000000000000000000000000000000000000000000000000000000000080100000001000000000000000000000000000010000000000001002000000000000000000000000000000000000000000000000000000000000000000000000000000000000000000000000000000000000000000000000",
	"root": null,
	"status": "0x1",
	"transactionHash": "0x781377936dd0704f8f60d7e3df42b23bf13c917d27c988bd05e0d5b50340bfc9",
	"transactionIndex": 106
}
[2018-04-28T21:59:08.789] [DEBUG] trans - TO:   0x81102d01260644dccc4a239c4a84fd4b4c877362
[2018-04-28T21:59:08.789] [DEBUG] trans - AMOUNT:   3000000300000000000000
[2018-04-28T21:59:08.789] [DEBUG] trans - Receipt info:  {
	"blockHash": "0xf18656beedcfa57e8a2cb2648254026f40da59808b33015a616b1cc66378242a",
	"blockNumber": 5522553,
	"contractAddress": null,
	"cumulativeGasUsed": 4480619,
	"gasUsed": 51653,
	"logs": [
		{
			"address": "0x7e9e431a0B8c4D532C745B1043c7FA29a48D4fBa",
			"blockHash": "0xf18656beedcfa57e8a2cb2648254026f40da59808b33015a616b1cc66378242a",
			"blockNumber": 5522553,
			"data": "0x0000000000000000000000000000000000000000000000a2a15e1a2acd4ec000",
			"logIndex": 85,
			"topics": [
				"0xddf252ad1be2c89b69c2b068fc378daa952ba7f163c4a11628f55a4df523b3ef",
				"0x000000000000000000000000468b858c964f297fd8fce058032bf4b4911a8ad8",
				"0x00000000000000000000000081102d01260644dccc4a239c4a84fd4b4c877362"
			],
			"transactionHash": "0x169485059345d0abdaa673fdde4cd492bb1c29badc96df8a12b67d3cf6273c1e",
			"transactionIndex": 104,
			"transactionLogIndex": "0x0",
			"type": "mined",
			"id": "log_88bd00a8"
		}
	],
	"logsBloom": "0x00000000000000000000000000020000000000000000000000000000000000000000000000000000000000000000000000000000000000000000000000000000000000000000010000000008000000000001000000000000000000000020000000000000000000000000000000000000000000000000000000000010000000000000000000000000000000000000000000000000000010000000000000000000000000000000000080000000000000000000000000000000000000010000000000001002000000000000000000000000000000000000000000000000000000000000100000000000000000000000000000000000000000000000000000000000",
	"root": null,
	"status": "0x1",
	"transactionHash": "0x169485059345d0abdaa673fdde4cd492bb1c29badc96df8a12b67d3cf6273c1e",
	"transactionIndex": 104
}
[2018-04-28T21:59:08.789] [DEBUG] trans - TO:   0x004988acd23524303b999a6074424adf3f929ea1
[2018-04-28T21:59:08.789] [DEBUG] trans - AMOUNT:   3000000000000000000000
[2018-04-28T21:59:08.789] [DEBUG] trans - Receipt info:  {
	"blockHash": "0xf18656beedcfa57e8a2cb2648254026f40da59808b33015a616b1cc66378242a",
	"blockNumber": 5522553,
	"contractAddress": null,
	"cumulativeGasUsed": 4635386,
	"gasUsed": 51525,
	"logs": [
		{
			"address": "0x7e9e431a0B8c4D532C745B1043c7FA29a48D4fBa",
			"blockHash": "0xf18656beedcfa57e8a2cb2648254026f40da59808b33015a616b1cc66378242a",
			"blockNumber": 5522553,
			"data": "0x0000000000000000000000000000000000000000000000a2a15d09519be00000",
			"logIndex": 88,
			"topics": [
				"0xddf252ad1be2c89b69c2b068fc378daa952ba7f163c4a11628f55a4df523b3ef",
				"0x000000000000000000000000468b858c964f297fd8fce058032bf4b4911a8ad8",
				"0x000000000000000000000000004988acd23524303b999a6074424adf3f929ea1"
			],
			"transactionHash": "0x6ea277db012e3a174960b85ae4f81f8dd0b892ccac5129f322f6c26ab83555d1",
			"transactionIndex": 107,
			"transactionLogIndex": "0x0",
			"type": "mined",
			"id": "log_30443da9"
		}
	],
	"logsBloom": "0x00000000000000000000000000020000000000000000000000000000000000002000000000000000000000000000000000000000000000000000000000000000000000000000010000000008000000000000000000000000000000000020000000000000000000000000000000000000000000000000000000000010000000000000000000000000000000000000000000000000000000000000000000000000000000000000000080000000000000000000000000000000000000010000000000001002000001100000000000000000000000000000000000000000000000000000000000000000000000000000000000000000000000000000000000000000",
	"root": null,
	"status": "0x1",
	"transactionHash": "0x6ea277db012e3a174960b85ae4f81f8dd0b892ccac5129f322f6c26ab83555d1",
	"transactionIndex": 107
}
[2018-04-28T21:59:08.790] [DEBUG] trans - TO:   0x080147c0e3e053cf03d008c8d3bd66b1bef23952
[2018-04-28T21:59:08.790] [DEBUG] trans - AMOUNT:   3000000100000000000000
[2018-04-28T21:59:08.790] [DEBUG] trans - Receipt info:  {
	"blockHash": "0xf18656beedcfa57e8a2cb2648254026f40da59808b33015a616b1cc66378242a",
	"blockNumber": 5522553,
	"contractAddress": null,
	"cumulativeGasUsed": 4532272,
	"gasUsed": 51653,
	"logs": [
		{
			"address": "0x7e9e431a0B8c4D532C745B1043c7FA29a48D4fBa",
			"blockHash": "0xf18656beedcfa57e8a2cb2648254026f40da59808b33015a616b1cc66378242a",
			"blockNumber": 5522553,
			"data": "0x0000000000000000000000000000000000000000000000a2a15d6444ac5a4000",
			"logIndex": 86,
			"topics": [
				"0xddf252ad1be2c89b69c2b068fc378daa952ba7f163c4a11628f55a4df523b3ef",
				"0x000000000000000000000000468b858c964f297fd8fce058032bf4b4911a8ad8",
				"0x000000000000000000000000080147c0e3e053cf03d008c8d3bd66b1bef23952"
			],
			"transactionHash": "0x341f9f0598fe57e83913cded3e57539ad6084fb725fe75a50bc0355df0ea6256",
			"transactionIndex": 105,
			"transactionLogIndex": "0x0",
			"type": "mined",
			"id": "log_78dcf893"
		}
	],
	"logsBloom": "0x00000000000000000000000000020000000000000000000000000000000000000000000000000000008000000000000000000000000000000000000000000000000000000000010000000008000000000000000000000000000000000020000000000000000000000000000000000000000000000000000000000010000000000000000000000000000000000000000000000000000000000000000000000000000000000000000080000000000000000800000000000000000000010000000000001002000000000000000000000000000000000000000000000000000000000000000000000000000000000000000000000100000000000000000000000000",
	"root": null,
	"status": "0x1",
	"transactionHash": "0x341f9f0598fe57e83913cded3e57539ad6084fb725fe75a50bc0355df0ea6256",
	"transactionIndex": 105
}
[2018-04-28T21:59:08.791] [DEBUG] trans - TO:   0x0712334dd64b95c516c3738ee05b41566405a9df
[2018-04-28T21:59:08.791] [DEBUG] trans - AMOUNT:   3000000000000000000000
[2018-04-28T21:59:08.791] [DEBUG] trans - Receipt info:  {
	"blockHash": "0xf18656beedcfa57e8a2cb2648254026f40da59808b33015a616b1cc66378242a",
	"blockNumber": 5522553,
	"contractAddress": null,
	"cumulativeGasUsed": 4738564,
	"gasUsed": 51589,
	"logs": [
		{
			"address": "0x7e9e431a0B8c4D532C745B1043c7FA29a48D4fBa",
			"blockHash": "0xf18656beedcfa57e8a2cb2648254026f40da59808b33015a616b1cc66378242a",
			"blockNumber": 5522553,
			"data": "0x0000000000000000000000000000000000000000000000a2a15d09519be00000",
			"logIndex": 90,
			"topics": [
				"0xddf252ad1be2c89b69c2b068fc378daa952ba7f163c4a11628f55a4df523b3ef",
				"0x000000000000000000000000468b858c964f297fd8fce058032bf4b4911a8ad8",
				"0x0000000000000000000000000712334dd64b95c516c3738ee05b41566405a9df"
			],
			"transactionHash": "0xc002049f158f57b7a2d681fd8e9f526e9f41e8f4df856d10bcad811603e25b3f",
			"transactionIndex": 109,
			"transactionLogIndex": "0x0",
			"type": "mined",
			"id": "log_6ab2786a"
		}
	],
	"logsBloom": "0x00000000000000000000000000020000000000000000000000000000000000000000000000000000000000000000000000000000000000000000000000000000000000000000010000000008000000000000000000000000000000000020000000000000000000000000000000000000000000000000000000000010000400000000000000000000000001000000000000000000000000000000000000000000000000000000000080000000000000000000000000000000000000010000000000001002000000000000000000000000000000000000000000000000000000000000000000000000000000100000000000000000000000000000000000000000",
	"root": null,
	"status": "0x1",
	"transactionHash": "0xc002049f158f57b7a2d681fd8e9f526e9f41e8f4df856d10bcad811603e25b3f",
	"transactionIndex": 109
}
[2018-04-28T21:59:08.792] [DEBUG] trans - TO:   0x4715a8efe4865cccf64621f4f0a3b61515458691
[2018-04-28T21:59:08.792] [DEBUG] trans - AMOUNT:   3000040000000000000000
[2018-04-28T21:59:08.792] [DEBUG] trans - Receipt info:  {
	"blockHash": "0xf18656beedcfa57e8a2cb2648254026f40da59808b33015a616b1cc66378242a",
	"blockNumber": 5522553,
	"contractAddress": null,
	"cumulativeGasUsed": 4274071,
	"gasUsed": 51589,
	"logs": [
		{
			"address": "0x7e9e431a0B8c4D532C745B1043c7FA29a48D4fBa",
			"blockHash": "0xf18656beedcfa57e8a2cb2648254026f40da59808b33015a616b1cc66378242a",
			"blockNumber": 5522553,
			"data": "0x0000000000000000000000000000000000000000000000a2a1eb251b5ae40000",
			"logIndex": 81,
			"topics": [
				"0xddf252ad1be2c89b69c2b068fc378daa952ba7f163c4a11628f55a4df523b3ef",
				"0x000000000000000000000000468b858c964f297fd8fce058032bf4b4911a8ad8",
				"0x0000000000000000000000004715a8efe4865cccf64621f4f0a3b61515458691"
			],
			"transactionHash": "0x5423b273cadf75b0362a8edb4334d329cb5939adf91e8a63ceffb8f9f3169e94",
			"transactionIndex": 100,
			"transactionLogIndex": "0x0",
			"type": "mined",
			"id": "log_51aec592"
		}
	],
	"logsBloom": "0x00000000000000000000000000020000000000000000000000000000000000000000000000000000000000000000000000000000000000000000000000000000000000000000010004000008000000000000000000000000000000000020000000000000002000000000000000000000000000000000000000000010000000000000000000000000000000000000000000000000000000000800000000000000000000000000000080000000000000000000000000000000000000010000000000001002000000000000000000000000000000000000000000000000000000000000000000000000000000000000000000000000000000000000000000000000",
	"root": null,
	"status": "0x1",
	"transactionHash": "0x5423b273cadf75b0362a8edb4334d329cb5939adf91e8a63ceffb8f9f3169e94",
	"transactionIndex": 100
}
[2018-04-28T21:59:08.793] [DEBUG] trans - TO:   0x0460c52b31f5892bae3993ad7b76a1b02a8e846f
[2018-04-28T21:59:08.793] [DEBUG] trans - AMOUNT:   3000000000000000000000
[2018-04-28T21:59:08.793] [DEBUG] trans - Receipt info:  {
	"blockHash": "0xf18656beedcfa57e8a2cb2648254026f40da59808b33015a616b1cc66378242a",
	"blockNumber": 5522553,
	"contractAddress": null,
	"cumulativeGasUsed": 4686975,
	"gasUsed": 51589,
	"logs": [
		{
			"address": "0x7e9e431a0B8c4D532C745B1043c7FA29a48D4fBa",
			"blockHash": "0xf18656beedcfa57e8a2cb2648254026f40da59808b33015a616b1cc66378242a",
			"blockNumber": 5522553,
			"data": "0x0000000000000000000000000000000000000000000000a2a15d09519be00000",
			"logIndex": 89,
			"topics": [
				"0xddf252ad1be2c89b69c2b068fc378daa952ba7f163c4a11628f55a4df523b3ef",
				"0x000000000000000000000000468b858c964f297fd8fce058032bf4b4911a8ad8",
				"0x0000000000000000000000000460c52b31f5892bae3993ad7b76a1b02a8e846f"
			],
			"transactionHash": "0x3bba8023ad010ec43d877620c605fbf069ac5319d81391d44aadcc2eee36c31f",
			"transactionIndex": 108,
			"transactionLogIndex": "0x0",
			"type": "mined",
			"id": "log_97f1ef91"
		}
	],
	"logsBloom": "0x00000000000000000000000000020000000000000000000000000000000000000000000000000000000000000000000080000000000000000000000000000000000000000000010000000008000000000000000000000000000000000020000000000000000000000000000000000000000000000000000000000010000000000000000000000000000000000000000000000000000000002000000000000000000000002000000080000000000000000000000000000000000000010000000000001002000000000000000000000000000000000000000000000000000000000000000000000000000000000000000000000000000000000000000000000000",
	"root": null,
	"status": "0x1",
	"transactionHash": "0x3bba8023ad010ec43d877620c605fbf069ac5319d81391d44aadcc2eee36c31f",
	"transactionIndex": 108
}
[2018-04-28T21:59:08.793] [DEBUG] trans - TO:   0x1b896bac5f56a6ace9c168a027a6332a428d3804
[2018-04-28T21:59:08.793] [DEBUG] trans - AMOUNT:   3000132200000000000000
[2018-04-28T21:59:08.793] [DEBUG] trans - Receipt info:  {
	"blockHash": "0xf18656beedcfa57e8a2cb2648254026f40da59808b33015a616b1cc66378242a",
	"blockNumber": 5522553,
	"contractAddress": null,
	"cumulativeGasUsed": 3912756,
	"gasUsed": 51653,
	"logs": [
		{
			"address": "0x7e9e431a0B8c4D532C745B1043c7FA29a48D4fBa",
			"blockHash": "0xf18656beedcfa57e8a2cb2648254026f40da59808b33015a616b1cc66378242a",
			"blockNumber": 5522553,
			"data": "0x0000000000000000000000000000000000000000000000a2a332b484b32e8000",
			"logIndex": 74,
			"topics": [
				"0xddf252ad1be2c89b69c2b068fc378daa952ba7f163c4a11628f55a4df523b3ef",
				"0x000000000000000000000000468b858c964f297fd8fce058032bf4b4911a8ad8",
				"0x0000000000000000000000001b896bac5f56a6ace9c168a027a6332a428d3804"
			],
			"transactionHash": "0x8210e8f1c0bd91b65d9f4286c0b13228a90b08c5bad65e685004f46f31a8a257",
			"transactionIndex": 93,
			"transactionLogIndex": "0x0",
			"type": "mined",
			"id": "log_f024ae5e"
		}
	],
	"logsBloom": "0x00000020000000000000000000020000000000000000000000000000000000000000000000000000000000000000000000000000000000000000000000000000000000000000010000000008000000000000000000000000000000000020000000000000000000000000000000000000000000000000000000000010000000000000000000000000000000000000000000000000000000000002000000000000000000000000000080000000000000000000000000000000000000010000080000001002000000000000000000000000000000000000000000000000000000000000000000000000000000000000000000000000000000000000000000000000",
	"root": null,
	"status": "0x1",
	"transactionHash": "0x8210e8f1c0bd91b65d9f4286c0b13228a90b08c5bad65e685004f46f31a8a257",
	"transactionIndex": 93
}
[2018-04-28T21:59:08.793] [DEBUG] trans - TO:   0x09a532d732d17d41ff5b18a8c63087af2f0b69bb
[2018-04-28T21:59:08.793] [DEBUG] trans - AMOUNT:   3000000000000000000000
[2018-04-28T21:59:08.793] [DEBUG] trans - Receipt info:  {
	"blockHash": "0xf18656beedcfa57e8a2cb2648254026f40da59808b33015a616b1cc66378242a",
	"blockNumber": 5522553,
	"contractAddress": null,
	"cumulativeGasUsed": 4790153,
	"gasUsed": 51589,
	"logs": [
		{
			"address": "0x7e9e431a0B8c4D532C745B1043c7FA29a48D4fBa",
			"blockHash": "0xf18656beedcfa57e8a2cb2648254026f40da59808b33015a616b1cc66378242a",
			"blockNumber": 5522553,
			"data": "0x0000000000000000000000000000000000000000000000a2a15d09519be00000",
			"logIndex": 91,
			"topics": [
				"0xddf252ad1be2c89b69c2b068fc378daa952ba7f163c4a11628f55a4df523b3ef",
				"0x000000000000000000000000468b858c964f297fd8fce058032bf4b4911a8ad8",
				"0x00000000000000000000000009a532d732d17d41ff5b18a8c63087af2f0b69bb"
			],
			"transactionHash": "0x998ffda5f8b5edaab2b73c04ba24f4a7a4fb98634cb67dd5144644ee993767ff",
			"transactionIndex": 110,
			"transactionLogIndex": "0x0",
			"type": "mined",
			"id": "log_ea9fbadf"
		}
	],
	"logsBloom": "0x00000000000000400000000000020000000000000000000000000000000000000000000000000000000000000000000000000000000000000000000000000000000000000000010000000008000000000000000000000000000000000020000000000000000000000000000000000000000000000000000000000010000000000000000000000000000000000000000000000010000000000000000000000000000000000000000080000000000000000000000000000000000000012000000000001002000000000000000000000000000000000000000000000000000000000000000000000000000000000000000000000000000000000000000000000000",
	"root": null,
	"status": "0x1",
	"transactionHash": "0x998ffda5f8b5edaab2b73c04ba24f4a7a4fb98634cb67dd5144644ee993767ff",
	"transactionIndex": 110
}
[2018-04-28T21:59:08.795] [DEBUG] trans - TO:   0x0aa086b71f46b06d708a0d6b2b6306a8631e517a
[2018-04-28T21:59:08.795] [DEBUG] trans - AMOUNT:   3000000000000000000000
[2018-04-28T21:59:08.795] [DEBUG] trans - Receipt info:  {
	"blockHash": "0xf18656beedcfa57e8a2cb2648254026f40da59808b33015a616b1cc66378242a",
	"blockNumber": 5522553,
	"contractAddress": null,
	"cumulativeGasUsed": 4841742,
	"gasUsed": 51589,
	"logs": [
		{
			"address": "0x7e9e431a0B8c4D532C745B1043c7FA29a48D4fBa",
			"blockHash": "0xf18656beedcfa57e8a2cb2648254026f40da59808b33015a616b1cc66378242a",
			"blockNumber": 5522553,
			"data": "0x0000000000000000000000000000000000000000000000a2a15d09519be00000",
			"logIndex": 92,
			"topics": [
				"0xddf252ad1be2c89b69c2b068fc378daa952ba7f163c4a11628f55a4df523b3ef",
				"0x000000000000000000000000468b858c964f297fd8fce058032bf4b4911a8ad8",
				"0x0000000000000000000000000aa086b71f46b06d708a0d6b2b6306a8631e517a"
			],
			"transactionHash": "0x7db5b841b798934db1ddb85e42de67300e8c91f91c1cd9306f643420d0061f9c",
			"transactionIndex": 111,
			"transactionLogIndex": "0x0",
			"type": "mined",
			"id": "log_c69bd481"
		}
	],
	"logsBloom": "0x00000000000000000000000000020000000000000000000000000000000000000000000000000000000000000000000000000000000000000000000000000000000000000000012000000008000000000000000000000000000000000028000000000000000000000000000000000000000000000000000000000010000000000000001000000000000000000000000000000000000000000000000000000000000000000000000080000000000000000000000000000000000000010000000000001002000000000000000000000000000000000000000000000000000000000000000000000000000000000000000000000000000000000000000000000000",
	"root": null,
	"status": "0x1",
	"transactionHash": "0x7db5b841b798934db1ddb85e42de67300e8c91f91c1cd9306f643420d0061f9c",
	"transactionIndex": 111
}
