[2018-04-29T17:35:29.128] [DEBUG] trans - TO:   0x73921ecd5eee12c3d5bada521d2cdeed1030176d
[2018-04-29T17:35:29.129] [DEBUG] trans - AMOUNT:   6022964400000000000000
[2018-04-29T17:35:29.129] [DEBUG] trans - Receipt info:  {
	"blockHash": "0x7f4dbc014c6545d393a5b4b8c86f25124b7c6592cf73f3a45beac2a02bc1d4d8",
	"blockNumber": 5527339,
	"contractAddress": null,
	"cumulativeGasUsed": 832671,
	"gasUsed": 51653,
	"logs": [
		{
			"address": "0x7e9e431a0B8c4D532C745B1043c7FA29a48D4fBa",
			"blockHash": "0x7f4dbc014c6545d393a5b4b8c86f25124b7c6592cf73f3a45beac2a02bc1d4d8",
			"blockNumber": 5527339,
			"data": "0x000000000000000000000000000000000000000000000146816c02c457bb0000",
			"logIndex": 8,
			"topics": [
				"0xddf252ad1be2c89b69c2b068fc378daa952ba7f163c4a11628f55a4df523b3ef",
				"0x000000000000000000000000468b858c964f297fd8fce058032bf4b4911a8ad8",
				"0x00000000000000000000000073921ecd5eee12c3d5bada521d2cdeed1030176d"
			],
			"transactionHash": "0x20c4e388afc425df3938d7214211704c8deee8feeb75d9491db3c9adaa7429e2",
			"transactionIndex": 22,
			"transactionLogIndex": "0x0",
			"type": "mined",
			"id": "log_3690ee90"
		}
	],
	"logsBloom": "0x00000000000000000000000000020000000000000000000200000000000000000000000000000000000000000000000000000000000000000000000000000000000000000000010000000008000000000000000000000000000000000020000400000000000000000000000000000000000000000000000000000010000000000000000000000000000000000000000000000000000000000000000000000000000000000000000080000000000000000000004000000000000000010000000000001002000000000000000000000000000000000000000000000000000000000000000000000000000000000000000000000000000000000000000000000000",
	"root": null,
	"status": "0x1",
	"transactionHash": "0x20c4e388afc425df3938d7214211704c8deee8feeb75d9491db3c9adaa7429e2",
	"transactionIndex": 22
}
[2018-04-29T17:36:10.177] [DEBUG] trans - TO:   0x7b6d7016583eb4719385889dda8713f8fc12d0ea
[2018-04-29T17:36:10.177] [DEBUG] trans - AMOUNT:   6022400000000000000000
[2018-04-29T17:36:10.178] [DEBUG] trans - Receipt info:  {
	"blockHash": "0x4acd3271922fb373b497aaf4a72fc58e49aef01523716c3e24e3778087126f57",
	"blockNumber": 5527343,
	"contractAddress": null,
	"cumulativeGasUsed": 1578351,
	"gasUsed": 51653,
	"logs": [
		{
			"address": "0x7e9e431a0B8c4D532C745B1043c7FA29a48D4fBa",
			"blockHash": "0x4acd3271922fb373b497aaf4a72fc58e49aef01523716c3e24e3778087126f57",
			"blockNumber": 5527343,
			"data": "0x0000000000000000000000000000000000000000000001467996dbf510800000",
			"logIndex": 15,
			"topics": [
				"0xddf252ad1be2c89b69c2b068fc378daa952ba7f163c4a11628f55a4df523b3ef",
				"0x000000000000000000000000468b858c964f297fd8fce058032bf4b4911a8ad8",
				"0x0000000000000000000000007b6d7016583eb4719385889dda8713f8fc12d0ea"
			],
			"transactionHash": "0x21f1404b5155e5091818c519c6bb962d0c7581d09243859d3a1228f17197af39",
			"transactionIndex": 18,
			"transactionLogIndex": "0x0",
			"type": "mined",
			"id": "log_033781cb"
		}
	],
	"logsBloom": "0x00000000000000000000000000020000000000000000000000000000000000000000000000000000000000000000000000000000000000000000000000000000000000000000010000000008000000000000000000000000000000000020000020000000000000000000000000000000000002000000000000000010000000000000000000000000000000000000000000000000000000000000000000000000000000000000000080000000000000000000000000000000000000010000000000001002000000000000000000000000000000000000100000000000000000000000000000000000000000000000000000000000000000000000000000000000",
	"root": null,
	"status": "0x1",
	"transactionHash": "0x21f1404b5155e5091818c519c6bb962d0c7581d09243859d3a1228f17197af39",
	"transactionIndex": 18
}
[2018-04-29T17:36:21.195] [DEBUG] trans - TO:   0xb4a1c166f0424e1e73f92ae5886ca571d5079976
[2018-04-29T17:36:21.195] [DEBUG] trans - AMOUNT:   6019132600000000000000
[2018-04-29T17:36:21.195] [DEBUG] trans - Receipt info:  {
	"blockHash": "0x41041f3fb4573992035674ae031ce587677a874caa80e4f5ebf5a4cd35f0fb05",
	"blockNumber": 5527344,
	"contractAddress": null,
	"cumulativeGasUsed": 1211778,
	"gasUsed": 51717,
	"logs": [
		{
			"address": "0x7e9e431a0B8c4D532C745B1043c7FA29a48D4fBa",
			"blockHash": "0x41041f3fb4573992035674ae031ce587677a874caa80e4f5ebf5a4cd35f0fb05",
			"blockNumber": 5527344,
			"data": "0x0000000000000000000000000000000000000000000001464c3eb8f7fd638000",
			"logIndex": 18,
			"topics": [
				"0xddf252ad1be2c89b69c2b068fc378daa952ba7f163c4a11628f55a4df523b3ef",
				"0x000000000000000000000000468b858c964f297fd8fce058032bf4b4911a8ad8",
				"0x000000000000000000000000b4a1c166f0424e1e73f92ae5886ca571d5079976"
			],
			"transactionHash": "0x41800559f468d10d49bb0c4e0895bcd15a17f53c153dde0b41d1529fd644162f",
			"transactionIndex": 31,
			"transactionLogIndex": "0x0",
			"type": "mined",
			"id": "log_b5434647"
		}
	],
	"logsBloom": "0x00000000000000000000000000020000000000000000000000000000000000000000000000000000000000000000000000000000000000000000800000000000000000000000010000000008000000000000000000000000000000000020000000000000000000800000000000000000000000000000000000000010000000000000000000000000000000000000000000000000000000000000000000000000000000000000000080000000000000000000000000000000000000010000000000001002000000000000000000000000000100000000000000000000000000000000000000000000000000000000000000000000000000000000000000000000",
	"root": null,
	"status": "0x1",
	"transactionHash": "0x41800559f468d10d49bb0c4e0895bcd15a17f53c153dde0b41d1529fd644162f",
	"transactionIndex": 31
}
[2018-04-29T17:36:21.196] [DEBUG] trans - TO:   0x925273f624ab41038ee57b09cf2733bed09d2172
[2018-04-29T17:36:21.196] [DEBUG] trans - AMOUNT:   6021938000000000000000
[2018-04-29T17:36:21.196] [DEBUG] trans - Receipt info:  {
	"blockHash": "0x41041f3fb4573992035674ae031ce587677a874caa80e4f5ebf5a4cd35f0fb05",
	"blockNumber": 5527344,
	"contractAddress": null,
	"cumulativeGasUsed": 1160061,
	"gasUsed": 51653,
	"logs": [
		{
			"address": "0x7e9e431a0B8c4D532C745B1043c7FA29a48D4fBa",
			"blockHash": "0x41041f3fb4573992035674ae031ce587677a874caa80e4f5ebf5a4cd35f0fb05",
			"blockNumber": 5527344,
			"data": "0x000000000000000000000000000000000000000000000146732d8167b2450000",
			"logIndex": 17,
			"topics": [
				"0xddf252ad1be2c89b69c2b068fc378daa952ba7f163c4a11628f55a4df523b3ef",
				"0x000000000000000000000000468b858c964f297fd8fce058032bf4b4911a8ad8",
				"0x000000000000000000000000925273f624ab41038ee57b09cf2733bed09d2172"
			],
			"transactionHash": "0x0ebad161c655c68bfed53aec52c6bea8a57c1f2276c3889d9a9c925708b2fd87",
			"transactionIndex": 30,
			"transactionLogIndex": "0x0",
			"type": "mined",
			"id": "log_df616583"
		}
	],
	"logsBloom": "0x00000000800000000000000000020000000000000001000000000000000000000000000000000000000000000000000000000000000000000000000000000000000000000000010000000008000000000000000000000000000000000020000000000000000000000000000000000000000000000000000000000010000000000000000000000000000000000000000000000000000000000000000000000000000000000000000080000000000000000000000000000000000000010000000000001002000000000000000000000000008000000000000000000000000000000000000000000000000000000000000000000000000000000000000000000000",
	"root": null,
	"status": "0x1",
	"transactionHash": "0x0ebad161c655c68bfed53aec52c6bea8a57c1f2276c3889d9a9c925708b2fd87",
	"transactionIndex": 30
}
[2018-04-29T17:37:24.290] [DEBUG] trans - TO:   0xadd422c8c0a7b68c5e4ec75282ba0e768a59793b
[2018-04-29T17:37:24.290] [DEBUG] trans - AMOUNT:   6017647500000000000000
[2018-04-29T17:37:24.290] [DEBUG] trans - Receipt info:  {
	"blockHash": "0x20c421158c071e15deadf22f591828564d3d124f04d22ec04cf7f5c29b263c56",
	"blockNumber": 5527348,
	"contractAddress": null,
	"cumulativeGasUsed": 1664719,
	"gasUsed": 51717,
	"logs": [
		{
			"address": "0x7e9e431a0B8c4D532C745B1043c7FA29a48D4fBa",
			"blockHash": "0x20c421158c071e15deadf22f591828564d3d124f04d22ec04cf7f5c29b263c56",
			"blockNumber": 5527348,
			"data": "0x00000000000000000000000000000000000000000000014637a296631974c000",
			"logIndex": 19,
			"topics": [
				"0xddf252ad1be2c89b69c2b068fc378daa952ba7f163c4a11628f55a4df523b3ef",
				"0x000000000000000000000000468b858c964f297fd8fce058032bf4b4911a8ad8",
				"0x000000000000000000000000add422c8c0a7b68c5e4ec75282ba0e768a59793b"
			],
			"transactionHash": "0xcded1d6a2dc72e55a27d0ffc0771bd5baa1885841a175102a718a5be54debfbb",
			"transactionIndex": 48,
			"transactionLogIndex": "0x0",
			"type": "mined",
			"id": "log_d4232983"
		}
	],
	"logsBloom": "0x00000000000000000000000000020000000000000000000000000000000000000000000000000000000000000040000000000000000000000000000000000000000000000000010000000008000000000000000000000000000000000020000000000000000000000000000000000000000000000000000000000010000000000000000000000000000000000000000000000000400000000000000000000000000001000000000080000000000000000000000000000000000000010000000000001002000000000000000000000000000000000000000000000000000000000000000000000000000000000000000000000000000000000000000000000000",
	"root": null,
	"status": "0x1",
	"transactionHash": "0xcded1d6a2dc72e55a27d0ffc0771bd5baa1885841a175102a718a5be54debfbb",
	"transactionIndex": 48
}
[2018-04-29T17:37:41.309] [DEBUG] trans - TO:   0x10ecaa10f4d34f724834b0886d8cbaf88384c82d
[2018-04-29T17:37:41.309] [DEBUG] trans - AMOUNT:   6014997900000000000000
[2018-04-29T17:37:41.309] [DEBUG] trans - Receipt info:  {
	"blockHash": "0x6e0c728b5c59e4a63a44419a67b856e11b6f73a4d4eeb7cf8224277519fd4d40",
	"blockNumber": 5527349,
	"contractAddress": null,
	"cumulativeGasUsed": 2332757,
	"gasUsed": 51717,
	"logs": [
		{
			"address": "0x7e9e431a0B8c4D532C745B1043c7FA29a48D4fBa",
			"blockHash": "0x6e0c728b5c59e4a63a44419a67b856e11b6f73a4d4eeb7cf8224277519fd4d40",
			"blockNumber": 5527349,
			"data": "0x00000000000000000000000000000000000000000000014612dd5139ac94c000",
			"logIndex": 38,
			"topics": [
				"0xddf252ad1be2c89b69c2b068fc378daa952ba7f163c4a11628f55a4df523b3ef",
				"0x000000000000000000000000468b858c964f297fd8fce058032bf4b4911a8ad8",
				"0x00000000000000000000000010ecaa10f4d34f724834b0886d8cbaf88384c82d"
			],
			"transactionHash": "0x0c2af0e7b9de735bdf652a31689e18a68c1bfaa0784c0b3164a13964af5ff373",
			"transactionIndex": 61,
			"transactionLogIndex": "0x0",
			"type": "mined",
			"id": "log_b9d93087"
		}
	],
	"logsBloom": "0x00000000000000000000000000020000000000000000000000000000000000000000000000000000000000000000000000000000000000000000000000000000000000000000010000000008000000000000000000000000000000000020000000000000000000000000000000000000000400000000000000000010000000000000000000000000000000000000004000000000000000000000000000000000000000000000000080000000000000000000000000000000000000010000000000001802000000000000000000000000000000000000000000000000000000000000000000000000000000000000000000000000000000000000000000000000",
	"root": null,
	"status": "0x1",
	"transactionHash": "0x0c2af0e7b9de735bdf652a31689e18a68c1bfaa0784c0b3164a13964af5ff373",
	"transactionIndex": 61
}
[2018-04-29T17:37:41.309] [DEBUG] trans - TO:   0xdab43a83bc37e4f2a169e17a31188ffb54ff1147
[2018-04-29T17:37:41.309] [DEBUG] trans - AMOUNT:   6015028000000000000000
[2018-04-29T17:37:41.309] [DEBUG] trans - Receipt info:  {
	"blockHash": "0x6e0c728b5c59e4a63a44419a67b856e11b6f73a4d4eeb7cf8224277519fd4d40",
	"blockNumber": 5527349,
	"contractAddress": null,
	"cumulativeGasUsed": 2281040,
	"gasUsed": 51653,
	"logs": [
		{
			"address": "0x7e9e431a0B8c4D532C745B1043c7FA29a48D4fBa",
			"blockHash": "0x6e0c728b5c59e4a63a44419a67b856e11b6f73a4d4eeb7cf8224277519fd4d40",
			"blockNumber": 5527349,
			"data": "0x000000000000000000000000000000000000000000000146134841040c520000",
			"logIndex": 37,
			"topics": [
				"0xddf252ad1be2c89b69c2b068fc378daa952ba7f163c4a11628f55a4df523b3ef",
				"0x000000000000000000000000468b858c964f297fd8fce058032bf4b4911a8ad8",
				"0x000000000000000000000000dab43a83bc37e4f2a169e17a31188ffb54ff1147"
			],
			"transactionHash": "0x6b775801a331db914524488c7083e5ac51a19eb90b412175b3e86fb3be54ada5",
			"transactionIndex": 60,
			"transactionLogIndex": "0x0",
			"type": "mined",
			"id": "log_f7c32119"
		}
	],
	"logsBloom": "0x00000000000000080000000000020000000000000000000000000000000000000000000000000000000000000000000000000000000000000000000000000000000000000000010000000008000000000000000000008000000000000020000000000000000000000000000000000000000000000000000000000010000000000000000000000000000000000000000000000000000000000000000000000000000000000000000080000000000000000000000000000000000000010004000000001002000000000000000000000000000000000000000000000000000000000000000000000000000000000000000000000000000000000000000000000000",
	"root": null,
	"status": "0x1",
	"transactionHash": "0x6b775801a331db914524488c7083e5ac51a19eb90b412175b3e86fb3be54ada5",
	"transactionIndex": 60
}
[2018-04-29T17:38:22.365] [DEBUG] trans - TO:   0x33e0e3fda9ba1489f0fa70079d3166d1e30f713e
[2018-04-29T17:38:22.365] [DEBUG] trans - AMOUNT:   6014271100000000000000
[2018-04-29T17:38:22.365] [DEBUG] trans - Receipt info:  {
	"blockHash": "0x36d03917f7b7aa83413cf8cf370ad77bc3f326a0cb22c91cbcddcd3c8f340f91",
	"blockNumber": 5527352,
	"contractAddress": null,
	"cumulativeGasUsed": 1660041,
	"gasUsed": 51717,
	"logs": [
		{
			"address": "0x7e9e431a0B8c4D532C745B1043c7FA29a48D4fBa",
			"blockHash": "0x36d03917f7b7aa83413cf8cf370ad77bc3f326a0cb22c91cbcddcd3c8f340f91",
			"blockNumber": 5527352,
			"data": "0x00000000000000000000000000000000000000000000014608c73479ddd3c000",
			"logIndex": 16,
			"topics": [
				"0xddf252ad1be2c89b69c2b068fc378daa952ba7f163c4a11628f55a4df523b3ef",
				"0x000000000000000000000000468b858c964f297fd8fce058032bf4b4911a8ad8",
				"0x00000000000000000000000033e0e3fda9ba1489f0fa70079d3166d1e30f713e"
			],
			"transactionHash": "0x05fd8addebe8a0b815d28472ad6a9dbf35269ac09445bfaf5eb133e051e30cd6",
			"transactionIndex": 36,
			"transactionLogIndex": "0x0",
			"type": "mined",
			"id": "log_45d59c54"
		}
	],
	"logsBloom": "0x00000000000000000000020000020000000000000000000000000000000000000000000000000000000000000000000000000000000000000000000000000000000000000000010000000008000000000000000000000000000000000020000000000000000000000000000000000000000000000000000000000010001000000000000000000000000000000000000000000000000000000000000000000000000000000000000080000000000000000000000000000000000000010000000000001002000000000000000000000000000000000000000000000000000000000000000000000000000000000000000004000000000000000000000000000000",
	"root": null,
	"status": "0x1",
	"transactionHash": "0x05fd8addebe8a0b815d28472ad6a9dbf35269ac09445bfaf5eb133e051e30cd6",
	"transactionIndex": 36
}
[2018-04-29T17:38:29.374] [DEBUG] trans - TO:   0x17d4a1fee18012ed847facbc162279166ebea0db
[2018-04-29T17:38:29.374] [DEBUG] trans - AMOUNT:   6013000000000000000000
[2018-04-29T17:38:29.375] [DEBUG] trans - Receipt info:  {
	"blockHash": "0x75848c284a9f42c2852bb3833311010f178d1671c1b897cb18971fb70f089bfd",
	"blockNumber": 5527353,
	"contractAddress": null,
	"cumulativeGasUsed": 5550998,
	"gasUsed": 51653,
	"logs": [
		{
			"address": "0x7e9e431a0B8c4D532C745B1043c7FA29a48D4fBa",
			"blockHash": "0x75848c284a9f42c2852bb3833311010f178d1671c1b897cb18971fb70f089bfd",
			"blockNumber": 5527353,
			"data": "0x000000000000000000000000000000000000000000000145f72359c2b7d40000",
			"logIndex": 43,
			"topics": [
				"0xddf252ad1be2c89b69c2b068fc378daa952ba7f163c4a11628f55a4df523b3ef",
				"0x000000000000000000000000468b858c964f297fd8fce058032bf4b4911a8ad8",
				"0x00000000000000000000000017d4a1fee18012ed847facbc162279166ebea0db"
			],
			"transactionHash": "0xa41116234df146d5a1c6f79e27db531f402e645f40f0ebab54c3300a9ed29e3d",
			"transactionIndex": 54,
			"transactionLogIndex": "0x0",
			"type": "mined",
			"id": "log_525af60e"
		}
	],
	"logsBloom": "0x00000000000000000000000000020000000000000000000000000000000000000000000000000000000001000000000000000000000000000000000000100000000000000000010000000008000000000000000000000000000000000020000000000000000000000000000000000000000000000000000000000010000000000000000000000000000000000000000000000000000000000000000000000000000000000000000080000000000000000000000008000000000000010000000000001002000000000000000000000000000000000000000000000000000000000000000000000000000000000000000000000000000000000000000000000000",
	"root": null,
	"status": "0x1",
	"transactionHash": "0xa41116234df146d5a1c6f79e27db531f402e645f40f0ebab54c3300a9ed29e3d",
	"transactionIndex": 54
}
[2018-04-29T17:38:32.376] [DEBUG] trans - TO:   0xafe73a5459deaeb262d3f7b80da5042e93c5cf5d
[2018-04-29T17:38:32.376] [DEBUG] trans - AMOUNT:   6012991400000000000000
[2018-04-29T17:38:32.376] [DEBUG] trans - Receipt info:  {
	"blockHash": "0xfeb0cab2f585af8614ce8b6849b88f0911d9a3e7109dc44960391df2cfa8984e",
	"blockNumber": 5527354,
	"contractAddress": null,
	"cumulativeGasUsed": 812597,
	"gasUsed": 51717,
	"logs": [
		{
			"address": "0x7e9e431a0B8c4D532C745B1043c7FA29a48D4fBa",
			"blockHash": "0xfeb0cab2f585af8614ce8b6849b88f0911d9a3e7109dc44960391df2cfa8984e",
			"blockNumber": 5527354,
			"data": "0x000000000000000000000000000000000000000000000145f704cc1b2ec28000",
			"logIndex": 9,
			"topics": [
				"0xddf252ad1be2c89b69c2b068fc378daa952ba7f163c4a11628f55a4df523b3ef",
				"0x000000000000000000000000468b858c964f297fd8fce058032bf4b4911a8ad8",
				"0x000000000000000000000000afe73a5459deaeb262d3f7b80da5042e93c5cf5d"
			],
			"transactionHash": "0xe22a5abd38053d4746dee2f2bf668cb1172c056438957a3b8338f02c38794f89",
			"transactionIndex": 17,
			"transactionLogIndex": "0x0",
			"type": "mined",
			"id": "log_b1466466"
		}
	],
	"logsBloom": "0x00000000000000004000000000020000000000000000000000000000000000000000000000000000000000000000000000000000000000000000000000000000000000000000010000000008000000000000000000000000000000000020000000000000000000000000000000000000000000000000000000000010000000000000000000000000000000000000000000000000000000000000000000000000000000000000000080000000000000000000000000000000000000010000000000001002000000000000000000000000000000000000000000000100000000000000000000000000000000000000000000000004000000000000000000000000",
	"root": null,
	"status": "0x1",
	"transactionHash": "0xe22a5abd38053d4746dee2f2bf668cb1172c056438957a3b8338f02c38794f89",
	"transactionIndex": 17
}
[2018-04-29T17:39:08.428] [DEBUG] trans - TO:   0x6d7b304e582a8dd4da5724e5b8f632a8ca521c72
[2018-04-29T17:39:08.428] [DEBUG] trans - AMOUNT:   6012467900000000000000
[2018-04-29T17:39:08.428] [DEBUG] trans - Receipt info:  {
	"blockHash": "0x4dea3749329285ec60e3bd8e1a2f20f17913c1ba1d8da081be6f57de0cc26332",
	"blockNumber": 5527356,
	"contractAddress": null,
	"cumulativeGasUsed": 1417363,
	"gasUsed": 51717,
	"logs": [
		{
			"address": "0x7e9e431a0B8c4D532C745B1043c7FA29a48D4fBa",
			"blockHash": "0x4dea3749329285ec60e3bd8e1a2f20f17913c1ba1d8da081be6f57de0cc26332",
			"blockNumber": 5527356,
			"data": "0x000000000000000000000000000000000000000000000145efc0f3a13ad7c000",
			"logIndex": 23,
			"topics": [
				"0xddf252ad1be2c89b69c2b068fc378daa952ba7f163c4a11628f55a4df523b3ef",
				"0x000000000000000000000000468b858c964f297fd8fce058032bf4b4911a8ad8",
				"0x0000000000000000000000006d7b304e582a8dd4da5724e5b8f632a8ca521c72"
			],
			"transactionHash": "0xea37512cd324fe593ac54df05d3b603d0994fde1a445a62fa57eccac645484e7",
			"transactionIndex": 40,
			"transactionLogIndex": "0x0",
			"type": "mined",
			"id": "log_a11ca1c6"
		}
	],
	"logsBloom": "0x00000000000000000001000000020000000000000000000000000000000000000000000000000000000000000000000000000000000000000000000000000000000000000000010000000008000000000000000000000000000000000020000000000000000000000000000000000000000000000000000000000010000000000000000000000000000000000000000000000000000000000000000000000000000000000000000080000000000080000000000000000000000000010000000000001002000000000000000000000000000000000000000000000000000000000000100000000000000000000000000000000000000000000000000000000000",
	"root": null,
	"status": "0x1",
	"transactionHash": "0xea37512cd324fe593ac54df05d3b603d0994fde1a445a62fa57eccac645484e7",
	"transactionIndex": 40
}
[2018-04-29T17:39:19.441] [DEBUG] trans - TO:   0xcf6340fbc7a840cfe1ddc646414d5ae07b0bb093
[2018-04-29T17:39:19.441] [DEBUG] trans - AMOUNT:   6011622800000000000000
[2018-04-29T17:39:19.441] [DEBUG] trans - Receipt info:  {
	"blockHash": "0x7919e5507a92a6c82c29838146c26afa1f89d7a17ac0d7f0fc553a87e8b8aac2",
	"blockNumber": 5527357,
	"contractAddress": null,
	"cumulativeGasUsed": 451630,
	"gasUsed": 51653,
	"logs": [
		{
			"address": "0x7e9e431a0B8c4D532C745B1043c7FA29a48D4fBa",
			"blockHash": "0x7919e5507a92a6c82c29838146c26afa1f89d7a17ac0d7f0fc553a87e8b8aac2",
			"blockNumber": 5527357,
			"data": "0x000000000000000000000000000000000000000000000145e4068da847290000",
			"logIndex": 6,
			"topics": [
				"0xddf252ad1be2c89b69c2b068fc378daa952ba7f163c4a11628f55a4df523b3ef",
				"0x000000000000000000000000468b858c964f297fd8fce058032bf4b4911a8ad8",
				"0x000000000000000000000000cf6340fbc7a840cfe1ddc646414d5ae07b0bb093"
			],
			"transactionHash": "0xf163aa49e5de34d4f61db18ce56d853f2ad2b8c6302ede01f52d328eb8fdaa6b",
			"transactionIndex": 10,
			"transactionLogIndex": "0x0",
			"type": "mined",
			"id": "log_08908818"
		}
	],
	"logsBloom": "0x00000000000000000000000000020000000000000000000000000000000000000000000000000000000000000000000000000000000000000000000000000000000000000000010000000008000000000000000000000000000000000020004000000000000000000000000000000000000000000000000000000010000000000000004000000000000000000000000000000000000000000000000000000000000000000000000080000000000000000000000000000000000000010000000000001002000000000000000000000000000000000000000000000000000000040000000000000000000000000000000000000000000000000000000000000000",
	"root": null,
	"status": "0x1",
	"transactionHash": "0xf163aa49e5de34d4f61db18ce56d853f2ad2b8c6302ede01f52d328eb8fdaa6b",
	"transactionIndex": 10
}
[2018-04-29T17:39:32.458] [DEBUG] trans - TO:   0x14839c4e2f82b76bda5a500ec817a15300780570
[2018-04-29T17:39:32.458] [DEBUG] trans - AMOUNT:   6010000000000000000000
[2018-04-29T17:39:32.458] [DEBUG] trans - Receipt info:  {
	"blockHash": "0x984f36a27ddc67d7d00937c8fee21abeca6962c1499300e6b032a5b136ba986a",
	"blockNumber": 5527358,
	"contractAddress": null,
	"cumulativeGasUsed": 3197974,
	"gasUsed": 51589,
	"logs": [
		{
			"address": "0x7e9e431a0B8c4D532C745B1043c7FA29a48D4fBa",
			"blockHash": "0x984f36a27ddc67d7d00937c8fee21abeca6962c1499300e6b032a5b136ba986a",
			"blockNumber": 5527358,
			"data": "0x000000000000000000000000000000000000000000000145cd8135a7c1a80000",
			"logIndex": 41,
			"topics": [
				"0xddf252ad1be2c89b69c2b068fc378daa952ba7f163c4a11628f55a4df523b3ef",
				"0x000000000000000000000000468b858c964f297fd8fce058032bf4b4911a8ad8",
				"0x00000000000000000000000014839c4e2f82b76bda5a500ec817a15300780570"
			],
			"transactionHash": "0x620501428d94d7f2cde02755a50baab1663b46e12614a978d4fa13f4f3258224",
			"transactionIndex": 37,
			"transactionLogIndex": "0x0",
			"type": "mined",
			"id": "log_a96ca875"
		}
	],
	"logsBloom": "0x00000000000000000000000000020000000000000000000000000000000000000000000000000000000000000000000000000000000000000000000000000000000000000000010000000008000000000000100000000000000000000020000000000000000000000000000000000000000020000000000080000010000000000000000000000000000000000000000000000000000000000000000000000000000000000000000080000000000000000000000000000000000000010000000000001002000000000000000000000000000000000000000000000000000000000000000000000000000000000000000000000000000000000000000000000000",
	"root": null,
	"status": "0x1",
	"transactionHash": "0x620501428d94d7f2cde02755a50baab1663b46e12614a978d4fa13f4f3258224",
	"transactionIndex": 37
}
[2018-04-29T17:40:07.508] [DEBUG] trans - TO:   0x0718b41f8a2d3be146619bea8d7095898d6bb6bf
[2018-04-29T17:40:07.508] [DEBUG] trans - AMOUNT:   6009787400000000000000
[2018-04-29T17:40:07.508] [DEBUG] trans - Receipt info:  {
	"blockHash": "0x5aa5237acaf785085500785897b62d6e9a914cc78f3cc6fb2989326000c3d1a9",
	"blockNumber": 5527360,
	"contractAddress": null,
	"cumulativeGasUsed": 1944107,
	"gasUsed": 51717,
	"logs": [
		{
			"address": "0x7e9e431a0B8c4D532C745B1043c7FA29a48D4fBa",
			"blockHash": "0x5aa5237acaf785085500785897b62d6e9a914cc78f3cc6fb2989326000c3d1a9",
			"blockNumber": 5527360,
			"data": "0x000000000000000000000000000000000000000000000145ca8de714ea688000",
			"logIndex": 7,
			"topics": [
				"0xddf252ad1be2c89b69c2b068fc378daa952ba7f163c4a11628f55a4df523b3ef",
				"0x000000000000000000000000468b858c964f297fd8fce058032bf4b4911a8ad8",
				"0x0000000000000000000000000718b41f8a2d3be146619bea8d7095898d6bb6bf"
			],
			"transactionHash": "0x1259b3f07eaaece2e39c9906bd05361fd3d0479d766894b9e1c47f66cfc84733",
			"transactionIndex": 74,
			"transactionLogIndex": "0x0",
			"type": "mined",
			"id": "log_dc2f5cf6"
		}
	],
	"logsBloom": "0x00000000000000000000000000020000000000000000800000000000000000000000000000000000000000000000000000000000000000000000800000000000000000000000012000000008000000000000000000000000000000000020000000000000000000000000000000000000000000000000000000000010000000000000000000000000000000000000000000000000000000000000000000000000000000000000000080000000000000000000000000000000000000010000000000001002000000000000000000000000000000000000000000000000000000000000000000000000000000000000000000000000000000000000000000000000",
	"root": null,
	"status": "0x1",
	"transactionHash": "0x1259b3f07eaaece2e39c9906bd05361fd3d0479d766894b9e1c47f66cfc84733",
	"transactionIndex": 74
}
[2018-04-29T17:40:07.509] [DEBUG] trans - TO:   0x387476c257ee4adc766c07a9a697290d7ed72559
[2018-04-29T17:40:07.509] [DEBUG] trans - AMOUNT:   6009257500000000000000
[2018-04-29T17:40:07.509] [DEBUG] trans - Receipt info:  {
	"blockHash": "0x5aa5237acaf785085500785897b62d6e9a914cc78f3cc6fb2989326000c3d1a9",
	"blockNumber": 5527360,
	"contractAddress": null,
	"cumulativeGasUsed": 5482806,
	"gasUsed": 51717,
	"logs": [
		{
			"address": "0x7e9e431a0B8c4D532C745B1043c7FA29a48D4fBa",
			"blockHash": "0x5aa5237acaf785085500785897b62d6e9a914cc78f3cc6fb2989326000c3d1a9",
			"blockNumber": 5527360,
			"data": "0x000000000000000000000000000000000000000000000145c33351d6d7edc000",
			"logIndex": 68,
			"topics": [
				"0xddf252ad1be2c89b69c2b068fc378daa952ba7f163c4a11628f55a4df523b3ef",
				"0x000000000000000000000000468b858c964f297fd8fce058032bf4b4911a8ad8",
				"0x000000000000000000000000387476c257ee4adc766c07a9a697290d7ed72559"
			],
			"transactionHash": "0x7c02eecbddf9457029309905bff744fc504f5803e8834abecb54ddeacd164be1",
			"transactionIndex": 151,
			"transactionLogIndex": "0x0",
			"type": "mined",
			"id": "log_c716b287"
		}
	],
	"logsBloom": "0x00000000000000000000000008020002000000000000000000000000000000000000000000000000000000000000000000000000000000000000000000000000000000000000010000000008000000000000000000000000000000000020000000000000000000000000000000000000000000000000000000000010000000100000000000000000000000000000000000000000000000000000000000000000000000000000000080000000000000000000000000000000000000010000000000001002000000000000000000000000000000000000000000000000000000000000000000000000000000000000000000000000000000000000000000000000",
	"root": null,
	"status": "0x1",
	"transactionHash": "0x7c02eecbddf9457029309905bff744fc504f5803e8834abecb54ddeacd164be1",
	"transactionIndex": 151
}
[2018-04-29T17:40:07.509] [DEBUG] trans - TO:   0x13b43db240b41af11b806f964acef4ed1405f4b7
[2018-04-29T17:40:07.509] [DEBUG] trans - AMOUNT:   6009642600000000000000
[2018-04-29T17:40:07.509] [DEBUG] trans - Receipt info:  {
	"blockHash": "0x5aa5237acaf785085500785897b62d6e9a914cc78f3cc6fb2989326000c3d1a9",
	"blockNumber": 5527360,
	"contractAddress": null,
	"cumulativeGasUsed": 5044890,
	"gasUsed": 51717,
	"logs": [
		{
			"address": "0x7e9e431a0B8c4D532C745B1043c7FA29a48D4fBa",
			"blockHash": "0x5aa5237acaf785085500785897b62d6e9a914cc78f3cc6fb2989326000c3d1a9",
			"blockNumber": 5527360,
			"data": "0x000000000000000000000000000000000000000000000145c88b783fb6ee8000",
			"logIndex": 64,
			"topics": [
				"0xddf252ad1be2c89b69c2b068fc378daa952ba7f163c4a11628f55a4df523b3ef",
				"0x000000000000000000000000468b858c964f297fd8fce058032bf4b4911a8ad8",
				"0x00000000000000000000000013b43db240b41af11b806f964acef4ed1405f4b7"
			],
			"transactionHash": "0xfbfb10991d6fc40193c7cd7182a827931b10e8d1f8e3a73cc8b9115efcc8c1b6",
			"transactionIndex": 144,
			"transactionLogIndex": "0x0",
			"type": "mined",
			"id": "log_ca4c51ee"
		}
	],
	"logsBloom": "0x00000000000000000000000000020000000000000000000000000000000000000000000000000000800000000000000000000000000000000000000000000000000000000000010000000008000000000000000000000080000000000020000000000000000000000000000000000000000000000000004000000010000000000000000000000000000000000000000000000000000000000000000000000000000000000000000080000000000000000000000000000000000000010000000000001002000000000000000000000000000000000000000000000000000000000000000000000000000000000000000000000000000000000000000000000000",
	"root": null,
	"status": "0x1",
	"transactionHash": "0xfbfb10991d6fc40193c7cd7182a827931b10e8d1f8e3a73cc8b9115efcc8c1b6",
	"transactionIndex": 144
}
[2018-04-29T17:40:07.510] [DEBUG] trans - TO:   0xb30af5b54ea8b083480efd6ea38d98d9c8b9f6c3
[2018-04-29T17:40:07.510] [DEBUG] trans - AMOUNT:   6007500000000000000000
[2018-04-29T17:40:07.510] [DEBUG] trans - Receipt info:  {
	"blockHash": "0x5aa5237acaf785085500785897b62d6e9a914cc78f3cc6fb2989326000c3d1a9",
	"blockNumber": 5527360,
	"contractAddress": null,
	"cumulativeGasUsed": 6679180,
	"gasUsed": 51653,
	"logs": [
		{
			"address": "0x7e9e431a0B8c4D532C745B1043c7FA29a48D4fBa",
			"blockHash": "0x5aa5237acaf785085500785897b62d6e9a914cc78f3cc6fb2989326000c3d1a9",
			"blockNumber": 5527360,
			"data": "0x000000000000000000000000000000000000000000000145aacf6ce69f2e0000",
			"logIndex": 78,
			"topics": [
				"0xddf252ad1be2c89b69c2b068fc378daa952ba7f163c4a11628f55a4df523b3ef",
				"0x000000000000000000000000468b858c964f297fd8fce058032bf4b4911a8ad8",
				"0x000000000000000000000000b30af5b54ea8b083480efd6ea38d98d9c8b9f6c3"
			],
			"transactionHash": "0x38530677965e2f11ec60e39f28ee03e01a286e44b69dfb72303696ef622a3435",
			"transactionIndex": 169,
			"transactionLogIndex": "0x0",
			"type": "mined",
			"id": "log_9877bd92"
		}
	],
	"logsBloom": "0x00000000000000000000000000020000000000000000000000000400000000000000000000000000000000000000000000000000000000000000000000000000000000000000010000000008000000080000000000000000000080000020000000000000000000000000000000000000000000000000000000000010000000000000000000000000000000000000000000000000000000000000000000000000000000000000000080000000000000000000000000000000000000010000000000001002000000000000000000000000000000000000000000000000000000000000000000000000000000000000000000000000000000000000000000000000",
	"root": null,
	"status": "0x1",
	"transactionHash": "0x38530677965e2f11ec60e39f28ee03e01a286e44b69dfb72303696ef622a3435",
	"transactionIndex": 169
}
[2018-04-29T17:40:07.511] [DEBUG] trans - TO:   0x2154e88814e8201c6ee896c5c2857ff7f0e58f7e
[2018-04-29T17:40:07.511] [DEBUG] trans - AMOUNT:   6009000000000000000000
[2018-04-29T17:40:07.511] [DEBUG] trans - Receipt info:  {
	"blockHash": "0x5aa5237acaf785085500785897b62d6e9a914cc78f3cc6fb2989326000c3d1a9",
	"blockNumber": 5527360,
	"contractAddress": null,
	"cumulativeGasUsed": 6148255,
	"gasUsed": 51653,
	"logs": [
		{
			"address": "0x7e9e431a0B8c4D532C745B1043c7FA29a48D4fBa",
			"blockHash": "0x5aa5237acaf785085500785897b62d6e9a914cc78f3cc6fb2989326000c3d1a9",
			"blockNumber": 5527360,
			"data": "0x000000000000000000000000000000000000000000000145bfa07ef41a440000",
			"logIndex": 73,
			"topics": [
				"0xddf252ad1be2c89b69c2b068fc378daa952ba7f163c4a11628f55a4df523b3ef",
				"0x000000000000000000000000468b858c964f297fd8fce058032bf4b4911a8ad8",
				"0x0000000000000000000000002154e88814e8201c6ee896c5c2857ff7f0e58f7e"
			],
			"transactionHash": "0x15f97a5c746c69dddec464f02888b518b1a6ba7c6e2d7de35db0baf4e1f0c098",
			"transactionIndex": 161,
			"transactionLogIndex": "0x0",
			"type": "mined",
			"id": "log_76b0d5ae"
		}
	],
	"logsBloom": "0x00000000000000000000000000020000000000000000000000000000000000000000000000000002000000000000000000000000000000000000000000000000000000000000010000000008000000000000000000000000000000000020000000000000000000000000000000000000000000000000000000000010000000000000000000000000100000000000000000000000000000000000000000000000000000000000000080000000000000000000000000000000000000010000000000001002000000000000000000000000000000000000000000000800000000000000000000000000000000000000000000000000000000000000000000000000",
	"root": null,
	"status": "0x1",
	"transactionHash": "0x15f97a5c746c69dddec464f02888b518b1a6ba7c6e2d7de35db0baf4e1f0c098",
	"transactionIndex": 161
}
[2018-04-29T17:40:07.512] [DEBUG] trans - TO:   0x09dee19840b39c3eba2018f5ab384e4c1a4dae08
[2018-04-29T17:40:07.512] [DEBUG] trans - AMOUNT:   6008819800000000000000
[2018-04-29T17:40:07.512] [DEBUG] trans - Receipt info:  {
	"blockHash": "0x5aa5237acaf785085500785897b62d6e9a914cc78f3cc6fb2989326000c3d1a9",
	"blockNumber": 5527360,
	"contractAddress": null,
	"cumulativeGasUsed": 6368898,
	"gasUsed": 51717,
	"logs": [
		{
			"address": "0x7e9e431a0B8c4D532C745B1043c7FA29a48D4fBa",
			"blockHash": "0x5aa5237acaf785085500785897b62d6e9a914cc78f3cc6fb2989326000c3d1a9",
			"blockNumber": 5527360,
			"data": "0x000000000000000000000000000000000000000000000145bd204c021dbd8000",
			"logIndex": 76,
			"topics": [
				"0xddf252ad1be2c89b69c2b068fc378daa952ba7f163c4a11628f55a4df523b3ef",
				"0x000000000000000000000000468b858c964f297fd8fce058032bf4b4911a8ad8",
				"0x00000000000000000000000009dee19840b39c3eba2018f5ab384e4c1a4dae08"
			],
			"transactionHash": "0xb3b54fa8c761fb2e0d35f252d066e5e0db7c678fbdb7e9181f3b59f084083f4a",
			"transactionIndex": 165,
			"transactionLogIndex": "0x0",
			"type": "mined",
			"id": "log_c66c34ca"
		}
	],
	"logsBloom": "0x00000000000000000000000000020000000000000000000000000000000000000000000000000000000000000000000000000000000000000000008000000000000000000000010000000008000000000000000000000000000000000020000000000000000000000000000000000000000000000000000000000010000000000000000000000000000000000000000000000000000000040000000000000000000000000000000080000000000000000000000000000000000000010000000000001002000000000000000000000000000000000000000002000000000000000000000000000000000000000000000000000000000000000000000000000000",
	"root": null,
	"status": "0x1",
	"transactionHash": "0xb3b54fa8c761fb2e0d35f252d066e5e0db7c678fbdb7e9181f3b59f084083f4a",
	"transactionIndex": 165
}
[2018-04-29T17:40:07.515] [DEBUG] trans - TO:   0xf6eaf87913f331e061d38f45ddc6f690a55321b9
[2018-04-29T17:40:07.515] [DEBUG] trans - AMOUNT:   6007267000000000000000
[2018-04-29T17:40:07.515] [DEBUG] trans - Receipt info:  {
	"blockHash": "0x5aa5237acaf785085500785897b62d6e9a914cc78f3cc6fb2989326000c3d1a9",
	"blockNumber": 5527360,
	"contractAddress": null,
	"cumulativeGasUsed": 6927818,
	"gasUsed": 51717,
	"logs": [
		{
			"address": "0x7e9e431a0B8c4D532C745B1043c7FA29a48D4fBa",
			"blockHash": "0x5aa5237acaf785085500785897b62d6e9a914cc78f3cc6fb2989326000c3d1a9",
			"blockNumber": 5527360,
			"data": "0x000000000000000000000000000000000000000000000145a793a4a2a6838000",
			"logIndex": 83,
			"topics": [
				"0xddf252ad1be2c89b69c2b068fc378daa952ba7f163c4a11628f55a4df523b3ef",
				"0x000000000000000000000000468b858c964f297fd8fce058032bf4b4911a8ad8",
				"0x000000000000000000000000f6eaf87913f331e061d38f45ddc6f690a55321b9"
			],
			"transactionHash": "0x175c904c7e87a12b87ac89a358f5afcc0541560f2672c5556bc10d2bae850617",
			"transactionIndex": 173,
			"transactionLogIndex": "0x0",
			"type": "mined",
			"id": "log_c8e4a614"
		}
	],
	"logsBloom": "0x00000000000000000000000000020000000000000000000000000000000000000000000000000000000000000000000000000000000000000000000000000000000000000000010000000008000000000000000000000000000000000020000000000000000000000000000000000000000000000000000000000010000000000000000000000000000000000000000000000000000000000000000000000000000000000000000080000000000000000000000000000000000000010000000000001002000000000000000000000000000000000000000000000000000000000000000000000000000000000080000800000000000000000000080000000000",
	"root": null,
	"status": "0x1",
	"transactionHash": "0x175c904c7e87a12b87ac89a358f5afcc0541560f2672c5556bc10d2bae850617",
	"transactionIndex": 173
}
[2018-04-29T17:40:07.515] [DEBUG] trans - TO:   0x83013deaeecd50ce1dbf1da8fd27e439fd68421f
[2018-04-29T17:40:07.515] [DEBUG] trans - AMOUNT:   6009084900000000000000
[2018-04-29T17:40:07.515] [DEBUG] trans - Receipt info:  {
	"blockHash": "0x5aa5237acaf785085500785897b62d6e9a914cc78f3cc6fb2989326000c3d1a9",
	"blockNumber": 5527360,
	"contractAddress": null,
	"cumulativeGasUsed": 5799024,
	"gasUsed": 51717,
	"logs": [
		{
			"address": "0x7e9e431a0B8c4D532C745B1043c7FA29a48D4fBa",
			"blockHash": "0x5aa5237acaf785085500785897b62d6e9a914cc78f3cc6fb2989326000c3d1a9",
			"blockNumber": 5527360,
			"data": "0x000000000000000000000000000000000000000000000145c0ce1f0dbfb24000",
			"logIndex": 70,
			"topics": [
				"0xddf252ad1be2c89b69c2b068fc378daa952ba7f163c4a11628f55a4df523b3ef",
				"0x000000000000000000000000468b858c964f297fd8fce058032bf4b4911a8ad8",
				"0x00000000000000000000000083013deaeecd50ce1dbf1da8fd27e439fd68421f"
			],
			"transactionHash": "0x05127bb80d6cefb2b0b0c1b609b78dacf3a142f5eba6864cec68692d14a72910",
			"transactionIndex": 156,
			"transactionLogIndex": "0x0",
			"type": "mined",
			"id": "log_d010fac4"
		}
	],
	"logsBloom": "0x00000000000000000000000000020000000000000000000002000000000000000000000000000000000000000000000000000000000000000000000000000000000000000000010000000008000000000000000000000000000000000020000000000000000000000000000000000004000000000000000000000010000000000000000000000000000000000000000000000000000000000000000000000000000000000000000080000000000000000000000000000000000000010000000000001002000000000000000000000000000000000000000000000000000000000000000000000000000000000000000000000000000000000100000000000000",
	"root": null,
	"status": "0x1",
	"transactionHash": "0x05127bb80d6cefb2b0b0c1b609b78dacf3a142f5eba6864cec68692d14a72910",
	"transactionIndex": 156
}
[2018-04-29T17:40:07.516] [DEBUG] trans - TO:   0xe39992beae4f1248ac7bc7d58676daa59068ca22
[2018-04-29T17:40:07.516] [DEBUG] trans - AMOUNT:   6006163200000000000000
[2018-04-29T17:40:07.516] [DEBUG] trans - Receipt info:  {
	"blockHash": "0x5aa5237acaf785085500785897b62d6e9a914cc78f3cc6fb2989326000c3d1a9",
	"blockNumber": 5527360,
	"contractAddress": null,
	"cumulativeGasUsed": 7480020,
	"gasUsed": 51653,
	"logs": [
		{
			"address": "0x7e9e431a0B8c4D532C745B1043c7FA29a48D4fBa",
			"blockHash": "0x5aa5237acaf785085500785897b62d6e9a914cc78f3cc6fb2989326000c3d1a9",
			"blockNumber": 5527360,
			"data": "0x000000000000000000000000000000000000000000000145984228622f700000",
			"logIndex": 86,
			"topics": [
				"0xddf252ad1be2c89b69c2b068fc378daa952ba7f163c4a11628f55a4df523b3ef",
				"0x000000000000000000000000468b858c964f297fd8fce058032bf4b4911a8ad8",
				"0x000000000000000000000000e39992beae4f1248ac7bc7d58676daa59068ca22"
			],
			"transactionHash": "0x37d5c8664617eb9f5dd053a669c72bd36640fe7e84ed75e651c4f978907210ef",
			"transactionIndex": 181,
			"transactionLogIndex": "0x0",
			"type": "mined",
			"id": "log_e0979193"
		}
	],
	"logsBloom": "0x00000000000000000000000800020000000000000000000000000000000000000000000000000000000000000000000000000000000000000000000000000000000000000000010000000008000000000000000000000000000000000020000000000000000000000000000000000000000000000000000000000010000000000000000000000000000000000000000000000000000000000000000000000800000000000000000080000000000000000000000000000000000000010000000000001002000000000000000000000000000000000000001000000000000000000000000000000000000000000000000000000000000000000000000000000000",
	"root": null,
	"status": "0x1",
	"transactionHash": "0x37d5c8664617eb9f5dd053a669c72bd36640fe7e84ed75e651c4f978907210ef",
	"transactionIndex": 181
}
[2018-04-29T17:40:07.518] [DEBUG] trans - TO:   0x22ff698df4038396a29ce699803e16cf0a60ad77
[2018-04-29T17:40:07.518] [DEBUG] trans - AMOUNT:   6006000000000000000000
[2018-04-29T17:40:07.518] [DEBUG] trans - Receipt info:  {
	"blockHash": "0x5aa5237acaf785085500785897b62d6e9a914cc78f3cc6fb2989326000c3d1a9",
	"blockNumber": 5527360,
	"contractAddress": null,
	"cumulativeGasUsed": 7804790,
	"gasUsed": 51653,
	"logs": [
		{
			"address": "0x7e9e431a0B8c4D532C745B1043c7FA29a48D4fBa",
			"blockHash": "0x5aa5237acaf785085500785897b62d6e9a914cc78f3cc6fb2989326000c3d1a9",
			"blockNumber": 5527360,
			"data": "0x00000000000000000000000000000000000000000000014595fe5ad924180000",
			"logIndex": 88,
			"topics": [
				"0xddf252ad1be2c89b69c2b068fc378daa952ba7f163c4a11628f55a4df523b3ef",
				"0x000000000000000000000000468b858c964f297fd8fce058032bf4b4911a8ad8",
				"0x00000000000000000000000022ff698df4038396a29ce699803e16cf0a60ad77"
			],
			"transactionHash": "0xbdc64d950cb0da89c25cc0ec0f1e9cb47ac0dc21350e3e8909bb877c2f740c5b",
			"transactionIndex": 185,
			"transactionLogIndex": "0x0",
			"type": "mined",
			"id": "log_c74bd23a"
		}
	],
	"logsBloom": "0x00000000000000000000000000020800000000000000000000000000000000000000000000000000000000000000000000000000000000000000000000000000000000000000010000000008000800000000000000000000000000000020000000000000000000000000000000000000000000000000000000000010000000000000000400000000000000000000000000000000000000000000000000000000000000000000000080000000000000000000000000000000000000010000000000001002000000000000000000000000000000000000000000000000000000000000000000000000000000000000000000000000000000000000000000000000",
	"root": null,
	"status": "0x1",
	"transactionHash": "0xbdc64d950cb0da89c25cc0ec0f1e9cb47ac0dc21350e3e8909bb877c2f740c5b",
	"transactionIndex": 185
}
[2018-04-29T17:40:07.522] [DEBUG] trans - TO:   0x33355b513d95d89a576f2658a56b41ace2908857
[2018-04-29T17:40:07.522] [DEBUG] trans - AMOUNT:   6006253800000000000000
[2018-04-29T17:40:07.522] [DEBUG] trans - Receipt info:  {
	"blockHash": "0x5aa5237acaf785085500785897b62d6e9a914cc78f3cc6fb2989326000c3d1a9",
	"blockNumber": 5527360,
	"contractAddress": null,
	"cumulativeGasUsed": 7184482,
	"gasUsed": 51717,
	"logs": [
		{
			"address": "0x7e9e431a0B8c4D532C745B1043c7FA29a48D4fBa",
			"blockHash": "0x5aa5237acaf785085500785897b62d6e9a914cc78f3cc6fb2989326000c3d1a9",
			"blockNumber": 5527360,
			"data": "0x0000000000000000000000000000000000000000000001459984089a80168000",
			"logIndex": 84,
			"topics": [
				"0xddf252ad1be2c89b69c2b068fc378daa952ba7f163c4a11628f55a4df523b3ef",
				"0x000000000000000000000000468b858c964f297fd8fce058032bf4b4911a8ad8",
				"0x00000000000000000000000033355b513d95d89a576f2658a56b41ace2908857"
			],
			"transactionHash": "0xb5c43fe16ba816ff48d7f93b57ce62bc2aa442f057c047b40ea4c5d55b928d5d",
			"transactionIndex": 177,
			"transactionLogIndex": "0x0",
			"type": "mined",
			"id": "log_e9f8ad77"
		}
	],
	"logsBloom": "0x00000000800000000000000000020000000000000000000000000000000000000000000000000000000000000000000000000000000000000000000000000000000000000001010000000008000000000000000000000000000000000020000000000000000000000000000000000000000000000000000000000010000000000000000000000000000000000000000000000000000000000000000000000000000000000000000080000000000000000000000000000000000000010000000000001002000000000000000000000000000000000000000000000000000000000000000000000000000000000000000000000000000002000000000000000000",
	"root": null,
	"status": "0x1",
	"transactionHash": "0xb5c43fe16ba816ff48d7f93b57ce62bc2aa442f057c047b40ea4c5d55b928d5d",
	"transactionIndex": 177
}
[2018-04-29T17:40:43.556] [DEBUG] trans - TO:   0x66c8bb17e154e406891ebca7848990d9baa95d30
[2018-04-29T17:40:43.556] [DEBUG] trans - AMOUNT:   6005975800000000000000
[2018-04-29T17:40:43.556] [DEBUG] trans - Receipt info:  {
	"blockHash": "0xba3ccf14264e9cdba8569b7255082b04690952c6617e0fb5180828249b916381",
	"blockNumber": 5527362,
	"contractAddress": null,
	"cumulativeGasUsed": 3746341,
	"gasUsed": 51717,
	"logs": [
		{
			"address": "0x7e9e431a0B8c4D532C745B1043c7FA29a48D4fBa",
			"blockHash": "0xba3ccf14264e9cdba8569b7255082b04690952c6617e0fb5180828249b916381",
			"blockNumber": 5527362,
			"data": "0x00000000000000000000000000000000000000000000014595a8611390878000",
			"logIndex": 31,
			"topics": [
				"0xddf252ad1be2c89b69c2b068fc378daa952ba7f163c4a11628f55a4df523b3ef",
				"0x000000000000000000000000468b858c964f297fd8fce058032bf4b4911a8ad8",
				"0x00000000000000000000000066c8bb17e154e406891ebca7848990d9baa95d30"
			],
			"transactionHash": "0x3c9aa571eff464d267f456917092ae868e4fce4671fcd55998a6ac2da9353271",
			"transactionIndex": 48,
			"transactionLogIndex": "0x0",
			"type": "mined",
			"id": "log_28f21935"
		}
	],
	"logsBloom": "0x00000000000000000000000000020000000000000000000000000000000000000000000000000000000000000000000000000000000000000000000000000000000000000000010000000008000000000000000000000000000000000020000000000000000000000000000000000000000000000000000000020010000000000000000000000000000000000000000001000000000000000000000000000000000000000000000080000000000000000000000000000000000000010800000000001002000000000000000000000000000000000000000000000000000000000000000000000000000000000000000000000000000000000000000000000000",
	"root": null,
	"status": "0x1",
	"transactionHash": "0x3c9aa571eff464d267f456917092ae868e4fce4671fcd55998a6ac2da9353271",
	"transactionIndex": 48
}
[2018-04-29T17:41:04.584] [DEBUG] trans - TO:   0xfa40fdce292937b1176679b3b47045bffefa4200
[2018-04-29T17:41:04.584] [DEBUG] trans - AMOUNT:   6005869000000000000000
[2018-04-29T17:41:04.584] [DEBUG] trans - Receipt info:  {
	"blockHash": "0x8460a6c1626c159591b9d1f5eaa792067f39855006afe69fd007a69f09934e06",
	"blockNumber": 5527364,
	"contractAddress": null,
	"cumulativeGasUsed": 873942,
	"gasUsed": 51653,
	"logs": [
		{
			"address": "0x7e9e431a0B8c4D532C745B1043c7FA29a48D4fBa",
			"blockHash": "0x8460a6c1626c159591b9d1f5eaa792067f39855006afe69fd007a69f09934e06",
			"blockNumber": 5527364,
			"data": "0x000000000000000000000000000000000000000000000145942cf30ad2848000",
			"logIndex": 11,
			"topics": [
				"0xddf252ad1be2c89b69c2b068fc378daa952ba7f163c4a11628f55a4df523b3ef",
				"0x000000000000000000000000468b858c964f297fd8fce058032bf4b4911a8ad8",
				"0x000000000000000000000000fa40fdce292937b1176679b3b47045bffefa4200"
			],
			"transactionHash": "0xcb6c88332a8136287f3dec83986f796a32b5dc9eab7bfb8f6c1234476bc6c3a7",
			"transactionIndex": 30,
			"transactionLogIndex": "0x0",
			"type": "mined",
			"id": "log_a5e21648"
		}
	],
	"logsBloom": "0x00000000000000000000000000020000000000000000000000000000000000000000000000000000000000000000000000000000000000000000000000000000000000000000010000000008000000000000000000000000000000000020000000000000000000000000000000000000000000000000000000000010000000000000000000000000000000000000000000000000000000000020000000000000000000000000000080000000000000000000000000000000000000010000000000001002080000000000000000000000000000000000000000000000000000000000000000000000000000000000000000000000000000000020000000000000",
	"root": null,
	"status": "0x1",
	"transactionHash": "0xcb6c88332a8136287f3dec83986f796a32b5dc9eab7bfb8f6c1234476bc6c3a7",
	"transactionIndex": 30
}
[2018-04-29T17:41:07.585] [DEBUG] trans - TO:   0xaa1a2e1c09e77fdeca7a7fe0db6036fe1dbd6751
[2018-04-29T17:41:07.585] [DEBUG] trans - AMOUNT:   6005020000000000000000
[2018-04-29T17:41:07.586] [DEBUG] trans - Receipt info:  {
	"blockHash": "0x3dc21cabd3b70892ccbd32d0bb1a2f2e1615dee4443e1e0119c5795a8529086b",
	"blockNumber": 5527365,
	"contractAddress": null,
	"cumulativeGasUsed": 372226,
	"gasUsed": 51653,
	"logs": [
		{
			"address": "0x7e9e431a0B8c4D532C745B1043c7FA29a48D4fBa",
			"blockHash": "0x3dc21cabd3b70892ccbd32d0bb1a2f2e1615dee4443e1e0119c5795a8529086b",
			"blockNumber": 5527365,
			"data": "0x0000000000000000000000000000000000000000000001458864b20a5c360000",
			"logIndex": 4,
			"topics": [
				"0xddf252ad1be2c89b69c2b068fc378daa952ba7f163c4a11628f55a4df523b3ef",
				"0x000000000000000000000000468b858c964f297fd8fce058032bf4b4911a8ad8",
				"0x000000000000000000000000aa1a2e1c09e77fdeca7a7fe0db6036fe1dbd6751"
			],
			"transactionHash": "0xe87a7b0c305bd1ed3d67d1439c06e529c46a8ddc73c79920769efdbfda9cb01a",
			"transactionIndex": 9,
			"transactionLogIndex": "0x0",
			"type": "mined",
			"id": "log_8d071a79"
		}
	],
	"logsBloom": "0x00000000000000000000000000020000000000000000000000000000000000000000000000000000000000000000000000000000000000000000000000000000000000000000010000000008000000000000000000000000000000000020000000000000000000000000000000000100000000000000000000000010000000000000000000000000000000000000000000000000000000000000000000000400004000000000000080000000000000000000000000000000000000010000000000001002000000000000000000000000000000000000000000000000000000000000000000000000000000000000000000000000000000000000000000000000",
	"root": null,
	"status": "0x1",
	"transactionHash": "0xe87a7b0c305bd1ed3d67d1439c06e529c46a8ddc73c79920769efdbfda9cb01a",
	"transactionIndex": 9
}
[2018-04-29T17:41:41.629] [DEBUG] trans - TO:   0x4a5403ffe40a6dbaa19694166eadc17c44138351
[2018-04-29T17:41:41.629] [DEBUG] trans - AMOUNT:   6005000100000000000000
[2018-04-29T17:41:41.629] [DEBUG] trans - Receipt info:  {
	"blockHash": "0x67468b40399d1b7f1f13fbed6c2f218facf331bb5aca3ee8993a40f3cec53c17",
	"blockNumber": 5527368,
	"contractAddress": null,
	"cumulativeGasUsed": 1674753,
	"gasUsed": 51717,
	"logs": [
		{
			"address": "0x7e9e431a0B8c4D532C745B1043c7FA29a48D4fBa",
			"blockHash": "0x67468b40399d1b7f1f13fbed6c2f218facf331bb5aca3ee8993a40f3cec53c17",
			"blockNumber": 5527368,
			"data": "0x000000000000000000000000000000000000000000000145881dff188d2e4000",
			"logIndex": 23,
			"topics": [
				"0xddf252ad1be2c89b69c2b068fc378daa952ba7f163c4a11628f55a4df523b3ef",
				"0x000000000000000000000000468b858c964f297fd8fce058032bf4b4911a8ad8",
				"0x0000000000000000000000004a5403ffe40a6dbaa19694166eadc17c44138351"
			],
			"transactionHash": "0x8cc2f4b815a3d8945a1155dcc7734a964936c6a2ef5231e6c091c7de92d15200",
			"transactionIndex": 39,
			"transactionLogIndex": "0x0",
			"type": "mined",
			"id": "log_3d69d3bf"
		}
	],
	"logsBloom": "0x00000000002000000000000000020000000000000000000000000000000000000000000000000000000000000000000000000000000000000000000000000000000000000000010000000008000000000000000000000000000000000020000000000000000000000000000000800000000000000000000000000010000000000000000000000000000000000000000000000000000000000000000000000000000000000000000080000000000000000000000000000000000000010000000000001002000000000000000000000000000000000000000000000000000000000100000000000000000000000000000000000000000000000000000000000000",
	"root": null,
	"status": "0x1",
	"transactionHash": "0x8cc2f4b815a3d8945a1155dcc7734a964936c6a2ef5231e6c091c7de92d15200",
	"transactionIndex": 39
}
[2018-04-29T17:42:15.677] [DEBUG] trans - TO:   0xe28822b5071979b99cb9db5687b3886ae58cbc4c
[2018-04-29T17:42:15.677] [DEBUG] trans - AMOUNT:   6004555400000000000000
[2018-04-29T17:42:15.677] [DEBUG] trans - Receipt info:  {
	"blockHash": "0x68b3273f7e95cb3d269dcd5495549bb473ad529a66addb932c87b30af9ab1d25",
	"blockNumber": 5527370,
	"contractAddress": null,
	"cumulativeGasUsed": 4479328,
	"gasUsed": 51717,
	"logs": [
		{
			"address": "0x7e9e431a0B8c4D532C745B1043c7FA29a48D4fBa",
			"blockHash": "0x68b3273f7e95cb3d269dcd5495549bb473ad529a66addb932c87b30af9ab1d25",
			"blockNumber": 5527370,
			"data": "0x00000000000000000000000000000000000000000000014581f21acd51908000",
			"logIndex": 46,
			"topics": [
				"0xddf252ad1be2c89b69c2b068fc378daa952ba7f163c4a11628f55a4df523b3ef",
				"0x000000000000000000000000468b858c964f297fd8fce058032bf4b4911a8ad8",
				"0x000000000000000000000000e28822b5071979b99cb9db5687b3886ae58cbc4c"
			],
			"transactionHash": "0x29868c4507d79840729fdc0bd5d462bb95ccaf64b57ee4f10a1d13c50654cdf1",
			"transactionIndex": 128,
			"transactionLogIndex": "0x0",
			"type": "mined",
			"id": "log_0a6820f6"
		}
	],
	"logsBloom": "0x00000000000000000000000000020000000000000000000000000000000000000000000000000000000000000000000000000000000000000000000000000000000000000000010000000008000000000000000000000000000000000020000000000000000000000000000000000000000010000000000008000010000000000000000000000000000040000000000000000000000000000000000000000000000000000000000080000000000000000000000000000000000000010000000000001002000000000000000000000000000000000000000000000000000000000000000000000000000000000000000000000000000000000000000000000000",
	"root": null,
	"status": "0x1",
	"transactionHash": "0x29868c4507d79840729fdc0bd5d462bb95ccaf64b57ee4f10a1d13c50654cdf1",
	"transactionIndex": 128
}
[2018-04-29T17:43:08.753] [DEBUG] trans - TO:   0x1a3e0bbfd885f8a9df0ef553e769760f6fd3cd19
[2018-04-29T17:43:08.754] [DEBUG] trans - AMOUNT:   6004495300000000000000
[2018-04-29T17:43:08.754] [DEBUG] trans - Receipt info:  {
	"blockHash": "0xa23b15516f42d8adfe224d05f825781d6b19ee76f5b37ff66e923426a6303fd5",
	"blockNumber": 5527374,
	"contractAddress": null,
	"cumulativeGasUsed": 2739783,
	"gasUsed": 51717,
	"logs": [
		{
			"address": "0x7e9e431a0B8c4D532C745B1043c7FA29a48D4fBa",
			"blockHash": "0xa23b15516f42d8adfe224d05f825781d6b19ee76f5b37ff66e923426a6303fd5",
			"blockNumber": 5527374,
			"data": "0x000000000000000000000000000000000000000000000145811c962ba2904000",
			"logIndex": 41,
			"topics": [
				"0xddf252ad1be2c89b69c2b068fc378daa952ba7f163c4a11628f55a4df523b3ef",
				"0x000000000000000000000000468b858c964f297fd8fce058032bf4b4911a8ad8",
				"0x0000000000000000000000001a3e0bbfd885f8a9df0ef553e769760f6fd3cd19"
			],
			"transactionHash": "0xe254dad958ae8c51394e679fa129c8755f65be0df3abd6398be1fe0b6bd0bd26",
			"transactionIndex": 57,
			"transactionLogIndex": "0x0",
			"type": "mined",
			"id": "log_c7a7d75b"
		}
	],
	"logsBloom": "0x00000000000000000000000000020000000000000000000000000000000000000008000000000000000000000000000000000000000000000000000000000000000000000000010000000008000000000000000000000000000000000020000000000000000000000000000000000000000000000000000000100010000000000000000000000000000000000000000000000000000000000000000000000000000000000000000080080000000000000000000000000000000000010000000000001002000000000000000000000000000000000000000000000000000000000000000000000000000000000000000000000000000000000000000000000000",
	"root": null,
	"status": "0x1",
	"transactionHash": "0xe254dad958ae8c51394e679fa129c8755f65be0df3abd6398be1fe0b6bd0bd26",
	"transactionIndex": 57
}
[2018-04-29T17:43:13.760] [DEBUG] trans - TO:   0x3159dd137005d0b99879ed3545de80bf433847e2
[2018-04-29T17:43:13.760] [DEBUG] trans - AMOUNT:   6003000000000000000000
[2018-04-29T17:43:13.760] [DEBUG] trans - Receipt info:  {
	"blockHash": "0xa844c6cbe9b07bfdaf7c1f54f2f8b0e8cd2e1c4ccbfb7826d7d29f38b0240ebc",
	"blockNumber": 5527375,
	"contractAddress": null,
	"cumulativeGasUsed": 687161,
	"gasUsed": 51653,
	"logs": [
		{
			"address": "0x7e9e431a0B8c4D532C745B1043c7FA29a48D4fBa",
			"blockHash": "0xa844c6cbe9b07bfdaf7c1f54f2f8b0e8cd2e1c4ccbfb7826d7d29f38b0240ebc",
			"blockNumber": 5527375,
			"data": "0x0000000000000000000000000000000000000000000001456c5c36be2dec0000",
			"logIndex": 9,
			"topics": [
				"0xddf252ad1be2c89b69c2b068fc378daa952ba7f163c4a11628f55a4df523b3ef",
				"0x000000000000000000000000468b858c964f297fd8fce058032bf4b4911a8ad8",
				"0x0000000000000000000000003159dd137005d0b99879ed3545de80bf433847e2"
			],
			"transactionHash": "0x3786d281b47c7831825029d9c0b1987fc2c6223af4b5a79884cc24c4b4a77e79",
			"transactionIndex": 18,
			"transactionLogIndex": "0x0",
			"type": "mined",
			"id": "log_8d17935e"
		}
	],
	"logsBloom": "0x00000000000000000000000000020000000000000000000000000000000000000000000000000000000400000000000000000000000000000000000000000000002000000000010000000008000000000000000000000000000000000020000000000000000000000000000000000000000000000000000000000010000000000000000000000000000000000000000000000000000000000000000000000000000000000000000080000000000000000000000008000000000000010000000000001002000000000000000000000000000000000000000000000000000000000000000000000000000000000000000000000000000000000000000000000000",
	"root": null,
	"status": "0x1",
	"transactionHash": "0x3786d281b47c7831825029d9c0b1987fc2c6223af4b5a79884cc24c4b4a77e79",
	"transactionIndex": 18
}
[2018-04-29T17:43:13.762] [DEBUG] trans - TO:   0x60f27e0833119d307601c3d50509c66b0bce6a42
[2018-04-29T17:43:13.762] [DEBUG] trans - AMOUNT:   6002339600000000000000
[2018-04-29T17:43:13.762] [DEBUG] trans - Receipt info:  {
	"blockHash": "0xa844c6cbe9b07bfdaf7c1f54f2f8b0e8cd2e1c4ccbfb7826d7d29f38b0240ebc",
	"blockNumber": 5527375,
	"contractAddress": null,
	"cumulativeGasUsed": 6354676,
	"gasUsed": 51589,
	"logs": [
		{
			"address": "0x7e9e431a0B8c4D532C745B1043c7FA29a48D4fBa",
			"blockHash": "0xa844c6cbe9b07bfdaf7c1f54f2f8b0e8cd2e1c4ccbfb7826d7d29f38b0240ebc",
			"blockNumber": 5527375,
			"data": "0x000000000000000000000000000000000000000000000145633200711c410000",
			"logIndex": 125,
			"topics": [
				"0xddf252ad1be2c89b69c2b068fc378daa952ba7f163c4a11628f55a4df523b3ef",
				"0x000000000000000000000000468b858c964f297fd8fce058032bf4b4911a8ad8",
				"0x00000000000000000000000060f27e0833119d307601c3d50509c66b0bce6a42"
			],
			"transactionHash": "0x60703c54e5e1f8ab40c84d57952b8caac61a025fb9466d378c653d3e3bf330a9",
			"transactionIndex": 113,
			"transactionLogIndex": "0x0",
			"type": "mined",
			"id": "log_b73ea6a4"
		}
	],
	"logsBloom": "0x00000000000000000000000000020000000000000000000000000000000000000000000000000000000000000000000000000000000000000000000000000000000000000000010000000008000000000000000000000000000000000020000000000000100000000000000000000000000000000000000000000010000000000000000000000000000000040000000000000000000000000000000000000000000000000000000080000000000000000000000000000000000000010000000000001002000000000000000000000000000000000000000000000000000000008000000000000000000000000000000000000000000000000000000000000000",
	"root": null,
	"status": "0x1",
	"transactionHash": "0x60703c54e5e1f8ab40c84d57952b8caac61a025fb9466d378c653d3e3bf330a9",
	"transactionIndex": 113
}
[2018-04-29T17:43:13.763] [DEBUG] trans - TO:   0xead1bfe96dee81ccbc67a7bb4b8351deb069d2d5
[2018-04-29T17:43:13.763] [DEBUG] trans - AMOUNT:   6002402400000000000000
[2018-04-29T17:43:13.763] [DEBUG] trans - Receipt info:  {
	"blockHash": "0xa844c6cbe9b07bfdaf7c1f54f2f8b0e8cd2e1c4ccbfb7826d7d29f38b0240ebc",
	"blockNumber": 5527375,
	"contractAddress": null,
	"cumulativeGasUsed": 6219087,
	"gasUsed": 51653,
	"logs": [
		{
			"address": "0x7e9e431a0B8c4D532C745B1043c7FA29a48D4fBa",
			"blockHash": "0xa844c6cbe9b07bfdaf7c1f54f2f8b0e8cd2e1c4ccbfb7826d7d29f38b0240ebc",
			"blockNumber": 5527375,
			"data": "0x00000000000000000000000000000000000000000000014564111cb588260000",
			"logIndex": 124,
			"topics": [
				"0xddf252ad1be2c89b69c2b068fc378daa952ba7f163c4a11628f55a4df523b3ef",
				"0x000000000000000000000000468b858c964f297fd8fce058032bf4b4911a8ad8",
				"0x000000000000000000000000ead1bfe96dee81ccbc67a7bb4b8351deb069d2d5"
			],
			"transactionHash": "0xc8bcbfec8d22998fad4229de24d5c32d2231ee34b3e78cf5d16df02db85a8afb",
			"transactionIndex": 108,
			"transactionLogIndex": "0x0",
			"type": "mined",
			"id": "log_e743c78b"
		}
	],
	"logsBloom": "0x00000000000000000000000000020000000000000000000000000000000000000000000000000000000000000000000000000000004000000000000000000000000000000000010000000008000000000000000000000000000000000020000040000000000000000000000000000000000000000000000000000010000000000000000000000000000000000000000000000000000000000000000000000000000000000000000080000000000000000000000000000000000000010000000000001002000000000000000000000000000000000000000000000000000000000000080000000000000000000000000000000000000000000000000000000000",
	"root": null,
	"status": "0x1",
	"transactionHash": "0xc8bcbfec8d22998fad4229de24d5c32d2231ee34b3e78cf5d16df02db85a8afb",
	"transactionIndex": 108
}
[2018-04-29T17:43:13.763] [DEBUG] trans - TO:   0xebcd52d9f817c8f8a1a4e203339ab5b34adb0218
[2018-04-29T17:43:13.763] [DEBUG] trans - AMOUNT:   6002519600000000000000
[2018-04-29T17:43:13.763] [DEBUG] trans - Receipt info:  {
	"blockHash": "0xa844c6cbe9b07bfdaf7c1f54f2f8b0e8cd2e1c4ccbfb7826d7d29f38b0240ebc",
	"blockNumber": 5527375,
	"contractAddress": null,
	"cumulativeGasUsed": 5972167,
	"gasUsed": 51653,
	"logs": [
		{
			"address": "0x7e9e431a0B8c4D532C745B1043c7FA29a48D4fBa",
			"blockHash": "0xa844c6cbe9b07bfdaf7c1f54f2f8b0e8cd2e1c4ccbfb7826d7d29f38b0240ebc",
			"blockNumber": 5527375,
			"data": "0x00000000000000000000000000000000000000000000014565b17d7cf7d30000",
			"logIndex": 121,
			"topics": [
				"0xddf252ad1be2c89b69c2b068fc378daa952ba7f163c4a11628f55a4df523b3ef",
				"0x000000000000000000000000468b858c964f297fd8fce058032bf4b4911a8ad8",
				"0x000000000000000000000000ebcd52d9f817c8f8a1a4e203339ab5b34adb0218"
			],
			"transactionHash": "0x8b3cf85c76bc56e2f563bb2f2fe5298c76880478a78c0ffa059ec952f1faead7",
			"transactionIndex": 103,
			"transactionLogIndex": "0x0",
			"type": "mined",
			"id": "log_82946af8"
		}
	],
	"logsBloom": "0x00000000200000000000000000020000000000000000000000000000000000000000000000000000000000000000000000000000000000000000000000000000000000000000010000000008000000000000000000000000000000000020000000000000000000000000000000008000000000000000000000000010000000000000000000000000000000000000000000000000000000000000000000000000000001000000000080000000000000000000000000000000000000010000000000001002000000000000000000000000000000000000000000000000000000000000000000000000000000000000000000000000000000000000000000000000",
	"root": null,
	"status": "0x1",
	"transactionHash": "0x8b3cf85c76bc56e2f563bb2f2fe5298c76880478a78c0ffa059ec952f1faead7",
	"transactionIndex": 103
}
[2018-04-29T17:43:13.764] [DEBUG] trans - TO:   0xd68c3a6fbb483a21306e16e6dd67909e0e19b61a
[2018-04-29T17:43:13.764] [DEBUG] trans - AMOUNT:   6001787400000000000000
[2018-04-29T17:43:13.764] [DEBUG] trans - Receipt info:  {
	"blockHash": "0xa844c6cbe9b07bfdaf7c1f54f2f8b0e8cd2e1c4ccbfb7826d7d29f38b0240ebc",
	"blockNumber": 5527375,
	"contractAddress": null,
	"cumulativeGasUsed": 6707548,
	"gasUsed": 51717,
	"logs": [
		{
			"address": "0x7e9e431a0B8c4D532C745B1043c7FA29a48D4fBa",
			"blockHash": "0xa844c6cbe9b07bfdaf7c1f54f2f8b0e8cd2e1c4ccbfb7826d7d29f38b0240ebc",
			"blockNumber": 5527375,
			"data": "0x0000000000000000000000000000000000000000000001455b883177af488000",
			"logIndex": 130,
			"topics": [
				"0xddf252ad1be2c89b69c2b068fc378daa952ba7f163c4a11628f55a4df523b3ef",
				"0x000000000000000000000000468b858c964f297fd8fce058032bf4b4911a8ad8",
				"0x000000000000000000000000d68c3a6fbb483a21306e16e6dd67909e0e19b61a"
			],
			"transactionHash": "0xc05c08ce40cb70f70ea4b28ea1738b4a76e8e46e2f169dcc0f21ea03b344503d",
			"transactionIndex": 123,
			"transactionLogIndex": "0x0",
			"type": "mined",
			"id": "log_6ff2cb06"
		}
	],
	"logsBloom": "0x00000000000000000000000000020000000000000000000000000000000000000000000000000000000000000000000000000000000000000000000000000000000000000000010000000008000000020000000000000000000000000020000000000000000000000000000002000000000000000000000000000010000000000000000000000000000000000000000000000000000000000000000000000000000000000000000080000000000000000000000000000000000000010000000000001002000000000000000000000000000000000000000000000000000000000000000000000020000000000000000000000000000000000000000000000000",
	"root": null,
	"status": "0x1",
	"transactionHash": "0xc05c08ce40cb70f70ea4b28ea1738b4a76e8e46e2f169dcc0f21ea03b344503d",
	"transactionIndex": 123
}
[2018-04-29T17:43:13.765] [DEBUG] trans - TO:   0x96bf8547455be212e6b493da101a3f06d309bd26
[2018-04-29T17:43:13.765] [DEBUG] trans - AMOUNT:   6002071100000000000000
[2018-04-29T17:43:13.765] [DEBUG] trans - Receipt info:  {
	"blockHash": "0xa844c6cbe9b07bfdaf7c1f54f2f8b0e8cd2e1c4ccbfb7826d7d29f38b0240ebc",
	"blockNumber": 5527375,
	"contractAddress": null,
	"cumulativeGasUsed": 6540676,
	"gasUsed": 51717,
	"logs": [
		{
			"address": "0x7e9e431a0B8c4D532C745B1043c7FA29a48D4fBa",
			"blockHash": "0xa844c6cbe9b07bfdaf7c1f54f2f8b0e8cd2e1c4ccbfb7826d7d29f38b0240ebc",
			"blockNumber": 5527375,
			"data": "0x0000000000000000000000000000000000000000000001455f78191d4a0fc000",
			"logIndex": 128,
			"topics": [
				"0xddf252ad1be2c89b69c2b068fc378daa952ba7f163c4a11628f55a4df523b3ef",
				"0x000000000000000000000000468b858c964f297fd8fce058032bf4b4911a8ad8",
				"0x00000000000000000000000096bf8547455be212e6b493da101a3f06d309bd26"
			],
			"transactionHash": "0x2e2bff580d8c476cb91ee4228fcdec4147d03ae54e1c7f3a96e1e26adb6d8f61",
			"transactionIndex": 118,
			"transactionLogIndex": "0x0",
			"type": "mined",
			"id": "log_7b64ad23"
		}
	],
	"logsBloom": "0x00000000000000000000000000020000000000000000000000000000000000000000200000000000000000000000000000000000000000000000000000000000000000000000010000000008000000000000000000000000000000000020000000000000000000000000000000000000000000000000000000000010000000000000000000000000000000000000000000000000000000000000000000000000000000000000000080000000000800000000001000000000000000010000000000001002000000000000000000000000000000000000000000000000000000000000000000000000000000000000000000000000000000000000000000000000",
	"root": null,
	"status": "0x1",
	"transactionHash": "0x2e2bff580d8c476cb91ee4228fcdec4147d03ae54e1c7f3a96e1e26adb6d8f61",
	"transactionIndex": 118
}
[2018-04-29T17:43:13.765] [DEBUG] trans - TO:   0xa77471999f2c2e3b92ff3d73c3af1d717a24bcc0
[2018-04-29T17:43:13.765] [DEBUG] trans - AMOUNT:   6001320000000000000000
[2018-04-29T17:43:13.765] [DEBUG] trans - Receipt info:  {
	"blockHash": "0xa844c6cbe9b07bfdaf7c1f54f2f8b0e8cd2e1c4ccbfb7826d7d29f38b0240ebc",
	"blockNumber": 5527375,
	"contractAddress": null,
	"cumulativeGasUsed": 6911375,
	"gasUsed": 51653,
	"logs": [
		{
			"address": "0x7e9e431a0B8c4D532C745B1043c7FA29a48D4fBa",
			"blockHash": "0xa844c6cbe9b07bfdaf7c1f54f2f8b0e8cd2e1c4ccbfb7826d7d29f38b0240ebc",
			"blockNumber": 5527375,
			"data": "0x000000000000000000000000000000000000000000000145550ba7a4d7440000",
			"logIndex": 133,
			"topics": [
				"0xddf252ad1be2c89b69c2b068fc378daa952ba7f163c4a11628f55a4df523b3ef",
				"0x000000000000000000000000468b858c964f297fd8fce058032bf4b4911a8ad8",
				"0x000000000000000000000000a77471999f2c2e3b92ff3d73c3af1d717a24bcc0"
			],
			"transactionHash": "0x31a195b759c674cfb3226a24c35d00a3d16f8356e13e1382378fbed6aefeb440",
			"transactionIndex": 128,
			"transactionLogIndex": "0x0",
			"type": "mined",
			"id": "log_986bc25e"
		}
	],
	"logsBloom": "0x00000000000000000000000000020000000000000000000000000000000000000000000000000000000000000000000000000000000000000000000000000000000000000000010000000008000020000000000000000000080000000020000000000000000000000000000000000000000000000000000000000010000000000000000000000000000000000000000000000000000000000000000000000000000000000000000080000000000000000004000000000000000000010000000000001002000000000000000000000000000000000000000000000000000000000000000000000000000000000000000000000000000000000000000000000000",
	"root": null,
	"status": "0x1",
	"transactionHash": "0x31a195b759c674cfb3226a24c35d00a3d16f8356e13e1382378fbed6aefeb440",
	"transactionIndex": 128
}
[2018-04-29T17:43:13.766] [DEBUG] trans - TO:   0xd39996874ac0c86a4436a7eb5e887bc0a03c60ea
[2018-04-29T17:43:13.766] [DEBUG] trans - AMOUNT:   6000945200000000000000
[2018-04-29T17:43:13.766] [DEBUG] trans - Receipt info:  {
	"blockHash": "0xa844c6cbe9b07bfdaf7c1f54f2f8b0e8cd2e1c4ccbfb7826d7d29f38b0240ebc",
	"blockNumber": 5527375,
	"contractAddress": null,
	"cumulativeGasUsed": 7248752,
	"gasUsed": 51653,
	"logs": [
		{
			"address": "0x7e9e431a0B8c4D532C745B1043c7FA29a48D4fBa",
			"blockHash": "0xa844c6cbe9b07bfdaf7c1f54f2f8b0e8cd2e1c4ccbfb7826d7d29f38b0240ebc",
			"blockNumber": 5527375,
			"data": "0x0000000000000000000000000000000000000000000001454fd8190799730000",
			"logIndex": 138,
			"topics": [
				"0xddf252ad1be2c89b69c2b068fc378daa952ba7f163c4a11628f55a4df523b3ef",
				"0x000000000000000000000000468b858c964f297fd8fce058032bf4b4911a8ad8",
				"0x000000000000000000000000d39996874ac0c86a4436a7eb5e887bc0a03c60ea"
			],
			"transactionHash": "0x8fafefdc46d07f11742456dfc627796c39112d4a87df1d779def5361c852cddb",
			"transactionIndex": 138,
			"transactionLogIndex": "0x0",
			"type": "mined",
			"id": "log_1b266beb"
		}
	],
	"logsBloom": "0x00000000000000000000000000020004000000000000000000000000000000000000000000000000000000000000000000000000000000000002000000000000000000000000010000000008000000000000000000000000000000000020000000000000000000000000000000000000000000000000000000000010000000000001000000000000000000000000000000000000000000000000000000000000000000000000000080000000000000000000000000000000000000010000000000001002000000000000000000000000000000000000000000000000000000000000000000000000000000000000000000000000000000000000000000000000",
	"root": null,
	"status": "0x1",
	"transactionHash": "0x8fafefdc46d07f11742456dfc627796c39112d4a87df1d779def5361c852cddb",
	"transactionIndex": 138
}
[2018-04-29T17:43:13.767] [DEBUG] trans - TO:   0x593011939c7807d95bba7aa237fd06f81fc4b411
[2018-04-29T17:43:13.767] [DEBUG] trans - AMOUNT:   6002791000000000000000
[2018-04-29T17:43:13.767] [DEBUG] trans - Receipt info:  {
	"blockHash": "0xa844c6cbe9b07bfdaf7c1f54f2f8b0e8cd2e1c4ccbfb7826d7d29f38b0240ebc",
	"blockNumber": 5527375,
	"contractAddress": null,
	"cumulativeGasUsed": 5121237,
	"gasUsed": 51717,
	"logs": [
		{
			"address": "0x7e9e431a0B8c4D532C745B1043c7FA29a48D4fBa",
			"blockHash": "0xa844c6cbe9b07bfdaf7c1f54f2f8b0e8cd2e1c4ccbfb7826d7d29f38b0240ebc",
			"blockNumber": 5527375,
			"data": "0x0000000000000000000000000000000000000000000001456975b259a7dd8000",
			"logIndex": 97,
			"topics": [
				"0xddf252ad1be2c89b69c2b068fc378daa952ba7f163c4a11628f55a4df523b3ef",
				"0x000000000000000000000000468b858c964f297fd8fce058032bf4b4911a8ad8",
				"0x000000000000000000000000593011939c7807d95bba7aa237fd06f81fc4b411"
			],
			"transactionHash": "0x4f18d7828e9af4d5d1728033f06a9c08f66d00d00c2d3739d82f9157e3e37ab0",
			"transactionIndex": 93,
			"transactionLogIndex": "0x0",
			"type": "mined",
			"id": "log_f9bd0515"
		}
	],
	"logsBloom": "0x00000000000000000000000000020000000000000000000000000000000000000000000000000000000000000000000000000000000000000000000000000000000000000000010000100008000000000000000000000000000000000020000000000000000000000000000000000000000000000000000000000010000000000000000000000000000000000000020000000000000000000000000000000000000000000000000080000000000000000000000000000000000000010000000000001003000000000000000000000000000000000000000000000000000000000000000000000000000000000000000000000000000000000000000000000000",
	"root": null,
	"status": "0x1",
	"transactionHash": "0x4f18d7828e9af4d5d1728033f06a9c08f66d00d00c2d3739d82f9157e3e37ab0",
	"transactionIndex": 93
}
[2018-04-29T17:43:13.768] [DEBUG] trans - TO:   0xf7c04e2e24275333451cc9361469af372ff291d2
[2018-04-29T17:43:13.768] [DEBUG] trans - AMOUNT:   6000879600000000000000
[2018-04-29T17:43:13.768] [DEBUG] trans - Receipt info:  {
	"blockHash": "0xa844c6cbe9b07bfdaf7c1f54f2f8b0e8cd2e1c4ccbfb7826d7d29f38b0240ebc",
	"blockNumber": 5527375,
	"contractAddress": null,
	"cumulativeGasUsed": 7458265,
	"gasUsed": 36653,
	"logs": [
		{
			"address": "0x7e9e431a0B8c4D532C745B1043c7FA29a48D4fBa",
			"blockHash": "0xa844c6cbe9b07bfdaf7c1f54f2f8b0e8cd2e1c4ccbfb7826d7d29f38b0240ebc",
			"blockNumber": 5527375,
			"data": "0x0000000000000000000000000000000000000000000001454eef0a2d602f0000",
			"logIndex": 141,
			"topics": [
				"0xddf252ad1be2c89b69c2b068fc378daa952ba7f163c4a11628f55a4df523b3ef",
				"0x000000000000000000000000468b858c964f297fd8fce058032bf4b4911a8ad8",
				"0x000000000000000000000000f7c04e2e24275333451cc9361469af372ff291d2"
			],
			"transactionHash": "0x38dbd3d9f32843aad7bccdb0bccf6edd435fd216030f5c7bc09d1bfe58eee9de",
			"transactionIndex": 145,
			"transactionLogIndex": "0x0",
			"type": "mined",
			"id": "log_82bee030"
		}
	],
	"logsBloom": "0x00000000000000000000000000020000000000000000000000000000000000000000000000000000000000000000000000000000008000000000000080000000000000000000010000000008000000000000000000000000000000000020000000000000000000000000001000000000000000000000000000000010000000000000000000000000000000000000000000000000000000000000000000000000000000000000000080000000000000000000000000000000000000010000000000001002000000000000000000000000000000000000000000000000000000000000000000000000000000000000000000000000000000000000000000000000",
	"root": null,
	"status": "0x1",
	"transactionHash": "0x38dbd3d9f32843aad7bccdb0bccf6edd435fd216030f5c7bc09d1bfe58eee9de",
	"transactionIndex": 145
}
[2018-04-29T17:43:13.769] [DEBUG] trans - TO:   0xa49dec5b4ec5ccdf625a4373107b465f28f3b70a
[2018-04-29T17:43:13.769] [DEBUG] trans - AMOUNT:   6000951600000000000000
[2018-04-29T17:43:13.769] [DEBUG] trans - Receipt info:  {
	"blockHash": "0xa844c6cbe9b07bfdaf7c1f54f2f8b0e8cd2e1c4ccbfb7826d7d29f38b0240ebc",
	"blockNumber": 5527375,
	"contractAddress": null,
	"cumulativeGasUsed": 7081807,
	"gasUsed": 51653,
	"logs": [
		{
			"address": "0x7e9e431a0B8c4D532C745B1043c7FA29a48D4fBa",
			"blockHash": "0xa844c6cbe9b07bfdaf7c1f54f2f8b0e8cd2e1c4ccbfb7826d7d29f38b0240ebc",
			"blockNumber": 5527375,
			"data": "0x0000000000000000000000000000000000000000000001454feed5cbb8030000",
			"logIndex": 136,
			"topics": [
				"0xddf252ad1be2c89b69c2b068fc378daa952ba7f163c4a11628f55a4df523b3ef",
				"0x000000000000000000000000468b858c964f297fd8fce058032bf4b4911a8ad8",
				"0x000000000000000000000000a49dec5b4ec5ccdf625a4373107b465f28f3b70a"
			],
			"transactionHash": "0x9de15edb94c4268012852455b80ea5a2644d48d7a15a4fcd807f0da31177f1fc",
			"transactionIndex": 133,
			"transactionLogIndex": "0x0",
			"type": "mined",
			"id": "log_10532cbe"
		}
	],
	"logsBloom": "0x00000000200000000000000000020000000000000000000000000000000000000000000000000000000000000080000000000000000000000000000000000000000000000000010000000008000000000000000000000000000000000020000000000000000000000000000000000000000000000000000000000010000000000000000000000000000000000000000000000000000000000000000000000000000000000000000080000000000000000000000000002000000000010000000000001002000000000000000000000000000000000000000000000000000000000000000000000000000000000000000000000000000000000000000000000000",
	"root": null,
	"status": "0x1",
	"transactionHash": "0x9de15edb94c4268012852455b80ea5a2644d48d7a15a4fcd807f0da31177f1fc",
	"transactionIndex": 133
}
[2018-04-29T17:43:13.771] [DEBUG] trans - TO:   0x5a3675bbbf7de1d41f8ec3c5aeb8d192505f06cf
[2018-04-29T17:43:13.771] [DEBUG] trans - AMOUNT:   6000773700000000000000
[2018-04-29T17:43:13.771] [DEBUG] trans - Receipt info:  {
	"blockHash": "0xa844c6cbe9b07bfdaf7c1f54f2f8b0e8cd2e1c4ccbfb7826d7d29f38b0240ebc",
	"blockNumber": 5527375,
	"contractAddress": null,
	"cumulativeGasUsed": 7551982,
	"gasUsed": 51717,
	"logs": [
		{
			"address": "0x7e9e431a0B8c4D532C745B1043c7FA29a48D4fBa",
			"blockHash": "0xa844c6cbe9b07bfdaf7c1f54f2f8b0e8cd2e1c4ccbfb7826d7d29f38b0240ebc",
			"blockNumber": 5527375,
			"data": "0x0000000000000000000000000000000000000000000001454d76ceb036784000",
			"logIndex": 142,
			"topics": [
				"0xddf252ad1be2c89b69c2b068fc378daa952ba7f163c4a11628f55a4df523b3ef",
				"0x000000000000000000000000468b858c964f297fd8fce058032bf4b4911a8ad8",
				"0x0000000000000000000000005a3675bbbf7de1d41f8ec3c5aeb8d192505f06cf"
			],
			"transactionHash": "0x8e7c344a9099147d5ea3b105b78daf60960aa17b2ba48780005b63cda8f7597c",
			"transactionIndex": 148,
			"transactionLogIndex": "0x0",
			"type": "mined",
			"id": "log_29304e1d"
		}
	],
	"logsBloom": "0x00000000000000000000000000020000000000000000000000000000000000000000000000000000000000000000000000000000000000200000000000000000000000000000010000000008000000000000000000000000000000000020000000000000000000000000000000000000000000000000000000000010000000000000000000000000000000000000000000000000000000000000000000000000000000000000000080000000000000000000000000000000000000010000000000001002000040000000000000000000000000000000000000000000000000000000000000000000000000000000000000040000000000000000000000000000",
	"root": null,
	"status": "0x1",
	"transactionHash": "0x8e7c344a9099147d5ea3b105b78daf60960aa17b2ba48780005b63cda8f7597c",
	"transactionIndex": 148
}
[2018-04-29T17:43:13.771] [DEBUG] trans - TO:   0xf6f3ca3cb9b82852d02ecc19bb95c6ff370906e2
[2018-04-29T17:43:13.771] [DEBUG] trans - AMOUNT:   6000500000000000000000
[2018-04-29T17:43:13.771] [DEBUG] trans - Receipt info:  {
	"blockHash": "0xa844c6cbe9b07bfdaf7c1f54f2f8b0e8cd2e1c4ccbfb7826d7d29f38b0240ebc",
	"blockNumber": 5527375,
	"contractAddress": null,
	"cumulativeGasUsed": 7645635,
	"gasUsed": 51653,
	"logs": [
		{
			"address": "0x7e9e431a0B8c4D532C745B1043c7FA29a48D4fBa",
			"blockHash": "0xa844c6cbe9b07bfdaf7c1f54f2f8b0e8cd2e1c4ccbfb7826d7d29f38b0240ebc",
			"blockNumber": 5527375,
			"data": "0x00000000000000000000000000000000000000000000014549aa6dfd0b720000",
			"logIndex": 143,
			"topics": [
				"0xddf252ad1be2c89b69c2b068fc378daa952ba7f163c4a11628f55a4df523b3ef",
				"0x000000000000000000000000468b858c964f297fd8fce058032bf4b4911a8ad8",
				"0x000000000000000000000000f6f3ca3cb9b82852d02ecc19bb95c6ff370906e2"
			],
			"transactionHash": "0x6ccabfa9c9b774eadd89cd5d2dbe805d09f32d02ff53bcf6276ec41cdb00f546",
			"transactionIndex": 151,
			"transactionLogIndex": "0x0",
			"type": "mined",
			"id": "log_d4315a9b"
		}
	],
	"logsBloom": "0x00000000000000000000000000020000000000000000000000000000000000000000000000000000000000000000000000000000000000000000000000000000000000000000010000000008000000000000000000000000000000000020000000000000000000000000000000000000000000000000000000000010000000000000000000000000008000000000000000000000000000000000000000000000000000000000000080000000000000000000000000000000000000010000000000001002000000000000000000000000000080000000000000000000000000000000000000000000000000000000000000000000004000000000000000000000",
	"root": null,
	"status": "0x1",
	"transactionHash": "0x6ccabfa9c9b774eadd89cd5d2dbe805d09f32d02ff53bcf6276ec41cdb00f546",
	"transactionIndex": 151
}
[2018-04-29T17:43:13.772] [DEBUG] trans - TO:   0xa116949ec02621c44023ec3341a956d9ce09c630
[2018-04-29T17:43:13.772] [DEBUG] trans - AMOUNT:   6000454100000000000000
[2018-04-29T17:43:13.772] [DEBUG] trans - Receipt info:  {
	"blockHash": "0xa844c6cbe9b07bfdaf7c1f54f2f8b0e8cd2e1c4ccbfb7826d7d29f38b0240ebc",
	"blockNumber": 5527375,
	"contractAddress": null,
	"cumulativeGasUsed": 7757864,
	"gasUsed": 51717,
	"logs": [
		{
			"address": "0x7e9e431a0B8c4D532C745B1043c7FA29a48D4fBa",
			"blockHash": "0xa844c6cbe9b07bfdaf7c1f54f2f8b0e8cd2e1c4ccbfb7826d7d29f38b0240ebc",
			"blockNumber": 5527375,
			"data": "0x00000000000000000000000000000000000000000000014549075c2e80414000",
			"logIndex": 146,
			"topics": [
				"0xddf252ad1be2c89b69c2b068fc378daa952ba7f163c4a11628f55a4df523b3ef",
				"0x000000000000000000000000468b858c964f297fd8fce058032bf4b4911a8ad8",
				"0x000000000000000000000000a116949ec02621c44023ec3341a956d9ce09c630"
			],
			"transactionHash": "0x6ee19ca60408dfd3944433fcecaaf71c9ab6b6396a5e2cded6e29f561cca7adf",
			"transactionIndex": 154,
			"transactionLogIndex": "0x0",
			"type": "mined",
			"id": "log_15927fb6"
		}
	],
	"logsBloom": "0x00000000000000000000000000020000000000000000000000000000000000000000000000000000000000000000000000000000000000000000000000080000001000000000010000000008000000000000000000000000000000000020000000000000000000000000000000000000000000000000000000000010040000000000000000000000000000000000000000000000000000000000000000000000000000000000000080000000000000000000000000000000000000010000000000001002000000000000000000000000000000000000000000000000000000000000000000000000000000000000000000000000000000000000000000000000",
	"root": null,
	"status": "0x1",
	"transactionHash": "0x6ee19ca60408dfd3944433fcecaaf71c9ab6b6396a5e2cded6e29f561cca7adf",
	"transactionIndex": 154
}
[2018-04-29T17:43:13.775] [DEBUG] trans - TO:   0x9c0301e8e8d787a2e4c8c00194118e2d415918d1
[2018-04-29T17:43:13.775] [DEBUG] trans - AMOUNT:   6000905300000000000000
[2018-04-29T17:43:13.775] [DEBUG] trans - Receipt info:  {
	"blockHash": "0xa844c6cbe9b07bfdaf7c1f54f2f8b0e8cd2e1c4ccbfb7826d7d29f38b0240ebc",
	"blockNumber": 5527375,
	"contractAddress": null,
	"cumulativeGasUsed": 7379612,
	"gasUsed": 51717,
	"logs": [
		{
			"address": "0x7e9e431a0B8c4D532C745B1043c7FA29a48D4fBa",
			"blockHash": "0xa844c6cbe9b07bfdaf7c1f54f2f8b0e8cd2e1c4ccbfb7826d7d29f38b0240ebc",
			"blockNumber": 5527375,
			"data": "0x0000000000000000000000000000000000000000000001454f4a5830eae94000",
			"logIndex": 140,
			"topics": [
				"0xddf252ad1be2c89b69c2b068fc378daa952ba7f163c4a11628f55a4df523b3ef",
				"0x000000000000000000000000468b858c964f297fd8fce058032bf4b4911a8ad8",
				"0x0000000000000000000000009c0301e8e8d787a2e4c8c00194118e2d415918d1"
			],
			"transactionHash": "0xf23903f8498a57bc5bdc0272f4bdba22feb3c11bab5aa7038b259b648416791e",
			"transactionIndex": 142,
			"transactionLogIndex": "0x0",
			"type": "mined",
			"id": "log_79cfe6a5"
		}
	],
	"logsBloom": "0x00000000000000000000000000020000000200000000000000000000000000000000000000000000000000000800000000000000000000000000000000000000000000000000010000000008000000000000000000000000000000000020000000000000000000000000000000000000000000000000000000000010000000000000000000000000000000000000000000000000000000000000000000000000000000000000000080000000000000000000000000000000000000010000000000001002000000000000000000000000000000000000000000000000000000000000040000000000000000000000000000000000000000000000000000000000",
	"root": null,
	"status": "0x1",
	"transactionHash": "0xf23903f8498a57bc5bdc0272f4bdba22feb3c11bab5aa7038b259b648416791e",
	"transactionIndex": 142
}
[2018-04-29T17:43:13.775] [DEBUG] trans - TO:   0x14d7d82b02222b566941799c1adcb2a4b0fe9716
[2018-04-29T17:43:13.775] [DEBUG] trans - AMOUNT:   6000433100000000000000
[2018-04-29T17:43:13.775] [DEBUG] trans - Receipt info:  {
	"blockHash": "0xa844c6cbe9b07bfdaf7c1f54f2f8b0e8cd2e1c4ccbfb7826d7d29f38b0240ebc",
	"blockNumber": 5527375,
	"contractAddress": null,
	"cumulativeGasUsed": 7851581,
	"gasUsed": 51717,
	"logs": [
		{
			"address": "0x7e9e431a0B8c4D532C745B1043c7FA29a48D4fBa",
			"blockHash": "0xa844c6cbe9b07bfdaf7c1f54f2f8b0e8cd2e1c4ccbfb7826d7d29f38b0240ebc",
			"blockNumber": 5527375,
			"data": "0x00000000000000000000000000000000000000000000014548bcc0cafbf8c000",
			"logIndex": 147,
			"topics": [
				"0xddf252ad1be2c89b69c2b068fc378daa952ba7f163c4a11628f55a4df523b3ef",
				"0x000000000000000000000000468b858c964f297fd8fce058032bf4b4911a8ad8",
				"0x00000000000000000000000014d7d82b02222b566941799c1adcb2a4b0fe9716"
			],
			"transactionHash": "0xdde1fec1b5d5a8be9ca8dd51dfbf39b4d1aac6b3f15847f35e72a2e720ec9be0",
			"transactionIndex": 157,
			"transactionLogIndex": "0x0",
			"type": "mined",
			"id": "log_e3a17cbf"
		}
	],
	"logsBloom": "0x00000000000000000000000000020000000000000000000000000000000000000000000000000000000000000000000000000000000000000000000000000000000000000000010000000008000000000000000000000000000000000020000000000000004000000000000000000000000000000000000000000010000000000000000000000020000000000000000000000000000000000000000000000000000000000000000080000000000000000000000000000000000000010000000200001002000000000000000000000000000000000000000000000000000000000000000000000000000000000000000000000000000000000000000000000000",
	"root": null,
	"status": "0x1",
	"transactionHash": "0xdde1fec1b5d5a8be9ca8dd51dfbf39b4d1aac6b3f15847f35e72a2e720ec9be0",
	"transactionIndex": 157
}
[2018-04-29T17:43:19.769] [DEBUG] trans - TO:   0x0cc01c6ca9926eb99adf83b9ea7da415f4f42816
[2018-04-29T17:43:19.769] [DEBUG] trans - AMOUNT:   6000393700000000000000
[2018-04-29T17:43:19.770] [DEBUG] trans - Receipt info:  {
	"blockHash": "0xf6146316870feb7668f6dcc55271b141eec55aad7e6959d5d3bcc950ba664259",
	"blockNumber": 5527376,
	"contractAddress": null,
	"cumulativeGasUsed": 1480849,
	"gasUsed": 51717,
	"logs": [
		{
			"address": "0x7e9e431a0B8c4D532C745B1043c7FA29a48D4fBa",
			"blockHash": "0xf6146316870feb7668f6dcc55271b141eec55aad7e6959d5d3bcc950ba664259",
			"blockNumber": 5527376,
			"data": "0x0000000000000000000000000000000000000000000001454830c6b39fd24000",
			"logIndex": 16,
			"topics": [
				"0xddf252ad1be2c89b69c2b068fc378daa952ba7f163c4a11628f55a4df523b3ef",
				"0x000000000000000000000000468b858c964f297fd8fce058032bf4b4911a8ad8",
				"0x0000000000000000000000000cc01c6ca9926eb99adf83b9ea7da415f4f42816"
			],
			"transactionHash": "0xfa5fc54f3806bfc51bbd59bd44da2c276e91f6dc22c06663ef75487a31a46d0a",
			"transactionIndex": 48,
			"transactionLogIndex": "0x0",
			"type": "mined",
			"id": "log_2da55d2e"
		}
	],
	"logsBloom": "0x00000000000000000000000000020000000000000000000000000000000000000000000000000000000000000000000000000000000000000000000000000000000000000000010000000008000000000000000000000000000000000020000000000000000000000000000000000000000000000000000000000010000000000000000000000000000000000000000000000000000000000000000000000000000000000000000080000000000000000000000000000000000000010000000000001002000000000000000000000000000000080000000002000000000000000000000000040000000000000000000000000000000000000000000000000000",
	"root": null,
	"status": "0x1",
	"transactionHash": "0xfa5fc54f3806bfc51bbd59bd44da2c276e91f6dc22c06663ef75487a31a46d0a",
	"transactionIndex": 48
}
[2018-04-29T17:43:19.771] [DEBUG] trans - TO:   0xe5de47f7d74e795f2b8bbfb537e5331acb896c51
[2018-04-29T17:43:19.771] [DEBUG] trans - AMOUNT:   6000392000000000000000
[2018-04-29T17:43:19.771] [DEBUG] trans - Receipt info:  {
	"blockHash": "0xf6146316870feb7668f6dcc55271b141eec55aad7e6959d5d3bcc950ba664259",
	"blockNumber": 5527376,
	"contractAddress": null,
	"cumulativeGasUsed": 6811306,
	"gasUsed": 51653,
	"logs": [
		{
			"address": "0x7e9e431a0B8c4D532C745B1043c7FA29a48D4fBa",
			"blockHash": "0xf6146316870feb7668f6dcc55271b141eec55aad7e6959d5d3bcc950ba664259",
			"blockNumber": 5527376,
			"data": "0x000000000000000000000000000000000000000000000145482abc8f87b40000",
			"logIndex": 125,
			"topics": [
				"0xddf252ad1be2c89b69c2b068fc378daa952ba7f163c4a11628f55a4df523b3ef",
				"0x000000000000000000000000468b858c964f297fd8fce058032bf4b4911a8ad8",
				"0x000000000000000000000000e5de47f7d74e795f2b8bbfb537e5331acb896c51"
			],
			"transactionHash": "0x01b7310035d231d65b5a8c5b62b06242d68ce8e8c18153baafde77bdd604277b",
			"transactionIndex": 111,
			"transactionLogIndex": "0x0",
			"type": "mined",
			"id": "log_3d207980"
		}
	],
	"logsBloom": "0x00000000000000000000000000020000000000000000000000000000000000000000000000000000000000000000000000000000000000000000000000000000000000000000010000000008000000000000000000000000004000000020000000000400000000000000000000000000000000000000000000000010000000000000000000000000000000000000000000000000000000000000000000000000000000000000000080000000000000000000000000000000000000010000000000001002000000000000000000000000000000000000000000000008000000000000000000000000000000000000000000000000000000000000000000000000",
	"root": null,
	"status": "0x1",
	"transactionHash": "0x01b7310035d231d65b5a8c5b62b06242d68ce8e8c18153baafde77bdd604277b",
	"transactionIndex": 111
}
[2018-04-29T17:43:19.772] [DEBUG] trans - TO:   0x7086a465168d8e4e238da2744cc18b172527c4d3
[2018-04-29T17:43:19.772] [DEBUG] trans - AMOUNT:   6000365000000000000000
[2018-04-29T17:43:19.772] [DEBUG] trans - Receipt info:  {
	"blockHash": "0xf6146316870feb7668f6dcc55271b141eec55aad7e6959d5d3bcc950ba664259",
	"blockNumber": 5527376,
	"contractAddress": null,
	"cumulativeGasUsed": 7582681,
	"gasUsed": 51717,
	"logs": [
		{
			"address": "0x7e9e431a0B8c4D532C745B1043c7FA29a48D4fBa",
			"blockHash": "0xf6146316870feb7668f6dcc55271b141eec55aad7e6959d5d3bcc950ba664259",
			"blockNumber": 5527376,
			"data": "0x00000000000000000000000000000000000000000000014547cad03426c48000",
			"logIndex": 134,
			"topics": [
				"0xddf252ad1be2c89b69c2b068fc378daa952ba7f163c4a11628f55a4df523b3ef",
				"0x000000000000000000000000468b858c964f297fd8fce058032bf4b4911a8ad8",
				"0x0000000000000000000000007086a465168d8e4e238da2744cc18b172527c4d3"
			],
			"transactionHash": "0xacd04e236b98c990fef64633d5a832b9ca51fa567bdb1a648134ca9dedcfbc81",
			"transactionIndex": 123,
			"transactionLogIndex": "0x0",
			"type": "mined",
			"id": "log_5bc78215"
		}
	],
	"logsBloom": "0x00000000000000000000000000020000000000000000000000000000000000000000000000000000000000000000000000000000000000000000000000000000000000000000010000000008000000000000000000000000000000020020000000000000000000000000000000000000000000000000000000000010000000000000000000000000000000000000000000000000000000000000000000000000000000000000000080000000010000000000800000000000000000010000000000001002000000000000000000000000000000000000000000000000000000000000000000000000000000000000000000000000000000000000000000000000",
	"root": null,
	"status": "0x1",
	"transactionHash": "0xacd04e236b98c990fef64633d5a832b9ca51fa567bdb1a648134ca9dedcfbc81",
	"transactionIndex": 123
}
[2018-04-29T17:43:19.772] [DEBUG] trans - TO:   0x518baf463716638d366a6150cd6e1fbba0c26a44
[2018-04-29T17:43:19.772] [DEBUG] trans - AMOUNT:   6000383600000000000000
[2018-04-29T17:43:19.772] [DEBUG] trans - Receipt info:  {
	"blockHash": "0xf6146316870feb7668f6dcc55271b141eec55aad7e6959d5d3bcc950ba664259",
	"blockNumber": 5527376,
	"contractAddress": null,
	"cumulativeGasUsed": 7267686,
	"gasUsed": 51653,
	"logs": [
		{
			"address": "0x7e9e431a0B8c4D532C745B1043c7FA29a48D4fBa",
			"blockHash": "0xf6146316870feb7668f6dcc55271b141eec55aad7e6959d5d3bcc950ba664259",
			"blockNumber": 5527376,
			"data": "0x000000000000000000000000000000000000000000000145480ce4ce1f970000",
			"logIndex": 131,
			"topics": [
				"0xddf252ad1be2c89b69c2b068fc378daa952ba7f163c4a11628f55a4df523b3ef",
				"0x000000000000000000000000468b858c964f297fd8fce058032bf4b4911a8ad8",
				"0x000000000000000000000000518baf463716638d366a6150cd6e1fbba0c26a44"
			],
			"transactionHash": "0x5a0ff7a2a70658c54827d35111a9a1856ad603702b6006387162dea0d226b366",
			"transactionIndex": 119,
			"transactionLogIndex": "0x0",
			"type": "mined",
			"id": "log_e9f48587"
		}
	],
	"logsBloom": "0x00000000000000000000000000020000000000000000000000000000000000000001000000400000000000000000000000000000000000000000000000000000000000000000010000000008000000000000000000000000000000000020000000000000000000000000000000000000000000000000000000000010020000000000000000000000000000000000000000000000000000000000000000000000000000000000000080000000000000000000000000000000000000010000000000001002000000000000000000000000000000000000000000000000000000000000000000000000000000000000000000000000000000000000000000000000",
	"root": null,
	"status": "0x1",
	"transactionHash": "0x5a0ff7a2a70658c54827d35111a9a1856ad603702b6006387162dea0d226b366",
	"transactionIndex": 119
}
