[2018-04-29T02:35:14.131] [DEBUG] trans - TO:   0xbbcc12c2e991a33a3f8fa28f58223ac3edce6da3
[2018-04-29T02:35:14.133] [DEBUG] trans - AMOUNT:   2806432700000000000000
[2018-04-29T02:35:14.133] [DEBUG] trans - Receipt info:  {
	"blockHash": "0xb77d70db38885cda37b1e2c220b3e3405a82e32966459bb49f63c2638ccbaeee",
	"blockNumber": 5523446,
	"contractAddress": null,
	"cumulativeGasUsed": 4912817,
	"gasUsed": 51653,
	"logs": [
		{
			"address": "0x7e9e431a0B8c4D532C745B1043c7FA29a48D4fBa",
			"blockHash": "0xb77d70db38885cda37b1e2c220b3e3405a82e32966459bb49f63c2638ccbaeee",
			"blockNumber": 5523446,
			"data": "0x0000000000000000000000000000000000000000000000982313d7884467c000",
			"logIndex": 25,
			"topics": [
				"0xddf252ad1be2c89b69c2b068fc378daa952ba7f163c4a11628f55a4df523b3ef",
				"0x000000000000000000000000c9f42bcc3cd6c77fae537dd24ba96668fc864150",
				"0x000000000000000000000000bbcc12c2e991a33a3f8fa28f58223ac3edce6da3"
			],
			"transactionHash": "0x5f7821d5261151b07c439b8113648f136dc88f6b4605643eaf739b155803fc78",
			"transactionIndex": 48,
			"transactionLogIndex": "0x0",
			"type": "mined",
			"id": "log_abdc9842"
		}
	],
	"logsBloom": "0x00000000000000400000000000000000000000000000000000000000008000001000000000000000000000000000000000000000100000000000000000000000000000000000010000000008000000000000000000000000000000000000000000000000000000000000000000000000000000000000000000000010000000000000000000000000000000000000000000000000000000000000000000000000000000000000000080000000000000000000000000000000000000000000000000003002000000000000000000000000000000000000000000000000000000000000000000000000000000000000000000000000000000000000000000004000",
	"root": null,
	"status": "0x1",
	"transactionHash": "0x5f7821d5261151b07c439b8113648f136dc88f6b4605643eaf739b155803fc78",
	"transactionIndex": 48
}
[2018-04-29T02:35:23.144] [DEBUG] trans - TO:   0x35854d221f0b2edc4559e01e98f7de842c3e17d8
[2018-04-29T02:35:23.144] [DEBUG] trans - AMOUNT:   2805980600000000000000
[2018-04-29T02:35:23.144] [DEBUG] trans - Receipt info:  {
	"blockHash": "0xa5f9ecd029897ad8378fbde0b99832961c52f7619bba9e24b0079cdec443e81e",
	"blockNumber": 5523447,
	"contractAddress": null,
	"cumulativeGasUsed": 4381132,
	"gasUsed": 51653,
	"logs": [
		{
			"address": "0x7e9e431a0B8c4D532C745B1043c7FA29a48D4fBa",
			"blockHash": "0xa5f9ecd029897ad8378fbde0b99832961c52f7619bba9e24b0079cdec443e81e",
			"blockNumber": 5523447,
			"data": "0x0000000000000000000000000000000000000000000000981ccda8fa45738000",
			"logIndex": 78,
			"topics": [
				"0xddf252ad1be2c89b69c2b068fc378daa952ba7f163c4a11628f55a4df523b3ef",
				"0x000000000000000000000000c9f42bcc3cd6c77fae537dd24ba96668fc864150",
				"0x00000000000000000000000035854d221f0b2edc4559e01e98f7de842c3e17d8"
			],
			"transactionHash": "0xeb691310a32599f8131865c37ff5bb3e253822c1bef6116de8439c1148dd24bd",
			"transactionIndex": 89,
			"transactionLogIndex": "0x0",
			"type": "mined",
			"id": "log_099d7bb3"
		}
	],
	"logsBloom": "0x00000000000000000000000000000000000000000000000000000000008000000000000000000000000000000000000000000000100000000000000000000000000000000000010000000008000002000000000000000000000000000000000000000000000000000000000000000000000000000000000000000010000000000000000000000000000000000000000000000000000000000000000000000000000000000000000080000000000000400000000000000000000000000000000000001002000000000000000000000000000000000000000000000000000000000000000000000000000000000000000000000000000400000000000000004000",
	"root": null,
	"status": "0x1",
	"transactionHash": "0xeb691310a32599f8131865c37ff5bb3e253822c1bef6116de8439c1148dd24bd",
	"transactionIndex": 89
}
[2018-04-29T02:35:23.144] [DEBUG] trans - TO:   0xaa81fc934ec1211852be37c39284f989dca8a99b
[2018-04-29T02:35:23.144] [DEBUG] trans - AMOUNT:   2803891700000000000000
[2018-04-29T02:35:23.144] [DEBUG] trans - Receipt info:  {
	"blockHash": "0xa5f9ecd029897ad8378fbde0b99832961c52f7619bba9e24b0079cdec443e81e",
	"blockNumber": 5523447,
	"contractAddress": null,
	"cumulativeGasUsed": 4559249,
	"gasUsed": 51653,
	"logs": [
		{
			"address": "0x7e9e431a0B8c4D532C745B1043c7FA29a48D4fBa",
			"blockHash": "0xa5f9ecd029897ad8378fbde0b99832961c52f7619bba9e24b0079cdec443e81e",
			"blockNumber": 5523447,
			"data": "0x000000000000000000000000000000000000000000000097ffd0657ebe234000",
			"logIndex": 81,
			"topics": [
				"0xddf252ad1be2c89b69c2b068fc378daa952ba7f163c4a11628f55a4df523b3ef",
				"0x000000000000000000000000c9f42bcc3cd6c77fae537dd24ba96668fc864150",
				"0x000000000000000000000000aa81fc934ec1211852be37c39284f989dca8a99b"
			],
			"transactionHash": "0xe31233278c37616a737953d3af1b1f785214fe684f0790d31b643abab656c1bd",
			"transactionIndex": 93,
			"transactionLogIndex": "0x0",
			"type": "mined",
			"id": "log_d8db2421"
		}
	],
	"logsBloom": "0x00000000000000000000000000000000000000000000000000000000008000000000000000000000000000000000000000000000100000000000000000000000000000000000010000000008000000000000000000000000000000000000000000000000000000000000000000000000000000000000000000000010000000000000000000000000000000000000000000000000000000000000000000000000000000000000000080000000010000000000400000000000000000002000000000001002000000000000000000000000000000000000000000000000000000000000000000000000000000000000000000000000000000000000000000004000",
	"root": null,
	"status": "0x1",
	"transactionHash": "0xe31233278c37616a737953d3af1b1f785214fe684f0790d31b643abab656c1bd",
	"transactionIndex": 93
}
[2018-04-29T02:35:23.145] [DEBUG] trans - TO:   0x63e4d7d1c20066f94d72d696f8a0480fba2779f7
[2018-04-29T02:35:23.145] [DEBUG] trans - AMOUNT:   2805176100000000000000
[2018-04-29T02:35:23.145] [DEBUG] trans - Receipt info:  {
	"blockHash": "0xa5f9ecd029897ad8378fbde0b99832961c52f7619bba9e24b0079cdec443e81e",
	"blockNumber": 5523447,
	"contractAddress": null,
	"cumulativeGasUsed": 4507596,
	"gasUsed": 51589,
	"logs": [
		{
			"address": "0x7e9e431a0B8c4D532C745B1043c7FA29a48D4fBa",
			"blockHash": "0xa5f9ecd029897ad8378fbde0b99832961c52f7619bba9e24b0079cdec443e81e",
			"blockNumber": 5523447,
			"data": "0x00000000000000000000000000000000000000000000009811a3807d73a64000",
			"logIndex": 80,
			"topics": [
				"0xddf252ad1be2c89b69c2b068fc378daa952ba7f163c4a11628f55a4df523b3ef",
				"0x000000000000000000000000c9f42bcc3cd6c77fae537dd24ba96668fc864150",
				"0x00000000000000000000000063e4d7d1c20066f94d72d696f8a0480fba2779f7"
			],
			"transactionHash": "0x5ca231094a6f2a01bb9d1ad19f53f401598a8c1499a0bc4e2790a794ceb5097e",
			"transactionIndex": 92,
			"transactionLogIndex": "0x0",
			"type": "mined",
			"id": "log_270877c2"
		}
	],
	"logsBloom": "0x00000000000000000000000000000000000000000000000000000000008000000000000000000000000000000000000000000000100000000000000000000000000000000080010000000008000000000000000000000000000000000000000000000000000000000000000000000000000000000000000000000010000000000000000000000000000000008000000000000000000000000000000000000000000000000000000080000000000000000000000000000000000000000000000000001002000000000000000000000000000000000000000000000000000000000000000000000000008000000000000000000000000000000000000000004000",
	"root": null,
	"status": "0x1",
	"transactionHash": "0x5ca231094a6f2a01bb9d1ad19f53f401598a8c1499a0bc4e2790a794ceb5097e",
	"transactionIndex": 92
}
[2018-04-29T02:35:23.146] [DEBUG] trans - TO:   0xa894da2ff877de63ee28b9a30a71419be985232e
[2018-04-29T02:35:23.146] [DEBUG] trans - AMOUNT:   2802051100000000000000
[2018-04-29T02:35:23.146] [DEBUG] trans - Receipt info:  {
	"blockHash": "0xa5f9ecd029897ad8378fbde0b99832961c52f7619bba9e24b0079cdec443e81e",
	"blockNumber": 5523447,
	"contractAddress": null,
	"cumulativeGasUsed": 4765797,
	"gasUsed": 51653,
	"logs": [
		{
			"address": "0x7e9e431a0B8c4D532C745B1043c7FA29a48D4fBa",
			"blockHash": "0xa5f9ecd029897ad8378fbde0b99832961c52f7619bba9e24b0079cdec443e81e",
			"blockNumber": 5523447,
			"data": "0x000000000000000000000000000000000000000000000097e645458c088dc000",
			"logIndex": 85,
			"topics": [
				"0xddf252ad1be2c89b69c2b068fc378daa952ba7f163c4a11628f55a4df523b3ef",
				"0x000000000000000000000000c9f42bcc3cd6c77fae537dd24ba96668fc864150",
				"0x000000000000000000000000a894da2ff877de63ee28b9a30a71419be985232e"
			],
			"transactionHash": "0x52aa4ce53b1207611f41f01a7a48e4c2ce282ed49f08ac39effe6164569dab41",
			"transactionIndex": 97,
			"transactionLogIndex": "0x0",
			"type": "mined",
			"id": "log_3c2deb95"
		}
	],
	"logsBloom": "0x00000000000000000000000000000000000000000000000000000000008000000000000000000000000000000000000000000000100000000000000000000000000000000000010000000008000000000000000000000000000000000000000000000000000000000000000000000001000000000000000000000010000000000000000000000000000000000000000000000000000000000000000000000000000000000000000080000000000000000000000000000000000020000000000000001002000020000000000000000000000000000000000000000000000000000000000000000000000000000000000000000000000000000000000000004000",
	"root": null,
	"status": "0x1",
	"transactionHash": "0x52aa4ce53b1207611f41f01a7a48e4c2ce282ed49f08ac39effe6164569dab41",
	"transactionIndex": 97
}
[2018-04-29T02:35:23.147] [DEBUG] trans - TO:   0x7647852f2681f3ffb45e59f487f2d24f44425b6d
[2018-04-29T02:35:23.147] [DEBUG] trans - AMOUNT:   2802497400000000000000
[2018-04-29T02:35:23.147] [DEBUG] trans - Receipt info:  {
	"blockHash": "0xa5f9ecd029897ad8378fbde0b99832961c52f7619bba9e24b0079cdec443e81e",
	"blockNumber": 5523447,
	"contractAddress": null,
	"cumulativeGasUsed": 4714144,
	"gasUsed": 51653,
	"logs": [
		{
			"address": "0x7e9e431a0B8c4D532C745B1043c7FA29a48D4fBa",
			"blockHash": "0xa5f9ecd029897ad8378fbde0b99832961c52f7619bba9e24b0079cdec443e81e",
			"blockNumber": 5523447,
			"data": "0x000000000000000000000000000000000000000000000097ec76d9084bcf8000",
			"logIndex": 84,
			"topics": [
				"0xddf252ad1be2c89b69c2b068fc378daa952ba7f163c4a11628f55a4df523b3ef",
				"0x000000000000000000000000c9f42bcc3cd6c77fae537dd24ba96668fc864150",
				"0x0000000000000000000000007647852f2681f3ffb45e59f487f2d24f44425b6d"
			],
			"transactionHash": "0xb8d1862f9835b5b673db9834772697ce5230082961eb8cb42e9204c4e3117282",
			"transactionIndex": 96,
			"transactionLogIndex": "0x0",
			"type": "mined",
			"id": "log_e2f47513"
		}
	],
	"logsBloom": "0x00000000000000000000000000000000000000000000000000000000008000000000000000000000000000000000000000000000100000000000000000000000000000000000010000400008000000000000000000000000000000000000000000000000000000000000000000000000000000000000000000000010000000000010000000000000000000000000000000000000000000000000000000000000000000000000000080000000000000000000000000000000000000000000000000001002000000000000000000000000000000000000000000000000000000000000000008000000000000000000000000000000000000000000000000004000",
	"root": null,
	"status": "0x1",
	"transactionHash": "0xb8d1862f9835b5b673db9834772697ce5230082961eb8cb42e9204c4e3117282",
	"transactionIndex": 96
}
[2018-04-29T02:35:23.148] [DEBUG] trans - TO:   0x6c2da1f9b5b40ae007bc8622ec8a5d53cf37a970
[2018-04-29T02:35:23.148] [DEBUG] trans - AMOUNT:   2802681300000000000000
[2018-04-29T02:35:23.148] [DEBUG] trans - Receipt info:  {
	"blockHash": "0xa5f9ecd029897ad8378fbde0b99832961c52f7619bba9e24b0079cdec443e81e",
	"blockNumber": 5523447,
	"contractAddress": null,
	"cumulativeGasUsed": 4610902,
	"gasUsed": 51653,
	"logs": [
		{
			"address": "0x7e9e431a0B8c4D532C745B1043c7FA29a48D4fBa",
			"blockHash": "0xa5f9ecd029897ad8378fbde0b99832961c52f7619bba9e24b0079cdec443e81e",
			"blockNumber": 5523447,
			"data": "0x000000000000000000000000000000000000000000000097ef04311baa014000",
			"logIndex": 82,
			"topics": [
				"0xddf252ad1be2c89b69c2b068fc378daa952ba7f163c4a11628f55a4df523b3ef",
				"0x000000000000000000000000c9f42bcc3cd6c77fae537dd24ba96668fc864150",
				"0x0000000000000000000000006c2da1f9b5b40ae007bc8622ec8a5d53cf37a970"
			],
			"transactionHash": "0x8e14fa76ab23937c9cc8f70d7e550e2cc8b843d77e66be395c12b4866fadc551",
			"transactionIndex": 94,
			"transactionLogIndex": "0x0",
			"type": "mined",
			"id": "log_1360b7ca"
		}
	],
	"logsBloom": "0x00000000000000000000000000000000000000000000000000000000008000000000000000000000000000000000000000000008100000000000000000000000000000000000010000000008000000000000000000000000000000000000000000000000000000000000000000000000000000000000000000000010000000000000000000000000000000000000000000000000000000000000000000000000000000000000000080000010000000000000000000000000000000000000000000009002000000000000000000000000000000000000000000000000000000000000000000000000000000000000000000000000000000000000000000004000",
	"root": null,
	"status": "0x1",
	"transactionHash": "0x8e14fa76ab23937c9cc8f70d7e550e2cc8b843d77e66be395c12b4866fadc551",
	"transactionIndex": 94
}
[2018-04-29T02:35:23.149] [DEBUG] trans - TO:   0xfbbb66f726d242e23240e5ca595595d847471f29
[2018-04-29T02:35:23.149] [DEBUG] trans - AMOUNT:   2801381800000000000000
[2018-04-29T02:35:23.149] [DEBUG] trans - Receipt info:  {
	"blockHash": "0xa5f9ecd029897ad8378fbde0b99832961c52f7619bba9e24b0079cdec443e81e",
	"blockNumber": 5523447,
	"contractAddress": null,
	"cumulativeGasUsed": 4920692,
	"gasUsed": 51653,
	"logs": [
		{
			"address": "0x7e9e431a0B8c4D532C745B1043c7FA29a48D4fBa",
			"blockHash": "0xa5f9ecd029897ad8378fbde0b99832961c52f7619bba9e24b0079cdec443e81e",
			"blockNumber": 5523447,
			"data": "0x000000000000000000000000000000000000000000000097dcfb70be3c628000",
			"logIndex": 88,
			"topics": [
				"0xddf252ad1be2c89b69c2b068fc378daa952ba7f163c4a11628f55a4df523b3ef",
				"0x000000000000000000000000c9f42bcc3cd6c77fae537dd24ba96668fc864150",
				"0x000000000000000000000000fbbb66f726d242e23240e5ca595595d847471f29"
			],
			"transactionHash": "0xdabe48a47802941b02c2183e953363455c636c3578509aab5c4cfcf2aea99a46",
			"transactionIndex": 100,
			"transactionLogIndex": "0x0",
			"type": "mined",
			"id": "log_ce78297a"
		}
	],
	"logsBloom": "0x00000000000000000000000000000000000000000000000000000000008000000000000000000000000000000000000000000000100000000000000000000000000000000000010000000008000000000000000000000000000000000000000000000000000000000000000000000000000000000000000000000810000000000000000000000000000000000000000000000000000000000000000000000000000000000000000080000000000000000000000000000000000000000000000000001002000800000000000000000000000004000000000000000000000000000000000000000000000000000000000000000000000000000000000000004000",
	"root": null,
	"status": "0x1",
	"transactionHash": "0xdabe48a47802941b02c2183e953363455c636c3578509aab5c4cfcf2aea99a46",
	"transactionIndex": 100
}
[2018-04-29T02:35:23.149] [DEBUG] trans - TO:   0x6047f85dbe1a4f996693cedef9da499f4ec17fa9
[2018-04-29T02:35:23.149] [DEBUG] trans - AMOUNT:   2802517200000000000000
[2018-04-29T02:35:23.149] [DEBUG] trans - Receipt info:  {
	"blockHash": "0xa5f9ecd029897ad8378fbde0b99832961c52f7619bba9e24b0079cdec443e81e",
	"blockNumber": 5523447,
	"contractAddress": null,
	"cumulativeGasUsed": 4662491,
	"gasUsed": 51589,
	"logs": [
		{
			"address": "0x7e9e431a0B8c4D532C745B1043c7FA29a48D4fBa",
			"blockHash": "0xa5f9ecd029897ad8378fbde0b99832961c52f7619bba9e24b0079cdec443e81e",
			"blockNumber": 5523447,
			"data": "0x000000000000000000000000000000000000000000000097ecbd31070a5d0000",
			"logIndex": 83,
			"topics": [
				"0xddf252ad1be2c89b69c2b068fc378daa952ba7f163c4a11628f55a4df523b3ef",
				"0x000000000000000000000000c9f42bcc3cd6c77fae537dd24ba96668fc864150",
				"0x0000000000000000000000006047f85dbe1a4f996693cedef9da499f4ec17fa9"
			],
			"transactionHash": "0x07903d9fd86382b42eefc098a9767ed75522dd15044696c4e36053019def2172",
			"transactionIndex": 95,
			"transactionLogIndex": "0x0",
			"type": "mined",
			"id": "log_ba211d62"
		}
	],
	"logsBloom": "0x00000000000000000800000000000000000000000000000000000000008000000000000000000000000000000000000000000000100000000000000000000000000000000000010000000008000000000000000000000000000000000000000000000000000000000000000000000000000000000000000000000010000000000000000000000000000000000000000000000400000000000000000000000000000000000000000080000000000000000020000000000000000000000000000000001002000000000000000000000000000000000000000000000000000000000000000000000000000000000000000000000000000000000000000000004000",
	"root": null,
	"status": "0x1",
	"transactionHash": "0x07903d9fd86382b42eefc098a9767ed75522dd15044696c4e36053019def2172",
	"transactionIndex": 95
}
[2018-04-29T02:35:23.151] [DEBUG] trans - TO:   0xc4ffa411b782ea287f25237ea2723acfac9a709d
[2018-04-29T02:35:23.151] [DEBUG] trans - AMOUNT:   2801000000000000000000
[2018-04-29T02:35:23.151] [DEBUG] trans - Receipt info:  {
	"blockHash": "0xa5f9ecd029897ad8378fbde0b99832961c52f7619bba9e24b0079cdec443e81e",
	"blockNumber": 5523447,
	"contractAddress": null,
	"cumulativeGasUsed": 4972281,
	"gasUsed": 51589,
	"logs": [
		{
			"address": "0x7e9e431a0B8c4D532C745B1043c7FA29a48D4fBa",
			"blockHash": "0xa5f9ecd029897ad8378fbde0b99832961c52f7619bba9e24b0079cdec443e81e",
			"blockNumber": 5523447,
			"data": "0x000000000000000000000000000000000000000000000097d7af03aa7d240000",
			"logIndex": 89,
			"topics": [
				"0xddf252ad1be2c89b69c2b068fc378daa952ba7f163c4a11628f55a4df523b3ef",
				"0x000000000000000000000000c9f42bcc3cd6c77fae537dd24ba96668fc864150",
				"0x000000000000000000000000c4ffa411b782ea287f25237ea2723acfac9a709d"
			],
			"transactionHash": "0x22bc86614fedeb2ddd1bd9532cd4deedf42874fedb75a54e01564b43028c5e79",
			"transactionIndex": 101,
			"transactionLogIndex": "0x0",
			"type": "mined",
			"id": "log_bea9c61a"
		}
	],
	"logsBloom": "0x00000000000000000000000000000000000000000000000000200000008000000000000000000000000000000000000000000000100000000000100000000000000000000000010000000008000000000000000000000000000000000000000000000000000000000000000000000000000000000000000000000010000000000000000000000000000000000000000000000000000000000000000000000000000000000000000080000000000000000000000000000000000000000000000000001002000000000000000000000000000000000000000000000000000000000000000000004000000000000000000000000000000000000000000000004000",
	"root": null,
	"status": "0x1",
	"transactionHash": "0x22bc86614fedeb2ddd1bd9532cd4deedf42874fedb75a54e01564b43028c5e79",
	"transactionIndex": 101
}
[2018-04-29T02:35:23.152] [DEBUG] trans - TO:   0x285c2976809994da9b838d35b200212eba1f1109
[2018-04-29T02:35:23.152] [DEBUG] trans - AMOUNT:   2801965000000000000000
[2018-04-29T02:35:23.152] [DEBUG] trans - Receipt info:  {
	"blockHash": "0xa5f9ecd029897ad8378fbde0b99832961c52f7619bba9e24b0079cdec443e81e",
	"blockNumber": 5523447,
	"contractAddress": null,
	"cumulativeGasUsed": 4817386,
	"gasUsed": 51589,
	"logs": [
		{
			"address": "0x7e9e431a0B8c4D532C745B1043c7FA29a48D4fBa",
			"blockHash": "0xa5f9ecd029897ad8378fbde0b99832961c52f7619bba9e24b0079cdec443e81e",
			"blockNumber": 5523447,
			"data": "0x000000000000000000000000000000000000000000000097e513620d9d648000",
			"logIndex": 86,
			"topics": [
				"0xddf252ad1be2c89b69c2b068fc378daa952ba7f163c4a11628f55a4df523b3ef",
				"0x000000000000000000000000c9f42bcc3cd6c77fae537dd24ba96668fc864150",
				"0x000000000000000000000000285c2976809994da9b838d35b200212eba1f1109"
			],
			"transactionHash": "0xfc3eceec8ee8f391a66bcb384fcbb56bbe590df2087049ab745f94de21538dfa",
			"transactionIndex": 98,
			"transactionLogIndex": "0x0",
			"type": "mined",
			"id": "log_5e45dbd2"
		}
	],
	"logsBloom": "0x00000000000000000000000000000000000000000000000000000000008000000000000000000000000000000000000000000000100000000000000000000000000000000000010000000008000000000000000000000000000000000000000000000000000000000000000000000000020000002000000000000010000000000000000000000000000000000000000000000000000000000000000000000000000000000000000080000000000000000000000000000000000000000000000000001002000000000000000000000000000000040000000000000000000000000000000000000000000000000000000000000000000000000000000000004000",
	"root": null,
	"status": "0x1",
	"transactionHash": "0xfc3eceec8ee8f391a66bcb384fcbb56bbe590df2087049ab745f94de21538dfa",
	"transactionIndex": 98
}
[2018-04-29T02:35:23.154] [DEBUG] trans - TO:   0x6cc31c7c9f07aafb5aa2d11b56df510c09fbc78b
[2018-04-29T02:35:23.154] [DEBUG] trans - AMOUNT:   2800991000000000000000
[2018-04-29T02:35:23.155] [DEBUG] trans - Receipt info:  {
	"blockHash": "0xa5f9ecd029897ad8378fbde0b99832961c52f7619bba9e24b0079cdec443e81e",
	"blockNumber": 5523447,
	"contractAddress": null,
	"cumulativeGasUsed": 5023934,
	"gasUsed": 51653,
	"logs": [
		{
			"address": "0x7e9e431a0B8c4D532C745B1043c7FA29a48D4fBa",
			"blockHash": "0xa5f9ecd029897ad8378fbde0b99832961c52f7619bba9e24b0079cdec443e81e",
			"blockNumber": 5523447,
			"data": "0x000000000000000000000000000000000000000000000097d78f0a36b2298000",
			"logIndex": 90,
			"topics": [
				"0xddf252ad1be2c89b69c2b068fc378daa952ba7f163c4a11628f55a4df523b3ef",
				"0x000000000000000000000000c9f42bcc3cd6c77fae537dd24ba96668fc864150",
				"0x0000000000000000000000006cc31c7c9f07aafb5aa2d11b56df510c09fbc78b"
			],
			"transactionHash": "0xfd590c3e241e1b8d72d76931dc513c014d4fbf76e51fc221adf15d8afabbeeb9",
			"transactionIndex": 102,
			"transactionLogIndex": "0x0",
			"type": "mined",
			"id": "log_7c33818f"
		}
	],
	"logsBloom": "0x00000000000000000000000000000000000000000000000000000000008000000000000000000000000000000000000000000000100000000000000000000000000000000000010000000008000000000000000000000000000000000000000000000000000000000000000000000000000000000000000000000010000000000000000000000000000000000000000000000000000000000000000040000000000000000000000080000000000000000000000000000000000000000000000000001002000000000000000000100000000000000000000000000000000000000000000000000000000000000000000000000000000000000000200000004000",
	"root": null,
	"status": "0x1",
	"transactionHash": "0xfd590c3e241e1b8d72d76931dc513c014d4fbf76e51fc221adf15d8afabbeeb9",
	"transactionIndex": 102
}
[2018-04-29T02:35:23.155] [DEBUG] trans - TO:   0x6ad7322edcf8de32ac667460f24db2847fa8728d
[2018-04-29T02:35:23.155] [DEBUG] trans - AMOUNT:   2800919000000000000000
[2018-04-29T02:35:23.155] [DEBUG] trans - Receipt info:  {
	"blockHash": "0xa5f9ecd029897ad8378fbde0b99832961c52f7619bba9e24b0079cdec443e81e",
	"blockNumber": 5523447,
	"contractAddress": null,
	"cumulativeGasUsed": 5075587,
	"gasUsed": 51653,
	"logs": [
		{
			"address": "0x7e9e431a0B8c4D532C745B1043c7FA29a48D4fBa",
			"blockHash": "0xa5f9ecd029897ad8378fbde0b99832961c52f7619bba9e24b0079cdec443e81e",
			"blockNumber": 5523447,
			"data": "0x000000000000000000000000000000000000000000000097d68f3e985a558000",
			"logIndex": 91,
			"topics": [
				"0xddf252ad1be2c89b69c2b068fc378daa952ba7f163c4a11628f55a4df523b3ef",
				"0x000000000000000000000000c9f42bcc3cd6c77fae537dd24ba96668fc864150",
				"0x0000000000000000000000006ad7322edcf8de32ac667460f24db2847fa8728d"
			],
			"transactionHash": "0x818d13576aec8009abd67b48db3075f2ed54a5340926a46b8fd2ee2134f9f3ab",
			"transactionIndex": 103,
			"transactionLogIndex": "0x0",
			"type": "mined",
			"id": "log_a2bd95d3"
		}
	],
	"logsBloom": "0x00000000000000000000000000000000000000000000000000000000008000000000000000000000000000000000000000000000100000000000000000000000000000000000010000000008000000000000000000000000000000000000000000000000000000000000000000000000000000000000000000000010000000000000000000000000000000000000000000000000000000000000000000000000000000000100000080000000000000000000000000000000000000000000000000001003000000000000000000000000000000000000000000000000000000000000000004000000000000000000000000000000000000000000000000004000",
	"root": null,
	"status": "0x1",
	"transactionHash": "0x818d13576aec8009abd67b48db3075f2ed54a5340926a46b8fd2ee2134f9f3ab",
	"transactionIndex": 103
}
[2018-04-29T02:35:23.156] [DEBUG] trans - TO:   0x59cea2296a11000f7e9b5d121b48b9ffa3ea0d88
[2018-04-29T02:35:23.156] [DEBUG] trans - AMOUNT:   2800853200000000000000
[2018-04-29T02:35:23.156] [DEBUG] trans - Receipt info:  {
	"blockHash": "0xa5f9ecd029897ad8378fbde0b99832961c52f7619bba9e24b0079cdec443e81e",
	"blockNumber": 5523447,
	"contractAddress": null,
	"cumulativeGasUsed": 5127048,
	"gasUsed": 51461,
	"logs": [
		{
			"address": "0x7e9e431a0B8c4D532C745B1043c7FA29a48D4fBa",
			"blockHash": "0xa5f9ecd029897ad8378fbde0b99832961c52f7619bba9e24b0079cdec443e81e",
			"blockNumber": 5523447,
			"data": "0x000000000000000000000000000000000000000000000097d5a579d8001d0000",
			"logIndex": 92,
			"topics": [
				"0xddf252ad1be2c89b69c2b068fc378daa952ba7f163c4a11628f55a4df523b3ef",
				"0x000000000000000000000000c9f42bcc3cd6c77fae537dd24ba96668fc864150",
				"0x00000000000000000000000059cea2296a11000f7e9b5d121b48b9ffa3ea0d88"
			],
			"transactionHash": "0x1235185aabfd451b4474ce10c048d79886758397f011c60ee8e0e23c580ac6da",
			"transactionIndex": 104,
			"transactionLogIndex": "0x0",
			"type": "mined",
			"id": "log_824b1b99"
		}
	],
	"logsBloom": "0x00000000000000000000000000000000000000000000000000000000008000000000000000000000000000000000000000000000100000000000000000000000200000000000010000000008000000000000000000000000000000000000000000000000000000000000000000000000000000000000000000000010000000000000000000000000000000000000000000000000002000000000000000000000000000000000000080000000000000000000000000000000000000000000000000001002000000000000000000040000000000000000000000000000000000000000000000000000000000000000000000000000000000000000000000004000",
	"root": null,
	"status": "0x1",
	"transactionHash": "0x1235185aabfd451b4474ce10c048d79886758397f011c60ee8e0e23c580ac6da",
	"transactionIndex": 104
}
[2018-04-29T02:35:23.157] [DEBUG] trans - TO:   0x7a0f6524b0cba9f7a8c76848fba9105aa40b36aa
[2018-04-29T02:35:23.157] [DEBUG] trans - AMOUNT:   2800543500000000000000
[2018-04-29T02:35:23.157] [DEBUG] trans - Receipt info:  {
	"blockHash": "0xa5f9ecd029897ad8378fbde0b99832961c52f7619bba9e24b0079cdec443e81e",
	"blockNumber": 5523447,
	"contractAddress": null,
	"cumulativeGasUsed": 5178701,
	"gasUsed": 51653,
	"logs": [
		{
			"address": "0x7e9e431a0B8c4D532C745B1043c7FA29a48D4fBa",
			"blockHash": "0xa5f9ecd029897ad8378fbde0b99832961c52f7619bba9e24b0079cdec443e81e",
			"blockNumber": 5523447,
			"data": "0x000000000000000000000000000000000000000000000097d1593355a92cc000",
			"logIndex": 93,
			"topics": [
				"0xddf252ad1be2c89b69c2b068fc378daa952ba7f163c4a11628f55a4df523b3ef",
				"0x000000000000000000000000c9f42bcc3cd6c77fae537dd24ba96668fc864150",
				"0x0000000000000000000000007a0f6524b0cba9f7a8c76848fba9105aa40b36aa"
			],
			"transactionHash": "0x4270d21c51933d7e0c053826d9ce6364558b00d39a61876c473e01034de39f8d",
			"transactionIndex": 105,
			"transactionLogIndex": "0x0",
			"type": "mined",
			"id": "log_5ab35106"
		}
	],
	"logsBloom": "0x00000000000000000000000200000000000000000000000000000000008000000000000000000000000000000000000000000000100000000000000000000000000000000000010000000008000000000001000000000000000000000000000000000000000000000000000000000000000000000000000000000010000000000000000000000000000000000000000000000000000000000000000000000000000000000000000080000000000000000000000000000000000000000000000000001002000000000000000000000000000000000000020000000000000000000000000000000000000000000000000000000000000000000000000000004000",
	"root": null,
	"status": "0x1",
	"transactionHash": "0x4270d21c51933d7e0c053826d9ce6364558b00d39a61876c473e01034de39f8d",
	"transactionIndex": 105
}
[2018-04-29T02:35:23.160] [DEBUG] trans - TO:   0xd354b19a1c6b5eafb9f47ee513851dbb2c85f4e0
[2018-04-29T02:35:23.160] [DEBUG] trans - AMOUNT:   2801547000000000000000
[2018-04-29T02:35:23.160] [DEBUG] trans - Receipt info:  {
	"blockHash": "0xa5f9ecd029897ad8378fbde0b99832961c52f7619bba9e24b0079cdec443e81e",
	"blockNumber": 5523447,
	"contractAddress": null,
	"cumulativeGasUsed": 4869039,
	"gasUsed": 51653,
	"logs": [
		{
			"address": "0x7e9e431a0B8c4D532C745B1043c7FA29a48D4fBa",
			"blockHash": "0xa5f9ecd029897ad8378fbde0b99832961c52f7619bba9e24b0079cdec443e81e",
			"blockNumber": 5523447,
			"data": "0x000000000000000000000000000000000000000000000097df46594491478000",
			"logIndex": 87,
			"topics": [
				"0xddf252ad1be2c89b69c2b068fc378daa952ba7f163c4a11628f55a4df523b3ef",
				"0x000000000000000000000000c9f42bcc3cd6c77fae537dd24ba96668fc864150",
				"0x000000000000000000000000d354b19a1c6b5eafb9f47ee513851dbb2c85f4e0"
			],
			"transactionHash": "0xa660d68c5334ba82b3ec7b2bf628dc7aaa3506693bce4db51ed0b9ebb92c49c7",
			"transactionIndex": 99,
			"transactionLogIndex": "0x0",
			"type": "mined",
			"id": "log_5edf9635"
		}
	],
	"logsBloom": "0x00000000000000000000000000000000000000000000000000000000008000000000000000000000000000000000000000000000100000000000000000000000000000000000010000000008000000000000000000000000000000000000000000000000000000000000000000000000000000000000008000000010000000000000000000000000000000000000000004000000000000000000000000000000000000000000000080000000000000400000000000000000000000000000000000001002000000000000000000000000000000000000000000000000000000000000000000000000000000000000000000000000000000000000000000004000",
	"root": null,
	"status": "0x1",
	"transactionHash": "0xa660d68c5334ba82b3ec7b2bf628dc7aaa3506693bce4db51ed0b9ebb92c49c7",
	"transactionIndex": 99
}
[2018-04-29T02:35:23.162] [DEBUG] trans - TO:   0x6235ff5f1a0161b767f87c6467d32eb937bb98ce
[2018-04-29T02:35:23.162] [DEBUG] trans - AMOUNT:   2800356200000000000000
[2018-04-29T02:35:23.162] [DEBUG] trans - Receipt info:  {
	"blockHash": "0xa5f9ecd029897ad8378fbde0b99832961c52f7619bba9e24b0079cdec443e81e",
	"blockNumber": 5523447,
	"contractAddress": null,
	"cumulativeGasUsed": 5230354,
	"gasUsed": 51653,
	"logs": [
		{
			"address": "0x7e9e431a0B8c4D532C745B1043c7FA29a48D4fBa",
			"blockHash": "0xa5f9ecd029897ad8378fbde0b99832961c52f7619bba9e24b0079cdec443e81e",
			"blockNumber": 5523447,
			"data": "0x000000000000000000000000000000000000000000000097cebfc6fa1abe8000",
			"logIndex": 94,
			"topics": [
				"0xddf252ad1be2c89b69c2b068fc378daa952ba7f163c4a11628f55a4df523b3ef",
				"0x000000000000000000000000c9f42bcc3cd6c77fae537dd24ba96668fc864150",
				"0x0000000000000000000000006235ff5f1a0161b767f87c6467d32eb937bb98ce"
			],
			"transactionHash": "0x2a6ae32a4a6ee3db9f27f2f3c5c4f68fee6f0aed94acfc1169b7aa7fd832e5df",
			"transactionIndex": 106,
			"transactionLogIndex": "0x0",
			"type": "mined",
			"id": "log_0770b5e8"
		}
	],
	"logsBloom": "0x00004000000000000000000000000000000000000000000000000000008000000000000000000000000000000000000000000000100000000000000000000000000000000000010000000008000000000000000000000000000000000000000000000000000000000000000000000000000000000000000000000010000000002000000000000000000000000000000000000000040000000000000000000000000000000000000080000000000000000000000000000000000000000000000000001002000000000000000000000000000000000000000000000000000000000000000000000000000000000000000000000000000000000000000000004000",
	"root": null,
	"status": "0x1",
	"transactionHash": "0x2a6ae32a4a6ee3db9f27f2f3c5c4f68fee6f0aed94acfc1169b7aa7fd832e5df",
	"transactionIndex": 106
}
[2018-04-29T02:35:48.185] [DEBUG] trans - TO:   0x5c7200668d31317d42bfe8f336afed2ef2ba4434
[2018-04-29T02:35:48.185] [DEBUG] trans - AMOUNT:   2800285300000000000000
[2018-04-29T02:35:48.185] [DEBUG] trans - Receipt info:  {
	"blockHash": "0x6009982eaf8a8b3d4ed54ab72548bb9ad1aa4b940cc37e097e300cbe8f0bd8e3",
	"blockNumber": 5523449,
	"contractAddress": null,
	"cumulativeGasUsed": 5564958,
	"gasUsed": 51589,
	"logs": [
		{
			"address": "0x7e9e431a0B8c4D532C745B1043c7FA29a48D4fBa",
			"blockHash": "0x6009982eaf8a8b3d4ed54ab72548bb9ad1aa4b940cc37e097e300cbe8f0bd8e3",
			"blockNumber": 5523449,
			"data": "0x000000000000000000000000000000000000000000000097cdc3e3cd782b4000",
			"logIndex": 22,
			"topics": [
				"0xddf252ad1be2c89b69c2b068fc378daa952ba7f163c4a11628f55a4df523b3ef",
				"0x000000000000000000000000c9f42bcc3cd6c77fae537dd24ba96668fc864150",
				"0x0000000000000000000000005c7200668d31317d42bfe8f336afed2ef2ba4434"
			],
			"transactionHash": "0xbb8e7f4136e5aa27d30cf8be9ead8c9c2cb6f6314e0ae30b2a1d6e509e2ea01b",
			"transactionIndex": 246,
			"transactionLogIndex": "0x0",
			"type": "mined",
			"id": "log_6eecaef7"
		}
	],
	"logsBloom": "0x00000000000000000000000000000000000000000000000000000000008000000000000000000000000000000000000000000000100000000000000000000000000000000000010000000008000000000000000000000000000000000000000000000000000000000000000000000000000000000000000000000010000000000000000000000000000000000000000000000000000000000000000000000000000000000000000080000000000000000000000000000000000000000000000000001002000000000000000000000000000000000000000000000000000000000000000000000000000000100000000000000000000200000000000000004000",
	"root": null,
	"status": "0x1",
	"transactionHash": "0xbb8e7f4136e5aa27d30cf8be9ead8c9c2cb6f6314e0ae30b2a1d6e509e2ea01b",
	"transactionIndex": 246
}
[2018-04-29T02:36:25.233] [DEBUG] trans - TO:   0x4fc37b09dae35230ce2b015a087d1b6739c15622
[2018-04-29T02:36:25.233] [DEBUG] trans - AMOUNT:   2800221000000000000000
[2018-04-29T02:36:25.233] [DEBUG] trans - Receipt info:  {
	"blockHash": "0x1633c5840ce0f0e91157e3478ec400bf7d6fe24a6109091dee578df8da6a72fd",
	"blockNumber": 5523450,
	"contractAddress": null,
	"cumulativeGasUsed": 1574211,
	"gasUsed": 51653,
	"logs": [
		{
			"address": "0x7e9e431a0B8c4D532C745B1043c7FA29a48D4fBa",
			"blockHash": "0x1633c5840ce0f0e91157e3478ec400bf7d6fe24a6109091dee578df8da6a72fd",
			"blockNumber": 5523450,
			"data": "0x000000000000000000000000000000000000000000000097ccdf734b151c8000",
			"logIndex": 17,
			"topics": [
				"0xddf252ad1be2c89b69c2b068fc378daa952ba7f163c4a11628f55a4df523b3ef",
				"0x000000000000000000000000c9f42bcc3cd6c77fae537dd24ba96668fc864150",
				"0x0000000000000000000000004fc37b09dae35230ce2b015a087d1b6739c15622"
			],
			"transactionHash": "0xe6a7c8f6d92119dd478fce2ce289bbc788aae69885efb87b3058bd2dc183b325",
			"transactionIndex": 41,
			"transactionLogIndex": "0x0",
			"type": "mined",
			"id": "log_a8151a42"
		}
	],
	"logsBloom": "0x00000000000000000000000000000000000000000000000000000000008000000000000000000000000000000000000000000000100000000000000000000000000000000000010000000008000000000000000000000000000000000000000000000020000000000000000000000000000000000000000000000010000000000000000000000000000000000000000000000000000000000000000000000000000000000000000080000000000000000010000000000000000000000000000000001002000000000000000000000000000000000000000000000000000000000000000000000000000000000000020000000000000000000000000000004000",
	"root": null,
	"status": "0x1",
	"transactionHash": "0xe6a7c8f6d92119dd478fce2ce289bbc788aae69885efb87b3058bd2dc183b325",
	"transactionIndex": 41
}
[2018-04-29T02:36:25.234] [DEBUG] trans - TO:   0xcd960c22cffc08eb317e320bbdace21ac9a1f70d
[2018-04-29T02:36:25.234] [DEBUG] trans - AMOUNT:   2800004500000000000000
[2018-04-29T02:36:25.235] [DEBUG] trans - Receipt info:  {
	"blockHash": "0x1633c5840ce0f0e91157e3478ec400bf7d6fe24a6109091dee578df8da6a72fd",
	"blockNumber": 5523450,
	"contractAddress": null,
	"cumulativeGasUsed": 1677453,
	"gasUsed": 51653,
	"logs": [
		{
			"address": "0x7e9e431a0B8c4D532C745B1043c7FA29a48D4fBa",
			"blockHash": "0x1633c5840ce0f0e91157e3478ec400bf7d6fe24a6109091dee578df8da6a72fd",
			"blockNumber": 5523450,
			"data": "0x000000000000000000000000000000000000000000000097c9de49b0bb3d4000",
			"logIndex": 19,
			"topics": [
				"0xddf252ad1be2c89b69c2b068fc378daa952ba7f163c4a11628f55a4df523b3ef",
				"0x000000000000000000000000c9f42bcc3cd6c77fae537dd24ba96668fc864150",
				"0x000000000000000000000000cd960c22cffc08eb317e320bbdace21ac9a1f70d"
			],
			"transactionHash": "0xa7e81e5edc997a75d606f194f510cafe421d046ab4c99b75ee4e3dcdf470b5c6",
			"transactionIndex": 43,
			"transactionLogIndex": "0x0",
			"type": "mined",
			"id": "log_a81a2b2b"
		}
	],
	"logsBloom": "0x00000000000000000000000000000000000000000000000000000000108000000000000000000000000000010000000000000000100000000000000000000000000000000000010002000008000000000000000000000000000000000000000000000000000000000000000000000000000000000000000000000010000000000000000000000000000000000000000000000000000000000000000000000000000000000000000080000000000000000000000000000000000000000000000000001002000000000000000000000000000000000000000000000000000000000000000000000000000000000000000000000000000000000000000000004000",
	"root": null,
	"status": "0x1",
	"transactionHash": "0xa7e81e5edc997a75d606f194f510cafe421d046ab4c99b75ee4e3dcdf470b5c6",
	"transactionIndex": 43
}
[2018-04-29T02:36:25.235] [DEBUG] trans - TO:   0xa5f6dd8a2b55ca7136cc0d195dbd65a3d0b3913b
[2018-04-29T02:36:25.235] [DEBUG] trans - AMOUNT:   2800000000000000000000
[2018-04-29T02:36:25.235] [DEBUG] trans - Receipt info:  {
	"blockHash": "0x1633c5840ce0f0e91157e3478ec400bf7d6fe24a6109091dee578df8da6a72fd",
	"blockNumber": 5523450,
	"contractAddress": null,
	"cumulativeGasUsed": 1780631,
	"gasUsed": 51589,
	"logs": [
		{
			"address": "0x7e9e431a0B8c4D532C745B1043c7FA29a48D4fBa",
			"blockHash": "0x1633c5840ce0f0e91157e3478ec400bf7d6fe24a6109091dee578df8da6a72fd",
			"blockNumber": 5523450,
			"data": "0x000000000000000000000000000000000000000000000097c9ce4cf6d5c00000",
			"logIndex": 21,
			"topics": [
				"0xddf252ad1be2c89b69c2b068fc378daa952ba7f163c4a11628f55a4df523b3ef",
				"0x000000000000000000000000c9f42bcc3cd6c77fae537dd24ba96668fc864150",
				"0x000000000000000000000000a5f6dd8a2b55ca7136cc0d195dbd65a3d0b3913b"
			],
			"transactionHash": "0x9e9d229b71c15484a74b144b44b5cd44825137c0afd3fdf7105dfcdd332338fc",
			"transactionIndex": 45,
			"transactionLogIndex": "0x0",
			"type": "mined",
			"id": "log_d2ba5b22"
		}
	],
	"logsBloom": "0x00000000000000000000000000000000000000000000000000000000008000000000000000000000000000000000000000000000100000000000000000000000000000000000010000000008000000000000000000000000000000000000000000000000000000000000000000000000000000000000000000000010000000000000000000020000000000000000000000000000000008000000000000000000000000000000000080000000000020000000000000000000000000000000000000001002000000000000000000000000000000000000000000000000000000000000000000000000000000000000000000000000000000000000000000004000",
	"root": null,
	"status": "0x1",
	"transactionHash": "0x9e9d229b71c15484a74b144b44b5cd44825137c0afd3fdf7105dfcdd332338fc",
	"transactionIndex": 45
}
[2018-04-29T02:36:25.236] [DEBUG] trans - TO:   0xc4cfa0c2c1563c09200873b3574759220307dcba
[2018-04-29T02:36:25.236] [DEBUG] trans - AMOUNT:   2799994400000000000000
[2018-04-29T02:36:25.236] [DEBUG] trans - Receipt info:  {
	"blockHash": "0x1633c5840ce0f0e91157e3478ec400bf7d6fe24a6109091dee578df8da6a72fd",
	"blockNumber": 5523450,
	"contractAddress": null,
	"cumulativeGasUsed": 1832220,
	"gasUsed": 51589,
	"logs": [
		{
			"address": "0x7e9e431a0B8c4D532C745B1043c7FA29a48D4fBa",
			"blockHash": "0x1633c5840ce0f0e91157e3478ec400bf7d6fe24a6109091dee578df8da6a72fd",
			"blockNumber": 5523450,
			"data": "0x000000000000000000000000000000000000000000000097c9ba67cb3b020000",
			"logIndex": 22,
			"topics": [
				"0xddf252ad1be2c89b69c2b068fc378daa952ba7f163c4a11628f55a4df523b3ef",
				"0x000000000000000000000000c9f42bcc3cd6c77fae537dd24ba96668fc864150",
				"0x000000000000000000000000c4cfa0c2c1563c09200873b3574759220307dcba"
			],
			"transactionHash": "0x3ce17caccef1995e0139648290c3c01e129a16234fff9013db2abf24a9e9a930",
			"transactionIndex": 46,
			"transactionLogIndex": "0x0",
			"type": "mined",
			"id": "log_b0693c7e"
		}
	],
	"logsBloom": "0x00000000001000000000000000000000000000000000000000000000008000000000000000000000000000000000000000000000100000000000000000000000000000000000010000000008000000000000000000000000000001000000000000000000000000000000000000000000000000000000000000000010000000000000000000000000000000000000000000000000000000000000000000000000000000000000000080000000000000000000000000000002000000000000000000001002000000000000000000000000000000000000000000000000000000000000000000000000000000000000000000000000000000000000000000004000",
	"root": null,
	"status": "0x1",
	"transactionHash": "0x3ce17caccef1995e0139648290c3c01e129a16234fff9013db2abf24a9e9a930",
	"transactionIndex": 46
}
[2018-04-29T02:36:25.237] [DEBUG] trans - TO:   0x4aff9e8af1b6d624ef88a0d3d4725f2ac39eb3c5
[2018-04-29T02:36:25.237] [DEBUG] trans - AMOUNT:   2800000000000000000000
[2018-04-29T02:36:25.237] [DEBUG] trans - Receipt info:  {
	"blockHash": "0x1633c5840ce0f0e91157e3478ec400bf7d6fe24a6109091dee578df8da6a72fd",
	"blockNumber": 5523450,
	"contractAddress": null,
	"cumulativeGasUsed": 1729042,
	"gasUsed": 51589,
	"logs": [
		{
			"address": "0x7e9e431a0B8c4D532C745B1043c7FA29a48D4fBa",
			"blockHash": "0x1633c5840ce0f0e91157e3478ec400bf7d6fe24a6109091dee578df8da6a72fd",
			"blockNumber": 5523450,
			"data": "0x000000000000000000000000000000000000000000000097c9ce4cf6d5c00000",
			"logIndex": 20,
			"topics": [
				"0xddf252ad1be2c89b69c2b068fc378daa952ba7f163c4a11628f55a4df523b3ef",
				"0x000000000000000000000000c9f42bcc3cd6c77fae537dd24ba96668fc864150",
				"0x0000000000000000000000004aff9e8af1b6d624ef88a0d3d4725f2ac39eb3c5"
			],
			"transactionHash": "0x88ac59d79428c5e013bbdf4ad35f7a0d1f7fc9bc6211cebb8715e950af486ae0",
			"transactionIndex": 44,
			"transactionLogIndex": "0x0",
			"type": "mined",
			"id": "log_dd365a43"
		}
	],
	"logsBloom": "0x00000000000000000000000000000000000000000000000000000000008000000000000000000000000000000000000000000000100000000000000000000000000000000000010000000008000000000000000000000000000000000000000000000000000000000000000000000000000000000000000000000090000000000000000000000000000000000000000000000000000000000000000000000000400000000000000080000000000000000000000000000000000000000004000000001002000000000000000000000000000000000000000000000000000000000000000000000000000000000000000000000000000000000000000000004000",
	"root": null,
	"status": "0x1",
	"transactionHash": "0x88ac59d79428c5e013bbdf4ad35f7a0d1f7fc9bc6211cebb8715e950af486ae0",
	"transactionIndex": 44
}
[2018-04-29T02:36:25.238] [DEBUG] trans - TO:   0xb86e64a982c1b80f9ff352e2304666b312942ea9
[2018-04-29T02:36:25.238] [DEBUG] trans - AMOUNT:   2800177200000000000000
[2018-04-29T02:36:25.238] [DEBUG] trans - Receipt info:  {
	"blockHash": "0x1633c5840ce0f0e91157e3478ec400bf7d6fe24a6109091dee578df8da6a72fd",
	"blockNumber": 5523450,
	"contractAddress": null,
	"cumulativeGasUsed": 1625800,
	"gasUsed": 51589,
	"logs": [
		{
			"address": "0x7e9e431a0B8c4D532C745B1043c7FA29a48D4fBa",
			"blockHash": "0x1633c5840ce0f0e91157e3478ec400bf7d6fe24a6109091dee578df8da6a72fd",
			"blockNumber": 5523450,
			"data": "0x000000000000000000000000000000000000000000000097cc43d76ce3f30000",
			"logIndex": 18,
			"topics": [
				"0xddf252ad1be2c89b69c2b068fc378daa952ba7f163c4a11628f55a4df523b3ef",
				"0x000000000000000000000000c9f42bcc3cd6c77fae537dd24ba96668fc864150",
				"0x000000000000000000000000b86e64a982c1b80f9ff352e2304666b312942ea9"
			],
			"transactionHash": "0x37547ba3d19e0fc4d72bc3f94cd3489d478e6b32392618df0e658a1e89248e8e",
			"transactionIndex": 42,
			"transactionLogIndex": "0x0",
			"type": "mined",
			"id": "log_1227ea31"
		}
	],
	"logsBloom": "0x00000000000000000000000000000000000000000000000000000000008000000000000000000000000000000000000000000000100000000000000000000000000000000000010000000008000000000000000000000000000000000000000000000000000000000000800000000000000000000000000000000010000000000000000000000000000000000000000000000000000000000000000000000000000000000000000080000000000000000000000000000000000000000000000000001002000000000000000000000000000000000000000000000000000000000000000000000000000000000000000000000000000000000008001000004000",
	"root": null,
	"status": "0x1",
	"transactionHash": "0x37547ba3d19e0fc4d72bc3f94cd3489d478e6b32392618df0e658a1e89248e8e",
	"transactionIndex": 42
}
[2018-04-29T02:36:25.239] [DEBUG] trans - TO:   0xc82e8ca42e51e4124451bb57494c493ef98fe6f6
[2018-04-29T02:36:25.239] [DEBUG] trans - AMOUNT:   2799502900000000000000
[2018-04-29T02:36:25.239] [DEBUG] trans - Receipt info:  {
	"blockHash": "0x1633c5840ce0f0e91157e3478ec400bf7d6fe24a6109091dee578df8da6a72fd",
	"blockNumber": 5523450,
	"contractAddress": null,
	"cumulativeGasUsed": 2090293,
	"gasUsed": 51653,
	"logs": [
		{
			"address": "0x7e9e431a0B8c4D532C745B1043c7FA29a48D4fBa",
			"blockHash": "0x1633c5840ce0f0e91157e3478ec400bf7d6fe24a6109091dee578df8da6a72fd",
			"blockNumber": 5523450,
			"data": "0x000000000000000000000000000000000000000000000097c2e83f25dfe74000",
			"logIndex": 27,
			"topics": [
				"0xddf252ad1be2c89b69c2b068fc378daa952ba7f163c4a11628f55a4df523b3ef",
				"0x000000000000000000000000c9f42bcc3cd6c77fae537dd24ba96668fc864150",
				"0x000000000000000000000000c82e8ca42e51e4124451bb57494c493ef98fe6f6"
			],
			"transactionHash": "0xd25f707c1306da372914bd70a3b17fb7e5842b24d0558a92819b1944dce6c03a",
			"transactionIndex": 51,
			"transactionLogIndex": "0x0",
			"type": "mined",
			"id": "log_067ad2b1"
		}
	],
	"logsBloom": "0x00000000000000000000000000000000000000000000000000000000008000000000000000000000000000000000000000000000100000000000800000200000000000000000010000000008000000000000000000000000000000000000000000000000000000000000000000000000000000000000000000000010000000000000000000000040000000000000000000000000000000000000000000000000000000000000000080000000000000000000000000000000000000000000000000001002000000000000000000000000000000000000000000000000000000000000000000000000000000000000000000000000000000000000000000004000",
	"root": null,
	"status": "0x1",
	"transactionHash": "0xd25f707c1306da372914bd70a3b17fb7e5842b24d0558a92819b1944dce6c03a",
	"transactionIndex": 51
}
[2018-04-29T02:36:25.240] [DEBUG] trans - TO:   0xe1e95c5cb3044a48d169aa018762ec90f6d77e75
[2018-04-29T02:36:25.241] [DEBUG] trans - AMOUNT:   2799500000000000000000
[2018-04-29T02:36:25.241] [DEBUG] trans - Receipt info:  {
	"blockHash": "0x1633c5840ce0f0e91157e3478ec400bf7d6fe24a6109091dee578df8da6a72fd",
	"blockNumber": 5523450,
	"contractAddress": null,
	"cumulativeGasUsed": 2141882,
	"gasUsed": 51589,
	"logs": [
		{
			"address": "0x7e9e431a0B8c4D532C745B1043c7FA29a48D4fBa",
			"blockHash": "0x1633c5840ce0f0e91157e3478ec400bf7d6fe24a6109091dee578df8da6a72fd",
			"blockNumber": 5523450,
			"data": "0x000000000000000000000000000000000000000000000097c2ddf19d020e0000",
			"logIndex": 28,
			"topics": [
				"0xddf252ad1be2c89b69c2b068fc378daa952ba7f163c4a11628f55a4df523b3ef",
				"0x000000000000000000000000c9f42bcc3cd6c77fae537dd24ba96668fc864150",
				"0x000000000000000000000000e1e95c5cb3044a48d169aa018762ec90f6d77e75"
			],
			"transactionHash": "0x5f6e2837644f05ae1bca3d02e415e3a5d1cce969c2bf59475f3963a4cdc067c7",
			"transactionIndex": 52,
			"transactionLogIndex": "0x0",
			"type": "mined",
			"id": "log_61b37297"
		}
	],
	"logsBloom": "0x00000000000000000000000000000000000000000000000000000000008000000000000000000000000000000000000000800000100000000000000000000000000000000000010000000008000000000000000000000000000000000400000000000000000000000020000000000000000000000000000000000010000000000000000000000000000000000000000000000000000000000000000000000000000000000000000080000000000000000000000000000000000000000000000000001002000000000000000000000000000000000000000000000000000000000000000000000000000000000000000000000000000000000000000000004000",
	"root": null,
	"status": "0x1",
	"transactionHash": "0x5f6e2837644f05ae1bca3d02e415e3a5d1cce969c2bf59475f3963a4cdc067c7",
	"transactionIndex": 52
}
[2018-04-29T02:36:25.241] [DEBUG] trans - TO:   0x8e13f94454ad0ae0cc0e6a446f8d278345f89054
[2018-04-29T02:36:25.241] [DEBUG] trans - AMOUNT:   2799700000000000000000
[2018-04-29T02:36:25.242] [DEBUG] trans - Receipt info:  {
	"blockHash": "0x1633c5840ce0f0e91157e3478ec400bf7d6fe24a6109091dee578df8da6a72fd",
	"blockNumber": 5523450,
	"contractAddress": null,
	"cumulativeGasUsed": 1935398,
	"gasUsed": 51589,
	"logs": [
		{
			"address": "0x7e9e431a0B8c4D532C745B1043c7FA29a48D4fBa",
			"blockHash": "0x1633c5840ce0f0e91157e3478ec400bf7d6fe24a6109091dee578df8da6a72fd",
			"blockNumber": 5523450,
			"data": "0x000000000000000000000000000000000000000000000097c5a47c8dbd220000",
			"logIndex": 24,
			"topics": [
				"0xddf252ad1be2c89b69c2b068fc378daa952ba7f163c4a11628f55a4df523b3ef",
				"0x000000000000000000000000c9f42bcc3cd6c77fae537dd24ba96668fc864150",
				"0x0000000000000000000000008e13f94454ad0ae0cc0e6a446f8d278345f89054"
			],
			"transactionHash": "0x98bf4f3194fd9c71f7dc6aa0ed985e3bd55fff85f2c83987ec6d150dfee77668",
			"transactionIndex": 48,
			"transactionLogIndex": "0x0",
			"type": "mined",
			"id": "log_7977a1c7"
		}
	],
	"logsBloom": "0x00000000000000000000000000000000000000000000000000000000008000000000000000000000000000000000000000000000100000000000000001000000000080000000010000000008000000000000000000000000000000000000000000000000000000000000000000000000000000000000000000000010000000000000000000000000000000000000000000000000000000000000000000000000000000000000000080000000000000000000000001000000000000000000000000001002000000000000000000000000000000000000000000000000000000000000000000000000000000000000000000000000000000000000000000004000",
	"root": null,
	"status": "0x1",
	"transactionHash": "0x98bf4f3194fd9c71f7dc6aa0ed985e3bd55fff85f2c83987ec6d150dfee77668",
	"transactionIndex": 48
}
[2018-04-29T02:36:25.242] [DEBUG] trans - TO:   0x06af478b6deac4d68f99a0c1a7ae86bed77be414
[2018-04-29T02:36:25.242] [DEBUG] trans - AMOUNT:   2799606000000000000000
[2018-04-29T02:36:25.242] [DEBUG] trans - Receipt info:  {
	"blockHash": "0x1633c5840ce0f0e91157e3478ec400bf7d6fe24a6109091dee578df8da6a72fd",
	"blockNumber": 5523450,
	"contractAddress": null,
	"cumulativeGasUsed": 1986987,
	"gasUsed": 51589,
	"logs": [
		{
			"address": "0x7e9e431a0B8c4D532C745B1043c7FA29a48D4fBa",
			"blockHash": "0x1633c5840ce0f0e91157e3478ec400bf7d6fe24a6109091dee578df8da6a72fd",
			"blockNumber": 5523450,
			"data": "0x000000000000000000000000000000000000000000000097c456880d3c3f0000",
			"logIndex": 25,
			"topics": [
				"0xddf252ad1be2c89b69c2b068fc378daa952ba7f163c4a11628f55a4df523b3ef",
				"0x000000000000000000000000c9f42bcc3cd6c77fae537dd24ba96668fc864150",
				"0x00000000000000000000000006af478b6deac4d68f99a0c1a7ae86bed77be414"
			],
			"transactionHash": "0x22fb959ec6b1bffa5392bcdded2eceaa9505b35dd7c41989e750fcb2879047ad",
			"transactionIndex": 49,
			"transactionLogIndex": "0x0",
			"type": "mined",
			"id": "log_2214e844"
		}
	],
	"logsBloom": "0x00000000000000000000000000000000000000000000000000002000008000000000000000000000000000000000000000000000100000000000000000000000000000000000010000000008000000000000000000000000000000000000000000000000000000000000000000000000000000000000000000000010000000000000000000000000000000000000000000000000000000000000000000000000000000000000000080000000000000000000000000000000000000000000000000001002000000000000000000000000000000000000000000000000000000000000400020000000000000000000000000000000000000000000000000004000",
	"root": null,
	"status": "0x1",
	"transactionHash": "0x22fb959ec6b1bffa5392bcdded2eceaa9505b35dd7c41989e750fcb2879047ad",
	"transactionIndex": 49
}
[2018-04-29T02:36:25.243] [DEBUG] trans - TO:   0x068aef0bd7840990ac8b113f8bab86939a2a456f
[2018-04-29T02:36:25.243] [DEBUG] trans - AMOUNT:   2796873000000000000000
[2018-04-29T02:36:25.243] [DEBUG] trans - Receipt info:  {
	"blockHash": "0x1633c5840ce0f0e91157e3478ec400bf7d6fe24a6109091dee578df8da6a72fd",
	"blockNumber": 5523450,
	"contractAddress": null,
	"cumulativeGasUsed": 2761334,
	"gasUsed": 51653,
	"logs": [
		{
			"address": "0x7e9e431a0B8c4D532C745B1043c7FA29a48D4fBa",
			"blockHash": "0x1633c5840ce0f0e91157e3478ec400bf7d6fe24a6109091dee578df8da6a72fd",
			"blockNumber": 5523450,
			"data": "0x0000000000000000000000000000000000000000000000979e68f708211a8000",
			"logIndex": 40,
			"topics": [
				"0xddf252ad1be2c89b69c2b068fc378daa952ba7f163c4a11628f55a4df523b3ef",
				"0x000000000000000000000000c9f42bcc3cd6c77fae537dd24ba96668fc864150",
				"0x000000000000000000000000068aef0bd7840990ac8b113f8bab86939a2a456f"
			],
			"transactionHash": "0x85a5ccdaab6d0e647f72f8abb2b1b753f84a0ef83f16048224a84fbbb61f623a",
			"transactionIndex": 64,
			"transactionLogIndex": "0x0",
			"type": "mined",
			"id": "log_90cf8aa1"
		}
	],
	"logsBloom": "0x00000000000000000000000000000000000000000000000000000000008000000000000000000000000000000000000000000000100000000000000000000000000000000000010000040008000000000000000000000000000000000000000000000000000000000001000000000000000000000000000000000010000000000000000000000000000000000000000000000000000000000000000000000000000000000000000080000000000000000000000000000000000000000000000000001002000000000000000000000000000000000000000000000000000000000000000000000000000000000000000000000000000000080000000000004000",
	"root": null,
	"status": "0x1",
	"transactionHash": "0x85a5ccdaab6d0e647f72f8abb2b1b753f84a0ef83f16048224a84fbbb61f623a",
	"transactionIndex": 64
}
[2018-04-29T02:36:25.244] [DEBUG] trans - TO:   0x0a828f7770b623d5fde28afb3cac283c19b44cad
[2018-04-29T02:36:25.244] [DEBUG] trans - AMOUNT:   2795308400000000000000
[2018-04-29T02:36:25.244] [DEBUG] trans - Receipt info:  {
	"blockHash": "0x1633c5840ce0f0e91157e3478ec400bf7d6fe24a6109091dee578df8da6a72fd",
	"blockNumber": 5523450,
	"contractAddress": null,
	"cumulativeGasUsed": 3070932,
	"gasUsed": 51589,
	"logs": [
		{
			"address": "0x7e9e431a0B8c4D532C745B1043c7FA29a48D4fBa",
			"blockHash": "0x1633c5840ce0f0e91157e3478ec400bf7d6fe24a6109091dee578df8da6a72fd",
			"blockNumber": 5523450,
			"data": "0x00000000000000000000000000000000000000000000009788b2639f11870000",
			"logIndex": 46,
			"topics": [
				"0xddf252ad1be2c89b69c2b068fc378daa952ba7f163c4a11628f55a4df523b3ef",
				"0x000000000000000000000000c9f42bcc3cd6c77fae537dd24ba96668fc864150",
				"0x0000000000000000000000000a828f7770b623d5fde28afb3cac283c19b44cad"
			],
			"transactionHash": "0x999d952ae8b2c15eb46e23eafa91071f27c8b9bc3329dc75327ebd37a52a8e57",
			"transactionIndex": 70,
			"transactionLogIndex": "0x0",
			"type": "mined",
			"id": "log_b6ef5745"
		}
	],
	"logsBloom": "0x00000000000000000000000000000000000000000000000000000000008000000000000000000000000000000000000000000000100000000000000000000000000000000000010000000008000000000000000000000000000000000000000000000040000000000000000000000000000000000000000000000010000000000000000000000000000000000000000000000000000000000000000000000000000000000000000080000000000000000000000000000000000000000000000004001002000000000000000000000000000000000000000000000000000000000000000000000000000000000000000000000000000200000000000000004000",
	"root": null,
	"status": "0x1",
	"transactionHash": "0x999d952ae8b2c15eb46e23eafa91071f27c8b9bc3329dc75327ebd37a52a8e57",
	"transactionIndex": 70
}
[2018-04-29T02:36:25.245] [DEBUG] trans - TO:   0xf3ec7ce3a23b9aabb304815f92a97e0776988c3b
[2018-04-29T02:36:25.245] [DEBUG] trans - AMOUNT:   2799500000000000000000
[2018-04-29T02:36:25.245] [DEBUG] trans - Receipt info:  {
	"blockHash": "0x1633c5840ce0f0e91157e3478ec400bf7d6fe24a6109091dee578df8da6a72fd",
	"blockNumber": 5523450,
	"contractAddress": null,
	"cumulativeGasUsed": 2193471,
	"gasUsed": 51589,
	"logs": [
		{
			"address": "0x7e9e431a0B8c4D532C745B1043c7FA29a48D4fBa",
			"blockHash": "0x1633c5840ce0f0e91157e3478ec400bf7d6fe24a6109091dee578df8da6a72fd",
			"blockNumber": 5523450,
			"data": "0x000000000000000000000000000000000000000000000097c2ddf19d020e0000",
			"logIndex": 29,
			"topics": [
				"0xddf252ad1be2c89b69c2b068fc378daa952ba7f163c4a11628f55a4df523b3ef",
				"0x000000000000000000000000c9f42bcc3cd6c77fae537dd24ba96668fc864150",
				"0x000000000000000000000000f3ec7ce3a23b9aabb304815f92a97e0776988c3b"
			],
			"transactionHash": "0x703035414b32fd6cab81d76f95cbc7889cc9ed8f94bfae862fa473ca59aefd6d",
			"transactionIndex": 53,
			"transactionLogIndex": "0x0",
			"type": "mined",
			"id": "log_736dc5b5"
		}
	],
	"logsBloom": "0x00000000000000000000000000000000000000000000000000000000008000000000000000000000000000000000000000000000100000000000000000000000000000000000010000000008000000000000000000000000000000000000000000000000000000000000000000000000000000000000000000000010000000000000000000000000000000000000000000000000000000000100000800000000000000000000000080000000000000000000000000000000000000000000000000001002000000000000000000000000000000000000000000000000000000000000000000000000000000000000000000000000000040000000000000004000",
	"root": null,
	"status": "0x1",
	"transactionHash": "0x703035414b32fd6cab81d76f95cbc7889cc9ed8f94bfae862fa473ca59aefd6d",
	"transactionIndex": 53
}
[2018-04-29T02:36:25.247] [DEBUG] trans - TO:   0xdd409f067a2349486887f39a075eebccb67700a2
[2018-04-29T02:36:25.247] [DEBUG] trans - AMOUNT:   2795800000000000000000
[2018-04-29T02:36:25.247] [DEBUG] trans - Receipt info:  {
	"blockHash": "0x1633c5840ce0f0e91157e3478ec400bf7d6fe24a6109091dee578df8da6a72fd",
	"blockNumber": 5523450,
	"contractAddress": null,
	"cumulativeGasUsed": 3019343,
	"gasUsed": 51525,
	"logs": [
		{
			"address": "0x7e9e431a0B8c4D532C745B1043c7FA29a48D4fBa",
			"blockHash": "0x1633c5840ce0f0e91157e3478ec400bf7d6fe24a6109091dee578df8da6a72fd",
			"blockNumber": 5523450,
			"data": "0x0000000000000000000000000000000000000000000000978f84e7377d1c0000",
			"logIndex": 45,
			"topics": [
				"0xddf252ad1be2c89b69c2b068fc378daa952ba7f163c4a11628f55a4df523b3ef",
				"0x000000000000000000000000c9f42bcc3cd6c77fae537dd24ba96668fc864150",
				"0x000000000000000000000000dd409f067a2349486887f39a075eebccb67700a2"
			],
			"transactionHash": "0x7f49a08a2bdf9f26722288d23df0ca6dfba5ccbd707abfbba97be6be9d0762d0",
			"transactionIndex": 69,
			"transactionLogIndex": "0x0",
			"type": "mined",
			"id": "log_34f2856a"
		}
	],
	"logsBloom": "0x00000000000000000000000000000000000000000000000000000000008000000000000000000000000000000200000000000010100000000000000000000000000000000000010000000008000000000000000000000000000000000000000000000000000000000000000000000000000000000000000000000010000000000000000000000000000000000000000000000000000000000000000000000000000000000400000080000000000000000000000000000000000000000000000000001002000000000000000000000000000000000000000000000000000000000000000000000000000000000000000000000000000000000000000000004000",
	"root": null,
	"status": "0x1",
	"transactionHash": "0x7f49a08a2bdf9f26722288d23df0ca6dfba5ccbd707abfbba97be6be9d0762d0",
	"transactionIndex": 69
}
[2018-04-29T02:36:25.256] [DEBUG] trans - TO:   0x186db4df53e561eb865a4bc38f75682df9bb6c2f
[2018-04-29T02:36:25.256] [DEBUG] trans - AMOUNT:   2799541500000000000000
[2018-04-29T02:36:25.256] [DEBUG] trans - Receipt info:  {
	"blockHash": "0x1633c5840ce0f0e91157e3478ec400bf7d6fe24a6109091dee578df8da6a72fd",
	"blockNumber": 5523450,
	"contractAddress": null,
	"cumulativeGasUsed": 2038640,
	"gasUsed": 51653,
	"logs": [
		{
			"address": "0x7e9e431a0B8c4D532C745B1043c7FA29a48D4fBa",
			"blockHash": "0x1633c5840ce0f0e91157e3478ec400bf7d6fe24a6109091dee578df8da6a72fd",
			"blockNumber": 5523450,
			"data": "0x000000000000000000000000000000000000000000000097c37161a4b83bc000",
			"logIndex": 26,
			"topics": [
				"0xddf252ad1be2c89b69c2b068fc378daa952ba7f163c4a11628f55a4df523b3ef",
				"0x000000000000000000000000c9f42bcc3cd6c77fae537dd24ba96668fc864150",
				"0x000000000000000000000000186db4df53e561eb865a4bc38f75682df9bb6c2f"
			],
			"transactionHash": "0x7ac96e3949912cd448abd2b7d3263eb53397823719cd2c699ef05ef8b203ead7",
			"transactionIndex": 50,
			"transactionLogIndex": "0x0",
			"type": "mined",
			"id": "log_598210b4"
		}
	],
	"logsBloom": "0x00000000000000000000000000000000000000000000000000000000008000000000000000000000000000000000000000000000100000200000000000000000020000000000010000000008000000000000000000000000000000000000000000000000000000000000000000000000000000000000000000000010000000000000000000000000000000000000000000000000000000000000000000000000100000000000000080000000000000000000000000000000000000000000000000001002000000000000000000000000000000000000000000000000000000000000000000000000000000000000000000000000000000000000000000004000",
	"root": null,
	"status": "0x1",
	"transactionHash": "0x7ac96e3949912cd448abd2b7d3263eb53397823719cd2c699ef05ef8b203ead7",
	"transactionIndex": 50
}
[2018-04-29T02:36:25.257] [DEBUG] trans - TO:   0xe57e60dab3fb5856cfe4870a3379df0d03900a1f
[2018-04-29T02:36:25.257] [DEBUG] trans - AMOUNT:   2799264400000000000000
[2018-04-29T02:36:25.257] [DEBUG] trans - Receipt info:  {
	"blockHash": "0x1633c5840ce0f0e91157e3478ec400bf7d6fe24a6109091dee578df8da6a72fd",
	"blockNumber": 5523450,
	"contractAddress": null,
	"cumulativeGasUsed": 2245060,
	"gasUsed": 51589,
	"logs": [
		{
			"address": "0x7e9e431a0B8c4D532C745B1043c7FA29a48D4fBa",
			"blockHash": "0x1633c5840ce0f0e91157e3478ec400bf7d6fe24a6109091dee578df8da6a72fd",
			"blockNumber": 5523450,
			"data": "0x000000000000000000000000000000000000000000000097bf98eca95cf90000",
			"logIndex": 30,
			"topics": [
				"0xddf252ad1be2c89b69c2b068fc378daa952ba7f163c4a11628f55a4df523b3ef",
				"0x000000000000000000000000c9f42bcc3cd6c77fae537dd24ba96668fc864150",
				"0x000000000000000000000000e57e60dab3fb5856cfe4870a3379df0d03900a1f"
			],
			"transactionHash": "0x5a48d88283279e107970260b4d18e646a55ba5c924d5d217dcf4ee3f4f641463",
			"transactionIndex": 54,
			"transactionLogIndex": "0x0",
			"type": "mined",
			"id": "log_481e9c9f"
		}
	],
	"logsBloom": "0x00000000000000000000000800000000000000000000000000000000008000000000000000000000000000000000000000000000100000001800000000000000000000000000010000000008000000000000000000000000000000000000000000000000000000000000000000000000000000000000000000000010000000000000000000000000000000000000000000000000000000000000000000000000000000000000000080000000000000000000000000000000000000000000000000001002000000000000000000000000000000000000000000000000000000000000000000000000000000000000000000000000000000000000000000004000",
	"root": null,
	"status": "0x1",
	"transactionHash": "0x5a48d88283279e107970260b4d18e646a55ba5c924d5d217dcf4ee3f4f641463",
	"transactionIndex": 54
}
[2018-04-29T02:36:25.257] [DEBUG] trans - TO:   0xd4e0cc606166714d528c8cdf41d56f06166597f3
[2018-04-29T02:36:25.257] [DEBUG] trans - AMOUNT:   2799212200000000000000
[2018-04-29T02:36:25.257] [DEBUG] trans - Receipt info:  {
	"blockHash": "0x1633c5840ce0f0e91157e3478ec400bf7d6fe24a6109091dee578df8da6a72fd",
	"blockNumber": 5523450,
	"contractAddress": null,
	"cumulativeGasUsed": 2296713,
	"gasUsed": 51653,
	"logs": [
		{
			"address": "0x7e9e431a0B8c4D532C745B1043c7FA29a48D4fBa",
			"blockHash": "0x1633c5840ce0f0e91157e3478ec400bf7d6fe24a6109091dee578df8da6a72fd",
			"blockNumber": 5523450,
			"data": "0x000000000000000000000000000000000000000000000097bedf7909c3b28000",
			"logIndex": 31,
			"topics": [
				"0xddf252ad1be2c89b69c2b068fc378daa952ba7f163c4a11628f55a4df523b3ef",
				"0x000000000000000000000000c9f42bcc3cd6c77fae537dd24ba96668fc864150",
				"0x000000000000000000000000d4e0cc606166714d528c8cdf41d56f06166597f3"
			],
			"transactionHash": "0x6d6381e14a6ed0be8129a03f306e9a17d72cf27cee1e1f883793a76dd8d87470",
			"transactionIndex": 55,
			"transactionLogIndex": "0x0",
			"type": "mined",
			"id": "log_89dc7c52"
		}
	],
	"logsBloom": "0x00000000000000000000000000000000000000000000000000000000008000000000000000000000000000000000000000000000100000000000000000000000000000000000010000000008000000000002000000000000000000000000000000000000000000000000000001000000000000000000000000000010000000000000000000000000000000000000000000000000000000004000000000000000000000000000000080000000000000000000000000000000000000000000000000001002000000000000000000000000000000000000000000000000000000000000000000000000000000000000000000000000000000000000000000004000",
	"root": null,
	"status": "0x1",
	"transactionHash": "0x6d6381e14a6ed0be8129a03f306e9a17d72cf27cee1e1f883793a76dd8d87470",
	"transactionIndex": 55
}
[2018-04-29T02:36:25.261] [DEBUG] trans - TO:   0x1e252531adf124ac23b6c0d6e53499ff8add41ca
[2018-04-29T02:36:25.261] [DEBUG] trans - AMOUNT:   2798337900000000000000
[2018-04-29T02:36:25.261] [DEBUG] trans - Receipt info:  {
	"blockHash": "0x1633c5840ce0f0e91157e3478ec400bf7d6fe24a6109091dee578df8da6a72fd",
	"blockNumber": 5523450,
	"contractAddress": null,
	"cumulativeGasUsed": 2503197,
	"gasUsed": 51653,
	"logs": [
		{
			"address": "0x7e9e431a0B8c4D532C745B1043c7FA29a48D4fBa",
			"blockHash": "0x1633c5840ce0f0e91157e3478ec400bf7d6fe24a6109091dee578df8da6a72fd",
			"blockNumber": 5523450,
			"data": "0x000000000000000000000000000000000000000000000097b2bd55d20492c000",
			"logIndex": 35,
			"topics": [
				"0xddf252ad1be2c89b69c2b068fc378daa952ba7f163c4a11628f55a4df523b3ef",
				"0x000000000000000000000000c9f42bcc3cd6c77fae537dd24ba96668fc864150",
				"0x0000000000000000000000001e252531adf124ac23b6c0d6e53499ff8add41ca"
			],
			"transactionHash": "0xae9e94949830a6606adf31632e7e97a1628fa328f0088e8a3981ab0afb8f50dd",
			"transactionIndex": 59,
			"transactionLogIndex": "0x0",
			"type": "mined",
			"id": "log_90b6b09d"
		}
	],
	"logsBloom": "0x00000000000000000000000000000000000000000000000000000000008000000000000000000000000000000000000000000000100000000000000000000000000000000000010000000008000000000000000000000000000000000000000000000000000000000000000000000000000000000000000000000010000000000000000000000000000000000000000000000000000000000000000000000000000000000000000080000000000000000000000000008100000000000000000000001002000000000000000000000000000000000000000000000000000000000000000000000000000000000000008000000000000000000000000000004000",
	"root": null,
	"status": "0x1",
	"transactionHash": "0xae9e94949830a6606adf31632e7e97a1628fa328f0088e8a3981ab0afb8f50dd",
	"transactionIndex": 59
}
[2018-04-29T02:36:25.262] [DEBUG] trans - TO:   0xae20a669425f2afeb86f7077c6659f355f0f3a8f
[2018-04-29T02:36:25.262] [DEBUG] trans - AMOUNT:   2798821000000000000000
[2018-04-29T02:36:25.262] [DEBUG] trans - Receipt info:  {
	"blockHash": "0x1633c5840ce0f0e91157e3478ec400bf7d6fe24a6109091dee578df8da6a72fd",
	"blockNumber": 5523450,
	"contractAddress": null,
	"cumulativeGasUsed": 2451544,
	"gasUsed": 51653,
	"logs": [
		{
			"address": "0x7e9e431a0B8c4D532C745B1043c7FA29a48D4fBa",
			"blockHash": "0x1633c5840ce0f0e91157e3478ec400bf7d6fe24a6109091dee578df8da6a72fd",
			"blockNumber": 5523450,
			"data": "0x000000000000000000000000000000000000000000000097b971a6b5f7908000",
			"logIndex": 34,
			"topics": [
				"0xddf252ad1be2c89b69c2b068fc378daa952ba7f163c4a11628f55a4df523b3ef",
				"0x000000000000000000000000c9f42bcc3cd6c77fae537dd24ba96668fc864150",
				"0x000000000000000000000000ae20a669425f2afeb86f7077c6659f355f0f3a8f"
			],
			"transactionHash": "0xa27e7b9c62820638fceaa91488218b6c1e914ef419614c94b0c746702d5abe14",
			"transactionIndex": 58,
			"transactionLogIndex": "0x0",
			"type": "mined",
			"id": "log_fe5b7948"
		}
	],
	"logsBloom": "0x00000000000000000000000000000000000000000000000000000000008000000000000000000000000000000000000000000000100400000000000000000000000000000000010000001008000000000000000000000000000000000000000000000000000000000000000000000000000000000000000000000010000000000000000000000000000000000000000000000000000000000000000000000000000000000000000080000000000000000000000000000000000000000000000000001002000000000000000000000000000000000000010000000000000000000000000000000000000000000000000000000000000000000000000000004000",
	"root": null,
	"status": "0x1",
	"transactionHash": "0xa27e7b9c62820638fceaa91488218b6c1e914ef419614c94b0c746702d5abe14",
	"transactionIndex": 58
}
[2018-04-29T02:36:25.262] [DEBUG] trans - TO:   0xebd42b6a487c4fed4f9660c19291295d8ed14f7e
[2018-04-29T02:36:25.262] [DEBUG] trans - AMOUNT:   2796960000000000000000
[2018-04-29T02:36:25.262] [DEBUG] trans - Receipt info:  {
	"blockHash": "0x1633c5840ce0f0e91157e3478ec400bf7d6fe24a6109091dee578df8da6a72fd",
	"blockNumber": 5523450,
	"contractAddress": null,
	"cumulativeGasUsed": 2709681,
	"gasUsed": 51589,
	"logs": [
		{
			"address": "0x7e9e431a0B8c4D532C745B1043c7FA29a48D4fBa",
			"blockHash": "0x1633c5840ce0f0e91157e3478ec400bf7d6fe24a6109091dee578df8da6a72fd",
			"blockNumber": 5523450,
			"data": "0x0000000000000000000000000000000000000000000000979f9e0d1220900000",
			"logIndex": 39,
			"topics": [
				"0xddf252ad1be2c89b69c2b068fc378daa952ba7f163c4a11628f55a4df523b3ef",
				"0x000000000000000000000000c9f42bcc3cd6c77fae537dd24ba96668fc864150",
				"0x000000000000000000000000ebd42b6a487c4fed4f9660c19291295d8ed14f7e"
			],
			"transactionHash": "0x6e0504b2e407bc052a605ad31da1afa1fb3bdcc6acc2a44bb03c7b1b34040ade",
			"transactionIndex": 63,
			"transactionLogIndex": "0x0",
			"type": "mined",
			"id": "log_8351aa95"
		}
	],
	"logsBloom": "0x00000000000000000000000000000000000000000000000000000000008000000000000000000000000000000000000000000000100000000000000000000000000000000000010000000008000000000000000801000000000000000000000000000000000000000000000000000000000000000000000000000010000000000000000000000000000000000000000000000000000000000000000000000000000000000000000080000000000000000000000000000000000000000000000000001002000000000000000000000000000000000000000000000000000000000000000000000000000000000000008000000000000000000000000000004000",
	"root": null,
	"status": "0x1",
	"transactionHash": "0x6e0504b2e407bc052a605ad31da1afa1fb3bdcc6acc2a44bb03c7b1b34040ade",
	"transactionIndex": 63
}
[2018-04-29T02:36:25.263] [DEBUG] trans - TO:   0x3576577db0a2831b398bf0fcaa1a04d5720feed1
[2018-04-29T02:36:25.263] [DEBUG] trans - AMOUNT:   2798205700000000000000
[2018-04-29T02:36:25.263] [DEBUG] trans - Receipt info:  {
	"blockHash": "0x1633c5840ce0f0e91157e3478ec400bf7d6fe24a6109091dee578df8da6a72fd",
	"blockNumber": 5523450,
	"contractAddress": null,
	"cumulativeGasUsed": 2554850,
	"gasUsed": 51653,
	"logs": [
		{
			"address": "0x7e9e431a0B8c4D532C745B1043c7FA29a48D4fBa",
			"blockHash": "0x1633c5840ce0f0e91157e3478ec400bf7d6fe24a6109091dee578df8da6a72fd",
			"blockNumber": 5523450,
			"data": "0x000000000000000000000000000000000000000000000097b0e7aa9eed444000",
			"logIndex": 36,
			"topics": [
				"0xddf252ad1be2c89b69c2b068fc378daa952ba7f163c4a11628f55a4df523b3ef",
				"0x000000000000000000000000c9f42bcc3cd6c77fae537dd24ba96668fc864150",
				"0x0000000000000000000000003576577db0a2831b398bf0fcaa1a04d5720feed1"
			],
			"transactionHash": "0xfb05115200132382ccf4fde7c67cc3f054daf26cfbd0893bdb4e5949b68d297d",
			"transactionIndex": 60,
			"transactionLogIndex": "0x0",
			"type": "mined",
			"id": "log_a4880507"
		}
	],
	"logsBloom": "0x01000000000000000000000000000000000000000000000000000000008000000000000000000000000000000000000001000000100000000000000000000000000000000000010000000008000000000000000000000000000000000000000000000000000000000000000000000000000000000000000000000010000000000000000000000000000000000000000000000000000000000000000000000000000000000000000080000000000000000000000000000001000000000000000000001002000000000000000000000000000000000000000000000000000000000000000000000000000000000000000000000000000000000000000000004000",
	"root": null,
	"status": "0x1",
	"transactionHash": "0xfb05115200132382ccf4fde7c67cc3f054daf26cfbd0893bdb4e5949b68d297d",
	"transactionIndex": 60
}
[2018-04-29T02:36:25.264] [DEBUG] trans - TO:   0x87f6a9ab48d00ec1cc190d81ba89e205c1ccd55a
[2018-04-29T02:36:25.264] [DEBUG] trans - AMOUNT:   2799000000000000000000
[2018-04-29T02:36:25.264] [DEBUG] trans - Receipt info:  {
	"blockHash": "0x1633c5840ce0f0e91157e3478ec400bf7d6fe24a6109091dee578df8da6a72fd",
	"blockNumber": 5523450,
	"contractAddress": null,
	"cumulativeGasUsed": 2399891,
	"gasUsed": 51589,
	"logs": [
		{
			"address": "0x7e9e431a0B8c4D532C745B1043c7FA29a48D4fBa",
			"blockHash": "0x1633c5840ce0f0e91157e3478ec400bf7d6fe24a6109091dee578df8da6a72fd",
			"blockNumber": 5523450,
			"data": "0x000000000000000000000000000000000000000000000097bbed96432e5c0000",
			"logIndex": 33,
			"topics": [
				"0xddf252ad1be2c89b69c2b068fc378daa952ba7f163c4a11628f55a4df523b3ef",
				"0x000000000000000000000000c9f42bcc3cd6c77fae537dd24ba96668fc864150",
				"0x00000000000000000000000087f6a9ab48d00ec1cc190d81ba89e205c1ccd55a"
			],
			"transactionHash": "0xc286a7f56431835510e6aab2135a081b1c8d0e087e236a87c05fc1afd788901b",
			"transactionIndex": 57,
			"transactionLogIndex": "0x0",
			"type": "mined",
			"id": "log_8689b5cf"
		}
	],
	"logsBloom": "0x00000000000000000000000000000000000000000000000000000000008000000000000000000000000000000000000000000000100000000000000000000000000000000000010000000008000000000000000000000000000000000000000000000000000000000000000000000000000000000000000000000010000000000000000000000000000000000000000000000000000000000000000080000000000000000000000080000000000000000000000000000000000000000000000000001002000000000000000000000000000000000000000000000000004000000000000000000000000002000000000000000000000000000000000000004000",
	"root": null,
	"status": "0x1",
	"transactionHash": "0xc286a7f56431835510e6aab2135a081b1c8d0e087e236a87c05fc1afd788901b",
	"transactionIndex": 57
}
[2018-04-29T02:36:25.264] [DEBUG] trans - TO:   0xa8801413f9d487eed7dfbd540af4fa1acdd55320
[2018-04-29T02:36:25.264] [DEBUG] trans - AMOUNT:   2799066400000000000000
[2018-04-29T02:36:25.265] [DEBUG] trans - Receipt info:  {
	"blockHash": "0x1633c5840ce0f0e91157e3478ec400bf7d6fe24a6109091dee578df8da6a72fd",
	"blockNumber": 5523450,
	"contractAddress": null,
	"cumulativeGasUsed": 2348302,
	"gasUsed": 51589,
	"logs": [
		{
			"address": "0x7e9e431a0B8c4D532C745B1043c7FA29a48D4fBa",
			"blockHash": "0x1633c5840ce0f0e91157e3478ec400bf7d6fe24a6109091dee578df8da6a72fd",
			"blockNumber": 5523450,
			"data": "0x000000000000000000000000000000000000000000000097bcd97cb5eb720000",
			"logIndex": 32,
			"topics": [
				"0xddf252ad1be2c89b69c2b068fc378daa952ba7f163c4a11628f55a4df523b3ef",
				"0x000000000000000000000000c9f42bcc3cd6c77fae537dd24ba96668fc864150",
				"0x000000000000000000000000a8801413f9d487eed7dfbd540af4fa1acdd55320"
			],
			"transactionHash": "0x8ec34b7a9790c0d88e96132d19198c44199e77295002c46d2e442a3037b5f6e7",
			"transactionIndex": 56,
			"transactionLogIndex": "0x0",
			"type": "mined",
			"id": "log_315c63bf"
		}
	],
	"logsBloom": "0x00000000000000000000000000000000000000000000000000000000008000000000000000000000000000000000000000000000100000000000000000000000000000000000010000004008000000000000000000000000000000000000000000000000000000000800000000000000000000000000000000000010000000000000000000000000000000000000000000000000000000000000000000000000000000000100000080000000000000000000000000000000000000000000000000001002000000000000000000000000000000000000000000000000000000000000000000000000000000000000000000000000000000000000000000004000",
	"root": null,
	"status": "0x1",
	"transactionHash": "0x8ec34b7a9790c0d88e96132d19198c44199e77295002c46d2e442a3037b5f6e7",
	"transactionIndex": 56
}
[2018-04-29T02:36:25.265] [DEBUG] trans - TO:   0x12c356775c94df6e4fbbe997b4645ffd2b7d9a91
[2018-04-29T02:36:25.265] [DEBUG] trans - AMOUNT:   2798189700000000000000
[2018-04-29T02:36:25.265] [DEBUG] trans - Receipt info:  {
	"blockHash": "0x1633c5840ce0f0e91157e3478ec400bf7d6fe24a6109091dee578df8da6a72fd",
	"blockNumber": 5523450,
	"contractAddress": null,
	"cumulativeGasUsed": 2606503,
	"gasUsed": 51653,
	"logs": [
		{
			"address": "0x7e9e431a0B8c4D532C745B1043c7FA29a48D4fBa",
			"blockHash": "0x1633c5840ce0f0e91157e3478ec400bf7d6fe24a6109091dee578df8da6a72fd",
			"blockNumber": 5523450,
			"data": "0x000000000000000000000000000000000000000000000097b0aed2b4a0dc4000",
			"logIndex": 37,
			"topics": [
				"0xddf252ad1be2c89b69c2b068fc378daa952ba7f163c4a11628f55a4df523b3ef",
				"0x000000000000000000000000c9f42bcc3cd6c77fae537dd24ba96668fc864150",
				"0x00000000000000000000000012c356775c94df6e4fbbe997b4645ffd2b7d9a91"
			],
			"transactionHash": "0x5fdc12884376d146887d7b28a4904b385ed73ca57371f158cdab8ca28a13fa52",
			"transactionIndex": 61,
			"transactionLogIndex": "0x0",
			"type": "mined",
			"id": "log_068ccbdc"
		}
	],
	"logsBloom": "0x00000000000000000000000000000000000000000000000000000000008000000000000000000000000000000008000000000000100000000000000000000000000000000000010000000008000000000000000000000000000000000000000000000000000000000000000000000000000000000000000000000010000000000000000000000000000000000000000000000000000000000000000000000000000000000000000080000000000000000000000000000000000000000000000000001002000000000000020000000000000000000000000000000000000000000000000000000000000000000000000000010000000000000000000000004000",
	"root": null,
	"status": "0x1",
	"transactionHash": "0x5fdc12884376d146887d7b28a4904b385ed73ca57371f158cdab8ca28a13fa52",
	"transactionIndex": 61
}
[2018-04-29T02:36:25.266] [DEBUG] trans - TO:   0x05e493ee4f725d596402ee00163abccd7f4af323
[2018-04-29T02:36:25.266] [DEBUG] trans - AMOUNT:   2796688300000000000000
[2018-04-29T02:36:25.266] [DEBUG] trans - Receipt info:  {
	"blockHash": "0x1633c5840ce0f0e91157e3478ec400bf7d6fe24a6109091dee578df8da6a72fd",
	"blockNumber": 5523450,
	"contractAddress": null,
	"cumulativeGasUsed": 2864576,
	"gasUsed": 51589,
	"logs": [
		{
			"address": "0x7e9e431a0B8c4D532C745B1043c7FA29a48D4fBa",
			"blockHash": "0x1633c5840ce0f0e91157e3478ec400bf7d6fe24a6109091dee578df8da6a72fd",
			"blockNumber": 5523450,
			"data": "0x0000000000000000000000000000000000000000000000979bd8c75c3f16c000",
			"logIndex": 42,
			"topics": [
				"0xddf252ad1be2c89b69c2b068fc378daa952ba7f163c4a11628f55a4df523b3ef",
				"0x000000000000000000000000c9f42bcc3cd6c77fae537dd24ba96668fc864150",
				"0x00000000000000000000000005e493ee4f725d596402ee00163abccd7f4af323"
			],
			"transactionHash": "0x59f50d1576fbd6f2eddfff296b37b49bee2164fd4140604ebd064adcd066f83c",
			"transactionIndex": 66,
			"transactionLogIndex": "0x0",
			"type": "mined",
			"id": "log_2374e1b4"
		}
	],
	"logsBloom": "0x00000000000000000000000000000000000000000000000000000000008000000000000000000000000000000000000000000000100000000000000000000000000000000000010000000008000000000000000000000000000000000000000000000000000000000000010000000000000000000000000000000010000004000000000000000000000000000000000000000000000000000000000000000000000000000000000080000000000000000000000000000000000000000000000000001002000000000000000000000000000000000040000000000000000000000000000000000000000000000000000000000000000000000000000000004000",
	"root": null,
	"status": "0x1",
	"transactionHash": "0x59f50d1576fbd6f2eddfff296b37b49bee2164fd4140604ebd064adcd066f83c",
	"transactionIndex": 66
}
[2018-04-29T02:36:25.267] [DEBUG] trans - TO:   0xf092e79fe25c4adc820cb8876c8c387d93cc7d6f
[2018-04-29T02:36:25.267] [DEBUG] trans - AMOUNT:   2796429800000000000000
[2018-04-29T02:36:25.267] [DEBUG] trans - Receipt info:  {
	"blockHash": "0x1633c5840ce0f0e91157e3478ec400bf7d6fe24a6109091dee578df8da6a72fd",
	"blockNumber": 5523450,
	"contractAddress": null,
	"cumulativeGasUsed": 2967818,
	"gasUsed": 51653,
	"logs": [
		{
			"address": "0x7e9e431a0B8c4D532C745B1043c7FA29a48D4fBa",
			"blockHash": "0x1633c5840ce0f0e91157e3478ec400bf7d6fe24a6109091dee578df8da6a72fd",
			"blockNumber": 5523450,
			"data": "0x000000000000000000000000000000000000000000000097984266fadca68000",
			"logIndex": 44,
			"topics": [
				"0xddf252ad1be2c89b69c2b068fc378daa952ba7f163c4a11628f55a4df523b3ef",
				"0x000000000000000000000000c9f42bcc3cd6c77fae537dd24ba96668fc864150",
				"0x000000000000000000000000f092e79fe25c4adc820cb8876c8c387d93cc7d6f"
			],
			"transactionHash": "0x709910c2309ac968ae7b1b246173e9ed0da0c95c55c555ad7e7c0ba81e03e442",
			"transactionIndex": 68,
			"transactionLogIndex": "0x0",
			"type": "mined",
			"id": "log_a629f681"
		}
	],
	"logsBloom": "0x00000100000000000000000000000000000000000000000000000000008000000000000000000000000000000000000000000000100000000000000000000000000000000000010000000008000000000000000000000000000000000000000000000000000000000000000000000000000000000000000000000010000000000000000000000000000000000000000000000000000000000000000000000000000000000000000080000000000000000000000000000000000000000000000000001002000000000000000000000000000000000000000000000800001000000000000000000000000000000000000000000000000000000000000000004000",
	"root": null,
	"status": "0x1",
	"transactionHash": "0x709910c2309ac968ae7b1b246173e9ed0da0c95c55c555ad7e7c0ba81e03e442",
	"transactionIndex": 68
}
[2018-04-29T02:36:25.267] [DEBUG] trans - TO:   0x17821c1b06534f0a1c402d588934acd661406b83
[2018-04-29T02:36:25.267] [DEBUG] trans - AMOUNT:   2797690000000000000000
[2018-04-29T02:36:25.268] [DEBUG] trans - Receipt info:  {
	"blockHash": "0x1633c5840ce0f0e91157e3478ec400bf7d6fe24a6109091dee578df8da6a72fd",
	"blockNumber": 5523450,
	"contractAddress": null,
	"cumulativeGasUsed": 2658092,
	"gasUsed": 51589,
	"logs": [
		{
			"address": "0x7e9e431a0B8c4D532C745B1043c7FA29a48D4fBa",
			"blockHash": "0x1633c5840ce0f0e91157e3478ec400bf7d6fe24a6109091dee578df8da6a72fd",
			"blockNumber": 5523450,
			"data": "0x000000000000000000000000000000000000000000000097a9bf8833fe990000",
			"logIndex": 38,
			"topics": [
				"0xddf252ad1be2c89b69c2b068fc378daa952ba7f163c4a11628f55a4df523b3ef",
				"0x000000000000000000000000c9f42bcc3cd6c77fae537dd24ba96668fc864150",
				"0x00000000000000000000000017821c1b06534f0a1c402d588934acd661406b83"
			],
			"transactionHash": "0xc562b347dfddb53fee3da28be44b7f6b861a14833de002418fa3903769ff79d2",
			"transactionIndex": 62,
			"transactionLogIndex": "0x0",
			"type": "mined",
			"id": "log_811d141f"
		}
	],
	"logsBloom": "0x00000000000000000000000000000000000000000000000000000000008000000000000000000000000000000000000000000000100000000000000000000000000000000000010000000008000000000000020000000000000000000000000000000000000000002000000000000000000000000000020000000010000000000000000000000000000000000000000000000000000000000000000000000000000000000000000080000000000000000000000000000000000000000000000000001002000000000000000000000000000000000000000000000000000000000000000000000000000000000000000000000000000000000000000000004000",
	"root": null,
	"status": "0x1",
	"transactionHash": "0xc562b347dfddb53fee3da28be44b7f6b861a14833de002418fa3903769ff79d2",
	"transactionIndex": 62
}
[2018-04-29T02:36:25.268] [DEBUG] trans - TO:   0xd7a3aa004cd9b246b5fe478ad9f210726d1fad83
[2018-04-29T02:36:25.268] [DEBUG] trans - AMOUNT:   2796546700000000000000
[2018-04-29T02:36:25.268] [DEBUG] trans - Receipt info:  {
	"blockHash": "0x1633c5840ce0f0e91157e3478ec400bf7d6fe24a6109091dee578df8da6a72fd",
	"blockNumber": 5523450,
	"contractAddress": null,
	"cumulativeGasUsed": 2916165,
	"gasUsed": 51589,
	"logs": [
		{
			"address": "0x7e9e431a0B8c4D532C745B1043c7FA29a48D4fBa",
			"blockHash": "0x1633c5840ce0f0e91157e3478ec400bf7d6fe24a6109091dee578df8da6a72fd",
			"blockNumber": 5523450,
			"data": "0x00000000000000000000000000000000000000000000009799e1b6e91ae4c000",
			"logIndex": 43,
			"topics": [
				"0xddf252ad1be2c89b69c2b068fc378daa952ba7f163c4a11628f55a4df523b3ef",
				"0x000000000000000000000000c9f42bcc3cd6c77fae537dd24ba96668fc864150",
				"0x000000000000000000000000d7a3aa004cd9b246b5fe478ad9f210726d1fad83"
			],
			"transactionHash": "0x4676a418d2d55d64804f0544d2bbe25add3fc162aefcbde98a90fd89cea3fcde",
			"transactionIndex": 67,
			"transactionLogIndex": "0x0",
			"type": "mined",
			"id": "log_cebd743b"
		}
	],
	"logsBloom": "0x00000000000000000000000000000000000000000000000000000000008000000000000000000000000000000000000000000000100000000000000000000000000000000000010000000008000000000000000000000000000000000000000000000000000000000000000000000000000000000000000000000010000000000000000000000000000000000000000000000000000000000000000000000000000000000000000080000000000000000000000000000000000000000000000000001002000800000000010100000000000000000000000000000000000000000000000000000000000000000000000000000000000000000000000000004000",
	"root": null,
	"status": "0x1",
	"transactionHash": "0x4676a418d2d55d64804f0544d2bbe25add3fc162aefcbde98a90fd89cea3fcde",
	"transactionIndex": 67
}
[2018-04-29T02:36:25.269] [DEBUG] trans - TO:   0xb7a48f70e253dcd9207ee77c26a2a3703add3e6c
[2018-04-29T02:36:25.269] [DEBUG] trans - AMOUNT:   2799792800000000000000
[2018-04-29T02:36:25.269] [DEBUG] trans - Receipt info:  {
	"blockHash": "0x1633c5840ce0f0e91157e3478ec400bf7d6fe24a6109091dee578df8da6a72fd",
	"blockNumber": 5523450,
	"contractAddress": null,
	"cumulativeGasUsed": 1883809,
	"gasUsed": 51589,
	"logs": [
		{
			"address": "0x7e9e431a0B8c4D532C745B1043c7FA29a48D4fBa",
			"blockHash": "0x1633c5840ce0f0e91157e3478ec400bf7d6fe24a6109091dee578df8da6a72fd",
			"blockNumber": 5523450,
			"data": "0x000000000000000000000000000000000000000000000097c6ee2da9784a0000",
			"logIndex": 23,
			"topics": [
				"0xddf252ad1be2c89b69c2b068fc378daa952ba7f163c4a11628f55a4df523b3ef",
				"0x000000000000000000000000c9f42bcc3cd6c77fae537dd24ba96668fc864150",
				"0x000000000000000000000000b7a48f70e253dcd9207ee77c26a2a3703add3e6c"
			],
			"transactionHash": "0xcf5fd1d148c3a1f1a7ce8434a87bcdd01a305d4fc21d24df1283ed2cca691c13",
			"transactionIndex": 47,
			"transactionLogIndex": "0x0",
			"type": "mined",
			"id": "log_894768ca"
		}
	],
	"logsBloom": "0x00000000000000000000000000000000000000000000040000000000808000000000000000000000000000000000000000000000100000000000000000000000000000000000010000000008000000000000000000000000000000000000000000000000000000000000000000000000000000000000000000000010000000000000000000000000000000000000000000000000000000000000000000000000000000000000000080000000000000000000000000000000000000000004000000001002000000000000000000000000000000000000000000000000000000000000000000000000000000000000000000000000000000000000000000004000",
	"root": null,
	"status": "0x1",
	"transactionHash": "0xcf5fd1d148c3a1f1a7ce8434a87bcdd01a305d4fc21d24df1283ed2cca691c13",
	"transactionIndex": 47
}
[2018-04-29T02:36:25.269] [DEBUG] trans - TO:   0x65ca24f0b564eb91e9fca0c48aa8449678f58948
[2018-04-29T02:36:25.269] [DEBUG] trans - AMOUNT:   2795305700000000000000
[2018-04-29T02:36:25.269] [DEBUG] trans - Receipt info:  {
	"blockHash": "0x1633c5840ce0f0e91157e3478ec400bf7d6fe24a6109091dee578df8da6a72fd",
	"blockNumber": 5523450,
	"contractAddress": null,
	"cumulativeGasUsed": 3122585,
	"gasUsed": 51653,
	"logs": [
		{
			"address": "0x7e9e431a0B8c4D532C745B1043c7FA29a48D4fBa",
			"blockHash": "0x1633c5840ce0f0e91157e3478ec400bf7d6fe24a6109091dee578df8da6a72fd",
			"blockNumber": 5523450,
			"data": "0x00000000000000000000000000000000000000000000009788a8cbfc54a24000",
			"logIndex": 47,
			"topics": [
				"0xddf252ad1be2c89b69c2b068fc378daa952ba7f163c4a11628f55a4df523b3ef",
				"0x000000000000000000000000c9f42bcc3cd6c77fae537dd24ba96668fc864150",
				"0x00000000000000000000000065ca24f0b564eb91e9fca0c48aa8449678f58948"
			],
			"transactionHash": "0x63632712d91c365ed39452216fc86d4c8076c79d76db409483ebc70b2566a7c3",
			"transactionIndex": 71,
			"transactionLogIndex": "0x0",
			"type": "mined",
			"id": "log_13ba3f55"
		}
	],
	"logsBloom": "0x00000000000000000000800000000000000000000000000000000000008000000000000000000000000000000000000000000000100000000000000000000000000000000000010000000008000000000000000000000000000000000000000004000000000000000000000000000000000000000000000000000010000000000000000000000000000000000000000000000000000000000000000000000000000000000000000080000000000000000000000000000000000000000000000000001002000000000000000000000000000000000000000000000000000000000000000000000000000000000020000000000000000000000000000000004000",
	"root": null,
	"status": "0x1",
	"transactionHash": "0x63632712d91c365ed39452216fc86d4c8076c79d76db409483ebc70b2566a7c3",
	"transactionIndex": 71
}
[2018-04-29T02:36:25.270] [DEBUG] trans - TO:   0xcbec82493c37435f422f999cdfe5664213394fe0
[2018-04-29T02:36:25.270] [DEBUG] trans - AMOUNT:   2796804900000000000000
[2018-04-29T02:36:25.270] [DEBUG] trans - Receipt info:  {
	"blockHash": "0x1633c5840ce0f0e91157e3478ec400bf7d6fe24a6109091dee578df8da6a72fd",
	"blockNumber": 5523450,
	"contractAddress": null,
	"cumulativeGasUsed": 2812987,
	"gasUsed": 51653,
	"logs": [
		{
			"address": "0x7e9e431a0B8c4D532C745B1043c7FA29a48D4fBa",
			"blockHash": "0x1633c5840ce0f0e91157e3478ec400bf7d6fe24a6109091dee578df8da6a72fd",
			"blockNumber": 5523450,
			"data": "0x0000000000000000000000000000000000000000000000979d7706714be64000",
			"logIndex": 41,
			"topics": [
				"0xddf252ad1be2c89b69c2b068fc378daa952ba7f163c4a11628f55a4df523b3ef",
				"0x000000000000000000000000c9f42bcc3cd6c77fae537dd24ba96668fc864150",
				"0x000000000000000000000000cbec82493c37435f422f999cdfe5664213394fe0"
			],
			"transactionHash": "0x97daa3f7bb4492646a7eac85af82e13b8ff3dfedc59b10088373565a22acce9b",
			"transactionIndex": 65,
			"transactionLogIndex": "0x0",
			"type": "mined",
			"id": "log_c53aa639"
		}
	],
	"logsBloom": "0x00000000000000000000000000000000000000000000200000000000008000000000000000000000000000000000000000000000100000000000000000000000000000000000010000000008000000000000000000000000000000000000000000000000000000000000000000000000000000000000000000000010000000000000000000000020000000000000000000000000000000000000000000000000000000000000000080000000000000000000000000000000000000000000000000001002000000000000000000000000000000000000000000000000000000000000000000000000000000000000000000008000000000000000000000004000",
	"root": null,
	"status": "0x1",
	"transactionHash": "0x97daa3f7bb4492646a7eac85af82e13b8ff3dfedc59b10088373565a22acce9b",
	"transactionIndex": 65
}
[2018-04-29T02:36:25.270] [DEBUG] trans - TO:   0x19db9bb08369924c70f9d49033db86de93c50628
[2018-04-29T02:36:25.271] [DEBUG] trans - AMOUNT:   2795006800000000000000
[2018-04-29T02:36:25.271] [DEBUG] trans - Receipt info:  {
	"blockHash": "0x1633c5840ce0f0e91157e3478ec400bf7d6fe24a6109091dee578df8da6a72fd",
	"blockNumber": 5523450,
	"contractAddress": null,
	"cumulativeGasUsed": 3174174,
	"gasUsed": 51589,
	"logs": [
		{
			"address": "0x7e9e431a0B8c4D532C745B1043c7FA29a48D4fBa",
			"blockHash": "0x1633c5840ce0f0e91157e3478ec400bf7d6fe24a6109091dee578df8da6a72fd",
			"blockNumber": 5523450,
			"data": "0x0000000000000000000000000000000000000000000000978482e404f1450000",
			"logIndex": 48,
			"topics": [
				"0xddf252ad1be2c89b69c2b068fc378daa952ba7f163c4a11628f55a4df523b3ef",
				"0x000000000000000000000000c9f42bcc3cd6c77fae537dd24ba96668fc864150",
				"0x00000000000000000000000019db9bb08369924c70f9d49033db86de93c50628"
			],
			"transactionHash": "0x64d4e701b174a4a685e463e2ca7ce53b140c959e4ad769c7171ab5f39266fea8",
			"transactionIndex": 72,
			"transactionLogIndex": "0x0",
			"type": "mined",
			"id": "log_e0fd2123"
		}
	],
	"logsBloom": "0x00000000000000000000000000000000000000000000000000000000008000000000000000000000000000000000000000000000100000000000000000000000000000000000010000000008000000000000000000000000000000000000000000000000000000000000000000000000000000000000000000000010000000080000000000000000000000000000000000000000000000000000000000000000000000000000000080000000000000000000000000000000000000000000000000001002000000000000000000200000000000000000000000000000000000000000000000000000000000000000000000000000000000000000000080004000",
	"root": null,
	"status": "0x1",
	"transactionHash": "0x64d4e701b174a4a685e463e2ca7ce53b140c959e4ad769c7171ab5f39266fea8",
	"transactionIndex": 72
}
