[2018-04-27T21:53:03.438] [DEBUG] trans - TO:   0x83d5c0a8040d7f7876e29e8b64eeec5c47a5eccc
[2018-04-27T21:53:03.439] [DEBUG] trans - AMOUNT:   1325396300000000000000
[2018-04-27T21:53:03.439] [DEBUG] trans - Receipt info:  {
	"blockHash": "0x2b872545115f02975fb984464c1426a49e4c75f7b440ff52eff93fad95842e99",
	"blockNumber": 5516834,
	"contractAddress": null,
	"cumulativeGasUsed": 1359578,
	"gasUsed": 51653,
	"logs": [
		{
			"address": "0x7e9e431a0B8c4D532C745B1043c7FA29a48D4fBa",
			"blockHash": "0x2b872545115f02975fb984464c1426a49e4c75f7b440ff52eff93fad95842e99",
			"blockNumber": 5516834,
			"data": "0x000000000000000000000000000000000000000000000047d99190997510c000",
			"logIndex": 24,
			"topics": [
				"0xddf252ad1be2c89b69c2b068fc378daa952ba7f163c4a11628f55a4df523b3ef",
				"0x000000000000000000000000468b858c964f297fd8fce058032bf4b4911a8ad8",
				"0x00000000000000000000000083d5c0a8040d7f7876e29e8b64eeec5c47a5eccc"
			],
			"transactionHash": "0x74f8985c6a67230d294203509d9cd55eceea70de8ebddbcdf70bc4fcd5ef309a",
			"transactionIndex": 31,
			"transactionLogIndex": "0x0",
			"type": "mined",
			"id": "log_818f1fba"
		}
	],
	"logsBloom": "0x00000000000000000000000000020000000000000000000000000000000000000000000000000000000000000000000000000000000000000000000000080000000000000000010000200008000000000000000000000000000000000020000000000000000000000000000000000000000000000000000000000010000000000000000000000000000000000000000000000000000000000000000000000000000000000000000080000000000000000000000000000000000000010000000000001002000000000000000000000000000000000000000000000000000000000000000000000000000000200000000000000000000000000000000000000000",
	"root": null,
	"status": "0x1",
	"transactionHash": "0x74f8985c6a67230d294203509d9cd55eceea70de8ebddbcdf70bc4fcd5ef309a",
	"transactionIndex": 31
}
[2018-04-27T21:53:24.464] [DEBUG] trans - TO:   0xbfda7428edb0e7139a53909e93d4503679fefd7b
[2018-04-27T21:53:24.464] [DEBUG] trans - AMOUNT:   1325291900000000000000
[2018-04-27T21:53:24.464] [DEBUG] trans - Receipt info:  {
	"blockHash": "0x6ff1ee955db734e48f0d810be631eaed3c7c64bb2a0c8f08f8e75479ca626135",
	"blockNumber": 5516837,
	"contractAddress": null,
	"cumulativeGasUsed": 846744,
	"gasUsed": 51653,
	"logs": [
		{
			"address": "0x7e9e431a0B8c4D532C745B1043c7FA29a48D4fBa",
			"blockHash": "0x6ff1ee955db734e48f0d810be631eaed3c7c64bb2a0c8f08f8e75479ca626135",
			"blockNumber": 5516837,
			"data": "0x000000000000000000000000000000000000000000000047d81ea95a4283c000",
			"logIndex": 7,
			"topics": [
				"0xddf252ad1be2c89b69c2b068fc378daa952ba7f163c4a11628f55a4df523b3ef",
				"0x000000000000000000000000468b858c964f297fd8fce058032bf4b4911a8ad8",
				"0x000000000000000000000000bfda7428edb0e7139a53909e93d4503679fefd7b"
			],
			"transactionHash": "0x5d1de776464ce318d53668d855dec3c1d080df16451c6eb3a5bbb3c68acbabe9",
			"transactionIndex": 18,
			"transactionLogIndex": "0x0",
			"type": "mined",
			"id": "log_4b4b6660"
		}
	],
	"logsBloom": "0x00000000000000000000000000020000000000000000000000000000000000000000000000000000000000000008000000000000000000000000000000000000000000000000010000000008000000000000000000000000000000000020000000000000000000000000000000000000000000000000000000000010000000000000000000000000000000000000000000000000000000000001000000000000000000000000000080000000000000000000000000000000000000010000000000001002000000000000000000000000000000000000000000000000000000000000000000000000000000000000000000000000000004000000000000000000",
	"root": null,
	"status": "0x1",
	"transactionHash": "0x5d1de776464ce318d53668d855dec3c1d080df16451c6eb3a5bbb3c68acbabe9",
	"transactionIndex": 18
}
[2018-04-27T21:53:24.464] [DEBUG] trans - TO:   0xdab455dd46984f9399ccf0ce3052f361e968bc8b
[2018-04-27T21:53:24.464] [DEBUG] trans - AMOUNT:   1324822900000000000000
[2018-04-27T21:53:24.464] [DEBUG] trans - Receipt info:  {
	"blockHash": "0x6ff1ee955db734e48f0d810be631eaed3c7c64bb2a0c8f08f8e75479ca626135",
	"blockNumber": 5516837,
	"contractAddress": null,
	"cumulativeGasUsed": 4768838,
	"gasUsed": 51653,
	"logs": [
		{
			"address": "0x7e9e431a0B8c4D532C745B1043c7FA29a48D4fBa",
			"blockHash": "0x6ff1ee955db734e48f0d810be631eaed3c7c64bb2a0c8f08f8e75479ca626135",
			"blockNumber": 5516837,
			"data": "0x000000000000000000000000000000000000000000000047d19c705662db4000",
			"logIndex": 80,
			"topics": [
				"0xddf252ad1be2c89b69c2b068fc378daa952ba7f163c4a11628f55a4df523b3ef",
				"0x000000000000000000000000468b858c964f297fd8fce058032bf4b4911a8ad8",
				"0x000000000000000000000000dab455dd46984f9399ccf0ce3052f361e968bc8b"
			],
			"transactionHash": "0x23f981731e3667cfaa06e4e876ae84002909899f3015f355e544e30d0b1c7861",
			"transactionIndex": 99,
			"transactionLogIndex": "0x0",
			"type": "mined",
			"id": "log_7531a43d"
		}
	],
	"logsBloom": "0x00008000000000000000800000020000000000000000000000000000000000000000000000000000000000000000000000000000000000000000000000000000000000000000010000000008000000000000000000000000000000000020000000000000000000000000000000000000000000000000000000000010000000000000000000000000000000000000000000000000000000000000000000000000000000000000000080000080000000000000000000000000000000010000000000001002000000000000000000000000000000000000000000000000000000000000000000000000000000000000000000000000000000000000000000000000",
	"root": null,
	"status": "0x1",
	"transactionHash": "0x23f981731e3667cfaa06e4e876ae84002909899f3015f355e544e30d0b1c7861",
	"transactionIndex": 99
}
[2018-04-27T21:53:24.465] [DEBUG] trans - TO:   0x00b1316423e45d8934ec1226148e4c95c543aa5f
[2018-04-27T21:53:24.465] [DEBUG] trans - AMOUNT:   1324994600000000000000
[2018-04-27T21:53:24.465] [DEBUG] trans - Receipt info:  {
	"blockHash": "0x6ff1ee955db734e48f0d810be631eaed3c7c64bb2a0c8f08f8e75479ca626135",
	"blockNumber": 5516837,
	"contractAddress": null,
	"cumulativeGasUsed": 4413750,
	"gasUsed": 51589,
	"logs": [
		{
			"address": "0x7e9e431a0B8c4D532C745B1043c7FA29a48D4fBa",
			"blockHash": "0x6ff1ee955db734e48f0d810be631eaed3c7c64bb2a0c8f08f8e75479ca626135",
			"blockNumber": 5516837,
			"data": "0x000000000000000000000000000000000000000000000047d3fe7093e6ca8000",
			"logIndex": 74,
			"topics": [
				"0xddf252ad1be2c89b69c2b068fc378daa952ba7f163c4a11628f55a4df523b3ef",
				"0x000000000000000000000000468b858c964f297fd8fce058032bf4b4911a8ad8",
				"0x00000000000000000000000000b1316423e45d8934ec1226148e4c95c543aa5f"
			],
			"transactionHash": "0xf1dedd8682383ec9324b6b7b59e92da7210d7301a78d2887a31f9a063e1217a8",
			"transactionIndex": 90,
			"transactionLogIndex": "0x0",
			"type": "mined",
			"id": "log_be47e360"
		}
	],
	"logsBloom": "0x00000000000000000000000000020000000000000000000400000000000000000000000000000000000000000000000000000000000000000000000000000000000000000000010000000008000000000000000000000000000000000020000000000000000000000000000000000000000000000000000000000010000000000000000000000000000000000000000000001000000000000000000000000000000000000000000080000000000000000000000000000000000000010000000000001002000000000000000000000000000000000000000000000000000000000000000000000000000000000000000000000000000000000000080000000000",
	"root": null,
	"status": "0x1",
	"transactionHash": "0xf1dedd8682383ec9324b6b7b59e92da7210d7301a78d2887a31f9a063e1217a8",
	"transactionIndex": 90
}
[2018-04-27T21:53:24.466] [DEBUG] trans - TO:   0x24016830c2b4dca02ff2c985f42165b3dd6c6db8
[2018-04-27T21:53:24.466] [DEBUG] trans - AMOUNT:   1325000000000000000000
[2018-04-27T21:53:24.466] [DEBUG] trans - Receipt info:  {
	"blockHash": "0x6ff1ee955db734e48f0d810be631eaed3c7c64bb2a0c8f08f8e75479ca626135",
	"blockNumber": 5516837,
	"contractAddress": null,
	"cumulativeGasUsed": 4218515,
	"gasUsed": 51589,
	"logs": [
		{
			"address": "0x7e9e431a0B8c4D532C745B1043c7FA29a48D4fBa",
			"blockHash": "0x6ff1ee955db734e48f0d810be631eaed3c7c64bb2a0c8f08f8e75479ca626135",
			"blockNumber": 5516837,
			"data": "0x000000000000000000000000000000000000000000000047d4119fd960940000",
			"logIndex": 71,
			"topics": [
				"0xddf252ad1be2c89b69c2b068fc378daa952ba7f163c4a11628f55a4df523b3ef",
				"0x000000000000000000000000468b858c964f297fd8fce058032bf4b4911a8ad8",
				"0x00000000000000000000000024016830c2b4dca02ff2c985f42165b3dd6c6db8"
			],
			"transactionHash": "0xebf1b26da81a318824aaac9bd931c38b25751939b7e8081fa2ea5e2f3f5f714c",
			"transactionIndex": 85,
			"transactionLogIndex": "0x0",
			"type": "mined",
			"id": "log_5e20cae6"
		}
	],
	"logsBloom": "0x00000000000000000000000000020000000000000000000000000000000000000000000000000000000000000000000000000000004000000000000000000000000000000000010010000008000000000000000000000000000000000020000000000000000000000000000000000000000000000000000000000010000000000000000000000000000000000000000000000000000000000000000000000000000000000000000080000000000000000000000000000000000000010000000000001002000000000000000000000000000000000000000000000000000000000000000000000000004000000000000000000000000000000000000000000000",
	"root": null,
	"status": "0x1",
	"transactionHash": "0xebf1b26da81a318824aaac9bd931c38b25751939b7e8081fa2ea5e2f3f5f714c",
	"transactionIndex": 85
}
[2018-04-27T21:53:24.466] [DEBUG] trans - TO:   0x32346facc36099b2a1894c9ce781357af3ca292c
[2018-04-27T21:53:24.466] [DEBUG] trans - AMOUNT:   1324534900000000000000
[2018-04-27T21:53:24.466] [DEBUG] trans - Receipt info:  {
	"blockHash": "0x6ff1ee955db734e48f0d810be631eaed3c7c64bb2a0c8f08f8e75479ca626135",
	"blockNumber": 5516837,
	"contractAddress": null,
	"cumulativeGasUsed": 5002774,
	"gasUsed": 51653,
	"logs": [
		{
			"address": "0x7e9e431a0B8c4D532C745B1043c7FA29a48D4fBa",
			"blockHash": "0x6ff1ee955db734e48f0d810be631eaed3c7c64bb2a0c8f08f8e75479ca626135",
			"blockNumber": 5516837,
			"data": "0x000000000000000000000000000000000000000000000047cd9d41dd038b4000",
			"logIndex": 84,
			"topics": [
				"0xddf252ad1be2c89b69c2b068fc378daa952ba7f163c4a11628f55a4df523b3ef",
				"0x000000000000000000000000468b858c964f297fd8fce058032bf4b4911a8ad8",
				"0x00000000000000000000000032346facc36099b2a1894c9ce781357af3ca292c"
			],
			"transactionHash": "0x9fe66acb6441c0be699b96882e74acd4bb55601439784308b64ddf864cc903e0",
			"transactionIndex": 106,
			"transactionLogIndex": "0x0",
			"type": "mined",
			"id": "log_e0bf1d63"
		}
	],
	"logsBloom": "0x00000000000000000000000000420000000000000000000000000000000000000000000000000000000000000000000000000000000000000000000000000000000000000000010000000008100000000000000000000000000000000020000000000000000000000000000000000000000000000000000000000010000000000000000000000000000000000000000000000000000000000000000000000000000000000000000080000000000000000000000000000800000000010000000000001002000000000000000000000000000000000000000000000000000000000000000000000000000000000000000000000000000000000000000000000000",
	"root": null,
	"status": "0x1",
	"transactionHash": "0x9fe66acb6441c0be699b96882e74acd4bb55601439784308b64ddf864cc903e0",
	"transactionIndex": 106
}
[2018-04-27T21:53:24.467] [DEBUG] trans - TO:   0xefcb0a2edee17afb9f2f44f741d2076f26acd8b5
[2018-04-27T21:53:24.467] [DEBUG] trans - AMOUNT:   1324795200000000000000
[2018-04-27T21:53:24.467] [DEBUG] trans - Receipt info:  {
	"blockHash": "0x6ff1ee955db734e48f0d810be631eaed3c7c64bb2a0c8f08f8e75479ca626135",
	"blockNumber": 5516837,
	"contractAddress": null,
	"cumulativeGasUsed": 4909121,
	"gasUsed": 51589,
	"logs": [
		{
			"address": "0x7e9e431a0B8c4D532C745B1043c7FA29a48D4fBa",
			"blockHash": "0x6ff1ee955db734e48f0d810be631eaed3c7c64bb2a0c8f08f8e75479ca626135",
			"blockNumber": 5516837,
			"data": "0x000000000000000000000000000000000000000000000047d13a07558e940000",
			"logIndex": 83,
			"topics": [
				"0xddf252ad1be2c89b69c2b068fc378daa952ba7f163c4a11628f55a4df523b3ef",
				"0x000000000000000000000000468b858c964f297fd8fce058032bf4b4911a8ad8",
				"0x000000000000000000000000efcb0a2edee17afb9f2f44f741d2076f26acd8b5"
			],
			"transactionHash": "0xd09608808907cf5c1b21ad862b64fa8a78c6e502b0ae5d51faa36f8cd450e00b",
			"transactionIndex": 103,
			"transactionLogIndex": "0x0",
			"type": "mined",
			"id": "log_36722c4a"
		}
	],
	"logsBloom": "0x00000000000000000000000000020000000000000000000000000000000000000000000400000000000000000000000000000000000000000000000000000000000000000000010000000008000000000000000000000000000000000020000000000000000000000000000000000000000000000000000000008010000000000000000000000000000000000000000000000000000000000000000000000000000000000000000080000000000000000000000000000000000000010000000000001002000000000000000000000000000000000000000000000000000000000000000000000000000000000200000000000000000000000000000000000000",
	"root": null,
	"status": "0x1",
	"transactionHash": "0xd09608808907cf5c1b21ad862b64fa8a78c6e502b0ae5d51faa36f8cd450e00b",
	"transactionIndex": 103
}
[2018-04-27T21:53:24.467] [DEBUG] trans - TO:   0x4c5c3b44f77f058f6828673275b374c97cca8bc0
[2018-04-27T21:53:24.467] [DEBUG] trans - AMOUNT:   1324939500000000000000
[2018-04-27T21:53:24.467] [DEBUG] trans - Receipt info:  {
	"blockHash": "0x6ff1ee955db734e48f0d810be631eaed3c7c64bb2a0c8f08f8e75479ca626135",
	"blockNumber": 5516837,
	"contractAddress": null,
	"cumulativeGasUsed": 4646128,
	"gasUsed": 51653,
	"logs": [
		{
			"address": "0x7e9e431a0B8c4D532C745B1043c7FA29a48D4fBa",
			"blockHash": "0x6ff1ee955db734e48f0d810be631eaed3c7c64bb2a0c8f08f8e75479ca626135",
			"blockNumber": 5516837,
			"data": "0x000000000000000000000000000000000000000000000047d33aaf6b6faac000",
			"logIndex": 78,
			"topics": [
				"0xddf252ad1be2c89b69c2b068fc378daa952ba7f163c4a11628f55a4df523b3ef",
				"0x000000000000000000000000468b858c964f297fd8fce058032bf4b4911a8ad8",
				"0x0000000000000000000000004c5c3b44f77f058f6828673275b374c97cca8bc0"
			],
			"transactionHash": "0x9b2198f085dcabefa49e20971182141cbc222ded22210a6f9d40c03788e7b92e",
			"transactionIndex": 96,
			"transactionLogIndex": "0x0",
			"type": "mined",
			"id": "log_c1b65bbf"
		}
	],
	"logsBloom": "0x00000000000000000000000000020000000000000000000000000000000000000000000000000000000000000000000000000000100000000000000000000000000000000000010000000008000000000000000000000000000000000020000000000000000000000000000000400000000000000000000000000010000000000000000000000000400000000000000000000000000000000000000000000000000000000000000080000000000000000000000000000000000000010000000000001002000000000000000000000000000000000000000000000000000000000000000000000000000000000000000000000000000000000000000000000000",
	"root": null,
	"status": "0x1",
	"transactionHash": "0x9b2198f085dcabefa49e20971182141cbc222ded22210a6f9d40c03788e7b92e",
	"transactionIndex": 96
}
[2018-04-27T21:53:24.468] [DEBUG] trans - TO:   0x9bd66d05f8e9606e09503f2a9dcfade12b73ded1
[2018-04-27T21:53:24.468] [DEBUG] trans - AMOUNT:   1324278100000000000000
[2018-04-27T21:53:24.468] [DEBUG] trans - Receipt info:  {
	"blockHash": "0x6ff1ee955db734e48f0d810be631eaed3c7c64bb2a0c8f08f8e75479ca626135",
	"blockNumber": 5516837,
	"contractAddress": null,
	"cumulativeGasUsed": 5148016,
	"gasUsed": 51653,
	"logs": [
		{
			"address": "0x7e9e431a0B8c4D532C745B1043c7FA29a48D4fBa",
			"blockHash": "0x6ff1ee955db734e48f0d810be631eaed3c7c64bb2a0c8f08f8e75479ca626135",
			"blockNumber": 5516837,
			"data": "0x000000000000000000000000000000000000000000000047ca0ceb9fb9394000",
			"logIndex": 86,
			"topics": [
				"0xddf252ad1be2c89b69c2b068fc378daa952ba7f163c4a11628f55a4df523b3ef",
				"0x000000000000000000000000468b858c964f297fd8fce058032bf4b4911a8ad8",
				"0x0000000000000000000000009bd66d05f8e9606e09503f2a9dcfade12b73ded1"
			],
			"transactionHash": "0x526a0a444ad5996293c10fbcb07a2d6145020d67c67e91dd08a178473964e3ba",
			"transactionIndex": 110,
			"transactionLogIndex": "0x0",
			"type": "mined",
			"id": "log_f558feb7"
		}
	],
	"logsBloom": "0x00000000000000000000000008020000000000000000000000000000000000000000000000000000000000000000000000000000000000000000000000000000000000000000010000000008000000000000000000000000000000000020000000000000000000000000000000000000000400000000000000000010000000000000000000000000000000000000000000000000000000000000000000000000000000000000000080000000000000000000000000000000000000010000000000001002000000000000000000000000000000000000000000000000000000000000000000000000000000000000000000000000040000000000000000000000",
	"root": null,
	"status": "0x1",
	"transactionHash": "0x526a0a444ad5996293c10fbcb07a2d6145020d67c67e91dd08a178473964e3ba",
	"transactionIndex": 110
}
[2018-04-27T21:53:24.469] [DEBUG] trans - TO:   0xa80866a63658d31e20d2191c1d5952d4f741c47c
[2018-04-27T21:53:24.469] [DEBUG] trans - AMOUNT:   1324078600000000000000
[2018-04-27T21:53:24.469] [DEBUG] trans - Receipt info:  {
	"blockHash": "0x6ff1ee955db734e48f0d810be631eaed3c7c64bb2a0c8f08f8e75479ca626135",
	"blockNumber": 5516837,
	"contractAddress": null,
	"cumulativeGasUsed": 5220669,
	"gasUsed": 51653,
	"logs": [
		{
			"address": "0x7e9e431a0B8c4D532C745B1043c7FA29a48D4fBa",
			"blockHash": "0x6ff1ee955db734e48f0d810be631eaed3c7c64bb2a0c8f08f8e75479ca626135",
			"blockNumber": 5516837,
			"data": "0x000000000000000000000000000000000000000000000047c748276e50888000",
			"logIndex": 87,
			"topics": [
				"0xddf252ad1be2c89b69c2b068fc378daa952ba7f163c4a11628f55a4df523b3ef",
				"0x000000000000000000000000468b858c964f297fd8fce058032bf4b4911a8ad8",
				"0x000000000000000000000000a80866a63658d31e20d2191c1d5952d4f741c47c"
			],
			"transactionHash": "0x7fb09f63a3e23d584fe9980dfe1bd59f212161e4f4c2aaf87da85c39b26d85e7",
			"transactionIndex": 112,
			"transactionLogIndex": "0x0",
			"type": "mined",
			"id": "log_1839beef"
		}
	],
	"logsBloom": "0x00000000000000000000000000020000000000000000000000000000000000000000000004000000000000000000000000000000000000000000000000000000000000000000010000000008000000000000000000000000000000000020000000000000000000000000000000000000000000000000000000000010000000000000000000000000000000000000000400000000000000000000000000000000000000000000000080000000000000000000000000000000800000010000000000001002000000000000000000000000000000000000000000000000000000000000000000000000000000000000000000000000000000000000000000000000",
	"root": null,
	"status": "0x1",
	"transactionHash": "0x7fb09f63a3e23d584fe9980dfe1bd59f212161e4f4c2aaf87da85c39b26d85e7",
	"transactionIndex": 112
}
[2018-04-27T21:53:24.470] [DEBUG] trans - TO:   0x66af9f5c9dc1f4219055f93cb8667c806b45cdcb
[2018-04-27T21:53:24.470] [DEBUG] trans - AMOUNT:   1324454000000000000000
[2018-04-27T21:53:24.470] [DEBUG] trans - Receipt info:  {
	"blockHash": "0x6ff1ee955db734e48f0d810be631eaed3c7c64bb2a0c8f08f8e75479ca626135",
	"blockNumber": 5516837,
	"contractAddress": null,
	"cumulativeGasUsed": 5075363,
	"gasUsed": 51589,
	"logs": [
		{
			"address": "0x7e9e431a0B8c4D532C745B1043c7FA29a48D4fBa",
			"blockHash": "0x6ff1ee955db734e48f0d810be631eaed3c7c64bb2a0c8f08f8e75479ca626135",
			"blockNumber": 5516837,
			"data": "0x000000000000000000000000000000000000000000000047cc7dd7bdf1370000",
			"logIndex": 85,
			"topics": [
				"0xddf252ad1be2c89b69c2b068fc378daa952ba7f163c4a11628f55a4df523b3ef",
				"0x000000000000000000000000468b858c964f297fd8fce058032bf4b4911a8ad8",
				"0x00000000000000000000000066af9f5c9dc1f4219055f93cb8667c806b45cdcb"
			],
			"transactionHash": "0x99b6091354bb5166fa4f278ddf3c5c563fa155dfb2bf1d77a6be856c55c1d047",
			"transactionIndex": 108,
			"transactionLogIndex": "0x0",
			"type": "mined",
			"id": "log_ee41b729"
		}
	],
	"logsBloom": "0x00000000000000000000000000020000000000000000000000000000000000000000000000000000000000000000000000000000000000000000000000000000000000000000010000000008000000000000000000000000000000000020000000010000000000000000000000000000000000000000000000000010000000000000000000000000000000000000000000000000000100000000000000000000000000000000000080000000000000000000000000000000000000010000000000001002000000000000000000000000000000000000000000000000000000000000000000000000000000000000000000000000000000000000000000000040",
	"root": null,
	"status": "0x1",
	"transactionHash": "0x99b6091354bb5166fa4f278ddf3c5c563fa155dfb2bf1d77a6be856c55c1d047",
	"transactionIndex": 108
}
[2018-04-27T21:53:24.470] [DEBUG] trans - TO:   0xfa84c3dfe157510ccf7c724df13aefa873f8f2cc
[2018-04-27T21:53:24.470] [DEBUG] trans - AMOUNT:   1324000000000000000000
[2018-04-27T21:53:24.470] [DEBUG] trans - Receipt info:  {
	"blockHash": "0x6ff1ee955db734e48f0d810be631eaed3c7c64bb2a0c8f08f8e75479ca626135",
	"blockNumber": 5516837,
	"contractAddress": null,
	"cumulativeGasUsed": 5293258,
	"gasUsed": 51589,
	"logs": [
		{
			"address": "0x7e9e431a0B8c4D532C745B1043c7FA29a48D4fBa",
			"blockHash": "0x6ff1ee955db734e48f0d810be631eaed3c7c64bb2a0c8f08f8e75479ca626135",
			"blockNumber": 5516837,
			"data": "0x000000000000000000000000000000000000000000000047c630e925b9300000",
			"logIndex": 88,
			"topics": [
				"0xddf252ad1be2c89b69c2b068fc378daa952ba7f163c4a11628f55a4df523b3ef",
				"0x000000000000000000000000468b858c964f297fd8fce058032bf4b4911a8ad8",
				"0x000000000000000000000000fa84c3dfe157510ccf7c724df13aefa873f8f2cc"
			],
			"transactionHash": "0x1fd5ade6fc1903224dcc195c162cb521bb2cf55fb515469285af0d51ef0648fa",
			"transactionIndex": 114,
			"transactionLogIndex": "0x0",
			"type": "mined",
			"id": "log_2ddc0b73"
		}
	],
	"logsBloom": "0x00000000000000000200000000020000000000000000000000000000000000000000020000000000000000000000000000000000000000000000000000000000000000000000010000000008000000000000000000000000000000000020000000000000000000000000000000000000000000000000000000000010000000000000000000000000000000000000010000000000000000000000000000000000000000000000000080000000000000000000000000000000000000010000000000001002000000000000000000000000000000000000000000000000000000000000000000000000000000000000000000000000000000000000000000000000",
	"root": null,
	"status": "0x1",
	"transactionHash": "0x1fd5ade6fc1903224dcc195c162cb521bb2cf55fb515469285af0d51ef0648fa",
	"transactionIndex": 114
}
[2018-04-27T21:53:24.471] [DEBUG] trans - TO:   0x43b7224b57d04a7e996463d0ce43e88db9c00e0d
[2018-04-27T21:53:24.471] [DEBUG] trans - AMOUNT:   1323726100000000000000
[2018-04-27T21:53:24.471] [DEBUG] trans - Receipt info:  {
	"blockHash": "0x6ff1ee955db734e48f0d810be631eaed3c7c64bb2a0c8f08f8e75479ca626135",
	"blockNumber": 5516837,
	"contractAddress": null,
	"cumulativeGasUsed": 5365911,
	"gasUsed": 51653,
	"logs": [
		{
			"address": "0x7e9e431a0B8c4D532C745B1043c7FA29a48D4fBa",
			"blockHash": "0x6ff1ee955db734e48f0d810be631eaed3c7c64bb2a0c8f08f8e75479ca626135",
			"blockNumber": 5516837,
			"data": "0x000000000000000000000000000000000000000000000047c263d28c6d354000",
			"logIndex": 89,
			"topics": [
				"0xddf252ad1be2c89b69c2b068fc378daa952ba7f163c4a11628f55a4df523b3ef",
				"0x000000000000000000000000468b858c964f297fd8fce058032bf4b4911a8ad8",
				"0x00000000000000000000000043b7224b57d04a7e996463d0ce43e88db9c00e0d"
			],
			"transactionHash": "0xaa812aa92e8c4a25c9b619a29227c4bdab99da125ae77fac95ba73132a5d095b",
			"transactionIndex": 116,
			"transactionLogIndex": "0x0",
			"type": "mined",
			"id": "log_4cf7b000"
		}
	],
	"logsBloom": "0x00000000000000000000000000020000000000000000000000000000000000000000000000000000000000000000000000000000000000000000000000000000000000000000010000000008000000000000000000000000000000000020000000000000000002000000000000000000000000000000000000000010000000000000000000000000000000000000000000000000000000000000000000000000000000000000000080000000000000000000000000000000000000010000000000001002000000000000000000000000000000000000000000000000200000000000010000000000000000000000000000000000000000000000000000000000",
	"root": null,
	"status": "0x1",
	"transactionHash": "0xaa812aa92e8c4a25c9b619a29227c4bdab99da125ae77fac95ba73132a5d095b",
	"transactionIndex": 116
}
[2018-04-27T21:53:24.473] [DEBUG] trans - TO:   0x0f52109f090b249ebfabdc2fea8cae2736e59200
[2018-04-27T21:53:24.473] [DEBUG] trans - AMOUNT:   1323548200000000000000
[2018-04-27T21:53:24.473] [DEBUG] trans - Receipt info:  {
	"blockHash": "0x6ff1ee955db734e48f0d810be631eaed3c7c64bb2a0c8f08f8e75479ca626135",
	"blockNumber": 5516837,
	"contractAddress": null,
	"cumulativeGasUsed": 5438500,
	"gasUsed": 51589,
	"logs": [
		{
			"address": "0x7e9e431a0B8c4D532C745B1043c7FA29a48D4fBa",
			"blockHash": "0x6ff1ee955db734e48f0d810be631eaed3c7c64bb2a0c8f08f8e75479ca626135",
			"blockNumber": 5516837,
			"data": "0x000000000000000000000000000000000000000000000047bfebcb70ebaa8000",
			"logIndex": 90,
			"topics": [
				"0xddf252ad1be2c89b69c2b068fc378daa952ba7f163c4a11628f55a4df523b3ef",
				"0x000000000000000000000000468b858c964f297fd8fce058032bf4b4911a8ad8",
				"0x0000000000000000000000000f52109f090b249ebfabdc2fea8cae2736e59200"
			],
			"transactionHash": "0x660a6609550d060b599797f9dd396617bec42808fafd2e7a429d01feb0af4fb8",
			"transactionIndex": 118,
			"transactionLogIndex": "0x0",
			"type": "mined",
			"id": "log_5b22e0c5"
		}
	],
	"logsBloom": "0x00000000000000000000000000020000000000000000000000000000000000000000000000000000000000000000000000000000000000000000000000000000000000000000010000000008000000000000000000000000000000000020000000000000000000000000000000000000000000000000000000000010000000000000000000000000000000000000000000800000000000000000000000000000000000000000000080000000000000000000000000000000000000010000000000001002000000000000000000001000000000000000000000000000000000000000000000000000000000000000000000080000000000000000000000000000",
	"root": null,
	"status": "0x1",
	"transactionHash": "0x660a6609550d060b599797f9dd396617bec42808fafd2e7a429d01feb0af4fb8",
	"transactionIndex": 118
}
[2018-04-27T21:53:24.474] [DEBUG] trans - TO:   0x240b9c453aff09c204dde3914307faa9c1c1d9cb
[2018-04-27T21:53:24.474] [DEBUG] trans - AMOUNT:   1323534900000000000000
[2018-04-27T21:53:24.475] [DEBUG] trans - Receipt info:  {
	"blockHash": "0x6ff1ee955db734e48f0d810be631eaed3c7c64bb2a0c8f08f8e75479ca626135",
	"blockNumber": 5516837,
	"contractAddress": null,
	"cumulativeGasUsed": 5511153,
	"gasUsed": 51653,
	"logs": [
		{
			"address": "0x7e9e431a0B8c4D532C745B1043c7FA29a48D4fBa",
			"blockHash": "0x6ff1ee955db734e48f0d810be631eaed3c7c64bb2a0c8f08f8e75479ca626135",
			"blockNumber": 5516837,
			"data": "0x000000000000000000000000000000000000000000000047bfbc8b295c274000",
			"logIndex": 91,
			"topics": [
				"0xddf252ad1be2c89b69c2b068fc378daa952ba7f163c4a11628f55a4df523b3ef",
				"0x000000000000000000000000468b858c964f297fd8fce058032bf4b4911a8ad8",
				"0x000000000000000000000000240b9c453aff09c204dde3914307faa9c1c1d9cb"
			],
			"transactionHash": "0x30957cbe4189c5e8f98bf9137bef1496eb3a5ad6e2c34a4eebd6b11891ad3381",
			"transactionIndex": 120,
			"transactionLogIndex": "0x0",
			"type": "mined",
			"id": "log_a7071e9c"
		}
	],
	"logsBloom": "0x00000000000000000000000000020000000000000000000000000000000000000000000000000000000000080000008000000000000000000000000000000000000000000000010000000008000000000000000000000000000000000020000000000000000000000000000000000001000000000000000000000010000000000000000000000000000000000000000000000000000000000000000000000000000000000000000080000000000000000000000000000000000000010000000000001002000000000000000000000000000000000000000000000000000000000000000000000000000000000000000000000000000000000000000000000000",
	"root": null,
	"status": "0x1",
	"transactionHash": "0x30957cbe4189c5e8f98bf9137bef1496eb3a5ad6e2c34a4eebd6b11891ad3381",
	"transactionIndex": 120
}
[2018-04-27T21:53:24.475] [DEBUG] trans - TO:   0x4bee9a80fc57ccb35b4fde96de6b598ccb26c9ad
[2018-04-27T21:53:24.475] [DEBUG] trans - AMOUNT:   1322848600000000000000
[2018-04-27T21:53:24.475] [DEBUG] trans - Receipt info:  {
	"blockHash": "0x6ff1ee955db734e48f0d810be631eaed3c7c64bb2a0c8f08f8e75479ca626135",
	"blockNumber": 5516837,
	"contractAddress": null,
	"cumulativeGasUsed": 5729112,
	"gasUsed": 51653,
	"logs": [
		{
			"address": "0x7e9e431a0B8c4D532C745B1043c7FA29a48D4fBa",
			"blockHash": "0x6ff1ee955db734e48f0d810be631eaed3c7c64bb2a0c8f08f8e75479ca626135",
			"blockNumber": 5516837,
			"data": "0x000000000000000000000000000000000000000000000047b63650f29ecd8000",
			"logIndex": 94,
			"topics": [
				"0xddf252ad1be2c89b69c2b068fc378daa952ba7f163c4a11628f55a4df523b3ef",
				"0x000000000000000000000000468b858c964f297fd8fce058032bf4b4911a8ad8",
				"0x0000000000000000000000004bee9a80fc57ccb35b4fde96de6b598ccb26c9ad"
			],
			"transactionHash": "0xf1cfd9c9fefec6d6ad22969d64a0d9fb29f8f66ac9765e785b96eaaf7f50307c",
			"transactionIndex": 126,
			"transactionLogIndex": "0x0",
			"type": "mined",
			"id": "log_c9fca78d"
		}
	],
	"logsBloom": "0x00000000000000000000000000020000000000000000000000000000000000000000000000000000000000000000000000000000000000000000000000000000000000000010010000000008000000000000000000000000000000000020000000000000000000000000000000000000000000000000000000000010000000000000000000000000000000000000000000000000000000000000000040000000000000000000000080000000000000000000000000010000000000010000000000001002000000000000000000000000000000000000000000000000000000000000000000000000000000000000000000000000000000000000000000000000",
	"root": null,
	"status": "0x1",
	"transactionHash": "0xf1cfd9c9fefec6d6ad22969d64a0d9fb29f8f66ac9765e785b96eaaf7f50307c",
	"transactionIndex": 126
}
[2018-04-27T21:53:24.475] [DEBUG] trans - TO:   0x2c7a6a8060c625dfd83617cb8510a0299838dd7f
[2018-04-27T21:53:24.475] [DEBUG] trans - AMOUNT:   1323078200000000000000
[2018-04-27T21:53:24.475] [DEBUG] trans - Receipt info:  {
	"blockHash": "0x6ff1ee955db734e48f0d810be631eaed3c7c64bb2a0c8f08f8e75479ca626135",
	"blockNumber": 5516837,
	"contractAddress": null,
	"cumulativeGasUsed": 5656459,
	"gasUsed": 51653,
	"logs": [
		{
			"address": "0x7e9e431a0B8c4D532C745B1043c7FA29a48D4fBa",
			"blockHash": "0x6ff1ee955db734e48f0d810be631eaed3c7c64bb2a0c8f08f8e75479ca626135",
			"blockNumber": 5516837,
			"data": "0x000000000000000000000000000000000000000000000047b96604ee673b8000",
			"logIndex": 93,
			"topics": [
				"0xddf252ad1be2c89b69c2b068fc378daa952ba7f163c4a11628f55a4df523b3ef",
				"0x000000000000000000000000468b858c964f297fd8fce058032bf4b4911a8ad8",
				"0x0000000000000000000000002c7a6a8060c625dfd83617cb8510a0299838dd7f"
			],
			"transactionHash": "0xf172b472f81e33a6f8dd4e945583f699f2359d4625f7a6262d662be56193703b",
			"transactionIndex": 124,
			"transactionLogIndex": "0x0",
			"type": "mined",
			"id": "log_8f46c713"
		}
	],
	"logsBloom": "0x00000000000000000000000000020000000000000000000000000000000000000000000000000000000000000000000000000000000000000000000000000000000000000004010000000008000000000000000000000000000000000020000000000000000000000000000000000000000000010000000000000010000040000000000000000000000000000000000000000000000000000000000000000000000000000000000080000000000000000000000000000000000000010000000000001002000000000000000000000000000000000000000000000000000000000000000000000000000000000000000000000000000000000000000000000000",
	"root": null,
	"status": "0x1",
	"transactionHash": "0xf172b472f81e33a6f8dd4e945583f699f2359d4625f7a6262d662be56193703b",
	"transactionIndex": 124
}
[2018-04-27T21:53:24.478] [DEBUG] trans - TO:   0x5417e3b3a2494cbb866d001ccd30e6bab4864270
[2018-04-27T21:53:24.478] [DEBUG] trans - AMOUNT:   1322750400000000000000
[2018-04-27T21:53:24.478] [DEBUG] trans - Receipt info:  {
	"blockHash": "0x6ff1ee955db734e48f0d810be631eaed3c7c64bb2a0c8f08f8e75479ca626135",
	"blockNumber": 5516837,
	"contractAddress": null,
	"cumulativeGasUsed": 5801637,
	"gasUsed": 51525,
	"logs": [
		{
			"address": "0x7e9e431a0B8c4D532C745B1043c7FA29a48D4fBa",
			"blockHash": "0x6ff1ee955db734e48f0d810be631eaed3c7c64bb2a0c8f08f8e75479ca626135",
			"blockNumber": 5516837,
			"data": "0x000000000000000000000000000000000000000000000047b4d9709169dc0000",
			"logIndex": 95,
			"topics": [
				"0xddf252ad1be2c89b69c2b068fc378daa952ba7f163c4a11628f55a4df523b3ef",
				"0x000000000000000000000000468b858c964f297fd8fce058032bf4b4911a8ad8",
				"0x0000000000000000000000005417e3b3a2494cbb866d001ccd30e6bab4864270"
			],
			"transactionHash": "0xa99f9312630ba2494fab463f3706af4040ae151c0023c8de91de2cb32c3905b3",
			"transactionIndex": 128,
			"transactionLogIndex": "0x0",
			"type": "mined",
			"id": "log_0b009c07"
		}
	],
	"logsBloom": "0x00000000000000000000000000020000000000000000400000000000000000000000000000000000000000000000000000000000000000000000000000000010000000000000010000000008000000000000000000000000000000000020000000000000000000000000000000000000000000000000000000000010000000000000000000000000000000000000000000000000000000000000000000000000000000800000000080000000000000000000000000000000000000010000000000001002000000000000000000000000000000000000000000000000000000000000000000000000000000000000000000000000000000000000000000000000",
	"root": null,
	"status": "0x1",
	"transactionHash": "0xa99f9312630ba2494fab463f3706af4040ae151c0023c8de91de2cb32c3905b3",
	"transactionIndex": 128
}
[2018-04-27T21:53:24.478] [DEBUG] trans - TO:   0x5b588e2c92d5adf6f4b8d82ec9d91eb7478a9c25
[2018-04-27T21:53:24.478] [DEBUG] trans - AMOUNT:   1322276400000000000000
[2018-04-27T21:53:24.478] [DEBUG] trans - Receipt info:  {
	"blockHash": "0x6ff1ee955db734e48f0d810be631eaed3c7c64bb2a0c8f08f8e75479ca626135",
	"blockNumber": 5516837,
	"contractAddress": null,
	"cumulativeGasUsed": 5946879,
	"gasUsed": 51589,
	"logs": [
		{
			"address": "0x7e9e431a0B8c4D532C745B1043c7FA29a48D4fBa",
			"blockHash": "0x6ff1ee955db734e48f0d810be631eaed3c7c64bb2a0c8f08f8e75479ca626135",
			"blockNumber": 5516837,
			"data": "0x000000000000000000000000000000000000000000000047ae45741452530000",
			"logIndex": 97,
			"topics": [
				"0xddf252ad1be2c89b69c2b068fc378daa952ba7f163c4a11628f55a4df523b3ef",
				"0x000000000000000000000000468b858c964f297fd8fce058032bf4b4911a8ad8",
				"0x0000000000000000000000005b588e2c92d5adf6f4b8d82ec9d91eb7478a9c25"
			],
			"transactionHash": "0x26fab2e30f9ef894f1932cd73f9482bd9a5494d8c2f646ae26b4339e1c1cac3f",
			"transactionIndex": 132,
			"transactionLogIndex": "0x0",
			"type": "mined",
			"id": "log_7222f889"
		}
	],
	"logsBloom": "0x00000000000000000000000000020000000000008000000000000000000000000000000000000000000000000000000000000000000000000000000000000000000000000000010000000008000000000000000000000000000000000020000000000000000000000000000000000000000000000000000000000010000000000000000000000000000000000000000000000000000000000000000000000000000000000002000080000000000000000000000000000000000000010000000000001002000000000000000000000000000000000000000000000000000000000000000000000000000000000000000000000000000000000000000000002000",
	"root": null,
	"status": "0x1",
	"transactionHash": "0x26fab2e30f9ef894f1932cd73f9482bd9a5494d8c2f646ae26b4339e1c1cac3f",
	"transactionIndex": 132
}
[2018-04-27T21:53:24.478] [DEBUG] trans - TO:   0xe0defc2d2d765dc2d9f29d0e02a578f0061daa0c
[2018-04-27T21:53:24.478] [DEBUG] trans - AMOUNT:   1321756300000000000000
[2018-04-27T21:53:24.479] [DEBUG] trans - Receipt info:  {
	"blockHash": "0x6ff1ee955db734e48f0d810be631eaed3c7c64bb2a0c8f08f8e75479ca626135",
	"blockNumber": 5516837,
	"contractAddress": null,
	"cumulativeGasUsed": 6019532,
	"gasUsed": 51653,
	"logs": [
		{
			"address": "0x7e9e431a0B8c4D532C745B1043c7FA29a48D4fBa",
			"blockHash": "0x6ff1ee955db734e48f0d810be631eaed3c7c64bb2a0c8f08f8e75479ca626135",
			"blockNumber": 5516837,
			"data": "0x000000000000000000000000000000000000000000000047a70dafe28ea4c000",
			"logIndex": 98,
			"topics": [
				"0xddf252ad1be2c89b69c2b068fc378daa952ba7f163c4a11628f55a4df523b3ef",
				"0x000000000000000000000000468b858c964f297fd8fce058032bf4b4911a8ad8",
				"0x000000000000000000000000e0defc2d2d765dc2d9f29d0e02a578f0061daa0c"
			],
			"transactionHash": "0xa75e54086e52b07d08be8efd6cb2aeba25a0a6e7a78a45e4c478a75164bfb5f0",
			"transactionIndex": 134,
			"transactionLogIndex": "0x0",
			"type": "mined",
			"id": "log_ced87052"
		}
	],
	"logsBloom": "0x00000000000000000000000000020000000000000000000000000000000000000000000000000000000000000000000000000000000000000000000000000000000000000000010000000008000000000000000000000000000000000020000000000000000000000000000000000000000000000010000000000010000000000000000000000000000000000000000000000000000000000000000000000800000000200000000080000000000000000000000000000000000000010000000000001002000000000000000000000000000000000000000000000000000000000000000000000000000000000000000000000000000000000000000000000000",
	"root": null,
	"status": "0x1",
	"transactionHash": "0xa75e54086e52b07d08be8efd6cb2aeba25a0a6e7a78a45e4c478a75164bfb5f0",
	"transactionIndex": 134
}
[2018-04-27T21:53:24.480] [DEBUG] trans - TO:   0xfa1dc9a31352f4fc23330f39db6b71f2dce79754
[2018-04-27T21:53:24.480] [DEBUG] trans - AMOUNT:   1321495400000000000000
[2018-04-27T21:53:24.480] [DEBUG] trans - Receipt info:  {
	"blockHash": "0x6ff1ee955db734e48f0d810be631eaed3c7c64bb2a0c8f08f8e75479ca626135",
	"blockNumber": 5516837,
	"contractAddress": null,
	"cumulativeGasUsed": 6253812,
	"gasUsed": 51653,
	"logs": [
		{
			"address": "0x7e9e431a0B8c4D532C745B1043c7FA29a48D4fBa",
			"blockHash": "0x6ff1ee955db734e48f0d810be631eaed3c7c64bb2a0c8f08f8e75479ca626135",
			"blockNumber": 5516837,
			"data": "0x000000000000000000000000000000000000000000000047a36ec8b7a0be8000",
			"logIndex": 102,
			"topics": [
				"0xddf252ad1be2c89b69c2b068fc378daa952ba7f163c4a11628f55a4df523b3ef",
				"0x000000000000000000000000468b858c964f297fd8fce058032bf4b4911a8ad8",
				"0x000000000000000000000000fa1dc9a31352f4fc23330f39db6b71f2dce79754"
			],
			"transactionHash": "0x2599bf6bb786204380b3cd7bf0ed20f6e3591fbe90ba88281c814dd715e23b05",
			"transactionIndex": 140,
			"transactionLogIndex": "0x0",
			"type": "mined",
			"id": "log_98260f2b"
		}
	],
	"logsBloom": "0x00000000000000000000000000020000000000000000020000000000000000000000000000000000000000000000000000000000000000000000000000000000000000000000010000000008000000000000000000000000000000000020000000000000000000000000000000000000000000000000000000000010000000000000000000000000000001000000000000008000000000000000000000000000000000000000000080000000000000000000000000000000000000010000000000001002000000000000000000000000000000000000000000000000000000000000000000000000000000000000000000000000000000000000000000000000",
	"root": null,
	"status": "0x1",
	"transactionHash": "0x2599bf6bb786204380b3cd7bf0ed20f6e3591fbe90ba88281c814dd715e23b05",
	"transactionIndex": 140
}
[2018-04-27T21:53:24.481] [DEBUG] trans - TO:   0x6d3ab180f775f44705a97b98291875e28c3430af
[2018-04-27T21:53:24.481] [DEBUG] trans - AMOUNT:   1321542900000000000000
[2018-04-27T21:53:24.481] [DEBUG] trans - Receipt info:  {
	"blockHash": "0x6ff1ee955db734e48f0d810be631eaed3c7c64bb2a0c8f08f8e75479ca626135",
	"blockNumber": 5516837,
	"contractAddress": null,
	"cumulativeGasUsed": 6092185,
	"gasUsed": 51653,
	"logs": [
		{
			"address": "0x7e9e431a0B8c4D532C745B1043c7FA29a48D4fBa",
			"blockHash": "0x6ff1ee955db734e48f0d810be631eaed3c7c64bb2a0c8f08f8e75479ca626135",
			"blockNumber": 5516837,
			"data": "0x000000000000000000000000000000000000000000000047a41789b733934000",
			"logIndex": 99,
			"topics": [
				"0xddf252ad1be2c89b69c2b068fc378daa952ba7f163c4a11628f55a4df523b3ef",
				"0x000000000000000000000000468b858c964f297fd8fce058032bf4b4911a8ad8",
				"0x0000000000000000000000006d3ab180f775f44705a97b98291875e28c3430af"
			],
			"transactionHash": "0xc2d4937e74700e2ae4fc1905e5d753c34d305886f0cd74279c4f8f0adbc6dc3b",
			"transactionIndex": 136,
			"transactionLogIndex": "0x0",
			"type": "mined",
			"id": "log_c7d98ac9"
		}
	],
	"logsBloom": "0x00000000000000000000000000020000000000000000000000000000000000000000000000000000000000000000000000000000000000000000000000000000000000000000010000000008000000000000000000000000000000000020000000000000000000000000000000000000000000000000000000000010000000020000000000000000000000000000000000000000000000000000000000000000000000000000000080000000000000000000000000000000000000010000000000001002000000000000000000000000000000020000000000000000000000000000000000000000000000000000001000000000000000000000000000000000",
	"root": null,
	"status": "0x1",
	"transactionHash": "0xc2d4937e74700e2ae4fc1905e5d753c34d305886f0cd74279c4f8f0adbc6dc3b",
	"transactionIndex": 136
}
[2018-04-27T21:53:24.482] [DEBUG] trans - TO:   0x35aaf32d6902e6c2f30fe5eb93a47ba714d54838
[2018-04-27T21:53:24.482] [DEBUG] trans - AMOUNT:   1322521700000000000000
[2018-04-27T21:53:24.482] [DEBUG] trans - Receipt info:  {
	"blockHash": "0x6ff1ee955db734e48f0d810be631eaed3c7c64bb2a0c8f08f8e75479ca626135",
	"blockNumber": 5516837,
	"contractAddress": null,
	"cumulativeGasUsed": 5874290,
	"gasUsed": 51653,
	"logs": [
		{
			"address": "0x7e9e431a0B8c4D532C745B1043c7FA29a48D4fBa",
			"blockHash": "0x6ff1ee955db734e48f0d810be631eaed3c7c64bb2a0c8f08f8e75479ca626135",
			"blockNumber": 5516837,
			"data": "0x000000000000000000000000000000000000000000000047b1acef2135ba4000",
			"logIndex": 96,
			"topics": [
				"0xddf252ad1be2c89b69c2b068fc378daa952ba7f163c4a11628f55a4df523b3ef",
				"0x000000000000000000000000468b858c964f297fd8fce058032bf4b4911a8ad8",
				"0x00000000000000000000000035aaf32d6902e6c2f30fe5eb93a47ba714d54838"
			],
			"transactionHash": "0x60968adf7ee88d46ecc8cbb9d80fc11f6027fba891f7120de6241cca4d2729a2",
			"transactionIndex": 130,
			"transactionLogIndex": "0x0",
			"type": "mined",
			"id": "log_edde0279"
		}
	],
	"logsBloom": "0x00000000000000000000000000020000000000000200000000000000000000000000000000000000000000000000000000000000000000000000000000000000000000000000010000000008000000000000000000000000000000000020000000000000000000000000000000000000000000000000000000000010000000000000000000000000000000000000000000000000000000000000000000000000000000000000000080000000000020000000000000000000000000010000000001001002000000000000000000000000000000000000000000000000000000000000000000000000000000000000000000000000000000000000000000000000",
	"root": null,
	"status": "0x1",
	"transactionHash": "0x60968adf7ee88d46ecc8cbb9d80fc11f6027fba891f7120de6241cca4d2729a2",
	"transactionIndex": 130
}
[2018-04-27T21:53:24.488] [DEBUG] trans - TO:   0x0804564c66a66d81934f42983456b3f565a50111
[2018-04-27T21:53:24.488] [DEBUG] trans - AMOUNT:   1321435100000000000000
[2018-04-27T21:53:24.489] [DEBUG] trans - Receipt info:  {
	"blockHash": "0x6ff1ee955db734e48f0d810be631eaed3c7c64bb2a0c8f08f8e75479ca626135",
	"blockNumber": 5516837,
	"contractAddress": null,
	"cumulativeGasUsed": 6326465,
	"gasUsed": 51653,
	"logs": [
		{
			"address": "0x7e9e431a0B8c4D532C745B1043c7FA29a48D4fBa",
			"blockHash": "0x6ff1ee955db734e48f0d810be631eaed3c7c64bb2a0c8f08f8e75479ca626135",
			"blockNumber": 5516837,
			"data": "0x000000000000000000000000000000000000000000000047a2988e2fd0c9c000",
			"logIndex": 103,
			"topics": [
				"0xddf252ad1be2c89b69c2b068fc378daa952ba7f163c4a11628f55a4df523b3ef",
				"0x000000000000000000000000468b858c964f297fd8fce058032bf4b4911a8ad8",
				"0x0000000000000000000000000804564c66a66d81934f42983456b3f565a50111"
			],
			"transactionHash": "0x8b64ccc22a5c04c417075f31468d085831fd9c834f2596844a9a74af216f2bc9",
			"transactionIndex": 142,
			"transactionLogIndex": "0x0",
			"type": "mined",
			"id": "log_bd182418"
		}
	],
	"logsBloom": "0x00000000000000000000000000020000000000000000000000000000000000000000000000000000000000000000000000000040000000000000000000000000000000000000010000000008000000000000000000000000000000000020000000000000000000000000000000000000000000000000000000000010000000000000000000000000000000000000000000000000000000000000000020000000000000000000000080000000000000000000000000000000000000010000000000001002000000000000000000000000000000000000000000000000010000000000000000000000000000000000000000000000000000000000000000000000",
	"root": null,
	"status": "0x1",
	"transactionHash": "0x8b64ccc22a5c04c417075f31468d085831fd9c834f2596844a9a74af216f2bc9",
	"transactionIndex": 142
}
[2018-04-27T21:53:24.489] [DEBUG] trans - TO:   0x4cee3f1d9272dc03b34111ecf70bac2d4c4f9733
[2018-04-27T21:53:24.489] [DEBUG] trans - AMOUNT:   1321285900000000000000
[2018-04-27T21:53:24.489] [DEBUG] trans - Receipt info:  {
	"blockHash": "0x6ff1ee955db734e48f0d810be631eaed3c7c64bb2a0c8f08f8e75479ca626135",
	"blockNumber": 5516837,
	"contractAddress": null,
	"cumulativeGasUsed": 6506495,
	"gasUsed": 51653,
	"logs": [
		{
			"address": "0x7e9e431a0B8c4D532C745B1043c7FA29a48D4fBa",
			"blockHash": "0x6ff1ee955db734e48f0d810be631eaed3c7c64bb2a0c8f08f8e75479ca626135",
			"blockNumber": 5516837,
			"data": "0x000000000000000000000000000000000000000000000047a0867d93c84cc000",
			"logIndex": 106,
			"topics": [
				"0xddf252ad1be2c89b69c2b068fc378daa952ba7f163c4a11628f55a4df523b3ef",
				"0x000000000000000000000000468b858c964f297fd8fce058032bf4b4911a8ad8",
				"0x0000000000000000000000004cee3f1d9272dc03b34111ecf70bac2d4c4f9733"
			],
			"transactionHash": "0x30dbc65277a9f8f83407fd1989ee6b8d618178c37b1bbab755b676ac092d6ecc",
			"transactionIndex": 146,
			"transactionLogIndex": "0x0",
			"type": "mined",
			"id": "log_990761dc"
		}
	],
	"logsBloom": "0x00000000000000000000000000020000000000000000000000000000000000000000000000000000000000000000000000000000000000000000000000000000000000000000010000000008000000000000000000000000000000000020000000000000000000000000000000000000000000000000000000000010000000000000000000000000000000000000000000000000000000000000000000000000000000000000000080000000000000000004000000000000000000010000000000001002000000000000000000000000000000000080000000000000000000000000000000000400000000000000000000000000000000000000000000000000",
	"root": null,
	"status": "0x1",
	"transactionHash": "0x30dbc65277a9f8f83407fd1989ee6b8d618178c37b1bbab755b676ac092d6ecc",
	"transactionIndex": 146
}
[2018-04-27T21:53:24.489] [DEBUG] trans - TO:   0x983a327ef4bc1b1ba2c92fe6b18cf7270c4976d4
[2018-04-27T21:53:24.489] [DEBUG] trans - AMOUNT:   1321299300000000000000
[2018-04-27T21:53:24.489] [DEBUG] trans - Receipt info:  {
	"blockHash": "0x6ff1ee955db734e48f0d810be631eaed3c7c64bb2a0c8f08f8e75479ca626135",
	"blockNumber": 5516837,
	"contractAddress": null,
	"cumulativeGasUsed": 6454842,
	"gasUsed": 51653,
	"logs": [
		{
			"address": "0x7e9e431a0B8c4D532C745B1043c7FA29a48D4fBa",
			"blockHash": "0x6ff1ee955db734e48f0d810be631eaed3c7c64bb2a0c8f08f8e75479ca626135",
			"blockNumber": 5516837,
			"data": "0x000000000000000000000000000000000000000000000047a0b618ce684a4000",
			"logIndex": 105,
			"topics": [
				"0xddf252ad1be2c89b69c2b068fc378daa952ba7f163c4a11628f55a4df523b3ef",
				"0x000000000000000000000000468b858c964f297fd8fce058032bf4b4911a8ad8",
				"0x000000000000000000000000983a327ef4bc1b1ba2c92fe6b18cf7270c4976d4"
			],
			"transactionHash": "0x0c551bda7f81b1018b595c10c9d9dc18e4c2e75e61406379a375ad9a6b44030c",
			"transactionIndex": 145,
			"transactionLogIndex": "0x0",
			"type": "mined",
			"id": "log_a724b0e3"
		}
	],
	"logsBloom": "0x00000000000000000000000000020000000000000000000000000000000000000000000000000000000000000000000000000000000000000000000000000000000000000000010000000008000000000000000000020000000000000020000000000000000000000000000000000000000000000000000000000010000000000000000000000000000000000000000000000000000000000000000000000000000000000000000080000000000000000000001000000000000000010000000000001002000000000000000000000000000000000000000000000000000000000000000000000000100000000000000000000000000000000000000000000000",
	"root": null,
	"status": "0x1",
	"transactionHash": "0x0c551bda7f81b1018b595c10c9d9dc18e4c2e75e61406379a375ad9a6b44030c",
	"transactionIndex": 145
}
[2018-04-27T21:53:24.490] [DEBUG] trans - TO:   0xd57a7c775ba540239a5dd942d63ef53ab27c4078
[2018-04-27T21:53:24.490] [DEBUG] trans - AMOUNT:   1321226900000000000000
[2018-04-27T21:53:24.490] [DEBUG] trans - Receipt info:  {
	"blockHash": "0x6ff1ee955db734e48f0d810be631eaed3c7c64bb2a0c8f08f8e75479ca626135",
	"blockNumber": 5516837,
	"contractAddress": null,
	"cumulativeGasUsed": 6579148,
	"gasUsed": 51653,
	"logs": [
		{
			"address": "0x7e9e431a0B8c4D532C745B1043c7FA29a48D4fBa",
			"blockHash": "0x6ff1ee955db734e48f0d810be631eaed3c7c64bb2a0c8f08f8e75479ca626135",
			"blockNumber": 5516837,
			"data": "0x0000000000000000000000000000000000000000000000479fb4e163ce8d4000",
			"logIndex": 107,
			"topics": [
				"0xddf252ad1be2c89b69c2b068fc378daa952ba7f163c4a11628f55a4df523b3ef",
				"0x000000000000000000000000468b858c964f297fd8fce058032bf4b4911a8ad8",
				"0x000000000000000000000000d57a7c775ba540239a5dd942d63ef53ab27c4078"
			],
			"transactionHash": "0xc1a7ab192f8f5549ce41969cfe1429a96c0d1b9bd92eb474f5a594a8bda8897d",
			"transactionIndex": 148,
			"transactionLogIndex": "0x0",
			"type": "mined",
			"id": "log_c92ec882"
		}
	],
	"logsBloom": "0x00000000000000000000000000020000000000000000000000000000000000000000000000000040000000000060000000000000000000000000000000000000000000000000010000000008000000000000000000000000000000000020000000000000000000000000000000000000000000000000000000000010000000000000000000000000000000000000000000000000000000000000000000000000000000000000000080000000000000000000000000000000000000010000000000001002000000000000000000000000000000000000000000000000000000000000000000000000000000000000000000000000000000000000000000000000",
	"root": null,
	"status": "0x1",
	"transactionHash": "0xc1a7ab192f8f5549ce41969cfe1429a96c0d1b9bd92eb474f5a594a8bda8897d",
	"transactionIndex": 148
}
[2018-04-27T21:53:24.490] [DEBUG] trans - TO:   0xe9c45d4d179c0b18c317869488a96bf40705edff
[2018-04-27T21:53:24.490] [DEBUG] trans - AMOUNT:   1320941700000000000000
[2018-04-27T21:53:24.490] [DEBUG] trans - Receipt info:  {
	"blockHash": "0x6ff1ee955db734e48f0d810be631eaed3c7c64bb2a0c8f08f8e75479ca626135",
	"blockNumber": 5516837,
	"contractAddress": null,
	"cumulativeGasUsed": 6797043,
	"gasUsed": 51653,
	"logs": [
		{
			"address": "0x7e9e431a0B8c4D532C745B1043c7FA29a48D4fBa",
			"blockHash": "0x6ff1ee955db734e48f0d810be631eaed3c7c64bb2a0c8f08f8e75479ca626135",
			"blockNumber": 5516837,
			"data": "0x0000000000000000000000000000000000000000000000479bbfa5803c9c4000",
			"logIndex": 110,
			"topics": [
				"0xddf252ad1be2c89b69c2b068fc378daa952ba7f163c4a11628f55a4df523b3ef",
				"0x000000000000000000000000468b858c964f297fd8fce058032bf4b4911a8ad8",
				"0x000000000000000000000000e9c45d4d179c0b18c317869488a96bf40705edff"
			],
			"transactionHash": "0x8d70d4db04a344fa114f4cd47366489a3d85ff9496aee57dc4d5a5e881cd8e95",
			"transactionIndex": 154,
			"transactionLogIndex": "0x0",
			"type": "mined",
			"id": "log_261cc52a"
		}
	],
	"logsBloom": "0x00000000000000000000000000020000000000000000000000000000000000000000000000000000000000000000000800000000000000000000000000000000000000020000010000000008000000000000000000000000000000000020000000000000000000000000000000000000000000000000000000000010000000000000000000000000000000000000080000000000000000000000000000000000000000000000000080000000000000000000000000000000000000010000000000001002000000000000000000000000000000000000000000000000000000000000000000000000000000000000000000000000000000000000000000000000",
	"root": null,
	"status": "0x1",
	"transactionHash": "0x8d70d4db04a344fa114f4cd47366489a3d85ff9496aee57dc4d5a5e881cd8e95",
	"transactionIndex": 154
}
[2018-04-27T21:53:24.490] [DEBUG] trans - TO:   0x09346dfe2637d8b12db1ff9e1c5bc9914271f174
[2018-04-27T21:53:24.490] [DEBUG] trans - AMOUNT:   1320880000000000000000
[2018-04-27T21:53:24.490] [DEBUG] trans - Receipt info:  {
	"blockHash": "0x6ff1ee955db734e48f0d810be631eaed3c7c64bb2a0c8f08f8e75479ca626135",
	"blockNumber": 5516837,
	"contractAddress": null,
	"cumulativeGasUsed": 6869632,
	"gasUsed": 51589,
	"logs": [
		{
			"address": "0x7e9e431a0B8c4D532C745B1043c7FA29a48D4fBa",
			"blockHash": "0x6ff1ee955db734e48f0d810be631eaed3c7c64bb2a0c8f08f8e75479ca626135",
			"blockNumber": 5516837,
			"data": "0x0000000000000000000000000000000000000000000000479ae471ad85f80000",
			"logIndex": 111,
			"topics": [
				"0xddf252ad1be2c89b69c2b068fc378daa952ba7f163c4a11628f55a4df523b3ef",
				"0x000000000000000000000000468b858c964f297fd8fce058032bf4b4911a8ad8",
				"0x00000000000000000000000009346dfe2637d8b12db1ff9e1c5bc9914271f174"
			],
			"transactionHash": "0x24e56af24d8c54bad68824c2214b76cd96f378413a1db95372045502122867a2",
			"transactionIndex": 156,
			"transactionLogIndex": "0x0",
			"type": "mined",
			"id": "log_10f638c6"
		}
	],
	"logsBloom": "0x00000000000000000000000000020000000000000000000000000000000000000000000000000000000000000000000000000000000000000000000000000000000000000000010000000008000000000000004000000000000000000020000000000000000000000000000000000000000000000000000000000010000000000000000000000000000000000000000000000000400000000000000000000000000000000000000080000000000000000000000000000000000000010000000000001002000000000000000000000000000000000000000000000000000000000000000000000020000000000000000000000000000000000000000000000000",
	"root": null,
	"status": "0x1",
	"transactionHash": "0x24e56af24d8c54bad68824c2214b76cd96f378413a1db95372045502122867a2",
	"transactionIndex": 156
}
[2018-04-27T21:53:24.491] [DEBUG] trans - TO:   0xa8cf3c7d97bb7414b7045e5fb107e067981fe701
[2018-04-27T21:53:24.491] [DEBUG] trans - AMOUNT:   1321076100000000000000
[2018-04-27T21:53:24.491] [DEBUG] trans - Receipt info:  {
	"blockHash": "0x6ff1ee955db734e48f0d810be631eaed3c7c64bb2a0c8f08f8e75479ca626135",
	"blockNumber": 5516837,
	"contractAddress": null,
	"cumulativeGasUsed": 6651801,
	"gasUsed": 51653,
	"logs": [
		{
			"address": "0x7e9e431a0B8c4D532C745B1043c7FA29a48D4fBa",
			"blockHash": "0x6ff1ee955db734e48f0d810be631eaed3c7c64bb2a0c8f08f8e75479ca626135",
			"blockNumber": 5516837,
			"data": "0x0000000000000000000000000000000000000000000000479d9d2196be6c4000",
			"logIndex": 108,
			"topics": [
				"0xddf252ad1be2c89b69c2b068fc378daa952ba7f163c4a11628f55a4df523b3ef",
				"0x000000000000000000000000468b858c964f297fd8fce058032bf4b4911a8ad8",
				"0x000000000000000000000000a8cf3c7d97bb7414b7045e5fb107e067981fe701"
			],
			"transactionHash": "0x85496977ef53328039fced2448b089490e4bb4ba3c573bd1e7f47d4dd89c980c",
			"transactionIndex": 150,
			"transactionLogIndex": "0x0",
			"type": "mined",
			"id": "log_8c04c3f0"
		}
	],
	"logsBloom": "0x00000000000000000000000000020000000000000000000000000000000000000000000000000000000000000000000000000000000000000000000000000000000000000000010000000008000000000000000000000000000000000020000000000000000000000000200000000000000000000000000000000010000000000000000000000000000000000000000000000000000000000000000000000002000000000000000080000000000000000000000000000040000000010000000000001002000000000000000000000000000000000000000000000000000000000000000000000000000000000000000000000000000000000000000000000000",
	"root": null,
	"status": "0x1",
	"transactionHash": "0x85496977ef53328039fced2448b089490e4bb4ba3c573bd1e7f47d4dd89c980c",
	"transactionIndex": 150
}
[2018-04-27T21:53:24.491] [DEBUG] trans - TO:   0xab25b046cd65ef5cd3a20f2b475c8ac7793b0418
[2018-04-27T21:53:24.491] [DEBUG] trans - AMOUNT:   1320710300000000000000
[2018-04-27T21:53:24.491] [DEBUG] trans - Receipt info:  {
	"blockHash": "0x6ff1ee955db734e48f0d810be631eaed3c7c64bb2a0c8f08f8e75479ca626135",
	"blockNumber": 5516837,
	"contractAddress": null,
	"cumulativeGasUsed": 6942285,
	"gasUsed": 51653,
	"logs": [
		{
			"address": "0x7e9e431a0B8c4D532C745B1043c7FA29a48D4fBa",
			"blockHash": "0x6ff1ee955db734e48f0d810be631eaed3c7c64bb2a0c8f08f8e75479ca626135",
			"blockNumber": 5516837,
			"data": "0x00000000000000000000000000000000000000000000004798898c6d4b95c000",
			"logIndex": 112,
			"topics": [
				"0xddf252ad1be2c89b69c2b068fc378daa952ba7f163c4a11628f55a4df523b3ef",
				"0x000000000000000000000000468b858c964f297fd8fce058032bf4b4911a8ad8",
				"0x000000000000000000000000ab25b046cd65ef5cd3a20f2b475c8ac7793b0418"
			],
			"transactionHash": "0xd912e71e8246c523ff00551cc230f154e20dcfe9d4018704df90d27541fb39ec",
			"transactionIndex": 158,
			"transactionLogIndex": "0x0",
			"type": "mined",
			"id": "log_1ff6cac9"
		}
	],
	"logsBloom": "0x00000000000000000000000000020000000000000000000000004000000000000000000000000000000000000000000000000000000000000000000000000000000000000040010000000008000000000000000000000000000000000020000000000000000000000000000000000000000000000000000000000010000000000000000000000000000000000000000000000000000000000000000000000000000000000000000080000000000000000000000000000000000000010000000000001002000000000000000000000000000000000000000000000000000000000000000400000000000000000000000000000000000000000000000000000000",
	"root": null,
	"status": "0x1",
	"transactionHash": "0xd912e71e8246c523ff00551cc230f154e20dcfe9d4018704df90d27541fb39ec",
	"transactionIndex": 158
}
[2018-04-27T21:53:24.493] [DEBUG] trans - TO:   0x29a74307f6f234e26720922376d050b7ef07c0dc
[2018-04-27T21:53:24.493] [DEBUG] trans - AMOUNT:   1320096900000000000000
[2018-04-27T21:53:24.493] [DEBUG] trans - Receipt info:  {
	"blockHash": "0x6ff1ee955db734e48f0d810be631eaed3c7c64bb2a0c8f08f8e75479ca626135",
	"blockNumber": 5516837,
	"contractAddress": null,
	"cumulativeGasUsed": 7087591,
	"gasUsed": 51653,
	"logs": [
		{
			"address": "0x7e9e431a0B8c4D532C745B1043c7FA29a48D4fBa",
			"blockHash": "0x6ff1ee955db734e48f0d810be631eaed3c7c64bb2a0c8f08f8e75479ca626135",
			"blockNumber": 5516837,
			"data": "0x000000000000000000000000000000000000000000000047900650607a5c4000",
			"logIndex": 114,
			"topics": [
				"0xddf252ad1be2c89b69c2b068fc378daa952ba7f163c4a11628f55a4df523b3ef",
				"0x000000000000000000000000468b858c964f297fd8fce058032bf4b4911a8ad8",
				"0x00000000000000000000000029a74307f6f234e26720922376d050b7ef07c0dc"
			],
			"transactionHash": "0x1664db939ecae368c59abcf8e8d647f24826f008b3049e5e83773efe10ceb397",
			"transactionIndex": 162,
			"transactionLogIndex": "0x0",
			"type": "mined",
			"id": "log_af1477e8"
		}
	],
	"logsBloom": "0x00000000000000000000000000020000000000000000000000000000000000000080000000000000000000000000000000000000000400000000000000000000000000000000010000000008000000000000000000000000000000000020000000000000000000000000000000000000000000000000000000000110000000000000000000000000000000000000000000000000000000000000000000000000000000000000000080000000000000000000000000000000000000010000000000001002000000000000000000000000000000000000000000000000000000000000000000000000000000000000000000000000000000000000000000000000",
	"root": null,
	"status": "0x1",
	"transactionHash": "0x1664db939ecae368c59abcf8e8d647f24826f008b3049e5e83773efe10ceb397",
	"transactionIndex": 162
}
[2018-04-27T21:53:24.494] [DEBUG] trans - TO:   0xe21a1c32a5e9173286ffb9d77235deabea584a99
[2018-04-27T21:53:24.494] [DEBUG] trans - AMOUNT:   1320103700000000000000
[2018-04-27T21:53:24.494] [DEBUG] trans - Receipt info:  {
	"blockHash": "0x6ff1ee955db734e48f0d810be631eaed3c7c64bb2a0c8f08f8e75479ca626135",
	"blockNumber": 5516837,
	"contractAddress": null,
	"cumulativeGasUsed": 7014938,
	"gasUsed": 51653,
	"logs": [
		{
			"address": "0x7e9e431a0B8c4D532C745B1043c7FA29a48D4fBa",
			"blockHash": "0x6ff1ee955db734e48f0d810be631eaed3c7c64bb2a0c8f08f8e75479ca626135",
			"blockNumber": 5516837,
			"data": "0x000000000000000000000000000000000000000000000047901e78f0dad54000",
			"logIndex": 113,
			"topics": [
				"0xddf252ad1be2c89b69c2b068fc378daa952ba7f163c4a11628f55a4df523b3ef",
				"0x000000000000000000000000468b858c964f297fd8fce058032bf4b4911a8ad8",
				"0x000000000000000000000000e21a1c32a5e9173286ffb9d77235deabea584a99"
			],
			"transactionHash": "0x0dbbddf236e8141fd84fb0c92f1c4c6e9cf3be1e905e1ee5fee3678d5bf79572",
			"transactionIndex": 160,
			"transactionLogIndex": "0x0",
			"type": "mined",
			"id": "log_6fe917ab"
		}
	],
	"logsBloom": "0x00000000400000000000000000020000000000000000000000000000000000000000000000000000000000000000000000000000000000000000000000000000000000000000010000000008000000000000000000000000000000000020000000000000000000000000000000000000000000000000000000000010000000010000000000000000000000000000000000000000000000000000000000000000000000000000000080000000000000000000000000000000000000010000000000041002000000000000000000000000000000000000000000000000000000000000000000000000000000000000000000000000000000000000000000000000",
	"root": null,
	"status": "0x1",
	"transactionHash": "0x0dbbddf236e8141fd84fb0c92f1c4c6e9cf3be1e905e1ee5fee3678d5bf79572",
	"transactionIndex": 160
}
[2018-04-27T21:53:24.494] [DEBUG] trans - TO:   0xa032410263bafd1f001e6474035ed6cc2470a723
[2018-04-27T21:53:24.494] [DEBUG] trans - AMOUNT:   1320970300000000000000
[2018-04-27T21:53:24.494] [DEBUG] trans - Receipt info:  {
	"blockHash": "0x6ff1ee955db734e48f0d810be631eaed3c7c64bb2a0c8f08f8e75479ca626135",
	"blockNumber": 5516837,
	"contractAddress": null,
	"cumulativeGasUsed": 6724390,
	"gasUsed": 51589,
	"logs": [
		{
			"address": "0x7e9e431a0B8c4D532C745B1043c7FA29a48D4fBa",
			"blockHash": "0x6ff1ee955db734e48f0d810be631eaed3c7c64bb2a0c8f08f8e75479ca626135",
			"blockNumber": 5516837,
			"data": "0x0000000000000000000000000000000000000000000000479c25410ca52fc000",
			"logIndex": 109,
			"topics": [
				"0xddf252ad1be2c89b69c2b068fc378daa952ba7f163c4a11628f55a4df523b3ef",
				"0x000000000000000000000000468b858c964f297fd8fce058032bf4b4911a8ad8",
				"0x000000000000000000000000a032410263bafd1f001e6474035ed6cc2470a723"
			],
			"transactionHash": "0xb571d80993462327508a3ced99beefae63c03bdb8f20790ef70bf6e5effb0cc6",
			"transactionIndex": 152,
			"transactionLogIndex": "0x0",
			"type": "mined",
			"id": "log_88587511"
		}
	],
	"logsBloom": "0x00000000000000000000000000020000000000000000000000000000000000000000000000000000000000000000000000000000000000000010000000000000000000000000010000000008000000000000000000000000000000000020000000000080000000000000000000000000000000000000000000000010000000000000000000000000000000000000000000000000000000000000000000000000000000000000000080000000000000000000000000000000000000010000000000001002000000000000000000000000000000000000000000000000100000000000000000000000000000000000000000000000000000000000000000000000",
	"root": null,
	"status": "0x1",
	"transactionHash": "0xb571d80993462327508a3ced99beefae63c03bdb8f20790ef70bf6e5effb0cc6",
	"transactionIndex": 152
}
[2018-04-27T21:53:24.496] [DEBUG] trans - TO:   0x1a72cccc62b6966b2c8a68f620899aa28b6ba188
[2018-04-27T21:53:24.496] [DEBUG] trans - AMOUNT:   1321500000000000000000
[2018-04-27T21:53:24.496] [DEBUG] trans - Receipt info:  {
	"blockHash": "0x6ff1ee955db734e48f0d810be631eaed3c7c64bb2a0c8f08f8e75479ca626135",
	"blockNumber": 5516837,
	"contractAddress": null,
	"cumulativeGasUsed": 6202159,
	"gasUsed": 51589,
	"logs": [
		{
			"address": "0x7e9e431a0B8c4D532C745B1043c7FA29a48D4fBa",
			"blockHash": "0x6ff1ee955db734e48f0d810be631eaed3c7c64bb2a0c8f08f8e75479ca626135",
			"blockNumber": 5516837,
			"data": "0x000000000000000000000000000000000000000000000047a37f206496b60000",
			"logIndex": 101,
			"topics": [
				"0xddf252ad1be2c89b69c2b068fc378daa952ba7f163c4a11628f55a4df523b3ef",
				"0x000000000000000000000000468b858c964f297fd8fce058032bf4b4911a8ad8",
				"0x0000000000000000000000001a72cccc62b6966b2c8a68f620899aa28b6ba188"
			],
			"transactionHash": "0x0455f6a03f4e304c3b57ba34d32d2b46f8bd94f17d67c75daa41aa48f939d258",
			"transactionIndex": 139,
			"transactionLogIndex": "0x0",
			"type": "mined",
			"id": "log_1ed694df"
		}
	],
	"logsBloom": "0x00000000000000000000000000020000000000000000000000000000000000000000000000000000000000000000000000000000000000000000000000000000000000000080010000000008000000000000000000000000000000000020000000000000000000000000000000000000000000000000000000000010000000000000000000000000000000000000000000000000000000000000000000004000000000000000000080000000000000000000000080000000000000010000000000001002000000000000000000000000000000000000000000000000000000000000000000000000000000000000000000000000000000000000000000000000",
	"root": null,
	"status": "0x1",
	"transactionHash": "0x0455f6a03f4e304c3b57ba34d32d2b46f8bd94f17d67c75daa41aa48f939d258",
	"transactionIndex": 139
}
[2018-04-27T21:53:24.497] [DEBUG] trans - TO:   0xde788027b839912bdddf43a3b6ef9be948cdf6eb
[2018-04-27T21:53:24.497] [DEBUG] trans - AMOUNT:   1319905100000000000000
[2018-04-27T21:53:24.497] [DEBUG] trans - Receipt info:  {
	"blockHash": "0x6ff1ee955db734e48f0d810be631eaed3c7c64bb2a0c8f08f8e75479ca626135",
	"blockNumber": 5516837,
	"contractAddress": null,
	"cumulativeGasUsed": 7315011,
	"gasUsed": 51653,
	"logs": [
		{
			"address": "0x7e9e431a0B8c4D532C745B1043c7FA29a48D4fBa",
			"blockHash": "0x6ff1ee955db734e48f0d810be631eaed3c7c64bb2a0c8f08f8e75479ca626135",
			"blockNumber": 5516837,
			"data": "0x0000000000000000000000000000000000000000000000478d5ce74b0670c000",
			"logIndex": 118,
			"topics": [
				"0xddf252ad1be2c89b69c2b068fc378daa952ba7f163c4a11628f55a4df523b3ef",
				"0x000000000000000000000000468b858c964f297fd8fce058032bf4b4911a8ad8",
				"0x000000000000000000000000de788027b839912bdddf43a3b6ef9be948cdf6eb"
			],
			"transactionHash": "0x87192602c1dbc86a2844ca70bea44f9b56dab5e1587fa8a7efcfe6f3b2c794dc",
			"transactionIndex": 167,
			"transactionLogIndex": "0x0",
			"type": "mined",
			"id": "log_e3e35eaa"
		}
	],
	"logsBloom": "0x00000000000000000000020000020000000000000000000000000000001000000000000000000000000000000000000000000000000000000000000000000000000000000000010000000008000000000000000000000000000000000020000000000000000000000000000000000000000000000000000000000010000000000000000000000000000000000000000000000000000000000000000000000000000000000000000080000000000000000000000000000000000000010000000000001002000100000000000000000000000000000000000000000000000000000000000000000000000000000000000000000000000000000000000000000000",
	"root": null,
	"status": "0x1",
	"transactionHash": "0x87192602c1dbc86a2844ca70bea44f9b56dab5e1587fa8a7efcfe6f3b2c794dc",
	"transactionIndex": 167
}
[2018-04-27T21:53:24.498] [DEBUG] trans - TO:   0x34c29a529a75ffa27b629f1095cfd9201de8537a
[2018-04-27T21:53:24.498] [DEBUG] trans - AMOUNT:   1320059200000000000000
[2018-04-27T21:53:24.498] [DEBUG] trans - Receipt info:  {
	"blockHash": "0x6ff1ee955db734e48f0d810be631eaed3c7c64bb2a0c8f08f8e75479ca626135",
	"blockNumber": 5516837,
	"contractAddress": null,
	"cumulativeGasUsed": 7160180,
	"gasUsed": 51589,
	"logs": [
		{
			"address": "0x7e9e431a0B8c4D532C745B1043c7FA29a48D4fBa",
			"blockHash": "0x6ff1ee955db734e48f0d810be631eaed3c7c64bb2a0c8f08f8e75479ca626135",
			"blockNumber": 5516837,
			"data": "0x0000000000000000000000000000000000000000000000478f80606d36540000",
			"logIndex": 115,
			"topics": [
				"0xddf252ad1be2c89b69c2b068fc378daa952ba7f163c4a11628f55a4df523b3ef",
				"0x000000000000000000000000468b858c964f297fd8fce058032bf4b4911a8ad8",
				"0x00000000000000000000000034c29a529a75ffa27b629f1095cfd9201de8537a"
			],
			"transactionHash": "0x06e823cb38177300d36fd5be96dc0b64a9e0c0c8c6687fbac7230702bb9472f2",
			"transactionIndex": 164,
			"transactionLogIndex": "0x0",
			"type": "mined",
			"id": "log_1023f48b"
		}
	],
	"logsBloom": "0x00000000000000000000000000020000000000000000000000000000020000000000000000000000000000000000000000000000000000000000000000000800000000000000010000000008000000000000000000000000000000000020000000000000000000000000000000000000000000000000000000000010000000000000000000010000000000000000000000000000000000000000000000000000000000000000000080000000000000000000000000000000000000010000000000001002000000000000000000000000000000000000000000000000000000000000000000000000000000000000000000000000000000000000000000000000",
	"root": null,
	"status": "0x1",
	"transactionHash": "0x06e823cb38177300d36fd5be96dc0b64a9e0c0c8c6687fbac7230702bb9472f2",
	"transactionIndex": 164
}
[2018-04-27T21:53:24.500] [DEBUG] trans - TO:   0x33bec67e47ba3e6440837f0613889bb9b839f1fb
[2018-04-27T21:53:24.500] [DEBUG] trans - AMOUNT:   1319932800000000000000
[2018-04-27T21:53:24.500] [DEBUG] trans - Receipt info:  {
	"blockHash": "0x6ff1ee955db734e48f0d810be631eaed3c7c64bb2a0c8f08f8e75479ca626135",
	"blockNumber": 5516837,
	"contractAddress": null,
	"cumulativeGasUsed": 7211769,
	"gasUsed": 51589,
	"logs": [
		{
			"address": "0x7e9e431a0B8c4D532C745B1043c7FA29a48D4fBa",
			"blockHash": "0x6ff1ee955db734e48f0d810be631eaed3c7c64bb2a0c8f08f8e75479ca626135",
			"blockNumber": 5516837,
			"data": "0x0000000000000000000000000000000000000000000000478dbf504bdab80000",
			"logIndex": 116,
			"topics": [
				"0xddf252ad1be2c89b69c2b068fc378daa952ba7f163c4a11628f55a4df523b3ef",
				"0x000000000000000000000000468b858c964f297fd8fce058032bf4b4911a8ad8",
				"0x00000000000000000000000033bec67e47ba3e6440837f0613889bb9b839f1fb"
			],
			"transactionHash": "0x33bf4af68fa5ec7b72cceccffb5ce43fb4a622bbc355bbe15bce749e062c299b",
			"transactionIndex": 165,
			"transactionLogIndex": "0x0",
			"type": "mined",
			"id": "log_d56793f0"
		}
	],
	"logsBloom": "0x00000000000000000000000000020000000000000000000000000008000000000000000000000000000000000000000000000000000020000000000000000000000000000000010000000008000000000000000000000000000000000020000000000000000000000000000000000000000000000000000000000010000000000000000000000000000000000000000000000100000000000000000000000000000000000000000080000000000000000000000000000000000000010000000000001002000000000000000000000000000000000000000000000000000000000000000000000000000000000000000000000000000000000000000000000000",
	"root": null,
	"status": "0x1",
	"transactionHash": "0x33bf4af68fa5ec7b72cceccffb5ce43fb4a622bbc355bbe15bce749e062c299b",
	"transactionIndex": 165
}
[2018-04-27T21:53:24.501] [DEBUG] trans - TO:   0x1c84d592aee74efd7414503667c951d4e2d8784b
[2018-04-27T21:53:24.501] [DEBUG] trans - AMOUNT:   1319386900000000000000
[2018-04-27T21:53:24.501] [DEBUG] trans - Receipt info:  {
	"blockHash": "0x6ff1ee955db734e48f0d810be631eaed3c7c64bb2a0c8f08f8e75479ca626135",
	"blockNumber": 5516837,
	"contractAddress": null,
	"cumulativeGasUsed": 7469778,
	"gasUsed": 51653,
	"logs": [
		{
			"address": "0x7e9e431a0B8c4D532C745B1043c7FA29a48D4fBa",
			"blockHash": "0x6ff1ee955db734e48f0d810be631eaed3c7c64bb2a0c8f08f8e75479ca626135",
			"blockNumber": 5516837,
			"data": "0x000000000000000000000000000000000000000000000047862be3237bd54000",
			"logIndex": 121,
			"topics": [
				"0xddf252ad1be2c89b69c2b068fc378daa952ba7f163c4a11628f55a4df523b3ef",
				"0x000000000000000000000000468b858c964f297fd8fce058032bf4b4911a8ad8",
				"0x0000000000000000000000001c84d592aee74efd7414503667c951d4e2d8784b"
			],
			"transactionHash": "0x06328f310588a8a15525075215a83ea96f724e69a369a6460a63b88009bb5d49",
			"transactionIndex": 170,
			"transactionLogIndex": "0x0",
			"type": "mined",
			"id": "log_f155a310"
		}
	],
	"logsBloom": "0x00000000000000000000000000020000000000000000000000000000000000000000000000000000000000000000000000000000000000000000000000000000000000000000010000000008000000000000000010000002000000000020000000000000100000000000000000000000000000000000000000000010000000000000000000000000000000000000000000000000000000000000000000000000000000000000000080000000000000000000000000000000000000010000000000001002000000000000000000000000000000000000000000000000000000000000000000000000000000000000000000000000000000000000000000000000",
	"root": null,
	"status": "0x1",
	"transactionHash": "0x06328f310588a8a15525075215a83ea96f724e69a369a6460a63b88009bb5d49",
	"transactionIndex": 170
}
[2018-04-27T21:53:24.502] [DEBUG] trans - TO:   0x70677e0b84766e3aa3b8ad008f46faea14a8015f
[2018-04-27T21:53:24.502] [DEBUG] trans - AMOUNT:   1319510700000000000000
[2018-04-27T21:53:24.502] [DEBUG] trans - Receipt info:  {
	"blockHash": "0x6ff1ee955db734e48f0d810be631eaed3c7c64bb2a0c8f08f8e75479ca626135",
	"blockNumber": 5516837,
	"contractAddress": null,
	"cumulativeGasUsed": 7418125,
	"gasUsed": 51589,
	"logs": [
		{
			"address": "0x7e9e431a0B8c4D532C745B1043c7FA29a48D4fBa",
			"blockHash": "0x6ff1ee955db734e48f0d810be631eaed3c7c64bb2a0c8f08f8e75479ca626135",
			"blockNumber": 5516837,
			"data": "0x00000000000000000000000000000000000000000000004787e3b6952b06c000",
			"logIndex": 120,
			"topics": [
				"0xddf252ad1be2c89b69c2b068fc378daa952ba7f163c4a11628f55a4df523b3ef",
				"0x000000000000000000000000468b858c964f297fd8fce058032bf4b4911a8ad8",
				"0x00000000000000000000000070677e0b84766e3aa3b8ad008f46faea14a8015f"
			],
			"transactionHash": "0x0cada0d37958d02cabe3796d711e05fbc4051671a0b554d04307104781f8547e",
			"transactionIndex": 169,
			"transactionLogIndex": "0x0",
			"type": "mined",
			"id": "log_ff72b80b"
		}
	],
	"logsBloom": "0x08000000000000000000000000020000000000000000000000000000000000000000000000000000000000000000000000000000000000000000000000000000000000000000010000000008000000000000000000000000000000000020000020000000000000000000000000000000000000000000000000000010000000000000000000000000000000000000000000000000000000000000000000000000000000000000000080000000000000000000000000000000000000010000000000001002000000000000000000000000000000000000000000000000000000000000000000000000000000000000000000000000000000000000000000000800",
	"root": null,
	"status": "0x1",
	"transactionHash": "0x0cada0d37958d02cabe3796d711e05fbc4051671a0b554d04307104781f8547e",
	"transactionIndex": 169
}
[2018-04-27T21:53:24.502] [DEBUG] trans - TO:   0x58f6467ab999252236536efe00b35c9d3b29dab5
[2018-04-27T21:53:24.502] [DEBUG] trans - AMOUNT:   1319834400000000000000
[2018-04-27T21:53:24.502] [DEBUG] trans - Receipt info:  {
	"blockHash": "0x6ff1ee955db734e48f0d810be631eaed3c7c64bb2a0c8f08f8e75479ca626135",
	"blockNumber": 5516837,
	"contractAddress": null,
	"cumulativeGasUsed": 7366536,
	"gasUsed": 51525,
	"logs": [
		{
			"address": "0x7e9e431a0B8c4D532C745B1043c7FA29a48D4fBa",
			"blockHash": "0x6ff1ee955db734e48f0d810be631eaed3c7c64bb2a0c8f08f8e75479ca626135",
			"blockNumber": 5516837,
			"data": "0x0000000000000000000000000000000000000000000000478c61ba0484d20000",
			"logIndex": 119,
			"topics": [
				"0xddf252ad1be2c89b69c2b068fc378daa952ba7f163c4a11628f55a4df523b3ef",
				"0x000000000000000000000000468b858c964f297fd8fce058032bf4b4911a8ad8",
				"0x00000000000000000000000058f6467ab999252236536efe00b35c9d3b29dab5"
			],
			"transactionHash": "0xc0634851a0f3fc990ecf3916f6578afbbd5d5b1a88fab436403c363aaa6b9b42",
			"transactionIndex": 168,
			"transactionLogIndex": "0x0",
			"type": "mined",
			"id": "log_f9a0fb9d"
		}
	],
	"logsBloom": "0x00000000000000000000000000020000000000000000000000000000000000000000000000000000000000000000000000000000000000000000000000000000000000000000010000000008000000000000000000000000000000000020000000000000000000000000000000000000000000000000000000000010000000000000000000000000000000000000000000000000008000000004000000000000000000000000000080000000000000000000000000000000000000010000000000001002000000000000000000000000000000000000000000000000000000000000000000000000004000000000000000000000000000000000000000000000",
	"root": null,
	"status": "0x1",
	"transactionHash": "0xc0634851a0f3fc990ecf3916f6578afbbd5d5b1a88fab436403c363aaa6b9b42",
	"transactionIndex": 168
}
[2018-04-27T21:53:24.505] [DEBUG] trans - TO:   0x3c712a384a089d83055ac091549c3b8503655fa1
[2018-04-27T21:53:24.505] [DEBUG] trans - AMOUNT:   1319144400000000000000
[2018-04-27T21:53:24.505] [DEBUG] trans - Receipt info:  {
	"blockHash": "0x6ff1ee955db734e48f0d810be631eaed3c7c64bb2a0c8f08f8e75479ca626135",
	"blockNumber": 5516837,
	"contractAddress": null,
	"cumulativeGasUsed": 7572892,
	"gasUsed": 51589,
	"logs": [
		{
			"address": "0x7e9e431a0B8c4D532C745B1043c7FA29a48D4fBa",
			"blockHash": "0x6ff1ee955db734e48f0d810be631eaed3c7c64bb2a0c8f08f8e75479ca626135",
			"blockNumber": 5516837,
			"data": "0x00000000000000000000000000000000000000000000004782ce5aac65cd0000",
			"logIndex": 123,
			"topics": [
				"0xddf252ad1be2c89b69c2b068fc378daa952ba7f163c4a11628f55a4df523b3ef",
				"0x000000000000000000000000468b858c964f297fd8fce058032bf4b4911a8ad8",
				"0x0000000000000000000000003c712a384a089d83055ac091549c3b8503655fa1"
			],
			"transactionHash": "0xdebb1284390bee00189ea8f368a53e943ffd209972a9643a10a93802eba6e0a9",
			"transactionIndex": 172,
			"transactionLogIndex": "0x0",
			"type": "mined",
			"id": "log_1021338e"
		}
	],
	"logsBloom": "0x00000000000000000000000000020000000000000000000000000000000000000000000000000000000000000000000000000000004000000000000000000000000000000000010000000008000000000000000000000000000000000020000000000000000000000000000000000000000000000000000000000010000000000000000000000000000000000000000000000000000000000000000000000000000000000000000080000000000000000000000000000000000000010000000000001002000000000000000000000000000000000000000000000000000008000000000800000000000000000000000000000000000000000000000000000000",
	"root": null,
	"status": "0x1",
	"transactionHash": "0xdebb1284390bee00189ea8f368a53e943ffd209972a9643a10a93802eba6e0a9",
	"transactionIndex": 172
}
[2018-04-27T21:53:24.506] [DEBUG] trans - TO:   0x2453ef94e60edaa3c643c445828369e8ee8a4d39
[2018-04-27T21:53:24.506] [DEBUG] trans - AMOUNT:   1318689400000000000000
[2018-04-27T21:53:24.506] [DEBUG] trans - Receipt info:  {
	"blockHash": "0x6ff1ee955db734e48f0d810be631eaed3c7c64bb2a0c8f08f8e75479ca626135",
	"blockNumber": 5516837,
	"contractAddress": null,
	"cumulativeGasUsed": 7727787,
	"gasUsed": 51653,
	"logs": [
		{
			"address": "0x7e9e431a0B8c4D532C745B1043c7FA29a48D4fBa",
			"blockHash": "0x6ff1ee955db734e48f0d810be631eaed3c7c64bb2a0c8f08f8e75479ca626135",
			"blockNumber": 5516837,
			"data": "0x0000000000000000000000000000000000000000000000477c7dde9588ff8000",
			"logIndex": 126,
			"topics": [
				"0xddf252ad1be2c89b69c2b068fc378daa952ba7f163c4a11628f55a4df523b3ef",
				"0x000000000000000000000000468b858c964f297fd8fce058032bf4b4911a8ad8",
				"0x0000000000000000000000002453ef94e60edaa3c643c445828369e8ee8a4d39"
			],
			"transactionHash": "0x54e78c344b2592e0277ae8e2e9357442fc2b2b1919901fb110fcb7d90e357826",
			"transactionIndex": 175,
			"transactionLogIndex": "0x0",
			"type": "mined",
			"id": "log_c01aa082"
		}
	],
	"logsBloom": "0x00000000000000000000000000020000000000000000000000000000000000000000000080040000000000000000000000000040000000000000000000000000000000000000010000000008000000000000000000000000000000000020000000000000000000000000000000000000000000000000000000000010000000000000000000000000000000000000000000000000000000000000000000000000000000000000000080000000000000000000000000000000000000010000000000001002000000000000000000000000000000000000000000000000000000000000000000000000000000000000000000000000000000000000000000000000",
	"root": null,
	"status": "0x1",
	"transactionHash": "0x54e78c344b2592e0277ae8e2e9357442fc2b2b1919901fb110fcb7d90e357826",
	"transactionIndex": 175
}
[2018-04-27T21:53:24.507] [DEBUG] trans - TO:   0xc0cb9bba42add5b910c607cc038fb5e2c315994d
[2018-04-27T21:53:24.507] [DEBUG] trans - AMOUNT:   1319932000000000000000
[2018-04-27T21:53:24.507] [DEBUG] trans - Receipt info:  {
	"blockHash": "0x6ff1ee955db734e48f0d810be631eaed3c7c64bb2a0c8f08f8e75479ca626135",
	"blockNumber": 5516837,
	"contractAddress": null,
	"cumulativeGasUsed": 7263358,
	"gasUsed": 51589,
	"logs": [
		{
			"address": "0x7e9e431a0B8c4D532C745B1043c7FA29a48D4fBa",
			"blockHash": "0x6ff1ee955db734e48f0d810be631eaed3c7c64bb2a0c8f08f8e75479ca626135",
			"blockNumber": 5516837,
			"data": "0x0000000000000000000000000000000000000000000000478dbc78b356e60000",
			"logIndex": 117,
			"topics": [
				"0xddf252ad1be2c89b69c2b068fc378daa952ba7f163c4a11628f55a4df523b3ef",
				"0x000000000000000000000000468b858c964f297fd8fce058032bf4b4911a8ad8",
				"0x000000000000000000000000c0cb9bba42add5b910c607cc038fb5e2c315994d"
			],
			"transactionHash": "0x77007a8c78c4f29b9f73169c6c6eabacb478c6c3a4cff4e115076b97125310ad",
			"transactionIndex": 166,
			"transactionLogIndex": "0x0",
			"type": "mined",
			"id": "log_aac894a5"
		}
	],
	"logsBloom": "0x00000000000000000000000000020000000000000000000000000400000000000000000000000000000400000000000000000000000000000000000000000000000000000000010000000008000000000000000000000000000000000020000000000000000000000000000000000000000000000000000000000010000000000000000000000000000000000000000000000000000000000000000000000000000000000000000080000000000000000000000000000000000000010000000000001002000000000000000000000004000000000000000000000000000000000000000000000000000000000000000000000000000000000000000000000000",
	"root": null,
	"status": "0x1",
	"transactionHash": "0x77007a8c78c4f29b9f73169c6c6eabacb478c6c3a4cff4e115076b97125310ad",
	"transactionIndex": 166
}
[2018-04-27T21:53:24.508] [DEBUG] trans - TO:   0x94503fc0498b69c6c2242c16cfc974dd1ab25f28
[2018-04-27T21:53:24.508] [DEBUG] trans - AMOUNT:   1319000000000000000000
[2018-04-27T21:53:24.509] [DEBUG] trans - Receipt info:  {
	"blockHash": "0x6ff1ee955db734e48f0d810be631eaed3c7c64bb2a0c8f08f8e75479ca626135",
	"blockNumber": 5516837,
	"contractAddress": null,
	"cumulativeGasUsed": 7624481,
	"gasUsed": 51589,
	"logs": [
		{
			"address": "0x7e9e431a0B8c4D532C745B1043c7FA29a48D4fBa",
			"blockHash": "0x6ff1ee955db734e48f0d810be631eaed3c7c64bb2a0c8f08f8e75479ca626135",
			"blockNumber": 5516837,
			"data": "0x00000000000000000000000000000000000000000000004780cd57a3743c0000",
			"logIndex": 124,
			"topics": [
				"0xddf252ad1be2c89b69c2b068fc378daa952ba7f163c4a11628f55a4df523b3ef",
				"0x000000000000000000000000468b858c964f297fd8fce058032bf4b4911a8ad8",
				"0x00000000000000000000000094503fc0498b69c6c2242c16cfc974dd1ab25f28"
			],
			"transactionHash": "0xa39c155149cfde81c2ba43f5d33ee956e0326e17008f0f892685448633f4c9cf",
			"transactionIndex": 173,
			"transactionLogIndex": "0x0",
			"type": "mined",
			"id": "log_06443d89"
		}
	],
	"logsBloom": "0x00000000000000000000000000020000000000000000000000000000000000000000000000000000000000000000000000000000000000000000000000000000000000000000010000000008000000000000000000000000000000000820000000000000000000000000000000000004000000000000000000000010000000000000000000000000000000000000000000000000000000000000000000000000000000000000004080000000000000000000000000000000000000010000000000001002000000000000000000000000000000000000000000000000000000000000000000000000000000000000000000000000000000000000000000000000",
	"root": null,
	"status": "0x1",
	"transactionHash": "0xa39c155149cfde81c2ba43f5d33ee956e0326e17008f0f892685448633f4c9cf",
	"transactionIndex": 173
}
[2018-04-27T21:53:24.509] [DEBUG] trans - TO:   0x0a1bebc66851ec8442b7a16252347f2586d23a2f
[2018-04-27T21:53:24.509] [DEBUG] trans - AMOUNT:   1318788300000000000000
[2018-04-27T21:53:24.509] [DEBUG] trans - Receipt info:  {
	"blockHash": "0x6ff1ee955db734e48f0d810be631eaed3c7c64bb2a0c8f08f8e75479ca626135",
	"blockNumber": 5516837,
	"contractAddress": null,
	"cumulativeGasUsed": 7676134,
	"gasUsed": 51653,
	"logs": [
		{
			"address": "0x7e9e431a0B8c4D532C745B1043c7FA29a48D4fBa",
			"blockHash": "0x6ff1ee955db734e48f0d810be631eaed3c7c64bb2a0c8f08f8e75479ca626135",
			"blockNumber": 5516837,
			"data": "0x0000000000000000000000000000000000000000000000477ddd3b9c3148c000",
			"logIndex": 125,
			"topics": [
				"0xddf252ad1be2c89b69c2b068fc378daa952ba7f163c4a11628f55a4df523b3ef",
				"0x000000000000000000000000468b858c964f297fd8fce058032bf4b4911a8ad8",
				"0x0000000000000000000000000a1bebc66851ec8442b7a16252347f2586d23a2f"
			],
			"transactionHash": "0x2fc1d80ea07037b60e5e6bcb70311d46271810347ceac2b83609003adb3ada14",
			"transactionIndex": 174,
			"transactionLogIndex": "0x0",
			"type": "mined",
			"id": "log_6f09e136"
		}
	],
	"logsBloom": "0x00000000000000000000000000020000000000000000000000000000000000000000000000000000000000000000000000000000000000000000000000000000000000000000010000000008000000000000000000000000000000000020000000000000000000000000000000000000000000000000000000000010000000000002000000000000000000000000000000000000000000000000010000000000000000000000000080000000000000000000000000000000000000010000000000001002000000000000000000000000000000008000000000000000000000000000000000000000000000000000000000000000000000000000000000000000",
	"root": null,
	"status": "0x1",
	"transactionHash": "0x2fc1d80ea07037b60e5e6bcb70311d46271810347ceac2b83609003adb3ada14",
	"transactionIndex": 174
}
[2018-04-27T21:53:24.511] [DEBUG] trans - TO:   0x028557e6e55d28bc80f1529b362680eaddb6d670
[2018-04-27T21:53:24.511] [DEBUG] trans - AMOUNT:   1319150000000000000000
[2018-04-27T21:53:24.511] [DEBUG] trans - Receipt info:  {
	"blockHash": "0x6ff1ee955db734e48f0d810be631eaed3c7c64bb2a0c8f08f8e75479ca626135",
	"blockNumber": 5516837,
	"contractAddress": null,
	"cumulativeGasUsed": 7521303,
	"gasUsed": 51525,
	"logs": [
		{
			"address": "0x7e9e431a0B8c4D532C745B1043c7FA29a48D4fBa",
			"blockHash": "0x6ff1ee955db734e48f0d810be631eaed3c7c64bb2a0c8f08f8e75479ca626135",
			"blockNumber": 5516837,
			"data": "0x00000000000000000000000000000000000000000000004782e23fd8008b0000",
			"logIndex": 122,
			"topics": [
				"0xddf252ad1be2c89b69c2b068fc378daa952ba7f163c4a11628f55a4df523b3ef",
				"0x000000000000000000000000468b858c964f297fd8fce058032bf4b4911a8ad8",
				"0x000000000000000000000000028557e6e55d28bc80f1529b362680eaddb6d670"
			],
			"transactionHash": "0xd63971dc38f3585f5549989256d06c93f22d3ac95c1e3cff347a57ace056e0b4",
			"transactionIndex": 171,
			"transactionLogIndex": "0x0",
			"type": "mined",
			"id": "log_cb3d4bed"
		}
	],
	"logsBloom": "0x00000000000000000000000000020000000000000000000000000000000000000000000000000000000000000000004000000000000000000000000000000000000000000000010000000008000000000000000000000000000000000020000000000000000000000000000000000000000000000000000000000010000000000800000000000000000000000000000000000000000000000000000000000002000000000000000080000000000000000000000000000000000000010000000000001002000000000000000000000000000000000000000000000000000000000000000000000000000000000000000000000000000000000000000000000000",
	"root": null,
	"status": "0x1",
	"transactionHash": "0xd63971dc38f3585f5549989256d06c93f22d3ac95c1e3cff347a57ace056e0b4",
	"transactionIndex": 171
}
[2018-04-27T21:53:24.513] [DEBUG] trans - TO:   0x72d833ea14b45b191b07f34db3af7fd57e5463b9
[2018-04-27T21:53:24.513] [DEBUG] trans - AMOUNT:   1318649100000000000000
[2018-04-27T21:53:24.513] [DEBUG] trans - Receipt info:  {
	"blockHash": "0x6ff1ee955db734e48f0d810be631eaed3c7c64bb2a0c8f08f8e75479ca626135",
	"blockNumber": 5516837,
	"contractAddress": null,
	"cumulativeGasUsed": 7831093,
	"gasUsed": 51653,
	"logs": [
		{
			"address": "0x7e9e431a0B8c4D532C745B1043c7FA29a48D4fBa",
			"blockHash": "0x6ff1ee955db734e48f0d810be631eaed3c7c64bb2a0c8f08f8e75479ca626135",
			"blockNumber": 5516837,
			"data": "0x0000000000000000000000000000000000000000000000477beeb1f2988cc000",
			"logIndex": 128,
			"topics": [
				"0xddf252ad1be2c89b69c2b068fc378daa952ba7f163c4a11628f55a4df523b3ef",
				"0x000000000000000000000000468b858c964f297fd8fce058032bf4b4911a8ad8",
				"0x00000000000000000000000072d833ea14b45b191b07f34db3af7fd57e5463b9"
			],
			"transactionHash": "0x880faa1a8bc8ea0a9e94b0e308e8b1cb42678d82d653404f9015b6c37a62a73c",
			"transactionIndex": 177,
			"transactionLogIndex": "0x0",
			"type": "mined",
			"id": "log_13d40aa4"
		}
	],
	"logsBloom": "0x00000000000000000000000000020000000000000000000000000000000000000000000000000400000000000000000000000000000000000000000000000000000000000000030000000008000000000000000000000000000000000020000000000000000000000000000000000000000000000000000000000010000000000000000000000000000000000000000000000000000000000000000000000000000000000000010080000000000000000000000000000000000000010000000000001002000000000000000000000000000000000000000000000000000000000000000000000000000000000000000000000000000000000000000000000000",
	"root": null,
	"status": "0x1",
	"transactionHash": "0x880faa1a8bc8ea0a9e94b0e308e8b1cb42678d82d653404f9015b6c37a62a73c",
	"transactionIndex": 177
}
[2018-04-27T21:53:24.513] [DEBUG] trans - TO:   0xedb8a1689812103812fc8474116cc7b4f67fd5c6
[2018-04-27T21:53:24.513] [DEBUG] trans - AMOUNT:   1323279100000000000000
[2018-04-27T21:53:24.513] [DEBUG] trans - Receipt info:  {
	"blockHash": "0x6ff1ee955db734e48f0d810be631eaed3c7c64bb2a0c8f08f8e75479ca626135",
	"blockNumber": 5516837,
	"contractAddress": null,
	"cumulativeGasUsed": 5583806,
	"gasUsed": 51653,
	"logs": [
		{
			"address": "0x7e9e431a0B8c4D532C745B1043c7FA29a48D4fBa",
			"blockHash": "0x6ff1ee955db734e48f0d810be631eaed3c7c64bb2a0c8f08f8e75479ca626135",
			"blockNumber": 5516837,
			"data": "0x000000000000000000000000000000000000000000000047bc2fc26ab69bc000",
			"logIndex": 92,
			"topics": [
				"0xddf252ad1be2c89b69c2b068fc378daa952ba7f163c4a11628f55a4df523b3ef",
				"0x000000000000000000000000468b858c964f297fd8fce058032bf4b4911a8ad8",
				"0x000000000000000000000000edb8a1689812103812fc8474116cc7b4f67fd5c6"
			],
			"transactionHash": "0x8caff8e86c35b9640ee5275715cf4ec8561b44c4b01826b0bb500b336c047aa0",
			"transactionIndex": 122,
			"transactionLogIndex": "0x0",
			"type": "mined",
			"id": "log_ccad8757"
		}
	],
	"logsBloom": "0x00000000000000000000000000020000000000000000000000000000000000000000000000000000000000000000000000000000000000000000000000000000000000000000010000000008000000000000000000000000000000000020000000080000000000000000000000000000000000000000000000000010000400001000000000000000000000000000000000000000000000000000000000000000000000000000000080000000000000000000000000000000000000010000000000001002000000000000000000000000000000000000000000000000000000000000000000000000000000000000000000000000000000000000000000000000",
	"root": null,
	"status": "0x1",
	"transactionHash": "0x8caff8e86c35b9640ee5275715cf4ec8561b44c4b01826b0bb500b336c047aa0",
	"transactionIndex": 122
}
[2018-04-27T21:53:24.513] [DEBUG] trans - TO:   0x2b57088be242cc0b0e9f7c10cd44805ea0e43e51
[2018-04-27T21:53:24.513] [DEBUG] trans - AMOUNT:   1318649100000000000000
[2018-04-27T21:53:24.513] [DEBUG] trans - Receipt info:  {
	"blockHash": "0x6ff1ee955db734e48f0d810be631eaed3c7c64bb2a0c8f08f8e75479ca626135",
	"blockNumber": 5516837,
	"contractAddress": null,
	"cumulativeGasUsed": 7779440,
	"gasUsed": 51653,
	"logs": [
		{
			"address": "0x7e9e431a0B8c4D532C745B1043c7FA29a48D4fBa",
			"blockHash": "0x6ff1ee955db734e48f0d810be631eaed3c7c64bb2a0c8f08f8e75479ca626135",
			"blockNumber": 5516837,
			"data": "0x0000000000000000000000000000000000000000000000477beeb1f2988cc000",
			"logIndex": 127,
			"topics": [
				"0xddf252ad1be2c89b69c2b068fc378daa952ba7f163c4a11628f55a4df523b3ef",
				"0x000000000000000000000000468b858c964f297fd8fce058032bf4b4911a8ad8",
				"0x0000000000000000000000002b57088be242cc0b0e9f7c10cd44805ea0e43e51"
			],
			"transactionHash": "0xf9fd44841086d9abe3c173e7b1351d566e087627b8c9c28b19872d7d76d2e51d",
			"transactionIndex": 176,
			"transactionLogIndex": "0x0",
			"type": "mined",
			"id": "log_3b6dea7e"
		}
	],
	"logsBloom": "0x00000000100000000000000000020000000000000000000000000000000000000000000000000000000000000000000000000000000000000000000000000000000000000000010000000008000000000000000000000000000000000020000000000000000000000000000000000000000000000000000000000010000000000000000000000000000000000000000000000000000000000000000000000000000000000080000080000000000000000000040000000000000000010000000000001002000000000000000000000000000000000000000000000000000000000000000000000000000000000000000000000000000000000000000000000000",
	"root": null,
	"status": "0x1",
	"transactionHash": "0xf9fd44841086d9abe3c173e7b1351d566e087627b8c9c28b19872d7d76d2e51d",
	"transactionIndex": 176
}
