[2018-04-28T01:48:52.885] [DEBUG] trans - TO:   0xade3dbcb2d25bba861499ea5b9deb9240f14283e
[2018-04-28T01:48:52.886] [DEBUG] trans - AMOUNT:   1799416500000000000000
[2018-04-28T01:48:52.886] [DEBUG] trans - Receipt info:  {
	"blockHash": "0x6c33d5415ef67a54b82e04ca7946d28068dfe5e41eea338d6c99c118922f713f",
	"blockNumber": 5517784,
	"contractAddress": null,
	"cumulativeGasUsed": 577291,
	"gasUsed": 51653,
	"logs": [
		{
			"address": "0x7e9e431a0B8c4D532C745B1043c7FA29a48D4fBa",
			"blockHash": "0x6c33d5415ef67a54b82e04ca7946d28068dfe5e41eea338d6c99c118922f713f",
			"blockNumber": 5517784,
			"data": "0x0000000000000000000000000000000000000000000000618beb9d0864af4000",
			"logIndex": 6,
			"topics": [
				"0xddf252ad1be2c89b69c2b068fc378daa952ba7f163c4a11628f55a4df523b3ef",
				"0x000000000000000000000000468b858c964f297fd8fce058032bf4b4911a8ad8",
				"0x000000000000000000000000ade3dbcb2d25bba861499ea5b9deb9240f14283e"
			],
			"transactionHash": "0x38c23e37ef3511a15d918266c7f6cbb487ed19e06ff263a378922010b49b2eac",
			"transactionIndex": 12,
			"transactionLogIndex": "0x0",
			"type": "mined",
			"id": "log_ccd09e17"
		}
	],
	"logsBloom": "0x00000000000000000000000000020000000000000000000000000000000000000000000000000008000000000000000000000000000000000000000000000000020000000000010000000008000000000000000000000000000000000020000000000000000000000000000000000000000000000000000000000010000000000000000000000000000000400000000000000000000000000000000000000000000000000000000080000000000000000000000000000000000000010000000000001002000000000000000000000000000000000000000000000000000000000000000000000000000000000000000000000000000000000000000000000000",
	"root": null,
	"status": "0x1",
	"transactionHash": "0x38c23e37ef3511a15d918266c7f6cbb487ed19e06ff263a378922010b49b2eac",
	"transactionIndex": 12
}
[2018-04-28T01:49:39.952] [DEBUG] trans - TO:   0xd2a3185e40481ac1e87f3bb036c270ce2e3c8867
[2018-04-28T01:49:39.953] [DEBUG] trans - AMOUNT:   1799351200000000000000
[2018-04-28T01:49:39.953] [DEBUG] trans - Receipt info:  {
	"blockHash": "0x827ed1b0ac3d578336957a25cd3ce506c2d6846b36ca3cf72726a232abbdda8c",
	"blockNumber": 5517788,
	"contractAddress": null,
	"cumulativeGasUsed": 1523715,
	"gasUsed": 51589,
	"logs": [
		{
			"address": "0x7e9e431a0B8c4D532C745B1043c7FA29a48D4fBa",
			"blockHash": "0x827ed1b0ac3d578336957a25cd3ce506c2d6846b36ca3cf72726a232abbdda8c",
			"blockNumber": 5517788,
			"data": "0x0000000000000000000000000000000000000000000000618b039f075cda0000",
			"logIndex": 27,
			"topics": [
				"0xddf252ad1be2c89b69c2b068fc378daa952ba7f163c4a11628f55a4df523b3ef",
				"0x000000000000000000000000468b858c964f297fd8fce058032bf4b4911a8ad8",
				"0x000000000000000000000000d2a3185e40481ac1e87f3bb036c270ce2e3c8867"
			],
			"transactionHash": "0xb503e45efcab762090f42d2c4e3f506ad9fdc9922834fd8734a9e4da19218279",
			"transactionIndex": 38,
			"transactionLogIndex": "0x0",
			"type": "mined",
			"id": "log_2886dc92"
		}
	],
	"logsBloom": "0x00000000000000000000000000020000000000000000000000000000010000000000000000000000000000000000000000000000000000000000000000000000000000000000010000000008000000000000000000000000001000000020000000000000000000000000000000000000000000000000000000000010000000000000000000000000000000000000000000000000000000000000000000000000000000000000000080000000000000000000000000000000000000010000000000001002000000000000000000000000000000000000000000000000000000000000000000000000000000000000000000000400000000000000000000000000",
	"root": null,
	"status": "0x1",
	"transactionHash": "0xb503e45efcab762090f42d2c4e3f506ad9fdc9922834fd8734a9e4da19218279",
	"transactionIndex": 38
}
[2018-04-28T01:49:50.969] [DEBUG] trans - TO:   0xd18096cf84c2c091259eeb03b5020a9a3150616c
[2018-04-28T01:49:50.969] [DEBUG] trans - AMOUNT:   1799317900000000000000
[2018-04-28T01:49:50.969] [DEBUG] trans - Receipt info:  {
	"blockHash": "0x9b74020b7f75c44763f67be47eeb44b850d016c90a496a0199f3ec5611c608d0",
	"blockNumber": 5517789,
	"contractAddress": null,
	"cumulativeGasUsed": 1407466,
	"gasUsed": 51653,
	"logs": [
		{
			"address": "0x7e9e431a0B8c4D532C745B1043c7FA29a48D4fBa",
			"blockHash": "0x9b74020b7f75c44763f67be47eeb44b850d016c90a496a0199f3ec5611c608d0",
			"blockNumber": 5517789,
			"data": "0x0000000000000000000000000000000000000000000000618a8d50daedd4c000",
			"logIndex": 24,
			"topics": [
				"0xddf252ad1be2c89b69c2b068fc378daa952ba7f163c4a11628f55a4df523b3ef",
				"0x000000000000000000000000468b858c964f297fd8fce058032bf4b4911a8ad8",
				"0x000000000000000000000000d18096cf84c2c091259eeb03b5020a9a3150616c"
			],
			"transactionHash": "0x77a6af9f2991d370bbf6724862b0a186476a6005cf92f4e360b0ec1333a7ebf1",
			"transactionIndex": 23,
			"transactionLogIndex": "0x0",
			"type": "mined",
			"id": "log_4e4040ce"
		}
	],
	"logsBloom": "0x00000000000000000000000000020000000000000000000000000000000000000000000000000000000000000000000000000000000000000000000000000000000000000000010000000008000000000000000000000000000000000020000000000000000000000000000000000000000000000000000000000010000000000000000000000000000000000000000000000000000000000000000000000000000000000000000080000000000000000000000000000000000000010000000000001002000000000000000000000000000000000000000000000000000000000000000000000000000000000000000000000000000000001000020000000000",
	"root": null,
	"status": "0x1",
	"transactionHash": "0x77a6af9f2991d370bbf6724862b0a186476a6005cf92f4e360b0ec1333a7ebf1",
	"transactionIndex": 23
}
[2018-04-28T01:49:50.971] [DEBUG] trans - TO:   0x2bd1ff3eda84926b146d28c6a69a83db7b7631bd
[2018-04-28T01:49:50.971] [DEBUG] trans - AMOUNT:   1799200000000000000000
[2018-04-28T01:49:50.971] [DEBUG] trans - Receipt info:  {
	"blockHash": "0x9b74020b7f75c44763f67be47eeb44b850d016c90a496a0199f3ec5611c608d0",
	"blockNumber": 5517789,
	"contractAddress": null,
	"cumulativeGasUsed": 5236941,
	"gasUsed": 51589,
	"logs": [
		{
			"address": "0x7e9e431a0B8c4D532C745B1043c7FA29a48D4fBa",
			"blockHash": "0x9b74020b7f75c44763f67be47eeb44b850d016c90a496a0199f3ec5611c608d0",
			"blockNumber": 5517789,
			"data": "0x00000000000000000000000000000000000000000000006188ea736e0ad00000",
			"logIndex": 91,
			"topics": [
				"0xddf252ad1be2c89b69c2b068fc378daa952ba7f163c4a11628f55a4df523b3ef",
				"0x000000000000000000000000468b858c964f297fd8fce058032bf4b4911a8ad8",
				"0x0000000000000000000000002bd1ff3eda84926b146d28c6a69a83db7b7631bd"
			],
			"transactionHash": "0x28e30157b59258937727826b077420222a5ff87207162fb5a28b04444390a37e",
			"transactionIndex": 88,
			"transactionLogIndex": "0x0",
			"type": "mined",
			"id": "log_e9417880"
		}
	],
	"logsBloom": "0x00000000000000000000000000020000000000000000000000000000000000000000000000000100000000000000000000000000000000000000000000000000000000000000010000000008000000000000000000000000000000000020000000000000000000000000000000000000000000000000000000000010000000000000000000000000000000000000000000000000000000000000000000000000000000000000000080000000000200000000000000000000000000010000000000001002000000000000000000000000000000000000000000000000000800000000000000000000000000000000000000000000000000000000000000000000",
	"root": null,
	"status": "0x1",
	"transactionHash": "0x28e30157b59258937727826b077420222a5ff87207162fb5a28b04444390a37e",
	"transactionIndex": 88
}
[2018-04-28T01:51:40.122] [DEBUG] trans - TO:   0x84e33773dd539afecb080fed93a4602aad66878f
[2018-04-28T01:51:40.122] [DEBUG] trans - AMOUNT:   1799200000000000000000
[2018-04-28T01:51:40.122] [DEBUG] trans - Receipt info:  {
	"blockHash": "0x03ed771ff51df9c23f3e114aa09da02382ad16f358d80b3e153f727d923d8f77",
	"blockNumber": 5517797,
	"contractAddress": null,
	"cumulativeGasUsed": 2272364,
	"gasUsed": 51589,
	"logs": [
		{
			"address": "0x7e9e431a0B8c4D532C745B1043c7FA29a48D4fBa",
			"blockHash": "0x03ed771ff51df9c23f3e114aa09da02382ad16f358d80b3e153f727d923d8f77",
			"blockNumber": 5517797,
			"data": "0x00000000000000000000000000000000000000000000006188ea736e0ad00000",
			"logIndex": 44,
			"topics": [
				"0xddf252ad1be2c89b69c2b068fc378daa952ba7f163c4a11628f55a4df523b3ef",
				"0x000000000000000000000000468b858c964f297fd8fce058032bf4b4911a8ad8",
				"0x00000000000000000000000084e33773dd539afecb080fed93a4602aad66878f"
			],
			"transactionHash": "0xa2a6bdcc5158951be226dd93050245c5334ee077f4eae93c8df3a1e1437fb20b",
			"transactionIndex": 66,
			"transactionLogIndex": "0x0",
			"type": "mined",
			"id": "log_b3987143"
		}
	],
	"logsBloom": "0x00000000000008000000000000020000000000000000000000000000000000000000000000000000000000000000000000000000000000000000000000000000000000000000010000000008000000000000008000000000000000000020000000000000000000000000000000000000000000000000000000000010000000000000000000000000000000000000000000000000000000000000000000000000000000000000000080000000000000000000000000000000000000010000000000001002000000000000000000000000000000000000000000000000000000000000000000000000000000080000000000000000000000000000000000000000",
	"root": null,
	"status": "0x1",
	"transactionHash": "0xa2a6bdcc5158951be226dd93050245c5334ee077f4eae93c8df3a1e1437fb20b",
	"transactionIndex": 66
}
[2018-04-28T01:53:09.228] [DEBUG] trans - TO:   0xea85db7c099ba76446228b962b508b7c24f85cfa
[2018-04-28T01:53:09.228] [DEBUG] trans - AMOUNT:   1799200000000000000000
[2018-04-28T01:53:09.229] [DEBUG] trans - Receipt info:  {
	"blockHash": "0x1f8a44fad16a31355461f4fdbea03d132e77fe17dfc2eea2b81ece10987a6624",
	"blockNumber": 5517802,
	"contractAddress": null,
	"cumulativeGasUsed": 1066023,
	"gasUsed": 51589,
	"logs": [
		{
			"address": "0x7e9e431a0B8c4D532C745B1043c7FA29a48D4fBa",
			"blockHash": "0x1f8a44fad16a31355461f4fdbea03d132e77fe17dfc2eea2b81ece10987a6624",
			"blockNumber": 5517802,
			"data": "0x00000000000000000000000000000000000000000000006188ea736e0ad00000",
			"logIndex": 19,
			"topics": [
				"0xddf252ad1be2c89b69c2b068fc378daa952ba7f163c4a11628f55a4df523b3ef",
				"0x000000000000000000000000468b858c964f297fd8fce058032bf4b4911a8ad8",
				"0x000000000000000000000000ea85db7c099ba76446228b962b508b7c24f85cfa"
			],
			"transactionHash": "0x8f6d5a536b93143565ad938408a399fe1bd7bf4f9a65276bd2a9df260e45093b",
			"transactionIndex": 28,
			"transactionLogIndex": "0x0",
			"type": "mined",
			"id": "log_927b74d3"
		}
	],
	"logsBloom": "0x00000000000000000000000000020000000000000000000000000000000000000000000000000000000000000000000000000400000000000000000000000000000000000000010200000008000000000000000000000000000000000020000000000000000000000000000000000000000000000000000000000010000000000000000000000000000000000000000000000000000000008000000000000000000000000000000080000000000000000000000000000000000000010000000000001002000000000000000000000000000000000000000000000000000000000000000000000000000000000000000000000000000000000000000000000000",
	"root": null,
	"status": "0x1",
	"transactionHash": "0x8f6d5a536b93143565ad938408a399fe1bd7bf4f9a65276bd2a9df260e45093b",
	"transactionIndex": 28
}
[2018-04-28T01:53:24.250] [DEBUG] trans - TO:   0x18e6b767ffb32718b17f522911fa64199b927e30
[2018-04-28T01:53:24.250] [DEBUG] trans - AMOUNT:   1799146500000000000000
[2018-04-28T01:53:24.250] [DEBUG] trans - Receipt info:  {
	"blockHash": "0x406fad3be662963fc295c4c0b8388d5c7550757cf1adbfed21d975b222ad28ff",
	"blockNumber": 5517804,
	"contractAddress": null,
	"cumulativeGasUsed": 6815573,
	"gasUsed": 51653,
	"logs": [
		{
			"address": "0x7e9e431a0B8c4D532C745B1043c7FA29a48D4fBa",
			"blockHash": "0x406fad3be662963fc295c4c0b8388d5c7550757cf1adbfed21d975b222ad28ff",
			"blockNumber": 5517804,
			"data": "0x000000000000000000000000000000000000000000000061882c61769b544000",
			"logIndex": 123,
			"topics": [
				"0xddf252ad1be2c89b69c2b068fc378daa952ba7f163c4a11628f55a4df523b3ef",
				"0x000000000000000000000000468b858c964f297fd8fce058032bf4b4911a8ad8",
				"0x00000000000000000000000018e6b767ffb32718b17f522911fa64199b927e30"
			],
			"transactionHash": "0x59e6795d92aad3df869273e130d46b24736137df7a95c1396a16264546ea3dd4",
			"transactionIndex": 129,
			"transactionLogIndex": "0x0",
			"type": "mined",
			"id": "log_669fab67"
		}
	],
	"logsBloom": "0x00000000000000000000000000020000000000000000000000000000000000000000000000000000000000000000000000000000000000000000000000000000000000000000010000000008000000000000000000000000000000000020000000000000000000000000000000000000000000000000000000000010000000000000000000000000000000000000000000000000000000000000000040000040000000000000000081000000000000000000000000000000000000010000000000001002000000000000000000000000000000000000000000000000000000000000000000000000000000000000000000000000000000000000000000000000",
	"root": null,
	"status": "0x1",
	"transactionHash": "0x59e6795d92aad3df869273e130d46b24736137df7a95c1396a16264546ea3dd4",
	"transactionIndex": 129
}
[2018-04-28T01:53:57.293] [DEBUG] trans - TO:   0x98a1f682e9fe1947e4d6abf6c731e4fcea67b124
[2018-04-28T01:53:57.293] [DEBUG] trans - AMOUNT:   1799034400000000000000
[2018-04-28T01:53:57.294] [DEBUG] trans - Receipt info:  {
	"blockHash": "0x66802a105f0770c8675cdc1a54ddd1afbc7fe3f9816a4e594e0c425925160a19",
	"blockNumber": 5517806,
	"contractAddress": null,
	"cumulativeGasUsed": 4998951,
	"gasUsed": 51589,
	"logs": [
		{
			"address": "0x7e9e431a0B8c4D532C745B1043c7FA29a48D4fBa",
			"blockHash": "0x66802a105f0770c8675cdc1a54ddd1afbc7fe3f9816a4e594e0c425925160a19",
			"blockNumber": 5517806,
			"data": "0x000000000000000000000000000000000000000000000061869e1f1b74020000",
			"logIndex": 95,
			"topics": [
				"0xddf252ad1be2c89b69c2b068fc378daa952ba7f163c4a11628f55a4df523b3ef",
				"0x000000000000000000000000468b858c964f297fd8fce058032bf4b4911a8ad8",
				"0x00000000000000000000000098a1f682e9fe1947e4d6abf6c731e4fcea67b124"
			],
			"transactionHash": "0x7436cfd959a0c7937e75c0524c545bdfe1c5a5accac92d6d6ab6c00b70fb05ee",
			"transactionIndex": 88,
			"transactionLogIndex": "0x0",
			"type": "mined",
			"id": "log_3099a92b"
		}
	],
	"logsBloom": "0x00000000000000000000000000820000000000000000000000000000000000000000000000000000000000000000000000000000000000000000000000000000000000000000010000000008000000000000000000000000000000000020000000000000000000000000000000000000000000000000000000000010000000000000000000000000000000000000000000000000000000000000000000000000000000000000000080000000000000000000000000000000000000010000000000001002000000000000000000000000000000001000000000000000000000000010000000000000000000000000000000000000000000000000000000000000",
	"root": null,
	"status": "0x1",
	"transactionHash": "0x7436cfd959a0c7937e75c0524c545bdfe1c5a5accac92d6d6ab6c00b70fb05ee",
	"transactionIndex": 88
}
[2018-04-28T01:54:03.302] [DEBUG] trans - TO:   0x5c64eb96e6a94fc2031023b85574d884434f2def
[2018-04-28T01:54:03.302] [DEBUG] trans - AMOUNT:   1798680000000000000000
[2018-04-28T01:54:03.302] [DEBUG] trans - Receipt info:  {
	"blockHash": "0x455a22e02e7a4242e4eb13a0f93461f76224bc9899afee939057ded11b5b73f6",
	"blockNumber": 5517807,
	"contractAddress": null,
	"cumulativeGasUsed": 6003041,
	"gasUsed": 51589,
	"logs": [
		{
			"address": "0x7e9e431a0B8c4D532C745B1043c7FA29a48D4fBa",
			"blockHash": "0x455a22e02e7a4242e4eb13a0f93461f76224bc9899afee939057ded11b5b73f6",
			"blockNumber": 5517807,
			"data": "0x00000000000000000000000000000000000000000000006181b30a2f579c0000",
			"logIndex": 131,
			"topics": [
				"0xddf252ad1be2c89b69c2b068fc378daa952ba7f163c4a11628f55a4df523b3ef",
				"0x000000000000000000000000468b858c964f297fd8fce058032bf4b4911a8ad8",
				"0x0000000000000000000000005c64eb96e6a94fc2031023b85574d884434f2def"
			],
			"transactionHash": "0xcc8c2b2d62e0732bd25e86b1c3c2df6c9a27ff6229104714af92f2705b3d8a2a",
			"transactionIndex": 91,
			"transactionLogIndex": "0x0",
			"type": "mined",
			"id": "log_9ba0c958"
		}
	],
	"logsBloom": "0x00000000000000000000000000020000000000000000000000000000000008000000000000000000000000000000000000000000000000000000000000000000002000000000010000000008000000000000000000000000000000000020000000000000000000000000000000000000000000000000000000000010000000000000000000000000000000000000000000000000000000000000000000000000000000000200000080000000000000000000000000000000000000010000000000001002000000000000000000000000000000000000000000000000000000000000000000000000000000000000000000000000000000000000000000000000",
	"root": null,
	"status": "0x1",
	"transactionHash": "0xcc8c2b2d62e0732bd25e86b1c3c2df6c9a27ff6229104714af92f2705b3d8a2a",
	"transactionIndex": 91
}
[2018-04-28T01:54:03.303] [DEBUG] trans - TO:   0xdd4c069eb55d76dbb0764a6ac91c99d74c947619
[2018-04-28T01:54:03.303] [DEBUG] trans - AMOUNT:   1798996800000000000000
[2018-04-28T01:54:03.303] [DEBUG] trans - Receipt info:  {
	"blockHash": "0x455a22e02e7a4242e4eb13a0f93461f76224bc9899afee939057ded11b5b73f6",
	"blockNumber": 5517807,
	"contractAddress": null,
	"cumulativeGasUsed": 5904485,
	"gasUsed": 51589,
	"logs": [
		{
			"address": "0x7e9e431a0B8c4D532C745B1043c7FA29a48D4fBa",
			"blockHash": "0x455a22e02e7a4242e4eb13a0f93461f76224bc9899afee939057ded11b5b73f6",
			"blockNumber": 5517807,
			"data": "0x00000000000000000000000000000000000000000000006186188a1b40740000",
			"logIndex": 128,
			"topics": [
				"0xddf252ad1be2c89b69c2b068fc378daa952ba7f163c4a11628f55a4df523b3ef",
				"0x000000000000000000000000468b858c964f297fd8fce058032bf4b4911a8ad8",
				"0x000000000000000000000000dd4c069eb55d76dbb0764a6ac91c99d74c947619"
			],
			"transactionHash": "0xdc4180793402fd05cb0f9c603e0323d0a05310ca3e88b0782a286217f2ea2bcf",
			"transactionIndex": 89,
			"transactionLogIndex": "0x0",
			"type": "mined",
			"id": "log_49596427"
		}
	],
	"logsBloom": "0x00000000000020000000000000020000000000000000000000000000000000000000000000000040000000000000000000000800000000000000000000000000000000000000010000000008000000000000000000000000000000000020000000000000000000000000000000000000000000000000000000000010000000000000000000000000000000000000000000000000000000000000000000000000000000000000000080000000000000000000000000000000000000010000000000001002000000000000000000000000000000000000000000000000000000000000000000000000000000000000000000000000000000000000000000000000",
	"root": null,
	"status": "0x1",
	"transactionHash": "0xdc4180793402fd05cb0f9c603e0323d0a05310ca3e88b0782a286217f2ea2bcf",
	"transactionIndex": 89
}
[2018-04-28T01:54:03.303] [DEBUG] trans - TO:   0x8affe5d6288360418b3e792f4fbbb5459a4c56f8
[2018-04-28T01:54:03.303] [DEBUG] trans - AMOUNT:   1798602400000000000000
[2018-04-28T01:54:03.303] [DEBUG] trans - Receipt info:  {
	"blockHash": "0x455a22e02e7a4242e4eb13a0f93461f76224bc9899afee939057ded11b5b73f6",
	"blockNumber": 5517807,
	"contractAddress": null,
	"cumulativeGasUsed": 6206333,
	"gasUsed": 51589,
	"logs": [
		{
			"address": "0x7e9e431a0B8c4D532C745B1043c7FA29a48D4fBa",
			"blockHash": "0x455a22e02e7a4242e4eb13a0f93461f76224bc9899afee939057ded11b5b73f6",
			"blockNumber": 5517807,
			"data": "0x000000000000000000000000000000000000000000000061809f5965650a0000",
			"logIndex": 135,
			"topics": [
				"0xddf252ad1be2c89b69c2b068fc378daa952ba7f163c4a11628f55a4df523b3ef",
				"0x000000000000000000000000468b858c964f297fd8fce058032bf4b4911a8ad8",
				"0x0000000000000000000000008affe5d6288360418b3e792f4fbbb5459a4c56f8"
			],
			"transactionHash": "0x307c2b78454a7ec9fe5c278484b8d71ba91971a9684e9582bc77461b86f5d672",
			"transactionIndex": 95,
			"transactionLogIndex": "0x0",
			"type": "mined",
			"id": "log_2887018e"
		}
	],
	"logsBloom": "0x00000000000000000000000000020000000000000000000000400000000000000000000000000000000002000000000000000000000000000000000000000000000000000000010000000008000000000000000000000000000000000020000000000000000000000000000000000000000000000000000000000010000000000000000000000000000000000000000000000000000001000000000000000000000000000000000080000000000000000000000000000000000000010000000000001002000000000000000000000000000000000000000000000000000000000000000000000000000000000000000000000000000000000000000000000000",
	"root": null,
	"status": "0x1",
	"transactionHash": "0x307c2b78454a7ec9fe5c278484b8d71ba91971a9684e9582bc77461b86f5d672",
	"transactionIndex": 95
}
[2018-04-28T01:54:03.303] [DEBUG] trans - TO:   0x3158ccbbc30f8c16cfafbbd001c46fc3c76de1c0
[2018-04-28T01:54:03.303] [DEBUG] trans - AMOUNT:   1798600000000000000000
[2018-04-28T01:54:03.303] [DEBUG] trans - Receipt info:  {
	"blockHash": "0x455a22e02e7a4242e4eb13a0f93461f76224bc9899afee939057ded11b5b73f6",
	"blockNumber": 5517807,
	"contractAddress": null,
	"cumulativeGasUsed": 6304616,
	"gasUsed": 51589,
	"logs": [
		{
			"address": "0x7e9e431a0B8c4D532C745B1043c7FA29a48D4fBa",
			"blockHash": "0x455a22e02e7a4242e4eb13a0f93461f76224bc9899afee939057ded11b5b73f6",
			"blockNumber": 5517807,
			"data": "0x0000000000000000000000000000000000000000000000618096d29bd9940000",
			"logIndex": 138,
			"topics": [
				"0xddf252ad1be2c89b69c2b068fc378daa952ba7f163c4a11628f55a4df523b3ef",
				"0x000000000000000000000000468b858c964f297fd8fce058032bf4b4911a8ad8",
				"0x0000000000000000000000003158ccbbc30f8c16cfafbbd001c46fc3c76de1c0"
			],
			"transactionHash": "0x5c3daa2931346d10692e3a8bc7334949da668bf308d1f0923d24706afbcc9d24",
			"transactionIndex": 97,
			"transactionLogIndex": "0x0",
			"type": "mined",
			"id": "log_572b3adf"
		}
	],
	"logsBloom": "0x00000000000000000000000000020000000000000000000000000000000000000000000000000400000000000000000000000000000000000000000000000000000000000000010000000008000000000000000000000000000000000020000000000000000000000000000000000000000000000000000000000010000000000000000000000000000000000000000000000000000000000000000000000000000000000000000080000000000004000000000000000000000000010000000400001002000000000000000000000000000000000000000000000000000000000000000000000000000000000000000000000000000000000000000000000000",
	"root": null,
	"status": "0x1",
	"transactionHash": "0x5c3daa2931346d10692e3a8bc7334949da668bf308d1f0923d24706afbcc9d24",
	"transactionIndex": 97
}
[2018-04-28T01:54:03.304] [DEBUG] trans - TO:   0x98b8996f5677fdc680f3ef130af3dfd2f9bccf3b
[2018-04-28T01:54:03.304] [DEBUG] trans - AMOUNT:   1798000000000000000000
[2018-04-28T01:54:03.304] [DEBUG] trans - Receipt info:  {
	"blockHash": "0x455a22e02e7a4242e4eb13a0f93461f76224bc9899afee939057ded11b5b73f6",
	"blockNumber": 5517807,
	"contractAddress": null,
	"cumulativeGasUsed": 6406262,
	"gasUsed": 51589,
	"logs": [
		{
			"address": "0x7e9e431a0B8c4D532C745B1043c7FA29a48D4fBa",
			"blockHash": "0x455a22e02e7a4242e4eb13a0f93461f76224bc9899afee939057ded11b5b73f6",
			"blockNumber": 5517807,
			"data": "0x000000000000000000000000000000000000000000000061784331c9a8580000",
			"logIndex": 140,
			"topics": [
				"0xddf252ad1be2c89b69c2b068fc378daa952ba7f163c4a11628f55a4df523b3ef",
				"0x000000000000000000000000468b858c964f297fd8fce058032bf4b4911a8ad8",
				"0x00000000000000000000000098b8996f5677fdc680f3ef130af3dfd2f9bccf3b"
			],
			"transactionHash": "0xef5044ab71de9fa241d2b8304cfa75c6daac5a78f227621fa7025b274c6fcd09",
			"transactionIndex": 99,
			"transactionLogIndex": "0x0",
			"type": "mined",
			"id": "log_fc9ebc43"
		}
	],
	"logsBloom": "0x00000000000000000000000000020000000000000000000000200000000000000000000000000000000000000000000000000000000000000000000000000000000000000000010000000008000000000000000000000000000000000020000000000000000000000000000000000000000000000000000000000010000000000000000000000000000000000000000000000000000000000000000000000000000000000000000080000000000000000000000000000000000001010000000000001002000000000000000004000000000000000000000000000000000000000000000000000000000000000000000000000000000000000000000000000000",
	"root": null,
	"status": "0x1",
	"transactionHash": "0xef5044ab71de9fa241d2b8304cfa75c6daac5a78f227621fa7025b274c6fcd09",
	"transactionIndex": 99
}
[2018-04-28T01:54:03.304] [DEBUG] trans - TO:   0x88d887f7c1cc1846545a69f2d337e74b1bdc0776
[2018-04-28T01:54:03.304] [DEBUG] trans - AMOUNT:   1797955300000000000000
[2018-04-28T01:54:03.304] [DEBUG] trans - Receipt info:  {
	"blockHash": "0x455a22e02e7a4242e4eb13a0f93461f76224bc9899afee939057ded11b5b73f6",
	"blockNumber": 5517807,
	"contractAddress": null,
	"cumulativeGasUsed": 6507972,
	"gasUsed": 51653,
	"logs": [
		{
			"address": "0x7e9e431a0B8c4D532C745B1043c7FA29a48D4fBa",
			"blockHash": "0x455a22e02e7a4242e4eb13a0f93461f76224bc9899afee939057ded11b5b73f6",
			"blockNumber": 5517807,
			"data": "0x00000000000000000000000000000000000000000000006177a4635fe2e24000",
			"logIndex": 142,
			"topics": [
				"0xddf252ad1be2c89b69c2b068fc378daa952ba7f163c4a11628f55a4df523b3ef",
				"0x000000000000000000000000468b858c964f297fd8fce058032bf4b4911a8ad8",
				"0x00000000000000000000000088d887f7c1cc1846545a69f2d337e74b1bdc0776"
			],
			"transactionHash": "0x36b3ae17e2f9afa029c52c78a34d6c296d36953f30577692925143d30c0dfbae",
			"transactionIndex": 101,
			"transactionLogIndex": "0x0",
			"type": "mined",
			"id": "log_3ee3763b"
		}
	],
	"logsBloom": "0x00000000000000000000000000020000400000000000000000000000000000000000000000000000000000000000000000000000000000000000000000000000000000000000010000000008000000000000800000000000000000000020000000000000000000000000000000000000000000000000000000000010000000000000000000000000000000000000000000000000000000000000000000000000000000000000000180000000000000000000000000000000000000010000000000001002000000000000000000000000000000000000000000000000000000000000000000000000000000000000000000000000000000000000000000000000",
	"root": null,
	"status": "0x1",
	"transactionHash": "0x36b3ae17e2f9afa029c52c78a34d6c296d36953f30577692925143d30c0dfbae",
	"transactionIndex": 101
}
[2018-04-28T01:54:03.305] [DEBUG] trans - TO:   0x96bc0a88f471dc77600ba1c14c0044b267c7b019
[2018-04-28T01:54:03.305] [DEBUG] trans - AMOUNT:   1797433200000000000000
[2018-04-28T01:54:03.305] [DEBUG] trans - Receipt info:  {
	"blockHash": "0x455a22e02e7a4242e4eb13a0f93461f76224bc9899afee939057ded11b5b73f6",
	"blockNumber": 5517807,
	"contractAddress": null,
	"cumulativeGasUsed": 6611086,
	"gasUsed": 51525,
	"logs": [
		{
			"address": "0x7e9e431a0B8c4D532C745B1043c7FA29a48D4fBa",
			"blockHash": "0x455a22e02e7a4242e4eb13a0f93461f76224bc9899afee939057ded11b5b73f6",
			"blockNumber": 5517807,
			"data": "0x00000000000000000000000000000000000000000000006170658430d5a70000",
			"logIndex": 144,
			"topics": [
				"0xddf252ad1be2c89b69c2b068fc378daa952ba7f163c4a11628f55a4df523b3ef",
				"0x000000000000000000000000468b858c964f297fd8fce058032bf4b4911a8ad8",
				"0x00000000000000000000000096bc0a88f471dc77600ba1c14c0044b267c7b019"
			],
			"transactionHash": "0x77d70e12d490ac1babc850b5aa4c2f884be6a1b740ff7cb4b509e7da820416ae",
			"transactionIndex": 103,
			"transactionLogIndex": "0x0",
			"type": "mined",
			"id": "log_82161dd0"
		}
	],
	"logsBloom": "0x00000000000000000000000000020000000000000000000000000000000000000000000000000000000000000000000000000000000000000000000000000000000000000000010000000008000000000000000000000000000000000020000000000000000000000000020000000000000000000000000000000010000000000000000000000000000000000000000000000000000000000000000000000000000000000000000080000000000000000000000000000000000000010000000001001002020000000000000000000000000000000000000000000000000000000000000000000000000000000000000000000000000000000000000000000000",
	"root": null,
	"status": "0x1",
	"transactionHash": "0x77d70e12d490ac1babc850b5aa4c2f884be6a1b740ff7cb4b509e7da820416ae",
	"transactionIndex": 103
}
[2018-04-28T01:54:03.306] [DEBUG] trans - TO:   0x2df082cf1f498cbe91adbed05700df402cc5548c
[2018-04-28T01:54:03.306] [DEBUG] trans - AMOUNT:   1797685800000000000000
[2018-04-28T01:54:03.306] [DEBUG] trans - Receipt info:  {
	"blockHash": "0x455a22e02e7a4242e4eb13a0f93461f76224bc9899afee939057ded11b5b73f6",
	"blockNumber": 5517807,
	"contractAddress": null,
	"cumulativeGasUsed": 6559561,
	"gasUsed": 51589,
	"logs": [
		{
			"address": "0x7e9e431a0B8c4D532C745B1043c7FA29a48D4fBa",
			"blockHash": "0x455a22e02e7a4242e4eb13a0f93461f76224bc9899afee939057ded11b5b73f6",
			"blockNumber": 5517807,
			"data": "0x00000000000000000000000000000000000000000000006173e6ee8d6bea8000",
			"logIndex": 143,
			"topics": [
				"0xddf252ad1be2c89b69c2b068fc378daa952ba7f163c4a11628f55a4df523b3ef",
				"0x000000000000000000000000468b858c964f297fd8fce058032bf4b4911a8ad8",
				"0x0000000000000000000000002df082cf1f498cbe91adbed05700df402cc5548c"
			],
			"transactionHash": "0x2ca69991116aba1825d603dd65301c59b9d9bd19efb09bdbf805ab3de526a0de",
			"transactionIndex": 102,
			"transactionLogIndex": "0x0",
			"type": "mined",
			"id": "log_cbadb873"
		}
	],
	"logsBloom": "0x00000000000000000000000000020000000000000000000000000000000000000000000000000000000000000000000000000000000000000000001000000000000000000000010000000008000000000000000000000000000000000020000000000000000000000000000000000000000000000000000000000010000000000000000000000000000000000000000000000000000000000000000000000000000000000000000080000000000000000000000000000000004000010000000000001002000000000000800000000000000000000000000000000000000000000000000000000000000000000000000000000000000000000000000000000000",
	"root": null,
	"status": "0x1",
	"transactionHash": "0x2ca69991116aba1825d603dd65301c59b9d9bd19efb09bdbf805ab3de526a0de",
	"transactionIndex": 102
}
[2018-04-28T01:54:03.306] [DEBUG] trans - TO:   0x5b86693f8c789e81eb75dce8ed6420b43fccdece
[2018-04-28T01:54:03.307] [DEBUG] trans - AMOUNT:   1797412000000000000000
[2018-04-28T01:54:03.307] [DEBUG] trans - Receipt info:  {
	"blockHash": "0x455a22e02e7a4242e4eb13a0f93461f76224bc9899afee939057ded11b5b73f6",
	"blockNumber": 5517807,
	"contractAddress": null,
	"cumulativeGasUsed": 6662675,
	"gasUsed": 51589,
	"logs": [
		{
			"address": "0x7e9e431a0B8c4D532C745B1043c7FA29a48D4fBa",
			"blockHash": "0x455a22e02e7a4242e4eb13a0f93461f76224bc9899afee939057ded11b5b73f6",
			"blockNumber": 5517807,
			"data": "0x000000000000000000000000000000000000000000000061701a32e7306a0000",
			"logIndex": 145,
			"topics": [
				"0xddf252ad1be2c89b69c2b068fc378daa952ba7f163c4a11628f55a4df523b3ef",
				"0x000000000000000000000000468b858c964f297fd8fce058032bf4b4911a8ad8",
				"0x0000000000000000000000005b86693f8c789e81eb75dce8ed6420b43fccdece"
			],
			"transactionHash": "0xc279acbf50ebb3bbadfe70a45e32b7499aff84f833fd0d431f41f2bf552e4099",
			"transactionIndex": 104,
			"transactionLogIndex": "0x0",
			"type": "mined",
			"id": "log_5650e852"
		}
	],
	"logsBloom": "0x00000000004000000000000000020000000000000000000000000000000000000000000000000800000000000000000000000000000000000000000000000000000000000000010000000008000000000000000000000000000000000020000000000000000000000000000000000000000000000000000000000010000000000000000000000000000000000000000000000000000000000000000000000000000000000000000080000000000000000000000000000000000000010000000000001002000000000000000000000000000000000000000000000000000000000000000000000000000000400000000000000000000000000000000000000000",
	"root": null,
	"status": "0x1",
	"transactionHash": "0xc279acbf50ebb3bbadfe70a45e32b7499aff84f833fd0d431f41f2bf552e4099",
	"transactionIndex": 104
}
[2018-04-28T01:54:03.307] [DEBUG] trans - TO:   0xbf5d7ebdfb9e79a42f40252b103dd88afbbbfd98
[2018-04-28T01:54:03.307] [DEBUG] trans - AMOUNT:   1796879600000000000000
[2018-04-28T01:54:03.307] [DEBUG] trans - Receipt info:  {
	"blockHash": "0x455a22e02e7a4242e4eb13a0f93461f76224bc9899afee939057ded11b5b73f6",
	"blockNumber": 5517807,
	"contractAddress": null,
	"cumulativeGasUsed": 6765853,
	"gasUsed": 51589,
	"logs": [
		{
			"address": "0x7e9e431a0B8c4D532C745B1043c7FA29a48D4fBa",
			"blockHash": "0x455a22e02e7a4242e4eb13a0f93461f76224bc9899afee939057ded11b5b73f6",
			"blockNumber": 5517807,
			"data": "0x00000000000000000000000000000000000000000000006168b6bbec81ff0000",
			"logIndex": 147,
			"topics": [
				"0xddf252ad1be2c89b69c2b068fc378daa952ba7f163c4a11628f55a4df523b3ef",
				"0x000000000000000000000000468b858c964f297fd8fce058032bf4b4911a8ad8",
				"0x000000000000000000000000bf5d7ebdfb9e79a42f40252b103dd88afbbbfd98"
			],
			"transactionHash": "0x342caf5a45da419ca3ca3f9c91a73e3bd0fb56687b57ed373460af9470c782ae",
			"transactionIndex": 106,
			"transactionLogIndex": "0x0",
			"type": "mined",
			"id": "log_4e361e6e"
		}
	],
	"logsBloom": "0x00000000000000000000000000020000000000000000000000000000000000000000000000000000000000000000000000000000000000000000000000000000000000000000010000000008000000000000000000000000000000000420000000000000000000000000000000000000000000000000000000000010000000000000000000000000000002000000000000000000000000000000000000000000000000000000100080000000000000000000000000000000000000010000000000001002000000000000000000000000000000000000000000000000000000000000000000000000000000000000000000000000000000000000000000000000",
	"root": null,
	"status": "0x1",
	"transactionHash": "0x342caf5a45da419ca3ca3f9c91a73e3bd0fb56687b57ed373460af9470c782ae",
	"transactionIndex": 106
}
[2018-04-28T01:54:03.308] [DEBUG] trans - TO:   0x112f43d25ddfc8d6b1266c61f53e47038ab64576
[2018-04-28T01:54:03.308] [DEBUG] trans - AMOUNT:   1798625600000000000000
[2018-04-28T01:54:03.308] [DEBUG] trans - Receipt info:  {
	"blockHash": "0x455a22e02e7a4242e4eb13a0f93461f76224bc9899afee939057ded11b5b73f6",
	"blockNumber": 5517807,
	"contractAddress": null,
	"cumulativeGasUsed": 6104687,
	"gasUsed": 51589,
	"logs": [
		{
			"address": "0x7e9e431a0B8c4D532C745B1043c7FA29a48D4fBa",
			"blockHash": "0x455a22e02e7a4242e4eb13a0f93461f76224bc9899afee939057ded11b5b73f6",
			"blockNumber": 5517807,
			"data": "0x00000000000000000000000000000000000000000000006180f1c5ac53d40000",
			"logIndex": 133,
			"topics": [
				"0xddf252ad1be2c89b69c2b068fc378daa952ba7f163c4a11628f55a4df523b3ef",
				"0x000000000000000000000000468b858c964f297fd8fce058032bf4b4911a8ad8",
				"0x000000000000000000000000112f43d25ddfc8d6b1266c61f53e47038ab64576"
			],
			"transactionHash": "0x51128d4ccb3120bb5b2ebeebf68da9b3e5eaf64510d3dfa82cae04a0d9cbafa6",
			"transactionIndex": 93,
			"transactionLogIndex": "0x0",
			"type": "mined",
			"id": "log_37bca1d8"
		}
	],
	"logsBloom": "0x00000000000000000000000000020000000000000000000000000000000000000000000000000000000000000000000000000000000000000000000000000000000000000000010000000008000000000000000000000000000000000020002000000000000000000000000000000000000000000000000000000010000000000000000000000000000000000000000000000000000000000000800000000000000000000000000080000000000000000000000000000000000000010000000000001002000000000000000000000000000000000000000000000000000000000000000000000000000000000000000000000000000000040000000000000000",
	"root": null,
	"status": "0x1",
	"transactionHash": "0x51128d4ccb3120bb5b2ebeebf68da9b3e5eaf64510d3dfa82cae04a0d9cbafa6",
	"transactionIndex": 93
}
[2018-04-28T01:54:03.309] [DEBUG] trans - TO:   0x50a14850ebf1d9d78b92e574c9c637902f3b1746
[2018-04-28T01:54:03.309] [DEBUG] trans - AMOUNT:   1796383000000000000000
[2018-04-28T01:54:03.309] [DEBUG] trans - Receipt info:  {
	"blockHash": "0x455a22e02e7a4242e4eb13a0f93461f76224bc9899afee939057ded11b5b73f6",
	"blockNumber": 5517807,
	"contractAddress": null,
	"cumulativeGasUsed": 7023926,
	"gasUsed": 51653,
	"logs": [
		{
			"address": "0x7e9e431a0B8c4D532C745B1043c7FA29a48D4fBa",
			"blockHash": "0x455a22e02e7a4242e4eb13a0f93461f76224bc9899afee939057ded11b5b73f6",
			"blockNumber": 5517807,
			"data": "0x00000000000000000000000000000000000000000000006161d274dade898000",
			"logIndex": 152,
			"topics": [
				"0xddf252ad1be2c89b69c2b068fc378daa952ba7f163c4a11628f55a4df523b3ef",
				"0x000000000000000000000000468b858c964f297fd8fce058032bf4b4911a8ad8",
				"0x00000000000000000000000050a14850ebf1d9d78b92e574c9c637902f3b1746"
			],
			"transactionHash": "0x5e58d53384f2594cf9f3a5c6b2695d48c8d0b09fae596d82b2f8f7751145d7fd",
			"transactionIndex": 111,
			"transactionLogIndex": "0x0",
			"type": "mined",
			"id": "log_73b6ee34"
		}
	],
	"logsBloom": "0x00000000000000000000000000020000000000000000000000000000000000000000000000000000000000000000000000000000000000000000000000000000000000000000010000000008000000000000000000000000000000000020000000000000000000000000000000000000000000000000000000000010000000000000000000000000000000000000000002000000000000000000000000000000000000000000000880000000000000000000000000000000000000010000000000001002000000000000000000000000000000000000000000000000000000000000000000000000000000000000000000000000000000000000000000000020",
	"root": null,
	"status": "0x1",
	"transactionHash": "0x5e58d53384f2594cf9f3a5c6b2695d48c8d0b09fae596d82b2f8f7751145d7fd",
	"transactionIndex": 111
}
[2018-04-28T01:54:03.309] [DEBUG] trans - TO:   0x86c84f3ace11d0da75166553d4047eeb598afb36
[2018-04-28T01:54:03.309] [DEBUG] trans - AMOUNT:   1796690000000000000000
[2018-04-28T01:54:03.309] [DEBUG] trans - Receipt info:  {
	"blockHash": "0x455a22e02e7a4242e4eb13a0f93461f76224bc9899afee939057ded11b5b73f6",
	"blockNumber": 5517807,
	"contractAddress": null,
	"cumulativeGasUsed": 6817442,
	"gasUsed": 51589,
	"logs": [
		{
			"address": "0x7e9e431a0B8c4D532C745B1043c7FA29a48D4fBa",
			"blockHash": "0x455a22e02e7a4242e4eb13a0f93461f76224bc9899afee939057ded11b5b73f6",
			"blockNumber": 5517807,
			"data": "0x000000000000000000000000000000000000000000000061661523ba78950000",
			"logIndex": 148,
			"topics": [
				"0xddf252ad1be2c89b69c2b068fc378daa952ba7f163c4a11628f55a4df523b3ef",
				"0x000000000000000000000000468b858c964f297fd8fce058032bf4b4911a8ad8",
				"0x00000000000000000000000086c84f3ace11d0da75166553d4047eeb598afb36"
			],
			"transactionHash": "0x84f15710678abf7422516f6b97596683c64fecaf18565a9a41a591c6428e1d40",
			"transactionIndex": 107,
			"transactionLogIndex": "0x0",
			"type": "mined",
			"id": "log_47a8c177"
		}
	],
	"logsBloom": "0x00000000000000000000000000020000000000000000000000000000000000000000000000000000000000000000000000000000000000000000000000000000000000000000010000000008000000000000000000000000000000000020000000000000000000000000000000000000000000000000000000000010000000002000000000000000000000000000000200000000000000000000000000000000000000000000000080000000000000000000000000000000000000010000000000001002000000000000000000000000000800000000000000000000000000000000000000000000000000000000000000000000000000000000000000000000",
	"root": null,
	"status": "0x1",
	"transactionHash": "0x84f15710678abf7422516f6b97596683c64fecaf18565a9a41a591c6428e1d40",
	"transactionIndex": 107
}
[2018-04-28T01:54:03.310] [DEBUG] trans - TO:   0xbc0bab1964781932b0ff53b1e80842ecf49a5eff
[2018-04-28T01:54:03.310] [DEBUG] trans - AMOUNT:   1796625200000000000000
[2018-04-28T01:54:03.310] [DEBUG] trans - Receipt info:  {
	"blockHash": "0x455a22e02e7a4242e4eb13a0f93461f76224bc9899afee939057ded11b5b73f6",
	"blockNumber": 5517807,
	"contractAddress": null,
	"cumulativeGasUsed": 6869031,
	"gasUsed": 51589,
	"logs": [
		{
			"address": "0x7e9e431a0B8c4D532C745B1043c7FA29a48D4fBa",
			"blockHash": "0x455a22e02e7a4242e4eb13a0f93461f76224bc9899afee939057ded11b5b73f6",
			"blockNumber": 5517807,
			"data": "0x000000000000000000000000000000000000000000000061652eec78c3230000",
			"logIndex": 149,
			"topics": [
				"0xddf252ad1be2c89b69c2b068fc378daa952ba7f163c4a11628f55a4df523b3ef",
				"0x000000000000000000000000468b858c964f297fd8fce058032bf4b4911a8ad8",
				"0x000000000000000000000000bc0bab1964781932b0ff53b1e80842ecf49a5eff"
			],
			"transactionHash": "0x7a616609d32c1557367936ce0fcfbda48af72ee5215234d0e5d8efafca732f0e",
			"transactionIndex": 108,
			"transactionLogIndex": "0x0",
			"type": "mined",
			"id": "log_41fcff6a"
		}
	],
	"logsBloom": "0x04000000000000000000000000020000000000000000000000000000000000000000000000000000000000000000000000000000000000000000000000000000000000000000010000000008000000000000000000020000000000000020000000000000000000000000000000000000000000000000000000000010000000000000000000000000000000000000000000000000000000000000000000000000000000000000000080000000000000000000000000000000000000010000000000001002000000000000000000000000000000000000000000000000000000000000000000000000000000000000000000000000000000000000000000000000",
	"root": null,
	"status": "0x1",
	"transactionHash": "0x7a616609d32c1557367936ce0fcfbda48af72ee5215234d0e5d8efafca732f0e",
	"transactionIndex": 108
}
[2018-04-28T01:54:03.311] [DEBUG] trans - TO:   0xe82a8a1bfb25d0f7847eaa08a43be9927b7b6c95
[2018-04-28T01:54:03.311] [DEBUG] trans - AMOUNT:   1796900000000000000000
[2018-04-28T01:54:03.311] [DEBUG] trans - Receipt info:  {
	"blockHash": "0x455a22e02e7a4242e4eb13a0f93461f76224bc9899afee939057ded11b5b73f6",
	"blockNumber": 5517807,
	"contractAddress": null,
	"cumulativeGasUsed": 6714264,
	"gasUsed": 51589,
	"logs": [
		{
			"address": "0x7e9e431a0B8c4D532C745B1043c7FA29a48D4fBa",
			"blockHash": "0x455a22e02e7a4242e4eb13a0f93461f76224bc9899afee939057ded11b5b73f6",
			"blockNumber": 5517807,
			"data": "0x00000000000000000000000000000000000000000000006168ff359da36a0000",
			"logIndex": 146,
			"topics": [
				"0xddf252ad1be2c89b69c2b068fc378daa952ba7f163c4a11628f55a4df523b3ef",
				"0x000000000000000000000000468b858c964f297fd8fce058032bf4b4911a8ad8",
				"0x000000000000000000000000e82a8a1bfb25d0f7847eaa08a43be9927b7b6c95"
			],
			"transactionHash": "0x4e04d1337f98798170bd3f341db5c0fd41522f857ad0d01bc043e65d984f19da",
			"transactionIndex": 105,
			"transactionLogIndex": "0x0",
			"type": "mined",
			"id": "log_f310b1fa"
		}
	],
	"logsBloom": "0x00000000000000000000000000020000000000000000000000000000000000000000000000000000000000000000000000000000000000000000000000000000000000000000010000000008000000000000000000000000000000000020000000000000000000000000000000000000004000000000000000000010002000000000000000000000000000000000000000000000000000000000000000000000000000000000000080000000000000000000000000000000000000010000000000001002000000000000000000000000000000000000000000000000020000000000000000000000000000000000000000000000000000000000000000000000",
	"root": null,
	"status": "0x1",
	"transactionHash": "0x4e04d1337f98798170bd3f341db5c0fd41522f857ad0d01bc043e65d984f19da",
	"transactionIndex": 105
}
[2018-04-28T01:54:03.311] [DEBUG] trans - TO:   0x4b117e805dff0cd6901dbf88da4f19957257fcad
[2018-04-28T01:54:03.311] [DEBUG] trans - AMOUNT:   1796522400000000000000
[2018-04-28T01:54:03.311] [DEBUG] trans - Receipt info:  {
	"blockHash": "0x455a22e02e7a4242e4eb13a0f93461f76224bc9899afee939057ded11b5b73f6",
	"blockNumber": 5517807,
	"contractAddress": null,
	"cumulativeGasUsed": 6920620,
	"gasUsed": 51589,
	"logs": [
		{
			"address": "0x7e9e431a0B8c4D532C745B1043c7FA29a48D4fBa",
			"blockHash": "0x455a22e02e7a4242e4eb13a0f93461f76224bc9899afee939057ded11b5b73f6",
			"blockNumber": 5517807,
			"data": "0x00000000000000000000000000000000000000000000006163c1b46a983a0000",
			"logIndex": 150,
			"topics": [
				"0xddf252ad1be2c89b69c2b068fc378daa952ba7f163c4a11628f55a4df523b3ef",
				"0x000000000000000000000000468b858c964f297fd8fce058032bf4b4911a8ad8",
				"0x0000000000000000000000004b117e805dff0cd6901dbf88da4f19957257fcad"
			],
			"transactionHash": "0xa43b93063bab5f050c0114d770d737f2046800fe1f1d4d233231bde4fb5427e1",
			"transactionIndex": 109,
			"transactionLogIndex": "0x0",
			"type": "mined",
			"id": "log_dc8a8255"
		}
	],
	"logsBloom": "0x00000000000000000000000000020000000000000000000000000000000000000000000000000000000000000000000000000000000000000000000000000000000000000000010001000008000000000000000000000000000000000020000000000000000000000000000000000000000000000000000000000010000000000000000000000000000000000000000000000000000000000000000000000000000200000000000080000000000000000000000000000000000000010000000000001002000000000000000000000000000000000000000000000000000000000000000000000000000000000000000000000000000000000000000010000000",
	"root": null,
	"status": "0x1",
	"transactionHash": "0xa43b93063bab5f050c0114d770d737f2046800fe1f1d4d233231bde4fb5427e1",
	"transactionIndex": 109
}
[2018-04-28T01:54:03.314] [DEBUG] trans - TO:   0x9c56a1b3410baf6c55d541e9c95686125c0bee12
[2018-04-28T01:54:03.315] [DEBUG] trans - AMOUNT:   1796488600000000000000
[2018-04-28T01:54:03.315] [DEBUG] trans - Receipt info:  {
	"blockHash": "0x455a22e02e7a4242e4eb13a0f93461f76224bc9899afee939057ded11b5b73f6",
	"blockNumber": 5517807,
	"contractAddress": null,
	"cumulativeGasUsed": 6972273,
	"gasUsed": 51653,
	"logs": [
		{
			"address": "0x7e9e431a0B8c4D532C745B1043c7FA29a48D4fBa",
			"blockHash": "0x455a22e02e7a4242e4eb13a0f93461f76224bc9899afee939057ded11b5b73f6",
			"blockNumber": 5517807,
			"data": "0x00000000000000000000000000000000000000000000006163499f7ed6d18000",
			"logIndex": 151,
			"topics": [
				"0xddf252ad1be2c89b69c2b068fc378daa952ba7f163c4a11628f55a4df523b3ef",
				"0x000000000000000000000000468b858c964f297fd8fce058032bf4b4911a8ad8",
				"0x0000000000000000000000009c56a1b3410baf6c55d541e9c95686125c0bee12"
			],
			"transactionHash": "0xc051b94e2635a93ddaf41c34e78cb6dd4ffc8fd586a0106236277acb9ce953a7",
			"transactionIndex": 110,
			"transactionLogIndex": "0x0",
			"type": "mined",
			"id": "log_8f105dae"
		}
	],
	"logsBloom": "0x00000000000000000000000000020000000100000000000000000000000000000000000000000000000000000000000000000000000000000000000000000000000000000000010000000008800000000000000000000000000000000020000000000000000000000000000000000000000000000000000000000010000000000000000000000000000000000000000000000000000000000000000800000000000000000000000080000000000000000000000000000000000000010000000000001002000000000000000000000000000000000000000000000000000000000000000000000000000000000000000000000000000000000000000000000000",
	"root": null,
	"status": "0x1",
	"transactionHash": "0xc051b94e2635a93ddaf41c34e78cb6dd4ffc8fd586a0106236277acb9ce953a7",
	"transactionIndex": 110
}
[2018-04-28T01:54:12.315] [DEBUG] trans - TO:   0x526d6374ce720fb153b7c97c5064187c084ed1fe
[2018-04-28T01:54:12.316] [DEBUG] trans - AMOUNT:   1796194300000000000000
[2018-04-28T01:54:12.316] [DEBUG] trans - Receipt info:  {
	"blockHash": "0xc04aecb0131d754ad33a13ee639dbf8b23c9eb0cd293ddadf74b07d303c8a07c",
	"blockNumber": 5517808,
	"contractAddress": null,
	"cumulativeGasUsed": 4604812,
	"gasUsed": 51653,
	"logs": [
		{
			"address": "0x7e9e431a0B8c4D532C745B1043c7FA29a48D4fBa",
			"blockHash": "0xc04aecb0131d754ad33a13ee639dbf8b23c9eb0cd293ddadf74b07d303c8a07c",
			"blockNumber": 5517808,
			"data": "0x0000000000000000000000000000000000000000000000615f340f34696bc000",
			"logIndex": 75,
			"topics": [
				"0xddf252ad1be2c89b69c2b068fc378daa952ba7f163c4a11628f55a4df523b3ef",
				"0x000000000000000000000000468b858c964f297fd8fce058032bf4b4911a8ad8",
				"0x000000000000000000000000526d6374ce720fb153b7c97c5064187c084ed1fe"
			],
			"transactionHash": "0x88716567f67331a3197fbeedc704b82d5ba79172820504c464a217f7e4bf09fc",
			"transactionIndex": 125,
			"transactionLogIndex": "0x0",
			"type": "mined",
			"id": "log_b7622557"
		}
	],
	"logsBloom": "0x00000000000000000000000000020000000000000000000000000000000000000000000000000000000000000000000000000000000000000000000000000000000000000000010000000008000000000000000000000000000000000020000000000000000000000000002000000000000000000000000000000010000000000000000000000000000000000000000000000000000000000000000000000000000000000000400080000000000000000000000000000000000000010000000000001002000000000000000000000000000000000000000000000000000000000000000000000000000000000000000000000000000000000000000000040000",
	"root": null,
	"status": "0x1",
	"transactionHash": "0x88716567f67331a3197fbeedc704b82d5ba79172820504c464a217f7e4bf09fc",
	"transactionIndex": 125
}
[2018-04-28T01:54:25.327] [DEBUG] trans - TO:   0xe0342a7eb22629794401a705af133ad85f200092
[2018-04-28T01:54:25.327] [DEBUG] trans - AMOUNT:   1796157200000000000000
[2018-04-28T01:54:25.327] [DEBUG] trans - Receipt info:  {
	"blockHash": "0x62663ed182d5285eeb34e4260b79170a9892bd8f07edb2e3f5ed2ff0053405b9",
	"blockNumber": 5517810,
	"contractAddress": null,
	"cumulativeGasUsed": 696351,
	"gasUsed": 51525,
	"logs": [
		{
			"address": "0x7e9e431a0B8c4D532C745B1043c7FA29a48D4fBa",
			"blockHash": "0x62663ed182d5285eeb34e4260b79170a9892bd8f07edb2e3f5ed2ff0053405b9",
			"blockNumber": 5517810,
			"data": "0x0000000000000000000000000000000000000000000000615eb040f388410000",
			"logIndex": 9,
			"topics": [
				"0xddf252ad1be2c89b69c2b068fc378daa952ba7f163c4a11628f55a4df523b3ef",
				"0x000000000000000000000000468b858c964f297fd8fce058032bf4b4911a8ad8",
				"0x000000000000000000000000e0342a7eb22629794401a705af133ad85f200092"
			],
			"transactionHash": "0x7821e007975b6c73f315990ebc95b7895d34909d33b70dc1a957110409c61c26",
			"transactionIndex": 9,
			"transactionLogIndex": "0x0",
			"type": "mined",
			"id": "log_5e944684"
		}
	],
	"logsBloom": "0x00000000000000000000000000020000000000000000000000000000800000000000000000000000000000000000000000000000000000000000000000000000000000000000050000000008000000000000000000000000000000000020000000000000000000000000000000000000000000000000000000000010000000000000000000000000000000000000000010000000000000000000000000000000000000000000000080000000000000000000000000000000000000010000000000001002000000000000000000000000000000000000000000000000000000000000000000000000000000000000000000000000000000000000000000000000",
	"root": null,
	"status": "0x1",
	"transactionHash": "0x7821e007975b6c73f315990ebc95b7895d34909d33b70dc1a957110409c61c26",
	"transactionIndex": 9
}
[2018-04-28T01:54:25.329] [DEBUG] trans - TO:   0xad554ea5ef3d4d2db96886f4d6bc1ceae6fcac88
[2018-04-28T01:54:25.329] [DEBUG] trans - AMOUNT:   1795700000000000000000
[2018-04-28T01:54:25.329] [DEBUG] trans - Receipt info:  {
	"blockHash": "0x62663ed182d5285eeb34e4260b79170a9892bd8f07edb2e3f5ed2ff0053405b9",
	"blockNumber": 5517810,
	"contractAddress": null,
	"cumulativeGasUsed": 5361094,
	"gasUsed": 51589,
	"logs": [
		{
			"address": "0x7e9e431a0B8c4D532C745B1043c7FA29a48D4fBa",
			"blockHash": "0x62663ed182d5285eeb34e4260b79170a9892bd8f07edb2e3f5ed2ff0053405b9",
			"blockNumber": 5517810,
			"data": "0x0000000000000000000000000000000000000000000000615857f3f940f20000",
			"logIndex": 89,
			"topics": [
				"0xddf252ad1be2c89b69c2b068fc378daa952ba7f163c4a11628f55a4df523b3ef",
				"0x000000000000000000000000468b858c964f297fd8fce058032bf4b4911a8ad8",
				"0x000000000000000000000000ad554ea5ef3d4d2db96886f4d6bc1ceae6fcac88"
			],
			"transactionHash": "0xf4c7e7f8f196b6439b1f5f60ca6dcd1a329e58372f76f7a4bdf8027e3bb54100",
			"transactionIndex": 80,
			"transactionLogIndex": "0x0",
			"type": "mined",
			"id": "log_704bd685"
		}
	],
	"logsBloom": "0x00002000000000000000000000020000000000000000000000000000000000000000000000000000000000000000000000000000000000000000000000000000000200000000010000000008000000000000000000000000000000000020000000000000000000000000000000000000000000000000000000000010000000000000000000000000000000000000000000000000000000000000000000000000000000000000000080000000000000000000000000000000000000010000008000001002000000000000000000000000000000000000000000000000000000000000000000000000000000000000000000000000000000000000000000000000",
	"root": null,
	"status": "0x1",
	"transactionHash": "0xf4c7e7f8f196b6439b1f5f60ca6dcd1a329e58372f76f7a4bdf8027e3bb54100",
	"transactionIndex": 80
}
[2018-04-28T01:54:25.329] [DEBUG] trans - TO:   0xf9c83e7354bba09e2461368e0ae5272e25241cba
[2018-04-28T01:54:25.329] [DEBUG] trans - AMOUNT:   1795671900000000000000
[2018-04-28T01:54:25.329] [DEBUG] trans - Receipt info:  {
	"blockHash": "0x62663ed182d5285eeb34e4260b79170a9892bd8f07edb2e3f5ed2ff0053405b9",
	"blockNumber": 5517810,
	"contractAddress": null,
	"cumulativeGasUsed": 5596182,
	"gasUsed": 51653,
	"logs": [
		{
			"address": "0x7e9e431a0B8c4D532C745B1043c7FA29a48D4fBa",
			"blockHash": "0x62663ed182d5285eeb34e4260b79170a9892bd8f07edb2e3f5ed2ff0053405b9",
			"blockNumber": 5517810,
			"data": "0x00000000000000000000000000000000000000000000006157f41f2c2ac1c000",
			"logIndex": 94,
			"topics": [
				"0xddf252ad1be2c89b69c2b068fc378daa952ba7f163c4a11628f55a4df523b3ef",
				"0x000000000000000000000000468b858c964f297fd8fce058032bf4b4911a8ad8",
				"0x000000000000000000000000f9c83e7354bba09e2461368e0ae5272e25241cba"
			],
			"transactionHash": "0x48229d900a5c2cf83a2d4de8e4465511c209bb2a3d112c54d59301489ab5f746",
			"transactionIndex": 86,
			"transactionLogIndex": "0x0",
			"type": "mined",
			"id": "log_acea19ca"
		}
	],
	"logsBloom": "0x00000000000000000000000000020000000000000000000010000000000000000000000000000000000000000000000000080000000000000000000000000000000000000000010000000008000000000000000000000000000000000020000000000000000000000000000000000000000000000000000000000010000000000000000000000000000000000000000000000000000000000000000000000000000000000000000080000000000000000000000000000010000000010000000000001002000000000000000000000000000000000000000000000000000000000000000000000000000000000000000000000000000000000000000000000000",
	"root": null,
	"status": "0x1",
	"transactionHash": "0x48229d900a5c2cf83a2d4de8e4465511c209bb2a3d112c54d59301489ab5f746",
	"transactionIndex": 86
}
[2018-04-28T01:54:25.330] [DEBUG] trans - TO:   0xe02234f09c4662d881200018d96f57d6527c3947
[2018-04-28T01:54:25.330] [DEBUG] trans - AMOUNT:   1795700000000000000000
[2018-04-28T01:54:25.330] [DEBUG] trans - Receipt info:  {
	"blockHash": "0x62663ed182d5285eeb34e4260b79170a9892bd8f07edb2e3f5ed2ff0053405b9",
	"blockNumber": 5517810,
	"contractAddress": null,
	"cumulativeGasUsed": 5507808,
	"gasUsed": 51525,
	"logs": [
		{
			"address": "0x7e9e431a0B8c4D532C745B1043c7FA29a48D4fBa",
			"blockHash": "0x62663ed182d5285eeb34e4260b79170a9892bd8f07edb2e3f5ed2ff0053405b9",
			"blockNumber": 5517810,
			"data": "0x0000000000000000000000000000000000000000000000615857f3f940f20000",
			"logIndex": 92,
			"topics": [
				"0xddf252ad1be2c89b69c2b068fc378daa952ba7f163c4a11628f55a4df523b3ef",
				"0x000000000000000000000000468b858c964f297fd8fce058032bf4b4911a8ad8",
				"0x000000000000000000000000e02234f09c4662d881200018d96f57d6527c3947"
			],
			"transactionHash": "0x40eebec7b74bdce6e1faa79be8c5a8085ab0ef5dc04bb2e8c35f333d4db917c0",
			"transactionIndex": 84,
			"transactionLogIndex": "0x0",
			"type": "mined",
			"id": "log_b119b15d"
		}
	],
	"logsBloom": "0x00002000000000000000000000020000000000000000000000000000000000000000000000000000000000000000000000000000000000000000000000000000000000000000010000000008000000000000000000000000000000000020000000000000000000000800000000000000000000000000000000000010000000000000000000000000000000000000000000000000000000000000000000000000000000000000000080000000000000000000040000000000000000010000000000001002000000000000000000000000000000000000000000000000000000000000000000000000000000000000000000000000000000000000000000000000",
	"root": null,
	"status": "0x1",
	"transactionHash": "0x40eebec7b74bdce6e1faa79be8c5a8085ab0ef5dc04bb2e8c35f333d4db917c0",
	"transactionIndex": 84
}
[2018-04-28T01:54:25.330] [DEBUG] trans - TO:   0x3f6c8363f1f96283f131a11fc967dae5c466e73b
[2018-04-28T01:54:25.330] [DEBUG] trans - AMOUNT:   1795360200000000000000
[2018-04-28T01:54:25.330] [DEBUG] trans - Receipt info:  {
	"blockHash": "0x62663ed182d5285eeb34e4260b79170a9892bd8f07edb2e3f5ed2ff0053405b9",
	"blockNumber": 5517810,
	"contractAddress": null,
	"cumulativeGasUsed": 6101893,
	"gasUsed": 51653,
	"logs": [
		{
			"address": "0x7e9e431a0B8c4D532C745B1043c7FA29a48D4fBa",
			"blockHash": "0x62663ed182d5285eeb34e4260b79170a9892bd8f07edb2e3f5ed2ff0053405b9",
			"blockNumber": 5517810,
			"data": "0x00000000000000000000000000000000000000000000006153a0bdac8a448000",
			"logIndex": 102,
			"topics": [
				"0xddf252ad1be2c89b69c2b068fc378daa952ba7f163c4a11628f55a4df523b3ef",
				"0x000000000000000000000000468b858c964f297fd8fce058032bf4b4911a8ad8",
				"0x0000000000000000000000003f6c8363f1f96283f131a11fc967dae5c466e73b"
			],
			"transactionHash": "0xff8db4c23e2e69aee14467c243d4722e22360a9b982f6fdf753cb8413b7b77a8",
			"transactionIndex": 101,
			"transactionLogIndex": "0x0",
			"type": "mined",
			"id": "log_04e6a464"
		}
	],
	"logsBloom": "0x00000000000000000000000000020000000000000000000000000040000000000000000000000000000000000000000000000000000000000000000000000000000000000000010000000008000000000000000000000000000000000020000000000000000000000000000000000000000000000000000000008010000000000000000000000000000000000000000000000000000000000000000000000000000000000000000080000000000000000000000000000000000000010000000000001002000000000000000000000000000000000000002000000000000000000000000000000000000000000000000000000000000000000000000000000000",
	"root": null,
	"status": "0x1",
	"transactionHash": "0xff8db4c23e2e69aee14467c243d4722e22360a9b982f6fdf753cb8413b7b77a8",
	"transactionIndex": 101
}
[2018-04-28T01:54:25.330] [DEBUG] trans - TO:   0x8f1b7e1c8d7c51d84ac861e11153be97910780b7
[2018-04-28T01:54:25.330] [DEBUG] trans - AMOUNT:   1795302000000000000000
[2018-04-28T01:54:25.330] [DEBUG] trans - Receipt info:  {
	"blockHash": "0x62663ed182d5285eeb34e4260b79170a9892bd8f07edb2e3f5ed2ff0053405b9",
	"blockNumber": 5517810,
	"contractAddress": null,
	"cumulativeGasUsed": 6153482,
	"gasUsed": 51589,
	"logs": [
		{
			"address": "0x7e9e431a0B8c4D532C745B1043c7FA29a48D4fBa",
			"blockHash": "0x62663ed182d5285eeb34e4260b79170a9892bd8f07edb2e3f5ed2ff0053405b9",
			"blockNumber": 5517810,
			"data": "0x00000000000000000000000000000000000000000000006152d1f91514570000",
			"logIndex": 103,
			"topics": [
				"0xddf252ad1be2c89b69c2b068fc378daa952ba7f163c4a11628f55a4df523b3ef",
				"0x000000000000000000000000468b858c964f297fd8fce058032bf4b4911a8ad8",
				"0x0000000000000000000000008f1b7e1c8d7c51d84ac861e11153be97910780b7"
			],
			"transactionHash": "0xac670730d15c8f392e208c8d773dfbaf440685be8ab96f04088067e57d82e695",
			"transactionIndex": 102,
			"transactionLogIndex": "0x0",
			"type": "mined",
			"id": "log_8f21b9fc"
		}
	],
	"logsBloom": "0x00000000000000000000000000020000000000000000000000000000000000000000000000000000080000000000000000000000000000000000000000000000000000000000010000000008000000000000000000000000000000000020000000000000000000000000000000000000000000000000000000000010000000000000000000000000000004000000000000000000000000000000000000000000000000000000000080000000000000000000000000000000000000010000000000001002000000000000000000000000000000000000000000000000000000000000000000000000000000000000000400000000000000000000000000000000",
	"root": null,
	"status": "0x1",
	"transactionHash": "0xac670730d15c8f392e208c8d773dfbaf440685be8ab96f04088067e57d82e695",
	"transactionIndex": 102
}
[2018-04-28T01:54:25.331] [DEBUG] trans - TO:   0x76216ed0e619cae382f55befcb564b8bf05a3aae
[2018-04-28T01:54:25.331] [DEBUG] trans - AMOUNT:   1795273900000000000000
[2018-04-28T01:54:25.331] [DEBUG] trans - Receipt info:  {
	"blockHash": "0x62663ed182d5285eeb34e4260b79170a9892bd8f07edb2e3f5ed2ff0053405b9",
	"blockNumber": 5517810,
	"contractAddress": null,
	"cumulativeGasUsed": 6205135,
	"gasUsed": 51653,
	"logs": [
		{
			"address": "0x7e9e431a0B8c4D532C745B1043c7FA29a48D4fBa",
			"blockHash": "0x62663ed182d5285eeb34e4260b79170a9892bd8f07edb2e3f5ed2ff0053405b9",
			"blockNumber": 5517810,
			"data": "0x000000000000000000000000000000000000000000000061526e2447fe26c000",
			"logIndex": 104,
			"topics": [
				"0xddf252ad1be2c89b69c2b068fc378daa952ba7f163c4a11628f55a4df523b3ef",
				"0x000000000000000000000000468b858c964f297fd8fce058032bf4b4911a8ad8",
				"0x00000000000000000000000076216ed0e619cae382f55befcb564b8bf05a3aae"
			],
			"transactionHash": "0xaf1d465ca66653c74dbb0d562968ebcc3686607121618bbce913eb230e877971",
			"transactionIndex": 103,
			"transactionLogIndex": "0x0",
			"type": "mined",
			"id": "log_87b34b0c"
		}
	],
	"logsBloom": "0x20000000000000000000000000020000000000000000000000000000000000200000000000000000000000000000000000000000000000000000000000000000000000000000010000000008000000000000000000000000000000001020000000000000000000000000000000000000000000000000000000000010000000000000000000000000000000000000000000000000000000000000000000000000000000000000000080000000000000000000000000000000000000010000000000001002000000000000000000000000000000000000000000000000000000000000000000000000000000000000000000000000000000000000000000000000",
	"root": null,
	"status": "0x1",
	"transactionHash": "0xaf1d465ca66653c74dbb0d562968ebcc3686607121618bbce913eb230e877971",
	"transactionIndex": 103
}
[2018-04-28T01:54:25.331] [DEBUG] trans - TO:   0x18dc413f5e77729eb998eb33f5278a1c0af96c9e
[2018-04-28T01:54:25.331] [DEBUG] trans - AMOUNT:   1794359100000000000000
[2018-04-28T01:54:25.332] [DEBUG] trans - Receipt info:  {
	"blockHash": "0x62663ed182d5285eeb34e4260b79170a9892bd8f07edb2e3f5ed2ff0053405b9",
	"blockNumber": 5517810,
	"contractAddress": null,
	"cumulativeGasUsed": 6635061,
	"gasUsed": 51653,
	"logs": [
		{
			"address": "0x7e9e431a0B8c4D532C745B1043c7FA29a48D4fBa",
			"blockHash": "0x62663ed182d5285eeb34e4260b79170a9892bd8f07edb2e3f5ed2ff0053405b9",
			"blockNumber": 5517810,
			"data": "0x00000000000000000000000000000000000000000000006145bc1e872d9fc000",
			"logIndex": 110,
			"topics": [
				"0xddf252ad1be2c89b69c2b068fc378daa952ba7f163c4a11628f55a4df523b3ef",
				"0x000000000000000000000000468b858c964f297fd8fce058032bf4b4911a8ad8",
				"0x00000000000000000000000018dc413f5e77729eb998eb33f5278a1c0af96c9e"
			],
			"transactionHash": "0x284c5909be5a5a3ef9bff3ebcd10d1be3fe0c13f22e21cafae180bf44d1eeb92",
			"transactionIndex": 111,
			"transactionLogIndex": "0x0",
			"type": "mined",
			"id": "log_d27020d3"
		}
	],
	"logsBloom": "0x00000000000000000000000000020000000000000000000000000000000000000000000200000000000000000000000000000000000000000000000000000000000000000000010000000008000000000000000000000000000000000020000000000000000000000000000000000000000000000000000000000010000000000100000000000000000000000000000000000000000000000000000000000000000000000000000080000000000000000000000000000000000000010000000000021002000000000000000000000000000000000000000000000000000000000000000000000000000000000000000000000000000000000000000000000000",
	"root": null,
	"status": "0x1",
	"transactionHash": "0x284c5909be5a5a3ef9bff3ebcd10d1be3fe0c13f22e21cafae180bf44d1eeb92",
	"transactionIndex": 111
}
[2018-04-28T01:54:25.332] [DEBUG] trans - TO:   0xe682734b532b759b378d18dc97cf872143c50037
[2018-04-28T01:54:25.332] [DEBUG] trans - AMOUNT:   1795200000000000000000
[2018-04-28T01:54:25.332] [DEBUG] trans - Receipt info:  {
	"blockHash": "0x62663ed182d5285eeb34e4260b79170a9892bd8f07edb2e3f5ed2ff0053405b9",
	"blockNumber": 5517810,
	"contractAddress": null,
	"cumulativeGasUsed": 6256660,
	"gasUsed": 51525,
	"logs": [
		{
			"address": "0x7e9e431a0B8c4D532C745B1043c7FA29a48D4fBa",
			"blockHash": "0x62663ed182d5285eeb34e4260b79170a9892bd8f07edb2e3f5ed2ff0053405b9",
			"blockNumber": 5517810,
			"data": "0x0000000000000000000000000000000000000000000000615167989f6d400000",
			"logIndex": 105,
			"topics": [
				"0xddf252ad1be2c89b69c2b068fc378daa952ba7f163c4a11628f55a4df523b3ef",
				"0x000000000000000000000000468b858c964f297fd8fce058032bf4b4911a8ad8",
				"0x000000000000000000000000e682734b532b759b378d18dc97cf872143c50037"
			],
			"transactionHash": "0x603c73d4c24b9967f0aa13b918ec48ab859db01a3551ad9e6a9eab831c5cc017",
			"transactionIndex": 104,
			"transactionLogIndex": "0x0",
			"type": "mined",
			"id": "log_dc6b3a92"
		}
	],
	"logsBloom": "0x00000000000000000000000000020000000000000000000000000040000000000000000000000000000000000000000000000000000000000000000000000040000000000000010000000008000000000000000000000000000000000020000000000000000000000000000000000000000000000000000000000010000000000000000000000000000000000000000000000000000000000000000000000000000000000000000080000000000000000000000000000000000000010000000000001002000000000000000000000000000000000000000000000000040000000000000000000000000000000000000000000000000000000000000000000000",
	"root": null,
	"status": "0x1",
	"transactionHash": "0x603c73d4c24b9967f0aa13b918ec48ab859db01a3551ad9e6a9eab831c5cc017",
	"transactionIndex": 104
}
[2018-04-28T01:54:25.332] [DEBUG] trans - TO:   0xdbf86f6b95a3603b05ab954b93248ce7d1d399f5
[2018-04-28T01:54:25.332] [DEBUG] trans - AMOUNT:   1795012800000000000000
[2018-04-28T01:54:25.332] [DEBUG] trans - Receipt info:  {
	"blockHash": "0x62663ed182d5285eeb34e4260b79170a9892bd8f07edb2e3f5ed2ff0053405b9",
	"blockNumber": 5517810,
	"contractAddress": null,
	"cumulativeGasUsed": 6359902,
	"gasUsed": 51589,
	"logs": [
		{
			"address": "0x7e9e431a0B8c4D532C745B1043c7FA29a48D4fBa",
			"blockHash": "0x62663ed182d5285eeb34e4260b79170a9892bd8f07edb2e3f5ed2ff0053405b9",
			"blockNumber": 5517810,
			"data": "0x0000000000000000000000000000000000000000000000614ece8736ef4c0000",
			"logIndex": 107,
			"topics": [
				"0xddf252ad1be2c89b69c2b068fc378daa952ba7f163c4a11628f55a4df523b3ef",
				"0x000000000000000000000000468b858c964f297fd8fce058032bf4b4911a8ad8",
				"0x000000000000000000000000dbf86f6b95a3603b05ab954b93248ce7d1d399f5"
			],
			"transactionHash": "0xcb08655d4483b0050afbf7937f854f7d819d14c4d35e597330238e5618660ec7",
			"transactionIndex": 106,
			"transactionLogIndex": "0x0",
			"type": "mined",
			"id": "log_49d201f7"
		}
	],
	"logsBloom": "0x00000000000000000000000000020000000000000000000000000000000000000000000000000000000000000000000000000000000000000000000000000000000000000000010000000008000000000000000000000000000000000020000000000000002000000000000000000000000000000000000000000010000000000000000000000000000000000000000000000000000000000000000000000000000000000000000080000000000000000000000000000000000000010000000000001002000000000000000000000000000000000000000000020000000000000000000000000000000000000000000000000000000000000000004000000000",
	"root": null,
	"status": "0x1",
	"transactionHash": "0xcb08655d4483b0050afbf7937f854f7d819d14c4d35e597330238e5618660ec7",
	"transactionIndex": 106
}
[2018-04-28T01:54:25.333] [DEBUG] trans - TO:   0xac53be474cd4fcd24cb525bcb41322f6643b4492
[2018-04-28T01:54:25.333] [DEBUG] trans - AMOUNT:   1795514000000000000000
[2018-04-28T01:54:25.333] [DEBUG] trans - Receipt info:  {
	"blockHash": "0x62663ed182d5285eeb34e4260b79170a9892bd8f07edb2e3f5ed2ff0053405b9",
	"blockNumber": 5517810,
	"contractAddress": null,
	"cumulativeGasUsed": 5647771,
	"gasUsed": 51589,
	"logs": [
		{
			"address": "0x7e9e431a0B8c4D532C745B1043c7FA29a48D4fBa",
			"blockHash": "0x62663ed182d5285eeb34e4260b79170a9892bd8f07edb2e3f5ed2ff0053405b9",
			"blockNumber": 5517810,
			"data": "0x00000000000000000000000000000000000000000000006155c325f588b90000",
			"logIndex": 95,
			"topics": [
				"0xddf252ad1be2c89b69c2b068fc378daa952ba7f163c4a11628f55a4df523b3ef",
				"0x000000000000000000000000468b858c964f297fd8fce058032bf4b4911a8ad8",
				"0x000000000000000000000000ac53be474cd4fcd24cb525bcb41322f6643b4492"
			],
			"transactionHash": "0x6b8939dd2d71d744ffa7110a09451f9d430a9d6909800aebf84f702037283a10",
			"transactionIndex": 87,
			"transactionLogIndex": "0x0",
			"type": "mined",
			"id": "log_14e139c6"
		}
	],
	"logsBloom": "0x00000000000000000040000000020000000000000000000000000000000000000000000000000000000000000000000000000000000000000000000000000000000000000000010000000008000000000000000000000000000000000020000000000000000000000000000000000000000000000000000000000010000000000000000000000000000000000000000001000000000000000000000000000000000000000000000080100000000000000000000000000000000000010000000000001002000000000000000000000000000000000000000000000000000000000000000000000000000000000000000000000000000000000000000000000000",
	"root": null,
	"status": "0x1",
	"transactionHash": "0x6b8939dd2d71d744ffa7110a09451f9d430a9d6909800aebf84f702037283a10",
	"transactionIndex": 87
}
[2018-04-28T01:54:25.334] [DEBUG] trans - TO:   0x875ea7e236224d632b92ee6022e3c4fd9d9c1aaa
[2018-04-28T01:54:25.334] [DEBUG] trans - AMOUNT:   1795080300000000000000
[2018-04-28T01:54:25.334] [DEBUG] trans - Receipt info:  {
	"blockHash": "0x62663ed182d5285eeb34e4260b79170a9892bd8f07edb2e3f5ed2ff0053405b9",
	"blockNumber": 5517810,
	"contractAddress": null,
	"cumulativeGasUsed": 6308313,
	"gasUsed": 51653,
	"logs": [
		{
			"address": "0x7e9e431a0B8c4D532C745B1043c7FA29a48D4fBa",
			"blockHash": "0x62663ed182d5285eeb34e4260b79170a9892bd8f07edb2e3f5ed2ff0053405b9",
			"blockNumber": 5517810,
			"data": "0x0000000000000000000000000000000000000000000000614fbe561b61a2c000",
			"logIndex": 106,
			"topics": [
				"0xddf252ad1be2c89b69c2b068fc378daa952ba7f163c4a11628f55a4df523b3ef",
				"0x000000000000000000000000468b858c964f297fd8fce058032bf4b4911a8ad8",
				"0x000000000000000000000000875ea7e236224d632b92ee6022e3c4fd9d9c1aaa"
			],
			"transactionHash": "0xa9d7db4c0e0a76e3876ad090c3a1a5c57c5d852d263858c21752e8e690b8a7f9",
			"transactionIndex": 105,
			"transactionLogIndex": "0x0",
			"type": "mined",
			"id": "log_fefc852d"
		}
	],
	"logsBloom": "0x00000000000000000000000000020000000000000000000000000000000000000000000000000000000000000000000000000000000000000000000000000000000000000000010000000008000000000000000000000000000000000020000008000000000000000000000000000000000000000000000000000010000000000000000000000000000000000000000000000000000000000000000000000000000000000000000080000000000000000000000000000000000000010000000000001002000000000000000000000000000000000000000020000000000000000000000000000000000000000000000000000000000000000000000004000000",
	"root": null,
	"status": "0x1",
	"transactionHash": "0xa9d7db4c0e0a76e3876ad090c3a1a5c57c5d852d263858c21752e8e690b8a7f9",
	"transactionIndex": 105
}
[2018-04-28T01:54:25.335] [DEBUG] trans - TO:   0x6a02bd1dda5d8245d910a3f9508b9550ead84179
[2018-04-28T01:54:25.335] [DEBUG] trans - AMOUNT:   1794327200000000000000
[2018-04-28T01:54:25.335] [DEBUG] trans - Receipt info:  {
	"blockHash": "0x62663ed182d5285eeb34e4260b79170a9892bd8f07edb2e3f5ed2ff0053405b9",
	"blockNumber": 5517810,
	"contractAddress": null,
	"cumulativeGasUsed": 6686650,
	"gasUsed": 51589,
	"logs": [
		{
			"address": "0x7e9e431a0B8c4D532C745B1043c7FA29a48D4fBa",
			"blockHash": "0x62663ed182d5285eeb34e4260b79170a9892bd8f07edb2e3f5ed2ff0053405b9",
			"blockNumber": 5517810,
			"data": "0x000000000000000000000000000000000000000000000061454ac9a5a54a0000",
			"logIndex": 111,
			"topics": [
				"0xddf252ad1be2c89b69c2b068fc378daa952ba7f163c4a11628f55a4df523b3ef",
				"0x000000000000000000000000468b858c964f297fd8fce058032bf4b4911a8ad8",
				"0x0000000000000000000000006a02bd1dda5d8245d910a3f9508b9550ead84179"
			],
			"transactionHash": "0xb0f88a6a9dd6eff94fd38c82b2f5b817847381fcf1f1de5ee6ad59b4197e80c3",
			"transactionIndex": 112,
			"transactionLogIndex": "0x0",
			"type": "mined",
			"id": "log_e830018a"
		}
	],
	"logsBloom": "0x00000000000000000000000000020000000000000000000000000000000000000400000000000000000000000004000000000000000000000000000000000000000000000000010000000008000000000000000000000000000000000020000000000000000000000000000000000000000000000000000000000011000000000000000000000000000000000000000000000000000000000000000000000000000000000000000080000000000000000000000000000000000000010000000000001002000000000000000000000000000000000000000000000000000000000000000000000000000000000000000000000000000000000000000000000000",
	"root": null,
	"status": "0x1",
	"transactionHash": "0xb0f88a6a9dd6eff94fd38c82b2f5b817847381fcf1f1de5ee6ad59b4197e80c3",
	"transactionIndex": 112
}
[2018-04-28T01:55:10.394] [DEBUG] trans - TO:   0x99a98ae8399c66482eae607d1540f181190df7e2
[2018-04-28T01:55:10.394] [DEBUG] trans - AMOUNT:   1794288500000000000000
[2018-04-28T01:55:10.394] [DEBUG] trans - Receipt info:  {
	"blockHash": "0x53a6aa5bc3ae46fe27a91a5010a3c503adb93e68a593012d6e8ff224964076ba",
	"blockNumber": 5517812,
	"contractAddress": null,
	"cumulativeGasUsed": 1141344,
	"gasUsed": 51653,
	"logs": [
		{
			"address": "0x7e9e431a0B8c4D532C745B1043c7FA29a48D4fBa",
			"blockHash": "0x53a6aa5bc3ae46fe27a91a5010a3c503adb93e68a593012d6e8ff224964076ba",
			"blockNumber": 5517812,
			"data": "0x00000000000000000000000000000000000000000000006144c14c33bc7b4000",
			"logIndex": 14,
			"topics": [
				"0xddf252ad1be2c89b69c2b068fc378daa952ba7f163c4a11628f55a4df523b3ef",
				"0x000000000000000000000000468b858c964f297fd8fce058032bf4b4911a8ad8",
				"0x00000000000000000000000099a98ae8399c66482eae607d1540f181190df7e2"
			],
			"transactionHash": "0xf71367f60dda412860d900b77dcaf9219e32f1f8211cb859945775907ef274a3",
			"transactionIndex": 37,
			"transactionLogIndex": "0x0",
			"type": "mined",
			"id": "log_c96828ca"
		}
	],
	"logsBloom": "0x00000000000000000000000000020000000000000000000000100000000000000000000000000000000000000000000000000000000000000000000000000000000000400000010000000008000000000001000000000000000000000020000000000000000000000000000000000000000000000000000000000010000000000000000000000000000000000000000000000000000000000000000000000000000000000000000080000000000000000000000000000000000000010000000000001002000000000000000000000000000000000000000000000000000000000000000000000000000000000000000000000000000000000000000000000000",
	"root": null,
	"status": "0x1",
	"transactionHash": "0xf71367f60dda412860d900b77dcaf9219e32f1f8211cb859945775907ef274a3",
	"transactionIndex": 37
}
[2018-04-28T01:55:10.396] [DEBUG] trans - TO:   0xe17687f04848c5bdd1be3a67fa4eea51e102b023
[2018-04-28T01:55:10.396] [DEBUG] trans - AMOUNT:   1794012000000000000000
[2018-04-28T01:55:10.396] [DEBUG] trans - Receipt info:  {
	"blockHash": "0x53a6aa5bc3ae46fe27a91a5010a3c503adb93e68a593012d6e8ff224964076ba",
	"blockNumber": 5517812,
	"contractAddress": null,
	"cumulativeGasUsed": 6037329,
	"gasUsed": 51589,
	"logs": [
		{
			"address": "0x7e9e431a0B8c4D532C745B1043c7FA29a48D4fBa",
			"blockHash": "0x53a6aa5bc3ae46fe27a91a5010a3c503adb93e68a593012d6e8ff224964076ba",
			"blockNumber": 5517812,
			"data": "0x00000000000000000000000000000000000000000000006140eaf8eac4160000",
			"logIndex": 122,
			"topics": [
				"0xddf252ad1be2c89b69c2b068fc378daa952ba7f163c4a11628f55a4df523b3ef",
				"0x000000000000000000000000468b858c964f297fd8fce058032bf4b4911a8ad8",
				"0x000000000000000000000000e17687f04848c5bdd1be3a67fa4eea51e102b023"
			],
			"transactionHash": "0xdbc3272f8b21de84fc40c436a971c9748c18bc8735c8a6ce54ad7909d05101fc",
			"transactionIndex": 129,
			"transactionLogIndex": "0x0",
			"type": "mined",
			"id": "log_04d3234f"
		}
	],
	"logsBloom": "0x00000000000000000000000000020000000000000000000000000000000000000000000000000000000000000000000000000000000000000000000000000000000000000001010000000008000000000000000000000000000000000020000000000000000000000000000000000000000000000000000000100010000000000000000000000000000000000000000000000000000000000000000000000000000000000000000080000000000000000000000000000100000000010000000000001002000000000000000000000000000000000000000000000000000000000000000000000000000000000000000000000000000000000000000000000000",
	"root": null,
	"status": "0x1",
	"transactionHash": "0xdbc3272f8b21de84fc40c436a971c9748c18bc8735c8a6ce54ad7909d05101fc",
	"transactionIndex": 129
}
[2018-04-28T01:55:10.397] [DEBUG] trans - TO:   0x3d2b1952f0b6613ebfa53af5c6ad95475f9f9d29
[2018-04-28T01:55:10.397] [DEBUG] trans - AMOUNT:   1794134100000000000000
[2018-04-28T01:55:10.397] [DEBUG] trans - Receipt info:  {
	"blockHash": "0x53a6aa5bc3ae46fe27a91a5010a3c503adb93e68a593012d6e8ff224964076ba",
	"blockNumber": 5517812,
	"contractAddress": null,
	"cumulativeGasUsed": 5804550,
	"gasUsed": 51653,
	"logs": [
		{
			"address": "0x7e9e431a0B8c4D532C745B1043c7FA29a48D4fBa",
			"blockHash": "0x53a6aa5bc3ae46fe27a91a5010a3c503adb93e68a593012d6e8ff224964076ba",
			"blockNumber": 5517812,
			"data": "0x000000000000000000000000000000000000000000000061429cc2385b294000",
			"logIndex": 118,
			"topics": [
				"0xddf252ad1be2c89b69c2b068fc378daa952ba7f163c4a11628f55a4df523b3ef",
				"0x000000000000000000000000468b858c964f297fd8fce058032bf4b4911a8ad8",
				"0x0000000000000000000000003d2b1952f0b6613ebfa53af5c6ad95475f9f9d29"
			],
			"transactionHash": "0x17f839a071da0a5127f6f658bf9d424634323425160cd97f1331dcc97974262b",
			"transactionIndex": 122,
			"transactionLogIndex": "0x0",
			"type": "mined",
			"id": "log_349facdd"
		}
	],
	"logsBloom": "0x00000000000000000000000000020000000000000000000000000000000000000000000000000000000000000000000000000000000000000000000020000000000000020000010000000008000000000000000000000000000000000020000000000000000000000000000000000000000000000000000000000010000000000000000000000000000000000000000000000000000000000000200000000000000000000000000080000000000000000000000000000000000000010000000000001002000000000000000000000000000000000000000000000000000000000000000000000000000000000000000000000000000000000000000000000000",
	"root": null,
	"status": "0x1",
	"transactionHash": "0x17f839a071da0a5127f6f658bf9d424634323425160cd97f1331dcc97974262b",
	"transactionIndex": 122
}
[2018-04-28T01:55:10.398] [DEBUG] trans - TO:   0xe0f899c71e6a7075a6ceb85115450ad5566fc1fd
[2018-04-28T01:55:10.398] [DEBUG] trans - AMOUNT:   1793779000000000000000
[2018-04-28T01:55:10.398] [DEBUG] trans - Receipt info:  {
	"blockHash": "0x53a6aa5bc3ae46fe27a91a5010a3c503adb93e68a593012d6e8ff224964076ba",
	"blockNumber": 5517812,
	"contractAddress": null,
	"cumulativeGasUsed": 6228172,
	"gasUsed": 51653,
	"logs": [
		{
			"address": "0x7e9e431a0B8c4D532C745B1043c7FA29a48D4fBa",
			"blockHash": "0x53a6aa5bc3ae46fe27a91a5010a3c503adb93e68a593012d6e8ff224964076ba",
			"blockNumber": 5517812,
			"data": "0x0000000000000000000000000000000000000000000000613daf30a6cb6b8000",
			"logIndex": 126,
			"topics": [
				"0xddf252ad1be2c89b69c2b068fc378daa952ba7f163c4a11628f55a4df523b3ef",
				"0x000000000000000000000000468b858c964f297fd8fce058032bf4b4911a8ad8",
				"0x000000000000000000000000e0f899c71e6a7075a6ceb85115450ad5566fc1fd"
			],
			"transactionHash": "0x342a7046d409694cfe3c80975f2654a48ebbd3a249a16500b4e5e4c8b3a24926",
			"transactionIndex": 134,
			"transactionLogIndex": "0x0",
			"type": "mined",
			"id": "log_a46366df"
		}
	],
	"logsBloom": "0x00000000000000000000000000020000000000000000000000000000000000000000000000000000000000000000000000000000000000000000000000000002000000000000010000000008000000000000000000000000000000000020000000000000000000000000000000000000000000000000000000000010000000000000000000000000000000000000000000000000000000000000000000000000000000000000001080000000000000000000000000000000000000010000000000001002000000000000000000000000000000000000000000000000000000000000000000000000000000000000000000000000000000000040000000000000",
	"root": null,
	"status": "0x1",
	"transactionHash": "0x342a7046d409694cfe3c80975f2654a48ebbd3a249a16500b4e5e4c8b3a24926",
	"transactionIndex": 134
}
[2018-04-28T01:55:10.399] [DEBUG] trans - TO:   0x8e11ab0d94223d1749988bd8d59f56b73647cd83
[2018-04-28T01:55:10.399] [DEBUG] trans - AMOUNT:   1794186500000000000000
[2018-04-28T01:55:10.399] [DEBUG] trans - Receipt info:  {
	"blockHash": "0x53a6aa5bc3ae46fe27a91a5010a3c503adb93e68a593012d6e8ff224964076ba",
	"blockNumber": 5517812,
	"contractAddress": null,
	"cumulativeGasUsed": 5156363,
	"gasUsed": 51653,
	"logs": [
		{
			"address": "0x7e9e431a0B8c4D532C745B1043c7FA29a48D4fBa",
			"blockHash": "0x53a6aa5bc3ae46fe27a91a5010a3c503adb93e68a593012d6e8ff224964076ba",
			"blockNumber": 5517812,
			"data": "0x0000000000000000000000000000000000000000000000614356ebbe15644000",
			"logIndex": 97,
			"topics": [
				"0xddf252ad1be2c89b69c2b068fc378daa952ba7f163c4a11628f55a4df523b3ef",
				"0x000000000000000000000000468b858c964f297fd8fce058032bf4b4911a8ad8",
				"0x0000000000000000000000008e11ab0d94223d1749988bd8d59f56b73647cd83"
			],
			"transactionHash": "0x3c90a56d007c9d8456849b3ffbe77831c634b51dc5e4806ab74e98f7460159ab",
			"transactionIndex": 114,
			"transactionLogIndex": "0x0",
			"type": "mined",
			"id": "log_5a1d72af"
		}
	],
	"logsBloom": "0x00000000000000000000000000020000000000000000000000000000000000000000000000000000000000000000000000002000000000000000000000000000000000000000010000000008000000000000000000000000000000000020000000000000000000000000000000000000000000000000000000000010000000000000000000002000000000000000000000000000000000000000000000000000000000000000000080000000000000000000000000000000000000010000000000001002000000000000000020000000000000000000000000000000000000000000000000000000000000000000000000000000000000000000000000000000",
	"root": null,
	"status": "0x1",
	"transactionHash": "0x3c90a56d007c9d8456849b3ffbe77831c634b51dc5e4806ab74e98f7460159ab",
	"transactionIndex": 114
}
[2018-04-28T01:55:10.400] [DEBUG] trans - TO:   0xf6a7b8ed47554e045eb8f17e568ce1b6f36d6b9f
[2018-04-28T01:55:10.400] [DEBUG] trans - AMOUNT:   1792700000000000000000
[2018-04-28T01:55:10.400] [DEBUG] trans - Receipt info:  {
	"blockHash": "0x53a6aa5bc3ae46fe27a91a5010a3c503adb93e68a593012d6e8ff224964076ba",
	"blockNumber": 5517812,
	"contractAddress": null,
	"cumulativeGasUsed": 6418951,
	"gasUsed": 51589,
	"logs": [
		{
			"address": "0x7e9e431a0B8c4D532C745B1043c7FA29a48D4fBa",
			"blockHash": "0x53a6aa5bc3ae46fe27a91a5010a3c503adb93e68a593012d6e8ff224964076ba",
			"blockNumber": 5517812,
			"data": "0x0000000000000000000000000000000000000000000000612eb5cfde4ac60000",
			"logIndex": 130,
			"topics": [
				"0xddf252ad1be2c89b69c2b068fc378daa952ba7f163c4a11628f55a4df523b3ef",
				"0x000000000000000000000000468b858c964f297fd8fce058032bf4b4911a8ad8",
				"0x000000000000000000000000f6a7b8ed47554e045eb8f17e568ce1b6f36d6b9f"
			],
			"transactionHash": "0xa7ca15282f1a64854c983689e1c9061a780a1b37e02e9ed8c9e59c1fbbc64704",
			"transactionIndex": 139,
			"transactionLogIndex": "0x0",
			"type": "mined",
			"id": "log_21854322"
		}
	],
	"logsBloom": "0x00000000000000000000000000020000000000000000000000000000000000000000000000000000000000000000000000000000000000000000000000000000000000000000010000000008000000000000000000000000000000000020000000000000000000080000000000000000000000000000000000000010000000001000000000000000000000000000000000000000000000000000000000000000000000000000000080000000000000000000000000000000000000010000000000001002000000000000000000000000000000000000000000000000000000000000000000000000000000000002000000000000000000000000000000000000",
	"root": null,
	"status": "0x1",
	"transactionHash": "0xa7ca15282f1a64854c983689e1c9061a780a1b37e02e9ed8c9e59c1fbbc64704",
	"transactionIndex": 139
}
[2018-04-28T01:55:10.402] [DEBUG] trans - TO:   0x3146232ea4091e6eb1e3fb50900cff8b02df307a
[2018-04-28T01:55:10.402] [DEBUG] trans - AMOUNT:   1792127300000000000000
[2018-04-28T01:55:10.402] [DEBUG] trans - Receipt info:  {
	"blockHash": "0x53a6aa5bc3ae46fe27a91a5010a3c503adb93e68a593012d6e8ff224964076ba",
	"blockNumber": 5517812,
	"contractAddress": null,
	"cumulativeGasUsed": 6803871,
	"gasUsed": 51653,
	"logs": [
		{
			"address": "0x7e9e431a0B8c4D532C745B1043c7FA29a48D4fBa",
			"blockHash": "0x53a6aa5bc3ae46fe27a91a5010a3c503adb93e68a593012d6e8ff224964076ba",
			"blockNumber": 5517812,
			"data": "0x00000000000000000000000000000000000000000000006126c32c40abe84000",
			"logIndex": 139,
			"topics": [
				"0xddf252ad1be2c89b69c2b068fc378daa952ba7f163c4a11628f55a4df523b3ef",
				"0x000000000000000000000000468b858c964f297fd8fce058032bf4b4911a8ad8",
				"0x0000000000000000000000003146232ea4091e6eb1e3fb50900cff8b02df307a"
			],
			"transactionHash": "0x5452535c67feec498640b3c07fb6c8eec13de7ce6359a1f0ed69f8394fa4d263",
			"transactionIndex": 149,
			"transactionLogIndex": "0x0",
			"type": "mined",
			"id": "log_fcb97687"
		}
	],
	"logsBloom": "0x00000000000000000000000000020000000000000000000000000000000000008000000000000000000000000000000000000000000000000000000000000000000000000000010000000008000000001000000000000000000000000020000000000000000000000000000000000000000000000000000000000010000000000000000000000000000000000000000000000000000000000000000000000020000000000000000080000000000000000000000000000000000000010000000000001002000000000000000000000000000000000000000000000000000000000000000000000000000000000000000000000000000000000000000000000000",
	"root": null,
	"status": "0x1",
	"transactionHash": "0x5452535c67feec498640b3c07fb6c8eec13de7ce6359a1f0ed69f8394fa4d263",
	"transactionIndex": 149
}
[2018-04-28T01:55:10.403] [DEBUG] trans - TO:   0xcf14df97d67bc9d5cd5dfe89198fcc6e5bc4c4fb
[2018-04-28T01:55:10.403] [DEBUG] trans - AMOUNT:   1792245700000000000000
[2018-04-28T01:55:10.404] [DEBUG] trans - Receipt info:  {
	"blockHash": "0x53a6aa5bc3ae46fe27a91a5010a3c503adb93e68a593012d6e8ff224964076ba",
	"blockNumber": 5517812,
	"contractAddress": null,
	"cumulativeGasUsed": 6609794,
	"gasUsed": 51653,
	"logs": [
		{
			"address": "0x7e9e431a0B8c4D532C745B1043c7FA29a48D4fBa",
			"blockHash": "0x53a6aa5bc3ae46fe27a91a5010a3c503adb93e68a593012d6e8ff224964076ba",
			"blockNumber": 5517812,
			"data": "0x0000000000000000000000000000000000000000000000612867d06ce1504000",
			"logIndex": 134,
			"topics": [
				"0xddf252ad1be2c89b69c2b068fc378daa952ba7f163c4a11628f55a4df523b3ef",
				"0x000000000000000000000000468b858c964f297fd8fce058032bf4b4911a8ad8",
				"0x000000000000000000000000cf14df97d67bc9d5cd5dfe89198fcc6e5bc4c4fb"
			],
			"transactionHash": "0x1c70166601ff637bc62ad96a841e29fa94b0ad00d278d57b5199746bd9c9b7e4",
			"transactionIndex": 144,
			"transactionLogIndex": "0x0",
			"type": "mined",
			"id": "log_5e401a91"
		}
	],
	"logsBloom": "0x00000000000000000000000000020000000000000000000000000000000000000000000000000000000000000000000000000000000000000000000000000000000000000000010000000008000000000000000000000000000000000020000000000000000000000000000000000000000000000000000000000010000000000000000000000000000000000000000000000040000000001000000000000000000000000000000080000000000000000000000000000000000000010000000100001002000000000000000000000000000000000000000000000000000000000000000000000000000000000000000000000000000000000000000000000000",
	"root": null,
	"status": "0x1",
	"transactionHash": "0x1c70166601ff637bc62ad96a841e29fa94b0ad00d278d57b5199746bd9c9b7e4",
	"transactionIndex": 144
}
[2018-04-28T01:55:10.404] [DEBUG] trans - TO:   0xc20e33b99c290f16597543d4d7382245a1c04ec2
[2018-04-28T01:55:10.404] [DEBUG] trans - AMOUNT:   1791544300000000000000
[2018-04-28T01:55:10.404] [DEBUG] trans - Receipt info:  {
	"blockHash": "0x53a6aa5bc3ae46fe27a91a5010a3c503adb93e68a593012d6e8ff224964076ba",
	"blockNumber": 5517812,
	"contractAddress": null,
	"cumulativeGasUsed": 7170429,
	"gasUsed": 51653,
	"logs": [
		{
			"address": "0x7e9e431a0B8c4D532C745B1043c7FA29a48D4fBa",
			"blockHash": "0x53a6aa5bc3ae46fe27a91a5010a3c503adb93e68a593012d6e8ff224964076ba",
			"blockNumber": 5517812,
			"data": "0x0000000000000000000000000000000000000000000000611eabf0d76bdac000",
			"logIndex": 147,
			"topics": [
				"0xddf252ad1be2c89b69c2b068fc378daa952ba7f163c4a11628f55a4df523b3ef",
				"0x000000000000000000000000468b858c964f297fd8fce058032bf4b4911a8ad8",
				"0x000000000000000000000000c20e33b99c290f16597543d4d7382245a1c04ec2"
			],
			"transactionHash": "0x7dd25ce6e53f3dde50e4a6b26a21257619621c80bf9ca62cb6e0fe680ad9adcb",
			"transactionIndex": 159,
			"transactionLogIndex": "0x0",
			"type": "mined",
			"id": "log_b8041a58"
		}
	],
	"logsBloom": "0x00000000000000000000000000020000000000000010000000000000000000000000000000000000000000000000000000000000000000000000000000000000000000000000010000000008000000000000000000000000000000000020000000000000000000000000000000010000000000000000000000000010000000000000000000000000000000000000000000000000000000000000000000000000000000000000000080000000000000000000000000000000000000010000000000001002000000000000000000000000000000000000000000000000000000000000000000000000000000000000000000000000000000000010000000000000",
	"root": null,
	"status": "0x1",
	"transactionHash": "0x7dd25ce6e53f3dde50e4a6b26a21257619621c80bf9ca62cb6e0fe680ad9adcb",
	"transactionIndex": 159
}
[2018-04-28T01:55:10.404] [DEBUG] trans - TO:   0x7151ab1d128a1af4cb17e5de40e6c0dcd3e96e52
[2018-04-28T01:55:10.404] [DEBUG] trans - AMOUNT:   1791864800000000000000
[2018-04-28T01:55:10.404] [DEBUG] trans - Receipt info:  {
	"blockHash": "0x53a6aa5bc3ae46fe27a91a5010a3c503adb93e68a593012d6e8ff224964076ba",
	"blockNumber": 5517812,
	"contractAddress": null,
	"cumulativeGasUsed": 6979586,
	"gasUsed": 36589,
	"logs": [
		{
			"address": "0x7e9e431a0B8c4D532C745B1043c7FA29a48D4fBa",
			"blockHash": "0x53a6aa5bc3ae46fe27a91a5010a3c503adb93e68a593012d6e8ff224964076ba",
			"blockNumber": 5517812,
			"data": "0x000000000000000000000000000000000000000000000061231e95e4b65e0000",
			"logIndex": 143,
			"topics": [
				"0xddf252ad1be2c89b69c2b068fc378daa952ba7f163c4a11628f55a4df523b3ef",
				"0x000000000000000000000000468b858c964f297fd8fce058032bf4b4911a8ad8",
				"0x0000000000000000000000007151ab1d128a1af4cb17e5de40e6c0dcd3e96e52"
			],
			"transactionHash": "0xfc514733f6d7392fc4a7f7e0a4de2f728214951588a2e8dce3b3be1cabc9d050",
			"transactionIndex": 154,
			"transactionLogIndex": "0x0",
			"type": "mined",
			"id": "log_25f5d095"
		}
	],
	"logsBloom": "0x00000000000000000000000000020000000000000000000000000000000000000000000000000000000000000000000000000000000000000000000000000000000000000000010000000008000000000000000000000000000000000020000000000000000080000000000000000000000000000000000000000010000000000002000000000000000000000000000000000000000000000000000000000000000000000000000080000000000000000000000000000000000000010000000000001002000000000000000000000000000000000000000000000000000000000000000000000000000000000008000000000000000000000000000000000000",
	"root": null,
	"status": "0x1",
	"transactionHash": "0xfc514733f6d7392fc4a7f7e0a4de2f728214951588a2e8dce3b3be1cabc9d050",
	"transactionIndex": 154
}
[2018-04-28T01:55:10.407] [DEBUG] trans - TO:   0x34d212d9f7e436dd09e30f994e79fe5caee8d7c0
[2018-04-28T01:55:10.407] [DEBUG] trans - AMOUNT:   1791130700000000000000
[2018-04-28T01:55:10.407] [DEBUG] trans - Receipt info:  {
	"blockHash": "0x53a6aa5bc3ae46fe27a91a5010a3c503adb93e68a593012d6e8ff224964076ba",
	"blockNumber": 5517812,
	"contractAddress": null,
	"cumulativeGasUsed": 7360742,
	"gasUsed": 51653,
	"logs": [
		{
			"address": "0x7e9e431a0B8c4D532C745B1043c7FA29a48D4fBa",
			"blockHash": "0x53a6aa5bc3ae46fe27a91a5010a3c503adb93e68a593012d6e8ff224964076ba",
			"blockNumber": 5517812,
			"data": "0x00000000000000000000000000000000000000000000006118ee89d534c0c000",
			"logIndex": 151,
			"topics": [
				"0xddf252ad1be2c89b69c2b068fc378daa952ba7f163c4a11628f55a4df523b3ef",
				"0x000000000000000000000000468b858c964f297fd8fce058032bf4b4911a8ad8",
				"0x00000000000000000000000034d212d9f7e436dd09e30f994e79fe5caee8d7c0"
			],
			"transactionHash": "0x9b943af1b976afeda81c693e23898ace2d59c1cbe0fa2751da949b9679c92dd3",
			"transactionIndex": 164,
			"transactionLogIndex": "0x0",
			"type": "mined",
			"id": "log_dd2e7482"
		}
	],
	"logsBloom": "0x00000000000000000000001000020000000000000000000000000080000000000000000000000000000000000000000000000000000000000000000000000000000000000000010000000008000000000000000000000000000000000020000000000000000000000000000000000000000000000000000000000010000000200000000000000000000000000000000000000000000000000000000000000000000000000000000080000000000000000000000000000000000000010000000000001002000000000000000000000000000000000000000000000000000000000000000000000000000000000000000000000000000000000000000000000000",
	"root": null,
	"status": "0x1",
	"transactionHash": "0x9b943af1b976afeda81c693e23898ace2d59c1cbe0fa2751da949b9679c92dd3",
	"transactionIndex": 164
}
