[2018-04-30T17:34:33.413] [DEBUG] trans - TO:   0xf02006a1d87172110c7e2a4272a84bd5797bcf17
[2018-04-30T17:34:33.414] [DEBUG] trans - AMOUNT:   800000228700000000000000
[2018-04-30T17:34:33.414] [DEBUG] trans - Receipt info:  {
	"blockHash": "0x5f004226480b1a5f53e15135f3bf4152a1dfb8e827034e74964bcf05617e21c9",
	"blockNumber": 5533056,
	"contractAddress": null,
	"cumulativeGasUsed": 7236305,
	"gasUsed": 51717,
	"logs": [
		{
			"address": "0x7e9e431a0B8c4D532C745B1043c7FA29a48D4fBa",
			"blockHash": "0x5f004226480b1a5f53e15135f3bf4152a1dfb8e827034e74964bcf05617e21c9",
			"blockNumber": 5533056,
			"data": "0x00000000000000000000000000000000000000000000a968196b8bc7e821c000",
			"logIndex": 76,
			"topics": [
				"0xddf252ad1be2c89b69c2b068fc378daa952ba7f163c4a11628f55a4df523b3ef",
				"0x000000000000000000000000468b858c964f297fd8fce058032bf4b4911a8ad8",
				"0x000000000000000000000000f02006a1d87172110c7e2a4272a84bd5797bcf17"
			],
			"transactionHash": "0x78ec4c8bfc343b400fcabdfcda9d7421419c65f6af2174e81bb42049e15097b4",
			"transactionIndex": 247,
			"transactionLogIndex": "0x0",
			"type": "mined",
			"id": "log_286e2386"
		}
	],
	"logsBloom": "0x00000000000000000000000000020000000000000000000000000000000000000000000000000000000000000000000000000000000000080000000000000000000000000000010000000008000000000000000000000000000000000020000000000000000000000000000200000000000000010000000000000010000000000000000000000000000000000000000000000000000000000000000000000000000000000000000080000000000000000000000000000000000000010000000000001002000000000000000000000000000000000000000000000000000000000000000000000000000000000000000000000000000000000000000000000000",
	"root": null,
	"status": "0x1",
	"transactionHash": "0x78ec4c8bfc343b400fcabdfcda9d7421419c65f6af2174e81bb42049e15097b4",
	"transactionIndex": 247
}
[2018-04-30T17:34:59.451] [DEBUG] trans - TO:   0x9c00c631b36ba5d93ed8f5279a4c55e6c2ba7c66
[2018-04-30T17:34:59.451] [DEBUG] trans - AMOUNT:   766986242700000000000000
[2018-04-30T17:34:59.451] [DEBUG] trans - Receipt info:  {
	"blockHash": "0xd8b723deab82551932678637f54681e1966a30f48222a3ae3105ef6e46d12155",
	"blockNumber": 5533058,
	"contractAddress": null,
	"cumulativeGasUsed": 761611,
	"gasUsed": 51653,
	"logs": [
		{
			"address": "0x7e9e431a0B8c4D532C745B1043c7FA29a48D4fBa",
			"blockHash": "0xd8b723deab82551932678637f54681e1966a30f48222a3ae3105ef6e46d12155",
			"blockNumber": 5533058,
			"data": "0x00000000000000000000000000000000000000000000a26a6853e46010e4c000",
			"logIndex": 9,
			"topics": [
				"0xddf252ad1be2c89b69c2b068fc378daa952ba7f163c4a11628f55a4df523b3ef",
				"0x000000000000000000000000468b858c964f297fd8fce058032bf4b4911a8ad8",
				"0x0000000000000000000000009c00c631b36ba5d93ed8f5279a4c55e6c2ba7c66"
			],
			"transactionHash": "0x19a872fc9da3b7428679f2b018fad3655c42440236e08f03d78e7685a8869fb1",
			"transactionIndex": 13,
			"transactionLogIndex": "0x0",
			"type": "mined",
			"id": "log_ae5767cc"
		}
	],
	"logsBloom": "0x00000000000000000000000000020000000000000000000000000000000000000000000000000000000000000000000000000000000000000000000000000000000000000000010000000008000008000000000000200000000080000020000000000000000000000000000000000000000000000000000000000010000000000000000000000000000000000000000000000000000000000000000000000000000000000000000080000000000000000000000000000000000000010000000000001002000000000000000000000000000000000000000000000000000000000000000000000000000000000000000000000000000000000000000000000000",
	"root": null,
	"status": "0x1",
	"transactionHash": "0x19a872fc9da3b7428679f2b018fad3655c42440236e08f03d78e7685a8869fb1",
	"transactionIndex": 13
}
[2018-04-30T17:35:16.477] [DEBUG] trans - TO:   0xbe46e7f02994dbf65c06a2e0035af5a552420480
[2018-04-30T17:35:16.477] [DEBUG] trans - AMOUNT:   735004246200000000000000
[2018-04-30T17:35:16.477] [DEBUG] trans - Receipt info:  {
	"blockHash": "0xcc0ee87726c66fdacbf700f313a82d71a7506241ffc50ab05254203970f663b2",
	"blockNumber": 5533059,
	"contractAddress": null,
	"cumulativeGasUsed": 7860151,
	"gasUsed": 51717,
	"logs": [
		{
			"address": "0x7e9e431a0B8c4D532C745B1043c7FA29a48D4fBa",
			"blockHash": "0xcc0ee87726c66fdacbf700f313a82d71a7506241ffc50ab05254203970f663b2",
			"blockNumber": 5533059,
			"data": "0x000000000000000000000000000000000000000000009ba4a8f7738142a38000",
			"logIndex": 88,
			"topics": [
				"0xddf252ad1be2c89b69c2b068fc378daa952ba7f163c4a11628f55a4df523b3ef",
				"0x000000000000000000000000468b858c964f297fd8fce058032bf4b4911a8ad8",
				"0x000000000000000000000000be46e7f02994dbf65c06a2e0035af5a552420480"
			],
			"transactionHash": "0xfd4c3e61cd3c6932ffd229e226c7b435821033ada12894020987686a259fef13",
			"transactionIndex": 188,
			"transactionLogIndex": "0x0",
			"type": "mined",
			"id": "log_b51f6840"
		}
	],
	"logsBloom": "0x00000000000000000000000000020000000000000000000000000000000000000000000000000000000000000000000000000000000000000000000000000000010000000000010000000008000000000000000000000000000000000020000000000000000000000000000000000000000000000000000100000010000000000000000000020000000000000000000000000000000000000000000000000000000000000000000080000000000000000000000000000000000000010000000000001002000000000000000000000000000000000000000000000000000000000000000000000000000000000000000000000000000000000000000000000000",
	"root": null,
	"status": "0x1",
	"transactionHash": "0xfd4c3e61cd3c6932ffd229e226c7b435821033ada12894020987686a259fef13",
	"transactionIndex": 188
}
[2018-04-30T17:35:19.479] [DEBUG] trans - TO:   0x131b3e88e71e56713013a3c770753aa7578e8f84
[2018-04-30T17:35:19.479] [DEBUG] trans - AMOUNT:   734576472000000000000000
[2018-04-30T17:35:19.479] [DEBUG] trans - Receipt info:  {
	"blockHash": "0x934d2be19711c23bfdfe29fa91c691abec5a2ad18e0a9c862b9b61161f0e9bf6",
	"blockNumber": 5533060,
	"contractAddress": null,
	"cumulativeGasUsed": 7813108,
	"gasUsed": 51653,
	"logs": [
		{
			"address": "0x7e9e431a0B8c4D532C745B1043c7FA29a48D4fBa",
			"blockHash": "0x934d2be19711c23bfdfe29fa91c691abec5a2ad18e0a9c862b9b61161f0e9bf6",
			"blockNumber": 5533060,
			"data": "0x000000000000000000000000000000000000000000009b8d7868330cbdbc0000",
			"logIndex": 37,
			"topics": [
				"0xddf252ad1be2c89b69c2b068fc378daa952ba7f163c4a11628f55a4df523b3ef",
				"0x000000000000000000000000468b858c964f297fd8fce058032bf4b4911a8ad8",
				"0x000000000000000000000000131b3e88e71e56713013a3c770753aa7578e8f84"
			],
			"transactionHash": "0x3e87993c9d98a8a9eba25c057a60c7350897b8cdb6ab8c62ba13a6e5169f65cd",
			"transactionIndex": 86,
			"transactionLogIndex": "0x0",
			"type": "mined",
			"id": "log_39a4cdf9"
		}
	],
	"logsBloom": "0x00000000000000000000000000020000000000000000000000000000000000000000000000000000000000000000000000000000000000000000000000000000000000000000010000040008000000000000000000000000000000000020000000000000000000000000000000000000000000000000000000000010000000000000000000000000000000000000000000000000000000000000000000000000000000000000000080000000000000000000000000000000000000010000000000001002000000000000000000000000000000000000000000000000000000000000000000000000000800000000000080000000000000000000000000000000",
	"root": null,
	"status": "0x1",
	"transactionHash": "0x3e87993c9d98a8a9eba25c057a60c7350897b8cdb6ab8c62ba13a6e5169f65cd",
	"transactionIndex": 86
}
[2018-04-30T17:35:19.479] [DEBUG] trans - TO:   0x00f9a5f124bb580c1aa4587a35e8cc116d648882
[2018-04-30T17:35:19.479] [DEBUG] trans - AMOUNT:   708195377800000000000000
[2018-04-30T17:35:19.479] [DEBUG] trans - Receipt info:  {
	"blockHash": "0x934d2be19711c23bfdfe29fa91c691abec5a2ad18e0a9c862b9b61161f0e9bf6",
	"blockNumber": 5533060,
	"contractAddress": null,
	"cumulativeGasUsed": 7864761,
	"gasUsed": 51653,
	"logs": [
		{
			"address": "0x7e9e431a0B8c4D532C745B1043c7FA29a48D4fBa",
			"blockHash": "0x934d2be19711c23bfdfe29fa91c691abec5a2ad18e0a9c862b9b61161f0e9bf6",
			"blockNumber": 5533060,
			"data": "0x0000000000000000000000000000000000000000000095f7592df92d5fd08000",
			"logIndex": 38,
			"topics": [
				"0xddf252ad1be2c89b69c2b068fc378daa952ba7f163c4a11628f55a4df523b3ef",
				"0x000000000000000000000000468b858c964f297fd8fce058032bf4b4911a8ad8",
				"0x00000000000000000000000000f9a5f124bb580c1aa4587a35e8cc116d648882"
			],
			"transactionHash": "0xb77f60ca563b77fed438bc3b2a0131a950a7f9b25ff2f632e1ff40d2ffdae331",
			"transactionIndex": 87,
			"transactionLogIndex": "0x0",
			"type": "mined",
			"id": "log_4549bcd9"
		}
	],
	"logsBloom": "0x00000000000000000000000000020000000000000000000000000000000000000000000000000000000000000000000000000000000000000000000200000000000000000000010000000008000000000000000000000000000000000020000000000000000000000000000000000000000000000000000000000012000000000000000000000000000000000000000000000000000000000000000000000000000000000000000080000000000000000000000000000000000000010000000000001002000000000000000000000000000000000000000008000000000000000000000000000000000000000000000000000000000000000000000000000000",
	"root": null,
	"status": "0x1",
	"transactionHash": "0xb77f60ca563b77fed438bc3b2a0131a950a7f9b25ff2f632e1ff40d2ffdae331",
	"transactionIndex": 87
}
[2018-04-30T17:36:57.630] [DEBUG] trans - TO:   0xc065cc8732b3193ded47642b750f6777c3c6a9da
[2018-04-30T17:36:57.630] [DEBUG] trans - AMOUNT:   684817118700000000000000
[2018-04-30T17:36:57.631] [DEBUG] trans - Receipt info:  {
	"blockHash": "0xfcee95acbab20ca4fcf13eb0f0c3b8c354019dd59a29c6d18513864caf17a6b1",
	"blockNumber": 5533063,
	"contractAddress": null,
	"cumulativeGasUsed": 3452601,
	"gasUsed": 51717,
	"logs": [
		{
			"address": "0x7e9e431a0B8c4D532C745B1043c7FA29a48D4fBa",
			"blockHash": "0xfcee95acbab20ca4fcf13eb0f0c3b8c354019dd59a29c6d18513864caf17a6b1",
			"blockNumber": 5533063,
			"data": "0x00000000000000000000000000000000000000000000910402a9150d707ac000",
			"logIndex": 51,
			"topics": [
				"0xddf252ad1be2c89b69c2b068fc378daa952ba7f163c4a11628f55a4df523b3ef",
				"0x000000000000000000000000468b858c964f297fd8fce058032bf4b4911a8ad8",
				"0x000000000000000000000000c065cc8732b3193ded47642b750f6777c3c6a9da"
			],
			"transactionHash": "0x9b44098300206a39e7fd0215426f2e0b559ac927f071698487f8e3395f266483",
			"transactionIndex": 80,
			"transactionLogIndex": "0x0",
			"type": "mined",
			"id": "log_2988f0a1"
		}
	],
	"logsBloom": "0x00000000000000000000000000020000000000000000000000000000000000000000000000000000000000000000000000000040000000000000000000000080000000000000010000000008000000000000000000000000000000000020000000000000000000000000000000000000000000000000000000000010000000000000000000000000000000000000000000000000000000000000000000000000000000000000000080000000000000000000000000000000000000010000000000001002000000000000000000000000000000000000000000000000000000000000000000000000000000000000000000040000000000000000000000000000",
	"root": null,
	"status": "0x1",
	"transactionHash": "0x9b44098300206a39e7fd0215426f2e0b559ac927f071698487f8e3395f266483",
	"transactionIndex": 80
}
[2018-04-30T17:37:36.692] [DEBUG] trans - TO:   0xaa4fe1c4dcabd9928487544fa07736860ff167c4
[2018-04-30T17:37:36.692] [DEBUG] trans - AMOUNT:   667783734600000000000000
[2018-04-30T17:37:36.693] [DEBUG] trans - Receipt info:  {
	"blockHash": "0x8a70dd5ef325ad6cafba55a9d702fa716dadf0761573aab9884080867e86e67a",
	"blockNumber": 5533065,
	"contractAddress": null,
	"cumulativeGasUsed": 3067016,
	"gasUsed": 51717,
	"logs": [
		{
			"address": "0x7e9e431a0B8c4D532C745B1043c7FA29a48D4fBa",
			"blockHash": "0x8a70dd5ef325ad6cafba55a9d702fa716dadf0761573aab9884080867e86e67a",
			"blockNumber": 5533065,
			"data": "0x000000000000000000000000000000000000000000008d68a0f864d6d9bc8000",
			"logIndex": 63,
			"topics": [
				"0xddf252ad1be2c89b69c2b068fc378daa952ba7f163c4a11628f55a4df523b3ef",
				"0x000000000000000000000000468b858c964f297fd8fce058032bf4b4911a8ad8",
				"0x000000000000000000000000aa4fe1c4dcabd9928487544fa07736860ff167c4"
			],
			"transactionHash": "0xe22d3060c185b674443b14d3381377948154d61959a621e5c8909192483dbfeb",
			"transactionIndex": 82,
			"transactionLogIndex": "0x0",
			"type": "mined",
			"id": "log_b712f46f"
		}
	],
	"logsBloom": "0x00000000000000000000000000020000000000000000000000000000000000000000000000000000000000000000000000000000000000000000000000000000000000000000010000000008000000000000000000000000000000000020000000000000000000000000000000000000000000000000000000000010000000000000000000000000000000000000000000000000000000000000000000000000000000000000000080000000000000000000000000000000000000010000000004003202000000000000000000000000000000000000000000000000000000000000000000000000000000000000000000000000000000000000000000000000",
	"root": null,
	"status": "0x1",
	"transactionHash": "0xe22d3060c185b674443b14d3381377948154d61959a621e5c8909192483dbfeb",
	"transactionIndex": 82
}
[2018-04-30T17:38:13.746] [DEBUG] trans - TO:   0x0f297debce667bfe8cb4011c4abebcb66e5b0699
[2018-04-30T17:38:13.746] [DEBUG] trans - AMOUNT:   655046400000000000000000
[2018-04-30T17:38:13.746] [DEBUG] trans - Receipt info:  {
	"blockHash": "0x1a0f6ff868dc0325a8348293bd3dd60c2e855aac7d2f2e2b267d4d6996a2f403",
	"blockNumber": 5533068,
	"contractAddress": null,
	"cumulativeGasUsed": 2711850,
	"gasUsed": 51653,
	"logs": [
		{
			"address": "0x7e9e431a0B8c4D532C745B1043c7FA29a48D4fBa",
			"blockHash": "0x1a0f6ff868dc0325a8348293bd3dd60c2e855aac7d2f2e2b267d4d6996a2f403",
			"blockNumber": 5533068,
			"data": "0x000000000000000000000000000000000000000000008ab622f1876e25800000",
			"logIndex": 76,
			"topics": [
				"0xddf252ad1be2c89b69c2b068fc378daa952ba7f163c4a11628f55a4df523b3ef",
				"0x000000000000000000000000468b858c964f297fd8fce058032bf4b4911a8ad8",
				"0x0000000000000000000000000f297debce667bfe8cb4011c4abebcb66e5b0699"
			],
			"transactionHash": "0x92bb1cea94afbddfb9bdabc165c2d68c669496de67f75d6bae94fe76e6dd799b",
			"transactionIndex": 27,
			"transactionLogIndex": "0x0",
			"type": "mined",
			"id": "log_43008460"
		}
	],
	"logsBloom": "0x00000000000000000000000000020000000000000000000000000000000000000000000000000000000000000000000000000000000000000000000000000000000000000000010000000008000000000000000000000000000000000020000000000000000000000000000000000000000000000000000000000010000000000000000000000000000000000000000000000000000000000000000000000000000000200000000080000000000000000000000000000000000000010000000000001002000000000000000000000000000000000000000000020000000000000000000080000000000000000000000000000000000000000000000000000000",
	"root": null,
	"status": "0x1",
	"transactionHash": "0x92bb1cea94afbddfb9bdabc165c2d68c669496de67f75d6bae94fe76e6dd799b",
	"transactionIndex": 27
}
[2018-04-30T17:38:30.768] [DEBUG] trans - TO:   0x11c993a1c69aa0fae44e392b4719295a2ef12db5
[2018-04-30T17:38:30.768] [DEBUG] trans - AMOUNT:   654727565800000000000000
[2018-04-30T17:38:30.768] [DEBUG] trans - Receipt info:  {
	"blockHash": "0xf0dda8df03056342866144fbb9e8c251f6ea9f027afe561b7790b3cd6765838c",
	"blockNumber": 5533069,
	"contractAddress": null,
	"cumulativeGasUsed": 1879328,
	"gasUsed": 51717,
	"logs": [
		{
			"address": "0x7e9e431a0B8c4D532C745B1043c7FA29a48D4fBa",
			"blockHash": "0xf0dda8df03056342866144fbb9e8c251f6ea9f027afe561b7790b3cd6765838c",
			"blockNumber": 5533069,
			"data": "0x000000000000000000000000000000000000000000008aa4da3ae7c947a68000",
			"logIndex": 30,
			"topics": [
				"0xddf252ad1be2c89b69c2b068fc378daa952ba7f163c4a11628f55a4df523b3ef",
				"0x000000000000000000000000468b858c964f297fd8fce058032bf4b4911a8ad8",
				"0x00000000000000000000000011c993a1c69aa0fae44e392b4719295a2ef12db5"
			],
			"transactionHash": "0xf36d41cb63ee5af35c59b0989aa2df900581e7d63c5919f2804ea35331dfeb16",
			"transactionIndex": 48,
			"transactionLogIndex": "0x0",
			"type": "mined",
			"id": "log_39288435"
		}
	],
	"logsBloom": "0x00000000000000000000000000020000000000000000000000000000000000000000000000000000000000000000000000000000000000000000000000000200000000000000010000000008000000000000000000000000000000000020000000000400000000000000200000000000000000000000000000000010000000000000000000000000000000000000000000000000000000000000000000000000000000000000000080000000000000000000000000000000000000010000000000001002000000000000000000000000000000000000000000000000000000000000000000000000000000000000000000000000000000000000000000000000",
	"root": null,
	"status": "0x1",
	"transactionHash": "0xf36d41cb63ee5af35c59b0989aa2df900581e7d63c5919f2804ea35331dfeb16",
	"transactionIndex": 48
}
