[2018-04-28T00:18:59.966] [DEBUG] trans - TO:   0x495fdd1a83e3205392c761ee9277491002cc4f8c
[2018-04-28T00:18:59.969] [DEBUG] trans - AMOUNT:   1680324000000000000000
[2018-04-28T00:18:59.969] [DEBUG] trans - Receipt info:  {
	"blockHash": "0x65e10d28b785d7641310378934a0ca9dfc98670250115747ab538404284755e8",
	"blockNumber": 5517187,
	"contractAddress": null,
	"cumulativeGasUsed": 309235,
	"gasUsed": 51589,
	"logs": [
		{
			"address": "0x7e9e431a0B8c4D532C745B1043c7FA29a48D4fBa",
			"blockHash": "0x65e10d28b785d7641310378934a0ca9dfc98670250115747ab538404284755e8",
			"blockNumber": 5517187,
			"data": "0x00000000000000000000000000000000000000000000005b172e0f430b7a0000",
			"logIndex": 4,
			"topics": [
				"0xddf252ad1be2c89b69c2b068fc378daa952ba7f163c4a11628f55a4df523b3ef",
				"0x000000000000000000000000c9f42bcc3cd6c77fae537dd24ba96668fc864150",
				"0x000000000000000000000000495fdd1a83e3205392c761ee9277491002cc4f8c"
			],
			"transactionHash": "0x36a4d2d39123baf4a13d66ef37683e3e56da263223dd1635314e8f8767342861",
			"transactionIndex": 7,
			"transactionLogIndex": "0x0",
			"type": "mined",
			"id": "log_9d6190dc"
		}
	],
	"logsBloom": "0x00000000000000000000000000000000000000000000000000000000008000000000000000000000000000000000000000000000100000000000000000000000000000000000010000000008000000000000000000000000000000000000000000000000000000000000000000000000001000000000000000000010000000000000000000000000200000000000000000000000000000000000000000000000000000000000000080000000000000000000000000000000000000000000000000001002000000000000000000000000000000000000000000000000000000000000000000000000000000000000000000000002000000000000000000004000",
	"root": null,
	"status": "0x1",
	"transactionHash": "0x36a4d2d39123baf4a13d66ef37683e3e56da263223dd1635314e8f8767342861",
	"transactionIndex": 7
}
[2018-04-28T00:19:26.998] [DEBUG] trans - TO:   0x63c336c7ef5b68c71b54792cc91960abe72f01dd
[2018-04-28T00:19:26.999] [DEBUG] trans - AMOUNT:   1679716900000000000000
[2018-04-28T00:19:26.999] [DEBUG] trans - Receipt info:  {
	"blockHash": "0x0d543983b597f680472cfc0f25f5838e9c24834f1e3101a3e55945b46f9f8975",
	"blockNumber": 5517189,
	"contractAddress": null,
	"cumulativeGasUsed": 2369263,
	"gasUsed": 51653,
	"logs": [
		{
			"address": "0x7e9e431a0B8c4D532C745B1043c7FA29a48D4fBa",
			"blockHash": "0x0d543983b597f680472cfc0f25f5838e9c24834f1e3101a3e55945b46f9f8975",
			"blockNumber": 5517189,
			"data": "0x00000000000000000000000000000000000000000000005b0ec1350748564000",
			"logIndex": 16,
			"topics": [
				"0xddf252ad1be2c89b69c2b068fc378daa952ba7f163c4a11628f55a4df523b3ef",
				"0x000000000000000000000000c9f42bcc3cd6c77fae537dd24ba96668fc864150",
				"0x00000000000000000000000063c336c7ef5b68c71b54792cc91960abe72f01dd"
			],
			"transactionHash": "0x7dc49c5b97a5383ca1c4b155428b6b35f30b11f7a938e04d8410e726b84d8cac",
			"transactionIndex": 87,
			"transactionLogIndex": "0x0",
			"type": "mined",
			"id": "log_15e2e77b"
		}
	],
	"logsBloom": "0x00000000000000000000000000000000000000000000000000000000008000000000000000000000000000000000000000000000100000000000008000000000000000000000010000000008000000000000000000000001000000020000000000000000000000000000000000000000000000000000000000000010000000000000000000000000000000000000000000000000000000000000000000000000000000000000000080000000000000000000000000000000000000000000000000001002000000000000000000000000000000000000000000000000000000000000000000000000000000000000000000000000000000000000000000004000",
	"root": null,
	"status": "0x1",
	"transactionHash": "0x7dc49c5b97a5383ca1c4b155428b6b35f30b11f7a938e04d8410e726b84d8cac",
	"transactionIndex": 87
}
[2018-04-28T00:19:28.998] [DEBUG] trans - TO:   0xc1554a454b92d4186852797ea2501193f3245ff1
[2018-04-28T00:19:28.998] [DEBUG] trans - AMOUNT:   1679526600000000000000
[2018-04-28T00:19:28.999] [DEBUG] trans - Receipt info:  {
	"blockHash": "0x68f7a0cd740afd5102d55230a6d071ee947c3c7ccb7b31667189be84e1596c5e",
	"blockNumber": 5517190,
	"contractAddress": null,
	"cumulativeGasUsed": 1427604,
	"gasUsed": 51653,
	"logs": [
		{
			"address": "0x7e9e431a0B8c4D532C745B1043c7FA29a48D4fBa",
			"blockHash": "0x68f7a0cd740afd5102d55230a6d071ee947c3c7ccb7b31667189be84e1596c5e",
			"blockNumber": 5517190,
			"data": "0x00000000000000000000000000000000000000000000005b0c1d202fcb948000",
			"logIndex": 23,
			"topics": [
				"0xddf252ad1be2c89b69c2b068fc378daa952ba7f163c4a11628f55a4df523b3ef",
				"0x000000000000000000000000c9f42bcc3cd6c77fae537dd24ba96668fc864150",
				"0x000000000000000000000000c1554a454b92d4186852797ea2501193f3245ff1"
			],
			"transactionHash": "0xabe96d00a1ae95ed21050bd64d71988f2ba8f19249815b0f0d6ac45abc15342f",
			"transactionIndex": 22,
			"transactionLogIndex": "0x0",
			"type": "mined",
			"id": "log_b37cd6ef"
		}
	],
	"logsBloom": "0x00000000000000000000000000000000000000000000000000000000008000000000000000000000000000000000000000080000100000000000000000000000000000000000010000000008000000000000000000000000000000000000000000000000000000000000000000000000000000000000000000000010000000000002000010000000000000000000000000000000000000000000000000000000000000000000000080000000000000000000000000000000000000000000000000001002000000000000000000000000000000000000000000000000000000000000000000000000000000000000000000000000000000000000000000004000",
	"root": null,
	"status": "0x1",
	"transactionHash": "0xabe96d00a1ae95ed21050bd64d71988f2ba8f19249815b0f0d6ac45abc15342f",
	"transactionIndex": 22
}
[2018-04-28T00:19:29.002] [DEBUG] trans - TO:   0x09afe4cf061a514a6f43e833a0a5a985dcd2dab1
[2018-04-28T00:19:29.002] [DEBUG] trans - AMOUNT:   1679674700000000000000
[2018-04-28T00:19:29.002] [DEBUG] trans - Receipt info:  {
	"blockHash": "0x68f7a0cd740afd5102d55230a6d071ee947c3c7ccb7b31667189be84e1596c5e",
	"blockNumber": 5517190,
	"contractAddress": null,
	"cumulativeGasUsed": 1375951,
	"gasUsed": 51653,
	"logs": [
		{
			"address": "0x7e9e431a0B8c4D532C745B1043c7FA29a48D4fBa",
			"blockHash": "0x68f7a0cd740afd5102d55230a6d071ee947c3c7ccb7b31667189be84e1596c5e",
			"blockNumber": 5517190,
			"data": "0x00000000000000000000000000000000000000000000005b0e2b485a1ed0c000",
			"logIndex": 22,
			"topics": [
				"0xddf252ad1be2c89b69c2b068fc378daa952ba7f163c4a11628f55a4df523b3ef",
				"0x000000000000000000000000c9f42bcc3cd6c77fae537dd24ba96668fc864150",
				"0x00000000000000000000000009afe4cf061a514a6f43e833a0a5a985dcd2dab1"
			],
			"transactionHash": "0x23d24e7de307a40d73befc38fe68711bb0a6d8ee66dce63ecaf3e4c7e17e16dd",
			"transactionIndex": 21,
			"transactionLogIndex": "0x0",
			"type": "mined",
			"id": "log_7519285e"
		}
	],
	"logsBloom": "0x00000000000000000000000000000000000000000000000000000000008000000080000000000000000000000000000000000000100000000000000000000000000000000000010000000008000000000000000000000000000000000000000000000000000000000000000000000000000000000000000000000010000000000000000000000000000000000000000000000000000000000000000000000000000000000000000080010000000000000000000000000000000000000000000000001002000000000000000000000000000000000000000000000000000000000000000000000000000000000000000000040000000000000000000000004000",
	"root": null,
	"status": "0x1",
	"transactionHash": "0x23d24e7de307a40d73befc38fe68711bb0a6d8ee66dce63ecaf3e4c7e17e16dd",
	"transactionIndex": 21
}
[2018-04-28T00:19:29.003] [DEBUG] trans - TO:   0xace95e057aab3276ba18408c04d001f1582ed1da
[2018-04-28T00:19:29.003] [DEBUG] trans - AMOUNT:   1679704800000000000000
[2018-04-28T00:19:29.003] [DEBUG] trans - Receipt info:  {
	"blockHash": "0x68f7a0cd740afd5102d55230a6d071ee947c3c7ccb7b31667189be84e1596c5e",
	"blockNumber": 5517190,
	"contractAddress": null,
	"cumulativeGasUsed": 1324298,
	"gasUsed": 51589,
	"logs": [
		{
			"address": "0x7e9e431a0B8c4D532C745B1043c7FA29a48D4fBa",
			"blockHash": "0x68f7a0cd740afd5102d55230a6d071ee947c3c7ccb7b31667189be84e1596c5e",
			"blockNumber": 5517190,
			"data": "0x00000000000000000000000000000000000000000000005b0e9638247e8e0000",
			"logIndex": 21,
			"topics": [
				"0xddf252ad1be2c89b69c2b068fc378daa952ba7f163c4a11628f55a4df523b3ef",
				"0x000000000000000000000000c9f42bcc3cd6c77fae537dd24ba96668fc864150",
				"0x000000000000000000000000ace95e057aab3276ba18408c04d001f1582ed1da"
			],
			"transactionHash": "0xee9786f00172cd44ad540a411a0b24095c3dd685a655953938194cc23a8dccac",
			"transactionIndex": 20,
			"transactionLogIndex": "0x0",
			"type": "mined",
			"id": "log_56e97423"
		}
	],
	"logsBloom": "0x00000000000000000000000000000000000000000000000000000000008000000000000000000000000000000000000000000000100000000000000000000000000000000000010000000408000000000000000000000000000000000000000000000000000000000000000000000000000000000000000000000010000000000000000000000000000000000000000000000000000000000000000000000000000000000000000080000000000000000000004000000000000000000000000000001002000000000000000000000000000000000008000000000000000000000000000000000000000000000000000000000000000000000000000000004000",
	"root": null,
	"status": "0x1",
	"transactionHash": "0xee9786f00172cd44ad540a411a0b24095c3dd685a655953938194cc23a8dccac",
	"transactionIndex": 20
}
[2018-04-28T00:20:19.070] [DEBUG] trans - TO:   0xae9d404524b47d93e818ca82b56e3b0ce926a485
[2018-04-28T00:20:19.070] [DEBUG] trans - AMOUNT:   1679501200000000000000
[2018-04-28T00:20:19.070] [DEBUG] trans - Receipt info:  {
	"blockHash": "0xd3db6f513ae69ec21eba5c04cd74eac345f04c0694957a665002ab0b777c46b9",
	"blockNumber": 5517192,
	"contractAddress": null,
	"cumulativeGasUsed": 2294162,
	"gasUsed": 51589,
	"logs": [
		{
			"address": "0x7e9e431a0B8c4D532C745B1043c7FA29a48D4fBa",
			"blockHash": "0xd3db6f513ae69ec21eba5c04cd74eac345f04c0694957a665002ab0b777c46b9",
			"blockNumber": 5517192,
			"data": "0x00000000000000000000000000000000000000000000005b0bc2e30572490000",
			"logIndex": 33,
			"topics": [
				"0xddf252ad1be2c89b69c2b068fc378daa952ba7f163c4a11628f55a4df523b3ef",
				"0x000000000000000000000000c9f42bcc3cd6c77fae537dd24ba96668fc864150",
				"0x000000000000000000000000ae9d404524b47d93e818ca82b56e3b0ce926a485"
			],
			"transactionHash": "0xb4c474330bb1ea3e0364dca160d33870a11271ff0ab60d771f1cdf5902812f8a",
			"transactionIndex": 40,
			"transactionLogIndex": "0x0",
			"type": "mined",
			"id": "log_86ff6da1"
		}
	],
	"logsBloom": "0x00000000000000000000000000000000000000000000000000000000008000000000000000000000000000000000000000000000100000000000000000000000000000000000010000000008000000000000000000000000000000000000000000000000000000000000000000000000080000020000000000000010000000000000000000000000000000000000000000000000000000800000000000000000000000000000000080000000000000000000000000000000000000000000000000001002000000000000000000000000000000000000000000000000000000000000000000000000000000000000000000000000000000000000000000004000",
	"root": null,
	"status": "0x1",
	"transactionHash": "0xb4c474330bb1ea3e0364dca160d33870a11271ff0ab60d771f1cdf5902812f8a",
	"transactionIndex": 40
}
[2018-04-28T00:20:52.109] [DEBUG] trans - TO:   0x11cf87a788fe1c39288fee576e9eb5220710553e
[2018-04-28T00:20:52.109] [DEBUG] trans - AMOUNT:   1679378300000000000000
[2018-04-28T00:20:52.109] [DEBUG] trans - Receipt info:  {
	"blockHash": "0xbfd412368cd7c9e715bf62b49d66b8fcdd23900b1dd7bbe2ac808da9941f4932",
	"blockNumber": 5517193,
	"contractAddress": null,
	"cumulativeGasUsed": 2338884,
	"gasUsed": 51653,
	"logs": [
		{
			"address": "0x7e9e431a0B8c4D532C745B1043c7FA29a48D4fBa",
			"blockHash": "0xbfd412368cd7c9e715bf62b49d66b8fcdd23900b1dd7bbe2ac808da9941f4932",
			"blockNumber": 5517193,
			"data": "0x00000000000000000000000000000000000000000000005b0a0e421f5763c000",
			"logIndex": 34,
			"topics": [
				"0xddf252ad1be2c89b69c2b068fc378daa952ba7f163c4a11628f55a4df523b3ef",
				"0x000000000000000000000000c9f42bcc3cd6c77fae537dd24ba96668fc864150",
				"0x00000000000000000000000011cf87a788fe1c39288fee576e9eb5220710553e"
			],
			"transactionHash": "0x3b13ff7f87bb9559f95e3dd5acad74a1a14dd0db3aa5b3507910ff5c6defddfa",
			"transactionIndex": 70,
			"transactionLogIndex": "0x0",
			"type": "mined",
			"id": "log_e5fbd649"
		}
	],
	"logsBloom": "0x00000200000000000000000000000000000000000000000000000000008000000000000000000000000000000000000000000000100000000000000000000000000000000000010000000008000000000000000000000000000000000000000000000000000000000000000000000000000000000000000000000010400000000000000000000000000000000000000000000000000000000000000000000000000000000000000088000000000000000000000000000000000000000000000000001002000000000000000000000000000000000000000000000000000000000000000000000000000000000000000000000000000000000000000000004000",
	"root": null,
	"status": "0x1",
	"transactionHash": "0x3b13ff7f87bb9559f95e3dd5acad74a1a14dd0db3aa5b3507910ff5c6defddfa",
	"transactionIndex": 70
}
[2018-04-28T00:20:52.111] [DEBUG] trans - TO:   0xf1758d622af38664abf2b5fa4e1ff7443a386d21
[2018-04-28T00:20:52.111] [DEBUG] trans - AMOUNT:   1678844000000000000000
[2018-04-28T00:20:52.111] [DEBUG] trans - Receipt info:  {
	"blockHash": "0xbfd412368cd7c9e715bf62b49d66b8fcdd23900b1dd7bbe2ac808da9941f4932",
	"blockNumber": 5517193,
	"contractAddress": null,
	"cumulativeGasUsed": 5970193,
	"gasUsed": 51589,
	"logs": [
		{
			"address": "0x7e9e431a0B8c4D532C745B1043c7FA29a48D4fBa",
			"blockHash": "0xbfd412368cd7c9e715bf62b49d66b8fcdd23900b1dd7bbe2ac808da9941f4932",
			"blockNumber": 5517193,
			"data": "0x00000000000000000000000000000000000000000000005b02a40b1a6fe60000",
			"logIndex": 98,
			"topics": [
				"0xddf252ad1be2c89b69c2b068fc378daa952ba7f163c4a11628f55a4df523b3ef",
				"0x000000000000000000000000c9f42bcc3cd6c77fae537dd24ba96668fc864150",
				"0x000000000000000000000000f1758d622af38664abf2b5fa4e1ff7443a386d21"
			],
			"transactionHash": "0x08105e6abd38ba292f14c6886c168795fa813bf94604260b63f02f1185e5e999",
			"transactionIndex": 146,
			"transactionLogIndex": "0x0",
			"type": "mined",
			"id": "log_d8498d14"
		}
	],
	"logsBloom": "0x00000000000000000000000000000000000000000000000000000000008000000000000000000000000000000000000000000000100000000000000000000000000000000000010000000008000000000000000000000000000000000000000000000000000000000000000000000000000000000000000000000010000000000000000000000000000000000000000000000000000000000000000000000000000000000000000080000000000080000002000000000000000000000000000000001002000000000000000000000000000000000000000000000000000000100000000000000000000000000000000000000000000000000000000000004000",
	"root": null,
	"status": "0x1",
	"transactionHash": "0x08105e6abd38ba292f14c6886c168795fa813bf94604260b63f02f1185e5e999",
	"transactionIndex": 146
}
[2018-04-28T00:20:52.113] [DEBUG] trans - TO:   0x354396caea11cd55923841963e2534fb4c992cd3
[2018-04-28T00:20:52.113] [DEBUG] trans - AMOUNT:   1679297000000000000000
[2018-04-28T00:20:52.113] [DEBUG] trans - Receipt info:  {
	"blockHash": "0xbfd412368cd7c9e715bf62b49d66b8fcdd23900b1dd7bbe2ac808da9941f4932",
	"blockNumber": 5517193,
	"contractAddress": null,
	"cumulativeGasUsed": 5717173,
	"gasUsed": 51653,
	"logs": [
		{
			"address": "0x7e9e431a0B8c4D532C745B1043c7FA29a48D4fBa",
			"blockHash": "0xbfd412368cd7c9e715bf62b49d66b8fcdd23900b1dd7bbe2ac808da9941f4932",
			"blockNumber": 5517193,
			"data": "0x00000000000000000000000000000000000000000000005b08ed6c3403268000",
			"logIndex": 94,
			"topics": [
				"0xddf252ad1be2c89b69c2b068fc378daa952ba7f163c4a11628f55a4df523b3ef",
				"0x000000000000000000000000c9f42bcc3cd6c77fae537dd24ba96668fc864150",
				"0x000000000000000000000000354396caea11cd55923841963e2534fb4c992cd3"
			],
			"transactionHash": "0x8ad6e56c45c7d1f5f834ec969c81793621e4febeb929ea886ac082e4ab2a9026",
			"transactionIndex": 139,
			"transactionLogIndex": "0x0",
			"type": "mined",
			"id": "log_461183e6"
		}
	],
	"logsBloom": "0x00000000000000000000000000000000000000000000000000000000008000000000000000000000000000000000000000000000100000000000000000000000000000000000010000000008000000000000000000000000000000000000000000000100000000000000000000000000000000000000000000000010000000000000000000000000000000000000000000000100000000000000000000000000000000000000000080000000000000000000000000000000000000000040000000001002000000000000000000000000000000000000000000000000000000000000000000000000000000000000000000000000000000000000000000004000",
	"root": null,
	"status": "0x1",
	"transactionHash": "0x8ad6e56c45c7d1f5f834ec969c81793621e4febeb929ea886ac082e4ab2a9026",
	"transactionIndex": 139
}
[2018-04-28T00:20:52.113] [DEBUG] trans - TO:   0x3de3a750c0ad01a32198620f8fd07fdfe626e2e6
[2018-04-28T00:20:52.113] [DEBUG] trans - AMOUNT:   1678722100000000000000
[2018-04-28T00:20:52.113] [DEBUG] trans - Receipt info:  {
	"blockHash": "0xbfd412368cd7c9e715bf62b49d66b8fcdd23900b1dd7bbe2ac808da9941f4932",
	"blockNumber": 5517193,
	"contractAddress": null,
	"cumulativeGasUsed": 6144428,
	"gasUsed": 51589,
	"logs": [
		{
			"address": "0x7e9e431a0B8c4D532C745B1043c7FA29a48D4fBa",
			"blockHash": "0xbfd412368cd7c9e715bf62b49d66b8fcdd23900b1dd7bbe2ac808da9941f4932",
			"blockNumber": 5517193,
			"data": "0x00000000000000000000000000000000000000000000005b00f2f7b2f9c74000",
			"logIndex": 101,
			"topics": [
				"0xddf252ad1be2c89b69c2b068fc378daa952ba7f163c4a11628f55a4df523b3ef",
				"0x000000000000000000000000c9f42bcc3cd6c77fae537dd24ba96668fc864150",
				"0x0000000000000000000000003de3a750c0ad01a32198620f8fd07fdfe626e2e6"
			],
			"transactionHash": "0xc00b28872e20c8d481291dba3e685c804aa0b7813f143349ba3e42719b8cef0d",
			"transactionIndex": 150,
			"transactionLogIndex": "0x0",
			"type": "mined",
			"id": "log_4352a469"
		}
	],
	"logsBloom": "0x00000400000000000000000000000000000000000000000000000000008000000000000000000000000000000000000000000000100000000000000000000000000000000000010000000008000000000000000000000000000000000000000000000000000000000000000000000000000000000000000000000010000000000000000000000000000000000000000000000000000000000000000000000000000000000000000080000000000000000000000000000000000000000000000000001002000000000000008000000000000000000000000000000000000000010000000000000000000000000000000000000000000000000000000000004000",
	"root": null,
	"status": "0x1",
	"transactionHash": "0xc00b28872e20c8d481291dba3e685c804aa0b7813f143349ba3e42719b8cef0d",
	"transactionIndex": 150
}
[2018-04-28T00:20:52.117] [DEBUG] trans - TO:   0x00880a99a24287ca6b5812bdb6284d56c700993a
[2018-04-28T00:20:52.117] [DEBUG] trans - AMOUNT:   1678460100000000000000
[2018-04-28T00:20:52.117] [DEBUG] trans - Receipt info:  {
	"blockHash": "0xbfd412368cd7c9e715bf62b49d66b8fcdd23900b1dd7bbe2ac808da9941f4932",
	"blockNumber": 5517193,
	"contractAddress": null,
	"cumulativeGasUsed": 6450962,
	"gasUsed": 51525,
	"logs": [
		{
			"address": "0x7e9e431a0B8c4D532C745B1043c7FA29a48D4fBa",
			"blockHash": "0xbfd412368cd7c9e715bf62b49d66b8fcdd23900b1dd7bbe2ac808da9941f4932",
			"blockNumber": 5517193,
			"data": "0x00000000000000000000000000000000000000000000005afd50281656a04000",
			"logIndex": 107,
			"topics": [
				"0xddf252ad1be2c89b69c2b068fc378daa952ba7f163c4a11628f55a4df523b3ef",
				"0x000000000000000000000000c9f42bcc3cd6c77fae537dd24ba96668fc864150",
				"0x00000000000000000000000000880a99a24287ca6b5812bdb6284d56c700993a"
			],
			"transactionHash": "0xe99db2c4268174316320e9a6ff9d87df15b54dba21aec4eacaba1a6cf26ccaaa",
			"transactionIndex": 156,
			"transactionLogIndex": "0x0",
			"type": "mined",
			"id": "log_c2adfa88"
		}
	],
	"logsBloom": "0x00000000000000000000000000000000000000000000000000000000008000000000000000000000000000000000000000000000100000000000000080000000000000000000010040000008000000000000000000000000000000000000000000000000000000000000000000000000000000000000000000000010000000000000000000000000000000000000000000000000000000000000000000000000000000000000000080000000000000000000000000000000000000000000000000001002000000000000000000000000000000000000000000000000000000000000000000000000000000000000000000000000000002000000000000004000",
	"root": null,
	"status": "0x1",
	"transactionHash": "0xe99db2c4268174316320e9a6ff9d87df15b54dba21aec4eacaba1a6cf26ccaaa",
	"transactionIndex": 156
}
[2018-04-28T00:20:52.117] [DEBUG] trans - TO:   0xf3bee035852b84a4220b3eb3650e4acbb5b991f6
[2018-04-28T00:20:52.118] [DEBUG] trans - AMOUNT:   1678710100000000000000
[2018-04-28T00:20:52.118] [DEBUG] trans - Receipt info:  {
	"blockHash": "0xbfd412368cd7c9e715bf62b49d66b8fcdd23900b1dd7bbe2ac808da9941f4932",
	"blockNumber": 5517193,
	"contractAddress": null,
	"cumulativeGasUsed": 6297727,
	"gasUsed": 51589,
	"logs": [
		{
			"address": "0x7e9e431a0B8c4D532C745B1043c7FA29a48D4fBa",
			"blockHash": "0xbfd412368cd7c9e715bf62b49d66b8fcdd23900b1dd7bbe2ac808da9941f4932",
			"blockNumber": 5517193,
			"data": "0x00000000000000000000000000000000000000000000005b00c855c340794000",
			"logIndex": 104,
			"topics": [
				"0xddf252ad1be2c89b69c2b068fc378daa952ba7f163c4a11628f55a4df523b3ef",
				"0x000000000000000000000000c9f42bcc3cd6c77fae537dd24ba96668fc864150",
				"0x000000000000000000000000f3bee035852b84a4220b3eb3650e4acbb5b991f6"
			],
			"transactionHash": "0x0af5a5e1bc33675e14522df481929bd4ea31d1563b34dbaa426727f12bccf3ed",
			"transactionIndex": 153,
			"transactionLogIndex": "0x0",
			"type": "mined",
			"id": "log_2d84df8d"
		}
	],
	"logsBloom": "0x00000800000000000000000000000000000000000000000000000000008000000080000000000000000000000000000000000000100000000000000000000000000000000000010000000008000000000000000000000000000000000000000000000000000000000000000000000000000000000000000000000010000000000000000000000000000000000000000000000000000000000000000000000000000000000000000080000000000000000000000000000080000000000000000000001002000000000000000000000000000000000000000000000000000000000000000000000000000000000000000000000000000000000000000000004000",
	"root": null,
	"status": "0x1",
	"transactionHash": "0x0af5a5e1bc33675e14522df481929bd4ea31d1563b34dbaa426727f12bccf3ed",
	"transactionIndex": 153
}
[2018-04-28T00:20:52.122] [DEBUG] trans - TO:   0xeb261dc63cefee972e518c655479484a2a05d8c2
[2018-04-28T00:20:52.122] [DEBUG] trans - AMOUNT:   1678189100000000000000
[2018-04-28T00:20:52.122] [DEBUG] trans - Receipt info:  {
	"blockHash": "0xbfd412368cd7c9e715bf62b49d66b8fcdd23900b1dd7bbe2ac808da9941f4932",
	"blockNumber": 5517193,
	"contractAddress": null,
	"cumulativeGasUsed": 6709099,
	"gasUsed": 51653,
	"logs": [
		{
			"address": "0x7e9e431a0B8c4D532C745B1043c7FA29a48D4fBa",
			"blockHash": "0xbfd412368cd7c9e715bf62b49d66b8fcdd23900b1dd7bbe2ac808da9941f4932",
			"blockNumber": 5517193,
			"data": "0x00000000000000000000000000000000000000000000005af98d5f05e87ec000",
			"logIndex": 112,
			"topics": [
				"0xddf252ad1be2c89b69c2b068fc378daa952ba7f163c4a11628f55a4df523b3ef",
				"0x000000000000000000000000c9f42bcc3cd6c77fae537dd24ba96668fc864150",
				"0x000000000000000000000000eb261dc63cefee972e518c655479484a2a05d8c2"
			],
			"transactionHash": "0x70c0a5ffced15af5ef501e1197026a1402a27a30778133db9c05be371fcb8a74",
			"transactionIndex": 161,
			"transactionLogIndex": "0x0",
			"type": "mined",
			"id": "log_3b02ce7e"
		}
	],
	"logsBloom": "0x00000000000000000000000000000000000000000000000000000000008000000000000000000000000000000000000000000000100000000000000000000000000000000000010000000008000000000000000000000000000000000000000000000000000000000000000000000000000010000000000000000010000000000000000000000000000000004000000000000000000000000000000000000000000000000000000080000000000000000000000000000000000000000000000000001002001000000000000000000000000000000000000000000000000000000000000000000000000000000000000000000000000000000000000000004000",
	"root": null,
	"status": "0x1",
	"transactionHash": "0x70c0a5ffced15af5ef501e1197026a1402a27a30778133db9c05be371fcb8a74",
	"transactionIndex": 161
}
[2018-04-28T00:20:52.123] [DEBUG] trans - TO:   0x7a7388bd3752ddc69dd23c003b51e0d52957ed7a
[2018-04-28T00:20:52.123] [DEBUG] trans - AMOUNT:   1678320000000000000000
[2018-04-28T00:20:52.123] [DEBUG] trans - Receipt info:  {
	"blockHash": "0xbfd412368cd7c9e715bf62b49d66b8fcdd23900b1dd7bbe2ac808da9941f4932",
	"blockNumber": 5517193,
	"contractAddress": null,
	"cumulativeGasUsed": 6605793,
	"gasUsed": 51525,
	"logs": [
		{
			"address": "0x7e9e431a0B8c4D532C745B1043c7FA29a48D4fBa",
			"blockHash": "0xbfd412368cd7c9e715bf62b49d66b8fcdd23900b1dd7bbe2ac808da9941f4932",
			"blockNumber": 5517193,
			"data": "0x00000000000000000000000000000000000000000000005afb5e6be129980000",
			"logIndex": 110,
			"topics": [
				"0xddf252ad1be2c89b69c2b068fc378daa952ba7f163c4a11628f55a4df523b3ef",
				"0x000000000000000000000000c9f42bcc3cd6c77fae537dd24ba96668fc864150",
				"0x0000000000000000000000007a7388bd3752ddc69dd23c003b51e0d52957ed7a"
			],
			"transactionHash": "0x4d1ff84250f8effd4f3aae244304366a3ef6e055b75cc08735e49d3ce1d21838",
			"transactionIndex": 159,
			"transactionLogIndex": "0x0",
			"type": "mined",
			"id": "log_f2b9b0a2"
		}
	],
	"logsBloom": "0x00000000000000000000000000000000000000000000000000000000008000000000000000000000000000000000000000000000100000000000000000000000000000000000010000000008000000000000000000000000000000000000000000000000000000000000000000000000000000000000000000000010000000000000000000000000000000000000000000000000000000000000000000000000000000000000000080000000000000000000000000000004001000000000000000001002000000000000000000000000000000000000000000000000000000000000000000000000000000000000000000000200000000000000000000004000",
	"root": null,
	"status": "0x1",
	"transactionHash": "0x4d1ff84250f8effd4f3aae244304366a3ef6e055b75cc08735e49d3ce1d21838",
	"transactionIndex": 159
}
[2018-04-28T00:20:52.123] [DEBUG] trans - TO:   0xdf4fc131f2787e29479b80661a1305792e96a6a0
[2018-04-28T00:20:52.123] [DEBUG] trans - AMOUNT:   1677500000000000000000
[2018-04-28T00:20:52.123] [DEBUG] trans - Receipt info:  {
	"blockHash": "0xbfd412368cd7c9e715bf62b49d66b8fcdd23900b1dd7bbe2ac808da9941f4932",
	"blockNumber": 5517193,
	"contractAddress": null,
	"cumulativeGasUsed": 6915455,
	"gasUsed": 51589,
	"logs": [
		{
			"address": "0x7e9e431a0B8c4D532C745B1043c7FA29a48D4fBa",
			"blockHash": "0xbfd412368cd7c9e715bf62b49d66b8fcdd23900b1dd7bbe2ac808da9941f4932",
			"blockNumber": 5517193,
			"data": "0x00000000000000000000000000000000000000000000005aeffd32395dc60000",
			"logIndex": 116,
			"topics": [
				"0xddf252ad1be2c89b69c2b068fc378daa952ba7f163c4a11628f55a4df523b3ef",
				"0x000000000000000000000000c9f42bcc3cd6c77fae537dd24ba96668fc864150",
				"0x000000000000000000000000df4fc131f2787e29479b80661a1305792e96a6a0"
			],
			"transactionHash": "0x5082ef2abb6daf9a5f2f4e1f9d2e954d75b2e25180747af9233290781b176e82",
			"transactionIndex": 165,
			"transactionLogIndex": "0x0",
			"type": "mined",
			"id": "log_cbea09a7"
		}
	],
	"logsBloom": "0x00040000000000000000000000000000000000000000000000000000008000000000000000000000000000000000000000000000100000000000000000000000000000000000010000000008000000000000000000000000000000000000000000000000000000000000000000000000000000000000000000000010000000000000000000000000000000000000000000000000000000000000000000000000000000000000000080000000000000000000000000000000000000000000000000001002000000000200000000000000000000000000000000000000000000000000000000000000000000000000000000010000000000000000000000004000",
	"root": null,
	"status": "0x1",
	"transactionHash": "0x5082ef2abb6daf9a5f2f4e1f9d2e954d75b2e25180747af9233290781b176e82",
	"transactionIndex": 165
}
[2018-04-28T00:20:52.127] [DEBUG] trans - TO:   0x3fbc37143be0e79d23fe80670a538ea0130dd455
[2018-04-28T00:20:52.127] [DEBUG] trans - AMOUNT:   1677406900000000000000
[2018-04-28T00:20:52.127] [DEBUG] trans - Receipt info:  {
	"blockHash": "0xbfd412368cd7c9e715bf62b49d66b8fcdd23900b1dd7bbe2ac808da9941f4932",
	"blockNumber": 5517193,
	"contractAddress": null,
	"cumulativeGasUsed": 7018761,
	"gasUsed": 51653,
	"logs": [
		{
			"address": "0x7e9e431a0B8c4D532C745B1043c7FA29a48D4fBa",
			"blockHash": "0xbfd412368cd7c9e715bf62b49d66b8fcdd23900b1dd7bbe2ac808da9941f4932",
			"blockNumber": 5517193,
			"data": "0x00000000000000000000000000000000000000000000005aeeb27044712f4000",
			"logIndex": 118,
			"topics": [
				"0xddf252ad1be2c89b69c2b068fc378daa952ba7f163c4a11628f55a4df523b3ef",
				"0x000000000000000000000000c9f42bcc3cd6c77fae537dd24ba96668fc864150",
				"0x0000000000000000000000003fbc37143be0e79d23fe80670a538ea0130dd455"
			],
			"transactionHash": "0x43d53c0e8da3fa449cedb82ca9b163c7eed1ea0bcf1b23d47c3795b365742ebb",
			"transactionIndex": 167,
			"transactionLogIndex": "0x0",
			"type": "mined",
			"id": "log_78a3e529"
		}
	],
	"logsBloom": "0x00000000000000000000000000000000000000000000000000000000008000000000000000000000000000000000000000000000100000000000000000000000000000000000010000000008000000000000000000000000000000000000000000000000000000000000000000000000000000000000000000000010000000000000000000000000008000000000000400200000000000000000000000000000000000000000000080000000000000000000000000000000000000000000000000001002000000000000000000000000000000000000000000000000000000000000000000000000000000000000000000000000000000000000000000004000",
	"root": null,
	"status": "0x1",
	"transactionHash": "0x43d53c0e8da3fa449cedb82ca9b163c7eed1ea0bcf1b23d47c3795b365742ebb",
	"transactionIndex": 167
}
[2018-04-28T00:20:52.128] [DEBUG] trans - TO:   0x703f64ceb8876dd61bed3c16a54dbd9c010faabd
[2018-04-28T00:20:52.128] [DEBUG] trans - AMOUNT:   1677314500000000000000
[2018-04-28T00:20:52.128] [DEBUG] trans - Receipt info:  {
	"blockHash": "0xbfd412368cd7c9e715bf62b49d66b8fcdd23900b1dd7bbe2ac808da9941f4932",
	"blockNumber": 5517193,
	"contractAddress": null,
	"cumulativeGasUsed": 7122067,
	"gasUsed": 51653,
	"logs": [
		{
			"address": "0x7e9e431a0B8c4D532C745B1043c7FA29a48D4fBa",
			"blockHash": "0xbfd412368cd7c9e715bf62b49d66b8fcdd23900b1dd7bbe2ac808da9941f4932",
			"blockNumber": 5517193,
			"data": "0x00000000000000000000000000000000000000000000005aed6a2af4f7f04000",
			"logIndex": 120,
			"topics": [
				"0xddf252ad1be2c89b69c2b068fc378daa952ba7f163c4a11628f55a4df523b3ef",
				"0x000000000000000000000000c9f42bcc3cd6c77fae537dd24ba96668fc864150",
				"0x000000000000000000000000703f64ceb8876dd61bed3c16a54dbd9c010faabd"
			],
			"transactionHash": "0x82bca316f7dd01f52c0740308f52512f85554c13c4454390d01f46ccbedc797e",
			"transactionIndex": 169,
			"transactionLogIndex": "0x0",
			"type": "mined",
			"id": "log_b136d2b0"
		}
	],
	"logsBloom": "0x00000000000000000000000000000000000000000000000001000000008000000000000000000000000000000000000000000000100000000000000000000000000000000000010000000008000000000000000000000000000000000000000000000000000000000000000000000000000000000000000000000010000000000000000000000000000000000000000000000000000000020000000000000000000000000000000080000000000000000000000000000000000000000000000000001002000000000000000000000000000000000000000000000000000000000000000000000000000000000000000000000000000000000000000000024000",
	"root": null,
	"status": "0x1",
	"transactionHash": "0x82bca316f7dd01f52c0740308f52512f85554c13c4454390d01f46ccbedc797e",
	"transactionIndex": 169
}
[2018-04-28T00:20:52.132] [DEBUG] trans - TO:   0xce2cd0707acd60e75b9f7dfea470701d1f6d9923
[2018-04-28T00:20:52.132] [DEBUG] trans - AMOUNT:   1677780400000000000000
[2018-04-28T00:20:52.132] [DEBUG] trans - Receipt info:  {
	"blockHash": "0xbfd412368cd7c9e715bf62b49d66b8fcdd23900b1dd7bbe2ac808da9941f4932",
	"blockNumber": 5517193,
	"contractAddress": null,
	"cumulativeGasUsed": 6812277,
	"gasUsed": 51589,
	"logs": [
		{
			"address": "0x7e9e431a0B8c4D532C745B1043c7FA29a48D4fBa",
			"blockHash": "0xbfd412368cd7c9e715bf62b49d66b8fcdd23900b1dd7bbe2ac808da9941f4932",
			"blockNumber": 5517193,
			"data": "0x00000000000000000000000000000000000000000000005af3e16089d8cb0000",
			"logIndex": 114,
			"topics": [
				"0xddf252ad1be2c89b69c2b068fc378daa952ba7f163c4a11628f55a4df523b3ef",
				"0x000000000000000000000000c9f42bcc3cd6c77fae537dd24ba96668fc864150",
				"0x000000000000000000000000ce2cd0707acd60e75b9f7dfea470701d1f6d9923"
			],
			"transactionHash": "0x26f18fed2956a3439a554e2e24a1f1116bb072b31dcb4893dda523858b2564f1",
			"transactionIndex": 163,
			"transactionLogIndex": "0x0",
			"type": "mined",
			"id": "log_37e94272"
		}
	],
	"logsBloom": "0x00000800000000000000000000000000000000000000000000000000008000000000000000000000000000000000000000000000100100000000000000000000000000000000010000000008400000000000000000000000000000000000000000000000000000000000000000000000000000000000000000000010000000000000000000000000000000000000000000000000000000000000000000000000000000000000000080000000000000000000000000000000000000000000000000001002000000000000000000000000000000000000000000000000000000000000000000000000000000000000000000000000000000000000000000004000",
	"root": null,
	"status": "0x1",
	"transactionHash": "0x26f18fed2956a3439a554e2e24a1f1116bb072b31dcb4893dda523858b2564f1",
	"transactionIndex": 163
}
[2018-04-28T00:20:52.133] [DEBUG] trans - TO:   0xa3281bbd0ae18dc389d286b9390db8fd5cc83857
[2018-04-28T00:20:52.133] [DEBUG] trans - AMOUNT:   1677036000000000000000
[2018-04-28T00:20:52.133] [DEBUG] trans - Receipt info:  {
	"blockHash": "0xbfd412368cd7c9e715bf62b49d66b8fcdd23900b1dd7bbe2ac808da9941f4932",
	"blockNumber": 5517193,
	"contractAddress": null,
	"cumulativeGasUsed": 7431793,
	"gasUsed": 51589,
	"logs": [
		{
			"address": "0x7e9e431a0B8c4D532C745B1043c7FA29a48D4fBa",
			"blockHash": "0xbfd412368cd7c9e715bf62b49d66b8fcdd23900b1dd7bbe2ac808da9941f4932",
			"blockNumber": 5517193,
			"data": "0x00000000000000000000000000000000000000000000005ae98cbcaeb5fe0000",
			"logIndex": 126,
			"topics": [
				"0xddf252ad1be2c89b69c2b068fc378daa952ba7f163c4a11628f55a4df523b3ef",
				"0x000000000000000000000000c9f42bcc3cd6c77fae537dd24ba96668fc864150",
				"0x000000000000000000000000a3281bbd0ae18dc389d286b9390db8fd5cc83857"
			],
			"transactionHash": "0xe983b28831f8129ed627650996eceb7c7d99692337ba77957354b97be041f5af",
			"transactionIndex": 175,
			"transactionLogIndex": "0x0",
			"type": "mined",
			"id": "log_842adf28"
		}
	],
	"logsBloom": "0x00000000000000000000000000000000000000000000000000000000008000000000000000000000000000000000000000000000100000000000000000000000000000000000010000000008000000000000000000000040000000000000000000000000000000000000000000000000000000000000000000000010000000000000004000000000000000000000000000000000000000000000000000000000000000000000000080000000000000000000000000000000000000000000000000001002000000000000000000000000000000000000000000000000000000000000000000000000000000000000000000000000000002000000000000004000",
	"root": null,
	"status": "0x1",
	"transactionHash": "0xe983b28831f8129ed627650996eceb7c7d99692337ba77957354b97be041f5af",
	"transactionIndex": 175
}
[2018-04-28T00:20:52.134] [DEBUG] trans - TO:   0xdcd8616b52f69a273cbbfd939570f0f648948f6d
[2018-04-28T00:20:52.134] [DEBUG] trans - AMOUNT:   1677198700000000000000
[2018-04-28T00:20:52.134] [DEBUG] trans - Receipt info:  {
	"blockHash": "0xbfd412368cd7c9e715bf62b49d66b8fcdd23900b1dd7bbe2ac808da9941f4932",
	"blockNumber": 5517193,
	"contractAddress": null,
	"cumulativeGasUsed": 7225373,
	"gasUsed": 51653,
	"logs": [
		{
			"address": "0x7e9e431a0B8c4D532C745B1043c7FA29a48D4fBa",
			"blockHash": "0xbfd412368cd7c9e715bf62b49d66b8fcdd23900b1dd7bbe2ac808da9941f4932",
			"blockNumber": 5517193,
			"data": "0x00000000000000000000000000000000000000000000005aebcec3786ef2c000",
			"logIndex": 122,
			"topics": [
				"0xddf252ad1be2c89b69c2b068fc378daa952ba7f163c4a11628f55a4df523b3ef",
				"0x000000000000000000000000c9f42bcc3cd6c77fae537dd24ba96668fc864150",
				"0x000000000000000000000000dcd8616b52f69a273cbbfd939570f0f648948f6d"
			],
			"transactionHash": "0xd15b25dae908b2397ef74e536c069349b3f56a3abdecdb4c6b22e32d28dabb1a",
			"transactionIndex": 171,
			"transactionLogIndex": "0x0",
			"type": "mined",
			"id": "log_e8ab1623"
		}
	],
	"logsBloom": "0x00000000000000002000000000000000000000000000000000000000008000000000000000000000000000000000000000000000100000000000000000000000000000000000010000000008000000000000000000000000000000000000000000000000000000000000000000000000000000000000000000000010000000000000002000000000000000000000000000000000000000000000000000000000000000000000000080000000000000000000000000000000000000000000000000001002000000000000000000000000000000000000000000000000000000000000000000000000000000000000000000000000000040000000000000004000",
	"root": null,
	"status": "0x1",
	"transactionHash": "0xd15b25dae908b2397ef74e536c069349b3f56a3abdecdb4c6b22e32d28dabb1a",
	"transactionIndex": 171
}
[2018-04-28T00:20:52.138] [DEBUG] trans - TO:   0x29f92439c0b4b8afadb3a57a0281fac758c6d730
[2018-04-28T00:20:52.138] [DEBUG] trans - AMOUNT:   1676920000000000000000
[2018-04-28T00:20:52.138] [DEBUG] trans - Receipt info:  {
	"blockHash": "0xbfd412368cd7c9e715bf62b49d66b8fcdd23900b1dd7bbe2ac808da9941f4932",
	"blockNumber": 5517193,
	"contractAddress": null,
	"cumulativeGasUsed": 7535035,
	"gasUsed": 51589,
	"logs": [
		{
			"address": "0x7e9e431a0B8c4D532C745B1043c7FA29a48D4fBa",
			"blockHash": "0xbfd412368cd7c9e715bf62b49d66b8fcdd23900b1dd7bbe2ac808da9941f4932",
			"blockNumber": 5517193,
			"data": "0x00000000000000000000000000000000000000000000005ae7f09f4c0c0c0000",
			"logIndex": 128,
			"topics": [
				"0xddf252ad1be2c89b69c2b068fc378daa952ba7f163c4a11628f55a4df523b3ef",
				"0x000000000000000000000000c9f42bcc3cd6c77fae537dd24ba96668fc864150",
				"0x00000000000000000000000029f92439c0b4b8afadb3a57a0281fac758c6d730"
			],
			"transactionHash": "0xc986fc3a944c2b727e5e85216c7d67aeeeec9e04aa34d413e2d47e8b649cdf37",
			"transactionIndex": 177,
			"transactionLogIndex": "0x0",
			"type": "mined",
			"id": "log_8dba8273"
		}
	],
	"logsBloom": "0x00000000000000000000000000000000000000000000000000000000008000000000000000000000000000000000000000000000100000000000000000000000000000000000010000000008000000000000010400000000000000000000000000000000000000000000000000000000000000000000000000000010000000000000000000000000000000000000000000000000000000000000000000000000000000000000000080000000000000000000000000000000000000000000000000001002000000000000000000000000000000000000000000000000000000000000000000000000000000000000200000000000000000000000000000004000",
	"root": null,
	"status": "0x1",
	"transactionHash": "0xc986fc3a944c2b727e5e85216c7d67aeeeec9e04aa34d413e2d47e8b649cdf37",
	"transactionIndex": 177
}
[2018-04-28T00:20:52.140] [DEBUG] trans - TO:   0xd4a21329d70f159e64e55417c184b621bd3ad112
[2018-04-28T00:20:52.140] [DEBUG] trans - AMOUNT:   1676461000000000000000
[2018-04-28T00:20:52.140] [DEBUG] trans - Receipt info:  {
	"blockHash": "0xbfd412368cd7c9e715bf62b49d66b8fcdd23900b1dd7bbe2ac808da9941f4932",
	"blockNumber": 5517193,
	"contractAddress": null,
	"cumulativeGasUsed": 7844761,
	"gasUsed": 51653,
	"logs": [
		{
			"address": "0x7e9e431a0B8c4D532C745B1043c7FA29a48D4fBa",
			"blockHash": "0xbfd412368cd7c9e715bf62b49d66b8fcdd23900b1dd7bbe2ac808da9941f4932",
			"blockNumber": 5517193,
			"data": "0x00000000000000000000000000000000000000000000005ae191ed3a9c248000",
			"logIndex": 134,
			"topics": [
				"0xddf252ad1be2c89b69c2b068fc378daa952ba7f163c4a11628f55a4df523b3ef",
				"0x000000000000000000000000c9f42bcc3cd6c77fae537dd24ba96668fc864150",
				"0x000000000000000000000000d4a21329d70f159e64e55417c184b621bd3ad112"
			],
			"transactionHash": "0x63f686887e114fa19a2318f63e2dd32ffc0385a938e848170dcfabb18ec9dd9b",
			"transactionIndex": 183,
			"transactionLogIndex": "0x0",
			"type": "mined",
			"id": "log_a78effd2"
		}
	],
	"logsBloom": "0x00000000000000000000000000000000000000000000000000000000008000000000000000000000000000000000000000000000100000000000000000000000000000000000010000000008000000000000000000000000000000000000000000000000000000000000000000000000000000000000000000000010000000000000000000000000000000000000000000080000000000000000000080000000000000000000000080000000000000000000000000000000000000000000000000001002000000000000000000000000000000000800000000000000000000000000000000000000000000000000000000000000000000000000000000004000",
	"root": null,
	"status": "0x1",
	"transactionHash": "0x63f686887e114fa19a2318f63e2dd32ffc0385a938e848170dcfabb18ec9dd9b",
	"transactionIndex": 183
}
[2018-04-28T00:20:52.142] [DEBUG] trans - TO:   0x7e5011ba48d91fcaa3b9a8d711577d1d51a1d123
[2018-04-28T00:20:52.142] [DEBUG] trans - AMOUNT:   1677096600000000000000
[2018-04-28T00:20:52.142] [DEBUG] trans - Receipt info:  {
	"blockHash": "0xbfd412368cd7c9e715bf62b49d66b8fcdd23900b1dd7bbe2ac808da9941f4932",
	"blockNumber": 5517193,
	"contractAddress": null,
	"cumulativeGasUsed": 7328615,
	"gasUsed": 51653,
	"logs": [
		{
			"address": "0x7e9e431a0B8c4D532C745B1043c7FA29a48D4fBa",
			"blockHash": "0xbfd412368cd7c9e715bf62b49d66b8fcdd23900b1dd7bbe2ac808da9941f4932",
			"blockNumber": 5517193,
			"data": "0x00000000000000000000000000000000000000000000005aea64080fb7618000",
			"logIndex": 124,
			"topics": [
				"0xddf252ad1be2c89b69c2b068fc378daa952ba7f163c4a11628f55a4df523b3ef",
				"0x000000000000000000000000c9f42bcc3cd6c77fae537dd24ba96668fc864150",
				"0x0000000000000000000000007e5011ba48d91fcaa3b9a8d711577d1d51a1d123"
			],
			"transactionHash": "0xbc057a39aaf7ded053a1b4090070d4b3edf8ace20d1a471dbe7eb1ef76db8fdd",
			"transactionIndex": 173,
			"transactionLogIndex": "0x0",
			"type": "mined",
			"id": "log_1e380383"
		}
	],
	"logsBloom": "0x00000000000000000000000000000000000000000000000000000000008000000000000000000000000000000800000000000000100000000000000000000000000000000000010000000008000000000000000000000000000000000000000000000000000000000000000000000000000000000200000000000010000000000000000000000000000000000000000000000000000000000000000000000000000000000000000080000000000000000000000000000000000000000000000000001002000000000000000000000000000000000000000000000000000000000000000000000000000000000004000000000000000000000000000000004000",
	"root": null,
	"status": "0x1",
	"transactionHash": "0xbc057a39aaf7ded053a1b4090070d4b3edf8ace20d1a471dbe7eb1ef76db8fdd",
	"transactionIndex": 173
}
[2018-04-28T00:20:52.143] [DEBUG] trans - TO:   0x213e22d5897efb8d73e11b8232b2d8cfa7e7239e
[2018-04-28T00:20:52.143] [DEBUG] trans - AMOUNT:   1676863600000000000000
[2018-04-28T00:20:52.143] [DEBUG] trans - Receipt info:  {
	"blockHash": "0xbfd412368cd7c9e715bf62b49d66b8fcdd23900b1dd7bbe2ac808da9941f4932",
	"blockNumber": 5517193,
	"contractAddress": null,
	"cumulativeGasUsed": 7638213,
	"gasUsed": 51589,
	"logs": [
		{
			"address": "0x7e9e431a0B8c4D532C745B1043c7FA29a48D4fBa",
			"blockHash": "0xbfd412368cd7c9e715bf62b49d66b8fcdd23900b1dd7bbe2ac808da9941f4932",
			"blockNumber": 5517193,
			"data": "0x00000000000000000000000000000000000000000000005ae7283fcbbeb70000",
			"logIndex": 130,
			"topics": [
				"0xddf252ad1be2c89b69c2b068fc378daa952ba7f163c4a11628f55a4df523b3ef",
				"0x000000000000000000000000c9f42bcc3cd6c77fae537dd24ba96668fc864150",
				"0x000000000000000000000000213e22d5897efb8d73e11b8232b2d8cfa7e7239e"
			],
			"transactionHash": "0xba6ba996e385a69a34caab37650939a9fd7a8ad405d9f9c13dda290b3775da20",
			"transactionIndex": 179,
			"transactionLogIndex": "0x0",
			"type": "mined",
			"id": "log_d92bc9a4"
		}
	],
	"logsBloom": "0x00000000000000000000000000000000000000000000000000000000008000000000000000000000000000000000000000000000100000004000000000000000000000010000010000000008000000000000000000000000000000000000000000000000002000000000000000000000000000000000000000000010000000000000000000000000000000000000000000000000000000000000000000000000000000000000000080000000000000000000000000000000000000000000000000001002000000000000000000000000000000000000000000000000000000000000000000000000000000000000000000000000000000000000000000004000",
	"root": null,
	"status": "0x1",
	"transactionHash": "0xba6ba996e385a69a34caab37650939a9fd7a8ad405d9f9c13dda290b3775da20",
	"transactionIndex": 179
}
[2018-04-28T00:20:52.149] [DEBUG] trans - TO:   0x52ed4076b6767409ddfeb667f9f5ed2342da37d8
[2018-04-28T00:20:52.149] [DEBUG] trans - AMOUNT:   1676854900000000000000
[2018-04-28T00:20:52.149] [DEBUG] trans - Receipt info:  {
	"blockHash": "0xbfd412368cd7c9e715bf62b49d66b8fcdd23900b1dd7bbe2ac808da9941f4932",
	"blockNumber": 5517193,
	"contractAddress": null,
	"cumulativeGasUsed": 7741455,
	"gasUsed": 51653,
	"logs": [
		{
			"address": "0x7e9e431a0B8c4D532C745B1043c7FA29a48D4fBa",
			"blockHash": "0xbfd412368cd7c9e715bf62b49d66b8fcdd23900b1dd7bbe2ac808da9941f4932",
			"blockNumber": 5517193,
			"data": "0x00000000000000000000000000000000000000000000005ae7095731252b4000",
			"logIndex": 132,
			"topics": [
				"0xddf252ad1be2c89b69c2b068fc378daa952ba7f163c4a11628f55a4df523b3ef",
				"0x000000000000000000000000c9f42bcc3cd6c77fae537dd24ba96668fc864150",
				"0x00000000000000000000000052ed4076b6767409ddfeb667f9f5ed2342da37d8"
			],
			"transactionHash": "0x5cf5dcc6d5bef35f146b2aae9ba1c25317709822108e63f6008b1b37554f8071",
			"transactionIndex": 181,
			"transactionLogIndex": "0x0",
			"type": "mined",
			"id": "log_57a6a71e"
		}
	],
	"logsBloom": "0x00000000000000000000000000000000000000000000000000000000008000000000000000000000000000000000000000000000100000000000000000000000000000000000010000000008000000000000000000000000000000000000000000000000000000000100200000000000000000000000020000000010000000000000000000000000000000000000000000000000000000000000000000000000000000000000000080000000000000000000000000000000000000000000000000001002000000000000000000000000000000000000000000000000000000000000000000000000000000000000000000000000000000000000000000004000",
	"root": null,
	"status": "0x1",
	"transactionHash": "0x5cf5dcc6d5bef35f146b2aae9ba1c25317709822108e63f6008b1b37554f8071",
	"transactionIndex": 181
}
[2018-04-28T00:21:02.121] [DEBUG] trans - TO:   0x1f6334119c0c05951dfe623745b6e878740f9bec
[2018-04-28T00:21:02.121] [DEBUG] trans - AMOUNT:   1676395200000000000000
[2018-04-28T00:21:02.121] [DEBUG] trans - Receipt info:  {
	"blockHash": "0xcdd99aa2b53a99bf38c81e205a6ed5bfba7d99502ad7c95f4d6aaa0028c5282b",
	"blockNumber": 5517194,
	"contractAddress": null,
	"cumulativeGasUsed": 2117790,
	"gasUsed": 51589,
	"logs": [
		{
			"address": "0x7e9e431a0B8c4D532C745B1043c7FA29a48D4fBa",
			"blockHash": "0xcdd99aa2b53a99bf38c81e205a6ed5bfba7d99502ad7c95f4d6aaa0028c5282b",
			"blockNumber": 5517194,
			"data": "0x00000000000000000000000000000000000000000000005ae0a8287a41ec0000",
			"logIndex": 28,
			"topics": [
				"0xddf252ad1be2c89b69c2b068fc378daa952ba7f163c4a11628f55a4df523b3ef",
				"0x000000000000000000000000c9f42bcc3cd6c77fae537dd24ba96668fc864150",
				"0x0000000000000000000000001f6334119c0c05951dfe623745b6e878740f9bec"
			],
			"transactionHash": "0x66630f84247c4e2752e5ce3d44210b314eeef108b65c4bce1c6a12afefd59b64",
			"transactionIndex": 52,
			"transactionLogIndex": "0x0",
			"type": "mined",
			"id": "log_bed601ca"
		}
	],
	"logsBloom": "0x00000000000000000000000000000000000000000000000000000000008004000000000000000000000000000000000000000000100000000000000000000000000000000000010000000008000000000000000000000000000000000000000000000000000000000000000000000000000000000000000000000010000000000000000000000000000000000000000000000000000000000000000000000000000001000000000080000000000000000000000000000000000000000000000000001002000000000000000000000000000000000000000000000000000000000000080000000000000000000000000000000000000000000000000000004000",
	"root": null,
	"status": "0x1",
	"transactionHash": "0x66630f84247c4e2752e5ce3d44210b314eeef108b65c4bce1c6a12afefd59b64",
	"transactionIndex": 52
}
[2018-04-28T00:21:02.123] [DEBUG] trans - TO:   0x47bb3ba236bc07d0b6e411378e7f72976f1004e2
[2018-04-28T00:21:02.123] [DEBUG] trans - AMOUNT:   1676372200000000000000
[2018-04-28T00:21:02.123] [DEBUG] trans - Receipt info:  {
	"blockHash": "0xcdd99aa2b53a99bf38c81e205a6ed5bfba7d99502ad7c95f4d6aaa0028c5282b",
	"blockNumber": 5517194,
	"contractAddress": null,
	"cumulativeGasUsed": 5268758,
	"gasUsed": 51653,
	"logs": [
		{
			"address": "0x7e9e431a0B8c4D532C745B1043c7FA29a48D4fBa",
			"blockHash": "0xcdd99aa2b53a99bf38c81e205a6ed5bfba7d99502ad7c95f4d6aaa0028c5282b",
			"blockNumber": 5517194,
			"data": "0x00000000000000000000000000000000000000000000005ae056721974168000",
			"logIndex": 75,
			"topics": [
				"0xddf252ad1be2c89b69c2b068fc378daa952ba7f163c4a11628f55a4df523b3ef",
				"0x000000000000000000000000c9f42bcc3cd6c77fae537dd24ba96668fc864150",
				"0x00000000000000000000000047bb3ba236bc07d0b6e411378e7f72976f1004e2"
			],
			"transactionHash": "0x8590385b9ef7b6b658a4871fbf5f9d75a882a426390ef0343d7f7bdf2e58810f",
			"transactionIndex": 113,
			"transactionLogIndex": "0x0",
			"type": "mined",
			"id": "log_61338ed5"
		}
	],
	"logsBloom": "0x00000000000000000000000000000000000000000000000000000000008000000000000000000000000000000000000000000000100000000000000000000000000000000000010000000008000000000000000000000000000000000000000000000000000000000000000000000000000000000000004000000010000000000000000000010000000000000000000000000000000000000000000000000000000000000000000080000000000000000000000000000000000000000000000000001002000000000000000000000000800000000000000000000000000000000000000000000000000000000000000000000000000000000000000000004000",
	"root": null,
	"status": "0x1",
	"transactionHash": "0x8590385b9ef7b6b658a4871fbf5f9d75a882a426390ef0343d7f7bdf2e58810f",
	"transactionIndex": 113
}
[2018-04-28T00:21:02.125] [DEBUG] trans - TO:   0x8f2b180907217edeaaa04395bb2f6f4a917f66e9
[2018-04-28T00:21:02.125] [DEBUG] trans - AMOUNT:   1676022100000000000000
[2018-04-28T00:21:02.125] [DEBUG] trans - Receipt info:  {
	"blockHash": "0xcdd99aa2b53a99bf38c81e205a6ed5bfba7d99502ad7c95f4d6aaa0028c5282b",
	"blockNumber": 5517194,
	"contractAddress": null,
	"cumulativeGasUsed": 6374009,
	"gasUsed": 51653,
	"logs": [
		{
			"address": "0x7e9e431a0B8c4D532C745B1043c7FA29a48D4fBa",
			"blockHash": "0xcdd99aa2b53a99bf38c81e205a6ed5bfba7d99502ad7c95f4d6aaa0028c5282b",
			"blockNumber": 5517194,
			"data": "0x00000000000000000000000000000000000000000000005adb7aa4011c394000",
			"logIndex": 87,
			"topics": [
				"0xddf252ad1be2c89b69c2b068fc378daa952ba7f163c4a11628f55a4df523b3ef",
				"0x000000000000000000000000c9f42bcc3cd6c77fae537dd24ba96668fc864150",
				"0x0000000000000000000000008f2b180907217edeaaa04395bb2f6f4a917f66e9"
			],
			"transactionHash": "0x0745a5473e34c75932d6e69ade11fdfa26628afa4040027cf6834a5ee2cefe94",
			"transactionIndex": 128,
			"transactionLogIndex": "0x0",
			"type": "mined",
			"id": "log_ba6567f5"
		}
	],
	"logsBloom": "0x00000000000000000000000200000000000000000000000000000000008000000000000000000200000000000000000000000000100000000000000000000000000000000000010000000008000000000000000000000000000000000000000000000000000000000000000000000000000000000000000000000010000000000000000000000000000000000000000000000000000000000000000000000000000000000000000080000000000000000000000000000000000000000000000000001002000000000000000000000000000000000000000000000000000000000000000000000000000400000000000000000000000000000000000000004000",
	"root": null,
	"status": "0x1",
	"transactionHash": "0x0745a5473e34c75932d6e69ade11fdfa26628afa4040027cf6834a5ee2cefe94",
	"transactionIndex": 128
}
[2018-04-28T00:21:02.126] [DEBUG] trans - TO:   0x8efd89849104b5cd551b1454be2a5bb6ebe2c893
[2018-04-28T00:21:02.126] [DEBUG] trans - AMOUNT:   1676121000000000000000
[2018-04-28T00:21:02.126] [DEBUG] trans - Receipt info:  {
	"blockHash": "0xcdd99aa2b53a99bf38c81e205a6ed5bfba7d99502ad7c95f4d6aaa0028c5282b",
	"blockNumber": 5517194,
	"contractAddress": null,
	"cumulativeGasUsed": 5990810,
	"gasUsed": 51653,
	"logs": [
		{
			"address": "0x7e9e431a0B8c4D532C745B1043c7FA29a48D4fBa",
			"blockHash": "0xcdd99aa2b53a99bf38c81e205a6ed5bfba7d99502ad7c95f4d6aaa0028c5282b",
			"blockNumber": 5517194,
			"data": "0x00000000000000000000000000000000000000000000005adcda0107c4828000",
			"logIndex": 83,
			"topics": [
				"0xddf252ad1be2c89b69c2b068fc378daa952ba7f163c4a11628f55a4df523b3ef",
				"0x000000000000000000000000c9f42bcc3cd6c77fae537dd24ba96668fc864150",
				"0x0000000000000000000000008efd89849104b5cd551b1454be2a5bb6ebe2c893"
			],
			"transactionHash": "0x2114f7ab762103a2445de136e06d9a1557a025f60415bce43a683f731d4db0d9",
			"transactionIndex": 123,
			"transactionLogIndex": "0x0",
			"type": "mined",
			"id": "log_8c917483"
		}
	],
	"logsBloom": "0x00000000000000000000000000000000000000000000000000000000008000000000000000000000000000000000000000000000100000000000000000800000000000000000010000000008000000000000000000000000000000000000000000000000000000000000000000000000002000000000000000000010000000000000000000000000000000000000000000000000000000000000000000000000000000000000000080000000020000000000000000000000000000000000000000001002000000000000000000000000000000000000000000000000000000000000000000000000000000000000000000000000000000000000000000004000",
	"root": null,
	"status": "0x1",
	"transactionHash": "0x2114f7ab762103a2445de136e06d9a1557a025f60415bce43a683f731d4db0d9",
	"transactionIndex": 123
}
[2018-04-28T00:21:02.129] [DEBUG] trans - TO:   0xb638c19631ba859f5f53c396312d13f588ba5cb1
[2018-04-28T00:21:02.129] [DEBUG] trans - AMOUNT:   1676177600000000000000
[2018-04-28T00:21:02.129] [DEBUG] trans - Receipt info:  {
	"blockHash": "0xcdd99aa2b53a99bf38c81e205a6ed5bfba7d99502ad7c95f4d6aaa0028c5282b",
	"blockNumber": 5517194,
	"contractAddress": null,
	"cumulativeGasUsed": 5652021,
	"gasUsed": 51589,
	"logs": [
		{
			"address": "0x7e9e431a0B8c4D532C745B1043c7FA29a48D4fBa",
			"blockHash": "0xcdd99aa2b53a99bf38c81e205a6ed5bfba7d99502ad7c95f4d6aaa0028c5282b",
			"blockNumber": 5517194,
			"data": "0x00000000000000000000000000000000000000000000005adda3166e32cc0000",
			"logIndex": 79,
			"topics": [
				"0xddf252ad1be2c89b69c2b068fc378daa952ba7f163c4a11628f55a4df523b3ef",
				"0x000000000000000000000000c9f42bcc3cd6c77fae537dd24ba96668fc864150",
				"0x000000000000000000000000b638c19631ba859f5f53c396312d13f588ba5cb1"
			],
			"transactionHash": "0x376976e66473446319d604f9b14f8b08b9da3394f71feaba4f51e3e7be45a7e9",
			"transactionIndex": 118,
			"transactionLogIndex": "0x0",
			"type": "mined",
			"id": "log_3241858a"
		}
	],
	"logsBloom": "0x00000000000000000000000000000000000020000000000000000000008000000000000000000000000000000000000000000000100000000000000000000000000000000000012000000008000000000000000000000000000000000000000000000000000000000000000000000000000000000000000000000010000080000000000000000000000000000000000000000000000000000000000000000000000000000000000080000000000000000000000000000000000000000000000000001002000000000000000000000000000000000000000000000000000000000000000000000000000000000000000000000000000000000000000000004000",
	"root": null,
	"status": "0x1",
	"transactionHash": "0x376976e66473446319d604f9b14f8b08b9da3394f71feaba4f51e3e7be45a7e9",
	"transactionIndex": 118
}
[2018-04-28T00:21:02.130] [DEBUG] trans - TO:   0x1d4de53d8dc0b3ed8c17c4e70bd81aaad1901463
[2018-04-28T00:21:02.130] [DEBUG] trans - AMOUNT:   1674436700000000000000
[2018-04-28T00:21:02.130] [DEBUG] trans - Receipt info:  {
	"blockHash": "0xcdd99aa2b53a99bf38c81e205a6ed5bfba7d99502ad7c95f4d6aaa0028c5282b",
	"blockNumber": 5517194,
	"contractAddress": null,
	"cumulativeGasUsed": 7043195,
	"gasUsed": 51653,
	"logs": [
		{
			"address": "0x7e9e431a0B8c4D532C745B1043c7FA29a48D4fBa",
			"blockHash": "0xcdd99aa2b53a99bf38c81e205a6ed5bfba7d99502ad7c95f4d6aaa0028c5282b",
			"blockNumber": 5517194,
			"data": "0x00000000000000000000000000000000000000000000005ac57a2b1aa951c000",
			"logIndex": 97,
			"topics": [
				"0xddf252ad1be2c89b69c2b068fc378daa952ba7f163c4a11628f55a4df523b3ef",
				"0x000000000000000000000000c9f42bcc3cd6c77fae537dd24ba96668fc864150",
				"0x0000000000000000000000001d4de53d8dc0b3ed8c17c4e70bd81aaad1901463"
			],
			"transactionHash": "0x9929b75b8992e49fe72523478beb5e874d6db9670ed13a784dfc0bed3b1d6f82",
			"transactionIndex": 139,
			"transactionLogIndex": "0x0",
			"type": "mined",
			"id": "log_69c7ae06"
		}
	],
	"logsBloom": "0x00000000000000000000000000000000000000000004000000000000008000000000000000000000000000000000000000000000100000000000000000000000000000000000010000000008000000000000000000000000000000000000000000000000000000000000000000000000000000000000000000000010000000000000000000000000000000000000000000000000000000000000000000000000000000000000000080000000000000000000000000000000000000000000000000001022000000000000000000000000000000000000000000000000000000000000000000000000000000000000004000000000000000000000000000004000",
	"root": null,
	"status": "0x1",
	"transactionHash": "0x9929b75b8992e49fe72523478beb5e874d6db9670ed13a784dfc0bed3b1d6f82",
	"transactionIndex": 139
}
[2018-04-28T00:21:02.130] [DEBUG] trans - TO:   0x07d1eadf2c0fde9a678b0984c8163c922042831e
[2018-04-28T00:21:02.130] [DEBUG] trans - AMOUNT:   1675611900000000000000
[2018-04-28T00:21:02.130] [DEBUG] trans - Receipt info:  {
	"blockHash": "0xcdd99aa2b53a99bf38c81e205a6ed5bfba7d99502ad7c95f4d6aaa0028c5282b",
	"blockNumber": 5517194,
	"contractAddress": null,
	"cumulativeGasUsed": 6836775,
	"gasUsed": 51653,
	"logs": [
		{
			"address": "0x7e9e431a0B8c4D532C745B1043c7FA29a48D4fBa",
			"blockHash": "0xcdd99aa2b53a99bf38c81e205a6ed5bfba7d99502ad7c95f4d6aaa0028c5282b",
			"blockNumber": 5517194,
			"data": "0x00000000000000000000000000000000000000000000005ad5c95147155bc000",
			"logIndex": 93,
			"topics": [
				"0xddf252ad1be2c89b69c2b068fc378daa952ba7f163c4a11628f55a4df523b3ef",
				"0x000000000000000000000000c9f42bcc3cd6c77fae537dd24ba96668fc864150",
				"0x00000000000000000000000007d1eadf2c0fde9a678b0984c8163c922042831e"
			],
			"transactionHash": "0xc00dc71ebbbb73388cea2501c65bae080730de385b4e9ff69a68d43f6e72b6ab",
			"transactionIndex": 135,
			"transactionLogIndex": "0x0",
			"type": "mined",
			"id": "log_9eb7e7b0"
		}
	],
	"logsBloom": "0x00000000000000000000000000000000000000000000000000000000008000000000000000000000000040000000000000000000100000000000000000000000000000000000010000000008000000000000000000000000000000000000000000000000000000000000000000000000000000000000000000000010000000000000000000000000000000000000000000000000000000000000000000000000000000000000000080000000000000000000000000000000000000000000000000401002000000010000000000000000000000000000000000000000000000000000000000000000000000000000000000000000000000000000000000004000",
	"root": null,
	"status": "0x1",
	"transactionHash": "0xc00dc71ebbbb73388cea2501c65bae080730de385b4e9ff69a68d43f6e72b6ab",
	"transactionIndex": 135
}
[2018-04-28T00:21:02.133] [DEBUG] trans - TO:   0xd48e9e99bcd91145d37713a73dbee7e1fc94d619
[2018-04-28T00:21:02.133] [DEBUG] trans - AMOUNT:   1674072000000000000000
[2018-04-28T00:21:02.133] [DEBUG] trans - Receipt info:  {
	"blockHash": "0xcdd99aa2b53a99bf38c81e205a6ed5bfba7d99502ad7c95f4d6aaa0028c5282b",
	"blockNumber": 5517194,
	"contractAddress": null,
	"cumulativeGasUsed": 7456355,
	"gasUsed": 51589,
	"logs": [
		{
			"address": "0x7e9e431a0B8c4D532C745B1043c7FA29a48D4fBa",
			"blockHash": "0xcdd99aa2b53a99bf38c81e205a6ed5bfba7d99502ad7c95f4d6aaa0028c5282b",
			"blockNumber": 5517194,
			"data": "0x00000000000000000000000000000000000000000000005ac06a7e62ebbc0000",
			"logIndex": 105,
			"topics": [
				"0xddf252ad1be2c89b69c2b068fc378daa952ba7f163c4a11628f55a4df523b3ef",
				"0x000000000000000000000000c9f42bcc3cd6c77fae537dd24ba96668fc864150",
				"0x000000000000000000000000d48e9e99bcd91145d37713a73dbee7e1fc94d619"
			],
			"transactionHash": "0xf25e7366469ad5501e357dba13f96cbd5df759057d33ca88fe204ca2ae1f0aa3",
			"transactionIndex": 147,
			"transactionLogIndex": "0x0",
			"type": "mined",
			"id": "log_d080540f"
		}
	],
	"logsBloom": "0x00000000000000000000000000000000000000000000000000000000008000000000000000000000000000000000400000000000100000000000000000000000000000000010010000000008000000000000000000000000000000000000000000000000000000000000000000000000000000000000000000000010000000000000000000000000000000000000000000000000000000000000000000000000000000000000000080000000000000000000000000010000000000000000000000001002000000000000000000000000000000000000000000000000000000000000000000000000000000000000000000000000000000000000000000004000",
	"root": null,
	"status": "0x1",
	"transactionHash": "0xf25e7366469ad5501e357dba13f96cbd5df759057d33ca88fe204ca2ae1f0aa3",
	"transactionIndex": 147
}
[2018-04-28T00:21:02.134] [DEBUG] trans - TO:   0xbfd9d7554a77e82f0bfe6bc9598840a972e204ef
[2018-04-28T00:21:02.134] [DEBUG] trans - AMOUNT:   1675637700000000000000
[2018-04-28T00:21:02.134] [DEBUG] trans - Receipt info:  {
	"blockHash": "0xcdd99aa2b53a99bf38c81e205a6ed5bfba7d99502ad7c95f4d6aaa0028c5282b",
	"blockNumber": 5517194,
	"contractAddress": null,
	"cumulativeGasUsed": 6619895,
	"gasUsed": 51653,
	"logs": [
		{
			"address": "0x7e9e431a0B8c4D532C745B1043c7FA29a48D4fBa",
			"blockHash": "0xcdd99aa2b53a99bf38c81e205a6ed5bfba7d99502ad7c95f4d6aaa0028c5282b",
			"blockNumber": 5517194,
			"data": "0x00000000000000000000000000000000000000000000005ad624fa3db0904000",
			"logIndex": 89,
			"topics": [
				"0xddf252ad1be2c89b69c2b068fc378daa952ba7f163c4a11628f55a4df523b3ef",
				"0x000000000000000000000000c9f42bcc3cd6c77fae537dd24ba96668fc864150",
				"0x000000000000000000000000bfd9d7554a77e82f0bfe6bc9598840a972e204ef"
			],
			"transactionHash": "0xf816e3f021e5802d4ae6158d39e1261cc2ef0bfcbadd5c2d46ea0c1d03043470",
			"transactionIndex": 131,
			"transactionLogIndex": "0x0",
			"type": "mined",
			"id": "log_74e2e850"
		}
	],
	"logsBloom": "0x00000000000000000000000000000000000000000000000004000000008000000000000000000000000000000000000000000000100000000000000000000000000000000000010000000008000000000000000000000000000000000000000000000000000000000000000000000000000000000000000000000010000000000000000000000000000000000000000000000000000000000000000000000000000000000000000080000000000000000200000000000000000000000000000000001002000000000000000000000000000000000000000000000080000000000000000000000000000000000000000000000000000000000000000000004000",
	"root": null,
	"status": "0x1",
	"transactionHash": "0xf816e3f021e5802d4ae6158d39e1261cc2ef0bfcbadd5c2d46ea0c1d03043470",
	"transactionIndex": 131
}
[2018-04-28T00:21:02.136] [DEBUG] trans - TO:   0xc11c598e38ab9c5695558bca853954bb6e83556b
[2018-04-28T00:21:02.136] [DEBUG] trans - AMOUNT:   1674510900000000000000
[2018-04-28T00:21:02.136] [DEBUG] trans - Receipt info:  {
	"blockHash": "0xcdd99aa2b53a99bf38c81e205a6ed5bfba7d99502ad7c95f4d6aaa0028c5282b",
	"blockNumber": 5517194,
	"contractAddress": null,
	"cumulativeGasUsed": 6939953,
	"gasUsed": 51653,
	"logs": [
		{
			"address": "0x7e9e431a0B8c4D532C745B1043c7FA29a48D4fBa",
			"blockHash": "0xcdd99aa2b53a99bf38c81e205a6ed5bfba7d99502ad7c95f4d6aaa0028c5282b",
			"blockNumber": 5517194,
			"data": "0x00000000000000000000000000000000000000000000005ac681c79c6ba74000",
			"logIndex": 95,
			"topics": [
				"0xddf252ad1be2c89b69c2b068fc378daa952ba7f163c4a11628f55a4df523b3ef",
				"0x000000000000000000000000c9f42bcc3cd6c77fae537dd24ba96668fc864150",
				"0x000000000000000000000000c11c598e38ab9c5695558bca853954bb6e83556b"
			],
			"transactionHash": "0x061559b2b54f8ce9ded737713dd835e6a141d7f442b71b499f6f1efdc1c6a2eb",
			"transactionIndex": 137,
			"transactionLogIndex": "0x0",
			"type": "mined",
			"id": "log_5112fd39"
		}
	],
	"logsBloom": "0x00000000000000000000000000000000000000000000000000000080008000000000000000000000000000000000000000000000100000000000000000000000000000000000010000000008000000000000000000000000000000000000000000000000000000000000000000000000000000000000000000000010000000000000000000000000000000000000000000000000000000000000000000000000000000000000000080000000000000000000000000000000000000000000000000081002000000000000000000000000000000000000010000000000000000000000000000000000000000000000000000000000000000000000000000004000",
	"root": null,
	"status": "0x1",
	"transactionHash": "0x061559b2b54f8ce9ded737713dd835e6a141d7f442b71b499f6f1efdc1c6a2eb",
	"transactionIndex": 137
}
[2018-04-28T00:21:02.136] [DEBUG] trans - TO:   0x4d95c4208294771b6bd42c992b4ae3c8aa19d108
[2018-04-28T00:21:02.136] [DEBUG] trans - AMOUNT:   1674179500000000000000
[2018-04-28T00:21:02.137] [DEBUG] trans - Receipt info:  {
	"blockHash": "0xcdd99aa2b53a99bf38c81e205a6ed5bfba7d99502ad7c95f4d6aaa0028c5282b",
	"blockNumber": 5517194,
	"contractAddress": null,
	"cumulativeGasUsed": 7249807,
	"gasUsed": 51653,
	"logs": [
		{
			"address": "0x7e9e431a0B8c4D532C745B1043c7FA29a48D4fBa",
			"blockHash": "0xcdd99aa2b53a99bf38c81e205a6ed5bfba7d99502ad7c95f4d6aaa0028c5282b",
			"blockNumber": 5517194,
			"data": "0x00000000000000000000000000000000000000000000005ac1e869111d16c000",
			"logIndex": 101,
			"topics": [
				"0xddf252ad1be2c89b69c2b068fc378daa952ba7f163c4a11628f55a4df523b3ef",
				"0x000000000000000000000000c9f42bcc3cd6c77fae537dd24ba96668fc864150",
				"0x0000000000000000000000004d95c4208294771b6bd42c992b4ae3c8aa19d108"
			],
			"transactionHash": "0xa6f8f11f412242e17c4093dcb09a7d9dc25f617c2f38bdf748c766bc442aab9b",
			"transactionIndex": 143,
			"transactionLogIndex": "0x0",
			"type": "mined",
			"id": "log_6c4def16"
		}
	],
	"logsBloom": "0x00000000000000000000000000000002000000000000000000000000008000000000000000000000000000000000000000000000100000000000000000000000000000000000010000000008000000000000000000000000000000000000000000000000000000000000000000000000000000000000000000000010000000000000000000000000000000000000000000000000000000000000000000000000000000000000000080000000000000000000000000000000000004000000000000001002000000000000000000000000000000000000000080000000000000000000000000000000000000000000000000000000000000000000000000004000",
	"root": null,
	"status": "0x1",
	"transactionHash": "0xa6f8f11f412242e17c4093dcb09a7d9dc25f617c2f38bdf748c766bc442aab9b",
	"transactionIndex": 143
}
[2018-04-28T00:21:02.146] [DEBUG] trans - TO:   0xe879249821c04d3a5c4d9dd558c75e2d65092e2f
[2018-04-28T00:21:02.146] [DEBUG] trans - AMOUNT:   1674327400000000000000
[2018-04-28T00:21:02.146] [DEBUG] trans - Receipt info:  {
	"blockHash": "0xcdd99aa2b53a99bf38c81e205a6ed5bfba7d99502ad7c95f4d6aaa0028c5282b",
	"blockNumber": 5517194,
	"contractAddress": null,
	"cumulativeGasUsed": 7146501,
	"gasUsed": 51653,
	"logs": [
		{
			"address": "0x7e9e431a0B8c4D532C745B1043c7FA29a48D4fBa",
			"blockHash": "0xcdd99aa2b53a99bf38c81e205a6ed5bfba7d99502ad7c95f4d6aaa0028c5282b",
			"blockNumber": 5517194,
			"data": "0x00000000000000000000000000000000000000000000005ac3f5db554f5e8000",
			"logIndex": 99,
			"topics": [
				"0xddf252ad1be2c89b69c2b068fc378daa952ba7f163c4a11628f55a4df523b3ef",
				"0x000000000000000000000000c9f42bcc3cd6c77fae537dd24ba96668fc864150",
				"0x000000000000000000000000e879249821c04d3a5c4d9dd558c75e2d65092e2f"
			],
			"transactionHash": "0x566b666d8189f82629fcce6b52982b236a88a19c055f40dec6627dff239d2de8",
			"transactionIndex": 141,
			"transactionLogIndex": "0x0",
			"type": "mined",
			"id": "log_08644ea9"
		}
	],
	"logsBloom": "0x00000000000000000000000000000000000000000000000000000000008000000000000000000000000000000000000000000000100000000000000000000400000000000000010000000008000000000000000000000000000000000000000000000000000000000000000000000000000000000000000000000010000000000000000000000000000000000000000000000000000000000000000000000000000000000000000080000000000000000000000000000000000000000000040000001002000000000000000000000000000000000000100000000000000000000000000000000000000000000000000000000000000000000000000000004000",
	"root": null,
	"status": "0x1",
	"transactionHash": "0x566b666d8189f82629fcce6b52982b236a88a19c055f40dec6627dff239d2de8",
	"transactionIndex": 141
}
[2018-04-28T00:21:02.147] [DEBUG] trans - TO:   0x004705764bfbc1ab0372d8139dcfd86967ad8d47
[2018-04-28T00:21:02.147] [DEBUG] trans - AMOUNT:   1673771600000000000000
[2018-04-28T00:21:02.147] [DEBUG] trans - Receipt info:  {
	"blockHash": "0xcdd99aa2b53a99bf38c81e205a6ed5bfba7d99502ad7c95f4d6aaa0028c5282b",
	"blockNumber": 5517194,
	"contractAddress": null,
	"cumulativeGasUsed": 7765889,
	"gasUsed": 51525,
	"logs": [
		{
			"address": "0x7e9e431a0B8c4D532C745B1043c7FA29a48D4fBa",
			"blockHash": "0xcdd99aa2b53a99bf38c81e205a6ed5bfba7d99502ad7c95f4d6aaa0028c5282b",
			"blockNumber": 5517194,
			"data": "0x00000000000000000000000000000000000000000000005abc3f422d91350000",
			"logIndex": 111,
			"topics": [
				"0xddf252ad1be2c89b69c2b068fc378daa952ba7f163c4a11628f55a4df523b3ef",
				"0x000000000000000000000000c9f42bcc3cd6c77fae537dd24ba96668fc864150",
				"0x000000000000000000000000004705764bfbc1ab0372d8139dcfd86967ad8d47"
			],
			"transactionHash": "0x9b10f95346016778e5729fc30913273a3b3eea2a21f65a737f8eea20e3908354",
			"transactionIndex": 153,
			"transactionLogIndex": "0x0",
			"type": "mined",
			"id": "log_40fb8b58"
		}
	],
	"logsBloom": "0x00000000000000000000000000000000000000002000000000000000008000000000000000000000000000000000000000000000100000000000000000000000000000000000010000000008000000000000000000000000000000000000000000000000000000000000000000000000000000000000000000000010000000000000000000000000000000000000000000000000000000000080000000000000000000000000000080000000000000000000000000000000000000000000000000001002000000000000000000000000000000000000000000000000000000000000000000000000000000000000000000000000000000000000000000004000",
	"root": null,
	"status": "0x1",
	"transactionHash": "0x9b10f95346016778e5729fc30913273a3b3eea2a21f65a737f8eea20e3908354",
	"transactionIndex": 153
}
[2018-04-28T00:21:02.149] [DEBUG] trans - TO:   0x3d34310f063201685536e9aa86261cda3c869ea5
[2018-04-28T00:21:02.150] [DEBUG] trans - AMOUNT:   1673859800000000000000
[2018-04-28T00:21:02.150] [DEBUG] trans - Receipt info:  {
	"blockHash": "0xcdd99aa2b53a99bf38c81e205a6ed5bfba7d99502ad7c95f4d6aaa0028c5282b",
	"blockNumber": 5517194,
	"contractAddress": null,
	"cumulativeGasUsed": 7559661,
	"gasUsed": 51653,
	"logs": [
		{
			"address": "0x7e9e431a0B8c4D532C745B1043c7FA29a48D4fBa",
			"blockHash": "0xcdd99aa2b53a99bf38c81e205a6ed5bfba7d99502ad7c95f4d6aaa0028c5282b",
			"blockNumber": 5517194,
			"data": "0x00000000000000000000000000000000000000000000005abd789b9c56658000",
			"logIndex": 107,
			"topics": [
				"0xddf252ad1be2c89b69c2b068fc378daa952ba7f163c4a11628f55a4df523b3ef",
				"0x000000000000000000000000c9f42bcc3cd6c77fae537dd24ba96668fc864150",
				"0x0000000000000000000000003d34310f063201685536e9aa86261cda3c869ea5"
			],
			"transactionHash": "0x99dfee147ca6b911d266b7bb2c6ad9a5154d865328f8992c677430aaad9da52c",
			"transactionIndex": 149,
			"transactionLogIndex": "0x0",
			"type": "mined",
			"id": "log_35dfac6d"
		}
	],
	"logsBloom": "0x00000000000000000000000000000000001000000000000000008000008000000000000000000000000000000008000000000000100000000000000000000000000000000000010000000008000000000000000000000000000000000000000000000000000000000000000000000000000000000000000000000010000000000000000000000000000000000000000000000000000000000000000000000000000000000000000080000000000000000000000000000000000000000000000000001002000000000000000000000000000000000000000000000000000000000000000000000000000000000000000000000000000000000000000000004000",
	"root": null,
	"status": "0x1",
	"transactionHash": "0x99dfee147ca6b911d266b7bb2c6ad9a5154d865328f8992c677430aaad9da52c",
	"transactionIndex": 149
}
[2018-04-28T00:21:02.150] [DEBUG] trans - TO:   0x4a40c9a988bccbeb3adf6991d581345d7d87fd5c
[2018-04-28T00:21:02.150] [DEBUG] trans - AMOUNT:   1673784100000000000000
[2018-04-28T00:21:02.150] [DEBUG] trans - Receipt info:  {
	"blockHash": "0xcdd99aa2b53a99bf38c81e205a6ed5bfba7d99502ad7c95f4d6aaa0028c5282b",
	"blockNumber": 5517194,
	"contractAddress": null,
	"cumulativeGasUsed": 7662839,
	"gasUsed": 51653,
	"logs": [
		{
			"address": "0x7e9e431a0B8c4D532C745B1043c7FA29a48D4fBa",
			"blockHash": "0xcdd99aa2b53a99bf38c81e205a6ed5bfba7d99502ad7c95f4d6aaa0028c5282b",
			"blockNumber": 5517194,
			"data": "0x00000000000000000000000000000000000000000000005abc6baadc9ce64000",
			"logIndex": 109,
			"topics": [
				"0xddf252ad1be2c89b69c2b068fc378daa952ba7f163c4a11628f55a4df523b3ef",
				"0x000000000000000000000000c9f42bcc3cd6c77fae537dd24ba96668fc864150",
				"0x0000000000000000000000004a40c9a988bccbeb3adf6991d581345d7d87fd5c"
			],
			"transactionHash": "0x915252cb8cf2938dbae80e4299dccc9093a74e4bcae515c5d77b512e96eb6b0e",
			"transactionIndex": 151,
			"transactionLogIndex": "0x0",
			"type": "mined",
			"id": "log_ed1d4585"
		}
	],
	"logsBloom": "0x00000000000000000000000000000000000000000000000000000000008000000000000000000000000000000000000000000000100000000000000000000000000000000000010000000008000000000000000000000000000000000000000000000000000000000000000000000000000400000000000000000010000000000000000000000200000000000000000000000000000000000000000000000000000000000000000080000000000000000000000000000000000000000000002000001002000000000000000000000000000000000000000000000000000000000000000000000000000000000000000000000000000000000000000000004000",
	"root": null,
	"status": "0x1",
	"transactionHash": "0x915252cb8cf2938dbae80e4299dccc9093a74e4bcae515c5d77b512e96eb6b0e",
	"transactionIndex": 151
}
[2018-04-28T00:21:02.152] [DEBUG] trans - TO:   0x4889790bf3bddb747df6a235a944bffc19d358f1
[2018-04-28T00:21:02.152] [DEBUG] trans - AMOUNT:   1674176100000000000000
[2018-04-28T00:21:02.152] [DEBUG] trans - Receipt info:  {
	"blockHash": "0xcdd99aa2b53a99bf38c81e205a6ed5bfba7d99502ad7c95f4d6aaa0028c5282b",
	"blockNumber": 5517194,
	"contractAddress": null,
	"cumulativeGasUsed": 7353113,
	"gasUsed": 51653,
	"logs": [
		{
			"address": "0x7e9e431a0B8c4D532C745B1043c7FA29a48D4fBa",
			"blockHash": "0xcdd99aa2b53a99bf38c81e205a6ed5bfba7d99502ad7c95f4d6aaa0028c5282b",
			"blockNumber": 5517194,
			"data": "0x00000000000000000000000000000000000000000000005ac1dc54c8ecda4000",
			"logIndex": 103,
			"topics": [
				"0xddf252ad1be2c89b69c2b068fc378daa952ba7f163c4a11628f55a4df523b3ef",
				"0x000000000000000000000000c9f42bcc3cd6c77fae537dd24ba96668fc864150",
				"0x0000000000000000000000004889790bf3bddb747df6a235a944bffc19d358f1"
			],
			"transactionHash": "0x3252b35fb3f0971f9b44d8ad99b26f29eafec43ea6e1d4c40498b3051b267f7b",
			"transactionIndex": 145,
			"transactionLogIndex": "0x0",
			"type": "mined",
			"id": "log_9d986069"
		}
	],
	"logsBloom": "0x00000000000000000000000000000000000000000000000000000000008000000000000000000000000000000000000000000000100000000000000000000000000000000000010000000008000000000000000000000000000000000000000000000000000000000000000000000000000000000000000000000010000000000000000000000000000000000000000000000000000000000000000000000000000000000000000080002000000000000000000000000000000000000000000000001006000000000000000000000000000000000000000000000000000000000000000020000000000000000000000000000000000000000000000000004000",
	"root": null,
	"status": "0x1",
	"transactionHash": "0x3252b35fb3f0971f9b44d8ad99b26f29eafec43ea6e1d4c40498b3051b267f7b",
	"transactionIndex": 145
}
[2018-04-28T00:21:02.152] [DEBUG] trans - TO:   0x96a6d84ef5f7c58199f24685725ea6dbd099aee9
[2018-04-28T00:21:02.152] [DEBUG] trans - AMOUNT:   1673624000000000000000
[2018-04-28T00:21:02.152] [DEBUG] trans - Receipt info:  {
	"blockHash": "0xcdd99aa2b53a99bf38c81e205a6ed5bfba7d99502ad7c95f4d6aaa0028c5282b",
	"blockNumber": 5517194,
	"contractAddress": null,
	"cumulativeGasUsed": 7869067,
	"gasUsed": 51589,
	"logs": [
		{
			"address": "0x7e9e431a0B8c4D532C745B1043c7FA29a48D4fBa",
			"blockHash": "0xcdd99aa2b53a99bf38c81e205a6ed5bfba7d99502ad7c95f4d6aaa0028c5282b",
			"blockNumber": 5517194,
			"data": "0x00000000000000000000000000000000000000000000005aba32e0c2905c0000",
			"logIndex": 113,
			"topics": [
				"0xddf252ad1be2c89b69c2b068fc378daa952ba7f163c4a11628f55a4df523b3ef",
				"0x000000000000000000000000c9f42bcc3cd6c77fae537dd24ba96668fc864150",
				"0x00000000000000000000000096a6d84ef5f7c58199f24685725ea6dbd099aee9"
			],
			"transactionHash": "0x01ffa7eaa58c52191f222c60bdb7ae6d9036b4914732b7c6899ee4ebf0b315dc",
			"transactionIndex": 155,
			"transactionLogIndex": "0x0",
			"type": "mined",
			"id": "log_f2beb89f"
		}
	],
	"logsBloom": "0x00000000000000000000000000000000000000000004000000000000008000000000000000000000000000000000000000000000100000000000000000000000000000000000010000000008000000000000000000000000000000000000000000000000000000000000000000000000000000000000000000000010000000000000000000000000000000000000000000000000000000000000000000000000000000000000000080000000000000000000002000000000000000000000000000001002000000000000000000000000000000000000000000000000080000000000000000000000000000000000000000000000000000000000000000004000",
	"root": null,
	"status": "0x1",
	"transactionHash": "0x01ffa7eaa58c52191f222c60bdb7ae6d9036b4914732b7c6899ee4ebf0b315dc",
	"transactionIndex": 155
}
[2018-04-28T00:21:23.171] [DEBUG] trans - TO:   0x3fda07f1bf337337c345fe4eb1eee541e58a5b87
[2018-04-28T00:21:23.171] [DEBUG] trans - AMOUNT:   1673185000000000000000
[2018-04-28T00:21:23.172] [DEBUG] trans - Receipt info:  {
	"blockHash": "0x5c5f5a31fd6c16e351daaf80bb84c52d8184d7f358576cdce9ee064c00b7b969",
	"blockNumber": 5517196,
	"contractAddress": null,
	"cumulativeGasUsed": 722997,
	"gasUsed": 51653,
	"logs": [
		{
			"address": "0x7e9e431a0B8c4D532C745B1043c7FA29a48D4fBa",
			"blockHash": "0x5c5f5a31fd6c16e351daaf80bb84c52d8184d7f358576cdce9ee064c00b7b969",
			"blockNumber": 5517196,
			"data": "0x00000000000000000000000000000000000000000000005ab41b3c95fff68000",
			"logIndex": 17,
			"topics": [
				"0xddf252ad1be2c89b69c2b068fc378daa952ba7f163c4a11628f55a4df523b3ef",
				"0x000000000000000000000000c9f42bcc3cd6c77fae537dd24ba96668fc864150",
				"0x0000000000000000000000003fda07f1bf337337c345fe4eb1eee541e58a5b87"
			],
			"transactionHash": "0xd31f81119acd0ca2a446f70f0726080853d4bf9927bd2a2aad3c976ddd9e98e6",
			"transactionIndex": 18,
			"transactionLogIndex": "0x0",
			"type": "mined",
			"id": "log_c987fb6c"
		}
	],
	"logsBloom": "0x00000000000000000000000000000000000000000000000000000000008200000000000000000000000000000000000000000000101000000000000000000000000000000000010000000008000000000000000000000000000000000000000000000000000000000000000000000000000000000000000000000010000000000000000000000000000000000000020000000000000000000000000000000000000000000000000080000000000000000000000000000000000000000000000000001002000000000000000000000000000000000000000000000000000000000000000000000000000000000000000000000000000000000000000000004000",
	"root": null,
	"status": "0x1",
	"transactionHash": "0xd31f81119acd0ca2a446f70f0726080853d4bf9927bd2a2aad3c976ddd9e98e6",
	"transactionIndex": 18
}
[2018-04-28T00:21:35.189] [DEBUG] trans - TO:   0x4d13a4931e6e2de8357bdfcc0a0a4f211055db95
[2018-04-28T00:21:35.190] [DEBUG] trans - AMOUNT:   1673048500000000000000
[2018-04-28T00:21:35.190] [DEBUG] trans - Receipt info:  {
	"blockHash": "0x935ed414801d1fac11b3f276193e560951a9eb65e1f4c877b46144d3ac5d0ba3",
	"blockNumber": 5517197,
	"contractAddress": null,
	"cumulativeGasUsed": 1184598,
	"gasUsed": 51653,
	"logs": [
		{
			"address": "0x7e9e431a0B8c4D532C745B1043c7FA29a48D4fBa",
			"blockHash": "0x935ed414801d1fac11b3f276193e560951a9eb65e1f4c877b46144d3ac5d0ba3",
			"blockNumber": 5517197,
			"data": "0x00000000000000000000000000000000000000000000005ab2364a8f241f4000",
			"logIndex": 9,
			"topics": [
				"0xddf252ad1be2c89b69c2b068fc378daa952ba7f163c4a11628f55a4df523b3ef",
				"0x000000000000000000000000c9f42bcc3cd6c77fae537dd24ba96668fc864150",
				"0x0000000000000000000000004d13a4931e6e2de8357bdfcc0a0a4f211055db95"
			],
			"transactionHash": "0x5236336d7bb2c89c4d9a421b0759ec664ae27ad9cd7865ebf92e1f52756afd65",
			"transactionIndex": 37,
			"transactionLogIndex": "0x0",
			"type": "mined",
			"id": "log_b413544c"
		}
	],
	"logsBloom": "0x00000000000000000000000000000100000000000000000000000000008000000000000000000000000000000000000000000000100000000000000000000000000000000000010000000008000000000000000000000000000000000000000000000000000000000000000000000000000000000000001000000010000000000000000000000000000000000000000000000000000000000000000000000000000000000000000080000000000000000000000000000000000000000000000000001002000000000000000000000000000000000000000000000000000000000000000000000000000040000000000000000000000000000000000000004000",
	"root": null,
	"status": "0x1",
	"transactionHash": "0x5236336d7bb2c89c4d9a421b0759ec664ae27ad9cd7865ebf92e1f52756afd65",
	"transactionIndex": 37
}
[2018-04-28T00:21:35.192] [DEBUG] trans - TO:   0x913d8d83cb8cb46f7e7e606ca6d1191eea856016
[2018-04-28T00:21:35.192] [DEBUG] trans - AMOUNT:   1671932200000000000000
[2018-04-28T00:21:35.192] [DEBUG] trans - Receipt info:  {
	"blockHash": "0x935ed414801d1fac11b3f276193e560951a9eb65e1f4c877b46144d3ac5d0ba3",
	"blockNumber": 5517197,
	"contractAddress": null,
	"cumulativeGasUsed": 5690195,
	"gasUsed": 51653,
	"logs": [
		{
			"address": "0x7e9e431a0B8c4D532C745B1043c7FA29a48D4fBa",
			"blockHash": "0x935ed414801d1fac11b3f276193e560951a9eb65e1f4c877b46144d3ac5d0ba3",
			"blockNumber": 5517197,
			"data": "0x00000000000000000000000000000000000000000000005aa2b8659fa15a8000",
			"logIndex": 80,
			"topics": [
				"0xddf252ad1be2c89b69c2b068fc378daa952ba7f163c4a11628f55a4df523b3ef",
				"0x000000000000000000000000c9f42bcc3cd6c77fae537dd24ba96668fc864150",
				"0x000000000000000000000000913d8d83cb8cb46f7e7e606ca6d1191eea856016"
			],
			"transactionHash": "0x027e7a0497d0a86c2d3b4c1143ebaf1f54c2fd258cfc044f31f6fb9d42f8f496",
			"transactionIndex": 114,
			"transactionLogIndex": "0x0",
			"type": "mined",
			"id": "log_1c7b7234"
		}
	],
	"logsBloom": "0x00000000000000000000000000000000000000000000000000000000008000000000000000000000000000000000000000000000100000000000000000000000000000000000010000000008000000000000000000000000000000000000000000000000000000000000000000000000000000000000000000000010001000000000000000000000000000000000000000000000000000000000000000000000000000000000000080000000000000000000000000400000000000000000000000001002000000000000000000000000000000000000000000000000000000000000000000000000000000000000000100000000000000000000000000004000",
	"root": null,
	"status": "0x1",
	"transactionHash": "0x027e7a0497d0a86c2d3b4c1143ebaf1f54c2fd258cfc044f31f6fb9d42f8f496",
	"transactionIndex": 114
}
[2018-04-28T00:21:35.192] [DEBUG] trans - TO:   0x0d7fb03f07a64fdc02109847d023ac5f8b93b230
[2018-04-28T00:21:35.192] [DEBUG] trans - AMOUNT:   1673026800000000000000
[2018-04-28T00:21:35.193] [DEBUG] trans - Receipt info:  {
	"blockHash": "0x935ed414801d1fac11b3f276193e560951a9eb65e1f4c877b46144d3ac5d0ba3",
	"blockNumber": 5517197,
	"contractAddress": null,
	"cumulativeGasUsed": 4616002,
	"gasUsed": 51589,
	"logs": [
		{
			"address": "0x7e9e431a0B8c4D532C745B1043c7FA29a48D4fBa",
			"blockHash": "0x935ed414801d1fac11b3f276193e560951a9eb65e1f4c877b46144d3ac5d0ba3",
			"blockNumber": 5517197,
			"data": "0x00000000000000000000000000000000000000000000005ab1e932862c7f0000",
			"logIndex": 70,
			"topics": [
				"0xddf252ad1be2c89b69c2b068fc378daa952ba7f163c4a11628f55a4df523b3ef",
				"0x000000000000000000000000c9f42bcc3cd6c77fae537dd24ba96668fc864150",
				"0x0000000000000000000000000d7fb03f07a64fdc02109847d023ac5f8b93b230"
			],
			"transactionHash": "0x9ac0aebace29c8a0e9bbe844c923a7c1f4cf46fade36f73cb6b8d8e478170b6f",
			"transactionIndex": 101,
			"transactionLogIndex": "0x0",
			"type": "mined",
			"id": "log_c15aaba7"
		}
	],
	"logsBloom": "0x00000000000000000000000000000000000000000000000000000000008000000000000000000000040000000000000000000000100000000000000000000000000000000000010000000408000000000000000000000000000000000000000000000000000000000000000000000000000000000000000000000010000000000000000000000000000000000000000000000000000000000000000000000000000000000000000080000000000000000000000000000000000000000000000000001002000000000000000000000000000000000100000000000000000000000000000000000000000000000000000000000000000000000000000000004000",
	"root": null,
	"status": "0x1",
	"transactionHash": "0x9ac0aebace29c8a0e9bbe844c923a7c1f4cf46fade36f73cb6b8d8e478170b6f",
	"transactionIndex": 101
}
[2018-04-28T00:21:35.193] [DEBUG] trans - TO:   0x1dd1ca46acf3706e8d6c6c9210e9de6bceb78ab8
[2018-04-28T00:21:35.193] [DEBUG] trans - AMOUNT:   1672704100000000000000
[2018-04-28T00:21:35.193] [DEBUG] trans - Receipt info:  {
	"blockHash": "0x935ed414801d1fac11b3f276193e560951a9eb65e1f4c877b46144d3ac5d0ba3",
	"blockNumber": 5517197,
	"contractAddress": null,
	"cumulativeGasUsed": 5157249,
	"gasUsed": 51653,
	"logs": [
		{
			"address": "0x7e9e431a0B8c4D532C745B1043c7FA29a48D4fBa",
			"blockHash": "0x935ed414801d1fac11b3f276193e560951a9eb65e1f4c877b46144d3ac5d0ba3",
			"blockNumber": 5517197,
			"data": "0x00000000000000000000000000000000000000000000005aad6ebc95777a4000",
			"logIndex": 75,
			"topics": [
				"0xddf252ad1be2c89b69c2b068fc378daa952ba7f163c4a11628f55a4df523b3ef",
				"0x000000000000000000000000c9f42bcc3cd6c77fae537dd24ba96668fc864150",
				"0x0000000000000000000000001dd1ca46acf3706e8d6c6c9210e9de6bceb78ab8"
			],
			"transactionHash": "0x874e1c3e1813cb0b1db685dd46f03135dd24d800f99fd7299da9c6629f2ca1bc",
			"transactionIndex": 108,
			"transactionLogIndex": "0x0",
			"type": "mined",
			"id": "log_4381c05d"
		}
	],
	"logsBloom": "0x00000000000000000000000100000000000000800000000000000000008000000000000000000000000000000000000000000000100000000000000000000000000000000000010000000008000000000000000000000000000000000000000000000000000000000000000000000000000000000000000000000010000000000000000000000000000000000000000000000000000000000000000000000000000000000000000080000000000000000000000000000000000000000000000000001002000000000000000000000000000000000000010000000000000000000000000000000000000000000000000000000000000000000000000000004000",
	"root": null,
	"status": "0x1",
	"transactionHash": "0x874e1c3e1813cb0b1db685dd46f03135dd24d800f99fd7299da9c6629f2ca1bc",
	"transactionIndex": 108
}
[2018-04-28T00:21:35.193] [DEBUG] trans - TO:   0xb5789ac852a46d4b1f03739804c41bf211c0b6a4
[2018-04-28T00:21:35.193] [DEBUG] trans - AMOUNT:   1672609100000000000000
[2018-04-28T00:21:35.193] [DEBUG] trans - Receipt info:  {
	"blockHash": "0x935ed414801d1fac11b3f276193e560951a9eb65e1f4c877b46144d3ac5d0ba3",
	"blockNumber": 5517197,
	"contractAddress": null,
	"cumulativeGasUsed": 5351802,
	"gasUsed": 51653,
	"logs": [
		{
			"address": "0x7e9e431a0B8c4D532C745B1043c7FA29a48D4fBa",
			"blockHash": "0x935ed414801d1fac11b3f276193e560951a9eb65e1f4c877b46144d3ac5d0ba3",
			"blockNumber": 5517197,
			"data": "0x00000000000000000000000000000000000000000000005aac1d3a9651d0c000",
			"logIndex": 76,
			"topics": [
				"0xddf252ad1be2c89b69c2b068fc378daa952ba7f163c4a11628f55a4df523b3ef",
				"0x000000000000000000000000c9f42bcc3cd6c77fae537dd24ba96668fc864150",
				"0x000000000000000000000000b5789ac852a46d4b1f03739804c41bf211c0b6a4"
			],
			"transactionHash": "0xe4c8df958db6779882bf23887658710d5fe1fc13eda055268c073a4a88a4a247",
			"transactionIndex": 110,
			"transactionLogIndex": "0x0",
			"type": "mined",
			"id": "log_587ee662"
		}
	],
	"logsBloom": "0x00000000000000000000000000000000000000000000000000000000008000000000000000000000000000000000000000000000100000000000000000000000000000000000010000000008000000000000000000000000800000000000000000000000000000000000000000000000000000000000000000000010000000000000000000000000000000000000000000000000000000000000000000000000200000000000000080000000000000000000000000000000000000000000000000001002000000000000000000000000000000000000000000000000000040000000000000000000000000000000000000000000000000000000000000004000",
	"root": null,
	"status": "0x1",
	"transactionHash": "0xe4c8df958db6779882bf23887658710d5fe1fc13eda055268c073a4a88a4a247",
	"transactionIndex": 110
}
[2018-04-28T00:21:35.194] [DEBUG] trans - TO:   0x9dc09bd22b734074e8092a85553224c7bc3bcbe5
[2018-04-28T00:21:35.195] [DEBUG] trans - AMOUNT:   1673000100000000000000
[2018-04-28T00:21:35.195] [DEBUG] trans - Receipt info:  {
	"blockHash": "0x935ed414801d1fac11b3f276193e560951a9eb65e1f4c877b46144d3ac5d0ba3",
	"blockNumber": 5517197,
	"contractAddress": null,
	"cumulativeGasUsed": 4920048,
	"gasUsed": 51653,
	"logs": [
		{
			"address": "0x7e9e431a0B8c4D532C745B1043c7FA29a48D4fBa",
			"blockHash": "0x935ed414801d1fac11b3f276193e560951a9eb65e1f4c877b46144d3ac5d0ba3",
			"blockNumber": 5517197,
			"data": "0x00000000000000000000000000000000000000000000005ab18a5703fcfe4000",
			"logIndex": 73,
			"topics": [
				"0xddf252ad1be2c89b69c2b068fc378daa952ba7f163c4a11628f55a4df523b3ef",
				"0x000000000000000000000000c9f42bcc3cd6c77fae537dd24ba96668fc864150",
				"0x0000000000000000000000009dc09bd22b734074e8092a85553224c7bc3bcbe5"
			],
			"transactionHash": "0xfab7528ffd8d7f18cf56f9d59b0aa87f686332c861b543fa542b50bfbec93364",
			"transactionIndex": 105,
			"transactionLogIndex": "0x0",
			"type": "mined",
			"id": "log_a7bbab11"
		}
	],
	"logsBloom": "0x00000000000000000000000000000400000000000000000000000000008000000000000000000000000000000100000000000000100000000000000000000000000000000000010000000008000000000000000000000000000200000000000000000000000000000000000000000000000000000000000000000010000000000000000000000000000000000000000000000000000000000000000000000000000000000000000080000000000000000000000000000000000000000000000000001002000000000000000000000000000000000000000000000000000000000000000000000000000000000000000000000000000000000000000000004000",
	"root": null,
	"status": "0x1",
	"transactionHash": "0xfab7528ffd8d7f18cf56f9d59b0aa87f686332c861b543fa542b50bfbec93364",
	"transactionIndex": 105
}
[2018-04-28T00:21:35.195] [DEBUG] trans - TO:   0x91b727553dc97b3fb4e459489c5d92d698da95e9
[2018-04-28T00:21:35.195] [DEBUG] trans - AMOUNT:   1671973800000000000000
[2018-04-28T00:21:35.195] [DEBUG] trans - Receipt info:  {
	"blockHash": "0x935ed414801d1fac11b3f276193e560951a9eb65e1f4c877b46144d3ac5d0ba3",
	"blockNumber": 5517197,
	"contractAddress": null,
	"cumulativeGasUsed": 5531355,
	"gasUsed": 51653,
	"logs": [
		{
			"address": "0x7e9e431a0B8c4D532C745B1043c7FA29a48D4fBa",
			"blockHash": "0x935ed414801d1fac11b3f276193e560951a9eb65e1f4c877b46144d3ac5d0ba3",
			"blockNumber": 5517197,
			"data": "0x00000000000000000000000000000000000000000000005aa34c309a68028000",
			"logIndex": 77,
			"topics": [
				"0xddf252ad1be2c89b69c2b068fc378daa952ba7f163c4a11628f55a4df523b3ef",
				"0x000000000000000000000000c9f42bcc3cd6c77fae537dd24ba96668fc864150",
				"0x00000000000000000000000091b727553dc97b3fb4e459489c5d92d698da95e9"
			],
			"transactionHash": "0xca85c436c0f833718b603b2467e670504c4994e4d7c4d5d9656a28a019870af7",
			"transactionIndex": 112,
			"transactionLogIndex": "0x0",
			"type": "mined",
			"id": "log_6dd4f5d4"
		}
	],
	"logsBloom": "0x00000000004000000000000000000000000000000000000000000000008000000000000000000000000000000000000000000000100000000000000000000000040000000000010000000008000000000000000000000000000000000000000000000000000000000000000000000000000000000000000000000010000000000000000000000000000000000000000000000000000000000000000000000000000000000000000080000000000000000000000000000000000000000000000000001002000000000000000000000000000000000000000000000000000000000000000000000000000000200000000000000000000000000000000000004000",
	"root": null,
	"status": "0x1",
	"transactionHash": "0xca85c436c0f833718b603b2467e670504c4994e4d7c4d5d9656a28a019870af7",
	"transactionIndex": 112
}
