[2018-04-25T02:00:40.252] [DEBUG] trans - TO:   0xabc984bfae31d9c43a5b8eb0c56dbb8ae39e35bd
[2018-04-25T02:00:40.253] [DEBUG] trans - AMOUNT:   631625500000000000000
[2018-04-25T02:00:40.253] [DEBUG] trans - Receipt info:  {
	"blockHash": "0x6caf915c0061a10ffcf4000a6dee2b4d3ead5bf0dfad4b5098edade02fa0f9ce",
	"blockNumber": 5500443,
	"contractAddress": null,
	"cumulativeGasUsed": 2666895,
	"gasUsed": 51653,
	"logs": [
		{
			"address": "0x7e9e431a0B8c4D532C745B1043c7FA29a48D4fBa",
			"blockHash": "0x6caf915c0061a10ffcf4000a6dee2b4d3ead5bf0dfad4b5098edade02fa0f9ce",
			"blockNumber": 5500443,
			"data": "0x0000000000000000000000000000000000000000000000223d908dc1327dc000",
			"logIndex": 19,
			"topics": [
				"0xddf252ad1be2c89b69c2b068fc378daa952ba7f163c4a11628f55a4df523b3ef",
				"0x000000000000000000000000468b858c964f297fd8fce058032bf4b4911a8ad8",
				"0x000000000000000000000000abc984bfae31d9c43a5b8eb0c56dbb8ae39e35bd"
			],
			"transactionHash": "0x9ef76057a7693115f934ac6614babce081a8611130144681b33c8119732fda88",
			"transactionIndex": 73,
			"transactionLogIndex": "0x0",
			"type": "mined",
			"id": "log_7715fb6c"
		}
	],
	"logsBloom": "0x00000000000000000000000000020000000000000000000000000000000000000000000000000000000000000000000000000000000000000000000000000000000004000000010000000008000000000008000000000200000000000020000000000000000000000000000000000000000000000000000000000010000000000000000000000000000000000000000000000000000000000000000000000000000000000000000080000000000000000000000000000000000000010000000000001002000000000000000000000000000000000000000000000000000000000000000000000000000000000000000000000000000000000000000000000000",
	"root": null,
	"status": "0x1",
	"transactionHash": "0x9ef76057a7693115f934ac6614babce081a8611130144681b33c8119732fda88",
	"transactionIndex": 73
}
[2018-04-25T02:00:58.274] [DEBUG] trans - TO:   0xbc28770a3fd67fbbbf0ea11000485f004ffb808e
[2018-04-25T02:00:58.274] [DEBUG] trans - AMOUNT:   631585800000000000000
[2018-04-25T02:00:58.275] [DEBUG] trans - Receipt info:  {
	"blockHash": "0x3951dc7000762af461309fef45b8a82e57b209d053855835fad52078413abf7e",
	"blockNumber": 5500445,
	"contractAddress": null,
	"cumulativeGasUsed": 2430063,
	"gasUsed": 51525,
	"logs": [
		{
			"address": "0x7e9e431a0B8c4D532C745B1043c7FA29a48D4fBa",
			"blockHash": "0x3951dc7000762af461309fef45b8a82e57b209d053855835fad52078413abf7e",
			"blockNumber": 5500445,
			"data": "0x0000000000000000000000000000000000000000000000223d0382d0a4e88000",
			"logIndex": 36,
			"topics": [
				"0xddf252ad1be2c89b69c2b068fc378daa952ba7f163c4a11628f55a4df523b3ef",
				"0x000000000000000000000000468b858c964f297fd8fce058032bf4b4911a8ad8",
				"0x000000000000000000000000bc28770a3fd67fbbbf0ea11000485f004ffb808e"
			],
			"transactionHash": "0xf514c05d7a9850ffda027739b3dcbd4e077b6b4c6c1623380f429068ea8d0512",
			"transactionIndex": 58,
			"transactionLogIndex": "0x0",
			"type": "mined",
			"id": "log_72234596"
		}
	],
	"logsBloom": "0x00000000000000000000000000020000000000000000000000000000000000000000000000000000000000000000000000000000000000000000000000200000000000000000010000000008000000000000000000000000000000000020000000000000000000000000000000000000000000000000000000000010000000000000000000000000000000000000000000000000000000000000000000000000000000000000000080000000000000000000000000400000000000010000000000001002000000000000000000000000000000000000000000000000000000000000000000000000000000000000000000000000000000000000000000000001",
	"root": null,
	"status": "0x1",
	"transactionHash": "0xf514c05d7a9850ffda027739b3dcbd4e077b6b4c6c1623380f429068ea8d0512",
	"transactionIndex": 58
}
[2018-04-25T02:01:17.299] [DEBUG] trans - TO:   0x3cb03411dc69914094d9feb8c82a047f35eac124
[2018-04-25T02:01:17.299] [DEBUG] trans - AMOUNT:   631580800000000000000
[2018-04-25T02:01:17.299] [DEBUG] trans - Receipt info:  {
	"blockHash": "0x9cd8ff9bc5139adc4ab83a8154ed046c33f45d6622122db6133766188b1b12cf",
	"blockNumber": 5500446,
	"contractAddress": null,
	"cumulativeGasUsed": 3772435,
	"gasUsed": 51589,
	"logs": [
		{
			"address": "0x7e9e431a0B8c4D532C745B1043c7FA29a48D4fBa",
			"blockHash": "0x9cd8ff9bc5139adc4ab83a8154ed046c33f45d6622122db6133766188b1b12cf",
			"blockNumber": 5500446,
			"data": "0x0000000000000000000000000000000000000000000000223cf1bf576d080000",
			"logIndex": 41,
			"topics": [
				"0xddf252ad1be2c89b69c2b068fc378daa952ba7f163c4a11628f55a4df523b3ef",
				"0x000000000000000000000000468b858c964f297fd8fce058032bf4b4911a8ad8",
				"0x0000000000000000000000003cb03411dc69914094d9feb8c82a047f35eac124"
			],
			"transactionHash": "0x1c5d1a0ad5f3d5aea3abfae7944d0976c1ea99a742f83ba3c33f4aa2f1a92a33",
			"transactionIndex": 77,
			"transactionLogIndex": "0x0",
			"type": "mined",
			"id": "log_cb572ad8"
		}
	],
	"logsBloom": "0x00000000000000000000000000020000000000000000000000000000000000000000000000000000000000000000000000000000000000000000000000000000000000000000010000000008000000000000000000000000000000000020000000000000000000000000000000000000000000000000000000000010000000000000000000000000000000000000000000000000000004000000000000000000000000000000000080000000000000000000000000000000000000010000000000001002000000000000000000000000004000000000000000000000000000000000000000000000000000001000000000000000000000000000000000000000",
	"root": null,
	"status": "0x1",
	"transactionHash": "0x1c5d1a0ad5f3d5aea3abfae7944d0976c1ea99a742f83ba3c33f4aa2f1a92a33",
	"transactionIndex": 77
}
[2018-04-25T02:02:15.379] [DEBUG] trans - TO:   0xd19d394a30e278e088ce5b7cfdd993ce139bf245
[2018-04-25T02:02:15.379] [DEBUG] trans - AMOUNT:   631580800000000000000
[2018-04-25T02:02:15.379] [DEBUG] trans - Receipt info:  {
	"blockHash": "0xe7700aeca722dead60e167a23781b02cef828bc2bc0dd6a3e231f3b777178e26",
	"blockNumber": 5500447,
	"contractAddress": null,
	"cumulativeGasUsed": 2891946,
	"gasUsed": 51589,
	"logs": [
		{
			"address": "0x7e9e431a0B8c4D532C745B1043c7FA29a48D4fBa",
			"blockHash": "0xe7700aeca722dead60e167a23781b02cef828bc2bc0dd6a3e231f3b777178e26",
			"blockNumber": 5500447,
			"data": "0x0000000000000000000000000000000000000000000000223cf1bf576d080000",
			"logIndex": 17,
			"topics": [
				"0xddf252ad1be2c89b69c2b068fc378daa952ba7f163c4a11628f55a4df523b3ef",
				"0x000000000000000000000000468b858c964f297fd8fce058032bf4b4911a8ad8",
				"0x000000000000000000000000d19d394a30e278e088ce5b7cfdd993ce139bf245"
			],
			"transactionHash": "0xf204af862abf5cc642d8387e3204a4de7e0172be7ea08568c4651674c8c96847",
			"transactionIndex": 99,
			"transactionLogIndex": "0x0",
			"type": "mined",
			"id": "log_83d1e8a8"
		}
	],
	"logsBloom": "0x00000000000000000000000000020000000040000000000000000020000000000000000000000000000000000000000000000000000000000000000000000000000000000000010000000008000000000000000000000000000000000020000000000000000000000000000000000000000000000000000000000010000000000000000000000000000000000000000000000000000000000000000000000000000000000000002080000000000000000000000000000000000000010000000000001002000000000000000000000000000000000000000000000000000000000000000000000000000000000000000000000000000000000000000000000000",
	"root": null,
	"status": "0x1",
	"transactionHash": "0xf204af862abf5cc642d8387e3204a4de7e0172be7ea08568c4651674c8c96847",
	"transactionIndex": 99
}
[2018-04-25T02:02:15.381] [DEBUG] trans - TO:   0x0f5856b5f2e0fc7ae69fdf07552cb7c5a4ccfd7e
[2018-04-25T02:02:15.381] [DEBUG] trans - AMOUNT:   631573100000000000000
[2018-04-25T02:02:15.381] [DEBUG] trans - Receipt info:  {
	"blockHash": "0xe7700aeca722dead60e167a23781b02cef828bc2bc0dd6a3e231f3b777178e26",
	"blockNumber": 5500447,
	"contractAddress": null,
	"cumulativeGasUsed": 7667726,
	"gasUsed": 51653,
	"logs": [
		{
			"address": "0x7e9e431a0B8c4D532C745B1043c7FA29a48D4fBa",
			"blockHash": "0xe7700aeca722dead60e167a23781b02cef828bc2bc0dd6a3e231f3b777178e26",
			"blockNumber": 5500447,
			"data": "0x0000000000000000000000000000000000000000000000223cd6643b7842c000",
			"logIndex": 105,
			"topics": [
				"0xddf252ad1be2c89b69c2b068fc378daa952ba7f163c4a11628f55a4df523b3ef",
				"0x000000000000000000000000468b858c964f297fd8fce058032bf4b4911a8ad8",
				"0x0000000000000000000000000f5856b5f2e0fc7ae69fdf07552cb7c5a4ccfd7e"
			],
			"transactionHash": "0xed4c4dac18fd846965a4fa1224954a3ead72ff9b4eee7b577330e035daa88089",
			"transactionIndex": 194,
			"transactionLogIndex": "0x0",
			"type": "mined",
			"id": "log_58ec5e07"
		}
	],
	"logsBloom": "0x00000000000000000000000000020000000000000000000000000000000000000000000000000000000000000000000000000000000000000000000008000000000000000000010000000008000000000000000000000000000000000020000000000000000000000000000000000000000000000000000000000010000000000000000000000000000000000000000000000000000000000000000000000000000000000000000080000000000000000000000000100000000000010000000000001002000000000000000000000000000000000000000000000000000000000008000000000000000000000000000000000000000000000000000000000000",
	"root": null,
	"status": "0x1",
	"transactionHash": "0xed4c4dac18fd846965a4fa1224954a3ead72ff9b4eee7b577330e035daa88089",
	"transactionIndex": 194
}
[2018-04-25T02:02:39.407] [DEBUG] trans - TO:   0xe3c621c01625f0cf032ad749c41ff89f944f929a
[2018-04-25T02:02:39.407] [DEBUG] trans - AMOUNT:   631567000000000000000
[2018-04-25T02:02:39.407] [DEBUG] trans - Receipt info:  {
	"blockHash": "0x0cf2e43da664241fd0519e3e9d58f08773a1b37d221406f0d11ed0b55ba03b38",
	"blockNumber": 5500449,
	"contractAddress": null,
	"cumulativeGasUsed": 687917,
	"gasUsed": 51653,
	"logs": [
		{
			"address": "0x7e9e431a0B8c4D532C745B1043c7FA29a48D4fBa",
			"blockHash": "0x0cf2e43da664241fd0519e3e9d58f08773a1b37d221406f0d11ed0b55ba03b38",
			"blockNumber": 5500449,
			"data": "0x0000000000000000000000000000000000000000000000223cc0b8508b218000",
			"logIndex": 11,
			"topics": [
				"0xddf252ad1be2c89b69c2b068fc378daa952ba7f163c4a11628f55a4df523b3ef",
				"0x000000000000000000000000468b858c964f297fd8fce058032bf4b4911a8ad8",
				"0x000000000000000000000000e3c621c01625f0cf032ad749c41ff89f944f929a"
			],
			"transactionHash": "0x842fec38de13553b029224ed8ca161ab309df964f10afe1a8e6b4b2a8e4dfc84",
			"transactionIndex": 15,
			"transactionLogIndex": "0x0",
			"type": "mined",
			"id": "log_ebcb5091"
		}
	],
	"logsBloom": "0x00000000000000000000000000020000000000000000000000000000000000000000000000000000000000000000000000000000000000000000000000000000000000000000010000000008000000000000000000000000000000000020000000000000000000000000000000000000000000000000000000000010000000000000000000000000000000000000000000000000000000000000000004000000000000000000000080000000000000000000000000000000000000010000000000001002000000000000080000000000000000000000000000000000000000000000000000000000000000000000000800000000000000000000000000000000",
	"root": null,
	"status": "0x1",
	"transactionHash": "0x842fec38de13553b029224ed8ca161ab309df964f10afe1a8e6b4b2a8e4dfc84",
	"transactionIndex": 15
}
[2018-04-25T02:02:56.429] [DEBUG] trans - TO:   0x569ada867c7fb0a56bf260c1cb315693fd886ae3
[2018-04-25T02:02:56.430] [DEBUG] trans - AMOUNT:   631531100000000000000
[2018-04-25T02:02:56.430] [DEBUG] trans - Receipt info:  {
	"blockHash": "0x19955520229e09ab403938a8219cea8ca01873d23ba8a044225ec3c5cbc9172f",
	"blockNumber": 5500450,
	"contractAddress": null,
	"cumulativeGasUsed": 2448505,
	"gasUsed": 51653,
	"logs": [
		{
			"address": "0x7e9e431a0B8c4D532C745B1043c7FA29a48D4fBa",
			"blockHash": "0x19955520229e09ab403938a8219cea8ca01873d23ba8a044225ec3c5cbc9172f",
			"blockNumber": 5500450,
			"data": "0x0000000000000000000000000000000000000000000000223c412d746fb1c000",
			"logIndex": 24,
			"topics": [
				"0xddf252ad1be2c89b69c2b068fc378daa952ba7f163c4a11628f55a4df523b3ef",
				"0x000000000000000000000000468b858c964f297fd8fce058032bf4b4911a8ad8",
				"0x000000000000000000000000569ada867c7fb0a56bf260c1cb315693fd886ae3"
			],
			"transactionHash": "0xd481ec92ff572f452e41e9d84c7b62e070235be530d11f62a79e2761c373b803",
			"transactionIndex": 67,
			"transactionLogIndex": "0x0",
			"type": "mined",
			"id": "log_8ded7fd5"
		}
	],
	"logsBloom": "0x00000000000000000000000000020000000000000000000000000000000000000000000000000000000000000000000000000000000000000000000000000000000000000000010000000008000000000000000000000000000000000024000000000000000000000000000000000000000000000000000000000010000000000000000002000000000000000000000000000000000000000000000000000000000000000000000080000000000000000000000000000000000000010000000000001002000000000040000000000000000000000000000000000000000000000000000000000000000000000000000000000000000000000000000000000000",
	"root": null,
	"status": "0x1",
	"transactionHash": "0xd481ec92ff572f452e41e9d84c7b62e070235be530d11f62a79e2761c373b803",
	"transactionIndex": 67
}
[2018-04-25T02:03:19.461] [DEBUG] trans - TO:   0x44e7a1dbbdecd7d6528dd96f9f1b21a784b1c45d
[2018-04-25T02:03:19.461] [DEBUG] trans - AMOUNT:   631507300000000000000
[2018-04-25T02:03:19.461] [DEBUG] trans - Receipt info:  {
	"blockHash": "0x8e66fcf4b3dfc50d63dfb1a3144c1b09e67bad5e0385d5b4a5561fafed3b92da",
	"blockNumber": 5500452,
	"contractAddress": null,
	"cumulativeGasUsed": 3367210,
	"gasUsed": 51653,
	"logs": [
		{
			"address": "0x7e9e431a0B8c4D532C745B1043c7FA29a48D4fBa",
			"blockHash": "0x8e66fcf4b3dfc50d63dfb1a3144c1b09e67bad5e0385d5b4a5561fafed3b92da",
			"blockNumber": 5500452,
			"data": "0x0000000000000000000000000000000000000000000000223bec9f7b1e0a4000",
			"logIndex": 21,
			"topics": [
				"0xddf252ad1be2c89b69c2b068fc378daa952ba7f163c4a11628f55a4df523b3ef",
				"0x000000000000000000000000468b858c964f297fd8fce058032bf4b4911a8ad8",
				"0x00000000000000000000000044e7a1dbbdecd7d6528dd96f9f1b21a784b1c45d"
			],
			"transactionHash": "0x9bfe553b3bf8274d08e91aeb74bc8c752b4e8d10f98fd645845cb8329e4b9459",
			"transactionIndex": 122,
			"transactionLogIndex": "0x0",
			"type": "mined",
			"id": "log_eb4c686f"
		}
	],
	"logsBloom": "0x00000000000000000000000000020000000000000004000000000000000000000000000000000000002000000000000000000000000000000000000000000000000000000000010000000008000000000000000000000000000000000020000000000000000000000000000000000000000000000000000000000010000000000000000000000000000000000000000000000000000000000000000000000000000000000000000080010000000000000000000000000000000000010000000000001002000000000000000000000000000000000000000000000000000000000000000000000000000000000000000000000000000000000000000000000000",
	"root": null,
	"status": "0x1",
	"transactionHash": "0x9bfe553b3bf8274d08e91aeb74bc8c752b4e8d10f98fd645845cb8329e4b9459",
	"transactionIndex": 122
}
[2018-04-25T02:03:35.479] [DEBUG] trans - TO:   0x72210c2962e959613f5181c291bd1909067f3729
[2018-04-25T02:03:35.480] [DEBUG] trans - AMOUNT:   631500000000000000000
[2018-04-25T02:03:35.480] [DEBUG] trans - Receipt info:  {
	"blockHash": "0x5c4fadc8f2aeff7a3afb5f873914d3659ad166f8fc30b989eb11bf9688f569c4",
	"blockNumber": 5500454,
	"contractAddress": null,
	"cumulativeGasUsed": 370775,
	"gasUsed": 51589,
	"logs": [
		{
			"address": "0x7e9e431a0B8c4D532C745B1043c7FA29a48D4fBa",
			"blockHash": "0x5c4fadc8f2aeff7a3afb5f873914d3659ad166f8fc30b989eb11bf9688f569c4",
			"blockNumber": 5500454,
			"data": "0x0000000000000000000000000000000000000000000000223bd2b02b6b2e0000",
			"logIndex": 4,
			"topics": [
				"0xddf252ad1be2c89b69c2b068fc378daa952ba7f163c4a11628f55a4df523b3ef",
				"0x000000000000000000000000468b858c964f297fd8fce058032bf4b4911a8ad8",
				"0x00000000000000000000000072210c2962e959613f5181c291bd1909067f3729"
			],
			"transactionHash": "0xfc81cc491244cd78f49e983a1f7f55b568aa0a99427625f546d860cc22962649",
			"transactionIndex": 11,
			"transactionLogIndex": "0x0",
			"type": "mined",
			"id": "log_f996e2c9"
		}
	],
	"logsBloom": "0x00000000000000000000000000020000000000000000000000000000000000000000000000000000000000000000000000000000000000000000000000000000000000000000010000080008000000000000000000000000000000000020000000000000000000000000000000000000000000000000000000000010000000000000000000000000000000008000000000000000000000000000000000000000000000000000000080000000000000000000000000000000000000010000000000001002000000000000000000000000000000000000000000000000000200000000000000000000000000000000000000000000000000000000000000000000",
	"root": null,
	"status": "0x1",
	"transactionHash": "0xfc81cc491244cd78f49e983a1f7f55b568aa0a99427625f546d860cc22962649",
	"transactionIndex": 11
}
[2018-04-25T02:03:42.488] [DEBUG] trans - TO:   0x8e37870350f3b8f3aaf441f1fd27504af6164aa9
[2018-04-25T02:03:42.489] [DEBUG] trans - AMOUNT:   631493400000000000000
[2018-04-25T02:03:42.489] [DEBUG] trans - Receipt info:  {
	"blockHash": "0x7810bea9e10686adf9cf3632ff9e453196182fceec10a49a9b5b3bd141d8a977",
	"blockNumber": 5500455,
	"contractAddress": null,
	"cumulativeGasUsed": 6239011,
	"gasUsed": 51653,
	"logs": [
		{
			"address": "0x7e9e431a0B8c4D532C745B1043c7FA29a48D4fBa",
			"blockHash": "0x7810bea9e10686adf9cf3632ff9e453196182fceec10a49a9b5b3bd141d8a977",
			"blockNumber": 5500455,
			"data": "0x0000000000000000000000000000000000000000000000223bbb3d812ba98000",
			"logIndex": 97,
			"topics": [
				"0xddf252ad1be2c89b69c2b068fc378daa952ba7f163c4a11628f55a4df523b3ef",
				"0x000000000000000000000000468b858c964f297fd8fce058032bf4b4911a8ad8",
				"0x0000000000000000000000008e37870350f3b8f3aaf441f1fd27504af6164aa9"
			],
			"transactionHash": "0x6abd89571a37dd1a1558d6a5642729952182d0b019e2aec4cb0d10c26a923335",
			"transactionIndex": 105,
			"transactionLogIndex": "0x0",
			"type": "mined",
			"id": "log_0917b19d"
		}
	],
	"logsBloom": "0x00000000000010000000000000020000000000000000000000000000000000000000000000000000000000000000000000000000000000000000000000000000000000000000010000000008000000000000000000000000000000000020000000000000000000000000000000000000000000000000000000000010000000000000000000000000080000000000000000000000000000000000000000000000000000000000000080000000000000000000000000000000000000010000000000001002000000000000000000000000000000000000000000000000000000000000000000000000000000000000000000000000000000000000000000000001",
	"root": null,
	"status": "0x1",
	"transactionHash": "0x6abd89571a37dd1a1558d6a5642729952182d0b019e2aec4cb0d10c26a923335",
	"transactionIndex": 105
}
[2018-04-25T02:03:53.499] [DEBUG] trans - TO:   0xc736a996b7b113b3f107ab7418d38a063efb787b
[2018-04-25T02:03:53.499] [DEBUG] trans - AMOUNT:   631476200000000000000
[2018-04-25T02:03:53.499] [DEBUG] trans - Receipt info:  {
	"blockHash": "0xb9e7b88c15fc81e4a074c3eb740a6af49f6d5918459cac524b3eee2d8b3d81ae",
	"blockNumber": 5500456,
	"contractAddress": null,
	"cumulativeGasUsed": 465158,
	"gasUsed": 51653,
	"logs": [
		{
			"address": "0x7e9e431a0B8c4D532C745B1043c7FA29a48D4fBa",
			"blockHash": "0xb9e7b88c15fc81e4a074c3eb740a6af49f6d5918459cac524b3eee2d8b3d81ae",
			"blockNumber": 5500456,
			"data": "0x0000000000000000000000000000000000000000000000223b7e223219868000",
			"logIndex": 2,
			"topics": [
				"0xddf252ad1be2c89b69c2b068fc378daa952ba7f163c4a11628f55a4df523b3ef",
				"0x000000000000000000000000468b858c964f297fd8fce058032bf4b4911a8ad8",
				"0x000000000000000000000000c736a996b7b113b3f107ab7418d38a063efb787b"
			],
			"transactionHash": "0xf74fb3efc824d664c3fee33d7aab6d215d8fa3cc60385f245de8b9db4bb684bd",
			"transactionIndex": 18,
			"transactionLogIndex": "0x0",
			"type": "mined",
			"id": "log_5b1ee1e0"
		}
	],
	"logsBloom": "0x00000000000000000000000000020000000000000000000000000000000000000000000000000000000000000000000000000000000000000000000000000000000000000000010000000008000000000000000000000000000000000020000000000000000000000000000000000000000000000000000000000010000000000000000000000000000000000000000000000000000000000000000000000000000000000004000080000000000000000000000080000000000000010000000000001002000000000000000000000000000000000000000000000000000000000000000000000000000000000000000000000000008000000000000000000000",
	"root": null,
	"status": "0x1",
	"transactionHash": "0xf74fb3efc824d664c3fee33d7aab6d215d8fa3cc60385f245de8b9db4bb684bd",
	"transactionIndex": 18
}
[2018-04-25T02:03:53.500] [DEBUG] trans - TO:   0xc33489605d01bef1eb2034a08794e950719b4164
[2018-04-25T02:03:53.500] [DEBUG] trans - AMOUNT:   631476000000000000000
[2018-04-25T02:03:53.500] [DEBUG] trans - Receipt info:  {
	"blockHash": "0xb9e7b88c15fc81e4a074c3eb740a6af49f6d5918459cac524b3eee2d8b3d81ae",
	"blockNumber": 5500456,
	"contractAddress": null,
	"cumulativeGasUsed": 5387394,
	"gasUsed": 51589,
	"logs": [
		{
			"address": "0x7e9e431a0B8c4D532C745B1043c7FA29a48D4fBa",
			"blockHash": "0xb9e7b88c15fc81e4a074c3eb740a6af49f6d5918459cac524b3eee2d8b3d81ae",
			"blockNumber": 5500456,
			"data": "0x0000000000000000000000000000000000000000000000223b7d6c4bf8920000",
			"logIndex": 130,
			"topics": [
				"0xddf252ad1be2c89b69c2b068fc378daa952ba7f163c4a11628f55a4df523b3ef",
				"0x000000000000000000000000468b858c964f297fd8fce058032bf4b4911a8ad8",
				"0x000000000000000000000000c33489605d01bef1eb2034a08794e950719b4164"
			],
			"transactionHash": "0x1efb1884cced4b584673b7365100b5b4b6fb2ef23df41c7a3df6b4a917df273c",
			"transactionIndex": 55,
			"transactionLogIndex": "0x0",
			"type": "mined",
			"id": "log_76624c05"
		}
	],
	"logsBloom": "0x00000000000000000000000000020000000000000000000000000000000000000000000000000000000000000000000000000000000000000000000000000000000000000000010000000088000000000000000000000000000000000020000000000000000000000000000000000000000000000000000000000010000000000000000000000000000000000000000000000000000000000000000000000000000000000000000080000000000000000000000000000000000010010000000000001002000000000000000000000000000000000000000000000000000000000000000002000000000000000000000000000000000000000000000000000000",
	"root": null,
	"status": "0x1",
	"transactionHash": "0x1efb1884cced4b584673b7365100b5b4b6fb2ef23df41c7a3df6b4a917df273c",
	"transactionIndex": 55
}
[2018-04-25T02:03:53.500] [DEBUG] trans - TO:   0x5c777299c2cc0a7923a70a99b99588546cda0d42
[2018-04-25T02:03:53.500] [DEBUG] trans - AMOUNT:   631382500000000000000
[2018-04-25T02:03:53.501] [DEBUG] trans - Receipt info:  {
	"blockHash": "0xb9e7b88c15fc81e4a074c3eb740a6af49f6d5918459cac524b3eee2d8b3d81ae",
	"blockNumber": 5500456,
	"contractAddress": null,
	"cumulativeGasUsed": 6220191,
	"gasUsed": 51653,
	"logs": [
		{
			"address": "0x7e9e431a0B8c4D532C745B1043c7FA29a48D4fBa",
			"blockHash": "0xb9e7b88c15fc81e4a074c3eb740a6af49f6d5918459cac524b3eee2d8b3d81ae",
			"blockNumber": 5500456,
			"data": "0x0000000000000000000000000000000000000000000000223a313e8aca124000",
			"logIndex": 139,
			"topics": [
				"0xddf252ad1be2c89b69c2b068fc378daa952ba7f163c4a11628f55a4df523b3ef",
				"0x000000000000000000000000468b858c964f297fd8fce058032bf4b4911a8ad8",
				"0x0000000000000000000000005c777299c2cc0a7923a70a99b99588546cda0d42"
			],
			"transactionHash": "0xfc43c100f2f602bfd2b042f04ee13d6c1467f9424233ca1a71b31be4f439ff49",
			"transactionIndex": 72,
			"transactionLogIndex": "0x0",
			"type": "mined",
			"id": "log_9fdc8470"
		}
	],
	"logsBloom": "0x00000000000000000000000000020000000000000000000000000000040000000000000000000000000000000000000000000000000000000000000000000000000000000000010000000008000000000000000000000000000000000020000000000000000000000000000000000000000000000000000000000010000000000000000000000000000000000000000000000000000000000000000000000000000000000000000080000000000000000000000000000000000000010000000000001002000000000000000000000000800000000000000000000000000000000000000000000000000000000000000000000000000000000000100000000000",
	"root": null,
	"status": "0x1",
	"transactionHash": "0xfc43c100f2f602bfd2b042f04ee13d6c1467f9424233ca1a71b31be4f439ff49",
	"transactionIndex": 72
}
[2018-04-25T02:03:53.501] [DEBUG] trans - TO:   0x53433a8576a909290f6986d3f95c977fa28bda53
[2018-04-25T02:03:53.501] [DEBUG] trans - AMOUNT:   631467400000000000000
[2018-04-25T02:03:53.501] [DEBUG] trans - Receipt info:  {
	"blockHash": "0xb9e7b88c15fc81e4a074c3eb740a6af49f6d5918459cac524b3eee2d8b3d81ae",
	"blockNumber": 5500456,
	"contractAddress": null,
	"cumulativeGasUsed": 5703993,
	"gasUsed": 51653,
	"logs": [
		{
			"address": "0x7e9e431a0B8c4D532C745B1043c7FA29a48D4fBa",
			"blockHash": "0xb9e7b88c15fc81e4a074c3eb740a6af49f6d5918459cac524b3eee2d8b3d81ae",
			"blockNumber": 5500456,
			"data": "0x0000000000000000000000000000000000000000000000223b5edea46f808000",
			"logIndex": 133,
			"topics": [
				"0xddf252ad1be2c89b69c2b068fc378daa952ba7f163c4a11628f55a4df523b3ef",
				"0x000000000000000000000000468b858c964f297fd8fce058032bf4b4911a8ad8",
				"0x00000000000000000000000053433a8576a909290f6986d3f95c977fa28bda53"
			],
			"transactionHash": "0x7edf8edde1fd79835c3b715d5fe7a36d76c97eb156821ad9c74c1804c17f52b9",
			"transactionIndex": 63,
			"transactionLogIndex": "0x0",
			"type": "mined",
			"id": "log_5bdb482a"
		}
	],
	"logsBloom": "0x00000000000000000000000000020000000000000000000000000000000000000000000000000000000000000000000000000000000000000000000000000000000000000000010000000008000000000000000000000000000000000020000000000000000000000000000000000000000000000000000000000010200000000000000000000000000000000000000000000000000200000000000000000000000000000000000080000000000000000000000000000000000000010000000000009002000000000000000000000000000000000000000000000000000000000000000000000000000000000000000000000000000000000000000000000000",
	"root": null,
	"status": "0x1",
	"transactionHash": "0x7edf8edde1fd79835c3b715d5fe7a36d76c97eb156821ad9c74c1804c17f52b9",
	"transactionIndex": 63
}
[2018-04-25T02:03:53.502] [DEBUG] trans - TO:   0x4fd86ab7207d4fc876fd73d373bd73229246e849
[2018-04-25T02:03:53.502] [DEBUG] trans - AMOUNT:   631372500000000000000
[2018-04-25T02:03:53.502] [DEBUG] trans - Receipt info:  {
	"blockHash": "0xb9e7b88c15fc81e4a074c3eb740a6af49f6d5918459cac524b3eee2d8b3d81ae",
	"blockNumber": 5500456,
	"contractAddress": null,
	"cumulativeGasUsed": 6313844,
	"gasUsed": 51653,
	"logs": [
		{
			"address": "0x7e9e431a0B8c4D532C745B1043c7FA29a48D4fBa",
			"blockHash": "0xb9e7b88c15fc81e4a074c3eb740a6af49f6d5918459cac524b3eee2d8b3d81ae",
			"blockNumber": 5500456,
			"data": "0x0000000000000000000000000000000000000000000000223a0db7985a514000",
			"logIndex": 140,
			"topics": [
				"0xddf252ad1be2c89b69c2b068fc378daa952ba7f163c4a11628f55a4df523b3ef",
				"0x000000000000000000000000468b858c964f297fd8fce058032bf4b4911a8ad8",
				"0x0000000000000000000000004fd86ab7207d4fc876fd73d373bd73229246e849"
			],
			"transactionHash": "0xa07d39e7cb27a51849fb4662fbd50298fe6a07e9514fae8cec107e9190d360ac",
			"transactionIndex": 75,
			"transactionLogIndex": "0x0",
			"type": "mined",
			"id": "log_e62b506d"
		}
	],
	"logsBloom": "0x00100000000000000000000000020000000000000000000000000000000000000000000000000000000000000000000000000000000000000000000000000000000000000000010000000008000000000000000000000000000000000020000000000000000000000000000000000000000000000000000080000010000000000000000000000000000000000000000000000000000000000000000000000000000000000000000080000000000000000000000000000000000000010000000000001002000000000000000000000000000000000000000000000000000000000000000000000080000000000000000000000000000000000000000000000000",
	"root": null,
	"status": "0x1",
	"transactionHash": "0xa07d39e7cb27a51849fb4662fbd50298fe6a07e9514fae8cec107e9190d360ac",
	"transactionIndex": 75
}
[2018-04-25T02:03:53.502] [DEBUG] trans - TO:   0xd4f18fb43fa8b39363d63dcf12ce5939e025d888
[2018-04-25T02:03:53.502] [DEBUG] trans - AMOUNT:   631337000000000000000
[2018-04-25T02:03:53.502] [DEBUG] trans - Receipt info:  {
	"blockHash": "0xb9e7b88c15fc81e4a074c3eb740a6af49f6d5918459cac524b3eee2d8b3d81ae",
	"blockNumber": 5500456,
	"contractAddress": null,
	"cumulativeGasUsed": 6480150,
	"gasUsed": 51653,
	"logs": [
		{
			"address": "0x7e9e431a0B8c4D532C745B1043c7FA29a48D4fBa",
			"blockHash": "0xb9e7b88c15fc81e4a074c3eb740a6af49f6d5918459cac524b3eee2d8b3d81ae",
			"blockNumber": 5500456,
			"data": "0x000000000000000000000000000000000000000000000022398f988880ca8000",
			"logIndex": 142,
			"topics": [
				"0xddf252ad1be2c89b69c2b068fc378daa952ba7f163c4a11628f55a4df523b3ef",
				"0x000000000000000000000000468b858c964f297fd8fce058032bf4b4911a8ad8",
				"0x000000000000000000000000d4f18fb43fa8b39363d63dcf12ce5939e025d888"
			],
			"transactionHash": "0x75ce437b46e35ba606924d326d0789863b315bb0a1851d2e106781a735d3074c",
			"transactionIndex": 80,
			"transactionLogIndex": "0x0",
			"type": "mined",
			"id": "log_4434c7cb"
		}
	],
	"logsBloom": "0x00000000000000000000000000020000000000000000000002000000000000000000000000000000000000000000000000000000000000000000000000000000000000000000010000000008000000000000000000000000000000000020000000000000000000000000000000000000000000000000000000000010000000000000000000000000000000000000000000000000000000000000000000000000000000000000000080000000000000000000000000000000000000010000000000001002000000020000004000000000000000000000000000000000000000000000000000000000000000000000000000000000000000000000000000000000",
	"root": null,
	"status": "0x1",
	"transactionHash": "0x75ce437b46e35ba606924d326d0789863b315bb0a1851d2e106781a735d3074c",
	"transactionIndex": 80
}
[2018-04-25T02:03:53.503] [DEBUG] trans - TO:   0x02ce7ad92d15167199205f76f6dcd70546981695
[2018-04-25T02:03:53.503] [DEBUG] trans - AMOUNT:   631295900000000000000
[2018-04-25T02:03:53.503] [DEBUG] trans - Receipt info:  {
	"blockHash": "0xb9e7b88c15fc81e4a074c3eb740a6af49f6d5918459cac524b3eee2d8b3d81ae",
	"blockNumber": 5500456,
	"contractAddress": null,
	"cumulativeGasUsed": 6625392,
	"gasUsed": 51653,
	"logs": [
		{
			"address": "0x7e9e431a0B8c4D532C745B1043c7FA29a48D4fBa",
			"blockHash": "0xb9e7b88c15fc81e4a074c3eb740a6af49f6d5918459cac524b3eee2d8b3d81ae",
			"blockNumber": 5500456,
			"data": "0x00000000000000000000000000000000000000000000002238fd944d0c85c000",
			"logIndex": 144,
			"topics": [
				"0xddf252ad1be2c89b69c2b068fc378daa952ba7f163c4a11628f55a4df523b3ef",
				"0x000000000000000000000000468b858c964f297fd8fce058032bf4b4911a8ad8",
				"0x00000000000000000000000002ce7ad92d15167199205f76f6dcd70546981695"
			],
			"transactionHash": "0xd7662255f48417466d607ac46fb501a8365b8e5b366a27d647e031e1794db5bb",
			"transactionIndex": 84,
			"transactionLogIndex": "0x0",
			"type": "mined",
			"id": "log_44437ef3"
		}
	],
	"logsBloom": "0x00000000000000000000000000020000000000000000000000000000000000000000000000000000000000000000000000000000000000000000001000000000000000000000010000000008000000000000000000000000000000000020000000000000000000000000000000000000000000000000000000000010000000000000000000000000000000000000000800000000000000000000000000000000000000000000000080000000000000000000000000000000000000010000000000001002000000000000000000000000000000000000020000000000000000000000000000000000000000000000000000000000000000000000000000000000",
	"root": null,
	"status": "0x1",
	"transactionHash": "0xd7662255f48417466d607ac46fb501a8365b8e5b366a27d647e031e1794db5bb",
	"transactionIndex": 84
}
[2018-04-25T02:03:53.504] [DEBUG] trans - TO:   0x2ce12c757dfc78fd239a34356d4515504be11077
[2018-04-25T02:03:53.504] [DEBUG] trans - AMOUNT:   631400000000000000000
[2018-04-25T02:03:53.504] [DEBUG] trans - Receipt info:  {
	"blockHash": "0xb9e7b88c15fc81e4a074c3eb740a6af49f6d5918459cac524b3eee2d8b3d81ae",
	"blockNumber": 5500456,
	"contractAddress": null,
	"cumulativeGasUsed": 5972528,
	"gasUsed": 51589,
	"logs": [
		{
			"address": "0x7e9e431a0B8c4D532C745B1043c7FA29a48D4fBa",
			"blockHash": "0xb9e7b88c15fc81e4a074c3eb740a6af49f6d5918459cac524b3eee2d8b3d81ae",
			"blockNumber": 5500456,
			"data": "0x0000000000000000000000000000000000000000000000223a6f6ab30da40000",
			"logIndex": 136,
			"topics": [
				"0xddf252ad1be2c89b69c2b068fc378daa952ba7f163c4a11628f55a4df523b3ef",
				"0x000000000000000000000000468b858c964f297fd8fce058032bf4b4911a8ad8",
				"0x0000000000000000000000002ce12c757dfc78fd239a34356d4515504be11077"
			],
			"transactionHash": "0x2d124faf0ef8bcfa5294ca8a80bae58c04a35fe1d773ddff40992031e2cda67c",
			"transactionIndex": 68,
			"transactionLogIndex": "0x0",
			"type": "mined",
			"id": "log_6c8582bc"
		}
	],
	"logsBloom": "0x00000000000000000000000000020000000000000000000000000000000000000000000000000000000000000000000000000000000000000000000000002000000000000000010000000008000000000000000000000000000000000020000000000000000000000000000000000000000000080000000000000010000000000000000000000000000000000000000000000000000000000000000000000000000000000000000080000000000000000000000000000000000000010000000000001002000000000020000000000000000000000000000000000000000000000000000000000000000000000000000000000000000000000000000000000000",
	"root": null,
	"status": "0x1",
	"transactionHash": "0x2d124faf0ef8bcfa5294ca8a80bae58c04a35fe1d773ddff40992031e2cda67c",
	"transactionIndex": 68
}
[2018-04-25T02:03:53.504] [DEBUG] trans - TO:   0x706138f81fb4380352b3ea66cf456d2ea2e18049
[2018-04-25T02:03:53.504] [DEBUG] trans - AMOUNT:   631267000000000000000
[2018-04-25T02:03:53.504] [DEBUG] trans - Receipt info:  {
	"blockHash": "0xb9e7b88c15fc81e4a074c3eb740a6af49f6d5918459cac524b3eee2d8b3d81ae",
	"blockNumber": 5500456,
	"contractAddress": null,
	"cumulativeGasUsed": 6698045,
	"gasUsed": 51653,
	"logs": [
		{
			"address": "0x7e9e431a0B8c4D532C745B1043c7FA29a48D4fBa",
			"blockHash": "0xb9e7b88c15fc81e4a074c3eb740a6af49f6d5918459cac524b3eee2d8b3d81ae",
			"blockNumber": 5500456,
			"data": "0x0000000000000000000000000000000000000000000000223896e7e772838000",
			"logIndex": 145,
			"topics": [
				"0xddf252ad1be2c89b69c2b068fc378daa952ba7f163c4a11628f55a4df523b3ef",
				"0x000000000000000000000000468b858c964f297fd8fce058032bf4b4911a8ad8",
				"0x000000000000000000000000706138f81fb4380352b3ea66cf456d2ea2e18049"
			],
			"transactionHash": "0xe5b994d2d77b8b3c0112422ec972250c1bb1ccb2af8875c96513cf581e31896e",
			"transactionIndex": 86,
			"transactionLogIndex": "0x0",
			"type": "mined",
			"id": "log_a06b66c1"
		}
	],
	"logsBloom": "0x00000000000000000000000000020000000000000000000000000000000000000000000000000000000000000000000000000000000000000000000000000000000000000000010000000008000000000000000000000000000000000020000080000000000400000000000000000000000000000000000000000010000000000000000010000000000000000000000000000000000000000000000000000000000000000000000080000000000000000000000000000000000000010000000000001002000000000000000000000000000000000000000000000000000000000000000000000000000000000000000000000000000000000000000000000000",
	"root": null,
	"status": "0x1",
	"transactionHash": "0xe5b994d2d77b8b3c0112422ec972250c1bb1ccb2af8875c96513cf581e31896e",
	"transactionIndex": 86
}
[2018-04-25T02:03:53.505] [DEBUG] trans - TO:   0x0d4010ec1df07ab0cdebf2bde1f8eb3cd2dd3cb8
[2018-04-25T02:03:53.505] [DEBUG] trans - AMOUNT:   631312000000000000000
[2018-04-25T02:03:53.505] [DEBUG] trans - Receipt info:  {
	"blockHash": "0xb9e7b88c15fc81e4a074c3eb740a6af49f6d5918459cac524b3eee2d8b3d81ae",
	"blockNumber": 5500456,
	"contractAddress": null,
	"cumulativeGasUsed": 6552739,
	"gasUsed": 51589,
	"logs": [
		{
			"address": "0x7e9e431a0B8c4D532C745B1043c7FA29a48D4fBa",
			"blockHash": "0xb9e7b88c15fc81e4a074c3eb740a6af49f6d5918459cac524b3eee2d8b3d81ae",
			"blockNumber": 5500456,
			"data": "0x0000000000000000000000000000000000000000000000223936c72a69680000",
			"logIndex": 143,
			"topics": [
				"0xddf252ad1be2c89b69c2b068fc378daa952ba7f163c4a11628f55a4df523b3ef",
				"0x000000000000000000000000468b858c964f297fd8fce058032bf4b4911a8ad8",
				"0x0000000000000000000000000d4010ec1df07ab0cdebf2bde1f8eb3cd2dd3cb8"
			],
			"transactionHash": "0x2dae86727230f83ba6947075e31bf0c180be18792cf9bc0abce16bd0a2e97f0b",
			"transactionIndex": 82,
			"transactionLogIndex": "0x0",
			"type": "mined",
			"id": "log_5b9f7e3d"
		}
	],
	"logsBloom": "0x00000020000000000000000000020000000000000000000000000000000000000000000000000000000000000000000000000000000000000000000000000000000000000000010000000008000000000000000000000000000000000020000000000000000000000000000000000000000000000000000000000010000000000000000000000000000000000000000000000000000000000000000000000000000000000000000080000000004000000000000000000000000000010000000000001002000000000000000000000000000000000000000000000000000000000000000000100000000000000000000000000000000000000000000000000000",
	"root": null,
	"status": "0x1",
	"transactionHash": "0x2dae86727230f83ba6947075e31bf0c180be18792cf9bc0abce16bd0a2e97f0b",
	"transactionIndex": 82
}
[2018-04-25T02:03:53.505] [DEBUG] trans - TO:   0xf8dc9d0d141c2be4c277c6a05dbcbc83e2445cac
[2018-04-25T02:03:53.505] [DEBUG] trans - AMOUNT:   631040700000000000000
[2018-04-25T02:03:53.505] [DEBUG] trans - Receipt info:  {
	"blockHash": "0xb9e7b88c15fc81e4a074c3eb740a6af49f6d5918459cac524b3eee2d8b3d81ae",
	"blockNumber": 5500456,
	"contractAddress": null,
	"cumulativeGasUsed": 6915940,
	"gasUsed": 51653,
	"logs": [
		{
			"address": "0x7e9e431a0B8c4D532C745B1043c7FA29a48D4fBa",
			"blockHash": "0xb9e7b88c15fc81e4a074c3eb740a6af49f6d5918459cac524b3eee2d8b3d81ae",
			"blockNumber": 5500456,
			"data": "0x0000000000000000000000000000000000000000000000223572ed40c9d7c000",
			"logIndex": 148,
			"topics": [
				"0xddf252ad1be2c89b69c2b068fc378daa952ba7f163c4a11628f55a4df523b3ef",
				"0x000000000000000000000000468b858c964f297fd8fce058032bf4b4911a8ad8",
				"0x000000000000000000000000f8dc9d0d141c2be4c277c6a05dbcbc83e2445cac"
			],
			"transactionHash": "0x7231522354f7b9323d7b5a7aa155cd8ced63b485f9d12b6590bb908c758515ae",
			"transactionIndex": 92,
			"transactionLogIndex": "0x0",
			"type": "mined",
			"id": "log_bc7cc607"
		}
	],
	"logsBloom": "0x00000000000000000000000000020000000000000000000000000000000000000000000000000000000000000000000000400000000000000000000000000000000000000000010000000008000000000000000000000000000000000020000000000000000000000000000000000000000000000000000000000010000000000000000000000000000000000000000000000000000000000000000000000000000000000000000080000000000000000000000000000000000000010000000000001002000000000000000000000000000000000000000000000000400000000000000000000000000000000000000000000000000000000000000000001000",
	"root": null,
	"status": "0x1",
	"transactionHash": "0x7231522354f7b9323d7b5a7aa155cd8ced63b485f9d12b6590bb908c758515ae",
	"transactionIndex": 92
}
[2018-04-25T02:03:53.506] [DEBUG] trans - TO:   0x36ecb51e663333425d8e990c2af4dd519905d370
[2018-04-25T02:03:53.506] [DEBUG] trans - AMOUNT:   631244300000000000000
[2018-04-25T02:03:53.506] [DEBUG] trans - Receipt info:  {
	"blockHash": "0xb9e7b88c15fc81e4a074c3eb740a6af49f6d5918459cac524b3eee2d8b3d81ae",
	"blockNumber": 5500456,
	"contractAddress": null,
	"cumulativeGasUsed": 6843287,
	"gasUsed": 51653,
	"logs": [
		{
			"address": "0x7e9e431a0B8c4D532C745B1043c7FA29a48D4fBa",
			"blockHash": "0xb9e7b88c15fc81e4a074c3eb740a6af49f6d5918459cac524b3eee2d8b3d81ae",
			"blockNumber": 5500456,
			"data": "0x0000000000000000000000000000000000000000000000223846425fd61cc000",
			"logIndex": 147,
			"topics": [
				"0xddf252ad1be2c89b69c2b068fc378daa952ba7f163c4a11628f55a4df523b3ef",
				"0x000000000000000000000000468b858c964f297fd8fce058032bf4b4911a8ad8",
				"0x00000000000000000000000036ecb51e663333425d8e990c2af4dd519905d370"
			],
			"transactionHash": "0xb9ef97a89f8787343abd974327bbe2a3f8db6af5ea7ae03ce0a4cde4a357037d",
			"transactionIndex": 90,
			"transactionLogIndex": "0x0",
			"type": "mined",
			"id": "log_a9bf6c37"
		}
	],
	"logsBloom": "0x00000000000000000000000000020000000000000000000000000000000000000000000000040000000000000000000000000000000000000000000000000000000000000000010000000008000000000000000000000000000000000020000000000000000000000000000000000000000000000000000000000010000000000000000000000000000000000000000000000000000000000000000000000000000000000000000080000000000000000000000000000000000000010000000000001002000000000000000000000000000000000000000000000000000000000000000000000000000000000000000020000000100000000000000000000000",
	"root": null,
	"status": "0x1",
	"transactionHash": "0xb9ef97a89f8787343abd974327bbe2a3f8db6af5ea7ae03ce0a4cde4a357037d",
	"transactionIndex": 90
}
[2018-04-25T02:03:53.506] [DEBUG] trans - TO:   0xdb97f4e56768e53d90e877bd588579fad42cc61b
[2018-04-25T02:03:53.506] [DEBUG] trans - AMOUNT:   631340500000000000000
[2018-04-25T02:03:53.506] [DEBUG] trans - Receipt info:  {
	"blockHash": "0xb9e7b88c15fc81e4a074c3eb740a6af49f6d5918459cac524b3eee2d8b3d81ae",
	"blockNumber": 5500456,
	"contractAddress": null,
	"cumulativeGasUsed": 6407497,
	"gasUsed": 51653,
	"logs": [
		{
			"address": "0x7e9e431a0B8c4D532C745B1043c7FA29a48D4fBa",
			"blockHash": "0xb9e7b88c15fc81e4a074c3eb740a6af49f6d5918459cac524b3eee2d8b3d81ae",
			"blockNumber": 5500456,
			"data": "0x000000000000000000000000000000000000000000000022399c07c3c1814000",
			"logIndex": 141,
			"topics": [
				"0xddf252ad1be2c89b69c2b068fc378daa952ba7f163c4a11628f55a4df523b3ef",
				"0x000000000000000000000000468b858c964f297fd8fce058032bf4b4911a8ad8",
				"0x000000000000000000000000db97f4e56768e53d90e877bd588579fad42cc61b"
			],
			"transactionHash": "0x0a04d39661ea9e8da692202cd0fa106b0d37adc45a019871c116592a474e4910",
			"transactionIndex": 78,
			"transactionLogIndex": "0x0",
			"type": "mined",
			"id": "log_3e536855"
		}
	],
	"logsBloom": "0x00000000000000000000000000020000000000000000000000000000000000000000000000000000000000000000000000000000000000000000000000000000000000000000010000000008000000000000000000000000000000000020080000000000040000000000000000000000000000000000000000000010000000000000000000000000000000000000000000000000000000000000000000000000000000000000000082000000000000000000000000000000000000010000000000001002000000000000000000000000000000000000000000000000000000000000000000000000000000000000000000000000000000000000000000000000",
	"root": null,
	"status": "0x1",
	"transactionHash": "0x0a04d39661ea9e8da692202cd0fa106b0d37adc45a019871c116592a474e4910",
	"transactionIndex": 78
}
[2018-04-25T02:03:53.506] [DEBUG] trans - TO:   0x7e144ce9c2fcec387d13d40953fa67bac0996a9a
[2018-04-25T02:03:53.507] [DEBUG] trans - AMOUNT:   630857200000000000000
[2018-04-25T02:03:53.507] [DEBUG] trans - Receipt info:  {
	"blockHash": "0xb9e7b88c15fc81e4a074c3eb740a6af49f6d5918459cac524b3eee2d8b3d81ae",
	"blockNumber": 5500456,
	"contractAddress": null,
	"cumulativeGasUsed": 7237851,
	"gasUsed": 51525,
	"logs": [
		{
			"address": "0x7e9e431a0B8c4D532C745B1043c7FA29a48D4fBa",
			"blockHash": "0xb9e7b88c15fc81e4a074c3eb740a6af49f6d5918459cac524b3eee2d8b3d81ae",
			"blockNumber": 5500456,
			"data": "0x00000000000000000000000000000000000000000000002232e700f9ad8f0000",
			"logIndex": 153,
			"topics": [
				"0xddf252ad1be2c89b69c2b068fc378daa952ba7f163c4a11628f55a4df523b3ef",
				"0x000000000000000000000000468b858c964f297fd8fce058032bf4b4911a8ad8",
				"0x0000000000000000000000007e144ce9c2fcec387d13d40953fa67bac0996a9a"
			],
			"transactionHash": "0x908f6b966071febb0d0457a5ad6cfd1b219f45997ab1cf5d154bf1051ec891aa",
			"transactionIndex": 100,
			"transactionLogIndex": "0x0",
			"type": "mined",
			"id": "log_3f787602"
		}
	],
	"logsBloom": "0x00000000000000000000000000020000000000000000000000000000000000000000000000000000000000000000000000000000000000000000000000000000000000000000010000000008000000000000000020000000000000000020000000000000000000000000000000000000000000000000000000000010000000000000000000000000000000000000000000000000000000000000008000000000000000000000000080400000000000000000000000000000000000010000000000001002000000000000000000000000000000000000000000000000000000000000000000000000000000000000000000000000000000000000000000000000",
	"root": null,
	"status": "0x1",
	"transactionHash": "0x908f6b966071febb0d0457a5ad6cfd1b219f45997ab1cf5d154bf1051ec891aa",
	"transactionIndex": 100
}
[2018-04-25T02:03:53.507] [DEBUG] trans - TO:   0x166080f865f2f4d87f5ae759cbdad6d414a5750b
[2018-04-25T02:03:53.507] [DEBUG] trans - AMOUNT:   630833800000000000000
[2018-04-25T02:03:53.507] [DEBUG] trans - Receipt info:  {
	"blockHash": "0xb9e7b88c15fc81e4a074c3eb740a6af49f6d5918459cac524b3eee2d8b3d81ae",
	"blockNumber": 5500456,
	"contractAddress": null,
	"cumulativeGasUsed": 7310504,
	"gasUsed": 51653,
	"logs": [
		{
			"address": "0x7e9e431a0B8c4D532C745B1043c7FA29a48D4fBa",
			"blockHash": "0xb9e7b88c15fc81e4a074c3eb740a6af49f6d5918459cac524b3eee2d8b3d81ae",
			"blockNumber": 5500456,
			"data": "0x0000000000000000000000000000000000000000000000223293decc9dd08000",
			"logIndex": 154,
			"topics": [
				"0xddf252ad1be2c89b69c2b068fc378daa952ba7f163c4a11628f55a4df523b3ef",
				"0x000000000000000000000000468b858c964f297fd8fce058032bf4b4911a8ad8",
				"0x000000000000000000000000166080f865f2f4d87f5ae759cbdad6d414a5750b"
			],
			"transactionHash": "0xdf6e1694ed225c217ab7832d8ff0e402d6f7db684ebbb6334e2adf74eb4747b5",
			"transactionIndex": 102,
			"transactionLogIndex": "0x0",
			"type": "mined",
			"id": "log_afc8bedb"
		}
	],
	"logsBloom": "0x00000000000000000000000000020000000000000000000000000000000000000000000000000000000000000000000000000000000000000000000000000000000000000000010200000008000000000000000000000000000000000020000000800000000000000000000000000000000000000000000000000010000000000000000000000000000000000000000000000000000000000000000000000000000000000000000080000000000000000000000000000000000000010000000100001002000000000000000000000000000000000000000000000000000000000000000000000000000000000000000000000000000000000000000000000000",
	"root": null,
	"status": "0x1",
	"transactionHash": "0xdf6e1694ed225c217ab7832d8ff0e402d6f7db684ebbb6334e2adf74eb4747b5",
	"transactionIndex": 102
}
[2018-04-25T02:03:53.508] [DEBUG] trans - TO:   0xfe1d22c21dff77f80975e0ca55d535c5efe6c672
[2018-04-25T02:03:53.508] [DEBUG] trans - AMOUNT:   631250000000000000000
[2018-04-25T02:03:53.508] [DEBUG] trans - Receipt info:  {
	"blockHash": "0xb9e7b88c15fc81e4a074c3eb740a6af49f6d5918459cac524b3eee2d8b3d81ae",
	"blockNumber": 5500456,
	"contractAddress": null,
	"cumulativeGasUsed": 6770634,
	"gasUsed": 51589,
	"logs": [
		{
			"address": "0x7e9e431a0B8c4D532C745B1043c7FA29a48D4fBa",
			"blockHash": "0xb9e7b88c15fc81e4a074c3eb740a6af49f6d5918459cac524b3eee2d8b3d81ae",
			"blockNumber": 5500456,
			"data": "0x000000000000000000000000000000000000000000000022385a827e81550000",
			"logIndex": 146,
			"topics": [
				"0xddf252ad1be2c89b69c2b068fc378daa952ba7f163c4a11628f55a4df523b3ef",
				"0x000000000000000000000000468b858c964f297fd8fce058032bf4b4911a8ad8",
				"0x000000000000000000000000fe1d22c21dff77f80975e0ca55d535c5efe6c672"
			],
			"transactionHash": "0x7c55034cca03ca0fcf75b7e472c6e36a4488f1937cfdbb3554e047a599bc45d4",
			"transactionIndex": 88,
			"transactionLogIndex": "0x0",
			"type": "mined",
			"id": "log_b669d4df"
		}
	],
	"logsBloom": "0x00000000000000000000000000020000000000000000000000000000000000000000000000000000000000000000000000000000000000000000000000000000000000000000010000000008000000000000010000000000000000000020000000000000000000000000000000000000000000000000000000000010000000000000000000000000000000000000000000000000800000000000000000000000000000000000000080000000000000000000000000000000000000010000000000001002000000000000040000000000000000000000000000000000000000000000000000000000000000000000000000000000000000000000000000000000",
	"root": null,
	"status": "0x1",
	"transactionHash": "0x7c55034cca03ca0fcf75b7e472c6e36a4488f1937cfdbb3554e047a599bc45d4",
	"transactionIndex": 88
}
[2018-04-25T02:03:53.508] [DEBUG] trans - TO:   0xdcdc3ebb69d204b145d1589677e01f66db6bcf1f
[2018-04-25T02:03:53.508] [DEBUG] trans - AMOUNT:   630953500000000000000
[2018-04-25T02:03:53.508] [DEBUG] trans - Receipt info:  {
	"blockHash": "0xb9e7b88c15fc81e4a074c3eb740a6af49f6d5918459cac524b3eee2d8b3d81ae",
	"blockNumber": 5500456,
	"contractAddress": null,
	"cumulativeGasUsed": 7092801,
	"gasUsed": 51653,
	"logs": [
		{
			"address": "0x7e9e431a0B8c4D532C745B1043c7FA29a48D4fBa",
			"blockHash": "0xb9e7b88c15fc81e4a074c3eb740a6af49f6d5918459cac524b3eee2d8b3d81ae",
			"blockNumber": 5500456,
			"data": "0x000000000000000000000000000000000000000000000022343d2150a96dc000",
			"logIndex": 151,
			"topics": [
				"0xddf252ad1be2c89b69c2b068fc378daa952ba7f163c4a11628f55a4df523b3ef",
				"0x000000000000000000000000468b858c964f297fd8fce058032bf4b4911a8ad8",
				"0x000000000000000000000000dcdc3ebb69d204b145d1589677e01f66db6bcf1f"
			],
			"transactionHash": "0x04d1acaec2e827ccdb2f71a1e277bcfd8ebf1da6e1a0d24abd5f7435d4e2e72d",
			"transactionIndex": 96,
			"transactionLogIndex": "0x0",
			"type": "mined",
			"id": "log_766cbe03"
		}
	],
	"logsBloom": "0x00000000000000000000000000020000000000000000000000000000000000000000000000000000000000000000000000000000000000000000000000000000000000000040010000000008000000000000000000000000000000000020000000000000000000000000000000000000000000000000000000000010000000000000000000000000000000000000000000000000000000000040000000000000000000000000000080000000000000000000000000000000000000010000000000001002000000000000000000000000000000000000000000000000000000000000000000000000000000000100000000000000000000000000000000000000",
	"root": null,
	"status": "0x1",
	"transactionHash": "0x04d1acaec2e827ccdb2f71a1e277bcfd8ebf1da6e1a0d24abd5f7435d4e2e72d",
	"transactionIndex": 96
}
[2018-04-25T02:03:53.510] [DEBUG] trans - TO:   0x129c09a2b34c50c5f787aa00a0cb8c280952af94
[2018-04-25T02:03:53.510] [DEBUG] trans - AMOUNT:   630696400000000000000
[2018-04-25T02:03:53.510] [DEBUG] trans - Receipt info:  {
	"blockHash": "0xb9e7b88c15fc81e4a074c3eb740a6af49f6d5918459cac524b3eee2d8b3d81ae",
	"blockNumber": 5500456,
	"contractAddress": null,
	"cumulativeGasUsed": 7559087,
	"gasUsed": 51525,
	"logs": [
		{
			"address": "0x7e9e431a0B8c4D532C745B1043c7FA29a48D4fBa",
			"blockHash": "0xb9e7b88c15fc81e4a074c3eb740a6af49f6d5918459cac524b3eee2d8b3d81ae",
			"blockNumber": 5500456,
			"data": "0x00000000000000000000000000000000000000000000002230abba3a2dad0000",
			"logIndex": 158,
			"topics": [
				"0xddf252ad1be2c89b69c2b068fc378daa952ba7f163c4a11628f55a4df523b3ef",
				"0x000000000000000000000000468b858c964f297fd8fce058032bf4b4911a8ad8",
				"0x000000000000000000000000129c09a2b34c50c5f787aa00a0cb8c280952af94"
			],
			"transactionHash": "0x43ff581909b121191ec643da21cd4dbb7c3c76bc946f8ea883c9bef259df405a",
			"transactionIndex": 108,
			"transactionLogIndex": "0x0",
			"type": "mined",
			"id": "log_d322cbd7"
		}
	],
	"logsBloom": "0x00000000000000000000000000020000000000000000000400000000000000000000000000000000000000000000000000000000000000000000000000000000000000000000010000000008000000000000000000000000000000000020000000000000000000000000000000000000000000000000000000000010000000000000000000000000000000000000000000000000000000000000000000000000000000000000000080000040000000800000000000000000000000010000000000001002000000000000000000000000000000000000000000000000000000000000000000000000000000000000000000000000000000000000000000000000",
	"root": null,
	"status": "0x1",
	"transactionHash": "0x43ff581909b121191ec643da21cd4dbb7c3c76bc946f8ea883c9bef259df405a",
	"transactionIndex": 108
}
[2018-04-25T02:03:53.510] [DEBUG] trans - TO:   0x3d3d1f72ef0b90df72b1eeda77c74c72e07c0065
[2018-04-25T02:03:53.510] [DEBUG] trans - AMOUNT:   630868800000000000000
[2018-04-25T02:03:53.510] [DEBUG] trans - Receipt info:  {
	"blockHash": "0xb9e7b88c15fc81e4a074c3eb740a6af49f6d5918459cac524b3eee2d8b3d81ae",
	"blockNumber": 5500456,
	"contractAddress": null,
	"cumulativeGasUsed": 7165326,
	"gasUsed": 51525,
	"logs": [
		{
			"address": "0x7e9e431a0B8c4D532C745B1043c7FA29a48D4fBa",
			"blockHash": "0xb9e7b88c15fc81e4a074c3eb740a6af49f6d5918459cac524b3eee2d8b3d81ae",
			"blockNumber": 5500456,
			"data": "0x0000000000000000000000000000000000000000000000223310371d24f40000",
			"logIndex": 152,
			"topics": [
				"0xddf252ad1be2c89b69c2b068fc378daa952ba7f163c4a11628f55a4df523b3ef",
				"0x000000000000000000000000468b858c964f297fd8fce058032bf4b4911a8ad8",
				"0x0000000000000000000000003d3d1f72ef0b90df72b1eeda77c74c72e07c0065"
			],
			"transactionHash": "0x6bdada51834f78b9d5102c3b1802f7b882316c53a63cd00914eef74ad682dfe9",
			"transactionIndex": 98,
			"transactionLogIndex": "0x0",
			"type": "mined",
			"id": "log_d65019c0"
		}
	],
	"logsBloom": "0x00000000000000000000000000020000000000000000000000000000000000000000000000000000000000000000000000000200000000000000000000000000000000000000010000000008000000000000000000000000000000000020000000000000000000000000000000000000020000000000000000000030000000000000000000000000000000000000000000000000000000000000000000000000000000000000000080000000000000000000000000000000000000010000000000001002000000000000000000000000000000000000000000000000000000000000000000000000000000000000000000000000000000000000000000000000",
	"root": null,
	"status": "0x1",
	"transactionHash": "0x6bdada51834f78b9d5102c3b1802f7b882316c53a63cd00914eef74ad682dfe9",
	"transactionIndex": 98
}
[2018-04-25T02:03:53.510] [DEBUG] trans - TO:   0xb5abc67f11f05aa4720fe02b2717caaeeb33eedf
[2018-04-25T02:03:53.510] [DEBUG] trans - AMOUNT:   630752700000000000000
[2018-04-25T02:03:53.511] [DEBUG] trans - Receipt info:  {
	"blockHash": "0xb9e7b88c15fc81e4a074c3eb740a6af49f6d5918459cac524b3eee2d8b3d81ae",
	"blockNumber": 5500456,
	"contractAddress": null,
	"cumulativeGasUsed": 7486562,
	"gasUsed": 51653,
	"logs": [
		{
			"address": "0x7e9e431a0B8c4D532C745B1043c7FA29a48D4fBa",
			"blockHash": "0xb9e7b88c15fc81e4a074c3eb740a6af49f6d5918459cac524b3eee2d8b3d81ae",
			"blockNumber": 5500456,
			"data": "0x0000000000000000000000000000000000000000000000223173bec76a87c000",
			"logIndex": 157,
			"topics": [
				"0xddf252ad1be2c89b69c2b068fc378daa952ba7f163c4a11628f55a4df523b3ef",
				"0x000000000000000000000000468b858c964f297fd8fce058032bf4b4911a8ad8",
				"0x000000000000000000000000b5abc67f11f05aa4720fe02b2717caaeeb33eedf"
			],
			"transactionHash": "0xa21a7f3876f15bd80f89d6d80e9d49159adcc457d617d4ccd20fe6fce55575be",
			"transactionIndex": 106,
			"transactionLogIndex": "0x0",
			"type": "mined",
			"id": "log_e727df5c"
		}
	],
	"logsBloom": "0x00000000000000000000000000020000000000000000000000000000000000000000000000000000000000000000000000000000000000000000000000000000000000000000010000000008200000000000000000000000000000000020000000000000000000000000000000000000000000000000000000000010000000000000000000000000000000000000000000000000004000000000000000000000000000000000000080000000000000000000000000000000000000010000004000001002000000000000000000000000000000000000000000000000000000000000000000000000000000000000000000000000000000000000000000000000",
	"root": null,
	"status": "0x1",
	"transactionHash": "0xa21a7f3876f15bd80f89d6d80e9d49159adcc457d617d4ccd20fe6fce55575be",
	"transactionIndex": 106
}
[2018-04-25T02:03:53.511] [DEBUG] trans - TO:   0x7b497c2d5189fd4611ebe2e2c5ce389b3449f5fd
[2018-04-25T02:03:53.511] [DEBUG] trans - AMOUNT:   630970200000000000000
[2018-04-25T02:03:53.511] [DEBUG] trans - Receipt info:  {
	"blockHash": "0xb9e7b88c15fc81e4a074c3eb740a6af49f6d5918459cac524b3eee2d8b3d81ae",
	"blockNumber": 5500456,
	"contractAddress": null,
	"cumulativeGasUsed": 6988593,
	"gasUsed": 51653,
	"logs": [
		{
			"address": "0x7e9e431a0B8c4D532C745B1043c7FA29a48D4fBa",
			"blockHash": "0xb9e7b88c15fc81e4a074c3eb740a6af49f6d5918459cac524b3eee2d8b3d81ae",
			"blockNumber": 5500456,
			"data": "0x000000000000000000000000000000000000000000000022347875e0692d8000",
			"logIndex": 149,
			"topics": [
				"0xddf252ad1be2c89b69c2b068fc378daa952ba7f163c4a11628f55a4df523b3ef",
				"0x000000000000000000000000468b858c964f297fd8fce058032bf4b4911a8ad8",
				"0x0000000000000000000000007b497c2d5189fd4611ebe2e2c5ce389b3449f5fd"
			],
			"transactionHash": "0x1190afc7fc6c68e2e9f459816590c3e9b3b64c75ab201d342c30ff6eba41fd88",
			"transactionIndex": 94,
			"transactionLogIndex": "0x0",
			"type": "mined",
			"id": "log_48285947"
		}
	],
	"logsBloom": "0x00000000000000000000000000020000000000000000000000000000000000000000000000000000000000000000000000000000000000000000000000000000000000000000010000000008000000000000000000000000000000000020000000000000000000000000000000000000000000000000000000000010000000000000000000000000000000000000000000000000000000000000000000000000000000000000000080000000000000000000000000000000000000010000000000001002000000000000000000000000000000000000000000000000000004000000000000000000000000000000000000000000000002004000000000000000",
	"root": null,
	"status": "0x1",
	"transactionHash": "0x1190afc7fc6c68e2e9f459816590c3e9b3b64c75ab201d342c30ff6eba41fd88",
	"transactionIndex": 94
}
[2018-04-25T02:03:53.511] [DEBUG] trans - TO:   0x4471e1e919860df9189ce9d6827e955fd1d3b8d9
[2018-04-25T02:03:53.511] [DEBUG] trans - AMOUNT:   630810400000000000000
[2018-04-25T02:03:53.511] [DEBUG] trans - Receipt info:  {
	"blockHash": "0xb9e7b88c15fc81e4a074c3eb740a6af49f6d5918459cac524b3eee2d8b3d81ae",
	"blockNumber": 5500456,
	"contractAddress": null,
	"cumulativeGasUsed": 7383093,
	"gasUsed": 51589,
	"logs": [
		{
			"address": "0x7e9e431a0B8c4D532C745B1043c7FA29a48D4fBa",
			"blockHash": "0xb9e7b88c15fc81e4a074c3eb740a6af49f6d5918459cac524b3eee2d8b3d81ae",
			"blockNumber": 5500456,
			"data": "0x0000000000000000000000000000000000000000000000223240bc9f8e120000",
			"logIndex": 155,
			"topics": [
				"0xddf252ad1be2c89b69c2b068fc378daa952ba7f163c4a11628f55a4df523b3ef",
				"0x000000000000000000000000468b858c964f297fd8fce058032bf4b4911a8ad8",
				"0x0000000000000000000000004471e1e919860df9189ce9d6827e955fd1d3b8d9"
			],
			"transactionHash": "0xde73cacefad53f9a387612b9f1b9b1752354c1adb5b765c8a23f7419e5821a59",
			"transactionIndex": 104,
			"transactionLogIndex": "0x0",
			"type": "mined",
			"id": "log_a32f5305"
		}
	],
	"logsBloom": "0x00000000000000000000000000020000000000000000000000000000000000000000000000100000000000000000000000000000000000000000000000000000000000000000011000000008000000000000000000000000000000000020000000000000000000000000000000000000000000000000000000000010000000000000000000000000000000000000000000000000000000000000000000000000000000000000000080000000000000000000000000000000000000010000000000001002000000000000000000000000000000000000000000000000000000000000000000000000000000000010000000000000000000000000000000000000",
	"root": null,
	"status": "0x1",
	"transactionHash": "0xde73cacefad53f9a387612b9f1b9b1752354c1adb5b765c8a23f7419e5821a59",
	"transactionIndex": 104
}
[2018-04-25T02:03:53.513] [DEBUG] trans - TO:   0x84f5374d7f1660a4e560aab3087731b79db2e4b5
[2018-04-25T02:03:53.513] [DEBUG] trans - AMOUNT:   630500000000000000000
[2018-04-25T02:03:53.513] [DEBUG] trans - Receipt info:  {
	"blockHash": "0xb9e7b88c15fc81e4a074c3eb740a6af49f6d5918459cac524b3eee2d8b3d81ae",
	"blockNumber": 5500456,
	"contractAddress": null,
	"cumulativeGasUsed": 7786635,
	"gasUsed": 51589,
	"logs": [
		{
			"address": "0x7e9e431a0B8c4D532C745B1043c7FA29a48D4fBa",
			"blockHash": "0xb9e7b88c15fc81e4a074c3eb740a6af49f6d5918459cac524b3eee2d8b3d81ae",
			"blockNumber": 5500456,
			"data": "0x0000000000000000000000000000000000000000000000222df1f977c3ca0000",
			"logIndex": 162,
			"topics": [
				"0xddf252ad1be2c89b69c2b068fc378daa952ba7f163c4a11628f55a4df523b3ef",
				"0x000000000000000000000000468b858c964f297fd8fce058032bf4b4911a8ad8",
				"0x00000000000000000000000084f5374d7f1660a4e560aab3087731b79db2e4b5"
			],
			"transactionHash": "0xd975d7e4d882d5fb75e47c8c9825c61f4bc60561266f8beef9a177fd1a2cbf79",
			"transactionIndex": 113,
			"transactionLogIndex": "0x0",
			"type": "mined",
			"id": "log_29c443df"
		}
	],
	"logsBloom": "0x00000000000000000000000000020000000000000000000000000000000000000000000000000000000000000000000000000000000000000000000002000000000000000000010000000008000000000000000000000000000000000020000000000000000000000000000000000000000000000000000000000010000000000000000000000000000000000000000000000000000000000000000000000000000000000000000080000000000000000000000000000000000000010000000000001002000000000000000000000000000000000000000000000000000000000008000000000000000000000000000000000000000000000000000000000000",
	"root": null,
	"status": "0x1",
	"transactionHash": "0xd975d7e4d882d5fb75e47c8c9825c61f4bc60561266f8beef9a177fd1a2cbf79",
	"transactionIndex": 113
}
[2018-04-25T02:03:53.513] [DEBUG] trans - TO:   0x66620d7295fa438b070fb88f25ace05d2e925bf0
[2018-04-25T02:03:53.513] [DEBUG] trans - AMOUNT:   630617800000000000000
[2018-04-25T02:03:53.513] [DEBUG] trans - Receipt info:  {
	"blockHash": "0xb9e7b88c15fc81e4a074c3eb740a6af49f6d5918459cac524b3eee2d8b3d81ae",
	"blockNumber": 5500456,
	"contractAddress": null,
	"cumulativeGasUsed": 7683393,
	"gasUsed": 51653,
	"logs": [
		{
			"address": "0x7e9e431a0B8c4D532C745B1043c7FA29a48D4fBa",
			"blockHash": "0xb9e7b88c15fc81e4a074c3eb740a6af49f6d5918459cac524b3eee2d8b3d81ae",
			"blockNumber": 5500456,
			"data": "0x0000000000000000000000000000000000000000000000222f947bf196548000",
			"logIndex": 160,
			"topics": [
				"0xddf252ad1be2c89b69c2b068fc378daa952ba7f163c4a11628f55a4df523b3ef",
				"0x000000000000000000000000468b858c964f297fd8fce058032bf4b4911a8ad8",
				"0x00000000000000000000000066620d7295fa438b070fb88f25ace05d2e925bf0"
			],
			"transactionHash": "0xb39d1e2efdefaefa9acfe9f66fc1200997d4510cab5c6e4e8cc5a3178a4d4402",
			"transactionIndex": 111,
			"transactionLogIndex": "0x0",
			"type": "mined",
			"id": "log_ef0623b2"
		}
	],
	"logsBloom": "0x00000000000000000000000000020000000000000000000000000000000000000000000000000000000000000000000000000000000000000000000000000000000000000000010000000008000000000000000000000000000000000020000000000000000000000000000000000000000020000000000000004010000000000000000000000000000000000000000000000000000000000000000000000000000000000000000080000000000000000000000000800000000000010000000000001002000000000000000000000000000000000000000000000000000000000000000000000000000000000000000000000000000000000000000000000000",
	"root": null,
	"status": "0x1",
	"transactionHash": "0xb39d1e2efdefaefa9acfe9f66fc1200997d4510cab5c6e4e8cc5a3178a4d4402",
	"transactionIndex": 111
}
[2018-04-25T02:03:53.514] [DEBUG] trans - TO:   0x8d4c7b2e68719184d88f042f4542d08d3a5317c9
[2018-04-25T02:03:53.514] [DEBUG] trans - AMOUNT:   630467500000000000000
[2018-04-25T02:03:53.514] [DEBUG] trans - Receipt info:  {
	"blockHash": "0xb9e7b88c15fc81e4a074c3eb740a6af49f6d5918459cac524b3eee2d8b3d81ae",
	"blockNumber": 5500456,
	"contractAddress": null,
	"cumulativeGasUsed": 7889941,
	"gasUsed": 51653,
	"logs": [
		{
			"address": "0x7e9e431a0B8c4D532C745B1043c7FA29a48D4fBa",
			"blockHash": "0xb9e7b88c15fc81e4a074c3eb740a6af49f6d5918459cac524b3eee2d8b3d81ae",
			"blockNumber": 5500456,
			"data": "0x0000000000000000000000000000000000000000000000222d7e82e3d896c000",
			"logIndex": 164,
			"topics": [
				"0xddf252ad1be2c89b69c2b068fc378daa952ba7f163c4a11628f55a4df523b3ef",
				"0x000000000000000000000000468b858c964f297fd8fce058032bf4b4911a8ad8",
				"0x0000000000000000000000008d4c7b2e68719184d88f042f4542d08d3a5317c9"
			],
			"transactionHash": "0xc1f9f1d2eb9df1c37189ddfd7f77f01707492ef16421f28695a6cd8a16b0405e",
			"transactionIndex": 115,
			"transactionLogIndex": "0x0",
			"type": "mined",
			"id": "log_d4c297a2"
		}
	],
	"logsBloom": "0x00000000000000000000000000020000000000000000000000000000000000000000000000000000000000000000000000000000000000000000040000000000000000000000010000000008000000000000000000000000000000000020080000000000000000000000000000000000000000000000000000000010000000000000000000000000000000000000000000000000000000000000000000000000000000000000000080000000000000000000100000000000000000010000000000001002000000000000000000000000000000000000000000000000000000000000000000000000000000000000000000000000000000000000000000000000",
	"root": null,
	"status": "0x1",
	"transactionHash": "0xc1f9f1d2eb9df1c37189ddfd7f77f01707492ef16421f28695a6cd8a16b0405e",
	"transactionIndex": 115
}
[2018-04-25T02:03:53.515] [DEBUG] trans - TO:   0x979e391eb86462bd8922719438fc5b561e01328a
[2018-04-25T02:03:53.515] [DEBUG] trans - AMOUNT:   630560200000000000000
[2018-04-25T02:03:53.515] [DEBUG] trans - Receipt info:  {
	"blockHash": "0xb9e7b88c15fc81e4a074c3eb740a6af49f6d5918459cac524b3eee2d8b3d81ae",
	"blockNumber": 5500456,
	"contractAddress": null,
	"cumulativeGasUsed": 7735046,
	"gasUsed": 51653,
	"logs": [
		{
			"address": "0x7e9e431a0B8c4D532C745B1043c7FA29a48D4fBa",
			"blockHash": "0xb9e7b88c15fc81e4a074c3eb740a6af49f6d5918459cac524b3eee2d8b3d81ae",
			"blockNumber": 5500456,
			"data": "0x0000000000000000000000000000000000000000000000222ec7d90c83448000",
			"logIndex": 161,
			"topics": [
				"0xddf252ad1be2c89b69c2b068fc378daa952ba7f163c4a11628f55a4df523b3ef",
				"0x000000000000000000000000468b858c964f297fd8fce058032bf4b4911a8ad8",
				"0x000000000000000000000000979e391eb86462bd8922719438fc5b561e01328a"
			],
			"transactionHash": "0x3ed093de944108eca5bf9478e5730bce6a923c5aad594ddafbaefbe567ef5e9c",
			"transactionIndex": 112,
			"transactionLogIndex": "0x0",
			"type": "mined",
			"id": "log_68372ed6"
		}
	],
	"logsBloom": "0x00000000000000000000000000060000000000000000000000000000000000000000000000000000000000000000000000000000000000000000000000000000000000000000010000000008000000000000000000000010000000000020000000000000000000000000000000000000000000000000000000000010000000000000000000000000000000000000000000000000000000000000000000000000000000000000000080000000000000000000000000000000000000010000004000001002000000000000000000000000000000000000000000000000000000000000000000000000000000000000000000000000000000000000000000000000",
	"root": null,
	"status": "0x1",
	"transactionHash": "0x3ed093de944108eca5bf9478e5730bce6a923c5aad594ddafbaefbe567ef5e9c",
	"transactionIndex": 112
}
[2018-04-25T02:03:53.515] [DEBUG] trans - TO:   0x5620520a0d3c1f198db095ac115ee37aa782617c
[2018-04-25T02:03:53.515] [DEBUG] trans - AMOUNT:   630471500000000000000
[2018-04-25T02:03:53.515] [DEBUG] trans - Receipt info:  {
	"blockHash": "0xb9e7b88c15fc81e4a074c3eb740a6af49f6d5918459cac524b3eee2d8b3d81ae",
	"blockNumber": 5500456,
	"contractAddress": null,
	"cumulativeGasUsed": 7838288,
	"gasUsed": 51653,
	"logs": [
		{
			"address": "0x7e9e431a0B8c4D532C745B1043c7FA29a48D4fBa",
			"blockHash": "0xb9e7b88c15fc81e4a074c3eb740a6af49f6d5918459cac524b3eee2d8b3d81ae",
			"blockNumber": 5500456,
			"data": "0x0000000000000000000000000000000000000000000000222d8cb8de6bb0c000",
			"logIndex": 163,
			"topics": [
				"0xddf252ad1be2c89b69c2b068fc378daa952ba7f163c4a11628f55a4df523b3ef",
				"0x000000000000000000000000468b858c964f297fd8fce058032bf4b4911a8ad8",
				"0x0000000000000000000000005620520a0d3c1f198db095ac115ee37aa782617c"
			],
			"transactionHash": "0x16c6428207bcdbb561dcc13d1d523068ac7b710ab736a8fad77d4432bf8bb912",
			"transactionIndex": 114,
			"transactionLogIndex": "0x0",
			"type": "mined",
			"id": "log_0f4dc4d2"
		}
	],
	"logsBloom": "0x00000000000000000000000000020000000000000000000000000000000000000000000001000000000000000000000010000000000000000000000000000000000000000000010000000008000000000000000000000000000000000020000000000000000000000000000000000000000000000000000000000010000000000000000000000000000000000000000000000000000000000000000200000000000000000000000080000000000000000000000000000000000000010000000000001002000000000000000000000000000000000000000000000000000000000000000000000000000000000000000000000000000000000000000000000000",
	"root": null,
	"status": "0x1",
	"transactionHash": "0x16c6428207bcdbb561dcc13d1d523068ac7b710ab736a8fad77d4432bf8bb912",
	"transactionIndex": 114
}
[2018-04-25T02:03:53.518] [DEBUG] trans - TO:   0xe2a73a544121e3041c6ed052f83e9c4c0f39e65f
[2018-04-25T02:03:53.518] [DEBUG] trans - AMOUNT:   630674700000000000000
[2018-04-25T02:03:53.518] [DEBUG] trans - Receipt info:  {
	"blockHash": "0xb9e7b88c15fc81e4a074c3eb740a6af49f6d5918459cac524b3eee2d8b3d81ae",
	"blockNumber": 5500456,
	"contractAddress": null,
	"cumulativeGasUsed": 7631740,
	"gasUsed": 51653,
	"logs": [
		{
			"address": "0x7e9e431a0B8c4D532C745B1043c7FA29a48D4fBa",
			"blockHash": "0xb9e7b88c15fc81e4a074c3eb740a6af49f6d5918459cac524b3eee2d8b3d81ae",
			"blockNumber": 5500456,
			"data": "0x000000000000000000000000000000000000000000000022305ea231360cc000",
			"logIndex": 159,
			"topics": [
				"0xddf252ad1be2c89b69c2b068fc378daa952ba7f163c4a11628f55a4df523b3ef",
				"0x000000000000000000000000468b858c964f297fd8fce058032bf4b4911a8ad8",
				"0x000000000000000000000000e2a73a544121e3041c6ed052f83e9c4c0f39e65f"
			],
			"transactionHash": "0xc58d08ccea1b89585469475cc7960d04981f8467bea984a737e0545e7f3234fd",
			"transactionIndex": 110,
			"transactionLogIndex": "0x0",
			"type": "mined",
			"id": "log_fa4cd6b2"
		}
	],
	"logsBloom": "0x00000000000000000000000000020000000000000000000000000000000000000000000000000000000000000000000000000000000000000000000000000000000000000000010000000008000000000000000000000000000000000020000000000000000000000000000000000000000000000000000000000010000000000000000000000000000000000000000000000000000000000000000000000000000000000080000080000000000000000000000020000000000000010000000000001002000000000000000000000000000000000000000000000000000000000000000000000000000000000000000000000000200000000000000000000000",
	"root": null,
	"status": "0x1",
	"transactionHash": "0xc58d08ccea1b89585469475cc7960d04981f8467bea984a737e0545e7f3234fd",
	"transactionIndex": 110
}
[2018-04-25T02:04:09.518] [DEBUG] trans - TO:   0x74b3153cc0d2f28a04d4b35def0fa3184b35967d
[2018-04-25T02:04:09.518] [DEBUG] trans - AMOUNT:   630461500000000000000
[2018-04-25T02:04:09.518] [DEBUG] trans - Receipt info:  {
	"blockHash": "0x4e26f0bc8be6cd9f04c34bacbca2ec18652f44034ef1df108a13f4ade6f3dff0",
	"blockNumber": 5500458,
	"contractAddress": null,
	"cumulativeGasUsed": 899825,
	"gasUsed": 51653,
	"logs": [
		{
			"address": "0x7e9e431a0B8c4D532C745B1043c7FA29a48D4fBa",
			"blockHash": "0x4e26f0bc8be6cd9f04c34bacbca2ec18652f44034ef1df108a13f4ade6f3dff0",
			"blockNumber": 5500458,
			"data": "0x0000000000000000000000000000000000000000000000222d6931ebfbefc000",
			"logIndex": 14,
			"topics": [
				"0xddf252ad1be2c89b69c2b068fc378daa952ba7f163c4a11628f55a4df523b3ef",
				"0x000000000000000000000000468b858c964f297fd8fce058032bf4b4911a8ad8",
				"0x00000000000000000000000074b3153cc0d2f28a04d4b35def0fa3184b35967d"
			],
			"transactionHash": "0xcd39fb03e70ff8aeda793422911838f52f98adfb92f56aef4b90fb2badeb2d5b",
			"transactionIndex": 27,
			"transactionLogIndex": "0x0",
			"type": "mined",
			"id": "log_6d0d648c"
		}
	],
	"logsBloom": "0x00000000000000000000000000020000000000000000000000000000000000000000000000000000000000000000000020000000000000000000000000000000000000000000010200000008000000000000000000000000000000000020000000000000000000000000000000100000000000000000000000000010000000000000000000000000000000000000000000000000000000000000000000000000000000000000000080000000000000000000000000000000000000010000000000001002000000000000000000000000000000000000000000000000000000000000000000000000000000000000000000000000000000000000000000000000",
	"root": null,
	"status": "0x1",
	"transactionHash": "0xcd39fb03e70ff8aeda793422911838f52f98adfb92f56aef4b90fb2badeb2d5b",
	"transactionIndex": 27
}
[2018-04-25T02:04:09.519] [DEBUG] trans - TO:   0xb7544a7ec4b5258d5cf9775048c363478d9915aa
[2018-04-25T02:04:09.519] [DEBUG] trans - AMOUNT:   630454400000000000000
[2018-04-25T02:04:09.519] [DEBUG] trans - Receipt info:  {
	"blockHash": "0x4e26f0bc8be6cd9f04c34bacbca2ec18652f44034ef1df108a13f4ade6f3dff0",
	"blockNumber": 5500458,
	"contractAddress": null,
	"cumulativeGasUsed": 2449913,
	"gasUsed": 51589,
	"logs": [
		{
			"address": "0x7e9e431a0B8c4D532C745B1043c7FA29a48D4fBa",
			"blockHash": "0x4e26f0bc8be6cd9f04c34bacbca2ec18652f44034ef1df108a13f4ade6f3dff0",
			"blockNumber": 5500458,
			"data": "0x0000000000000000000000000000000000000000000000222d4ff8826a080000",
			"logIndex": 33,
			"topics": [
				"0xddf252ad1be2c89b69c2b068fc378daa952ba7f163c4a11628f55a4df523b3ef",
				"0x000000000000000000000000468b858c964f297fd8fce058032bf4b4911a8ad8",
				"0x000000000000000000000000b7544a7ec4b5258d5cf9775048c363478d9915aa"
			],
			"transactionHash": "0xa8b17ecf5a27c00795317bc73b0a67e6a18591bfd9bee7fcb46cdc2a76abb422",
			"transactionIndex": 65,
			"transactionLogIndex": "0x0",
			"type": "mined",
			"id": "log_4128145d"
		}
	],
	"logsBloom": "0x00000000000000000000000000020000000000000000000000000000000000000000000000000000000000000000000000000000000000000000000000000000200000000000010000000008000000000000000000000000000000000020000000000000000000000000000000000000000000000000000000000010000000000000000000000000000000000000000000000000000000000000000000000000000000000000000080000000000000000000000000000000000000010000000200001002000000000000000400000000000000000000000000000000000000000000000000000000000000000000000000000000000000000000000000000000",
	"root": null,
	"status": "0x1",
	"transactionHash": "0xa8b17ecf5a27c00795317bc73b0a67e6a18591bfd9bee7fcb46cdc2a76abb422",
	"transactionIndex": 65
}
[2018-04-25T02:04:09.520] [DEBUG] trans - TO:   0x2e689328da4db6530bf720c9187d6838d7e21d93
[2018-04-25T02:04:09.520] [DEBUG] trans - AMOUNT:   630382900000000000000
[2018-04-25T02:04:09.520] [DEBUG] trans - Receipt info:  {
	"blockHash": "0x4e26f0bc8be6cd9f04c34bacbca2ec18652f44034ef1df108a13f4ade6f3dff0",
	"blockNumber": 5500458,
	"contractAddress": null,
	"cumulativeGasUsed": 3535661,
	"gasUsed": 51653,
	"logs": [
		{
			"address": "0x7e9e431a0B8c4D532C745B1043c7FA29a48D4fBa",
			"blockHash": "0x4e26f0bc8be6cd9f04c34bacbca2ec18652f44034ef1df108a13f4ade6f3dff0",
			"blockNumber": 5500458,
			"data": "0x0000000000000000000000000000000000000000000000222c51f3a364974000",
			"logIndex": 55,
			"topics": [
				"0xddf252ad1be2c89b69c2b068fc378daa952ba7f163c4a11628f55a4df523b3ef",
				"0x000000000000000000000000468b858c964f297fd8fce058032bf4b4911a8ad8",
				"0x0000000000000000000000002e689328da4db6530bf720c9187d6838d7e21d93"
			],
			"transactionHash": "0x4e08706601d2c545427b4a28e8c6dbf70dd81895e2ee265a8634f7b315e0b8f1",
			"transactionIndex": 75,
			"transactionLogIndex": "0x0",
			"type": "mined",
			"id": "log_c040ce24"
		}
	],
	"logsBloom": "0x00000000000000000000000000020000000000000000000000000000000000000000000000000000000000000000000000000000000000000000000000000000000000000000010000000008000000001000000000000000000000000020000000000000000000000000000000000000000000000000000000000010000000000000000000000000000000000000000000000000000000000000000000000000000000000000000080000000000000000000000000000000000000010000000000001002000000000000000000000000000000000000000000000000000000000000000000000000000000000000000000000000008000000000000000080000",
	"root": null,
	"status": "0x1",
	"transactionHash": "0x4e08706601d2c545427b4a28e8c6dbf70dd81895e2ee265a8634f7b315e0b8f1",
	"transactionIndex": 75
}
[2018-04-25T02:04:09.520] [DEBUG] trans - TO:   0x9e016380d8d042121119e1b63ad7834c9a2662e4
[2018-04-25T02:04:09.520] [DEBUG] trans - AMOUNT:   630134400000000000000
[2018-04-25T02:04:09.520] [DEBUG] trans - Receipt info:  {
	"blockHash": "0x4e26f0bc8be6cd9f04c34bacbca2ec18652f44034ef1df108a13f4ade6f3dff0",
	"blockNumber": 5500458,
	"contractAddress": null,
	"cumulativeGasUsed": 5114701,
	"gasUsed": 51589,
	"logs": [
		{
			"address": "0x7e9e431a0B8c4D532C745B1043c7FA29a48D4fBa",
			"blockHash": "0x4e26f0bc8be6cd9f04c34bacbca2ec18652f44034ef1df108a13f4ade6f3dff0",
			"blockNumber": 5500458,
			"data": "0x00000000000000000000000000000000000000000000002228df1a3471e80000",
			"logIndex": 66,
			"topics": [
				"0xddf252ad1be2c89b69c2b068fc378daa952ba7f163c4a11628f55a4df523b3ef",
				"0x000000000000000000000000468b858c964f297fd8fce058032bf4b4911a8ad8",
				"0x0000000000000000000000009e016380d8d042121119e1b63ad7834c9a2662e4"
			],
			"transactionHash": "0xc79c3e1371550515f811eea62fab861020c49a5b12a892b77115ec824d3487b4",
			"transactionIndex": 99,
			"transactionLogIndex": "0x0",
			"type": "mined",
			"id": "log_c12f693a"
		}
	],
	"logsBloom": "0x00000000000000000000000000020000000000000000000000000000000000000000000000000000000000000000000000000000000000000000000000000000000000000000010000000008000000000400000000000000000000000020000000000000400000000000000000000000000000000000000000002010000000000000000000000000000000000000000000000000000000000000000000000000000000000000000080000000000000000000000000000000000000010000000000001002000000000000000000000000000000000000000000000000000000000000000000000000000000000000000000000000000000000000000000000000",
	"root": null,
	"status": "0x1",
	"transactionHash": "0xc79c3e1371550515f811eea62fab861020c49a5b12a892b77115ec824d3487b4",
	"transactionIndex": 99
}
[2018-04-25T02:04:09.520] [DEBUG] trans - TO:   0x53e849a264205f1a01c7118cb256b873d23ec373
[2018-04-25T02:04:09.521] [DEBUG] trans - AMOUNT:   630104800000000000000
[2018-04-25T02:04:09.521] [DEBUG] trans - Receipt info:  {
	"blockHash": "0x4e26f0bc8be6cd9f04c34bacbca2ec18652f44034ef1df108a13f4ade6f3dff0",
	"blockNumber": 5500458,
	"contractAddress": null,
	"cumulativeGasUsed": 5966335,
	"gasUsed": 51589,
	"logs": [
		{
			"address": "0x7e9e431a0B8c4D532C745B1043c7FA29a48D4fBa",
			"blockHash": "0x4e26f0bc8be6cd9f04c34bacbca2ec18652f44034ef1df108a13f4ade6f3dff0",
			"blockNumber": 5500458,
			"data": "0x0000000000000000000000000000000000000000000000222875f129648e0000",
			"logIndex": 73,
			"topics": [
				"0xddf252ad1be2c89b69c2b068fc378daa952ba7f163c4a11628f55a4df523b3ef",
				"0x000000000000000000000000468b858c964f297fd8fce058032bf4b4911a8ad8",
				"0x00000000000000000000000053e849a264205f1a01c7118cb256b873d23ec373"
			],
			"transactionHash": "0xeb03ffb5eb7c78402a3da4bff9a1831a11949432cede8f9e638ada31fd213ea7",
			"transactionIndex": 111,
			"transactionLogIndex": "0x0",
			"type": "mined",
			"id": "log_8644684e"
		}
	],
	"logsBloom": "0x00000000000000000000000000020000000000000000000000000000000000000000000000000000000000000000000000000000000000000000000000000000000000000000010000000008000000000000000000000000000000000020000000000000000000000000000000000000000000000000000000000010000000000000000000000000000000000000000000000002000000010000000000000000000000000000000080000000000000000000000000000000000000010000000000001002000000000000000000000000000000000000000000000000000000000008000000000000000000000000000000000000000000000000000000000000",
	"root": null,
	"status": "0x1",
	"transactionHash": "0xeb03ffb5eb7c78402a3da4bff9a1831a11949432cede8f9e638ada31fd213ea7",
	"transactionIndex": 111
}
[2018-04-25T02:04:09.521] [DEBUG] trans - TO:   0xd939e0c547ecc7166b8296cce9ff1fdf2f88bd3a
[2018-04-25T02:04:09.521] [DEBUG] trans - AMOUNT:   630146900000000000000
[2018-04-25T02:04:09.521] [DEBUG] trans - Receipt info:  {
	"blockHash": "0x4e26f0bc8be6cd9f04c34bacbca2ec18652f44034ef1df108a13f4ade6f3dff0",
	"blockNumber": 5500458,
	"contractAddress": null,
	"cumulativeGasUsed": 4655826,
	"gasUsed": 51653,
	"logs": [
		{
			"address": "0x7e9e431a0B8c4D532C745B1043c7FA29a48D4fBa",
			"blockHash": "0x4e26f0bc8be6cd9f04c34bacbca2ec18652f44034ef1df108a13f4ade6f3dff0",
			"blockNumber": 5500458,
			"data": "0x000000000000000000000000000000000000000000000022290b82e37d994000",
			"logIndex": 63,
			"topics": [
				"0xddf252ad1be2c89b69c2b068fc378daa952ba7f163c4a11628f55a4df523b3ef",
				"0x000000000000000000000000468b858c964f297fd8fce058032bf4b4911a8ad8",
				"0x000000000000000000000000d939e0c547ecc7166b8296cce9ff1fdf2f88bd3a"
			],
			"transactionHash": "0x97901464e805bd8734474ef95e04bfb62919aa712157993d929c928a1b70a686",
			"transactionIndex": 93,
			"transactionLogIndex": "0x0",
			"type": "mined",
			"id": "log_04c6c610"
		}
	],
	"logsBloom": "0x00000000000000000000000000020000000000000000000000000000000000000000000000000800000000000000000000000000000000000000000000000000000000000000010000000008000000000000000000000000000000000020000000000000000000000000000000000000000000000000000000000010000000000000000000000000000000000000000000000000000000000000000000000000001000000000000080000000000000000000000000000000000080010000000000001002000000000000000000000000000000000000000000000000000000000000000000000000000000000000000000000000000000000000000000000000",
	"root": null,
	"status": "0x1",
	"transactionHash": "0x97901464e805bd8734474ef95e04bfb62919aa712157993d929c928a1b70a686",
	"transactionIndex": 93
}
[2018-04-25T02:04:09.523] [DEBUG] trans - TO:   0x68bc4f1d7adf1f6f74f17375fbf1f88485e5298d
[2018-04-25T02:04:09.523] [DEBUG] trans - AMOUNT:   630118000000000000000
[2018-04-25T02:04:09.523] [DEBUG] trans - Receipt info:  {
	"blockHash": "0x4e26f0bc8be6cd9f04c34bacbca2ec18652f44034ef1df108a13f4ade6f3dff0",
	"blockNumber": 5500458,
	"contractAddress": null,
	"cumulativeGasUsed": 5594946,
	"gasUsed": 51589,
	"logs": [
		{
			"address": "0x7e9e431a0B8c4D532C745B1043c7FA29a48D4fBa",
			"blockHash": "0x4e26f0bc8be6cd9f04c34bacbca2ec18652f44034ef1df108a13f4ade6f3dff0",
			"blockNumber": 5500458,
			"data": "0x00000000000000000000000000000000000000000000002228a4d67de3970000",
			"logIndex": 69,
			"topics": [
				"0xddf252ad1be2c89b69c2b068fc378daa952ba7f163c4a11628f55a4df523b3ef",
				"0x000000000000000000000000468b858c964f297fd8fce058032bf4b4911a8ad8",
				"0x00000000000000000000000068bc4f1d7adf1f6f74f17375fbf1f88485e5298d"
			],
			"transactionHash": "0xf6d0c238b8587230e63b7377e9113f512413961d08eb097834056fd462e398e2",
			"transactionIndex": 106,
			"transactionLogIndex": "0x0",
			"type": "mined",
			"id": "log_57a53fe7"
		}
	],
	"logsBloom": "0x00000000000000000000000000020000000000000000000000000000000000000000000000000000000000000000000000000000000000000000000000000000000000000000010000000008000000000000000000000000000000000020000000000000000000000000000000000000000000000000000000000010000000000000000000000000000000000000000000000000000000000000000000000000000000000000000080000000000010000000000000000000000000010000000000001002000000000000000000000000000000000000000000010000000000000000000000000000000000000000000008000000000000000000000000000000",
	"root": null,
	"status": "0x1",
	"transactionHash": "0xf6d0c238b8587230e63b7377e9113f512413961d08eb097834056fd462e398e2",
	"transactionIndex": 106
}
[2018-04-25T02:04:09.523] [DEBUG] trans - TO:   0xdb6e7946cc8dc47a2a7d8951ff31f8ece80a8761
[2018-04-25T02:04:09.523] [DEBUG] trans - AMOUNT:   630000000000000000000
[2018-04-25T02:04:09.523] [DEBUG] trans - Receipt info:  {
	"blockHash": "0x4e26f0bc8be6cd9f04c34bacbca2ec18652f44034ef1df108a13f4ade6f3dff0",
	"blockNumber": 5500458,
	"contractAddress": null,
	"cumulativeGasUsed": 7231111,
	"gasUsed": 51589,
	"logs": [
		{
			"address": "0x7e9e431a0B8c4D532C745B1043c7FA29a48D4fBa",
			"blockHash": "0x4e26f0bc8be6cd9f04c34bacbca2ec18652f44034ef1df108a13f4ade6f3dff0",
			"blockNumber": 5500458,
			"data": "0x00000000000000000000000000000000000000000000002227019e1df0180000",
			"logIndex": 79,
			"topics": [
				"0xddf252ad1be2c89b69c2b068fc378daa952ba7f163c4a11628f55a4df523b3ef",
				"0x000000000000000000000000468b858c964f297fd8fce058032bf4b4911a8ad8",
				"0x000000000000000000000000db6e7946cc8dc47a2a7d8951ff31f8ece80a8761"
			],
			"transactionHash": "0x82f66700bf55001e3828efb1fa3154e98540e9b92447516bf7df1814f55e5ef2",
			"transactionIndex": 126,
			"transactionLogIndex": "0x0",
			"type": "mined",
			"id": "log_c8cc307f"
		}
	],
	"logsBloom": "0x00000000000000000000000000020000000000000000000000000000000000000000000000000000000000000000000000000000000000000000000004000000000000000000010000000008000000000000000000000000000000000020000000000000000000000000000000000000000000000000000000000010000000000000000000000000000000000000000400000000000000000000000000000000000000000000000080000000000000000000000000000000000000010000000000001002000000000000000000000000000000000000000000000000000000000000400000000000000000000000000000000000000000000000000000000000",
	"root": null,
	"status": "0x1",
	"transactionHash": "0x82f66700bf55001e3828efb1fa3154e98540e9b92447516bf7df1814f55e5ef2",
	"transactionIndex": 126
}
[2018-04-25T02:04:09.523] [DEBUG] trans - TO:   0x60d0556b72a43fa3f23610a51c3de43748589776
[2018-04-25T02:04:09.523] [DEBUG] trans - AMOUNT:   630202600000000000000
[2018-04-25T02:04:09.523] [DEBUG] trans - Receipt info:  {
	"blockHash": "0x4e26f0bc8be6cd9f04c34bacbca2ec18652f44034ef1df108a13f4ade6f3dff0",
	"blockNumber": 5500458,
	"contractAddress": null,
	"cumulativeGasUsed": 4082477,
	"gasUsed": 51653,
	"logs": [
		{
			"address": "0x7e9e431a0B8c4D532C745B1043c7FA29a48D4fBa",
			"blockHash": "0x4e26f0bc8be6cd9f04c34bacbca2ec18652f44034ef1df108a13f4ade6f3dff0",
			"blockNumber": 5500458,
			"data": "0x00000000000000000000000000000000000000000000002229d165be57968000",
			"logIndex": 59,
			"topics": [
				"0xddf252ad1be2c89b69c2b068fc378daa952ba7f163c4a11628f55a4df523b3ef",
				"0x000000000000000000000000468b858c964f297fd8fce058032bf4b4911a8ad8",
				"0x00000000000000000000000060d0556b72a43fa3f23610a51c3de43748589776"
			],
			"transactionHash": "0x4277c587d382b4e23e296bd51547e8d5cf1d238718f75319d3b3222fbec2d8a0",
			"transactionIndex": 84,
			"transactionLogIndex": "0x0",
			"type": "mined",
			"id": "log_1cdbf4ff"
		}
	],
	"logsBloom": "0x00000000008000000000000000020000000000000000000000000000000000000000000000000000000000000000010000000000000000000000000000000000000000000000010000000008000000000000000000000000000000000020000000000000000000000000000000000000000000000000000000000010000000000000000000000000000000000000000000000000000000000000000000000000000000000000000080000000000000000000000000000000000000010000000000001002000000000000000000000000000000000000000000000000000000000000000000000000000000000000000000000000000000000000000000010000",
	"root": null,
	"status": "0x1",
	"transactionHash": "0x4277c587d382b4e23e296bd51547e8d5cf1d238718f75319d3b3222fbec2d8a0",
	"transactionIndex": 84
}
[2018-04-25T02:04:09.523] [DEBUG] trans - TO:   0x55056b8699a22bfffd31d63b3dac2b1d376e3f65
[2018-04-25T02:04:09.523] [DEBUG] trans - AMOUNT:   630000000000000000000
[2018-04-25T02:04:09.524] [DEBUG] trans - Receipt info:  {
	"blockHash": "0x4e26f0bc8be6cd9f04c34bacbca2ec18652f44034ef1df108a13f4ade6f3dff0",
	"blockNumber": 5500458,
	"contractAddress": null,
	"cumulativeGasUsed": 6809519,
	"gasUsed": 51589,
	"logs": [
		{
			"address": "0x7e9e431a0B8c4D532C745B1043c7FA29a48D4fBa",
			"blockHash": "0x4e26f0bc8be6cd9f04c34bacbca2ec18652f44034ef1df108a13f4ade6f3dff0",
			"blockNumber": 5500458,
			"data": "0x00000000000000000000000000000000000000000000002227019e1df0180000",
			"logIndex": 77,
			"topics": [
				"0xddf252ad1be2c89b69c2b068fc378daa952ba7f163c4a11628f55a4df523b3ef",
				"0x000000000000000000000000468b858c964f297fd8fce058032bf4b4911a8ad8",
				"0x00000000000000000000000055056b8699a22bfffd31d63b3dac2b1d376e3f65"
			],
			"transactionHash": "0x3d983188b812bb7aae689617e17ab2f2256ad833d11290155784e168b74caf21",
			"transactionIndex": 121,
			"transactionLogIndex": "0x0",
			"type": "mined",
			"id": "log_12bd6c11"
		}
	],
	"logsBloom": "0x00000000000000000000000000020000000000000000000000000000000000000000000000000000000000000000000000000000000000000000000000000000000000000000010000000008000000000000000000000000000000000020000000000000200000000000000000000000000002000000000000000010000000000000000000000000000000000000000000000000000000000000000000001000000000000000000080000000000000000000000000000000000000010000000000001002000000000000000000000000000000000000000000000000000000000000000000000000000000000000000000000000000000000000000000000000",
	"root": null,
	"status": "0x1",
	"transactionHash": "0x3d983188b812bb7aae689617e17ab2f2256ad833d11290155784e168b74caf21",
	"transactionIndex": 121
}
[2018-04-25T02:04:09.525] [DEBUG] trans - TO:   0xb12c8a02463c0f4a6d4a5d1944365ddd900f0759
[2018-04-25T02:04:09.525] [DEBUG] trans - AMOUNT:   630057000000000000000
[2018-04-25T02:04:09.525] [DEBUG] trans - Receipt info:  {
	"blockHash": "0x4e26f0bc8be6cd9f04c34bacbca2ec18652f44034ef1df108a13f4ade6f3dff0",
	"blockNumber": 5500458,
	"contractAddress": null,
	"cumulativeGasUsed": 6387671,
	"gasUsed": 51653,
	"logs": [
		{
			"address": "0x7e9e431a0B8c4D532C745B1043c7FA29a48D4fBa",
			"blockHash": "0x4e26f0bc8be6cd9f04c34bacbca2ec18652f44034ef1df108a13f4ade6f3dff0",
			"blockNumber": 5500458,
			"data": "0x00000000000000000000000000000000000000000000002227cc1f50a04a8000",
			"logIndex": 75,
			"topics": [
				"0xddf252ad1be2c89b69c2b068fc378daa952ba7f163c4a11628f55a4df523b3ef",
				"0x000000000000000000000000468b858c964f297fd8fce058032bf4b4911a8ad8",
				"0x000000000000000000000000b12c8a02463c0f4a6d4a5d1944365ddd900f0759"
			],
			"transactionHash": "0xf078b849afdfa4db1a7c75ceb7b33832b84c2032877ae33c5c0bd3fb8104508c",
			"transactionIndex": 116,
			"transactionLogIndex": "0x0",
			"type": "mined",
			"id": "log_958cd29e"
		}
	],
	"logsBloom": "0x00000000000000000000000000020000000000000000000000000000000000000000000000000000000000000000000000000000000000000000000000000000000000000000010000000008000000000000000000000000000000000020000000000000000000000000000000000000000000000000000000000010000000000000000000000000000000000000000000000000000000000000000800000000000000000000000080000020000020000000000000000000000000010000000000001002000000000000000000000000000000000000000000000000000000000000000000000000000000000000000000000000000000000000000000000000",
	"root": null,
	"status": "0x1",
	"transactionHash": "0xf078b849afdfa4db1a7c75ceb7b33832b84c2032877ae33c5c0bd3fb8104508c",
	"transactionIndex": 116
}
[2018-04-25T02:04:09.526] [DEBUG] trans - TO:   0x93135337c400407d0a23efffa8d692f124b68a12
[2018-04-25T02:04:09.526] [DEBUG] trans - AMOUNT:   629986600000000000000
[2018-04-25T02:04:09.526] [DEBUG] trans - Receipt info:  {
	"blockHash": "0x4e26f0bc8be6cd9f04c34bacbca2ec18652f44034ef1df108a13f4ade6f3dff0",
	"blockNumber": 5500458,
	"contractAddress": null,
	"cumulativeGasUsed": 7616959,
	"gasUsed": 51589,
	"logs": [
		{
			"address": "0x7e9e431a0B8c4D532C745B1043c7FA29a48D4fBa",
			"blockHash": "0x4e26f0bc8be6cd9f04c34bacbca2ec18652f44034ef1df108a13f4ade6f3dff0",
			"blockNumber": 5500458,
			"data": "0x00000000000000000000000000000000000000000000002226d202e3501a8000",
			"logIndex": 81,
			"topics": [
				"0xddf252ad1be2c89b69c2b068fc378daa952ba7f163c4a11628f55a4df523b3ef",
				"0x000000000000000000000000468b858c964f297fd8fce058032bf4b4911a8ad8",
				"0x00000000000000000000000093135337c400407d0a23efffa8d692f124b68a12"
			],
			"transactionHash": "0xc213312db30f4359c2808662f2dd9b2139ec172fc8d1e1d751c78e4336b99fce",
			"transactionIndex": 130,
			"transactionLogIndex": "0x0",
			"type": "mined",
			"id": "log_0c0fcf5f"
		}
	],
	"logsBloom": "0x00000000000000000000000000020000000000000000000000000000000000000000000000000000000000000000000000000000000000000001000000000000000000000000010000000008000000000000000000000000000000000020000000000000000000000000000000000000000000000000000000000010000000000000000000000000000000000000000000000000000000000000000000000000000000000000000080000000000000000000000000000000000000030000000000001002000000000000000000000000000000000000000000000000000000000000000000000000000000000000000000000000040000000000000000000000",
	"root": null,
	"status": "0x1",
	"transactionHash": "0xc213312db30f4359c2808662f2dd9b2139ec172fc8d1e1d751c78e4336b99fce",
	"transactionIndex": 130
}
