[2018-04-30T13:16:20.961] [DEBUG] trans - TO:   0x4b66f18f49359d5b3408a494e33423b7c43498e4
[2018-04-30T13:16:20.962] [DEBUG] trans - AMOUNT:   36210373200000000000000
[2018-04-30T13:16:20.962] [DEBUG] trans - Receipt info:  {
	"blockHash": "0x406331bf3bb3ade6ecaac665bec7172da013b39ad3c66be7de44328c88c680ee",
	"blockNumber": 5532060,
	"contractAddress": null,
	"cumulativeGasUsed": 1436789,
	"gasUsed": 51653,
	"logs": [
		{
			"address": "0x7e9e431a0B8c4D532C745B1043c7FA29a48D4fBa",
			"blockHash": "0x406331bf3bb3ade6ecaac665bec7172da013b39ad3c66be7de44328c88c680ee",
			"blockNumber": 5532060,
			"data": "0x0000000000000000000000000000000000000000000007aaf7e02e9ed4b50000",
			"logIndex": 26,
			"topics": [
				"0xddf252ad1be2c89b69c2b068fc378daa952ba7f163c4a11628f55a4df523b3ef",
				"0x000000000000000000000000468b858c964f297fd8fce058032bf4b4911a8ad8",
				"0x0000000000000000000000004b66f18f49359d5b3408a494e33423b7c43498e4"
			],
			"transactionHash": "0x0b359018ee5f17649c90fc91b2ec9d12a155f81f12c37754a3d795a34ea10970",
			"transactionIndex": 37,
			"transactionLogIndex": "0x0",
			"type": "mined",
			"id": "log_3f45295a"
		}
	],
	"logsBloom": "0x00000000000000000000000000020000000000000000000000000000000000000000000000000000000000100000000000000000000000000000000000000000000000000000010000000008000000000000000000100000000000000020000000000000000000000000000000000000000000000000000000000010000000000000000000000000000000000000000000000000000000000000000000000000000000000000000080000000000000000000000000000000000000010000000000001002000000000000000000000000000000000000000000000000000000000000000000000000000000000000000000000000000000400000000000000000",
	"root": null,
	"status": "0x1",
	"transactionHash": "0x0b359018ee5f17649c90fc91b2ec9d12a155f81f12c37754a3d795a34ea10970",
	"transactionIndex": 37
}
[2018-04-30T13:17:00.010] [DEBUG] trans - TO:   0x4761df1edb4dee36e2161a31becba39db20b6363
[2018-04-30T13:17:00.010] [DEBUG] trans - AMOUNT:   36199009000000000000000
[2018-04-30T13:17:00.010] [DEBUG] trans - Receipt info:  {
	"blockHash": "0x224466dcfcb82fa1100f5214cbf5ccf95b90fb50b8d98d436253b1426c614d57",
	"blockNumber": 5532062,
	"contractAddress": null,
	"cumulativeGasUsed": 785669,
	"gasUsed": 51717,
	"logs": [
		{
			"address": "0x7e9e431a0B8c4D532C745B1043c7FA29a48D4fBa",
			"blockHash": "0x224466dcfcb82fa1100f5214cbf5ccf95b90fb50b8d98d436253b1426c614d57",
			"blockNumber": 5532062,
			"data": "0x0000000000000000000000000000000000000000000007aa5a2a6eee38368000",
			"logIndex": 8,
			"topics": [
				"0xddf252ad1be2c89b69c2b068fc378daa952ba7f163c4a11628f55a4df523b3ef",
				"0x000000000000000000000000468b858c964f297fd8fce058032bf4b4911a8ad8",
				"0x0000000000000000000000004761df1edb4dee36e2161a31becba39db20b6363"
			],
			"transactionHash": "0x71b7b59e24b20ed3f6d14d932109c6a753ba8fc593e97f0ae95f8b5000a200f9",
			"transactionIndex": 27,
			"transactionLogIndex": "0x0",
			"type": "mined",
			"id": "log_747d7b06"
		}
	],
	"logsBloom": "0x00000000000000000000000000020000000400000000000000000000000000000000000000000000000000000000000000000000000000000000000000000000000000000000010000000008000000000000000000000000000000000020000000000000800000000000000000000000000000000000000000000010000000000000000000000000000000000000000000000000000000000000000000000000000000000000000080000000000000000000000000000000000000011000000000001002000000000000000000000000000000000000000000000000000000000000000000000000000000000000000000000000000000000000000000000000",
	"root": null,
	"status": "0x1",
	"transactionHash": "0x71b7b59e24b20ed3f6d14d932109c6a753ba8fc593e97f0ae95f8b5000a200f9",
	"transactionIndex": 27
}
[2018-04-30T13:17:10.029] [DEBUG] trans - TO:   0xb24beef175fd5605f6bec6c9c18a791dc8954a96
[2018-04-30T13:17:10.029] [DEBUG] trans - AMOUNT:   36175847800000000000000
[2018-04-30T13:17:10.029] [DEBUG] trans - Receipt info:  {
	"blockHash": "0xdee7793764a519270be6ff64ca95065a5d3185e6806fb921be657b45903b8b16",
	"blockNumber": 5532063,
	"contractAddress": null,
	"cumulativeGasUsed": 5286954,
	"gasUsed": 51717,
	"logs": [
		{
			"address": "0x7e9e431a0B8c4D532C745B1043c7FA29a48D4fBa",
			"blockHash": "0xdee7793764a519270be6ff64ca95065a5d3185e6806fb921be657b45903b8b16",
			"blockNumber": 5532063,
			"data": "0x0000000000000000000000000000000000000000000007a918bd523e6c6f8000",
			"logIndex": 55,
			"topics": [
				"0xddf252ad1be2c89b69c2b068fc378daa952ba7f163c4a11628f55a4df523b3ef",
				"0x000000000000000000000000468b858c964f297fd8fce058032bf4b4911a8ad8",
				"0x000000000000000000000000b24beef175fd5605f6bec6c9c18a791dc8954a96"
			],
			"transactionHash": "0x6e28ad6bee8c1456a19d488aa01e29b0b78026b91acc7ece9a8cf5381b60d49b",
			"transactionIndex": 190,
			"transactionLogIndex": "0x0",
			"type": "mined",
			"id": "log_68f03188"
		}
	],
	"logsBloom": "0x00000000000000000000000000020000000000000000000000000000000000000000000000000000000000000000000000000000000000000000000000000000000000000000010000000008000000000000000000000000000000000220000000000000000000000000000000000000000000000000000000000010000000000000000000000002000000000000000000000000000000000000000000000000000000000000000080000000000000000000000000100000000000010000000000001002000000000000000000000000000000000000000000000000000000000000000000000000000000000000000000000000000000000000000000000000",
	"root": null,
	"status": "0x1",
	"transactionHash": "0x6e28ad6bee8c1456a19d488aa01e29b0b78026b91acc7ece9a8cf5381b60d49b",
	"transactionIndex": 190
}
[2018-04-30T13:17:30.048] [DEBUG] trans - TO:   0x682e98e10d4125ac3f25de50ddbd7bf7b8900bdf
[2018-04-30T13:17:30.048] [DEBUG] trans - AMOUNT:   36130109200000000000000
[2018-04-30T13:17:30.048] [DEBUG] trans - Receipt info:  {
	"blockHash": "0xdfd9c73b3a3a611ed7a592ea4a5774ccc0f6852097d5ad5cf348040855989e83",
	"blockNumber": 5532065,
	"contractAddress": null,
	"cumulativeGasUsed": 770712,
	"gasUsed": 51653,
	"logs": [
		{
			"address": "0x7e9e431a0B8c4D532C745B1043c7FA29a48D4fBa",
			"blockHash": "0xdfd9c73b3a3a611ed7a592ea4a5774ccc0f6852097d5ad5cf348040855989e83",
			"blockNumber": 5532065,
			"data": "0x0000000000000000000000000000000000000000000007a69dfd2be098c10000",
			"logIndex": 11,
			"topics": [
				"0xddf252ad1be2c89b69c2b068fc378daa952ba7f163c4a11628f55a4df523b3ef",
				"0x000000000000000000000000468b858c964f297fd8fce058032bf4b4911a8ad8",
				"0x000000000000000000000000682e98e10d4125ac3f25de50ddbd7bf7b8900bdf"
			],
			"transactionHash": "0xd5bf4a18decb1bae4df3d70a8ad0ab1f77cb0da074b5b60e78dab28eb3d46f6b",
			"transactionIndex": 26,
			"transactionLogIndex": "0x0",
			"type": "mined",
			"id": "log_b2fb6f5f"
		}
	],
	"logsBloom": "0x00000000000000000000000000020000000000200000000000000000000000000000000000000000000000000000000000000000000000000000000000000000000000000000010800000008000000000000000000000000000000000020000000000000000000000000000000000000000000000000000000000010000000000000000000000000000000000000000000000000000000000000000000000000000000000000000080000000000000000000000000000000000000010000000000001002000000000000000000000000000000000000000000000000000000000000000000000000000000000040000000000000000000000000000000000000",
	"root": null,
	"status": "0x1",
	"transactionHash": "0xd5bf4a18decb1bae4df3d70a8ad0ab1f77cb0da074b5b60e78dab28eb3d46f6b",
	"transactionIndex": 26
}
[2018-04-30T13:17:46.068] [DEBUG] trans - TO:   0xa2de86a880fd6afe37f303e9cb0a1de5edb17c59
[2018-04-30T13:17:46.068] [DEBUG] trans - AMOUNT:   36106886500000000000000
[2018-04-30T13:17:46.068] [DEBUG] trans - Receipt info:  {
	"blockHash": "0x5a99ca2a00a7f5c92481331db0a3f5b5c9747e8d85c271a16b7fac515c24d95a",
	"blockNumber": 5532066,
	"contractAddress": null,
	"cumulativeGasUsed": 1585034,
	"gasUsed": 51717,
	"logs": [
		{
			"address": "0x7e9e431a0B8c4D532C745B1043c7FA29a48D4fBa",
			"blockHash": "0x5a99ca2a00a7f5c92481331db0a3f5b5c9747e8d85c271a16b7fac515c24d95a",
			"blockNumber": 5532066,
			"data": "0x0000000000000000000000000000000000000000000007a55bb59144374a4000",
			"logIndex": 19,
			"topics": [
				"0xddf252ad1be2c89b69c2b068fc378daa952ba7f163c4a11628f55a4df523b3ef",
				"0x000000000000000000000000468b858c964f297fd8fce058032bf4b4911a8ad8",
				"0x000000000000000000000000a2de86a880fd6afe37f303e9cb0a1de5edb17c59"
			],
			"transactionHash": "0x2255b789dc406a1cd7b7bb607f84e1bcad1efa10577bf9d84ed66f5918ef1831",
			"transactionIndex": 46,
			"transactionLogIndex": "0x0",
			"type": "mined",
			"id": "log_f07ad530"
		}
	],
	"logsBloom": "0x00000000000000000000000000020001000000000000000000000000000000000000000200000000000000000000000000000000000000000000000000000000000000000000010000000008000000000000000000000000000000000020000000000000000000000000000000000000000000000000000000000010000000000000000000000000000000000000000000000000000000000000000000000000000000000000000080000000000000000000000000000000000000010000000000001002000000000000000000000000000000000000000000000000000000000000000400000000000000000000000000000000000000000000000000000000",
	"root": null,
	"status": "0x1",
	"transactionHash": "0x2255b789dc406a1cd7b7bb607f84e1bcad1efa10577bf9d84ed66f5918ef1831",
	"transactionIndex": 46
}
[2018-04-30T13:17:46.072] [DEBUG] trans - TO:   0xac46261c62efd9001fab9818c9bcbc17e038bddd
[2018-04-30T13:17:46.072] [DEBUG] trans - AMOUNT:   36050000000000000000000
[2018-04-30T13:17:46.072] [DEBUG] trans - Receipt info:  {
	"blockHash": "0x5a99ca2a00a7f5c92481331db0a3f5b5c9747e8d85c271a16b7fac515c24d95a",
	"blockNumber": 5532066,
	"contractAddress": null,
	"cumulativeGasUsed": 7328417,
	"gasUsed": 51525,
	"logs": [
		{
			"address": "0x7e9e431a0B8c4D532C745B1043c7FA29a48D4fBa",
			"blockHash": "0x5a99ca2a00a7f5c92481331db0a3f5b5c9747e8d85c271a16b7fac515c24d95a",
			"blockNumber": 5532066,
			"data": "0x0000000000000000000000000000000000000000000007a246401eea00080000",
			"logIndex": 118,
			"topics": [
				"0xddf252ad1be2c89b69c2b068fc378daa952ba7f163c4a11628f55a4df523b3ef",
				"0x000000000000000000000000468b858c964f297fd8fce058032bf4b4911a8ad8",
				"0x000000000000000000000000ac46261c62efd9001fab9818c9bcbc17e038bddd"
			],
			"transactionHash": "0x37424db098a1067b082d59c797019975b06b15045cc1f49ff3b9f6656f22c1ef",
			"transactionIndex": 143,
			"transactionLogIndex": "0x0",
			"type": "mined",
			"id": "log_762b4ee4"
		}
	],
	"logsBloom": "0x00000000000000000000000000020000000000000000000000000000000000000000000000000000000000000000000000000000000000000000000000000000800000000000010000000008000000000000000000000000000000000020000000000000000000000000000000000000000000000000000200000010000000000000000000000000000000000000000000000000000000000000000000000000000000000000000080000000000000000000000000000000000000010000000000001002000000008000000000000000000000000000000000000000000000000000000000000000000000000000000000000000000000000000000000000000",
	"root": null,
	"status": "0x1",
	"transactionHash": "0x37424db098a1067b082d59c797019975b06b15045cc1f49ff3b9f6656f22c1ef",
	"transactionIndex": 143
}
[2018-04-30T13:18:05.092] [DEBUG] trans - TO:   0xd8b601588127e8113ad38b26c9661723cc559aab
[2018-04-30T13:18:05.092] [DEBUG] trans - AMOUNT:   35949485200000000000000
[2018-04-30T13:18:05.092] [DEBUG] trans - Receipt info:  {
	"blockHash": "0x35c660fd3b73267735f3a6271c107e41f11501b25401b344285d778884b81ffa",
	"blockNumber": 5532067,
	"contractAddress": null,
	"cumulativeGasUsed": 1535620,
	"gasUsed": 51653,
	"logs": [
		{
			"address": "0x7e9e431a0B8c4D532C745B1043c7FA29a48D4fBa",
			"blockHash": "0x35c660fd3b73267735f3a6271c107e41f11501b25401b344285d778884b81ffa",
			"blockNumber": 5532067,
			"data": "0x00000000000000000000000000000000000000000000079cd353d0dd42990000",
			"logIndex": 23,
			"topics": [
				"0xddf252ad1be2c89b69c2b068fc378daa952ba7f163c4a11628f55a4df523b3ef",
				"0x000000000000000000000000468b858c964f297fd8fce058032bf4b4911a8ad8",
				"0x000000000000000000000000d8b601588127e8113ad38b26c9661723cc559aab"
			],
			"transactionHash": "0x5a9a3b4101c86a470e45a43c084f13b286b9a4ec1e1e0575eaf805bde1f65c90",
			"transactionIndex": 44,
			"transactionLogIndex": "0x0",
			"type": "mined",
			"id": "log_e72e51b6"
		}
	],
	"logsBloom": "0x00000000000000000000000000020000000000100000000000000000001000000000000000000000000000000000000000000000000000000000000000000000000000000000010000000008000000000000000000000000000000000020000000000000000000000000000000000000000000000000000000000010000000000000000000000000000000000000000000000000000000000000000000000000000080000000000080000000000000000000000000000000000000010000000000001002000000000000000000000000000000000000000000000000000000000000000000000000000000000000000000000000000000000000000000000000",
	"root": null,
	"status": "0x1",
	"transactionHash": "0x5a9a3b4101c86a470e45a43c084f13b286b9a4ec1e1e0575eaf805bde1f65c90",
	"transactionIndex": 44
}
[2018-04-30T13:18:05.093] [DEBUG] trans - TO:   0x367128d57e20a5a061201a30b7745cb0728b9f12
[2018-04-30T13:18:05.093] [DEBUG] trans - AMOUNT:   36012494400000000000000
[2018-04-30T13:18:05.093] [DEBUG] trans - Receipt info:  {
	"blockHash": "0x35c660fd3b73267735f3a6271c107e41f11501b25401b344285d778884b81ffa",
	"blockNumber": 5532067,
	"contractAddress": null,
	"cumulativeGasUsed": 1380597,
	"gasUsed": 51653,
	"logs": [
		{
			"address": "0x7e9e431a0B8c4D532C745B1043c7FA29a48D4fBa",
			"blockHash": "0x35c660fd3b73267735f3a6271c107e41f11501b25401b344285d778884b81ffa",
			"blockNumber": 5532067,
			"data": "0x0000000000000000000000000000000000000000000007a03dc1766d60240000",
			"logIndex": 20,
			"topics": [
				"0xddf252ad1be2c89b69c2b068fc378daa952ba7f163c4a11628f55a4df523b3ef",
				"0x000000000000000000000000468b858c964f297fd8fce058032bf4b4911a8ad8",
				"0x000000000000000000000000367128d57e20a5a061201a30b7745cb0728b9f12"
			],
			"transactionHash": "0x061788e9dfb4aa0f164f705b4078c5e4ad0a20db203f8816026598a8c5581d00",
			"transactionIndex": 41,
			"transactionLogIndex": "0x0",
			"type": "mined",
			"id": "log_e364ed98"
		}
	],
	"logsBloom": "0x00000000000000000000000000020000000000080000000000000000000000000000000000000000000000000000000001000000000000000000000000000000000000000000010000000008000000000000000000000000000000000020000000000000000000000000000000000000000000000000000000000010000000000000000000000000000000000000000000000000000000000000000000000000000000001000000080000000000000000000000000000000000000010000000000001002000000000000000000000000000000000000000000000000000000000000000000000000000000000000000000000000000000000000000000000000",
	"root": null,
	"status": "0x1",
	"transactionHash": "0x061788e9dfb4aa0f164f705b4078c5e4ad0a20db203f8816026598a8c5581d00",
	"transactionIndex": 41
}
[2018-04-30T13:18:05.093] [DEBUG] trans - TO:   0x0647bb68dd1cd725156dc2baa0fec998fb19ed3c
[2018-04-30T13:18:05.093] [DEBUG] trans - AMOUNT:   35710263900000000000000
[2018-04-30T13:18:05.093] [DEBUG] trans - Receipt info:  {
	"blockHash": "0x35c660fd3b73267735f3a6271c107e41f11501b25401b344285d778884b81ffa",
	"blockNumber": 5532067,
	"contractAddress": null,
	"cumulativeGasUsed": 1897255,
	"gasUsed": 51717,
	"logs": [
		{
			"address": "0x7e9e431a0B8c4D532C745B1043c7FA29a48D4fBa",
			"blockHash": "0x35c660fd3b73267735f3a6271c107e41f11501b25401b344285d778884b81ffa",
			"blockNumber": 5532067,
			"data": "0x00000000000000000000000000000000000000000000078fdb7707f68b71c000",
			"logIndex": 30,
			"topics": [
				"0xddf252ad1be2c89b69c2b068fc378daa952ba7f163c4a11628f55a4df523b3ef",
				"0x000000000000000000000000468b858c964f297fd8fce058032bf4b4911a8ad8",
				"0x0000000000000000000000000647bb68dd1cd725156dc2baa0fec998fb19ed3c"
			],
			"transactionHash": "0x51158a4f19de5343b8a86d3b20055ecfa6d14b11657823bedc04fdb96b3fb7f9",
			"transactionIndex": 51,
			"transactionLogIndex": "0x0",
			"type": "mined",
			"id": "log_45f473d6"
		}
	],
	"logsBloom": "0x00000000000000000000000000020000000000000000000000000000000000000000000000000000000000000000000000000000000000000000000000000000000000000000010000000008000000000000000000000000000000000020000000000000000000000000000000000000000000000000000000000010000000000000000000000000000100000000000000000000000000000000000000000000000000000000000080000000000000000000000000000000000000010000000000001002000400000000000000000008000000000000000000000000000000000000000000000000000000000000000000000000000000000000000000000000",
	"root": null,
	"status": "0x1",
	"transactionHash": "0x51158a4f19de5343b8a86d3b20055ecfa6d14b11657823bedc04fdb96b3fb7f9",
	"transactionIndex": 51
}
[2018-04-30T13:18:05.094] [DEBUG] trans - TO:   0x17574306b629564e2ee3e4da1867879ffcaae7df
[2018-04-30T13:18:05.094] [DEBUG] trans - AMOUNT:   36003908800000000000000
[2018-04-30T13:18:05.094] [DEBUG] trans - Receipt info:  {
	"blockHash": "0x35c660fd3b73267735f3a6271c107e41f11501b25401b344285d778884b81ffa",
	"blockNumber": 5532067,
	"contractAddress": null,
	"cumulativeGasUsed": 1432250,
	"gasUsed": 51653,
	"logs": [
		{
			"address": "0x7e9e431a0B8c4D532C745B1043c7FA29a48D4fBa",
			"blockHash": "0x35c660fd3b73267735f3a6271c107e41f11501b25401b344285d778884b81ffa",
			"blockNumber": 5532067,
			"data": "0x00000000000000000000000000000000000000000000079fc69b48b7388c0000",
			"logIndex": 21,
			"topics": [
				"0xddf252ad1be2c89b69c2b068fc378daa952ba7f163c4a11628f55a4df523b3ef",
				"0x000000000000000000000000468b858c964f297fd8fce058032bf4b4911a8ad8",
				"0x00000000000000000000000017574306b629564e2ee3e4da1867879ffcaae7df"
			],
			"transactionHash": "0x46784325f7800a34233a151a9342fc46c4742a314436e637d6d9dd41e44f2f8e",
			"transactionIndex": 42,
			"transactionLogIndex": "0x0",
			"type": "mined",
			"id": "log_74f4d0f8"
		}
	],
	"logsBloom": "0x00000000000000000000000000020000000000000000000000000000000000000000000000000000000000000000000000000000000000000000000000000000000000000000010000000008000000000000000000000000000000000020000000000000000000000000000000000000000000000000000000080010080000000000000000000000000000000000000008000000000000000000000000000000000000000000000080000000000000000000000000000000000000010000000000001002000000000000000000000000000000000000000000000000000000000000000000000000000000000000000000000000000000000000000000000000",
	"root": null,
	"status": "0x1",
	"transactionHash": "0x46784325f7800a34233a151a9342fc46c4742a314436e637d6d9dd41e44f2f8e",
	"transactionIndex": 42
}
[2018-04-30T13:18:05.094] [DEBUG] trans - TO:   0xc955401b6e87ae67682d94ecb1aa2ba086a01c3e
[2018-04-30T13:18:05.094] [DEBUG] trans - AMOUNT:   35995385900000000000000
[2018-04-30T13:18:05.095] [DEBUG] trans - Receipt info:  {
	"blockHash": "0x35c660fd3b73267735f3a6271c107e41f11501b25401b344285d778884b81ffa",
	"blockNumber": 5532067,
	"contractAddress": null,
	"cumulativeGasUsed": 1483967,
	"gasUsed": 51717,
	"logs": [
		{
			"address": "0x7e9e431a0B8c4D532C745B1043c7FA29a48D4fBa",
			"blockHash": "0x35c660fd3b73267735f3a6271c107e41f11501b25401b344285d778884b81ffa",
			"blockNumber": 5532067,
			"data": "0x00000000000000000000000000000000000000000000079f5053dc526c5ec000",
			"logIndex": 22,
			"topics": [
				"0xddf252ad1be2c89b69c2b068fc378daa952ba7f163c4a11628f55a4df523b3ef",
				"0x000000000000000000000000468b858c964f297fd8fce058032bf4b4911a8ad8",
				"0x000000000000000000000000c955401b6e87ae67682d94ecb1aa2ba086a01c3e"
			],
			"transactionHash": "0xbe34143c43239a8a4dc9d50add2dda47772e197f6a7ee962c54764045f3a9cbb",
			"transactionIndex": 43,
			"transactionLogIndex": "0x0",
			"type": "mined",
			"id": "log_55bb7dc8"
		}
	],
	"logsBloom": "0x00000000000000000000000000020000000080000000000000000000000000000000000000000000000000000000000000000000000000000000000000000000000000000000030000000008000000000000000000000000000000000020000000000000000000000000000000000000000000000000000000000010000000000000000000000000000000000000000000000000000000000000000000000000000000000000000080000000000000000000000000000000000000010000000000001002000000000000000000000000000000000000000000000000000000000000000000000000000000000000000000000000000000000000000400000000",
	"root": null,
	"status": "0x1",
	"transactionHash": "0xbe34143c43239a8a4dc9d50add2dda47772e197f6a7ee962c54764045f3a9cbb",
	"transactionIndex": 43
}
[2018-04-30T13:18:05.095] [DEBUG] trans - TO:   0xbc84d75b7fcb35f182adc179c7d6e629b17087cb
[2018-04-30T13:18:05.095] [DEBUG] trans - AMOUNT:   35805000000000000000000
[2018-04-30T13:18:05.095] [DEBUG] trans - Receipt info:  {
	"blockHash": "0x35c660fd3b73267735f3a6271c107e41f11501b25401b344285d778884b81ffa",
	"blockNumber": 5532067,
	"contractAddress": null,
	"cumulativeGasUsed": 1793949,
	"gasUsed": 51653,
	"logs": [
		{
			"address": "0x7e9e431a0B8c4D532C745B1043c7FA29a48D4fBa",
			"blockHash": "0x35c660fd3b73267735f3a6271c107e41f11501b25401b344285d778884b81ffa",
			"blockNumber": 5532067,
			"data": "0x000000000000000000000000000000000000000000000794fe3144facd540000",
			"logIndex": 28,
			"topics": [
				"0xddf252ad1be2c89b69c2b068fc378daa952ba7f163c4a11628f55a4df523b3ef",
				"0x000000000000000000000000468b858c964f297fd8fce058032bf4b4911a8ad8",
				"0x000000000000000000000000bc84d75b7fcb35f182adc179c7d6e629b17087cb"
			],
			"transactionHash": "0x20ec4b17a363f1b47a80faf879a5ecc18b4c54fad1525583bbbfd6cdeb2719b4",
			"transactionIndex": 49,
			"transactionLogIndex": "0x0",
			"type": "mined",
			"id": "log_b60a3bef"
		}
	],
	"logsBloom": "0x00000000000000000000000000020000000000000000000000000000000000000000000000000000000000000000000000000000000000000000000000000000000000000000010000000008000000000000000000000000000000000020000000000000200000000000000000000000000000000000000000000010000020000000000000000000000000000000000000000000000000000000000000000000000000000000000080000000000000000000000000000000000000010000000000001002000000000000000000000000000010000000000000000000000000000000000000000000000000000000000000000000000000000000000000000000",
	"root": null,
	"status": "0x1",
	"transactionHash": "0x20ec4b17a363f1b47a80faf879a5ecc18b4c54fad1525583bbbfd6cdeb2719b4",
	"transactionIndex": 49
}
[2018-04-30T13:18:05.095] [DEBUG] trans - TO:   0xcc1ece750167382344f27a3384cfa1263d79228c
[2018-04-30T13:18:05.095] [DEBUG] trans - AMOUNT:   35823864100000000000000
[2018-04-30T13:18:05.095] [DEBUG] trans - Receipt info:  {
	"blockHash": "0x35c660fd3b73267735f3a6271c107e41f11501b25401b344285d778884b81ffa",
	"blockNumber": 5532067,
	"contractAddress": null,
	"cumulativeGasUsed": 1742296,
	"gasUsed": 51717,
	"logs": [
		{
			"address": "0x7e9e431a0B8c4D532C745B1043c7FA29a48D4fBa",
			"blockHash": "0x35c660fd3b73267735f3a6271c107e41f11501b25401b344285d778884b81ffa",
			"blockNumber": 5532067,
			"data": "0x00000000000000000000000000000000000000000000079603fc03fbc0c64000",
			"logIndex": 27,
			"topics": [
				"0xddf252ad1be2c89b69c2b068fc378daa952ba7f163c4a11628f55a4df523b3ef",
				"0x000000000000000000000000468b858c964f297fd8fce058032bf4b4911a8ad8",
				"0x000000000000000000000000cc1ece750167382344f27a3384cfa1263d79228c"
			],
			"transactionHash": "0x70e9df63351930ac959e0fdf62a977e887e4d54c3b4b4de8f72d35f1e2564335",
			"transactionIndex": 48,
			"transactionLogIndex": "0x0",
			"type": "mined",
			"id": "log_5d6f9cb9"
		}
	],
	"logsBloom": "0x00000000000000000000000000020000000000000000000000000000000000000000000000000000000000000000000000000000000000000000000000000000000000000000010000000008000000000000000000000000000000000020000000000000000000000000000000000000000000000000000000000010000000000000000000000000000000000000000000000000000000000008000000000000000000000000000080000000000000000000000000000000000000010000020000001002000000000000000000000000000000000000000000000000000000000000000000000000000000000000004000000000000000000000000000000000",
	"root": null,
	"status": "0x1",
	"transactionHash": "0x70e9df63351930ac959e0fdf62a977e887e4d54c3b4b4de8f72d35f1e2564335",
	"transactionIndex": 48
}
[2018-04-30T13:18:05.096] [DEBUG] trans - TO:   0x33b89f490a3733369463df250d16bc3a263c5d42
[2018-04-30T13:18:05.096] [DEBUG] trans - AMOUNT:   35842298000000000000000
[2018-04-30T13:18:05.096] [DEBUG] trans - Receipt info:  {
	"blockHash": "0x35c660fd3b73267735f3a6271c107e41f11501b25401b344285d778884b81ffa",
	"blockNumber": 5532067,
	"contractAddress": null,
	"cumulativeGasUsed": 1690579,
	"gasUsed": 51653,
	"logs": [
		{
			"address": "0x7e9e431a0B8c4D532C745B1043c7FA29a48D4fBa",
			"blockHash": "0x35c660fd3b73267735f3a6271c107e41f11501b25401b344285d778884b81ffa",
			"blockNumber": 5532067,
			"data": "0x00000000000000000000000000000000000000000000079703ce625dcdd90000",
			"logIndex": 26,
			"topics": [
				"0xddf252ad1be2c89b69c2b068fc378daa952ba7f163c4a11628f55a4df523b3ef",
				"0x000000000000000000000000468b858c964f297fd8fce058032bf4b4911a8ad8",
				"0x00000000000000000000000033b89f490a3733369463df250d16bc3a263c5d42"
			],
			"transactionHash": "0xb923cfc91e9578466a462945499d75229214674a09ae444e7ba069247e784f5a",
			"transactionIndex": 47,
			"transactionLogIndex": "0x0",
			"type": "mined",
			"id": "log_08f240ee"
		}
	],
	"logsBloom": "0x00000000100000000000000000020000000000000000000000000000000000000000000000000000000000000000000000000000000000000000000000000000000000000000010000000008000000000000000000000000000000000020000000000000000000000000000000000000000000000000000000000010000000000000000000000000000010000000000000000000000000000000000000000000000000000000000080000000000000000000000000000000000000010000000000001002000000000000000000000000000000000000000000000000000000000000000000000000000000000000000000000000000000000000000000000000",
	"root": null,
	"status": "0x1",
	"transactionHash": "0xb923cfc91e9578466a462945499d75229214674a09ae444e7ba069247e784f5a",
	"transactionIndex": 47
}
[2018-04-30T13:18:05.096] [DEBUG] trans - TO:   0x926aeb2e23d45a698413b3b6ed6b72a0ecc5d59d
[2018-04-30T13:18:05.096] [DEBUG] trans - AMOUNT:   35718949400000000000000
[2018-04-30T13:18:05.096] [DEBUG] trans - Receipt info:  {
	"blockHash": "0x35c660fd3b73267735f3a6271c107e41f11501b25401b344285d778884b81ffa",
	"blockNumber": 5532067,
	"contractAddress": null,
	"cumulativeGasUsed": 1845538,
	"gasUsed": 51589,
	"logs": [
		{
			"address": "0x7e9e431a0B8c4D532C745B1043c7FA29a48D4fBa",
			"blockHash": "0x35c660fd3b73267735f3a6271c107e41f11501b25401b344285d778884b81ffa",
			"blockNumber": 5532067,
			"data": "0x0000000000000000000000000000000000000000000007905400203200198000",
			"logIndex": 29,
			"topics": [
				"0xddf252ad1be2c89b69c2b068fc378daa952ba7f163c4a11628f55a4df523b3ef",
				"0x000000000000000000000000468b858c964f297fd8fce058032bf4b4911a8ad8",
				"0x000000000000000000000000926aeb2e23d45a698413b3b6ed6b72a0ecc5d59d"
			],
			"transactionHash": "0xeca6d56432220e72f19d6c59777770fabde2eee8e8590f3225e26fcd0a6ddc14",
			"transactionIndex": 50,
			"transactionLogIndex": "0x0",
			"type": "mined",
			"id": "log_0c1a6f90"
		}
	],
	"logsBloom": "0x00000000000000000000000000020000000000000000000000000000000000000000000000000000080000000000000000000000000000000000000000000000000000000000010000000008000000000000000000000000000000000020000000000000000000000000000000000000000100000000000200000010000000000000000000000000000000000000000000000000000000000000000000000000000000000000000080000000000000000000000000000000000000010000000000001002000000000000000000000000000000000000000000000000000000000000000000000000000000000000000000000000000000000000000000000000",
	"root": null,
	"status": "0x1",
	"transactionHash": "0xeca6d56432220e72f19d6c59777770fabde2eee8e8590f3225e26fcd0a6ddc14",
	"transactionIndex": 50
}
[2018-04-30T13:18:05.096] [DEBUG] trans - TO:   0xadd62e322dcfda3cfd57d78b70799f01389c5ae3
[2018-04-30T13:18:05.096] [DEBUG] trans - AMOUNT:   35701163900000000000000
[2018-04-30T13:18:05.096] [DEBUG] trans - Receipt info:  {
	"blockHash": "0x35c660fd3b73267735f3a6271c107e41f11501b25401b344285d778884b81ffa",
	"blockNumber": 5532067,
	"contractAddress": null,
	"cumulativeGasUsed": 1948972,
	"gasUsed": 51717,
	"logs": [
		{
			"address": "0x7e9e431a0B8c4D532C745B1043c7FA29a48D4fBa",
			"blockHash": "0x35c660fd3b73267735f3a6271c107e41f11501b25401b344285d778884b81ffa",
			"blockNumber": 5532067,
			"data": "0x00000000000000000000000000000000000000000000078f5d2d562d4b63c000",
			"logIndex": 31,
			"topics": [
				"0xddf252ad1be2c89b69c2b068fc378daa952ba7f163c4a11628f55a4df523b3ef",
				"0x000000000000000000000000468b858c964f297fd8fce058032bf4b4911a8ad8",
				"0x000000000000000000000000add62e322dcfda3cfd57d78b70799f01389c5ae3"
			],
			"transactionHash": "0x10651e3d071c412b602c117f3bb7c8373df0fa946fe2c1b412ddf10b6e3287f1",
			"transactionIndex": 52,
			"transactionLogIndex": "0x0",
			"type": "mined",
			"id": "log_544e426e"
		}
	],
	"logsBloom": "0x00000000000000000000000000020000000000000000000000000000000000000000000000000000000000000000000000000000000000000000000000000000000000000000010000000008000000000000000000000000000000000020000000000000000000000000000000000000000000000000000000000010000000000000000000008000000000000000000000000000000000000000000000000400000000000000000080000000000000000000000000000000000000010000000000001002000000000000000000000000000000000000000000000000000000000000000000000000000000000000000000000010000000000000000000000000",
	"root": null,
	"status": "0x1",
	"transactionHash": "0x10651e3d071c412b602c117f3bb7c8373df0fa946fe2c1b412ddf10b6e3287f1",
	"transactionIndex": 52
}
[2018-04-30T13:18:05.097] [DEBUG] trans - TO:   0xd01821852920e6ade4c7fa0f9f389798e549e924
[2018-04-30T13:18:05.097] [DEBUG] trans - AMOUNT:   35629143700000000000000
[2018-04-30T13:18:05.097] [DEBUG] trans - Receipt info:  {
	"blockHash": "0x35c660fd3b73267735f3a6271c107e41f11501b25401b344285d778884b81ffa",
	"blockNumber": 5532067,
	"contractAddress": null,
	"cumulativeGasUsed": 2155712,
	"gasUsed": 51717,
	"logs": [
		{
			"address": "0x7e9e431a0B8c4D532C745B1043c7FA29a48D4fBa",
			"blockHash": "0x35c660fd3b73267735f3a6271c107e41f11501b25401b344285d778884b81ffa",
			"blockNumber": 5532067,
			"data": "0x00000000000000000000000000000000000000000000078b75b22fdb36cd4000",
			"logIndex": 35,
			"topics": [
				"0xddf252ad1be2c89b69c2b068fc378daa952ba7f163c4a11628f55a4df523b3ef",
				"0x000000000000000000000000468b858c964f297fd8fce058032bf4b4911a8ad8",
				"0x000000000000000000000000d01821852920e6ade4c7fa0f9f389798e549e924"
			],
			"transactionHash": "0x51b9e14ff100371e4c359ed4d3ed4e6e07a9d567b2e5d249b63efab67630b7aa",
			"transactionIndex": 56,
			"transactionLogIndex": "0x0",
			"type": "mined",
			"id": "log_be24350c"
		}
	],
	"logsBloom": "0x00000000000000000000000000020000000000000000001000000000000000000000000000000000000000000000000000000000000000000000000000000000000000000000010000000008000000000000000000000000000000000020000000000000000000000000000000000000000000000000000000000010000000000000000000000000000000000000000000000000000000000000000000000000000000000000000080000000000000000000000000000000000000010000000000001003000000000000000000000000000000000000000000000000000000000000080000000000000000000000000000000000000000000000000000000000",
	"root": null,
	"status": "0x1",
	"transactionHash": "0x51b9e14ff100371e4c359ed4d3ed4e6e07a9d567b2e5d249b63efab67630b7aa",
	"transactionIndex": 56
}
[2018-04-30T13:18:05.098] [DEBUG] trans - TO:   0x4910a253296e1357a4fd1d86883200d7282ee9e6
[2018-04-30T13:18:05.098] [DEBUG] trans - AMOUNT:   35631690900000000000000
[2018-04-30T13:18:05.098] [DEBUG] trans - Receipt info:  {
	"blockHash": "0x35c660fd3b73267735f3a6271c107e41f11501b25401b344285d778884b81ffa",
	"blockNumber": 5532067,
	"contractAddress": null,
	"cumulativeGasUsed": 2103995,
	"gasUsed": 51653,
	"logs": [
		{
			"address": "0x7e9e431a0B8c4D532C745B1043c7FA29a48D4fBa",
			"blockHash": "0x35c660fd3b73267735f3a6271c107e41f11501b25401b344285d778884b81ffa",
			"blockNumber": 5532067,
			"data": "0x00000000000000000000000000000000000000000000078b990ba8c2baad4000",
			"logIndex": 34,
			"topics": [
				"0xddf252ad1be2c89b69c2b068fc378daa952ba7f163c4a11628f55a4df523b3ef",
				"0x000000000000000000000000468b858c964f297fd8fce058032bf4b4911a8ad8",
				"0x0000000000000000000000004910a253296e1357a4fd1d86883200d7282ee9e6"
			],
			"transactionHash": "0x5456d7b0f6fbeeed983ac989b5f510c5a69b855beaf6526c11ff09b2776c8574",
			"transactionIndex": 55,
			"transactionLogIndex": "0x0",
			"type": "mined",
			"id": "log_a1e77576"
		}
	],
	"logsBloom": "0x00000000000000000000000000020000000000000000000000000000000000000000000000000000000000000000000000000000000000000000000000000000000000000000010000000008000000000000000000000000000000000020000000000000000000000000000000000000000000000000000000000010000000000000000000000000000000000000000000000000000000000000000000000000000000000000000080000000000000000000400000000000000000010000000000001003000000000000000000001000000000000000000000000000000000000000000000000000000000000000000000000000000000000000000000000000",
	"root": null,
	"status": "0x1",
	"transactionHash": "0x5456d7b0f6fbeeed983ac989b5f510c5a69b855beaf6526c11ff09b2776c8574",
	"transactionIndex": 55
}
[2018-04-30T13:18:05.098] [DEBUG] trans - TO:   0x925134a35fcb2e53969e88f6f870aa69465817df
[2018-04-30T13:18:05.098] [DEBUG] trans - AMOUNT:   35652000000000000000000
[2018-04-30T13:18:05.098] [DEBUG] trans - Receipt info:  {
	"blockHash": "0x35c660fd3b73267735f3a6271c107e41f11501b25401b344285d778884b81ffa",
	"blockNumber": 5532067,
	"contractAddress": null,
	"cumulativeGasUsed": 2052342,
	"gasUsed": 51653,
	"logs": [
		{
			"address": "0x7e9e431a0B8c4D532C745B1043c7FA29a48D4fBa",
			"blockHash": "0x35c660fd3b73267735f3a6271c107e41f11501b25401b344285d778884b81ffa",
			"blockNumber": 5532067,
			"data": "0x00000000000000000000000000000000000000000000078cb2e4139bc2900000",
			"logIndex": 33,
			"topics": [
				"0xddf252ad1be2c89b69c2b068fc378daa952ba7f163c4a11628f55a4df523b3ef",
				"0x000000000000000000000000468b858c964f297fd8fce058032bf4b4911a8ad8",
				"0x000000000000000000000000925134a35fcb2e53969e88f6f870aa69465817df"
			],
			"transactionHash": "0xab4b2346a7309551ccb7d9d86be110d05871dd28d441d3a6879049e418cc73f7",
			"transactionIndex": 54,
			"transactionLogIndex": "0x0",
			"type": "mined",
			"id": "log_f950d0fd"
		}
	],
	"logsBloom": "0x00000000000000000000000000020000000000000000000000000000000000000000000000000000000000000000000000004000000000000000000000000000000000000000010000000008000000000000000000000000000000000020000000000000000000000000000000000000000000000000000000000010000000000000000000000000000000000000000000000000000000000000000000000000000000000080000080000000000000000000000000000000000000010000000000001002000000000000000000000000000000000000000000000000000000000000000000000000000000000000000000000000000000000000000000000000",
	"root": null,
	"status": "0x1",
	"transactionHash": "0xab4b2346a7309551ccb7d9d86be110d05871dd28d441d3a6879049e418cc73f7",
	"transactionIndex": 54
}
[2018-04-30T13:18:05.098] [DEBUG] trans - TO:   0xcf46fd452131062962c8fad31426bbb65a11ed7f
[2018-04-30T13:18:05.099] [DEBUG] trans - AMOUNT:   35618715700000000000000
[2018-04-30T13:18:05.099] [DEBUG] trans - Receipt info:  {
	"blockHash": "0x35c660fd3b73267735f3a6271c107e41f11501b25401b344285d778884b81ffa",
	"blockNumber": 5532067,
	"contractAddress": null,
	"cumulativeGasUsed": 2207429,
	"gasUsed": 51717,
	"logs": [
		{
			"address": "0x7e9e431a0B8c4D532C745B1043c7FA29a48D4fBa",
			"blockHash": "0x35c660fd3b73267735f3a6271c107e41f11501b25401b344285d778884b81ffa",
			"blockNumber": 5532067,
			"data": "0x00000000000000000000000000000000000000000000078ae4fa7d1b31074000",
			"logIndex": 36,
			"topics": [
				"0xddf252ad1be2c89b69c2b068fc378daa952ba7f163c4a11628f55a4df523b3ef",
				"0x000000000000000000000000468b858c964f297fd8fce058032bf4b4911a8ad8",
				"0x000000000000000000000000cf46fd452131062962c8fad31426bbb65a11ed7f"
			],
			"transactionHash": "0xa9b4b3fb53b4276a79d5535779a2578d7d21ebcd8d131cfde1024e71a1e6c69d",
			"transactionIndex": 57,
			"transactionLogIndex": "0x0",
			"type": "mined",
			"id": "log_6b908b00"
		}
	],
	"logsBloom": "0x00000000000000000000000000020000000000000000000000000000000000000000000000000000000020000000000000000000000000000000000000000000000000000000010000000008000000000000000000000000000000000020000000000000000000000000000000000000000000000000000000000010000000000200000000000000000000000000000000000000000000000000000000000000000000000000000080000000000000000000000000000000000000010000000000001002000000000000000000000000000000000000000000000000000000000000200000000000000000000000000000000000000000000000000000000000",
	"root": null,
	"status": "0x1",
	"transactionHash": "0xa9b4b3fb53b4276a79d5535779a2578d7d21ebcd8d131cfde1024e71a1e6c69d",
	"transactionIndex": 57
}
[2018-04-30T13:18:05.099] [DEBUG] trans - TO:   0x69aafe089dc5c2492d10dcbd0cc5ea57b5deaec7
[2018-04-30T13:18:05.099] [DEBUG] trans - AMOUNT:   35612404300000000000000
[2018-04-30T13:18:05.099] [DEBUG] trans - Receipt info:  {
	"blockHash": "0x35c660fd3b73267735f3a6271c107e41f11501b25401b344285d778884b81ffa",
	"blockNumber": 5532067,
	"contractAddress": null,
	"cumulativeGasUsed": 2259146,
	"gasUsed": 51717,
	"logs": [
		{
			"address": "0x7e9e431a0B8c4D532C745B1043c7FA29a48D4fBa",
			"blockHash": "0x35c660fd3b73267735f3a6271c107e41f11501b25401b344285d778884b81ffa",
			"blockNumber": 5532067,
			"data": "0x00000000000000000000000000000000000000000000078a8d63e43ed5a0c000",
			"logIndex": 37,
			"topics": [
				"0xddf252ad1be2c89b69c2b068fc378daa952ba7f163c4a11628f55a4df523b3ef",
				"0x000000000000000000000000468b858c964f297fd8fce058032bf4b4911a8ad8",
				"0x00000000000000000000000069aafe089dc5c2492d10dcbd0cc5ea57b5deaec7"
			],
			"transactionHash": "0xcb27d399ddc14fda1aca488dbbfb3034d81016e8b37daeb7e709964a7d8640bd",
			"transactionIndex": 58,
			"transactionLogIndex": "0x0",
			"type": "mined",
			"id": "log_99eff68f"
		}
	],
	"logsBloom": "0x00000000000000000000000000020000000000000000000000000000000000000000000000000000000000000000000000000000000000000000000000000000000000000000010000000008000000000000000000400000000000000020000000000000000000000000000000000000000000000000000000000010040000000000000000000000000000000000000000000000000000000000000000000000000000000000000080000000000000000000000000800000000000010000000000001002000000000000000000000000000000000000000000000000000000000000000000000000000000000000000000000000000000000000000000000000",
	"root": null,
	"status": "0x1",
	"transactionHash": "0xcb27d399ddc14fda1aca488dbbfb3034d81016e8b37daeb7e709964a7d8640bd",
	"transactionIndex": 58
}
[2018-04-30T13:18:05.099] [DEBUG] trans - TO:   0xbfb3c40ddf2faa44b79ddafdc7c6a0e66e0bfa7a
[2018-04-30T13:18:05.100] [DEBUG] trans - AMOUNT:   35911200000000000000000
[2018-04-30T13:18:05.100] [DEBUG] trans - Receipt info:  {
	"blockHash": "0x35c660fd3b73267735f3a6271c107e41f11501b25401b344285d778884b81ffa",
	"blockNumber": 5532067,
	"contractAddress": null,
	"cumulativeGasUsed": 1587273,
	"gasUsed": 51653,
	"logs": [
		{
			"address": "0x7e9e431a0B8c4D532C745B1043c7FA29a48D4fBa",
			"blockHash": "0x35c660fd3b73267735f3a6271c107e41f11501b25401b344285d778884b81ffa",
			"blockNumber": 5532067,
			"data": "0x00000000000000000000000000000000000000000000079ac003764ed7d00000",
			"logIndex": 24,
			"topics": [
				"0xddf252ad1be2c89b69c2b068fc378daa952ba7f163c4a11628f55a4df523b3ef",
				"0x000000000000000000000000468b858c964f297fd8fce058032bf4b4911a8ad8",
				"0x000000000000000000000000bfb3c40ddf2faa44b79ddafdc7c6a0e66e0bfa7a"
			],
			"transactionHash": "0x271d3316fb82263e5d162f4d412ab03aaa48ca2433c18bde74ffcabced662b27",
			"transactionIndex": 45,
			"transactionLogIndex": "0x0",
			"type": "mined",
			"id": "log_3797a306"
		}
	],
	"logsBloom": "0x00000000000000000000000000020000000000000000000000000000000000000000004000000000000000000000000000000000000000000000000000000000000000000000010000000008000000000000000000000000000000000020000000000000000000000000000000000000000000000000000000000010008000000000000000000000000000000000000000000000000000000000000000000000000000000000000080000000000000000000000000000000000000010000000000001002000000000000000000000000000000000000000000000100000000000000000000000000000000000000000000000000000000000000000000000000",
	"root": null,
	"status": "0x1",
	"transactionHash": "0x271d3316fb82263e5d162f4d412ab03aaa48ca2433c18bde74ffcabced662b27",
	"transactionIndex": 45
}
[2018-04-30T13:18:05.101] [DEBUG] trans - TO:   0xbb719823321cd1ba7f360653667d3e36fe6052f7
[2018-04-30T13:18:05.101] [DEBUG] trans - AMOUNT:   35845811200000000000000
[2018-04-30T13:18:05.101] [DEBUG] trans - Receipt info:  {
	"blockHash": "0x35c660fd3b73267735f3a6271c107e41f11501b25401b344285d778884b81ffa",
	"blockNumber": 5532067,
	"contractAddress": null,
	"cumulativeGasUsed": 1638926,
	"gasUsed": 51653,
	"logs": [
		{
			"address": "0x7e9e431a0B8c4D532C745B1043c7FA29a48D4fBa",
			"blockHash": "0x35c660fd3b73267735f3a6271c107e41f11501b25401b344285d778884b81ffa",
			"blockNumber": 5532067,
			"data": "0x000000000000000000000000000000000000000000000797348fc72716c00000",
			"logIndex": 25,
			"topics": [
				"0xddf252ad1be2c89b69c2b068fc378daa952ba7f163c4a11628f55a4df523b3ef",
				"0x000000000000000000000000468b858c964f297fd8fce058032bf4b4911a8ad8",
				"0x000000000000000000000000bb719823321cd1ba7f360653667d3e36fe6052f7"
			],
			"transactionHash": "0x6859b665dc189af05274a63e0ffc6482a0dbbe8d84b1570956ed6251195a13f7",
			"transactionIndex": 46,
			"transactionLogIndex": "0x0",
			"type": "mined",
			"id": "log_7685419d"
		}
	],
	"logsBloom": "0x00000000000000000000000000020000000000000000000000004000000000000000000000000000000000000000000000000000008000000000000000000000000000000000010000000008000000000000000000000000000000000020000000000000000000000000000000000000000000000000000000000010000000000000000000000000000000000000000000000000000000000000000000000000000000000000000080000000000000000000000000000000000000010000000000001002000000000000000000000000000000000000000000000000000000000000000000000000000000000008000000000000000000000000000000000000",
	"root": null,
	"status": "0x1",
	"transactionHash": "0x6859b665dc189af05274a63e0ffc6482a0dbbe8d84b1570956ed6251195a13f7",
	"transactionIndex": 46
}
[2018-04-30T13:18:05.101] [DEBUG] trans - TO:   0x4cb6602b926f88b1f95c6133e2f8f08b3fc15e97
[2018-04-30T13:18:05.101] [DEBUG] trans - AMOUNT:   35411873600000000000000
[2018-04-30T13:18:05.101] [DEBUG] trans - Receipt info:  {
	"blockHash": "0x35c660fd3b73267735f3a6271c107e41f11501b25401b344285d778884b81ffa",
	"blockNumber": 5532067,
	"contractAddress": null,
	"cumulativeGasUsed": 2362516,
	"gasUsed": 51653,
	"logs": [
		{
			"address": "0x7e9e431a0B8c4D532C745B1043c7FA29a48D4fBa",
			"blockHash": "0x35c660fd3b73267735f3a6271c107e41f11501b25401b344285d778884b81ffa",
			"blockNumber": 5532067,
			"data": "0x00000000000000000000000000000000000000000000077fae77bb0d79340000",
			"logIndex": 39,
			"topics": [
				"0xddf252ad1be2c89b69c2b068fc378daa952ba7f163c4a11628f55a4df523b3ef",
				"0x000000000000000000000000468b858c964f297fd8fce058032bf4b4911a8ad8",
				"0x0000000000000000000000004cb6602b926f88b1f95c6133e2f8f08b3fc15e97"
			],
			"transactionHash": "0x91025295a1d643392e365a89c41373ee9f43d6487e77c52bba5fe453bfbcf442",
			"transactionIndex": 60,
			"transactionLogIndex": "0x0",
			"type": "mined",
			"id": "log_bae2dc91"
		}
	],
	"logsBloom": "0x80000000000000000000000000020000000000000000000000000000000000000000000000000000000000000000000000000000000000000000000000000000000000000000010000000008000000000000000000000000000000000020000000000000000000000000000000000000000000000000000000000010000000000000000000000000000000000000000000000000000000000000000000000000000000000000000080000000000000000000000000000000000000010000000000001002000000000000000000000000000000000000000000000000000000000000000010000000000000000100000000000000000000000000000000000000",
	"root": null,
	"status": "0x1",
	"transactionHash": "0x91025295a1d643392e365a89c41373ee9f43d6487e77c52bba5fe453bfbcf442",
	"transactionIndex": 60
}
[2018-04-30T13:18:05.102] [DEBUG] trans - TO:   0x75cce6acaf146f98074f24ed2a3a807f9bc0789b
[2018-04-30T13:18:05.102] [DEBUG] trans - AMOUNT:   35382595400000000000000
[2018-04-30T13:18:05.102] [DEBUG] trans - Receipt info:  {
	"blockHash": "0x35c660fd3b73267735f3a6271c107e41f11501b25401b344285d778884b81ffa",
	"blockNumber": 5532067,
	"contractAddress": null,
	"cumulativeGasUsed": 2517539,
	"gasUsed": 51717,
	"logs": [
		{
			"address": "0x7e9e431a0B8c4D532C745B1043c7FA29a48D4fBa",
			"blockHash": "0x35c660fd3b73267735f3a6271c107e41f11501b25401b344285d778884b81ffa",
			"blockNumber": 5532067,
			"data": "0x00000000000000000000000000000000000000000000077e1826ab46725c8000",
			"logIndex": 42,
			"topics": [
				"0xddf252ad1be2c89b69c2b068fc378daa952ba7f163c4a11628f55a4df523b3ef",
				"0x000000000000000000000000468b858c964f297fd8fce058032bf4b4911a8ad8",
				"0x00000000000000000000000075cce6acaf146f98074f24ed2a3a807f9bc0789b"
			],
			"transactionHash": "0xa5b305a09bfd7d621d57677467ba41b96db8a84e1941e57ba909853470a9ad47",
			"transactionIndex": 63,
			"transactionLogIndex": "0x0",
			"type": "mined",
			"id": "log_e788269a"
		}
	],
	"logsBloom": "0x00000000000000000000000000020000000000000000000000000000000000000000000000000000000000000000000000000000000000000000000000000000000000000000010000000008200000000000000000000000000000000020000000000000000000000200000000000000000000000000000000000010000000000000000000000000000000000000000002000000000000000000000000000000000000000000000080000000000000000000000000000000000000010000000000001002000000000000000000000000000000000000000000000000000000000000000000000000000000000000000000000000000000000000000000000000",
	"root": null,
	"status": "0x1",
	"transactionHash": "0xa5b305a09bfd7d621d57677467ba41b96db8a84e1941e57ba909853470a9ad47",
	"transactionIndex": 63
}
[2018-04-30T13:18:05.102] [DEBUG] trans - TO:   0x913e1778d71dfc1944ec62436bf0fe90cd82693d
[2018-04-30T13:18:05.102] [DEBUG] trans - AMOUNT:   35395000000000000000000
[2018-04-30T13:18:05.102] [DEBUG] trans - Receipt info:  {
	"blockHash": "0x35c660fd3b73267735f3a6271c107e41f11501b25401b344285d778884b81ffa",
	"blockNumber": 5532067,
	"contractAddress": null,
	"cumulativeGasUsed": 2414169,
	"gasUsed": 51653,
	"logs": [
		{
			"address": "0x7e9e431a0B8c4D532C745B1043c7FA29a48D4fBa",
			"blockHash": "0x35c660fd3b73267735f3a6271c107e41f11501b25401b344285d778884b81ffa",
			"blockNumber": 5532067,
			"data": "0x00000000000000000000000000000000000000000000077ec44ca940b72c0000",
			"logIndex": 40,
			"topics": [
				"0xddf252ad1be2c89b69c2b068fc378daa952ba7f163c4a11628f55a4df523b3ef",
				"0x000000000000000000000000468b858c964f297fd8fce058032bf4b4911a8ad8",
				"0x000000000000000000000000913e1778d71dfc1944ec62436bf0fe90cd82693d"
			],
			"transactionHash": "0x262a077acee67d5df71742f8ecbaf90b1c9bba419e614a6d8af7a0bda2223283",
			"transactionIndex": 61,
			"transactionLogIndex": "0x0",
			"type": "mined",
			"id": "log_58b7f152"
		}
	],
	"logsBloom": "0x00000000000000000000000000020000000000000000000000000000000000000000000000000000000000000000000000000000000000000000000000000000000000000000010000000008000000008000000000000000000000000020000000000000000000000000000000000000000000000000000000000010000000000000000000000000000000000000000000000000000000000000000000000000000000000000000080000000000000000000000000000000000000010000000000001002000000000000000000000000000000000000000000000000000000000000040000000000000000000000000000000000000000000800000000000000",
	"root": null,
	"status": "0x1",
	"transactionHash": "0x262a077acee67d5df71742f8ecbaf90b1c9bba419e614a6d8af7a0bda2223283",
	"transactionIndex": 61
}
[2018-04-30T13:18:05.105] [DEBUG] trans - TO:   0xf99e7de2d3ef6feaf38da924f17ce26faf759428
[2018-04-30T13:18:05.105] [DEBUG] trans - AMOUNT:   35692667700000000000000
[2018-04-30T13:18:05.105] [DEBUG] trans - Receipt info:  {
	"blockHash": "0x35c660fd3b73267735f3a6271c107e41f11501b25401b344285d778884b81ffa",
	"blockNumber": 5532067,
	"contractAddress": null,
	"cumulativeGasUsed": 2000689,
	"gasUsed": 51717,
	"logs": [
		{
			"address": "0x7e9e431a0B8c4D532C745B1043c7FA29a48D4fBa",
			"blockHash": "0x35c660fd3b73267735f3a6271c107e41f11501b25401b344285d778884b81ffa",
			"blockNumber": 5532067,
			"data": "0x00000000000000000000000000000000000000000000078ee744c54aaeb74000",
			"logIndex": 32,
			"topics": [
				"0xddf252ad1be2c89b69c2b068fc378daa952ba7f163c4a11628f55a4df523b3ef",
				"0x000000000000000000000000468b858c964f297fd8fce058032bf4b4911a8ad8",
				"0x000000000000000000000000f99e7de2d3ef6feaf38da924f17ce26faf759428"
			],
			"transactionHash": "0x53df40744e0edddcfa399d179af28b25b695f9b033cbbd5ee2e0457bda1741e2",
			"transactionIndex": 53,
			"transactionLogIndex": "0x0",
			"type": "mined",
			"id": "log_e70dc133"
		}
	],
	"logsBloom": "0x00000000000000000000000000020000000000000000000000000000000000000000000000000000000000000000000000000000000000000000000000000000000000000000010000000008000000000000000000000000000000000020000000000000000000000000000000000000080000000000000020000010000000000000000000000000000800000000000000000000000000000000000000000000000000000000000080000000000000000000000000000000000000010000000000001002000000000000000000000000000000000000000000000000000000000000000000000000000000000000000000000000000000000000000000000000",
	"root": null,
	"status": "0x1",
	"transactionHash": "0x53df40744e0edddcfa399d179af28b25b695f9b033cbbd5ee2e0457bda1741e2",
	"transactionIndex": 53
}
[2018-04-30T13:18:05.105] [DEBUG] trans - TO:   0x26f23a7a2797033e94c8143a3d68819e4cc8ace6
[2018-04-30T13:18:05.105] [DEBUG] trans - AMOUNT:   35189080400000000000000
[2018-04-30T13:18:05.105] [DEBUG] trans - Receipt info:  {
	"blockHash": "0x35c660fd3b73267735f3a6271c107e41f11501b25401b344285d778884b81ffa",
	"blockNumber": 5532067,
	"contractAddress": null,
	"cumulativeGasUsed": 2724279,
	"gasUsed": 51653,
	"logs": [
		{
			"address": "0x7e9e431a0B8c4D532C745B1043c7FA29a48D4fBa",
			"blockHash": "0x35c660fd3b73267735f3a6271c107e41f11501b25401b344285d778884b81ffa",
			"blockNumber": 5532067,
			"data": "0x0000000000000000000000000000000000000000000007739a97480fc4a50000",
			"logIndex": 46,
			"topics": [
				"0xddf252ad1be2c89b69c2b068fc378daa952ba7f163c4a11628f55a4df523b3ef",
				"0x000000000000000000000000468b858c964f297fd8fce058032bf4b4911a8ad8",
				"0x00000000000000000000000026f23a7a2797033e94c8143a3d68819e4cc8ace6"
			],
			"transactionHash": "0x67fca4544f579a956a3e9917db7016f358ad2e296519b4deadd558c20e2f502f",
			"transactionIndex": 67,
			"transactionLogIndex": "0x0",
			"type": "mined",
			"id": "log_c4be855e"
		}
	],
	"logsBloom": "0x00000000000000000000000010020000000000000000000000000000000000000000080000000000000000000000000000000000000000000000000000000000000000000000010000800008000000000000000000000000000000000020000000000000000000000000000000000000000000000000000000000010000000000000000000000000000000000000000000000000000000000000000000000000000000000000000080000000000000000000000000000000000000010000000000001002000000000000000000000000000000000000000000000000000000000000000000000000000000000000000000000000000000000000000000000000",
	"root": null,
	"status": "0x1",
	"transactionHash": "0x67fca4544f579a956a3e9917db7016f358ad2e296519b4deadd558c20e2f502f",
	"transactionIndex": 67
}
[2018-04-30T13:18:05.105] [DEBUG] trans - TO:   0xbfd36fe7a843852f7d6ee984b37b5b6598b15d89
[2018-04-30T13:18:05.105] [DEBUG] trans - AMOUNT:   35306166500000000000000
[2018-04-30T13:18:05.105] [DEBUG] trans - Receipt info:  {
	"blockHash": "0x35c660fd3b73267735f3a6271c107e41f11501b25401b344285d778884b81ffa",
	"blockNumber": 5532067,
	"contractAddress": null,
	"cumulativeGasUsed": 2569256,
	"gasUsed": 51717,
	"logs": [
		{
			"address": "0x7e9e431a0B8c4D532C745B1043c7FA29a48D4fBa",
			"blockHash": "0x35c660fd3b73267735f3a6271c107e41f11501b25401b344285d778884b81ffa",
			"blockNumber": 5532067,
			"data": "0x000000000000000000000000000000000000000000000779f37caba9b0824000",
			"logIndex": 43,
			"topics": [
				"0xddf252ad1be2c89b69c2b068fc378daa952ba7f163c4a11628f55a4df523b3ef",
				"0x000000000000000000000000468b858c964f297fd8fce058032bf4b4911a8ad8",
				"0x000000000000000000000000bfd36fe7a843852f7d6ee984b37b5b6598b15d89"
			],
			"transactionHash": "0x70870a9f668600fc8f6bcebfd8294cc13ce97e80ca498a3d662cfa963e29601e",
			"transactionIndex": 64,
			"transactionLogIndex": "0x0",
			"type": "mined",
			"id": "log_9cd03418"
		}
	],
	"logsBloom": "0x00000000000000000000000000020000000000000000000000000000000000000000000080000000000000000000000000000000000000000000000000000000000000000000010000000008000000000000000000000000000000000020000000000000000000000000000000000000000000000000000000000010000000080000000000000000000000000000000000000000000000000000000000000000000000000000000080000000000000000000000000000000000000010000000000001042000000000000000000000000000000000000000000000000000000000000000000000000000000000000000000000000000000000000000000000000",
	"root": null,
	"status": "0x1",
	"transactionHash": "0x70870a9f668600fc8f6bcebfd8294cc13ce97e80ca498a3d662cfa963e29601e",
	"transactionIndex": 64
}
[2018-04-30T13:18:05.106] [DEBUG] trans - TO:   0xac1ab3c512d7319505cd9d0d7327cde46c747a10
[2018-04-30T13:18:05.106] [DEBUG] trans - AMOUNT:   35278612000000000000000
[2018-04-30T13:18:05.106] [DEBUG] trans - Receipt info:  {
	"blockHash": "0x35c660fd3b73267735f3a6271c107e41f11501b25401b344285d778884b81ffa",
	"blockNumber": 5532067,
	"contractAddress": null,
	"cumulativeGasUsed": 2620909,
	"gasUsed": 51653,
	"logs": [
		{
			"address": "0x7e9e431a0B8c4D532C745B1043c7FA29a48D4fBa",
			"blockHash": "0x35c660fd3b73267735f3a6271c107e41f11501b25401b344285d778884b81ffa",
			"blockNumber": 5532067,
			"data": "0x00000000000000000000000000000000000000000000077875176be721020000",
			"logIndex": 44,
			"topics": [
				"0xddf252ad1be2c89b69c2b068fc378daa952ba7f163c4a11628f55a4df523b3ef",
				"0x000000000000000000000000468b858c964f297fd8fce058032bf4b4911a8ad8",
				"0x000000000000000000000000ac1ab3c512d7319505cd9d0d7327cde46c747a10"
			],
			"transactionHash": "0x5cc6c885d8f106dae70d418dcbc3178708c03a74b68aecda1e4e7fa5aa0fa7e4",
			"transactionIndex": 65,
			"transactionLogIndex": "0x0",
			"type": "mined",
			"id": "log_ff785761"
		}
	],
	"logsBloom": "0x00000000000000000000000000020000000000000000000000000000000000004000000000000000000000000000000000000000000800000000000000008000000000000000010000000008000000000000000000000000000000000020000000000000000000000000000000000000000000000000000000000010000000000000000000000000000000000000000000000000000000000000000000000000000000000000000080000000000000000000000000000000000000010000000000001002000000000000000000000000000000000000000000000000000000000000000000000000000000000000000000000000000000000000000000000000",
	"root": null,
	"status": "0x1",
	"transactionHash": "0x5cc6c885d8f106dae70d418dcbc3178708c03a74b68aecda1e4e7fa5aa0fa7e4",
	"transactionIndex": 65
}
[2018-04-30T13:18:05.106] [DEBUG] trans - TO:   0x714b278863052e52da521ad920e5abbb6a55f1d6
[2018-04-30T13:18:05.106] [DEBUG] trans - AMOUNT:   35187337000000000000000
[2018-04-30T13:18:05.106] [DEBUG] trans - Receipt info:  {
	"blockHash": "0x35c660fd3b73267735f3a6271c107e41f11501b25401b344285d778884b81ffa",
	"blockNumber": 5532067,
	"contractAddress": null,
	"cumulativeGasUsed": 2775996,
	"gasUsed": 51717,
	"logs": [
		{
			"address": "0x7e9e431a0B8c4D532C745B1043c7FA29a48D4fBa",
			"blockHash": "0x35c660fd3b73267735f3a6271c107e41f11501b25401b344285d778884b81ffa",
			"blockNumber": 5532067,
			"data": "0x00000000000000000000000000000000000000000000077382657aff9f3a8000",
			"logIndex": 47,
			"topics": [
				"0xddf252ad1be2c89b69c2b068fc378daa952ba7f163c4a11628f55a4df523b3ef",
				"0x000000000000000000000000468b858c964f297fd8fce058032bf4b4911a8ad8",
				"0x000000000000000000000000714b278863052e52da521ad920e5abbb6a55f1d6"
			],
			"transactionHash": "0xbb38663a7815e28bef2cca8276293e2c3976d42c1b7b63062c7538ddae082e0f",
			"transactionIndex": 68,
			"transactionLogIndex": "0x0",
			"type": "mined",
			"id": "log_91599602"
		}
	],
	"logsBloom": "0x00000000000000000000000000020000000000000000000000000000000000000000000000000020000000000000000000000000000000000000000000000000000000000000010000000008000000000000000000000000000000000020000000000000000000000000000000000000000000000000000000000010000000040000000000000000000000000000000000000000000080000000000000000000000000000000000080000000000000000000000000000000000000010000000000001002000000000000000000000000000000000000000000000000000000000000000000000000000000000000000000000000000000000000000000000000",
	"root": null,
	"status": "0x1",
	"transactionHash": "0xbb38663a7815e28bef2cca8276293e2c3976d42c1b7b63062c7538ddae082e0f",
	"transactionIndex": 68
}
[2018-04-30T13:18:05.107] [DEBUG] trans - TO:   0x7dc52c900b56650ad03d6fd2140e8ee36350a919
[2018-04-30T13:18:05.107] [DEBUG] trans - AMOUNT:   35600441500000000000000
[2018-04-30T13:18:05.107] [DEBUG] trans - Receipt info:  {
	"blockHash": "0x35c660fd3b73267735f3a6271c107e41f11501b25401b344285d778884b81ffa",
	"blockNumber": 5532067,
	"contractAddress": null,
	"cumulativeGasUsed": 2310863,
	"gasUsed": 51717,
	"logs": [
		{
			"address": "0x7e9e431a0B8c4D532C745B1043c7FA29a48D4fBa",
			"blockHash": "0x35c660fd3b73267735f3a6271c107e41f11501b25401b344285d778884b81ffa",
			"blockNumber": 5532067,
			"data": "0x000000000000000000000000000000000000000000000789e75f7d06ee95c000",
			"logIndex": 38,
			"topics": [
				"0xddf252ad1be2c89b69c2b068fc378daa952ba7f163c4a11628f55a4df523b3ef",
				"0x000000000000000000000000468b858c964f297fd8fce058032bf4b4911a8ad8",
				"0x0000000000000000000000007dc52c900b56650ad03d6fd2140e8ee36350a919"
			],
			"transactionHash": "0xe5794f01216af823a8635e3c84971b06b3a96d34ec2d8fd58aa4813a95815463",
			"transactionIndex": 59,
			"transactionLogIndex": "0x0",
			"type": "mined",
			"id": "log_e584c584"
		}
	],
	"logsBloom": "0x00000000000000000008000000020000000000000000000000000000000000000000000000000000000000000000000000000000000000000000000000000000000000000000010040000008000000000000000000000000000000000020000000000000000000000800000000000000000000000000000000000010000000000000000000000000000000000000000000000000000000000000000000000000000000000000000080000000000000000000000000000000000000010000000000001002000000000000000000000000000000000000000000000000000000000000000000000000000000000000000000000000000000000000000000000000",
	"root": null,
	"status": "0x1",
	"transactionHash": "0xe5794f01216af823a8635e3c84971b06b3a96d34ec2d8fd58aa4813a95815463",
	"transactionIndex": 59
}
[2018-04-30T13:18:05.107] [DEBUG] trans - TO:   0x41263a57f56e21f8f85974c0c5c05b0991b405d0
[2018-04-30T13:18:05.107] [DEBUG] trans - AMOUNT:   35236724900000000000000
[2018-04-30T13:18:05.108] [DEBUG] trans - Receipt info:  {
	"blockHash": "0x35c660fd3b73267735f3a6271c107e41f11501b25401b344285d778884b81ffa",
	"blockNumber": 5532067,
	"contractAddress": null,
	"cumulativeGasUsed": 2672626,
	"gasUsed": 51717,
	"logs": [
		{
			"address": "0x7e9e431a0B8c4D532C745B1043c7FA29a48D4fBa",
			"blockHash": "0x35c660fd3b73267735f3a6271c107e41f11501b25401b344285d778884b81ffa",
			"blockNumber": 5532067,
			"data": "0x0000000000000000000000000000000000000000000007762fca8c6155be4000",
			"logIndex": 45,
			"topics": [
				"0xddf252ad1be2c89b69c2b068fc378daa952ba7f163c4a11628f55a4df523b3ef",
				"0x000000000000000000000000468b858c964f297fd8fce058032bf4b4911a8ad8",
				"0x00000000000000000000000041263a57f56e21f8f85974c0c5c05b0991b405d0"
			],
			"transactionHash": "0x34d2d67cf66fa79855f571aaac99852d8beb8b5cb523fd906fd65840d0f19e03",
			"transactionIndex": 66,
			"transactionLogIndex": "0x0",
			"type": "mined",
			"id": "log_90afea7b"
		}
	],
	"logsBloom": "0x00000000000000000000000000020000000000000000000000000000000000000000000000000000000000000000000000000000000000000000000000000000000000000000011000000008000000000000000000000000000000000220000000000000000000000000000000000000000000000000000000000010000000000000000000000000000000000000000000000000000000000000000000001000000000000000000080000000000000000000000000000000000000010000000000001002000000000000000000000000000000000000000000000000000000000000000000000000000000000000000000000000000000000000000000000000",
	"root": null,
	"status": "0x1",
	"transactionHash": "0x34d2d67cf66fa79855f571aaac99852d8beb8b5cb523fd906fd65840d0f19e03",
	"transactionIndex": 66
}
[2018-04-30T13:18:05.108] [DEBUG] trans - TO:   0x6f0f0912fc8718f8fa4cdbc10a70f47f9d9e402c
[2018-04-30T13:18:05.108] [DEBUG] trans - AMOUNT:   35159657300000000000000
[2018-04-30T13:18:05.108] [DEBUG] trans - Receipt info:  {
	"blockHash": "0x35c660fd3b73267735f3a6271c107e41f11501b25401b344285d778884b81ffa",
	"blockNumber": 5532067,
	"contractAddress": null,
	"cumulativeGasUsed": 2879366,
	"gasUsed": 51717,
	"logs": [
		{
			"address": "0x7e9e431a0B8c4D532C745B1043c7FA29a48D4fBa",
			"blockHash": "0x35c660fd3b73267735f3a6271c107e41f11501b25401b344285d778884b81ffa",
			"blockNumber": 5532067,
			"data": "0x00000000000000000000000000000000000000000000077202436e8079d94000",
			"logIndex": 49,
			"topics": [
				"0xddf252ad1be2c89b69c2b068fc378daa952ba7f163c4a11628f55a4df523b3ef",
				"0x000000000000000000000000468b858c964f297fd8fce058032bf4b4911a8ad8",
				"0x0000000000000000000000006f0f0912fc8718f8fa4cdbc10a70f47f9d9e402c"
			],
			"transactionHash": "0xa9d5b6f8888c14000e34bcc5e2c909bdcd88fdad74e5efe2605f7347ab9f4b6d",
			"transactionIndex": 70,
			"transactionLogIndex": "0x0",
			"type": "mined",
			"id": "log_e92a35a4"
		}
	],
	"logsBloom": "0x00000000000000000000000000020000000000000000000000000000000000000000000000000000000000000000000000000000000000000000000000000000000000000000010000000008000000000000000000000000000000000020000000000000000000000000000000000400000000000000000000000010000000000000000000000000000000000000000000000000000000000000000000000000000000000000020080000000200000000000000000000000000000010000000000001002000000000000000000000000000000000000000000000000000000000000000000000000000000000000000000000000000000000000000000000000",
	"root": null,
	"status": "0x1",
	"transactionHash": "0xa9d5b6f8888c14000e34bcc5e2c909bdcd88fdad74e5efe2605f7347ab9f4b6d",
	"transactionIndex": 70
}
[2018-04-30T13:18:05.108] [DEBUG] trans - TO:   0x1c606a7e67fc47bc59f4f3b3c2d314a64d817437
[2018-04-30T13:18:05.108] [DEBUG] trans - AMOUNT:   35182099200000000000000
[2018-04-30T13:18:05.108] [DEBUG] trans - Receipt info:  {
	"blockHash": "0x35c660fd3b73267735f3a6271c107e41f11501b25401b344285d778884b81ffa",
	"blockNumber": 5532067,
	"contractAddress": null,
	"cumulativeGasUsed": 2827649,
	"gasUsed": 51653,
	"logs": [
		{
			"address": "0x7e9e431a0B8c4D532C745B1043c7FA29a48D4fBa",
			"blockHash": "0x35c660fd3b73267735f3a6271c107e41f11501b25401b344285d778884b81ffa",
			"blockNumber": 5532067,
			"data": "0x00000000000000000000000000000000000000000000077339b513a64ab00000",
			"logIndex": 48,
			"topics": [
				"0xddf252ad1be2c89b69c2b068fc378daa952ba7f163c4a11628f55a4df523b3ef",
				"0x000000000000000000000000468b858c964f297fd8fce058032bf4b4911a8ad8",
				"0x0000000000000000000000001c606a7e67fc47bc59f4f3b3c2d314a64d817437"
			],
			"transactionHash": "0xa9c693be062eab80753e8472ec3217eba4c32f19b33eab5641724cb1dc714954",
			"transactionIndex": 69,
			"transactionLogIndex": "0x0",
			"type": "mined",
			"id": "log_841c426b"
		}
	],
	"logsBloom": "0x00000000000000000000000000020000000000000000000000000000000000000004000000000000000000000000000000000000000000000100000000000000000000000000010000000008000000000000000000000000000000000020000000000000000000000000000000000000000000000000000000000010000000000000000000000000000000000000000000000000000000000000000000000000000000000000000080000000000000000000000000000000000000010000000000001002000000000000000000000010000000000000000000000000000000000000000000000000000000000000000000000000000000000000000000000000",
	"root": null,
	"status": "0x1",
	"transactionHash": "0xa9c693be062eab80753e8472ec3217eba4c32f19b33eab5641724cb1dc714954",
	"transactionIndex": 69
}
[2018-04-30T13:18:05.109] [DEBUG] trans - TO:   0xacecd2a6a3e210b081a99ec8438d95d07750c7f0
[2018-04-30T13:18:05.109] [DEBUG] trans - AMOUNT:   35144216700000000000000
[2018-04-30T13:18:05.109] [DEBUG] trans - Receipt info:  {
	"blockHash": "0x35c660fd3b73267735f3a6271c107e41f11501b25401b344285d778884b81ffa",
	"blockNumber": 5532067,
	"contractAddress": null,
	"cumulativeGasUsed": 2931083,
	"gasUsed": 51717,
	"logs": [
		{
			"address": "0x7e9e431a0B8c4D532C745B1043c7FA29a48D4fBa",
			"blockHash": "0x35c660fd3b73267735f3a6271c107e41f11501b25401b344285d778884b81ffa",
			"blockNumber": 5532067,
			"data": "0x0000000000000000000000000000000000000000000007712bfb669c12f3c000",
			"logIndex": 50,
			"topics": [
				"0xddf252ad1be2c89b69c2b068fc378daa952ba7f163c4a11628f55a4df523b3ef",
				"0x000000000000000000000000468b858c964f297fd8fce058032bf4b4911a8ad8",
				"0x000000000000000000000000acecd2a6a3e210b081a99ec8438d95d07750c7f0"
			],
			"transactionHash": "0x2c79f7abf078e2145bb79d5856c3ee2c52957549d1bbd1b74c5eb5e75836b44f",
			"transactionIndex": 71,
			"transactionLogIndex": "0x0",
			"type": "mined",
			"id": "log_84725746"
		}
	],
	"logsBloom": "0x00000000000000000000000000020000000000000000000000000000000000000000000000000000000000000000000000000000000000000000000000000000000000000000010000000008000000000000000000000000000000000020000000000000000000000000000000008000000000000000000000000010000000000000000000000000000000000000000000000000000000000000000000000000000000000000000080000000000000000000000000000000000000010000000000001002000000000000000000000000000000000000000000000080000000000000000000000000000000000000010000000000000000000000000000000000",
	"root": null,
	"status": "0x1",
	"transactionHash": "0x2c79f7abf078e2145bb79d5856c3ee2c52957549d1bbd1b74c5eb5e75836b44f",
	"transactionIndex": 71
}
[2018-04-30T13:18:05.109] [DEBUG] trans - TO:   0xb9461671eed7c64928991c247eaacda94723a02b
[2018-04-30T13:18:05.109] [DEBUG] trans - AMOUNT:   35084830800000000000000
[2018-04-30T13:18:05.109] [DEBUG] trans - Receipt info:  {
	"blockHash": "0x35c660fd3b73267735f3a6271c107e41f11501b25401b344285d778884b81ffa",
	"blockNumber": 5532067,
	"contractAddress": null,
	"cumulativeGasUsed": 3034453,
	"gasUsed": 51653,
	"logs": [
		{
			"address": "0x7e9e431a0B8c4D532C745B1043c7FA29a48D4fBa",
			"blockHash": "0x35c660fd3b73267735f3a6271c107e41f11501b25401b344285d778884b81ffa",
			"blockNumber": 5532067,
			"data": "0x00000000000000000000000000000000000000000000076df3d64d331c150000",
			"logIndex": 52,
			"topics": [
				"0xddf252ad1be2c89b69c2b068fc378daa952ba7f163c4a11628f55a4df523b3ef",
				"0x000000000000000000000000468b858c964f297fd8fce058032bf4b4911a8ad8",
				"0x000000000000000000000000b9461671eed7c64928991c247eaacda94723a02b"
			],
			"transactionHash": "0x98d8aa4508a00adb8ab5e08ab47ff0900be4494345a3874e5d632738cc0b30e4",
			"transactionIndex": 73,
			"transactionLogIndex": "0x0",
			"type": "mined",
			"id": "log_ca0ce0c4"
		}
	],
	"logsBloom": "0x00000000000000000000000000020000000000000000000000000000000000000000000000000000000000000000000000000000000000000000000000000000000000000000010000000008000000000000000000000000000000000020000000000000000000000000000000000000000000000000000000000010000000000000000000000000000000000000000000000000000000000000000000000000000000000000000080000000000000000000000000000000000000010000000000001002000000000000010000000000000000000000000000000000000080010000000000000000000000000000000000000000000000000000000000000000",
	"root": null,
	"status": "0x1",
	"transactionHash": "0x98d8aa4508a00adb8ab5e08ab47ff0900be4494345a3874e5d632738cc0b30e4",
	"transactionIndex": 73
}
[2018-04-30T13:18:05.109] [DEBUG] trans - TO:   0xea0f3a3a02c97187ee57b187218ee8ae8dd13005
[2018-04-30T13:18:05.109] [DEBUG] trans - AMOUNT:   35087016600000000000000
[2018-04-30T13:18:05.109] [DEBUG] trans - Receipt info:  {
	"blockHash": "0x35c660fd3b73267735f3a6271c107e41f11501b25401b344285d778884b81ffa",
	"blockNumber": 5532067,
	"contractAddress": null,
	"cumulativeGasUsed": 2982800,
	"gasUsed": 51717,
	"logs": [
		{
			"address": "0x7e9e431a0B8c4D532C745B1043c7FA29a48D4fBa",
			"blockHash": "0x35c660fd3b73267735f3a6271c107e41f11501b25401b344285d778884b81ffa",
			"blockNumber": 5532067,
			"data": "0x00000000000000000000000000000000000000000000076e122bd2b802218000",
			"logIndex": 51,
			"topics": [
				"0xddf252ad1be2c89b69c2b068fc378daa952ba7f163c4a11628f55a4df523b3ef",
				"0x000000000000000000000000468b858c964f297fd8fce058032bf4b4911a8ad8",
				"0x000000000000000000000000ea0f3a3a02c97187ee57b187218ee8ae8dd13005"
			],
			"transactionHash": "0xe5a7f9848c37a19972b12882f41d554ab809826d684a02f1646bb6f883a46c82",
			"transactionIndex": 72,
			"transactionLogIndex": "0x0",
			"type": "mined",
			"id": "log_2f3e02c2"
		}
	],
	"logsBloom": "0x00000000000000000000000000020000000000000000000000000000000000000000000000000000000000000000000000000200000000000000000000000000000000000000010008000008000000000000000000000000000000000020000000000000000000000000000000000000000000000000000000000010000000000000000000000000000000000000000000000000000000000000000000000000000000000000000080000000000000000000000000000000000000010000000000001002200000000000000000000000000000000000000000000000000000000000000000000000000000000000000000000000000000000000000000000000",
	"root": null,
	"status": "0x1",
	"transactionHash": "0xe5a7f9848c37a19972b12882f41d554ab809826d684a02f1646bb6f883a46c82",
	"transactionIndex": 72
}
[2018-04-30T13:18:05.109] [DEBUG] trans - TO:   0xa263157c54b0f4c54c0101899346042b88f6d3d9
[2018-04-30T13:18:05.109] [DEBUG] trans - AMOUNT:   35076205700000000000000
[2018-04-30T13:18:05.109] [DEBUG] trans - Receipt info:  {
	"blockHash": "0x35c660fd3b73267735f3a6271c107e41f11501b25401b344285d778884b81ffa",
	"blockNumber": 5532067,
	"contractAddress": null,
	"cumulativeGasUsed": 3086170,
	"gasUsed": 51717,
	"logs": [
		{
			"address": "0x7e9e431a0B8c4D532C745B1043c7FA29a48D4fBa",
			"blockHash": "0x35c660fd3b73267735f3a6271c107e41f11501b25401b344285d778884b81ffa",
			"blockNumber": 5532067,
			"data": "0x00000000000000000000000000000000000000000000076d7c23ca7287dc4000",
			"logIndex": 53,
			"topics": [
				"0xddf252ad1be2c89b69c2b068fc378daa952ba7f163c4a11628f55a4df523b3ef",
				"0x000000000000000000000000468b858c964f297fd8fce058032bf4b4911a8ad8",
				"0x000000000000000000000000a263157c54b0f4c54c0101899346042b88f6d3d9"
			],
			"transactionHash": "0x9abd426410a21bede4dd2ce7a5acbc59679174c83599fa354297da1bd9c3356e",
			"transactionIndex": 74,
			"transactionLogIndex": "0x0",
			"type": "mined",
			"id": "log_766efbfc"
		}
	],
	"logsBloom": "0x00000000000000000000000000020000000000000000000000000000000000000000000000000040000000000000000000000000000000000000000000000000000000000000010000000008000000000000000000000000000000000020000000000000000000000000000000000000000000000000000000000010000000000000000000000000000000000000000000000000000000000000000000000000000000000000000080000000000000000000000080000000000000010000000000001002000000000000000000000000000000000000000000000000000200000000000000000000000000000000000000000000000000000000000000000000",
	"root": null,
	"status": "0x1",
	"transactionHash": "0x9abd426410a21bede4dd2ce7a5acbc59679174c83599fa354297da1bd9c3356e",
	"transactionIndex": 74
}
[2018-04-30T13:18:05.109] [DEBUG] trans - TO:   0x17fa06237f7f22dbe9759b04bb0048419864d8a6
[2018-04-30T13:18:05.109] [DEBUG] trans - AMOUNT:   35034677600000000000000
[2018-04-30T13:18:05.110] [DEBUG] trans - Receipt info:  {
	"blockHash": "0x35c660fd3b73267735f3a6271c107e41f11501b25401b344285d778884b81ffa",
	"blockNumber": 5532067,
	"contractAddress": null,
	"cumulativeGasUsed": 3241129,
	"gasUsed": 51589,
	"logs": [
		{
			"address": "0x7e9e431a0B8c4D532C745B1043c7FA29a48D4fBa",
			"blockHash": "0x35c660fd3b73267735f3a6271c107e41f11501b25401b344285d778884b81ffa",
			"blockNumber": 5532067,
			"data": "0x00000000000000000000000000000000000000000000076b3bd25785cef60000",
			"logIndex": 56,
			"topics": [
				"0xddf252ad1be2c89b69c2b068fc378daa952ba7f163c4a11628f55a4df523b3ef",
				"0x000000000000000000000000468b858c964f297fd8fce058032bf4b4911a8ad8",
				"0x00000000000000000000000017fa06237f7f22dbe9759b04bb0048419864d8a6"
			],
			"transactionHash": "0xb8c07d0178b32f86e21ba5805a31a0ff22cee863c2135dd605b91ab23aa46f62",
			"transactionIndex": 77,
			"transactionLogIndex": "0x0",
			"type": "mined",
			"id": "log_77160af7"
		}
	],
	"logsBloom": "0x00000000000000000000000000020000000000000000000000000000000000000000800000000000000000000000000000000000000000000000000000000000000100000000010000000008000000000000000000000000000000002020000000000000000000000000000000000000000000000000000000000010000000000000000000000000000000000000000000000000000000000000000000000000000000000000000080000000000000000000000000000000000000010000000000001002000000000000000000000000000000000000000000000000000000000000000000000000000000000000000000000000000000000000000000000000",
	"root": null,
	"status": "0x1",
	"transactionHash": "0xb8c07d0178b32f86e21ba5805a31a0ff22cee863c2135dd605b91ab23aa46f62",
	"transactionIndex": 77
}
[2018-04-30T13:18:05.112] [DEBUG] trans - TO:   0xf84efacd1057bae4e6bda2ce96bf0738060bed23
[2018-04-30T13:18:05.112] [DEBUG] trans - AMOUNT:   35014500000000000000000
[2018-04-30T13:18:05.112] [DEBUG] trans - Receipt info:  {
	"blockHash": "0x35c660fd3b73267735f3a6271c107e41f11501b25401b344285d778884b81ffa",
	"blockNumber": 5532067,
	"contractAddress": null,
	"cumulativeGasUsed": 3344435,
	"gasUsed": 51653,
	"logs": [
		{
			"address": "0x7e9e431a0B8c4D532C745B1043c7FA29a48D4fBa",
			"blockHash": "0x35c660fd3b73267735f3a6271c107e41f11501b25401b344285d778884b81ffa",
			"blockNumber": 5532067,
			"data": "0x00000000000000000000000000000000000000000000076a23cd1b3a6b0a0000",
			"logIndex": 58,
			"topics": [
				"0xddf252ad1be2c89b69c2b068fc378daa952ba7f163c4a11628f55a4df523b3ef",
				"0x000000000000000000000000468b858c964f297fd8fce058032bf4b4911a8ad8",
				"0x000000000000000000000000f84efacd1057bae4e6bda2ce96bf0738060bed23"
			],
			"transactionHash": "0xde5056143f4105130639ecfa2441a923a0b48497d41365c7f1cb531ef0bff437",
			"transactionIndex": 79,
			"transactionLogIndex": "0x0",
			"type": "mined",
			"id": "log_49257109"
		}
	],
	"logsBloom": "0x00000000000000000000000000020000000000000000000000000000000000000000000000000000000000000200000000000000000000000000000000000000000000000000010000000008000000000000000000000000000000000020000000000000000000000000000000000000000000000000000000000010000000000000000000000000000000000000000000000000400000000000000000000000000000000000000080000000000000000000000000000000000000010000000000001002000000000000020000000000000000000000000000000000000000000000000000000000000000000000000000000000000000000000000000000000",
	"root": null,
	"status": "0x1",
	"transactionHash": "0xde5056143f4105130639ecfa2441a923a0b48497d41365c7f1cb531ef0bff437",
	"transactionIndex": 79
}
[2018-04-30T13:18:05.113] [DEBUG] trans - TO:   0xd2d5b88b04fd0e7d73e79f2726075fedc2424a05
[2018-04-30T13:18:05.113] [DEBUG] trans - AMOUNT:   35057255400000000000000
[2018-04-30T13:18:05.113] [DEBUG] trans - Receipt info:  {
	"blockHash": "0x35c660fd3b73267735f3a6271c107e41f11501b25401b344285d778884b81ffa",
	"blockNumber": 5532067,
	"contractAddress": null,
	"cumulativeGasUsed": 3189540,
	"gasUsed": 51653,
	"logs": [
		{
			"address": "0x7e9e431a0B8c4D532C745B1043c7FA29a48D4fBa",
			"blockHash": "0x35c660fd3b73267735f3a6271c107e41f11501b25401b344285d778884b81ffa",
			"blockNumber": 5532067,
			"data": "0x00000000000000000000000000000000000000000000076c7526cd0018c68000",
			"logIndex": 55,
			"topics": [
				"0xddf252ad1be2c89b69c2b068fc378daa952ba7f163c4a11628f55a4df523b3ef",
				"0x000000000000000000000000468b858c964f297fd8fce058032bf4b4911a8ad8",
				"0x000000000000000000000000d2d5b88b04fd0e7d73e79f2726075fedc2424a05"
			],
			"transactionHash": "0x0a8110dbe8cf62bf280ad08efd34e221c6aebf7b6863ceb69481b927adbdbdf5",
			"transactionIndex": 76,
			"transactionLogIndex": "0x0",
			"type": "mined",
			"id": "log_5993142d"
		}
	],
	"logsBloom": "0x00000000000000000000000000020000000000000000000000000000000000000000000000000000000000000000000000000000000000000000000000000000000000000000010000000008000000000000000000000000000000000020000000000000000000000000000001000000000000000000000000000010000000000000000000000001000000000000000000000000000000000000000000000000000000000000000080000000000000000000000000000000000000010000000000001002000000000000000000000000000000000000000000000000000000000000000000000000000000000000000000000000000004000000000000000000",
	"root": null,
	"status": "0x1",
	"transactionHash": "0x0a8110dbe8cf62bf280ad08efd34e221c6aebf7b6863ceb69481b927adbdbdf5",
	"transactionIndex": 76
}
[2018-04-30T13:18:05.113] [DEBUG] trans - TO:   0x4c579ca164ebaea8c3056afb6f6e1e3b44006abe
[2018-04-30T13:18:05.113] [DEBUG] trans - AMOUNT:   35386971900000000000000
[2018-04-30T13:18:05.113] [DEBUG] trans - Receipt info:  {
	"blockHash": "0x35c660fd3b73267735f3a6271c107e41f11501b25401b344285d778884b81ffa",
	"blockNumber": 5532067,
	"contractAddress": null,
	"cumulativeGasUsed": 2465822,
	"gasUsed": 51653,
	"logs": [
		{
			"address": "0x7e9e431a0B8c4D532C745B1043c7FA29a48D4fBa",
			"blockHash": "0x35c660fd3b73267735f3a6271c107e41f11501b25401b344285d778884b81ffa",
			"blockNumber": 5532067,
			"data": "0x00000000000000000000000000000000000000000000077e54e31ed665dbc000",
			"logIndex": 41,
			"topics": [
				"0xddf252ad1be2c89b69c2b068fc378daa952ba7f163c4a11628f55a4df523b3ef",
				"0x000000000000000000000000468b858c964f297fd8fce058032bf4b4911a8ad8",
				"0x0000000000000000000000004c579ca164ebaea8c3056afb6f6e1e3b44006abe"
			],
			"transactionHash": "0x28c5cf7a64b3740e6b79ccb60fb679beb5da0b22e3e290315f5e4992daa00e55",
			"transactionIndex": 62,
			"transactionLogIndex": "0x0",
			"type": "mined",
			"id": "log_81b3194e"
		}
	],
	"logsBloom": "0x00000000000000000000000000020000000000000000000000000000000000000000000000000000000000000000000000000000000000000001000000000000000000000000010000000008000000000000000000000000000000000020000000000000000000000000000000000000000000000000000000000010000000000000000000000000000000000000000000000000000000000000000000000000000000000000000080000100000000000000000000000000000000010000000000001002000000000000000000000000000000000000000000000000000000000000000000000400000000000000000000000000000000000000000000000000",
	"root": null,
	"status": "0x1",
	"transactionHash": "0x28c5cf7a64b3740e6b79ccb60fb679beb5da0b22e3e290315f5e4992daa00e55",
	"transactionIndex": 62
}
[2018-04-30T13:18:05.113] [DEBUG] trans - TO:   0xa3c29ffa3a2e7b1b5ffcf53dabb0991025b73d30
[2018-04-30T13:18:05.113] [DEBUG] trans - AMOUNT:   35057575400000000000000
[2018-04-30T13:18:05.113] [DEBUG] trans - Receipt info:  {
	"blockHash": "0x35c660fd3b73267735f3a6271c107e41f11501b25401b344285d778884b81ffa",
	"blockNumber": 5532067,
	"contractAddress": null,
	"cumulativeGasUsed": 3137887,
	"gasUsed": 51717,
	"logs": [
		{
			"address": "0x7e9e431a0B8c4D532C745B1043c7FA29a48D4fBa",
			"blockHash": "0x35c660fd3b73267735f3a6271c107e41f11501b25401b344285d778884b81ffa",
			"blockNumber": 5532067,
			"data": "0x00000000000000000000000000000000000000000000076c7997ab4e10e68000",
			"logIndex": 54,
			"topics": [
				"0xddf252ad1be2c89b69c2b068fc378daa952ba7f163c4a11628f55a4df523b3ef",
				"0x000000000000000000000000468b858c964f297fd8fce058032bf4b4911a8ad8",
				"0x000000000000000000000000a3c29ffa3a2e7b1b5ffcf53dabb0991025b73d30"
			],
			"transactionHash": "0xdbdcdd5263a552d31c2d946192b5bb8677a5c20146f71cd491a0ce1ffbd42b60",
			"transactionIndex": 75,
			"transactionLogIndex": "0x0",
			"type": "mined",
			"id": "log_27c819e3"
		}
	],
	"logsBloom": "0x00000000000000000000000000020000000000000000000000000000000000000000000000000000000000000000000000000000000000000000000000000000000000000000010000000008100000000000000000000000000000000020000000000000000000000000000000000000000000000000000000000010000000000000000000000000000000000000000000000000000000000000000000000000000000000000000080000000000000000000000000000000000000010000000000001002000000004000000000000000000000000000000000000000000000000000000000000000000000000000000000000000000000000000000000000000",
	"root": null,
	"status": "0x1",
	"transactionHash": "0xdbdcdd5263a552d31c2d946192b5bb8677a5c20146f71cd491a0ce1ffbd42b60",
	"transactionIndex": 75
}
[2018-04-30T13:18:05.114] [DEBUG] trans - TO:   0x2c99834b6c5b2c30c935506e55854c612b8cdc27
[2018-04-30T13:18:05.114] [DEBUG] trans - AMOUNT:   35000640000000000000000
[2018-04-30T13:18:05.114] [DEBUG] trans - Receipt info:  {
	"blockHash": "0x35c660fd3b73267735f3a6271c107e41f11501b25401b344285d778884b81ffa",
	"blockNumber": 5532067,
	"contractAddress": null,
	"cumulativeGasUsed": 3551239,
	"gasUsed": 51653,
	"logs": [
		{
			"address": "0x7e9e431a0B8c4D532C745B1043c7FA29a48D4fBa",
			"blockHash": "0x35c660fd3b73267735f3a6271c107e41f11501b25401b344285d778884b81ffa",
			"blockNumber": 5532067,
			"data": "0x00000000000000000000000000000000000000000000076963747ea960200000",
			"logIndex": 62,
			"topics": [
				"0xddf252ad1be2c89b69c2b068fc378daa952ba7f163c4a11628f55a4df523b3ef",
				"0x000000000000000000000000468b858c964f297fd8fce058032bf4b4911a8ad8",
				"0x0000000000000000000000002c99834b6c5b2c30c935506e55854c612b8cdc27"
			],
			"transactionHash": "0x7f391a2c3ebfedb5d502ae34c1be860f59e0e14ec9b25e746d8852662e0d9ade",
			"transactionIndex": 83,
			"transactionLogIndex": "0x0",
			"type": "mined",
			"id": "log_e7d98f7b"
		}
	],
	"logsBloom": "0x00000000000000000000000000020000000000000000000000000000000000000000000000000000000000040000000000000000000000000000000000000000000000000000010000000008000000000000000104000000000000000020000000000000000000000000000000000000000000000000000000000010000000000000000000000000000000000000000000000000000000000000000000000000000000000000000080000000000000000000000000000000000000010000000000001002000000000000000000000000000000000000000000000000000000000000000000000000000000000000000000000000000000000000000000000000",
	"root": null,
	"status": "0x1",
	"transactionHash": "0x7f391a2c3ebfedb5d502ae34c1be860f59e0e14ec9b25e746d8852662e0d9ade",
	"transactionIndex": 83
}
[2018-04-30T13:18:05.115] [DEBUG] trans - TO:   0x5f884c049088b2f7cb7404414d1ea0da94437ca2
[2018-04-30T13:18:05.115] [DEBUG] trans - AMOUNT:   35009107000000000000000
[2018-04-30T13:18:05.115] [DEBUG] trans - Receipt info:  {
	"blockHash": "0x35c660fd3b73267735f3a6271c107e41f11501b25401b344285d778884b81ffa",
	"blockNumber": 5532067,
	"contractAddress": null,
	"cumulativeGasUsed": 3499586,
	"gasUsed": 51717,
	"logs": [
		{
			"address": "0x7e9e431a0B8c4D532C745B1043c7FA29a48D4fBa",
			"blockHash": "0x35c660fd3b73267735f3a6271c107e41f11501b25401b344285d778884b81ffa",
			"blockNumber": 5532067,
			"data": "0x000000000000000000000000000000000000000000000769d8f5524d315b8000",
			"logIndex": 61,
			"topics": [
				"0xddf252ad1be2c89b69c2b068fc378daa952ba7f163c4a11628f55a4df523b3ef",
				"0x000000000000000000000000468b858c964f297fd8fce058032bf4b4911a8ad8",
				"0x0000000000000000000000005f884c049088b2f7cb7404414d1ea0da94437ca2"
			],
			"transactionHash": "0x90d5823e8c15252aea3f7a8fcaa7b498455f7c917a32ebe53da2b29902c37a26",
			"transactionIndex": 82,
			"transactionLogIndex": "0x0",
			"type": "mined",
			"id": "log_91b47e29"
		}
	],
	"logsBloom": "0x00000000000000000000000000020000000000000000000000000000000000000000000000000000000000000000000000001000000000000000000000000000000000000000010000000008000000000000000000000000000000000020000000000000000000000000000000000000000000000000000000000010000000000000000000000000000000000000000000000000000000000000000000000000000000000000000080000000000000000000000000000000000000010080000000001002000000000000000000000000080000000000000000000000000000000000000000000000000000000000000000000000000000000000000000000000",
	"root": null,
	"status": "0x1",
	"transactionHash": "0x90d5823e8c15252aea3f7a8fcaa7b498455f7c917a32ebe53da2b29902c37a26",
	"transactionIndex": 82
}
[2018-04-30T13:18:05.116] [DEBUG] trans - TO:   0xc4905195f977e8d2decd05c1e2eeb0cc3cabe93e
[2018-04-30T13:18:05.116] [DEBUG] trans - AMOUNT:   35013963500000000000000
[2018-04-30T13:18:05.116] [DEBUG] trans - Receipt info:  {
	"blockHash": "0x35c660fd3b73267735f3a6271c107e41f11501b25401b344285d778884b81ffa",
	"blockNumber": 5532067,
	"contractAddress": null,
	"cumulativeGasUsed": 3396152,
	"gasUsed": 51717,
	"logs": [
		{
			"address": "0x7e9e431a0B8c4D532C745B1043c7FA29a48D4fBa",
			"blockHash": "0x35c660fd3b73267735f3a6271c107e41f11501b25401b344285d778884b81ffa",
			"blockNumber": 5532067,
			"data": "0x00000000000000000000000000000000000000000000076a1c5b1352190ac000",
			"logIndex": 59,
			"topics": [
				"0xddf252ad1be2c89b69c2b068fc378daa952ba7f163c4a11628f55a4df523b3ef",
				"0x000000000000000000000000468b858c964f297fd8fce058032bf4b4911a8ad8",
				"0x000000000000000000000000c4905195f977e8d2decd05c1e2eeb0cc3cabe93e"
			],
			"transactionHash": "0x3efd481f52f5b41254e30616f167288e2ec434180c349c77c04506c9cd7ae958",
			"transactionIndex": 80,
			"transactionLogIndex": "0x0",
			"type": "mined",
			"id": "log_dcef7336"
		}
	],
	"logsBloom": "0x00000000000000000000000000020000000000000000000000000000080000000000000000000000000000000000000000000000000000000000000000000000000000000000010000000008000000000000000000020000000000000020000000000000000000000000000000000000000000000000000000000010000200000000000000000000000000000000000000000000000000000000000000000000000000000000000080000000000000000000000000000000000000010000000000001002000000000000000000000000000000000000000000000000000000000000000000000000000000000000000000000000000000000000000000000000",
	"root": null,
	"status": "0x1",
	"transactionHash": "0x3efd481f52f5b41254e30616f167288e2ec434180c349c77c04506c9cd7ae958",
	"transactionIndex": 80
}
[2018-04-30T13:18:05.116] [DEBUG] trans - TO:   0x3fc3ecba962e45428ff74da8eb89646ca39d7102
[2018-04-30T13:18:05.116] [DEBUG] trans - AMOUNT:   35012019500000000000000
[2018-04-30T13:18:05.116] [DEBUG] trans - Receipt info:  {
	"blockHash": "0x35c660fd3b73267735f3a6271c107e41f11501b25401b344285d778884b81ffa",
	"blockNumber": 5532067,
	"contractAddress": null,
	"cumulativeGasUsed": 3447869,
	"gasUsed": 51717,
	"logs": [
		{
			"address": "0x7e9e431a0B8c4D532C745B1043c7FA29a48D4fBa",
			"blockHash": "0x35c660fd3b73267735f3a6271c107e41f11501b25401b344285d778884b81ffa",
			"blockNumber": 5532067,
			"data": "0x00000000000000000000000000000000000000000000076a0160999ed5aec000",
			"logIndex": 60,
			"topics": [
				"0xddf252ad1be2c89b69c2b068fc378daa952ba7f163c4a11628f55a4df523b3ef",
				"0x000000000000000000000000468b858c964f297fd8fce058032bf4b4911a8ad8",
				"0x0000000000000000000000003fc3ecba962e45428ff74da8eb89646ca39d7102"
			],
			"transactionHash": "0x168a03310ba4b69762f66d06f2e4132e76edceab50a3b77d9100645f7d325fa2",
			"transactionIndex": 81,
			"transactionLogIndex": "0x0",
			"type": "mined",
			"id": "log_d48fc08d"
		}
	],
	"logsBloom": "0x00000000000000000000000000020000000000000000000000000000000000000000000000000000000000000000000000000000000000000000000000000000000000000000010000000008000000000000000000000000000000000020000000004000000000000000000000000000000000000000000000000010000000000000000000000000000000000000000000000000000000000000000000000000000000000000000080000000000000000000000000000000000000010000000000001002000000000000000000000000000000010000000000000000010000000000000000000000000000000000000000000000000000000000000000000000",
	"root": null,
	"status": "0x1",
	"transactionHash": "0x168a03310ba4b69762f66d06f2e4132e76edceab50a3b77d9100645f7d325fa2",
	"transactionIndex": 81
}
[2018-04-30T13:18:05.117] [DEBUG] trans - TO:   0x5a402992a313a67dc14d5d64fdec7d0f727569a9
[2018-04-30T13:18:05.117] [DEBUG] trans - AMOUNT:   35017690800000000000000
[2018-04-30T13:18:05.117] [DEBUG] trans - Receipt info:  {
	"blockHash": "0x35c660fd3b73267735f3a6271c107e41f11501b25401b344285d778884b81ffa",
	"blockNumber": 5532067,
	"contractAddress": null,
	"cumulativeGasUsed": 3292782,
	"gasUsed": 51653,
	"logs": [
		{
			"address": "0x7e9e431a0B8c4D532C745B1043c7FA29a48D4fBa",
			"blockHash": "0x35c660fd3b73267735f3a6271c107e41f11501b25401b344285d778884b81ffa",
			"blockNumber": 5532067,
			"data": "0x00000000000000000000000000000000000000000000076a50151aec305b0000",
			"logIndex": 57,
			"topics": [
				"0xddf252ad1be2c89b69c2b068fc378daa952ba7f163c4a11628f55a4df523b3ef",
				"0x000000000000000000000000468b858c964f297fd8fce058032bf4b4911a8ad8",
				"0x0000000000000000000000005a402992a313a67dc14d5d64fdec7d0f727569a9"
			],
			"transactionHash": "0x9b831cb3e27cf5c994577dbe3d50bdc63321fb750e3dfa3b36e05a1262ba4f83",
			"transactionIndex": 78,
			"transactionLogIndex": "0x0",
			"type": "mined",
			"id": "log_9548b4bf"
		}
	],
	"logsBloom": "0x00000000000000000000000000020000000000000000000000000000000000000000000000000000000000000000000000000000000000000000000000000000000000000000010000000008000000000000000000000000000000000020000000000000200000000000000000000000000000000000000000000010000000000000000000000000000000000000000000000000000000000000000000000000000000000000080080000000000000000000000000000000000000010000000100001002000000000000000000000000000000000000000000000000000000000000000000000000000000000000000000000000000000000000000000000000",
	"root": null,
	"status": "0x1",
	"transactionHash": "0x9b831cb3e27cf5c994577dbe3d50bdc63321fb750e3dfa3b36e05a1262ba4f83",
	"transactionIndex": 78
}
[2018-04-30T13:18:05.117] [DEBUG] trans - TO:   0x656e04a2917b6265003d8af5bc046c94a3a12316
[2018-04-30T13:18:05.117] [DEBUG] trans - AMOUNT:   10000000000000000
[2018-04-30T13:18:05.117] [DEBUG] trans - Receipt info:  {
	"blockHash": "0x35c660fd3b73267735f3a6271c107e41f11501b25401b344285d778884b81ffa",
	"blockNumber": 5532067,
	"contractAddress": null,
	"cumulativeGasUsed": 3602636,
	"gasUsed": 51397,
	"logs": [
		{
			"address": "0x7e9e431a0B8c4D532C745B1043c7FA29a48D4fBa",
			"blockHash": "0x35c660fd3b73267735f3a6271c107e41f11501b25401b344285d778884b81ffa",
			"blockNumber": 5532067,
			"data": "0x000000000000000000000000000000000000000000000000002386f26fc10000",
			"logIndex": 63,
			"topics": [
				"0xddf252ad1be2c89b69c2b068fc378daa952ba7f163c4a11628f55a4df523b3ef",
				"0x000000000000000000000000468b858c964f297fd8fce058032bf4b4911a8ad8",
				"0x000000000000000000000000656e04a2917b6265003d8af5bc046c94a3a12316"
			],
			"transactionHash": "0x97bcacbee94238a8b65d17fa9c0e0ece63a39069f4b12d61bdcb1ead2879ce52",
			"transactionIndex": 84,
			"transactionLogIndex": "0x0",
			"type": "mined",
			"id": "log_fa403187"
		}
	],
	"logsBloom": "0x00000000000000000000000000020000000000000000040000000000000000000000000000000000000000000000000000000000000000000000000000020000000000000000010000000008000000000000000000000000000000000020000000000000000000000000000000000000000000000000000000000010000000000000000000000000000000000000000000000000000000000000000000000000000000000000000080000000000000000200000000000000000000010000000000001002000000000000000000000000000000000000000000000000000000000000000000000000000000000000000000000000000000000000000000000000",
	"root": null,
	"status": "0x1",
	"transactionHash": "0x97bcacbee94238a8b65d17fa9c0e0ece63a39069f4b12d61bdcb1ead2879ce52",
	"transactionIndex": 84
}
