[2018-04-28T23:39:25.587] [DEBUG] trans - TO:   0x5230e1d7bc89f8281490fdde37fdbfea8b321092
[2018-04-28T23:39:25.588] [DEBUG] trans - AMOUNT:   3489847000000000000000
[2018-04-28T23:39:25.588] [DEBUG] trans - Receipt info:  {
	"blockHash": "0xbeac5c87b0cd6e17183b26b6929e23992f0e147e3da8c72e15a3b5b9687a44f4",
	"blockNumber": 5522980,
	"contractAddress": null,
	"cumulativeGasUsed": 669248,
	"gasUsed": 51653,
	"logs": [
		{
			"address": "0x7e9e431a0B8c4D532C745B1043c7FA29a48D4fBa",
			"blockHash": "0xbeac5c87b0cd6e17183b26b6929e23992f0e147e3da8c72e15a3b5b9687a44f4",
			"blockNumber": 5522980,
			"data": "0x0000000000000000000000000000000000000000000000bd2f5b2c7f86a58000",
			"logIndex": 9,
			"topics": [
				"0xddf252ad1be2c89b69c2b068fc378daa952ba7f163c4a11628f55a4df523b3ef",
				"0x000000000000000000000000468b858c964f297fd8fce058032bf4b4911a8ad8",
				"0x0000000000000000000000005230e1d7bc89f8281490fdde37fdbfea8b321092"
			],
			"transactionHash": "0x1fbe2f35fc215214961f6662ffdce3b50dd49de7e3095dc7c819fd5ec7a61966",
			"transactionIndex": 10,
			"transactionLogIndex": "0x0",
			"type": "mined",
			"id": "log_6062c13f"
		}
	],
	"logsBloom": "0x00000000000000000000000000020000000000000000000000000000080000000000000000000000000000000000000000000000000000000000000000000000000000000000010000000008000000000000000000000000000000000020000000000000000000000000000000000000000000000000000000000010000000000000000000000000000000000000000000000000000000000000000000000000000000000000000080000000000000000000010000000000000000010000000000001002000000000000000000000000000000000000004000000000000000000000000000000000000000000000000000000000000000000000000000000000",
	"root": null,
	"status": "0x1",
	"transactionHash": "0x1fbe2f35fc215214961f6662ffdce3b50dd49de7e3095dc7c819fd5ec7a61966",
	"transactionIndex": 10
}
[2018-04-28T23:39:25.589] [DEBUG] trans - TO:   0x8c73202ba27a750286fa739d4cc9c41e56a64a6b
[2018-04-28T23:39:25.589] [DEBUG] trans - AMOUNT:   3486919900000000000000
[2018-04-28T23:39:25.589] [DEBUG] trans - Receipt info:  {
	"blockHash": "0xbeac5c87b0cd6e17183b26b6929e23992f0e147e3da8c72e15a3b5b9687a44f4",
	"blockNumber": 5522980,
	"contractAddress": null,
	"cumulativeGasUsed": 5768259,
	"gasUsed": 51653,
	"logs": [
		{
			"address": "0x7e9e431a0B8c4D532C745B1043c7FA29a48D4fBa",
			"blockHash": "0xbeac5c87b0cd6e17183b26b6929e23992f0e147e3da8c72e15a3b5b9687a44f4",
			"blockNumber": 5522980,
			"data": "0x0000000000000000000000000000000000000000000000bd06bc068e7c99c000",
			"logIndex": 90,
			"topics": [
				"0xddf252ad1be2c89b69c2b068fc378daa952ba7f163c4a11628f55a4df523b3ef",
				"0x000000000000000000000000468b858c964f297fd8fce058032bf4b4911a8ad8",
				"0x0000000000000000000000008c73202ba27a750286fa739d4cc9c41e56a64a6b"
			],
			"transactionHash": "0x6185e3c5411327845fd2946c6a4133959bdbd6c1e8e38d6fa28bb4ac86ad9568",
			"transactionIndex": 108,
			"transactionLogIndex": "0x0",
			"type": "mined",
			"id": "log_10dd9739"
		}
	],
	"logsBloom": "0x000000000000000000000000000200000000000000000000000000000000000000000000000000000000000000000000000000000000000000000000000000000000000000000100000000080000000000000000000000000000000000200000000000000020000000000000000000000000000000000000000000100000000000000000000000000000000000000000000000000000000000000000000000000000000000000000a0000000000002000000000000000000000000010000000000001002000000000000000000000000000000000000000000000000000000000000000000000000000000000000000000000000000000000000000000000000",
	"root": null,
	"status": "0x1",
	"transactionHash": "0x6185e3c5411327845fd2946c6a4133959bdbd6c1e8e38d6fa28bb4ac86ad9568",
	"transactionIndex": 108
}
[2018-04-28T23:39:25.589] [DEBUG] trans - TO:   0xcd6c5c93a6dce9a6505caa12d8274874e22f6846
[2018-04-28T23:39:25.589] [DEBUG] trans - AMOUNT:   3489775600000000000000
[2018-04-28T23:39:25.589] [DEBUG] trans - Receipt info:  {
	"blockHash": "0xbeac5c87b0cd6e17183b26b6929e23992f0e147e3da8c72e15a3b5b9687a44f4",
	"blockNumber": 5522980,
	"contractAddress": null,
	"cumulativeGasUsed": 4979533,
	"gasUsed": 51589,
	"logs": [
		{
			"address": "0x7e9e431a0B8c4D532C745B1043c7FA29a48D4fBa",
			"blockHash": "0xbeac5c87b0cd6e17183b26b6929e23992f0e147e3da8c72e15a3b5b9687a44f4",
			"blockNumber": 5522980,
			"data": "0x0000000000000000000000000000000000000000000000bd2e5d829391af0000",
			"logIndex": 77,
			"topics": [
				"0xddf252ad1be2c89b69c2b068fc378daa952ba7f163c4a11628f55a4df523b3ef",
				"0x000000000000000000000000468b858c964f297fd8fce058032bf4b4911a8ad8",
				"0x000000000000000000000000cd6c5c93a6dce9a6505caa12d8274874e22f6846"
			],
			"transactionHash": "0xc92ab04eb6e9e1ca36970718d5e54b6624dc8dbac6e0db04f846ee3ba25d4648",
			"transactionIndex": 89,
			"transactionLogIndex": "0x0",
			"type": "mined",
			"id": "log_2d5e95e9"
		}
	],
	"logsBloom": "0x00000000000000000000000000020000000000000000000000000000000000000000000000000000000000000000000000000000000000000000000000000000000000000000010000000008000000000000000000000000000000000020000010000000000000000000000000000000000000000000000000000010000000000000000000000000000000000000000000001000000000000000000000000000000000000000000080000000000000000000000000000000000000010000000000001002000000000000000000000004000000000000000000000000000000000000000000000000000000000000000000000000000000000000000000000000",
	"root": null,
	"status": "0x1",
	"transactionHash": "0xc92ab04eb6e9e1ca36970718d5e54b6624dc8dbac6e0db04f846ee3ba25d4648",
	"transactionIndex": 89
}
[2018-04-28T23:39:25.589] [DEBUG] trans - TO:   0x0bddcbd98b51e2257b563748bded8846ffe68c62
[2018-04-28T23:39:25.589] [DEBUG] trans - AMOUNT:   3488000000000000000000
[2018-04-28T23:39:25.589] [DEBUG] trans - Receipt info:  {
	"blockHash": "0xbeac5c87b0cd6e17183b26b6929e23992f0e147e3da8c72e15a3b5b9687a44f4",
	"blockNumber": 5522980,
	"contractAddress": null,
	"cumulativeGasUsed": 5277547,
	"gasUsed": 51589,
	"logs": [
		{
			"address": "0x7e9e431a0B8c4D532C745B1043c7FA29a48D4fBa",
			"blockHash": "0xbeac5c87b0cd6e17183b26b6929e23992f0e147e3da8c72e15a3b5b9687a44f4",
			"blockNumber": 5522980,
			"data": "0x0000000000000000000000000000000000000000000000bd15b94fc8b2800000",
			"logIndex": 82,
			"topics": [
				"0xddf252ad1be2c89b69c2b068fc378daa952ba7f163c4a11628f55a4df523b3ef",
				"0x000000000000000000000000468b858c964f297fd8fce058032bf4b4911a8ad8",
				"0x0000000000000000000000000bddcbd98b51e2257b563748bded8846ffe68c62"
			],
			"transactionHash": "0x29ea8de538f16a910dd05f2ce6eec500256eaad8d2126d06dd9d61fd3188f4d2",
			"transactionIndex": 96,
			"transactionLogIndex": "0x0",
			"type": "mined",
			"id": "log_4ec7d168"
		}
	],
	"logsBloom": "0x00000000000000000000000000020000000000000000000000000000000000000000000000000000000100000000000000000000000000000000000000000000000000000000010000000008000000000000000000000000000000000020000000000000000000000000000000000000000000000000000000000010000000000000000000000000000000000000000000000000000000000000000000000000000000000000000080000000000000000000000000000001000000010000000000001002000000000000000000000000000000000000000000000000000000000000000000000000000000000000000000000000000000000000000040000000",
	"root": null,
	"status": "0x1",
	"transactionHash": "0x29ea8de538f16a910dd05f2ce6eec500256eaad8d2126d06dd9d61fd3188f4d2",
	"transactionIndex": 96
}
[2018-04-28T23:39:25.590] [DEBUG] trans - TO:   0xfa8e438c5818667ce49c8cdf7697096f9a4822fd
[2018-04-28T23:39:25.591] [DEBUG] trans - AMOUNT:   3487565400000000000000
[2018-04-28T23:39:25.591] [DEBUG] trans - Receipt info:  {
	"blockHash": "0xbeac5c87b0cd6e17183b26b6929e23992f0e147e3da8c72e15a3b5b9687a44f4",
	"blockNumber": 5522980,
	"contractAddress": null,
	"cumulativeGasUsed": 5522839,
	"gasUsed": 51653,
	"logs": [
		{
			"address": "0x7e9e431a0B8c4D532C745B1043c7FA29a48D4fBa",
			"blockHash": "0xbeac5c87b0cd6e17183b26b6929e23992f0e147e3da8c72e15a3b5b9687a44f4",
			"blockNumber": 5522980,
			"data": "0x0000000000000000000000000000000000000000000000bd0fb14d62f71d8000",
			"logIndex": 86,
			"topics": [
				"0xddf252ad1be2c89b69c2b068fc378daa952ba7f163c4a11628f55a4df523b3ef",
				"0x000000000000000000000000468b858c964f297fd8fce058032bf4b4911a8ad8",
				"0x000000000000000000000000fa8e438c5818667ce49c8cdf7697096f9a4822fd"
			],
			"transactionHash": "0xb8eb29a7d54467ba213f9eb54f62092c7250c4cf56041109852de1574979143e",
			"transactionIndex": 102,
			"transactionLogIndex": "0x0",
			"type": "mined",
			"id": "log_e69dd05e"
		}
	],
	"logsBloom": "0x00000000000000400000000000020000000000000000000000000000000000000000000000000008000000000000000000000000000000000000000000000000000000000000010000000008000000000000000000000000000000000020000000000000000000000000000000000000000000000000000000000010000000000000000000000000000000000000000000000000000000000000000000000000000000000000000080000000000000000000000000000000000000010000000000001002000000000000000000000000000000000000000000000000000200000000000000000000000000000000000000000000000000000000000000000000",
	"root": null,
	"status": "0x1",
	"transactionHash": "0xb8eb29a7d54467ba213f9eb54f62092c7250c4cf56041109852de1574979143e",
	"transactionIndex": 102
}
[2018-04-28T23:39:25.591] [DEBUG] trans - TO:   0x19193498bc011f9515efe426be7f5ff65a0fc635
[2018-04-28T23:39:25.591] [DEBUG] trans - AMOUNT:   3489431900000000000000
[2018-04-28T23:39:25.591] [DEBUG] trans - Receipt info:  {
	"blockHash": "0xbeac5c87b0cd6e17183b26b6929e23992f0e147e3da8c72e15a3b5b9687a44f4",
	"blockNumber": 5522980,
	"contractAddress": null,
	"cumulativeGasUsed": 5158485,
	"gasUsed": 51653,
	"logs": [
		{
			"address": "0x7e9e431a0B8c4D532C745B1043c7FA29a48D4fBa",
			"blockHash": "0xbeac5c87b0cd6e17183b26b6929e23992f0e147e3da8c72e15a3b5b9687a44f4",
			"blockNumber": 5522980,
			"data": "0x0000000000000000000000000000000000000000000000bd2998713f5861c000",
			"logIndex": 79,
			"topics": [
				"0xddf252ad1be2c89b69c2b068fc378daa952ba7f163c4a11628f55a4df523b3ef",
				"0x000000000000000000000000468b858c964f297fd8fce058032bf4b4911a8ad8",
				"0x00000000000000000000000019193498bc011f9515efe426be7f5ff65a0fc635"
			],
			"transactionHash": "0x21358673509d3c08517639017e34e2dfca3d5a15ff6f91a4f36d9f9269e06ea5",
			"transactionIndex": 93,
			"transactionLogIndex": "0x0",
			"type": "mined",
			"id": "log_7b5eaa39"
		}
	],
	"logsBloom": "0x00000000000000000000000000020000000000000000000000000000000000000000000000000000000000000000000000000000000000000000000000000000000000000000010000000008000000000000000000000000000000000020000000000000000000000000000200000000000000000000000000000010000000000000000000000000000000000000000000000000000000000000000000000400000000000000000080000000000000000000000000000000000000010000000000001002000000000000000000000000000000000000000000004000000000000000000000000000000000000000000000000000000000000000000000000000",
	"root": null,
	"status": "0x1",
	"transactionHash": "0x21358673509d3c08517639017e34e2dfca3d5a15ff6f91a4f36d9f9269e06ea5",
	"transactionIndex": 93
}
[2018-04-28T23:39:25.592] [DEBUG] trans - TO:   0x52dd9a7a3c47f82889e1eda44374ba8480569db6
[2018-04-28T23:39:25.592] [DEBUG] trans - AMOUNT:   3486991400000000000000
[2018-04-28T23:39:25.592] [DEBUG] trans - Receipt info:  {
	"blockHash": "0xbeac5c87b0cd6e17183b26b6929e23992f0e147e3da8c72e15a3b5b9687a44f4",
	"blockNumber": 5522980,
	"contractAddress": null,
	"cumulativeGasUsed": 5645549,
	"gasUsed": 51653,
	"logs": [
		{
			"address": "0x7e9e431a0B8c4D532C745B1043c7FA29a48D4fBa",
			"blockHash": "0xbeac5c87b0cd6e17183b26b6929e23992f0e147e3da8c72e15a3b5b9687a44f4",
			"blockNumber": 5522980,
			"data": "0x0000000000000000000000000000000000000000000000bd07ba0b6d820a8000",
			"logIndex": 88,
			"topics": [
				"0xddf252ad1be2c89b69c2b068fc378daa952ba7f163c4a11628f55a4df523b3ef",
				"0x000000000000000000000000468b858c964f297fd8fce058032bf4b4911a8ad8",
				"0x00000000000000000000000052dd9a7a3c47f82889e1eda44374ba8480569db6"
			],
			"transactionHash": "0x52e23d1e4c3577a02194b707e11ff7e9e9eb352001da85d9992f6289f81eaaf1",
			"transactionIndex": 105,
			"transactionLogIndex": "0x0",
			"type": "mined",
			"id": "log_8e973bf6"
		}
	],
	"logsBloom": "0x00000000000000000000000000020000000000080000000000000000000000000000000000000000000000000000000000000000000000000000000000000000000000000010010000000008000000000000000000000000000000000020000000000000000000000000000000000000000000000000000000000010000000000000000000000000000000000000000000000000000000000200000000000000000000000000000080000000000000000000000000000000000000010000000000001002000000000000000000000000000000000000000000000000000000000000000000000000000000000000000000000000000000000000000000000000",
	"root": null,
	"status": "0x1",
	"transactionHash": "0x52e23d1e4c3577a02194b707e11ff7e9e9eb352001da85d9992f6289f81eaaf1",
	"transactionIndex": 105
}
[2018-04-28T23:39:25.592] [DEBUG] trans - TO:   0x1875e030691b39f0f5f7bc99458db17c82228de6
[2018-04-28T23:39:25.592] [DEBUG] trans - AMOUNT:   3485091400000000000000
[2018-04-28T23:39:25.592] [DEBUG] trans - Receipt info:  {
	"blockHash": "0xbeac5c87b0cd6e17183b26b6929e23992f0e147e3da8c72e15a3b5b9687a44f4",
	"blockNumber": 5522980,
	"contractAddress": null,
	"cumulativeGasUsed": 6013615,
	"gasUsed": 51653,
	"logs": [
		{
			"address": "0x7e9e431a0B8c4D532C745B1043c7FA29a48D4fBa",
			"blockHash": "0xbeac5c87b0cd6e17183b26b6929e23992f0e147e3da8c72e15a3b5b9687a44f4",
			"blockNumber": 5522980,
			"data": "0x0000000000000000000000000000000000000000000000bced5be37e90cc8000",
			"logIndex": 94,
			"topics": [
				"0xddf252ad1be2c89b69c2b068fc378daa952ba7f163c4a11628f55a4df523b3ef",
				"0x000000000000000000000000468b858c964f297fd8fce058032bf4b4911a8ad8",
				"0x0000000000000000000000001875e030691b39f0f5f7bc99458db17c82228de6"
			],
			"transactionHash": "0xf1963db6e566219b14edbaa00a76b89676aff0ba08ea07ac9741eb61eeb93c5f",
			"transactionIndex": 114,
			"transactionLogIndex": "0x0",
			"type": "mined",
			"id": "log_802b4e80"
		}
	],
	"logsBloom": "0x00000000000000000000000000020000000000000000000000000000000000000000000000000000000000000000000000000000000000000000000000000001000000100000010000000008000000000000000000000000000000000020000000000000000000000000000000000000000000000000000000000010000000000000000000000000000000000000000000000000000000000000000000000000000000000000000080000000000000000000000000000000000000010000000000001002000000000000000000000000000000000000000000000000000000000000000000000000000000000000000000000000000000000000000000000100",
	"root": null,
	"status": "0x1",
	"transactionHash": "0xf1963db6e566219b14edbaa00a76b89676aff0ba08ea07ac9741eb61eeb93c5f",
	"transactionIndex": 114
}
[2018-04-28T23:39:25.592] [DEBUG] trans - TO:   0xb032fbdff355974b73610fea57b6d3d22630611d
[2018-04-28T23:39:25.592] [DEBUG] trans - AMOUNT:   3487930400000000000000
[2018-04-28T23:39:25.592] [DEBUG] trans - Receipt info:  {
	"blockHash": "0xbeac5c87b0cd6e17183b26b6929e23992f0e147e3da8c72e15a3b5b9687a44f4",
	"blockNumber": 5522980,
	"contractAddress": null,
	"cumulativeGasUsed": 5400129,
	"gasUsed": 51589,
	"logs": [
		{
			"address": "0x7e9e431a0B8c4D532C745B1043c7FA29a48D4fBa",
			"blockHash": "0xbeac5c87b0cd6e17183b26b6929e23992f0e147e3da8c72e15a3b5b9687a44f4",
			"blockNumber": 5522980,
			"data": "0x0000000000000000000000000000000000000000000000bd14c20af3e6220000",
			"logIndex": 84,
			"topics": [
				"0xddf252ad1be2c89b69c2b068fc378daa952ba7f163c4a11628f55a4df523b3ef",
				"0x000000000000000000000000468b858c964f297fd8fce058032bf4b4911a8ad8",
				"0x000000000000000000000000b032fbdff355974b73610fea57b6d3d22630611d"
			],
			"transactionHash": "0xcc5965f6a14ee66a6a4f8b74b556bc6d98c596f76af5fbc303d6a524eb46a2ea",
			"transactionIndex": 99,
			"transactionLogIndex": "0x0",
			"type": "mined",
			"id": "log_f013e37c"
		}
	],
	"logsBloom": "0x00000000000000000000000000020000000000000000000000000000000000000080000000000000000000000000000000000000000000000000000000000000000000000000010000000008000000000000000000000000000000000020002000000000000000000000000000000000000000000000000000000010000000000000000000000000000000000000000000000000000000000000000000000000000000000000000080000000000000000000000000000000000000010000000000001002000000000000000000000000000000000000800000000000000000000000000000000000000000000000000000000000000000000000000000000000",
	"root": null,
	"status": "0x1",
	"transactionHash": "0xcc5965f6a14ee66a6a4f8b74b556bc6d98c596f76af5fbc303d6a524eb46a2ea",
	"transactionIndex": 99
}
[2018-04-28T23:39:25.593] [DEBUG] trans - TO:   0xbf5ec542bb0c5afcbeab7e22fbb0647d5059c3b5
[2018-04-28T23:39:25.593] [DEBUG] trans - AMOUNT:   3484773200000000000000
[2018-04-28T23:39:25.593] [DEBUG] trans - Receipt info:  {
	"blockHash": "0xbeac5c87b0cd6e17183b26b6929e23992f0e147e3da8c72e15a3b5b9687a44f4",
	"blockNumber": 5522980,
	"contractAddress": null,
	"cumulativeGasUsed": 6136197,
	"gasUsed": 51589,
	"logs": [
		{
			"address": "0x7e9e431a0B8c4D532C745B1043c7FA29a48D4fBa",
			"blockHash": "0xbeac5c87b0cd6e17183b26b6929e23992f0e147e3da8c72e15a3b5b9687a44f4",
			"blockNumber": 5522980,
			"data": "0x0000000000000000000000000000000000000000000000bce8f16a47c1450000",
			"logIndex": 96,
			"topics": [
				"0xddf252ad1be2c89b69c2b068fc378daa952ba7f163c4a11628f55a4df523b3ef",
				"0x000000000000000000000000468b858c964f297fd8fce058032bf4b4911a8ad8",
				"0x000000000000000000000000bf5ec542bb0c5afcbeab7e22fbb0647d5059c3b5"
			],
			"transactionHash": "0x5a1c267608efdc91a95e72c201ab0f3352e1d49c89a2548c1e048c259fcdd582",
			"transactionIndex": 117,
			"transactionLogIndex": "0x0",
			"type": "mined",
			"id": "log_4831fec8"
		}
	],
	"logsBloom": "0x00000000000000000000000000020000000000000000000000000000000000000000000000000000000080000000000000080000000000000000000000000000000000000000010000000008000000000000000000000000000000000020000000000000000000000000000000000000000000000000000000000010000000000080000000000000000000000000000000000000000000000000000000000000000000000000000080000000000000000000000000000000000000010000000000001002000000000000000000000000000000000000000000000000000000000000000000000000000000000000000000000000000000000000000000000000",
	"root": null,
	"status": "0x1",
	"transactionHash": "0x5a1c267608efdc91a95e72c201ab0f3352e1d49c89a2548c1e048c259fcdd582",
	"transactionIndex": 117
}
[2018-04-28T23:39:25.594] [DEBUG] trans - TO:   0x62c09aee95d49b15f5a7ff8bd9da965a58f33df1
[2018-04-28T23:39:25.595] [DEBUG] trans - AMOUNT:   3480798100000000000000
[2018-04-28T23:39:25.595] [DEBUG] trans - Receipt info:  {
	"blockHash": "0xbeac5c87b0cd6e17183b26b6929e23992f0e147e3da8c72e15a3b5b9687a44f4",
	"blockNumber": 5522980,
	"contractAddress": null,
	"cumulativeGasUsed": 6485033,
	"gasUsed": 51653,
	"logs": [
		{
			"address": "0x7e9e431a0B8c4D532C745B1043c7FA29a48D4fBa",
			"blockHash": "0xbeac5c87b0cd6e17183b26b6929e23992f0e147e3da8c72e15a3b5b9687a44f4",
			"blockNumber": 5522980,
			"data": "0x0000000000000000000000000000000000000000000000bcb1c705e42a9d4000",
			"logIndex": 105,
			"topics": [
				"0xddf252ad1be2c89b69c2b068fc378daa952ba7f163c4a11628f55a4df523b3ef",
				"0x000000000000000000000000468b858c964f297fd8fce058032bf4b4911a8ad8",
				"0x00000000000000000000000062c09aee95d49b15f5a7ff8bd9da965a58f33df1"
			],
			"transactionHash": "0x5522283657a0ceca12e194325e0e0b2ad0cfb6e0741586661c2c0328bd191bcc",
			"transactionIndex": 124,
			"transactionLogIndex": "0x0",
			"type": "mined",
			"id": "log_0058f42f"
		}
	],
	"logsBloom": "0x00000000000000000000000000020000000000000000000000000000000020000000000000000000000000000000000000000000000000000000000000000000000000000000010000000008000000000000000000000000000000001020000000000000000000000000000000000000000000000000000000000010000000000000000000000000000000000000000000000000000000000000000000000000000000000000000080000004000000000000000000000000000000010000000000001002000000000000000000000000000000000000000000000000000000000000000000000000000000000000000000000000000000000000000000000000",
	"root": null,
	"status": "0x1",
	"transactionHash": "0x5522283657a0ceca12e194325e0e0b2ad0cfb6e0741586661c2c0328bd191bcc",
	"transactionIndex": 124
}
[2018-04-28T23:39:25.595] [DEBUG] trans - TO:   0x89575889d31c334fa2c845b1dd863a5cd8a5662f
[2018-04-28T23:39:25.595] [DEBUG] trans - AMOUNT:   3484550000000000000000
[2018-04-28T23:39:25.595] [DEBUG] trans - Receipt info:  {
	"blockHash": "0xbeac5c87b0cd6e17183b26b6929e23992f0e147e3da8c72e15a3b5b9687a44f4",
	"blockNumber": 5522980,
	"contractAddress": null,
	"cumulativeGasUsed": 6237907,
	"gasUsed": 51589,
	"logs": [
		{
			"address": "0x7e9e431a0B8c4D532C745B1043c7FA29a48D4fBa",
			"blockHash": "0xbeac5c87b0cd6e17183b26b6929e23992f0e147e3da8c72e15a3b5b9687a44f4",
			"blockNumber": 5522980,
			"data": "0x0000000000000000000000000000000000000000000000bce5d8731017670000",
			"logIndex": 98,
			"topics": [
				"0xddf252ad1be2c89b69c2b068fc378daa952ba7f163c4a11628f55a4df523b3ef",
				"0x000000000000000000000000468b858c964f297fd8fce058032bf4b4911a8ad8",
				"0x00000000000000000000000089575889d31c334fa2c845b1dd863a5cd8a5662f"
			],
			"transactionHash": "0x4ad2fef00ea1efefd76f62e3854205fc5fdfb2ed070568e45efb399895135c0b",
			"transactionIndex": 119,
			"transactionLogIndex": "0x0",
			"type": "mined",
			"id": "log_25f5f561"
		}
	],
	"logsBloom": "0x00000000000000000000000000020000000000000000000000000000000000000000000000000000000000000000000000000000000000000000000000000000000000000000010000000008000000000000000000000000000000000020000000000000000000000000000000000000000000000000000000000010000000000000000000000000000000000000000000000000000000000000000000000000000000000000000080000400000000000000000000000000000000010000000000001002000000000000000000000000000000200000000000000000000010000000000000000000000000000000000000000000000000000000000000000000",
	"root": null,
	"status": "0x1",
	"transactionHash": "0x4ad2fef00ea1efefd76f62e3854205fc5fdfb2ed070568e45efb399895135c0b",
	"transactionIndex": 119
}
[2018-04-28T23:39:25.596] [DEBUG] trans - TO:   0x19f6e45804b0d73f27999293873dc240a3cab4fd
[2018-04-28T23:39:25.596] [DEBUG] trans - AMOUNT:   3479380700000000000000
[2018-04-28T23:39:25.596] [DEBUG] trans - Receipt info:  {
	"blockHash": "0xbeac5c87b0cd6e17183b26b6929e23992f0e147e3da8c72e15a3b5b9687a44f4",
	"blockNumber": 5522980,
	"contractAddress": null,
	"cumulativeGasUsed": 6536686,
	"gasUsed": 51653,
	"logs": [
		{
			"address": "0x7e9e431a0B8c4D532C745B1043c7FA29a48D4fBa",
			"blockHash": "0xbeac5c87b0cd6e17183b26b6929e23992f0e147e3da8c72e15a3b5b9687a44f4",
			"blockNumber": 5522980,
			"data": "0x0000000000000000000000000000000000000000000000bc9e1b6819d9f9c000",
			"logIndex": 106,
			"topics": [
				"0xddf252ad1be2c89b69c2b068fc378daa952ba7f163c4a11628f55a4df523b3ef",
				"0x000000000000000000000000468b858c964f297fd8fce058032bf4b4911a8ad8",
				"0x00000000000000000000000019f6e45804b0d73f27999293873dc240a3cab4fd"
			],
			"transactionHash": "0x5868f90533cbeee1cf93017a5178a0431a6976d74fd63b836dd61b9040b337de",
			"transactionIndex": 125,
			"transactionLogIndex": "0x0",
			"type": "mined",
			"id": "log_1869546e"
		}
	],
	"logsBloom": "0x00000000000000000000000000020000000000000000000000000000000000000000000000000000000000000000000800000000000000000000000000000000000000000000010000000008000000000000000000000000000000000020001000000000000000000000000000000000000000000000000000000010000000000000000000000000000000000000000000000000000000000000000000000000000000000000000080000000000000000000000000000000000000010000000000001002000000000000000000000000000000000000000000000000000000000000000000000000000000000000000000000000000000000000000040000000",
	"root": null,
	"status": "0x1",
	"transactionHash": "0x5868f90533cbeee1cf93017a5178a0431a6976d74fd63b836dd61b9040b337de",
	"transactionIndex": 125
}
[2018-04-28T23:39:25.596] [DEBUG] trans - TO:   0xc5d765c10c8d8f431ff7e485fb7b6d366dc5c9cc
[2018-04-28T23:39:25.597] [DEBUG] trans - AMOUNT:   3483289200000000000000
[2018-04-28T23:39:25.597] [DEBUG] trans - Receipt info:  {
	"blockHash": "0xbeac5c87b0cd6e17183b26b6929e23992f0e147e3da8c72e15a3b5b9687a44f4",
	"blockNumber": 5522980,
	"contractAddress": null,
	"cumulativeGasUsed": 6335810,
	"gasUsed": 51589,
	"logs": [
		{
			"address": "0x7e9e431a0B8c4D532C745B1043c7FA29a48D4fBa",
			"blockHash": "0xbeac5c87b0cd6e17183b26b6929e23992f0e147e3da8c72e15a3b5b9687a44f4",
			"blockNumber": 5522980,
			"data": "0x0000000000000000000000000000000000000000000000bcd459302492970000",
			"logIndex": 101,
			"topics": [
				"0xddf252ad1be2c89b69c2b068fc378daa952ba7f163c4a11628f55a4df523b3ef",
				"0x000000000000000000000000468b858c964f297fd8fce058032bf4b4911a8ad8",
				"0x000000000000000000000000c5d765c10c8d8f431ff7e485fb7b6d366dc5c9cc"
			],
			"transactionHash": "0xf50e40b9409aeb97787c00f565aab225482666423509d864f28f1df1d82befa9",
			"transactionIndex": 121,
			"transactionLogIndex": "0x0",
			"type": "mined",
			"id": "log_5867d3a2"
		}
	],
	"logsBloom": "0x00000000000000000000000000020000000000000000000000000000000000000000000000000000000000000000000000000000000000000000000000000000000000000000010000000008000000000000000000000000000000000020000000000000010000000000000080000000000000000000000000000010000000000000000000000000000000000000000000000000000000000000000000000000000000000000000080000000000000000000000000000000000000010000000000001002000000000000000000000000000000000000000000000002000000000000000000000000000000000000000000000000000000000000000000000000",
	"root": null,
	"status": "0x1",
	"transactionHash": "0xf50e40b9409aeb97787c00f565aab225482666423509d864f28f1df1d82befa9",
	"transactionIndex": 121
}
[2018-04-28T23:39:25.597] [DEBUG] trans - TO:   0xe2860e95c631196c56841491ed8d1cfd1ac570ab
[2018-04-28T23:39:25.597] [DEBUG] trans - AMOUNT:   3485520500000000000000
[2018-04-28T23:39:25.597] [DEBUG] trans - Receipt info:  {
	"blockHash": "0xbeac5c87b0cd6e17183b26b6929e23992f0e147e3da8c72e15a3b5b9687a44f4",
	"blockNumber": 5522980,
	"contractAddress": null,
	"cumulativeGasUsed": 5890969,
	"gasUsed": 51653,
	"logs": [
		{
			"address": "0x7e9e431a0B8c4D532C745B1043c7FA29a48D4fBa",
			"blockHash": "0xbeac5c87b0cd6e17183b26b6929e23992f0e147e3da8c72e15a3b5b9687a44f4",
			"blockNumber": 5522980,
			"data": "0x0000000000000000000000000000000000000000000000bcf3505babc1eb4000",
			"logIndex": 92,
			"topics": [
				"0xddf252ad1be2c89b69c2b068fc378daa952ba7f163c4a11628f55a4df523b3ef",
				"0x000000000000000000000000468b858c964f297fd8fce058032bf4b4911a8ad8",
				"0x000000000000000000000000e2860e95c631196c56841491ed8d1cfd1ac570ab"
			],
			"transactionHash": "0x802736fd4eb3ebe9e570cc130571feeea2a5378d2104d3dceaa28054939d27ae",
			"transactionIndex": 111,
			"transactionLogIndex": "0x0",
			"type": "mined",
			"id": "log_99a7cfe5"
		}
	],
	"logsBloom": "0x00000000000000000000000000020800000000000000000000000000000000000000000000000000000000000000000000000000000000000000000000000000000000000000010000000008000000000000000000000000000000000020000000000000000000000000000000000000000000000000000000000010000000000000000000000000000000000000000000000000000000000000000000000000008000000000000080000000000000000000000000000000000000010000000000001002000000000000000000000000000000000000000000001000000000000000000000000000000000000000000000000000000000000000000000000000",
	"root": null,
	"status": "0x1",
	"transactionHash": "0x802736fd4eb3ebe9e570cc130571feeea2a5378d2104d3dceaa28054939d27ae",
	"transactionIndex": 111
}
[2018-04-28T23:39:25.599] [DEBUG] trans - TO:   0xe114b2a2267fccdf3a1406b0ed87586e99e67aaf
[2018-04-28T23:39:25.599] [DEBUG] trans - AMOUNT:   3482114500000000000000
[2018-04-28T23:39:25.599] [DEBUG] trans - Receipt info:  {
	"blockHash": "0xbeac5c87b0cd6e17183b26b6929e23992f0e147e3da8c72e15a3b5b9687a44f4",
	"blockNumber": 5522980,
	"contractAddress": null,
	"cumulativeGasUsed": 6433380,
	"gasUsed": 51653,
	"logs": [
		{
			"address": "0x7e9e431a0B8c4D532C745B1043c7FA29a48D4fBa",
			"blockHash": "0xbeac5c87b0cd6e17183b26b6929e23992f0e147e3da8c72e15a3b5b9687a44f4",
			"blockNumber": 5522980,
			"data": "0x0000000000000000000000000000000000000000000000bcc40bd0b778f04000",
			"logIndex": 104,
			"topics": [
				"0xddf252ad1be2c89b69c2b068fc378daa952ba7f163c4a11628f55a4df523b3ef",
				"0x000000000000000000000000468b858c964f297fd8fce058032bf4b4911a8ad8",
				"0x000000000000000000000000e114b2a2267fccdf3a1406b0ed87586e99e67aaf"
			],
			"transactionHash": "0x8a2141673d0f51ea79f2643cad6c06dca0535e66c1f9c3bc26f01a213b1d61f9",
			"transactionIndex": 123,
			"transactionLogIndex": "0x0",
			"type": "mined",
			"id": "log_b2bdb814"
		}
	],
	"logsBloom": "0x00000000000000000000000000020000000000000000000000000000000000000000000000000000000000000000000000000000000000000000000000000000000000000000010000000008000000000000000000000000000000000020000000000000000000000000000000000000000000000000000000000010000000000000000000000000000000000000000000000000000000000000000000000000000000000000000080000000000000000000000000000000000000010000000000001402000000000000000000000000000000000000000000000000002000000000000000000000000000000000000000000000000000000000000000200000",
	"root": null,
	"status": "0x1",
	"transactionHash": "0x8a2141673d0f51ea79f2643cad6c06dca0535e66c1f9c3bc26f01a213b1d61f9",
	"transactionIndex": 123
}
[2018-04-28T23:39:25.600] [DEBUG] trans - TO:   0xad936d7e6e51ce2298b1e4ebb5bb00363814f9f1
[2018-04-28T23:39:25.600] [DEBUG] trans - AMOUNT:   3478512500000000000000
[2018-04-28T23:39:25.600] [DEBUG] trans - Receipt info:  {
	"blockHash": "0xbeac5c87b0cd6e17183b26b6929e23992f0e147e3da8c72e15a3b5b9687a44f4",
	"blockNumber": 5522980,
	"contractAddress": null,
	"cumulativeGasUsed": 6743106,
	"gasUsed": 51589,
	"logs": [
		{
			"address": "0x7e9e431a0B8c4D532C745B1043c7FA29a48D4fBa",
			"blockHash": "0xbeac5c87b0cd6e17183b26b6929e23992f0e147e3da8c72e15a3b5b9687a44f4",
			"blockNumber": 5522980,
			"data": "0x0000000000000000000000000000000000000000000000bc920ef0cd07fb4000",
			"logIndex": 110,
			"topics": [
				"0xddf252ad1be2c89b69c2b068fc378daa952ba7f163c4a11628f55a4df523b3ef",
				"0x000000000000000000000000468b858c964f297fd8fce058032bf4b4911a8ad8",
				"0x000000000000000000000000ad936d7e6e51ce2298b1e4ebb5bb00363814f9f1"
			],
			"transactionHash": "0x90382abe1ddcb977bc94796642619b45890342361025d1e1b493677c5ef38183",
			"transactionIndex": 129,
			"transactionLogIndex": "0x0",
			"type": "mined",
			"id": "log_c917263d"
		}
	],
	"logsBloom": "0x00000000000000000000000000020000000000000000000000000000000000000000000000000000000000000000000000000000000000000000000000000000000000000000010000000008000000000000000000000000000000000020000000000000000000000000000000000000000000000000000000000010020000000000000000000000000000000000000000000000000000000000000000000000000000000000000080000000000200000000000000000000000000010000000000001002000000000000000000000000000000000000000000020000000000000000000000000000000000000000000000000000000000000000000000000000",
	"root": null,
	"status": "0x1",
	"transactionHash": "0x90382abe1ddcb977bc94796642619b45890342361025d1e1b493677c5ef38183",
	"transactionIndex": 129
}
[2018-04-28T23:39:25.601] [DEBUG] trans - TO:   0xfdcb2eb143a7521e6099d623dbac3d0e002f512d
[2018-04-28T23:39:25.601] [DEBUG] trans - AMOUNT:   3478636500000000000000
[2018-04-28T23:39:25.601] [DEBUG] trans - Receipt info:  {
	"blockHash": "0xbeac5c87b0cd6e17183b26b6929e23992f0e147e3da8c72e15a3b5b9687a44f4",
	"blockNumber": 5522980,
	"contractAddress": null,
	"cumulativeGasUsed": 6691517,
	"gasUsed": 51589,
	"logs": [
		{
			"address": "0x7e9e431a0B8c4D532C745B1043c7FA29a48D4fBa",
			"blockHash": "0xbeac5c87b0cd6e17183b26b6929e23992f0e147e3da8c72e15a3b5b9687a44f4",
			"blockNumber": 5522980,
			"data": "0x0000000000000000000000000000000000000000000000bc93c77a24d8214000",
			"logIndex": 109,
			"topics": [
				"0xddf252ad1be2c89b69c2b068fc378daa952ba7f163c4a11628f55a4df523b3ef",
				"0x000000000000000000000000468b858c964f297fd8fce058032bf4b4911a8ad8",
				"0x000000000000000000000000fdcb2eb143a7521e6099d623dbac3d0e002f512d"
			],
			"transactionHash": "0x04d397409dc2b0c100d3a6b655d91dbade989e52a51e5e42ea9473a1b5b1da7f",
			"transactionIndex": 128,
			"transactionLogIndex": "0x0",
			"type": "mined",
			"id": "log_fccf4e6d"
		}
	],
	"logsBloom": "0x00000000000000000000000000020000000000000000000000000000000000000000000000000000000000000000000000000000000000000000000000000000000000000000010000000008000000000000000000000000000000000020000000000000000000000000000000000000000000000000000000000010000000000000000000000000000000000000000000000000000000000000000000000000000000000000000080000000000000020000000000000000000000010000000000001002000000000000000000000000000000000000000000000000000000000000000000000000000000000200000000000000000000020000000000000000",
	"root": null,
	"status": "0x1",
	"transactionHash": "0x04d397409dc2b0c100d3a6b655d91dbade989e52a51e5e42ea9473a1b5b1da7f",
	"transactionIndex": 128
}
[2018-04-28T23:39:25.601] [DEBUG] trans - TO:   0x6266431213542bb43beb87d59565d710bdf15c38
[2018-04-28T23:39:25.601] [DEBUG] trans - AMOUNT:   3478964400000000000000
[2018-04-28T23:39:25.601] [DEBUG] trans - Receipt info:  {
	"blockHash": "0xbeac5c87b0cd6e17183b26b6929e23992f0e147e3da8c72e15a3b5b9687a44f4",
	"blockNumber": 5522980,
	"contractAddress": null,
	"cumulativeGasUsed": 6588275,
	"gasUsed": 51589,
	"logs": [
		{
			"address": "0x7e9e431a0B8c4D532C745B1043c7FA29a48D4fBa",
			"blockHash": "0xbeac5c87b0cd6e17183b26b6929e23992f0e147e3da8c72e15a3b5b9687a44f4",
			"blockNumber": 5522980,
			"data": "0x0000000000000000000000000000000000000000000000bc98546974e5fb0000",
			"logIndex": 107,
			"topics": [
				"0xddf252ad1be2c89b69c2b068fc378daa952ba7f163c4a11628f55a4df523b3ef",
				"0x000000000000000000000000468b858c964f297fd8fce058032bf4b4911a8ad8",
				"0x0000000000000000000000006266431213542bb43beb87d59565d710bdf15c38"
			],
			"transactionHash": "0x84a714306b40cbf5af901cf874a3e0095bc79ce6c3480e7280bc12a0d4cbc1ca",
			"transactionIndex": 126,
			"transactionLogIndex": "0x0",
			"type": "mined",
			"id": "log_ae206697"
		}
	],
	"logsBloom": "0x00000000000000000000000000020000000000000000400000000000000000000000000000000000000000000000000000000000000000000000000000000000000000000000010000000008000000000000000000000000000000000020000000000000000000000000000000000000000000000000000000000010000000000000000000000000000000000000000000000000000004000000000000000000000000000000000080000000000000000000000000000000000000010000000000001002000000000000000000000000000000000000000800000000000000000000000000000000000000000000000000000000000000000000000000000000",
	"root": null,
	"status": "0x1",
	"transactionHash": "0x84a714306b40cbf5af901cf874a3e0095bc79ce6c3480e7280bc12a0d4cbc1ca",
	"transactionIndex": 126
}
[2018-04-28T23:39:25.603] [DEBUG] trans - TO:   0x17177e67af42c313412c97612f601d5d18a0436c
[2018-04-28T23:39:25.603] [DEBUG] trans - AMOUNT:   3477454100000000000000
[2018-04-28T23:39:25.603] [DEBUG] trans - Receipt info:  {
	"blockHash": "0xbeac5c87b0cd6e17183b26b6929e23992f0e147e3da8c72e15a3b5b9687a44f4",
	"blockNumber": 5522980,
	"contractAddress": null,
	"cumulativeGasUsed": 6794759,
	"gasUsed": 51653,
	"logs": [
		{
			"address": "0x7e9e431a0B8c4D532C745B1043c7FA29a48D4fBa",
			"blockHash": "0xbeac5c87b0cd6e17183b26b6929e23992f0e147e3da8c72e15a3b5b9687a44f4",
			"blockNumber": 5522980,
			"data": "0x0000000000000000000000000000000000000000000000bc835ebf9bc9b54000",
			"logIndex": 111,
			"topics": [
				"0xddf252ad1be2c89b69c2b068fc378daa952ba7f163c4a11628f55a4df523b3ef",
				"0x000000000000000000000000468b858c964f297fd8fce058032bf4b4911a8ad8",
				"0x00000000000000000000000017177e67af42c313412c97612f601d5d18a0436c"
			],
			"transactionHash": "0xa9609e9b50a4925b228aaca83ff72117b7983c7b89ebd92fb7e842875de7bf48",
			"transactionIndex": 130,
			"transactionLogIndex": "0x0",
			"type": "mined",
			"id": "log_0bd1fe95"
		}
	],
	"logsBloom": "0x00000000000000000000000000020000000000000000000000000000000000000000000000000000000000000000000000000000000000000000000000000000000000000000010000000008000000000000000000000000000000000020000000000000000000000000000000000000000000000000000000000010000000000000000000000000000000000000000000000100000000000000000000000000000000000000000080000000000000000000000000000000000000010000000000001002000000000800000000000000000000000000000000000000000000000000000000000800000000000000000000000000000000000000000000000000",
	"root": null,
	"status": "0x1",
	"transactionHash": "0xa9609e9b50a4925b228aaca83ff72117b7983c7b89ebd92fb7e842875de7bf48",
	"transactionIndex": 130
}
[2018-04-28T23:39:25.606] [DEBUG] trans - TO:   0x379a322898c22e16b579ea8a35459ca2af780864
[2018-04-28T23:39:25.606] [DEBUG] trans - AMOUNT:   3477357700000000000000
[2018-04-28T23:39:25.606] [DEBUG] trans - Receipt info:  {
	"blockHash": "0xbeac5c87b0cd6e17183b26b6929e23992f0e147e3da8c72e15a3b5b9687a44f4",
	"blockNumber": 5522980,
	"contractAddress": null,
	"cumulativeGasUsed": 6846412,
	"gasUsed": 51653,
	"logs": [
		{
			"address": "0x7e9e431a0B8c4D532C745B1043c7FA29a48D4fBa",
			"blockHash": "0xbeac5c87b0cd6e17183b26b6929e23992f0e147e3da8c72e15a3b5b9687a44f4",
			"blockNumber": 5522980,
			"data": "0x0000000000000000000000000000000000000000000000bc82084451bd5c4000",
			"logIndex": 112,
			"topics": [
				"0xddf252ad1be2c89b69c2b068fc378daa952ba7f163c4a11628f55a4df523b3ef",
				"0x000000000000000000000000468b858c964f297fd8fce058032bf4b4911a8ad8",
				"0x000000000000000000000000379a322898c22e16b579ea8a35459ca2af780864"
			],
			"transactionHash": "0xc882c20078bf36963b39f47ebc9a9d4b081e293318865a76027140187aba96ac",
			"transactionIndex": 131,
			"transactionLogIndex": "0x0",
			"type": "mined",
			"id": "log_35bc34f0"
		}
	],
	"logsBloom": "0x00000000000000000000000000020000000000000000000000000000000000000000000000000001000000000000000000000000000000000040000000000000000000000000010000000008000000000000000000000000000000000020000000000000000000000000000000000100000000000000000000000010000000000000000000000000000000000000000000000000000000000000000000000000000000000000000080000000000000000000000000000000000000010000000000001002000000000000000000000000000000000000000000000000000000000000000000000000000000000000000000000000000000000000000000000000",
	"root": null,
	"status": "0x1",
	"transactionHash": "0xc882c20078bf36963b39f47ebc9a9d4b081e293318865a76027140187aba96ac",
	"transactionIndex": 131
}
[2018-04-28T23:39:25.608] [DEBUG] trans - TO:   0xb739cb2ed074e17b766e3173494a578ac87e511d
[2018-04-28T23:39:25.608] [DEBUG] trans - AMOUNT:   3478824100000000000000
[2018-04-28T23:39:25.609] [DEBUG] trans - Receipt info:  {
	"blockHash": "0xbeac5c87b0cd6e17183b26b6929e23992f0e147e3da8c72e15a3b5b9687a44f4",
	"blockNumber": 5522980,
	"contractAddress": null,
	"cumulativeGasUsed": 6639928,
	"gasUsed": 51653,
	"logs": [
		{
			"address": "0x7e9e431a0B8c4D532C745B1043c7FA29a48D4fBa",
			"blockHash": "0xbeac5c87b0cd6e17183b26b6929e23992f0e147e3da8c72e15a3b5b9687a44f4",
			"blockNumber": 5522980,
			"data": "0x0000000000000000000000000000000000000000000000bc9661f75997fe4000",
			"logIndex": 108,
			"topics": [
				"0xddf252ad1be2c89b69c2b068fc378daa952ba7f163c4a11628f55a4df523b3ef",
				"0x000000000000000000000000468b858c964f297fd8fce058032bf4b4911a8ad8",
				"0x000000000000000000000000b739cb2ed074e17b766e3173494a578ac87e511d"
			],
			"transactionHash": "0x248afdf114e4007968e275d6f9699e3dced09733b3bec1eadb9e5671999205a2",
			"transactionIndex": 127,
			"transactionLogIndex": "0x0",
			"type": "mined",
			"id": "log_58b5fd42"
		}
	],
	"logsBloom": "0x00000000000000000000000000020000000000000000000000000000000000000000000000000000000000000000000000000000000000000000000000000000000000000800010000000008000000000000000000000008000000000020000000000000000000000000000000000000000000000000000000000010000000000000000000000000000000000000000000000000000000000000000000000000000000000000000080000000000000000000000000000002000000010000000000001002000000000000000000000000000000000000000000000000000000000000000000000000000000000000000000000000000000000000000000000000",
	"root": null,
	"status": "0x1",
	"transactionHash": "0x248afdf114e4007968e275d6f9699e3dced09733b3bec1eadb9e5671999205a2",
	"transactionIndex": 127
}
[2018-04-28T23:39:25.617] [DEBUG] trans - TO:   0x5020a7454a2c69d143d9b18450e69d97dd13f9b2
[2018-04-28T23:39:25.617] [DEBUG] trans - AMOUNT:   3477153900000000000000
[2018-04-28T23:39:25.617] [DEBUG] trans - Receipt info:  {
	"blockHash": "0xbeac5c87b0cd6e17183b26b6929e23992f0e147e3da8c72e15a3b5b9687a44f4",
	"blockNumber": 5522980,
	"contractAddress": null,
	"cumulativeGasUsed": 6898065,
	"gasUsed": 51653,
	"logs": [
		{
			"address": "0x7e9e431a0B8c4D532C745B1043c7FA29a48D4fBa",
			"blockHash": "0xbeac5c87b0cd6e17183b26b6929e23992f0e147e3da8c72e15a3b5b9687a44f4",
			"blockNumber": 5522980,
			"data": "0x0000000000000000000000000000000000000000000000bc7f34394c9022c000",
			"logIndex": 113,
			"topics": [
				"0xddf252ad1be2c89b69c2b068fc378daa952ba7f163c4a11628f55a4df523b3ef",
				"0x000000000000000000000000468b858c964f297fd8fce058032bf4b4911a8ad8",
				"0x0000000000000000000000005020a7454a2c69d143d9b18450e69d97dd13f9b2"
			],
			"transactionHash": "0xce5fa37a5f84721328e76fbc0f61b1a5b935b5426949e56a92d5dfcf28bc47ae",
			"transactionIndex": 132,
			"transactionLogIndex": "0x0",
			"type": "mined",
			"id": "log_5bb59db0"
		}
	],
	"logsBloom": "0x0000000000000000000000000002000000000000000000000000000000000000000000000000000000000000000000800000000000000000000000000000000000000000000001000000000c000000000000000000000000000000000020000000000000000000000000000000000000000000000000000000000010000000000000000000000000000000000000000000000000000000000000000000000000000000000000000080000000000000000000000000000000000000010000000000001002000000040000000000000000000000000000000000000000000000000000000000000000000000000000000000000000000000000000000000000000",
	"root": null,
	"status": "0x1",
	"transactionHash": "0xce5fa37a5f84721328e76fbc0f61b1a5b935b5426949e56a92d5dfcf28bc47ae",
	"transactionIndex": 132
}
[2018-04-28T23:39:29.604] [DEBUG] trans - TO:   0x6c9a2fd96616dca3f2d19ff021ae23d1d6d6c007
[2018-04-28T23:39:29.604] [DEBUG] trans - AMOUNT:   3476571600000000000000
[2018-04-28T23:39:29.604] [DEBUG] trans - Receipt info:  {
	"blockHash": "0xbf98773c0de03ccd185427fcb8131e3f95f3b2edb153aabcaef9ef6ef28d7b67",
	"blockNumber": 5522981,
	"contractAddress": null,
	"cumulativeGasUsed": 695025,
	"gasUsed": 51589,
	"logs": [
		{
			"address": "0x7e9e431a0B8c4D532C745B1043c7FA29a48D4fBa",
			"blockHash": "0xbf98773c0de03ccd185427fcb8131e3f95f3b2edb153aabcaef9ef6ef28d7b67",
			"blockNumber": 5522981,
			"data": "0x0000000000000000000000000000000000000000000000bc771f7a88c36d0000",
			"logIndex": 8,
			"topics": [
				"0xddf252ad1be2c89b69c2b068fc378daa952ba7f163c4a11628f55a4df523b3ef",
				"0x000000000000000000000000468b858c964f297fd8fce058032bf4b4911a8ad8",
				"0x0000000000000000000000006c9a2fd96616dca3f2d19ff021ae23d1d6d6c007"
			],
			"transactionHash": "0x2113a408b8d3abe950ed1f58262af86babaae14dfe793ea06c6e088347cbc855",
			"transactionIndex": 13,
			"transactionLogIndex": "0x0",
			"type": "mined",
			"id": "log_0f6657c2"
		}
	],
	"logsBloom": "0x00000000000000000000000000020000000100000000000000000000000000000000000000000000000000000000000000000000000000000000000000000000000000000000010000000008000000000000000000000000000000000020000002000000000000000000000000000000000000000000000000000010000000000000000000000000000000000000000000000000000000000000000000000000000000000000000080000000000000000000000000000000000000010000000000001002000000000000000000000000000000000000000020000000000000000000000000000000000000000000000000000000000000000000000000000000",
	"root": null,
	"status": "0x1",
	"transactionHash": "0x2113a408b8d3abe950ed1f58262af86babaae14dfe793ea06c6e088347cbc855",
	"transactionIndex": 13
}
[2018-04-28T23:39:43.617] [DEBUG] trans - TO:   0x764ac5c9e2a5a68ddcd0a0cc11386a27253fcfbf
[2018-04-28T23:39:43.617] [DEBUG] trans - AMOUNT:   3476559100000000000000
[2018-04-28T23:39:43.617] [DEBUG] trans - Receipt info:  {
	"blockHash": "0x81d1b88813bca9edb55094383647437d4274e8253d083893dab062759e83f62b",
	"blockNumber": 5522982,
	"contractAddress": null,
	"cumulativeGasUsed": 571170,
	"gasUsed": 51653,
	"logs": [
		{
			"address": "0x7e9e431a0B8c4D532C745B1043c7FA29a48D4fBa",
			"blockHash": "0x81d1b88813bca9edb55094383647437d4274e8253d083893dab062759e83f62b",
			"blockNumber": 5522982,
			"data": "0x0000000000000000000000000000000000000000000000bc76f311d9b7bbc000",
			"logIndex": 7,
			"topics": [
				"0xddf252ad1be2c89b69c2b068fc378daa952ba7f163c4a11628f55a4df523b3ef",
				"0x000000000000000000000000468b858c964f297fd8fce058032bf4b4911a8ad8",
				"0x000000000000000000000000764ac5c9e2a5a68ddcd0a0cc11386a27253fcfbf"
			],
			"transactionHash": "0xe4f46b480c03b83d89cb2fe637213a8aa429e794c7ad26636c698e08b6a046df",
			"transactionIndex": 15,
			"transactionLogIndex": "0x0",
			"type": "mined",
			"id": "log_31321921"
		}
	],
	"logsBloom": "0x00000000000000000000000000020000000000000000000000000800000000000000000000000000000000000000000000400000000000000000000000000000000000000000010000000008000000000000000000000000000000000020000000000000000000000000000000000000000000000000000000000010000000000000000000000000000000000000000000000000000000000000000000000000000000000000000080000000000000000000000000000000000000010000000000001002000000000000000000000000000000000000000000000020000000000000000000000000000000000000000000000000000000000000000000000000",
	"root": null,
	"status": "0x1",
	"transactionHash": "0xe4f46b480c03b83d89cb2fe637213a8aa429e794c7ad26636c698e08b6a046df",
	"transactionIndex": 15
}
[2018-04-28T23:39:43.620] [DEBUG] trans - TO:   0x0aa1ef3f383cb4346880237a6e6562a448c2410b
[2018-04-28T23:39:43.620] [DEBUG] trans - AMOUNT:   3475786500000000000000
[2018-04-28T23:39:43.620] [DEBUG] trans - Receipt info:  {
	"blockHash": "0x81d1b88813bca9edb55094383647437d4274e8253d083893dab062759e83f62b",
	"blockNumber": 5522982,
	"contractAddress": null,
	"cumulativeGasUsed": 5927969,
	"gasUsed": 51653,
	"logs": [
		{
			"address": "0x7e9e431a0B8c4D532C745B1043c7FA29a48D4fBa",
			"blockHash": "0x81d1b88813bca9edb55094383647437d4274e8253d083893dab062759e83f62b",
			"blockNumber": 5522982,
			"data": "0x0000000000000000000000000000000000000000000000bc6c3a3e3e6e444000",
			"logIndex": 97,
			"topics": [
				"0xddf252ad1be2c89b69c2b068fc378daa952ba7f163c4a11628f55a4df523b3ef",
				"0x000000000000000000000000468b858c964f297fd8fce058032bf4b4911a8ad8",
				"0x0000000000000000000000000aa1ef3f383cb4346880237a6e6562a448c2410b"
			],
			"transactionHash": "0xffe5c6e921ae3a0e2d52f2ce3a01337b534e20567af9ace3069c52313dc61cdc",
			"transactionIndex": 109,
			"transactionLogIndex": "0x0",
			"type": "mined",
			"id": "log_59fc641a"
		}
	],
	"logsBloom": "0x00000000000000000000000000020000000000000000000000000000000000000000000000000000000000000000000000000000000000000000000000000000400000000000010000000008000000000000000000000000000000000020000000000000000000000000000000000000000000000000000000000410000000000000000000000000000000000000000000000000000000000000000000000000000000000000000080000000000000000000000000000000000000010000000000001002000000000000000000000000000000000000000000000000000000000000000000000000000000000000000000000000000000004000000000000000",
	"root": null,
	"status": "0x1",
	"transactionHash": "0xffe5c6e921ae3a0e2d52f2ce3a01337b534e20567af9ace3069c52313dc61cdc",
	"transactionIndex": 109
}
[2018-04-28T23:39:43.620] [DEBUG] trans - TO:   0xed05ad8a03f6b685edf7a35ba4785553994d6b51
[2018-04-28T23:39:43.620] [DEBUG] trans - AMOUNT:   3475433100000000000000
[2018-04-28T23:39:43.620] [DEBUG] trans - Receipt info:  {
	"blockHash": "0x81d1b88813bca9edb55094383647437d4274e8253d083893dab062759e83f62b",
	"blockNumber": 5522982,
	"contractAddress": null,
	"cumulativeGasUsed": 6181384,
	"gasUsed": 51653,
	"logs": [
		{
			"address": "0x7e9e431a0B8c4D532C745B1043c7FA29a48D4fBa",
			"blockHash": "0x81d1b88813bca9edb55094383647437d4274e8253d083893dab062759e83f62b",
			"blockNumber": 5522982,
			"data": "0x0000000000000000000000000000000000000000000000bc6752b6d0f6a4c000",
			"logIndex": 100,
			"topics": [
				"0xddf252ad1be2c89b69c2b068fc378daa952ba7f163c4a11628f55a4df523b3ef",
				"0x000000000000000000000000468b858c964f297fd8fce058032bf4b4911a8ad8",
				"0x000000000000000000000000ed05ad8a03f6b685edf7a35ba4785553994d6b51"
			],
			"transactionHash": "0x0efb8079fb0a107bbda5de5d8d844dff8a8079655db12ce382ba8a58c19f5647",
			"transactionIndex": 113,
			"transactionLogIndex": "0x0",
			"type": "mined",
			"id": "log_961d4f18"
		}
	],
	"logsBloom": "0x00080000000000000000000000020000000000000000000000000000000000000000000000000000000000000000000000000000000000000000000000000000000000000000010000000008000000000000000000000000000000000020000000000000000000000000000000000000000000000000000000000010000000000000000000000000000000000000000000000000000000000000000000000000000000000000000080000000000000000000000000000000000000010000000000001002000000000000000000000000000000000000000000000000000000000000000000000000000000000000000000000000000000000000008000000400",
	"root": null,
	"status": "0x1",
	"transactionHash": "0x0efb8079fb0a107bbda5de5d8d844dff8a8079655db12ce382ba8a58c19f5647",
	"transactionIndex": 113
}
[2018-04-28T23:39:43.621] [DEBUG] trans - TO:   0xfb4586a4cac16009dd4c20e0c60d906968b0931f
[2018-04-28T23:39:43.621] [DEBUG] trans - AMOUNT:   3475234600000000000000
[2018-04-28T23:39:43.621] [DEBUG] trans - Receipt info:  {
	"blockHash": "0x81d1b88813bca9edb55094383647437d4274e8253d083893dab062759e83f62b",
	"blockNumber": 5522982,
	"contractAddress": null,
	"cumulativeGasUsed": 6381745,
	"gasUsed": 51653,
	"logs": [
		{
			"address": "0x7e9e431a0B8c4D532C745B1043c7FA29a48D4fBa",
			"blockHash": "0x81d1b88813bca9edb55094383647437d4274e8253d083893dab062759e83f62b",
			"blockNumber": 5522982,
			"data": "0x0000000000000000000000000000000000000000000000bc6491801e32ba8000",
			"logIndex": 101,
			"topics": [
				"0xddf252ad1be2c89b69c2b068fc378daa952ba7f163c4a11628f55a4df523b3ef",
				"0x000000000000000000000000468b858c964f297fd8fce058032bf4b4911a8ad8",
				"0x000000000000000000000000fb4586a4cac16009dd4c20e0c60d906968b0931f"
			],
			"transactionHash": "0xeffcbd34ff6f27298862acbd973b0ecd5b5b1ea71db8557e7abb2f8339c04863",
			"transactionIndex": 116,
			"transactionLogIndex": "0x0",
			"type": "mined",
			"id": "log_c7264bb2"
		}
	],
	"logsBloom": "0x00000000000000000000000000020000000004000000000000000000000000000000000000000000000000000000000000040000000000000000000000000000000000000000010000000008000000000000000000000000000000000020000000000000000000000000000000000000000000000000000000000010000000000000000000000000000000000000000000000000000000000000000000000000000000000000000080000000000000000000000000000000000000010000000000001002000000000000000000000000000000000000000000000000000000000000000000000000000000000000000000000000000000000800000000000000",
	"root": null,
	"status": "0x1",
	"transactionHash": "0xeffcbd34ff6f27298862acbd973b0ecd5b5b1ea71db8557e7abb2f8339c04863",
	"transactionIndex": 116
}
[2018-04-28T23:39:43.621] [DEBUG] trans - TO:   0xfe212078eb0e439e6f558193b69276186be2e246
[2018-04-28T23:39:43.621] [DEBUG] trans - AMOUNT:   3474271600000000000000
[2018-04-28T23:39:43.621] [DEBUG] trans - Receipt info:  {
	"blockHash": "0x81d1b88813bca9edb55094383647437d4274e8253d083893dab062759e83f62b",
	"blockNumber": 5522982,
	"contractAddress": null,
	"cumulativeGasUsed": 6575850,
	"gasUsed": 51589,
	"logs": [
		{
			"address": "0x7e9e431a0B8c4D532C745B1043c7FA29a48D4fBa",
			"blockHash": "0x81d1b88813bca9edb55094383647437d4274e8253d083893dab062759e83f62b",
			"blockNumber": 5522982,
			"data": "0x0000000000000000000000000000000000000000000000bc57343cb85c070000",
			"logIndex": 102,
			"topics": [
				"0xddf252ad1be2c89b69c2b068fc378daa952ba7f163c4a11628f55a4df523b3ef",
				"0x000000000000000000000000468b858c964f297fd8fce058032bf4b4911a8ad8",
				"0x000000000000000000000000fe212078eb0e439e6f558193b69276186be2e246"
			],
			"transactionHash": "0x54fd1e6a9ead1095cf151b157cd15e0f8227a58ddf206f3cc79549fdec3b6a1b",
			"transactionIndex": 118,
			"transactionLogIndex": "0x0",
			"type": "mined",
			"id": "log_f2720acf"
		}
	],
	"logsBloom": "0x00000000000000000000000000020000000000000000000000000000000000000000000000000000000000000000000000000000000000000000080000000000000000000000010000000008000000000000200000000000000000000020000000000000000000000000000000000000000000000000000000000010000000000000000000000000000000000000000000000000000000000000000000000000000000000000000080000000000000000000000000000000000000010000000002001002000000000000000000000000000000000000000000000000000000000000000000000000000000000000000000000000000000000000000000000000",
	"root": null,
	"status": "0x1",
	"transactionHash": "0x54fd1e6a9ead1095cf151b157cd15e0f8227a58ddf206f3cc79549fdec3b6a1b",
	"transactionIndex": 118
}
[2018-04-28T23:39:43.624] [DEBUG] trans - TO:   0xde8b6fd1ffbfed2e611024765f46d2ec1cdd8109
[2018-04-28T23:39:43.624] [DEBUG] trans - AMOUNT:   3473352300000000000000
[2018-04-28T23:39:43.624] [DEBUG] trans - Receipt info:  {
	"blockHash": "0x81d1b88813bca9edb55094383647437d4274e8253d083893dab062759e83f62b",
	"blockNumber": 5522982,
	"contractAddress": null,
	"cumulativeGasUsed": 6730681,
	"gasUsed": 51653,
	"logs": [
		{
			"address": "0x7e9e431a0B8c4D532C745B1043c7FA29a48D4fBa",
			"blockHash": "0x81d1b88813bca9edb55094383647437d4274e8253d083893dab062759e83f62b",
			"blockNumber": 5522982,
			"data": "0x0000000000000000000000000000000000000000000000bc4a723a3da602c000",
			"logIndex": 105,
			"topics": [
				"0xddf252ad1be2c89b69c2b068fc378daa952ba7f163c4a11628f55a4df523b3ef",
				"0x000000000000000000000000468b858c964f297fd8fce058032bf4b4911a8ad8",
				"0x000000000000000000000000de8b6fd1ffbfed2e611024765f46d2ec1cdd8109"
			],
			"transactionHash": "0x0f2336c87cc7ebe8143ad4c4f664bfee16f51715d5cfecd386b60887c316fba7",
			"transactionIndex": 121,
			"transactionLogIndex": "0x0",
			"type": "mined",
			"id": "log_72ce90c1"
		}
	],
	"logsBloom": "0x00000000000000000000000000020000000000000000000000000000000000000000000000000000000000000000000000000000000000000000000000000000000000000000010000000008000000000000000000000000000000000020000000000000000000000004000000000000000000000000000000000010000000000000000000000000000000000000000000000000000000000000000000000000000000000000000080000000000000000000000000000000000000010000000000001002000000000000000000000000000000000000000000000000000840000000000000000000000000000000000000000000000000000000000000000000",
	"root": null,
	"status": "0x1",
	"transactionHash": "0x0f2336c87cc7ebe8143ad4c4f664bfee16f51715d5cfecd386b60887c316fba7",
	"transactionIndex": 121
}
[2018-04-28T23:39:43.624] [DEBUG] trans - TO:   0xa42e7e496a5a4562388164af83e757da684e54cd
[2018-04-28T23:39:43.624] [DEBUG] trans - AMOUNT:   3474044800000000000000
[2018-04-28T23:39:43.624] [DEBUG] trans - Receipt info:  {
	"blockHash": "0x81d1b88813bca9edb55094383647437d4274e8253d083893dab062759e83f62b",
	"blockNumber": 5522982,
	"contractAddress": null,
	"cumulativeGasUsed": 6679028,
	"gasUsed": 51589,
	"logs": [
		{
			"address": "0x7e9e431a0B8c4D532C745B1043c7FA29a48D4fBa",
			"blockHash": "0x81d1b88813bca9edb55094383647437d4274e8253d083893dab062759e83f62b",
			"blockNumber": 5522982,
			"data": "0x0000000000000000000000000000000000000000000000bc540e7b5260f80000",
			"logIndex": 104,
			"topics": [
				"0xddf252ad1be2c89b69c2b068fc378daa952ba7f163c4a11628f55a4df523b3ef",
				"0x000000000000000000000000468b858c964f297fd8fce058032bf4b4911a8ad8",
				"0x000000000000000000000000a42e7e496a5a4562388164af83e757da684e54cd"
			],
			"transactionHash": "0x7480f8952109d7d16ebb479ceaf42d367f6bf94fe4c5f8f30584f1137f7701d1",
			"transactionIndex": 120,
			"transactionLogIndex": "0x0",
			"type": "mined",
			"id": "log_8947c1e9"
		}
	],
	"logsBloom": "0x00000000000000000000000000020000000000000000000000000000000000000000000000000000000000000000000000000000000000000000000000000000000000000000010000000008000000000000000000000000000000000020000000000000000000000000000000000000000000000020000000000010000000000000000000000000000000000000000000080000000000000000000000000000000000000000000080000000000000000000000000000000000000010000000000001002000000000000000000200000000000000000000000000000000000000000000000000000000000000000000000000000000000000000000000000000",
	"root": null,
	"status": "0x1",
	"transactionHash": "0x7480f8952109d7d16ebb479ceaf42d367f6bf94fe4c5f8f30584f1137f7701d1",
	"transactionIndex": 120
}
[2018-04-28T23:39:43.625] [DEBUG] trans - TO:   0xa0fb9be9ea0a2a250fe309c675ae5d2603d00308
[2018-04-28T23:39:43.625] [DEBUG] trans - AMOUNT:   3473096800000000000000
[2018-04-28T23:39:43.625] [DEBUG] trans - Receipt info:  {
	"blockHash": "0x81d1b88813bca9edb55094383647437d4274e8253d083893dab062759e83f62b",
	"blockNumber": 5522982,
	"contractAddress": null,
	"cumulativeGasUsed": 6782270,
	"gasUsed": 51589,
	"logs": [
		{
			"address": "0x7e9e431a0B8c4D532C745B1043c7FA29a48D4fBa",
			"blockHash": "0x81d1b88813bca9edb55094383647437d4274e8253d083893dab062759e83f62b",
			"blockNumber": 5522982,
			"data": "0x0000000000000000000000000000000000000000000000bc46e6825831e60000",
			"logIndex": 106,
			"topics": [
				"0xddf252ad1be2c89b69c2b068fc378daa952ba7f163c4a11628f55a4df523b3ef",
				"0x000000000000000000000000468b858c964f297fd8fce058032bf4b4911a8ad8",
				"0x000000000000000000000000a0fb9be9ea0a2a250fe309c675ae5d2603d00308"
			],
			"transactionHash": "0xf1442b7d75837f8b3cb846ff0be0d473f080bbc98d17adba47ea1b73b96448c7",
			"transactionIndex": 122,
			"transactionLogIndex": "0x0",
			"type": "mined",
			"id": "log_a6f2e59b"
		}
	],
	"logsBloom": "0x00000000000000800000000000020000000000000000000000000000000000000000000000000000000000000000000000000000000000000000000000000000000000000000010000000008000000020000000000000000000000000020000000000000000000000000000000000000000000000000000000000010000000000000000000000000000000000000000000000000000000000000000000000000000000000000000080000000000000000000000000000000000002010000000000001002000000000000000000000000000000000000000000000000000000000000000000000000000000000000000000000000000000000000000000000000",
	"root": null,
	"status": "0x1",
	"transactionHash": "0xf1442b7d75837f8b3cb846ff0be0d473f080bbc98d17adba47ea1b73b96448c7",
	"transactionIndex": 122
}
[2018-04-28T23:39:43.625] [DEBUG] trans - TO:   0x5413ffd6ff262e8b91fc93b035a099d68f4551b8
[2018-04-28T23:39:43.625] [DEBUG] trans - AMOUNT:   3472660600000000000000
[2018-04-28T23:39:43.625] [DEBUG] trans - Receipt info:  {
	"blockHash": "0x81d1b88813bca9edb55094383647437d4274e8253d083893dab062759e83f62b",
	"blockNumber": 5522982,
	"contractAddress": null,
	"cumulativeGasUsed": 6833923,
	"gasUsed": 51653,
	"logs": [
		{
			"address": "0x7e9e431a0B8c4D532C745B1043c7FA29a48D4fBa",
			"blockHash": "0x81d1b88813bca9edb55094383647437d4274e8253d083893dab062759e83f62b",
			"blockNumber": 5522982,
			"data": "0x0000000000000000000000000000000000000000000000bc40d8d0c16edf8000",
			"logIndex": 107,
			"topics": [
				"0xddf252ad1be2c89b69c2b068fc378daa952ba7f163c4a11628f55a4df523b3ef",
				"0x000000000000000000000000468b858c964f297fd8fce058032bf4b4911a8ad8",
				"0x0000000000000000000000005413ffd6ff262e8b91fc93b035a099d68f4551b8"
			],
			"transactionHash": "0xc3d48e755c2da0c0158347cc1e0a2d9e1be839b1e3dfe2e82629e35b2da72dab",
			"transactionIndex": 123,
			"transactionLogIndex": "0x0",
			"type": "mined",
			"id": "log_608a38f7"
		}
	],
	"logsBloom": "0x00000000000000000000000000020000000000000800000000000002000000000000000000000000000000000000000000000000000000000000000000000000000000000000010000000008000000000000000000000000000000000020000000000000000000000000000000000000000000000000000000000010000000000000000000000000000000000000000000000000000000000000000000000000000000000000000080000000000000000000000000000000040000010000000000001002000000000000000000000000000000000000000000000000000000000000000000000000000000000000000000000000000000000000000000000000",
	"root": null,
	"status": "0x1",
	"transactionHash": "0xc3d48e755c2da0c0158347cc1e0a2d9e1be839b1e3dfe2e82629e35b2da72dab",
	"transactionIndex": 123
}
[2018-04-28T23:39:43.628] [DEBUG] trans - TO:   0x58777caac08356632eca20f6773dbcb73df3659f
[2018-04-28T23:39:43.628] [DEBUG] trans - AMOUNT:   3471723600000000000000
[2018-04-28T23:39:43.628] [DEBUG] trans - Receipt info:  {
	"blockHash": "0x81d1b88813bca9edb55094383647437d4274e8253d083893dab062759e83f62b",
	"blockNumber": 5522982,
	"contractAddress": null,
	"cumulativeGasUsed": 6937165,
	"gasUsed": 51589,
	"logs": [
		{
			"address": "0x7e9e431a0B8c4D532C745B1043c7FA29a48D4fBa",
			"blockHash": "0x81d1b88813bca9edb55094383647437d4274e8253d083893dab062759e83f62b",
			"blockNumber": 5522982,
			"data": "0x0000000000000000000000000000000000000000000000bc33d7ec3854550000",
			"logIndex": 109,
			"topics": [
				"0xddf252ad1be2c89b69c2b068fc378daa952ba7f163c4a11628f55a4df523b3ef",
				"0x000000000000000000000000468b858c964f297fd8fce058032bf4b4911a8ad8",
				"0x00000000000000000000000058777caac08356632eca20f6773dbcb73df3659f"
			],
			"transactionHash": "0x9f01484b43be233967358d513a8be1792f4e611ab3f5b520d10cf8a698571e96",
			"transactionIndex": 125,
			"transactionLogIndex": "0x0",
			"type": "mined",
			"id": "log_fc8fcdc5"
		}
	],
	"logsBloom": "0x00000000000000000000000000020000000000000000000000000000000200000000000000000000000000000000000000000000000000000000000000000000000000000000010000000008000000000000000000000000000000000020000000000000000000000000000000000000000000000000000000000010000000000000000000000000000000000000000000000000000000000000000000000000000000000000000080000000000000000000000000000000000000010000000000001002000000000000000000000001000000000000000000000000000000000000000000000000000000000000000000000000000000000000000000000000",
	"root": null,
	"status": "0x1",
	"transactionHash": "0x9f01484b43be233967358d513a8be1792f4e611ab3f5b520d10cf8a698571e96",
	"transactionIndex": 125
}
[2018-04-28T23:39:43.628] [DEBUG] trans - TO:   0x6b6ffd88e39321aa2f558dcbaf2884132f66d471
[2018-04-28T23:39:43.628] [DEBUG] trans - AMOUNT:   3470442700000000000000
[2018-04-28T23:39:43.628] [DEBUG] trans - Receipt info:  {
	"blockHash": "0x81d1b88813bca9edb55094383647437d4274e8253d083893dab062759e83f62b",
	"blockNumber": 5522982,
	"contractAddress": null,
	"cumulativeGasUsed": 7040407,
	"gasUsed": 51653,
	"logs": [
		{
			"address": "0x7e9e431a0B8c4D532C745B1043c7FA29a48D4fBa",
			"blockHash": "0x81d1b88813bca9edb55094383647437d4274e8253d083893dab062759e83f62b",
			"blockNumber": 5522982,
			"data": "0x0000000000000000000000000000000000000000000000bc22114074df88c000",
			"logIndex": 111,
			"topics": [
				"0xddf252ad1be2c89b69c2b068fc378daa952ba7f163c4a11628f55a4df523b3ef",
				"0x000000000000000000000000468b858c964f297fd8fce058032bf4b4911a8ad8",
				"0x0000000000000000000000006b6ffd88e39321aa2f558dcbaf2884132f66d471"
			],
			"transactionHash": "0xdcdb541cb3f6061b823e515f11c2fe12035f0a9b1db70f3e56fef7326e49b03f",
			"transactionIndex": 127,
			"transactionLogIndex": "0x0",
			"type": "mined",
			"id": "log_d5051930"
		}
	],
	"logsBloom": "0x00000000000000000000000000020000000000000000000000000000000000000000000000000000000000000000000000000000000000000000000000000000000000000000010000000008000000000000000000000000000000000020000000000000000000000000000000000000000000000000000000000010000000000000000000040000000000000000000000000000000000000000000000000000000000000000000080000000000000000000000000000000000000010000000000001002000000000020000000000000000000000000000000000000000000000000000000000000000040000000000000000000000000000000000000000000",
	"root": null,
	"status": "0x1",
	"transactionHash": "0xdcdb541cb3f6061b823e515f11c2fe12035f0a9b1db70f3e56fef7326e49b03f",
	"transactionIndex": 127
}
[2018-04-28T23:39:43.628] [DEBUG] trans - TO:   0x258a1be7828b1b7f9fee6f614c6f78c31a15905f
[2018-04-28T23:39:43.628] [DEBUG] trans - AMOUNT:   3471428000000000000000
[2018-04-28T23:39:43.628] [DEBUG] trans - Receipt info:  {
	"blockHash": "0x81d1b88813bca9edb55094383647437d4274e8253d083893dab062759e83f62b",
	"blockNumber": 5522982,
	"contractAddress": null,
	"cumulativeGasUsed": 6988754,
	"gasUsed": 51589,
	"logs": [
		{
			"address": "0x7e9e431a0B8c4D532C745B1043c7FA29a48D4fBa",
			"blockHash": "0x81d1b88813bca9edb55094383647437d4274e8253d083893dab062759e83f62b",
			"blockNumber": 5522982,
			"data": "0x0000000000000000000000000000000000000000000000bc2fbdbd9610ba0000",
			"logIndex": 110,
			"topics": [
				"0xddf252ad1be2c89b69c2b068fc378daa952ba7f163c4a11628f55a4df523b3ef",
				"0x000000000000000000000000468b858c964f297fd8fce058032bf4b4911a8ad8",
				"0x000000000000000000000000258a1be7828b1b7f9fee6f614c6f78c31a15905f"
			],
			"transactionHash": "0x4a40bd98ccdb8f57eca22df63cf3939d1b99b70810bf2acc49f343d399e33a53",
			"transactionIndex": 126,
			"transactionLogIndex": "0x0",
			"type": "mined",
			"id": "log_fa2161c7"
		}
	],
	"logsBloom": "0x00000000000000000000000000020000000000000000000000000000000040000000000000000000000000000000000000000000000000000000000000000000000000000000010000000008000000000000000000000000000010000020000008000000000000000000000000000000000000000000000000000010000000000000000000000000000000000000000000000000000000000000000000000000000000000000000080000000000000000000000000000000000000010000000000001002000000000000000000000000000000000000000000000000000000000000000000000000000000000000000000000000000000000000000000000000",
	"root": null,
	"status": "0x1",
	"transactionHash": "0x4a40bd98ccdb8f57eca22df63cf3939d1b99b70810bf2acc49f343d399e33a53",
	"transactionIndex": 126
}
[2018-04-28T23:39:43.629] [DEBUG] trans - TO:   0xbae6d05fe0e7b79d77e855382fda6850982fe962
[2018-04-28T23:39:43.629] [DEBUG] trans - AMOUNT:   3472600500000000000000
[2018-04-28T23:39:43.629] [DEBUG] trans - Receipt info:  {
	"blockHash": "0x81d1b88813bca9edb55094383647437d4274e8253d083893dab062759e83f62b",
	"blockNumber": 5522982,
	"contractAddress": null,
	"cumulativeGasUsed": 6885576,
	"gasUsed": 51653,
	"logs": [
		{
			"address": "0x7e9e431a0B8c4D532C745B1043c7FA29a48D4fBa",
			"blockHash": "0x81d1b88813bca9edb55094383647437d4274e8253d083893dab062759e83f62b",
			"blockNumber": 5522982,
			"data": "0x0000000000000000000000000000000000000000000000bc40034c1fbfdf4000",
			"logIndex": 108,
			"topics": [
				"0xddf252ad1be2c89b69c2b068fc378daa952ba7f163c4a11628f55a4df523b3ef",
				"0x000000000000000000000000468b858c964f297fd8fce058032bf4b4911a8ad8",
				"0x000000000000000000000000bae6d05fe0e7b79d77e855382fda6850982fe962"
			],
			"transactionHash": "0x4af221f5ef502418773cf9d361a2ccda7584969719979f48ec118e2c1c80ed83",
			"transactionIndex": 124,
			"transactionLogIndex": "0x0",
			"type": "mined",
			"id": "log_a33da470"
		}
	],
	"logsBloom": "0x00000000000000000000000000020000000080000000000000000000004000000000000000000000000000000000000000000000000000000000000000000000000000000000010000000008000000000000000000000000000000000020000000000000000000000000000000000000000000000000000000000010000000000000000000000000000000000000000000000000000000000000000000000000000000000000000080000000000000000000000000000000000000010000000000001002000000000000000000000000000000000000000000000000000000000000000000000000000000000000000000000000000000000000000000000010",
	"root": null,
	"status": "0x1",
	"transactionHash": "0x4af221f5ef502418773cf9d361a2ccda7584969719979f48ec118e2c1c80ed83",
	"transactionIndex": 124
}
[2018-04-28T23:39:43.632] [DEBUG] trans - TO:   0xdf8278361b6de829224e61c32af253bcc354d9c6
[2018-04-28T23:39:43.632] [DEBUG] trans - AMOUNT:   3475952300000000000000
[2018-04-28T23:39:43.632] [DEBUG] trans - Receipt info:  {
	"blockHash": "0x81d1b88813bca9edb55094383647437d4274e8253d083893dab062759e83f62b",
	"blockNumber": 5522982,
	"contractAddress": null,
	"cumulativeGasUsed": 5461123,
	"gasUsed": 51653,
	"logs": [
		{
			"address": "0x7e9e431a0B8c4D532C745B1043c7FA29a48D4fBa",
			"blockHash": "0x81d1b88813bca9edb55094383647437d4274e8253d083893dab062759e83f62b",
			"blockNumber": 5522982,
			"data": "0x0000000000000000000000000000000000000000000000bc6e8748772606c000",
			"logIndex": 93,
			"topics": [
				"0xddf252ad1be2c89b69c2b068fc378daa952ba7f163c4a11628f55a4df523b3ef",
				"0x000000000000000000000000468b858c964f297fd8fce058032bf4b4911a8ad8",
				"0x000000000000000000000000df8278361b6de829224e61c32af253bcc354d9c6"
			],
			"transactionHash": "0x451a963d5c481eb51ed28c38edec5531286b1a34f632584d95d72880e5ecf103",
			"transactionIndex": 102,
			"transactionLogIndex": "0x0",
			"type": "mined",
			"id": "log_77f146a4"
		}
	],
	"logsBloom": "0x00000000000000000000000000020000000000000000000000000000000000000000000000000000000000000000000000000000000000000000000000000000000000000000010000000008000000000000000000000000000000000020000000000000000000000000000000000000000000000000000000000010000000000000000000000000000000000000000000000000000000000000000000000000000000000000200080000000000000000000000000080000000000010000000000001002000000000000000000000000000000000000100000000000000000000000000000000000000000000000000000000000000000000000000000000000",
	"root": null,
	"status": "0x1",
	"transactionHash": "0x451a963d5c481eb51ed28c38edec5531286b1a34f632584d95d72880e5ecf103",
	"transactionIndex": 102
}
[2018-04-28T23:39:43.632] [DEBUG] trans - TO:   0x0be579f7de9c2f540325cf0d1164fc7185d803a5
[2018-04-28T23:39:43.632] [DEBUG] trans - AMOUNT:   3466068600000000000000
[2018-04-28T23:39:43.632] [DEBUG] trans - Receipt info:  {
	"blockHash": "0x81d1b88813bca9edb55094383647437d4274e8253d083893dab062759e83f62b",
	"blockNumber": 5522982,
	"contractAddress": null,
	"cumulativeGasUsed": 7247019,
	"gasUsed": 51653,
	"logs": [
		{
			"address": "0x7e9e431a0B8c4D532C745B1043c7FA29a48D4fBa",
			"blockHash": "0x81d1b88813bca9edb55094383647437d4274e8253d083893dab062759e83f62b",
			"blockNumber": 5522982,
			"data": "0x0000000000000000000000000000000000000000000000bbe55d53ae777f8000",
			"logIndex": 115,
			"topics": [
				"0xddf252ad1be2c89b69c2b068fc378daa952ba7f163c4a11628f55a4df523b3ef",
				"0x000000000000000000000000468b858c964f297fd8fce058032bf4b4911a8ad8",
				"0x0000000000000000000000000be579f7de9c2f540325cf0d1164fc7185d803a5"
			],
			"transactionHash": "0x1081a032a16ce3fe72711251bc758514261b0eaf592beb2f0416b04cfba45271",
			"transactionIndex": 131,
			"transactionLogIndex": "0x0",
			"type": "mined",
			"id": "log_5e75911b"
		}
	],
	"logsBloom": "0x00000000000000000000000000020000000080000000000000000000000000000000000000000000000000000000000000000000100000000000000000000000000000000000010000000008000000000000000000000000000000000020000000000000000000000000000000000000000000000000100000000010000000000000000000000000000000000000000000000000000000000000000000000000000000000000000080000000000000000000000000000000000000010000000000001002000000000000000000000000000000000000000000000000000000000000000000000000000000000000000000000000000000000000000000000000",
	"root": null,
	"status": "0x1",
	"transactionHash": "0x1081a032a16ce3fe72711251bc758514261b0eaf592beb2f0416b04cfba45271",
	"transactionIndex": 131
}
[2018-04-28T23:39:43.632] [DEBUG] trans - TO:   0x7a78aa44b5660cc42e0941782a278c510f17cfe7
[2018-04-28T23:39:43.632] [DEBUG] trans - AMOUNT:   3466879300000000000000
[2018-04-28T23:39:43.632] [DEBUG] trans - Receipt info:  {
	"blockHash": "0x81d1b88813bca9edb55094383647437d4274e8253d083893dab062759e83f62b",
	"blockNumber": 5522982,
	"contractAddress": null,
	"cumulativeGasUsed": 7195366,
	"gasUsed": 51653,
	"logs": [
		{
			"address": "0x7e9e431a0B8c4D532C745B1043c7FA29a48D4fBa",
			"blockHash": "0x81d1b88813bca9edb55094383647437d4274e8253d083893dab062759e83f62b",
			"blockNumber": 5522982,
			"data": "0x0000000000000000000000000000000000000000000000bbf09d830946e84000",
			"logIndex": 114,
			"topics": [
				"0xddf252ad1be2c89b69c2b068fc378daa952ba7f163c4a11628f55a4df523b3ef",
				"0x000000000000000000000000468b858c964f297fd8fce058032bf4b4911a8ad8",
				"0x0000000000000000000000007a78aa44b5660cc42e0941782a278c510f17cfe7"
			],
			"transactionHash": "0x7166378f28a6962baf375e71c387a84bb36d57ca3c6e0cb2cc9ef05f2b4bbd4c",
			"transactionIndex": 130,
			"transactionLogIndex": "0x0",
			"type": "mined",
			"id": "log_3fca06df"
		}
	],
	"logsBloom": "0x00000000000000000000000000020000000000000000000000000000000000000000000000000000000000000000000000000000000000000000000000000000000000000000010000000008000000000000000000000000000100000020000000000000000000000000000000000000000000000000000000000010000000000000000000000000000000000000000000000000000000000000000000400000000000000000000080000000000000000000000000000000000000010000000000001002000000000000010000000000000000000000000000000000000000000000000000000000000000000000000000000000000000000000000000000000",
	"root": null,
	"status": "0x1",
	"transactionHash": "0x7166378f28a6962baf375e71c387a84bb36d57ca3c6e0cb2cc9ef05f2b4bbd4c",
	"transactionIndex": 130
}
[2018-04-28T23:39:43.633] [DEBUG] trans - TO:   0xb0b61a11503732ce47aaae3027632dadcc5d6518
[2018-04-28T23:39:43.633] [DEBUG] trans - AMOUNT:   3474200000000000000000
[2018-04-28T23:39:43.633] [DEBUG] trans - Receipt info:  {
	"blockHash": "0x81d1b88813bca9edb55094383647437d4274e8253d083893dab062759e83f62b",
	"blockNumber": 5522982,
	"contractAddress": null,
	"cumulativeGasUsed": 6627439,
	"gasUsed": 51589,
	"logs": [
		{
			"address": "0x7e9e431a0B8c4D532C745B1043c7FA29a48D4fBa",
			"blockHash": "0x81d1b88813bca9edb55094383647437d4274e8253d083893dab062759e83f62b",
			"blockNumber": 5522982,
			"data": "0x0000000000000000000000000000000000000000000000bc5635dce6461c0000",
			"logIndex": 103,
			"topics": [
				"0xddf252ad1be2c89b69c2b068fc378daa952ba7f163c4a11628f55a4df523b3ef",
				"0x000000000000000000000000468b858c964f297fd8fce058032bf4b4911a8ad8",
				"0x000000000000000000000000b0b61a11503732ce47aaae3027632dadcc5d6518"
			],
			"transactionHash": "0x45adfac6e58aff1d988503f853126c16fb5d5023bc12e632dd999545753cab4e",
			"transactionIndex": 119,
			"transactionLogIndex": "0x0",
			"type": "mined",
			"id": "log_b1e6882c"
		}
	],
	"logsBloom": "0x00000000001000000000000000020000000000000000000000000000000000000000000000000000000000000000000000000000000000000000000000000000000000000800010000000008000000000000000000000000000000000020000000000000000000000000000000000000000000000000000000000010000000000000000000000000000000000000000000000000000000000000000000000000000000000000000080000000002000000000000000000000000000010000000000001002000000000000000000000000000000000000000000000000000000000000000000000000000000000000000000000000000000000000000000000000",
	"root": null,
	"status": "0x1",
	"transactionHash": "0x45adfac6e58aff1d988503f853126c16fb5d5023bc12e632dd999545753cab4e",
	"transactionIndex": 119
}
[2018-04-28T23:39:43.635] [DEBUG] trans - TO:   0x357a8e19c2627ea87349cf4d7c7bc499d9166981
[2018-04-28T23:39:43.635] [DEBUG] trans - AMOUNT:   3467330600000000000000
[2018-04-28T23:39:43.635] [DEBUG] trans - Receipt info:  {
	"blockHash": "0x81d1b88813bca9edb55094383647437d4274e8253d083893dab062759e83f62b",
	"blockNumber": 5522982,
	"contractAddress": null,
	"cumulativeGasUsed": 7143713,
	"gasUsed": 51653,
	"logs": [
		{
			"address": "0x7e9e431a0B8c4D532C745B1043c7FA29a48D4fBa",
			"blockHash": "0x81d1b88813bca9edb55094383647437d4274e8253d083893dab062759e83f62b",
			"blockNumber": 5522982,
			"data": "0x0000000000000000000000000000000000000000000000bbf6e0d9fec20a8000",
			"logIndex": 113,
			"topics": [
				"0xddf252ad1be2c89b69c2b068fc378daa952ba7f163c4a11628f55a4df523b3ef",
				"0x000000000000000000000000468b858c964f297fd8fce058032bf4b4911a8ad8",
				"0x000000000000000000000000357a8e19c2627ea87349cf4d7c7bc499d9166981"
			],
			"transactionHash": "0x567b5c6e7d13353237d4a19fdb4291e337e03e423a59fee3b7d45957eb0d5368",
			"transactionIndex": 129,
			"transactionLogIndex": "0x0",
			"type": "mined",
			"id": "log_562ff401"
		}
	],
	"logsBloom": "0x00000000000000000000000000020000000000000800000000000000000000000000000000000000000000000000000000000000000000000000000000000000000000000000010000000008000000000000000000000000000000000020000000000000000000000000000000000000000000000000000000000010000000000000000000000000000000000000000000000000000000000000000000000000004000000000000080000000000000000000000000000000000000010000000000001002000000000000000000000000000000000000000000002000000000000000000000000000000000000000000000000000000000000000000000000000",
	"root": null,
	"status": "0x1",
	"transactionHash": "0x567b5c6e7d13353237d4a19fdb4291e337e03e423a59fee3b7d45957eb0d5368",
	"transactionIndex": 129
}
[2018-04-28T23:39:43.636] [DEBUG] trans - TO:   0xa89c87b25e0c30f88553366940cc46502da04bf3
[2018-04-28T23:39:43.636] [DEBUG] trans - AMOUNT:   3463846900000000000000
[2018-04-28T23:39:43.636] [DEBUG] trans - Receipt info:  {
	"blockHash": "0x81d1b88813bca9edb55094383647437d4274e8253d083893dab062759e83f62b",
	"blockNumber": 5522982,
	"contractAddress": null,
	"cumulativeGasUsed": 7350325,
	"gasUsed": 51653,
	"logs": [
		{
			"address": "0x7e9e431a0B8c4D532C745B1043c7FA29a48D4fBa",
			"blockHash": "0x81d1b88813bca9edb55094383647437d4274e8253d083893dab062759e83f62b",
			"blockNumber": 5522982,
			"data": "0x0000000000000000000000000000000000000000000000bbc688434d76034000",
			"logIndex": 117,
			"topics": [
				"0xddf252ad1be2c89b69c2b068fc378daa952ba7f163c4a11628f55a4df523b3ef",
				"0x000000000000000000000000468b858c964f297fd8fce058032bf4b4911a8ad8",
				"0x000000000000000000000000a89c87b25e0c30f88553366940cc46502da04bf3"
			],
			"transactionHash": "0x850c09164ddd7f88adc08b571b1c5f3006ed713aab7e29db2020e0765e74a7df",
			"transactionIndex": 133,
			"transactionLogIndex": "0x0",
			"type": "mined",
			"id": "log_2ad0e032"
		}
	],
	"logsBloom": "0x00000000000000000000000000020000000000000000000000000000000000000000000080000000000000000000000000000000000000000000000000400000000000000000010000000008000000000000000000000000000000000020000000000000000000000000000000000000000000000000000000000010000000000000000000000000000000000000000000000000000000000000000000000000000000000000000080000000000000000000000000000000000000010000000000001002000000000000000000000000000000000000000000000000000000000000000000000000000000000000000000000400000000000000000000000000",
	"root": null,
	"status": "0x1",
	"transactionHash": "0x850c09164ddd7f88adc08b571b1c5f3006ed713aab7e29db2020e0765e74a7df",
	"transactionIndex": 133
}
[2018-04-28T23:39:43.637] [DEBUG] trans - TO:   0x9bd84fbf7e74f54c23948985c60bb961e9f2361e
[2018-04-28T23:39:43.637] [DEBUG] trans - AMOUNT:   3463395500000000000000
[2018-04-28T23:39:43.637] [DEBUG] trans - Receipt info:  {
	"blockHash": "0x81d1b88813bca9edb55094383647437d4274e8253d083893dab062759e83f62b",
	"blockNumber": 5522982,
	"contractAddress": null,
	"cumulativeGasUsed": 7401978,
	"gasUsed": 51653,
	"logs": [
		{
			"address": "0x7e9e431a0B8c4D532C745B1043c7FA29a48D4fBa",
			"blockHash": "0x81d1b88813bca9edb55094383647437d4274e8253d083893dab062759e83f62b",
			"blockNumber": 5522982,
			"data": "0x0000000000000000000000000000000000000000000000bbc0449164ea66c000",
			"logIndex": 118,
			"topics": [
				"0xddf252ad1be2c89b69c2b068fc378daa952ba7f163c4a11628f55a4df523b3ef",
				"0x000000000000000000000000468b858c964f297fd8fce058032bf4b4911a8ad8",
				"0x0000000000000000000000009bd84fbf7e74f54c23948985c60bb961e9f2361e"
			],
			"transactionHash": "0x7f2b1f88991ab0b183224257aee76c2c17ccd945412e465123334ec283bec9b5",
			"transactionIndex": 134,
			"transactionLogIndex": "0x0",
			"type": "mined",
			"id": "log_bdb07f43"
		}
	],
	"logsBloom": "0x00000000000000000000000000020000000000080000000000000000000000000000000000000000000000000000000000000000000000000000000000000000000000000000010000000008000000000000000000000000000000000020000000000000000000000000000002000000000000000000000000000010000000000000000000000000000000000000000000000000000000000000000000000000000400000000000080000000000000000000000000000000000000010000000000001002000000000000000000000000000000000000000000000000000000000000000000000000000000000000000000000000000000000000000000000000",
	"root": null,
	"status": "0x1",
	"transactionHash": "0x7f2b1f88991ab0b183224257aee76c2c17ccd945412e465123334ec283bec9b5",
	"transactionIndex": 134
}
[2018-04-28T23:39:43.637] [DEBUG] trans - TO:   0x4cbe155e1774f257034de69371d7ebe786b8d9ee
[2018-04-28T23:39:43.637] [DEBUG] trans - AMOUNT:   3465044700000000000000
[2018-04-28T23:39:43.637] [DEBUG] trans - Receipt info:  {
	"blockHash": "0x81d1b88813bca9edb55094383647437d4274e8253d083893dab062759e83f62b",
	"blockNumber": 5522982,
	"contractAddress": null,
	"cumulativeGasUsed": 7298672,
	"gasUsed": 51653,
	"logs": [
		{
			"address": "0x7e9e431a0B8c4D532C745B1043c7FA29a48D4fBa",
			"blockHash": "0x81d1b88813bca9edb55094383647437d4274e8253d083893dab062759e83f62b",
			"blockNumber": 5522982,
			"data": "0x0000000000000000000000000000000000000000000000bbd727b40e6df9c000",
			"logIndex": 116,
			"topics": [
				"0xddf252ad1be2c89b69c2b068fc378daa952ba7f163c4a11628f55a4df523b3ef",
				"0x000000000000000000000000468b858c964f297fd8fce058032bf4b4911a8ad8",
				"0x0000000000000000000000004cbe155e1774f257034de69371d7ebe786b8d9ee"
			],
			"transactionHash": "0xa44d78dbbc34130b121681804f5438da0372bfdd27de0498440f82bc1367cbe6",
			"transactionIndex": 132,
			"transactionLogIndex": "0x0",
			"type": "mined",
			"id": "log_21175302"
		}
	],
	"logsBloom": "0x00000000000000000000000010020000000000000000000000000000000000000000000000000000000000000000000000000000000000000000000000000000000000000000010000000008000000000000000000000000000000000020000000000000000000000000000000000004000000000000000000000010000000000000000000000000000000000000000000000000000000004000000000000000000000000000000080000000000000000000000000000000000000010000000000001002000000000000000000000000000000000000000000000000000000000000000000000000000000000000000000000000000000000000000000000000",
	"root": null,
	"status": "0x1",
	"transactionHash": "0xa44d78dbbc34130b121681804f5438da0372bfdd27de0498440f82bc1367cbe6",
	"transactionIndex": 132
}
[2018-04-28T23:39:43.640] [DEBUG] trans - TO:   0xadb63d8cbbe3df43c41fcbb1d6b0ef46b223e3ee
[2018-04-28T23:39:43.640] [DEBUG] trans - AMOUNT:   3463341200000000000000
[2018-04-28T23:39:43.640] [DEBUG] trans - Receipt info:  {
	"blockHash": "0x81d1b88813bca9edb55094383647437d4274e8253d083893dab062759e83f62b",
	"blockNumber": 5522982,
	"contractAddress": null,
	"cumulativeGasUsed": 7453567,
	"gasUsed": 51589,
	"logs": [
		{
			"address": "0x7e9e431a0B8c4D532C745B1043c7FA29a48D4fBa",
			"blockHash": "0x81d1b88813bca9edb55094383647437d4274e8253d083893dab062759e83f62b",
			"blockNumber": 5522982,
			"data": "0x0000000000000000000000000000000000000000000000bbbf83a7d4f7190000",
			"logIndex": 119,
			"topics": [
				"0xddf252ad1be2c89b69c2b068fc378daa952ba7f163c4a11628f55a4df523b3ef",
				"0x000000000000000000000000468b858c964f297fd8fce058032bf4b4911a8ad8",
				"0x000000000000000000000000adb63d8cbbe3df43c41fcbb1d6b0ef46b223e3ee"
			],
			"transactionHash": "0x2a87833924f6a69e948e7d84c4a9e3f374b9f6e10f40f0a18bddd7e548f310c7",
			"transactionIndex": 135,
			"transactionLogIndex": "0x0",
			"type": "mined",
			"id": "log_c219b931"
		}
	],
	"logsBloom": "0x00000000000000000000000000020000800000000000000000008000000000000000000000010000000000000000000000000000000000000000000000000000000000000000010000000008000000000000000000000000000000000020000000000000000000000000000000000000000000000000000000000010000000000000000000000000000000000000000000000000000000000000000000000000000000000000000080000000000000000000000000000000000000010000000000001002000000000000000000000000000000000000000000000000000000000000000000000000000000000000000000000000000000000000000000000000",
	"root": null,
	"status": "0x1",
	"transactionHash": "0x2a87833924f6a69e948e7d84c4a9e3f374b9f6e10f40f0a18bddd7e548f310c7",
	"transactionIndex": 135
}
[2018-04-28T23:39:43.641] [DEBUG] trans - TO:   0x23dda84ecacbede6934c53943a0e51c531026c66
[2018-04-28T23:39:43.641] [DEBUG] trans - AMOUNT:   3463096000000000000000
[2018-04-28T23:39:43.641] [DEBUG] trans - Receipt info:  {
	"blockHash": "0x81d1b88813bca9edb55094383647437d4274e8253d083893dab062759e83f62b",
	"blockNumber": 5522982,
	"contractAddress": null,
	"cumulativeGasUsed": 7505156,
	"gasUsed": 51589,
	"logs": [
		{
			"address": "0x7e9e431a0B8c4D532C745B1043c7FA29a48D4fBa",
			"blockHash": "0x81d1b88813bca9edb55094383647437d4274e8253d083893dab062759e83f62b",
			"blockNumber": 5522982,
			"data": "0x0000000000000000000000000000000000000000000000bbbc1c87bb242c0000",
			"logIndex": 120,
			"topics": [
				"0xddf252ad1be2c89b69c2b068fc378daa952ba7f163c4a11628f55a4df523b3ef",
				"0x000000000000000000000000468b858c964f297fd8fce058032bf4b4911a8ad8",
				"0x00000000000000000000000023dda84ecacbede6934c53943a0e51c531026c66"
			],
			"transactionHash": "0xe3dfce9127447eaa17791f12135a7cdb209de11d9436a18a3f56f248bcc0b10b",
			"transactionIndex": 136,
			"transactionLogIndex": "0x0",
			"type": "mined",
			"id": "log_1528d675"
		}
	],
	"logsBloom": "0x00000000000000000000000000020000000000000000000000000000000000000000000000000000000000000000000000000000000000000000000000000000000000000000010000000008000000000000000000000000000000000020000000000000000000000000000000000000000000000000000000000010000020000000000000000000000000000000000000000000000000000000000000000000000000000000000080000000000000000000000000000000000000010000001000001002000002000000000000000000000000000000000000000000000000000000000000000000000000000000000000000000000000000000000000000000",
	"root": null,
	"status": "0x1",
	"transactionHash": "0xe3dfce9127447eaa17791f12135a7cdb209de11d9436a18a3f56f248bcc0b10b",
	"transactionIndex": 136
}
[2018-04-28T23:39:43.641] [DEBUG] trans - TO:   0x4f36be19e67036a8abe80fba93f61854411a05c5
[2018-04-28T23:39:43.641] [DEBUG] trans - AMOUNT:   3463000000000000000000
[2018-04-28T23:39:43.641] [DEBUG] trans - Receipt info:  {
	"blockHash": "0x81d1b88813bca9edb55094383647437d4274e8253d083893dab062759e83f62b",
	"blockNumber": 5522982,
	"contractAddress": null,
	"cumulativeGasUsed": 7556745,
	"gasUsed": 51589,
	"logs": [
		{
			"address": "0x7e9e431a0B8c4D532C745B1043c7FA29a48D4fBa",
			"blockHash": "0x81d1b88813bca9edb55094383647437d4274e8253d083893dab062759e83f62b",
			"blockNumber": 5522982,
			"data": "0x0000000000000000000000000000000000000000000000bbbac7783d59bc0000",
			"logIndex": 121,
			"topics": [
				"0xddf252ad1be2c89b69c2b068fc378daa952ba7f163c4a11628f55a4df523b3ef",
				"0x000000000000000000000000468b858c964f297fd8fce058032bf4b4911a8ad8",
				"0x0000000000000000000000004f36be19e67036a8abe80fba93f61854411a05c5"
			],
			"transactionHash": "0x64500abf25aa106da48eccb82f847717d152d639d4513b4e436226b46bb66233",
			"transactionIndex": 137,
			"transactionLogIndex": "0x0",
			"type": "mined",
			"id": "log_e8a7cdb4"
		}
	],
	"logsBloom": "0x00000000000000000000000000020000000000000000000000000000010000000000000000000000000000000000000000000000000000000000000000000000000000000000010000000008000000000000000000000000000000000020000000000000000000000000000000000000000000000000000000000010000000000000000000000000000000000000000000000000000000000000000000000000000000000000000080000000000000000000000000000000000000010000000000001002000000000000000000000000000020000000000000000000000000040000000000000000000000000000000000000000000000000000000000000000",
	"root": null,
	"status": "0x1",
	"transactionHash": "0x64500abf25aa106da48eccb82f847717d152d639d4513b4e436226b46bb66233",
	"transactionIndex": 137
}
[2018-04-28T23:39:43.641] [DEBUG] trans - TO:   0x84804ae95178891cb2f247d5883d2de343d86a50
[2018-04-28T23:39:43.641] [DEBUG] trans - AMOUNT:   3462820900000000000000
[2018-04-28T23:39:43.641] [DEBUG] trans - Receipt info:  {
	"blockHash": "0x81d1b88813bca9edb55094383647437d4274e8253d083893dab062759e83f62b",
	"blockNumber": 5522982,
	"contractAddress": null,
	"cumulativeGasUsed": 7608398,
	"gasUsed": 51653,
	"logs": [
		{
			"address": "0x7e9e431a0B8c4D532C745B1043c7FA29a48D4fBa",
			"blockHash": "0x81d1b88813bca9edb55094383647437d4274e8253d083893dab062759e83f62b",
			"blockNumber": 5522982,
			"data": "0x0000000000000000000000000000000000000000000000bbb84b2dbd12764000",
			"logIndex": 122,
			"topics": [
				"0xddf252ad1be2c89b69c2b068fc378daa952ba7f163c4a11628f55a4df523b3ef",
				"0x000000000000000000000000468b858c964f297fd8fce058032bf4b4911a8ad8",
				"0x00000000000000000000000084804ae95178891cb2f247d5883d2de343d86a50"
			],
			"transactionHash": "0x26ffcf0eef9776f162aefa6e287cb9ddc2ac5360133d951b7e5eb7af8e1e1ddd",
			"transactionIndex": 138,
			"transactionLogIndex": "0x0",
			"type": "mined",
			"id": "log_6afdfe9b"
		}
	],
	"logsBloom": "0x00000000000000000000000000020000000000000000000000000000000000000000000000000000000000000000000000000000000000000000000000000000000000000000010000000008000000000000000000000000000000000020000000000001000000000000000000000000000000000000000000000010000000000000000000000000000000000000000000000000000000000000000000000000000000000000000080000000000000000000000000000000000000010000000000001002000000000000000000000000000000000000000000000000000000000000000000000000000000000080000000000000000000000000040000000000",
	"root": null,
	"status": "0x1",
	"transactionHash": "0x26ffcf0eef9776f162aefa6e287cb9ddc2ac5360133d951b7e5eb7af8e1e1ddd",
	"transactionIndex": 138
}
[2018-04-28T23:39:43.643] [DEBUG] trans - TO:   0x14417fe5b9fa73522277d47974e0931de31f7027
[2018-04-28T23:39:43.643] [DEBUG] trans - AMOUNT:   3468093400000000000000
[2018-04-28T23:39:43.643] [DEBUG] trans - Receipt info:  {
	"blockHash": "0x81d1b88813bca9edb55094383647437d4274e8253d083893dab062759e83f62b",
	"blockNumber": 5522982,
	"contractAddress": null,
	"cumulativeGasUsed": 7092060,
	"gasUsed": 51653,
	"logs": [
		{
			"address": "0x7e9e431a0B8c4D532C745B1043c7FA29a48D4fBa",
			"blockHash": "0x81d1b88813bca9edb55094383647437d4274e8253d083893dab062759e83f62b",
			"blockNumber": 5522982,
			"data": "0x0000000000000000000000000000000000000000000000bc0176dc8dbcb58000",
			"logIndex": 112,
			"topics": [
				"0xddf252ad1be2c89b69c2b068fc378daa952ba7f163c4a11628f55a4df523b3ef",
				"0x000000000000000000000000468b858c964f297fd8fce058032bf4b4911a8ad8",
				"0x00000000000000000000000014417fe5b9fa73522277d47974e0931de31f7027"
			],
			"transactionHash": "0x6f2a61e0c1b021be4f829a592362f125804efd3cf60ca418f63bfd6bdcd7984b",
			"transactionIndex": 128,
			"transactionLogIndex": "0x0",
			"type": "mined",
			"id": "log_ea8ea93a"
		}
	],
	"logsBloom": "0x00000000000000000000000000020000000000000000000000000000000000000000000000000040000000000000000000000000000000000000000000000000000000000000010000000008000000000000000000000000000000000020000000000000000000000000000000000000000000000000000000000010000000000000040000000000000000000000000000000000000000000000000000000000000000000000000080000000000000000000000000000000000000010200000000001002000000000000000000000000000000000000000000000000000000000000000000000000000000000000000000000000000000000000000000000000",
	"root": null,
	"status": "0x1",
	"transactionHash": "0x6f2a61e0c1b021be4f829a592362f125804efd3cf60ca418f63bfd6bdcd7984b",
	"transactionIndex": 128
}
