[2018-04-25T19:42:32.948] [DEBUG] trans - TO:   0x0bc7c15732e26eb39ecb6453fbd9a2b0a2476087
[2018-04-25T19:42:32.951] [DEBUG] trans - AMOUNT:   1287200000000000000
[2018-04-25T19:42:32.951] [DEBUG] trans - Receipt info:  {
	"blockHash": "0xedef5a74f69ae5bc83e45d60ab7957adcf9d8a7c6eb2421189bff3d096a9c1d3",
	"blockNumber": 5504501,
	"contractAddress": null,
	"cumulativeGasUsed": 2307836,
	"gasUsed": 51525,
	"logs": [
		{
			"address": "0x7e9e431a0B8c4D532C745B1043c7FA29a48D4fBa",
			"blockHash": "0xedef5a74f69ae5bc83e45d60ab7957adcf9d8a7c6eb2421189bff3d096a9c1d3",
			"blockNumber": 5504501,
			"data": "0x00000000000000000000000000000000000000000000000011dd0d9482e20000",
			"logIndex": 24,
			"topics": [
				"0xddf252ad1be2c89b69c2b068fc378daa952ba7f163c4a11628f55a4df523b3ef",
				"0x000000000000000000000000c9f42bcc3cd6c77fae537dd24ba96668fc864150",
				"0x0000000000000000000000000bc7c15732e26eb39ecb6453fbd9a2b0a2476087"
			],
			"transactionHash": "0x309b7d1e916ec14f284e48605a0652f51024701dd7e3a41f0d317541329847c2",
			"transactionIndex": 84,
			"transactionLogIndex": "0x0",
			"type": "mined",
			"id": "log_0424aaec"
		}
	],
	"logsBloom": "0x00000000000000000000000000000000000000000800000000000000008000000000000000000000000000000000000000000000100000000000000000000000000000000000010000000008000000000000000000000000000000000000000000000000000000000000000000000000000000000000000000000010000000000000000000000000000000000000000000000000000000000000000000000000000000000000000080000000000000000000000000000000000000000000000000001002000000000000000000000000000000000000000000000000000000000800000000000000000000000000000000000200000000000000000000004000",
	"root": null,
	"status": "0x1",
	"transactionHash": "0x309b7d1e916ec14f284e48605a0652f51024701dd7e3a41f0d317541329847c2",
	"transactionIndex": 84
}
[2018-04-25T19:43:10.994] [DEBUG] trans - TO:   0x466dad27730ba63c94d343974ff5337aa6b1b1b5
[2018-04-25T19:43:10.994] [DEBUG] trans - AMOUNT:   1258200000000000000
[2018-04-25T19:43:10.994] [DEBUG] trans - Receipt info:  {
	"blockHash": "0xc57f701645253a1b3bec3a7dd00e86b546f7fbe37bd08d6c47108c4810728e15",
	"blockNumber": 5504502,
	"contractAddress": null,
	"cumulativeGasUsed": 3816867,
	"gasUsed": 51589,
	"logs": [
		{
			"address": "0x7e9e431a0B8c4D532C745B1043c7FA29a48D4fBa",
			"blockHash": "0xc57f701645253a1b3bec3a7dd00e86b546f7fbe37bd08d6c47108c4810728e15",
			"blockNumber": 5504502,
			"data": "0x0000000000000000000000000000000000000000000000001176063bd8658000",
			"logIndex": 72,
			"topics": [
				"0xddf252ad1be2c89b69c2b068fc378daa952ba7f163c4a11628f55a4df523b3ef",
				"0x000000000000000000000000c9f42bcc3cd6c77fae537dd24ba96668fc864150",
				"0x000000000000000000000000466dad27730ba63c94d343974ff5337aa6b1b1b5"
			],
			"transactionHash": "0x2bc2f3e586f621fd0d92248eb2040d4ea5e00df148d74d2b4859dd9fb599d279",
			"transactionIndex": 71,
			"transactionLogIndex": "0x0",
			"type": "mined",
			"id": "log_1aba1dcf"
		}
	],
	"logsBloom": "0x00000000000000000000000000000000000000000000000000000000008000000000000000000000000000000000000000000000100000000000000000000000000000000000010000000008000000000000000000000000200000000000000000000000000000000000000000000000000000000000000000000010000000000000000000000000000000000000000000000000000200000000000000000000000000000000000080000000000000000000000000000000200000000000000000001002000000000000000000000000000000000000000000000000000000000000000000000000000000000000000000000000000000000000000000004000",
	"root": null,
	"status": "0x1",
	"transactionHash": "0x2bc2f3e586f621fd0d92248eb2040d4ea5e00df148d74d2b4859dd9fb599d279",
	"transactionIndex": 71
}
[2018-04-25T19:43:34.024] [DEBUG] trans - TO:   0x59e8f6d4ea3250e64ba7f2d4c9f262b0a67a8bd7
[2018-04-25T19:43:34.025] [DEBUG] trans - AMOUNT:   1241500000000000000
[2018-04-25T19:43:34.025] [DEBUG] trans - Receipt info:  {
	"blockHash": "0x0f7cc7cd880b53b418d0fd83083ea884f200ae0cd0b3106fd86e4e42fd30aa0b",
	"blockNumber": 5504505,
	"contractAddress": null,
	"cumulativeGasUsed": 497563,
	"gasUsed": 51589,
	"logs": [
		{
			"address": "0x7e9e431a0B8c4D532C745B1043c7FA29a48D4fBa",
			"blockHash": "0x0f7cc7cd880b53b418d0fd83083ea884f200ae0cd0b3106fd86e4e42fd30aa0b",
			"blockNumber": 5504505,
			"data": "0x000000000000000000000000000000000000000000000000113ab1ac18a5c000",
			"logIndex": 6,
			"topics": [
				"0xddf252ad1be2c89b69c2b068fc378daa952ba7f163c4a11628f55a4df523b3ef",
				"0x000000000000000000000000c9f42bcc3cd6c77fae537dd24ba96668fc864150",
				"0x00000000000000000000000059e8f6d4ea3250e64ba7f2d4c9f262b0a67a8bd7"
			],
			"transactionHash": "0x13a707dc7e08fdfa18d725da37e6df3ec76239c51439cbcffd870850ce376a2e",
			"transactionIndex": 14,
			"transactionLogIndex": "0x0",
			"type": "mined",
			"id": "log_884e85af"
		}
	],
	"logsBloom": "0x00000000000000000000000000000000000000000001000000000000008000000000000000000000000000000000000000000000100000000000000000000000000000000000010000000008000000000000000000000000000000000000000000000000000000000000000000000000000000000000000000000010000000000000000000000000000000000000000000000000000000000000000000000000000400000000000080000000000000000000000000000000000000000000000000001002000000000000000000000000000000000000000000000000000000000000000000000000000000000000000000000000080000000000000000004000",
	"root": null,
	"status": "0x1",
	"transactionHash": "0x13a707dc7e08fdfa18d725da37e6df3ec76239c51439cbcffd870850ce376a2e",
	"transactionIndex": 14
}
[2018-04-25T19:43:41.035] [DEBUG] trans - TO:   0xbd79b801bd8ade13132eb9c89fc6d1289730e7c6
[2018-04-25T19:43:41.035] [DEBUG] trans - AMOUNT:   1216400000000000000
[2018-04-25T19:43:41.035] [DEBUG] trans - Receipt info:  {
	"blockHash": "0x6cae3aa74eccb3748a06225851436b26786f29545256de3b306cf01aff65f671",
	"blockNumber": 5504506,
	"contractAddress": null,
	"cumulativeGasUsed": 2055922,
	"gasUsed": 51525,
	"logs": [
		{
			"address": "0x7e9e431a0B8c4D532C745B1043c7FA29a48D4fBa",
			"blockHash": "0x6cae3aa74eccb3748a06225851436b26786f29545256de3b306cf01aff65f671",
			"blockNumber": 5504506,
			"data": "0x00000000000000000000000000000000000000000000000010e1855af0c90000",
			"logIndex": 7,
			"topics": [
				"0xddf252ad1be2c89b69c2b068fc378daa952ba7f163c4a11628f55a4df523b3ef",
				"0x000000000000000000000000c9f42bcc3cd6c77fae537dd24ba96668fc864150",
				"0x000000000000000000000000bd79b801bd8ade13132eb9c89fc6d1289730e7c6"
			],
			"transactionHash": "0x0e3bd864653444d296921d1accfeb2fc53c6a1e510aef944ab0291397369c27b",
			"transactionIndex": 86,
			"transactionLogIndex": "0x0",
			"type": "mined",
			"id": "log_a62e1d1c"
		}
	],
	"logsBloom": "0x00000000000000000000000000000000000000000000000000000000008000000000000000000000000000000040000000000000100000000000000000000000000000000000010000000008000000000000000000000000000000000000000000000000000000000000000000000000000000000000000000000010000000000000004000000000000000000000000000000000000000000000000000000000000000000000000080000000000000000000000000000000000000000000000000001022000000000000000000000000000000000000000000000000000000000000000000000000000000000000000000000000000000000000000000004000",
	"root": null,
	"status": "0x1",
	"transactionHash": "0x0e3bd864653444d296921d1accfeb2fc53c6a1e510aef944ab0291397369c27b",
	"transactionIndex": 86
}
[2018-04-25T19:43:41.036] [DEBUG] trans - TO:   0xfc3925cf669d1f960e901f7149865c52e790aa24
[2018-04-25T19:43:41.036] [DEBUG] trans - AMOUNT:   1101600000000000000
[2018-04-25T19:43:41.036] [DEBUG] trans - Receipt info:  {
	"blockHash": "0x6cae3aa74eccb3748a06225851436b26786f29545256de3b306cf01aff65f671",
	"blockNumber": 5504506,
	"contractAddress": null,
	"cumulativeGasUsed": 2262022,
	"gasUsed": 51525,
	"logs": [
		{
			"address": "0x7e9e431a0B8c4D532C745B1043c7FA29a48D4fBa",
			"blockHash": "0x6cae3aa74eccb3748a06225851436b26786f29545256de3b306cf01aff65f671",
			"blockNumber": 5504506,
			"data": "0x0000000000000000000000000000000000000000000000000f49ab5d0c920000",
			"logIndex": 11,
			"topics": [
				"0xddf252ad1be2c89b69c2b068fc378daa952ba7f163c4a11628f55a4df523b3ef",
				"0x000000000000000000000000c9f42bcc3cd6c77fae537dd24ba96668fc864150",
				"0x000000000000000000000000fc3925cf669d1f960e901f7149865c52e790aa24"
			],
			"transactionHash": "0x226b2765170e42f8eef574e7649ba57e51bc4aaded0372ca2e966432929d3de6",
			"transactionIndex": 90,
			"transactionLogIndex": "0x0",
			"type": "mined",
			"id": "log_4a649564"
		}
	],
	"logsBloom": "0x00000000000000000000000000000000000000000000000000000000008000000000000000000200000000000000000000000000100000000080000000000000000000000000010000000008000000000000000000000000000000000000000000000000000000000000000000000000000000000000000000000010000000000000000000000000000000000000000000000000000000000000000000000000000000000000000080000000000000000000000000000000000000000000000000001002000000000000000000000000000000000000000000000000000000000000000000000000000000000000000000000080000000000000000000004000",
	"root": null,
	"status": "0x1",
	"transactionHash": "0x226b2765170e42f8eef574e7649ba57e51bc4aaded0372ca2e966432929d3de6",
	"transactionIndex": 90
}
[2018-04-25T19:43:41.037] [DEBUG] trans - TO:   0x50df2e9067c8546971b0bcf866a2c9e0bd625d58
[2018-04-25T19:43:41.037] [DEBUG] trans - AMOUNT:   1200000000000000000
[2018-04-25T19:43:41.037] [DEBUG] trans - Receipt info:  {
	"blockHash": "0x6cae3aa74eccb3748a06225851436b26786f29545256de3b306cf01aff65f671",
	"blockNumber": 5504506,
	"contractAddress": null,
	"cumulativeGasUsed": 2107447,
	"gasUsed": 51525,
	"logs": [
		{
			"address": "0x7e9e431a0B8c4D532C745B1043c7FA29a48D4fBa",
			"blockHash": "0x6cae3aa74eccb3748a06225851436b26786f29545256de3b306cf01aff65f671",
			"blockNumber": 5504506,
			"data": "0x00000000000000000000000000000000000000000000000010a741a462780000",
			"logIndex": 8,
			"topics": [
				"0xddf252ad1be2c89b69c2b068fc378daa952ba7f163c4a11628f55a4df523b3ef",
				"0x000000000000000000000000c9f42bcc3cd6c77fae537dd24ba96668fc864150",
				"0x00000000000000000000000050df2e9067c8546971b0bcf866a2c9e0bd625d58"
			],
			"transactionHash": "0x1e82d9a0f2d64c9a9431da80a5255490567624dc9fb983c10f198d2bc7034bad",
			"transactionIndex": 87,
			"transactionLogIndex": "0x0",
			"type": "mined",
			"id": "log_33011e26"
		}
	],
	"logsBloom": "0x00000000000000000000000000000000000000000000000000000000008000000000000000000000000000000004000000000000100000000000000000000000000000000800010000000008000000000000000000000000000000000000000000000000000000000000000000000000000000000000000000000010000000000000000000000000000000000000000000000000000000000000000000000000000000000000000080000000000000000000000000000080000000000000000000001002000000000000000000000000000000000000000000000000000000000000000000000000000000000000000000000000000000000000000000004000",
	"root": null,
	"status": "0x1",
	"transactionHash": "0x1e82d9a0f2d64c9a9431da80a5255490567624dc9fb983c10f198d2bc7034bad",
	"transactionIndex": 87
}
[2018-04-25T19:43:41.037] [DEBUG] trans - TO:   0xc9f3fe9614e4c1b86a22138246245d4dbd370fd9
[2018-04-25T19:43:41.037] [DEBUG] trans - AMOUNT:   1200000000000000000
[2018-04-25T19:43:41.038] [DEBUG] trans - Receipt info:  {
	"blockHash": "0x6cae3aa74eccb3748a06225851436b26786f29545256de3b306cf01aff65f671",
	"blockNumber": 5504506,
	"contractAddress": null,
	"cumulativeGasUsed": 2158972,
	"gasUsed": 51525,
	"logs": [
		{
			"address": "0x7e9e431a0B8c4D532C745B1043c7FA29a48D4fBa",
			"blockHash": "0x6cae3aa74eccb3748a06225851436b26786f29545256de3b306cf01aff65f671",
			"blockNumber": 5504506,
			"data": "0x00000000000000000000000000000000000000000000000010a741a462780000",
			"logIndex": 9,
			"topics": [
				"0xddf252ad1be2c89b69c2b068fc378daa952ba7f163c4a11628f55a4df523b3ef",
				"0x000000000000000000000000c9f42bcc3cd6c77fae537dd24ba96668fc864150",
				"0x000000000000000000000000c9f3fe9614e4c1b86a22138246245d4dbd370fd9"
			],
			"transactionHash": "0x6de979c189d18aa82ea45cd4fe1d06a2810b7351afde6a53b8c08bdf72c026c7",
			"transactionIndex": 88,
			"transactionLogIndex": "0x0",
			"type": "mined",
			"id": "log_c49477a8"
		}
	],
	"logsBloom": "0x00000000000000000000000000000000000000000000000000000000008000000000000000000000000000000000000000000000100000000000000000000000000000000000010000000008000000000000000000000000000000000001000000000000000000000000000000000000000000000000000000000010000000000000000000000000000000000000000000000000000000000000000000000000000000000000000080000000000000000000000000000000000000000000000000001002000000000000000000000000000000000000000000020000000000000000800000000000000000000000000000000000000000000000000000004000",
	"root": null,
	"status": "0x1",
	"transactionHash": "0x6de979c189d18aa82ea45cd4fe1d06a2810b7351afde6a53b8c08bdf72c026c7",
	"transactionIndex": 88
}
[2018-04-25T19:43:41.038] [DEBUG] trans - TO:   0x5ba6babe033716d257e7e3ee1b79363d2328e4e8
[2018-04-25T19:43:41.038] [DEBUG] trans - AMOUNT:   1100000000000000000
[2018-04-25T19:43:41.038] [DEBUG] trans - Receipt info:  {
	"blockHash": "0x6cae3aa74eccb3748a06225851436b26786f29545256de3b306cf01aff65f671",
	"blockNumber": 5504506,
	"contractAddress": null,
	"cumulativeGasUsed": 2313547,
	"gasUsed": 51525,
	"logs": [
		{
			"address": "0x7e9e431a0B8c4D532C745B1043c7FA29a48D4fBa",
			"blockHash": "0x6cae3aa74eccb3748a06225851436b26786f29545256de3b306cf01aff65f671",
			"blockNumber": 5504506,
			"data": "0x0000000000000000000000000000000000000000000000000f43fc2c04ee0000",
			"logIndex": 12,
			"topics": [
				"0xddf252ad1be2c89b69c2b068fc378daa952ba7f163c4a11628f55a4df523b3ef",
				"0x000000000000000000000000c9f42bcc3cd6c77fae537dd24ba96668fc864150",
				"0x0000000000000000000000005ba6babe033716d257e7e3ee1b79363d2328e4e8"
			],
			"transactionHash": "0x6784b544d59a419ceb19e7ccaf73467e56c857e4550fb929d87a5c31e129a638",
			"transactionIndex": 91,
			"transactionLogIndex": "0x0",
			"type": "mined",
			"id": "log_322c7308"
		}
	],
	"logsBloom": "0x00000000000000000000000000000000000000000000000000000000808000000000000000000000000000000000000000100000100000000000000000000000000000000000010000000008000000000000000000000000000000000000000004000000000000000000000000000000000000000000000000000010000000000000000000000000000000000000000000000000000000000000000000000000000000000000000080000000000000000000000000000000000000000000000000001002000000000000000000000000000000000000000000000000000000000000000000000000000000000000000000000000000000000000000000004000",
	"root": null,
	"status": "0x1",
	"transactionHash": "0x6784b544d59a419ceb19e7ccaf73467e56c857e4550fb929d87a5c31e129a638",
	"transactionIndex": 91
}
[2018-04-25T19:43:41.040] [DEBUG] trans - TO:   0x3fedde680b7a1813237aaccb9c3ac60b85704ed4
[2018-04-25T19:43:41.040] [DEBUG] trans - AMOUNT:   1080000000000000000
[2018-04-25T19:43:41.040] [DEBUG] trans - Receipt info:  {
	"blockHash": "0x6cae3aa74eccb3748a06225851436b26786f29545256de3b306cf01aff65f671",
	"blockNumber": 5504506,
	"contractAddress": null,
	"cumulativeGasUsed": 2468186,
	"gasUsed": 51525,
	"logs": [
		{
			"address": "0x7e9e431a0B8c4D532C745B1043c7FA29a48D4fBa",
			"blockHash": "0x6cae3aa74eccb3748a06225851436b26786f29545256de3b306cf01aff65f671",
			"blockNumber": 5504506,
			"data": "0x0000000000000000000000000000000000000000000000000efcee47256c0000",
			"logIndex": 15,
			"topics": [
				"0xddf252ad1be2c89b69c2b068fc378daa952ba7f163c4a11628f55a4df523b3ef",
				"0x000000000000000000000000c9f42bcc3cd6c77fae537dd24ba96668fc864150",
				"0x0000000000000000000000003fedde680b7a1813237aaccb9c3ac60b85704ed4"
			],
			"transactionHash": "0xa66a8905c4239287b52a80255094be9d0e2a8dffccfaa798384355c00653ac9c",
			"transactionIndex": 94,
			"transactionLogIndex": "0x0",
			"type": "mined",
			"id": "log_ccb70de5"
		}
	],
	"logsBloom": "0x00000000000000000000000000000000000000000000000000000000008000000000000000000000000000000000000000000000100000000000000000000000000000000000010000000008000000000000000000000000000000000000000000000000000000000000000000000000000000000000000000000012000000000000000000000000000000000000000000000000000000000000000000000000000000000000000080000000000000000000000000000000000000000000000000001002000004000000000000000000000000000000000000000000000000000000000000000000000000010000000000000000000000000000000000004000",
	"root": null,
	"status": "0x1",
	"transactionHash": "0xa66a8905c4239287b52a80255094be9d0e2a8dffccfaa798384355c00653ac9c",
	"transactionIndex": 94
}
[2018-04-25T19:43:41.041] [DEBUG] trans - TO:   0x7a53e0f5a5cecb134cc8d1076103021f653a356e
[2018-04-25T19:43:41.041] [DEBUG] trans - AMOUNT:   1100000000000000000
[2018-04-25T19:43:41.041] [DEBUG] trans - Receipt info:  {
	"blockHash": "0x6cae3aa74eccb3748a06225851436b26786f29545256de3b306cf01aff65f671",
	"blockNumber": 5504506,
	"contractAddress": null,
	"cumulativeGasUsed": 2365072,
	"gasUsed": 51525,
	"logs": [
		{
			"address": "0x7e9e431a0B8c4D532C745B1043c7FA29a48D4fBa",
			"blockHash": "0x6cae3aa74eccb3748a06225851436b26786f29545256de3b306cf01aff65f671",
			"blockNumber": 5504506,
			"data": "0x0000000000000000000000000000000000000000000000000f43fc2c04ee0000",
			"logIndex": 13,
			"topics": [
				"0xddf252ad1be2c89b69c2b068fc378daa952ba7f163c4a11628f55a4df523b3ef",
				"0x000000000000000000000000c9f42bcc3cd6c77fae537dd24ba96668fc864150",
				"0x0000000000000000000000007a53e0f5a5cecb134cc8d1076103021f653a356e"
			],
			"transactionHash": "0x5c3e21a182b2d159e4e3d091a4d48c9c3ea71a0301b06f8453ab36f94de4c0db",
			"transactionIndex": 92,
			"transactionLogIndex": "0x0",
			"type": "mined",
			"id": "log_8c0daeb6"
		}
	],
	"logsBloom": "0x00000000000000000000000000000000000000000000000000000000008000000000000000000000000000000000000000000000100000000000000000100000000000000000010000000008000000000000000000000000000000020000000000000000000000000000000000000000000000000000000000000010000000000000000000000000000000000000010000000000000000000000000000000000000000000000000080000000000000000000000000000000000000000000000000001002000000000000000000000000000000000000000000000000000000000000000000000000000000000000000000000000000000000000000000004000",
	"root": null,
	"status": "0x1",
	"transactionHash": "0x5c3e21a182b2d159e4e3d091a4d48c9c3ea71a0301b06f8453ab36f94de4c0db",
	"transactionIndex": 92
}
[2018-04-25T19:43:41.041] [DEBUG] trans - TO:   0x900584b11461467d76bf10ef30723ebf5738abea
[2018-04-25T19:43:41.041] [DEBUG] trans - AMOUNT:   1093400000000000000
[2018-04-25T19:43:41.041] [DEBUG] trans - Receipt info:  {
	"blockHash": "0x6cae3aa74eccb3748a06225851436b26786f29545256de3b306cf01aff65f671",
	"blockNumber": 5504506,
	"contractAddress": null,
	"cumulativeGasUsed": 2416661,
	"gasUsed": 51589,
	"logs": [
		{
			"address": "0x7e9e431a0B8c4D532C745B1043c7FA29a48D4fBa",
			"blockHash": "0x6cae3aa74eccb3748a06225851436b26786f29545256de3b306cf01aff65f671",
			"blockNumber": 5504506,
			"data": "0x0000000000000000000000000000000000000000000000000f2c8981c5698000",
			"logIndex": 14,
			"topics": [
				"0xddf252ad1be2c89b69c2b068fc378daa952ba7f163c4a11628f55a4df523b3ef",
				"0x000000000000000000000000c9f42bcc3cd6c77fae537dd24ba96668fc864150",
				"0x000000000000000000000000900584b11461467d76bf10ef30723ebf5738abea"
			],
			"transactionHash": "0x250d8d853954a36aaabb64b155d7c373f5b3553b76db3a585faebc0fc5962592",
			"transactionIndex": 93,
			"transactionLogIndex": "0x0",
			"type": "mined",
			"id": "log_eade9820"
		}
	],
	"logsBloom": "0x00000000000000000000000000000000000000000000000000000000008000000000000000000000000000000000000000000000100000000000000000000000000000000000010000000008000000000000020000000000000000000000000000000000000000000000000000000000000000000000000000000010000000000000000000000000000000000000000000000000000000000000000000000000000001000000000080000000000000000000000000000000000000000000000000001002000000000000000000000000000000000000000000000000000000000000000000000000000000000000000000000000000000000000000000004000",
	"root": null,
	"status": "0x1",
	"transactionHash": "0x250d8d853954a36aaabb64b155d7c373f5b3553b76db3a585faebc0fc5962592",
	"transactionIndex": 93
}
[2018-04-25T19:43:41.042] [DEBUG] trans - TO:   0x8529a35ba148c4d5202f8b0c800ddfe1da5991a1
[2018-04-25T19:43:41.042] [DEBUG] trans - AMOUNT:   1186800000000000000
[2018-04-25T19:43:41.042] [DEBUG] trans - Receipt info:  {
	"blockHash": "0x6cae3aa74eccb3748a06225851436b26786f29545256de3b306cf01aff65f671",
	"blockNumber": 5504506,
	"contractAddress": null,
	"cumulativeGasUsed": 2210497,
	"gasUsed": 51525,
	"logs": [
		{
			"address": "0x7e9e431a0B8c4D532C745B1043c7FA29a48D4fBa",
			"blockHash": "0x6cae3aa74eccb3748a06225851436b26786f29545256de3b306cf01aff65f671",
			"blockNumber": 5504506,
			"data": "0x00000000000000000000000000000000000000000000000010785c4fe36f0000",
			"logIndex": 10,
			"topics": [
				"0xddf252ad1be2c89b69c2b068fc378daa952ba7f163c4a11628f55a4df523b3ef",
				"0x000000000000000000000000c9f42bcc3cd6c77fae537dd24ba96668fc864150",
				"0x0000000000000000000000008529a35ba148c4d5202f8b0c800ddfe1da5991a1"
			],
			"transactionHash": "0xf9eb0b5b10ff49c6e9f40d66283b8ae9943bf2bc6dfbebf73f097c5bbbc01796",
			"transactionIndex": 89,
			"transactionLogIndex": "0x0",
			"type": "mined",
			"id": "log_7808ea50"
		}
	],
	"logsBloom": "0x00000000000800000000000000000000000000000000000000000000008000000000000000000000000100000000000000000400100000000000000000000000000000000000010000000008000000000000000000000000000000000000000000000000000000000000000000000000000000000000000000000010000000000000000000000000000000000000000000000000000000000000000000000000000000000000000080000000000000000000000000000000000000000000000000001002000000000000000000000000000000000000000000000000000000000000000000000000000000000000000000000000000000000000000000004000",
	"root": null,
	"status": "0x1",
	"transactionHash": "0xf9eb0b5b10ff49c6e9f40d66283b8ae9943bf2bc6dfbebf73f097c5bbbc01796",
	"transactionIndex": 89
}
[2018-04-25T19:43:41.043] [DEBUG] trans - TO:   0xa22b12210bdd7a7263f542c4080ab87e0f0d0d27
[2018-04-25T19:43:41.043] [DEBUG] trans - AMOUNT:   1049600000000000000
[2018-04-25T19:43:41.043] [DEBUG] trans - Receipt info:  {
	"blockHash": "0x6cae3aa74eccb3748a06225851436b26786f29545256de3b306cf01aff65f671",
	"blockNumber": 5504506,
	"contractAddress": null,
	"cumulativeGasUsed": 2571300,
	"gasUsed": 51525,
	"logs": [
		{
			"address": "0x7e9e431a0B8c4D532C745B1043c7FA29a48D4fBa",
			"blockHash": "0x6cae3aa74eccb3748a06225851436b26786f29545256de3b306cf01aff65f671",
			"blockNumber": 5504506,
			"data": "0x0000000000000000000000000000000000000000000000000e90eda394400000",
			"logIndex": 17,
			"topics": [
				"0xddf252ad1be2c89b69c2b068fc378daa952ba7f163c4a11628f55a4df523b3ef",
				"0x000000000000000000000000c9f42bcc3cd6c77fae537dd24ba96668fc864150",
				"0x000000000000000000000000a22b12210bdd7a7263f542c4080ab87e0f0d0d27"
			],
			"transactionHash": "0x4dc0f8e8d7defed280fa1ef96b7d373859cbf59cd7c0791306965a23d09893bf",
			"transactionIndex": 96,
			"transactionLogIndex": "0x0",
			"type": "mined",
			"id": "log_6615787a"
		}
	],
	"logsBloom": "0x00000000000000000000000000000000000000000000000000000000008000000000000000000000000000000000000000000000100000000000000000000000000000000000010000000008000000000000000000000000000000000000000000000000000000000020000000000000000000000000000000000010000000000000000000000000000000000000000000000000000000000000000000000000000000000000000080000000000000000000000000000000000400000000000000001002000000004000000000000000000000000000000000000000000000000000000000000000000000000000000000000000000000000000000000004000",
	"root": null,
	"status": "0x1",
	"transactionHash": "0x4dc0f8e8d7defed280fa1ef96b7d373859cbf59cd7c0791306965a23d09893bf",
	"transactionIndex": 96
}
[2018-04-25T19:43:41.045] [DEBUG] trans - TO:   0x834b8ebce1b00de98c850896b64f93571e3f16be
[2018-04-25T19:43:41.045] [DEBUG] trans - AMOUNT:   1051400000000000000
[2018-04-25T19:43:41.046] [DEBUG] trans - Receipt info:  {
	"blockHash": "0x6cae3aa74eccb3748a06225851436b26786f29545256de3b306cf01aff65f671",
	"blockNumber": 5504506,
	"contractAddress": null,
	"cumulativeGasUsed": 2519775,
	"gasUsed": 51589,
	"logs": [
		{
			"address": "0x7e9e431a0B8c4D532C745B1043c7FA29a48D4fBa",
			"blockHash": "0x6cae3aa74eccb3748a06225851436b26786f29545256de3b306cf01aff65f671",
			"blockNumber": 5504506,
			"data": "0x0000000000000000000000000000000000000000000000000e9752babcd88000",
			"logIndex": 16,
			"topics": [
				"0xddf252ad1be2c89b69c2b068fc378daa952ba7f163c4a11628f55a4df523b3ef",
				"0x000000000000000000000000c9f42bcc3cd6c77fae537dd24ba96668fc864150",
				"0x000000000000000000000000834b8ebce1b00de98c850896b64f93571e3f16be"
			],
			"transactionHash": "0xe3306ba5e466f2dde4cfafbe0969340f825105620dcf467b46c3e77c2c218926",
			"transactionIndex": 95,
			"transactionLogIndex": "0x0",
			"type": "mined",
			"id": "log_d77ea9cc"
		}
	],
	"logsBloom": "0x00000000000000000000000000000000000000000000000000000000008000000000000000000000000010000000000000000000100000000000000000000000040000000000010000000008000000000000000000000000000000000000000000000000000000000000000000000000000000000000000000000010000000000000000000000000000000000000000000000000000000000000000000000000000000000000000080000000020000000000000000000000000000000000000000001002000000000000000000000000000000000000000000000000000000000000000000000000000000000000000000000000000000000000000000004000",
	"root": null,
	"status": "0x1",
	"transactionHash": "0xe3306ba5e466f2dde4cfafbe0969340f825105620dcf467b46c3e77c2c218926",
	"transactionIndex": 95
}
[2018-04-25T19:43:41.047] [DEBUG] trans - TO:   0x107ff62c08961cbe6fc855aa81b92f95dde1dbdf
[2018-04-25T19:43:41.047] [DEBUG] trans - AMOUNT:   1000000000000000000
[2018-04-25T19:43:41.047] [DEBUG] trans - Receipt info:  {
	"blockHash": "0x6cae3aa74eccb3748a06225851436b26786f29545256de3b306cf01aff65f671",
	"blockNumber": 5504506,
	"contractAddress": null,
	"cumulativeGasUsed": 2674350,
	"gasUsed": 51525,
	"logs": [
		{
			"address": "0x7e9e431a0B8c4D532C745B1043c7FA29a48D4fBa",
			"blockHash": "0x6cae3aa74eccb3748a06225851436b26786f29545256de3b306cf01aff65f671",
			"blockNumber": 5504506,
			"data": "0x0000000000000000000000000000000000000000000000000de0b6b3a7640000",
			"logIndex": 19,
			"topics": [
				"0xddf252ad1be2c89b69c2b068fc378daa952ba7f163c4a11628f55a4df523b3ef",
				"0x000000000000000000000000c9f42bcc3cd6c77fae537dd24ba96668fc864150",
				"0x000000000000000000000000107ff62c08961cbe6fc855aa81b92f95dde1dbdf"
			],
			"transactionHash": "0x6d1b8fb160dd9cd53e90cddc9c6a19d573e6190693dc3efcfa2b3d59e5872c62",
			"transactionIndex": 98,
			"transactionLogIndex": "0x0",
			"type": "mined",
			"id": "log_5e8207bf"
		}
	],
	"logsBloom": "0x00000000000000000000000000000000000000000000000000000000008000000000000000000000000000000000000000000000100000000000000000000000000000000000010000000008000000000000000000000000000020000000000000000000000000000000000000000000000000000000000000000010000000000000000000000000001000000000000000000000000000000000000000000000000000000000000080000000000000000000000000008000000000000000000000001002000000000000000000000000000000000000000000000000000000000000000000000000000000000000000000000000000000000000000000004000",
	"root": null,
	"status": "0x1",
	"transactionHash": "0x6d1b8fb160dd9cd53e90cddc9c6a19d573e6190693dc3efcfa2b3d59e5872c62",
	"transactionIndex": 98
}
[2018-04-25T19:43:41.047] [DEBUG] trans - TO:   0x16e1d5ca7baa96ad0ce0c3ee3933952f8e378421
[2018-04-25T19:43:41.048] [DEBUG] trans - AMOUNT:   1000000000000000000
[2018-04-25T19:43:41.048] [DEBUG] trans - Receipt info:  {
	"blockHash": "0x6cae3aa74eccb3748a06225851436b26786f29545256de3b306cf01aff65f671",
	"blockNumber": 5504506,
	"contractAddress": null,
	"cumulativeGasUsed": 2725875,
	"gasUsed": 51525,
	"logs": [
		{
			"address": "0x7e9e431a0B8c4D532C745B1043c7FA29a48D4fBa",
			"blockHash": "0x6cae3aa74eccb3748a06225851436b26786f29545256de3b306cf01aff65f671",
			"blockNumber": 5504506,
			"data": "0x0000000000000000000000000000000000000000000000000de0b6b3a7640000",
			"logIndex": 20,
			"topics": [
				"0xddf252ad1be2c89b69c2b068fc378daa952ba7f163c4a11628f55a4df523b3ef",
				"0x000000000000000000000000c9f42bcc3cd6c77fae537dd24ba96668fc864150",
				"0x00000000000000000000000016e1d5ca7baa96ad0ce0c3ee3933952f8e378421"
			],
			"transactionHash": "0x487ff8acb27c3aeca926f7dc5443a7156309301df76fa321ffe877e552690ba4",
			"transactionIndex": 99,
			"transactionLogIndex": "0x0",
			"type": "mined",
			"id": "log_56a94e6d"
		}
	],
	"logsBloom": "0x10000000000000000000000000000000000000000000000000000000008000000000000000000000000000000000000000000000100000000000000000000000000000000000010000000008000000000000000000000000000000200000000000000000000000000000000000000000000000000000000000000010000000000000000000000000000000000000000000000000000000000000000000000000000000000000000080000000000000000000000000000000000000000000000000001002000000000000000800000000000000000000000000000000000000000000000000000000000000000000000000000000000000000000000000004000",
	"root": null,
	"status": "0x1",
	"transactionHash": "0x487ff8acb27c3aeca926f7dc5443a7156309301df76fa321ffe877e552690ba4",
	"transactionIndex": 99
}
[2018-04-25T19:43:41.048] [DEBUG] trans - TO:   0xf338846d1c8030935b44c048106f11c2cc30f474
[2018-04-25T19:43:41.048] [DEBUG] trans - AMOUNT:   1040000000000000000
[2018-04-25T19:43:41.048] [DEBUG] trans - Receipt info:  {
	"blockHash": "0x6cae3aa74eccb3748a06225851436b26786f29545256de3b306cf01aff65f671",
	"blockNumber": 5504506,
	"contractAddress": null,
	"cumulativeGasUsed": 2622825,
	"gasUsed": 51525,
	"logs": [
		{
			"address": "0x7e9e431a0B8c4D532C745B1043c7FA29a48D4fBa",
			"blockHash": "0x6cae3aa74eccb3748a06225851436b26786f29545256de3b306cf01aff65f671",
			"blockNumber": 5504506,
			"data": "0x0000000000000000000000000000000000000000000000000e6ed27d66680000",
			"logIndex": 18,
			"topics": [
				"0xddf252ad1be2c89b69c2b068fc378daa952ba7f163c4a11628f55a4df523b3ef",
				"0x000000000000000000000000c9f42bcc3cd6c77fae537dd24ba96668fc864150",
				"0x000000000000000000000000f338846d1c8030935b44c048106f11c2cc30f474"
			],
			"transactionHash": "0xd6ae0b7c028df7998def8b89fe4330b812ddd8b3f009e353723fffc1e67cb0e4",
			"transactionIndex": 97,
			"transactionLogIndex": "0x0",
			"type": "mined",
			"id": "log_f0046150"
		}
	],
	"logsBloom": "0x00000000000000000000000000000000000000000000000000000000008000000000000000000000000000000000000000000000100000000000000000000000000000000000010000000008000000000000000000000000000000000000000000000000000000000000000000000000000000000000000000000010000000000000000000000000000000000000000000000000000000000000000000000000000000000000000080002000000000000000000000200000000000000000000000001002000000000000000000000000000000000000000000000000000000000000000000000000000000000000000000000000000000000000000000004000",
	"root": null,
	"status": "0x1",
	"transactionHash": "0xd6ae0b7c028df7998def8b89fe4330b812ddd8b3f009e353723fffc1e67cb0e4",
	"transactionIndex": 97
}
[2018-04-25T19:43:41.051] [DEBUG] trans - TO:   0x3c3d5f1c1dfe13796e261971d4ff5c66259b8593
[2018-04-25T19:43:41.052] [DEBUG] trans - AMOUNT:   1000000000000000000
[2018-04-25T19:43:41.052] [DEBUG] trans - Receipt info:  {
	"blockHash": "0x6cae3aa74eccb3748a06225851436b26786f29545256de3b306cf01aff65f671",
	"blockNumber": 5504506,
	"contractAddress": null,
	"cumulativeGasUsed": 2777400,
	"gasUsed": 51525,
	"logs": [
		{
			"address": "0x7e9e431a0B8c4D532C745B1043c7FA29a48D4fBa",
			"blockHash": "0x6cae3aa74eccb3748a06225851436b26786f29545256de3b306cf01aff65f671",
			"blockNumber": 5504506,
			"data": "0x0000000000000000000000000000000000000000000000000de0b6b3a7640000",
			"logIndex": 21,
			"topics": [
				"0xddf252ad1be2c89b69c2b068fc378daa952ba7f163c4a11628f55a4df523b3ef",
				"0x000000000000000000000000c9f42bcc3cd6c77fae537dd24ba96668fc864150",
				"0x0000000000000000000000003c3d5f1c1dfe13796e261971d4ff5c66259b8593"
			],
			"transactionHash": "0x84396e36d555486627d9aa69d2ee21a458b1d3b0c7af35be878604d45b1c581b",
			"transactionIndex": 100,
			"transactionLogIndex": "0x0",
			"type": "mined",
			"id": "log_6f62cb54"
		}
	],
	"logsBloom": "0x02000000000000000000000000000000000000000000000000000000008000000000000000000000000000000000000000000000100000000000000000000000000000000000010000000008000000000000000000000000000000000000000000000000000000000000000004000000000000000000000000000010000000000000000000000000000000000000000000000000000000000000000000000000000000000000000080000000000000000000000000000000000000000000000000001002000000000000000000000000000000000000000000000000000000000000000000000000000000000000000000000000001000000000000000004000",
	"root": null,
	"status": "0x1",
	"transactionHash": "0x84396e36d555486627d9aa69d2ee21a458b1d3b0c7af35be878604d45b1c581b",
	"transactionIndex": 100
}
[2018-04-25T19:44:20.095] [DEBUG] trans - TO:   0x445ca86321d5432567e074794c0007a04599ed08
[2018-04-25T19:44:20.095] [DEBUG] trans - AMOUNT:   1000000000000000000
[2018-04-25T19:44:20.095] [DEBUG] trans - Receipt info:  {
	"blockHash": "0xaac629522da80708d9d2c6d29d5bb4cc1cd6e855d58fc61f5e8016d79f493b41",
	"blockNumber": 5504508,
	"contractAddress": null,
	"cumulativeGasUsed": 1169181,
	"gasUsed": 51461,
	"logs": [
		{
			"address": "0x7e9e431a0B8c4D532C745B1043c7FA29a48D4fBa",
			"blockHash": "0xaac629522da80708d9d2c6d29d5bb4cc1cd6e855d58fc61f5e8016d79f493b41",
			"blockNumber": 5504508,
			"data": "0x0000000000000000000000000000000000000000000000000de0b6b3a7640000",
			"logIndex": 21,
			"topics": [
				"0xddf252ad1be2c89b69c2b068fc378daa952ba7f163c4a11628f55a4df523b3ef",
				"0x000000000000000000000000c9f42bcc3cd6c77fae537dd24ba96668fc864150",
				"0x000000000000000000000000445ca86321d5432567e074794c0007a04599ed08"
			],
			"transactionHash": "0x071d33d865041c1712127cd46a934abf15e56874574b836c6cb02f4a57459472",
			"transactionIndex": 35,
			"transactionLogIndex": "0x0",
			"type": "mined",
			"id": "log_52d5204c"
		}
	],
	"logsBloom": "0x00000000000000000000000000000000000000000000000000000000008000000000000000000000000000000000000000000000100000000000080000000000000000000000010000000008000000000000000000001000000000000000000000000001000000000000000000000000000000000000000000000010000000000000000000000000000000000000000000000000000000000000000000000000000000000000000080000000000000000000000000000000000000000000000000001002000000000000000000000000000000000000000000000000000000000000000000000000000000000000000000000000000000000000000000004000",
	"root": null,
	"status": "0x1",
	"transactionHash": "0x071d33d865041c1712127cd46a934abf15e56874574b836c6cb02f4a57459472",
	"transactionIndex": 35
}
[2018-04-25T19:44:29.106] [DEBUG] trans - TO:   0x4a62f4c86998534ae9f9dcdc333cba88fcfc213f
[2018-04-25T19:44:29.106] [DEBUG] trans - AMOUNT:   1000000000000000000
[2018-04-25T19:44:29.106] [DEBUG] trans - Receipt info:  {
	"blockHash": "0xb17126fced29a33ae1999a69b336208f61ea257bc9ee73c807b8d668a47476e1",
	"blockNumber": 5504510,
	"contractAddress": null,
	"cumulativeGasUsed": 556204,
	"gasUsed": 51525,
	"logs": [
		{
			"address": "0x7e9e431a0B8c4D532C745B1043c7FA29a48D4fBa",
			"blockHash": "0xb17126fced29a33ae1999a69b336208f61ea257bc9ee73c807b8d668a47476e1",
			"blockNumber": 5504510,
			"data": "0x0000000000000000000000000000000000000000000000000de0b6b3a7640000",
			"logIndex": 5,
			"topics": [
				"0xddf252ad1be2c89b69c2b068fc378daa952ba7f163c4a11628f55a4df523b3ef",
				"0x000000000000000000000000c9f42bcc3cd6c77fae537dd24ba96668fc864150",
				"0x0000000000000000000000004a62f4c86998534ae9f9dcdc333cba88fcfc213f"
			],
			"transactionHash": "0xcef92a5177251ec23dd858d0b602ee21ca3475b3203441738c005113b41a0eac",
			"transactionIndex": 18,
			"transactionLogIndex": "0x0",
			"type": "mined",
			"id": "log_be290194"
		}
	],
	"logsBloom": "0x00000000000000000000000000000000000000000000000000000000008000000000000000000000000000000000000000000000100000000000000000000000000000000000010000000008000000002000000000000000000000000000000000000000000000000000000000000000000000000000000000000010000000000000000000000000000000000000000000000000000000000000000000000000001000000000000080000000000000000000000000000000000000000000000000001002000000000000000000000000000000000000000000000000000000000000000000000000000000000000000000000000001000000000000000004000",
	"root": null,
	"status": "0x1",
	"transactionHash": "0xcef92a5177251ec23dd858d0b602ee21ca3475b3203441738c005113b41a0eac",
	"transactionIndex": 18
}
[2018-04-25T19:44:29.112] [DEBUG] trans - TO:   0x4ef58512c3a816f25f00910b7e09efe1c0f66a48
[2018-04-25T19:44:29.112] [DEBUG] trans - AMOUNT:   1000000000000000000
[2018-04-25T19:44:29.112] [DEBUG] trans - Receipt info:  {
	"blockHash": "0xb17126fced29a33ae1999a69b336208f61ea257bc9ee73c807b8d668a47476e1",
	"blockNumber": 5504510,
	"contractAddress": null,
	"cumulativeGasUsed": 7270292,
	"gasUsed": 51461,
	"logs": [
		{
			"address": "0x7e9e431a0B8c4D532C745B1043c7FA29a48D4fBa",
			"blockHash": "0xb17126fced29a33ae1999a69b336208f61ea257bc9ee73c807b8d668a47476e1",
			"blockNumber": 5504510,
			"data": "0x0000000000000000000000000000000000000000000000000de0b6b3a7640000",
			"logIndex": 85,
			"topics": [
				"0xddf252ad1be2c89b69c2b068fc378daa952ba7f163c4a11628f55a4df523b3ef",
				"0x000000000000000000000000c9f42bcc3cd6c77fae537dd24ba96668fc864150",
				"0x0000000000000000000000004ef58512c3a816f25f00910b7e09efe1c0f66a48"
			],
			"transactionHash": "0x962af05634b147a622b2fb13878b5b7038edc61c3c649f87e2b0475a6f0dcad9",
			"transactionIndex": 97,
			"transactionLogIndex": "0x0",
			"type": "mined",
			"id": "log_618b5ffa"
		}
	],
	"logsBloom": "0x00000000000000000000000000000000000000000000000000000000008000000000000000000000040000000000000000000000100000000000000000000000000000000000010000000008000000000000000000000000000000000000000002400000000000000000000000000000000000000000000000000010000000000000000000000000000000000000000000000000000000000000000000000000000000000000000080000000000000000000000000000000000000000000000000001002000000000000000000000000000000000000000000000000000000000000000000000000000000000000000000000000000000000000000000004000",
	"root": null,
	"status": "0x1",
	"transactionHash": "0x962af05634b147a622b2fb13878b5b7038edc61c3c649f87e2b0475a6f0dcad9",
	"transactionIndex": 97
}
[2018-04-25T19:44:54.140] [DEBUG] trans - TO:   0x5218fbb5040e07716468fa64355a8218894a8727
[2018-04-25T19:44:54.140] [DEBUG] trans - AMOUNT:   1000000000000000000
[2018-04-25T19:44:54.140] [DEBUG] trans - Receipt info:  {
	"blockHash": "0xcbfc36bc304fbcbb730d495cd9b47cea5d017e8eee7e8216aa3d212863c800fb",
	"blockNumber": 5504513,
	"contractAddress": null,
	"cumulativeGasUsed": 665734,
	"gasUsed": 51525,
	"logs": [
		{
			"address": "0x7e9e431a0B8c4D532C745B1043c7FA29a48D4fBa",
			"blockHash": "0xcbfc36bc304fbcbb730d495cd9b47cea5d017e8eee7e8216aa3d212863c800fb",
			"blockNumber": 5504513,
			"data": "0x0000000000000000000000000000000000000000000000000de0b6b3a7640000",
			"logIndex": 13,
			"topics": [
				"0xddf252ad1be2c89b69c2b068fc378daa952ba7f163c4a11628f55a4df523b3ef",
				"0x000000000000000000000000c9f42bcc3cd6c77fae537dd24ba96668fc864150",
				"0x0000000000000000000000005218fbb5040e07716468fa64355a8218894a8727"
			],
			"transactionHash": "0x933d24e78326dda746eeeeff3b315dee163904f06128f61f305f6058910e574e",
			"transactionIndex": 17,
			"transactionLogIndex": "0x0",
			"type": "mined",
			"id": "log_189c49dd"
		}
	],
	"logsBloom": "0x00000000000000000000000000000000000000100000000000000000008000000000000000000000000000000000000000000000100000000000000000000000000000000000010000000008000000000000000000000000000000000000000200000000000000000000000000000000000000000000000000000010000008000000000000000000000000000000000000000000000000000000000000000000000000000000000080000000000000000000000000000000000000000000000000001002000000000000000000000000000000000000000000000000000000000000000000000000000000000000000000000000000000000000000000004000",
	"root": null,
	"status": "0x1",
	"transactionHash": "0x933d24e78326dda746eeeeff3b315dee163904f06128f61f305f6058910e574e",
	"transactionIndex": 17
}
[2018-04-25T19:45:42.209] [DEBUG] trans - TO:   0x5a001ad039677b1b1d3510073855d39bf8486e16
[2018-04-25T19:45:42.209] [DEBUG] trans - AMOUNT:   1000000000000000000
[2018-04-25T19:45:42.209] [DEBUG] trans - Receipt info:  {
	"blockHash": "0xe65febbc4b854210ebbc97896e64ec125bdf32345baf0ad3f8aea1d06d0622df",
	"blockNumber": 5504515,
	"contractAddress": null,
	"cumulativeGasUsed": 1711379,
	"gasUsed": 51461,
	"logs": [
		{
			"address": "0x7e9e431a0B8c4D532C745B1043c7FA29a48D4fBa",
			"blockHash": "0xe65febbc4b854210ebbc97896e64ec125bdf32345baf0ad3f8aea1d06d0622df",
			"blockNumber": 5504515,
			"data": "0x0000000000000000000000000000000000000000000000000de0b6b3a7640000",
			"logIndex": 23,
			"topics": [
				"0xddf252ad1be2c89b69c2b068fc378daa952ba7f163c4a11628f55a4df523b3ef",
				"0x000000000000000000000000c9f42bcc3cd6c77fae537dd24ba96668fc864150",
				"0x0000000000000000000000005a001ad039677b1b1d3510073855d39bf8486e16"
			],
			"transactionHash": "0xf0b0916850d7ad6696ec8a1240d20ce4a9537b08b27bd3f983cd4bffb1be1bea",
			"transactionIndex": 49,
			"transactionLogIndex": "0x0",
			"type": "mined",
			"id": "log_35892353"
		}
	],
	"logsBloom": "0x00000000000000000000000000000000000000000000000000000000008000000000000000000000000000000000000000000000100000000000000000000000000000000000010000000008000000000000000000400000000000000000000000000000000000000000000000000000000000000000400000000010000000000000000000000000000000000000000000000000000000000000000000000000000000000000000080000000000000000000000000000000000000000000000000001002000000000000000000000000000000000020000000000000000000000000000000000000000000000000000000000000000000000000000000004000",
	"root": null,
	"status": "0x1",
	"transactionHash": "0xf0b0916850d7ad6696ec8a1240d20ce4a9537b08b27bd3f983cd4bffb1be1bea",
	"transactionIndex": 49
}
[2018-04-25T19:45:42.211] [DEBUG] trans - TO:   0x60417b3a20fbfb3e9487fcbc7e85bf7f46d1aba3
[2018-04-25T19:45:42.211] [DEBUG] trans - AMOUNT:   1000000000000000000
[2018-04-25T19:45:42.211] [DEBUG] trans - Receipt info:  {
	"blockHash": "0x2751d411ecbf476615e1a84e0c02f70b7771c4baabc7b61bbcc87ff8dffdec2f",
	"blockNumber": 5504516,
	"contractAddress": null,
	"cumulativeGasUsed": 934842,
	"gasUsed": 51525,
	"logs": [
		{
			"address": "0x7e9e431a0B8c4D532C745B1043c7FA29a48D4fBa",
			"blockHash": "0x2751d411ecbf476615e1a84e0c02f70b7771c4baabc7b61bbcc87ff8dffdec2f",
			"blockNumber": 5504516,
			"data": "0x0000000000000000000000000000000000000000000000000de0b6b3a7640000",
			"logIndex": 11,
			"topics": [
				"0xddf252ad1be2c89b69c2b068fc378daa952ba7f163c4a11628f55a4df523b3ef",
				"0x000000000000000000000000c9f42bcc3cd6c77fae537dd24ba96668fc864150",
				"0x00000000000000000000000060417b3a20fbfb3e9487fcbc7e85bf7f46d1aba3"
			],
			"transactionHash": "0xf313a9ef74d410b2913ebd779cf70568d11f6c1e2ff76bc2e6bbd575227a45be",
			"transactionIndex": 20,
			"transactionLogIndex": "0x0",
			"type": "mined",
			"id": "log_36e237e1"
		}
	],
	"logsBloom": "0x00000000000000000000000000000000000000000000000000000000008000000000000000000000000000000000000000000000100000000000000000000000000000000100010000000008000000000000000000000000000000000000000000000000000000000000000000000000000000000000000000040010080000000000000000000000000000000000000000000000000000000000000000000000000000000000000080000000000000000000000000000000000000000000000000001002000000000000000000000000000000000000000000000000000000000000000000000000000000000000000000000000000000000000000000004000",
	"root": null,
	"status": "0x1",
	"transactionHash": "0xf313a9ef74d410b2913ebd779cf70568d11f6c1e2ff76bc2e6bbd575227a45be",
	"transactionIndex": 20
}
[2018-04-25T19:45:42.212] [DEBUG] trans - TO:   0x6b13fd18feef65c43f06271d49d1ee823de53aa9
[2018-04-25T19:45:42.212] [DEBUG] trans - AMOUNT:   1000000000000000000
[2018-04-25T19:45:42.212] [DEBUG] trans - Receipt info:  {
	"blockHash": "0x2751d411ecbf476615e1a84e0c02f70b7771c4baabc7b61bbcc87ff8dffdec2f",
	"blockNumber": 5504516,
	"contractAddress": null,
	"cumulativeGasUsed": 4146921,
	"gasUsed": 51525,
	"logs": [
		{
			"address": "0x7e9e431a0B8c4D532C745B1043c7FA29a48D4fBa",
			"blockHash": "0x2751d411ecbf476615e1a84e0c02f70b7771c4baabc7b61bbcc87ff8dffdec2f",
			"blockNumber": 5504516,
			"data": "0x0000000000000000000000000000000000000000000000000de0b6b3a7640000",
			"logIndex": 67,
			"topics": [
				"0xddf252ad1be2c89b69c2b068fc378daa952ba7f163c4a11628f55a4df523b3ef",
				"0x000000000000000000000000c9f42bcc3cd6c77fae537dd24ba96668fc864150",
				"0x0000000000000000000000006b13fd18feef65c43f06271d49d1ee823de53aa9"
			],
			"transactionHash": "0x6aa640244c55067560a8f48b81a36e678b9ea730765a29fe00e672cf8face44f",
			"transactionIndex": 86,
			"transactionLogIndex": "0x0",
			"type": "mined",
			"id": "log_2dc20a37"
		}
	],
	"logsBloom": "0x00000000000000000000000000000000000000000000000000000000008000000000000000004000000000000000000000000000100000000000000000000000000000000000010000000008000000000000000000000000000000000000000000000000000000000000000000001000000008000000000000000010000000000000000000000000000000000000000000000000000000000000000000000000000000000000000080000000000000000000000000000000000000000000000000001002000000000000000000000000000000000000000000000000000000000000000000000000000000000000000000000000000000000000000000004000",
	"root": null,
	"status": "0x1",
	"transactionHash": "0x6aa640244c55067560a8f48b81a36e678b9ea730765a29fe00e672cf8face44f",
	"transactionIndex": 86
}
[2018-04-25T19:45:42.213] [DEBUG] trans - TO:   0x62a23e43792cd096685896d2cf5aa8fd3d7bf36a
[2018-04-25T19:45:42.213] [DEBUG] trans - AMOUNT:   1000000000000000000
[2018-04-25T19:45:42.213] [DEBUG] trans - Receipt info:  {
	"blockHash": "0x2751d411ecbf476615e1a84e0c02f70b7771c4baabc7b61bbcc87ff8dffdec2f",
	"blockNumber": 5504516,
	"contractAddress": null,
	"cumulativeGasUsed": 3439265,
	"gasUsed": 51525,
	"logs": [
		{
			"address": "0x7e9e431a0B8c4D532C745B1043c7FA29a48D4fBa",
			"blockHash": "0x2751d411ecbf476615e1a84e0c02f70b7771c4baabc7b61bbcc87ff8dffdec2f",
			"blockNumber": 5504516,
			"data": "0x0000000000000000000000000000000000000000000000000de0b6b3a7640000",
			"logIndex": 57,
			"topics": [
				"0xddf252ad1be2c89b69c2b068fc378daa952ba7f163c4a11628f55a4df523b3ef",
				"0x000000000000000000000000c9f42bcc3cd6c77fae537dd24ba96668fc864150",
				"0x00000000000000000000000062a23e43792cd096685896d2cf5aa8fd3d7bf36a"
			],
			"transactionHash": "0x4900d05e6cc844981d219b41dd9e99d3d952cb7229ae7e215b39b7c7f0a4e5eb",
			"transactionIndex": 74,
			"transactionLogIndex": "0x0",
			"type": "mined",
			"id": "log_1e0ca580"
		}
	],
	"logsBloom": "0x00000000000000000000000000000000000000000000000000000000008000000000000000000000000000000000000000000000100000000000000000000000000000000000010000000008000000000000000000000000000000000800000000000020000000000000000000000000000000000000000000000010000000000000000000000000000000000000000000000000000000000000000000000000000000000000000080000000000000000000000000000000000000000000000000001002000000000000000000000000000000000000000000001000000000000000000000000000000000000000000000000000000000000000000000004000",
	"root": null,
	"status": "0x1",
	"transactionHash": "0x4900d05e6cc844981d219b41dd9e99d3d952cb7229ae7e215b39b7c7f0a4e5eb",
	"transactionIndex": 74
}
[2018-04-25T19:45:42.215] [DEBUG] trans - TO:   0x8586fbcc8c5548584976751ec9cd386b0b27d4ad
[2018-04-25T19:45:42.215] [DEBUG] trans - AMOUNT:   1000000000000000000
[2018-04-25T19:45:42.215] [DEBUG] trans - Receipt info:  {
	"blockHash": "0x2751d411ecbf476615e1a84e0c02f70b7771c4baabc7b61bbcc87ff8dffdec2f",
	"blockNumber": 5504516,
	"contractAddress": null,
	"cumulativeGasUsed": 4982695,
	"gasUsed": 51525,
	"logs": [
		{
			"address": "0x7e9e431a0B8c4D532C745B1043c7FA29a48D4fBa",
			"blockHash": "0x2751d411ecbf476615e1a84e0c02f70b7771c4baabc7b61bbcc87ff8dffdec2f",
			"blockNumber": 5504516,
			"data": "0x0000000000000000000000000000000000000000000000000de0b6b3a7640000",
			"logIndex": 77,
			"topics": [
				"0xddf252ad1be2c89b69c2b068fc378daa952ba7f163c4a11628f55a4df523b3ef",
				"0x000000000000000000000000c9f42bcc3cd6c77fae537dd24ba96668fc864150",
				"0x0000000000000000000000008586fbcc8c5548584976751ec9cd386b0b27d4ad"
			],
			"transactionHash": "0xccd217d75c0b9b82478bba60e8a6f4e374bef6eb706611f697f293f8d3d10e16",
			"transactionIndex": 102,
			"transactionLogIndex": "0x0",
			"type": "mined",
			"id": "log_97db5209"
		}
	],
	"logsBloom": "0x00000000000000000000000000000000000000000000000000000008008000000000000000000000000000000000000000000000100000000000000000000000000000000000010000000008000000000000000000004000000000000000000000000000000000000000000000000000200000000000000000000010000000000000000000000000000000000000000000000000000000000000000000000000000000000000000080000000000000000000000000000000000000000000000000001002000000000000000000000000000000000000000000000000000000000000000000000000000000000000000000000000000000000000000000004000",
	"root": null,
	"status": "0x1",
	"transactionHash": "0xccd217d75c0b9b82478bba60e8a6f4e374bef6eb706611f697f293f8d3d10e16",
	"transactionIndex": 102
}
[2018-04-25T19:45:42.215] [DEBUG] trans - TO:   0x946d4af985b57b01c9b966b79440a08e8dffa6b7
[2018-04-25T19:45:42.215] [DEBUG] trans - AMOUNT:   1000000000000000000
[2018-04-25T19:45:42.215] [DEBUG] trans - Receipt info:  {
	"blockHash": "0x2751d411ecbf476615e1a84e0c02f70b7771c4baabc7b61bbcc87ff8dffdec2f",
	"blockNumber": 5504516,
	"contractAddress": null,
	"cumulativeGasUsed": 5788831,
	"gasUsed": 51525,
	"logs": [
		{
			"address": "0x7e9e431a0B8c4D532C745B1043c7FA29a48D4fBa",
			"blockHash": "0x2751d411ecbf476615e1a84e0c02f70b7771c4baabc7b61bbcc87ff8dffdec2f",
			"blockNumber": 5504516,
			"data": "0x0000000000000000000000000000000000000000000000000de0b6b3a7640000",
			"logIndex": 85,
			"topics": [
				"0xddf252ad1be2c89b69c2b068fc378daa952ba7f163c4a11628f55a4df523b3ef",
				"0x000000000000000000000000c9f42bcc3cd6c77fae537dd24ba96668fc864150",
				"0x000000000000000000000000946d4af985b57b01c9b966b79440a08e8dffa6b7"
			],
			"transactionHash": "0x311cb0d527e38823311c5226d47c0740457517e35d62e5f1b2286a954fb96bf9",
			"transactionIndex": 118,
			"transactionLogIndex": "0x0",
			"type": "mined",
			"id": "log_a53bdd2f"
		}
	],
	"logsBloom": "0x00000000000000000000000000000000000000000000000000000000008000000000000000000000000000000000000000000000100000000000000000000000000000000000010000000008000000000000000080000000000000000000000000000000000000000000000000000000000000020000000000000010000000000000000000000000000000000000000000001000000000000000000000000000000000000000000080000000000000000000000000000000000000000000000000001002000000000000000000000000000000000000000000000000000000000000000000000000000000000000000000000000000000000000000000004000",
	"root": null,
	"status": "0x1",
	"transactionHash": "0x311cb0d527e38823311c5226d47c0740457517e35d62e5f1b2286a954fb96bf9",
	"transactionIndex": 118
}
[2018-04-25T19:45:42.216] [DEBUG] trans - TO:   0x9a67138041ccddd4e27d46f9e1056fa7736d0cd5
[2018-04-25T19:45:42.216] [DEBUG] trans - AMOUNT:   1000000000000000000
[2018-04-25T19:45:42.216] [DEBUG] trans - Receipt info:  {
	"blockHash": "0x2751d411ecbf476615e1a84e0c02f70b7771c4baabc7b61bbcc87ff8dffdec2f",
	"blockNumber": 5504516,
	"contractAddress": null,
	"cumulativeGasUsed": 6565567,
	"gasUsed": 36525,
	"logs": [
		{
			"address": "0x7e9e431a0B8c4D532C745B1043c7FA29a48D4fBa",
			"blockHash": "0x2751d411ecbf476615e1a84e0c02f70b7771c4baabc7b61bbcc87ff8dffdec2f",
			"blockNumber": 5504516,
			"data": "0x0000000000000000000000000000000000000000000000000de0b6b3a7640000",
			"logIndex": 95,
			"topics": [
				"0xddf252ad1be2c89b69c2b068fc378daa952ba7f163c4a11628f55a4df523b3ef",
				"0x000000000000000000000000c9f42bcc3cd6c77fae537dd24ba96668fc864150",
				"0x0000000000000000000000009a67138041ccddd4e27d46f9e1056fa7736d0cd5"
			],
			"transactionHash": "0x320e3a848c63c9dda9cf6056c5be554be4b6135103fa074bcfce74dd9b34c0c5",
			"transactionIndex": 133,
			"transactionLogIndex": "0x0",
			"type": "mined",
			"id": "log_4be64e40"
		}
	],
	"logsBloom": "0x00000000000000000000000000000000000000000000000000000000008000000000000000000000000000000000000000000000100000000000000000000000000000000000010000000008000000004000000000000000000000000000000000000000000000000000000000000000000004000000000000000010000000000000000000000000000000000000000000000000000000000000000000000000000000000000000080000000000000000000000000000800000000000000000000001002000000000000000000000000000000000000000000000000000000000000000000000000000000000000000000000000000000000000000000004000",
	"root": null,
	"status": "0x1",
	"transactionHash": "0x320e3a848c63c9dda9cf6056c5be554be4b6135103fa074bcfce74dd9b34c0c5",
	"transactionIndex": 133
}
[2018-04-25T19:45:42.221] [DEBUG] trans - TO:   0x95d8068d5507be4ff3930a21e29480d629a940ef
[2018-04-25T19:45:42.221] [DEBUG] trans - AMOUNT:   1000000000000000000
[2018-04-25T19:45:42.221] [DEBUG] trans - Receipt info:  {
	"blockHash": "0x2751d411ecbf476615e1a84e0c02f70b7771c4baabc7b61bbcc87ff8dffdec2f",
	"blockNumber": 5504516,
	"contractAddress": null,
	"cumulativeGasUsed": 6181154,
	"gasUsed": 51525,
	"logs": [
		{
			"address": "0x7e9e431a0B8c4D532C745B1043c7FA29a48D4fBa",
			"blockHash": "0x2751d411ecbf476615e1a84e0c02f70b7771c4baabc7b61bbcc87ff8dffdec2f",
			"blockNumber": 5504516,
			"data": "0x0000000000000000000000000000000000000000000000000de0b6b3a7640000",
			"logIndex": 90,
			"topics": [
				"0xddf252ad1be2c89b69c2b068fc378daa952ba7f163c4a11628f55a4df523b3ef",
				"0x000000000000000000000000c9f42bcc3cd6c77fae537dd24ba96668fc864150",
				"0x00000000000000000000000095d8068d5507be4ff3930a21e29480d629a940ef"
			],
			"transactionHash": "0x571bef41db6a55877ff12e833c4a4dbc1148a7cd5a7545a3d451f2a8e36dffc5",
			"transactionIndex": 126,
			"transactionLogIndex": "0x0",
			"type": "mined",
			"id": "log_a52d7c78"
		}
	],
	"logsBloom": "0x00000000000000000000000000000000000000000000000000000000008000000000000000000000000000000000000000000000100000000000000000000000000000000000010000000008000001000000000000000000000000000000000000000000000000000000000000000000000000000000000000000010000000000000000000000000000000800000000000000000000000000000000000000000000000000000000080004000000000000000000000000000000000000000000000001002000000000000000000000000000000000000000000000000000000000000000000000000000000000000000000000000000000000000000000004000",
	"root": null,
	"status": "0x1",
	"transactionHash": "0x571bef41db6a55877ff12e833c4a4dbc1148a7cd5a7545a3d451f2a8e36dffc5",
	"transactionIndex": 126
}
[2018-04-25T19:45:42.221] [DEBUG] trans - TO:   0x86ced3169126fa9881f952488da0d67a0a557568
[2018-04-25T19:45:42.221] [DEBUG] trans - AMOUNT:   1000000000000000000
[2018-04-25T19:45:42.221] [DEBUG] trans - Receipt info:  {
	"blockHash": "0x2751d411ecbf476615e1a84e0c02f70b7771c4baabc7b61bbcc87ff8dffdec2f",
	"blockNumber": 5504516,
	"contractAddress": null,
	"cumulativeGasUsed": 5378295,
	"gasUsed": 51525,
	"logs": [
		{
			"address": "0x7e9e431a0B8c4D532C745B1043c7FA29a48D4fBa",
			"blockHash": "0x2751d411ecbf476615e1a84e0c02f70b7771c4baabc7b61bbcc87ff8dffdec2f",
			"blockNumber": 5504516,
			"data": "0x0000000000000000000000000000000000000000000000000de0b6b3a7640000",
			"logIndex": 81,
			"topics": [
				"0xddf252ad1be2c89b69c2b068fc378daa952ba7f163c4a11628f55a4df523b3ef",
				"0x000000000000000000000000c9f42bcc3cd6c77fae537dd24ba96668fc864150",
				"0x00000000000000000000000086ced3169126fa9881f952488da0d67a0a557568"
			],
			"transactionHash": "0x6feb0d2e8cbabcb5598ddc927023e95dd8f1d7578d2565df76c7ecd3b32f1b1a",
			"transactionIndex": 110,
			"transactionLogIndex": "0x0",
			"type": "mined",
			"id": "log_10741a68"
		}
	],
	"logsBloom": "0x00000000000000000000000000000000000000000000000002000000008000000000000000000000000000000000000000000000100000000000000000400000000000000000010000000008000000000000000000000000000000000000000000000000000000000000000000000000000000000000000000000010000000000000000000000000000000000000000000000000000000080000000000000000000000000000000080000000000000000000000000000000000000000000000000001002000000000000000000000000000000000000000000000000000000000000000000000000000000000000000000000000000000000000000000004000",
	"root": null,
	"status": "0x1",
	"transactionHash": "0x6feb0d2e8cbabcb5598ddc927023e95dd8f1d7578d2565df76c7ecd3b32f1b1a",
	"transactionIndex": 110
}
[2018-04-25T19:45:42.222] [DEBUG] trans - TO:   0xc93a998e79ef4ce0dbe3cefc20fe163abe77e078
[2018-04-25T19:45:42.222] [DEBUG] trans - AMOUNT:   1000000000000000000
[2018-04-25T19:45:42.222] [DEBUG] trans - Receipt info:  {
	"blockHash": "0x2751d411ecbf476615e1a84e0c02f70b7771c4baabc7b61bbcc87ff8dffdec2f",
	"blockNumber": 5504516,
	"contractAddress": null,
	"cumulativeGasUsed": 7667479,
	"gasUsed": 51525,
	"logs": [
		{
			"address": "0x7e9e431a0B8c4D532C745B1043c7FA29a48D4fBa",
			"blockHash": "0x2751d411ecbf476615e1a84e0c02f70b7771c4baabc7b61bbcc87ff8dffdec2f",
			"blockNumber": 5504516,
			"data": "0x0000000000000000000000000000000000000000000000000de0b6b3a7640000",
			"logIndex": 111,
			"topics": [
				"0xddf252ad1be2c89b69c2b068fc378daa952ba7f163c4a11628f55a4df523b3ef",
				"0x000000000000000000000000c9f42bcc3cd6c77fae537dd24ba96668fc864150",
				"0x000000000000000000000000c93a998e79ef4ce0dbe3cefc20fe163abe77e078"
			],
			"transactionHash": "0x5839b8fbdea2dbeb3e3d48312bd41f1d9e546d825ee8315a1c6b8895475d0fd1",
			"transactionIndex": 153,
			"transactionLogIndex": "0x0",
			"type": "mined",
			"id": "log_b82ca5b6"
		}
	],
	"logsBloom": "0x00000000000000000000000000000000000000000000000000000000008000000000000000000000000000000000000000000000100000000000000000000000000000000000010000000008000000000000000000000000000000000000000000000000001000000000000000000000000000000000000000000010000000000000000000000000000000000000000000000000000000000000000000000000000800000000000080000000000000000000000000000000000000000000000000001002000000000000000000000000000000000000000000000000000000000000000000000000000000000000001000000000000000000000000000004000",
	"root": null,
	"status": "0x1",
	"transactionHash": "0x5839b8fbdea2dbeb3e3d48312bd41f1d9e546d825ee8315a1c6b8895475d0fd1",
	"transactionIndex": 153
}
[2018-04-25T19:45:42.224] [DEBUG] trans - TO:   0xb0ac8878bdad6681ff945f33a42f0e505010e941
[2018-04-25T19:45:42.224] [DEBUG] trans - AMOUNT:   1000000000000000000
[2018-04-25T19:45:42.224] [DEBUG] trans - Receipt info:  {
	"blockHash": "0x2751d411ecbf476615e1a84e0c02f70b7771c4baabc7b61bbcc87ff8dffdec2f",
	"blockNumber": 5504516,
	"contractAddress": null,
	"cumulativeGasUsed": 7411430,
	"gasUsed": 51525,
	"logs": [
		{
			"address": "0x7e9e431a0B8c4D532C745B1043c7FA29a48D4fBa",
			"blockHash": "0x2751d411ecbf476615e1a84e0c02f70b7771c4baabc7b61bbcc87ff8dffdec2f",
			"blockNumber": 5504516,
			"data": "0x0000000000000000000000000000000000000000000000000de0b6b3a7640000",
			"logIndex": 106,
			"topics": [
				"0xddf252ad1be2c89b69c2b068fc378daa952ba7f163c4a11628f55a4df523b3ef",
				"0x000000000000000000000000c9f42bcc3cd6c77fae537dd24ba96668fc864150",
				"0x000000000000000000000000b0ac8878bdad6681ff945f33a42f0e505010e941"
			],
			"transactionHash": "0x5538a83708ad7aba9a2859a53a68cf16dafabcfced9d65e9642f91ce071b2e79",
			"transactionIndex": 148,
			"transactionLogIndex": "0x0",
			"type": "mined",
			"id": "log_85250b50"
		}
	],
	"logsBloom": "0x00000000000000000000000000000000000000000000000000000000008000000400000000000000000000000000000000000000100000000000000000000000000000000000010000000008000000000000000000000000000000004000000000000000000000000000000000000000000000000000000000000010000000000000000000000000000200000000000000000000000000000000000000000000000000000000000080000000000000000000000000000000000000000000000000001002000000000000000000000000000000000000000000000000000000000000000000000000000000000000000000000000000000000000000000004000",
	"root": null,
	"status": "0x1",
	"transactionHash": "0x5538a83708ad7aba9a2859a53a68cf16dafabcfced9d65e9642f91ce071b2e79",
	"transactionIndex": 148
}
[2018-04-25T19:45:42.229] [DEBUG] trans - TO:   0xa67efb97b0ae8d98bae8224c9e8ea41979003bda
[2018-04-25T19:45:42.229] [DEBUG] trans - AMOUNT:   1000000000000000000
[2018-04-25T19:45:42.229] [DEBUG] trans - Receipt info:  {
	"blockHash": "0x2751d411ecbf476615e1a84e0c02f70b7771c4baabc7b61bbcc87ff8dffdec2f",
	"blockNumber": 5504516,
	"contractAddress": null,
	"cumulativeGasUsed": 6854302,
	"gasUsed": 51461,
	"logs": [
		{
			"address": "0x7e9e431a0B8c4D532C745B1043c7FA29a48D4fBa",
			"blockHash": "0x2751d411ecbf476615e1a84e0c02f70b7771c4baabc7b61bbcc87ff8dffdec2f",
			"blockNumber": 5504516,
			"data": "0x0000000000000000000000000000000000000000000000000de0b6b3a7640000",
			"logIndex": 98,
			"topics": [
				"0xddf252ad1be2c89b69c2b068fc378daa952ba7f163c4a11628f55a4df523b3ef",
				"0x000000000000000000000000c9f42bcc3cd6c77fae537dd24ba96668fc864150",
				"0x000000000000000000000000a67efb97b0ae8d98bae8224c9e8ea41979003bda"
			],
			"transactionHash": "0x88a8ba00abbd4cd6c540ca933f99263df51ef27efabe23d6be535a87fd69c102",
			"transactionIndex": 138,
			"transactionLogIndex": "0x0",
			"type": "mined",
			"id": "log_7ffc1231"
		}
	],
	"logsBloom": "0x00000000000000000000000000000000000000000000000000000000008000000000000000000000000000000000000000000000100000000000000000000001000000000000010000000008000000000000000000000000000000000002000000000000000000000000000000000000000000000000000000000010000000000000000000000000000000000000000000000000000000000000000000000000000000000000000080000000000000000000000000000000000000000000000000001002000000000000000000000000000000000000000000000000020000000000000000000000000000000000000000000000000000000000000000004000",
	"root": null,
	"status": "0x1",
	"transactionHash": "0x88a8ba00abbd4cd6c540ca933f99263df51ef27efabe23d6be535a87fd69c102",
	"transactionIndex": 138
}
[2018-04-25T19:45:42.230] [DEBUG] trans - TO:   0xe57b2284d7b79e2cdd1a8e6a4d322092d6dcd3af
[2018-04-25T19:45:42.230] [DEBUG] trans - AMOUNT:   1000000000000000000
[2018-04-25T19:45:42.230] [DEBUG] trans - Receipt info:  {
	"blockHash": "0x2751d411ecbf476615e1a84e0c02f70b7771c4baabc7b61bbcc87ff8dffdec2f",
	"blockNumber": 5504516,
	"contractAddress": null,
	"cumulativeGasUsed": 7828250,
	"gasUsed": 51525,
	"logs": [
		{
			"address": "0x7e9e431a0B8c4D532C745B1043c7FA29a48D4fBa",
			"blockHash": "0x2751d411ecbf476615e1a84e0c02f70b7771c4baabc7b61bbcc87ff8dffdec2f",
			"blockNumber": 5504516,
			"data": "0x0000000000000000000000000000000000000000000000000de0b6b3a7640000",
			"logIndex": 114,
			"topics": [
				"0xddf252ad1be2c89b69c2b068fc378daa952ba7f163c4a11628f55a4df523b3ef",
				"0x000000000000000000000000c9f42bcc3cd6c77fae537dd24ba96668fc864150",
				"0x000000000000000000000000e57b2284d7b79e2cdd1a8e6a4d322092d6dcd3af"
			],
			"transactionHash": "0xe230b258595120497e0afe3e3e8eac23188f884918618ab6dc9c8b4cce4b1c62",
			"transactionIndex": 157,
			"transactionLogIndex": "0x0",
			"type": "mined",
			"id": "log_a0d70598"
		}
	],
	"logsBloom": "0x00000000000000000000000000000000000000000000000000000000008000000000000000000000000000000000000000000000100000000000000000000000400000000000010000000008000000000000000000000000000000000000000000000000000000000000000000000000000000000000000000000010100000000000000000000000000000000000000000000000000000000000000000000000000000000000000080000000000000000000000000000000000000000000000000001002000000000000000000000000000000000000000000000000000000000000000000000000000002000000000000000000000000000000000000004000",
	"root": null,
	"status": "0x1",
	"transactionHash": "0xe230b258595120497e0afe3e3e8eac23188f884918618ab6dc9c8b4cce4b1c62",
	"transactionIndex": 157
}
[2018-04-25T19:45:42.231] [DEBUG] trans - TO:   0x81fb3866cc73caa2cfcfffd54690274de3dd5332
[2018-04-25T19:45:42.231] [DEBUG] trans - AMOUNT:   1000000000000000000
[2018-04-25T19:45:42.231] [DEBUG] trans - Receipt info:  {
	"blockHash": "0x2751d411ecbf476615e1a84e0c02f70b7771c4baabc7b61bbcc87ff8dffdec2f",
	"blockNumber": 5504516,
	"contractAddress": null,
	"cumulativeGasUsed": 4542828,
	"gasUsed": 51525,
	"logs": [
		{
			"address": "0x7e9e431a0B8c4D532C745B1043c7FA29a48D4fBa",
			"blockHash": "0x2751d411ecbf476615e1a84e0c02f70b7771c4baabc7b61bbcc87ff8dffdec2f",
			"blockNumber": 5504516,
			"data": "0x0000000000000000000000000000000000000000000000000de0b6b3a7640000",
			"logIndex": 71,
			"topics": [
				"0xddf252ad1be2c89b69c2b068fc378daa952ba7f163c4a11628f55a4df523b3ef",
				"0x000000000000000000000000c9f42bcc3cd6c77fae537dd24ba96668fc864150",
				"0x00000000000000000000000081fb3866cc73caa2cfcfffd54690274de3dd5332"
			],
			"transactionHash": "0xd521abddbf7da3dc6d88bd3114af2e78a6cd0f11c6e0756eb2b099375c300f69",
			"transactionIndex": 94,
			"transactionLogIndex": "0x0",
			"type": "mined",
			"id": "log_1f026111"
		}
	],
	"logsBloom": "0x00000000000000000000000000000000000000000000000000000000008000000000000000000000000000000000000000400000100000000000000000000000000000000000010000000008000000000000000000000000000000000000000000000000000000000000080000000000000000000000000000000010000000000000000000000000000000000000000000000000000000000000000000000000000000000000000080000000000000000000000000000000000000000000000000001006000000000000000000000000000000000000000000000000000000000000000000000000000000000000000000000000000000000000000000004000",
	"root": null,
	"status": "0x1",
	"transactionHash": "0xd521abddbf7da3dc6d88bd3114af2e78a6cd0f11c6e0756eb2b099375c300f69",
	"transactionIndex": 94
}
[2018-04-25T19:45:42.232] [DEBUG] trans - TO:   0xab9c4e54e3e35298a10de7b6ee93d2d41a395c7f
[2018-04-25T19:45:42.232] [DEBUG] trans - AMOUNT:   1000000000000000000
[2018-04-25T19:45:42.232] [DEBUG] trans - Receipt info:  {
	"blockHash": "0x2751d411ecbf476615e1a84e0c02f70b7771c4baabc7b61bbcc87ff8dffdec2f",
	"blockNumber": 5504516,
	"contractAddress": null,
	"cumulativeGasUsed": 7157973,
	"gasUsed": 51525,
	"logs": [
		{
			"address": "0x7e9e431a0B8c4D532C745B1043c7FA29a48D4fBa",
			"blockHash": "0x2751d411ecbf476615e1a84e0c02f70b7771c4baabc7b61bbcc87ff8dffdec2f",
			"blockNumber": 5504516,
			"data": "0x0000000000000000000000000000000000000000000000000de0b6b3a7640000",
			"logIndex": 101,
			"topics": [
				"0xddf252ad1be2c89b69c2b068fc378daa952ba7f163c4a11628f55a4df523b3ef",
				"0x000000000000000000000000c9f42bcc3cd6c77fae537dd24ba96668fc864150",
				"0x000000000000000000000000ab9c4e54e3e35298a10de7b6ee93d2d41a395c7f"
			],
			"transactionHash": "0x376371ddf30752955975a4d2884dbc51b1a5fc90898fbb6e7651075f0d113568",
			"transactionIndex": 143,
			"transactionLogIndex": "0x0",
			"type": "mined",
			"id": "log_9eacdae2"
		}
	],
	"logsBloom": "0x00000000000000000000100000000000000000000000000000000000008000000000000000000000000000000000000000000000100000000000000000000000000000000000010000000008000000000000000000000000000000000000000000000000000000000000000000000000000000000000000000000010000000000000000000000000000000000000000000000000000000000000000000000000000000000000000080000000000000000000001000000000000000000000000000001002000000000000000000000000100000000000000000000000000000000000000000000000000000000000000000000000000000000000000000004000",
	"root": null,
	"status": "0x1",
	"transactionHash": "0x376371ddf30752955975a4d2884dbc51b1a5fc90898fbb6e7651075f0d113568",
	"transactionIndex": 143
}
[2018-04-25T19:46:04.237] [DEBUG] trans - TO:   0x5c7e7628b62073b1cafffd36366fbb2aa5d91b4a
[2018-04-25T19:46:04.237] [DEBUG] trans - AMOUNT:   982700000000000000
[2018-04-25T19:46:04.237] [DEBUG] trans - Receipt info:  {
	"blockHash": "0xb79a15c0c3537e6d4ecf47cc3991c94465e4ccbb84b6b0e91c360d5d54e09e9e",
	"blockNumber": 5504518,
	"contractAddress": null,
	"cumulativeGasUsed": 2597840,
	"gasUsed": 51589,
	"logs": [
		{
			"address": "0x7e9e431a0B8c4D532C745B1043c7FA29a48D4fBa",
			"blockHash": "0xb79a15c0c3537e6d4ecf47cc3991c94465e4ccbb84b6b0e91c360d5d54e09e9e",
			"blockNumber": 5504518,
			"data": "0x0000000000000000000000000000000000000000000000000da3407184c6c000",
			"logIndex": 34,
			"topics": [
				"0xddf252ad1be2c89b69c2b068fc378daa952ba7f163c4a11628f55a4df523b3ef",
				"0x000000000000000000000000c9f42bcc3cd6c77fae537dd24ba96668fc864150",
				"0x0000000000000000000000005c7e7628b62073b1cafffd36366fbb2aa5d91b4a"
			],
			"transactionHash": "0x363b7fb84bc81e84c00bcddf43ae41a0a966762851dbe5db100ef98b317973e7",
			"transactionIndex": 63,
			"transactionLogIndex": "0x0",
			"type": "mined",
			"id": "log_880e6bbc"
		}
	],
	"logsBloom": "0x00000000000000000000000000000000000000000000000000000000008000000000000000000000000000000000000000000000100000000000000000000000000000000000010000000008000000000000000000000000000000000000080000000000000000000000000000000000000000000000000000000010000000000200000000000000000000000000000000000000000000000000000000000000000000000000000080000000000000000000000000000000000000400000000000001002000000000000000000000000000000000000000000000000000000000000000000000000000000000000000000000000000000000000000000004000",
	"root": null,
	"status": "0x1",
	"transactionHash": "0x363b7fb84bc81e84c00bcddf43ae41a0a966762851dbe5db100ef98b317973e7",
	"transactionIndex": 63
}
[2018-04-25T19:46:04.238] [DEBUG] trans - TO:   0xbd53923a0f2a93fc3189dd432230b0b4122c1fc5
[2018-04-25T19:46:04.238] [DEBUG] trans - AMOUNT:   965400000000000000
[2018-04-25T19:46:04.238] [DEBUG] trans - Receipt info:  {
	"blockHash": "0xb79a15c0c3537e6d4ecf47cc3991c94465e4ccbb84b6b0e91c360d5d54e09e9e",
	"blockNumber": 5504518,
	"contractAddress": null,
	"cumulativeGasUsed": 4047315,
	"gasUsed": 51589,
	"logs": [
		{
			"address": "0x7e9e431a0B8c4D532C745B1043c7FA29a48D4fBa",
			"blockHash": "0xb79a15c0c3537e6d4ecf47cc3991c94465e4ccbb84b6b0e91c360d5d54e09e9e",
			"blockNumber": 5504518,
			"data": "0x0000000000000000000000000000000000000000000000000d65ca2f62298000",
			"logIndex": 64,
			"topics": [
				"0xddf252ad1be2c89b69c2b068fc378daa952ba7f163c4a11628f55a4df523b3ef",
				"0x000000000000000000000000c9f42bcc3cd6c77fae537dd24ba96668fc864150",
				"0x000000000000000000000000bd53923a0f2a93fc3189dd432230b0b4122c1fc5"
			],
			"transactionHash": "0xdd0bca5b48214c1a3b564e049e5c26e8cc1b8136343d95616be46d50c81f5c4d",
			"transactionIndex": 79,
			"transactionLogIndex": "0x0",
			"type": "mined",
			"id": "log_10ff4e0b"
		}
	],
	"logsBloom": "0x00000000000000010000000000000000000000000000000000000000008000000000000000000000000000000000000000000000100000000000000000000000000000080000010000000008000000000000000000000000000000000000000000000000000000000000000000000000000000000000000000000010000000000000000000000000000000000000000000000000000000000000000000000000000000000000000080000000000000000000000000000000000000000000000000001002000000000000000000000000000000000000000000000000000000000000000000000000400000000000000000000000000000000000000000004000",
	"root": null,
	"status": "0x1",
	"transactionHash": "0xdd0bca5b48214c1a3b564e049e5c26e8cc1b8136343d95616be46d50c81f5c4d",
	"transactionIndex": 79
}
[2018-04-25T19:46:04.238] [DEBUG] trans - TO:   0x05754c10473922a3c773779ceb7a7fe3362ae63a
[2018-04-25T19:46:04.238] [DEBUG] trans - AMOUNT:   900100000000000000
[2018-04-25T19:46:04.238] [DEBUG] trans - Receipt info:  {
	"blockHash": "0xb79a15c0c3537e6d4ecf47cc3991c94465e4ccbb84b6b0e91c360d5d54e09e9e",
	"blockNumber": 5504518,
	"contractAddress": null,
	"cumulativeGasUsed": 4306822,
	"gasUsed": 51589,
	"logs": [
		{
			"address": "0x7e9e431a0B8c4D532C745B1043c7FA29a48D4fBa",
			"blockHash": "0xb79a15c0c3537e6d4ecf47cc3991c94465e4ccbb84b6b0e91c360d5d54e09e9e",
			"blockNumber": 5504518,
			"data": "0x0000000000000000000000000000000000000000000000000c7dcc2e5a544000",
			"logIndex": 69,
			"topics": [
				"0xddf252ad1be2c89b69c2b068fc378daa952ba7f163c4a11628f55a4df523b3ef",
				"0x000000000000000000000000c9f42bcc3cd6c77fae537dd24ba96668fc864150",
				"0x00000000000000000000000005754c10473922a3c773779ceb7a7fe3362ae63a"
			],
			"transactionHash": "0xe195882efa379c6297443407495c181735d0dfb23954f2303fea28ed9f05ad6c",
			"transactionIndex": 85,
			"transactionLogIndex": "0x0",
			"type": "mined",
			"id": "log_0f704275"
		}
	],
	"logsBloom": "0x00000000000000000000000000000000000000000000000000000000008000000000000200000000000000000000000000000000100000000040000000000000000000000000010000000008000000000000000000000000000000000000000000000000000000000000000000000000000000000000000000000010000000000000000000000000000000000000000000000000000000000000000000000000000000000000000080000000000000000000000000000000000000000000000000001002000000000000000000000000000000000000000000000000000000040000000000000000000000000000000000000000000000000000000000004000",
	"root": null,
	"status": "0x1",
	"transactionHash": "0xe195882efa379c6297443407495c181735d0dfb23954f2303fea28ed9f05ad6c",
	"transactionIndex": 85
}
[2018-04-25T19:46:04.239] [DEBUG] trans - TO:   0xee1ee1f43485d03a5d08a15b9c31b79338c5738a
[2018-04-25T19:46:04.239] [DEBUG] trans - AMOUNT:   977000000000000000
[2018-04-25T19:46:04.239] [DEBUG] trans - Receipt info:  {
	"blockHash": "0xb79a15c0c3537e6d4ecf47cc3991c94465e4ccbb84b6b0e91c360d5d54e09e9e",
	"blockNumber": 5504518,
	"contractAddress": null,
	"cumulativeGasUsed": 3568178,
	"gasUsed": 51525,
	"logs": [
		{
			"address": "0x7e9e431a0B8c4D532C745B1043c7FA29a48D4fBa",
			"blockHash": "0xb79a15c0c3537e6d4ecf47cc3991c94465e4ccbb84b6b0e91c360d5d54e09e9e",
			"blockNumber": 5504518,
			"data": "0x0000000000000000000000000000000000000000000000000d8f0052d98e8000",
			"logIndex": 59,
			"topics": [
				"0xddf252ad1be2c89b69c2b068fc378daa952ba7f163c4a11628f55a4df523b3ef",
				"0x000000000000000000000000c9f42bcc3cd6c77fae537dd24ba96668fc864150",
				"0x000000000000000000000000ee1ee1f43485d03a5d08a15b9c31b79338c5738a"
			],
			"transactionHash": "0xc69f29b436a067ef775837008d13ee18eeef4a00c4423a9d6405a95eceb1752c",
			"transactionIndex": 72,
			"transactionLogIndex": "0x0",
			"type": "mined",
			"id": "log_084e5004"
		}
	],
	"logsBloom": "0x00000000000000000000000000000000000000000000000000000000008000000000000000000000000000000000000000000000100000000000000000000000000000000000010000004008000000000000000000000000000000000000000000000000000000000000000000000000000000000000000000000010000000000000000000000000000000000000000000000000000000000000000000000000000000000000000080000000000000000000000000000000000000000000000000001002000000000000040000000000000200000000000000000000000000000000000000000000000000000000000000000000000000000000000000004000",
	"root": null,
	"status": "0x1",
	"transactionHash": "0xc69f29b436a067ef775837008d13ee18eeef4a00c4423a9d6405a95eceb1752c",
	"transactionIndex": 72
}
[2018-04-25T19:46:04.240] [DEBUG] trans - TO:   0x945b86ce131b72081803c0c4805762a6e4c27acf
[2018-04-25T19:46:04.240] [DEBUG] trans - AMOUNT:   878800000000000000
[2018-04-25T19:46:04.240] [DEBUG] trans - Receipt info:  {
	"blockHash": "0xb79a15c0c3537e6d4ecf47cc3991c94465e4ccbb84b6b0e91c360d5d54e09e9e",
	"blockNumber": 5504518,
	"contractAddress": null,
	"cumulativeGasUsed": 4631109,
	"gasUsed": 51525,
	"logs": [
		{
			"address": "0x7e9e431a0B8c4D532C745B1043c7FA29a48D4fBa",
			"blockHash": "0xb79a15c0c3537e6d4ecf47cc3991c94465e4ccbb84b6b0e91c360d5d54e09e9e",
			"blockNumber": 5504518,
			"data": "0x0000000000000000000000000000000000000000000000000c321ff1a49d0000",
			"logIndex": 72,
			"topics": [
				"0xddf252ad1be2c89b69c2b068fc378daa952ba7f163c4a11628f55a4df523b3ef",
				"0x000000000000000000000000c9f42bcc3cd6c77fae537dd24ba96668fc864150",
				"0x000000000000000000000000945b86ce131b72081803c0c4805762a6e4c27acf"
			],
			"transactionHash": "0x4b7c24d1d187882e3d3548dbe73119521d67b393386965ac660c9df150c15f29",
			"transactionIndex": 91,
			"transactionLogIndex": "0x0",
			"type": "mined",
			"id": "log_f28210d9"
		}
	],
	"logsBloom": "0x00000000000000000000000000000000000000000000000000000000008000000000000000000000000000000000000000000000100000000000000000000000000000000000010010000008000000000000000000000001000000000000000000000000000000000000000000000000000000000000000000000010400000000000000000000000000000000000000000000000000000000000000000000000000000000000000080000000000000000000000000000000000000000000000000001002000000000000000000000000000000000000000000000000000000000000000000000000000000000000000000000000000000000000000000004000",
	"root": null,
	"status": "0x1",
	"transactionHash": "0x4b7c24d1d187882e3d3548dbe73119521d67b393386965ac660c9df150c15f29",
	"transactionIndex": 91
}
[2018-04-25T19:46:04.241] [DEBUG] trans - TO:   0x4da6fb8f90af9b037889156102bf48073cc52e0c
[2018-04-25T19:46:04.241] [DEBUG] trans - AMOUNT:   869400000000000000
[2018-04-25T19:46:04.241] [DEBUG] trans - Receipt info:  {
	"blockHash": "0xb79a15c0c3537e6d4ecf47cc3991c94465e4ccbb84b6b0e91c360d5d54e09e9e",
	"blockNumber": 5504518,
	"contractAddress": null,
	"cumulativeGasUsed": 4955972,
	"gasUsed": 51589,
	"logs": [
		{
			"address": "0x7e9e431a0B8c4D532C745B1043c7FA29a48D4fBa",
			"blockHash": "0xb79a15c0c3537e6d4ecf47cc3991c94465e4ccbb84b6b0e91c360d5d54e09e9e",
			"blockNumber": 5504518,
			"data": "0x0000000000000000000000000000000000000000000000000c10bab197b98000",
			"logIndex": 75,
			"topics": [
				"0xddf252ad1be2c89b69c2b068fc378daa952ba7f163c4a11628f55a4df523b3ef",
				"0x000000000000000000000000c9f42bcc3cd6c77fae537dd24ba96668fc864150",
				"0x0000000000000000000000004da6fb8f90af9b037889156102bf48073cc52e0c"
			],
			"transactionHash": "0xa513298c2a99728e573a9c1b855c536b91be5a81bf3608392e6549e2cc4a29fb",
			"transactionIndex": 97,
			"transactionLogIndex": "0x0",
			"type": "mined",
			"id": "log_c58fa69f"
		}
	],
	"logsBloom": "0x00000000000000000000000000000000000000000000000000000000008000000000000000000000000000000000000000000000100000000000000000000000000000000000010000000008000000000000000000000000000000000000000000000000000000040000000000000000000000000000000000000010000000000000000000000000000000000000000000000000000000000000000000000000000000000000000080000000000000000000000000000000800000000000000000001002000000000000000000000000000000000000000000000000000000000000000000000000200000000000000000000000000000000000000000004000",
	"root": null,
	"status": "0x1",
	"transactionHash": "0xa513298c2a99728e573a9c1b855c536b91be5a81bf3608392e6549e2cc4a29fb",
	"transactionIndex": 97
}
[2018-04-25T19:46:04.242] [DEBUG] trans - TO:   0x338620f16be9c0fb78eb868a6cb878798085f1c5
[2018-04-25T19:46:04.242] [DEBUG] trans - AMOUNT:   800000000000000000
[2018-04-25T19:46:04.242] [DEBUG] trans - Receipt info:  {
	"blockHash": "0xb79a15c0c3537e6d4ecf47cc3991c94465e4ccbb84b6b0e91c360d5d54e09e9e",
	"blockNumber": 5504518,
	"contractAddress": null,
	"cumulativeGasUsed": 5280579,
	"gasUsed": 51525,
	"logs": [
		{
			"address": "0x7e9e431a0B8c4D532C745B1043c7FA29a48D4fBa",
			"blockHash": "0xb79a15c0c3537e6d4ecf47cc3991c94465e4ccbb84b6b0e91c360d5d54e09e9e",
			"blockNumber": 5504518,
			"data": "0x0000000000000000000000000000000000000000000000000b1a2bc2ec500000",
			"logIndex": 78,
			"topics": [
				"0xddf252ad1be2c89b69c2b068fc378daa952ba7f163c4a11628f55a4df523b3ef",
				"0x000000000000000000000000c9f42bcc3cd6c77fae537dd24ba96668fc864150",
				"0x000000000000000000000000338620f16be9c0fb78eb868a6cb878798085f1c5"
			],
			"transactionHash": "0x6109c84f3317b769749d35772afb5de20f74db97cfd709e6a384e65d1acd0ae3",
			"transactionIndex": 103,
			"transactionLogIndex": "0x0",
			"type": "mined",
			"id": "log_6f25e884"
		}
	],
	"logsBloom": "0x00000000000000000000000001000000000000000000000000000000008400000000000000000000000000000000000000000000100000000000000000000000000000000000010000000008000000000000000000000000000000000000000000000000000000000000000000000000000000000000000000000010000000000000000000000000000000000000000000000000000000000000000000000080000000000000000080000000000000000000000000000000000000000000000000001002000000000000000000000000000000000000000000000000000000000000000000000000000000000000000000000000000000000000000000004000",
	"root": null,
	"status": "0x1",
	"transactionHash": "0x6109c84f3317b769749d35772afb5de20f74db97cfd709e6a384e65d1acd0ae3",
	"transactionIndex": 103
}
[2018-04-25T19:46:04.243] [DEBUG] trans - TO:   0xc083d0b6b6b72db9eeabccfdf7d406d662daab42
[2018-04-25T19:46:04.243] [DEBUG] trans - AMOUNT:   791600000000000000
[2018-04-25T19:46:04.243] [DEBUG] trans - Receipt info:  {
	"blockHash": "0xb79a15c0c3537e6d4ecf47cc3991c94465e4ccbb84b6b0e91c360d5d54e09e9e",
	"blockNumber": 5504518,
	"contractAddress": null,
	"cumulativeGasUsed": 5590378,
	"gasUsed": 51525,
	"logs": [
		{
			"address": "0x7e9e431a0B8c4D532C745B1043c7FA29a48D4fBa",
			"blockHash": "0xb79a15c0c3537e6d4ecf47cc3991c94465e4ccbb84b6b0e91c360d5d54e09e9e",
			"blockNumber": 5504518,
			"data": "0x0000000000000000000000000000000000000000000000000afc540184330000",
			"logIndex": 81,
			"topics": [
				"0xddf252ad1be2c89b69c2b068fc378daa952ba7f163c4a11628f55a4df523b3ef",
				"0x000000000000000000000000c9f42bcc3cd6c77fae537dd24ba96668fc864150",
				"0x000000000000000000000000c083d0b6b6b72db9eeabccfdf7d406d662daab42"
			],
			"transactionHash": "0x4fbffd5bea9d392a0bd5eb109b219094e731798eadaaf869e50a512812efaf21",
			"transactionIndex": 109,
			"transactionLogIndex": "0x0",
			"type": "mined",
			"id": "log_ac3bca08"
		}
	],
	"logsBloom": "0x00000000000000000000000000000000800000000000000000000000008000000000000000000000000000000000000000000000100000000000000000000000000000000000010000000008000000000000000000000000000000000000000000000000000000000000000000000000000000000000000000000010000000000000000000000000000000000000000000000000000000000000000000200000000000000000000080000000000000000000000000000000000000000000000000001002000000000000000000000000200000000000000000000000000000000000000000000000000000000000000000000000000000000000000000004000",
	"root": null,
	"status": "0x1",
	"transactionHash": "0x4fbffd5bea9d392a0bd5eb109b219094e731798eadaaf869e50a512812efaf21",
	"transactionIndex": 109
}
[2018-04-25T19:46:04.243] [DEBUG] trans - TO:   0x040e2040e6afa9cd77e4e13f888b3c5b9280fdbb
[2018-04-25T19:46:04.243] [DEBUG] trans - AMOUNT:   600000000000000000
[2018-04-25T19:46:04.243] [DEBUG] trans - Receipt info:  {
	"blockHash": "0xb79a15c0c3537e6d4ecf47cc3991c94465e4ccbb84b6b0e91c360d5d54e09e9e",
	"blockNumber": 5504518,
	"contractAddress": null,
	"cumulativeGasUsed": 6483615,
	"gasUsed": 51525,
	"logs": [
		{
			"address": "0x7e9e431a0B8c4D532C745B1043c7FA29a48D4fBa",
			"blockHash": "0xb79a15c0c3537e6d4ecf47cc3991c94465e4ccbb84b6b0e91c360d5d54e09e9e",
			"blockNumber": 5504518,
			"data": "0x0000000000000000000000000000000000000000000000000853a0d2313c0000",
			"logIndex": 92,
			"topics": [
				"0xddf252ad1be2c89b69c2b068fc378daa952ba7f163c4a11628f55a4df523b3ef",
				"0x000000000000000000000000c9f42bcc3cd6c77fae537dd24ba96668fc864150",
				"0x000000000000000000000000040e2040e6afa9cd77e4e13f888b3c5b9280fdbb"
			],
			"transactionHash": "0x16645dc01cc5c2033ef6f485d295798c66953c85ddead185a8b9d8f499d40754",
			"transactionIndex": 127,
			"transactionLogIndex": "0x0",
			"type": "mined",
			"id": "log_876515fb"
		}
	],
	"logsBloom": "0x00000000000000000000000000000000000000000000000000000000008000000000000000000000000000000000000000000000100000000000000000000000000000000000010000000008000000000000000000000000000000000000000000000000000000000000000000000000000000000000000000000010000000000000000000000000000000000000000000000000000000040000000000000000000000000000000080000000000000000000000000000000000000000000000000001002000000000000000000000000000000000000000000000000000000000008000000000000000000000000000000000000000000000000000000004010",
	"root": null,
	"status": "0x1",
	"transactionHash": "0x16645dc01cc5c2033ef6f485d295798c66953c85ddead185a8b9d8f499d40754",
	"transactionIndex": 127
}
[2018-04-25T19:46:04.244] [DEBUG] trans - TO:   0xf0a472567815e31e6f3cc4c009ae39c4beb9401b
[2018-04-25T19:46:04.244] [DEBUG] trans - AMOUNT:   1000000000000000000
[2018-04-25T19:46:04.244] [DEBUG] trans - Receipt info:  {
	"blockHash": "0xb79a15c0c3537e6d4ecf47cc3991c94465e4ccbb84b6b0e91c360d5d54e09e9e",
	"blockNumber": 5504518,
	"contractAddress": null,
	"cumulativeGasUsed": 671923,
	"gasUsed": 51525,
	"logs": [
		{
			"address": "0x7e9e431a0B8c4D532C745B1043c7FA29a48D4fBa",
			"blockHash": "0xb79a15c0c3537e6d4ecf47cc3991c94465e4ccbb84b6b0e91c360d5d54e09e9e",
			"blockNumber": 5504518,
			"data": "0x0000000000000000000000000000000000000000000000000de0b6b3a7640000",
			"logIndex": 4,
			"topics": [
				"0xddf252ad1be2c89b69c2b068fc378daa952ba7f163c4a11628f55a4df523b3ef",
				"0x000000000000000000000000c9f42bcc3cd6c77fae537dd24ba96668fc864150",
				"0x000000000000000000000000f0a472567815e31e6f3cc4c009ae39c4beb9401b"
			],
			"transactionHash": "0xe2548e66dc7c9284a59eb4766c9dd43b2fa451d53fecfb0ee93e6aadceae8395",
			"transactionIndex": 22,
			"transactionLogIndex": "0x0",
			"type": "mined",
			"id": "log_64b6f509"
		}
	],
	"logsBloom": "0x00000000000000000000000000000000000000000000000000000000008000000000000000000000000000000000000000000000100000000000000000000000000000000000010000000008000000000000000000000000000000000000000000000000000000000000000000000008000000000000000000000010000000000000000000000000000000000000000000000000000000000000000000000000000000000000000080000000000000000000000000000000000000000000000000001002000000000000000000000000000000000000000000400000000000000000000000000010000000000000000000000000000000000000000000004000",
	"root": null,
	"status": "0x1",
	"transactionHash": "0xe2548e66dc7c9284a59eb4766c9dd43b2fa451d53fecfb0ee93e6aadceae8395",
	"transactionIndex": 22
}
[2018-04-25T19:46:04.245] [DEBUG] trans - TO:   0x82e7efc07db5018a07cff84a8f7d9064927f7f28
[2018-04-25T19:46:04.245] [DEBUG] trans - AMOUNT:   704700000000000000
[2018-04-25T19:46:04.245] [DEBUG] trans - Receipt info:  {
	"blockHash": "0xb79a15c0c3537e6d4ecf47cc3991c94465e4ccbb84b6b0e91c360d5d54e09e9e",
	"blockNumber": 5504518,
	"contractAddress": null,
	"cumulativeGasUsed": 5834401,
	"gasUsed": 36589,
	"logs": [
		{
			"address": "0x7e9e431a0B8c4D532C745B1043c7FA29a48D4fBa",
			"blockHash": "0xb79a15c0c3537e6d4ecf47cc3991c94465e4ccbb84b6b0e91c360d5d54e09e9e",
			"blockNumber": 5504518,
			"data": "0x00000000000000000000000000000000000000000000000009c798ea9537c000",
			"logIndex": 86,
			"topics": [
				"0xddf252ad1be2c89b69c2b068fc378daa952ba7f163c4a11628f55a4df523b3ef",
				"0x000000000000000000000000c9f42bcc3cd6c77fae537dd24ba96668fc864150",
				"0x00000000000000000000000082e7efc07db5018a07cff84a8f7d9064927f7f28"
			],
			"transactionHash": "0x77d6896ce7b4bd33f2f60e81ce9cad53527e7339068947586d05ae06eaaf0b21",
			"transactionIndex": 115,
			"transactionLogIndex": "0x0",
			"type": "mined",
			"id": "log_1289277a"
		}
	],
	"logsBloom": "0x01000000000000000000000000000000000000000000000000000000008000000000000800000000000000000000000000000000100000000000000000000000000000000000010000000008000000000000000000000000000000000000000000000000000000000000000000000000000000000000000000000010000000000000000000000000000000000200000000000000000000000000000000000000000000000000000080000000000000000000000000000000000000000000000000001002000000000000000000000000000000000000000000000000000000000000000000000000000000000000000000000000000000000000000000004000",
	"root": null,
	"status": "0x1",
	"transactionHash": "0x77d6896ce7b4bd33f2f60e81ce9cad53527e7339068947586d05ae06eaaf0b21",
	"transactionIndex": 115
}
[2018-04-25T19:46:04.246] [DEBUG] trans - TO:   0xaa71cf129a7161dd9a2fb2eea0fbeb3087f9fc3f
[2018-04-25T19:46:04.246] [DEBUG] trans - AMOUNT:   660400000000000000
[2018-04-25T19:46:04.246] [DEBUG] trans - Receipt info:  {
	"blockHash": "0xb79a15c0c3537e6d4ecf47cc3991c94465e4ccbb84b6b0e91c360d5d54e09e9e",
	"blockNumber": 5504518,
	"contractAddress": null,
	"cumulativeGasUsed": 6143752,
	"gasUsed": 51525,
	"logs": [
		{
			"address": "0x7e9e431a0B8c4D532C745B1043c7FA29a48D4fBa",
			"blockHash": "0xb79a15c0c3537e6d4ecf47cc3991c94465e4ccbb84b6b0e91c360d5d54e09e9e",
			"blockNumber": 5504518,
			"data": "0x000000000000000000000000000000000000000000000000092a364d11ab0000",
			"logIndex": 89,
			"topics": [
				"0xddf252ad1be2c89b69c2b068fc378daa952ba7f163c4a11628f55a4df523b3ef",
				"0x000000000000000000000000c9f42bcc3cd6c77fae537dd24ba96668fc864150",
				"0x000000000000000000000000aa71cf129a7161dd9a2fb2eea0fbeb3087f9fc3f"
			],
			"transactionHash": "0x1ec566855c157d50d05e528c5443865f278049ffbcd7a249f39d98c7066b5f14",
			"transactionIndex": 121,
			"transactionLogIndex": "0x0",
			"type": "mined",
			"id": "log_f6af36e3"
		}
	],
	"logsBloom": "0x00000000000000000000000000000000000000000000000000000000008000000000000000000000000000000000000000000000100000000000000000000000000000000000010000000008000000000000000000000000000000000000000000000000000000000000000000000004000000000000000000000010000000000000000000000000000000000000000000000000000000000000000080000000000000000000000080000000000000000000000002000000000000000000000000001002000000000000000000000000000000000000000000000000000000000000000000000000000000000000000000000000000000000000000000004000",
	"root": null,
	"status": "0x1",
	"transactionHash": "0x1ec566855c157d50d05e528c5443865f278049ffbcd7a249f39d98c7066b5f14",
	"transactionIndex": 121
}
[2018-04-25T19:46:04.248] [DEBUG] trans - TO:   0x16ea06361f37eabc722dc751c860d5016b9a6800
[2018-04-25T19:46:04.248] [DEBUG] trans - AMOUNT:   600000000000000000
[2018-04-25T19:46:04.248] [DEBUG] trans - Receipt info:  {
	"blockHash": "0xb79a15c0c3537e6d4ecf47cc3991c94465e4ccbb84b6b0e91c360d5d54e09e9e",
	"blockNumber": 5504518,
	"contractAddress": null,
	"cumulativeGasUsed": 6786966,
	"gasUsed": 51461,
	"logs": [
		{
			"address": "0x7e9e431a0B8c4D532C745B1043c7FA29a48D4fBa",
			"blockHash": "0xb79a15c0c3537e6d4ecf47cc3991c94465e4ccbb84b6b0e91c360d5d54e09e9e",
			"blockNumber": 5504518,
			"data": "0x0000000000000000000000000000000000000000000000000853a0d2313c0000",
			"logIndex": 95,
			"topics": [
				"0xddf252ad1be2c89b69c2b068fc378daa952ba7f163c4a11628f55a4df523b3ef",
				"0x000000000000000000000000c9f42bcc3cd6c77fae537dd24ba96668fc864150",
				"0x00000000000000000000000016ea06361f37eabc722dc751c860d5016b9a6800"
			],
			"transactionHash": "0x9e13fc3b72addae32c3cdc78b59b91a43c400cdc4a9c1d8ed195aa2f5b717411",
			"transactionIndex": 132,
			"transactionLogIndex": "0x0",
			"type": "mined",
			"id": "log_82686258"
		}
	],
	"logsBloom": "0x00000000000000000000000000000000000000100000000000000000008000000000000000000000010000000000000000000000100000000000000000000000000000000000010000000008040000000000000000000000000000000000000000000000000000000000000000000000000000000000000000000010000000000000000000000000000000000000000000000000000000000000000000000000000000000000000080000000000000000000000000000000000000000000000000001002000000000000000000000000000000000000000000000000000000000000000000000000000000000000000000000000000000000000000000004000",
	"root": null,
	"status": "0x1",
	"transactionHash": "0x9e13fc3b72addae32c3cdc78b59b91a43c400cdc4a9c1d8ed195aa2f5b717411",
	"transactionIndex": 132
}
