[2018-04-29T16:55:06.700] [DEBUG] trans - TO:   0x058e939abda9127ef9cd40247e2832d28a30b410
[2018-04-29T16:55:06.701] [DEBUG] trans - AMOUNT:   5578751100000000000000
[2018-04-29T16:55:06.701] [DEBUG] trans - Receipt info:  {
	"blockHash": "0xa352952acc734f3e7a1ad347ff6919ffe908fedac4190960167d2d91efc31598",
	"blockNumber": 5527178,
	"contractAddress": null,
	"cumulativeGasUsed": 2981633,
	"gasUsed": 51717,
	"logs": [
		{
			"address": "0x7e9e431a0B8c4D532C745B1043c7FA29a48D4fBa",
			"blockHash": "0xa352952acc734f3e7a1ad347ff6919ffe908fedac4190960167d2d91efc31598",
			"blockNumber": 5527178,
			"data": "0x00000000000000000000000000000000000000000000012e6cb957f5bbb3c000",
			"logIndex": 33,
			"topics": [
				"0xddf252ad1be2c89b69c2b068fc378daa952ba7f163c4a11628f55a4df523b3ef",
				"0x000000000000000000000000468b858c964f297fd8fce058032bf4b4911a8ad8",
				"0x000000000000000000000000058e939abda9127ef9cd40247e2832d28a30b410"
			],
			"transactionHash": "0x78fac3b113f0765a16fc26844d2c763e89e3fba80f90e09c6f1835e7922b087d",
			"transactionIndex": 34,
			"transactionLogIndex": "0x0",
			"type": "mined",
			"id": "log_2bd18894"
		}
	],
	"logsBloom": "0x00000000000000000000000000020000000000000000000000000000000000000000000000000000000000000000000000000000000000000000000010000000000000000000010000000008000000000000000000000000000000000020000000000000000000000000000000000000000000000000000000000010000000000000000000000000000000000000000000000000000000000000000000001000000000000000000080000000000000000000000000000000000000010000000000001002000000000000000000000000000000000000000000000000000000000000000000000000000000000000000000000001000000000000000000000000",
	"root": null,
	"status": "0x1",
	"transactionHash": "0x78fac3b113f0765a16fc26844d2c763e89e3fba80f90e09c6f1835e7922b087d",
	"transactionIndex": 34
}
[2018-04-29T16:55:23.727] [DEBUG] trans - TO:   0x000d7321f6767c3910bbce248cb9df5c8eb0edf9
[2018-04-29T16:55:23.727] [DEBUG] trans - AMOUNT:   5578141400000000000000
[2018-04-29T16:55:23.727] [DEBUG] trans - Receipt info:  {
	"blockHash": "0x41ee78cbab5c632be16418f88c1891be0fc14003b629c49082a201607e998e87",
	"blockNumber": 5527180,
	"contractAddress": null,
	"cumulativeGasUsed": 1000998,
	"gasUsed": 51653,
	"logs": [
		{
			"address": "0x7e9e431a0B8c4D532C745B1043c7FA29a48D4fBa",
			"blockHash": "0x41ee78cbab5c632be16418f88c1891be0fc14003b629c49082a201607e998e87",
			"blockNumber": 5527180,
			"data": "0x00000000000000000000000000000000000000000000012e6443410a4c258000",
			"logIndex": 9,
			"topics": [
				"0xddf252ad1be2c89b69c2b068fc378daa952ba7f163c4a11628f55a4df523b3ef",
				"0x000000000000000000000000468b858c964f297fd8fce058032bf4b4911a8ad8",
				"0x000000000000000000000000000d7321f6767c3910bbce248cb9df5c8eb0edf9"
			],
			"transactionHash": "0x3d6e8e05716d853b4440bddd7c5504c4cc3d0ed67c0a2b59dd02eedb83f0949b",
			"transactionIndex": 21,
			"transactionLogIndex": "0x0",
			"type": "mined",
			"id": "log_e001fe75"
		}
	],
	"logsBloom": "0x00000000000000000000800000020000000000000000000000000000000000000000000000000000000000000000000000000000000000000000000000000000000400000000010000000008000000000000000000000000000000000020000000000000000000000000000000000000000000000000000000000010000000000000000000000000000000000000000000000000000000000000000000000000000000000000000080000000000000000000000000000000000000010000000000001002000000000000000000000000000000000000000000000000000000000000000000400000000000000000000000000000000000000000000000000000",
	"root": null,
	"status": "0x1",
	"transactionHash": "0x3d6e8e05716d853b4440bddd7c5504c4cc3d0ed67c0a2b59dd02eedb83f0949b",
	"transactionIndex": 21
}
[2018-04-29T16:56:02.785] [DEBUG] trans - TO:   0xf95609e886507e5b3b7667f66eb93fa8dde6e134
[2018-04-29T16:56:02.785] [DEBUG] trans - AMOUNT:   5576509300000000000000
[2018-04-29T16:56:02.785] [DEBUG] trans - Receipt info:  {
	"blockHash": "0xfe21bc9a6b570b4cd7a2e9935203d3b4e74a3f081afb62e5877e92e1ed447abc",
	"blockNumber": 5527182,
	"contractAddress": null,
	"cumulativeGasUsed": 1394818,
	"gasUsed": 51717,
	"logs": [
		{
			"address": "0x7e9e431a0B8c4D532C745B1043c7FA29a48D4fBa",
			"blockHash": "0xfe21bc9a6b570b4cd7a2e9935203d3b4e74a3f081afb62e5877e92e1ed447abc",
			"blockNumber": 5527182,
			"data": "0x00000000000000000000000000000000000000000000012e4d9cdebcca3b4000",
			"logIndex": 14,
			"topics": [
				"0xddf252ad1be2c89b69c2b068fc378daa952ba7f163c4a11628f55a4df523b3ef",
				"0x000000000000000000000000468b858c964f297fd8fce058032bf4b4911a8ad8",
				"0x000000000000000000000000f95609e886507e5b3b7667f66eb93fa8dde6e134"
			],
			"transactionHash": "0xc80f33ed732f69c35bff09fe01398aa3e48a98d915ca8abfb1c0b3bf3d83c686",
			"transactionIndex": 36,
			"transactionLogIndex": "0x0",
			"type": "mined",
			"id": "log_54ecbcdd"
		}
	],
	"logsBloom": "0x00000000000000000000000000020000000000000000000000000000000000000000000000000000000000000000000000000000000000000000000000000000000000000000010000000008000000000000000000008000000000000020000000000000000000000000000000000000000000000000000000000010000000000000000000000000000000000000000000000000000000000000000000000000000000000000000080000000000000100000000000000000000000010000000000001002000000000000000000000000000000000000000000000000000002000000000000000000000000000000000000000000000000000000000000000000",
	"root": null,
	"status": "0x1",
	"transactionHash": "0xc80f33ed732f69c35bff09fe01398aa3e48a98d915ca8abfb1c0b3bf3d83c686",
	"transactionIndex": 36
}
[2018-04-29T16:57:12.883] [DEBUG] trans - TO:   0x2f727eb37dd84d6888f349f6487f8afa3a91f818
[2018-04-29T16:57:12.883] [DEBUG] trans - AMOUNT:   5576254100000000000000
[2018-04-29T16:57:12.883] [DEBUG] trans - Receipt info:  {
	"blockHash": "0xe62f134b7567c0df4bca755b91fd8d227825030b32f9d111e0c6cc49bbddf8b1",
	"blockNumber": 5527184,
	"contractAddress": null,
	"cumulativeGasUsed": 3684055,
	"gasUsed": 51717,
	"logs": [
		{
			"address": "0x7e9e431a0B8c4D532C745B1043c7FA29a48D4fBa",
			"blockHash": "0xe62f134b7567c0df4bca755b91fd8d227825030b32f9d111e0c6cc49bbddf8b1",
			"blockNumber": 5527184,
			"data": "0x00000000000000000000000000000000000000000000012e4a1237b0878d4000",
			"logIndex": 64,
			"topics": [
				"0xddf252ad1be2c89b69c2b068fc378daa952ba7f163c4a11628f55a4df523b3ef",
				"0x000000000000000000000000468b858c964f297fd8fce058032bf4b4911a8ad8",
				"0x0000000000000000000000002f727eb37dd84d6888f349f6487f8afa3a91f818"
			],
			"transactionHash": "0xf259d5f21dfd4cf7a527c2ba0c396881bb8b31b0e253955b31809a0a7f91c230",
			"transactionIndex": 77,
			"transactionLogIndex": "0x0",
			"type": "mined",
			"id": "log_3a87eaee"
		}
	],
	"logsBloom": "0x00000000000000000000000000020000000000000000000000000000000000000000000000000000000000000000000000000000000000000000000000000000000000000000010000000008000000000000000000000000000000000020000000000000000000000000000000000000000000000000000000000010000000000000000000000000000000000000000000000000000000000000000000000000000000000000000080000000000100000000000000000000000000010000000000001002000000080000000000000400000000000000000000000000000000000000000000000000000000000000000000000000000000000000000000000000",
	"root": null,
	"status": "0x1",
	"transactionHash": "0xf259d5f21dfd4cf7a527c2ba0c396881bb8b31b0e253955b31809a0a7f91c230",
	"transactionIndex": 77
}
[2018-04-29T16:57:25.901] [DEBUG] trans - TO:   0xe60ed872c490fa1552394add16761e0c7e4a161f
[2018-04-29T16:57:25.901] [DEBUG] trans - AMOUNT:   5575431400000000000000
[2018-04-29T16:57:25.901] [DEBUG] trans - Receipt info:  {
	"blockHash": "0x244daee198aa8fed97685b349b82d4c5faa9c282b5b4547abfdb1c2d42964527",
	"blockNumber": 5527185,
	"contractAddress": null,
	"cumulativeGasUsed": 2549514,
	"gasUsed": 51717,
	"logs": [
		{
			"address": "0x7e9e431a0B8c4D532C745B1043c7FA29a48D4fBa",
			"blockHash": "0x244daee198aa8fed97685b349b82d4c5faa9c282b5b4547abfdb1c2d42964527",
			"blockNumber": 5527185,
			"data": "0x00000000000000000000000000000000000000000000012e3ea76665fed68000",
			"logIndex": 23,
			"topics": [
				"0xddf252ad1be2c89b69c2b068fc378daa952ba7f163c4a11628f55a4df523b3ef",
				"0x000000000000000000000000468b858c964f297fd8fce058032bf4b4911a8ad8",
				"0x000000000000000000000000e60ed872c490fa1552394add16761e0c7e4a161f"
			],
			"transactionHash": "0x6695cfdee3f599c4b07e06c470d2465401b3f33c43c1fb7d9b4db21c40e3ed5d",
			"transactionIndex": 62,
			"transactionLogIndex": "0x0",
			"type": "mined",
			"id": "log_c7eb946d"
		}
	],
	"logsBloom": "0x00000000000000000000000000020080000000000000000000000000000000000000000000000000000000000000000000000000000000000000000000000000000000000000010000000008000000000000000000000000000000000020000000000000000000000000000020000000000000000000000000000010000000000000000000000000000000000000000000000000000000000000000000000000000000000000000080000000000000000000000000000000000000010000000000001002000000000000000000000000000000000000001000000000000000000000000000000000000000000000000000000000000000000000000000000000",
	"root": null,
	"status": "0x1",
	"transactionHash": "0x6695cfdee3f599c4b07e06c470d2465401b3f33c43c1fb7d9b4db21c40e3ed5d",
	"transactionIndex": 62
}
[2018-04-29T16:57:25.903] [DEBUG] trans - TO:   0x8474805e6427fa714a2f97525b9efda40cf8f27f
[2018-04-29T16:57:25.903] [DEBUG] trans - AMOUNT:   5576181700000000000000
[2018-04-29T16:57:25.903] [DEBUG] trans - Receipt info:  {
	"blockHash": "0x244daee198aa8fed97685b349b82d4c5faa9c282b5b4547abfdb1c2d42964527",
	"blockNumber": 5527185,
	"contractAddress": null,
	"cumulativeGasUsed": 2394427,
	"gasUsed": 51653,
	"logs": [
		{
			"address": "0x7e9e431a0B8c4D532C745B1043c7FA29a48D4fBa",
			"blockHash": "0x244daee198aa8fed97685b349b82d4c5faa9c282b5b4547abfdb1c2d42964527",
			"blockNumber": 5527185,
			"data": "0x00000000000000000000000000000000000000000000012e49110045edd04000",
			"logIndex": 20,
			"topics": [
				"0xddf252ad1be2c89b69c2b068fc378daa952ba7f163c4a11628f55a4df523b3ef",
				"0x000000000000000000000000468b858c964f297fd8fce058032bf4b4911a8ad8",
				"0x0000000000000000000000008474805e6427fa714a2f97525b9efda40cf8f27f"
			],
			"transactionHash": "0x9c54c259607c3683630bd6cb439f158f98b1eec6ea1ccc7ead5bb76efdbd36c6",
			"transactionIndex": 59,
			"transactionLogIndex": "0x0",
			"type": "mined",
			"id": "log_781663be"
		}
	],
	"logsBloom": "0x00000000000000000000000000020000000000000000000000000000000000000000000000000000000000000000000000000000000000000000000800000000000000000000010000000008000000000000000000000000000000000020000000000000000000000000000000000000000000000000000000000010000000000000000000000000000000000000000000000000000000000000000000000000000000000000080080000000000000000000000000000000000000010000000000001002000000000000000000000000000000000000000000000000000000000000000000000000000000000000000008000000000000000000000000000000",
	"root": null,
	"status": "0x1",
	"transactionHash": "0x9c54c259607c3683630bd6cb439f158f98b1eec6ea1ccc7ead5bb76efdbd36c6",
	"transactionIndex": 59
}
[2018-04-29T16:57:25.903] [DEBUG] trans - TO:   0xfbc41ad6d77ab41f10de55a38c2e6c7599681d87
[2018-04-29T16:57:25.903] [DEBUG] trans - AMOUNT:   5576173800000000000000
[2018-04-29T16:57:25.904] [DEBUG] trans - Receipt info:  {
	"blockHash": "0x244daee198aa8fed97685b349b82d4c5faa9c282b5b4547abfdb1c2d42964527",
	"blockNumber": 5527185,
	"contractAddress": null,
	"cumulativeGasUsed": 2446144,
	"gasUsed": 51717,
	"logs": [
		{
			"address": "0x7e9e431a0B8c4D532C745B1043c7FA29a48D4fBa",
			"blockHash": "0x244daee198aa8fed97685b349b82d4c5faa9c282b5b4547abfdb1c2d42964527",
			"blockNumber": 5527185,
			"data": "0x00000000000000000000000000000000000000000000012e48f4ef43d8168000",
			"logIndex": 21,
			"topics": [
				"0xddf252ad1be2c89b69c2b068fc378daa952ba7f163c4a11628f55a4df523b3ef",
				"0x000000000000000000000000468b858c964f297fd8fce058032bf4b4911a8ad8",
				"0x000000000000000000000000fbc41ad6d77ab41f10de55a38c2e6c7599681d87"
			],
			"transactionHash": "0xaa1132f78496f06885f21132579f73bded431200971dd89d820a2d2ac0aa7ea4",
			"transactionIndex": 60,
			"transactionLogIndex": "0x0",
			"type": "mined",
			"id": "log_4975cc74"
		}
	],
	"logsBloom": "0x00000000000000000000000000020000100000000000000000000000000000000000000000000000000000000000000000000000000000000000000000000000000000000000010000000008000000000000000000000000000000000020000000000000000000000000000000000000000000000000000000000010000000000000000000000000000000000000000000000010000000000000000000000000000000000000000080000000000000000000000000000000000000010000000000001002000000000000000000000000000000000000000000000000000000000000000000000000000200000000000000000000000000000000000000000000",
	"root": null,
	"status": "0x1",
	"transactionHash": "0xaa1132f78496f06885f21132579f73bded431200971dd89d820a2d2ac0aa7ea4",
	"transactionIndex": 60
}
[2018-04-29T16:57:25.904] [DEBUG] trans - TO:   0x697d5d7892c6e6159c4741fbd10489a00ffa25be
[2018-04-29T16:57:25.904] [DEBUG] trans - AMOUNT:   5575648400000000000000
[2018-04-29T16:57:25.904] [DEBUG] trans - Receipt info:  {
	"blockHash": "0x244daee198aa8fed97685b349b82d4c5faa9c282b5b4547abfdb1c2d42964527",
	"blockNumber": 5527185,
	"contractAddress": null,
	"cumulativeGasUsed": 2497797,
	"gasUsed": 51653,
	"logs": [
		{
			"address": "0x7e9e431a0B8c4D532C745B1043c7FA29a48D4fBa",
			"blockHash": "0x244daee198aa8fed97685b349b82d4c5faa9c282b5b4547abfdb1c2d42964527",
			"blockNumber": 5527185,
			"data": "0x00000000000000000000000000000000000000000000012e41aa56bfab190000",
			"logIndex": 22,
			"topics": [
				"0xddf252ad1be2c89b69c2b068fc378daa952ba7f163c4a11628f55a4df523b3ef",
				"0x000000000000000000000000468b858c964f297fd8fce058032bf4b4911a8ad8",
				"0x000000000000000000000000697d5d7892c6e6159c4741fbd10489a00ffa25be"
			],
			"transactionHash": "0xf7f5bcf58a1137c80a5be86a0550e0e3b185e70bd8b1d06f85e64c8a448e41ad",
			"transactionIndex": 61,
			"transactionLogIndex": "0x0",
			"type": "mined",
			"id": "log_e9dcae60"
		}
	],
	"logsBloom": "0x00000000000000000002000000020000000000000000000000000000000000000000000000000000000000000000000000000000010000000000000000000000000000000000010000000008000000000000000000000000000000000020000000000000000000000000000000000000000000000000000000000010000000000000000000000000000000000000000000000000000000000000000000000000000000000000000080000000000000000000000000000000000000010000000000001002000000000000000000000000001000000000000000000000000000000000000000000000000000000000000000000000000000000000000000000000",
	"root": null,
	"status": "0x1",
	"transactionHash": "0xf7f5bcf58a1137c80a5be86a0550e0e3b185e70bd8b1d06f85e64c8a448e41ad",
	"transactionIndex": 61
}
[2018-04-29T16:57:25.905] [DEBUG] trans - TO:   0x4e5dc2ca4ea9e36543484de6cdc3b84d52a22c31
[2018-04-29T16:57:25.905] [DEBUG] trans - AMOUNT:   5572821100000000000000
[2018-04-29T16:57:25.905] [DEBUG] trans - Receipt info:  {
	"blockHash": "0x244daee198aa8fed97685b349b82d4c5faa9c282b5b4547abfdb1c2d42964527",
	"blockNumber": 5527185,
	"contractAddress": null,
	"cumulativeGasUsed": 2652884,
	"gasUsed": 51717,
	"logs": [
		{
			"address": "0x7e9e431a0B8c4D532C745B1043c7FA29a48D4fBa",
			"blockHash": "0x244daee198aa8fed97685b349b82d4c5faa9c282b5b4547abfdb1c2d42964527",
			"blockNumber": 5527185,
			"data": "0x00000000000000000000000000000000000000000000012e1a6dc060dda2c000",
			"logIndex": 25,
			"topics": [
				"0xddf252ad1be2c89b69c2b068fc378daa952ba7f163c4a11628f55a4df523b3ef",
				"0x000000000000000000000000468b858c964f297fd8fce058032bf4b4911a8ad8",
				"0x0000000000000000000000004e5dc2ca4ea9e36543484de6cdc3b84d52a22c31"
			],
			"transactionHash": "0x2a025d2c9ba6ff396f276f938305f15b0846170984dd4e3ba5cdd22de68c5231",
			"transactionIndex": 64,
			"transactionLogIndex": "0x0",
			"type": "mined",
			"id": "log_1f78d87d"
		}
	],
	"logsBloom": "0x00000000000000000000000000020000000000000000000000000000000000000000000000000000000000000000000008000000000000000000000000000000000000000000010000000008000000000000000000000000000000000020000000000000000000000000000000000000000000000000000002000010000000000000000000000000000000000000000000000000000000000000000000000100000000000000000080000000000000000000000000000000000000010000000000001002000000000000000000000000000000000000000000000000000000000000000000000000000000000000000000000000000000000000000000000000",
	"root": null,
	"status": "0x1",
	"transactionHash": "0x2a025d2c9ba6ff396f276f938305f15b0846170984dd4e3ba5cdd22de68c5231",
	"transactionIndex": 64
}
[2018-04-29T16:57:25.905] [DEBUG] trans - TO:   0xf308ec8d18b9a43ec0b3447b2ee16bb7a50cd317
[2018-04-29T16:57:25.905] [DEBUG] trans - AMOUNT:   5575218400000000000000
[2018-04-29T16:57:25.905] [DEBUG] trans - Receipt info:  {
	"blockHash": "0x244daee198aa8fed97685b349b82d4c5faa9c282b5b4547abfdb1c2d42964527",
	"blockNumber": 5527185,
	"contractAddress": null,
	"cumulativeGasUsed": 2601167,
	"gasUsed": 51653,
	"logs": [
		{
			"address": "0x7e9e431a0B8c4D532C745B1043c7FA29a48D4fBa",
			"blockHash": "0x244daee198aa8fed97685b349b82d4c5faa9c282b5b4547abfdb1c2d42964527",
			"blockNumber": 5527185,
			"data": "0x00000000000000000000000000000000000000000000012e3bb2ac06e5ae0000",
			"logIndex": 24,
			"topics": [
				"0xddf252ad1be2c89b69c2b068fc378daa952ba7f163c4a11628f55a4df523b3ef",
				"0x000000000000000000000000468b858c964f297fd8fce058032bf4b4911a8ad8",
				"0x000000000000000000000000f308ec8d18b9a43ec0b3447b2ee16bb7a50cd317"
			],
			"transactionHash": "0xad4c550cdc1e02c8b28f12328bf831a364138b186cab2dad7c983693c7be16ad",
			"transactionIndex": 63,
			"transactionLogIndex": "0x0",
			"type": "mined",
			"id": "log_ab342b72"
		}
	],
	"logsBloom": "0x00000000000000000000000000020000000001000000000000000000000000000000000000000000000000000000000000000000000000000000000000000000000000000000010000000008000000000000000000000000000000000020000000000000000000000000000000000000000000000000000000000010000000000000000000000000000000000000000000000000000000000000000000000000000800000000000080000000000000000000000000000000000000010000000000001002000000000000000000000000000000000000000000000000000000000000000000000000000000000000000000000000000000000000000000400000",
	"root": null,
	"status": "0x1",
	"transactionHash": "0xad4c550cdc1e02c8b28f12328bf831a364138b186cab2dad7c983693c7be16ad",
	"transactionIndex": 63
}
[2018-04-29T16:57:25.905] [DEBUG] trans - TO:   0x3d6756a23e597ca839b949492d4d1c1451ec8bde
[2018-04-29T16:57:25.906] [DEBUG] trans - AMOUNT:   5571249700000000000000
[2018-04-29T16:57:25.906] [DEBUG] trans - Receipt info:  {
	"blockHash": "0x244daee198aa8fed97685b349b82d4c5faa9c282b5b4547abfdb1c2d42964527",
	"blockNumber": 5527185,
	"contractAddress": null,
	"cumulativeGasUsed": 2704601,
	"gasUsed": 51717,
	"logs": [
		{
			"address": "0x7e9e431a0B8c4D532C745B1043c7FA29a48D4fBa",
			"blockHash": "0x244daee198aa8fed97685b349b82d4c5faa9c282b5b4547abfdb1c2d42964527",
			"blockNumber": 5527185,
			"data": "0x00000000000000000000000000000000000000000000012e049f04676d964000",
			"logIndex": 26,
			"topics": [
				"0xddf252ad1be2c89b69c2b068fc378daa952ba7f163c4a11628f55a4df523b3ef",
				"0x000000000000000000000000468b858c964f297fd8fce058032bf4b4911a8ad8",
				"0x0000000000000000000000003d6756a23e597ca839b949492d4d1c1451ec8bde"
			],
			"transactionHash": "0x9f3ee63738389b6e7810b8afa4d493e8f1f7276bb876352546e043a26bf6a0da",
			"transactionIndex": 65,
			"transactionLogIndex": "0x0",
			"type": "mined",
			"id": "log_2652a51f"
		}
	],
	"logsBloom": "0x00000000000000000000000000020000000000000000000000000000000000000000000000000000000000000000000000000000001000000000000000000000000000000000010000000008000000000000000000000000000000000020000000000000000000000000000000000000000000000000000040000010000000000000000000000000000000000000000000000000000000000000000000000000000000000000000080000000000000000000000000000000000000010000000000001002000000000000000000000000000000000000000000000000000000000000000000000000000000000000000000000000000000000008000000000000",
	"root": null,
	"status": "0x1",
	"transactionHash": "0x9f3ee63738389b6e7810b8afa4d493e8f1f7276bb876352546e043a26bf6a0da",
	"transactionIndex": 65
}
[2018-04-29T16:57:25.906] [DEBUG] trans - TO:   0xa4e9487534c1e1b7ae2ab7078c96a51cadfd0358
[2018-04-29T16:57:25.906] [DEBUG] trans - AMOUNT:   5570452700000000000000
[2018-04-29T16:57:25.906] [DEBUG] trans - Receipt info:  {
	"blockHash": "0x244daee198aa8fed97685b349b82d4c5faa9c282b5b4547abfdb1c2d42964527",
	"blockNumber": 5527185,
	"contractAddress": null,
	"cumulativeGasUsed": 2756318,
	"gasUsed": 51717,
	"logs": [
		{
			"address": "0x7e9e431a0B8c4D532C745B1043c7FA29a48D4fBa",
			"blockHash": "0x244daee198aa8fed97685b349b82d4c5faa9c282b5b4547abfdb1c2d42964527",
			"blockNumber": 5527185,
			"data": "0x00000000000000000000000000000000000000000000012df98f81206f99c000",
			"logIndex": 27,
			"topics": [
				"0xddf252ad1be2c89b69c2b068fc378daa952ba7f163c4a11628f55a4df523b3ef",
				"0x000000000000000000000000468b858c964f297fd8fce058032bf4b4911a8ad8",
				"0x000000000000000000000000a4e9487534c1e1b7ae2ab7078c96a51cadfd0358"
			],
			"transactionHash": "0x02a1a2d056abb0c17d59f4fc129abda885e5d19b93339ed658927b749ebf87bf",
			"transactionIndex": 66,
			"transactionLogIndex": "0x0",
			"type": "mined",
			"id": "log_cf3fe210"
		}
	],
	"logsBloom": "0x00000020000000000000000000020000000000000000000000000000000000000000000000000000000000000000000000000000000000000000000000000000000000000000010000000008000000000000000000000000000000000020000000000000000000000000000000000000000000000000000000000010000000000000000000000000000000200000000000000000000000000000000000000020000000000000000080000000000000000000000000000000000000010000000000001002000000000000000000000000000000000000000000000000000000000000000000000000000000000000000000000000000000000000000000000000",
	"root": null,
	"status": "0x1",
	"transactionHash": "0x02a1a2d056abb0c17d59f4fc129abda885e5d19b93339ed658927b749ebf87bf",
	"transactionIndex": 66
}
[2018-04-29T16:57:25.907] [DEBUG] trans - TO:   0x02a9065929a4e995b57e535f06df2e1690b0f75c
[2018-04-29T16:57:25.907] [DEBUG] trans - AMOUNT:   5565783800000000000000
[2018-04-29T16:57:25.907] [DEBUG] trans - Receipt info:  {
	"blockHash": "0x244daee198aa8fed97685b349b82d4c5faa9c282b5b4547abfdb1c2d42964527",
	"blockNumber": 5527185,
	"contractAddress": null,
	"cumulativeGasUsed": 2948058,
	"gasUsed": 51717,
	"logs": [
		{
			"address": "0x7e9e431a0B8c4D532C745B1043c7FA29a48D4fBa",
			"blockHash": "0x244daee198aa8fed97685b349b82d4c5faa9c282b5b4547abfdb1c2d42964527",
			"blockNumber": 5527185,
			"data": "0x00000000000000000000000000000000000000000000012db8c43d5047c78000",
			"logIndex": 31,
			"topics": [
				"0xddf252ad1be2c89b69c2b068fc378daa952ba7f163c4a11628f55a4df523b3ef",
				"0x000000000000000000000000468b858c964f297fd8fce058032bf4b4911a8ad8",
				"0x00000000000000000000000002a9065929a4e995b57e535f06df2e1690b0f75c"
			],
			"transactionHash": "0xc51df0dc7952be1a345b99cccdcf9755d3b8b60ac15442b6922bb305c78f0196",
			"transactionIndex": 70,
			"transactionLogIndex": "0x0",
			"type": "mined",
			"id": "log_ec634f23"
		}
	],
	"logsBloom": "0x00000000000000000000000000020000000000000000000000000000000000000000000000000000000000001000000000000000000000000000000000000000800000000000010000000008000000000000000000000000000000000020000000002000000000000000000000000000000000000000000000000010000000000000000000000000000000000000000000000000000000000000000000000000000000000000000080000000000000000000000000000000000000010000000000001002000000000000000000000000000000000000000000000000000000000000000000000000000000000000000000000000000000000000000000000000",
	"root": null,
	"status": "0x1",
	"transactionHash": "0xc51df0dc7952be1a345b99cccdcf9755d3b8b60ac15442b6922bb305c78f0196",
	"transactionIndex": 70
}
[2018-04-29T16:57:25.907] [DEBUG] trans - TO:   0x55ac28985c219cf1d613e7052972fc89d1725c52
[2018-04-29T16:57:25.907] [DEBUG] trans - AMOUNT:   5569000000000000000000
[2018-04-29T16:57:25.907] [DEBUG] trans - Receipt info:  {
	"blockHash": "0x244daee198aa8fed97685b349b82d4c5faa9c282b5b4547abfdb1c2d42964527",
	"blockNumber": 5527185,
	"contractAddress": null,
	"cumulativeGasUsed": 2844688,
	"gasUsed": 51653,
	"logs": [
		{
			"address": "0x7e9e431a0B8c4D532C745B1043c7FA29a48D4fBa",
			"blockHash": "0x244daee198aa8fed97685b349b82d4c5faa9c282b5b4547abfdb1c2d42964527",
			"blockNumber": 5527185,
			"data": "0x00000000000000000000000000000000000000000000012de5667a2c66640000",
			"logIndex": 29,
			"topics": [
				"0xddf252ad1be2c89b69c2b068fc378daa952ba7f163c4a11628f55a4df523b3ef",
				"0x000000000000000000000000468b858c964f297fd8fce058032bf4b4911a8ad8",
				"0x00000000000000000000000055ac28985c219cf1d613e7052972fc89d1725c52"
			],
			"transactionHash": "0x14abaa0f947892e65d7728818c1b1838852e536862d284bc4c68762a6d11fb2d",
			"transactionIndex": 68,
			"transactionLogIndex": "0x0",
			"type": "mined",
			"id": "log_1230312f"
		}
	],
	"logsBloom": "0x00000000000000000000000000020000000000000000000000000000000000000000000000000000000000000000000000000000000000000000000000000000000000000000010000080008000000000000000000000000000000000020000000000000000000000000100000000000000000000000000000000010000000000000000000000000000000400000000000000000000000000000000000000000000000000000000080000000000000000000000000000000000000010000000000001002000000000000000000000000000000000000000000000000000000000000000000000000000000000000000000000000000000000000000000000000",
	"root": null,
	"status": "0x1",
	"transactionHash": "0x14abaa0f947892e65d7728818c1b1838852e536862d284bc4c68762a6d11fb2d",
	"transactionIndex": 68
}
[2018-04-29T16:57:25.908] [DEBUG] trans - TO:   0x0ed419befa9b6b7d7954dc05c039594a956cece5
[2018-04-29T16:57:25.908] [DEBUG] trans - AMOUNT:   5570049900000000000000
[2018-04-29T16:57:25.908] [DEBUG] trans - Receipt info:  {
	"blockHash": "0x244daee198aa8fed97685b349b82d4c5faa9c282b5b4547abfdb1c2d42964527",
	"blockNumber": 5527185,
	"contractAddress": null,
	"cumulativeGasUsed": 2793035,
	"gasUsed": 36717,
	"logs": [
		{
			"address": "0x7e9e431a0B8c4D532C745B1043c7FA29a48D4fBa",
			"blockHash": "0x244daee198aa8fed97685b349b82d4c5faa9c282b5b4547abfdb1c2d42964527",
			"blockNumber": 5527185,
			"data": "0x00000000000000000000000000000000000000000000012df3f878a92c12c000",
			"logIndex": 28,
			"topics": [
				"0xddf252ad1be2c89b69c2b068fc378daa952ba7f163c4a11628f55a4df523b3ef",
				"0x000000000000000000000000468b858c964f297fd8fce058032bf4b4911a8ad8",
				"0x0000000000000000000000000ed419befa9b6b7d7954dc05c039594a956cece5"
			],
			"transactionHash": "0x4df9d2b12871a0d49f66ebb652832f68b191426190630062e9c68dabde8ca22f",
			"transactionIndex": 67,
			"transactionLogIndex": "0x0",
			"type": "mined",
			"id": "log_98f8602c"
		}
	],
	"logsBloom": "0x00000000000000000000000000020004000000000000000000000000000000000000000000000000000000000000000000000000000000000000000000000000000000000000010000000008000000000000000000000000000000000020000000000000000000000000000800000000000000000000000000000010000000000000000000000000000000000000000000000000000000000000000000000000000000000000000080000000000000000000004000000000000000010000000000001002000000000000000000000000000000000000000000000000000000000000000000000000000000000000000000000000000000000000000000000000",
	"root": null,
	"status": "0x1",
	"transactionHash": "0x4df9d2b12871a0d49f66ebb652832f68b191426190630062e9c68dabde8ca22f",
	"transactionIndex": 67
}
[2018-04-29T16:57:25.908] [DEBUG] trans - TO:   0xd974c77c2a88eb1cff18fd136ca98dfba7c8be85
[2018-04-29T16:57:25.908] [DEBUG] trans - AMOUNT:   5566500000000000000000
[2018-04-29T16:57:25.908] [DEBUG] trans - Receipt info:  {
	"blockHash": "0x244daee198aa8fed97685b349b82d4c5faa9c282b5b4547abfdb1c2d42964527",
	"blockNumber": 5527185,
	"contractAddress": null,
	"cumulativeGasUsed": 2896341,
	"gasUsed": 51653,
	"logs": [
		{
			"address": "0x7e9e431a0B8c4D532C745B1043c7FA29a48D4fBa",
			"blockHash": "0x244daee198aa8fed97685b349b82d4c5faa9c282b5b4547abfdb1c2d42964527",
			"blockNumber": 5527185,
			"data": "0x00000000000000000000000000000000000000000000012dc2b4b16b43ea0000",
			"logIndex": 30,
			"topics": [
				"0xddf252ad1be2c89b69c2b068fc378daa952ba7f163c4a11628f55a4df523b3ef",
				"0x000000000000000000000000468b858c964f297fd8fce058032bf4b4911a8ad8",
				"0x000000000000000000000000d974c77c2a88eb1cff18fd136ca98dfba7c8be85"
			],
			"transactionHash": "0x6bb1761122d38064c070df80b3cb34f1e435cab753f5b214557144f2fceb44f7",
			"transactionIndex": 69,
			"transactionLogIndex": "0x0",
			"type": "mined",
			"id": "log_dc6b3e83"
		}
	],
	"logsBloom": "0x00000000000000000000000000020000000000000000000020000000000000000000000000000000000000000000000000000000000000000000000000000000000000000000010000000008000000000000000000000000000000000020000000000000000000000000000000000000000000000000000000000010000000000000000000000080000000000000000000000000000000000000000000000000000000000000000080000000000000000000000000000000000000010000000000001002000000000000000000000000000000000000000000000000000000000000000000000000000000000000000000000000000001000000000000000000",
	"root": null,
	"status": "0x1",
	"transactionHash": "0x6bb1761122d38064c070df80b3cb34f1e435cab753f5b214557144f2fceb44f7",
	"transactionIndex": 69
}
[2018-04-29T16:58:34.007] [DEBUG] trans - TO:   0xd3ff11a130b4351f004be1c3490fd3ca21aa5bbf
[2018-04-29T16:58:34.007] [DEBUG] trans - AMOUNT:   5565532600000000000000
[2018-04-29T16:58:34.007] [DEBUG] trans - Receipt info:  {
	"blockHash": "0x14ec407117e0611656e6aab417b9d1a4b9b6b9105a3d6143592f2a0983a2171d",
	"blockNumber": 5527186,
	"contractAddress": null,
	"cumulativeGasUsed": 1521969,
	"gasUsed": 51653,
	"logs": [
		{
			"address": "0x7e9e431a0B8c4D532C745B1043c7FA29a48D4fBa",
			"blockHash": "0x14ec407117e0611656e6aab417b9d1a4b9b6b9105a3d6143592f2a0983a2171d",
			"blockNumber": 5527186,
			"data": "0x00000000000000000000000000000000000000000000012db547cc3e98338000",
			"logIndex": 21,
			"topics": [
				"0xddf252ad1be2c89b69c2b068fc378daa952ba7f163c4a11628f55a4df523b3ef",
				"0x000000000000000000000000468b858c964f297fd8fce058032bf4b4911a8ad8",
				"0x000000000000000000000000d3ff11a130b4351f004be1c3490fd3ca21aa5bbf"
			],
			"transactionHash": "0xe28ac7290e2b1cb2b5170d480dbe69f41e14c1a44e97d2a5a81d2388b362232c",
			"transactionIndex": 40,
			"transactionLogIndex": "0x0",
			"type": "mined",
			"id": "log_93019e92"
		}
	],
	"logsBloom": "0x00000000000000040000000000020000000000000000000000000000000000000040000000000000000000000000000000000000000000000000000000000000000000000000010000000008000000000000000000000000000000000020000000000000000000000000000000000000000000004000000000000010000000000000000000000000000000000000000000000000000000000000000000000000000000000000000080000000000000000000000000000000000000010000000000001002000000000000000000000000000000000000000000000000000000000000000000000000000000000000000000000000000000000000000000000000",
	"root": null,
	"status": "0x1",
	"transactionHash": "0xe28ac7290e2b1cb2b5170d480dbe69f41e14c1a44e97d2a5a81d2388b362232c",
	"transactionIndex": 40
}
[2018-04-29T16:58:34.007] [DEBUG] trans - TO:   0x8ddeada02d734cac677e5344010046c6337e5590
[2018-04-29T16:58:34.007] [DEBUG] trans - AMOUNT:   5565285300000000000000
[2018-04-29T16:58:34.007] [DEBUG] trans - Receipt info:  {
	"blockHash": "0xcef2f7f0dbaf4186d424fc531575c122e3a1b0399b207359a18c7f163092a24f",
	"blockNumber": 5527187,
	"contractAddress": null,
	"cumulativeGasUsed": 1092599,
	"gasUsed": 51653,
	"logs": [
		{
			"address": "0x7e9e431a0B8c4D532C745B1043c7FA29a48D4fBa",
			"blockHash": "0xcef2f7f0dbaf4186d424fc531575c122e3a1b0399b207359a18c7f163092a24f",
			"blockNumber": 5527187,
			"data": "0x00000000000000000000000000000000000000000000012db1d936346b3f4000",
			"logIndex": 11,
			"topics": [
				"0xddf252ad1be2c89b69c2b068fc378daa952ba7f163c4a11628f55a4df523b3ef",
				"0x000000000000000000000000468b858c964f297fd8fce058032bf4b4911a8ad8",
				"0x0000000000000000000000008ddeada02d734cac677e5344010046c6337e5590"
			],
			"transactionHash": "0xe525172b3f9dd4b7b62d1918d4e84553eb8aab5b2341306b6d267a58d37937eb",
			"transactionIndex": 35,
			"transactionLogIndex": "0x0",
			"type": "mined",
			"id": "log_b684bd4c"
		}
	],
	"logsBloom": "0x00000000000000000000000000020000000000000000000000000000000000000000000000000000000000000000000000000000000000000000000000000000000000000000010000000008000000000000000000000000000000000020000000000000000000000000000000000000000000000000000000000010000000000000000000000000000000000000000080000000000000000000000000000000000000000000000080000000000000000000000000000000000000010000000000001002000000000000000200000000000000000000000000000000000000000000000000000000000000000000000000400000000000000000000000000000",
	"root": null,
	"status": "0x1",
	"transactionHash": "0xe525172b3f9dd4b7b62d1918d4e84553eb8aab5b2341306b6d267a58d37937eb",
	"transactionIndex": 35
}
[2018-04-29T16:59:00.042] [DEBUG] trans - TO:   0xb86936d3a826f3855c0bb0738e574a49f076c74a
[2018-04-29T16:59:00.042] [DEBUG] trans - AMOUNT:   5564407900000000000000
[2018-04-29T16:59:00.042] [DEBUG] trans - Receipt info:  {
	"blockHash": "0xa2841589774f6d1383e9c0ad89e5a91ad4a02228f0eb34afe1a0b34b0abfd084",
	"blockNumber": 5527189,
	"contractAddress": null,
	"cumulativeGasUsed": 5008243,
	"gasUsed": 51717,
	"logs": [
		{
			"address": "0x7e9e431a0B8c4D532C745B1043c7FA29a48D4fBa",
			"blockHash": "0xa2841589774f6d1383e9c0ad89e5a91ad4a02228f0eb34afe1a0b34b0abfd084",
			"blockNumber": 5527189,
			"data": "0x00000000000000000000000000000000000000000000012da5ac0f8dad51c000",
			"logIndex": 75,
			"topics": [
				"0xddf252ad1be2c89b69c2b068fc378daa952ba7f163c4a11628f55a4df523b3ef",
				"0x000000000000000000000000468b858c964f297fd8fce058032bf4b4911a8ad8",
				"0x000000000000000000000000b86936d3a826f3855c0bb0738e574a49f076c74a"
			],
			"transactionHash": "0x658cd44aea9685dfdf18fa16699f480c5457da9032b8c8db94cec7c3f26dca95",
			"transactionIndex": 113,
			"transactionLogIndex": "0x0",
			"type": "mined",
			"id": "log_c4cf1c48"
		}
	],
	"logsBloom": "0x00000000000000000000000000020000000000000000000000000000000000000000000000000000000000000000000000000000000000000000000000000000000000000000010000000008000000000000000000000000000000000020000000000000000000000000000000000000000000000000000000000010000000000000000000000000000000000000000000000000000000000000000000000000000000000000000080000000000000000000000000000000000000010000000000001402000000000000000004000000000000000000000000000000000000000000000000000000000000000000000000000000000000000000000100000000",
	"root": null,
	"status": "0x1",
	"transactionHash": "0x658cd44aea9685dfdf18fa16699f480c5457da9032b8c8db94cec7c3f26dca95",
	"transactionIndex": 113
}
[2018-04-29T16:59:00.043] [DEBUG] trans - TO:   0x96e7869a3e4c526d14c8fa81d60bc9b73a5f6906
[2018-04-29T16:59:00.043] [DEBUG] trans - AMOUNT:   5559976500000000000000
[2018-04-29T16:59:00.043] [DEBUG] trans - Receipt info:  {
	"blockHash": "0xa2841589774f6d1383e9c0ad89e5a91ad4a02228f0eb34afe1a0b34b0abfd084",
	"blockNumber": 5527189,
	"contractAddress": null,
	"cumulativeGasUsed": 5214983,
	"gasUsed": 51717,
	"logs": [
		{
			"address": "0x7e9e431a0B8c4D532C745B1043c7FA29a48D4fBa",
			"blockHash": "0xa2841589774f6d1383e9c0ad89e5a91ad4a02228f0eb34afe1a0b34b0abfd084",
			"blockNumber": 5527189,
			"data": "0x00000000000000000000000000000000000000000000012d682c90bb63a74000",
			"logIndex": 79,
			"topics": [
				"0xddf252ad1be2c89b69c2b068fc378daa952ba7f163c4a11628f55a4df523b3ef",
				"0x000000000000000000000000468b858c964f297fd8fce058032bf4b4911a8ad8",
				"0x00000000000000000000000096e7869a3e4c526d14c8fa81d60bc9b73a5f6906"
			],
			"transactionHash": "0xd5a4b05b3a7952284c71af38734736746371365ae71088aabd50d0340a5d9d7e",
			"transactionIndex": 117,
			"transactionLogIndex": "0x0",
			"type": "mined",
			"id": "log_b86c92a7"
		}
	],
	"logsBloom": "0x00000000000000000000000000020000000000000000000000000000000000000000000000000000010000000000000000000000000000000000000000000000000000000000010000000008000000000000000000000000000000000020000000000000000000000000000000000000000000000000000000000010000000000000000000000000000000000000000000000000000000000000000000000000000000000000000080000000000000000000000000000000008000010000000000001002000000000000000000000000000000000000000000000000000000000000000000000000000000000000000100000000000000000000000000000000",
	"root": null,
	"status": "0x1",
	"transactionHash": "0xd5a4b05b3a7952284c71af38734736746371365ae71088aabd50d0340a5d9d7e",
	"transactionIndex": 117
}
[2018-04-29T16:59:00.043] [DEBUG] trans - TO:   0xb3f7e3a0708298c2e171015a94517dfec6ee87b4
[2018-04-29T16:59:00.043] [DEBUG] trans - AMOUNT:   5561814500000000000000
[2018-04-29T16:59:00.043] [DEBUG] trans - Receipt info:  {
	"blockHash": "0xa2841589774f6d1383e9c0ad89e5a91ad4a02228f0eb34afe1a0b34b0abfd084",
	"blockNumber": 5527189,
	"contractAddress": null,
	"cumulativeGasUsed": 5059960,
	"gasUsed": 51717,
	"logs": [
		{
			"address": "0x7e9e431a0B8c4D532C745B1043c7FA29a48D4fBa",
			"blockHash": "0xa2841589774f6d1383e9c0ad89e5a91ad4a02228f0eb34afe1a0b34b0abfd084",
			"blockNumber": 5527189,
			"data": "0x00000000000000000000000000000000000000000000012d81ae73fe6cd24000",
			"logIndex": 76,
			"topics": [
				"0xddf252ad1be2c89b69c2b068fc378daa952ba7f163c4a11628f55a4df523b3ef",
				"0x000000000000000000000000468b858c964f297fd8fce058032bf4b4911a8ad8",
				"0x000000000000000000000000b3f7e3a0708298c2e171015a94517dfec6ee87b4"
			],
			"transactionHash": "0xbc4f20b600338e56f537822d2fcf7bcaf14768aa9a7695e31acd5aadcbbfc067",
			"transactionIndex": 114,
			"transactionLogIndex": "0x0",
			"type": "mined",
			"id": "log_94254de1"
		}
	],
	"logsBloom": "0x00000000000000000040000000020000000000000000000100000000000000000000000000000000000000000000000000000000000000000000000000000000000000000000010000000008000000000000000000000000000000000020001000000000000000000000000000000000000000000000000000000010000000000000000000000000000000000000000000000000000000000000000000000000000000000000000080000000000000000000000000000000000000010000000000001002000000000000000000000000000000000000000000000000000000000000000000000000000000000000000000000000000000000000000000000000",
	"root": null,
	"status": "0x1",
	"transactionHash": "0xbc4f20b600338e56f537822d2fcf7bcaf14768aa9a7695e31acd5aadcbbfc067",
	"transactionIndex": 114
}
[2018-04-29T16:59:00.045] [DEBUG] trans - TO:   0x151ffb717ab34aa44150c11c037a4eed370a9946
[2018-04-29T16:59:00.045] [DEBUG] trans - AMOUNT:   5564479000000000000000
[2018-04-29T16:59:00.045] [DEBUG] trans - Receipt info:  {
	"blockHash": "0xa2841589774f6d1383e9c0ad89e5a91ad4a02228f0eb34afe1a0b34b0abfd084",
	"blockNumber": 5527189,
	"contractAddress": null,
	"cumulativeGasUsed": 4956526,
	"gasUsed": 51717,
	"logs": [
		{
			"address": "0x7e9e431a0B8c4D532C745B1043c7FA29a48D4fBa",
			"blockHash": "0xa2841589774f6d1383e9c0ad89e5a91ad4a02228f0eb34afe1a0b34b0abfd084",
			"blockNumber": 5527189,
			"data": "0x00000000000000000000000000000000000000000000012da6a8a8a070d98000",
			"logIndex": 74,
			"topics": [
				"0xddf252ad1be2c89b69c2b068fc378daa952ba7f163c4a11628f55a4df523b3ef",
				"0x000000000000000000000000468b858c964f297fd8fce058032bf4b4911a8ad8",
				"0x000000000000000000000000151ffb717ab34aa44150c11c037a4eed370a9946"
			],
			"transactionHash": "0xadcc52b1166c910664b8ac32b70d3892048173a94e9dee430c0d803c04bcf6d1",
			"transactionIndex": 112,
			"transactionLogIndex": "0x0",
			"type": "mined",
			"id": "log_b2ab8fbf"
		}
	],
	"logsBloom": "0x00000000000000000000000000020000000000000000000000000000000000000000000000000000080000000000000000000000000000000000000001000000000000000000010000000008000000000000000000000000000000000020000000000000000000000000000000000000000000000000000000000010000000000000000000000000000000000000000000000000000000000000000000000000000000000000000080000000000000000000000000000000000000010000000000001002000020000000000000000000000000000000000000000000000000000000000000000000000000000000000000000000000000000000000000000000",
	"root": null,
	"status": "0x1",
	"transactionHash": "0xadcc52b1166c910664b8ac32b70d3892048173a94e9dee430c0d803c04bcf6d1",
	"transactionIndex": 112
}
[2018-04-29T16:59:00.046] [DEBUG] trans - TO:   0x91109c5bfdddb24d32dd960463f65567d5fe674d
[2018-04-29T16:59:00.046] [DEBUG] trans - AMOUNT:   5558339400000000000000
[2018-04-29T16:59:00.046] [DEBUG] trans - Receipt info:  {
	"blockHash": "0xa2841589774f6d1383e9c0ad89e5a91ad4a02228f0eb34afe1a0b34b0abfd084",
	"blockNumber": 5527189,
	"contractAddress": null,
	"cumulativeGasUsed": 5266700,
	"gasUsed": 51717,
	"logs": [
		{
			"address": "0x7e9e431a0B8c4D532C745B1043c7FA29a48D4fBa",
			"blockHash": "0xa2841589774f6d1383e9c0ad89e5a91ad4a02228f0eb34afe1a0b34b0abfd084",
			"blockNumber": 5527189,
			"data": "0x00000000000000000000000000000000000000000000012d51746af4a9dc8000",
			"logIndex": 80,
			"topics": [
				"0xddf252ad1be2c89b69c2b068fc378daa952ba7f163c4a11628f55a4df523b3ef",
				"0x000000000000000000000000468b858c964f297fd8fce058032bf4b4911a8ad8",
				"0x00000000000000000000000091109c5bfdddb24d32dd960463f65567d5fe674d"
			],
			"transactionHash": "0xb570bee5cf118daa1d6739860444467977980fe15f143674957022502f7390b9",
			"transactionIndex": 118,
			"transactionLogIndex": "0x0",
			"type": "mined",
			"id": "log_970f052f"
		}
	],
	"logsBloom": "0x00000000000000000000000000020000000000000000000000000000000000000000000000000000000000000000000000000000000000000000000000000000000000000000010000000008000000000000000000000000000000100020000000000000000000000000000000000000000000000000000000000010000000000000000000000000000000000000000000000000000000000000000000000000000000000000000080100000000000000000000000000000000000010000000000001002000000000000000000000000000000000000000000000001000000000000000000000000000000000000000000000000000000000000000000000000",
	"root": null,
	"status": "0x1",
	"transactionHash": "0xb570bee5cf118daa1d6739860444467977980fe15f143674957022502f7390b9",
	"transactionIndex": 118
}
[2018-04-29T16:59:00.046] [DEBUG] trans - TO:   0x956dccd759c0e8ab92f85fe24508ff3e2ae8ca5c
[2018-04-29T16:59:00.046] [DEBUG] trans - AMOUNT:   5557053500000000000000
[2018-04-29T16:59:00.046] [DEBUG] trans - Receipt info:  {
	"blockHash": "0xa2841589774f6d1383e9c0ad89e5a91ad4a02228f0eb34afe1a0b34b0abfd084",
	"blockNumber": 5527189,
	"contractAddress": null,
	"cumulativeGasUsed": 5318417,
	"gasUsed": 51717,
	"logs": [
		{
			"address": "0x7e9e431a0B8c4D532C745B1043c7FA29a48D4fBa",
			"blockHash": "0xa2841589774f6d1383e9c0ad89e5a91ad4a02228f0eb34afe1a0b34b0abfd084",
			"blockNumber": 5527189,
			"data": "0x00000000000000000000000000000000000000000000012d3f9bfbb7fd2fc000",
			"logIndex": 81,
			"topics": [
				"0xddf252ad1be2c89b69c2b068fc378daa952ba7f163c4a11628f55a4df523b3ef",
				"0x000000000000000000000000468b858c964f297fd8fce058032bf4b4911a8ad8",
				"0x000000000000000000000000956dccd759c0e8ab92f85fe24508ff3e2ae8ca5c"
			],
			"transactionHash": "0x7994f60127d6368302072c6450af4d6083130af4990eace0e7bdf97449732ba2",
			"transactionIndex": 119,
			"transactionLogIndex": "0x0",
			"type": "mined",
			"id": "log_af517651"
		}
	],
	"logsBloom": "0x00000000000000000000000000020000000000000000000000000000000008000000000000000000000000000000000000000000000000000000000000000000000000000000010000000008000000000000000000000000000000000020000000000000000000000000000000000000000000000000000000000010000000000000000000000000000000000000000000000000000000000000000000000000000000000000000080000000000000000000000000000000000000010000000000001002000000000000000000000000000000000000000000000000000000100000000800000000000000000000000000000000000000000000000000000000",
	"root": null,
	"status": "0x1",
	"transactionHash": "0x7994f60127d6368302072c6450af4d6083130af4990eace0e7bdf97449732ba2",
	"transactionIndex": 119
}
[2018-04-29T16:59:00.046] [DEBUG] trans - TO:   0x4773651f12b49be59b8f885b3ff8f953d9915447
[2018-04-29T16:59:00.046] [DEBUG] trans - AMOUNT:   5555564600000000000000
[2018-04-29T16:59:00.047] [DEBUG] trans - Receipt info:  {
	"blockHash": "0xa2841589774f6d1383e9c0ad89e5a91ad4a02228f0eb34afe1a0b34b0abfd084",
	"blockNumber": 5527189,
	"contractAddress": null,
	"cumulativeGasUsed": 5525157,
	"gasUsed": 51717,
	"logs": [
		{
			"address": "0x7e9e431a0B8c4D532C745B1043c7FA29a48D4fBa",
			"blockHash": "0xa2841589774f6d1383e9c0ad89e5a91ad4a02228f0eb34afe1a0b34b0abfd084",
			"blockNumber": 5527189,
			"data": "0x00000000000000000000000000000000000000000000012d2af2590ea71b8000",
			"logIndex": 85,
			"topics": [
				"0xddf252ad1be2c89b69c2b068fc378daa952ba7f163c4a11628f55a4df523b3ef",
				"0x000000000000000000000000468b858c964f297fd8fce058032bf4b4911a8ad8",
				"0x0000000000000000000000004773651f12b49be59b8f885b3ff8f953d9915447"
			],
			"transactionHash": "0xb71868da8280eaebd28ac426b8fe720209ade76d0924721a82b84683ed3821c5",
			"transactionIndex": 123,
			"transactionLogIndex": "0x0",
			"type": "mined",
			"id": "log_0713eb18"
		}
	],
	"logsBloom": "0x00000000000000000000000000020000000000000000000000000000000000000000000000000000000000000000000000000000000000000000000000000200000000000000010000000008000008000000000000000000000000000020000000000000000000000000000000000000008000000000000000000010000000000000000000000000000000000000000000000000000000000000000000000000000000000000000080000000000000000000000000000000000000010000000000001002000000000000000000000000000000000000000000000000000000000000000000000000000000000000000000000000000000000000000000000000",
	"root": null,
	"status": "0x1",
	"transactionHash": "0xb71868da8280eaebd28ac426b8fe720209ade76d0924721a82b84683ed3821c5",
	"transactionIndex": 123
}
[2018-04-29T16:59:00.047] [DEBUG] trans - TO:   0xe745e5bbdc872fd69540299ef549d5a0dd5d36c8
[2018-04-29T16:59:00.047] [DEBUG] trans - AMOUNT:   5555953700000000000000
[2018-04-29T16:59:00.047] [DEBUG] trans - Receipt info:  {
	"blockHash": "0xa2841589774f6d1383e9c0ad89e5a91ad4a02228f0eb34afe1a0b34b0abfd084",
	"blockNumber": 5527189,
	"contractAddress": null,
	"cumulativeGasUsed": 5473440,
	"gasUsed": 51717,
	"logs": [
		{
			"address": "0x7e9e431a0B8c4D532C745B1043c7FA29a48D4fBa",
			"blockHash": "0xa2841589774f6d1383e9c0ad89e5a91ad4a02228f0eb34afe1a0b34b0abfd084",
			"blockNumber": 5527189,
			"data": "0x00000000000000000000000000000000000000000000012d3058b57219364000",
			"logIndex": 84,
			"topics": [
				"0xddf252ad1be2c89b69c2b068fc378daa952ba7f163c4a11628f55a4df523b3ef",
				"0x000000000000000000000000468b858c964f297fd8fce058032bf4b4911a8ad8",
				"0x000000000000000000000000e745e5bbdc872fd69540299ef549d5a0dd5d36c8"
			],
			"transactionHash": "0xc3aacf3f0c7cbdd9f2f36530a0b0e5ad6d692a65f396c93cf5c28c37f020e409",
			"transactionIndex": 122,
			"transactionLogIndex": "0x0",
			"type": "mined",
			"id": "log_b924646a"
		}
	],
	"logsBloom": "0x00000000000020000000000000020000000000000000000000000000000000004000000000000000000000000000000000000000000000000000000000000000000000000000010000000008000000000000000000000000000000000020000000000000000000000000000000000000000000000000000000000010000000000000000000000000000000000000000000001000000000000000000000000000000000000000000080000000000000000000000000000000000000010000000000001002000000000000000000000000000000000000000000000000000000000000000000000000000000000000000000000000000000000000000000000000",
	"root": null,
	"status": "0x1",
	"transactionHash": "0xc3aacf3f0c7cbdd9f2f36530a0b0e5ad6d692a65f396c93cf5c28c37f020e409",
	"transactionIndex": 122
}
[2018-04-29T16:59:00.048] [DEBUG] trans - TO:   0xde18efc6b20765af8707ada644e51f5b3f9808d1
[2018-04-29T16:59:00.048] [DEBUG] trans - AMOUNT:   5557000000000000000000
[2018-04-29T16:59:00.048] [DEBUG] trans - Receipt info:  {
	"blockHash": "0xa2841589774f6d1383e9c0ad89e5a91ad4a02228f0eb34afe1a0b34b0abfd084",
	"blockNumber": 5527189,
	"contractAddress": null,
	"cumulativeGasUsed": 5370070,
	"gasUsed": 51653,
	"logs": [
		{
			"address": "0x7e9e431a0B8c4D532C745B1043c7FA29a48D4fBa",
			"blockHash": "0xa2841589774f6d1383e9c0ad89e5a91ad4a02228f0eb34afe1a0b34b0abfd084",
			"blockNumber": 5527189,
			"data": "0x00000000000000000000000000000000000000000000012d3edde9c08db40000",
			"logIndex": 82,
			"topics": [
				"0xddf252ad1be2c89b69c2b068fc378daa952ba7f163c4a11628f55a4df523b3ef",
				"0x000000000000000000000000468b858c964f297fd8fce058032bf4b4911a8ad8",
				"0x000000000000000000000000de18efc6b20765af8707ada644e51f5b3f9808d1"
			],
			"transactionHash": "0x232e309537e6d745dab4b5792980a12261a30cf48971b237bee23d1d4efaf0b9",
			"transactionIndex": 120,
			"transactionLogIndex": "0x0",
			"type": "mined",
			"id": "log_e4b88114"
		}
	],
	"logsBloom": "0x00000000000000000000000000020000000000000000000000000000000000000000000000000000000000000000000000000000000000000000000000000000000000000000010000000008000000000000000000000000000000000020000000004000000000000000000000000000000000000000000000000010000000000000000000000000000000000000000000000000000000000000000000000000000000000000000080000000000000000000000000020000000000010000000000001002000000000000000000000000000000000000000000000000000000000000000000000000000000000000004000000000000000000000000000000000",
	"root": null,
	"status": "0x1",
	"transactionHash": "0x232e309537e6d745dab4b5792980a12261a30cf48971b237bee23d1d4efaf0b9",
	"transactionIndex": 120
}
[2018-04-29T16:59:00.049] [DEBUG] trans - TO:   0xc6443ad62562c8d35e86e0b6793313ec74ea1e75
[2018-04-29T16:59:00.049] [DEBUG] trans - AMOUNT:   5556120400000000000000
[2018-04-29T16:59:00.049] [DEBUG] trans - Receipt info:  {
	"blockHash": "0xa2841589774f6d1383e9c0ad89e5a91ad4a02228f0eb34afe1a0b34b0abfd084",
	"blockNumber": 5527189,
	"contractAddress": null,
	"cumulativeGasUsed": 5421723,
	"gasUsed": 51653,
	"logs": [
		{
			"address": "0x7e9e431a0B8c4D532C745B1043c7FA29a48D4fBa",
			"blockHash": "0xa2841589774f6d1383e9c0ad89e5a91ad4a02228f0eb34afe1a0b34b0abfd084",
			"blockNumber": 5527189,
			"data": "0x00000000000000000000000000000000000000000000012d32a8f23665450000",
			"logIndex": 83,
			"topics": [
				"0xddf252ad1be2c89b69c2b068fc378daa952ba7f163c4a11628f55a4df523b3ef",
				"0x000000000000000000000000468b858c964f297fd8fce058032bf4b4911a8ad8",
				"0x000000000000000000000000c6443ad62562c8d35e86e0b6793313ec74ea1e75"
			],
			"transactionHash": "0x7d691a3a4445f4c8458785a834f210e484f2e0a363d9094499b226d55bd0c171",
			"transactionIndex": 121,
			"transactionLogIndex": "0x0",
			"type": "mined",
			"id": "log_42908314"
		}
	],
	"logsBloom": "0x00000000000000000000000000020000000000000000000000000000000000000000000000000000000000000000000010000000000000000000000000000000000000000000010000000008000000000000000000000000000000000020000000000000000000000080000000000000000000000000000000000010000000000000000000000080000000000000000000000000000000000000000000000000000000000000000080000000000000000000000000000000000000010000000000001002000000000000000000000000000000000000000000000000000000000000000000000000000000000000000000000000000000000000000000000000",
	"root": null,
	"status": "0x1",
	"transactionHash": "0x7d691a3a4445f4c8458785a834f210e484f2e0a363d9094499b226d55bd0c171",
	"transactionIndex": 121
}
[2018-04-29T16:59:00.050] [DEBUG] trans - TO:   0x9483da1100ea4c85323af06f8ac0ea6dba6d28ab
[2018-04-29T16:59:00.050] [DEBUG] trans - AMOUNT:   5553000000000000000000
[2018-04-29T16:59:00.050] [DEBUG] trans - Receipt info:  {
	"blockHash": "0xa2841589774f6d1383e9c0ad89e5a91ad4a02228f0eb34afe1a0b34b0abfd084",
	"blockNumber": 5527189,
	"contractAddress": null,
	"cumulativeGasUsed": 5731833,
	"gasUsed": 51589,
	"logs": [
		{
			"address": "0x7e9e431a0B8c4D532C745B1043c7FA29a48D4fBa",
			"blockHash": "0xa2841589774f6d1383e9c0ad89e5a91ad4a02228f0eb34afe1a0b34b0abfd084",
			"blockNumber": 5527189,
			"data": "0x00000000000000000000000000000000000000000000012d075b0ef1f0240000",
			"logIndex": 89,
			"topics": [
				"0xddf252ad1be2c89b69c2b068fc378daa952ba7f163c4a11628f55a4df523b3ef",
				"0x000000000000000000000000468b858c964f297fd8fce058032bf4b4911a8ad8",
				"0x0000000000000000000000009483da1100ea4c85323af06f8ac0ea6dba6d28ab"
			],
			"transactionHash": "0x2be01aabb2fdba0694009e3098c0fc0a3cff28e96ee25e9f014666ce3ad3d8f6",
			"transactionIndex": 127,
			"transactionLogIndex": "0x0",
			"type": "mined",
			"id": "log_08048c04"
		}
	],
	"logsBloom": "0x00000000000000000000000000020000000000000000000000000000000000000000000000000001000000000000000000000000000000000000000000000000000000000000010000000008000000000000000000200000000000000020000000000000000000000000000000000000000000000000000000000010000000000000000000000000000000000000000000000000000000000000008000000000000000000000000080000000000000000000000000000000000000010000000000001002000000000000000000000000000000000000000000000000000000000000000000000000000000000000000000000000000000000000000000000000",
	"root": null,
	"status": "0x1",
	"transactionHash": "0x2be01aabb2fdba0694009e3098c0fc0a3cff28e96ee25e9f014666ce3ad3d8f6",
	"transactionIndex": 127
}
[2018-04-29T16:59:00.050] [DEBUG] trans - TO:   0xbf6480b9d8a5be9392630ee451b4197e7c70a648
[2018-04-29T16:59:00.050] [DEBUG] trans - AMOUNT:   5554042200000000000000
[2018-04-29T16:59:00.050] [DEBUG] trans - Receipt info:  {
	"blockHash": "0xa2841589774f6d1383e9c0ad89e5a91ad4a02228f0eb34afe1a0b34b0abfd084",
	"blockNumber": 5527189,
	"contractAddress": null,
	"cumulativeGasUsed": 5680244,
	"gasUsed": 51717,
	"logs": [
		{
			"address": "0x7e9e431a0B8c4D532C745B1043c7FA29a48D4fBa",
			"blockHash": "0xa2841589774f6d1383e9c0ad89e5a91ad4a02228f0eb34afe1a0b34b0abfd084",
			"blockNumber": 5527189,
			"data": "0x00000000000000000000000000000000000000000000012d15d1b252c10d8000",
			"logIndex": 88,
			"topics": [
				"0xddf252ad1be2c89b69c2b068fc378daa952ba7f163c4a11628f55a4df523b3ef",
				"0x000000000000000000000000468b858c964f297fd8fce058032bf4b4911a8ad8",
				"0x000000000000000000000000bf6480b9d8a5be9392630ee451b4197e7c70a648"
			],
			"transactionHash": "0x17a53a2415a1f7e807a65398f77d30252fb710bd3846e3ee2cd961acefc2af29",
			"transactionIndex": 126,
			"transactionLogIndex": "0x0",
			"type": "mined",
			"id": "log_be8918f4"
		}
	],
	"logsBloom": "0x00000000000000000000000000020000000000000000000000000000000800000000000000000000000000000000000000000000000000000000000000000000000000000000010000000008000000000000000000000000000000000020000000000000000000000000000000000000000000000000800000000010000000000000000000000000000000000000000000000000000000000000000000000000000000000000000080000000000000000000000000000000000000010000000080001002000000000000000000000000000000000000000000000000000000000000000000000000000000000000000000000000000000000000000000000000",
	"root": null,
	"status": "0x1",
	"transactionHash": "0x17a53a2415a1f7e807a65398f77d30252fb710bd3846e3ee2cd961acefc2af29",
	"transactionIndex": 126
}
[2018-04-29T16:59:00.052] [DEBUG] trans - TO:   0x34142ed04e0754f32cb5c465ccf0c65a6a15aa90
[2018-04-29T16:59:00.052] [DEBUG] trans - AMOUNT:   5554757800000000000000
[2018-04-29T16:59:00.052] [DEBUG] trans - Receipt info:  {
	"blockHash": "0xa2841589774f6d1383e9c0ad89e5a91ad4a02228f0eb34afe1a0b34b0abfd084",
	"blockNumber": 5527189,
	"contractAddress": null,
	"cumulativeGasUsed": 5628527,
	"gasUsed": 51717,
	"logs": [
		{
			"address": "0x7e9e431a0B8c4D532C745B1043c7FA29a48D4fBa",
			"blockHash": "0xa2841589774f6d1383e9c0ad89e5a91ad4a02228f0eb34afe1a0b34b0abfd084",
			"blockNumber": 5527189,
			"data": "0x00000000000000000000000000000000000000000000012d1fc004bb5a528000",
			"logIndex": 87,
			"topics": [
				"0xddf252ad1be2c89b69c2b068fc378daa952ba7f163c4a11628f55a4df523b3ef",
				"0x000000000000000000000000468b858c964f297fd8fce058032bf4b4911a8ad8",
				"0x00000000000000000000000034142ed04e0754f32cb5c465ccf0c65a6a15aa90"
			],
			"transactionHash": "0x93badee7e22521a691a9dcbecfd3ba6742052cfaed67c1ef15b37dc5eabb8b54",
			"transactionIndex": 125,
			"transactionLogIndex": "0x0",
			"type": "mined",
			"id": "log_3453f808"
		}
	],
	"logsBloom": "0x00000000000000000000000000020000000000200000000000000000000000000000000000000000000000000000000000000000000000000000000000000000000010000000010000000008000000000000000000000000000000000020000000000000000000000000000000000000000000000000000000000010000000000000000000000000000000000000000000000000000000000000000000000000000000000000000080000000000000000000000000000000000000010000000000001002000000000000000000000000000000000000000000000000000000000000000000000000000000000000000000000000000000000040000000000000",
	"root": null,
	"status": "0x1",
	"transactionHash": "0x93badee7e22521a691a9dcbecfd3ba6742052cfaed67c1ef15b37dc5eabb8b54",
	"transactionIndex": 125
}
[2018-04-29T16:59:00.052] [DEBUG] trans - TO:   0x7117f67cc0a3142ce92db275b7450fb09ba49ff1
[2018-04-29T16:59:00.052] [DEBUG] trans - AMOUNT:   5555000000000000000000
[2018-04-29T16:59:00.052] [DEBUG] trans - Receipt info:  {
	"blockHash": "0xa2841589774f6d1383e9c0ad89e5a91ad4a02228f0eb34afe1a0b34b0abfd084",
	"blockNumber": 5527189,
	"contractAddress": null,
	"cumulativeGasUsed": 5576810,
	"gasUsed": 51653,
	"logs": [
		{
			"address": "0x7e9e431a0B8c4D532C745B1043c7FA29a48D4fBa",
			"blockHash": "0xa2841589774f6d1383e9c0ad89e5a91ad4a02228f0eb34afe1a0b34b0abfd084",
			"blockNumber": 5527189,
			"data": "0x00000000000000000000000000000000000000000000012d231c7c593eec0000",
			"logIndex": 86,
			"topics": [
				"0xddf252ad1be2c89b69c2b068fc378daa952ba7f163c4a11628f55a4df523b3ef",
				"0x000000000000000000000000468b858c964f297fd8fce058032bf4b4911a8ad8",
				"0x0000000000000000000000007117f67cc0a3142ce92db275b7450fb09ba49ff1"
			],
			"transactionHash": "0x7721eeb38ee962c6b7319445b5e95ea7e58a86e54e12bc2115a842aeccb922a8",
			"transactionIndex": 124,
			"transactionLogIndex": "0x0",
			"type": "mined",
			"id": "log_1f6b6bcb"
		}
	],
	"logsBloom": "0x00000000000000000000000000020000000000000000002000000000000000000000000000000000000000000000000000000000000000000000000000000000000000000000010000000008000000000000000000000000000000000020000000000002000000000000000000000000000000000000000000000010000000000000000000000000000000000000000000000000000000000000000000000000000000000000000080000000000000000000000000000000000000010000000000001002000000000000000000000000000000000000000000000000000000000000000000000000000000000000000000000000000000000000000000000000",
	"root": null,
	"status": "0x1",
	"transactionHash": "0x7721eeb38ee962c6b7319445b5e95ea7e58a86e54e12bc2115a842aeccb922a8",
	"transactionIndex": 124
}
[2018-04-29T16:59:00.053] [DEBUG] trans - TO:   0x3d9dbf8dd0ad72b63eee0f6e811280c1ede675be
[2018-04-29T16:59:00.053] [DEBUG] trans - AMOUNT:   5549682200000000000000
[2018-04-29T16:59:00.053] [DEBUG] trans - Receipt info:  {
	"blockHash": "0xa2841589774f6d1383e9c0ad89e5a91ad4a02228f0eb34afe1a0b34b0abfd084",
	"blockNumber": 5527189,
	"contractAddress": null,
	"cumulativeGasUsed": 5835267,
	"gasUsed": 51717,
	"logs": [
		{
			"address": "0x7e9e431a0B8c4D532C745B1043c7FA29a48D4fBa",
			"blockHash": "0xa2841589774f6d1383e9c0ad89e5a91ad4a02228f0eb34afe1a0b34b0abfd084",
			"blockNumber": 5527189,
			"data": "0x00000000000000000000000000000000000000000000012cd94fdd6c6c598000",
			"logIndex": 91,
			"topics": [
				"0xddf252ad1be2c89b69c2b068fc378daa952ba7f163c4a11628f55a4df523b3ef",
				"0x000000000000000000000000468b858c964f297fd8fce058032bf4b4911a8ad8",
				"0x0000000000000000000000003d9dbf8dd0ad72b63eee0f6e811280c1ede675be"
			],
			"transactionHash": "0xdc3a1dcbc57d0d04dc44618f5ecb150caae8644ca5b0774110e10c7ef77ef3e4",
			"transactionIndex": 129,
			"transactionLogIndex": "0x0",
			"type": "mined",
			"id": "log_5cbdb7ea"
		}
	],
	"logsBloom": "0x00008000000000000000000000020000000000000000000000000000000000000000000000000000000000000000000000000000000000000000000000000000000000000000010000000008000000000000000000000000000000000020000000000010000000000000000000200000000000000000000000000010000000000000000000000000000000000000000000000000000000000000000000000000000000000000000080000000000000000000000000000000000000010000000000001002000000000000000000000000000000000000000000000000000000000000000000000000000000000000000000000000000000000000000000000000",
	"root": null,
	"status": "0x1",
	"transactionHash": "0xdc3a1dcbc57d0d04dc44618f5ecb150caae8644ca5b0774110e10c7ef77ef3e4",
	"transactionIndex": 129
}
[2018-04-29T16:59:00.053] [DEBUG] trans - TO:   0x6501d60f917222dc2c13f82a5cf4b0691c073353
[2018-04-29T16:59:00.054] [DEBUG] trans - AMOUNT:   5560600000000000000000
[2018-04-29T16:59:00.054] [DEBUG] trans - Receipt info:  {
	"blockHash": "0xa2841589774f6d1383e9c0ad89e5a91ad4a02228f0eb34afe1a0b34b0abfd084",
	"blockNumber": 5527189,
	"contractAddress": null,
	"cumulativeGasUsed": 5163266,
	"gasUsed": 51653,
	"logs": [
		{
			"address": "0x7e9e431a0B8c4D532C745B1043c7FA29a48D4fBa",
			"blockHash": "0xa2841589774f6d1383e9c0ad89e5a91ad4a02228f0eb34afe1a0b34b0abfd084",
			"blockNumber": 5527189,
			"data": "0x00000000000000000000000000000000000000000000012d70d3aeadb51c0000",
			"logIndex": 78,
			"topics": [
				"0xddf252ad1be2c89b69c2b068fc378daa952ba7f163c4a11628f55a4df523b3ef",
				"0x000000000000000000000000468b858c964f297fd8fce058032bf4b4911a8ad8",
				"0x0000000000000000000000006501d60f917222dc2c13f82a5cf4b0691c073353"
			],
			"transactionHash": "0x017b9e702e95a582334480209716d3de18092fb22e5726f6a503e1154b585c60",
			"transactionIndex": 116,
			"transactionLogIndex": "0x0",
			"type": "mined",
			"id": "log_ee0bdbf7"
		}
	],
	"logsBloom": "0x00000000000000000000000000020000000000000000000000000000000000000000000000000000000000000000000000000000000000000000000000000000000000000000010040000008000000000000000000000000000000000020000000000000004000000000000000000000000000000000000000000010000000000080000000000000000000000000000000000000000000000000000000000000000000000000000080000000000000000000000000000000000000010000000000001002000000000000000000000000000000000000000000000000000000000000000000000000000000000000000000000000000000000000000000000000",
	"root": null,
	"status": "0x1",
	"transactionHash": "0x017b9e702e95a582334480209716d3de18092fb22e5726f6a503e1154b585c60",
	"transactionIndex": 116
}
[2018-04-29T16:59:00.055] [DEBUG] trans - TO:   0x6630a2af9f49c14c6bedeac703eb56316bd0e950
[2018-04-29T16:59:00.055] [DEBUG] trans - AMOUNT:   5548479200000000000000
[2018-04-29T16:59:00.055] [DEBUG] trans - Receipt info:  {
	"blockHash": "0xa2841589774f6d1383e9c0ad89e5a91ad4a02228f0eb34afe1a0b34b0abfd084",
	"blockNumber": 5527189,
	"contractAddress": null,
	"cumulativeGasUsed": 5990354,
	"gasUsed": 51653,
	"logs": [
		{
			"address": "0x7e9e431a0B8c4D532C745B1043c7FA29a48D4fBa",
			"blockHash": "0xa2841589774f6d1383e9c0ad89e5a91ad4a02228f0eb34afe1a0b34b0abfd084",
			"blockNumber": 5527189,
			"data": "0x00000000000000000000000000000000000000000000012cc89df34c1b8e0000",
			"logIndex": 94,
			"topics": [
				"0xddf252ad1be2c89b69c2b068fc378daa952ba7f163c4a11628f55a4df523b3ef",
				"0x000000000000000000000000468b858c964f297fd8fce058032bf4b4911a8ad8",
				"0x0000000000000000000000006630a2af9f49c14c6bedeac703eb56316bd0e950"
			],
			"transactionHash": "0xe4b3a83ac33f755fb71e785b97404646e41cdcc027dce6d64439a5f960e60b1a",
			"transactionIndex": 132,
			"transactionLogIndex": "0x0",
			"type": "mined",
			"id": "log_66edb3d1"
		}
	],
	"logsBloom": "0x00000000000000000000000000020000000000000000000000000000000000000000000000000000000000000000002000000000000000000000000000000000000000000000010000000008000000000000000000000000000000000020000000000000000000000000000000000000000000000000000000000010000000000000000000000000000000000000000000000000000000000000000000000000000000000000000080000000000000000000000000000000000000010000000000001002000000000000000000000000000000000000000000000000000000000000000000000000000000000002000000000000000000000000000000000000",
	"root": null,
	"status": "0x1",
	"transactionHash": "0xe4b3a83ac33f755fb71e785b97404646e41cdcc027dce6d64439a5f960e60b1a",
	"transactionIndex": 132
}
[2018-04-29T16:59:00.056] [DEBUG] trans - TO:   0x5cfa4ffd4e5d357b36694141d4190f25c1f310e2
[2018-04-29T16:59:00.056] [DEBUG] trans - AMOUNT:   5549175100000000000000
[2018-04-29T16:59:00.056] [DEBUG] trans - Receipt info:  {
	"blockHash": "0xa2841589774f6d1383e9c0ad89e5a91ad4a02228f0eb34afe1a0b34b0abfd084",
	"blockNumber": 5527189,
	"contractAddress": null,
	"cumulativeGasUsed": 5938701,
	"gasUsed": 51717,
	"logs": [
		{
			"address": "0x7e9e431a0B8c4D532C745B1043c7FA29a48D4fBa",
			"blockHash": "0xa2841589774f6d1383e9c0ad89e5a91ad4a02228f0eb34afe1a0b34b0abfd084",
			"blockNumber": 5527189,
			"data": "0x00000000000000000000000000000000000000000000012cd24648a906bfc000",
			"logIndex": 93,
			"topics": [
				"0xddf252ad1be2c89b69c2b068fc378daa952ba7f163c4a11628f55a4df523b3ef",
				"0x000000000000000000000000468b858c964f297fd8fce058032bf4b4911a8ad8",
				"0x0000000000000000000000005cfa4ffd4e5d357b36694141d4190f25c1f310e2"
			],
			"transactionHash": "0x72819375406326b07f2f6e66f0e9f5fbba9a8d59132988d4d2c3e3b76a29d039",
			"transactionIndex": 131,
			"transactionLogIndex": "0x0",
			"type": "mined",
			"id": "log_303071f4"
		}
	],
	"logsBloom": "0x00000000000000000000000000020000000000000000000000000000000000000000000000000000000000000000000000000000000000000000000000000000000000000000010000000008000000000000000000000000000000000020400000000000000000000000000000000000000000000000000000000010000000000000000000000000000000000000000000000000000000000000000000000000002000004000000080000000000000000000000000000000000000010000000000001002000000000000000000000000000000000000000000000000000000000000000000000000000000000000000000000000000000000000000000000000",
	"root": null,
	"status": "0x1",
	"transactionHash": "0x72819375406326b07f2f6e66f0e9f5fbba9a8d59132988d4d2c3e3b76a29d039",
	"transactionIndex": 131
}
[2018-04-29T16:59:00.056] [DEBUG] trans - TO:   0xe1120d280b79424a77f96737c013d87c364a21e6
[2018-04-29T16:59:00.056] [DEBUG] trans - AMOUNT:   5549536300000000000000
[2018-04-29T16:59:00.056] [DEBUG] trans - Receipt info:  {
	"blockHash": "0xa2841589774f6d1383e9c0ad89e5a91ad4a02228f0eb34afe1a0b34b0abfd084",
	"blockNumber": 5527189,
	"contractAddress": null,
	"cumulativeGasUsed": 5886984,
	"gasUsed": 51717,
	"logs": [
		{
			"address": "0x7e9e431a0B8c4D532C745B1043c7FA29a48D4fBa",
			"blockHash": "0xa2841589774f6d1383e9c0ad89e5a91ad4a02228f0eb34afe1a0b34b0abfd084",
			"blockNumber": 5527189,
			"data": "0x00000000000000000000000000000000000000000000012cd7498625839ec000",
			"logIndex": 92,
			"topics": [
				"0xddf252ad1be2c89b69c2b068fc378daa952ba7f163c4a11628f55a4df523b3ef",
				"0x000000000000000000000000468b858c964f297fd8fce058032bf4b4911a8ad8",
				"0x000000000000000000000000e1120d280b79424a77f96737c013d87c364a21e6"
			],
			"transactionHash": "0x094f5c0883414baace7d40a7a3a135f9de8dc03f63f93254b280eec7b298b1d8",
			"transactionIndex": 130,
			"transactionLogIndex": "0x0",
			"type": "mined",
			"id": "log_df731ad8"
		}
	],
	"logsBloom": "0x00000000000000000000000000020000000000000000000000000000000000000000000000000000000000000000000000000000000000000000000000000000000000000000010000000008000000000000000000000000000000080020000000000800000000000000000000000000000000000000000000000010000000000000000000000000000000000000000000000000000000000000000000000000000000000000000080000000000000000000000000000000000000010000000000001002001000000000000000000000000000000000000000000000000000000000000000000000000000000000000000000000000000000000000000000000",
	"root": null,
	"status": "0x1",
	"transactionHash": "0x094f5c0883414baace7d40a7a3a135f9de8dc03f63f93254b280eec7b298b1d8",
	"transactionIndex": 130
}
[2018-04-29T16:59:00.057] [DEBUG] trans - TO:   0x17ed5f0b81f91736a13ddab07fc34c00a36d26c5
[2018-04-29T16:59:00.057] [DEBUG] trans - AMOUNT:   5546917900000000000000
[2018-04-29T16:59:00.057] [DEBUG] trans - Receipt info:  {
	"blockHash": "0xa2841589774f6d1383e9c0ad89e5a91ad4a02228f0eb34afe1a0b34b0abfd084",
	"blockNumber": 5527189,
	"contractAddress": null,
	"cumulativeGasUsed": 6042007,
	"gasUsed": 51653,
	"logs": [
		{
			"address": "0x7e9e431a0B8c4D532C745B1043c7FA29a48D4fBa",
			"blockHash": "0xa2841589774f6d1383e9c0ad89e5a91ad4a02228f0eb34afe1a0b34b0abfd084",
			"blockNumber": 5527189,
			"data": "0x00000000000000000000000000000000000000000000012cb2f319382bbcc000",
			"logIndex": 95,
			"topics": [
				"0xddf252ad1be2c89b69c2b068fc378daa952ba7f163c4a11628f55a4df523b3ef",
				"0x000000000000000000000000468b858c964f297fd8fce058032bf4b4911a8ad8",
				"0x00000000000000000000000017ed5f0b81f91736a13ddab07fc34c00a36d26c5"
			],
			"transactionHash": "0x4fc5a2b2e6bbc7b700d08fb65a5f072a297f04bc40667872b388abeb63fb7527",
			"transactionIndex": 133,
			"transactionLogIndex": "0x0",
			"type": "mined",
			"id": "log_4295fe0c"
		}
	],
	"logsBloom": "0x01000000000000000001000000020000000000000000000000000000000000000000000000000000000000000000000000000000000000000000000000000000000000000000010000000008000000000000000000000000000000000020000000000000000000000000000000000000000000000000000000000010000000000000000000008000000000000000000000000000000000000000000000000000000000000000000080000000000000000000000000000000000000010000000000001002000000000000000000000000000000000000000000000000000000000000000000000000000000000000000000000000000000000000000000000000",
	"root": null,
	"status": "0x1",
	"transactionHash": "0x4fc5a2b2e6bbc7b700d08fb65a5f072a297f04bc40667872b388abeb63fb7527",
	"transactionIndex": 133
}
[2018-04-29T16:59:00.058] [DEBUG] trans - TO:   0xca1bccd72d7e58257421827994006c6985c38920
[2018-04-29T16:59:00.058] [DEBUG] trans - AMOUNT:   5545513700000000000000
[2018-04-29T16:59:00.058] [DEBUG] trans - Receipt info:  {
	"blockHash": "0xa2841589774f6d1383e9c0ad89e5a91ad4a02228f0eb34afe1a0b34b0abfd084",
	"blockNumber": 5527189,
	"contractAddress": null,
	"cumulativeGasUsed": 6145377,
	"gasUsed": 51653,
	"logs": [
		{
			"address": "0x7e9e431a0B8c4D532C745B1043c7FA29a48D4fBa",
			"blockHash": "0xa2841589774f6d1383e9c0ad89e5a91ad4a02228f0eb34afe1a0b34b0abfd084",
			"blockNumber": 5527189,
			"data": "0x00000000000000000000000000000000000000000000012c9f7660c25a224000",
			"logIndex": 97,
			"topics": [
				"0xddf252ad1be2c89b69c2b068fc378daa952ba7f163c4a11628f55a4df523b3ef",
				"0x000000000000000000000000468b858c964f297fd8fce058032bf4b4911a8ad8",
				"0x000000000000000000000000ca1bccd72d7e58257421827994006c6985c38920"
			],
			"transactionHash": "0xf3ce3b1399bbd93de0bae2ed4f8b511044115647f008137551a77a03f73c2c68",
			"transactionIndex": 135,
			"transactionLogIndex": "0x0",
			"type": "mined",
			"id": "log_19749d19"
		}
	],
	"logsBloom": "0x00000000000000000000000000020000000000000000000000000000000000000000000000000000000000000000000000000000000000000000000000000000000000000000010000000008000000000000000000000000000000000020000000000000100000000000000000000000000000000000000000004010000000000000000000000000000000000000000000000000000000000000000000000000000000000000000080000000000000000000000000000000000000010000000000001002000000000000000000000000000000000000000000000000000000000000000000000000000000000000000000008000000000000000000000000000",
	"root": null,
	"status": "0x1",
	"transactionHash": "0xf3ce3b1399bbd93de0bae2ed4f8b511044115647f008137551a77a03f73c2c68",
	"transactionIndex": 135
}
[2018-04-29T16:59:00.059] [DEBUG] trans - TO:   0x7a861852d3fe3fb7b867db530fd9f2c8a23228d5
[2018-04-29T16:59:00.059] [DEBUG] trans - AMOUNT:   5544090600000000000000
[2018-04-29T16:59:00.059] [DEBUG] trans - Receipt info:  {
	"blockHash": "0xa2841589774f6d1383e9c0ad89e5a91ad4a02228f0eb34afe1a0b34b0abfd084",
	"blockNumber": 5527189,
	"contractAddress": null,
	"cumulativeGasUsed": 6197094,
	"gasUsed": 51717,
	"logs": [
		{
			"address": "0x7e9e431a0B8c4D532C745B1043c7FA29a48D4fBa",
			"blockHash": "0xa2841589774f6d1383e9c0ad89e5a91ad4a02228f0eb34afe1a0b34b0abfd084",
			"blockNumber": 5527189,
			"data": "0x00000000000000000000000000000000000000000000012c8bb682d95e468000",
			"logIndex": 98,
			"topics": [
				"0xddf252ad1be2c89b69c2b068fc378daa952ba7f163c4a11628f55a4df523b3ef",
				"0x000000000000000000000000468b858c964f297fd8fce058032bf4b4911a8ad8",
				"0x0000000000000000000000007a861852d3fe3fb7b867db530fd9f2c8a23228d5"
			],
			"transactionHash": "0x2fe8a2e22d0cd40d29a934f584f9a52720c30b7cc35d5d52a45889f6a2062414",
			"transactionIndex": 136,
			"transactionLogIndex": "0x0",
			"type": "mined",
			"id": "log_5536a728"
		}
	],
	"logsBloom": "0x00000000000000000000000000020000000000000000000000000000000000000000000000000000000000000000000000000000000000000000000000000000000000000000010000000008000000000000000000000000000000000020000000000000000000000000002000000000000000000000000000000010000000000000000000000000000000000000000000000000000000000000000000000000000000000000000080000000000001000000000000000000080000010000000000001002000000000000000000000000000000000000000000000000000000000000000000000000000000000000000000000000000000000000000000000000",
	"root": null,
	"status": "0x1",
	"transactionHash": "0x2fe8a2e22d0cd40d29a934f584f9a52720c30b7cc35d5d52a45889f6a2062414",
	"transactionIndex": 136
}
[2018-04-29T16:59:00.060] [DEBUG] trans - TO:   0xab43c8198cf5aa085129ac8c7d848f4570d8d80d
[2018-04-29T16:59:00.060] [DEBUG] trans - AMOUNT:   5545653400000000000000
[2018-04-29T16:59:00.060] [DEBUG] trans - Receipt info:  {
	"blockHash": "0xa2841589774f6d1383e9c0ad89e5a91ad4a02228f0eb34afe1a0b34b0abfd084",
	"blockNumber": 5527189,
	"contractAddress": null,
	"cumulativeGasUsed": 6093724,
	"gasUsed": 51717,
	"logs": [
		{
			"address": "0x7e9e431a0B8c4D532C745B1043c7FA29a48D4fBa",
			"blockHash": "0xa2841589774f6d1383e9c0ad89e5a91ad4a02228f0eb34afe1a0b34b0abfd084",
			"blockNumber": 5527189,
			"data": "0x00000000000000000000000000000000000000000000012ca166b12b45418000",
			"logIndex": 96,
			"topics": [
				"0xddf252ad1be2c89b69c2b068fc378daa952ba7f163c4a11628f55a4df523b3ef",
				"0x000000000000000000000000468b858c964f297fd8fce058032bf4b4911a8ad8",
				"0x000000000000000000000000ab43c8198cf5aa085129ac8c7d848f4570d8d80d"
			],
			"transactionHash": "0x86d8928530a0973f1c196d18fab1ee1d65cc7c9b358ca6b285cce4ac2a8c1245",
			"transactionIndex": 134,
			"transactionLogIndex": "0x0",
			"type": "mined",
			"id": "log_42eac849"
		}
	],
	"logsBloom": "0x00000000000000000000000000020000200000000000000000000000000000000000000000000000000000000000000000000000000000000000000000000000000000000000010000000008000000000000000000000000000000000020000000000000000000000000000000000000000000000000000000000010020000000000000000000000000000000000000000000000000000000000000000000000000000000000000080000000000000000000000000000000000000010000000000001002000000000000000000000000000000000000000000000000040000000000000000000000000000000000000000000000000000000000000000000000",
	"root": null,
	"status": "0x1",
	"transactionHash": "0x86d8928530a0973f1c196d18fab1ee1d65cc7c9b358ca6b285cce4ac2a8c1245",
	"transactionIndex": 134
}
[2018-04-29T16:59:00.060] [DEBUG] trans - TO:   0x25d54e7498a5e28f9f2bbb762320563e07908cb8
[2018-04-29T16:59:00.061] [DEBUG] trans - AMOUNT:   5540000000000000000000
[2018-04-29T16:59:00.061] [DEBUG] trans - Receipt info:  {
	"blockHash": "0xa2841589774f6d1383e9c0ad89e5a91ad4a02228f0eb34afe1a0b34b0abfd084",
	"blockNumber": 5527189,
	"contractAddress": null,
	"cumulativeGasUsed": 6248747,
	"gasUsed": 51653,
	"logs": [
		{
			"address": "0x7e9e431a0B8c4D532C745B1043c7FA29a48D4fBa",
			"blockHash": "0xa2841589774f6d1383e9c0ad89e5a91ad4a02228f0eb34afe1a0b34b0abfd084",
			"blockNumber": 5527189,
			"data": "0x00000000000000000000000000000000000000000000012c52f1c7d270100000",
			"logIndex": 99,
			"topics": [
				"0xddf252ad1be2c89b69c2b068fc378daa952ba7f163c4a11628f55a4df523b3ef",
				"0x000000000000000000000000468b858c964f297fd8fce058032bf4b4911a8ad8",
				"0x00000000000000000000000025d54e7498a5e28f9f2bbb762320563e07908cb8"
			],
			"transactionHash": "0x5b670237adc311fe5314d3269206a811c239f0862a49fddbf3f921ee60683a66",
			"transactionIndex": 137,
			"transactionLogIndex": "0x0",
			"type": "mined",
			"id": "log_bce6103c"
		}
	],
	"logsBloom": "0x00000000000000000000000000020000000000000040000000000000000000020000000000000000000000000000000000000000000000000000000000000000000000000000010000000008000000000000000000000000000000000020000000000000000000000000040000000000000000000000000000000010000000000000000000000000000000000000000000000000000000000000000000000000000000000000000080000000000000000000000000000000000000010000000000001002000000000000000000000000000000000000000000000000000000000000000000000000000000000000000000000000000000000000000000000000",
	"root": null,
	"status": "0x1",
	"transactionHash": "0x5b670237adc311fe5314d3269206a811c239f0862a49fddbf3f921ee60683a66",
	"transactionIndex": 137
}
[2018-04-29T16:59:00.061] [DEBUG] trans - TO:   0xb0133af7bf1aef34440f520b3e5bfc897130b430
[2018-04-29T16:59:00.061] [DEBUG] trans - AMOUNT:   5539665900000000000000
[2018-04-29T16:59:00.061] [DEBUG] trans - Receipt info:  {
	"blockHash": "0xa2841589774f6d1383e9c0ad89e5a91ad4a02228f0eb34afe1a0b34b0abfd084",
	"blockNumber": 5527189,
	"contractAddress": null,
	"cumulativeGasUsed": 6300464,
	"gasUsed": 51717,
	"logs": [
		{
			"address": "0x7e9e431a0B8c4D532C745B1043c7FA29a48D4fBa",
			"blockHash": "0xa2841589774f6d1383e9c0ad89e5a91ad4a02228f0eb34afe1a0b34b0abfd084",
			"blockNumber": 5527189,
			"data": "0x00000000000000000000000000000000000000000000012c4e4ed1a4649ac000",
			"logIndex": 100,
			"topics": [
				"0xddf252ad1be2c89b69c2b068fc378daa952ba7f163c4a11628f55a4df523b3ef",
				"0x000000000000000000000000468b858c964f297fd8fce058032bf4b4911a8ad8",
				"0x000000000000000000000000b0133af7bf1aef34440f520b3e5bfc897130b430"
			],
			"transactionHash": "0x76507f80514ef42d7f04d4f6bd668268bbac1a67c0317c44628e098d49399775",
			"transactionIndex": 138,
			"transactionLogIndex": "0x0",
			"type": "mined",
			"id": "log_be8afce4"
		}
	],
	"logsBloom": "0x00000000000000000000000000020000000000000000000000000000000000000000000000000000000000000000000000000000000000000000000000000000000000000000010000000008000000000000000001000000000000000020000000000000000000000000000000000000080000000000000000000010000000000000000000000000000000000000000000000000000000000000000000000000000000000000000080000000000000000000000000000000000000010000000000001002000000000000000000000000000000000000000000000000000000000008000000000000000000000000000000000000000000000000000000000000",
	"root": null,
	"status": "0x1",
	"transactionHash": "0x76507f80514ef42d7f04d4f6bd668268bbac1a67c0317c44628e098d49399775",
	"transactionIndex": 138
}
[2018-04-29T16:59:00.062] [DEBUG] trans - TO:   0x19bc8bc44d0480ed569e06aa54d14be68b04d01a
[2018-04-29T16:59:00.062] [DEBUG] trans - AMOUNT:   5538912200000000000000
[2018-04-29T16:59:00.062] [DEBUG] trans - Receipt info:  {
	"blockHash": "0xa2841589774f6d1383e9c0ad89e5a91ad4a02228f0eb34afe1a0b34b0abfd084",
	"blockNumber": 5527189,
	"contractAddress": null,
	"cumulativeGasUsed": 6352181,
	"gasUsed": 51717,
	"logs": [
		{
			"address": "0x7e9e431a0B8c4D532C745B1043c7FA29a48D4fBa",
			"blockHash": "0xa2841589774f6d1383e9c0ad89e5a91ad4a02228f0eb34afe1a0b34b0abfd084",
			"blockNumber": 5527189,
			"data": "0x00000000000000000000000000000000000000000000012c43d9237c45648000",
			"logIndex": 101,
			"topics": [
				"0xddf252ad1be2c89b69c2b068fc378daa952ba7f163c4a11628f55a4df523b3ef",
				"0x000000000000000000000000468b858c964f297fd8fce058032bf4b4911a8ad8",
				"0x00000000000000000000000019bc8bc44d0480ed569e06aa54d14be68b04d01a"
			],
			"transactionHash": "0x8516e4d411d7a2b2735dac7b61e9d7a6a9877385ee40ac7ecb4a9104189ae25f",
			"transactionIndex": 139,
			"transactionLogIndex": "0x0",
			"type": "mined",
			"id": "log_ada820a9"
		}
	],
	"logsBloom": "0x00000000000000000000000000020000000000000000000000000000000000000000000000000000000000000000000000000000000000000000000000000000000000000000010000000008000000000000000000000000000040000020000000000000000000000000000000000000000000000000000000200010000000000000000000000000000000000000000000000000000000000000000000000000000000010000000080000000000000000000000000000000000000010000000000001002000000000000000000000000000000000000000000000000000000000000000000000000000000000000000000000000000000000000000000000000",
	"root": null,
	"status": "0x1",
	"transactionHash": "0x8516e4d411d7a2b2735dac7b61e9d7a6a9877385ee40ac7ecb4a9104189ae25f",
	"transactionIndex": 139
}
[2018-04-29T16:59:00.064] [DEBUG] trans - TO:   0x0ea468d80b0742ed204fbff4732313de45e07c23
[2018-04-29T16:59:00.064] [DEBUG] trans - AMOUNT:   5536187600000000000000
[2018-04-29T16:59:00.064] [DEBUG] trans - Receipt info:  {
	"blockHash": "0xa2841589774f6d1383e9c0ad89e5a91ad4a02228f0eb34afe1a0b34b0abfd084",
	"blockNumber": 5527189,
	"contractAddress": null,
	"cumulativeGasUsed": 6507204,
	"gasUsed": 51653,
	"logs": [
		{
			"address": "0x7e9e431a0B8c4D532C745B1043c7FA29a48D4fBa",
			"blockHash": "0xa2841589774f6d1383e9c0ad89e5a91ad4a02228f0eb34afe1a0b34b0abfd084",
			"blockNumber": 5527189,
			"data": "0x00000000000000000000000000000000000000000000012c1e096a38925d0000",
			"logIndex": 104,
			"topics": [
				"0xddf252ad1be2c89b69c2b068fc378daa952ba7f163c4a11628f55a4df523b3ef",
				"0x000000000000000000000000468b858c964f297fd8fce058032bf4b4911a8ad8",
				"0x0000000000000000000000000ea468d80b0742ed204fbff4732313de45e07c23"
			],
			"transactionHash": "0xb44bd6661a321533b6b4cad466571ec832d0af9c6cd41c02aad63b7e6be1bf1d",
			"transactionIndex": 142,
			"transactionLogIndex": "0x0",
			"type": "mined",
			"id": "log_4fb508e0"
		}
	],
	"logsBloom": "0x00000000000000000000000000020000000000000000002000000000000000000000000000000000000000000000000000000000000000000000000000000000000000000000010000000008000000800000000000000010000000000020000000000000000000000000000000000000000000000000000000000010000000000000000000000000000000000000000000000000000000000000000000000000000000000000000080000000000000000000000000000000000000010000000000001002000000000000000000000000000000000000000000000000000000000000000000000000000000000000000000000000000000000000000000000000",
	"root": null,
	"status": "0x1",
	"transactionHash": "0xb44bd6661a321533b6b4cad466571ec832d0af9c6cd41c02aad63b7e6be1bf1d",
	"transactionIndex": 142
}
[2018-04-29T16:59:00.064] [DEBUG] trans - TO:   0x9f558b14ace731f7aa775b01c6013a91cb23b0c9
[2018-04-29T16:59:00.064] [DEBUG] trans - AMOUNT:   5535345500000000000000
[2018-04-29T16:59:00.064] [DEBUG] trans - Receipt info:  {
	"blockHash": "0xa2841589774f6d1383e9c0ad89e5a91ad4a02228f0eb34afe1a0b34b0abfd084",
	"blockNumber": 5527189,
	"contractAddress": null,
	"cumulativeGasUsed": 6558921,
	"gasUsed": 51717,
	"logs": [
		{
			"address": "0x7e9e431a0B8c4D532C745B1043c7FA29a48D4fBa",
			"blockHash": "0xa2841589774f6d1383e9c0ad89e5a91ad4a02228f0eb34afe1a0b34b0abfd084",
			"blockNumber": 5527189,
			"data": "0x00000000000000000000000000000000000000000000012c1259acbb8d01c000",
			"logIndex": 105,
			"topics": [
				"0xddf252ad1be2c89b69c2b068fc378daa952ba7f163c4a11628f55a4df523b3ef",
				"0x000000000000000000000000468b858c964f297fd8fce058032bf4b4911a8ad8",
				"0x0000000000000000000000009f558b14ace731f7aa775b01c6013a91cb23b0c9"
			],
			"transactionHash": "0xbcff4b78ede4a5168b2fe8560d29f69e2815f009b87f21e56188f4db3acccab2",
			"transactionIndex": 143,
			"transactionLogIndex": "0x0",
			"type": "mined",
			"id": "log_99874ecd"
		}
	],
	"logsBloom": "0x00000000000000000000008000020000000000000000000000000000000000000000000000000000000000000000000000000000000000000000000000000000000000000000010000000008000000000000000000000000000000000020000000000000000000000000000000000000000000000000000000000010000000000000000000000000000000000000000000000000000000000000000000000000000000000000000080000000000000000000000000000000000000018000000000001002000000000000000000000000000000000000000100000000000000000000000000000000000000000000000000000000000000000000000000000000",
	"root": null,
	"status": "0x1",
	"transactionHash": "0xbcff4b78ede4a5168b2fe8560d29f69e2815f009b87f21e56188f4db3acccab2",
	"transactionIndex": 143
}
[2018-04-29T16:59:00.065] [DEBUG] trans - TO:   0xc589563643b2da46aeeae638b1adff4cc8850995
[2018-04-29T16:59:00.065] [DEBUG] trans - AMOUNT:   5538500000000000000000
[2018-04-29T16:59:00.065] [DEBUG] trans - Receipt info:  {
	"blockHash": "0xa2841589774f6d1383e9c0ad89e5a91ad4a02228f0eb34afe1a0b34b0abfd084",
	"blockNumber": 5527189,
	"contractAddress": null,
	"cumulativeGasUsed": 6403834,
	"gasUsed": 51653,
	"logs": [
		{
			"address": "0x7e9e431a0B8c4D532C745B1043c7FA29a48D4fBa",
			"blockHash": "0xa2841589774f6d1383e9c0ad89e5a91ad4a02228f0eb34afe1a0b34b0abfd084",
			"blockNumber": 5527189,
			"data": "0x00000000000000000000000000000000000000000000012c3e20b5c4f4fa0000",
			"logIndex": 102,
			"topics": [
				"0xddf252ad1be2c89b69c2b068fc378daa952ba7f163c4a11628f55a4df523b3ef",
				"0x000000000000000000000000468b858c964f297fd8fce058032bf4b4911a8ad8",
				"0x000000000000000000000000c589563643b2da46aeeae638b1adff4cc8850995"
			],
			"transactionHash": "0x293382f3cf17de22b59ad467eed95c1d8c909f74ad86d63b05f506f45e5eb625",
			"transactionIndex": 140,
			"transactionLogIndex": "0x0",
			"type": "mined",
			"id": "log_518a5ad5"
		}
	],
	"logsBloom": "0x00000000000000000000000000020000000000000000000000000000000000000000000100000000000000000000000000000000000000000000000000000000000000000000010000000008000000000000000040000000000000000020000000000000000000000000000000000000000000000000000000000010000000000000000000000000000000000000000000000000000000000000000000000000000000000000000080000000000400000000000000000000000000010000000000001002000000000000000000000000000000000000000000000000000000000000000000000000000000000000000000000000000000000000000000000000",
	"root": null,
	"status": "0x1",
	"transactionHash": "0x293382f3cf17de22b59ad467eed95c1d8c909f74ad86d63b05f506f45e5eb625",
	"transactionIndex": 140
}
[2018-04-29T16:59:00.065] [DEBUG] trans - TO:   0xc82aba1587deb9cea47b5056e8fed9a1640314f5
[2018-04-29T16:59:00.065] [DEBUG] trans - AMOUNT:   5538368700000000000000
[2018-04-29T16:59:00.065] [DEBUG] trans - Receipt info:  {
	"blockHash": "0xa2841589774f6d1383e9c0ad89e5a91ad4a02228f0eb34afe1a0b34b0abfd084",
	"blockNumber": 5527189,
	"contractAddress": null,
	"cumulativeGasUsed": 6455551,
	"gasUsed": 51717,
	"logs": [
		{
			"address": "0x7e9e431a0B8c4D532C745B1043c7FA29a48D4fBa",
			"blockHash": "0xa2841589774f6d1383e9c0ad89e5a91ad4a02228f0eb34afe1a0b34b0abfd084",
			"blockNumber": 5527189,
			"data": "0x00000000000000000000000000000000000000000000012c3c4e3d1d71f7c000",
			"logIndex": 103,
			"topics": [
				"0xddf252ad1be2c89b69c2b068fc378daa952ba7f163c4a11628f55a4df523b3ef",
				"0x000000000000000000000000468b858c964f297fd8fce058032bf4b4911a8ad8",
				"0x000000000000000000000000c82aba1587deb9cea47b5056e8fed9a1640314f5"
			],
			"transactionHash": "0x7d4b48c95ffa842130e08419e3c00a7ae421a5c1a446bf8cc05e819312d4a5f4",
			"transactionIndex": 141,
			"transactionLogIndex": "0x0",
			"type": "mined",
			"id": "log_95a25eed"
		}
	],
	"logsBloom": "0x00000000000000000000000000020000000000000000000000000000000000008000000000000000000000000000000000000000000000000000000040000000000000000000010000000008000000000000000000000000000000000020000000000000000000000000000000000000000000000000000000000010000000000000000000000000000000000000000080000000000000000000000000000000000000000000000080000000000000000000000000000000000000010000000000001002000000000000000000000000000000000000000000000000000000000000000000000000000000000000000000000000000000000000000000000000",
	"root": null,
	"status": "0x1",
	"transactionHash": "0x7d4b48c95ffa842130e08419e3c00a7ae421a5c1a446bf8cc05e819312d4a5f4",
	"transactionIndex": 141
}
[2018-04-29T16:59:00.066] [DEBUG] trans - TO:   0x7ce7f8c0aa2bd586e83828cb6c67c4422824b4fe
[2018-04-29T16:59:00.066] [DEBUG] trans - AMOUNT:   5550448500000000000000
[2018-04-29T16:59:00.067] [DEBUG] trans - Receipt info:  {
	"blockHash": "0xa2841589774f6d1383e9c0ad89e5a91ad4a02228f0eb34afe1a0b34b0abfd084",
	"blockNumber": 5527189,
	"contractAddress": null,
	"cumulativeGasUsed": 5783550,
	"gasUsed": 51717,
	"logs": [
		{
			"address": "0x7e9e431a0B8c4D532C745B1043c7FA29a48D4fBa",
			"blockHash": "0xa2841589774f6d1383e9c0ad89e5a91ad4a02228f0eb34afe1a0b34b0abfd084",
			"blockNumber": 5527189,
			"data": "0x00000000000000000000000000000000000000000000012ce3f24f36a7bb4000",
			"logIndex": 90,
			"topics": [
				"0xddf252ad1be2c89b69c2b068fc378daa952ba7f163c4a11628f55a4df523b3ef",
				"0x000000000000000000000000468b858c964f297fd8fce058032bf4b4911a8ad8",
				"0x0000000000000000000000007ce7f8c0aa2bd586e83828cb6c67c4422824b4fe"
			],
			"transactionHash": "0x553e6da89df27fc4122c9472d5347c7bedb73634a0a43b72fdc2cd8d1183d0e8",
			"transactionIndex": 128,
			"transactionLogIndex": "0x0",
			"type": "mined",
			"id": "log_67550b30"
		}
	],
	"logsBloom": "0x00000000000000000000000000020000000000000000000000000000000000000000000040000000000000000000000000000000000002000000000000000000000000000000010000000008000000000000000000000000000000000020000000000000000000000000000000000000000000000000000000000010000000000000000000000000000000000000000000000000000000000000000000000000000000000000020080000000000000000000000000000000000000010000000000001002000000000000000000000000000000000000000000000000000000000000000000000000000000000000000000000000000000000000000000000000",
	"root": null,
	"status": "0x1",
	"transactionHash": "0x553e6da89df27fc4122c9472d5347c7bedb73634a0a43b72fdc2cd8d1183d0e8",
	"transactionIndex": 128
}
[2018-04-29T16:59:00.067] [DEBUG] trans - TO:   0xeb175e60f579e7c6d65ff7028585dd6eb8331a6f
[2018-04-29T16:59:00.067] [DEBUG] trans - AMOUNT:   5560623600000000000000
[2018-04-29T16:59:00.067] [DEBUG] trans - Receipt info:  {
	"blockHash": "0xa2841589774f6d1383e9c0ad89e5a91ad4a02228f0eb34afe1a0b34b0abfd084",
	"blockNumber": 5527189,
	"contractAddress": null,
	"cumulativeGasUsed": 5111613,
	"gasUsed": 51653,
	"logs": [
		{
			"address": "0x7e9e431a0B8c4D532C745B1043c7FA29a48D4fBa",
			"blockHash": "0xa2841589774f6d1383e9c0ad89e5a91ad4a02228f0eb34afe1a0b34b0abfd084",
			"blockNumber": 5527189,
			"data": "0x00000000000000000000000000000000000000000000012d712786c0e5cf0000",
			"logIndex": 77,
			"topics": [
				"0xddf252ad1be2c89b69c2b068fc378daa952ba7f163c4a11628f55a4df523b3ef",
				"0x000000000000000000000000468b858c964f297fd8fce058032bf4b4911a8ad8",
				"0x000000000000000000000000eb175e60f579e7c6d65ff7028585dd6eb8331a6f"
			],
			"transactionHash": "0x88149beaa3f8a02c6012d9f679755a793b3a411aa3a9a14cb9c58859f4a2079c",
			"transactionIndex": 115,
			"transactionLogIndex": "0x0",
			"type": "mined",
			"id": "log_9e66d36f"
		}
	],
	"logsBloom": "0x00000000000000000000000000028000000000000000000000000000000000000000000000000000000000000000000000000000000000000000000000000000000000000000010000000008000000000000000000000000000000000020000000000000000000000000000000000000000000000000000000000010000000000000000000000000000000000000000000000000000000000000000000000000000000000000000080000000000000000000000000000000000000010000000000001002020000000000000000000000000000000000000000000000000000000000000000000000000000000000000000000000000000000000000020000000",
	"root": null,
	"status": "0x1",
	"transactionHash": "0x88149beaa3f8a02c6012d9f679755a793b3a411aa3a9a14cb9c58859f4a2079c",
	"transactionIndex": 115
}
