[2018-04-26T19:52:29.981] [DEBUG] trans - TO:   0x4a38c02ae1065edad04e10d0bf341e4507a13b96
[2018-04-26T19:52:29.982] [DEBUG] trans - AMOUNT:   1019903000000000000000
[2018-04-26T19:52:29.982] [DEBUG] trans - Receipt info:  {
	"blockHash": "0x24ed4cdb9c4e9a9452f4f5e82d9a0c544aeaec10d9a8eeaf7f23b5c5fd2e2094",
	"blockNumber": 5510617,
	"contractAddress": null,
	"cumulativeGasUsed": 643166,
	"gasUsed": 51653,
	"logs": [
		{
			"address": "0x7e9e431a0B8c4D532C745B1043c7FA29a48D4fBa",
			"blockHash": "0x24ed4cdb9c4e9a9452f4f5e82d9a0c544aeaec10d9a8eeaf7f23b5c5fd2e2094",
			"blockNumber": 5510617,
			"data": "0x00000000000000000000000000000000000000000000003749ff56d283398000",
			"logIndex": 7,
			"topics": [
				"0xddf252ad1be2c89b69c2b068fc378daa952ba7f163c4a11628f55a4df523b3ef",
				"0x000000000000000000000000468b858c964f297fd8fce058032bf4b4911a8ad8",
				"0x0000000000000000000000004a38c02ae1065edad04e10d0bf341e4507a13b96"
			],
			"transactionHash": "0x6259f47504f8d215108c9dc24a21393dd6c7bae3e694e157fec4481dbf6c5b13",
			"transactionIndex": 19,
			"transactionLogIndex": "0x0",
			"type": "mined",
			"id": "log_9445a120"
		}
	],
	"logsBloom": "0x00000000000000000000400000020000000000000000000000000000000000000000000000000000000000000000000000000004000000000000000000000000000000000000010000000008000000000000000000000000000000000020000000000000000000000000000000000000000000000000000000000010000000000000000000000000000000000000000000000000000000000000000000000000000000000000000080000000000000000000000000000000000000010000000000001002000000000000000000000000000000000000000000000000000000000000000000000000000000000000000000000000000040000000000000000000",
	"root": null,
	"status": "0x1",
	"transactionHash": "0x6259f47504f8d215108c9dc24a21393dd6c7bae3e694e157fec4481dbf6c5b13",
	"transactionIndex": 19
}
[2018-04-26T19:52:33.984] [DEBUG] trans - TO:   0x352e9c3499769d895443d4dc852f2f678fc4b360
[2018-04-26T19:52:33.984] [DEBUG] trans - AMOUNT:   1019628900000000000000
[2018-04-26T19:52:33.984] [DEBUG] trans - Receipt info:  {
	"blockHash": "0x76ac60e4c99702c9383e0ca0f08c169b2e675f140b09c18048bf114b8d3e9a4d",
	"blockNumber": 5510618,
	"contractAddress": null,
	"cumulativeGasUsed": 1495242,
	"gasUsed": 51653,
	"logs": [
		{
			"address": "0x7e9e431a0B8c4D532C745B1043c7FA29a48D4fBa",
			"blockHash": "0x76ac60e4c99702c9383e0ca0f08c169b2e675f140b09c18048bf114b8d3e9a4d",
			"blockNumber": 5510618,
			"data": "0x00000000000000000000000000000000000000000000003746318a53164a4000",
			"logIndex": 21,
			"topics": [
				"0xddf252ad1be2c89b69c2b068fc378daa952ba7f163c4a11628f55a4df523b3ef",
				"0x000000000000000000000000468b858c964f297fd8fce058032bf4b4911a8ad8",
				"0x000000000000000000000000352e9c3499769d895443d4dc852f2f678fc4b360"
			],
			"transactionHash": "0x3819c54788f83f3c0be486116a0b06b10114642a1fa1fabdeab44bb8c34cf3dc",
			"transactionIndex": 36,
			"transactionLogIndex": "0x0",
			"type": "mined",
			"id": "log_5f68e351"
		}
	],
	"logsBloom": "0x00000000000000000000000000020000000000000000000000000000000000000000000000000000000000000000000000000000000000000000000000000000000000000000010000000008100000000040000000000000000000000020000000000000000000000000000000000000000000000000000000000010000000000000000000000000000000000000000000000000000000000000000000000000000000000000000080000000000000000000000000000000000000010000000000001002000000000000000000000000000000000000000000000000000000000000000000000000000000000000000000000004000000000000000000000000",
	"root": null,
	"status": "0x1",
	"transactionHash": "0x3819c54788f83f3c0be486116a0b06b10114642a1fa1fabdeab44bb8c34cf3dc",
	"transactionIndex": 36
}
[2018-04-26T19:52:33.985] [DEBUG] trans - TO:   0x6d6f41c5e812c6f09a43724570dbc39949992353
[2018-04-26T19:52:33.985] [DEBUG] trans - AMOUNT:   1019890000000000000000
[2018-04-26T19:52:33.985] [DEBUG] trans - Receipt info:  {
	"blockHash": "0x76ac60e4c99702c9383e0ca0f08c169b2e675f140b09c18048bf114b8d3e9a4d",
	"blockNumber": 5510618,
	"contractAddress": null,
	"cumulativeGasUsed": 1237105,
	"gasUsed": 51589,
	"logs": [
		{
			"address": "0x7e9e431a0B8c4D532C745B1043c7FA29a48D4fBa",
			"blockHash": "0x76ac60e4c99702c9383e0ca0f08c169b2e675f140b09c18048bf114b8d3e9a4d",
			"blockNumber": 5510618,
			"data": "0x00000000000000000000000000000000000000000000003749d1276425250000",
			"logIndex": 16,
			"topics": [
				"0xddf252ad1be2c89b69c2b068fc378daa952ba7f163c4a11628f55a4df523b3ef",
				"0x000000000000000000000000468b858c964f297fd8fce058032bf4b4911a8ad8",
				"0x0000000000000000000000006d6f41c5e812c6f09a43724570dbc39949992353"
			],
			"transactionHash": "0xd8d681c7886725dc116da07fba9f8bc840e1bb22b00349d5645027aef0e68465",
			"transactionIndex": 31,
			"transactionLogIndex": "0x0",
			"type": "mined",
			"id": "log_6e32b011"
		}
	],
	"logsBloom": "0x00000000000100000000000000020000000000000000000000000000000000010000000000000000000000000000000000000000000000000000000000000000000000000000010000000008000000000000000000000000000000000020000000000000000000000000000000000000000000000000000000000010000000000000000000000000000000000000000000000000000000000000800000000000000000000000000080000000000000000000000000000000000000010000000000001002000000000000000000000000000000000000000000000000000000000000000000000000000000000000000000000000000000000000000000000000",
	"root": null,
	"status": "0x1",
	"transactionHash": "0xd8d681c7886725dc116da07fba9f8bc840e1bb22b00349d5645027aef0e68465",
	"transactionIndex": 31
}
[2018-04-26T19:52:33.985] [DEBUG] trans - TO:   0x7e48fbca4d7adbdefb2d8b2d91319cf5d5b1a165
[2018-04-26T19:52:33.985] [DEBUG] trans - AMOUNT:   1019900000000000000000
[2018-04-26T19:52:33.985] [DEBUG] trans - Receipt info:  {
	"blockHash": "0x76ac60e4c99702c9383e0ca0f08c169b2e675f140b09c18048bf114b8d3e9a4d",
	"blockNumber": 5510618,
	"contractAddress": null,
	"cumulativeGasUsed": 1185516,
	"gasUsed": 51589,
	"logs": [
		{
			"address": "0x7e9e431a0B8c4D532C745B1043c7FA29a48D4fBa",
			"blockHash": "0x76ac60e4c99702c9383e0ca0f08c169b2e675f140b09c18048bf114b8d3e9a4d",
			"blockNumber": 5510618,
			"data": "0x00000000000000000000000000000000000000000000003749f4ae5694e60000",
			"logIndex": 15,
			"topics": [
				"0xddf252ad1be2c89b69c2b068fc378daa952ba7f163c4a11628f55a4df523b3ef",
				"0x000000000000000000000000468b858c964f297fd8fce058032bf4b4911a8ad8",
				"0x0000000000000000000000007e48fbca4d7adbdefb2d8b2d91319cf5d5b1a165"
			],
			"transactionHash": "0x5f17c2f0733830d3ed46f0c8fe18da065ce7c197f171f8d8da54e104b48c1c3e",
			"transactionIndex": 30,
			"transactionLogIndex": "0x0",
			"type": "mined",
			"id": "log_1bcd6a86"
		}
	],
	"logsBloom": "0x00000000000000000000000000020000000000000000000000000000000000000000000002000000000000000000000000000000000000000000000000000000000000000000010000000008000000000000000000000000000000000020000000000000000000000000000000000000100000000000000000000010000000000000000000000000000000000000000000000800000000000000000000000000000000000000000080000000000000000000000000000000000000010000000000001002000000000000000000000000000000000000000000000000000000000000000000000000000000000000000000000000000000000000000000000000",
	"root": null,
	"status": "0x1",
	"transactionHash": "0x5f17c2f0733830d3ed46f0c8fe18da065ce7c197f171f8d8da54e104b48c1c3e",
	"transactionIndex": 30
}
[2018-04-26T19:52:33.985] [DEBUG] trans - TO:   0x21e8afa433f596379d7eec0410931309565070f8
[2018-04-26T19:52:33.985] [DEBUG] trans - AMOUNT:   1019858600000000000000
[2018-04-26T19:52:33.985] [DEBUG] trans - Receipt info:  {
	"blockHash": "0x76ac60e4c99702c9383e0ca0f08c169b2e675f140b09c18048bf114b8d3e9a4d",
	"blockNumber": 5510618,
	"contractAddress": null,
	"cumulativeGasUsed": 1288758,
	"gasUsed": 51653,
	"logs": [
		{
			"address": "0x7e9e431a0B8c4D532C745B1043c7FA29a48D4fBa",
			"blockHash": "0x76ac60e4c99702c9383e0ca0f08c169b2e675f140b09c18048bf114b8d3e9a4d",
			"blockNumber": 5510618,
			"data": "0x00000000000000000000000000000000000000000000003749619941ef328000",
			"logIndex": 17,
			"topics": [
				"0xddf252ad1be2c89b69c2b068fc378daa952ba7f163c4a11628f55a4df523b3ef",
				"0x000000000000000000000000468b858c964f297fd8fce058032bf4b4911a8ad8",
				"0x00000000000000000000000021e8afa433f596379d7eec0410931309565070f8"
			],
			"transactionHash": "0x6603873165fffc1d629de9630a9bf4ad681859180b794ca2f9b0e46b807dba26",
			"transactionIndex": 32,
			"transactionLogIndex": "0x0",
			"type": "mined",
			"id": "log_ca00a86f"
		}
	],
	"logsBloom": "0x00000000000000000000000000020000000000000000000000000000000000000000000000000000000000000000000000000000000000000000000000000000000000000000010000000008000000000000000000000000000000000020000000000000000000000000040000000000000000000000000000000010000000000000000000000000000000000000000000000000000000000000000000000000000000000000000080020000000000000000000000000000000000010000000000001002000000000000000002000000000000000000000000000000000000000000000000000000000000000000000000000000000000000000000000000000",
	"root": null,
	"status": "0x1",
	"transactionHash": "0x6603873165fffc1d629de9630a9bf4ad681859180b794ca2f9b0e46b807dba26",
	"transactionIndex": 32
}
[2018-04-26T19:52:33.985] [DEBUG] trans - TO:   0x2bc5c49313f37386a5c5cab8cd6e9a1975009af7
[2018-04-26T19:52:33.985] [DEBUG] trans - AMOUNT:   1019839300000000000000
[2018-04-26T19:52:33.985] [DEBUG] trans - Receipt info:  {
	"blockHash": "0x76ac60e4c99702c9383e0ca0f08c169b2e675f140b09c18048bf114b8d3e9a4d",
	"blockNumber": 5510618,
	"contractAddress": null,
	"cumulativeGasUsed": 1340347,
	"gasUsed": 51589,
	"logs": [
		{
			"address": "0x7e9e431a0B8c4D532C745B1043c7FA29a48D4fBa",
			"blockHash": "0x76ac60e4c99702c9383e0ca0f08c169b2e675f140b09c18048bf114b8d3e9a4d",
			"blockNumber": 5510618,
			"data": "0x000000000000000000000000000000000000000000000037491d080283084000",
			"logIndex": 18,
			"topics": [
				"0xddf252ad1be2c89b69c2b068fc378daa952ba7f163c4a11628f55a4df523b3ef",
				"0x000000000000000000000000468b858c964f297fd8fce058032bf4b4911a8ad8",
				"0x0000000000000000000000002bc5c49313f37386a5c5cab8cd6e9a1975009af7"
			],
			"transactionHash": "0x6fb9fcb9ade13a2f7193084eaef463a2b88fb6e5fbcefd2bf4c48332048dc79f",
			"transactionIndex": 33,
			"transactionLogIndex": "0x0",
			"type": "mined",
			"id": "log_f84cbb8e"
		}
	],
	"logsBloom": "0x00000000000000000000000000020000000000000000000000000000000000000000000000000000000000000000000000000000000000008000000000000000000000000000010000000008000000000000000000000000000000000020000000000000000000000000000000000000000000000000000000000010000000000000000200000000000000000000000000000000000000000000000000000000000000000000000080000000000000000000000000000000000000010000000000001002000000000000000000000000000000000000000000000000000000000000200000000000000000000000000000000000000000000000000000000000",
	"root": null,
	"status": "0x1",
	"transactionHash": "0x6fb9fcb9ade13a2f7193084eaef463a2b88fb6e5fbcefd2bf4c48332048dc79f",
	"transactionIndex": 33
}
[2018-04-26T19:52:33.986] [DEBUG] trans - TO:   0x5f956038538de58c7d5f9fbf665ae6cc234dd641
[2018-04-26T19:52:33.986] [DEBUG] trans - AMOUNT:   1019730000000000000000
[2018-04-26T19:52:33.986] [DEBUG] trans - Receipt info:  {
	"blockHash": "0x76ac60e4c99702c9383e0ca0f08c169b2e675f140b09c18048bf114b8d3e9a4d",
	"blockNumber": 5510618,
	"contractAddress": null,
	"cumulativeGasUsed": 1443589,
	"gasUsed": 51589,
	"logs": [
		{
			"address": "0x7e9e431a0B8c4D532C745B1043c7FA29a48D4fBa",
			"blockHash": "0x76ac60e4c99702c9383e0ca0f08c169b2e675f140b09c18048bf114b8d3e9a4d",
			"blockNumber": 5510618,
			"data": "0x0000000000000000000000000000000000000000000000374798b83d29150000",
			"logIndex": 20,
			"topics": [
				"0xddf252ad1be2c89b69c2b068fc378daa952ba7f163c4a11628f55a4df523b3ef",
				"0x000000000000000000000000468b858c964f297fd8fce058032bf4b4911a8ad8",
				"0x0000000000000000000000005f956038538de58c7d5f9fbf665ae6cc234dd641"
			],
			"transactionHash": "0x8ef558e3d8ac498e00cb7a447675b763e5c9add3796a06a22276c49cf5f7811a",
			"transactionIndex": 35,
			"transactionLogIndex": "0x0",
			"type": "mined",
			"id": "log_9fbcb4cd"
		}
	],
	"logsBloom": "0x00000000000000000000000000020000000000000000000000000000000000000000000000000000000000000000000000000000000000000000000000000000000000000400010000000008000000000000000000000000000000000020000000000000000000000000000000000000000000000000004000000010000000000000000000000000000000000000000000000000000000000000000000000100000000000000000080000000000000000000000000000000000000010000000000001002000000000000000000000000000000000000000000000000000000000000000000000000000000000000000000000000000000000000000000000000",
	"root": null,
	"status": "0x1",
	"transactionHash": "0x8ef558e3d8ac498e00cb7a447675b763e5c9add3796a06a22276c49cf5f7811a",
	"transactionIndex": 35
}
[2018-04-26T19:52:33.986] [DEBUG] trans - TO:   0xc2f289a8813d49ece7a32a5ec3fc77518d0a8343
[2018-04-26T19:52:33.986] [DEBUG] trans - AMOUNT:   1019822100000000000000
[2018-04-26T19:52:33.986] [DEBUG] trans - Receipt info:  {
	"blockHash": "0x76ac60e4c99702c9383e0ca0f08c169b2e675f140b09c18048bf114b8d3e9a4d",
	"blockNumber": 5510618,
	"contractAddress": null,
	"cumulativeGasUsed": 1392000,
	"gasUsed": 51653,
	"logs": [
		{
			"address": "0x7e9e431a0B8c4D532C745B1043c7FA29a48D4fBa",
			"blockHash": "0x76ac60e4c99702c9383e0ca0f08c169b2e675f140b09c18048bf114b8d3e9a4d",
			"blockNumber": 5510618,
			"data": "0x00000000000000000000000000000000000000000000003748dfecb370e54000",
			"logIndex": 19,
			"topics": [
				"0xddf252ad1be2c89b69c2b068fc378daa952ba7f163c4a11628f55a4df523b3ef",
				"0x000000000000000000000000468b858c964f297fd8fce058032bf4b4911a8ad8",
				"0x000000000000000000000000c2f289a8813d49ece7a32a5ec3fc77518d0a8343"
			],
			"transactionHash": "0xf6432976a986474f7fb3181043df707b8475f210d551eeac56a1eccc02eb4429",
			"transactionIndex": 34,
			"transactionLogIndex": "0x0",
			"type": "mined",
			"id": "log_5b0ab479"
		}
	],
	"logsBloom": "0x00000000000000000000000000020400000000000000000000000000000020000000000000000000000000000000000000000000000000000000000000000000000000000000010000000008000000000000000000000000000000000020000000000000000000000000000000000000000000000000000000000010000000000000000000000000000000000000000000000000000000000000000000000000000000000000000080000000000000000000000000000000000000010000000000001002000000000000000000000000000000000000000000000000000000000000000000000000000000000000000000000001000000000000000000000000",
	"root": null,
	"status": "0x1",
	"transactionHash": "0xf6432976a986474f7fb3181043df707b8475f210d551eeac56a1eccc02eb4429",
	"transactionIndex": 34
}
[2018-04-26T19:52:33.986] [DEBUG] trans - TO:   0x7673f1d99fa3c86b44329bf9e5ff498b09ef031c
[2018-04-26T19:52:33.986] [DEBUG] trans - AMOUNT:   1019500000000000000000
[2018-04-26T19:52:33.986] [DEBUG] trans - Receipt info:  {
	"blockHash": "0x76ac60e4c99702c9383e0ca0f08c169b2e675f140b09c18048bf114b8d3e9a4d",
	"blockNumber": 5510618,
	"contractAddress": null,
	"cumulativeGasUsed": 1701726,
	"gasUsed": 51589,
	"logs": [
		{
			"address": "0x7e9e431a0B8c4D532C745B1043c7FA29a48D4fBa",
			"blockHash": "0x76ac60e4c99702c9383e0ca0f08c169b2e675f140b09c18048bf114b8d3e9a4d",
			"blockNumber": 5510618,
			"data": "0x000000000000000000000000000000000000000000000037446798751ebe0000",
			"logIndex": 25,
			"topics": [
				"0xddf252ad1be2c89b69c2b068fc378daa952ba7f163c4a11628f55a4df523b3ef",
				"0x000000000000000000000000468b858c964f297fd8fce058032bf4b4911a8ad8",
				"0x0000000000000000000000007673f1d99fa3c86b44329bf9e5ff498b09ef031c"
			],
			"transactionHash": "0xa1875de958d452daf380f6d5b2c1feffd1ad34c8ca145e6d4c58f3aed8e04662",
			"transactionIndex": 40,
			"transactionLogIndex": "0x0",
			"type": "mined",
			"id": "log_8c5857c6"
		}
	],
	"logsBloom": "0x00000000000000000000000000020000000008000000000000000000000000000000000000000000000000000000000000000000000000000000000000000000000000000000010000000008000000000000000000000000000000000020000000000000000000000000000000000000000000000000000000000010000000000000000000000000000000000000000000000000000000000000000000000000000000000000000080000000000000000000000000001000000000010000000000001002000000000000000000000000000000000000000000000000080000000000000000000000000000000000000000000000000000000000000000000000",
	"root": null,
	"status": "0x1",
	"transactionHash": "0xa1875de958d452daf380f6d5b2c1feffd1ad34c8ca145e6d4c58f3aed8e04662",
	"transactionIndex": 40
}
[2018-04-26T19:52:33.987] [DEBUG] trans - TO:   0xeefb4afab42770c2d4c1c3d63af3dacb77dce789
[2018-04-26T19:52:33.987] [DEBUG] trans - AMOUNT:   1019515400000000000000
[2018-04-26T19:52:33.987] [DEBUG] trans - Receipt info:  {
	"blockHash": "0x76ac60e4c99702c9383e0ca0f08c169b2e675f140b09c18048bf114b8d3e9a4d",
	"blockNumber": 5510618,
	"contractAddress": null,
	"cumulativeGasUsed": 1650137,
	"gasUsed": 51653,
	"logs": [
		{
			"address": "0x7e9e431a0B8c4D532C745B1043c7FA29a48D4fBa",
			"blockHash": "0x76ac60e4c99702c9383e0ca0f08c169b2e675f140b09c18048bf114b8d3e9a4d",
			"blockNumber": 5510618,
			"data": "0x000000000000000000000000000000000000000000000037449e4ead08488000",
			"logIndex": 24,
			"topics": [
				"0xddf252ad1be2c89b69c2b068fc378daa952ba7f163c4a11628f55a4df523b3ef",
				"0x000000000000000000000000468b858c964f297fd8fce058032bf4b4911a8ad8",
				"0x000000000000000000000000eefb4afab42770c2d4c1c3d63af3dacb77dce789"
			],
			"transactionHash": "0x9ead5facc9acb4c8115a68f468d5c854f0e9951d9e6f9063afe4369263c23e87",
			"transactionIndex": 39,
			"transactionLogIndex": "0x0",
			"type": "mined",
			"id": "log_3bd3f651"
		}
	],
	"logsBloom": "0x00000000000000000000000000020000000000000000000000000000000000000000000000000000000000000000000000000000000000000000000000000000000000000000010000000008000000000000000000000000000000000020000000000000000000000000000000000000000000000000000000000010000000000000000000000000000000000000000000000000000000000000000000000000000000000000000080000000000000000000000800000000000000010000000000001002000000000000000000000000000000000000000000000000000000000000000000400000000000000000000000000000000400000000000000000000",
	"root": null,
	"status": "0x1",
	"transactionHash": "0x9ead5facc9acb4c8115a68f468d5c854f0e9951d9e6f9063afe4369263c23e87",
	"transactionIndex": 39
}
[2018-04-26T19:52:33.987] [DEBUG] trans - TO:   0xb2f15b91a6998174e6c1a0fb76b9ba3587ff855a
[2018-04-26T19:52:33.987] [DEBUG] trans - AMOUNT:   1019592200000000000000
[2018-04-26T19:52:33.987] [DEBUG] trans - Receipt info:  {
	"blockHash": "0x76ac60e4c99702c9383e0ca0f08c169b2e675f140b09c18048bf114b8d3e9a4d",
	"blockNumber": 5510618,
	"contractAddress": null,
	"cumulativeGasUsed": 1546895,
	"gasUsed": 51653,
	"logs": [
		{
			"address": "0x7e9e431a0B8c4D532C745B1043c7FA29a48D4fBa",
			"blockHash": "0x76ac60e4c99702c9383e0ca0f08c169b2e675f140b09c18048bf114b8d3e9a4d",
			"blockNumber": 5510618,
			"data": "0x00000000000000000000000000000000000000000000003745af27de77088000",
			"logIndex": 22,
			"topics": [
				"0xddf252ad1be2c89b69c2b068fc378daa952ba7f163c4a11628f55a4df523b3ef",
				"0x000000000000000000000000468b858c964f297fd8fce058032bf4b4911a8ad8",
				"0x000000000000000000000000b2f15b91a6998174e6c1a0fb76b9ba3587ff855a"
			],
			"transactionHash": "0xaaed39dd9b0eacbea8594eca0289f3ae1835f0510b1e77d9ba10159a2e7d9b0d",
			"transactionIndex": 37,
			"transactionLogIndex": "0x0",
			"type": "mined",
			"id": "log_ee2b0c98"
		}
	],
	"logsBloom": "0x00000000000000000000000000020000000000000000000000000000000000000000000000000000000000000000000000000000000000000000020000000000000000000000010000000008000000000000000000000000000000000020000000000000000000000000000000000000000000000000000000000010000000000000000000000000000000000000000000000000000000000000000000000000000080000000000080000000000000000000000080000000000000010000000000001002000000000000000000000000000000000000000000000000000000000000000000000000000000000000000000000000000000000000000000000000",
	"root": null,
	"status": "0x1",
	"transactionHash": "0xaaed39dd9b0eacbea8594eca0289f3ae1835f0510b1e77d9ba10159a2e7d9b0d",
	"transactionIndex": 37
}
[2018-04-26T19:52:33.987] [DEBUG] trans - TO:   0x28def240e74ea83d2ef8a87ebce89bccd2612f34
[2018-04-26T19:52:33.987] [DEBUG] trans - AMOUNT:   1019306400000000000000
[2018-04-26T19:52:33.987] [DEBUG] trans - Receipt info:  {
	"blockHash": "0x76ac60e4c99702c9383e0ca0f08c169b2e675f140b09c18048bf114b8d3e9a4d",
	"blockNumber": 5510618,
	"contractAddress": null,
	"cumulativeGasUsed": 1804904,
	"gasUsed": 51589,
	"logs": [
		{
			"address": "0x7e9e431a0B8c4D532C745B1043c7FA29a48D4fBa",
			"blockHash": "0x76ac60e4c99702c9383e0ca0f08c169b2e675f140b09c18048bf114b8d3e9a4d",
			"blockNumber": 5510618,
			"data": "0x00000000000000000000000000000000000000000000003741b7ca48823a0000",
			"logIndex": 27,
			"topics": [
				"0xddf252ad1be2c89b69c2b068fc378daa952ba7f163c4a11628f55a4df523b3ef",
				"0x000000000000000000000000468b858c964f297fd8fce058032bf4b4911a8ad8",
				"0x00000000000000000000000028def240e74ea83d2ef8a87ebce89bccd2612f34"
			],
			"transactionHash": "0x85d9b4ab6fd2036338671b703750769347ee45696544abfedec6ae92e3100fa8",
			"transactionIndex": 42,
			"transactionLogIndex": "0x0",
			"type": "mined",
			"id": "log_451e45bd"
		}
	],
	"logsBloom": "0x00000000000000000000000000020000000000000000000000000000000000000000020000000000000000000000000000000000000000000000000000000000000000000000010000400008000000000000000000000000000000000020000000000000000000000000000000000000000000000000000000000010000000000000000000000000000000000000000000000000000000000000000000000000000000000000000080000000000000000000000000000000000000010000000000001002000000000000000000000000000000008000000000000000000000000000000000000000000000000000000000000000000000000000000000000000",
	"root": null,
	"status": "0x1",
	"transactionHash": "0x85d9b4ab6fd2036338671b703750769347ee45696544abfedec6ae92e3100fa8",
	"transactionIndex": 42
}
[2018-04-26T19:52:33.987] [DEBUG] trans - TO:   0x5d5c503182010714a05182abcb6cc386b255e7ed
[2018-04-26T19:52:33.987] [DEBUG] trans - AMOUNT:   1019554000000000000000
[2018-04-26T19:52:33.987] [DEBUG] trans - Receipt info:  {
	"blockHash": "0x76ac60e4c99702c9383e0ca0f08c169b2e675f140b09c18048bf114b8d3e9a4d",
	"blockNumber": 5510618,
	"contractAddress": null,
	"cumulativeGasUsed": 1598484,
	"gasUsed": 51589,
	"logs": [
		{
			"address": "0x7e9e431a0B8c4D532C745B1043c7FA29a48D4fBa",
			"blockHash": "0x76ac60e4c99702c9383e0ca0f08c169b2e675f140b09c18048bf114b8d3e9a4d",
			"blockNumber": 5510618,
			"data": "0x0000000000000000000000000000000000000000000000374527712be09d0000",
			"logIndex": 23,
			"topics": [
				"0xddf252ad1be2c89b69c2b068fc378daa952ba7f163c4a11628f55a4df523b3ef",
				"0x000000000000000000000000468b858c964f297fd8fce058032bf4b4911a8ad8",
				"0x0000000000000000000000005d5c503182010714a05182abcb6cc386b255e7ed"
			],
			"transactionHash": "0x030469f19a1c4b47ad7f066502d16ebea905ac4343befb99bd8aa8761480d309",
			"transactionIndex": 38,
			"transactionLogIndex": "0x0",
			"type": "mined",
			"id": "log_a57bdc7a"
		}
	],
	"logsBloom": "0x00000000000000000000000000020000000000000000000000000000000000000000000000000000000000000000000020000000000000000000000000000000000000000000010000000008000000000000000000000000000000000020000000000000000000000000000000000000000000000000000000000010000000000000000000000000000000000000000000000000000000000000000000000000000000000000000080000000008000000000000000000000000000010000000000001002000000000000000000000000000000000000000000000000000000004000000000000000000000000000000000000000000000000000000000000000",
	"root": null,
	"status": "0x1",
	"transactionHash": "0x030469f19a1c4b47ad7f066502d16ebea905ac4343befb99bd8aa8761480d309",
	"transactionIndex": 38
}
[2018-04-26T19:52:33.988] [DEBUG] trans - TO:   0xe14df1217c1c3c1bef45bce5cf1db9ff2683fae0
[2018-04-26T19:52:33.988] [DEBUG] trans - AMOUNT:   1019500000000000000000
[2018-04-26T19:52:33.988] [DEBUG] trans - Receipt info:  {
	"blockHash": "0x76ac60e4c99702c9383e0ca0f08c169b2e675f140b09c18048bf114b8d3e9a4d",
	"blockNumber": 5510618,
	"contractAddress": null,
	"cumulativeGasUsed": 1753315,
	"gasUsed": 51589,
	"logs": [
		{
			"address": "0x7e9e431a0B8c4D532C745B1043c7FA29a48D4fBa",
			"blockHash": "0x76ac60e4c99702c9383e0ca0f08c169b2e675f140b09c18048bf114b8d3e9a4d",
			"blockNumber": 5510618,
			"data": "0x000000000000000000000000000000000000000000000037446798751ebe0000",
			"logIndex": 26,
			"topics": [
				"0xddf252ad1be2c89b69c2b068fc378daa952ba7f163c4a11628f55a4df523b3ef",
				"0x000000000000000000000000468b858c964f297fd8fce058032bf4b4911a8ad8",
				"0x000000000000000000000000e14df1217c1c3c1bef45bce5cf1db9ff2683fae0"
			],
			"transactionHash": "0x27c409036747ffad3e8b1bead4c175172bfafe59fae5d0c4ce21abc09e2f6239",
			"transactionIndex": 41,
			"transactionLogIndex": "0x0",
			"type": "mined",
			"id": "log_72a59e9a"
		}
	],
	"logsBloom": "0x00001000000000000000000000020000040000000000000000000000000000000000000000000000000000000000000000000000000000000000000000000000000000000000010000000008000000000000000000000400000000000020000000000000000000000000000000000000000000000000000000000010000000000000000000000000000000000000000000000000000000000000000000000000000000000000000080000000000000000000000000000000000000010000000000001002000000000000000000000000000000000000000000000000000000000000000000000000000000000000000000000000000000000000000000000000",
	"root": null,
	"status": "0x1",
	"transactionHash": "0x27c409036747ffad3e8b1bead4c175172bfafe59fae5d0c4ce21abc09e2f6239",
	"transactionIndex": 41
}
[2018-04-26T19:52:34.000] [DEBUG] trans - TO:   0xcd1579f3ed72d589d4dc338c6cd26f9d0553c9a5
[2018-04-26T19:52:34.000] [DEBUG] trans - AMOUNT:   1019292400000000000000
[2018-04-26T19:52:34.000] [DEBUG] trans - Receipt info:  {
	"blockHash": "0x76ac60e4c99702c9383e0ca0f08c169b2e675f140b09c18048bf114b8d3e9a4d",
	"blockNumber": 5510618,
	"contractAddress": null,
	"cumulativeGasUsed": 1841493,
	"gasUsed": 36589,
	"logs": [
		{
			"address": "0x7e9e431a0B8c4D532C745B1043c7FA29a48D4fBa",
			"blockHash": "0x76ac60e4c99702c9383e0ca0f08c169b2e675f140b09c18048bf114b8d3e9a4d",
			"blockNumber": 5510618,
			"data": "0x00000000000000000000000000000000000000000000003741860d5b7f5f0000",
			"logIndex": 28,
			"topics": [
				"0xddf252ad1be2c89b69c2b068fc378daa952ba7f163c4a11628f55a4df523b3ef",
				"0x000000000000000000000000468b858c964f297fd8fce058032bf4b4911a8ad8",
				"0x000000000000000000000000cd1579f3ed72d589d4dc338c6cd26f9d0553c9a5"
			],
			"transactionHash": "0xc9dd9939a542c596f663c141b98e1240537f725e03c65ce048f25104c31a39ba",
			"transactionIndex": 43,
			"transactionLogIndex": "0x0",
			"type": "mined",
			"id": "log_42738b9d"
		}
	],
	"logsBloom": "0x00000000000000000000000000020000000000000000000000000000000000000000000000000000000000000001000000000000000000000000000000000000000000000000010000000008000000000000000000000000000000000020000000000000000000000000000000000000000000000000000000000010000000000000000000000000000000000000000000000000000000000000000000200000000000000000000080000000000000000000000000000000000000010000000000001002000000000000000000000000000000000000000000000000200000000000000000000000000000000000000000000000000000000000000000000000",
	"root": null,
	"status": "0x1",
	"transactionHash": "0xc9dd9939a542c596f663c141b98e1240537f725e03c65ce048f25104c31a39ba",
	"transactionIndex": 43
}
[2018-04-26T19:52:34.000] [DEBUG] trans - TO:   0x0029b2fec5108f0d12bdaed615cdf1b4e070e193
[2018-04-26T19:52:34.000] [DEBUG] trans - AMOUNT:   1019266600000000000000
[2018-04-26T19:52:34.000] [DEBUG] trans - Receipt info:  {
	"blockHash": "0x76ac60e4c99702c9383e0ca0f08c169b2e675f140b09c18048bf114b8d3e9a4d",
	"blockNumber": 5510618,
	"contractAddress": null,
	"cumulativeGasUsed": 1893082,
	"gasUsed": 51589,
	"logs": [
		{
			"address": "0x7e9e431a0B8c4D532C745B1043c7FA29a48D4fBa",
			"blockHash": "0x76ac60e4c99702c9383e0ca0f08c169b2e675f140b09c18048bf114b8d3e9a4d",
			"blockNumber": 5510618,
			"data": "0x000000000000000000000000000000000000000000000037412a6464e42a8000",
			"logIndex": 29,
			"topics": [
				"0xddf252ad1be2c89b69c2b068fc378daa952ba7f163c4a11628f55a4df523b3ef",
				"0x000000000000000000000000468b858c964f297fd8fce058032bf4b4911a8ad8",
				"0x0000000000000000000000000029b2fec5108f0d12bdaed615cdf1b4e070e193"
			],
			"transactionHash": "0x3ca11797f4624cc9e200aeb71503eaa344b3dae40a191c956270568739b31f88",
			"transactionIndex": 44,
			"transactionLogIndex": "0x0",
			"type": "mined",
			"id": "log_33f99650"
		}
	],
	"logsBloom": "0x00000000000000000000000000030000000000000000000000000000000000000000000000000000000000000000000000000000000000800000000000000000000000000000010000000008000000000000000000000000000000000020000000000000000000000000000000000000000000000000000000000010000000000000000000000000000000000000000000000000000000000000000000000000000000000000000080000000000000000000000000000000000000010000000000001002000000000000000000000000000000000000000000000000000000000000000000000000000000000000002000000000000000000000000000000000",
	"root": null,
	"status": "0x1",
	"transactionHash": "0x3ca11797f4624cc9e200aeb71503eaa344b3dae40a191c956270568739b31f88",
	"transactionIndex": 44
}
[2018-04-26T19:52:34.001] [DEBUG] trans - TO:   0x36ea4ed48459c7fe9847fcfd12b25d7dfb8cec3c
[2018-04-26T19:52:34.001] [DEBUG] trans - AMOUNT:   1019223300000000000000
[2018-04-26T19:52:34.001] [DEBUG] trans - Receipt info:  {
	"blockHash": "0x76ac60e4c99702c9383e0ca0f08c169b2e675f140b09c18048bf114b8d3e9a4d",
	"blockNumber": 5510618,
	"contractAddress": null,
	"cumulativeGasUsed": 1944735,
	"gasUsed": 51653,
	"logs": [
		{
			"address": "0x7e9e431a0B8c4D532C745B1043c7FA29a48D4fBa",
			"blockHash": "0x76ac60e4c99702c9383e0ca0f08c169b2e675f140b09c18048bf114b8d3e9a4d",
			"blockNumber": 5510618,
			"data": "0x00000000000000000000000000000000000000000000003740908f4605644000",
			"logIndex": 30,
			"topics": [
				"0xddf252ad1be2c89b69c2b068fc378daa952ba7f163c4a11628f55a4df523b3ef",
				"0x000000000000000000000000468b858c964f297fd8fce058032bf4b4911a8ad8",
				"0x00000000000000000000000036ea4ed48459c7fe9847fcfd12b25d7dfb8cec3c"
			],
			"transactionHash": "0xd94ac75ab68fb493aec30df54c16c871a9f41998a8e93124bdaeae3fe11635f1",
			"transactionIndex": 45,
			"transactionLogIndex": "0x0",
			"type": "mined",
			"id": "log_4eebdfce"
		}
	],
	"logsBloom": "0x00000000000000000000000000020000000000000000000000000000000000000000000000000000000000000000000000000000000000000000000000000000000000000000010000010008000000000000000000000000000000000020000000000000000000000000000000000000000000000000000000000010000000000000000000000000000000000000000000000000000000000000000000004000000000000000000080000000000000004000000000000000000000010000000000001002000000000000000000000000000000000000000000000000000000000000000000000000000000000000000000000000000000000000000000000000",
	"root": null,
	"status": "0x1",
	"transactionHash": "0xd94ac75ab68fb493aec30df54c16c871a9f41998a8e93124bdaeae3fe11635f1",
	"transactionIndex": 45
}
[2018-04-26T19:52:44.012] [DEBUG] trans - TO:   0xd9527772bf514fca44cba871977c14a6b0972a04
[2018-04-26T19:52:44.012] [DEBUG] trans - AMOUNT:   1019192000000000000000
[2018-04-26T19:52:44.012] [DEBUG] trans - Receipt info:  {
	"blockHash": "0x8f6d5d9fd499e0a06d533a86ecdd96c1cb9d4830ae73aa10edc0d8a6051f91b6",
	"blockNumber": 5510619,
	"contractAddress": null,
	"cumulativeGasUsed": 2742143,
	"gasUsed": 51589,
	"logs": [
		{
			"address": "0x7e9e431a0B8c4D532C745B1043c7FA29a48D4fBa",
			"blockHash": "0x8f6d5d9fd499e0a06d533a86ecdd96c1cb9d4830ae73aa10edc0d8a6051f91b6",
			"blockNumber": 5510619,
			"data": "0x00000000000000000000000000000000000000000000003740215c16dfec0000",
			"logIndex": 49,
			"topics": [
				"0xddf252ad1be2c89b69c2b068fc378daa952ba7f163c4a11628f55a4df523b3ef",
				"0x000000000000000000000000468b858c964f297fd8fce058032bf4b4911a8ad8",
				"0x000000000000000000000000d9527772bf514fca44cba871977c14a6b0972a04"
			],
			"transactionHash": "0xeffa45b8f8bc7258415df8d406a29ac16feece394d261ab3d25cdb9da780b95f",
			"transactionIndex": 48,
			"transactionLogIndex": "0x0",
			"type": "mined",
			"id": "log_a0ae7ecd"
		}
	],
	"logsBloom": "0x00000000000000000000000000020000000000000000000000000000000000000000000000000000000000000000000000000000000000000000000000000000000000000000010000000008000000000000000000000000000000000020000000000000000000000000000000000000000000000000000000000010000000000000000000000000000000020080000000000000000000000000000000000000000000000000000080000000000000000000000000000000000000010000000000001002000000000000000000000000000000000000000000000000000020000000000000000000000000000000000000000000000000000000000000000000",
	"root": null,
	"status": "0x1",
	"transactionHash": "0xeffa45b8f8bc7258415df8d406a29ac16feece394d261ab3d25cdb9da780b95f",
	"transactionIndex": 48
}
[2018-04-26T19:52:46.015] [DEBUG] trans - TO:   0x2466865ec215fd932f10c478414edc9fa32ef9d2
[2018-04-26T19:52:46.015] [DEBUG] trans - AMOUNT:   1019117300000000000000
[2018-04-26T19:52:46.015] [DEBUG] trans - Receipt info:  {
	"blockHash": "0x2815d6258696a2bea3af66dae9215ae3fc4a7e99ece28e4ed3e490af0e77edca",
	"blockNumber": 5510620,
	"contractAddress": null,
	"cumulativeGasUsed": 765480,
	"gasUsed": 51653,
	"logs": [
		{
			"address": "0x7e9e431a0B8c4D532C745B1043c7FA29a48D4fBa",
			"blockHash": "0x2815d6258696a2bea3af66dae9215ae3fc4a7e99ece28e4ed3e490af0e77edca",
			"blockNumber": 5510620,
			"data": "0x0000000000000000000000000000000000000000000000373f17f8d5cb334000",
			"logIndex": 12,
			"topics": [
				"0xddf252ad1be2c89b69c2b068fc378daa952ba7f163c4a11628f55a4df523b3ef",
				"0x000000000000000000000000468b858c964f297fd8fce058032bf4b4911a8ad8",
				"0x0000000000000000000000002466865ec215fd932f10c478414edc9fa32ef9d2"
			],
			"transactionHash": "0xebd0d2692679a568655b870565e7d56e6d2153a4b26155bf698b4497959f3bd3",
			"transactionIndex": 13,
			"transactionLogIndex": "0x0",
			"type": "mined",
			"id": "log_507da847"
		}
	],
	"logsBloom": "0x00000000000000000000000000020000000000000000000000000000000000000000000000000000000000000000000000000000020000000000020000000000000000000000010000000008000000000000000000000000000000000020000000000000000000000000000000000000000000000000000000000010000000000080000000000000000000000000000000000000000000000000000000000000000000000000000080000000000000000000000000000000000000010000000000001002000000000000000000000000000000000000000000000000000000000000000000000000000000000000000000000000000000000000000000000000",
	"root": null,
	"status": "0x1",
	"transactionHash": "0xebd0d2692679a568655b870565e7d56e6d2153a4b26155bf698b4497959f3bd3",
	"transactionIndex": 13
}
[2018-04-26T19:52:46.015] [DEBUG] trans - TO:   0x12f274b66e375332e25358cf5d954fe8b229feca
[2018-04-26T19:52:46.016] [DEBUG] trans - AMOUNT:   1019109700000000000000
[2018-04-26T19:52:46.016] [DEBUG] trans - Receipt info:  {
	"blockHash": "0x2815d6258696a2bea3af66dae9215ae3fc4a7e99ece28e4ed3e490af0e77edca",
	"blockNumber": 5510620,
	"contractAddress": null,
	"cumulativeGasUsed": 4086956,
	"gasUsed": 51653,
	"logs": [
		{
			"address": "0x7e9e431a0B8c4D532C745B1043c7FA29a48D4fBa",
			"blockHash": "0x2815d6258696a2bea3af66dae9215ae3fc4a7e99ece28e4ed3e490af0e77edca",
			"blockNumber": 5510620,
			"data": "0x0000000000000000000000000000000000000000000000373efcf8ace6e84000",
			"logIndex": 63,
			"topics": [
				"0xddf252ad1be2c89b69c2b068fc378daa952ba7f163c4a11628f55a4df523b3ef",
				"0x000000000000000000000000468b858c964f297fd8fce058032bf4b4911a8ad8",
				"0x00000000000000000000000012f274b66e375332e25358cf5d954fe8b229feca"
			],
			"transactionHash": "0xcb765375b89d3e55e31275fec3863762879e96533472a0c798e7ccc71ae22102",
			"transactionIndex": 72,
			"transactionLogIndex": "0x0",
			"type": "mined",
			"id": "log_443db4a2"
		}
	],
	"logsBloom": "0x00000000000000000000000000020000000000000000000000000000000000000000000000000000000000000080000000000000000000000000000000000000000000000000010000000008000000000000000000000000000000000020000000000000000000000000000000000000000000000000000000000010000000000000004000000000000000000000000000000000000000000000000000000000000000000000000080000000000000004000000000000000000000010000000000001002000000000000000000000000000000000000000000000000000000000000000000000000000000000000000000000000000000000000000000000000",
	"root": null,
	"status": "0x1",
	"transactionHash": "0xcb765375b89d3e55e31275fec3863762879e96533472a0c798e7ccc71ae22102",
	"transactionIndex": 72
}
[2018-04-26T19:52:46.016] [DEBUG] trans - TO:   0x73b613db8804a35424d47e003f1b777340748dd8
[2018-04-26T19:52:46.016] [DEBUG] trans - AMOUNT:   1019000000000000000000
[2018-04-26T19:52:46.016] [DEBUG] trans - Receipt info:  {
	"blockHash": "0x2815d6258696a2bea3af66dae9215ae3fc4a7e99ece28e4ed3e490af0e77edca",
	"blockNumber": 5510620,
	"contractAddress": null,
	"cumulativeGasUsed": 4525658,
	"gasUsed": 51525,
	"logs": [
		{
			"address": "0x7e9e431a0B8c4D532C745B1043c7FA29a48D4fBa",
			"blockHash": "0x2815d6258696a2bea3af66dae9215ae3fc4a7e99ece28e4ed3e490af0e77edca",
			"blockNumber": 5510620,
			"data": "0x0000000000000000000000000000000000000000000000373d773d1b4b0c0000",
			"logIndex": 67,
			"topics": [
				"0xddf252ad1be2c89b69c2b068fc378daa952ba7f163c4a11628f55a4df523b3ef",
				"0x000000000000000000000000468b858c964f297fd8fce058032bf4b4911a8ad8",
				"0x00000000000000000000000073b613db8804a35424d47e003f1b777340748dd8"
			],
			"transactionHash": "0xf1c90b702c4973f8fef5b19428f01f31acf40e328797a269e667b234dad59b72",
			"transactionIndex": 77,
			"transactionLogIndex": "0x0",
			"type": "mined",
			"id": "log_6c6f777b"
		}
	],
	"logsBloom": "0x00000000000000000000000000020000000000000000000000000000000000000000000000000000000000000000000000000000000000000000000000000000000000000000010000000008400000000000000000000000000000000020000000000000000000000000000000000000000400000000000000000010000000000000000000000000000000000000000000000000000000000000000000000000000000000000000080000000000000000002000000000000000000010000000000001002000000000000000000000000000000000000000000000000000000000000000000000000000000000000000000000000000000000000000000000000",
	"root": null,
	"status": "0x1",
	"transactionHash": "0xf1c90b702c4973f8fef5b19428f01f31acf40e328797a269e667b234dad59b72",
	"transactionIndex": 77
}
[2018-04-26T19:52:46.016] [DEBUG] trans - TO:   0x783993d7b3f2822215c38aa586983d3d8ff744df
[2018-04-26T19:52:46.016] [DEBUG] trans - AMOUNT:   1019000000000000000000
[2018-04-26T19:52:46.016] [DEBUG] trans - Receipt info:  {
	"blockHash": "0x2815d6258696a2bea3af66dae9215ae3fc4a7e99ece28e4ed3e490af0e77edca",
	"blockNumber": 5510620,
	"contractAddress": null,
	"cumulativeGasUsed": 4719763,
	"gasUsed": 51589,
	"logs": [
		{
			"address": "0x7e9e431a0B8c4D532C745B1043c7FA29a48D4fBa",
			"blockHash": "0x2815d6258696a2bea3af66dae9215ae3fc4a7e99ece28e4ed3e490af0e77edca",
			"blockNumber": 5510620,
			"data": "0x0000000000000000000000000000000000000000000000373d773d1b4b0c0000",
			"logIndex": 68,
			"topics": [
				"0xddf252ad1be2c89b69c2b068fc378daa952ba7f163c4a11628f55a4df523b3ef",
				"0x000000000000000000000000468b858c964f297fd8fce058032bf4b4911a8ad8",
				"0x000000000000000000000000783993d7b3f2822215c38aa586983d3d8ff744df"
			],
			"transactionHash": "0x7586c2476fd313a97394523821753818a52d5ee898f5a79d18213c5aecc46c82",
			"transactionIndex": 79,
			"transactionLogIndex": "0x0",
			"type": "mined",
			"id": "log_c2b6c7f5"
		}
	],
	"logsBloom": "0x0000000000000000000000000002000000000000000000000000000000000000000000000000000000000000000000000000000000000000000000000000000000000000000001000000000800000000000000000000000000000000002000000000000000000000000000000000000010000000000000c000000010000000000000000000000000000000000000000000000000000000000000000000000000000000000000000080000000000000000000000000000000000000010000000000001002000000000000000000000000000000000000000000000000000000000000000000000000000000000000000000000000000000000000000000000000",
	"root": null,
	"status": "0x1",
	"transactionHash": "0x7586c2476fd313a97394523821753818a52d5ee898f5a79d18213c5aecc46c82",
	"transactionIndex": 79
}
[2018-04-26T19:52:46.017] [DEBUG] trans - TO:   0x7c70b1056d7ba1e10e8dff08d065c29bf4626694
[2018-04-26T19:52:46.017] [DEBUG] trans - AMOUNT:   1018979200000000000000
[2018-04-26T19:52:46.017] [DEBUG] trans - Receipt info:  {
	"blockHash": "0x2815d6258696a2bea3af66dae9215ae3fc4a7e99ece28e4ed3e490af0e77edca",
	"blockNumber": 5510620,
	"contractAddress": null,
	"cumulativeGasUsed": 5160266,
	"gasUsed": 51589,
	"logs": [
		{
			"address": "0x7e9e431a0B8c4D532C745B1043c7FA29a48D4fBa",
			"blockHash": "0x2815d6258696a2bea3af66dae9215ae3fc4a7e99ece28e4ed3e490af0e77edca",
			"blockNumber": 5510620,
			"data": "0x0000000000000000000000000000000000000000000000373d2d579de7b80000",
			"logIndex": 71,
			"topics": [
				"0xddf252ad1be2c89b69c2b068fc378daa952ba7f163c4a11628f55a4df523b3ef",
				"0x000000000000000000000000468b858c964f297fd8fce058032bf4b4911a8ad8",
				"0x0000000000000000000000007c70b1056d7ba1e10e8dff08d065c29bf4626694"
			],
			"transactionHash": "0x3cc71614e1e549fe0e23c558ab692b77cdbb8ca06722ed7d1e3d630e978d78d4",
			"transactionIndex": 84,
			"transactionLogIndex": "0x0",
			"type": "mined",
			"id": "log_04704181"
		}
	],
	"logsBloom": "0x00000000000000000000000000020000001000000000000000000000000000000000000000000000000000000000000000000000000000000000000000000000000000000000010000000008000000000000000000000000000000000020000000000000000000000000000000200000000000000000000000000010000000000000000000000000000000000000000000000000000000000000000000000000000000000000000080000000000000000000000000000000000000010000000000001002000000000000000000000000000000000000000000000000000000000000000100000000000000000000000000000000000000000000000000000000",
	"root": null,
	"status": "0x1",
	"transactionHash": "0x3cc71614e1e549fe0e23c558ab692b77cdbb8ca06722ed7d1e3d630e978d78d4",
	"transactionIndex": 84
}
[2018-04-26T19:52:46.017] [DEBUG] trans - TO:   0xd3e4341f026856b2c07fc245dfcf50b095e91b58
[2018-04-26T19:52:46.017] [DEBUG] trans - AMOUNT:   1018986400000000000000
[2018-04-26T19:52:46.017] [DEBUG] trans - Receipt info:  {
	"blockHash": "0x2815d6258696a2bea3af66dae9215ae3fc4a7e99ece28e4ed3e490af0e77edca",
	"blockNumber": 5510620,
	"contractAddress": null,
	"cumulativeGasUsed": 5108677,
	"gasUsed": 51589,
	"logs": [
		{
			"address": "0x7e9e431a0B8c4D532C745B1043c7FA29a48D4fBa",
			"blockHash": "0x2815d6258696a2bea3af66dae9215ae3fc4a7e99ece28e4ed3e490af0e77edca",
			"blockNumber": 5510620,
			"data": "0x0000000000000000000000000000000000000000000000373d46ebfa8a1a0000",
			"logIndex": 70,
			"topics": [
				"0xddf252ad1be2c89b69c2b068fc378daa952ba7f163c4a11628f55a4df523b3ef",
				"0x000000000000000000000000468b858c964f297fd8fce058032bf4b4911a8ad8",
				"0x000000000000000000000000d3e4341f026856b2c07fc245dfcf50b095e91b58"
			],
			"transactionHash": "0x7a67cbd786e14713197b56005b4443dfa54ba1b8d86a3c10ea47c630a4b51a4f",
			"transactionIndex": 83,
			"transactionLogIndex": "0x0",
			"type": "mined",
			"id": "log_d93e6dc9"
		}
	],
	"logsBloom": "0x00000000000000000000000000020000000000000000080000000000000000000000000000000000000000000000000000000000000000000000000000000000000000000000010000000008000000000000000000000000000000000020000000000000000000000000000000000000000000000000000000000010000000000000000000000000800000000000000000000000000000000000000000000000000000000000000080000000000000000000000000000000000000010000000000001002000000000000000000000000000000000000000000100000000000000000000000000000000000000000000000000000000000000000000000000000",
	"root": null,
	"status": "0x1",
	"transactionHash": "0x7a67cbd786e14713197b56005b4443dfa54ba1b8d86a3c10ea47c630a4b51a4f",
	"transactionIndex": 83
}
[2018-04-26T19:52:46.018] [DEBUG] trans - TO:   0x1f1d96ecdf498e7b9e42f84019f86cdf30fef830
[2018-04-26T19:52:46.018] [DEBUG] trans - AMOUNT:   1018924000000000000000
[2018-04-26T19:52:46.018] [DEBUG] trans - Receipt info:  {
	"blockHash": "0x2815d6258696a2bea3af66dae9215ae3fc4a7e99ece28e4ed3e490af0e77edca",
	"blockNumber": 5510620,
	"contractAddress": null,
	"cumulativeGasUsed": 5211855,
	"gasUsed": 51589,
	"logs": [
		{
			"address": "0x7e9e431a0B8c4D532C745B1043c7FA29a48D4fBa",
			"blockHash": "0x2815d6258696a2bea3af66dae9215ae3fc4a7e99ece28e4ed3e490af0e77edca",
			"blockNumber": 5510620,
			"data": "0x0000000000000000000000000000000000000000000000373c693b82601e0000",
			"logIndex": 72,
			"topics": [
				"0xddf252ad1be2c89b69c2b068fc378daa952ba7f163c4a11628f55a4df523b3ef",
				"0x000000000000000000000000468b858c964f297fd8fce058032bf4b4911a8ad8",
				"0x0000000000000000000000001f1d96ecdf498e7b9e42f84019f86cdf30fef830"
			],
			"transactionHash": "0xf4b23158ac2d354b05808fd2aff1e889432b4f78f877907e861805b1df7c733c",
			"transactionIndex": 85,
			"transactionLogIndex": "0x0",
			"type": "mined",
			"id": "log_f1c1e1e7"
		}
	],
	"logsBloom": "0x00000000000000000000000000020000000000000000000000000000000000000000000000000000000000000000000000000000000000000000000000000000000000000000010000000008000000000000000000000000000800000020000000000000000000000000000000000000000000000000000000000010000000000000000000000000000000000000040000000000000000000000000000000000000000000000000080000000000000000000000000000000000000010000000000001002000000000000000000000000000000000000000000000000000000080000000000000000000000000000000000000000000000000000000000000000",
	"root": null,
	"status": "0x1",
	"transactionHash": "0xf4b23158ac2d354b05808fd2aff1e889432b4f78f877907e861805b1df7c733c",
	"transactionIndex": 85
}
[2018-04-26T19:52:46.018] [DEBUG] trans - TO:   0xad4f22ede0d6429459a13010acbea21575c47192
[2018-04-26T19:52:46.018] [DEBUG] trans - AMOUNT:   1018774500000000000000
[2018-04-26T19:52:46.018] [DEBUG] trans - Receipt info:  {
	"blockHash": "0x2815d6258696a2bea3af66dae9215ae3fc4a7e99ece28e4ed3e490af0e77edca",
	"blockNumber": 5510620,
	"contractAddress": null,
	"cumulativeGasUsed": 5315097,
	"gasUsed": 51653,
	"logs": [
		{
			"address": "0x7e9e431a0B8c4D532C745B1043c7FA29a48D4fBa",
			"blockHash": "0x2815d6258696a2bea3af66dae9215ae3fc4a7e99ece28e4ed3e490af0e77edca",
			"blockNumber": 5510620,
			"data": "0x0000000000000000000000000000000000000000000000373a561a0d26324000",
			"logIndex": 74,
			"topics": [
				"0xddf252ad1be2c89b69c2b068fc378daa952ba7f163c4a11628f55a4df523b3ef",
				"0x000000000000000000000000468b858c964f297fd8fce058032bf4b4911a8ad8",
				"0x000000000000000000000000ad4f22ede0d6429459a13010acbea21575c47192"
			],
			"transactionHash": "0x4be1d77482a90c16fccf90875cc3bce73ca98d5b077a260b775bb630c97cc177",
			"transactionIndex": 87,
			"transactionLogIndex": "0x0",
			"type": "mined",
			"id": "log_0ee9f1ad"
		}
	],
	"logsBloom": "0x00000000000000000000000000020040000000000000000000000000000000000000000000000000000000000000000000000000000000000000000000000000000000000000010000000008000000000000000000000000000000000020000000000000000000000000000000000000000000000000000000000010000000000000000000000000000000000000000000000000000000000000000000000000000000000000000080000000000000000000000000000000000000010000000000001002000000000000000000000000000000008000000000000000000000000000000000000000000000000000000000000000000000000000000000800000",
	"root": null,
	"status": "0x1",
	"transactionHash": "0x4be1d77482a90c16fccf90875cc3bce73ca98d5b077a260b775bb630c97cc177",
	"transactionIndex": 87
}
[2018-04-26T19:52:46.019] [DEBUG] trans - TO:   0x54bc5f8dc87c19adc908ee7179bf1bce53b0c960
[2018-04-26T19:52:46.019] [DEBUG] trans - AMOUNT:   1018900000000000000000
[2018-04-26T19:52:46.019] [DEBUG] trans - Receipt info:  {
	"blockHash": "0x2815d6258696a2bea3af66dae9215ae3fc4a7e99ece28e4ed3e490af0e77edca",
	"blockNumber": 5510620,
	"contractAddress": null,
	"cumulativeGasUsed": 5263444,
	"gasUsed": 51589,
	"logs": [
		{
			"address": "0x7e9e431a0B8c4D532C745B1043c7FA29a48D4fBa",
			"blockHash": "0x2815d6258696a2bea3af66dae9215ae3fc4a7e99ece28e4ed3e490af0e77edca",
			"blockNumber": 5510620,
			"data": "0x0000000000000000000000000000000000000000000000373c13f7a2ed820000",
			"logIndex": 73,
			"topics": [
				"0xddf252ad1be2c89b69c2b068fc378daa952ba7f163c4a11628f55a4df523b3ef",
				"0x000000000000000000000000468b858c964f297fd8fce058032bf4b4911a8ad8",
				"0x00000000000000000000000054bc5f8dc87c19adc908ee7179bf1bce53b0c960"
			],
			"transactionHash": "0x16ad46e41ccccc72624bbada34ca830a3694c804e2d3e94fa611567171120ed2",
			"transactionIndex": 86,
			"transactionLogIndex": "0x0",
			"type": "mined",
			"id": "log_5467d55e"
		}
	],
	"logsBloom": "0x00000000000000000000000000020000000000000000000000000000000000000000000002000000000000000000000000000000000000000000000000000000000000000000010000000008000000000000000000000000000000000020000000000000000000000000000000000000000000000000000000000010000000000000000000000000000200000000000000000000000000000000000000000000000000000000000080000000000000000000000000000000000000010000000000001002000000000000000000000000000000040000000000000000000000000000000000000000000000000000000000000000000000000000000000000000",
	"root": null,
	"status": "0x1",
	"transactionHash": "0x16ad46e41ccccc72624bbada34ca830a3694c804e2d3e94fa611567171120ed2",
	"transactionIndex": 86
}
[2018-04-26T19:52:46.019] [DEBUG] trans - TO:   0x70304c513448d6445025bd730ec797832725e2f1
[2018-04-26T19:52:46.019] [DEBUG] trans - AMOUNT:   1018676300000000000000
[2018-04-26T19:52:46.019] [DEBUG] trans - Receipt info:  {
	"blockHash": "0x2815d6258696a2bea3af66dae9215ae3fc4a7e99ece28e4ed3e490af0e77edca",
	"blockNumber": 5510620,
	"contractAddress": null,
	"cumulativeGasUsed": 5418403,
	"gasUsed": 51653,
	"logs": [
		{
			"address": "0x7e9e431a0B8c4D532C745B1043c7FA29a48D4fBa",
			"blockHash": "0x2815d6258696a2bea3af66dae9215ae3fc4a7e99ece28e4ed3e490af0e77edca",
			"blockNumber": 5510620,
			"data": "0x00000000000000000000000000000000000000000000003738f939abf140c000",
			"logIndex": 76,
			"topics": [
				"0xddf252ad1be2c89b69c2b068fc378daa952ba7f163c4a11628f55a4df523b3ef",
				"0x000000000000000000000000468b858c964f297fd8fce058032bf4b4911a8ad8",
				"0x00000000000000000000000070304c513448d6445025bd730ec797832725e2f1"
			],
			"transactionHash": "0x57a4759e093c5b7b9cf8f9a81061b7d520c9430a8af43734118bd34e887cca9f",
			"transactionIndex": 89,
			"transactionLogIndex": "0x0",
			"type": "mined",
			"id": "log_5254b7ea"
		}
	],
	"logsBloom": "0x00000000000000000000000000020000000000000000000000000000000000000000000000000000000000000000000000000000000000000000000000000000000000000000010000000008000000000000000000000000000000000020000000000000000000000000000000000000000000000000000000000010000000000000000000000000000000200000000000000000000000000000000000000000000000000000000080000100000000000000000000000000000000010000000000001002000000000000000000000000000000000000000000000010000000000000000000000000000000000000000000000000000000000000000000000000",
	"root": null,
	"status": "0x1",
	"transactionHash": "0x57a4759e093c5b7b9cf8f9a81061b7d520c9430a8af43734118bd34e887cca9f",
	"transactionIndex": 89
}
[2018-04-26T19:52:46.020] [DEBUG] trans - TO:   0x10acec88e0600f704e3bf74fb46554bb893136ec
[2018-04-26T19:52:46.020] [DEBUG] trans - AMOUNT:   1018680500000000000000
[2018-04-26T19:52:46.020] [DEBUG] trans - Receipt info:  {
	"blockHash": "0x2815d6258696a2bea3af66dae9215ae3fc4a7e99ece28e4ed3e490af0e77edca",
	"blockNumber": 5510620,
	"contractAddress": null,
	"cumulativeGasUsed": 5366750,
	"gasUsed": 51653,
	"logs": [
		{
			"address": "0x7e9e431a0B8c4D532C745B1043c7FA29a48D4fBa",
			"blockHash": "0x2815d6258696a2bea3af66dae9215ae3fc4a7e99ece28e4ed3e490af0e77edca",
			"blockNumber": 5510620,
			"data": "0x0000000000000000000000000000000000000000000000373908258ca54f4000",
			"logIndex": 75,
			"topics": [
				"0xddf252ad1be2c89b69c2b068fc378daa952ba7f163c4a11628f55a4df523b3ef",
				"0x000000000000000000000000468b858c964f297fd8fce058032bf4b4911a8ad8",
				"0x00000000000000000000000010acec88e0600f704e3bf74fb46554bb893136ec"
			],
			"transactionHash": "0x743bbebcb05f91d39996a407921f63e05931315ac56cbd1188b2c9d5f5c1c318",
			"transactionIndex": 88,
			"transactionLogIndex": "0x0",
			"type": "mined",
			"id": "log_48800e54"
		}
	],
	"logsBloom": "0x00000000000000000000000000020000000000000000000000000000000000000000000000000000000000000000000200000000000000000000000000000000000000000000010000000008000000000000000000000000000000000020000000000000000000000000000000000000000000000000000000000010000000000000000000000000000000000000000000000000000000000000000000000000000000000000000080000000000000000000000000000000000000010000000000801002000020000000000000000000000000000000000000000000000000000000000000000000000000000000000000000000000000000000000000000000",
	"root": null,
	"status": "0x1",
	"transactionHash": "0x743bbebcb05f91d39996a407921f63e05931315ac56cbd1188b2c9d5f5c1c318",
	"transactionIndex": 88
}
[2018-04-26T19:52:46.020] [DEBUG] trans - TO:   0x89c0838c41fa25ac391a4f2f41acc641c85096b8
[2018-04-26T19:52:46.020] [DEBUG] trans - AMOUNT:   1018646000000000000000
[2018-04-26T19:52:46.020] [DEBUG] trans - Receipt info:  {
	"blockHash": "0x2815d6258696a2bea3af66dae9215ae3fc4a7e99ece28e4ed3e490af0e77edca",
	"blockNumber": 5510620,
	"contractAddress": null,
	"cumulativeGasUsed": 5469992,
	"gasUsed": 51589,
	"logs": [
		{
			"address": "0x7e9e431a0B8c4D532C745B1043c7FA29a48D4fBa",
			"blockHash": "0x2815d6258696a2bea3af66dae9215ae3fc4a7e99ece28e4ed3e490af0e77edca",
			"blockNumber": 5510620,
			"data": "0x000000000000000000000000000000000000000000000037388d93fb708f0000",
			"logIndex": 77,
			"topics": [
				"0xddf252ad1be2c89b69c2b068fc378daa952ba7f163c4a11628f55a4df523b3ef",
				"0x000000000000000000000000468b858c964f297fd8fce058032bf4b4911a8ad8",
				"0x00000000000000000000000089c0838c41fa25ac391a4f2f41acc641c85096b8"
			],
			"transactionHash": "0x2a32d3a39cf131ad4b769da071f88826d602c8c34498f6f1fa57a9a5bcb2863c",
			"transactionIndex": 90,
			"transactionLogIndex": "0x0",
			"type": "mined",
			"id": "log_22c44943"
		}
	],
	"logsBloom": "0x00000000000000000000000000020000000000000000000000000000000000000000000000000000000000000000000000000000000000000000000000000000000000000000010000000008000000000000000000000000000000000020000000000000000000000000800000000000000000000000000000000010000000000000000000000000000000000000000000000000000000000000000000000000000000000000100080000000000000000000000000000000000000010000000000001002000000000000000000000000000000000000000000000000000000000000000000000000000000000000000020000000000000000000000000000000",
	"root": null,
	"status": "0x1",
	"transactionHash": "0x2a32d3a39cf131ad4b769da071f88826d602c8c34498f6f1fa57a9a5bcb2863c",
	"transactionIndex": 90
}
[2018-04-26T19:52:46.021] [DEBUG] trans - TO:   0x350700058057f381500724fbb776d2a584f45d1f
[2018-04-26T19:52:46.021] [DEBUG] trans - AMOUNT:   1018554900000000000000
[2018-04-26T19:52:46.021] [DEBUG] trans - Receipt info:  {
	"blockHash": "0x2815d6258696a2bea3af66dae9215ae3fc4a7e99ece28e4ed3e490af0e77edca",
	"blockNumber": 5510620,
	"contractAddress": null,
	"cumulativeGasUsed": 5573170,
	"gasUsed": 51589,
	"logs": [
		{
			"address": "0x7e9e431a0B8c4D532C745B1043c7FA29a48D4fBa",
			"blockHash": "0x2815d6258696a2bea3af66dae9215ae3fc4a7e99ece28e4ed3e490af0e77edca",
			"blockNumber": 5510620,
			"data": "0x0000000000000000000000000000000000000000000000373749ed03cd854000",
			"logIndex": 79,
			"topics": [
				"0xddf252ad1be2c89b69c2b068fc378daa952ba7f163c4a11628f55a4df523b3ef",
				"0x000000000000000000000000468b858c964f297fd8fce058032bf4b4911a8ad8",
				"0x000000000000000000000000350700058057f381500724fbb776d2a584f45d1f"
			],
			"transactionHash": "0xe33a28354e15198ea5bf4743e0b8860f95693c5f7a54bf2e7ef20e775dc4731b",
			"transactionIndex": 92,
			"transactionLogIndex": "0x0",
			"type": "mined",
			"id": "log_b479ef28"
		}
	],
	"logsBloom": "0x00000000000000000000000000020000000000000000000000000000000000000000000000000000000000000000000000000000000000000000000000000000000000000000010000000008000000000000000000000000000000000020000000000000000000000000000000040000000000000000000000000010000000000000000000000000000000000000000000000000000000000400000000000000000000000000000080000000000000000000000000000000000000010000000000001002000000000000000000000000000000000000000000000000000000000000000000000000000000000000000000000000000002000000000000000000",
	"root": null,
	"status": "0x1",
	"transactionHash": "0xe33a28354e15198ea5bf4743e0b8860f95693c5f7a54bf2e7ef20e775dc4731b",
	"transactionIndex": 92
}
[2018-04-26T19:52:46.021] [DEBUG] trans - TO:   0x7989cbb8946bdd9c2118f7ebee17f06fda7c059d
[2018-04-26T19:52:46.021] [DEBUG] trans - AMOUNT:   1018600000000000000000
[2018-04-26T19:52:46.021] [DEBUG] trans - Receipt info:  {
	"blockHash": "0x2815d6258696a2bea3af66dae9215ae3fc4a7e99ece28e4ed3e490af0e77edca",
	"blockNumber": 5510620,
	"contractAddress": null,
	"cumulativeGasUsed": 5521581,
	"gasUsed": 51589,
	"logs": [
		{
			"address": "0x7e9e431a0B8c4D532C745B1043c7FA29a48D4fBa",
			"blockHash": "0x2815d6258696a2bea3af66dae9215ae3fc4a7e99ece28e4ed3e490af0e77edca",
			"blockNumber": 5510620,
			"data": "0x00000000000000000000000000000000000000000000003737ea2739d4e40000",
			"logIndex": 78,
			"topics": [
				"0xddf252ad1be2c89b69c2b068fc378daa952ba7f163c4a11628f55a4df523b3ef",
				"0x000000000000000000000000468b858c964f297fd8fce058032bf4b4911a8ad8",
				"0x0000000000000000000000007989cbb8946bdd9c2118f7ebee17f06fda7c059d"
			],
			"transactionHash": "0x8b445d32c3b51c987ab18d9771c2b24a339824eea578a25f0943685180a8c300",
			"transactionIndex": 91,
			"transactionLogIndex": "0x0",
			"type": "mined",
			"id": "log_cccd2b4f"
		}
	],
	"logsBloom": "0x00000000000000000000000000020000000000000000000000000000000000000000000000000000000000000000000000000000000000000000000000000000000000000000010000000008000000000000000000000000000040000020000000000000000000000000000000000000000000000000000000000010000000000000000000020000000000000000000000000000000000000000000000000000000000000000000080000000000000000000000000000000000000010000000000001002000000000000000000000000000000000000000000000000000000000000000000000000000000000000008000000000000000000000000000000000",
	"root": null,
	"status": "0x1",
	"transactionHash": "0x8b445d32c3b51c987ab18d9771c2b24a339824eea578a25f0943685180a8c300",
	"transactionIndex": 91
}
[2018-04-26T19:52:46.021] [DEBUG] trans - TO:   0x76cd0c9dd64df254873fa298a694d5f8e88906cd
[2018-04-26T19:52:46.021] [DEBUG] trans - AMOUNT:   1018500000000000000000
[2018-04-26T19:52:46.022] [DEBUG] trans - Receipt info:  {
	"blockHash": "0x2815d6258696a2bea3af66dae9215ae3fc4a7e99ece28e4ed3e490af0e77edca",
	"blockNumber": 5510620,
	"contractAddress": null,
	"cumulativeGasUsed": 5676348,
	"gasUsed": 51589,
	"logs": [
		{
			"address": "0x7e9e431a0B8c4D532C745B1043c7FA29a48D4fBa",
			"blockHash": "0x2815d6258696a2bea3af66dae9215ae3fc4a7e99ece28e4ed3e490af0e77edca",
			"blockNumber": 5510620,
			"data": "0x0000000000000000000000000000000000000000000000373686e1c1775a0000",
			"logIndex": 81,
			"topics": [
				"0xddf252ad1be2c89b69c2b068fc378daa952ba7f163c4a11628f55a4df523b3ef",
				"0x000000000000000000000000468b858c964f297fd8fce058032bf4b4911a8ad8",
				"0x00000000000000000000000076cd0c9dd64df254873fa298a694d5f8e88906cd"
			],
			"transactionHash": "0x3a3eef9e4bc49486c7d9b6e80e3a47cf0b3cd4e4b44a669313511e70da2cf230",
			"transactionIndex": 94,
			"transactionLogIndex": "0x0",
			"type": "mined",
			"id": "log_862fc6a9"
		}
	],
	"logsBloom": "0x00000000000000000000000000020000000000000000000000000000000000000000000000000000000000000000000000000000000000000000000000000000000001000000010000000008000000000000000000000000000000000020000000000000000000000000000000000000000000000000000000000010000000000000000000000000000000000000000000000000000000000000000000000000000000000000000080000000000000000000000000400000000000010000000000001202000000000000000000000000000000000000000000000000000000000000000000000000000000000000000000000000000000000000000000000000",
	"root": null,
	"status": "0x1",
	"transactionHash": "0x3a3eef9e4bc49486c7d9b6e80e3a47cf0b3cd4e4b44a669313511e70da2cf230",
	"transactionIndex": 94
}
[2018-04-26T19:52:46.022] [DEBUG] trans - TO:   0x79d3407b18d4e0f4e6fc61240c61d8f44dd9a05c
[2018-04-26T19:52:46.022] [DEBUG] trans - AMOUNT:   1018528000000000000000
[2018-04-26T19:52:46.022] [DEBUG] trans - Receipt info:  {
	"blockHash": "0x2815d6258696a2bea3af66dae9215ae3fc4a7e99ece28e4ed3e490af0e77edca",
	"blockNumber": 5510620,
	"contractAddress": null,
	"cumulativeGasUsed": 5624759,
	"gasUsed": 51589,
	"logs": [
		{
			"address": "0x7e9e431a0B8c4D532C745B1043c7FA29a48D4fBa",
			"blockHash": "0x2815d6258696a2bea3af66dae9215ae3fc4a7e99ece28e4ed3e490af0e77edca",
			"blockNumber": 5510620,
			"data": "0x00000000000000000000000000000000000000000000003736ea5b9b7d100000",
			"logIndex": 80,
			"topics": [
				"0xddf252ad1be2c89b69c2b068fc378daa952ba7f163c4a11628f55a4df523b3ef",
				"0x000000000000000000000000468b858c964f297fd8fce058032bf4b4911a8ad8",
				"0x00000000000000000000000079d3407b18d4e0f4e6fc61240c61d8f44dd9a05c"
			],
			"transactionHash": "0xae916fef0c272c99e42697672a32013f16b81428ae1b537a7cbace7a8a1fc8c3",
			"transactionIndex": 93,
			"transactionLogIndex": "0x0",
			"type": "mined",
			"id": "log_498f4fc6"
		}
	],
	"logsBloom": "0x00000800000000000000000000020000000000000000000000000000000000000000000000000000000000000000000000000000000000000000000000000000000000000000010000000008000000000000000000000000000000000020000000000000000000000000000000000000000000000000000000000010000000000000000000000000000000080000000000000000000000000000000000000000000000000000000080000000000000000000000000000000000000010000000000001002000000000000000000000000000000000000000000000000000000000000000000000000000000000000000000200000000000000000000000000000",
	"root": null,
	"status": "0x1",
	"transactionHash": "0xae916fef0c272c99e42697672a32013f16b81428ae1b537a7cbace7a8a1fc8c3",
	"transactionIndex": 93
}
[2018-04-26T19:52:46.022] [DEBUG] trans - TO:   0xfb63dc86e766d5f1f3ba6494417ba0c18fb6d152
[2018-04-26T19:52:46.022] [DEBUG] trans - AMOUNT:   1018496300000000000000
[2018-04-26T19:52:46.022] [DEBUG] trans - Receipt info:  {
	"blockHash": "0x2815d6258696a2bea3af66dae9215ae3fc4a7e99ece28e4ed3e490af0e77edca",
	"blockNumber": 5510620,
	"contractAddress": null,
	"cumulativeGasUsed": 5728001,
	"gasUsed": 51653,
	"logs": [
		{
			"address": "0x7e9e431a0B8c4D532C745B1043c7FA29a48D4fBa",
			"blockHash": "0x2815d6258696a2bea3af66dae9215ae3fc4a7e99ece28e4ed3e490af0e77edca",
			"blockNumber": 5510620,
			"data": "0x0000000000000000000000000000000000000000000000373679bca015aec000",
			"logIndex": 82,
			"topics": [
				"0xddf252ad1be2c89b69c2b068fc378daa952ba7f163c4a11628f55a4df523b3ef",
				"0x000000000000000000000000468b858c964f297fd8fce058032bf4b4911a8ad8",
				"0x000000000000000000000000fb63dc86e766d5f1f3ba6494417ba0c18fb6d152"
			],
			"transactionHash": "0x5247753a064d9c095669dc394bfe2dfdb4617c837b200b04c4bb231331052129",
			"transactionIndex": 95,
			"transactionLogIndex": "0x0",
			"type": "mined",
			"id": "log_88461911"
		}
	],
	"logsBloom": "0x00000000000000000000000000020000000000000000000000000000000000000000000000000000000000000000000000000000000000000000000000000000000000000000010000000008008000000000000000000000000000000020000000000000000000000000000000000000000000000000000000000010000000000000000000000000000000000000000000008000000000000000000000000000000000000000000080000000000000000000000000000000000000010000000000001002000000000000000000000000000000000000000000000000000000000000000000000000000000000000000004000000000000000000000000000000",
	"root": null,
	"status": "0x1",
	"transactionHash": "0x5247753a064d9c095669dc394bfe2dfdb4617c837b200b04c4bb231331052129",
	"transactionIndex": 95
}
[2018-04-26T19:52:46.024] [DEBUG] trans - TO:   0x0035b22ac3f66cdb00cd53b9d98fee155839fde6
[2018-04-26T19:52:46.024] [DEBUG] trans - AMOUNT:   1018383200000000000000
[2018-04-26T19:52:46.024] [DEBUG] trans - Receipt info:  {
	"blockHash": "0x2815d6258696a2bea3af66dae9215ae3fc4a7e99ece28e4ed3e490af0e77edca",
	"blockNumber": 5510620,
	"contractAddress": null,
	"cumulativeGasUsed": 5816115,
	"gasUsed": 36461,
	"logs": [
		{
			"address": "0x7e9e431a0B8c4D532C745B1043c7FA29a48D4fBa",
			"blockHash": "0x2815d6258696a2bea3af66dae9215ae3fc4a7e99ece28e4ed3e490af0e77edca",
			"blockNumber": 5510620,
			"data": "0x00000000000000000000000000000000000000000000003734e7ecc649960000",
			"logIndex": 84,
			"topics": [
				"0xddf252ad1be2c89b69c2b068fc378daa952ba7f163c4a11628f55a4df523b3ef",
				"0x000000000000000000000000468b858c964f297fd8fce058032bf4b4911a8ad8",
				"0x0000000000000000000000000035b22ac3f66cdb00cd53b9d98fee155839fde6"
			],
			"transactionHash": "0x1bfa165ff4666bc2585aae0cc5d9a2bbb317b0e8b9a2d8bd94c0b94aa6519a2c",
			"transactionIndex": 97,
			"transactionLogIndex": "0x0",
			"type": "mined",
			"id": "log_dce8b8ba"
		}
	],
	"logsBloom": "0x00000000000000000000000000020000000000000000000000000000000000000000000000000000000000000000000000000000000000000000000000000000000000000000010000000008000000000000000200000000000000000020000000000000000000000000000000000000000000000000000000000010000000000000000000000000000000000000000000000000000000000000008000000000000000000000000080000000000000000000000000000002000000010000000000001002000000000000000000000000000000000000000000000000000000000000000000000000000000000000000000000000000000000000000000000000",
	"root": null,
	"status": "0x1",
	"transactionHash": "0x1bfa165ff4666bc2585aae0cc5d9a2bbb317b0e8b9a2d8bd94c0b94aa6519a2c",
	"transactionIndex": 97
}
[2018-04-26T19:52:46.024] [DEBUG] trans - TO:   0xf51a3a75e39a44a752df73cb8250eab1d21634a4
[2018-04-26T19:52:46.024] [DEBUG] trans - AMOUNT:   1019000000000000000000
[2018-04-26T19:52:46.024] [DEBUG] trans - Receipt info:  {
	"blockHash": "0x2815d6258696a2bea3af66dae9215ae3fc4a7e99ece28e4ed3e490af0e77edca",
	"blockNumber": 5510620,
	"contractAddress": null,
	"cumulativeGasUsed": 4929060,
	"gasUsed": 51589,
	"logs": [
		{
			"address": "0x7e9e431a0B8c4D532C745B1043c7FA29a48D4fBa",
			"blockHash": "0x2815d6258696a2bea3af66dae9215ae3fc4a7e99ece28e4ed3e490af0e77edca",
			"blockNumber": 5510620,
			"data": "0x0000000000000000000000000000000000000000000000373d773d1b4b0c0000",
			"logIndex": 69,
			"topics": [
				"0xddf252ad1be2c89b69c2b068fc378daa952ba7f163c4a11628f55a4df523b3ef",
				"0x000000000000000000000000468b858c964f297fd8fce058032bf4b4911a8ad8",
				"0x000000000000000000000000f51a3a75e39a44a752df73cb8250eab1d21634a4"
			],
			"transactionHash": "0x4c748c716b2518d5754574a1336cd71874890b2c395bfa1c44d10ad4134a877f",
			"transactionIndex": 81,
			"transactionLogIndex": "0x0",
			"type": "mined",
			"id": "log_658a873a"
		}
	],
	"logsBloom": "0x00000000000000000000000000020000000000000000000000000000000000000000000000000000000000000000000000000000000000000000000000000000000000000000010002000008000000000000000000000000000000000020000000000000000000000000000004000000000000000000000000000010000000000000000000000000000000000000000000000000000000800000000000000000000000000000000080000000000000000000000000000000000000010000000000001002000000000000000000000000000000000000000000000000000000000000000000000000000000000000000000000000000000000000000000000000",
	"root": null,
	"status": "0x1",
	"transactionHash": "0x4c748c716b2518d5754574a1336cd71874890b2c395bfa1c44d10ad4134a877f",
	"transactionIndex": 81
}
[2018-04-26T19:52:46.025] [DEBUG] trans - TO:   0xd5fb0f16fb56689d69e4d31c339d6f8838761510
[2018-04-26T19:52:46.025] [DEBUG] trans - AMOUNT:   1018200000000000000000
[2018-04-26T19:52:46.025] [DEBUG] trans - Receipt info:  {
	"blockHash": "0x2815d6258696a2bea3af66dae9215ae3fc4a7e99ece28e4ed3e490af0e77edca",
	"blockNumber": 5510620,
	"contractAddress": null,
	"cumulativeGasUsed": 5919357,
	"gasUsed": 51589,
	"logs": [
		{
			"address": "0x7e9e431a0B8c4D532C745B1043c7FA29a48D4fBa",
			"blockHash": "0x2815d6258696a2bea3af66dae9215ae3fc4a7e99ece28e4ed3e490af0e77edca",
			"blockNumber": 5510620,
			"data": "0x000000000000000000000000000000000000000000000037325d11585ebc0000",
			"logIndex": 86,
			"topics": [
				"0xddf252ad1be2c89b69c2b068fc378daa952ba7f163c4a11628f55a4df523b3ef",
				"0x000000000000000000000000468b858c964f297fd8fce058032bf4b4911a8ad8",
				"0x000000000000000000000000d5fb0f16fb56689d69e4d31c339d6f8838761510"
			],
			"transactionHash": "0x75ab3c8675e485ae5726f49eb5778ae6e8b1a3a8161fd29d257705a3c681eadc",
			"transactionIndex": 99,
			"transactionLogIndex": "0x0",
			"type": "mined",
			"id": "log_0f1957f4"
		}
	],
	"logsBloom": "0x00000000000000000000000000020000000000000080000000000000000000000000000000000000000000000000000000000000000000000000000000000000000000000000010000000008000000000000000000000000000000000020000000000000000000000000000000000000000000000000000000000010000000000000000000000100000000000000000000000000000000000000000000000000000000000000000080000000000000000000000000000000000000010000000000001002000000000000002000000000000000000000000000000000000000000000000000000000000000000000000000000000000000000000000000000000",
	"root": null,
	"status": "0x1",
	"transactionHash": "0x75ab3c8675e485ae5726f49eb5778ae6e8b1a3a8161fd29d257705a3c681eadc",
	"transactionIndex": 99
}
[2018-04-26T19:52:46.025] [DEBUG] trans - TO:   0x9713224a1694fbf3a4db2d37fa09a2e39c226375
[2018-04-26T19:52:46.025] [DEBUG] trans - AMOUNT:   1018209900000000000000
[2018-04-26T19:52:46.025] [DEBUG] trans - Receipt info:  {
	"blockHash": "0x2815d6258696a2bea3af66dae9215ae3fc4a7e99ece28e4ed3e490af0e77edca",
	"blockNumber": 5510620,
	"contractAddress": null,
	"cumulativeGasUsed": 5867768,
	"gasUsed": 51653,
	"logs": [
		{
			"address": "0x7e9e431a0B8c4D532C745B1043c7FA29a48D4fBa",
			"blockHash": "0x2815d6258696a2bea3af66dae9215ae3fc4a7e99ece28e4ed3e490af0e77edca",
			"blockNumber": 5510620,
			"data": "0x00000000000000000000000000000000000000000000003732803d57be02c000",
			"logIndex": 85,
			"topics": [
				"0xddf252ad1be2c89b69c2b068fc378daa952ba7f163c4a11628f55a4df523b3ef",
				"0x000000000000000000000000468b858c964f297fd8fce058032bf4b4911a8ad8",
				"0x0000000000000000000000009713224a1694fbf3a4db2d37fa09a2e39c226375"
			],
			"transactionHash": "0x657fd31e8b1026de639680f27b5824d8d538ca4ca319bb29b4f12d89ddd07f6d",
			"transactionIndex": 98,
			"transactionLogIndex": "0x0",
			"type": "mined",
			"id": "log_2d73d1de"
		}
	],
	"logsBloom": "0x00000000000000000000000000020000000000000000000000000000000000001000000000000000000000000000000000000000000000000000000000000000000000000000010000000008000000000000000000000000000000000020000000000000000000000000000000000000000000000000000000000010000000000000000000000000000000000000000000000000000000000000000000000000000000000000000080000000000000000000000000000000000000010000000000001002000000000000000000010000000000000000000000000000000008000000000000000000000000000000000000000000000000000000000000000000",
	"root": null,
	"status": "0x1",
	"transactionHash": "0x657fd31e8b1026de639680f27b5824d8d538ca4ca319bb29b4f12d89ddd07f6d",
	"transactionIndex": 98
}
[2018-04-26T19:52:46.025] [DEBUG] trans - TO:   0x6532e1b5774e5b3a4f5005e40f4409d371ceb551
[2018-04-26T19:52:46.025] [DEBUG] trans - AMOUNT:   1018163000000000000000
[2018-04-26T19:52:46.025] [DEBUG] trans - Receipt info:  {
	"blockHash": "0x2815d6258696a2bea3af66dae9215ae3fc4a7e99ece28e4ed3e490af0e77edca",
	"blockNumber": 5510620,
	"contractAddress": null,
	"cumulativeGasUsed": 5971010,
	"gasUsed": 51653,
	"logs": [
		{
			"address": "0x7e9e431a0B8c4D532C745B1043c7FA29a48D4fBa",
			"blockHash": "0x2815d6258696a2bea3af66dae9215ae3fc4a7e99ece28e4ed3e490af0e77edca",
			"blockNumber": 5510620,
			"data": "0x00000000000000000000000000000000000000000000003731d99e0a8e0b8000",
			"logIndex": 87,
			"topics": [
				"0xddf252ad1be2c89b69c2b068fc378daa952ba7f163c4a11628f55a4df523b3ef",
				"0x000000000000000000000000468b858c964f297fd8fce058032bf4b4911a8ad8",
				"0x0000000000000000000000006532e1b5774e5b3a4f5005e40f4409d371ceb551"
			],
			"transactionHash": "0x86bbb8856c0f7d98a1126e93319ada519d495010fee18f6b546e99df31901911",
			"transactionIndex": 100,
			"transactionLogIndex": "0x0",
			"type": "mined",
			"id": "log_e08d6bb2"
		}
	],
	"logsBloom": "0x00000000000000100000000000020000000000000000000000000000000000000000000000000000000000000000800000000000000000000000000000000000000000000000010000000008000000000000000000000000000000000020000000000008000000000000000000000000000000000000000000000010000000000000000000000000000000000000000000000000000000000000000000000000000000000000000080000000000000000000000000000000000000010000000000001002000000000000000000000000000000000000000000000000000000000000000000000000000000000000000000000000000000000000000000000000",
	"root": null,
	"status": "0x1",
	"transactionHash": "0x86bbb8856c0f7d98a1126e93319ada519d495010fee18f6b546e99df31901911",
	"transactionIndex": 100
}
[2018-04-26T19:52:46.026] [DEBUG] trans - TO:   0x62b43f5eba8d201cdb4e39f3a412a45eb09b4dc4
[2018-04-26T19:52:46.026] [DEBUG] trans - AMOUNT:   1018146500000000000000
[2018-04-26T19:52:46.026] [DEBUG] trans - Receipt info:  {
	"blockHash": "0x2815d6258696a2bea3af66dae9215ae3fc4a7e99ece28e4ed3e490af0e77edca",
	"blockNumber": 5510620,
	"contractAddress": null,
	"cumulativeGasUsed": 6022663,
	"gasUsed": 51653,
	"logs": [
		{
			"address": "0x7e9e431a0B8c4D532C745B1043c7FA29a48D4fBa",
			"blockHash": "0x2815d6258696a2bea3af66dae9215ae3fc4a7e99ece28e4ed3e490af0e77edca",
			"blockNumber": 5510620,
			"data": "0x000000000000000000000000000000000000000000000037319eff60ef404000",
			"logIndex": 88,
			"topics": [
				"0xddf252ad1be2c89b69c2b068fc378daa952ba7f163c4a11628f55a4df523b3ef",
				"0x000000000000000000000000468b858c964f297fd8fce058032bf4b4911a8ad8",
				"0x00000000000000000000000062b43f5eba8d201cdb4e39f3a412a45eb09b4dc4"
			],
			"transactionHash": "0x366db8e2cbd72e1f54d440db4158095587b561dbe020513adf19587c07e3895e",
			"transactionIndex": 101,
			"transactionLogIndex": "0x0",
			"type": "mined",
			"id": "log_d68a6462"
		}
	],
	"logsBloom": "0x00000000000000000000000000020000000000000000000000000000000008000000000000000000000000000000000000000000000000000000002000000000000000000000010000000008000000000000000000000000000000000020000000000000000000000000000100000000000000000000000000000010000000000000000000000000000000000000000000000000000000000000000000000000000000000000000080000000000000000000000000000000000000010000000000001002000000000000000000000000000000000000000000000000000000000000000000000000000000000000000000000000000000000000000000000000",
	"root": null,
	"status": "0x1",
	"transactionHash": "0x366db8e2cbd72e1f54d440db4158095587b561dbe020513adf19587c07e3895e",
	"transactionIndex": 101
}
[2018-04-26T19:52:46.026] [DEBUG] trans - TO:   0x7d382682e0982ce1befcd0bfa329dd880c2af9eb
[2018-04-26T19:52:46.026] [DEBUG] trans - AMOUNT:   1018101900000000000000
[2018-04-26T19:52:46.026] [DEBUG] trans - Receipt info:  {
	"blockHash": "0x2815d6258696a2bea3af66dae9215ae3fc4a7e99ece28e4ed3e490af0e77edca",
	"blockNumber": 5510620,
	"contractAddress": null,
	"cumulativeGasUsed": 6074252,
	"gasUsed": 51589,
	"logs": [
		{
			"address": "0x7e9e431a0B8c4D532C745B1043c7FA29a48D4fBa",
			"blockHash": "0x2815d6258696a2bea3af66dae9215ae3fc4a7e99ece28e4ed3e490af0e77edca",
			"blockNumber": 5510620,
			"data": "0x00000000000000000000000000000000000000000000003731008bea3a44c000",
			"logIndex": 89,
			"topics": [
				"0xddf252ad1be2c89b69c2b068fc378daa952ba7f163c4a11628f55a4df523b3ef",
				"0x000000000000000000000000468b858c964f297fd8fce058032bf4b4911a8ad8",
				"0x0000000000000000000000007d382682e0982ce1befcd0bfa329dd880c2af9eb"
			],
			"transactionHash": "0x567ea47a3db4892c0f688d2021cc261c665cde033f1b9945055c3c0551215bf6",
			"transactionIndex": 102,
			"transactionLogIndex": "0x0",
			"type": "mined",
			"id": "log_7361a7f1"
		}
	],
	"logsBloom": "0x00000000000000000000000000020000000000000000000000000000000000000000000000000000000000000000000000000000000000000000010000000000000000000000010000000008000000000000000000000000000000000020000000000000000000000000000000000000000000000000000000000010000000000000000000000000000000000000000000000000000000000000000000000000000000000000000080000000000000000000000000100000200000010000000000001002000000000000000000000000000000000000000000000000000000000000000000000000000000000000000000000000000000000000000000000000",
	"root": null,
	"status": "0x1",
	"transactionHash": "0x567ea47a3db4892c0f688d2021cc261c665cde033f1b9945055c3c0551215bf6",
	"transactionIndex": 102
}
[2018-04-26T19:52:46.027] [DEBUG] trans - TO:   0xaf8ef0a7738ad0e1921782d202a99066025b6da7
[2018-04-26T19:52:46.027] [DEBUG] trans - AMOUNT:   1018081200000000000000
[2018-04-26T19:52:46.027] [DEBUG] trans - Receipt info:  {
	"blockHash": "0x2815d6258696a2bea3af66dae9215ae3fc4a7e99ece28e4ed3e490af0e77edca",
	"blockNumber": 5510620,
	"contractAddress": null,
	"cumulativeGasUsed": 6125841,
	"gasUsed": 51589,
	"logs": [
		{
			"address": "0x7e9e431a0B8c4D532C745B1043c7FA29a48D4fBa",
			"blockHash": "0x2815d6258696a2bea3af66dae9215ae3fc4a7e99ece28e4ed3e490af0e77edca",
			"blockNumber": 5510620,
			"data": "0x00000000000000000000000000000000000000000000003730b7015fe76b0000",
			"logIndex": 90,
			"topics": [
				"0xddf252ad1be2c89b69c2b068fc378daa952ba7f163c4a11628f55a4df523b3ef",
				"0x000000000000000000000000468b858c964f297fd8fce058032bf4b4911a8ad8",
				"0x000000000000000000000000af8ef0a7738ad0e1921782d202a99066025b6da7"
			],
			"transactionHash": "0xf52449004b53144b02c64c3160dbde6dee5e1db832ae0467e305bb591ec44e98",
			"transactionIndex": 103,
			"transactionLogIndex": "0x0",
			"type": "mined",
			"id": "log_0b321851"
		}
	],
	"logsBloom": "0x00000000000000000000000000020000000000000000000000000000000000000000000000000000000200000000000000000000000000000000000000000000000000000000010000000008000000000000000000000000000000000020000000000000000000000000000000000000000000000000000000000010000000000000000000000000000000000000000000000000000000000000000000000000000000000000400080000000000000000000000000000000000000010000000000001002000000000000000000000000000000000000000000000000000000000000000000000000000000000000000000000000040000000000000000000000",
	"root": null,
	"status": "0x1",
	"transactionHash": "0xf52449004b53144b02c64c3160dbde6dee5e1db832ae0467e305bb591ec44e98",
	"transactionIndex": 103
}
[2018-04-26T19:52:46.027] [DEBUG] trans - TO:   0x40a1bce8f52af2d1c819b21c99adccd8cff52bd7
[2018-04-26T19:52:46.027] [DEBUG] trans - AMOUNT:   1017944000000000000000
[2018-04-26T19:52:46.027] [DEBUG] trans - Receipt info:  {
	"blockHash": "0x2815d6258696a2bea3af66dae9215ae3fc4a7e99ece28e4ed3e490af0e77edca",
	"blockNumber": 5510620,
	"contractAddress": null,
	"cumulativeGasUsed": 6332261,
	"gasUsed": 51589,
	"logs": [
		{
			"address": "0x7e9e431a0B8c4D532C745B1043c7FA29a48D4fBa",
			"blockHash": "0x2815d6258696a2bea3af66dae9215ae3fc4a7e99ece28e4ed3e490af0e77edca",
			"blockNumber": 5510620,
			"data": "0x0000000000000000000000000000000000000000000000372ecf92b3983c0000",
			"logIndex": 94,
			"topics": [
				"0xddf252ad1be2c89b69c2b068fc378daa952ba7f163c4a11628f55a4df523b3ef",
				"0x000000000000000000000000468b858c964f297fd8fce058032bf4b4911a8ad8",
				"0x00000000000000000000000040a1bce8f52af2d1c819b21c99adccd8cff52bd7"
			],
			"transactionHash": "0xa93100b83736535982317fd1ea6144e69b13e4e08068773a7a14b09dd868bda0",
			"transactionIndex": 107,
			"transactionLogIndex": "0x0",
			"type": "mined",
			"id": "log_4a2081c1"
		}
	],
	"logsBloom": "0x00000000000000000000000000020000000010000000400000000000000000000000000000000000000000000000000000000000000000000000000000000000000000000000010000000008000000000000000000000000000000000020000000000000000000000000000000000000000000000000000010000010000000000000000000000000000000000000000000000000000000000000000000000000000000000000000080000000000000000000000000000000000000010000000000001002000000000000000000000000000000000000000000000000000000000000000000000000000000000000000000000000000000000000000000000000",
	"root": null,
	"status": "0x1",
	"transactionHash": "0xa93100b83736535982317fd1ea6144e69b13e4e08068773a7a14b09dd868bda0",
	"transactionIndex": 107
}
[2018-04-26T19:52:46.028] [DEBUG] trans - TO:   0x5347da8bc6345760487e2a15529886260faa0123
[2018-04-26T19:52:46.028] [DEBUG] trans - AMOUNT:   1018000000000000000000
[2018-04-26T19:52:46.028] [DEBUG] trans - Receipt info:  {
	"blockHash": "0x2815d6258696a2bea3af66dae9215ae3fc4a7e99ece28e4ed3e490af0e77edca",
	"blockNumber": 5510620,
	"contractAddress": null,
	"cumulativeGasUsed": 6229019,
	"gasUsed": 51589,
	"logs": [
		{
			"address": "0x7e9e431a0B8c4D532C745B1043c7FA29a48D4fBa",
			"blockHash": "0x2815d6258696a2bea3af66dae9215ae3fc4a7e99ece28e4ed3e490af0e77edca",
			"blockNumber": 5510620,
			"data": "0x0000000000000000000000000000000000000000000000372f968667a3a80000",
			"logIndex": 92,
			"topics": [
				"0xddf252ad1be2c89b69c2b068fc378daa952ba7f163c4a11628f55a4df523b3ef",
				"0x000000000000000000000000468b858c964f297fd8fce058032bf4b4911a8ad8",
				"0x0000000000000000000000005347da8bc6345760487e2a15529886260faa0123"
			],
			"transactionHash": "0x6830ee997e8de55d647b03f130c8be60bc1d6de6241455c3a0ad9b844614c5d1",
			"transactionIndex": 105,
			"transactionLogIndex": "0x0",
			"type": "mined",
			"id": "log_4b51edd6"
		}
	],
	"logsBloom": "0x00000000000000000000000000020000000000000000000000000000000000000000000000000000000000000000000000000000000000000000000000000000000000000000010000000008000000000000000000000000000000000020000000000000000000000000000000000000000000000000000000000010000000000000040000000000000000000000000000000000000000000000000000000000000000000000000080000000000000000000000000000000000000010000000000001002000000000000200000000040000000000000000000000000000000000000000000000000000000000000000000000000000000000000000000000000",
	"root": null,
	"status": "0x1",
	"transactionHash": "0x6830ee997e8de55d647b03f130c8be60bc1d6de6241455c3a0ad9b844614c5d1",
	"transactionIndex": 105
}
[2018-04-26T19:52:46.029] [DEBUG] trans - TO:   0x43cf977848102d4ea6dd896a8c92a5be54d42e26
[2018-04-26T19:52:46.029] [DEBUG] trans - AMOUNT:   1017981700000000000000
[2018-04-26T19:52:46.029] [DEBUG] trans - Receipt info:  {
	"blockHash": "0x2815d6258696a2bea3af66dae9215ae3fc4a7e99ece28e4ed3e490af0e77edca",
	"blockNumber": 5510620,
	"contractAddress": null,
	"cumulativeGasUsed": 6280672,
	"gasUsed": 51653,
	"logs": [
		{
			"address": "0x7e9e431a0B8c4D532C745B1043c7FA29a48D4fBa",
			"blockHash": "0x2815d6258696a2bea3af66dae9215ae3fc4a7e99ece28e4ed3e490af0e77edca",
			"blockNumber": 5510620,
			"data": "0x0000000000000000000000000000000000000000000000372f5582a6dc444000",
			"logIndex": 93,
			"topics": [
				"0xddf252ad1be2c89b69c2b068fc378daa952ba7f163c4a11628f55a4df523b3ef",
				"0x000000000000000000000000468b858c964f297fd8fce058032bf4b4911a8ad8",
				"0x00000000000000000000000043cf977848102d4ea6dd896a8c92a5be54d42e26"
			],
			"transactionHash": "0x568d28ced9e4e0defd72d6448a9c9d101cc020d07507a2635f10890bdaf78ad3",
			"transactionIndex": 106,
			"transactionLogIndex": "0x0",
			"type": "mined",
			"id": "log_efd2c922"
		}
	],
	"logsBloom": "0x00000000000000000000000000020000000000000000000000000000000000000000000000000000000000000000000000000000000000000000000000000000000000000000010000000008000000000000000000000000000000000020000000000000000000000000000000000000000000000000200000000010000000000000000000000000000000000000000000000000000000000000000000000000000000000000000080000000000000000000000000000000000000010000000000001002000000000000000000000000000000000000000000000000000000000000000000000000000000000000000800000000000000080000000000000000",
	"root": null,
	"status": "0x1",
	"transactionHash": "0x568d28ced9e4e0defd72d6448a9c9d101cc020d07507a2635f10890bdaf78ad3",
	"transactionIndex": 106
}
[2018-04-26T19:52:46.029] [DEBUG] trans - TO:   0xe43fdf51d33bbd1bb95d66e89d16d4ca0b31209a
[2018-04-26T19:52:46.029] [DEBUG] trans - AMOUNT:   1018031200000000000000
[2018-04-26T19:52:46.029] [DEBUG] trans - Receipt info:  {
	"blockHash": "0x2815d6258696a2bea3af66dae9215ae3fc4a7e99ece28e4ed3e490af0e77edca",
	"blockNumber": 5510620,
	"contractAddress": null,
	"cumulativeGasUsed": 6177430,
	"gasUsed": 51589,
	"logs": [
		{
			"address": "0x7e9e431a0B8c4D532C745B1043c7FA29a48D4fBa",
			"blockHash": "0x2815d6258696a2bea3af66dae9215ae3fc4a7e99ece28e4ed3e490af0e77edca",
			"blockNumber": 5510620,
			"data": "0x00000000000000000000000000000000000000000000003730055ea3b8a60000",
			"logIndex": 91,
			"topics": [
				"0xddf252ad1be2c89b69c2b068fc378daa952ba7f163c4a11628f55a4df523b3ef",
				"0x000000000000000000000000468b858c964f297fd8fce058032bf4b4911a8ad8",
				"0x000000000000000000000000e43fdf51d33bbd1bb95d66e89d16d4ca0b31209a"
			],
			"transactionHash": "0xd7783e9c59e55bb694d725965d70bffb7f48708d2f38d1aeb70c81f3c7cc8192",
			"transactionIndex": 104,
			"transactionLogIndex": "0x0",
			"type": "mined",
			"id": "log_484bb75c"
		}
	],
	"logsBloom": "0x00000000000000000000000000020000000000000000000000000000000000000000000000000000000000000000000000000000000000000000000000000000000000000000010000000008000000000000000000000000000000000020000000000000000000000000000000000000000000000000000000000010000000000000000000000000000000000000000000000000000000000000000000000000000000000000000080000000000000000000000000000000000000010000000000001002000000000000000080000000000000100000000000000000000000000000000000000000000000000000000000002000000000000000000000000000",
	"root": null,
	"status": "0x1",
	"transactionHash": "0xd7783e9c59e55bb694d725965d70bffb7f48708d2f38d1aeb70c81f3c7cc8192",
	"transactionIndex": 104
}
[2018-04-26T19:52:46.029] [DEBUG] trans - TO:   0xce92da3def052f8f43a370f969ddafcca2898cfe
[2018-04-26T19:52:46.030] [DEBUG] trans - AMOUNT:   1018432100000000000000
[2018-04-26T19:52:46.030] [DEBUG] trans - Receipt info:  {
	"blockHash": "0x2815d6258696a2bea3af66dae9215ae3fc4a7e99ece28e4ed3e490af0e77edca",
	"blockNumber": 5510620,
	"contractAddress": null,
	"cumulativeGasUsed": 5779654,
	"gasUsed": 51653,
	"logs": [
		{
			"address": "0x7e9e431a0B8c4D532C745B1043c7FA29a48D4fBa",
			"blockHash": "0x2815d6258696a2bea3af66dae9215ae3fc4a7e99ece28e4ed3e490af0e77edca",
			"blockNumber": 5510620,
			"data": "0x0000000000000000000000000000000000000000000000373595a710c31a4000",
			"logIndex": 83,
			"topics": [
				"0xddf252ad1be2c89b69c2b068fc378daa952ba7f163c4a11628f55a4df523b3ef",
				"0x000000000000000000000000468b858c964f297fd8fce058032bf4b4911a8ad8",
				"0x000000000000000000000000ce92da3def052f8f43a370f969ddafcca2898cfe"
			],
			"transactionHash": "0x792d1b51d3adabf204b56f1ebaef916b55a9a4d9c7c440cbcbbce6efc9a53b6f",
			"transactionIndex": 96,
			"transactionLogIndex": "0x0",
			"type": "mined",
			"id": "log_88729aca"
		}
	],
	"logsBloom": "0x00000000000000000000000000020000000000000000000002000000000000000000000000000000000000000000000000000000000000000000000000000000000000000000010000000008000000000000000000000000000000000020000000000000000000000000000000000000000000000000000000000010000000000000000000000000000000000000000000000000000000000000000000000000000000000000000080000000000000000000000000000000000000010000000000001002000000000000000000000000040000000000000000000000000100000000000000000000000000000000000000000000000000000000000000000000",
	"root": null,
	"status": "0x1",
	"transactionHash": "0x792d1b51d3adabf204b56f1ebaef916b55a9a4d9c7c440cbcbbce6efc9a53b6f",
	"transactionIndex": 96
}
[2018-04-26T19:52:46.031] [DEBUG] trans - TO:   0xc7a14633fe855af584180c3b1801787d31aa775e
[2018-04-26T19:52:46.031] [DEBUG] trans - AMOUNT:   1017897600000000000000
[2018-04-26T19:52:46.031] [DEBUG] trans - Receipt info:  {
	"blockHash": "0x2815d6258696a2bea3af66dae9215ae3fc4a7e99ece28e4ed3e490af0e77edca",
	"blockNumber": 5510620,
	"contractAddress": null,
	"cumulativeGasUsed": 6435503,
	"gasUsed": 51589,
	"logs": [
		{
			"address": "0x7e9e431a0B8c4D532C745B1043c7FA29a48D4fBa",
			"blockHash": "0x2815d6258696a2bea3af66dae9215ae3fc4a7e99ece28e4ed3e490af0e77edca",
			"blockNumber": 5510620,
			"data": "0x0000000000000000000000000000000000000000000000372e2aba25baa80000",
			"logIndex": 96,
			"topics": [
				"0xddf252ad1be2c89b69c2b068fc378daa952ba7f163c4a11628f55a4df523b3ef",
				"0x000000000000000000000000468b858c964f297fd8fce058032bf4b4911a8ad8",
				"0x000000000000000000000000c7a14633fe855af584180c3b1801787d31aa775e"
			],
			"transactionHash": "0xeebeb75b91c4e864ad0b4fd83273c4ccf60464a425a99f9c25c50bb75a00761a",
			"transactionIndex": 109,
			"transactionLogIndex": "0x0",
			"type": "mined",
			"id": "log_c63e3fde"
		}
	],
	"logsBloom": "0x00000000000000000000000000020000000000000000000010000000000000000000000000000000000000000000000000000000000000000000000000000000000000000000010000000008000000000000000000000000000000000020000000000000000000000000000000000000000000000000400000000010000000000000000000000000000000000000000000000020000000000000000000000000000000000000000080000000000000000000000000000000000000010000000000001002000000000000000000000000000000000000000000000000000000000000000000000000000000000000000000000000000000000000000000000000",
	"root": null,
	"status": "0x1",
	"transactionHash": "0xeebeb75b91c4e864ad0b4fd83273c4ccf60464a425a99f9c25c50bb75a00761a",
	"transactionIndex": 109
}
[2018-04-26T19:52:46.031] [DEBUG] trans - TO:   0xe55af37f0c07130122bd10c1a359f4e4a17d6e14
[2018-04-26T19:52:46.031] [DEBUG] trans - AMOUNT:   1017938900000000000000
[2018-04-26T19:52:46.031] [DEBUG] trans - Receipt info:  {
	"blockHash": "0x2815d6258696a2bea3af66dae9215ae3fc4a7e99ece28e4ed3e490af0e77edca",
	"blockNumber": 5510620,
	"contractAddress": null,
	"cumulativeGasUsed": 6383914,
	"gasUsed": 51653,
	"logs": [
		{
			"address": "0x7e9e431a0B8c4D532C745B1043c7FA29a48D4fBa",
			"blockHash": "0x2815d6258696a2bea3af66dae9215ae3fc4a7e99ece28e4ed3e490af0e77edca",
			"blockNumber": 5510620,
			"data": "0x0000000000000000000000000000000000000000000000372ebd74474fe14000",
			"logIndex": 95,
			"topics": [
				"0xddf252ad1be2c89b69c2b068fc378daa952ba7f163c4a11628f55a4df523b3ef",
				"0x000000000000000000000000468b858c964f297fd8fce058032bf4b4911a8ad8",
				"0x000000000000000000000000e55af37f0c07130122bd10c1a359f4e4a17d6e14"
			],
			"transactionHash": "0xb627110b920177eb239812e493eb7718479bdbd07b4c3fa32b8b97f1c1a67140",
			"transactionIndex": 108,
			"transactionLogIndex": "0x0",
			"type": "mined",
			"id": "log_d03c2ffc"
		}
	],
	"logsBloom": "0x00020000000000000000000000020000000000000000000000000000000000000000000000000000000000000000000000000000000000000000000000004000000000000000010000000008000000000000000000000000000000010020000000000000000000000000000000000000000000000000000000000010000000000000000000000000000000000000000000000000000000000000000000000000000000000000000080000000000000000000000000000000000000010000000000001002000000000000000000000000000000000000000000000000000000000000000000000000000000000000000000000000000000000000000000000000",
	"root": null,
	"status": "0x1",
	"transactionHash": "0xb627110b920177eb239812e493eb7718479bdbd07b4c3fa32b8b97f1c1a67140",
	"transactionIndex": 108
}
