[2018-04-26T01:51:49.188] [DEBUG] trans - TO:   0x85dbbf24c39280c7134e812275a646b2d45bb318
[2018-04-26T01:51:49.189] [DEBUG] trans - AMOUNT:   997600000000000000000
[2018-04-26T01:51:49.189] [DEBUG] trans - Receipt info:  {
	"blockHash": "0xb10ef31d62ad576cb0de1be7f386eeb269eddadccaae4bc7a43b649767d4b13a",
	"blockNumber": 5506217,
	"contractAddress": null,
	"cumulativeGasUsed": 2224506,
	"gasUsed": 51589,
	"logs": [
		{
			"address": "0x7e9e431a0B8c4D532C745B1043c7FA29a48D4fBa",
			"blockHash": "0xb10ef31d62ad576cb0de1be7f386eeb269eddadccaae4bc7a43b649767d4b13a",
			"blockNumber": 5506217,
			"data": "0x000000000000000000000000000000000000000000000036147b2a7d19b00000",
			"logIndex": 32,
			"topics": [
				"0xddf252ad1be2c89b69c2b068fc378daa952ba7f163c4a11628f55a4df523b3ef",
				"0x000000000000000000000000468b858c964f297fd8fce058032bf4b4911a8ad8",
				"0x00000000000000000000000085dbbf24c39280c7134e812275a646b2d45bb318"
			],
			"transactionHash": "0x3380aba4db21dd94a0d999a38702a588410753b1d96844104775f43683c6bbe6",
			"transactionIndex": 60,
			"transactionLogIndex": "0x0",
			"type": "mined",
			"id": "log_1f148019"
		}
	],
	"logsBloom": "0x00000000000000000000000000020000000000000000000000000000000000000000000000000000000000000000000000000000000000000000000000000000000000000000010000000008000000000000000000000000000000000022000000000000000000000000000000000000000000000000000000000010000000000000000000000000000000000000000000000000000000000000000000000000000000000000000080000000000000000000000000000000000000010000000000001002000000000000000000000000000000000000000200000000000000080000000000000000000000000000000000000000000000000000000000000000",
	"root": null,
	"status": "0x1",
	"transactionHash": "0x3380aba4db21dd94a0d999a38702a588410753b1d96844104775f43683c6bbe6",
	"transactionIndex": 60
}
[2018-04-26T01:52:20.230] [DEBUG] trans - TO:   0x883d20312e346aa3121e9cc7bfc13010f1a6dadc
[2018-04-26T01:52:20.231] [DEBUG] trans - AMOUNT:   997600000000000000000
[2018-04-26T01:52:20.231] [DEBUG] trans - Receipt info:  {
	"blockHash": "0xd0d0145c1d3238447f43b2574098d93b4432ac92cd31175aa940fb07adf1b837",
	"blockNumber": 5506219,
	"contractAddress": null,
	"cumulativeGasUsed": 1794574,
	"gasUsed": 51589,
	"logs": [
		{
			"address": "0x7e9e431a0B8c4D532C745B1043c7FA29a48D4fBa",
			"blockHash": "0xd0d0145c1d3238447f43b2574098d93b4432ac92cd31175aa940fb07adf1b837",
			"blockNumber": 5506219,
			"data": "0x000000000000000000000000000000000000000000000036147b2a7d19b00000",
			"logIndex": 16,
			"topics": [
				"0xddf252ad1be2c89b69c2b068fc378daa952ba7f163c4a11628f55a4df523b3ef",
				"0x000000000000000000000000468b858c964f297fd8fce058032bf4b4911a8ad8",
				"0x000000000000000000000000883d20312e346aa3121e9cc7bfc13010f1a6dadc"
			],
			"transactionHash": "0x4fefd77d0f66d29be8fbe7368522012bad6afa626ab1bd21bfd7d73d65424e87",
			"transactionIndex": 49,
			"transactionLogIndex": "0x0",
			"type": "mined",
			"id": "log_ce63f41a"
		}
	],
	"logsBloom": "0x00000000000000000000000000020000000000000000000000000000000000000000000000000000000000000000000000000000000000000000000000000000000000100000010000000008000000000000000000000000000000000020000000000000000000000000000000000000000000000000000000000010000000000000000000000000000000000000000000000000000000000000000000000000000000000000000080000000100000000000200000000000000000010000000000001002000000000000000000000000000000000000000000000000000000000000000000000000000000000000000000000000000000000000000000000000",
	"root": null,
	"status": "0x1",
	"transactionHash": "0x4fefd77d0f66d29be8fbe7368522012bad6afa626ab1bd21bfd7d73d65424e87",
	"transactionIndex": 49
}
[2018-04-26T01:52:34.248] [DEBUG] trans - TO:   0x65746d9ed02382c065dee8e92032764471aee1b5
[2018-04-26T01:52:34.248] [DEBUG] trans - AMOUNT:   997595800000000000000
[2018-04-26T01:52:34.248] [DEBUG] trans - Receipt info:  {
	"blockHash": "0x583b1e3cf65fed750cfe9225e662b6ac33fa708ea75272a355a69b53394d96c9",
	"blockNumber": 5506220,
	"contractAddress": null,
	"cumulativeGasUsed": 93653,
	"gasUsed": 51653,
	"logs": [
		{
			"address": "0x7e9e431a0B8c4D532C745B1043c7FA29a48D4fBa",
			"blockHash": "0x583b1e3cf65fed750cfe9225e662b6ac33fa708ea75272a355a69b53394d96c9",
			"blockNumber": 5506220,
			"data": "0x000000000000000000000000000000000000000000000036146c3e9c65a18000",
			"logIndex": 0,
			"topics": [
				"0xddf252ad1be2c89b69c2b068fc378daa952ba7f163c4a11628f55a4df523b3ef",
				"0x000000000000000000000000468b858c964f297fd8fce058032bf4b4911a8ad8",
				"0x00000000000000000000000065746d9ed02382c065dee8e92032764471aee1b5"
			],
			"transactionHash": "0xb61ac944ec8143393d19507fa436555e836b0998dd7e3a89a949cf02cba865f6",
			"transactionIndex": 2,
			"transactionLogIndex": "0x0",
			"type": "mined",
			"id": "log_7e5319c7"
		}
	],
	"logsBloom": "0x00000000000000000000000000020000000000000000000000000000000000000000000000000000000000000000000000000000000000000000000001000000000000000000010000000008000000000000000000000000000000000020000000000000000000000000000000000000000000000000000000000010000000000000000100000000000000000000000000000000000000000000000000000000000000000000000080000000200000000000000000000000000000010000000000001002000000000000000000000000000000000000000000000000000000000000000000000000000000000000000000000000000000000000000000000000",
	"root": null,
	"status": "0x1",
	"transactionHash": "0xb61ac944ec8143393d19507fa436555e836b0998dd7e3a89a949cf02cba865f6",
	"transactionIndex": 2
}
[2018-04-26T01:52:34.249] [DEBUG] trans - TO:   0x188f328fb33deb0556f9ab0447725edcb6b9f9af
[2018-04-26T01:52:34.249] [DEBUG] trans - AMOUNT:   997500000000000000000
[2018-04-26T01:52:34.249] [DEBUG] trans - Receipt info:  {
	"blockHash": "0x583b1e3cf65fed750cfe9225e662b6ac33fa708ea75272a355a69b53394d96c9",
	"blockNumber": 5506220,
	"contractAddress": null,
	"cumulativeGasUsed": 4157862,
	"gasUsed": 51589,
	"logs": [
		{
			"address": "0x7e9e431a0B8c4D532C745B1043c7FA29a48D4fBa",
			"blockHash": "0x583b1e3cf65fed750cfe9225e662b6ac33fa708ea75272a355a69b53394d96c9",
			"blockNumber": 5506220,
			"data": "0x0000000000000000000000000000000000000000000000361317e504bc260000",
			"logIndex": 72,
			"topics": [
				"0xddf252ad1be2c89b69c2b068fc378daa952ba7f163c4a11628f55a4df523b3ef",
				"0x000000000000000000000000468b858c964f297fd8fce058032bf4b4911a8ad8",
				"0x000000000000000000000000188f328fb33deb0556f9ab0447725edcb6b9f9af"
			],
			"transactionHash": "0x3424657cd2fb0ad79c722b6e795ac159aa6422d894a80db51547b0cab4a31915",
			"transactionIndex": 83,
			"transactionLogIndex": "0x0",
			"type": "mined",
			"id": "log_8ddc56e3"
		}
	],
	"logsBloom": "0x00000000000000000000000000020000000000000000000000000000000000000000000000000000000000000000000001000000000000000000000000000000000000000000010000000008000000000000000000000000000000000020000000000000000000000000000000000000000000000000000000000010000000000000000000000000000000000000000000000000000000000000000000000000000020000000000080000000000000000000000000000000000000010000000000001002000000000000000000000400000000000000000000000000000000000000000000000000000000000000000000000000000000000000000000000000",
	"root": null,
	"status": "0x1",
	"transactionHash": "0x3424657cd2fb0ad79c722b6e795ac159aa6422d894a80db51547b0cab4a31915",
	"transactionIndex": 83
}
[2018-04-26T01:52:34.249] [DEBUG] trans - TO:   0x4338c45981c30baa21676a85f2ce81147b91d698
[2018-04-26T01:52:34.249] [DEBUG] trans - AMOUNT:   997500000000000000000
[2018-04-26T01:52:34.249] [DEBUG] trans - Receipt info:  {
	"blockHash": "0x583b1e3cf65fed750cfe9225e662b6ac33fa708ea75272a355a69b53394d96c9",
	"blockNumber": 5506220,
	"contractAddress": null,
	"cumulativeGasUsed": 4547729,
	"gasUsed": 51589,
	"logs": [
		{
			"address": "0x7e9e431a0B8c4D532C745B1043c7FA29a48D4fBa",
			"blockHash": "0x583b1e3cf65fed750cfe9225e662b6ac33fa708ea75272a355a69b53394d96c9",
			"blockNumber": 5506220,
			"data": "0x0000000000000000000000000000000000000000000000361317e504bc260000",
			"logIndex": 79,
			"topics": [
				"0xddf252ad1be2c89b69c2b068fc378daa952ba7f163c4a11628f55a4df523b3ef",
				"0x000000000000000000000000468b858c964f297fd8fce058032bf4b4911a8ad8",
				"0x0000000000000000000000004338c45981c30baa21676a85f2ce81147b91d698"
			],
			"transactionHash": "0xa73b825e2c403e3cd78f07b54d5f60086fb66974c817e6d755afe2c0911a76a6",
			"transactionIndex": 92,
			"transactionLogIndex": "0x0",
			"type": "mined",
			"id": "log_9a7623b5"
		}
	],
	"logsBloom": "0x00000000000000000000000000020000000000000000000000000000000000008000000000000000000000000000000000000000000000000000000000000000000000000000010000000008000000000000000000000000000000000020000000000000000000000000000000000000000000000000000000000010000000000000000000000000000000000000000000000000000000000000000000000000000000000000001080000000000000000000000000000000000000010000000000001002000000000000000000000000000000000000000000000000000000000000000000000000000000000000000000800000000000000000000000000000",
	"root": null,
	"status": "0x1",
	"transactionHash": "0xa73b825e2c403e3cd78f07b54d5f60086fb66974c817e6d755afe2c0911a76a6",
	"transactionIndex": 92
}
[2018-04-26T01:52:34.250] [DEBUG] trans - TO:   0x6e9b40e02507e3aefeff6ed9d222dafb467807c4
[2018-04-26T01:52:34.250] [DEBUG] trans - AMOUNT:   997500000000000000000
[2018-04-26T01:52:34.250] [DEBUG] trans - Receipt info:  {
	"blockHash": "0x583b1e3cf65fed750cfe9225e662b6ac33fa708ea75272a355a69b53394d96c9",
	"blockNumber": 5506220,
	"contractAddress": null,
	"cumulativeGasUsed": 4766349,
	"gasUsed": 51589,
	"logs": [
		{
			"address": "0x7e9e431a0B8c4D532C745B1043c7FA29a48D4fBa",
			"blockHash": "0x583b1e3cf65fed750cfe9225e662b6ac33fa708ea75272a355a69b53394d96c9",
			"blockNumber": 5506220,
			"data": "0x0000000000000000000000000000000000000000000000361317e504bc260000",
			"logIndex": 83,
			"topics": [
				"0xddf252ad1be2c89b69c2b068fc378daa952ba7f163c4a11628f55a4df523b3ef",
				"0x000000000000000000000000468b858c964f297fd8fce058032bf4b4911a8ad8",
				"0x0000000000000000000000006e9b40e02507e3aefeff6ed9d222dafb467807c4"
			],
			"transactionHash": "0x37788b1c5326f6553ce755bae76c4d9e3f91638091716b907d4b1a850cc01b93",
			"transactionIndex": 98,
			"transactionLogIndex": "0x0",
			"type": "mined",
			"id": "log_a966a517"
		}
	],
	"logsBloom": "0x00000000000000000000000000020000000000000000000000000000000000000000000000000000000000000000000000000000000000000000000000000000000000000000010000000008000010000000000000000000000000000020000000000000000000000000000000000000000000000000000000000010000000000000000000000000000000000000000000000000000000000000000000000000000000000000000080000000000000000000000000000000000000010000000000001002000000000000000000000008000000000000000000000000000100000000000000000000000000000000000000000000000000000000000000000000",
	"root": null,
	"status": "0x1",
	"transactionHash": "0x37788b1c5326f6553ce755bae76c4d9e3f91638091716b907d4b1a850cc01b93",
	"transactionIndex": 98
}
[2018-04-26T01:52:34.252] [DEBUG] trans - TO:   0x468d19f4bb4602388099713cafd30188757187a8
[2018-04-26T01:52:34.252] [DEBUG] trans - AMOUNT:   997500000000000000000
[2018-04-26T01:52:34.252] [DEBUG] trans - Receipt info:  {
	"blockHash": "0x583b1e3cf65fed750cfe9225e662b6ac33fa708ea75272a355a69b53394d96c9",
	"blockNumber": 5506220,
	"contractAddress": null,
	"cumulativeGasUsed": 4657039,
	"gasUsed": 51589,
	"logs": [
		{
			"address": "0x7e9e431a0B8c4D532C745B1043c7FA29a48D4fBa",
			"blockHash": "0x583b1e3cf65fed750cfe9225e662b6ac33fa708ea75272a355a69b53394d96c9",
			"blockNumber": 5506220,
			"data": "0x0000000000000000000000000000000000000000000000361317e504bc260000",
			"logIndex": 81,
			"topics": [
				"0xddf252ad1be2c89b69c2b068fc378daa952ba7f163c4a11628f55a4df523b3ef",
				"0x000000000000000000000000468b858c964f297fd8fce058032bf4b4911a8ad8",
				"0x000000000000000000000000468d19f4bb4602388099713cafd30188757187a8"
			],
			"transactionHash": "0xaf6d19b8a4211651b22ba6a138bc6abb5172ff36893856ec14f33567552d2535",
			"transactionIndex": 95,
			"transactionLogIndex": "0x0",
			"type": "mined",
			"id": "log_7bb296c4"
		}
	],
	"logsBloom": "0x00000000000000000000000000020000000000001000000000000000000000000001000000000000000000000000000000000000000000000000000000000000000000000000010000000008000000000000000000000000000000000020000000000000000000000000000000000000000000000000000000000010000000000000000000000000000000000000000000000000000000000000000000000000000000000000000080000000000000000000000000000000000000010000000000001002000000000000000000000000000000000000000000000000000000000000000000000000000000000000000000000000000200000000000000000000",
	"root": null,
	"status": "0x1",
	"transactionHash": "0xaf6d19b8a4211651b22ba6a138bc6abb5172ff36893856ec14f33567552d2535",
	"transactionIndex": 95
}
[2018-04-26T01:52:34.252] [DEBUG] trans - TO:   0x9df476645457682c1b5f3f3496d053045a30d3eb
[2018-04-26T01:52:34.252] [DEBUG] trans - AMOUNT:   997500000000000000000
[2018-04-26T01:52:34.252] [DEBUG] trans - Receipt info:  {
	"blockHash": "0x583b1e3cf65fed750cfe9225e662b6ac33fa708ea75272a355a69b53394d96c9",
	"blockNumber": 5506220,
	"contractAddress": null,
	"cumulativeGasUsed": 4875659,
	"gasUsed": 51589,
	"logs": [
		{
			"address": "0x7e9e431a0B8c4D532C745B1043c7FA29a48D4fBa",
			"blockHash": "0x583b1e3cf65fed750cfe9225e662b6ac33fa708ea75272a355a69b53394d96c9",
			"blockNumber": 5506220,
			"data": "0x0000000000000000000000000000000000000000000000361317e504bc260000",
			"logIndex": 85,
			"topics": [
				"0xddf252ad1be2c89b69c2b068fc378daa952ba7f163c4a11628f55a4df523b3ef",
				"0x000000000000000000000000468b858c964f297fd8fce058032bf4b4911a8ad8",
				"0x0000000000000000000000009df476645457682c1b5f3f3496d053045a30d3eb"
			],
			"transactionHash": "0x34c0fd468a1c7a089cb499ec9311025b597d961635a851faeedb43bf5e94887b",
			"transactionIndex": 101,
			"transactionLogIndex": "0x0",
			"type": "mined",
			"id": "log_916893e6"
		}
	],
	"logsBloom": "0x00000000000000000000000000020000000000000000000000000000000000000000000000000000000000000000000000000000000000000080000000000000000000000000010000000008000000000000000000000000000000000020000000000000000000000000000000000000000000000000000000000010000000000000000000000000000008000000000000000000000000000000000000000000080000000000000080000000000000000000000000000000000000010000000000001002000000000000000000000000000000000000000000000000000000000000000000000000000000000000000000000000000000000000000000000000",
	"root": null,
	"status": "0x1",
	"transactionHash": "0x34c0fd468a1c7a089cb499ec9311025b597d961635a851faeedb43bf5e94887b",
	"transactionIndex": 101
}
[2018-04-26T01:52:34.253] [DEBUG] trans - TO:   0xeaa116f296e119793885da66cc2d4647322c4b2b
[2018-04-26T01:52:34.253] [DEBUG] trans - AMOUNT:   997500000000000000000
[2018-04-26T01:52:34.253] [DEBUG] trans - Receipt info:  {
	"blockHash": "0x583b1e3cf65fed750cfe9225e662b6ac33fa708ea75272a355a69b53394d96c9",
	"blockNumber": 5506220,
	"contractAddress": null,
	"cumulativeGasUsed": 5312963,
	"gasUsed": 51589,
	"logs": [
		{
			"address": "0x7e9e431a0B8c4D532C745B1043c7FA29a48D4fBa",
			"blockHash": "0x583b1e3cf65fed750cfe9225e662b6ac33fa708ea75272a355a69b53394d96c9",
			"blockNumber": 5506220,
			"data": "0x0000000000000000000000000000000000000000000000361317e504bc260000",
			"logIndex": 93,
			"topics": [
				"0xddf252ad1be2c89b69c2b068fc378daa952ba7f163c4a11628f55a4df523b3ef",
				"0x000000000000000000000000468b858c964f297fd8fce058032bf4b4911a8ad8",
				"0x000000000000000000000000eaa116f296e119793885da66cc2d4647322c4b2b"
			],
			"transactionHash": "0x68c3bb854162ac76ad96461ac2b8885a4be90219ca5576c9cafc7a9efb26511e",
			"transactionIndex": 113,
			"transactionLogIndex": "0x0",
			"type": "mined",
			"id": "log_6b3b930c"
		}
	],
	"logsBloom": "0x00000000000000000000000000020000000000000000000000000000000000000000000000000000000000000000000000000000000000000000000000000000000000000000010000000008000000000000000000000000000000000020000000000000000000000000000000000000000000000000000000800010000000000000000000000000000000000000000000000000000000000000000000000000000000000000000080000000000000000000000000000000000000010020000000001002000000000000000000000000000000000000000000000000000000000000000000000000000000000000000000000000000000000000000000000080",
	"root": null,
	"status": "0x1",
	"transactionHash": "0x68c3bb854162ac76ad96461ac2b8885a4be90219ca5576c9cafc7a9efb26511e",
	"transactionIndex": 113
}
[2018-04-26T01:52:34.255] [DEBUG] trans - TO:   0xe2bd3ccd6dc4b83e9089eb23e4d1b40c7ed2e854
[2018-04-26T01:52:34.255] [DEBUG] trans - AMOUNT:   997500000000000000000
[2018-04-26T01:52:34.255] [DEBUG] trans - Receipt info:  {
	"blockHash": "0x583b1e3cf65fed750cfe9225e662b6ac33fa708ea75272a355a69b53394d96c9",
	"blockNumber": 5506220,
	"contractAddress": null,
	"cumulativeGasUsed": 5203653,
	"gasUsed": 51589,
	"logs": [
		{
			"address": "0x7e9e431a0B8c4D532C745B1043c7FA29a48D4fBa",
			"blockHash": "0x583b1e3cf65fed750cfe9225e662b6ac33fa708ea75272a355a69b53394d96c9",
			"blockNumber": 5506220,
			"data": "0x0000000000000000000000000000000000000000000000361317e504bc260000",
			"logIndex": 91,
			"topics": [
				"0xddf252ad1be2c89b69c2b068fc378daa952ba7f163c4a11628f55a4df523b3ef",
				"0x000000000000000000000000468b858c964f297fd8fce058032bf4b4911a8ad8",
				"0x000000000000000000000000e2bd3ccd6dc4b83e9089eb23e4d1b40c7ed2e854"
			],
			"transactionHash": "0x3f001978fc2ac8ead2c8b600d35c39e6db533583ef77c2a6e0f37911532fa35d",
			"transactionIndex": 110,
			"transactionLogIndex": "0x0",
			"type": "mined",
			"id": "log_b9046abd"
		}
	],
	"logsBloom": "0x00000000000000000000000000020000000000000000000000000000000000000000000000000000000000000000000000000000000000000000000000000000000000000000010000000008000000000000000000000000000000008020000000000000080000000000000000000000000000000000000000000010000000000000000000000000000000000000000000000100000000000000000000000000000000000000000080000000000000000000000000000000000000010000000000001002000000000000000000000000000000000000000000000000000000000000000000000000000000000000000000000000000000000000000000000000",
	"root": null,
	"status": "0x1",
	"transactionHash": "0x3f001978fc2ac8ead2c8b600d35c39e6db533583ef77c2a6e0f37911532fa35d",
	"transactionIndex": 110
}
[2018-04-26T01:52:34.255] [DEBUG] trans - TO:   0x9fc03c108aa084d27fc2e747c22f62cb72379ca1
[2018-04-26T01:52:34.255] [DEBUG] trans - AMOUNT:   997500000000000000000
[2018-04-26T01:52:34.255] [DEBUG] trans - Receipt info:  {
	"blockHash": "0x583b1e3cf65fed750cfe9225e662b6ac33fa708ea75272a355a69b53394d96c9",
	"blockNumber": 5506220,
	"contractAddress": null,
	"cumulativeGasUsed": 4984969,
	"gasUsed": 51589,
	"logs": [
		{
			"address": "0x7e9e431a0B8c4D532C745B1043c7FA29a48D4fBa",
			"blockHash": "0x583b1e3cf65fed750cfe9225e662b6ac33fa708ea75272a355a69b53394d96c9",
			"blockNumber": 5506220,
			"data": "0x0000000000000000000000000000000000000000000000361317e504bc260000",
			"logIndex": 87,
			"topics": [
				"0xddf252ad1be2c89b69c2b068fc378daa952ba7f163c4a11628f55a4df523b3ef",
				"0x000000000000000000000000468b858c964f297fd8fce058032bf4b4911a8ad8",
				"0x0000000000000000000000009fc03c108aa084d27fc2e747c22f62cb72379ca1"
			],
			"transactionHash": "0xc2f34d147836b406ff6c33cc4fb5198e6b5aa2fb6036cfed22ed45bb9a3c25e1",
			"transactionIndex": 104,
			"transactionLogIndex": "0x0",
			"type": "mined",
			"id": "log_cef5f383"
		}
	],
	"logsBloom": "0x00000000000000000000000000020000000000000000000000000000000000000000000000000000000000400000000000000000000000000000000000000000000000000000010000000008000000000000000000000000000000000020000000000000000000000000000000000000000000000000000000000010000000000000000000000000000000000000000000000000000000000000000000800000000000000000000080000000000000000000000000000000000000010000000000001002000000000000000000000000000000000000000000000000000000200000000000000000000000000000000000000000000000000000000000000000",
	"root": null,
	"status": "0x1",
	"transactionHash": "0xc2f34d147836b406ff6c33cc4fb5198e6b5aa2fb6036cfed22ed45bb9a3c25e1",
	"transactionIndex": 104
}
[2018-04-26T01:52:34.256] [DEBUG] trans - TO:   0x42e83417cc21d92a5e6ed2344552465fbe02cd4d
[2018-04-26T01:52:34.256] [DEBUG] trans - AMOUNT:   997476000000000000000
[2018-04-26T01:52:34.256] [DEBUG] trans - Receipt info:  {
	"blockHash": "0x583b1e3cf65fed750cfe9225e662b6ac33fa708ea75272a355a69b53394d96c9",
	"blockNumber": 5506220,
	"contractAddress": null,
	"cumulativeGasUsed": 5422337,
	"gasUsed": 51589,
	"logs": [
		{
			"address": "0x7e9e431a0B8c4D532C745B1043c7FA29a48D4fBa",
			"blockHash": "0x583b1e3cf65fed750cfe9225e662b6ac33fa708ea75272a355a69b53394d96c9",
			"blockNumber": 5506220,
			"data": "0x00000000000000000000000000000000000000000000003612c2a125498a0000",
			"logIndex": 95,
			"topics": [
				"0xddf252ad1be2c89b69c2b068fc378daa952ba7f163c4a11628f55a4df523b3ef",
				"0x000000000000000000000000468b858c964f297fd8fce058032bf4b4911a8ad8",
				"0x00000000000000000000000042e83417cc21d92a5e6ed2344552465fbe02cd4d"
			],
			"transactionHash": "0xa1cdf9bd4755af2ef5f6e1f63c4e5c35c3e86dded278dcbc22d7aa4fc7446c20",
			"transactionIndex": 116,
			"transactionLogIndex": "0x0",
			"type": "mined",
			"id": "log_58410499"
		}
	],
	"logsBloom": "0x00000004000000000000000000020000000000000000000000000000000000000000000000000000000000000000000000000000000000000000000000000000000000000000010000000008000000000000000000000000000000000020000000000000000000000000000000000000000000000000000000000010000000000000000000000000000000000000000000000000000000010000000000000000000000000000000080000000000000000000000000000000000000010000000000001002000000000000000000000000000000000000000000000000000000000000000000000000000000000000000000000400000000000000000000000000",
	"root": null,
	"status": "0x1",
	"transactionHash": "0xa1cdf9bd4755af2ef5f6e1f63c4e5c35c3e86dded278dcbc22d7aa4fc7446c20",
	"transactionIndex": 116
}
[2018-04-26T01:52:34.258] [DEBUG] trans - TO:   0x1f4dc67a60cc9c0fb467f4f4d57e1f3503240009
[2018-04-26T01:52:34.258] [DEBUG] trans - AMOUNT:   997405500000000000000
[2018-04-26T01:52:34.258] [DEBUG] trans - Receipt info:  {
	"blockHash": "0x583b1e3cf65fed750cfe9225e662b6ac33fa708ea75272a355a69b53394d96c9",
	"blockNumber": 5506220,
	"contractAddress": null,
	"cumulativeGasUsed": 5531647,
	"gasUsed": 51589,
	"logs": [
		{
			"address": "0x7e9e431a0B8c4D532C745B1043c7FA29a48D4fBa",
			"blockHash": "0x583b1e3cf65fed750cfe9225e662b6ac33fa708ea75272a355a69b53394d96c9",
			"blockNumber": 5506220,
			"data": "0x00000000000000000000000000000000000000000000003611c829c4e8dfc000",
			"logIndex": 97,
			"topics": [
				"0xddf252ad1be2c89b69c2b068fc378daa952ba7f163c4a11628f55a4df523b3ef",
				"0x000000000000000000000000468b858c964f297fd8fce058032bf4b4911a8ad8",
				"0x0000000000000000000000001f4dc67a60cc9c0fb467f4f4d57e1f3503240009"
			],
			"transactionHash": "0x4714f1adb894021a68cdd2baed512d000474852d14881204506e4edb281a8cae",
			"transactionIndex": 119,
			"transactionLogIndex": "0x0",
			"type": "mined",
			"id": "log_7908a07f"
		}
	],
	"logsBloom": "0x00000000000000000000000000020000000000000000000000000000000000000000000000000000000000000000000000100000000000000000000000000000000000000000010000000008000000000200000000000000000000000020000000000000000000000000000000000000000000000000000000000010000000000000000000000000000000000000000000000000000000000000000000000000000000000000000080000000000000000000000000000000000000010000000000001002000000000000000000000000000000000000000000000000000000000000000000000000000000000000000000020000000000000000000000000000",
	"root": null,
	"status": "0x1",
	"transactionHash": "0x4714f1adb894021a68cdd2baed512d000474852d14881204506e4edb281a8cae",
	"transactionIndex": 119
}
[2018-04-26T01:52:34.259] [DEBUG] trans - TO:   0xb7b68a8ef5bdd0f2743e83525a2fb14ad732e660
[2018-04-26T01:52:34.259] [DEBUG] trans - AMOUNT:   997500000000000000000
[2018-04-26T01:52:34.259] [DEBUG] trans - Receipt info:  {
	"blockHash": "0x583b1e3cf65fed750cfe9225e662b6ac33fa708ea75272a355a69b53394d96c9",
	"blockNumber": 5506220,
	"contractAddress": null,
	"cumulativeGasUsed": 5094343,
	"gasUsed": 51589,
	"logs": [
		{
			"address": "0x7e9e431a0B8c4D532C745B1043c7FA29a48D4fBa",
			"blockHash": "0x583b1e3cf65fed750cfe9225e662b6ac33fa708ea75272a355a69b53394d96c9",
			"blockNumber": 5506220,
			"data": "0x0000000000000000000000000000000000000000000000361317e504bc260000",
			"logIndex": 89,
			"topics": [
				"0xddf252ad1be2c89b69c2b068fc378daa952ba7f163c4a11628f55a4df523b3ef",
				"0x000000000000000000000000468b858c964f297fd8fce058032bf4b4911a8ad8",
				"0x000000000000000000000000b7b68a8ef5bdd0f2743e83525a2fb14ad732e660"
			],
			"transactionHash": "0x0683bf628c8450857b663ac103ec9f6486e2415f855291dc67be14c4d2aed637",
			"transactionIndex": 107,
			"transactionLogIndex": "0x0",
			"type": "mined",
			"id": "log_fa4533dd"
		}
	],
	"logsBloom": "0x00000000000000000080000000020000000000000000000000000000000000000000000000000000000000000000000000000000000000000000000000000000000000000040010000000008000000000000000000000000000000000020000000000000000000000000000000000000000000000000000000000010000000000000000000000000000000000000000000000000000000000000000000000000000000000000000080000000000000000000000000000000000000010000000000001002000000000000000002000000000000000000000000000000000000000000000000000000000000000000000000000000000000000000000000000000",
	"root": null,
	"status": "0x1",
	"transactionHash": "0x0683bf628c8450857b663ac103ec9f6486e2415f855291dc67be14c4d2aed637",
	"transactionIndex": 107
}
[2018-04-26T01:52:34.260] [DEBUG] trans - TO:   0x2b49e23e3a53f72ad9f18f40193e926f34d2315e
[2018-04-26T01:52:34.260] [DEBUG] trans - AMOUNT:   997500000000000000000
[2018-04-26T01:52:34.260] [DEBUG] trans - Receipt info:  {
	"blockHash": "0x583b1e3cf65fed750cfe9225e662b6ac33fa708ea75272a355a69b53394d96c9",
	"blockNumber": 5506220,
	"contractAddress": null,
	"cumulativeGasUsed": 4386702,
	"gasUsed": 51589,
	"logs": [
		{
			"address": "0x7e9e431a0B8c4D532C745B1043c7FA29a48D4fBa",
			"blockHash": "0x583b1e3cf65fed750cfe9225e662b6ac33fa708ea75272a355a69b53394d96c9",
			"blockNumber": 5506220,
			"data": "0x0000000000000000000000000000000000000000000000361317e504bc260000",
			"logIndex": 76,
			"topics": [
				"0xddf252ad1be2c89b69c2b068fc378daa952ba7f163c4a11628f55a4df523b3ef",
				"0x000000000000000000000000468b858c964f297fd8fce058032bf4b4911a8ad8",
				"0x0000000000000000000000002b49e23e3a53f72ad9f18f40193e926f34d2315e"
			],
			"transactionHash": "0x33644610616ef465c472915ef0c50736541b6873090d0d01f1a626d08ea56256",
			"transactionIndex": 88,
			"transactionLogIndex": "0x0",
			"type": "mined",
			"id": "log_d3901a69"
		}
	],
	"logsBloom": "0x00000000000000000000000000020000000000000000000000000000000000000000000000000040000000000000000000000000000000000000000040000000000000000000010000000008000000000000000000000000000000000020000000000000000000000000000000000000000000000000000000000010000008000000000000000000000000000000000000000000000000000000000000000000000000000000000080000000000000000000000000000000000000010000000000001002000000000000000000000000000000000000000000000000000000000000000000000000000000000000000000000000000000000000000000000000",
	"root": null,
	"status": "0x1",
	"transactionHash": "0x33644610616ef465c472915ef0c50736541b6873090d0d01f1a626d08ea56256",
	"transactionIndex": 88
}
[2018-04-26T01:52:41.255] [DEBUG] trans - TO:   0x3e55957311dc5c208bbe9072fb38827d22f91919
[2018-04-26T01:52:41.255] [DEBUG] trans - AMOUNT:   997400000000000000000
[2018-04-26T01:52:41.256] [DEBUG] trans - Receipt info:  {
	"blockHash": "0x707b58f2405be19f1b15900d2022e5fff10e1c3af5744068493dd43967999de9",
	"blockNumber": 5506221,
	"contractAddress": null,
	"cumulativeGasUsed": 1421029,
	"gasUsed": 51589,
	"logs": [
		{
			"address": "0x7e9e431a0B8c4D532C745B1043c7FA29a48D4fBa",
			"blockHash": "0x707b58f2405be19f1b15900d2022e5fff10e1c3af5744068493dd43967999de9",
			"blockNumber": 5506221,
			"data": "0x00000000000000000000000000000000000000000000003611b49f8c5e9c0000",
			"logIndex": 19,
			"topics": [
				"0xddf252ad1be2c89b69c2b068fc378daa952ba7f163c4a11628f55a4df523b3ef",
				"0x000000000000000000000000468b858c964f297fd8fce058032bf4b4911a8ad8",
				"0x0000000000000000000000003e55957311dc5c208bbe9072fb38827d22f91919"
			],
			"transactionHash": "0xc69e15751f4cfd33dd2fcb544f6c12fb14a9d96b1b80c91e2bb220941bfa6aa3",
			"transactionIndex": 39,
			"transactionLogIndex": "0x0",
			"type": "mined",
			"id": "log_b9fd1c15"
		}
	],
	"logsBloom": "0x00001000000000000000000000020000000000000000000000000000000000000000000000000000000000000000000000000000000000000000000000000000000000000000010000000008000000000000000040000000000000000020000000000000000000000000000000000000000000000000000000000010000000000000000000000000000000000000000000000000000000000000000000000000000000000000000080000000000000000000000000000000000000010000000000001002000100000000000000000000000000000000000000000000000000000000000000000000000000000000000000000000000000000000000000000000",
	"root": null,
	"status": "0x1",
	"transactionHash": "0xc69e15751f4cfd33dd2fcb544f6c12fb14a9d96b1b80c91e2bb220941bfa6aa3",
	"transactionIndex": 39
}
[2018-04-26T01:52:41.256] [DEBUG] trans - TO:   0x77400d539cd45889fba163eac931dac422b5633a
[2018-04-26T01:52:41.256] [DEBUG] trans - AMOUNT:   997380400000000000000
[2018-04-26T01:52:41.256] [DEBUG] trans - Receipt info:  {
	"blockHash": "0x707b58f2405be19f1b15900d2022e5fff10e1c3af5744068493dd43967999de9",
	"blockNumber": 5506221,
	"contractAddress": null,
	"cumulativeGasUsed": 1472618,
	"gasUsed": 51589,
	"logs": [
		{
			"address": "0x7e9e431a0B8c4D532C745B1043c7FA29a48D4fBa",
			"blockHash": "0x707b58f2405be19f1b15900d2022e5fff10e1c3af5744068493dd43967999de9",
			"blockNumber": 5506221,
			"data": "0x000000000000000000000000000000000000000000000036116efd73c1030000",
			"logIndex": 20,
			"topics": [
				"0xddf252ad1be2c89b69c2b068fc378daa952ba7f163c4a11628f55a4df523b3ef",
				"0x000000000000000000000000468b858c964f297fd8fce058032bf4b4911a8ad8",
				"0x00000000000000000000000077400d539cd45889fba163eac931dac422b5633a"
			],
			"transactionHash": "0xdc2cde385c5b3929d0583847b39b6ded28063aed694797aadd8b88b121733af6",
			"transactionIndex": 40,
			"transactionLogIndex": "0x0",
			"type": "mined",
			"id": "log_7414ce58"
		}
	],
	"logsBloom": "0x00000000000000000000000000020000000000000000000000000000000000000000000000000000000000000000000000000000200000000000000000000000000000000000010000000008000000000000000000080000000000000020000000000000000000000000000000000000000000000000000000000010000000000000000000000000000000000000000000000000000000000000000000000000000000000000000080000000000000000000000000000000000000010000000000001002000000000000000000000000000000000000000000000000000000000000000000000000000000000000000010000000000000000000000000000000",
	"root": null,
	"status": "0x1",
	"transactionHash": "0xdc2cde385c5b3929d0583847b39b6ded28063aed694797aadd8b88b121733af6",
	"transactionIndex": 40
}
[2018-04-26T01:52:41.257] [DEBUG] trans - TO:   0x52d9ad3a2ba7b949d1fc40e4411775d6a7856886
[2018-04-26T01:52:41.257] [DEBUG] trans - AMOUNT:   997378300000000000000
[2018-04-26T01:52:41.257] [DEBUG] trans - Receipt info:  {
	"blockHash": "0x707b58f2405be19f1b15900d2022e5fff10e1c3af5744068493dd43967999de9",
	"blockNumber": 5506221,
	"contractAddress": null,
	"cumulativeGasUsed": 1524271,
	"gasUsed": 51653,
	"logs": [
		{
			"address": "0x7e9e431a0B8c4D532C745B1043c7FA29a48D4fBa",
			"blockHash": "0x707b58f2405be19f1b15900d2022e5fff10e1c3af5744068493dd43967999de9",
			"blockNumber": 5506221,
			"data": "0x0000000000000000000000000000000000000000000000361167878366fbc000",
			"logIndex": 21,
			"topics": [
				"0xddf252ad1be2c89b69c2b068fc378daa952ba7f163c4a11628f55a4df523b3ef",
				"0x000000000000000000000000468b858c964f297fd8fce058032bf4b4911a8ad8",
				"0x00000000000000000000000052d9ad3a2ba7b949d1fc40e4411775d6a7856886"
			],
			"transactionHash": "0xba268521a2350f4e763dce9018d59fc94d2758c3f8a11d207046a87ff0e8c4d4",
			"transactionIndex": 41,
			"transactionLogIndex": "0x0",
			"type": "mined",
			"id": "log_55e39c04"
		}
	],
	"logsBloom": "0x00000000000000000000000000020004000000000000000000000000000000000000000000000000000000000000000000000000000000000000000000000000000000000000010000000008000000000000000000010000000000000020000000000000000000000000100000000000000000000000000000000010000000000000000000000000000000000000000000000000000000000000000000000000000000000000000080000000000000000000000000000000000000010000000000001002000000000000000000000000000000000000000000000000000000000000000000000000000000000000000000000000000000000000000000000000",
	"root": null,
	"status": "0x1",
	"transactionHash": "0xba268521a2350f4e763dce9018d59fc94d2758c3f8a11d207046a87ff0e8c4d4",
	"transactionIndex": 41
}
[2018-04-26T01:52:46.265] [DEBUG] trans - TO:   0xe4ac6b736a2dc0b5641ff59af6ef8bc2f97e68b5
[2018-04-26T01:52:46.265] [DEBUG] trans - AMOUNT:   997345700000000000000
[2018-04-26T01:52:46.265] [DEBUG] trans - Receipt info:  {
	"blockHash": "0x5a6c76d0356a5da3b5f5a63387adbc68bc09de36cdfd0ea75a5f1a08c1861b1e",
	"blockNumber": 5506223,
	"contractAddress": null,
	"cumulativeGasUsed": 4056129,
	"gasUsed": 51653,
	"logs": [
		{
			"address": "0x7e9e431a0B8c4D532C745B1043c7FA29a48D4fBa",
			"blockHash": "0x5a6c76d0356a5da3b5f5a63387adbc68bc09de36cdfd0ea75a5f1a08c1861b1e",
			"blockNumber": 5506223,
			"data": "0x00000000000000000000000000000000000000000000003610f3b5fc6b4e4000",
			"logIndex": 69,
			"topics": [
				"0xddf252ad1be2c89b69c2b068fc378daa952ba7f163c4a11628f55a4df523b3ef",
				"0x000000000000000000000000468b858c964f297fd8fce058032bf4b4911a8ad8",
				"0x000000000000000000000000e4ac6b736a2dc0b5641ff59af6ef8bc2f97e68b5"
			],
			"transactionHash": "0xfc8df377741777d511575ba9464524d12a77968bf3280b80bc4183dabaca2580",
			"transactionIndex": 85,
			"transactionLogIndex": "0x0",
			"type": "mined",
			"id": "log_c2d2c7e4"
		}
	],
	"logsBloom": "0x00000000020000000000000000020000000000000000000000000000000000000000000000000000000000000000000000000000000001000000000000000000000000000000010000000008000000000000000000000000000000000020000000000000000000000000000000000000000000000000000000000010000000000000000000000000000000000000000000000000000000000000000000000000000000000000000080000000000000000000000000000000000000010000000000001002000000000000000000000000000000000000000000000000000000000000000000000000000000000000400000000000000000000000000000000000",
	"root": null,
	"status": "0x1",
	"transactionHash": "0xfc8df377741777d511575ba9464524d12a77968bf3280b80bc4183dabaca2580",
	"transactionIndex": 85
}
[2018-04-26T01:52:46.266] [DEBUG] trans - TO:   0xc11745c6709519bffca3aa33720f00592f1c27c7
[2018-04-26T01:52:46.266] [DEBUG] trans - AMOUNT:   997200000000000000000
[2018-04-26T01:52:46.267] [DEBUG] trans - Receipt info:  {
	"blockHash": "0x5a6c76d0356a5da3b5f5a63387adbc68bc09de36cdfd0ea75a5f1a08c1861b1e",
	"blockNumber": 5506223,
	"contractAddress": null,
	"cumulativeGasUsed": 4675645,
	"gasUsed": 51525,
	"logs": [
		{
			"address": "0x7e9e431a0B8c4D532C745B1043c7FA29a48D4fBa",
			"blockHash": "0x5a6c76d0356a5da3b5f5a63387adbc68bc09de36cdfd0ea75a5f1a08c1861b1e",
			"blockNumber": 5506223,
			"data": "0x0000000000000000000000000000000000000000000000360eee149ba3880000",
			"logIndex": 81,
			"topics": [
				"0xddf252ad1be2c89b69c2b068fc378daa952ba7f163c4a11628f55a4df523b3ef",
				"0x000000000000000000000000468b858c964f297fd8fce058032bf4b4911a8ad8",
				"0x000000000000000000000000c11745c6709519bffca3aa33720f00592f1c27c7"
			],
			"transactionHash": "0x76d89658d46f265d5fa788be4181ffaabe34bba10b942798f8aea479806cd445",
			"transactionIndex": 97,
			"transactionLogIndex": "0x0",
			"type": "mined",
			"id": "log_76d0d492"
		}
	],
	"logsBloom": "0x00000000000000000000000000020000000000000000000000000000000000000000000000000000000000000000000000000000000000000100000000000000000000000000010000000008000000000000000000000000000000000020000000000000000000000000000000000000000000000000000000000010000000000000000000000000080000000000000000000000000000004000000000000000000000000000000080000000000000000000000000000000000000010000000000001002000000000000000000000000000000000000000000000000000000000000000000000000000000000000000000000000000000000000000000000000",
	"root": null,
	"status": "0x1",
	"transactionHash": "0x76d89658d46f265d5fa788be4181ffaabe34bba10b942798f8aea479806cd445",
	"transactionIndex": 97
}
[2018-04-26T01:52:46.267] [DEBUG] trans - TO:   0x963ed7b1657d20ddb0ea76824f853a60ec96da45
[2018-04-26T01:52:46.267] [DEBUG] trans - AMOUNT:   997208000000000000000
[2018-04-26T01:52:46.267] [DEBUG] trans - Receipt info:  {
	"blockHash": "0x5a6c76d0356a5da3b5f5a63387adbc68bc09de36cdfd0ea75a5f1a08c1861b1e",
	"blockNumber": 5506223,
	"contractAddress": null,
	"cumulativeGasUsed": 4572467,
	"gasUsed": 51589,
	"logs": [
		{
			"address": "0x7e9e431a0B8c4D532C745B1043c7FA29a48D4fBa",
			"blockHash": "0x5a6c76d0356a5da3b5f5a63387adbc68bc09de36cdfd0ea75a5f1a08c1861b1e",
			"blockNumber": 5506223,
			"data": "0x0000000000000000000000000000000000000000000000360f0a8090c9bc0000",
			"logIndex": 79,
			"topics": [
				"0xddf252ad1be2c89b69c2b068fc378daa952ba7f163c4a11628f55a4df523b3ef",
				"0x000000000000000000000000468b858c964f297fd8fce058032bf4b4911a8ad8",
				"0x000000000000000000000000963ed7b1657d20ddb0ea76824f853a60ec96da45"
			],
			"transactionHash": "0xacc38de81ce5688dceb1334752226c74fa084f89fff6f72454c343422efeb75e",
			"transactionIndex": 95,
			"transactionLogIndex": "0x0",
			"type": "mined",
			"id": "log_3f123638"
		}
	],
	"logsBloom": "0x00000000000000000000000000020000000000000000000000000000000000000000000000000000000000000000000000000000000000000000000000000000000000000000010000000008000000000000000000000000000000000020000000000000000000000000000000000000000000000000000000000010000000000000000000000000000000000000000000000000000000000000000000000000000000000000000080000000000000000000000000000002000000010000000000001002000000000000000000000000000000000000000010000000000000000000000200000000000000000000000000000000000000000000000000000000",
	"root": null,
	"status": "0x1",
	"transactionHash": "0xacc38de81ce5688dceb1334752226c74fa084f89fff6f72454c343422efeb75e",
	"transactionIndex": 95
}
[2018-04-26T01:52:46.269] [DEBUG] trans - TO:   0x9887f5a11948bd213474b3f7fe86c8e41ad558c7
[2018-04-26T01:52:46.269] [DEBUG] trans - AMOUNT:   997224600000000000000
[2018-04-26T01:52:46.269] [DEBUG] trans - Receipt info:  {
	"blockHash": "0x5a6c76d0356a5da3b5f5a63387adbc68bc09de36cdfd0ea75a5f1a08c1861b1e",
	"blockNumber": 5506223,
	"contractAddress": null,
	"cumulativeGasUsed": 4469225,
	"gasUsed": 51653,
	"logs": [
		{
			"address": "0x7e9e431a0B8c4D532C745B1043c7FA29a48D4fBa",
			"blockHash": "0x5a6c76d0356a5da3b5f5a63387adbc68bc09de36cdfd0ea75a5f1a08c1861b1e",
			"blockNumber": 5506223,
			"data": "0x0000000000000000000000000000000000000000000000360f457a2d79018000",
			"logIndex": 77,
			"topics": [
				"0xddf252ad1be2c89b69c2b068fc378daa952ba7f163c4a11628f55a4df523b3ef",
				"0x000000000000000000000000468b858c964f297fd8fce058032bf4b4911a8ad8",
				"0x0000000000000000000000009887f5a11948bd213474b3f7fe86c8e41ad558c7"
			],
			"transactionHash": "0x21729d7d9f45df8c85ca5d0847dc8c3510390dd6b64e5557e59616df47aa0957",
			"transactionIndex": 93,
			"transactionLogIndex": "0x0",
			"type": "mined",
			"id": "log_d2af7cbb"
		}
	],
	"logsBloom": "0x00000000000000000000000000020000000000000000000000000000000000000000000000000000000000000000000000000000000000000000000000000000000000000000010000000008000000004000000000000000000000000020000000000000000001000000000000000000000000000000000000000010000000000000000000000000000000000000000000000000000000000000000000000000000000000000000080000000000000000000000000000000000000010000000000001002000000000000000000000000000000000000000000000000000000000000040000000000000000000000000000000000000000000000000000000000",
	"root": null,
	"status": "0x1",
	"transactionHash": "0x21729d7d9f45df8c85ca5d0847dc8c3510390dd6b64e5557e59616df47aa0957",
	"transactionIndex": 93
}
[2018-04-26T01:52:46.269] [DEBUG] trans - TO:   0x5e70a08fd4475c0f1431f5500b5f12b2a6299636
[2018-04-26T01:52:46.269] [DEBUG] trans - AMOUNT:   997297000000000000000
[2018-04-26T01:52:46.270] [DEBUG] trans - Receipt info:  {
	"blockHash": "0x5a6c76d0356a5da3b5f5a63387adbc68bc09de36cdfd0ea75a5f1a08c1861b1e",
	"blockNumber": 5506223,
	"contractAddress": null,
	"cumulativeGasUsed": 4262677,
	"gasUsed": 51653,
	"logs": [
		{
			"address": "0x7e9e431a0B8c4D532C745B1043c7FA29a48D4fBa",
			"blockHash": "0x5a6c76d0356a5da3b5f5a63387adbc68bc09de36cdfd0ea75a5f1a08c1861b1e",
			"blockNumber": 5506223,
			"data": "0x0000000000000000000000000000000000000000000000361046b19812be8000",
			"logIndex": 73,
			"topics": [
				"0xddf252ad1be2c89b69c2b068fc378daa952ba7f163c4a11628f55a4df523b3ef",
				"0x000000000000000000000000468b858c964f297fd8fce058032bf4b4911a8ad8",
				"0x0000000000000000000000005e70a08fd4475c0f1431f5500b5f12b2a6299636"
			],
			"transactionHash": "0x2282474a83834cd00f6730ff5426e2a6f40a6d087b59b85e86c641e7b98efd90",
			"transactionIndex": 89,
			"transactionLogIndex": "0x0",
			"type": "mined",
			"id": "log_c3e6682a"
		}
	],
	"logsBloom": "0x00000000000000000000000000020000000000000000000000000000000000000000000000000000000000000000000000000000000000000000000000000000000000000000010000000008000000000000000000000000000000000020000000000000000000000000000000000000000000000002000000000010000000000000000000000000000000000000000000000000000000000000000000000000000000000000000080000000000000000000000000000000400000010000000000001002000000000000000000000000000000010000000000000000000000000000000000000000000000000000000000000000000000000000000000000000",
	"root": null,
	"status": "0x1",
	"transactionHash": "0x2282474a83834cd00f6730ff5426e2a6f40a6d087b59b85e86c641e7b98efd90",
	"transactionIndex": 89
}
[2018-04-26T01:52:46.270] [DEBUG] trans - TO:   0x387b48169c3855b81cfafd088ebaf2d5d0f6fb5e
[2018-04-26T01:52:46.270] [DEBUG] trans - AMOUNT:   997364700000000000000
[2018-04-26T01:52:46.270] [DEBUG] trans - Receipt info:  {
	"blockHash": "0x5a6c76d0356a5da3b5f5a63387adbc68bc09de36cdfd0ea75a5f1a08c1861b1e",
	"blockNumber": 5506223,
	"contractAddress": null,
	"cumulativeGasUsed": 631204,
	"gasUsed": 51653,
	"logs": [
		{
			"address": "0x7e9e431a0B8c4D532C745B1043c7FA29a48D4fBa",
			"blockHash": "0x5a6c76d0356a5da3b5f5a63387adbc68bc09de36cdfd0ea75a5f1a08c1861b1e",
			"blockNumber": 5506223,
			"data": "0x00000000000000000000000000000000000000000000003611373662a609c000",
			"logIndex": 10,
			"topics": [
				"0xddf252ad1be2c89b69c2b068fc378daa952ba7f163c4a11628f55a4df523b3ef",
				"0x000000000000000000000000468b858c964f297fd8fce058032bf4b4911a8ad8",
				"0x000000000000000000000000387b48169c3855b81cfafd088ebaf2d5d0f6fb5e"
			],
			"transactionHash": "0x37fc69d4d6551f51818f58d1e0f2a5440bc739e875b71e6bd95ef87c053f800b",
			"transactionIndex": 15,
			"transactionLogIndex": "0x0",
			"type": "mined",
			"id": "log_5f74a988"
		}
	],
	"logsBloom": "0x00000000000000000000000004020000000000000000000000000000000000000000000000000000000000000000000008000000000000000000000000000000000000000000010000000008000000000000000000000000000000000020000000000000000000000000000000000000000000000000000000000010000000000000000000000000000000000000000000000000000000000000000000000000000000000000000080000000000000000000000040000000000000010000000000001002000000000000000000000000000000000000000000000000000000000000000000000000000000000000000000000000000000000000000000000000",
	"root": null,
	"status": "0x1",
	"transactionHash": "0x37fc69d4d6551f51818f58d1e0f2a5440bc739e875b71e6bd95ef87c053f800b",
	"transactionIndex": 15
}
[2018-04-26T01:52:46.270] [DEBUG] trans - TO:   0x26040edeadc27ffde5bf125032080a52745dc233
[2018-04-26T01:52:46.270] [DEBUG] trans - AMOUNT:   997099500000000000000
[2018-04-26T01:52:46.270] [DEBUG] trans - Receipt info:  {
	"blockHash": "0x5a6c76d0356a5da3b5f5a63387adbc68bc09de36cdfd0ea75a5f1a08c1861b1e",
	"blockNumber": 5506223,
	"contractAddress": null,
	"cumulativeGasUsed": 4867193,
	"gasUsed": 51653,
	"logs": [
		{
			"address": "0x7e9e431a0B8c4D532C745B1043c7FA29a48D4fBa",
			"blockHash": "0x5a6c76d0356a5da3b5f5a63387adbc68bc09de36cdfd0ea75a5f1a08c1861b1e",
			"blockNumber": 5506223,
			"data": "0x0000000000000000000000000000000000000000000000360d890863f39ac000",
			"logIndex": 85,
			"topics": [
				"0xddf252ad1be2c89b69c2b068fc378daa952ba7f163c4a11628f55a4df523b3ef",
				"0x000000000000000000000000468b858c964f297fd8fce058032bf4b4911a8ad8",
				"0x00000000000000000000000026040edeadc27ffde5bf125032080a52745dc233"
			],
			"transactionHash": "0x2b1063ad6f32de955e9a5f476c54e773c0918fa558260fc138bf2c90b7177e6b",
			"transactionIndex": 101,
			"transactionLogIndex": "0x0",
			"type": "mined",
			"id": "log_b9727d68"
		}
	],
	"logsBloom": "0x00000000000000000000002000020000000000000000000000800000000000000000000000000000000000000000000000000000000000000000000000000000000000000000010000000008000000000000000000000000000000000020000000000000000000000000000000000000000000000000000000000010000000000000000000000000000000000000000000000000000000000000000000000000000100000000000080000000000000000000000000000000000000010000000000001002000000000000000000000000000000000000000000000000000000000000000000000000000000000000000000000000000000000000000000000000",
	"root": null,
	"status": "0x1",
	"transactionHash": "0x2b1063ad6f32de955e9a5f476c54e773c0918fa558260fc138bf2c90b7177e6b",
	"transactionIndex": 101
}
[2018-04-26T01:52:46.271] [DEBUG] trans - TO:   0x38e4501162b8132595f3a73d4105fe6e23d61a2d
[2018-04-26T01:52:46.272] [DEBUG] trans - AMOUNT:   997046200000000000000
[2018-04-26T01:52:46.272] [DEBUG] trans - Receipt info:  {
	"blockHash": "0x5a6c76d0356a5da3b5f5a63387adbc68bc09de36cdfd0ea75a5f1a08c1861b1e",
	"blockNumber": 5506223,
	"contractAddress": null,
	"cumulativeGasUsed": 5073741,
	"gasUsed": 51653,
	"logs": [
		{
			"address": "0x7e9e431a0B8c4D532C745B1043c7FA29a48D4fBa",
			"blockHash": "0x5a6c76d0356a5da3b5f5a63387adbc68bc09de36cdfd0ea75a5f1a08c1861b1e",
			"blockNumber": 5506223,
			"data": "0x0000000000000000000000000000000000000000000000360ccbac52a5138000",
			"logIndex": 89,
			"topics": [
				"0xddf252ad1be2c89b69c2b068fc378daa952ba7f163c4a11628f55a4df523b3ef",
				"0x000000000000000000000000468b858c964f297fd8fce058032bf4b4911a8ad8",
				"0x00000000000000000000000038e4501162b8132595f3a73d4105fe6e23d61a2d"
			],
			"transactionHash": "0x54a16804fc0ae27c92c1f69460eeeaed26416ac3fd826de820098b1098fed4a6",
			"transactionIndex": 105,
			"transactionLogIndex": "0x0",
			"type": "mined",
			"id": "log_c8acae44"
		}
	],
	"logsBloom": "0x00000000000000000000000000021000000000000000000000000000000000000000000000000000000000000000000000000000000000000000000000080000000000000000010000000008000000000000000000000000000000000020000000000000000000000000000000000000000000000000000000000010000000000000000000000000000000000000000000000000000000000000000000000000000000000000000080000000000000000000002000000000000000010000000000001002000000000000000000000000000000000000000000000000000000000000000000000000000000000000000000000000000000000000000000000000",
	"root": null,
	"status": "0x1",
	"transactionHash": "0x54a16804fc0ae27c92c1f69460eeeaed26416ac3fd826de820098b1098fed4a6",
	"transactionIndex": 105
}
[2018-04-26T01:52:46.272] [DEBUG] trans - TO:   0xbe8f3c3854d71eaedb95dace6525f8966b3033ad
[2018-04-26T01:52:46.272] [DEBUG] trans - AMOUNT:   997002400000000000000
[2018-04-26T01:52:46.272] [DEBUG] trans - Receipt info:  {
	"blockHash": "0x5a6c76d0356a5da3b5f5a63387adbc68bc09de36cdfd0ea75a5f1a08c1861b1e",
	"blockNumber": 5506223,
	"contractAddress": null,
	"cumulativeGasUsed": 5176983,
	"gasUsed": 51589,
	"logs": [
		{
			"address": "0x7e9e431a0B8c4D532C745B1043c7FA29a48D4fBa",
			"blockHash": "0x5a6c76d0356a5da3b5f5a63387adbc68bc09de36cdfd0ea75a5f1a08c1861b1e",
			"blockNumber": 5506223,
			"data": "0x0000000000000000000000000000000000000000000000360c30107473ea0000",
			"logIndex": 91,
			"topics": [
				"0xddf252ad1be2c89b69c2b068fc378daa952ba7f163c4a11628f55a4df523b3ef",
				"0x000000000000000000000000468b858c964f297fd8fce058032bf4b4911a8ad8",
				"0x000000000000000000000000be8f3c3854d71eaedb95dace6525f8966b3033ad"
			],
			"transactionHash": "0x0e4e23915046d4065a88acb98abee784eb403caa98d234e96aaf695e43750c9c",
			"transactionIndex": 107,
			"transactionLogIndex": "0x0",
			"type": "mined",
			"id": "log_ef5267de"
		}
	],
	"logsBloom": "0x00000000000000000000000000020000000000000000000000000000000000000000000000000000000000000000000000000000000000000000000000000000010000000000010000000008000000000000000000000000000000000020000000000000000000000000000000000000000000000000000000000010000000000000000000000000000000000000000000000000000000000000000000000000000000000000000080000080000000000000000000000000000000010000000000001002000000000000000000000000000000000000000000000000000000000000000000000000000000000000000000000004000000000000000000000000",
	"root": null,
	"status": "0x1",
	"transactionHash": "0x0e4e23915046d4065a88acb98abee784eb403caa98d234e96aaf695e43750c9c",
	"transactionIndex": 107
}
[2018-04-26T01:52:46.274] [DEBUG] trans - TO:   0x2271e889049fb1b8fb366c541699199278a38ab0
[2018-04-26T01:52:46.274] [DEBUG] trans - AMOUNT:   997000000000000000000
[2018-04-26T01:52:46.274] [DEBUG] trans - Receipt info:  {
	"blockHash": "0x5a6c76d0356a5da3b5f5a63387adbc68bc09de36cdfd0ea75a5f1a08c1861b1e",
	"blockNumber": 5506223,
	"contractAddress": null,
	"cumulativeGasUsed": 5280161,
	"gasUsed": 51589,
	"logs": [
		{
			"address": "0x7e9e431a0B8c4D532C745B1043c7FA29a48D4fBa",
			"blockHash": "0x5a6c76d0356a5da3b5f5a63387adbc68bc09de36cdfd0ea75a5f1a08c1861b1e",
			"blockNumber": 5506223,
			"data": "0x0000000000000000000000000000000000000000000000360c2789aae8740000",
			"logIndex": 93,
			"topics": [
				"0xddf252ad1be2c89b69c2b068fc378daa952ba7f163c4a11628f55a4df523b3ef",
				"0x000000000000000000000000468b858c964f297fd8fce058032bf4b4911a8ad8",
				"0x0000000000000000000000002271e889049fb1b8fb366c541699199278a38ab0"
			],
			"transactionHash": "0x8feef219053200385f66f977656613e6d6e00780a7d2ea0a45b5b0da138fa5cd",
			"transactionIndex": 109,
			"transactionLogIndex": "0x0",
			"type": "mined",
			"id": "log_2a3d4986"
		}
	],
	"logsBloom": "0x00000000000000000000000000020000000000000000000000000000000000000000000000000000000000000000000000000000000000000000000000000000000000000000010000000008000000000000000000000000000000000020000000000000000000000000000000000000000000000000000000000010000000000000000000000000010000000000000000000000000000000000000000000000000000000000000080000000000000000000000000000000000000010000000000001002000000000000000000000000000800000000000000000000000000000000000000000000000000001000000000000000000000000000000000000000",
	"root": null,
	"status": "0x1",
	"transactionHash": "0x8feef219053200385f66f977656613e6d6e00780a7d2ea0a45b5b0da138fa5cd",
	"transactionIndex": 109
}
[2018-04-26T01:52:46.274] [DEBUG] trans - TO:   0x229dc32375a680fd5d9073a47d45b03384f48f31
[2018-04-26T01:52:46.274] [DEBUG] trans - AMOUNT:   997000000000000000000
[2018-04-26T01:52:46.274] [DEBUG] trans - Receipt info:  {
	"blockHash": "0x5a6c76d0356a5da3b5f5a63387adbc68bc09de36cdfd0ea75a5f1a08c1861b1e",
	"blockNumber": 5506223,
	"contractAddress": null,
	"cumulativeGasUsed": 5383339,
	"gasUsed": 51589,
	"logs": [
		{
			"address": "0x7e9e431a0B8c4D532C745B1043c7FA29a48D4fBa",
			"blockHash": "0x5a6c76d0356a5da3b5f5a63387adbc68bc09de36cdfd0ea75a5f1a08c1861b1e",
			"blockNumber": 5506223,
			"data": "0x0000000000000000000000000000000000000000000000360c2789aae8740000",
			"logIndex": 95,
			"topics": [
				"0xddf252ad1be2c89b69c2b068fc378daa952ba7f163c4a11628f55a4df523b3ef",
				"0x000000000000000000000000468b858c964f297fd8fce058032bf4b4911a8ad8",
				"0x000000000000000000000000229dc32375a680fd5d9073a47d45b03384f48f31"
			],
			"transactionHash": "0x094180a4cff42a9bd4f2eb5e8ddc51945cb788e2e53cfb4d16bddaf8f0a41cad",
			"transactionIndex": 111,
			"transactionLogIndex": "0x0",
			"type": "mined",
			"id": "log_d785e9d6"
		}
	],
	"logsBloom": "0x00000000000000000000000000020000000000000000000000000000000000000000000000000000000000000000000000000000000000000000000000000000000000000000010000000008000000000020000000000000000000000020000000000000000800000000000000000000000000000000000000000010000000000000000000000000000000000000000000000000000000000000000000000000000000000000000080000000000000000000000000000000000000010000000000001002000000000000000000000000000000000000000000000000000000000000000000000000000000000000000000000000000000000000000000001000",
	"root": null,
	"status": "0x1",
	"transactionHash": "0x094180a4cff42a9bd4f2eb5e8ddc51945cb788e2e53cfb4d16bddaf8f0a41cad",
	"transactionIndex": 111
}
[2018-04-26T01:52:46.276] [DEBUG] trans - TO:   0x3ae4d0747215c84b3d304598818e3fde0a564ddf
[2018-04-26T01:52:46.276] [DEBUG] trans - AMOUNT:   997000000000000000000
[2018-04-26T01:52:46.276] [DEBUG] trans - Receipt info:  {
	"blockHash": "0x5a6c76d0356a5da3b5f5a63387adbc68bc09de36cdfd0ea75a5f1a08c1861b1e",
	"blockNumber": 5506223,
	"contractAddress": null,
	"cumulativeGasUsed": 5486517,
	"gasUsed": 51589,
	"logs": [
		{
			"address": "0x7e9e431a0B8c4D532C745B1043c7FA29a48D4fBa",
			"blockHash": "0x5a6c76d0356a5da3b5f5a63387adbc68bc09de36cdfd0ea75a5f1a08c1861b1e",
			"blockNumber": 5506223,
			"data": "0x0000000000000000000000000000000000000000000000360c2789aae8740000",
			"logIndex": 97,
			"topics": [
				"0xddf252ad1be2c89b69c2b068fc378daa952ba7f163c4a11628f55a4df523b3ef",
				"0x000000000000000000000000468b858c964f297fd8fce058032bf4b4911a8ad8",
				"0x0000000000000000000000003ae4d0747215c84b3d304598818e3fde0a564ddf"
			],
			"transactionHash": "0xb780812c925045297d10f34bc3a48a8d7abdf373ca1c327b44a13aaae0956dd2",
			"transactionIndex": 113,
			"transactionLogIndex": "0x0",
			"type": "mined",
			"id": "log_f2198f65"
		}
	],
	"logsBloom": "0x00000000000000000000000000020000000000000000000000000000000000000000000000000000000000000000000000000000000000000040000000000000000000000000010000000008000000000000000000000000000010000020000000000000000000000000000000000000000000000000000000000010000000000000000000000000000000000000000000000000000000000000000000000000000000000000000080000000000000000000000000000000000000010000000000001002000000010000000000000000000000000000000000000000000000000000000000000000000000000000000000000000000000000000000000000000",
	"root": null,
	"status": "0x1",
	"transactionHash": "0xb780812c925045297d10f34bc3a48a8d7abdf373ca1c327b44a13aaae0956dd2",
	"transactionIndex": 113
}
[2018-04-26T01:52:46.276] [DEBUG] trans - TO:   0xf31a8f2920e76b8c562bf120e8df3c17880fa022
[2018-04-26T01:52:46.276] [DEBUG] trans - AMOUNT:   997308000000000000000
[2018-04-26T01:52:46.276] [DEBUG] trans - Receipt info:  {
	"blockHash": "0x5a6c76d0356a5da3b5f5a63387adbc68bc09de36cdfd0ea75a5f1a08c1861b1e",
	"blockNumber": 5506223,
	"contractAddress": null,
	"cumulativeGasUsed": 4159371,
	"gasUsed": 51589,
	"logs": [
		{
			"address": "0x7e9e431a0B8c4D532C745B1043c7FA29a48D4fBa",
			"blockHash": "0x5a6c76d0356a5da3b5f5a63387adbc68bc09de36cdfd0ea75a5f1a08c1861b1e",
			"blockNumber": 5506223,
			"data": "0x000000000000000000000000000000000000000000000036106dc60927460000",
			"logIndex": 71,
			"topics": [
				"0xddf252ad1be2c89b69c2b068fc378daa952ba7f163c4a11628f55a4df523b3ef",
				"0x000000000000000000000000468b858c964f297fd8fce058032bf4b4911a8ad8",
				"0x000000000000000000000000f31a8f2920e76b8c562bf120e8df3c17880fa022"
			],
			"transactionHash": "0x6faf36979ffeee27f3004dc8740bb7b0fe26901c1b36044204dcf4eb8d45d323",
			"transactionIndex": 87,
			"transactionLogIndex": "0x0",
			"type": "mined",
			"id": "log_c889a25a"
		}
	],
	"logsBloom": "0x00000000000000000000000000020000000000000000000000000000000000000000000000000000000000000000000000000000000000000000000000000000000000000000010000000008000000000000000000000000000000000020000000000000000000000000000000000000000000000000000000010010000000000000000000000000000010000000000000000000000000000000000000000000000000000000000080000000000000000000000000000000000000010000000002001002000000000000000000000000000000000000000000000000000000000000000000000000000000000000000000000000000000000000000000000000",
	"root": null,
	"status": "0x1",
	"transactionHash": "0x6faf36979ffeee27f3004dc8740bb7b0fe26901c1b36044204dcf4eb8d45d323",
	"transactionIndex": 87
}
[2018-04-26T01:52:46.278] [DEBUG] trans - TO:   0xf53bc7beff7198e5f9fc6a951fb978c141da4cf2
[2018-04-26T01:52:46.278] [DEBUG] trans - AMOUNT:   997286600000000000000
[2018-04-26T01:52:46.278] [DEBUG] trans - Receipt info:  {
	"blockHash": "0x5a6c76d0356a5da3b5f5a63387adbc68bc09de36cdfd0ea75a5f1a08c1861b1e",
	"blockNumber": 5506223,
	"contractAddress": null,
	"cumulativeGasUsed": 4365983,
	"gasUsed": 51653,
	"logs": [
		{
			"address": "0x7e9e431a0B8c4D532C745B1043c7FA29a48D4fBa",
			"blockHash": "0x5a6c76d0356a5da3b5f5a63387adbc68bc09de36cdfd0ea75a5f1a08c1861b1e",
			"blockNumber": 5506223,
			"data": "0x0000000000000000000000000000000000000000000000361021bed961148000",
			"logIndex": 75,
			"topics": [
				"0xddf252ad1be2c89b69c2b068fc378daa952ba7f163c4a11628f55a4df523b3ef",
				"0x000000000000000000000000468b858c964f297fd8fce058032bf4b4911a8ad8",
				"0x000000000000000000000000f53bc7beff7198e5f9fc6a951fb978c141da4cf2"
			],
			"transactionHash": "0xb8ea7d91290f46853bddaf148dae67c8e7ff0bc99f5a6db6f797c129b35d7b90",
			"transactionIndex": 91,
			"transactionLogIndex": "0x0",
			"type": "mined",
			"id": "log_18f573bb"
		}
	],
	"logsBloom": "0x00000000000000000000000000020000000000000000000040000000000000000000000000000000000000000000000000000000000080000000000000000000000000000000010000000008000000000000000000000000000000000020000000000000000000000000000000000000000000000000000000000010000000000000000000000000000000000000000000000000000000000000000000000000000000000000000080000000000000000000000000000000000000010000000000001002000000000000000000000000000000000000000000000000000000000000000000000000000000000000000000000000000002000000000000000000",
	"root": null,
	"status": "0x1",
	"transactionHash": "0xb8ea7d91290f46853bddaf148dae67c8e7ff0bc99f5a6db6f797c129b35d7b90",
	"transactionIndex": 91
}
[2018-04-26T01:52:46.279] [DEBUG] trans - TO:   0x40370ad8d6e94ad101884a1e9293f98d2b465bfc
[2018-04-26T01:52:46.279] [DEBUG] trans - AMOUNT:   997000000000000000000
[2018-04-26T01:52:46.279] [DEBUG] trans - Receipt info:  {
	"blockHash": "0x5a6c76d0356a5da3b5f5a63387adbc68bc09de36cdfd0ea75a5f1a08c1861b1e",
	"blockNumber": 5506223,
	"contractAddress": null,
	"cumulativeGasUsed": 5589695,
	"gasUsed": 51589,
	"logs": [
		{
			"address": "0x7e9e431a0B8c4D532C745B1043c7FA29a48D4fBa",
			"blockHash": "0x5a6c76d0356a5da3b5f5a63387adbc68bc09de36cdfd0ea75a5f1a08c1861b1e",
			"blockNumber": 5506223,
			"data": "0x0000000000000000000000000000000000000000000000360c2789aae8740000",
			"logIndex": 99,
			"topics": [
				"0xddf252ad1be2c89b69c2b068fc378daa952ba7f163c4a11628f55a4df523b3ef",
				"0x000000000000000000000000468b858c964f297fd8fce058032bf4b4911a8ad8",
				"0x00000000000000000000000040370ad8d6e94ad101884a1e9293f98d2b465bfc"
			],
			"transactionHash": "0xbd65483882dadbd87ffd96d627b3b8c3eedd26536868601c22427d82cdfd8391",
			"transactionIndex": 115,
			"transactionLogIndex": "0x0",
			"type": "mined",
			"id": "log_6f6a3f4d"
		}
	],
	"logsBloom": "0x00000000000000000000000000020000000000000000000000000000000000000000000000000000000000000000000000000000000000000000000000000000000000000000010000000008000000000000000000000000000000000020000000000000000000000000000000000000000000000000000000000010000000000000200000000000000000000000000000000000000000000000000000000000000000000000000080000000000000000000000000000000000000010000000000001002000001000000000000000000000000000000000000000000000000000000000000000000000000000000004000000000000000000000000000000000",
	"root": null,
	"status": "0x1",
	"transactionHash": "0xbd65483882dadbd87ffd96d627b3b8c3eedd26536868601c22427d82cdfd8391",
	"transactionIndex": 115
}
[2018-04-26T01:52:46.279] [DEBUG] trans - TO:   0x5a7c4eb808752988c303bdfae064acf0e0dbb524
[2018-04-26T01:52:46.279] [DEBUG] trans - AMOUNT:   997000000000000000000
[2018-04-26T01:52:46.279] [DEBUG] trans - Receipt info:  {
	"blockHash": "0x5a6c76d0356a5da3b5f5a63387adbc68bc09de36cdfd0ea75a5f1a08c1861b1e",
	"blockNumber": 5506223,
	"contractAddress": null,
	"cumulativeGasUsed": 5899293,
	"gasUsed": 51589,
	"logs": [
		{
			"address": "0x7e9e431a0B8c4D532C745B1043c7FA29a48D4fBa",
			"blockHash": "0x5a6c76d0356a5da3b5f5a63387adbc68bc09de36cdfd0ea75a5f1a08c1861b1e",
			"blockNumber": 5506223,
			"data": "0x0000000000000000000000000000000000000000000000360c2789aae8740000",
			"logIndex": 105,
			"topics": [
				"0xddf252ad1be2c89b69c2b068fc378daa952ba7f163c4a11628f55a4df523b3ef",
				"0x000000000000000000000000468b858c964f297fd8fce058032bf4b4911a8ad8",
				"0x0000000000000000000000005a7c4eb808752988c303bdfae064acf0e0dbb524"
			],
			"transactionHash": "0x186d752e31d080c0f7456aba47e8cde73bd807e90d47ab6a2c5ace0cf1fc036a",
			"transactionIndex": 121,
			"transactionLogIndex": "0x0",
			"type": "mined",
			"id": "log_f6e8b765"
		}
	],
	"logsBloom": "0x00000000000000000000000000020000000000000000000000000000000000000000100000000000000000000000000000000000000000000000000000000000000000000000010000000008000000000000000000000000000000000020000000000000000200000000000000000000000000000000000000001010000000000000000000000000000000000000000000000000000000000000000000000000000000000000000080000000000000000000000000000000000000010000000000001002000000000000000000000000000000000000000000000000000000000000000000000000000000000000000000000000000000000000000000000000",
	"root": null,
	"status": "0x1",
	"transactionHash": "0x186d752e31d080c0f7456aba47e8cde73bd807e90d47ab6a2c5ace0cf1fc036a",
	"transactionIndex": 121
}
[2018-04-26T01:52:46.280] [DEBUG] trans - TO:   0x513ca009991ce9d61deb2f88b58b58c6d507931b
[2018-04-26T01:52:46.280] [DEBUG] trans - AMOUNT:   997000000000000000000
[2018-04-26T01:52:46.280] [DEBUG] trans - Receipt info:  {
	"blockHash": "0x5a6c76d0356a5da3b5f5a63387adbc68bc09de36cdfd0ea75a5f1a08c1861b1e",
	"blockNumber": 5506223,
	"contractAddress": null,
	"cumulativeGasUsed": 5796051,
	"gasUsed": 51589,
	"logs": [
		{
			"address": "0x7e9e431a0B8c4D532C745B1043c7FA29a48D4fBa",
			"blockHash": "0x5a6c76d0356a5da3b5f5a63387adbc68bc09de36cdfd0ea75a5f1a08c1861b1e",
			"blockNumber": 5506223,
			"data": "0x0000000000000000000000000000000000000000000000360c2789aae8740000",
			"logIndex": 103,
			"topics": [
				"0xddf252ad1be2c89b69c2b068fc378daa952ba7f163c4a11628f55a4df523b3ef",
				"0x000000000000000000000000468b858c964f297fd8fce058032bf4b4911a8ad8",
				"0x000000000000000000000000513ca009991ce9d61deb2f88b58b58c6d507931b"
			],
			"transactionHash": "0x0f325e1a21d91f5c1eadaed17698cedec20da53950ccfdc8fe051413658b3a9d",
			"transactionIndex": 119,
			"transactionLogIndex": "0x0",
			"type": "mined",
			"id": "log_e99f3966"
		}
	],
	"logsBloom": "0x00000000000000000000000000020000000000000000000000000000000000000000000000000000000000000000000000000000000000000000000000000000000000000000010000000008000000000000000000000000000000000020000000000000000000000000000000000000000000000000000000000010000000000000000000000000000000000008000000000008000000000000000000010000000000000000000080000000000000000000000000000000000000010000000000001002000000000000000000000000000000000000000000000000000000000000000000000000000000000000000000000000000000000000000000000000",
	"root": null,
	"status": "0x1",
	"transactionHash": "0x0f325e1a21d91f5c1eadaed17698cedec20da53950ccfdc8fe051413658b3a9d",
	"transactionIndex": 119
}
[2018-04-26T01:52:46.280] [DEBUG] trans - TO:   0x438f563e24570bebcf862263e93811292d003db5
[2018-04-26T01:52:46.280] [DEBUG] trans - AMOUNT:   997000000000000000000
[2018-04-26T01:52:46.280] [DEBUG] trans - Receipt info:  {
	"blockHash": "0x5a6c76d0356a5da3b5f5a63387adbc68bc09de36cdfd0ea75a5f1a08c1861b1e",
	"blockNumber": 5506223,
	"contractAddress": null,
	"cumulativeGasUsed": 5692873,
	"gasUsed": 51525,
	"logs": [
		{
			"address": "0x7e9e431a0B8c4D532C745B1043c7FA29a48D4fBa",
			"blockHash": "0x5a6c76d0356a5da3b5f5a63387adbc68bc09de36cdfd0ea75a5f1a08c1861b1e",
			"blockNumber": 5506223,
			"data": "0x0000000000000000000000000000000000000000000000360c2789aae8740000",
			"logIndex": 101,
			"topics": [
				"0xddf252ad1be2c89b69c2b068fc378daa952ba7f163c4a11628f55a4df523b3ef",
				"0x000000000000000000000000468b858c964f297fd8fce058032bf4b4911a8ad8",
				"0x000000000000000000000000438f563e24570bebcf862263e93811292d003db5"
			],
			"transactionHash": "0x44cef4ba94a806598928ba835412fedec6600c2ec607c057b6ed7dd10f14f1d6",
			"transactionIndex": 117,
			"transactionLogIndex": "0x0",
			"type": "mined",
			"id": "log_df69b8b3"
		}
	],
	"logsBloom": "0x00000000000000000000000000020000000000000000000000000000000200000000000000000000001000000000000000000000000000000000000000000000000000000000010000000008000000000000000000000000000000000020000000000000000000000000000000000000000000000000000000000010000008000000000000000000000000000000000000000000000000000000000000000000000000000000000080000000000000000000000000000000000000010000000000001002000000000000000000000000000000000000000000000000000000000000000000000000000000000000000000000000000000000000000000000000",
	"root": null,
	"status": "0x1",
	"transactionHash": "0x44cef4ba94a806598928ba835412fedec6600c2ec607c057b6ed7dd10f14f1d6",
	"transactionIndex": 117
}
[2018-04-26T01:52:46.281] [DEBUG] trans - TO:   0x4c30c2ae805a464fe90dbbce62d4f9a45783f21d
[2018-04-26T01:52:46.281] [DEBUG] trans - AMOUNT:   997087000000000000000
[2018-04-26T01:52:46.281] [DEBUG] trans - Receipt info:  {
	"blockHash": "0x5a6c76d0356a5da3b5f5a63387adbc68bc09de36cdfd0ea75a5f1a08c1861b1e",
	"blockNumber": 5506223,
	"contractAddress": null,
	"cumulativeGasUsed": 4970499,
	"gasUsed": 51653,
	"logs": [
		{
			"address": "0x7e9e431a0B8c4D532C745B1043c7FA29a48D4fBa",
			"blockHash": "0x5a6c76d0356a5da3b5f5a63387adbc68bc09de36cdfd0ea75a5f1a08c1861b1e",
			"blockNumber": 5506223,
			"data": "0x0000000000000000000000000000000000000000000000360d5c9fb4e7e98000",
			"logIndex": 87,
			"topics": [
				"0xddf252ad1be2c89b69c2b068fc378daa952ba7f163c4a11628f55a4df523b3ef",
				"0x000000000000000000000000468b858c964f297fd8fce058032bf4b4911a8ad8",
				"0x0000000000000000000000004c30c2ae805a464fe90dbbce62d4f9a45783f21d"
			],
			"transactionHash": "0x8946e0f42f7a9f9c4df4d1ab62a02bd2a9e4004123741a9d9cbbd2c7d0746c04",
			"transactionIndex": 103,
			"transactionLogIndex": "0x0",
			"type": "mined",
			"id": "log_092e4167"
		}
	],
	"logsBloom": "0x00000000000000000000000000020000000000000000000000000000000000000000000000000000000000000000000000000000000000000000000000000000000000000000010000000008000000000000000000000000000000000020000000000000000000000000020000000000000000000001000000000010400000000000000000000000000000000000000000000000000000000000000000000000000000000000000080000000000000000000000000000000000000010000000000001002000000000000000000000000000000000000000000000000000000000000000000000000000000000000000000000000000000000000000000000000",
	"root": null,
	"status": "0x1",
	"transactionHash": "0x8946e0f42f7a9f9c4df4d1ab62a02bd2a9e4004123741a9d9cbbd2c7d0746c04",
	"transactionIndex": 103
}
[2018-04-26T01:52:46.282] [DEBUG] trans - TO:   0xad824b6b08192b4db7b34bdb77716be10e0135d7
[2018-04-26T01:52:46.282] [DEBUG] trans - AMOUNT:   997000000000000000000
[2018-04-26T01:52:46.282] [DEBUG] trans - Receipt info:  {
	"blockHash": "0x5a6c76d0356a5da3b5f5a63387adbc68bc09de36cdfd0ea75a5f1a08c1861b1e",
	"blockNumber": 5506223,
	"contractAddress": null,
	"cumulativeGasUsed": 6105777,
	"gasUsed": 51589,
	"logs": [
		{
			"address": "0x7e9e431a0B8c4D532C745B1043c7FA29a48D4fBa",
			"blockHash": "0x5a6c76d0356a5da3b5f5a63387adbc68bc09de36cdfd0ea75a5f1a08c1861b1e",
			"blockNumber": 5506223,
			"data": "0x0000000000000000000000000000000000000000000000360c2789aae8740000",
			"logIndex": 109,
			"topics": [
				"0xddf252ad1be2c89b69c2b068fc378daa952ba7f163c4a11628f55a4df523b3ef",
				"0x000000000000000000000000468b858c964f297fd8fce058032bf4b4911a8ad8",
				"0x000000000000000000000000ad824b6b08192b4db7b34bdb77716be10e0135d7"
			],
			"transactionHash": "0xd65a7050a3c7c1f3f667270fae4e6fb4749829e8e81540265dae0bb81b204855",
			"transactionIndex": 125,
			"transactionLogIndex": "0x0",
			"type": "mined",
			"id": "log_f03255ed"
		}
	],
	"logsBloom": "0x00000200000000000000000000020000000000000000000000000000004000000000000000000000000000000000000000000000000000000000000000000000000000000000010000000008000000000000000000000000000000000020000000000000000000000000000000000000000000000000000000000010000000000000000000000000000000000000000000000000000000000000000000000000000008000000000080000000000000000000000000000000000000010000000000001002000000000000000000000000000000000000000000000000000000000000000000000000000000000000000000000000000000000000000000000000",
	"root": null,
	"status": "0x1",
	"transactionHash": "0xd65a7050a3c7c1f3f667270fae4e6fb4749829e8e81540265dae0bb81b204855",
	"transactionIndex": 125
}
[2018-04-26T01:52:46.283] [DEBUG] trans - TO:   0x910744a238660165c67f52e9cfacb2fd7e7e156d
[2018-04-26T01:52:46.283] [DEBUG] trans - AMOUNT:   997000000000000000000
[2018-04-26T01:52:46.283] [DEBUG] trans - Receipt info:  {
	"blockHash": "0x5a6c76d0356a5da3b5f5a63387adbc68bc09de36cdfd0ea75a5f1a08c1861b1e",
	"blockNumber": 5506223,
	"contractAddress": null,
	"cumulativeGasUsed": 6002535,
	"gasUsed": 51589,
	"logs": [
		{
			"address": "0x7e9e431a0B8c4D532C745B1043c7FA29a48D4fBa",
			"blockHash": "0x5a6c76d0356a5da3b5f5a63387adbc68bc09de36cdfd0ea75a5f1a08c1861b1e",
			"blockNumber": 5506223,
			"data": "0x0000000000000000000000000000000000000000000000360c2789aae8740000",
			"logIndex": 107,
			"topics": [
				"0xddf252ad1be2c89b69c2b068fc378daa952ba7f163c4a11628f55a4df523b3ef",
				"0x000000000000000000000000468b858c964f297fd8fce058032bf4b4911a8ad8",
				"0x000000000000000000000000910744a238660165c67f52e9cfacb2fd7e7e156d"
			],
			"transactionHash": "0x61372163f7f42173d4b53e7ebe88d6afa63521e8b89cbdabb1f35c3a816706b8",
			"transactionIndex": 123,
			"transactionLogIndex": "0x0",
			"type": "mined",
			"id": "log_68dbeadc"
		}
	],
	"logsBloom": "0x00000000000000000000000000020000000000000000000000000000000000000000000000000000000000000000000000000000000000000000000000000000000000000000010000000008000000000000000000000000000000000020008000000000000000000000000000000000000000000000000000000010000000000000000000000000000000000000000000000000000000000000000000000000000800000000000080000000000000000000000000000000000000010000000000001002000000000000000000000000000000000000000008000000000000000000000000000000000000000000000000000000000000000000000000000000",
	"root": null,
	"status": "0x1",
	"transactionHash": "0x61372163f7f42173d4b53e7ebe88d6afa63521e8b89cbdabb1f35c3a816706b8",
	"transactionIndex": 123
}
[2018-04-26T01:52:46.284] [DEBUG] trans - TO:   0xce416d26c430eaa27d354a19019c97e5bafbd330
[2018-04-26T01:52:46.284] [DEBUG] trans - AMOUNT:   997000000000000000000
[2018-04-26T01:52:46.284] [DEBUG] trans - Receipt info:  {
	"blockHash": "0x5a6c76d0356a5da3b5f5a63387adbc68bc09de36cdfd0ea75a5f1a08c1861b1e",
	"blockNumber": 5506223,
	"contractAddress": null,
	"cumulativeGasUsed": 6312197,
	"gasUsed": 51589,
	"logs": [
		{
			"address": "0x7e9e431a0B8c4D532C745B1043c7FA29a48D4fBa",
			"blockHash": "0x5a6c76d0356a5da3b5f5a63387adbc68bc09de36cdfd0ea75a5f1a08c1861b1e",
			"blockNumber": 5506223,
			"data": "0x0000000000000000000000000000000000000000000000360c2789aae8740000",
			"logIndex": 113,
			"topics": [
				"0xddf252ad1be2c89b69c2b068fc378daa952ba7f163c4a11628f55a4df523b3ef",
				"0x000000000000000000000000468b858c964f297fd8fce058032bf4b4911a8ad8",
				"0x000000000000000000000000ce416d26c430eaa27d354a19019c97e5bafbd330"
			],
			"transactionHash": "0x335f271ee3578bec69cf0e02f3fc090532920576ca3dfc3fe5ce047167727f29",
			"transactionIndex": 129,
			"transactionLogIndex": "0x0",
			"type": "mined",
			"id": "log_601a6ab6"
		}
	],
	"logsBloom": "0x00000000000000000000000000020000000000000000000000000000000000000000040000000000000000000000000000000000000000000000000000000000000000000000018000000008000000000000000000000000000000000020000000000000000000000000000000000000000000000000000000000010000000000000000000000000000000000000000000000000000000000000000000000000000000000000000080000000000000000000000000000000000000010000000000001002000000000000000000000000000000000000000000000000000000000000000000000000000000000000000000000000400000000000000000000000",
	"root": null,
	"status": "0x1",
	"transactionHash": "0x335f271ee3578bec69cf0e02f3fc090532920576ca3dfc3fe5ce047167727f29",
	"transactionIndex": 129
}
[2018-04-26T01:52:46.284] [DEBUG] trans - TO:   0xc72f07b9bed4a890eaa33cd2a1b269b5f39ba9c6
[2018-04-26T01:52:46.284] [DEBUG] trans - AMOUNT:   997000000000000000000
[2018-04-26T01:52:46.284] [DEBUG] trans - Receipt info:  {
	"blockHash": "0x5a6c76d0356a5da3b5f5a63387adbc68bc09de36cdfd0ea75a5f1a08c1861b1e",
	"blockNumber": 5506223,
	"contractAddress": null,
	"cumulativeGasUsed": 6209019,
	"gasUsed": 51589,
	"logs": [
		{
			"address": "0x7e9e431a0B8c4D532C745B1043c7FA29a48D4fBa",
			"blockHash": "0x5a6c76d0356a5da3b5f5a63387adbc68bc09de36cdfd0ea75a5f1a08c1861b1e",
			"blockNumber": 5506223,
			"data": "0x0000000000000000000000000000000000000000000000360c2789aae8740000",
			"logIndex": 111,
			"topics": [
				"0xddf252ad1be2c89b69c2b068fc378daa952ba7f163c4a11628f55a4df523b3ef",
				"0x000000000000000000000000468b858c964f297fd8fce058032bf4b4911a8ad8",
				"0x000000000000000000000000c72f07b9bed4a890eaa33cd2a1b269b5f39ba9c6"
			],
			"transactionHash": "0x3c1e813dabaf44fc4ff9fd0b206b675c6bb7fe28dd389e941cec4b820a22c106",
			"transactionIndex": 127,
			"transactionLogIndex": "0x0",
			"type": "mined",
			"id": "log_e0a4d8ef"
		}
	],
	"logsBloom": "0x00000000000000000000000000020000000000000000000000000000000000000000000000000000000000000000000000000000000000000000000000000000000000000000010000000008000000000000000000000000000010000020000000000000000000000000000000000000000000000000000000000030000000000000000000000000000000000000000000000000000000000000000000000000000000000000000080000000000000000000000000000000000000010000000000001002000000000000000000000000000000000000000000000000000000000000000000000000000000000000000000000000000000004000000000000000",
	"root": null,
	"status": "0x1",
	"transactionHash": "0x3c1e813dabaf44fc4ff9fd0b206b675c6bb7fe28dd389e941cec4b820a22c106",
	"transactionIndex": 127
}
[2018-04-26T01:52:46.285] [DEBUG] trans - TO:   0xd7461a5233afa88a31aa1c2ebb6a9c33f2a86e58
[2018-04-26T01:52:46.285] [DEBUG] trans - AMOUNT:   997000000000000000000
[2018-04-26T01:52:46.285] [DEBUG] trans - Receipt info:  {
	"blockHash": "0x5a6c76d0356a5da3b5f5a63387adbc68bc09de36cdfd0ea75a5f1a08c1861b1e",
	"blockNumber": 5506223,
	"contractAddress": null,
	"cumulativeGasUsed": 6415439,
	"gasUsed": 51589,
	"logs": [
		{
			"address": "0x7e9e431a0B8c4D532C745B1043c7FA29a48D4fBa",
			"blockHash": "0x5a6c76d0356a5da3b5f5a63387adbc68bc09de36cdfd0ea75a5f1a08c1861b1e",
			"blockNumber": 5506223,
			"data": "0x0000000000000000000000000000000000000000000000360c2789aae8740000",
			"logIndex": 115,
			"topics": [
				"0xddf252ad1be2c89b69c2b068fc378daa952ba7f163c4a11628f55a4df523b3ef",
				"0x000000000000000000000000468b858c964f297fd8fce058032bf4b4911a8ad8",
				"0x000000000000000000000000d7461a5233afa88a31aa1c2ebb6a9c33f2a86e58"
			],
			"transactionHash": "0xeaf58e6d1f177b5c71af386c677749e0a01e7c53c2cf27ff42a7e80736ad8883",
			"transactionIndex": 131,
			"transactionLogIndex": "0x0",
			"type": "mined",
			"id": "log_48a371b3"
		}
	],
	"logsBloom": "0x00000000000000000000000000020000000000000000000000000000000000000000000000000000000000000000000000000000000000000000000000000000000000000000010000000008000000000000000000000000000000000020000000000000000000000000000000000000000000000000000000000010000000000000000000000000000000000000000000000000000000000000000000000000000000000000000080000000000000000000008000000000000000010000000000001002000000000000000000000000000000000000000000000000000000000000000000000000000000000000000000004000000000000000000200000000",
	"root": null,
	"status": "0x1",
	"transactionHash": "0xeaf58e6d1f177b5c71af386c677749e0a01e7c53c2cf27ff42a7e80736ad8883",
	"transactionIndex": 131
}
[2018-04-26T01:52:46.287] [DEBUG] trans - TO:   0xcbae1245418901318342feb66613c71a63b2d0be
[2018-04-26T01:52:46.287] [DEBUG] trans - AMOUNT:   996903500000000000000
[2018-04-26T01:52:46.287] [DEBUG] trans - Receipt info:  {
	"blockHash": "0x5a6c76d0356a5da3b5f5a63387adbc68bc09de36cdfd0ea75a5f1a08c1861b1e",
	"blockNumber": 5506223,
	"contractAddress": null,
	"cumulativeGasUsed": 6725101,
	"gasUsed": 51653,
	"logs": [
		{
			"address": "0x7e9e431a0B8c4D532C745B1043c7FA29a48D4fBa",
			"blockHash": "0x5a6c76d0356a5da3b5f5a63387adbc68bc09de36cdfd0ea75a5f1a08c1861b1e",
			"blockNumber": 5506223,
			"data": "0x0000000000000000000000000000000000000000000000360ad0b36dcba0c000",
			"logIndex": 121,
			"topics": [
				"0xddf252ad1be2c89b69c2b068fc378daa952ba7f163c4a11628f55a4df523b3ef",
				"0x000000000000000000000000468b858c964f297fd8fce058032bf4b4911a8ad8",
				"0x000000000000000000000000cbae1245418901318342feb66613c71a63b2d0be"
			],
			"transactionHash": "0xb94aef681f82e7ed2963ffc918671fc9c96d999a0d708b81719280c1089d8f7c",
			"transactionIndex": 137,
			"transactionLogIndex": "0x0",
			"type": "mined",
			"id": "log_7ca8ed56"
		}
	],
	"logsBloom": "0x00000000000000000000000000020000000000000000000000000080000000000000000000000000000000000000000000000000000000000000000000000000000000000000010000000008000000000000000000000000000000000020000000000000000000000000000000000000000000000000000010000010000000000000000000000000000000000000000000000000000000000000000000000000000000000000000080000000000000000000000000000000000000010080000000001002000000000000000000000000000000000000000000000000000000000000000000000000000000000000000000000000000000000000000000000000",
	"root": null,
	"status": "0x1",
	"transactionHash": "0xb94aef681f82e7ed2963ffc918671fc9c96d999a0d708b81719280c1089d8f7c",
	"transactionIndex": 137
}
[2018-04-26T01:52:46.287] [DEBUG] trans - TO:   0x3281cb48b1ce9e4521dcbdcdd91f925cc25d6a4c
[2018-04-26T01:52:46.287] [DEBUG] trans - AMOUNT:   996800000000000000000
[2018-04-26T01:52:46.287] [DEBUG] trans - Receipt info:  {
	"blockHash": "0x5a6c76d0356a5da3b5f5a63387adbc68bc09de36cdfd0ea75a5f1a08c1861b1e",
	"blockNumber": 5506223,
	"contractAddress": null,
	"cumulativeGasUsed": 6828279,
	"gasUsed": 51589,
	"logs": [
		{
			"address": "0x7e9e431a0B8c4D532C745B1043c7FA29a48D4fBa",
			"blockHash": "0x5a6c76d0356a5da3b5f5a63387adbc68bc09de36cdfd0ea75a5f1a08c1861b1e",
			"blockNumber": 5506223,
			"data": "0x0000000000000000000000000000000000000000000000360960feba2d600000",
			"logIndex": 123,
			"topics": [
				"0xddf252ad1be2c89b69c2b068fc378daa952ba7f163c4a11628f55a4df523b3ef",
				"0x000000000000000000000000468b858c964f297fd8fce058032bf4b4911a8ad8",
				"0x0000000000000000000000003281cb48b1ce9e4521dcbdcdd91f925cc25d6a4c"
			],
			"transactionHash": "0x5f7dce1a956af84414738fc17ba73e72f3b049184158f9ed4413e9e1bd5e98d1",
			"transactionIndex": 139,
			"transactionLogIndex": "0x0",
			"type": "mined",
			"id": "log_ce8f9ee8"
		}
	],
	"logsBloom": "0x00000000000000000000000000020000000000000000000000000000000000000080000000000000000000000000000000000000000000000000000000000000000000000000010000000008000000001000000000000000000000000020000000000000000000000000000000000000000000000000000000000010000000000000000000000000000000000000000000000000000000000000000000000000000000000000000080000000000000000000000000002000000000010000000000001002000000000000000000000000000000000000000000000000000000000000000000000000000000000000000000000000000000000000000000000000",
	"root": null,
	"status": "0x1",
	"transactionHash": "0x5f7dce1a956af84414738fc17ba73e72f3b049184158f9ed4413e9e1bd5e98d1",
	"transactionIndex": 139
}
[2018-04-26T01:52:46.287] [DEBUG] trans - TO:   0xd9f1819b82ad0dc8995e78d73b1a04c48aaae85f
[2018-04-26T01:52:46.287] [DEBUG] trans - AMOUNT:   997000000000000000000
[2018-04-26T01:52:46.287] [DEBUG] trans - Receipt info:  {
	"blockHash": "0x5a6c76d0356a5da3b5f5a63387adbc68bc09de36cdfd0ea75a5f1a08c1861b1e",
	"blockNumber": 5506223,
	"contractAddress": null,
	"cumulativeGasUsed": 6518617,
	"gasUsed": 51589,
	"logs": [
		{
			"address": "0x7e9e431a0B8c4D532C745B1043c7FA29a48D4fBa",
			"blockHash": "0x5a6c76d0356a5da3b5f5a63387adbc68bc09de36cdfd0ea75a5f1a08c1861b1e",
			"blockNumber": 5506223,
			"data": "0x0000000000000000000000000000000000000000000000360c2789aae8740000",
			"logIndex": 117,
			"topics": [
				"0xddf252ad1be2c89b69c2b068fc378daa952ba7f163c4a11628f55a4df523b3ef",
				"0x000000000000000000000000468b858c964f297fd8fce058032bf4b4911a8ad8",
				"0x000000000000000000000000d9f1819b82ad0dc8995e78d73b1a04c48aaae85f"
			],
			"transactionHash": "0x0c70f30b2d7c27a580fd0690fe84a5e61d93b1830040d798c75417d690ac5bce",
			"transactionIndex": 133,
			"transactionLogIndex": "0x0",
			"type": "mined",
			"id": "log_3fef7c1f"
		}
	],
	"logsBloom": "0x00000000000000000000000000020000000000000000000000000000000000000000000000020000000000000000000000000000000000000000008000000000000000000000010000000008000000000000000000000000000000000020000000000000000000000000000000000000000000000000000000000010000000000000000000000000000000000000000000000000000000000000000000000000000000000000000080000000000000000000000000000000000000010000000000001002020000000000000000000000000000000000000000000000000000000000000000000000000000000000000000000000000000000000000000000000",
	"root": null,
	"status": "0x1",
	"transactionHash": "0x0c70f30b2d7c27a580fd0690fe84a5e61d93b1830040d798c75417d690ac5bce",
	"transactionIndex": 133
}
[2018-04-26T01:52:46.288] [DEBUG] trans - TO:   0x8365f31488bbd55583c57df965be3d00041a61b8
[2018-04-26T01:52:46.288] [DEBUG] trans - AMOUNT:   997140700000000000000
[2018-04-26T01:52:46.288] [DEBUG] trans - Receipt info:  {
	"blockHash": "0x5a6c76d0356a5da3b5f5a63387adbc68bc09de36cdfd0ea75a5f1a08c1861b1e",
	"blockNumber": 5506223,
	"contractAddress": null,
	"cumulativeGasUsed": 4763887,
	"gasUsed": 51589,
	"logs": [
		{
			"address": "0x7e9e431a0B8c4D532C745B1043c7FA29a48D4fBa",
			"blockHash": "0x5a6c76d0356a5da3b5f5a63387adbc68bc09de36cdfd0ea75a5f1a08c1861b1e",
			"blockNumber": 5506223,
			"data": "0x0000000000000000000000000000000000000000000000360e1b67927859c000",
			"logIndex": 83,
			"topics": [
				"0xddf252ad1be2c89b69c2b068fc378daa952ba7f163c4a11628f55a4df523b3ef",
				"0x000000000000000000000000468b858c964f297fd8fce058032bf4b4911a8ad8",
				"0x0000000000000000000000008365f31488bbd55583c57df965be3d00041a61b8"
			],
			"transactionHash": "0xe194b5a0d5c9c7ca0755df0f0aee2952d9f2a8788ac038e898919981fdbf2dbd",
			"transactionIndex": 99,
			"transactionLogIndex": "0x0",
			"type": "mined",
			"id": "log_e0b2337f"
		}
	],
	"logsBloom": "0x00000002000000000000000000020000000000000000000000000000000040000000000000000000000000000000000000000000000000000000000000000000000000000000010000000008000000000000000000000000000800000020000000000000000000000000000000000000000000000000000000000010000000000000000000000000000000000000000000000000000000000000000000000000000000000000000080000000000000000000000000000000000000010000000000001002000000000000000000000000000000000000000000000000000000000000000000000000000000000000000000000000000000000000000000000000",
	"root": null,
	"status": "0x1",
	"transactionHash": "0xe194b5a0d5c9c7ca0755df0f0aee2952d9f2a8788ac038e898919981fdbf2dbd",
	"transactionIndex": 99
}
[2018-04-26T01:52:46.289] [DEBUG] trans - TO:   0x614cd1bd1970ba48d968192e6698b2182d1a969d
[2018-04-26T01:52:46.289] [DEBUG] trans - AMOUNT:   996909500000000000000
[2018-04-26T01:52:46.289] [DEBUG] trans - Receipt info:  {
	"blockHash": "0x5a6c76d0356a5da3b5f5a63387adbc68bc09de36cdfd0ea75a5f1a08c1861b1e",
	"blockNumber": 5506223,
	"contractAddress": null,
	"cumulativeGasUsed": 6673448,
	"gasUsed": 51653,
	"logs": [
		{
			"address": "0x7e9e431a0B8c4D532C745B1043c7FA29a48D4fBa",
			"blockHash": "0x5a6c76d0356a5da3b5f5a63387adbc68bc09de36cdfd0ea75a5f1a08c1861b1e",
			"blockNumber": 5506223,
			"data": "0x0000000000000000000000000000000000000000000000360ae60465a847c000",
			"logIndex": 120,
			"topics": [
				"0xddf252ad1be2c89b69c2b068fc378daa952ba7f163c4a11628f55a4df523b3ef",
				"0x000000000000000000000000468b858c964f297fd8fce058032bf4b4911a8ad8",
				"0x000000000000000000000000614cd1bd1970ba48d968192e6698b2182d1a969d"
			],
			"transactionHash": "0x4189bdd187ee72a8fbd911588b5fb16fbcbc654efe023b9bfe51d11ddc9a9ee4",
			"transactionIndex": 136,
			"transactionLogIndex": "0x0",
			"type": "mined",
			"id": "log_44fe58a9"
		}
	],
	"logsBloom": "0x02000000000000000000000000020000000000000000000000000000000000000000000000000000000000000000000000000000000000000000000000000000000000000000010000000008000000000000000000000000000000000020000000000000000000000000000000000000000000000000000000000010000400000000000000000000000000000000000000000000000000000000000000000000000000000000000080000000000000000000000000000000000000010000000100001002000000000000000000000000000000000000000000000000000000000000000000000000000000000000000000000000000000000000000000000000",
	"root": null,
	"status": "0x1",
	"transactionHash": "0x4189bdd187ee72a8fbd911588b5fb16fbcbc654efe023b9bfe51d11ddc9a9ee4",
	"transactionIndex": 136
}
[2018-04-26T01:52:46.290] [DEBUG] trans - TO:   0x27542ad69d2805fd68aa56e053993dcd77a79291
[2018-04-26T01:52:46.290] [DEBUG] trans - AMOUNT:   996900000000000000000
[2018-04-26T01:52:46.290] [DEBUG] trans - Receipt info:  {
	"blockHash": "0x5a6c76d0356a5da3b5f5a63387adbc68bc09de36cdfd0ea75a5f1a08c1861b1e",
	"blockNumber": 5506223,
	"contractAddress": null,
	"cumulativeGasUsed": 6776690,
	"gasUsed": 51589,
	"logs": [
		{
			"address": "0x7e9e431a0B8c4D532C745B1043c7FA29a48D4fBa",
			"blockHash": "0x5a6c76d0356a5da3b5f5a63387adbc68bc09de36cdfd0ea75a5f1a08c1861b1e",
			"blockNumber": 5506223,
			"data": "0x0000000000000000000000000000000000000000000000360ac444328aea0000",
			"logIndex": 122,
			"topics": [
				"0xddf252ad1be2c89b69c2b068fc378daa952ba7f163c4a11628f55a4df523b3ef",
				"0x000000000000000000000000468b858c964f297fd8fce058032bf4b4911a8ad8",
				"0x00000000000000000000000027542ad69d2805fd68aa56e053993dcd77a79291"
			],
			"transactionHash": "0xe018dd6ab067344f0ee2003c58f80662aa45960d876dcc5b5a6027d09c309fb8",
			"transactionIndex": 138,
			"transactionLogIndex": "0x0",
			"type": "mined",
			"id": "log_1b0c818a"
		}
	],
	"logsBloom": "0x00000000000000000000000000020000000000000000000000000020000000000000000000000000000000000000000000000000000000000000000000000000000000000000010000000008000000000100000000000000000000000020000000000000000000000000000000000000000000000000000000000010000000000000000000000000000000000000000000000000000000000000000000000000000000000000000080000000000000000000000000000000000000010400000000001002000000000000000000000000000000000000000000000000000000000000000000000000000000000000000000000000000000000000000000000000",
	"root": null,
	"status": "0x1",
	"transactionHash": "0xe018dd6ab067344f0ee2003c58f80662aa45960d876dcc5b5a6027d09c309fb8",
	"transactionIndex": 138
}
[2018-04-26T01:52:46.291] [DEBUG] trans - TO:   0xe70c28afffc925316172793f09ebc01ed2d3c03e
[2018-04-26T01:52:46.292] [DEBUG] trans - AMOUNT:   997000000000000000000
[2018-04-26T01:52:46.292] [DEBUG] trans - Receipt info:  {
	"blockHash": "0x5a6c76d0356a5da3b5f5a63387adbc68bc09de36cdfd0ea75a5f1a08c1861b1e",
	"blockNumber": 5506223,
	"contractAddress": null,
	"cumulativeGasUsed": 6621795,
	"gasUsed": 51589,
	"logs": [
		{
			"address": "0x7e9e431a0B8c4D532C745B1043c7FA29a48D4fBa",
			"blockHash": "0x5a6c76d0356a5da3b5f5a63387adbc68bc09de36cdfd0ea75a5f1a08c1861b1e",
			"blockNumber": 5506223,
			"data": "0x0000000000000000000000000000000000000000000000360c2789aae8740000",
			"logIndex": 119,
			"topics": [
				"0xddf252ad1be2c89b69c2b068fc378daa952ba7f163c4a11628f55a4df523b3ef",
				"0x000000000000000000000000468b858c964f297fd8fce058032bf4b4911a8ad8",
				"0x000000000000000000000000e70c28afffc925316172793f09ebc01ed2d3c03e"
			],
			"transactionHash": "0x75579e4c2efc3e7d72c1a021d3059aa46f714f2a31e935da63715c84c5a9e4ed",
			"transactionIndex": 135,
			"transactionLogIndex": "0x0",
			"type": "mined",
			"id": "log_596ca8df"
		}
	],
	"logsBloom": "0x00000000000000000000000000020000000000000000000000000000000000000000000000000000000000000000000000000000000000000000000000000000000000000000010000000008000000000000000000000000000000000020000000009000000000000000000000000000000000000000000000000010000000000000400000000000000000000000000000000000000000000000000000000000000000000000000080000000000000000000000000000000000000010000000000001002000000000000000000000000000000000000000000000000000000000000000000000000000000000000000000000000000000000000000000000000",
	"root": null,
	"status": "0x1",
	"transactionHash": "0x75579e4c2efc3e7d72c1a021d3059aa46f714f2a31e935da63715c84c5a9e4ed",
	"transactionIndex": 135
}
[2018-04-26T01:52:46.292] [DEBUG] trans - TO:   0x6f6fe15a32626134b59eac80451bb51681e8863d
[2018-04-26T01:52:46.292] [DEBUG] trans - AMOUNT:   996800000000000000000
[2018-04-26T01:52:46.292] [DEBUG] trans - Receipt info:  {
	"blockHash": "0x5a6c76d0356a5da3b5f5a63387adbc68bc09de36cdfd0ea75a5f1a08c1861b1e",
	"blockNumber": 5506223,
	"contractAddress": null,
	"cumulativeGasUsed": 6879868,
	"gasUsed": 51589,
	"logs": [
		{
			"address": "0x7e9e431a0B8c4D532C745B1043c7FA29a48D4fBa",
			"blockHash": "0x5a6c76d0356a5da3b5f5a63387adbc68bc09de36cdfd0ea75a5f1a08c1861b1e",
			"blockNumber": 5506223,
			"data": "0x0000000000000000000000000000000000000000000000360960feba2d600000",
			"logIndex": 124,
			"topics": [
				"0xddf252ad1be2c89b69c2b068fc378daa952ba7f163c4a11628f55a4df523b3ef",
				"0x000000000000000000000000468b858c964f297fd8fce058032bf4b4911a8ad8",
				"0x0000000000000000000000006f6fe15a32626134b59eac80451bb51681e8863d"
			],
			"transactionHash": "0xfcab7bfa613339a2adb9a326d510f82a2b66f876850ad62e4564f9577d36d41d",
			"transactionIndex": 140,
			"transactionLogIndex": "0x0",
			"type": "mined",
			"id": "log_464fe871"
		}
	],
	"logsBloom": "0x00000000000000000000000000020000000000000000000000000000000000000000000000000000000000000000000000000000000000000000000000000000000000000000010000000008000000000000000000000000000000000020000000000000000000000000000000000000000000000000000000000010000000000000000000000000000000000000000000000000000000000000000000000000000000000000000084800000000000000000000000000000000002010000000000001002000000000000000000000000000000000000000000000000000000000000000000000000000000000000000000000000000000000000000000000000",
	"root": null,
	"status": "0x1",
	"transactionHash": "0xfcab7bfa613339a2adb9a326d510f82a2b66f876850ad62e4564f9577d36d41d",
	"transactionIndex": 140
}
