[2018-04-27T23:39:49.257] [DEBUG] trans - TO:   0xf40ea953bf8a5aae324f645b61e5df48d9f9600d
[2018-04-27T23:39:49.258] [DEBUG] trans - AMOUNT:   1492442700000000000000
[2018-04-27T23:39:49.258] [DEBUG] trans - Receipt info:  {
	"blockHash": "0x28de99cd50fa1d107cfb1463ef55ffaef31b8e9c0632b6069d8d0cc4599dcfd5",
	"blockNumber": 5517260,
	"contractAddress": null,
	"cumulativeGasUsed": 2277766,
	"gasUsed": 51653,
	"logs": [
		{
			"address": "0x7e9e431a0B8c4D532C745B1043c7FA29a48D4fBa",
			"blockHash": "0x28de99cd50fa1d107cfb1463ef55ffaef31b8e9c0632b6069d8d0cc4599dcfd5",
			"blockNumber": 5517260,
			"data": "0x000000000000000000000000000000000000000000000050e7cd985984e0c000",
			"logIndex": 27,
			"topics": [
				"0xddf252ad1be2c89b69c2b068fc378daa952ba7f163c4a11628f55a4df523b3ef",
				"0x000000000000000000000000468b858c964f297fd8fce058032bf4b4911a8ad8",
				"0x000000000000000000000000f40ea953bf8a5aae324f645b61e5df48d9f9600d"
			],
			"transactionHash": "0xedf292113efe04d6ce8a5138f7955976029dc97b1b92b90d701fe87c889692e2",
			"transactionIndex": 51,
			"transactionLogIndex": "0x0",
			"type": "mined",
			"id": "log_973c1613"
		}
	],
	"logsBloom": "0x00000000000000000000000000020000000000000000000000000000000000000000000000000000000000000000000000000000000000000000000000000000000000000000410000000008000000000000000000000000000000000020000000000000000000000000000000000000000000000000000000000010000000000000000000000000000000000000000000000000000000000000000000000000000000000000000080000001000000000000000000000000000000010000000000001002000000000000000000000000000000000000000000000000000800000000000000000000000000000000000000000000000000000000000000000000",
	"root": null,
	"status": "0x1",
	"transactionHash": "0xedf292113efe04d6ce8a5138f7955976029dc97b1b92b90d701fe87c889692e2",
	"transactionIndex": 51
}
[2018-04-27T23:40:05.271] [DEBUG] trans - TO:   0x9eba157c9419a44c139595b4e345f1d03f6ec4a4
[2018-04-27T23:40:05.271] [DEBUG] trans - AMOUNT:   1492439100000000000000
[2018-04-27T23:40:05.271] [DEBUG] trans - Receipt info:  {
	"blockHash": "0x2f92f3195a96d0dcd05dda47bfbef55bb1ca684b1db3bd9844ffa6de77eb1bb2",
	"blockNumber": 5517261,
	"contractAddress": null,
	"cumulativeGasUsed": 1114876,
	"gasUsed": 51653,
	"logs": [
		{
			"address": "0x7e9e431a0B8c4D532C745B1043c7FA29a48D4fBa",
			"blockHash": "0x2f92f3195a96d0dcd05dda47bfbef55bb1ca684b1db3bd9844ffa6de77eb1bb2",
			"blockNumber": 5517261,
			"data": "0x000000000000000000000000000000000000000000000050e7c0ce2b33afc000",
			"logIndex": 14,
			"topics": [
				"0xddf252ad1be2c89b69c2b068fc378daa952ba7f163c4a11628f55a4df523b3ef",
				"0x000000000000000000000000468b858c964f297fd8fce058032bf4b4911a8ad8",
				"0x0000000000000000000000009eba157c9419a44c139595b4e345f1d03f6ec4a4"
			],
			"transactionHash": "0xd955ddc6363d10834c76156fa45c32224a40ed91b2b77340aa2b3fbf444352f1",
			"transactionIndex": 20,
			"transactionLogIndex": "0x0",
			"type": "mined",
			"id": "log_965af883"
		}
	],
	"logsBloom": "0x00000000000000000000000000020000000000000000000000000000000000000000000000000000000000000000000000000000000000000000000000000008000000000000010000000008000000000000002000000000000000000020000000000000000000000000000000000000000000000000000000000010000000000000000000000000000000000000000000000000000000000000000000000000000000000000000080000000000000000000000000000000020000010000000000001002000000000000000000000000000000000000000000000000000000000000000000000000000000000000000000000000000000000000000000000000",
	"root": null,
	"status": "0x1",
	"transactionHash": "0xd955ddc6363d10834c76156fa45c32224a40ed91b2b77340aa2b3fbf444352f1",
	"transactionIndex": 20
}
[2018-04-27T23:40:05.273] [DEBUG] trans - TO:   0x231159164a78245df32d1a4d512047daaab7247a
[2018-04-27T23:40:05.273] [DEBUG] trans - AMOUNT:   1491500000000000000000
[2018-04-27T23:40:05.273] [DEBUG] trans - Receipt info:  {
	"blockHash": "0x2f92f3195a96d0dcd05dda47bfbef55bb1ca684b1db3bd9844ffa6de77eb1bb2",
	"blockNumber": 5517261,
	"contractAddress": null,
	"cumulativeGasUsed": 5630135,
	"gasUsed": 51589,
	"logs": [
		{
			"address": "0x7e9e431a0B8c4D532C745B1043c7FA29a48D4fBa",
			"blockHash": "0x2f92f3195a96d0dcd05dda47bfbef55bb1ca684b1db3bd9844ffa6de77eb1bb2",
			"blockNumber": 5517261,
			"data": "0x000000000000000000000000000000000000000000000050dab873b1bf1e0000",
			"logIndex": 82,
			"topics": [
				"0xddf252ad1be2c89b69c2b068fc378daa952ba7f163c4a11628f55a4df523b3ef",
				"0x000000000000000000000000468b858c964f297fd8fce058032bf4b4911a8ad8",
				"0x000000000000000000000000231159164a78245df32d1a4d512047daaab7247a"
			],
			"transactionHash": "0x9a8ec0a6ac985cf7faffa739b8c8255644cbe086f9e249f75e37f37ea7a7cc87",
			"transactionIndex": 119,
			"transactionLogIndex": "0x0",
			"type": "mined",
			"id": "log_e2eb131d"
		}
	],
	"logsBloom": "0x00000000400000000000000000020000000000000004000000000000000000000000000000000000000000000000000000000000000000000000000000000000000000000000010000000008000000000000000000000000000000000020000000000000000000000000000000000000000000000000000000000010000000000000000000000000000010000000000000000000000000000000000000000000000000000000000080000000000000000000000000000000000000010000000000001002000000000000000000000000000000000000000000000000000000000000000000000000000000000000000000000000000000000000000000000000",
	"root": null,
	"status": "0x1",
	"transactionHash": "0x9a8ec0a6ac985cf7faffa739b8c8255644cbe086f9e249f75e37f37ea7a7cc87",
	"transactionIndex": 119
}
[2018-04-27T23:40:05.274] [DEBUG] trans - TO:   0xb52a5421727ea0699c11e447351302df9ceae09f
[2018-04-27T23:40:05.274] [DEBUG] trans - AMOUNT:   1492248500000000000000
[2018-04-27T23:40:05.274] [DEBUG] trans - Receipt info:  {
	"blockHash": "0x2f92f3195a96d0dcd05dda47bfbef55bb1ca684b1db3bd9844ffa6de77eb1bb2",
	"blockNumber": 5517261,
	"contractAddress": null,
	"cumulativeGasUsed": 4863996,
	"gasUsed": 51653,
	"logs": [
		{
			"address": "0x7e9e431a0B8c4D532C745B1043c7FA29a48D4fBa",
			"blockHash": "0x2f92f3195a96d0dcd05dda47bfbef55bb1ca684b1db3bd9844ffa6de77eb1bb2",
			"blockNumber": 5517261,
			"data": "0x000000000000000000000000000000000000000000000050e51ba87a857f4000",
			"logIndex": 71,
			"topics": [
				"0xddf252ad1be2c89b69c2b068fc378daa952ba7f163c4a11628f55a4df523b3ef",
				"0x000000000000000000000000468b858c964f297fd8fce058032bf4b4911a8ad8",
				"0x000000000000000000000000b52a5421727ea0699c11e447351302df9ceae09f"
			],
			"transactionHash": "0xaeaad17c6f281fe95e24b23eadec84cd44e60f21563da129c22d2562acc98e3b",
			"transactionIndex": 101,
			"transactionLogIndex": "0x0",
			"type": "mined",
			"id": "log_e5876b00"
		}
	],
	"logsBloom": "0x00000000000000000000000000020000000000000000000000000000000000000000000000000000000000000000000002000000000000000000000000000000000000000000010000000008000000000000000000000000000000000020000000200000000000000000000000000000000000000000000000000010000000000000000000000000000000000000000000000000000000000000000000000000000000000000000080000000000000000000000000000000000000010000000000001002000000000000000000000000000000000000000000000000000000000000000000000000000000000000000000400000000000000000000000000000",
	"root": null,
	"status": "0x1",
	"transactionHash": "0xaeaad17c6f281fe95e24b23eadec84cd44e60f21563da129c22d2562acc98e3b",
	"transactionIndex": 101
}
[2018-04-27T23:40:05.274] [DEBUG] trans - TO:   0x6f359ff319a12db35fc75de074c1d78ffed71567
[2018-04-27T23:40:05.274] [DEBUG] trans - AMOUNT:   1491564200000000000000
[2018-04-27T23:40:05.274] [DEBUG] trans - Receipt info:  {
	"blockHash": "0x2f92f3195a96d0dcd05dda47bfbef55bb1ca684b1db3bd9844ffa6de77eb1bb2",
	"blockNumber": 5517261,
	"contractAddress": null,
	"cumulativeGasUsed": 5539034,
	"gasUsed": 51653,
	"logs": [
		{
			"address": "0x7e9e431a0B8c4D532C745B1043c7FA29a48D4fBa",
			"blockHash": "0x2f92f3195a96d0dcd05dda47bfbef55bb1ca684b1db3bd9844ffa6de77eb1bb2",
			"blockNumber": 5517261,
			"data": "0x000000000000000000000000000000000000000000000050db9c894111b28000",
			"logIndex": 79,
			"topics": [
				"0xddf252ad1be2c89b69c2b068fc378daa952ba7f163c4a11628f55a4df523b3ef",
				"0x000000000000000000000000468b858c964f297fd8fce058032bf4b4911a8ad8",
				"0x0000000000000000000000006f359ff319a12db35fc75de074c1d78ffed71567"
			],
			"transactionHash": "0x08a985e90def5e023b0fd571e05f3934cacbf8318adfd6f0ab1e288a2e64231d",
			"transactionIndex": 117,
			"transactionLogIndex": "0x0",
			"type": "mined",
			"id": "log_93f9d49d"
		}
	],
	"logsBloom": "0x00000000000000000000000000020000000000000000000000000000000000000000000000000000000000000000000000000000000000000000000000000000000000100000010000000008000000000000000000000000000000000020000000000000000000000000000000000000000000000000000000000010000000000000000000000000000000000000000080000000000000000000000000000000000000000000000080000000000000000000000000000000000000010000000000001002000000000000000000000000000000000000000000000000000000000000000000000000000000000000000000000000000000000008000000000000",
	"root": null,
	"status": "0x1",
	"transactionHash": "0x08a985e90def5e023b0fd571e05f3934cacbf8318adfd6f0ab1e288a2e64231d",
	"transactionIndex": 117
}
[2018-04-27T23:40:05.275] [DEBUG] trans - TO:   0xa1d6ccbdb3b52cc3865539c66d69563b054a42bb
[2018-04-27T23:40:05.275] [DEBUG] trans - AMOUNT:   1492000000000000000000
[2018-04-27T23:40:05.275] [DEBUG] trans - Receipt info:  {
	"blockHash": "0x2f92f3195a96d0dcd05dda47bfbef55bb1ca684b1db3bd9844ffa6de77eb1bb2",
	"blockNumber": 5517261,
	"contractAddress": null,
	"cumulativeGasUsed": 5248422,
	"gasUsed": 51589,
	"logs": [
		{
			"address": "0x7e9e431a0B8c4D532C745B1043c7FA29a48D4fBa",
			"blockHash": "0x2f92f3195a96d0dcd05dda47bfbef55bb1ca684b1db3bd9844ffa6de77eb1bb2",
			"blockNumber": 5517261,
			"data": "0x000000000000000000000000000000000000000000000050e1a8cf0b92d00000",
			"logIndex": 75,
			"topics": [
				"0xddf252ad1be2c89b69c2b068fc378daa952ba7f163c4a11628f55a4df523b3ef",
				"0x000000000000000000000000468b858c964f297fd8fce058032bf4b4911a8ad8",
				"0x000000000000000000000000a1d6ccbdb3b52cc3865539c66d69563b054a42bb"
			],
			"transactionHash": "0xc3f11e3bcb6f44506ab30174c03630ecaed982bddfa301bc8ef37761094aa3dc",
			"transactionIndex": 109,
			"transactionLogIndex": "0x0",
			"type": "mined",
			"id": "log_0250edce"
		}
	],
	"logsBloom": "0x00004000000000000000000000020000000000000000000000000000000000000000000000000000000001000000000000000000000000000000000000000000000000000000010000000008000000000000000000000000000000000020000000000000000000000000000000000000000000000000000000000010000000000000000000000000000000000000000000000000000000000000000000000000040000000000000080000000000000000000000000000000000000010000000000001002000000000000000000000000000000000000000000000000000000000000000000000000000000000000000000000000000000000000000000000000",
	"root": null,
	"status": "0x1",
	"transactionHash": "0xc3f11e3bcb6f44506ab30174c03630ecaed982bddfa301bc8ef37761094aa3dc",
	"transactionIndex": 109
}
[2018-04-27T23:40:05.276] [DEBUG] trans - TO:   0x49cacc5927b307de87fcccf52a724e217679432b
[2018-04-27T23:40:05.276] [DEBUG] trans - AMOUNT:   1491624200000000000000
[2018-04-27T23:40:05.276] [DEBUG] trans - Receipt info:  {
	"blockHash": "0x2f92f3195a96d0dcd05dda47bfbef55bb1ca684b1db3bd9844ffa6de77eb1bb2",
	"blockNumber": 5517261,
	"contractAddress": null,
	"cumulativeGasUsed": 5466381,
	"gasUsed": 51653,
	"logs": [
		{
			"address": "0x7e9e431a0B8c4D532C745B1043c7FA29a48D4fBa",
			"blockHash": "0x2f92f3195a96d0dcd05dda47bfbef55bb1ca684b1db3bd9844ffa6de77eb1bb2",
			"blockNumber": 5517261,
			"data": "0x000000000000000000000000000000000000000000000050dc71b2efb0388000",
			"logIndex": 78,
			"topics": [
				"0xddf252ad1be2c89b69c2b068fc378daa952ba7f163c4a11628f55a4df523b3ef",
				"0x000000000000000000000000468b858c964f297fd8fce058032bf4b4911a8ad8",
				"0x00000000000000000000000049cacc5927b307de87fcccf52a724e217679432b"
			],
			"transactionHash": "0xbce47c7e60285553e9dbf4d061b50e00fb73a4f69966df566eda3baf23a496b0",
			"transactionIndex": 115,
			"transactionLogIndex": "0x0",
			"type": "mined",
			"id": "log_8d86c5a6"
		}
	],
	"logsBloom": "0x00000000000000000000000000020000000000000000000000000000000000000000000000000000000000000000000000000000000000000000000000000000000000000000010000000808000000000000000000000000000000000020000000000000000000000000000000000000000000000000002000000010000000000000000000000000000000000000000000000000000000000000000000000000000000000000000080000000000000000200000000000000000000010000000000001002000000000000000000000000000000000000000000000000000000000000000000000000000000000000000000000000000000000000000000000000",
	"root": null,
	"status": "0x1",
	"transactionHash": "0xbce47c7e60285553e9dbf4d061b50e00fb73a4f69966df566eda3baf23a496b0",
	"transactionIndex": 115
}
[2018-04-27T23:40:05.277] [DEBUG] trans - TO:   0x75dc5315cc6e5facad87857123881f15d5c148d8
[2018-04-27T23:40:05.277] [DEBUG] trans - AMOUNT:   1491887400000000000000
[2018-04-27T23:40:05.277] [DEBUG] trans - Receipt info:  {
	"blockHash": "0x2f92f3195a96d0dcd05dda47bfbef55bb1ca684b1db3bd9844ffa6de77eb1bb2",
	"blockNumber": 5517261,
	"contractAddress": null,
	"cumulativeGasUsed": 5393728,
	"gasUsed": 51653,
	"logs": [
		{
			"address": "0x7e9e431a0B8c4D532C745B1043c7FA29a48D4fBa",
			"blockHash": "0x2f92f3195a96d0dcd05dda47bfbef55bb1ca684b1db3bd9844ffa6de77eb1bb2",
			"blockNumber": 5517261,
			"data": "0x000000000000000000000000000000000000000000000050e018c5f1191a8000",
			"logIndex": 77,
			"topics": [
				"0xddf252ad1be2c89b69c2b068fc378daa952ba7f163c4a11628f55a4df523b3ef",
				"0x000000000000000000000000468b858c964f297fd8fce058032bf4b4911a8ad8",
				"0x00000000000000000000000075dc5315cc6e5facad87857123881f15d5c148d8"
			],
			"transactionHash": "0x88c3dbc204cf9c9086e592686127f18e340611e4b9e196f81a59e3af8b7f9259",
			"transactionIndex": 113,
			"transactionLogIndex": "0x0",
			"type": "mined",
			"id": "log_b6f97f87"
		}
	],
	"logsBloom": "0x00000000000000000000000000020000000000000000000000000000000000000000000000000000000000000000000000000000000000000000000000000000000000000000010000000008000000000000000000000000000000000020000000000000000000000000000000000000000000000000000000000010000000000000000000000000000000000000000000000000000000000000000080000000000000000000000080000000000000000000000000000000000000010000000000001012000000000000000000000000000000080000000000000000000000000000000000000000000000000000000000000000000000000000000000000000",
	"root": null,
	"status": "0x1",
	"transactionHash": "0x88c3dbc204cf9c9086e592686127f18e340611e4b9e196f81a59e3af8b7f9259",
	"transactionIndex": 113
}
[2018-04-27T23:40:05.278] [DEBUG] trans - TO:   0x3646792581e698aabc2138b1f5bbd7770e041818
[2018-04-27T23:40:05.278] [DEBUG] trans - AMOUNT:   1491202400000000000000
[2018-04-27T23:40:05.278] [DEBUG] trans - Receipt info:  {
	"blockHash": "0x2f92f3195a96d0dcd05dda47bfbef55bb1ca684b1db3bd9844ffa6de77eb1bb2",
	"blockNumber": 5517261,
	"contractAddress": null,
	"cumulativeGasUsed": 5702724,
	"gasUsed": 51589,
	"logs": [
		{
			"address": "0x7e9e431a0B8c4D532C745B1043c7FA29a48D4fBa",
			"blockHash": "0x2f92f3195a96d0dcd05dda47bfbef55bb1ca684b1db3bd9844ffa6de77eb1bb2",
			"blockNumber": 5517261,
			"data": "0x000000000000000000000000000000000000000000000050d6972a1231f60000",
			"logIndex": 83,
			"topics": [
				"0xddf252ad1be2c89b69c2b068fc378daa952ba7f163c4a11628f55a4df523b3ef",
				"0x000000000000000000000000468b858c964f297fd8fce058032bf4b4911a8ad8",
				"0x0000000000000000000000003646792581e698aabc2138b1f5bbd7770e041818"
			],
			"transactionHash": "0x33c8e1bbd25a332f487d31d66ccf566cd5f82e9b5015d7198f3babd28d44d84c",
			"transactionIndex": 121,
			"transactionLogIndex": "0x0",
			"type": "mined",
			"id": "log_6bfd4363"
		}
	],
	"logsBloom": "0x00000000000000000000000000020000000000000000000000000000000000000000004000000000000000000000000000000000000000000000000000000000000000000000010000000008000000000000000000000000000000000020000000000000000000000000000000000000000000000000000000000010000000000000000000000000000000000000000000000000000000000000000000000000000000000000000080000000000000000000000000000000000000010000000400001002000010000000000000000000000000000000000000000000000000000000000000000000000000000000000000000000000000000000000000000000",
	"root": null,
	"status": "0x1",
	"transactionHash": "0x33c8e1bbd25a332f487d31d66ccf566cd5f82e9b5015d7198f3babd28d44d84c",
	"transactionIndex": 121
}
[2018-04-27T23:40:05.278] [DEBUG] trans - TO:   0x58078a04030eff54bf975eceb589a6001955baa1
[2018-04-27T23:40:05.278] [DEBUG] trans - AMOUNT:   1491129100000000000000
[2018-04-27T23:40:05.278] [DEBUG] trans - Receipt info:  {
	"blockHash": "0x2f92f3195a96d0dcd05dda47bfbef55bb1ca684b1db3bd9844ffa6de77eb1bb2",
	"blockNumber": 5517261,
	"contractAddress": null,
	"cumulativeGasUsed": 5775313,
	"gasUsed": 51589,
	"logs": [
		{
			"address": "0x7e9e431a0B8c4D532C745B1043c7FA29a48D4fBa",
			"blockHash": "0x2f92f3195a96d0dcd05dda47bfbef55bb1ca684b1db3bd9844ffa6de77eb1bb2",
			"blockNumber": 5517261,
			"data": "0x000000000000000000000000000000000000000000000050d592c01c03ecc000",
			"logIndex": 84,
			"topics": [
				"0xddf252ad1be2c89b69c2b068fc378daa952ba7f163c4a11628f55a4df523b3ef",
				"0x000000000000000000000000468b858c964f297fd8fce058032bf4b4911a8ad8",
				"0x00000000000000000000000058078a04030eff54bf975eceb589a6001955baa1"
			],
			"transactionHash": "0x914c6646213ce1050c394445a925f79d0440115cbbeba974c742e57d4f7c48bf",
			"transactionIndex": 123,
			"transactionLogIndex": "0x0",
			"type": "mined",
			"id": "log_4fced3af"
		}
	],
	"logsBloom": "0x00000000000000000000000000020000000000000000000000000000000000000000000000000000000000000000000000000000000000000000000000000000000000000000010000000008000000000000000002000000000000000020000000000000000000000000000000000000000000000000000000000010000000000000000000000000000000000000000000000000000000000000000000000000000000000000000880000000000000000000000000000000000000010000000000001002000000000000000000000000000000000000000000000000000000000000000000000000000000000000000000000000000000000000000000000000",
	"root": null,
	"status": "0x1",
	"transactionHash": "0x914c6646213ce1050c394445a925f79d0440115cbbeba974c742e57d4f7c48bf",
	"transactionIndex": 123
}
[2018-04-27T23:40:05.279] [DEBUG] trans - TO:   0xa5cbb2f047a41a70463f61a2d468ed2d0ee0de3d
[2018-04-27T23:40:05.279] [DEBUG] trans - AMOUNT:   1491124100000000000000
[2018-04-27T23:40:05.279] [DEBUG] trans - Receipt info:  {
	"blockHash": "0x2f92f3195a96d0dcd05dda47bfbef55bb1ca684b1db3bd9844ffa6de77eb1bb2",
	"blockNumber": 5517261,
	"contractAddress": null,
	"cumulativeGasUsed": 5847966,
	"gasUsed": 51653,
	"logs": [
		{
			"address": "0x7e9e431a0B8c4D532C745B1043c7FA29a48D4fBa",
			"blockHash": "0x2f92f3195a96d0dcd05dda47bfbef55bb1ca684b1db3bd9844ffa6de77eb1bb2",
			"blockNumber": 5517261,
			"data": "0x000000000000000000000000000000000000000000000050d580fca2cc0c4000",
			"logIndex": 85,
			"topics": [
				"0xddf252ad1be2c89b69c2b068fc378daa952ba7f163c4a11628f55a4df523b3ef",
				"0x000000000000000000000000468b858c964f297fd8fce058032bf4b4911a8ad8",
				"0x000000000000000000000000a5cbb2f047a41a70463f61a2d468ed2d0ee0de3d"
			],
			"transactionHash": "0xf9a62db22d25001c088a203e0e43e49d0ad3c7d90fb222c5df9c017288523fc5",
			"transactionIndex": 125,
			"transactionLogIndex": "0x0",
			"type": "mined",
			"id": "log_3e72f4b5"
		}
	],
	"logsBloom": "0x00000000000000000000000000020000000000800000000000000000000000000000000000000000000000000000000000000000000000000000010000000000000000000000010000000008000000000000000000000000000000000020000000000000000000000000000000000000000000000000000000000010008000000000000000000000000000000000000000000000000000000000000000000000000000000000000080000000000000000000000000000000000000010000000000001002000000000000000000000000000000000000000000000000000000000000000000000000000000000000000000000000000000000000000000000000",
	"root": null,
	"status": "0x1",
	"transactionHash": "0xf9a62db22d25001c088a203e0e43e49d0ad3c7d90fb222c5df9c017288523fc5",
	"transactionIndex": 125
}
[2018-04-27T23:40:05.282] [DEBUG] trans - TO:   0x4de99394d28adbbee0b06d80836dd003ae5b3e99
[2018-04-27T23:40:05.282] [DEBUG] trans - AMOUNT:   1490671500000000000000
[2018-04-27T23:40:05.282] [DEBUG] trans - Receipt info:  {
	"blockHash": "0x2f92f3195a96d0dcd05dda47bfbef55bb1ca684b1db3bd9844ffa6de77eb1bb2",
	"blockNumber": 5517261,
	"contractAddress": null,
	"cumulativeGasUsed": 6081565,
	"gasUsed": 51653,
	"logs": [
		{
			"address": "0x7e9e431a0B8c4D532C745B1043c7FA29a48D4fBa",
			"blockHash": "0x2f92f3195a96d0dcd05dda47bfbef55bb1ca684b1db3bd9844ffa6de77eb1bb2",
			"blockNumber": 5517261,
			"data": "0x000000000000000000000000000000000000000000000050cf3907557ab4c000",
			"logIndex": 89,
			"topics": [
				"0xddf252ad1be2c89b69c2b068fc378daa952ba7f163c4a11628f55a4df523b3ef",
				"0x000000000000000000000000468b858c964f297fd8fce058032bf4b4911a8ad8",
				"0x0000000000000000000000004de99394d28adbbee0b06d80836dd003ae5b3e99"
			],
			"transactionHash": "0xb360e5ab39512ca770da3da29d550bb6d18659e41bd07ab7029bb74ae770f6fa",
			"transactionIndex": 131,
			"transactionLogIndex": "0x0",
			"type": "mined",
			"id": "log_72e3f9ec"
		}
	],
	"logsBloom": "0x02000000000000000000000000020000000000000000000000000000000000000000000000000000000000000000000000000000000000000000000000000000000000000000010000000008000000000000000000000000000000000020000000000000000000000000000000000000000000000000000000000010000000000000000000000000000000000000002000000000000000000000000000000000000000000000000080000000000000000000000000000000000000010040000000001002000000000000000000000000000000000000000000000000000000000000000000000000000000000000000000000000000000000000000000000000",
	"root": null,
	"status": "0x1",
	"transactionHash": "0xb360e5ab39512ca770da3da29d550bb6d18659e41bd07ab7029bb74ae770f6fa",
	"transactionIndex": 131
}
[2018-04-27T23:40:05.283] [DEBUG] trans - TO:   0xebc03da1dc1e2eb2a081a832e61aadae73429306
[2018-04-27T23:40:05.283] [DEBUG] trans - AMOUNT:   1491069900000000000000
[2018-04-27T23:40:05.283] [DEBUG] trans - Receipt info:  {
	"blockHash": "0x2f92f3195a96d0dcd05dda47bfbef55bb1ca684b1db3bd9844ffa6de77eb1bb2",
	"blockNumber": 5517261,
	"contractAddress": null,
	"cumulativeGasUsed": 5920670,
	"gasUsed": 51653,
	"logs": [
		{
			"address": "0x7e9e431a0B8c4D532C745B1043c7FA29a48D4fBa",
			"blockHash": "0x2f92f3195a96d0dcd05dda47bfbef55bb1ca684b1db3bd9844ffa6de77eb1bb2",
			"blockNumber": 5517261,
			"data": "0x000000000000000000000000000000000000000000000050d4c06e05e938c000",
			"logIndex": 86,
			"topics": [
				"0xddf252ad1be2c89b69c2b068fc378daa952ba7f163c4a11628f55a4df523b3ef",
				"0x000000000000000000000000468b858c964f297fd8fce058032bf4b4911a8ad8",
				"0x000000000000000000000000ebc03da1dc1e2eb2a081a832e61aadae73429306"
			],
			"transactionHash": "0x2e88bd7bf0459d4b7296a1426ad03c9010defe82677b74b0036cc9f62d59bf4b",
			"transactionIndex": 127,
			"transactionLogIndex": "0x0",
			"type": "mined",
			"id": "log_09dcb734"
		}
	],
	"logsBloom": "0x02000000000000000000000000120000000000000000000000400000000000000000000000000000000000000000000000000000000000000000000000000000000000000000010000000008000000000000000000000000000000000020000000000000000000000000000000000000000000000000000000000010000000000000000000000000000000000000000000000000000000000000000000000000000000000000000080000000000000000000000000000000000000010000000000001002000000000000000000000000000000000000000000000000000000000000000000000000000000000000000000000000000000000000000000000000",
	"root": null,
	"status": "0x1",
	"transactionHash": "0x2e88bd7bf0459d4b7296a1426ad03c9010defe82677b74b0036cc9f62d59bf4b",
	"transactionIndex": 127
}
[2018-04-27T23:40:05.283] [DEBUG] trans - TO:   0xbd186f40382f3e44dec2e63d5a234367865b8cfa
[2018-04-27T23:40:05.283] [DEBUG] trans - AMOUNT:   1490940300000000000000
[2018-04-27T23:40:05.283] [DEBUG] trans - Receipt info:  {
	"blockHash": "0x2f92f3195a96d0dcd05dda47bfbef55bb1ca684b1db3bd9844ffa6de77eb1bb2",
	"blockNumber": 5517261,
	"contractAddress": null,
	"cumulativeGasUsed": 6029912,
	"gasUsed": 36653,
	"logs": [
		{
			"address": "0x7e9e431a0B8c4D532C745B1043c7FA29a48D4fBa",
			"blockHash": "0x2f92f3195a96d0dcd05dda47bfbef55bb1ca684b1db3bd9844ffa6de77eb1bb2",
			"blockNumber": 5517261,
			"data": "0x000000000000000000000000000000000000000000000050d2f3ff827e54c000",
			"logIndex": 88,
			"topics": [
				"0xddf252ad1be2c89b69c2b068fc378daa952ba7f163c4a11628f55a4df523b3ef",
				"0x000000000000000000000000468b858c964f297fd8fce058032bf4b4911a8ad8",
				"0x000000000000000000000000bd186f40382f3e44dec2e63d5a234367865b8cfa"
			],
			"transactionHash": "0xdfb2d59a5e43857b381fd7341d86fe7aee244917b9eb4c2cb6727a93b492a2af",
			"transactionIndex": 130,
			"transactionLogIndex": "0x0",
			"type": "mined",
			"id": "log_10cc9c02"
		}
	],
	"logsBloom": "0x00000000000000000000000000020000000000000000000000000000000000000000000000000000000000000000000000000000000000000000000000000000000000000000010000000008000000000000200000000000000000000020000000800000000000000000000000000000000000000000000000000010000000000000000000000000000000000000000000000000000000000000000000000000000000000000000080000800000000000000000000000000000000010000000000001002000000000000000000000000000000000000000000000000000000000000000000000000000000000000000000000000000000000000000000000000",
	"root": null,
	"status": "0x1",
	"transactionHash": "0xdfb2d59a5e43857b381fd7341d86fe7aee244917b9eb4c2cb6727a93b492a2af",
	"transactionIndex": 130
}
[2018-04-27T23:40:05.284] [DEBUG] trans - TO:   0x3bfd6341101d9b040844b36d1cd84ec6a5b9cdbe
[2018-04-27T23:40:05.284] [DEBUG] trans - AMOUNT:   1491000000000000000000
[2018-04-27T23:40:05.284] [DEBUG] trans - Receipt info:  {
	"blockHash": "0x2f92f3195a96d0dcd05dda47bfbef55bb1ca684b1db3bd9844ffa6de77eb1bb2",
	"blockNumber": 5517261,
	"contractAddress": null,
	"cumulativeGasUsed": 5993259,
	"gasUsed": 51589,
	"logs": [
		{
			"address": "0x7e9e431a0B8c4D532C745B1043c7FA29a48D4fBa",
			"blockHash": "0x2f92f3195a96d0dcd05dda47bfbef55bb1ca684b1db3bd9844ffa6de77eb1bb2",
			"blockNumber": 5517261,
			"data": "0x000000000000000000000000000000000000000000000050d3c81857eb6c0000",
			"logIndex": 87,
			"topics": [
				"0xddf252ad1be2c89b69c2b068fc378daa952ba7f163c4a11628f55a4df523b3ef",
				"0x000000000000000000000000468b858c964f297fd8fce058032bf4b4911a8ad8",
				"0x0000000000000000000000003bfd6341101d9b040844b36d1cd84ec6a5b9cdbe"
			],
			"transactionHash": "0x0c1e820552cedc994782d7ac714f860436b58e91f82a4d5140cdf6c31bda83a3",
			"transactionIndex": 129,
			"transactionLogIndex": "0x0",
			"type": "mined",
			"id": "log_0a0d05dd"
		}
	],
	"logsBloom": "0x00000000000000000000000000020000000000008000000000000000000000000000000000000000000000000000000000000000000000000000000000000000000000000000010000000008000000000000000000000000000000000020000000000000000000000000000000000000000000000000000000000010000000000000000000000000000000000000000000000000000800000000000000000000000000000000000080000000000000000000000400000000000000010000000000001002000000000000000000000000000000000000000000000000000000000000000000000000000000000000000000000000000000000000000000000000",
	"root": null,
	"status": "0x1",
	"transactionHash": "0x0c1e820552cedc994782d7ac714f860436b58e91f82a4d5140cdf6c31bda83a3",
	"transactionIndex": 129
}
[2018-04-27T23:40:05.285] [DEBUG] trans - TO:   0x4541a876c5a52def8873bcd39d9d2e51d8dbd289
[2018-04-27T23:40:05.285] [DEBUG] trans - AMOUNT:   1490500000000000000000
[2018-04-27T23:40:05.285] [DEBUG] trans - Receipt info:  {
	"blockHash": "0x2f92f3195a96d0dcd05dda47bfbef55bb1ca684b1db3bd9844ffa6de77eb1bb2",
	"blockNumber": 5517261,
	"contractAddress": null,
	"cumulativeGasUsed": 6133154,
	"gasUsed": 51589,
	"logs": [
		{
			"address": "0x7e9e431a0B8c4D532C745B1043c7FA29a48D4fBa",
			"blockHash": "0x2f92f3195a96d0dcd05dda47bfbef55bb1ca684b1db3bd9844ffa6de77eb1bb2",
			"blockNumber": 5517261,
			"data": "0x000000000000000000000000000000000000000000000050ccd7bcfe17ba0000",
			"logIndex": 90,
			"topics": [
				"0xddf252ad1be2c89b69c2b068fc378daa952ba7f163c4a11628f55a4df523b3ef",
				"0x000000000000000000000000468b858c964f297fd8fce058032bf4b4911a8ad8",
				"0x0000000000000000000000004541a876c5a52def8873bcd39d9d2e51d8dbd289"
			],
			"transactionHash": "0x2daec889c2cc3b72ec6b3a51b65ecab5e19937f8b930810ba5f531431dea2534",
			"transactionIndex": 132,
			"transactionLogIndex": "0x0",
			"type": "mined",
			"id": "log_a020e02a"
		}
	],
	"logsBloom": "0x00000000000000000000000000020000000000000000000000000000000000000000000000000000000000000000000000000000000000000000000000000000000000000000010000000008000000000000000000000000000000000020000000000000000000000000000000000000000000000000000000000010000000000000000000000000000000000000000000000000000000000000000000000000080000000000000080000000000000000000000000000000000000010000000000001002000000000000000000000001000000000000000000000000000000000040000000000000000000000000000000000000000000000000000000000000",
	"root": null,
	"status": "0x1",
	"transactionHash": "0x2daec889c2cc3b72ec6b3a51b65ecab5e19937f8b930810ba5f531431dea2534",
	"transactionIndex": 132
}
[2018-04-27T23:40:05.286] [DEBUG] trans - TO:   0xcc2bf306f2b6c77260d34cde5faead1cb2f793b0
[2018-04-27T23:40:05.286] [DEBUG] trans - AMOUNT:   1490195900000000000000
[2018-04-27T23:40:05.286] [DEBUG] trans - Receipt info:  {
	"blockHash": "0x2f92f3195a96d0dcd05dda47bfbef55bb1ca684b1db3bd9844ffa6de77eb1bb2",
	"blockNumber": 5517261,
	"contractAddress": null,
	"cumulativeGasUsed": 6287985,
	"gasUsed": 51653,
	"logs": [
		{
			"address": "0x7e9e431a0B8c4D532C745B1043c7FA29a48D4fBa",
			"blockHash": "0x2f92f3195a96d0dcd05dda47bfbef55bb1ca684b1db3bd9844ffa6de77eb1bb2",
			"blockNumber": 5517261,
			"data": "0x000000000000000000000000000000000000000000000050c89f5ba75b87c000",
			"logIndex": 93,
			"topics": [
				"0xddf252ad1be2c89b69c2b068fc378daa952ba7f163c4a11628f55a4df523b3ef",
				"0x000000000000000000000000468b858c964f297fd8fce058032bf4b4911a8ad8",
				"0x000000000000000000000000cc2bf306f2b6c77260d34cde5faead1cb2f793b0"
			],
			"transactionHash": "0xb79dbfd57e7f9cef7149c92a56be7212eec103a3e9f412396572dd8b784dad0c",
			"transactionIndex": 135,
			"transactionLogIndex": "0x0",
			"type": "mined",
			"id": "log_a64f48c2"
		}
	],
	"logsBloom": "0x00000000000000000000000000020000000000000000000000000000000000000000000000000000000000000000000000000000000000000000000000000000000000000000010000000008000000000000000000000000000000000020000000000000000000000000000000000000000000000000000000000010000000000000000000000000000000000000000000000000000000000000000000000000000000000000000080200000000000000000000000000000000000010000000000001002000200000000000000000000000000000000000000000000000000000000000000000000000000000000000000000000000010000000000000000000",
	"root": null,
	"status": "0x1",
	"transactionHash": "0xb79dbfd57e7f9cef7149c92a56be7212eec103a3e9f412396572dd8b784dad0c",
	"transactionIndex": 135
}
[2018-04-27T23:40:05.286] [DEBUG] trans - TO:   0x06602306ac694c65ba1d88b37aa4be3f258bc205
[2018-04-27T23:40:05.286] [DEBUG] trans - AMOUNT:   1490499600000000000000
[2018-04-27T23:40:05.286] [DEBUG] trans - Receipt info:  {
	"blockHash": "0x2f92f3195a96d0dcd05dda47bfbef55bb1ca684b1db3bd9844ffa6de77eb1bb2",
	"blockNumber": 5517261,
	"contractAddress": null,
	"cumulativeGasUsed": 6184743,
	"gasUsed": 51589,
	"logs": [
		{
			"address": "0x7e9e431a0B8c4D532C745B1043c7FA29a48D4fBa",
			"blockHash": "0x2f92f3195a96d0dcd05dda47bfbef55bb1ca684b1db3bd9844ffa6de77eb1bb2",
			"blockNumber": 5517261,
			"data": "0x000000000000000000000000000000000000000000000050ccd65131d5d10000",
			"logIndex": 91,
			"topics": [
				"0xddf252ad1be2c89b69c2b068fc378daa952ba7f163c4a11628f55a4df523b3ef",
				"0x000000000000000000000000468b858c964f297fd8fce058032bf4b4911a8ad8",
				"0x00000000000000000000000006602306ac694c65ba1d88b37aa4be3f258bc205"
			],
			"transactionHash": "0x9c0d29ec307ac6d67c779130fcb409797042ca2dbd641f83c7a688ee8872bcea",
			"transactionIndex": 133,
			"transactionLogIndex": "0x0",
			"type": "mined",
			"id": "log_b87f6e1c"
		}
	],
	"logsBloom": "0x00000000000000000000000000020000000000000000000000000000000000000000000000000000000000000010000000000000000000000000000000000000000000000000010000000008000000000001000000000000000000020020000000000000000000000000000000000000000000000000000000000010000000000000000000000000000000000000000000000000000000000000000000000000000000000000000080000000000000000000000000000000000000010000000000001002000000000000000000000000000000000000000000000000000000000000000000000000000000000000000000000000000000000000000000000000",
	"root": null,
	"status": "0x1",
	"transactionHash": "0x9c0d29ec307ac6d67c779130fcb409797042ca2dbd641f83c7a688ee8872bcea",
	"transactionIndex": 133
}
[2018-04-27T23:40:05.287] [DEBUG] trans - TO:   0xb702a28fe0f14a552166ddece0cd482d43cca528
[2018-04-27T23:40:05.288] [DEBUG] trans - AMOUNT:   1490214800000000000000
[2018-04-27T23:40:05.288] [DEBUG] trans - Receipt info:  {
	"blockHash": "0x2f92f3195a96d0dcd05dda47bfbef55bb1ca684b1db3bd9844ffa6de77eb1bb2",
	"blockNumber": 5517261,
	"contractAddress": null,
	"cumulativeGasUsed": 6236332,
	"gasUsed": 51589,
	"logs": [
		{
			"address": "0x7e9e431a0B8c4D532C745B1043c7FA29a48D4fBa",
			"blockHash": "0x2f92f3195a96d0dcd05dda47bfbef55bb1ca684b1db3bd9844ffa6de77eb1bb2",
			"blockNumber": 5517261,
			"data": "0x000000000000000000000000000000000000000000000050c8e2811a85c90000",
			"logIndex": 92,
			"topics": [
				"0xddf252ad1be2c89b69c2b068fc378daa952ba7f163c4a11628f55a4df523b3ef",
				"0x000000000000000000000000468b858c964f297fd8fce058032bf4b4911a8ad8",
				"0x000000000000000000000000b702a28fe0f14a552166ddece0cd482d43cca528"
			],
			"transactionHash": "0x614a9c044f98ef849c221572d2815d8c15a9b84e37cb667ed48f031bf8aec6bf",
			"transactionIndex": 134,
			"transactionLogIndex": "0x0",
			"type": "mined",
			"id": "log_3dcc2b9e"
		}
	],
	"logsBloom": "0x00000000000000000000000000020000000000001000000040000000000000000000000000000000000000000000000000000000000000000000000000000000000000000000010000000008000000000000000020000000000000000020000000000000000000000000000000000000000000000000000000000010000000000000000000000000000000000000000000000000000000000000000000000000000000000000000080000000000000000000000000000000000000010000000000001002000000000000000000000000000000000000000000000000000000000000000000000000000000000000000000000000000000000000000000000000",
	"root": null,
	"status": "0x1",
	"transactionHash": "0x614a9c044f98ef849c221572d2815d8c15a9b84e37cb667ed48f031bf8aec6bf",
	"transactionIndex": 134
}
[2018-04-27T23:40:05.289] [DEBUG] trans - TO:   0x591278adecde129d8d535141d6627fd879d99de0
[2018-04-27T23:40:05.289] [DEBUG] trans - AMOUNT:   1490069800000000000000
[2018-04-27T23:40:05.289] [DEBUG] trans - Receipt info:  {
	"blockHash": "0x2f92f3195a96d0dcd05dda47bfbef55bb1ca684b1db3bd9844ffa6de77eb1bb2",
	"blockNumber": 5517261,
	"contractAddress": null,
	"cumulativeGasUsed": 6339638,
	"gasUsed": 51653,
	"logs": [
		{
			"address": "0x7e9e431a0B8c4D532C745B1043c7FA29a48D4fBa",
			"blockHash": "0x2f92f3195a96d0dcd05dda47bfbef55bb1ca684b1db3bd9844ffa6de77eb1bb2",
			"blockNumber": 5517261,
			"data": "0x000000000000000000000000000000000000000000000050c6df5c5f315a8000",
			"logIndex": 94,
			"topics": [
				"0xddf252ad1be2c89b69c2b068fc378daa952ba7f163c4a11628f55a4df523b3ef",
				"0x000000000000000000000000468b858c964f297fd8fce058032bf4b4911a8ad8",
				"0x000000000000000000000000591278adecde129d8d535141d6627fd879d99de0"
			],
			"transactionHash": "0xad76d48bf83a32a98eb7a788652597b4b012891fef8cd0dc0bb630f1d70ab008",
			"transactionIndex": 136,
			"transactionLogIndex": "0x0",
			"type": "mined",
			"id": "log_25a08a05"
		}
	],
	"logsBloom": "0x00000000000000000000000000020000000000000000000000000000000000000000000000000000000000000000000000000000000000000000000000000000000000000000010000000008000000000000000000000000000000000020000000000000000000000000000000000000000000000000000000000010000000000000000000000000000000000000000000000008000000000000000000000000000000000000000080000000000000000000000000000000020000010000000000001002000000000000000000000000000000000000000000000000000000000000000000400000000000000000000000000000000000000000000000000000",
	"root": null,
	"status": "0x1",
	"transactionHash": "0xad76d48bf83a32a98eb7a788652597b4b012891fef8cd0dc0bb630f1d70ab008",
	"transactionIndex": 136
}
[2018-04-27T23:40:05.289] [DEBUG] trans - TO:   0x8a69eb6f69545fb2341b45e89214922983c4adf0
[2018-04-27T23:40:05.289] [DEBUG] trans - AMOUNT:   1490000000000000000000
[2018-04-27T23:40:05.289] [DEBUG] trans - Receipt info:  {
	"blockHash": "0x2f92f3195a96d0dcd05dda47bfbef55bb1ca684b1db3bd9844ffa6de77eb1bb2",
	"blockNumber": 5517261,
	"contractAddress": null,
	"cumulativeGasUsed": 6494469,
	"gasUsed": 51589,
	"logs": [
		{
			"address": "0x7e9e431a0B8c4D532C745B1043c7FA29a48D4fBa",
			"blockHash": "0x2f92f3195a96d0dcd05dda47bfbef55bb1ca684b1db3bd9844ffa6de77eb1bb2",
			"blockNumber": 5517261,
			"data": "0x000000000000000000000000000000000000000000000050c5e761a444080000",
			"logIndex": 97,
			"topics": [
				"0xddf252ad1be2c89b69c2b068fc378daa952ba7f163c4a11628f55a4df523b3ef",
				"0x000000000000000000000000468b858c964f297fd8fce058032bf4b4911a8ad8",
				"0x0000000000000000000000008a69eb6f69545fb2341b45e89214922983c4adf0"
			],
			"transactionHash": "0x810bc0ecbe391cd0b6c59098035dc36d7fda268f8ba9c731e3c918e5eab35fe1",
			"transactionIndex": 139,
			"transactionLogIndex": "0x0",
			"type": "mined",
			"id": "log_3d55f1aa"
		}
	],
	"logsBloom": "0x00000000000000000000000000020000000000000000010000000000000000001000000000000000000000000000000000000000000000000000000000000000000000000000010000000008000000000000000000000000000000000020000000000000000000000000000000000000000000000000000000000010000000000000000000000000000000000000000000000000000000000000000000000000000000000000000080000000000000000000000000000000000000010000000000001002000000000000000000000000000000000000000000000000000000080000000000000000000000000000000000000000000000000000000000000000",
	"root": null,
	"status": "0x1",
	"transactionHash": "0x810bc0ecbe391cd0b6c59098035dc36d7fda268f8ba9c731e3c918e5eab35fe1",
	"transactionIndex": 139
}
[2018-04-27T23:40:05.292] [DEBUG] trans - TO:   0x7252ec71a61126fca82298d28a673265af808ffb
[2018-04-27T23:40:05.292] [DEBUG] trans - AMOUNT:   1490000000000000000000
[2018-04-27T23:40:05.292] [DEBUG] trans - Receipt info:  {
	"blockHash": "0x2f92f3195a96d0dcd05dda47bfbef55bb1ca684b1db3bd9844ffa6de77eb1bb2",
	"blockNumber": 5517261,
	"contractAddress": null,
	"cumulativeGasUsed": 6442880,
	"gasUsed": 51589,
	"logs": [
		{
			"address": "0x7e9e431a0B8c4D532C745B1043c7FA29a48D4fBa",
			"blockHash": "0x2f92f3195a96d0dcd05dda47bfbef55bb1ca684b1db3bd9844ffa6de77eb1bb2",
			"blockNumber": 5517261,
			"data": "0x000000000000000000000000000000000000000000000050c5e761a444080000",
			"logIndex": 96,
			"topics": [
				"0xddf252ad1be2c89b69c2b068fc378daa952ba7f163c4a11628f55a4df523b3ef",
				"0x000000000000000000000000468b858c964f297fd8fce058032bf4b4911a8ad8",
				"0x0000000000000000000000007252ec71a61126fca82298d28a673265af808ffb"
			],
			"transactionHash": "0xe677b5e92cecbb753b9b7ff38dcceaa05d81607b5c5f2b6efeafe5f0e9db2d49",
			"transactionIndex": 138,
			"transactionLogIndex": "0x0",
			"type": "mined",
			"id": "log_1dc96aac"
		}
	],
	"logsBloom": "0x00000000000000000000000000020000000000000000000000000000000000000000000000000000000000000000000000000000000000000000000000000000000000000000010000000008000000000000000000000000000000000020000000000000000000000000000000000000000000000000000000000010000000000000000000000000000000010000000000000000000000000000000000000000000000000000000080000000000000000000000000000000000000010000000000001002000000000000000000000000000000000000008000000000000000000000000000000000000000000000000200000000000000000000000000000000",
	"root": null,
	"status": "0x1",
	"transactionHash": "0xe677b5e92cecbb753b9b7ff38dcceaa05d81607b5c5f2b6efeafe5f0e9db2d49",
	"transactionIndex": 138
}
[2018-04-27T23:40:05.298] [DEBUG] trans - TO:   0xd0df7a9d5b68713195f11368059cf7706424865d
[2018-04-27T23:40:05.298] [DEBUG] trans - AMOUNT:   1489907600000000000000
[2018-04-27T23:40:05.298] [DEBUG] trans - Receipt info:  {
	"blockHash": "0x2f92f3195a96d0dcd05dda47bfbef55bb1ca684b1db3bd9844ffa6de77eb1bb2",
	"blockNumber": 5517261,
	"contractAddress": null,
	"cumulativeGasUsed": 6546058,
	"gasUsed": 51589,
	"logs": [
		{
			"address": "0x7e9e431a0B8c4D532C745B1043c7FA29a48D4fBa",
			"blockHash": "0x2f92f3195a96d0dcd05dda47bfbef55bb1ca684b1db3bd9844ffa6de77eb1bb2",
			"blockNumber": 5517261,
			"data": "0x000000000000000000000000000000000000000000000050c49f1c54cac90000",
			"logIndex": 98,
			"topics": [
				"0xddf252ad1be2c89b69c2b068fc378daa952ba7f163c4a11628f55a4df523b3ef",
				"0x000000000000000000000000468b858c964f297fd8fce058032bf4b4911a8ad8",
				"0x000000000000000000000000d0df7a9d5b68713195f11368059cf7706424865d"
			],
			"transactionHash": "0x5c2e95a2c64fc64a819268ada5c809760a8d4c89fc5932cc79265c380dad3fa9",
			"transactionIndex": 140,
			"transactionLogIndex": "0x0",
			"type": "mined",
			"id": "log_7db99ee8"
		}
	],
	"logsBloom": "0x00000000000000000000000000020000000000000000000000000000000000000000000000000000000000000000000000000000000000000000000000000000000000000000010000000008000000000000000000000000000000000020000000000004000000000000000000000000000000000000000000000010000000000000000200000000000000000000000000000000000000000000000000000000000000000000000080000000000000000000000000000000000000010000000000001002000000000000000000000000000000000000000000000000000000000000000080000000000000000000000000000000000000000000000000000000",
	"root": null,
	"status": "0x1",
	"transactionHash": "0x5c2e95a2c64fc64a819268ada5c809760a8d4c89fc5932cc79265c380dad3fa9",
	"transactionIndex": 140
}
[2018-04-27T23:40:05.299] [DEBUG] trans - TO:   0x2c823a640a9c1a2de4f415321ac6d0ea4fbf5553
[2018-04-27T23:40:05.299] [DEBUG] trans - AMOUNT:   1489600000000000000000
[2018-04-27T23:40:05.299] [DEBUG] trans - Receipt info:  {
	"blockHash": "0x2f92f3195a96d0dcd05dda47bfbef55bb1ca684b1db3bd9844ffa6de77eb1bb2",
	"blockNumber": 5517261,
	"contractAddress": null,
	"cumulativeGasUsed": 6804195,
	"gasUsed": 51589,
	"logs": [
		{
			"address": "0x7e9e431a0B8c4D532C745B1043c7FA29a48D4fBa",
			"blockHash": "0x2f92f3195a96d0dcd05dda47bfbef55bb1ca684b1db3bd9844ffa6de77eb1bb2",
			"blockNumber": 5517261,
			"data": "0x000000000000000000000000000000000000000000000050c05a4bc2cde00000",
			"logIndex": 103,
			"topics": [
				"0xddf252ad1be2c89b69c2b068fc378daa952ba7f163c4a11628f55a4df523b3ef",
				"0x000000000000000000000000468b858c964f297fd8fce058032bf4b4911a8ad8",
				"0x0000000000000000000000002c823a640a9c1a2de4f415321ac6d0ea4fbf5553"
			],
			"transactionHash": "0xd27d8b3bfd5643d3b564375172baafad498521fc3dadcf9611ac9f719000802b",
			"transactionIndex": 145,
			"transactionLogIndex": "0x0",
			"type": "mined",
			"id": "log_26a81a85"
		}
	],
	"logsBloom": "0x00000000000000000000000000020000000000000000000000000000000000000000000000000000000000000000000000000000000000000000000000000000000000000008010010000008000000000000000000000000000000000020000000000000000000000000000000000000000000000000000000000010000000000000000000000000000000000000000000200000000000000000000000000000000000000000000080000000000000000000000000000000000000010000000000001002000000000000000000000000000000000000000000000000000000000000000000000000000000000000000000000000000000000000000000000000",
	"root": null,
	"status": "0x1",
	"transactionHash": "0xd27d8b3bfd5643d3b564375172baafad498521fc3dadcf9611ac9f719000802b",
	"transactionIndex": 145
}
[2018-04-27T23:40:05.299] [DEBUG] trans - TO:   0x50c8caa2b9ce8080c2f39551f2c7b4bdfd12dcfd
[2018-04-27T23:40:05.299] [DEBUG] trans - AMOUNT:   1489900000000000000000
[2018-04-27T23:40:05.299] [DEBUG] trans - Receipt info:  {
	"blockHash": "0x2f92f3195a96d0dcd05dda47bfbef55bb1ca684b1db3bd9844ffa6de77eb1bb2",
	"blockNumber": 5517261,
	"contractAddress": null,
	"cumulativeGasUsed": 6597647,
	"gasUsed": 51589,
	"logs": [
		{
			"address": "0x7e9e431a0B8c4D532C745B1043c7FA29a48D4fBa",
			"blockHash": "0x2f92f3195a96d0dcd05dda47bfbef55bb1ca684b1db3bd9844ffa6de77eb1bb2",
			"blockNumber": 5517261,
			"data": "0x000000000000000000000000000000000000000000000050c4841c2be67e0000",
			"logIndex": 99,
			"topics": [
				"0xddf252ad1be2c89b69c2b068fc378daa952ba7f163c4a11628f55a4df523b3ef",
				"0x000000000000000000000000468b858c964f297fd8fce058032bf4b4911a8ad8",
				"0x00000000000000000000000050c8caa2b9ce8080c2f39551f2c7b4bdfd12dcfd"
			],
			"transactionHash": "0x0b148ae325fb8ee9d0e029c3b8b2472fbdf2308b6692ed83a48ff3d0800ba5a3",
			"transactionIndex": 141,
			"transactionLogIndex": "0x0",
			"type": "mined",
			"id": "log_f0db2ffb"
		}
	],
	"logsBloom": "0x00000000000000000000000000020000000000000000000000000008040000000000000000000400000000000000000000000000000000000000000000000000000000000000010000000008000000000000000000000000000000000020000000000000000000000000000000000000000000000000000000000010000000000000000000000000000000000000000000000000000000000000000000000000000000000000000080000000000000000000000000000000000000010000000000001002000000000000000000000000000000000000000000000000000000000000000000000000000000000000000000000000000000000000000000000000",
	"root": null,
	"status": "0x1",
	"transactionHash": "0x0b148ae325fb8ee9d0e029c3b8b2472fbdf2308b6692ed83a48ff3d0800ba5a3",
	"transactionIndex": 141
}
[2018-04-27T23:40:05.300] [DEBUG] trans - TO:   0xe7020246804818c4a40489722310ed3350a0d79e
[2018-04-27T23:40:05.300] [DEBUG] trans - AMOUNT:   1489736600000000000000
[2018-04-27T23:40:05.300] [DEBUG] trans - Receipt info:  {
	"blockHash": "0x2f92f3195a96d0dcd05dda47bfbef55bb1ca684b1db3bd9844ffa6de77eb1bb2",
	"blockNumber": 5517261,
	"contractAddress": null,
	"cumulativeGasUsed": 6752606,
	"gasUsed": 51653,
	"logs": [
		{
			"address": "0x7e9e431a0B8c4D532C745B1043c7FA29a48D4fBa",
			"blockHash": "0x2f92f3195a96d0dcd05dda47bfbef55bb1ca684b1db3bd9844ffa6de77eb1bb2",
			"blockNumber": 5517261,
			"data": "0x000000000000000000000000000000000000000000000050c23f98bcba318000",
			"logIndex": 102,
			"topics": [
				"0xddf252ad1be2c89b69c2b068fc378daa952ba7f163c4a11628f55a4df523b3ef",
				"0x000000000000000000000000468b858c964f297fd8fce058032bf4b4911a8ad8",
				"0x000000000000000000000000e7020246804818c4a40489722310ed3350a0d79e"
			],
			"transactionHash": "0xc1033e0db8a42865be9d58df9b2f116d78983956faf2c67f9f9b49f8144b5b28",
			"transactionIndex": 144,
			"transactionLogIndex": "0x0",
			"type": "mined",
			"id": "log_90206076"
		}
	],
	"logsBloom": "0x00000000000000000000000000020000000000000000000000000000000000000000000000000000000000000000000000000000000000000000000000000000000000000000010000000008000000000000000000000000000000000020000000000000000000000000000000000000000000000000000000000010000000000000000000000000000040000000000000000000000000000000000000000000000000000000000080000000000000000000000000000000000000010000000000001002000200000000000000000000000000000000000008000000000000000000000000000000000000000000000000000000000000000000000000000000",
	"root": null,
	"status": "0x1",
	"transactionHash": "0xc1033e0db8a42865be9d58df9b2f116d78983956faf2c67f9f9b49f8144b5b28",
	"transactionIndex": 144
}
[2018-04-27T23:40:05.300] [DEBUG] trans - TO:   0xf2f48b756001100a11e0ca850cdd94d5ed89d34b
[2018-04-27T23:40:05.300] [DEBUG] trans - AMOUNT:   1489119100000000000000
[2018-04-27T23:40:05.300] [DEBUG] trans - Receipt info:  {
	"blockHash": "0x2f92f3195a96d0dcd05dda47bfbef55bb1ca684b1db3bd9844ffa6de77eb1bb2",
	"blockNumber": 5517261,
	"contractAddress": null,
	"cumulativeGasUsed": 7062460,
	"gasUsed": 51653,
	"logs": [
		{
			"address": "0x7e9e431a0B8c4D532C745B1043c7FA29a48D4fBa",
			"blockHash": "0x2f92f3195a96d0dcd05dda47bfbef55bb1ca684b1db3bd9844ffa6de77eb1bb2",
			"blockNumber": 5517261,
			"data": "0x000000000000000000000000000000000000000000000050b9adcbc24563c000",
			"logIndex": 108,
			"topics": [
				"0xddf252ad1be2c89b69c2b068fc378daa952ba7f163c4a11628f55a4df523b3ef",
				"0x000000000000000000000000468b858c964f297fd8fce058032bf4b4911a8ad8",
				"0x000000000000000000000000f2f48b756001100a11e0ca850cdd94d5ed89d34b"
			],
			"transactionHash": "0x9d315ed0450e093789f45aae74e87d2a6bde80ba9d8b98481423c7dd7135e100",
			"transactionIndex": 150,
			"transactionLogIndex": "0x0",
			"type": "mined",
			"id": "log_b522d3b7"
		}
	],
	"logsBloom": "0x00000000000000000000000000020000000000000000000000000000000000000000000000000000000000000000000000000000000000000000000000000000000000000000010000000008000000000000000000000000000000000020000000000000000000000000000000000000000000000000000000000010000000000000000000000000000000000000000004000000020000000000000000000000000000000000000080000000000000000000000000000000000000010000000000001002000000000000000000000000000000000000000000000000000000000008000000000000000000000000000000000000000000000000000000000000",
	"root": null,
	"status": "0x1",
	"transactionHash": "0x9d315ed0450e093789f45aae74e87d2a6bde80ba9d8b98481423c7dd7135e100",
	"transactionIndex": 150
}
[2018-04-27T23:40:05.300] [DEBUG] trans - TO:   0x62163813173b720b921170bf0155a8c0f83013a4
[2018-04-27T23:40:05.300] [DEBUG] trans - AMOUNT:   1489794900000000000000
[2018-04-27T23:40:05.300] [DEBUG] trans - Receipt info:  {
	"blockHash": "0x2f92f3195a96d0dcd05dda47bfbef55bb1ca684b1db3bd9844ffa6de77eb1bb2",
	"blockNumber": 5517261,
	"contractAddress": null,
	"cumulativeGasUsed": 6700953,
	"gasUsed": 51653,
	"logs": [
		{
			"address": "0x7e9e431a0B8c4D532C745B1043c7FA29a48D4fBa",
			"blockHash": "0x2f92f3195a96d0dcd05dda47bfbef55bb1ca684b1db3bd9844ffa6de77eb1bb2",
			"blockNumber": 5517261,
			"data": "0x000000000000000000000000000000000000000000000050c30eb84740994000",
			"logIndex": 101,
			"topics": [
				"0xddf252ad1be2c89b69c2b068fc378daa952ba7f163c4a11628f55a4df523b3ef",
				"0x000000000000000000000000468b858c964f297fd8fce058032bf4b4911a8ad8",
				"0x00000000000000000000000062163813173b720b921170bf0155a8c0f83013a4"
			],
			"transactionHash": "0xf5b704c5c21df59d5460f859a56cb99b2b3b6e15e0ed19b6209187ed626f0eeb",
			"transactionIndex": 143,
			"transactionLogIndex": "0x0",
			"type": "mined",
			"id": "log_f30e0765"
		}
	],
	"logsBloom": "0x00000000000000000000000000020000001000000000000000000000000000000000000000000000000000000000000000000000000000000000000000000000000000000000010000000008000000000000000000000000000000000020000000000000000000000000004000000000000000000000000000000010000004000000000000000000000000000000000000000000000000000000000000000000000000000000000080000000000000000000000000000000000000010000000000001002000000000000000000000000000000000000000000000000000000000000000000000000000000000000000000000000000000000000000000000000",
	"root": null,
	"status": "0x1",
	"transactionHash": "0xf5b704c5c21df59d5460f859a56cb99b2b3b6e15e0ed19b6209187ed626f0eeb",
	"transactionIndex": 143
}
[2018-04-27T23:40:05.301] [DEBUG] trans - TO:   0x40453ec252ad5ee5c49e32bac8d60726c97c0d85
[2018-04-27T23:40:05.301] [DEBUG] trans - AMOUNT:   1489889900000000000000
[2018-04-27T23:40:05.301] [DEBUG] trans - Receipt info:  {
	"blockHash": "0x2f92f3195a96d0dcd05dda47bfbef55bb1ca684b1db3bd9844ffa6de77eb1bb2",
	"blockNumber": 5517261,
	"contractAddress": null,
	"cumulativeGasUsed": 6649300,
	"gasUsed": 51653,
	"logs": [
		{
			"address": "0x7e9e431a0B8c4D532C745B1043c7FA29a48D4fBa",
			"blockHash": "0x2f92f3195a96d0dcd05dda47bfbef55bb1ca684b1db3bd9844ffa6de77eb1bb2",
			"blockNumber": 5517261,
			"data": "0x000000000000000000000000000000000000000000000050c4603a466642c000",
			"logIndex": 100,
			"topics": [
				"0xddf252ad1be2c89b69c2b068fc378daa952ba7f163c4a11628f55a4df523b3ef",
				"0x000000000000000000000000468b858c964f297fd8fce058032bf4b4911a8ad8",
				"0x00000000000000000000000040453ec252ad5ee5c49e32bac8d60726c97c0d85"
			],
			"transactionHash": "0x929176f6446237adf4c4eb21abff0f5ab30f08209901e45ee53fb5546ec881de",
			"transactionIndex": 142,
			"transactionLogIndex": "0x0",
			"type": "mined",
			"id": "log_40dcfc14"
		}
	],
	"logsBloom": "0x00000000000000000000000000020000000000000000000000000000000000000000800000000000000000000000000000000000000000000000000000000000000000800000010000000008000000000000000000000000000000000020000000000000000000000000000000000000000000000000000000000010000000000000000000000000000000000000000000000000000000000000000000000000000000000000000080000000000000000000000000000000000000010000000000001002000000000000000000000000000000000000000000000000000000000000000000000000000000000000000000000000000000000000100000000000",
	"root": null,
	"status": "0x1",
	"transactionHash": "0x929176f6446237adf4c4eb21abff0f5ab30f08209901e45ee53fb5546ec881de",
	"transactionIndex": 142
}
[2018-04-27T23:40:05.301] [DEBUG] trans - TO:   0xd457f021e5ed6ddbb9aeca9e64c2482589f338c4
[2018-04-27T23:40:05.302] [DEBUG] trans - AMOUNT:   1490031300000000000000
[2018-04-27T23:40:05.302] [DEBUG] trans - Receipt info:  {
	"blockHash": "0x2f92f3195a96d0dcd05dda47bfbef55bb1ca684b1db3bd9844ffa6de77eb1bb2",
	"blockNumber": 5517261,
	"contractAddress": null,
	"cumulativeGasUsed": 6391291,
	"gasUsed": 51653,
	"logs": [
		{
			"address": "0x7e9e431a0B8c4D532C745B1043c7FA29a48D4fBa",
			"blockHash": "0x2f92f3195a96d0dcd05dda47bfbef55bb1ca684b1db3bd9844ffa6de77eb1bb2",
			"blockNumber": 5517261,
			"data": "0x000000000000000000000000000000000000000000000050c65694d369804000",
			"logIndex": 95,
			"topics": [
				"0xddf252ad1be2c89b69c2b068fc378daa952ba7f163c4a11628f55a4df523b3ef",
				"0x000000000000000000000000468b858c964f297fd8fce058032bf4b4911a8ad8",
				"0x000000000000000000000000d457f021e5ed6ddbb9aeca9e64c2482589f338c4"
			],
			"transactionHash": "0x26116f36e74acfbb735889c3d3e380cf64ca904221d19271346b65e38726241a",
			"transactionIndex": 137,
			"transactionLogIndex": "0x0",
			"type": "mined",
			"id": "log_26f1feb9"
		}
	],
	"logsBloom": "0x00000000000000000000000000020000000100000000000000000000000000000000000000000000000000000000000000000000000000000000000000000000000000000000010000000008000000000000000000000000000000000020000000000000000000000000020000000000000000000000000000000010000000000000000000000000000000000000000000000000000000000000000000000000000000000000000080000000000000000000000000000000000002010000000000001002000000000000000000000000000000000000000000000000000000000000000000000000000000000000000000000000000000000000000000000000",
	"root": null,
	"status": "0x1",
	"transactionHash": "0x26116f36e74acfbb735889c3d3e380cf64ca904221d19271346b65e38726241a",
	"transactionIndex": 137
}
[2018-04-27T23:40:05.302] [DEBUG] trans - TO:   0xcfc9a9ddb6da9b940143300e79e7be1c7fbc5aaf
[2018-04-27T23:40:05.302] [DEBUG] trans - AMOUNT:   1489573900000000000000
[2018-04-27T23:40:05.302] [DEBUG] trans - Receipt info:  {
	"blockHash": "0x2f92f3195a96d0dcd05dda47bfbef55bb1ca684b1db3bd9844ffa6de77eb1bb2",
	"blockNumber": 5517261,
	"contractAddress": null,
	"cumulativeGasUsed": 6855848,
	"gasUsed": 51653,
	"logs": [
		{
			"address": "0x7e9e431a0B8c4D532C745B1043c7FA29a48D4fBa",
			"blockHash": "0x2f92f3195a96d0dcd05dda47bfbef55bb1ca684b1db3bd9844ffa6de77eb1bb2",
			"blockNumber": 5517261,
			"data": "0x000000000000000000000000000000000000000000000050bffd91f3013cc000",
			"logIndex": 104,
			"topics": [
				"0xddf252ad1be2c89b69c2b068fc378daa952ba7f163c4a11628f55a4df523b3ef",
				"0x000000000000000000000000468b858c964f297fd8fce058032bf4b4911a8ad8",
				"0x000000000000000000000000cfc9a9ddb6da9b940143300e79e7be1c7fbc5aaf"
			],
			"transactionHash": "0x1d1caa968fff78bd9f4487b8ed4ae3fe064845aaf2f1f65bcda8d11f9c904098",
			"transactionIndex": 146,
			"transactionLogIndex": "0x0",
			"type": "mined",
			"id": "log_389a4b15"
		}
	],
	"logsBloom": "0x00000000000000000000000000020100000000000000000000000000000000000000000000000000000000000000000000000000000000000000000000000000000000000020010000000008000000000000000000000000000000000020000000000000000000000000000000000000000000010000000000000010000000000000000000000000000000000000000000000000000000000000000000000000000000000000000080000000000000000000000000000000000000010000000000001002000000000000000000000000000000000000000000000000000000000000000000000000000000000000000000000000000000000000000000000000",
	"root": null,
	"status": "0x1",
	"transactionHash": "0x1d1caa968fff78bd9f4487b8ed4ae3fe064845aaf2f1f65bcda8d11f9c904098",
	"transactionIndex": 146
}
[2018-04-27T23:40:05.302] [DEBUG] trans - TO:   0xeecd6746c00c46868a4d7b2a23ea8471932a1a8d
[2018-04-27T23:40:05.302] [DEBUG] trans - AMOUNT:   1488659700000000000000
[2018-04-27T23:40:05.302] [DEBUG] trans - Receipt info:  {
	"blockHash": "0x2f92f3195a96d0dcd05dda47bfbef55bb1ca684b1db3bd9844ffa6de77eb1bb2",
	"blockNumber": 5517261,
	"contractAddress": null,
	"cumulativeGasUsed": 7165766,
	"gasUsed": 51653,
	"logs": [
		{
			"address": "0x7e9e431a0B8c4D532C745B1043c7FA29a48D4fBa",
			"blockHash": "0x2f92f3195a96d0dcd05dda47bfbef55bb1ca684b1db3bd9844ffa6de77eb1bb2",
			"blockNumber": 5517261,
			"data": "0x000000000000000000000000000000000000000000000050b34dade493934000",
			"logIndex": 110,
			"topics": [
				"0xddf252ad1be2c89b69c2b068fc378daa952ba7f163c4a11628f55a4df523b3ef",
				"0x000000000000000000000000468b858c964f297fd8fce058032bf4b4911a8ad8",
				"0x000000000000000000000000eecd6746c00c46868a4d7b2a23ea8471932a1a8d"
			],
			"transactionHash": "0x1b66adefcc332f7e88ef609b28bd6e8e2ac8305d4faf6ca728564ca98d639de6",
			"transactionIndex": 152,
			"transactionLogIndex": "0x0",
			"type": "mined",
			"id": "log_8d14baa0"
		}
	],
	"logsBloom": "0x00000000000000000000000000020000000000000000000000000400000000000000000000000000000000000000000000000000000000000000004000000000000000000000010000000008000000000000000000000000000000000020000000000000000000000000000000000000000000000000000000000010200000000000000000000000000000000000000000000000000000000000000000000000000000000000000080000000000000000000000000000000000000010000000000001002000000000000000000000000000000000000000000000000000000000000000000000000000000000000000000000000000000000000000000000000",
	"root": null,
	"status": "0x1",
	"transactionHash": "0x1b66adefcc332f7e88ef609b28bd6e8e2ac8305d4faf6ca728564ca98d639de6",
	"transactionIndex": 152
}
[2018-04-27T23:40:05.303] [DEBUG] trans - TO:   0x94d9358a17f1d8c2c66824f34bf7ae4d3027c3ce
[2018-04-27T23:40:05.303] [DEBUG] trans - AMOUNT:   1489570100000000000000
[2018-04-27T23:40:05.303] [DEBUG] trans - Receipt info:  {
	"blockHash": "0x2f92f3195a96d0dcd05dda47bfbef55bb1ca684b1db3bd9844ffa6de77eb1bb2",
	"blockNumber": 5517261,
	"contractAddress": null,
	"cumulativeGasUsed": 6907501,
	"gasUsed": 51653,
	"logs": [
		{
			"address": "0x7e9e431a0B8c4D532C745B1043c7FA29a48D4fBa",
			"blockHash": "0x2f92f3195a96d0dcd05dda47bfbef55bb1ca684b1db3bd9844ffa6de77eb1bb2",
			"blockNumber": 5517261,
			"data": "0x000000000000000000000000000000000000000000000050bff011de8f174000",
			"logIndex": 105,
			"topics": [
				"0xddf252ad1be2c89b69c2b068fc378daa952ba7f163c4a11628f55a4df523b3ef",
				"0x000000000000000000000000468b858c964f297fd8fce058032bf4b4911a8ad8",
				"0x00000000000000000000000094d9358a17f1d8c2c66824f34bf7ae4d3027c3ce"
			],
			"transactionHash": "0x4eaa8af81f00ad6be8ca260c0a036208da9e04babe5151b914d3e894d2023457",
			"transactionIndex": 147,
			"transactionLogIndex": "0x0",
			"type": "mined",
			"id": "log_c81e363d"
		}
	],
	"logsBloom": "0x00000000000000000000000000020000000000000000000000000000000000000000000000000000000000000000000000000000000000400000000000000000000000000000010000000008000000000000000000000000000000000020000000000000000000000000000000000000000000000000000000000010000000000000000000000000000000000000000000000000000000000000000000000000000000000000000080000000000000000000000000000000000000010000000000001002000000000000000000000000000000000000000000000000000000000100000000000000000000000000000000000000000000000000000002000000",
	"root": null,
	"status": "0x1",
	"transactionHash": "0x4eaa8af81f00ad6be8ca260c0a036208da9e04babe5151b914d3e894d2023457",
	"transactionIndex": 147
}
[2018-04-27T23:40:05.305] [DEBUG] trans - TO:   0xf175509b4a423596ad71f144fa35b781f630150b
[2018-04-27T23:40:05.305] [DEBUG] trans - AMOUNT:   1488359300000000000000
[2018-04-27T23:40:05.305] [DEBUG] trans - Receipt info:  {
	"blockHash": "0x2f92f3195a96d0dcd05dda47bfbef55bb1ca684b1db3bd9844ffa6de77eb1bb2",
	"blockNumber": 5517261,
	"contractAddress": null,
	"cumulativeGasUsed": 7217419,
	"gasUsed": 51653,
	"logs": [
		{
			"address": "0x7e9e431a0B8c4D532C745B1043c7FA29a48D4fBa",
			"blockHash": "0x2f92f3195a96d0dcd05dda47bfbef55bb1ca684b1db3bd9844ffa6de77eb1bb2",
			"blockNumber": 5517261,
			"data": "0x000000000000000000000000000000000000000000000050af2271af390c4000",
			"logIndex": 111,
			"topics": [
				"0xddf252ad1be2c89b69c2b068fc378daa952ba7f163c4a11628f55a4df523b3ef",
				"0x000000000000000000000000468b858c964f297fd8fce058032bf4b4911a8ad8",
				"0x000000000000000000000000f175509b4a423596ad71f144fa35b781f630150b"
			],
			"transactionHash": "0xa34383aae98ecf2a7b3dda4522e929aaad66063df6c6a097ac64807546745283",
			"transactionIndex": 153,
			"transactionLogIndex": "0x0",
			"type": "mined",
			"id": "log_7617937e"
		}
	],
	"logsBloom": "0x00000000000000000000000000020000000000000000000400000000000000000000000000000000000000000000000000000000000000000000000000000000000000000000010000000008000000000000000000000000000000000020000000000000000000000000000000000000000000000000000000000010000000000000000000000000000000000000000000000000000000000000000000000000000000000000000080000000000000000001000000000000000000010000000000001002000020000000000000000000000000000000000000000000000000000000000000000000000000000000000000000000000000000000000000000000",
	"root": null,
	"status": "0x1",
	"transactionHash": "0xa34383aae98ecf2a7b3dda4522e929aaad66063df6c6a097ac64807546745283",
	"transactionIndex": 153
}
[2018-04-27T23:40:05.305] [DEBUG] trans - TO:   0x01b1a4c4cf59cee8a8755f967563c4a935e87f21
[2018-04-27T23:40:05.305] [DEBUG] trans - AMOUNT:   1488927800000000000000
[2018-04-27T23:40:05.305] [DEBUG] trans - Receipt info:  {
	"blockHash": "0x2f92f3195a96d0dcd05dda47bfbef55bb1ca684b1db3bd9844ffa6de77eb1bb2",
	"blockNumber": 5517261,
	"contractAddress": null,
	"cumulativeGasUsed": 7114113,
	"gasUsed": 51653,
	"logs": [
		{
			"address": "0x7e9e431a0B8c4D532C745B1043c7FA29a48D4fBa",
			"blockHash": "0x2f92f3195a96d0dcd05dda47bfbef55bb1ca684b1db3bd9844ffa6de77eb1bb2",
			"blockNumber": 5517261,
			"data": "0x000000000000000000000000000000000000000000000050b706296c23db8000",
			"logIndex": 109,
			"topics": [
				"0xddf252ad1be2c89b69c2b068fc378daa952ba7f163c4a11628f55a4df523b3ef",
				"0x000000000000000000000000468b858c964f297fd8fce058032bf4b4911a8ad8",
				"0x00000000000000000000000001b1a4c4cf59cee8a8755f967563c4a935e87f21"
			],
			"transactionHash": "0x6a3164f48cf0fe820ab996ef31ef5ac120b0aa7d8373025fb14671e216f9dabf",
			"transactionIndex": 151,
			"transactionLogIndex": "0x0",
			"type": "mined",
			"id": "log_26e3b283"
		}
	],
	"logsBloom": "0x0000000000000000000000000002000000000000000000000800000000000000000000000000000000000000000000000000000000000000000000000000000000000000000001000000000c000000000000000000000000000000000020000000000000000000000000000000000000000000000000000000000010000000000000000000000000000000000000000000000000000000000000000000000000000000000000000080000000000000000000000000000000000000050000000000001002000000000000000000000000000000000000000000000000000000000000000000000000000000000000000000000000000000000000000000000000",
	"root": null,
	"status": "0x1",
	"transactionHash": "0x6a3164f48cf0fe820ab996ef31ef5ac120b0aa7d8373025fb14671e216f9dabf",
	"transactionIndex": 151
}
[2018-04-27T23:40:05.306] [DEBUG] trans - TO:   0x59a92eafd18797954e94186202156143c162f15d
[2018-04-27T23:40:05.306] [DEBUG] trans - AMOUNT:   1488111700000000000000
[2018-04-27T23:40:05.306] [DEBUG] trans - Receipt info:  {
	"blockHash": "0x2f92f3195a96d0dcd05dda47bfbef55bb1ca684b1db3bd9844ffa6de77eb1bb2",
	"blockNumber": 5517261,
	"contractAddress": null,
	"cumulativeGasUsed": 7269072,
	"gasUsed": 51653,
	"logs": [
		{
			"address": "0x7e9e431a0B8c4D532C745B1043c7FA29a48D4fBa",
			"blockHash": "0x2f92f3195a96d0dcd05dda47bfbef55bb1ca684b1db3bd9844ffa6de77eb1bb2",
			"blockNumber": 5517261,
			"data": "0x000000000000000000000000000000000000000000000050abb2cacbdaa94000",
			"logIndex": 112,
			"topics": [
				"0xddf252ad1be2c89b69c2b068fc378daa952ba7f163c4a11628f55a4df523b3ef",
				"0x000000000000000000000000468b858c964f297fd8fce058032bf4b4911a8ad8",
				"0x00000000000000000000000059a92eafd18797954e94186202156143c162f15d"
			],
			"transactionHash": "0xb9346e5c5d3e23af81983d9897a62342df32574008ae56c2e75c00cb2577c914",
			"transactionIndex": 154,
			"transactionLogIndex": "0x0",
			"type": "mined",
			"id": "log_4044fd19"
		}
	],
	"logsBloom": "0x00000000000000000000000000020000000000000000100000000000000000000000000000000000000000000000000000000000000000000000000000000000000000000000010000000008000000800000000000000000000000000020002000000000000000000000000000000000000000000000000000000010000000000000000000000000000000000000000000000000000000000000000000000000000000000000000080000000000000000000000000000000000000010000000000001002000000000000000000000000000000000000000000000000000000000000000000000000000000000000000000000000000000000000000000000000",
	"root": null,
	"status": "0x1",
	"transactionHash": "0xb9346e5c5d3e23af81983d9897a62342df32574008ae56c2e75c00cb2577c914",
	"transactionIndex": 154
}
[2018-04-27T23:40:05.308] [DEBUG] trans - TO:   0x3d1cfea976957f6ec4402c0a9929e7a996983314
[2018-04-27T23:40:05.308] [DEBUG] trans - AMOUNT:   1487700000000000000000
[2018-04-27T23:40:05.308] [DEBUG] trans - Receipt info:  {
	"blockHash": "0x2f92f3195a96d0dcd05dda47bfbef55bb1ca684b1db3bd9844ffa6de77eb1bb2",
	"blockNumber": 5517261,
	"contractAddress": null,
	"cumulativeGasUsed": 7423967,
	"gasUsed": 51589,
	"logs": [
		{
			"address": "0x7e9e431a0B8c4D532C745B1043c7FA29a48D4fBa",
			"blockHash": "0x2f92f3195a96d0dcd05dda47bfbef55bb1ca684b1db3bd9844ffa6de77eb1bb2",
			"blockNumber": 5517261,
			"data": "0x000000000000000000000000000000000000000000000050a5fc23d3dca20000",
			"logIndex": 115,
			"topics": [
				"0xddf252ad1be2c89b69c2b068fc378daa952ba7f163c4a11628f55a4df523b3ef",
				"0x000000000000000000000000468b858c964f297fd8fce058032bf4b4911a8ad8",
				"0x0000000000000000000000003d1cfea976957f6ec4402c0a9929e7a996983314"
			],
			"transactionHash": "0x92c41ab3ae4ed773ef63ae45ac094541f6185243350a76d27a1c9fee2f508381",
			"transactionIndex": 157,
			"transactionLogIndex": "0x0",
			"type": "mined",
			"id": "log_aea121a2"
		}
	],
	"logsBloom": "0x00000000000000000000000000020000000000000000000000000000000000000000001000000000000000000000000000800000000000000000000000000000000000000000010000000008000000000000000000000000000000000020000000000000000000000000000000000000000000000000000000000010000000000000000000000000000000000000000000000000000000000000000000000000000000000000000080000000000000000000000000000000000002010000000000001002000000000000000000000000000000000000000000000000000000000000000000000000000000000000000000000000000000000000000000000000",
	"root": null,
	"status": "0x1",
	"transactionHash": "0x92c41ab3ae4ed773ef63ae45ac094541f6185243350a76d27a1c9fee2f508381",
	"transactionIndex": 157
}
[2018-04-27T23:40:05.308] [DEBUG] trans - TO:   0xcf5629b6fa8c0ed4a4e30465cf3099c3d3de42dc
[2018-04-27T23:40:05.309] [DEBUG] trans - AMOUNT:   1487757100000000000000
[2018-04-27T23:40:05.309] [DEBUG] trans - Receipt info:  {
	"blockHash": "0x2f92f3195a96d0dcd05dda47bfbef55bb1ca684b1db3bd9844ffa6de77eb1bb2",
	"blockNumber": 5517261,
	"contractAddress": null,
	"cumulativeGasUsed": 7372378,
	"gasUsed": 51653,
	"logs": [
		{
			"address": "0x7e9e431a0B8c4D532C745B1043c7FA29a48D4fBa",
			"blockHash": "0x2f92f3195a96d0dcd05dda47bfbef55bb1ca684b1db3bd9844ffa6de77eb1bb2",
			"blockNumber": 5517261,
			"data": "0x000000000000000000000000000000000000000000000050a6c6fff99d4ec000",
			"logIndex": 114,
			"topics": [
				"0xddf252ad1be2c89b69c2b068fc378daa952ba7f163c4a11628f55a4df523b3ef",
				"0x000000000000000000000000468b858c964f297fd8fce058032bf4b4911a8ad8",
				"0x000000000000000000000000cf5629b6fa8c0ed4a4e30465cf3099c3d3de42dc"
			],
			"transactionHash": "0x5917c449250fd9900597aded7eb8ba3ea1da2c690ca7b208629ff859869e88e8",
			"transactionIndex": 156,
			"transactionLogIndex": "0x0",
			"type": "mined",
			"id": "log_00ab8473"
		}
	],
	"logsBloom": "0x00000000000000000000000000020000000000000000000000000000000000000000000000000000000000000000000000000000000000000000000000000000000000000000010000000008000000000000000000000000000000000020000000000000000000000040000000000000000000000000000080000010000000000000400000000000000000000000000000000000000000000000000000000000000000000000000080000000000000000000000000000000000000010000000000001002000000000000000000000000000000000000000000000000000000000000000000000000000000000000000000000000000000000000000000000000",
	"root": null,
	"status": "0x1",
	"transactionHash": "0x5917c449250fd9900597aded7eb8ba3ea1da2c690ca7b208629ff859869e88e8",
	"transactionIndex": 156
}
[2018-04-27T23:40:05.309] [DEBUG] trans - TO:   0x30ccb75f29561d247a10a73b4aaacd3a1f08dabe
[2018-04-27T23:40:05.309] [DEBUG] trans - AMOUNT:   1487541400000000000000
[2018-04-27T23:40:05.309] [DEBUG] trans - Receipt info:  {
	"blockHash": "0x2f92f3195a96d0dcd05dda47bfbef55bb1ca684b1db3bd9844ffa6de77eb1bb2",
	"blockNumber": 5517261,
	"contractAddress": null,
	"cumulativeGasUsed": 7527209,
	"gasUsed": 51653,
	"logs": [
		{
			"address": "0x7e9e431a0B8c4D532C745B1043c7FA29a48D4fBa",
			"blockHash": "0x2f92f3195a96d0dcd05dda47bfbef55bb1ca684b1db3bd9844ffa6de77eb1bb2",
			"blockNumber": 5517261,
			"data": "0x000000000000000000000000000000000000000000000050a3c8adf7c7418000",
			"logIndex": 117,
			"topics": [
				"0xddf252ad1be2c89b69c2b068fc378daa952ba7f163c4a11628f55a4df523b3ef",
				"0x000000000000000000000000468b858c964f297fd8fce058032bf4b4911a8ad8",
				"0x00000000000000000000000030ccb75f29561d247a10a73b4aaacd3a1f08dabe"
			],
			"transactionHash": "0x776b9a09c0fd27bb4089dcdbfa68636511d1b2b674ed15c2490be55effa0d6ff",
			"transactionIndex": 159,
			"transactionLogIndex": "0x0",
			"type": "mined",
			"id": "log_b1f96359"
		}
	],
	"logsBloom": "0x00000000000000000000000000020000000000000000000000000000010000000000000000000000000000000000000000000000000000000000000000000000000000000000010000000008000000000000000000000000000000000020000000000000000000000000000000000000000000000000000000000010000001000000000000000000000000000000000000000000000000000000000000000000000000000000000080000000000000000000000000000080000000010000000000001002000000000000000000000000000000000000000000000000000000000000000000000000000000000000000000000000000000000000000000000000",
	"root": null,
	"status": "0x1",
	"transactionHash": "0x776b9a09c0fd27bb4089dcdbfa68636511d1b2b674ed15c2490be55effa0d6ff",
	"transactionIndex": 159
}
[2018-04-27T23:40:05.311] [DEBUG] trans - TO:   0xa4703985c3088a92e4fd5f298a67185ea5242836
[2018-04-27T23:40:05.311] [DEBUG] trans - AMOUNT:   1487568000000000000000
[2018-04-27T23:40:05.311] [DEBUG] trans - Receipt info:  {
	"blockHash": "0x2f92f3195a96d0dcd05dda47bfbef55bb1ca684b1db3bd9844ffa6de77eb1bb2",
	"blockNumber": 5517261,
	"contractAddress": null,
	"cumulativeGasUsed": 7475556,
	"gasUsed": 51589,
	"logs": [
		{
			"address": "0x7e9e431a0B8c4D532C745B1043c7FA29a48D4fBa",
			"blockHash": "0x2f92f3195a96d0dcd05dda47bfbef55bb1ca684b1db3bd9844ffa6de77eb1bb2",
			"blockNumber": 5517261,
			"data": "0x000000000000000000000000000000000000000000000050a4272e86e6480000",
			"logIndex": 116,
			"topics": [
				"0xddf252ad1be2c89b69c2b068fc378daa952ba7f163c4a11628f55a4df523b3ef",
				"0x000000000000000000000000468b858c964f297fd8fce058032bf4b4911a8ad8",
				"0x000000000000000000000000a4703985c3088a92e4fd5f298a67185ea5242836"
			],
			"transactionHash": "0x8f6101ef0cf232e73628ca32c3caa23740eb474a9f8c29278ba99bb7edd98c5c",
			"transactionIndex": 158,
			"transactionLogIndex": "0x0",
			"type": "mined",
			"id": "log_f5693070"
		}
	],
	"logsBloom": "0x00000000000000000000000000020000000001000000000000000000000000000000000000000000000000000000000000000000000000000000000000000000000000000000010000000008000000000000000000000000000000000020000000000000000000000000000000000000000000000000000000000010000000000000000000000000000000000000000000000000000000000000000000000000000000000000000080000000000000000000000000001000000000010000000000001002000000000000000000000000000000000000000000000000000000000000000000000000000000000000000000000010000000000000000000000000",
	"root": null,
	"status": "0x1",
	"transactionHash": "0x8f6101ef0cf232e73628ca32c3caa23740eb474a9f8c29278ba99bb7edd98c5c",
	"transactionIndex": 158
}
[2018-04-27T23:40:05.312] [DEBUG] trans - TO:   0xd188f31a963dac954013f8785dbfaf72aa0b8e5d
[2018-04-27T23:40:05.312] [DEBUG] trans - AMOUNT:   1489182300000000000000
[2018-04-27T23:40:05.312] [DEBUG] trans - Receipt info:  {
	"blockHash": "0x2f92f3195a96d0dcd05dda47bfbef55bb1ca684b1db3bd9844ffa6de77eb1bb2",
	"blockNumber": 5517261,
	"contractAddress": null,
	"cumulativeGasUsed": 7010807,
	"gasUsed": 51653,
	"logs": [
		{
			"address": "0x7e9e431a0B8c4D532C745B1043c7FA29a48D4fBa",
			"blockHash": "0x2f92f3195a96d0dcd05dda47bfbef55bb1ca684b1db3bd9844ffa6de77eb1bb2",
			"blockNumber": 5517261,
			"data": "0x000000000000000000000000000000000000000000000050ba8e53d2f331c000",
			"logIndex": 107,
			"topics": [
				"0xddf252ad1be2c89b69c2b068fc378daa952ba7f163c4a11628f55a4df523b3ef",
				"0x000000000000000000000000468b858c964f297fd8fce058032bf4b4911a8ad8",
				"0x000000000000000000000000d188f31a963dac954013f8785dbfaf72aa0b8e5d"
			],
			"transactionHash": "0xb3007726f1d163be4ef5c4c8f84844c3bf41297f5f1f09c4ea3c94fc75ef5fd6",
			"transactionIndex": 149,
			"transactionLogIndex": "0x0",
			"type": "mined",
			"id": "log_7e70f468"
		}
	],
	"logsBloom": "0x00000000000000000000000000020000000000000000000000000000000000000000000000000000000000000000000000000000000000000000000000000000000000000000010000000008000000000000000000000000000000000020000000000000000000000000000000000000000000000000000000000010000000000000000000000000000000000000010000000000000000000000000000000000000000000000000080000000000000000000000000000000000000010000000000001002000040000000000000000000000000000000000000000000000000020000000000000000000000000000000000000000000000000000000000000000",
	"root": null,
	"status": "0x1",
	"transactionHash": "0xb3007726f1d163be4ef5c4c8f84844c3bf41297f5f1f09c4ea3c94fc75ef5fd6",
	"transactionIndex": 149
}
[2018-04-27T23:40:05.313] [DEBUG] trans - TO:   0xe97643230b27ebd220645c037477d6bfcc0c4e41
[2018-04-27T23:40:05.313] [DEBUG] trans - AMOUNT:   1487421000000000000000
[2018-04-27T23:40:05.313] [DEBUG] trans - Receipt info:  {
	"blockHash": "0x2f92f3195a96d0dcd05dda47bfbef55bb1ca684b1db3bd9844ffa6de77eb1bb2",
	"blockNumber": 5517261,
	"contractAddress": null,
	"cumulativeGasUsed": 7630451,
	"gasUsed": 51653,
	"logs": [
		{
			"address": "0x7e9e431a0B8c4D532C745B1043c7FA29a48D4fBa",
			"blockHash": "0x2f92f3195a96d0dcd05dda47bfbef55bb1ca684b1db3bd9844ffa6de77eb1bb2",
			"blockNumber": 5517261,
			"data": "0x000000000000000000000000000000000000000000000050a21ceece484c8000",
			"logIndex": 119,
			"topics": [
				"0xddf252ad1be2c89b69c2b068fc378daa952ba7f163c4a11628f55a4df523b3ef",
				"0x000000000000000000000000468b858c964f297fd8fce058032bf4b4911a8ad8",
				"0x000000000000000000000000e97643230b27ebd220645c037477d6bfcc0c4e41"
			],
			"transactionHash": "0x9c1f56bd930564979b67c4e543a276bebb23a1dfe6be690748d45386f45931e3",
			"transactionIndex": 161,
			"transactionLogIndex": "0x0",
			"type": "mined",
			"id": "log_79ec892a"
		}
	],
	"logsBloom": "0x00000000000000000000000010020000000000000000000000000000000000000000000000000000000000000000000000000000000000000000000000000000000000000000010000000008000000000000100000000000000000000020000000000000000000000000000000000000000000000000000000000010000000000000000000000000800000000000000000000000000000000000000000000000000000000000000080000000000000000000000000000000000000010000000000001002000000000000000000000000000000000000000000000000000000000000000000000000000000000000000000000000000000000000000000000000",
	"root": null,
	"status": "0x1",
	"transactionHash": "0x9c1f56bd930564979b67c4e543a276bebb23a1dfe6be690748d45386f45931e3",
	"transactionIndex": 161
}
[2018-04-27T23:40:05.313] [DEBUG] trans - TO:   0x6549702b1f46eebee1103a1aec467f4a762be460
[2018-04-27T23:40:05.313] [DEBUG] trans - AMOUNT:   1487380900000000000000
[2018-04-27T23:40:05.313] [DEBUG] trans - Receipt info:  {
	"blockHash": "0x2f92f3195a96d0dcd05dda47bfbef55bb1ca684b1db3bd9844ffa6de77eb1bb2",
	"blockNumber": 5517261,
	"contractAddress": null,
	"cumulativeGasUsed": 7682104,
	"gasUsed": 51653,
	"logs": [
		{
			"address": "0x7e9e431a0B8c4D532C745B1043c7FA29a48D4fBa",
			"blockHash": "0x2f92f3195a96d0dcd05dda47bfbef55bb1ca684b1db3bd9844ffa6de77eb1bb2",
			"blockNumber": 5517261,
			"data": "0x000000000000000000000000000000000000000000000050a18e781178ce4000",
			"logIndex": 120,
			"topics": [
				"0xddf252ad1be2c89b69c2b068fc378daa952ba7f163c4a11628f55a4df523b3ef",
				"0x000000000000000000000000468b858c964f297fd8fce058032bf4b4911a8ad8",
				"0x0000000000000000000000006549702b1f46eebee1103a1aec467f4a762be460"
			],
			"transactionHash": "0xffc36cb2ffd3a4af70d3290996b0f4161c658a224fffe900b4a417c5c136d66b",
			"transactionIndex": 162,
			"transactionLogIndex": "0x0",
			"type": "mined",
			"id": "log_7035b30a"
		}
	],
	"logsBloom": "0x00000000000000000000000000020000000000000000000000000000000040000000000000000000000000000000000000000000000000000000000000000000000000000010010000000008000000000000000000000000000000000020000000000000000000000000000000000000000000000000000000000010000000000000000000000000000000000000000000000000000000000000000000000000000000000000000080000000000000000000000000000000000000010000000000001002000000000000000000000000000000000000000000000000000000000000000000000000000000000000000000000000000000000000002000000000",
	"root": null,
	"status": "0x1",
	"transactionHash": "0xffc36cb2ffd3a4af70d3290996b0f4161c658a224fffe900b4a417c5c136d66b",
	"transactionIndex": 162
}
[2018-04-27T23:40:05.316] [DEBUG] trans - TO:   0x22a5f521b13d9e6410419cc744a8f5f2a14e1546
[2018-04-27T23:40:05.316] [DEBUG] trans - AMOUNT:   1489289100000000000000
[2018-04-27T23:40:05.316] [DEBUG] trans - Receipt info:  {
	"blockHash": "0x2f92f3195a96d0dcd05dda47bfbef55bb1ca684b1db3bd9844ffa6de77eb1bb2",
	"blockNumber": 5517261,
	"contractAddress": null,
	"cumulativeGasUsed": 6959154,
	"gasUsed": 51653,
	"logs": [
		{
			"address": "0x7e9e431a0B8c4D532C745B1043c7FA29a48D4fBa",
			"blockHash": "0x2f92f3195a96d0dcd05dda47bfbef55bb1ca684b1db3bd9844ffa6de77eb1bb2",
			"blockNumber": 5517261,
			"data": "0x000000000000000000000000000000000000000000000050bc09c1dbb134c000",
			"logIndex": 106,
			"topics": [
				"0xddf252ad1be2c89b69c2b068fc378daa952ba7f163c4a11628f55a4df523b3ef",
				"0x000000000000000000000000468b858c964f297fd8fce058032bf4b4911a8ad8",
				"0x00000000000000000000000022a5f521b13d9e6410419cc744a8f5f2a14e1546"
			],
			"transactionHash": "0x71636a85dbfab69cce6bbf618ef6b70241ab5c0f7aee8d6d7ddaecb83bde5996",
			"transactionIndex": 148,
			"transactionLogIndex": "0x0",
			"type": "mined",
			"id": "log_8a59b219"
		}
	],
	"logsBloom": "0x00000000000000000000000000020000000000000000000000000000000000000000000000000200000000000000000000000000000000000000000000000000000000000000010000000008000000000000000000000000000000000020000000000000000000000000000000000000000000000000000000000010000000000000000000000000000000000000000000000400000000000000000000000000000000000000000080000000000000000000000000000000000000010000000000001002000000000000000000000000000000000000000000000000000000000000000000000000000000000000040000000000000000000000000000000000",
	"root": null,
	"status": "0x1",
	"transactionHash": "0x71636a85dbfab69cce6bbf618ef6b70241ab5c0f7aee8d6d7ddaecb83bde5996",
	"transactionIndex": 148
}
[2018-04-27T23:40:05.316] [DEBUG] trans - TO:   0xe9b15fa0b9598ac6d299298c8d2a0a1e91c5b60c
[2018-04-27T23:40:05.316] [DEBUG] trans - AMOUNT:   1488109000000000000000
[2018-04-27T23:40:05.316] [DEBUG] trans - Receipt info:  {
	"blockHash": "0x2f92f3195a96d0dcd05dda47bfbef55bb1ca684b1db3bd9844ffa6de77eb1bb2",
	"blockNumber": 5517261,
	"contractAddress": null,
	"cumulativeGasUsed": 7320725,
	"gasUsed": 51653,
	"logs": [
		{
			"address": "0x7e9e431a0B8c4D532C745B1043c7FA29a48D4fBa",
			"blockHash": "0x2f92f3195a96d0dcd05dda47bfbef55bb1ca684b1db3bd9844ffa6de77eb1bb2",
			"blockNumber": 5517261,
			"data": "0x000000000000000000000000000000000000000000000050aba933291dc48000",
			"logIndex": 113,
			"topics": [
				"0xddf252ad1be2c89b69c2b068fc378daa952ba7f163c4a11628f55a4df523b3ef",
				"0x000000000000000000000000468b858c964f297fd8fce058032bf4b4911a8ad8",
				"0x000000000000000000000000e9b15fa0b9598ac6d299298c8d2a0a1e91c5b60c"
			],
			"transactionHash": "0x8d92da501ce2fb924c8f4062800600b9d29b57b791d1ff5c9b0726cbaa2a99df",
			"transactionIndex": 155,
			"transactionLogIndex": "0x0",
			"type": "mined",
			"id": "log_83853d27"
		}
	],
	"logsBloom": "0x00000000000000000000000000020000000000000000000000000000000000000000000000000000000000000000000000000000080000000200000000000000000000000000010000000008000000000000000000000000000000000020000000000000000000000000080000000000000000000000000000000010000000000000000000000000000000000000000000000000000000000000000000000000000000000000000080000000000000000000000000000000000000010000000000001002000000000000000000000000000000000000000000000000000000000000000000000000000000000000000000000000000000000000000000000000",
	"root": null,
	"status": "0x1",
	"transactionHash": "0x8d92da501ce2fb924c8f4062800600b9d29b57b791d1ff5c9b0726cbaa2a99df",
	"transactionIndex": 155
}
[2018-04-27T23:40:05.318] [DEBUG] trans - TO:   0x34f94f8bdf14b6d7de8bcd9c25f1199125a248bd
[2018-04-27T23:40:05.318] [DEBUG] trans - AMOUNT:   1487334000000000000000
[2018-04-27T23:40:05.318] [DEBUG] trans - Receipt info:  {
	"blockHash": "0x2f92f3195a96d0dcd05dda47bfbef55bb1ca684b1db3bd9844ffa6de77eb1bb2",
	"blockNumber": 5517261,
	"contractAddress": null,
	"cumulativeGasUsed": 7785346,
	"gasUsed": 51589,
	"logs": [
		{
			"address": "0x7e9e431a0B8c4D532C745B1043c7FA29a48D4fBa",
			"blockHash": "0x2f92f3195a96d0dcd05dda47bfbef55bb1ca684b1db3bd9844ffa6de77eb1bb2",
			"blockNumber": 5517261,
			"data": "0x000000000000000000000000000000000000000000000050a0e7d8c448d70000",
			"logIndex": 122,
			"topics": [
				"0xddf252ad1be2c89b69c2b068fc378daa952ba7f163c4a11628f55a4df523b3ef",
				"0x000000000000000000000000468b858c964f297fd8fce058032bf4b4911a8ad8",
				"0x00000000000000000000000034f94f8bdf14b6d7de8bcd9c25f1199125a248bd"
			],
			"transactionHash": "0xa9719275d9eefc7daac508edaf2ee5542f58f740a31e7ac32ceae56002a5029a",
			"transactionIndex": 164,
			"transactionLogIndex": "0x0",
			"type": "mined",
			"id": "log_f0c4c8bf"
		}
	],
	"logsBloom": "0x00000000000000000000000000020000000000000000000000000000000000000000000000000000000000000000000000000000000000000000000000000000000000000000010000000008000000000000000000000000000000000020000000000000000000000000000000000000010000000000000000000010000000000000000000000000000000000000000000000000000000000000000000000000000000000000000080000000000000080000000000000000000000010200000000001002000000000000000000000000000000000000000000000000000000000000000000000000000000000000000000000000000000000000000000000000",
	"root": null,
	"status": "0x1",
	"transactionHash": "0xa9719275d9eefc7daac508edaf2ee5542f58f740a31e7ac32ceae56002a5029a",
	"transactionIndex": 164
}
[2018-04-27T23:40:05.319] [DEBUG] trans - TO:   0x6259e56e5acdeacf42d444e1ebecd04bc5712b16
[2018-04-27T23:40:05.319] [DEBUG] trans - AMOUNT:   1487306000000000000000
[2018-04-27T23:40:05.319] [DEBUG] trans - Receipt info:  {
	"blockHash": "0x2f92f3195a96d0dcd05dda47bfbef55bb1ca684b1db3bd9844ffa6de77eb1bb2",
	"blockNumber": 5517261,
	"contractAddress": null,
	"cumulativeGasUsed": 7836935,
	"gasUsed": 51589,
	"logs": [
		{
			"address": "0x7e9e431a0B8c4D532C745B1043c7FA29a48D4fBa",
			"blockHash": "0x2f92f3195a96d0dcd05dda47bfbef55bb1ca684b1db3bd9844ffa6de77eb1bb2",
			"blockNumber": 5517261,
			"data": "0x000000000000000000000000000000000000000000000050a0845eea43210000",
			"logIndex": 123,
			"topics": [
				"0xddf252ad1be2c89b69c2b068fc378daa952ba7f163c4a11628f55a4df523b3ef",
				"0x000000000000000000000000468b858c964f297fd8fce058032bf4b4911a8ad8",
				"0x0000000000000000000000006259e56e5acdeacf42d444e1ebecd04bc5712b16"
			],
			"transactionHash": "0x007167e7a6c712bcce82b2de28283749c53c6605d50ba5727d0322a88ca9f26c",
			"transactionIndex": 165,
			"transactionLogIndex": "0x0",
			"type": "mined",
			"id": "log_7b909f7d"
		}
	],
	"logsBloom": "0x00000000000000000000000000020000000000000000000000000000000000000000000000000000000100000000000000000000000000000000000000000000000000000000010000000008000000000000000000000000000000000020000000000000000000000000000000000000000000000000002000000010000000000000000000000000000000000000000000000000000000000000000000000000000000000000000080000000000000000000000000000000000000010000000000001002000000000000000000000000000000000000000000000000000000000000000000000000000080000000000000000000000000000000000000000000",
	"root": null,
	"status": "0x1",
	"transactionHash": "0x007167e7a6c712bcce82b2de28283749c53c6605d50ba5727d0322a88ca9f26c",
	"transactionIndex": 165
}
[2018-04-27T23:40:05.319] [DEBUG] trans - TO:   0x3fb26a92725d1824c4833c91bcaf778b5eddda4c
[2018-04-27T23:40:05.319] [DEBUG] trans - AMOUNT:   1487372100000000000000
[2018-04-27T23:40:05.319] [DEBUG] trans - Receipt info:  {
	"blockHash": "0x2f92f3195a96d0dcd05dda47bfbef55bb1ca684b1db3bd9844ffa6de77eb1bb2",
	"blockNumber": 5517261,
	"contractAddress": null,
	"cumulativeGasUsed": 7733757,
	"gasUsed": 51653,
	"logs": [
		{
			"address": "0x7e9e431a0B8c4D532C745B1043c7FA29a48D4fBa",
			"blockHash": "0x2f92f3195a96d0dcd05dda47bfbef55bb1ca684b1db3bd9844ffa6de77eb1bb2",
			"blockNumber": 5517261,
			"data": "0x000000000000000000000000000000000000000000000050a16f3483cec84000",
			"logIndex": 121,
			"topics": [
				"0xddf252ad1be2c89b69c2b068fc378daa952ba7f163c4a11628f55a4df523b3ef",
				"0x000000000000000000000000468b858c964f297fd8fce058032bf4b4911a8ad8",
				"0x0000000000000000000000003fb26a92725d1824c4833c91bcaf778b5eddda4c"
			],
			"transactionHash": "0x1668a01b36e441ed8531121b1e7d00050d199444a1df58b1410b4f5ff12c9bb2",
			"transactionIndex": 163,
			"transactionLogIndex": "0x0",
			"type": "mined",
			"id": "log_39ea9e4d"
		}
	],
	"logsBloom": "0x00000000000000000000000000020000000000000000000000000000000000000000000000000000000000000000000004000000000000000000000000000000000000000000010000002008000000000000000000000000000000000020000000000000000000000000000000000000000000000000000000000010000000000000000000000000000000000000000000000000000000000000000000000000000000000000000080000000000000000000000000000000000000010000000000001002000000000000000000000000000000000000000000000000000000000000000000000000000000800000000000000000000000000000000000000000",
	"root": null,
	"status": "0x1",
	"transactionHash": "0x1668a01b36e441ed8531121b1e7d00050d199444a1df58b1410b4f5ff12c9bb2",
	"transactionIndex": 163
}
[2018-04-27T23:40:05.320] [DEBUG] trans - TO:   0x3280517a128acb6b9740c1a6fad4537b55a14428
[2018-04-27T23:40:05.320] [DEBUG] trans - AMOUNT:   1487518000000000000000
[2018-04-27T23:40:05.320] [DEBUG] trans - Receipt info:  {
	"blockHash": "0x2f92f3195a96d0dcd05dda47bfbef55bb1ca684b1db3bd9844ffa6de77eb1bb2",
	"blockNumber": 5517261,
	"contractAddress": null,
	"cumulativeGasUsed": 7578798,
	"gasUsed": 51589,
	"logs": [
		{
			"address": "0x7e9e431a0B8c4D532C745B1043c7FA29a48D4fBa",
			"blockHash": "0x2f92f3195a96d0dcd05dda47bfbef55bb1ca684b1db3bd9844ffa6de77eb1bb2",
			"blockNumber": 5517261,
			"data": "0x000000000000000000000000000000000000000000000050a3758bcab7830000",
			"logIndex": 118,
			"topics": [
				"0xddf252ad1be2c89b69c2b068fc378daa952ba7f163c4a11628f55a4df523b3ef",
				"0x000000000000000000000000468b858c964f297fd8fce058032bf4b4911a8ad8",
				"0x0000000000000000000000003280517a128acb6b9740c1a6fad4537b55a14428"
			],
			"transactionHash": "0x0959a85bc979c25bfec31180ab08a39512e3203b72be3aa4f5ac00d4308af888",
			"transactionIndex": 160,
			"transactionLogIndex": "0x0",
			"type": "mined",
			"id": "log_6d3a340e"
		}
	],
	"logsBloom": "0x00000000000000000000000000020000000000000000000000000000000000000000000000000000000000000000000000000000000000000000000000000000000000000000010000000008000000000000000000000000000000000020000000000000000000000000000000000000000000000000000000000010000000000000000000000000000000000000000000000000000002000000000000000000000000000000000080000000000000000000000000000000000000010000000000001022000000000000000000000000000000000000000010000000000000000000000000000000000000000000000000000000000000000000000000000000",
	"root": null,
	"status": "0x1",
	"transactionHash": "0x0959a85bc979c25bfec31180ab08a39512e3203b72be3aa4f5ac00d4308af888",
	"transactionIndex": 160
}
[2018-04-27T23:40:37.336] [DEBUG] trans - TO:   0x87167d4c8a8f65c3c98a1b60e921224f52b880f3
[2018-04-27T23:40:37.336] [DEBUG] trans - AMOUNT:   1487264500000000000000
[2018-04-27T23:40:37.336] [DEBUG] trans - Receipt info:  {
	"blockHash": "0xde54a24dc3d1124d24bd282933a1af7cdbd1146d8d9b1931a57a47f21413747e",
	"blockNumber": 5517263,
	"contractAddress": null,
	"cumulativeGasUsed": 3231555,
	"gasUsed": 51653,
	"logs": [
		{
			"address": "0x7e9e431a0B8c4D532C745B1043c7FA29a48D4fBa",
			"blockHash": "0xde54a24dc3d1124d24bd282933a1af7cdbd1146d8d9b1931a57a47f21413747e",
			"blockNumber": 5517263,
			"data": "0x0000000000000000000000000000000000000000000000509ff0eee28cf34000",
			"logIndex": 60,
			"topics": [
				"0xddf252ad1be2c89b69c2b068fc378daa952ba7f163c4a11628f55a4df523b3ef",
				"0x000000000000000000000000468b858c964f297fd8fce058032bf4b4911a8ad8",
				"0x00000000000000000000000087167d4c8a8f65c3c98a1b60e921224f52b880f3"
			],
			"transactionHash": "0xc89654b42e1d4ec0b0d8aef48f043f3f236617407d688605988260d3ffa06b6d",
			"transactionIndex": 65,
			"transactionLogIndex": "0x0",
			"type": "mined",
			"id": "log_971092fa"
		}
	],
	"logsBloom": "0x00000000000000000000000000020000000000000000000000000000000000000001000000000000000000000000000000000000000000000000000000000000000000000000010000000008000000000000000000000000000000000020000000000000000000000008000000000000000000000000000000000010000000000000000000000000000000000000800000000000000000000000000000000000000000000000000080000000000000000000000000000000000000010000000000001002000000000000000000000000000000000000000000000000000000000000000000000000000000000000000000000000000000000000000000000000",
	"root": null,
	"status": "0x1",
	"transactionHash": "0xc89654b42e1d4ec0b0d8aef48f043f3f236617407d688605988260d3ffa06b6d",
	"transactionIndex": 65
}
