[2018-04-29T00:03:04.230] [DEBUG] trans - TO:   0xdfee3bbe763b14b8802b94e23f728e7f531668e3
[2018-04-29T00:03:04.231] [DEBUG] trans - AMOUNT:   2499318400000000000000
[2018-04-29T00:03:04.232] [DEBUG] trans - Receipt info:  {
	"blockHash": "0xad40cebaa136a9cb3f5531754b670886d187df9c37decd9745d7109bf034666a",
	"blockNumber": 5522836,
	"contractAddress": null,
	"cumulativeGasUsed": 940429,
	"gasUsed": 51589,
	"logs": [
		{
			"address": "0x7e9e431a0B8c4D532C745B1043c7FA29a48D4fBa",
			"blockHash": "0xad40cebaa136a9cb3f5531754b670886d187df9c37decd9745d7109bf034666a",
			"blockNumber": 5522836,
			"data": "0x0000000000000000000000000000000000000000000000877d02aad7f5a80000",
			"logIndex": 13,
			"topics": [
				"0xddf252ad1be2c89b69c2b068fc378daa952ba7f163c4a11628f55a4df523b3ef",
				"0x000000000000000000000000c9f42bcc3cd6c77fae537dd24ba96668fc864150",
				"0x000000000000000000000000dfee3bbe763b14b8802b94e23f728e7f531668e3"
			],
			"transactionHash": "0xdb0bba4ff0e52b90a11e47f1d21a0394179a4015a6985e072b8d4e44ed5b60d4",
			"transactionIndex": 17,
			"transactionLogIndex": "0x0",
			"type": "mined",
			"id": "log_89c541a0"
		}
	],
	"logsBloom": "0x00000000000080000000000000000000000000000000000000000000008000000000000000000000000000000000000000000000100000000000000000000000000000000000010000000008000000000000000000000000000000000000000000000000000000000000000000000000000000000000000000000010000000000000000000000000000000000000000004000000000000000000000000000000000000000000000080000000000000000000000000000000000000000200000000001002000000000000000000000000000000000000000000000000000000000000000000000000000000000000000000000000000000000000000000004000",
	"root": null,
	"status": "0x1",
	"transactionHash": "0xdb0bba4ff0e52b90a11e47f1d21a0394179a4015a6985e072b8d4e44ed5b60d4",
	"transactionIndex": 17
}
[2018-04-29T00:03:14.250] [DEBUG] trans - TO:   0xf21ff2c0bd2c8db3aef5e0ef177065924cdb13f4
[2018-04-29T00:03:14.250] [DEBUG] trans - AMOUNT:   2499000000000000000000
[2018-04-29T00:03:14.251] [DEBUG] trans - Receipt info:  {
	"blockHash": "0x16a988c908de685c5c29e3859c2ad314b6c3ccc3088fce6acbf145fdf93feb04",
	"blockNumber": 5522837,
	"contractAddress": null,
	"cumulativeGasUsed": 1992072,
	"gasUsed": 51589,
	"logs": [
		{
			"address": "0x7e9e431a0B8c4D532C745B1043c7FA29a48D4fBa",
			"blockHash": "0x16a988c908de685c5c29e3859c2ad314b6c3ccc3088fce6acbf145fdf93feb04",
			"blockNumber": 5522837,
			"data": "0x00000000000000000000000000000000000000000000008778977bbb052c0000",
			"logIndex": 29,
			"topics": [
				"0xddf252ad1be2c89b69c2b068fc378daa952ba7f163c4a11628f55a4df523b3ef",
				"0x000000000000000000000000c9f42bcc3cd6c77fae537dd24ba96668fc864150",
				"0x000000000000000000000000f21ff2c0bd2c8db3aef5e0ef177065924cdb13f4"
			],
			"transactionHash": "0x1f477bb9d5423dcbe37ea5728ca89ab8547ecd6202d892f8c7476ae1b58773ed",
			"transactionIndex": 39,
			"transactionLogIndex": "0x0",
			"type": "mined",
			"id": "log_e089da57"
		}
	],
	"logsBloom": "0x00000000000000000000000000000000000000000000000000000002008000000000000000000000000000000000000000000000100000000000000000000000000000000000010000000008000000000000000000000000000000000000000000000000000000000000000000000000000000000000000000000010000000000000000000000000000000000000000000000000000000000000010000000000000000000000000080000000000000000000000000000000000000000000000000001002000000000000000000000000000000000000000000000000000000000000000000000000000800000000000000000000000000000000000000004000",
	"root": null,
	"status": "0x1",
	"transactionHash": "0x1f477bb9d5423dcbe37ea5728ca89ab8547ecd6202d892f8c7476ae1b58773ed",
	"transactionIndex": 39
}
[2018-04-29T00:03:14.252] [DEBUG] trans - TO:   0x80dba0a72b4cb03c08d5eb3f7a036f8c82e48fc4
[2018-04-29T00:03:14.253] [DEBUG] trans - AMOUNT:   2499300000000000000000
[2018-04-29T00:03:14.253] [DEBUG] trans - Receipt info:  {
	"blockHash": "0x16a988c908de685c5c29e3859c2ad314b6c3ccc3088fce6acbf145fdf93feb04",
	"blockNumber": 5522837,
	"contractAddress": null,
	"cumulativeGasUsed": 1734063,
	"gasUsed": 51589,
	"logs": [
		{
			"address": "0x7e9e431a0B8c4D532C745B1043c7FA29a48D4fBa",
			"blockHash": "0x16a988c908de685c5c29e3859c2ad314b6c3ccc3088fce6acbf145fdf93feb04",
			"blockNumber": 5522837,
			"data": "0x0000000000000000000000000000000000000000000000877cc14c241dca0000",
			"logIndex": 24,
			"topics": [
				"0xddf252ad1be2c89b69c2b068fc378daa952ba7f163c4a11628f55a4df523b3ef",
				"0x000000000000000000000000c9f42bcc3cd6c77fae537dd24ba96668fc864150",
				"0x00000000000000000000000080dba0a72b4cb03c08d5eb3f7a036f8c82e48fc4"
			],
			"transactionHash": "0x56ce4ed3d204a6701eb8ca46aa674b571292fb9c5885c6e92d4e3c6bcc459f17",
			"transactionIndex": 34,
			"transactionLogIndex": "0x0",
			"type": "mined",
			"id": "log_5eab6804"
		}
	],
	"logsBloom": "0x00000000000000000000000000000000400000000000000000000000008000000000000000000000000000000000000000000000100000000000000000000000000000000000010000000008000000000000000000000000000000000000000000000000000000000000000000000000000000000100000000000010000000000000000000000000000000000000000000000000000000000000000000000000000000000000000080000000000000000000000000000000000000000000000000001002000000000000000000000000000000000000020000000000000000000000000000000000000000000000000000000000000000000000000000004000",
	"root": null,
	"status": "0x1",
	"transactionHash": "0x56ce4ed3d204a6701eb8ca46aa674b571292fb9c5885c6e92d4e3c6bcc459f17",
	"transactionIndex": 34
}
[2018-04-29T00:03:14.253] [DEBUG] trans - TO:   0x1aa979db729320654c9ea367416a60ad1de768d4
[2018-04-29T00:03:14.253] [DEBUG] trans - AMOUNT:   2499300000000000000000
[2018-04-29T00:03:14.253] [DEBUG] trans - Receipt info:  {
	"blockHash": "0x16a988c908de685c5c29e3859c2ad314b6c3ccc3088fce6acbf145fdf93feb04",
	"blockNumber": 5522837,
	"contractAddress": null,
	"cumulativeGasUsed": 1682474,
	"gasUsed": 51589,
	"logs": [
		{
			"address": "0x7e9e431a0B8c4D532C745B1043c7FA29a48D4fBa",
			"blockHash": "0x16a988c908de685c5c29e3859c2ad314b6c3ccc3088fce6acbf145fdf93feb04",
			"blockNumber": 5522837,
			"data": "0x0000000000000000000000000000000000000000000000877cc14c241dca0000",
			"logIndex": 23,
			"topics": [
				"0xddf252ad1be2c89b69c2b068fc378daa952ba7f163c4a11628f55a4df523b3ef",
				"0x000000000000000000000000c9f42bcc3cd6c77fae537dd24ba96668fc864150",
				"0x0000000000000000000000001aa979db729320654c9ea367416a60ad1de768d4"
			],
			"transactionHash": "0x21c464bba7e1ea7b9ff79acd77c3c465c65c20ea2b841875907ef77acea6c4d1",
			"transactionIndex": 33,
			"transactionLogIndex": "0x0",
			"type": "mined",
			"id": "log_0bc138be"
		}
	],
	"logsBloom": "0x00000000000000000000000000000000000000000000000000000000008040000000000000000000000000000000000000000000100000000000000000000000000000000000010000000008000000000000000000000000000000000000000000000000000000000000000000000000000000000000000000000010000000000000000000000000000000000000000000000000000000000000000000000000000000000000000080000400000000000000000000000000000000000000000000001002000000000000000000000000000000000000000000000000000000000000000000000000000000000000000000000000000000000000000008004000",
	"root": null,
	"status": "0x1",
	"transactionHash": "0x21c464bba7e1ea7b9ff79acd77c3c465c65c20ea2b841875907ef77acea6c4d1",
	"transactionIndex": 33
}
[2018-04-29T00:03:14.254] [DEBUG] trans - TO:   0x3bda5900350f9d4ca89dce2d1ee872baf6726abe
[2018-04-29T00:03:14.254] [DEBUG] trans - AMOUNT:   2499289900000000000000
[2018-04-29T00:03:14.254] [DEBUG] trans - Receipt info:  {
	"blockHash": "0x16a988c908de685c5c29e3859c2ad314b6c3ccc3088fce6acbf145fdf93feb04",
	"blockNumber": 5522837,
	"contractAddress": null,
	"cumulativeGasUsed": 1785652,
	"gasUsed": 51589,
	"logs": [
		{
			"address": "0x7e9e431a0B8c4D532C745B1043c7FA29a48D4fBa",
			"blockHash": "0x16a988c908de685c5c29e3859c2ad314b6c3ccc3088fce6acbf145fdf93feb04",
			"blockNumber": 5522837,
			"data": "0x0000000000000000000000000000000000000000000000877c9d6a3e9d8ec000",
			"logIndex": 25,
			"topics": [
				"0xddf252ad1be2c89b69c2b068fc378daa952ba7f163c4a11628f55a4df523b3ef",
				"0x000000000000000000000000c9f42bcc3cd6c77fae537dd24ba96668fc864150",
				"0x0000000000000000000000003bda5900350f9d4ca89dce2d1ee872baf6726abe"
			],
			"transactionHash": "0x11e26b90404a1a7c7733dd171c49dc16ae6efb317cab1686e0c85dd56358607d",
			"transactionIndex": 35,
			"transactionLogIndex": "0x0",
			"type": "mined",
			"id": "log_e51c58d4"
		}
	],
	"logsBloom": "0x00000000000000000000000000000000000000000000000000000000008000000000000000000000000000000000000000000000100000000000000000000000000001000000010000000008000000000000000000000000000000000000000000000000000000000000000000000000000000000000000000000010000000000000000000000004000000000000000000000000000000000000000000000000000000000000000080000000000000000000000000000000000000000000000000001002000000000000000000000000000000000000000000000000000000000000000010000000000000000000000000000000000000000000000000004000",
	"root": null,
	"status": "0x1",
	"transactionHash": "0x11e26b90404a1a7c7733dd171c49dc16ae6efb317cab1686e0c85dd56358607d",
	"transactionIndex": 35
}
[2018-04-29T00:03:14.255] [DEBUG] trans - TO:   0x4ec05556b783cf0c290ee501d0d714420698f3c9
[2018-04-29T00:03:14.255] [DEBUG] trans - AMOUNT:   2499000000000000000000
[2018-04-29T00:03:14.255] [DEBUG] trans - Receipt info:  {
	"blockHash": "0x16a988c908de685c5c29e3859c2ad314b6c3ccc3088fce6acbf145fdf93feb04",
	"blockNumber": 5522837,
	"contractAddress": null,
	"cumulativeGasUsed": 1888894,
	"gasUsed": 51589,
	"logs": [
		{
			"address": "0x7e9e431a0B8c4D532C745B1043c7FA29a48D4fBa",
			"blockHash": "0x16a988c908de685c5c29e3859c2ad314b6c3ccc3088fce6acbf145fdf93feb04",
			"blockNumber": 5522837,
			"data": "0x00000000000000000000000000000000000000000000008778977bbb052c0000",
			"logIndex": 27,
			"topics": [
				"0xddf252ad1be2c89b69c2b068fc378daa952ba7f163c4a11628f55a4df523b3ef",
				"0x000000000000000000000000c9f42bcc3cd6c77fae537dd24ba96668fc864150",
				"0x0000000000000000000000004ec05556b783cf0c290ee501d0d714420698f3c9"
			],
			"transactionHash": "0x6a679f26cecf426f758dcffcad42f1dc123c539430ced73bec90c0699b7d46d4",
			"transactionIndex": 37,
			"transactionLogIndex": "0x0",
			"type": "mined",
			"id": "log_c96478ac"
		}
	],
	"logsBloom": "0x00000000000000000000000000000000000000000000000000000000008000000000000000000000000000000000000000000000100000000000000000000000000000000000010000000008000000000000000000000000000000000000000000000000000000000000000000000000000000000000000000000010000000000000200040000000000000000000000000000000000000000000000000000000000000000000000080000000000000000000000000000000000000000000000000001002000000000000000000000000000000000200000000000000000000000000000000000000000000000000000000000000000000000000000000004000",
	"root": null,
	"status": "0x1",
	"transactionHash": "0x6a679f26cecf426f758dcffcad42f1dc123c539430ced73bec90c0699b7d46d4",
	"transactionIndex": 37
}
[2018-04-29T00:03:14.257] [DEBUG] trans - TO:   0xbe30ff9d59c0d4eefbdb8492abd592b31fa5ce50
[2018-04-29T00:03:14.258] [DEBUG] trans - AMOUNT:   2498892300000000000000
[2018-04-29T00:03:14.258] [DEBUG] trans - Receipt info:  {
	"blockHash": "0x16a988c908de685c5c29e3859c2ad314b6c3ccc3088fce6acbf145fdf93feb04",
	"blockNumber": 5522837,
	"contractAddress": null,
	"cumulativeGasUsed": 2146967,
	"gasUsed": 51653,
	"logs": [
		{
			"address": "0x7e9e431a0B8c4D532C745B1043c7FA29a48D4fBa",
			"blockHash": "0x16a988c908de685c5c29e3859c2ad314b6c3ccc3088fce6acbf145fdf93feb04",
			"blockNumber": 5522837,
			"data": "0x0000000000000000000000000000000000000000000000877718db26b2dcc000",
			"logIndex": 32,
			"topics": [
				"0xddf252ad1be2c89b69c2b068fc378daa952ba7f163c4a11628f55a4df523b3ef",
				"0x000000000000000000000000c9f42bcc3cd6c77fae537dd24ba96668fc864150",
				"0x000000000000000000000000be30ff9d59c0d4eefbdb8492abd592b31fa5ce50"
			],
			"transactionHash": "0x1d3d05bcee07a2887dde1ed473c85811f256b806800a90d60080c913aecf5363",
			"transactionIndex": 42,
			"transactionLogIndex": "0x0",
			"type": "mined",
			"id": "log_3f6b4dfd"
		}
	],
	"logsBloom": "0x00000000004000000000000000000004000000000000000000000000008000000000000000000000000000000000000000000000100000000000000000000000000000000000010000000008000000000000000000000000000000000000000000000000000000000000000000000000000000000000000000000010000000000000000000000000000000000000000000000000000000000000000000000000000000000000000080000000000000000000000000000000000000000000000000001002000000000000000000000000000000000000000000000000000000000000000000000000000000000000000000000000000000000000000000024000",
	"root": null,
	"status": "0x1",
	"transactionHash": "0x1d3d05bcee07a2887dde1ed473c85811f256b806800a90d60080c913aecf5363",
	"transactionIndex": 42
}
[2018-04-29T00:03:14.258] [DEBUG] trans - TO:   0xa43f2ed1f5b1d73eb98e5fa41385040b76eace60
[2018-04-29T00:03:14.258] [DEBUG] trans - AMOUNT:   2499175400000000000000
[2018-04-29T00:03:14.258] [DEBUG] trans - Receipt info:  {
	"blockHash": "0x16a988c908de685c5c29e3859c2ad314b6c3ccc3088fce6acbf145fdf93feb04",
	"blockNumber": 5522837,
	"contractAddress": null,
	"cumulativeGasUsed": 1837305,
	"gasUsed": 51653,
	"logs": [
		{
			"address": "0x7e9e431a0B8c4D532C745B1043c7FA29a48D4fBa",
			"blockHash": "0x16a988c908de685c5c29e3859c2ad314b6c3ccc3088fce6acbf145fdf93feb04",
			"blockNumber": 5522837,
			"data": "0x0000000000000000000000000000000000000000000000877b06a119eac68000",
			"logIndex": 26,
			"topics": [
				"0xddf252ad1be2c89b69c2b068fc378daa952ba7f163c4a11628f55a4df523b3ef",
				"0x000000000000000000000000c9f42bcc3cd6c77fae537dd24ba96668fc864150",
				"0x000000000000000000000000a43f2ed1f5b1d73eb98e5fa41385040b76eace60"
			],
			"transactionHash": "0x58d60b25f0f4cc0e2ae5a20b593996a032791c4f75c21df1b1e816f654e1ceb4",
			"transactionIndex": 36,
			"transactionLogIndex": "0x0",
			"type": "mined",
			"id": "log_95dede7b"
		}
	],
	"logsBloom": "0x00000000000000000000000000000000000000000000000000000000008000000000000000000000000000000000000000000000100000000000000000000000000000000000010000000008000000000000000000000000000000000000000000000000000000000000000000000000000000000000000000000010000000000000000000000000000000000000000000000000000000000000000000000000040000000000000080000000000000000000000000000000000000000000000000001002000000000000000000000000400000000000000000000000000000000000000000000000000000000000000000000000000000000080000000004000",
	"root": null,
	"status": "0x1",
	"transactionHash": "0x58d60b25f0f4cc0e2ae5a20b593996a032791c4f75c21df1b1e816f654e1ceb4",
	"transactionIndex": 36
}
[2018-04-29T00:03:14.259] [DEBUG] trans - TO:   0x62eeea900895bd73d8f332ee6d24e158ae6d2544
[2018-04-29T00:03:14.259] [DEBUG] trans - AMOUNT:   2499000000000000000000
[2018-04-29T00:03:14.259] [DEBUG] trans - Receipt info:  {
	"blockHash": "0x16a988c908de685c5c29e3859c2ad314b6c3ccc3088fce6acbf145fdf93feb04",
	"blockNumber": 5522837,
	"contractAddress": null,
	"cumulativeGasUsed": 1940483,
	"gasUsed": 51589,
	"logs": [
		{
			"address": "0x7e9e431a0B8c4D532C745B1043c7FA29a48D4fBa",
			"blockHash": "0x16a988c908de685c5c29e3859c2ad314b6c3ccc3088fce6acbf145fdf93feb04",
			"blockNumber": 5522837,
			"data": "0x00000000000000000000000000000000000000000000008778977bbb052c0000",
			"logIndex": 28,
			"topics": [
				"0xddf252ad1be2c89b69c2b068fc378daa952ba7f163c4a11628f55a4df523b3ef",
				"0x000000000000000000000000c9f42bcc3cd6c77fae537dd24ba96668fc864150",
				"0x00000000000000000000000062eeea900895bd73d8f332ee6d24e158ae6d2544"
			],
			"transactionHash": "0x9891e7f1ecc3f57ef11c9ec216c6afd709faf80a9a1c964b711cd0fdc86e9caf",
			"transactionIndex": 38,
			"transactionLogIndex": "0x0",
			"type": "mined",
			"id": "log_c825d10c"
		}
	],
	"logsBloom": "0x00000000000000000000000000000020000000000000000000000000008000000000000000000000000000000000000000000000100000000000000000000000000000000000010000000008000000000000000000000000000000000000000000000000000000000000000000000000000000000000000000000010000000000000000000000000000000000000000000000000000000000000000000000000000000000000000080000000000000000000000000000020000000000000000000001002000000000000000020000000000000000000000000000000000000000000000000000000000000000000000000000000000000000000000000004000",
	"root": null,
	"status": "0x1",
	"transactionHash": "0x9891e7f1ecc3f57ef11c9ec216c6afd709faf80a9a1c964b711cd0fdc86e9caf",
	"transactionIndex": 38
}
[2018-04-29T00:03:14.260] [DEBUG] trans - TO:   0x881f38ed0e331d156ad67570e80d392106916623
[2018-04-29T00:03:14.260] [DEBUG] trans - AMOUNT:   2498800000000000000000
[2018-04-29T00:03:14.260] [DEBUG] trans - Receipt info:  {
	"blockHash": "0x16a988c908de685c5c29e3859c2ad314b6c3ccc3088fce6acbf145fdf93feb04",
	"blockNumber": 5522837,
	"contractAddress": null,
	"cumulativeGasUsed": 2198556,
	"gasUsed": 51589,
	"logs": [
		{
			"address": "0x7e9e431a0B8c4D532C745B1043c7FA29a48D4fBa",
			"blockHash": "0x16a988c908de685c5c29e3859c2ad314b6c3ccc3088fce6acbf145fdf93feb04",
			"blockNumber": 5522837,
			"data": "0x00000000000000000000000000000000000000000000008775d0f0ca4a180000",
			"logIndex": 33,
			"topics": [
				"0xddf252ad1be2c89b69c2b068fc378daa952ba7f163c4a11628f55a4df523b3ef",
				"0x000000000000000000000000c9f42bcc3cd6c77fae537dd24ba96668fc864150",
				"0x000000000000000000000000881f38ed0e331d156ad67570e80d392106916623"
			],
			"transactionHash": "0x1e803d9cbce269dcf09db95612803d99715ff6270bfd2f2e65d9cb092bbfa4d6",
			"transactionIndex": 43,
			"transactionLogIndex": "0x0",
			"type": "mined",
			"id": "log_874ff95a"
		}
	],
	"logsBloom": "0x00000000000000000000000000000000000000000000000000000000008040000000000000000000000000000000000000000000100000000000000000000000000000000000010000000008000000000000000000000000000000000000000000000000000000000000000000000000000000000000000000000010000000000000000000000000000000000000000000000000000000000000000000000000000000000000000080000000000000000000000000000000008000000000000000001002000000000000000000000000000020000000000000000000000000000000000000000000000000000000000000000000000000000000000000004000",
	"root": null,
	"status": "0x1",
	"transactionHash": "0x1e803d9cbce269dcf09db95612803d99715ff6270bfd2f2e65d9cb092bbfa4d6",
	"transactionIndex": 43
}
[2018-04-29T00:03:14.260] [DEBUG] trans - TO:   0x6d82fda6e5d6dedf42042f3ddfa2b78b152b6402
[2018-04-29T00:03:14.260] [DEBUG] trans - AMOUNT:   2498959400000000000000
[2018-04-29T00:03:14.260] [DEBUG] trans - Receipt info:  {
	"blockHash": "0x16a988c908de685c5c29e3859c2ad314b6c3ccc3088fce6acbf145fdf93feb04",
	"blockNumber": 5522837,
	"contractAddress": null,
	"cumulativeGasUsed": 2043725,
	"gasUsed": 51653,
	"logs": [
		{
			"address": "0x7e9e431a0B8c4D532C745B1043c7FA29a48D4fBa",
			"blockHash": "0x16a988c908de685c5c29e3859c2ad314b6c3ccc3088fce6acbf145fdf93feb04",
			"blockNumber": 5522837,
			"data": "0x00000000000000000000000000000000000000000000008778073e3ee34a8000",
			"logIndex": 30,
			"topics": [
				"0xddf252ad1be2c89b69c2b068fc378daa952ba7f163c4a11628f55a4df523b3ef",
				"0x000000000000000000000000c9f42bcc3cd6c77fae537dd24ba96668fc864150",
				"0x0000000000000000000000006d82fda6e5d6dedf42042f3ddfa2b78b152b6402"
			],
			"transactionHash": "0x30da161a21252c98207118e085b055071fa1483623318916a51ce1b403bedd18",
			"transactionIndex": 40,
			"transactionLogIndex": "0x0",
			"type": "mined",
			"id": "log_c258d982"
		}
	],
	"logsBloom": "0x00000000000000000000000000000000000000000000000000000000008000000000000000000000000000000000000000000000100000000000000000000000000000000000010000000008000000000000000000000000000000000000000000000000000000000000000000000000000000000000000000000010000000000000000000000000000000000000000000000000000000000000008000000000000000000000000080000000000000000000000000000000000000800040000000001002000000000000000000000000000000000000000000000000000000000000000000000000000000000000000000000000000000000000000000004000",
	"root": null,
	"status": "0x1",
	"transactionHash": "0x30da161a21252c98207118e085b055071fa1483623318916a51ce1b403bedd18",
	"transactionIndex": 40
}
[2018-04-29T00:03:14.261] [DEBUG] trans - TO:   0x68a3cb6a41e88f70bba454210b1209d5698c21fe
[2018-04-29T00:03:14.261] [DEBUG] trans - AMOUNT:   2498445000000000000000
[2018-04-29T00:03:14.261] [DEBUG] trans - Receipt info:  {
	"blockHash": "0x16a988c908de685c5c29e3859c2ad314b6c3ccc3088fce6acbf145fdf93feb04",
	"blockNumber": 5522837,
	"contractAddress": null,
	"cumulativeGasUsed": 2456565,
	"gasUsed": 51653,
	"logs": [
		{
			"address": "0x7e9e431a0B8c4D532C745B1043c7FA29a48D4fBa",
			"blockHash": "0x16a988c908de685c5c29e3859c2ad314b6c3ccc3088fce6acbf145fdf93feb04",
			"blockNumber": 5522837,
			"data": "0x00000000000000000000000000000000000000000000008770e3ba2bcad48000",
			"logIndex": 38,
			"topics": [
				"0xddf252ad1be2c89b69c2b068fc378daa952ba7f163c4a11628f55a4df523b3ef",
				"0x000000000000000000000000c9f42bcc3cd6c77fae537dd24ba96668fc864150",
				"0x00000000000000000000000068a3cb6a41e88f70bba454210b1209d5698c21fe"
			],
			"transactionHash": "0xd203821ca55e018a44f63023ca88c42ad129afb8e300f89b164c3113b8414405",
			"transactionIndex": 48,
			"transactionLogIndex": "0x0",
			"type": "mined",
			"id": "log_916e2f7d"
		}
	],
	"logsBloom": "0x00000000000000000000000000000000000000000000000000000000008000000000000000000000000000000000000000000000100000000008000000000000000000000000010000020008000000000000000000000000000000000000000000000000000000000000000000000000000000000000000000000010000000000000000000000000000000000000000000000000000000000000000000000000000000000000000080000000000000000400000000000000000000000000000000001002000000000000000000000000000000000000000000000000000000000000000000000000000000000000000000000000000000000000000000004000",
	"root": null,
	"status": "0x1",
	"transactionHash": "0xd203821ca55e018a44f63023ca88c42ad129afb8e300f89b164c3113b8414405",
	"transactionIndex": 48
}
[2018-04-29T00:03:14.262] [DEBUG] trans - TO:   0xb126ae241852f95bba8e46eaf9f378435f9156c9
[2018-04-29T00:03:14.262] [DEBUG] trans - AMOUNT:   2498500000000000000000
[2018-04-29T00:03:14.262] [DEBUG] trans - Receipt info:  {
	"blockHash": "0x16a988c908de685c5c29e3859c2ad314b6c3ccc3088fce6acbf145fdf93feb04",
	"blockNumber": 5522837,
	"contractAddress": null,
	"cumulativeGasUsed": 2404912,
	"gasUsed": 51589,
	"logs": [
		{
			"address": "0x7e9e431a0B8c4D532C745B1043c7FA29a48D4fBa",
			"blockHash": "0x16a988c908de685c5c29e3859c2ad314b6c3ccc3088fce6acbf145fdf93feb04",
			"blockNumber": 5522837,
			"data": "0x00000000000000000000000000000000000000000000008771a72061317a0000",
			"logIndex": 37,
			"topics": [
				"0xddf252ad1be2c89b69c2b068fc378daa952ba7f163c4a11628f55a4df523b3ef",
				"0x000000000000000000000000c9f42bcc3cd6c77fae537dd24ba96668fc864150",
				"0x000000000000000000000000b126ae241852f95bba8e46eaf9f378435f9156c9"
			],
			"transactionHash": "0x22005abe80a86894b55dce3cc1de5f8217f04e67614fbbb0cdca9eec1e7fc637",
			"transactionIndex": 47,
			"transactionLogIndex": "0x0",
			"type": "mined",
			"id": "log_9a4562b7"
		}
	],
	"logsBloom": "0x00000000000000000000000000000000000000000000000000000000008000000000000000000000000000000000000000000000100000000000000000000000000000000000010000000008000000000000000000000000000000000040000000000000000000000000000000000000000000000000000000000210000000000000000000000000000000000000000000000000000080000000000000000000000000000000000080000000000000000000000000000000000000000000000000001002000000000000000000000000000000000000000000000000000000000000000000000000000000000000000000000000000000000000000000004000",
	"root": null,
	"status": "0x1",
	"transactionHash": "0x22005abe80a86894b55dce3cc1de5f8217f04e67614fbbb0cdca9eec1e7fc637",
	"transactionIndex": 47
}
[2018-04-29T00:03:14.266] [DEBUG] trans - TO:   0x5acb3f2d0f85f961b6ca433e6e881e32e21765b7
[2018-04-29T00:03:14.266] [DEBUG] trans - AMOUNT:   2498900000000000000000
[2018-04-29T00:03:14.266] [DEBUG] trans - Receipt info:  {
	"blockHash": "0x16a988c908de685c5c29e3859c2ad314b6c3ccc3088fce6acbf145fdf93feb04",
	"blockNumber": 5522837,
	"contractAddress": null,
	"cumulativeGasUsed": 2095314,
	"gasUsed": 51589,
	"logs": [
		{
			"address": "0x7e9e431a0B8c4D532C745B1043c7FA29a48D4fBa",
			"blockHash": "0x16a988c908de685c5c29e3859c2ad314b6c3ccc3088fce6acbf145fdf93feb04",
			"blockNumber": 5522837,
			"data": "0x00000000000000000000000000000000000000000000008777343642a7a20000",
			"logIndex": 31,
			"topics": [
				"0xddf252ad1be2c89b69c2b068fc378daa952ba7f163c4a11628f55a4df523b3ef",
				"0x000000000000000000000000c9f42bcc3cd6c77fae537dd24ba96668fc864150",
				"0x0000000000000000000000005acb3f2d0f85f961b6ca433e6e881e32e21765b7"
			],
			"transactionHash": "0x72967a640416dfb0f99431f6fe9f3bb97bf789060d8c459318e8c85ed4cc7607",
			"transactionIndex": 41,
			"transactionLogIndex": "0x0",
			"type": "mined",
			"id": "log_62106ea0"
		}
	],
	"logsBloom": "0x00000000000000000000000000000000000000000000000000400000008000000000000000000000000000000000000000000000100000000000000000000000000000000000010000800008000000000000000000000000000000000000000000000000000000000000000000000000000000000000000000000010000000000000000000000000000000000000200000000000000000000000000000000000000000000000000080000000000000000000000000000000000000000000000000001002000000000000000000000000000000000000000000000000000000000000000000000000000000000000000000000000000000000000000000004000",
	"root": null,
	"status": "0x1",
	"transactionHash": "0x72967a640416dfb0f99431f6fe9f3bb97bf789060d8c459318e8c85ed4cc7607",
	"transactionIndex": 41
}
[2018-04-29T00:03:14.267] [DEBUG] trans - TO:   0xb01c4451f130806f4328ae036d493037f8c15daa
[2018-04-29T00:03:14.267] [DEBUG] trans - AMOUNT:   2498500000000000000000
[2018-04-29T00:03:14.267] [DEBUG] trans - Receipt info:  {
	"blockHash": "0x16a988c908de685c5c29e3859c2ad314b6c3ccc3088fce6acbf145fdf93feb04",
	"blockNumber": 5522837,
	"contractAddress": null,
	"cumulativeGasUsed": 2353323,
	"gasUsed": 51589,
	"logs": [
		{
			"address": "0x7e9e431a0B8c4D532C745B1043c7FA29a48D4fBa",
			"blockHash": "0x16a988c908de685c5c29e3859c2ad314b6c3ccc3088fce6acbf145fdf93feb04",
			"blockNumber": 5522837,
			"data": "0x00000000000000000000000000000000000000000000008771a72061317a0000",
			"logIndex": 36,
			"topics": [
				"0xddf252ad1be2c89b69c2b068fc378daa952ba7f163c4a11628f55a4df523b3ef",
				"0x000000000000000000000000c9f42bcc3cd6c77fae537dd24ba96668fc864150",
				"0x000000000000000000000000b01c4451f130806f4328ae036d493037f8c15daa"
			],
			"transactionHash": "0xa57291555e91e6a756758ea2498124c721b5ba8d3c5cc8ca08424a4078222dc4",
			"transactionIndex": 46,
			"transactionLogIndex": "0x0",
			"type": "mined",
			"id": "log_3224c8be"
		}
	],
	"logsBloom": "0x00000000000000000000000000000000000000000000000000000000008000000000000000000000000000000000000000000000100000000000000000000000000000000000010000000008000000000010000000000000000000000000000000000000000800000000000000000000000000000000000000000010000000000000000000000000000000000000000000000000000000000000000000000000000000000000000080000000000000000000000000000000000000000000000000001082000000000000000000000000000000000000000000000000000000000000000000000000000000000000000000000000000000000000000000004000",
	"root": null,
	"status": "0x1",
	"transactionHash": "0xa57291555e91e6a756758ea2498124c721b5ba8d3c5cc8ca08424a4078222dc4",
	"transactionIndex": 46
}
[2018-04-29T00:03:14.271] [DEBUG] trans - TO:   0x05a2b891a2f0d88ae90f9146d87437e51aa6c69a
[2018-04-29T00:03:14.271] [DEBUG] trans - AMOUNT:   2498315500000000000000
[2018-04-29T00:03:14.271] [DEBUG] trans - Receipt info:  {
	"blockHash": "0x16a988c908de685c5c29e3859c2ad314b6c3ccc3088fce6acbf145fdf93feb04",
	"blockNumber": 5522837,
	"contractAddress": null,
	"cumulativeGasUsed": 2508218,
	"gasUsed": 51653,
	"logs": [
		{
			"address": "0x7e9e431a0B8c4D532C745B1043c7FA29a48D4fBa",
			"blockHash": "0x16a988c908de685c5c29e3859c2ad314b6c3ccc3088fce6acbf145fdf93feb04",
			"blockNumber": 5522837,
			"data": "0x0000000000000000000000000000000000000000000000876f17a69b706ac000",
			"logIndex": 39,
			"topics": [
				"0xddf252ad1be2c89b69c2b068fc378daa952ba7f163c4a11628f55a4df523b3ef",
				"0x000000000000000000000000c9f42bcc3cd6c77fae537dd24ba96668fc864150",
				"0x00000000000000000000000005a2b891a2f0d88ae90f9146d87437e51aa6c69a"
			],
			"transactionHash": "0x418f47a6fad47330751670a4eff09abea4f2c02ea66ca2e5d2df0fce4692328b",
			"transactionIndex": 49,
			"transactionLogIndex": "0x0",
			"type": "mined",
			"id": "log_c998852d"
		}
	],
	"logsBloom": "0x00000000000000000000000000000000000000000000000400000000808000000000000000000000000000000000000000000000100000000010000000000000000000000000010000000008000000000000000000000000000000000000000000000000000000000000000000000000000000000000000000000010000000000000000000000000000000000000000000000000000000000000000000000000000000000000000080000000000000000000000000000000000000000000000000001002000000000000000000000000000000000000000000000000000000000000000000000000000000000000000000000000000000000000000000004000",
	"root": null,
	"status": "0x1",
	"transactionHash": "0x418f47a6fad47330751670a4eff09abea4f2c02ea66ca2e5d2df0fce4692328b",
	"transactionIndex": 49
}
[2018-04-29T00:03:14.272] [DEBUG] trans - TO:   0xb158db43fa62d30e65f3d09bf781c7b67372ebaa
[2018-04-29T00:03:14.272] [DEBUG] trans - AMOUNT:   2498191100000000000000
[2018-04-29T00:03:14.272] [DEBUG] trans - Receipt info:  {
	"blockHash": "0x16a988c908de685c5c29e3859c2ad314b6c3ccc3088fce6acbf145fdf93feb04",
	"blockNumber": 5522837,
	"contractAddress": null,
	"cumulativeGasUsed": 2559871,
	"gasUsed": 51653,
	"logs": [
		{
			"address": "0x7e9e431a0B8c4D532C745B1043c7FA29a48D4fBa",
			"blockHash": "0x16a988c908de685c5c29e3859c2ad314b6c3ccc3088fce6acbf145fdf93feb04",
			"blockNumber": 5522837,
			"data": "0x0000000000000000000000000000000000000000000000876d5db1775e5bc000",
			"logIndex": 40,
			"topics": [
				"0xddf252ad1be2c89b69c2b068fc378daa952ba7f163c4a11628f55a4df523b3ef",
				"0x000000000000000000000000c9f42bcc3cd6c77fae537dd24ba96668fc864150",
				"0x000000000000000000000000b158db43fa62d30e65f3d09bf781c7b67372ebaa"
			],
			"transactionHash": "0x128c64e50252c86422c49c07ab9ac23bd20eb0f72a4893f710bf8b79f20b2dc0",
			"transactionIndex": 50,
			"transactionLogIndex": "0x0",
			"type": "mined",
			"id": "log_807ab0e5"
		}
	],
	"logsBloom": "0x00000000000000000000000000000000000000000000000000000000008000000000000000000000000000000000000000000000100000000000000000000000000000000000010000000008000000000000000000000000000000004000000000000000000000000000000000000000000000000000000000000010000000000000000000000000000000000000000000000004000000000000000000000000000000000000000080000000000000000000000000000000000000000000000000001002000000000000008000000000000000000000000000000000000000000000000000000000000000000000000000000000000000000000000000004000",
	"root": null,
	"status": "0x1",
	"transactionHash": "0x128c64e50252c86422c49c07ab9ac23bd20eb0f72a4893f710bf8b79f20b2dc0",
	"transactionIndex": 50
}
[2018-04-29T00:03:14.273] [DEBUG] trans - TO:   0xc8b383632b00b494e4659efc07154a6e9206e44b
[2018-04-29T00:03:14.273] [DEBUG] trans - AMOUNT:   2497565100000000000000
[2018-04-29T00:03:14.273] [DEBUG] trans - Receipt info:  {
	"blockHash": "0x16a988c908de685c5c29e3859c2ad314b6c3ccc3088fce6acbf145fdf93feb04",
	"blockNumber": 5522837,
	"contractAddress": null,
	"cumulativeGasUsed": 2699638,
	"gasUsed": 51589,
	"logs": [
		{
			"address": "0x7e9e431a0B8c4D532C745B1043c7FA29a48D4fBa",
			"blockHash": "0x16a988c908de685c5c29e3859c2ad314b6c3ccc3088fce6acbf145fdf93feb04",
			"blockNumber": 5522837,
			"data": "0x00000000000000000000000000000000000000000000008764adb1c870f6c000",
			"logIndex": 43,
			"topics": [
				"0xddf252ad1be2c89b69c2b068fc378daa952ba7f163c4a11628f55a4df523b3ef",
				"0x000000000000000000000000c9f42bcc3cd6c77fae537dd24ba96668fc864150",
				"0x000000000000000000000000c8b383632b00b494e4659efc07154a6e9206e44b"
			],
			"transactionHash": "0xe2d926ef14be3df29e204611273b28c7ecb778e2a0f2674374249a883623a1f6",
			"transactionIndex": 53,
			"transactionLogIndex": "0x0",
			"type": "mined",
			"id": "log_36eedbd5"
		}
	],
	"logsBloom": "0x04000000000000000000000000000000000000000000000000000000008000000000000000000000000000000000000000000000100000000000000000000000000000000000010000000008000000000000000000000000000000000000000000000000000000000000000000000000000000000000000000000010000000000000000000000000000000000000000000000000000000000000000000000000000000000000000080000000000000000000000000000000000000000000000000001002000000000000000000000000000000000000000000000000000000000000000040000000000000000000000000001000000000000000000000004000",
	"root": null,
	"status": "0x1",
	"transactionHash": "0xe2d926ef14be3df29e204611273b28c7ecb778e2a0f2674374249a883623a1f6",
	"transactionIndex": 53
}
[2018-04-29T00:03:14.273] [DEBUG] trans - TO:   0x49e6d2806f55bdcb307cd815ca20a1dd3bd79215
[2018-04-29T00:03:14.273] [DEBUG] trans - AMOUNT:   2497770000000000000000
[2018-04-29T00:03:14.273] [DEBUG] trans - Receipt info:  {
	"blockHash": "0x16a988c908de685c5c29e3859c2ad314b6c3ccc3088fce6acbf145fdf93feb04",
	"blockNumber": 5522837,
	"contractAddress": null,
	"cumulativeGasUsed": 2648049,
	"gasUsed": 51589,
	"logs": [
		{
			"address": "0x7e9e431a0B8c4D532C745B1043c7FA29a48D4fBa",
			"blockHash": "0x16a988c908de685c5c29e3859c2ad314b6c3ccc3088fce6acbf145fdf93feb04",
			"blockNumber": 5522837,
			"data": "0x0000000000000000000000000000000000000000000000876785a53f53710000",
			"logIndex": 42,
			"topics": [
				"0xddf252ad1be2c89b69c2b068fc378daa952ba7f163c4a11628f55a4df523b3ef",
				"0x000000000000000000000000c9f42bcc3cd6c77fae537dd24ba96668fc864150",
				"0x00000000000000000000000049e6d2806f55bdcb307cd815ca20a1dd3bd79215"
			],
			"transactionHash": "0x34e15af9bb41813625287c8f05854f1cd55721b38fe725a7dbed64137c3ff813",
			"transactionIndex": 52,
			"transactionLogIndex": "0x0",
			"type": "mined",
			"id": "log_6b6885d4"
		}
	],
	"logsBloom": "0x00000000000000000000000000000000000000000000000000000000008000000000000000000000000000000000000000000000100000000000000000000000000000000000010000000008000000000000000000000000000000000000000000000000000000000000000000000000000000000000000000000010000000000000000000000000000000000000000000000000000000000000000000000000000000000000000080000000000000000000000000000000000000000000000200001002000000000000000000000400000000000000000000000000000000020000000000000000000000000000000000000000000000000000000000004000",
	"root": null,
	"status": "0x1",
	"transactionHash": "0x34e15af9bb41813625287c8f05854f1cd55721b38fe725a7dbed64137c3ff813",
	"transactionIndex": 52
}
[2018-04-29T00:03:14.274] [DEBUG] trans - TO:   0x747a61c0eda5729d784c6b8d9e272c3fcaf9ba8e
[2018-04-29T00:03:14.274] [DEBUG] trans - AMOUNT:   2498500000000000000000
[2018-04-29T00:03:14.274] [DEBUG] trans - Receipt info:  {
	"blockHash": "0x16a988c908de685c5c29e3859c2ad314b6c3ccc3088fce6acbf145fdf93feb04",
	"blockNumber": 5522837,
	"contractAddress": null,
	"cumulativeGasUsed": 2301734,
	"gasUsed": 51589,
	"logs": [
		{
			"address": "0x7e9e431a0B8c4D532C745B1043c7FA29a48D4fBa",
			"blockHash": "0x16a988c908de685c5c29e3859c2ad314b6c3ccc3088fce6acbf145fdf93feb04",
			"blockNumber": 5522837,
			"data": "0x00000000000000000000000000000000000000000000008771a72061317a0000",
			"logIndex": 35,
			"topics": [
				"0xddf252ad1be2c89b69c2b068fc378daa952ba7f163c4a11628f55a4df523b3ef",
				"0x000000000000000000000000c9f42bcc3cd6c77fae537dd24ba96668fc864150",
				"0x000000000000000000000000747a61c0eda5729d784c6b8d9e272c3fcaf9ba8e"
			],
			"transactionHash": "0xe7a4a229a213ff0b767ab97bf88aba364693c5ee9ae4b65564b2a9452129bcb2",
			"transactionIndex": 45,
			"transactionLogIndex": "0x0",
			"type": "mined",
			"id": "log_d38318ea"
		}
	],
	"logsBloom": "0x00000000000000000000000000000000000000000000000000000000008000000000040000000000000000000000000000000000100000000000000000000000000000000000010000000008000000000000000000000080000000000000000000000000000000000000000000000000000000000000000000000010000000000040000000000000000000000000000000000000000000000000000000000000000000000000000080000000000000000000000000000000000000000000000000001002000000000000000000000000000000000000000000000000000000000000000000000000000000000000000000000000000000000000000000004000",
	"root": null,
	"status": "0x1",
	"transactionHash": "0xe7a4a229a213ff0b767ab97bf88aba364693c5ee9ae4b65564b2a9452129bcb2",
	"transactionIndex": 45
}
[2018-04-29T00:03:14.275] [DEBUG] trans - TO:   0xd735f3e1ef1348332325d765355b061ed23963f8
[2018-04-29T00:03:14.275] [DEBUG] trans - AMOUNT:   2498000000000000000000
[2018-04-29T00:03:14.275] [DEBUG] trans - Receipt info:  {
	"blockHash": "0x16a988c908de685c5c29e3859c2ad314b6c3ccc3088fce6acbf145fdf93feb04",
	"blockNumber": 5522837,
	"contractAddress": null,
	"cumulativeGasUsed": 2596460,
	"gasUsed": 36589,
	"logs": [
		{
			"address": "0x7e9e431a0B8c4D532C745B1043c7FA29a48D4fBa",
			"blockHash": "0x16a988c908de685c5c29e3859c2ad314b6c3ccc3088fce6acbf145fdf93feb04",
			"blockNumber": 5522837,
			"data": "0x0000000000000000000000000000000000000000000000876ab6c5075dc80000",
			"logIndex": 41,
			"topics": [
				"0xddf252ad1be2c89b69c2b068fc378daa952ba7f163c4a11628f55a4df523b3ef",
				"0x000000000000000000000000c9f42bcc3cd6c77fae537dd24ba96668fc864150",
				"0x000000000000000000000000d735f3e1ef1348332325d765355b061ed23963f8"
			],
			"transactionHash": "0xc335788ffd8b329182102cd690cd6ef8605b91c45a49c131147cc3edc9be0afb",
			"transactionIndex": 51,
			"transactionLogIndex": "0x0",
			"type": "mined",
			"id": "log_9bf6e668"
		}
	],
	"logsBloom": "0x00000000000000000000000000000000000000000000000000000000008000000000000000000000000000000000000000000000100000000000000000000000000000000000010000000008000000000000000000000000000000400000000000000000000000000000000000000000000000000000000000000010000000000000000000000000000000000000000000000000000000000000000000000000000000000000000080000000000000000000000000000000000000000000000000001002000000000000000000000000000000000400000000000000000000000000000000000000000100000000000000000000000000000000000000004000",
	"root": null,
	"status": "0x1",
	"transactionHash": "0xc335788ffd8b329182102cd690cd6ef8605b91c45a49c131147cc3edc9be0afb",
	"transactionIndex": 51
}
[2018-04-29T00:03:14.278] [DEBUG] trans - TO:   0xb3a77b52fcd7d4cc33879282731d2dfa401dbfd4
[2018-04-29T00:03:14.278] [DEBUG] trans - AMOUNT:   2497363100000000000000
[2018-04-29T00:03:14.278] [DEBUG] trans - Receipt info:  {
	"blockHash": "0x16a988c908de685c5c29e3859c2ad314b6c3ccc3088fce6acbf145fdf93feb04",
	"blockNumber": 5522837,
	"contractAddress": null,
	"cumulativeGasUsed": 2854533,
	"gasUsed": 51653,
	"logs": [
		{
			"address": "0x7e9e431a0B8c4D532C745B1043c7FA29a48D4fBa",
			"blockHash": "0x16a988c908de685c5c29e3859c2ad314b6c3ccc3088fce6acbf145fdf93feb04",
			"blockNumber": 5522837,
			"data": "0x00000000000000000000000000000000000000000000008761e00bda6c55c000",
			"logIndex": 46,
			"topics": [
				"0xddf252ad1be2c89b69c2b068fc378daa952ba7f163c4a11628f55a4df523b3ef",
				"0x000000000000000000000000c9f42bcc3cd6c77fae537dd24ba96668fc864150",
				"0x000000000000000000000000b3a77b52fcd7d4cc33879282731d2dfa401dbfd4"
			],
			"transactionHash": "0x3f296559e96b061226cc5dd9351b494610cf3e200b9da136e9450649c681b586",
			"transactionIndex": 56,
			"transactionLogIndex": "0x0",
			"type": "mined",
			"id": "log_31c11e45"
		}
	],
	"logsBloom": "0x00000000000000000000000000000000000000000000000000000000008000000000000000000000000000000000000000000000100000000000000000000000000000000000010000000008000000000000000000000000100000000000000000000000000000000000000000000000000000000000000000000010000000000000000000000000000000000000000000000000000000000020000000000000000000000000000080000000000000000000000000000000000000000000000000001002000000000000010000000000000000000000000000000000000000000000000000000000000000000000000000000000000000000000000000004000",
	"root": null,
	"status": "0x1",
	"transactionHash": "0x3f296559e96b061226cc5dd9351b494610cf3e200b9da136e9450649c681b586",
	"transactionIndex": 56
}
[2018-04-29T00:03:14.279] [DEBUG] trans - TO:   0xd6ed7445626e510a767be3d9273157bf3953f8bb
[2018-04-29T00:03:14.279] [DEBUG] trans - AMOUNT:   2497500000000000000000
[2018-04-29T00:03:14.279] [DEBUG] trans - Receipt info:  {
	"blockHash": "0x16a988c908de685c5c29e3859c2ad314b6c3ccc3088fce6acbf145fdf93feb04",
	"blockNumber": 5522837,
	"contractAddress": null,
	"cumulativeGasUsed": 2751227,
	"gasUsed": 51589,
	"logs": [
		{
			"address": "0x7e9e431a0B8c4D532C745B1043c7FA29a48D4fBa",
			"blockHash": "0x16a988c908de685c5c29e3859c2ad314b6c3ccc3088fce6acbf145fdf93feb04",
			"blockNumber": 5522837,
			"data": "0x00000000000000000000000000000000000000000000008763c669ad8a160000",
			"logIndex": 44,
			"topics": [
				"0xddf252ad1be2c89b69c2b068fc378daa952ba7f163c4a11628f55a4df523b3ef",
				"0x000000000000000000000000c9f42bcc3cd6c77fae537dd24ba96668fc864150",
				"0x000000000000000000000000d6ed7445626e510a767be3d9273157bf3953f8bb"
			],
			"transactionHash": "0xc0fe6745a0967a76d5c88646e0e534e6b989a45bf430369e415901226a010c7f",
			"transactionIndex": 54,
			"transactionLogIndex": "0x0",
			"type": "mined",
			"id": "log_95738761"
		}
	],
	"logsBloom": "0x00000000040000000000000000000000000800000000000000000000008000000000000000000000000080000000000000000000100000000000000000000000000000000000010000000008000000000000000000000000000000000000000000000000000000000000000000000000000000000000000000000010000000000000000000000000000000000000000000000000000000000000000000000000000000000000000080000000000000000000000000000000000000000000000000001002000000000000000000000000000000000000000000000000000000000000000000000000000000000000000000000000000000000000000000004000",
	"root": null,
	"status": "0x1",
	"transactionHash": "0xc0fe6745a0967a76d5c88646e0e534e6b989a45bf430369e415901226a010c7f",
	"transactionIndex": 54
}
[2018-04-29T00:03:14.285] [DEBUG] trans - TO:   0xb66b743757dc8a5433bb0a6deaeb59c67995d44d
[2018-04-29T00:03:14.286] [DEBUG] trans - AMOUNT:   2497000000000000000000
[2018-04-29T00:03:14.286] [DEBUG] trans - Receipt info:  {
	"blockHash": "0x16a988c908de685c5c29e3859c2ad314b6c3ccc3088fce6acbf145fdf93feb04",
	"blockNumber": 5522837,
	"contractAddress": null,
	"cumulativeGasUsed": 2906122,
	"gasUsed": 51589,
	"logs": [
		{
			"address": "0x7e9e431a0B8c4D532C745B1043c7FA29a48D4fBa",
			"blockHash": "0x16a988c908de685c5c29e3859c2ad314b6c3ccc3088fce6acbf145fdf93feb04",
			"blockNumber": 5522837,
			"data": "0x0000000000000000000000000000000000000000000000875cd60e53b6640000",
			"logIndex": 47,
			"topics": [
				"0xddf252ad1be2c89b69c2b068fc378daa952ba7f163c4a11628f55a4df523b3ef",
				"0x000000000000000000000000c9f42bcc3cd6c77fae537dd24ba96668fc864150",
				"0x000000000000000000000000b66b743757dc8a5433bb0a6deaeb59c67995d44d"
			],
			"transactionHash": "0xd30e49d1e6ed6989389f0646f5dc43fc39af3531b58b63934bdbc1a10b4fbd3b",
			"transactionIndex": 57,
			"transactionLogIndex": "0x0",
			"type": "mined",
			"id": "log_06777bb8"
		}
	],
	"logsBloom": "0x00000000000000000000000000000000000020000000000000000000008000000000000000000000000000000000000000000000100000000000000000000000000000000000010000000008000000000000000000000000000000000000000000000200000000000000000000002000000000000000000000000010000000000000000000000000000000000000000000000000000000000000000000000000000000000000000080000000000000000000000000000000000000000000000000001002000000000000000000000000000000000000000000000000000000000000000000000000000000000000000000000000000000000000000000004000",
	"root": null,
	"status": "0x1",
	"transactionHash": "0xd30e49d1e6ed6989389f0646f5dc43fc39af3531b58b63934bdbc1a10b4fbd3b",
	"transactionIndex": 57
}
[2018-04-29T00:03:14.286] [DEBUG] trans - TO:   0x1d8086c67cbe53a83931403412702594b4910044
[2018-04-29T00:03:14.286] [DEBUG] trans - AMOUNT:   2498731000000000000000
[2018-04-29T00:03:14.286] [DEBUG] trans - Receipt info:  {
	"blockHash": "0x16a988c908de685c5c29e3859c2ad314b6c3ccc3088fce6acbf145fdf93feb04",
	"blockNumber": 5522837,
	"contractAddress": null,
	"cumulativeGasUsed": 2250145,
	"gasUsed": 51589,
	"logs": [
		{
			"address": "0x7e9e431a0B8c4D532C745B1043c7FA29a48D4fBa",
			"blockHash": "0x16a988c908de685c5c29e3859c2ad314b6c3ccc3088fce6acbf145fdf93feb04",
			"blockNumber": 5522837,
			"data": "0x00000000000000000000000000000000000000000000008774dbcda7e0978000",
			"logIndex": 34,
			"topics": [
				"0xddf252ad1be2c89b69c2b068fc378daa952ba7f163c4a11628f55a4df523b3ef",
				"0x000000000000000000000000c9f42bcc3cd6c77fae537dd24ba96668fc864150",
				"0x0000000000000000000000001d8086c67cbe53a83931403412702594b4910044"
			],
			"transactionHash": "0xb67f3fa4f77625e3b267c0903ba7a715fc221de3b09f1579410a8cd150f69d2b",
			"transactionIndex": 44,
			"transactionLogIndex": "0x0",
			"type": "mined",
			"id": "log_e43a7b45"
		}
	],
	"logsBloom": "0x00000000000000000000000000000000000000000000000000000000008000000000000000000000000000000000000000000000100000000000000000000000000000000000010000000008000000000000000000000000000000000000100000000000000000000000000000000000000000000000400000000010000000000000000000000000000000000000000000000000000000000000000000000000000000000000000080000000000000000000000000000000000000000000000000001002000000000000000000000000000000000000000000800000000000000000000000000000000000000000000000000000000000000000000000004000",
	"root": null,
	"status": "0x1",
	"transactionHash": "0xb67f3fa4f77625e3b267c0903ba7a715fc221de3b09f1579410a8cd150f69d2b",
	"transactionIndex": 44
}
[2018-04-29T00:03:14.287] [DEBUG] trans - TO:   0x43fe0bcb1564d1d76b54e1f29ae167901e73fa69
[2018-04-29T00:03:14.287] [DEBUG] trans - AMOUNT:   2497475100000000000000
[2018-04-29T00:03:14.287] [DEBUG] trans - Receipt info:  {
	"blockHash": "0x16a988c908de685c5c29e3859c2ad314b6c3ccc3088fce6acbf145fdf93feb04",
	"blockNumber": 5522837,
	"contractAddress": null,
	"cumulativeGasUsed": 2802880,
	"gasUsed": 51653,
	"logs": [
		{
			"address": "0x7e9e431a0B8c4D532C745B1043c7FA29a48D4fBa",
			"blockHash": "0x16a988c908de685c5c29e3859c2ad314b6c3ccc3088fce6acbf145fdf93feb04",
			"blockNumber": 5522837,
			"data": "0x000000000000000000000000000000000000000000000087636df342832dc000",
			"logIndex": 45,
			"topics": [
				"0xddf252ad1be2c89b69c2b068fc378daa952ba7f163c4a11628f55a4df523b3ef",
				"0x000000000000000000000000c9f42bcc3cd6c77fae537dd24ba96668fc864150",
				"0x00000000000000000000000043fe0bcb1564d1d76b54e1f29ae167901e73fa69"
			],
			"transactionHash": "0x6a3c21bbe7017309720d5316dbb47343f870ff057d0572feb897c22dccdaae62",
			"transactionIndex": 55,
			"transactionLogIndex": "0x0",
			"type": "mined",
			"id": "log_b8e02259"
		}
	],
	"logsBloom": "0x00000000000000000000000000000000000000000000000000000000008000000000000000000000000000000000000000000000100000000000000000000000800000000000010000000008000000000000000000000000000000000000000000000000000000000000000000000000000000000000000000000010000000000000000010000000000000000000000000000000000000000000000000000000000000000000000080000000000000000000000000000000000000000000000000001002000000000000000000000000000000200000000000000000000000000000000000000000000000000000000000000000000000000000000000004000",
	"root": null,
	"status": "0x1",
	"transactionHash": "0x6a3c21bbe7017309720d5316dbb47343f870ff057d0572feb897c22dccdaae62",
	"transactionIndex": 55
}
[2018-04-29T00:03:14.288] [DEBUG] trans - TO:   0xe9140fa29f506d225f1199a8ddf79be4ae1949fa
[2018-04-29T00:03:14.288] [DEBUG] trans - AMOUNT:   2496570000000000000000
[2018-04-29T00:03:14.288] [DEBUG] trans - Receipt info:  {
	"blockHash": "0x16a988c908de685c5c29e3859c2ad314b6c3ccc3088fce6acbf145fdf93feb04",
	"blockNumber": 5522837,
	"contractAddress": null,
	"cumulativeGasUsed": 2957711,
	"gasUsed": 51589,
	"logs": [
		{
			"address": "0x7e9e431a0B8c4D532C745B1043c7FA29a48D4fBa",
			"blockHash": "0x16a988c908de685c5c29e3859c2ad314b6c3ccc3088fce6acbf145fdf93feb04",
			"blockNumber": 5522837,
			"data": "0x00000000000000000000000000000000000000000000008756de639af0f90000",
			"logIndex": 48,
			"topics": [
				"0xddf252ad1be2c89b69c2b068fc378daa952ba7f163c4a11628f55a4df523b3ef",
				"0x000000000000000000000000c9f42bcc3cd6c77fae537dd24ba96668fc864150",
				"0x000000000000000000000000e9140fa29f506d225f1199a8ddf79be4ae1949fa"
			],
			"transactionHash": "0x1c9afab326cb4ff95cb091fd8a78450e25e47d25cca6e12e8705ee25a8142be4",
			"transactionIndex": 58,
			"transactionLogIndex": "0x0",
			"type": "mined",
			"id": "log_01be6571"
		}
	],
	"logsBloom": "0x00000000000000000000000000000000000000000000000000000000008000000000000000000000000000000000000000000000100000000000000010000000000000000000010000000008000000000000000000000000000000000000000000000000000000000000000000000000000000000000000000000010000000000000000000000000400000000000000000000000000000000000000000000000000000000400000080000000000000000000000000000000000000000000000000001002000000000000000000000000000000000000000000000000000000000000000000000000000000000000000000000000000000000000000000004000",
	"root": null,
	"status": "0x1",
	"transactionHash": "0x1c9afab326cb4ff95cb091fd8a78450e25e47d25cca6e12e8705ee25a8142be4",
	"transactionIndex": 58
}
[2018-04-29T00:03:14.288] [DEBUG] trans - TO:   0x1a4ad98e64430884af70a56e4bdec44323afd724
[2018-04-29T00:03:14.288] [DEBUG] trans - AMOUNT:   2494430000000000000000
[2018-04-29T00:03:14.288] [DEBUG] trans - Receipt info:  {
	"blockHash": "0x16a988c908de685c5c29e3859c2ad314b6c3ccc3088fce6acbf145fdf93feb04",
	"blockNumber": 5522837,
	"contractAddress": null,
	"cumulativeGasUsed": 3304154,
	"gasUsed": 51589,
	"logs": [
		{
			"address": "0x7e9e431a0B8c4D532C745B1043c7FA29a48D4fBa",
			"blockHash": "0x16a988c908de685c5c29e3859c2ad314b6c3ccc3088fce6acbf145fdf93feb04",
			"blockNumber": 5522837,
			"data": "0x000000000000000000000000000000000000000000000087392b94f185a30000",
			"logIndex": 55,
			"topics": [
				"0xddf252ad1be2c89b69c2b068fc378daa952ba7f163c4a11628f55a4df523b3ef",
				"0x000000000000000000000000c9f42bcc3cd6c77fae537dd24ba96668fc864150",
				"0x0000000000000000000000001a4ad98e64430884af70a56e4bdec44323afd724"
			],
			"transactionHash": "0x800bd27a1eeed0b2516ea40e8d7e3cea83f4aae6e220f8320ae9bfa97360d719",
			"transactionIndex": 65,
			"transactionLogIndex": "0x0",
			"type": "mined",
			"id": "log_320a4f99"
		}
	],
	"logsBloom": "0x00000000000000000000000000000000000000000000000000000000008000000000000000000000000000000000000000000000100000000000000000000000000000000000030000000008000000000000000000000000000000000000000000000000000000000000000000000000000000000000000000000010000800001000000000000000000000000000000000000000000000000000000000000000000000000000000080000000000000000000000000000000000000000000000000001002000000000000000000000000000000000000000000000000000000000000000000000000000000000000000000000000000000000000000000004000",
	"root": null,
	"status": "0x1",
	"transactionHash": "0x800bd27a1eeed0b2516ea40e8d7e3cea83f4aae6e220f8320ae9bfa97360d719",
	"transactionIndex": 65
}
[2018-04-29T00:03:14.289] [DEBUG] trans - TO:   0xac23473573cad5446085f0a2164f08b3298a7e22
[2018-04-29T00:03:14.289] [DEBUG] trans - AMOUNT:   2495999000000000000000
[2018-04-29T00:03:14.289] [DEBUG] trans - Receipt info:  {
	"blockHash": "0x16a988c908de685c5c29e3859c2ad314b6c3ccc3088fce6acbf145fdf93feb04",
	"blockNumber": 5522837,
	"contractAddress": null,
	"cumulativeGasUsed": 3112606,
	"gasUsed": 51653,
	"logs": [
		{
			"address": "0x7e9e431a0B8c4D532C745B1043c7FA29a48D4fBa",
			"blockHash": "0x16a988c908de685c5c29e3859c2ad314b6c3ccc3088fce6acbf145fdf93feb04",
			"blockNumber": 5522837,
			"data": "0x0000000000000000000000000000000000000000000000874ef1ca216a398000",
			"logIndex": 51,
			"topics": [
				"0xddf252ad1be2c89b69c2b068fc378daa952ba7f163c4a11628f55a4df523b3ef",
				"0x000000000000000000000000c9f42bcc3cd6c77fae537dd24ba96668fc864150",
				"0x000000000000000000000000ac23473573cad5446085f0a2164f08b3298a7e22"
			],
			"transactionHash": "0x676e47cae3e60aaa39cfe8cd6080335a7b828ca1c0ef13734c335c4439766055",
			"transactionIndex": 61,
			"transactionLogIndex": "0x0",
			"type": "mined",
			"id": "log_412e2fdf"
		}
	],
	"logsBloom": "0x00000000000000000000000000000000000000000000000000000000008000000000000000000000000000000000000000000000100000008000000000000000000000000000010000000008000000000000000000000000000000000000000000000000000000000000000000000000000000000000000000000010000000000000000000000000000000000000000000000000000000000000000000000000000000000000000080000000000000000000000000000000000000000000000000001002000000000000000000000000000000000000000000000000000000000000000000000004000000000000000000000000000000000000000200004000",
	"root": null,
	"status": "0x1",
	"transactionHash": "0x676e47cae3e60aaa39cfe8cd6080335a7b828ca1c0ef13734c335c4439766055",
	"transactionIndex": 61
}
[2018-04-29T00:03:14.290] [DEBUG] trans - TO:   0xd5ab57c4c320a3e51f4491169c093756a898da80
[2018-04-29T00:03:14.290] [DEBUG] trans - AMOUNT:   2495584300000000000000
[2018-04-29T00:03:14.290] [DEBUG] trans - Receipt info:  {
	"blockHash": "0x16a988c908de685c5c29e3859c2ad314b6c3ccc3088fce6acbf145fdf93feb04",
	"blockNumber": 5522837,
	"contractAddress": null,
	"cumulativeGasUsed": 3164259,
	"gasUsed": 51653,
	"logs": [
		{
			"address": "0x7e9e431a0B8c4D532C745B1043c7FA29a48D4fBa",
			"blockHash": "0x16a988c908de685c5c29e3859c2ad314b6c3ccc3088fce6acbf145fdf93feb04",
			"blockNumber": 5522837,
			"data": "0x00000000000000000000000000000000000000000000008749307aad7ddec000",
			"logIndex": 52,
			"topics": [
				"0xddf252ad1be2c89b69c2b068fc378daa952ba7f163c4a11628f55a4df523b3ef",
				"0x000000000000000000000000c9f42bcc3cd6c77fae537dd24ba96668fc864150",
				"0x000000000000000000000000d5ab57c4c320a3e51f4491169c093756a898da80"
			],
			"transactionHash": "0x4abd6b9e96a190fa72ed9f0b3574b42810dbbfe2a388694dda33760f75edc3a9",
			"transactionIndex": 62,
			"transactionLogIndex": "0x0",
			"type": "mined",
			"id": "log_e6a2aec0"
		}
	],
	"logsBloom": "0x00000000000000000000000000000000010000000000000000000000008000000000000000000000000000000000000000000000100000000000000000000000000000000000010000000008000000000000000000000000000000000000000000000000000000000000000000000000000000000000000000000010000000000000000000000000000000000000000000000000000000000000000000000000000000000000000080000000000000000000000000000004000000001000000000001002000000000000000000000000000000000000000000000000000000000000000000000000000000000000000000000000000000000000000000004000",
	"root": null,
	"status": "0x1",
	"transactionHash": "0x4abd6b9e96a190fa72ed9f0b3574b42810dbbfe2a388694dda33760f75edc3a9",
	"transactionIndex": 62
}
[2018-04-29T00:03:14.290] [DEBUG] trans - TO:   0xadecafa981b9012b27e5a27897ea2d65552335d3
[2018-04-29T00:03:14.291] [DEBUG] trans - AMOUNT:   2494037000000000000000
[2018-04-29T00:03:14.291] [DEBUG] trans - Receipt info:  {
	"blockHash": "0x16a988c908de685c5c29e3859c2ad314b6c3ccc3088fce6acbf145fdf93feb04",
	"blockNumber": 5522837,
	"contractAddress": null,
	"cumulativeGasUsed": 3407396,
	"gasUsed": 51653,
	"logs": [
		{
			"address": "0x7e9e431a0B8c4D532C745B1043c7FA29a48D4fBa",
			"blockHash": "0x16a988c908de685c5c29e3859c2ad314b6c3ccc3088fce6acbf145fdf93feb04",
			"blockNumber": 5522837,
			"data": "0x00000000000000000000000000000000000000000000008733b75d8690e88000",
			"logIndex": 57,
			"topics": [
				"0xddf252ad1be2c89b69c2b068fc378daa952ba7f163c4a11628f55a4df523b3ef",
				"0x000000000000000000000000c9f42bcc3cd6c77fae537dd24ba96668fc864150",
				"0x000000000000000000000000adecafa981b9012b27e5a27897ea2d65552335d3"
			],
			"transactionHash": "0x6a43b6fac3727e00b51fdc0aa35129e9f969f9f0a1fb3ba9cd4e0319b24109e2",
			"transactionIndex": 67,
			"transactionLogIndex": "0x0",
			"type": "mined",
			"id": "log_2d85f3e3"
		}
	],
	"logsBloom": "0x00000000000000000000000000000000000000000000000000000000008000000000000000000000000000000000000000000000100000000000000000000000000000000000010000000008000000000000000000000000010000000000000000000000000000000000000000000000000000000000004000000010000000000000000000000000000000000000000000000000000000000000000000000000000000000000000080000000000000000000000000000000000000000000000000001002000000000000000000000000000000000000000000000000000000000000000000000000000000000000000000000000000000080000000000004000",
	"root": null,
	"status": "0x1",
	"transactionHash": "0x6a43b6fac3727e00b51fdc0aa35129e9f969f9f0a1fb3ba9cd4e0319b24109e2",
	"transactionIndex": 67
}
[2018-04-29T00:03:14.293] [DEBUG] trans - TO:   0xbc03f70c85b59feaf07fde57ac8f27584a8d1854
[2018-04-29T00:03:14.293] [DEBUG] trans - AMOUNT:   2494050000000000000000
[2018-04-29T00:03:14.293] [DEBUG] trans - Receipt info:  {
	"blockHash": "0x16a988c908de685c5c29e3859c2ad314b6c3ccc3088fce6acbf145fdf93feb04",
	"blockNumber": 5522837,
	"contractAddress": null,
	"cumulativeGasUsed": 3355743,
	"gasUsed": 51589,
	"logs": [
		{
			"address": "0x7e9e431a0B8c4D532C745B1043c7FA29a48D4fBa",
			"blockHash": "0x16a988c908de685c5c29e3859c2ad314b6c3ccc3088fce6acbf145fdf93feb04",
			"blockNumber": 5522837,
			"data": "0x00000000000000000000000000000000000000000000008733e58cf4eefd0000",
			"logIndex": 56,
			"topics": [
				"0xddf252ad1be2c89b69c2b068fc378daa952ba7f163c4a11628f55a4df523b3ef",
				"0x000000000000000000000000c9f42bcc3cd6c77fae537dd24ba96668fc864150",
				"0x000000000000000000000000bc03f70c85b59feaf07fde57ac8f27584a8d1854"
			],
			"transactionHash": "0xcf60f89bcd46e007762334d32eead410d3dec067c4582b6682dcb64e311448fd",
			"transactionIndex": 66,
			"transactionLogIndex": "0x0",
			"type": "mined",
			"id": "log_458f2625"
		}
	],
	"logsBloom": "0x00000000000000000000000000000000000000000000000000000000008000000000000000000000000000000000000000000000100000000000000000000000000000000000010000000008000000000000000000000000000000000000000000000000000000000000000000000000000000000000000000000010000000000000000000000000000000000000000000000000000000000000000000000000000000000400000080000000000000000000000000000000000000000000000000001002000000000000000000000000000000000100000400000000000000000000000000000000000000000000000000000000000000000000000000004000",
	"root": null,
	"status": "0x1",
	"transactionHash": "0xcf60f89bcd46e007762334d32eead410d3dec067c4582b6682dcb64e311448fd",
	"transactionIndex": 66
}
[2018-04-29T00:03:14.293] [DEBUG] trans - TO:   0xcd91374d6fa198c8de93b8b3711db6c238ea80e9
[2018-04-29T00:03:14.294] [DEBUG] trans - AMOUNT:   2494494600000000000000
[2018-04-29T00:03:14.294] [DEBUG] trans - Receipt info:  {
	"blockHash": "0x16a988c908de685c5c29e3859c2ad314b6c3ccc3088fce6acbf145fdf93feb04",
	"blockNumber": 5522837,
	"contractAddress": null,
	"cumulativeGasUsed": 3252565,
	"gasUsed": 36653,
	"logs": [
		{
			"address": "0x7e9e431a0B8c4D532C745B1043c7FA29a48D4fBa",
			"blockHash": "0x16a988c908de685c5c29e3859c2ad314b6c3ccc3088fce6acbf145fdf93feb04",
			"blockNumber": 5522837,
			"data": "0x0000000000000000000000000000000000000000000000873a11164d1a208000",
			"logIndex": 54,
			"topics": [
				"0xddf252ad1be2c89b69c2b068fc378daa952ba7f163c4a11628f55a4df523b3ef",
				"0x000000000000000000000000c9f42bcc3cd6c77fae537dd24ba96668fc864150",
				"0x000000000000000000000000cd91374d6fa198c8de93b8b3711db6c238ea80e9"
			],
			"transactionHash": "0x8f328b40b71c34eb34409920233b29497f9c2248e651574908502fabc4684b46",
			"transactionIndex": 64,
			"transactionLogIndex": "0x0",
			"type": "mined",
			"id": "log_7ee4a8dd"
		}
	],
	"logsBloom": "0x00000000000000000000000000000000000000000000000000000000008000000000000000000000000000000000000000000000100000000000000000000000000000000000010000000008000000000000000000000000000000000000000000000000000000000000000000000000000000000000000000000010000000000000000000000000000000000000000000000000000000000000000000000000000000000000000080000000000000000000000000000000000000000000000000001002000000000000000000000000000000000000000020000200000000000000000000000000000000000004000000000000000000000000000000004000",
	"root": null,
	"status": "0x1",
	"transactionHash": "0x8f328b40b71c34eb34409920233b29497f9c2248e651574908502fabc4684b46",
	"transactionIndex": 64
}
[2018-04-29T00:03:14.294] [DEBUG] trans - TO:   0x2ebf74d14dcd35d1527c538b5d28f3e5b2cfcccb
[2018-04-29T00:03:14.294] [DEBUG] trans - AMOUNT:   2496360000000000000000
[2018-04-29T00:03:14.294] [DEBUG] trans - Receipt info:  {
	"blockHash": "0x16a988c908de685c5c29e3859c2ad314b6c3ccc3088fce6acbf145fdf93feb04",
	"blockNumber": 5522837,
	"contractAddress": null,
	"cumulativeGasUsed": 3060953,
	"gasUsed": 51589,
	"logs": [
		{
			"address": "0x7e9e431a0B8c4D532C745B1043c7FA29a48D4fBa",
			"blockHash": "0x16a988c908de685c5c29e3859c2ad314b6c3ccc3088fce6acbf145fdf93feb04",
			"blockNumber": 5522837,
			"data": "0x00000000000000000000000000000000000000000000008753f451b7c6240000",
			"logIndex": 50,
			"topics": [
				"0xddf252ad1be2c89b69c2b068fc378daa952ba7f163c4a11628f55a4df523b3ef",
				"0x000000000000000000000000c9f42bcc3cd6c77fae537dd24ba96668fc864150",
				"0x0000000000000000000000002ebf74d14dcd35d1527c538b5d28f3e5b2cfcccb"
			],
			"transactionHash": "0x6885a11a791d84b5f7a2aec7676f69da75ba393b6bcddaa063130ce5d740c29c",
			"transactionIndex": 60,
			"transactionLogIndex": "0x0",
			"type": "mined",
			"id": "log_81f8ab84"
		}
	],
	"logsBloom": "0x00000000000000000000000000000000000000000000000000000000008000000000000000000000000000000000000000000000120000000000000000000000000000000000010000000008000000000000000000000000000000000000000200000000000000000000000000000000000000000000000000000010000000000000000000000000000000000000000000000000000000000000000000000000000000000000000080000000000000000000000000000000000000000000000000005002000000000000000000000000000000000000000000000000000000000000000000000000000000000000000000000000000000000000000000004000",
	"root": null,
	"status": "0x1",
	"transactionHash": "0x6885a11a791d84b5f7a2aec7676f69da75ba393b6bcddaa063130ce5d740c29c",
	"transactionIndex": 60
}
[2018-04-29T00:03:14.295] [DEBUG] trans - TO:   0xf470fc4e5f35228d2b1a49f3fb6853a74e8e3d63
[2018-04-29T00:03:14.295] [DEBUG] trans - AMOUNT:   2496467900000000000000
[2018-04-29T00:03:14.295] [DEBUG] trans - Receipt info:  {
	"blockHash": "0x16a988c908de685c5c29e3859c2ad314b6c3ccc3088fce6acbf145fdf93feb04",
	"blockNumber": 5522837,
	"contractAddress": null,
	"cumulativeGasUsed": 3009364,
	"gasUsed": 51653,
	"logs": [
		{
			"address": "0x7e9e431a0B8c4D532C745B1043c7FA29a48D4fBa",
			"blockHash": "0x16a988c908de685c5c29e3859c2ad314b6c3ccc3088fce6acbf145fdf93feb04",
			"blockNumber": 5522837,
			"data": "0x0000000000000000000000000000000000000000000000875573a8323967c000",
			"logIndex": 49,
			"topics": [
				"0xddf252ad1be2c89b69c2b068fc378daa952ba7f163c4a11628f55a4df523b3ef",
				"0x000000000000000000000000c9f42bcc3cd6c77fae537dd24ba96668fc864150",
				"0x000000000000000000000000f470fc4e5f35228d2b1a49f3fb6853a74e8e3d63"
			],
			"transactionHash": "0x40192b61de9574916bd659ec290f1e2806f108f5a303645986aa027484c3b74b",
			"transactionIndex": 59,
			"transactionLogIndex": "0x0",
			"type": "mined",
			"id": "log_553d4900"
		}
	],
	"logsBloom": "0x00000000000000000000000000000000000000000000000000000000008000000000000000000000000000000000000000000000100000000000000000000000000000000000010000000008000000000000000000000000000000000000000000000000000000000000000000000000000000000000000000000010000000000000000000000000000010000000000000000000000000000000000000000000000000000000000080000000000000000000000000000000000000000000040000001002040000000000000000000000000000000000000000000000000000000000000000000000000000000000000000000000000000000000000000004000",
	"root": null,
	"status": "0x1",
	"transactionHash": "0x40192b61de9574916bd659ec290f1e2806f108f5a303645986aa027484c3b74b",
	"transactionIndex": 59
}
[2018-04-29T00:03:14.295] [DEBUG] trans - TO:   0xcfd278857f11a6611b6e2114d389e84037aafebc
[2018-04-29T00:03:14.295] [DEBUG] trans - AMOUNT:   2492753800000000000000
[2018-04-29T00:03:14.296] [DEBUG] trans - Receipt info:  {
	"blockHash": "0x16a988c908de685c5c29e3859c2ad314b6c3ccc3088fce6acbf145fdf93feb04",
	"blockNumber": 5522837,
	"contractAddress": null,
	"cumulativeGasUsed": 3562291,
	"gasUsed": 51653,
	"logs": [
		{
			"address": "0x7e9e431a0B8c4D532C745B1043c7FA29a48D4fBa",
			"blockHash": "0x16a988c908de685c5c29e3859c2ad314b6c3ccc3088fce6acbf145fdf93feb04",
			"blockNumber": 5522837,
			"data": "0x00000000000000000000000000000000000000000000008721e885eca1208000",
			"logIndex": 60,
			"topics": [
				"0xddf252ad1be2c89b69c2b068fc378daa952ba7f163c4a11628f55a4df523b3ef",
				"0x000000000000000000000000c9f42bcc3cd6c77fae537dd24ba96668fc864150",
				"0x000000000000000000000000cfd278857f11a6611b6e2114d389e84037aafebc"
			],
			"transactionHash": "0x10e8c4110f296a1381695d5a73c26da6396e871ba694697a39525ccd26f9d8fe",
			"transactionIndex": 70,
			"transactionLogIndex": "0x0",
			"type": "mined",
			"id": "log_eeb17416"
		}
	],
	"logsBloom": "0x00000000000000000000000000000000000000000000000000000000008000000000000000000000000000000000000000000000100000000000000000000000000000000000010000000008000000000000000000000000000000000000000000000000000000000000000000000040000000000000000000000010000000000000000000000000000000000000000000000000000000000000000000000000000000000000000080000000000000000000000000000000000000000000000000001002000000000000000000000000000000000000000000000000000000000000000000000000000000000000000000000000002000000000000000044000",
	"root": null,
	"status": "0x1",
	"transactionHash": "0x10e8c4110f296a1381695d5a73c26da6396e871ba694697a39525ccd26f9d8fe",
	"transactionIndex": 70
}
[2018-04-29T00:03:14.297] [DEBUG] trans - TO:   0x09c084c5a6f8dbe211d8d7b88f8b9329e0e8eb74
[2018-04-29T00:03:14.297] [DEBUG] trans - AMOUNT:   2495478100000000000000
[2018-04-29T00:03:14.297] [DEBUG] trans - Receipt info:  {
	"blockHash": "0x16a988c908de685c5c29e3859c2ad314b6c3ccc3088fce6acbf145fdf93feb04",
	"blockNumber": 5522837,
	"contractAddress": null,
	"cumulativeGasUsed": 3215912,
	"gasUsed": 51653,
	"logs": [
		{
			"address": "0x7e9e431a0B8c4D532C745B1043c7FA29a48D4fBa",
			"blockHash": "0x16a988c908de685c5c29e3859c2ad314b6c3ccc3088fce6acbf145fdf93feb04",
			"blockNumber": 5522837,
			"data": "0x00000000000000000000000000000000000000000000008747b72e5722b94000",
			"logIndex": 53,
			"topics": [
				"0xddf252ad1be2c89b69c2b068fc378daa952ba7f163c4a11628f55a4df523b3ef",
				"0x000000000000000000000000c9f42bcc3cd6c77fae537dd24ba96668fc864150",
				"0x00000000000000000000000009c084c5a6f8dbe211d8d7b88f8b9329e0e8eb74"
			],
			"transactionHash": "0xdd7b466c2bd12224c3890b19af74e9267821c970d1b54980392f091948257b9b",
			"transactionIndex": 63,
			"transactionLogIndex": "0x0",
			"type": "mined",
			"id": "log_49be382a"
		}
	],
	"logsBloom": "0x00000000000000000000000000000000000000000000000000000000208000000000000000000000000000000000000000000000100000000000000000000000000000000000010000000008000000000000000000000000000000000000000000000000000000000000000100000000000000000000000000000010000000000000000000000000000000000000000000000000000000000000000000000000000000000000000080000000000000000000000000000000000000000000000000001002000000000000000000000000000000000000000000000000010000000000000000000000000000000000000000000000000000000000000000004000",
	"root": null,
	"status": "0x1",
	"transactionHash": "0xdd7b466c2bd12224c3890b19af74e9267821c970d1b54980392f091948257b9b",
	"transactionIndex": 63
}
[2018-04-29T00:03:14.297] [DEBUG] trans - TO:   0x28a7cc56797683133bb8e7ff43c1730722d9524f
[2018-04-29T00:03:14.297] [DEBUG] trans - AMOUNT:   2492602400000000000000
[2018-04-29T00:03:14.298] [DEBUG] trans - Receipt info:  {
	"blockHash": "0x16a988c908de685c5c29e3859c2ad314b6c3ccc3088fce6acbf145fdf93feb04",
	"blockNumber": 5522837,
	"contractAddress": null,
	"cumulativeGasUsed": 3665469,
	"gasUsed": 51589,
	"logs": [
		{
			"address": "0x7e9e431a0B8c4D532C745B1043c7FA29a48D4fBa",
			"blockHash": "0x16a988c908de685c5c29e3859c2ad314b6c3ccc3088fce6acbf145fdf93feb04",
			"blockNumber": 5522837,
			"data": "0x0000000000000000000000000000000000000000000000871fcea46d2e220000",
			"logIndex": 62,
			"topics": [
				"0xddf252ad1be2c89b69c2b068fc378daa952ba7f163c4a11628f55a4df523b3ef",
				"0x000000000000000000000000c9f42bcc3cd6c77fae537dd24ba96668fc864150",
				"0x00000000000000000000000028a7cc56797683133bb8e7ff43c1730722d9524f"
			],
			"transactionHash": "0xd2f2502e92934dc84ec5452dd26d3d2fe4bac1a1b9fe0202129094059ff3efaf",
			"transactionIndex": 72,
			"transactionLogIndex": "0x0",
			"type": "mined",
			"id": "log_89a00f59"
		}
	],
	"logsBloom": "0x00000000000000000000000000000000000000000000000000000000008004000000000000000000000000200000000000000000100000000000000000000000000000000000010000000008000000000000000000000000000000000000000000000000000000000000000000000000000000000000000000000010000000000000000000000000000000000000000000000000000000000000000000000000000000000000000080000000000000000000000000000000000000000000000000001002000000000000000000080000000000000000000000000000000000000000000000000000000000000000000000000000000000000000000000004000",
	"root": null,
	"status": "0x1",
	"transactionHash": "0xd2f2502e92934dc84ec5452dd26d3d2fe4bac1a1b9fe0202129094059ff3efaf",
	"transactionIndex": 72
}
[2018-04-29T00:03:14.299] [DEBUG] trans - TO:   0xbcf4c4a9f33fa92b5eeb2742b8a89fa38cf1d957
[2018-04-29T00:03:14.299] [DEBUG] trans - AMOUNT:   2493369700000000000000
[2018-04-29T00:03:14.299] [DEBUG] trans - Receipt info:  {
	"blockHash": "0x16a988c908de685c5c29e3859c2ad314b6c3ccc3088fce6acbf145fdf93feb04",
	"blockNumber": 5522837,
	"contractAddress": null,
	"cumulativeGasUsed": 3510638,
	"gasUsed": 51653,
	"logs": [
		{
			"address": "0x7e9e431a0B8c4D532C745B1043c7FA29a48D4fBa",
			"blockHash": "0x16a988c908de685c5c29e3859c2ad314b6c3ccc3088fce6acbf145fdf93feb04",
			"blockNumber": 5522837,
			"data": "0x0000000000000000000000000000000000000000000000872a74a3b60e4a4000",
			"logIndex": 59,
			"topics": [
				"0xddf252ad1be2c89b69c2b068fc378daa952ba7f163c4a11628f55a4df523b3ef",
				"0x000000000000000000000000c9f42bcc3cd6c77fae537dd24ba96668fc864150",
				"0x000000000000000000000000bcf4c4a9f33fa92b5eeb2742b8a89fa38cf1d957"
			],
			"transactionHash": "0x2ee901260bd98738e7f0c795d7ff7d035135eb6a2b50e37ad82f6ebd624d77a7",
			"transactionIndex": 69,
			"transactionLogIndex": "0x0",
			"type": "mined",
			"id": "log_275cdc07"
		}
	],
	"logsBloom": "0x00000000000000000000000000000000000000000000000000000000008000000000000000000000000000000000000000000000100100000000000000000200000000000000010000000008000000000000000000000000000000000000000000000000000000000000000000000000000000000000000000000010000000000000000000000000000000000000000001000000000000000000000000000000000000000000000080000000000000000000000000000000000000000000000000001002000000000000000000000000000000000000000000000000000000000000000000000000000000000000000000000000000000000000000000004000",
	"root": null,
	"status": "0x1",
	"transactionHash": "0x2ee901260bd98738e7f0c795d7ff7d035135eb6a2b50e37ad82f6ebd624d77a7",
	"transactionIndex": 69
}
[2018-04-29T00:03:14.300] [DEBUG] trans - TO:   0x6005cf2aea8ce2977ae042012e7ce0337e039918
[2018-04-29T00:03:14.300] [DEBUG] trans - AMOUNT:   2491171300000000000000
[2018-04-29T00:03:14.300] [DEBUG] trans - Receipt info:  {
	"blockHash": "0x16a988c908de685c5c29e3859c2ad314b6c3ccc3088fce6acbf145fdf93feb04",
	"blockNumber": 5522837,
	"contractAddress": null,
	"cumulativeGasUsed": 3923670,
	"gasUsed": 51653,
	"logs": [
		{
			"address": "0x7e9e431a0B8c4D532C745B1043c7FA29a48D4fBa",
			"blockHash": "0x16a988c908de685c5c29e3859c2ad314b6c3ccc3088fce6acbf145fdf93feb04",
			"blockNumber": 5522837,
			"data": "0x0000000000000000000000000000000000000000000000870bf25a8f0c124000",
			"logIndex": 67,
			"topics": [
				"0xddf252ad1be2c89b69c2b068fc378daa952ba7f163c4a11628f55a4df523b3ef",
				"0x000000000000000000000000c9f42bcc3cd6c77fae537dd24ba96668fc864150",
				"0x0000000000000000000000006005cf2aea8ce2977ae042012e7ce0337e039918"
			],
			"transactionHash": "0x8eda11408564e7805910f835f2fc1891ab976bff499270da16b1db9c875f3fe9",
			"transactionIndex": 77,
			"transactionLogIndex": "0x0",
			"type": "mined",
			"id": "log_ef1b72dd"
		}
	],
	"logsBloom": "0x00000000000000000000000000000000000000000000000000000000008000000000000000000000000000000000000000000000100000000000000000000000000000000000010000000008000000020000000000000000000000000000000000000000000000000000000000000000000000000000000000000010000008000000000000000000000000000000000000000000000000000000000000000000000000000000000080000000000000000000000000000000000000000000000000001002000000000000000000000000000000000000000000000000000000000000000000000004000000000000000000000000000000000000000000004000",
	"root": null,
	"status": "0x1",
	"transactionHash": "0x8eda11408564e7805910f835f2fc1891ab976bff499270da16b1db9c875f3fe9",
	"transactionIndex": 77
}
[2018-04-29T00:03:14.301] [DEBUG] trans - TO:   0x52d654461ae6822dff9a04c382b189472f87454d
[2018-04-29T00:03:14.301] [DEBUG] trans - AMOUNT:   2492000000000000000000
[2018-04-29T00:03:14.301] [DEBUG] trans - Receipt info:  {
	"blockHash": "0x16a988c908de685c5c29e3859c2ad314b6c3ccc3088fce6acbf145fdf93feb04",
	"blockNumber": 5522837,
	"contractAddress": null,
	"cumulativeGasUsed": 3717058,
	"gasUsed": 51589,
	"logs": [
		{
			"address": "0x7e9e431a0B8c4D532C745B1043c7FA29a48D4fBa",
			"blockHash": "0x16a988c908de685c5c29e3859c2ad314b6c3ccc3088fce6acbf145fdf93feb04",
			"blockNumber": 5522837,
			"data": "0x00000000000000000000000000000000000000000000008717727cd171700000",
			"logIndex": 63,
			"topics": [
				"0xddf252ad1be2c89b69c2b068fc378daa952ba7f163c4a11628f55a4df523b3ef",
				"0x000000000000000000000000c9f42bcc3cd6c77fae537dd24ba96668fc864150",
				"0x00000000000000000000000052d654461ae6822dff9a04c382b189472f87454d"
			],
			"transactionHash": "0xbc4db2abd5f4472bcd2d8b1930ba020904a659eb08cc0319009b57e9614e20e0",
			"transactionIndex": 73,
			"transactionLogIndex": "0x0",
			"type": "mined",
			"id": "log_26569f58"
		}
	],
	"logsBloom": "0x00000000000000000000000000000000000000000000000000000000008000000000000000000000000000000000000000000000100000000000000000000000000000000000010000000008000000000000000010000000000000000000000000000000000000000000000000000000000000000000000000000010000000000000000000000000000000400000000000000000000000001000000000000000000000000000000080000000000000000000000000000000000000000000000000001002000000000000000000000000000000000000000000000000000000000000000000000000000000000000000000000000000000000000000000004000",
	"root": null,
	"status": "0x1",
	"transactionHash": "0xbc4db2abd5f4472bcd2d8b1930ba020904a659eb08cc0319009b57e9614e20e0",
	"transactionIndex": 73
}
[2018-04-29T00:03:14.301] [DEBUG] trans - TO:   0x96ad1e9c94caa38a6bdc27b08a5c6e4f22b7be43
[2018-04-29T00:03:14.301] [DEBUG] trans - AMOUNT:   2491642600000000000000
[2018-04-29T00:03:14.301] [DEBUG] trans - Receipt info:  {
	"blockHash": "0x16a988c908de685c5c29e3859c2ad314b6c3ccc3088fce6acbf145fdf93feb04",
	"blockNumber": 5522837,
	"contractAddress": null,
	"cumulativeGasUsed": 3820364,
	"gasUsed": 51653,
	"logs": [
		{
			"address": "0x7e9e431a0B8c4D532C745B1043c7FA29a48D4fBa",
			"blockHash": "0x16a988c908de685c5c29e3859c2ad314b6c3ccc3088fce6acbf145fdf93feb04",
			"blockNumber": 5522837,
			"data": "0x000000000000000000000000000000000000000000000087127cbf6966b68000",
			"logIndex": 65,
			"topics": [
				"0xddf252ad1be2c89b69c2b068fc378daa952ba7f163c4a11628f55a4df523b3ef",
				"0x000000000000000000000000c9f42bcc3cd6c77fae537dd24ba96668fc864150",
				"0x00000000000000000000000096ad1e9c94caa38a6bdc27b08a5c6e4f22b7be43"
			],
			"transactionHash": "0x0c0bab6753d05539f732c537d9a87c54ec62b52f21688e537f00de3ea7646020",
			"transactionIndex": 75,
			"transactionLogIndex": "0x0",
			"type": "mined",
			"id": "log_62574c50"
		}
	],
	"logsBloom": "0x00000000000000000000000000000020000000000000000000000000008000000000000000000000000000000000000000000000100000000000000000000000000000000000010000000008000000000000000000000000000000000000000000000000000000000000000000000000000000000000000000000010000000000001000000000000000000000000000000000000000000000000000000000000000000000000000080000000000000000000000000000000000000000000000000001002000000000000000000000000000000000000000000000000000800000000000000000000000000000000000000000000000000000000000000004000",
	"root": null,
	"status": "0x1",
	"transactionHash": "0x0c0bab6753d05539f732c537d9a87c54ec62b52f21688e537f00de3ea7646020",
	"transactionIndex": 75
}
[2018-04-29T00:03:14.302] [DEBUG] trans - TO:   0x2ec6588efeaee66a5fc48787558309643db09510
[2018-04-29T00:03:14.302] [DEBUG] trans - AMOUNT:   2491989000000000000000
[2018-04-29T00:03:14.302] [DEBUG] trans - Receipt info:  {
	"blockHash": "0x16a988c908de685c5c29e3859c2ad314b6c3ccc3088fce6acbf145fdf93feb04",
	"blockNumber": 5522837,
	"contractAddress": null,
	"cumulativeGasUsed": 3768711,
	"gasUsed": 51653,
	"logs": [
		{
			"address": "0x7e9e431a0B8c4D532C745B1043c7FA29a48D4fBa",
			"blockHash": "0x16a988c908de685c5c29e3859c2ad314b6c3ccc3088fce6acbf145fdf93feb04",
			"blockNumber": 5522837,
			"data": "0x000000000000000000000000000000000000000000000087174b68605ce88000",
			"logIndex": 64,
			"topics": [
				"0xddf252ad1be2c89b69c2b068fc378daa952ba7f163c4a11628f55a4df523b3ef",
				"0x000000000000000000000000c9f42bcc3cd6c77fae537dd24ba96668fc864150",
				"0x0000000000000000000000002ec6588efeaee66a5fc48787558309643db09510"
			],
			"transactionHash": "0x94ddedc76df12abc8e524044d9b0ffd41296b2984e8ae6139f2f7dffcca3e7e3",
			"transactionIndex": 74,
			"transactionLogIndex": "0x0",
			"type": "mined",
			"id": "log_748081ac"
		}
	],
	"logsBloom": "0x00000000000000000000000000000000000000000000000000000002008000000000000000000000000000000000000000000000100000000000000000000000000000000000010000200008000000000000000000000000000000000000000000000000000000000000000000000000000000000000000000000010000000000000000000000000000000000000000000000000000000000000000000000000000000000000000080000000000000000000000008000000000000000000000000001002000000000000000000000000000000000000000000000000000000000000000000000000000000000000000000000000000000000000000000004000",
	"root": null,
	"status": "0x1",
	"transactionHash": "0x94ddedc76df12abc8e524044d9b0ffd41296b2984e8ae6139f2f7dffcca3e7e3",
	"transactionIndex": 74
}
[2018-04-29T00:03:14.303] [DEBUG] trans - TO:   0x6d4d79bf58e29bce63f9a45982c18489bad61450
[2018-04-29T00:03:14.303] [DEBUG] trans - AMOUNT:   2491607000000000000000
[2018-04-29T00:03:14.303] [DEBUG] trans - Receipt info:  {
	"blockHash": "0x16a988c908de685c5c29e3859c2ad314b6c3ccc3088fce6acbf145fdf93feb04",
	"blockNumber": 5522837,
	"contractAddress": null,
	"cumulativeGasUsed": 3872017,
	"gasUsed": 51653,
	"logs": [
		{
			"address": "0x7e9e431a0B8c4D532C745B1043c7FA29a48D4fBa",
			"blockHash": "0x16a988c908de685c5c29e3859c2ad314b6c3ccc3088fce6acbf145fdf93feb04",
			"blockNumber": 5522837,
			"data": "0x00000000000000000000000000000000000000000000008711fe45667cb58000",
			"logIndex": 66,
			"topics": [
				"0xddf252ad1be2c89b69c2b068fc378daa952ba7f163c4a11628f55a4df523b3ef",
				"0x000000000000000000000000c9f42bcc3cd6c77fae537dd24ba96668fc864150",
				"0x0000000000000000000000006d4d79bf58e29bce63f9a45982c18489bad61450"
			],
			"transactionHash": "0x08179923ad4c9d4464bbf641237daff5413c33814dc58cd1aecb8d2c83788173",
			"transactionIndex": 76,
			"transactionLogIndex": "0x0",
			"type": "mined",
			"id": "log_a218d47e"
		}
	],
	"logsBloom": "0x00000000000000000000000000000000000000000000000000000000008000000000000000000000000000000000000000000000100000000000000000000000000000000000010000000008000000000000000040000000000000000000000000000000002000400000000000000000000000000000000000000010000000000000000000000000000000000000000000000000000000000000000000000000000000000000000080000000000000000000000000000000000000000000000000001002000000000000000000000000000000000000000000000000000000000000000000000000000000000000000000000000000000000000000000004000",
	"root": null,
	"status": "0x1",
	"transactionHash": "0x08179923ad4c9d4464bbf641237daff5413c33814dc58cd1aecb8d2c83788173",
	"transactionIndex": 76
}
[2018-04-29T00:03:14.304] [DEBUG] trans - TO:   0x7e657e3f412c4154e59abe071faa0c1046d90868
[2018-04-29T00:03:14.304] [DEBUG] trans - AMOUNT:   2489995300000000000000
[2018-04-29T00:03:14.304] [DEBUG] trans - Receipt info:  {
	"blockHash": "0x16a988c908de685c5c29e3859c2ad314b6c3ccc3088fce6acbf145fdf93feb04",
	"blockNumber": 5522837,
	"contractAddress": null,
	"cumulativeGasUsed": 3975323,
	"gasUsed": 51653,
	"logs": [
		{
			"address": "0x7e9e431a0B8c4D532C745B1043c7FA29a48D4fBa",
			"blockHash": "0x16a988c908de685c5c29e3859c2ad314b6c3ccc3088fce6acbf145fdf93feb04",
			"blockNumber": 5522837,
			"data": "0x000000000000000000000000000000000000000000000086fba05cca1c364000",
			"logIndex": 68,
			"topics": [
				"0xddf252ad1be2c89b69c2b068fc378daa952ba7f163c4a11628f55a4df523b3ef",
				"0x000000000000000000000000c9f42bcc3cd6c77fae537dd24ba96668fc864150",
				"0x0000000000000000000000007e657e3f412c4154e59abe071faa0c1046d90868"
			],
			"transactionHash": "0x28e7dff40a12bf2f0789b93e6075eb78728c516e0109352beb35431af7271cf0",
			"transactionIndex": 78,
			"transactionLogIndex": "0x0",
			"type": "mined",
			"id": "log_348f32db"
		}
	],
	"logsBloom": "0x00000000000000000000000000000000000000000000000000000000008000000000000000000000000000000000000000000000100000000000000000000000000000000000010000000008000000000000000000000000000000000000000000000000000000000000000000000000000000000000000000000010000000000000000000000000000000000000000000000000000000000000000000000000000000000000000080000000000000000000000000000000000000000000000000001002000000000000000000000000000000000000800000000000000000000000000000000008000000000000000000100000000000000000000000004000",
	"root": null,
	"status": "0x1",
	"transactionHash": "0x28e7dff40a12bf2f0789b93e6075eb78728c516e0109352beb35431af7271cf0",
	"transactionIndex": 78
}
[2018-04-29T00:03:14.305] [DEBUG] trans - TO:   0x6a92c0a72f1310376c9dce6bbb9c29f2b427b31e
[2018-04-29T00:03:14.305] [DEBUG] trans - AMOUNT:   2489705900000000000000
[2018-04-29T00:03:14.305] [DEBUG] trans - Receipt info:  {
	"blockHash": "0x16a988c908de685c5c29e3859c2ad314b6c3ccc3088fce6acbf145fdf93feb04",
	"blockNumber": 5522837,
	"contractAddress": null,
	"cumulativeGasUsed": 4026976,
	"gasUsed": 51653,
	"logs": [
		{
			"address": "0x7e9e431a0B8c4D532C745B1043c7FA29a48D4fBa",
			"blockHash": "0x16a988c908de685c5c29e3859c2ad314b6c3ccc3088fce6acbf145fdf93feb04",
			"blockNumber": 5522837,
			"data": "0x000000000000000000000000000000000000000000000086f79c3505d636c000",
			"logIndex": 69,
			"topics": [
				"0xddf252ad1be2c89b69c2b068fc378daa952ba7f163c4a11628f55a4df523b3ef",
				"0x000000000000000000000000c9f42bcc3cd6c77fae537dd24ba96668fc864150",
				"0x0000000000000000000000006a92c0a72f1310376c9dce6bbb9c29f2b427b31e"
			],
			"transactionHash": "0xd70ba25906ea2200f6bb89d7062d992ffbcbcf39e55123ec809eb08a988e5822",
			"transactionIndex": 79,
			"transactionLogIndex": "0x0",
			"type": "mined",
			"id": "log_69f13c66"
		}
	],
	"logsBloom": "0x00000000000000000000000000000000000000000000000000000000008000000000000000000000000000000000000000000000100000000000000000000000020000000000010000000008000000000000000000000000000000004000000000000000000000000000000000000000000000000000000000000010000000000000000000000000000000000000000000000000000000000000000000000000000000000000000080000000000000000000000000000000000000000000000000001002000000000000000000000000000000000000000000000000000000000000000000000000000000000000000000000000000000000000000000004008",
	"root": null,
	"status": "0x1",
	"transactionHash": "0xd70ba25906ea2200f6bb89d7062d992ffbcbcf39e55123ec809eb08a988e5822",
	"transactionIndex": 79
}
[2018-04-29T00:03:14.305] [DEBUG] trans - TO:   0xdcec5e454149732b8ee2ad418ff57df605610b07
[2018-04-29T00:03:14.305] [DEBUG] trans - AMOUNT:   2489256000000000000000
[2018-04-29T00:03:14.305] [DEBUG] trans - Receipt info:  {
	"blockHash": "0x16a988c908de685c5c29e3859c2ad314b6c3ccc3088fce6acbf145fdf93feb04",
	"blockNumber": 5522837,
	"contractAddress": null,
	"cumulativeGasUsed": 4130218,
	"gasUsed": 51589,
	"logs": [
		{
			"address": "0x7e9e431a0B8c4D532C745B1043c7FA29a48D4fBa",
			"blockHash": "0x16a988c908de685c5c29e3859c2ad314b6c3ccc3088fce6acbf145fdf93feb04",
			"blockNumber": 5522837,
			"data": "0x000000000000000000000000000000000000000000000086f15dd75b41c40000",
			"logIndex": 71,
			"topics": [
				"0xddf252ad1be2c89b69c2b068fc378daa952ba7f163c4a11628f55a4df523b3ef",
				"0x000000000000000000000000c9f42bcc3cd6c77fae537dd24ba96668fc864150",
				"0x000000000000000000000000dcec5e454149732b8ee2ad418ff57df605610b07"
			],
			"transactionHash": "0x6ac2015bbc8924138b9e65de1a6c9ef281b590423d9a88ae06a205dec6e438b4",
			"transactionIndex": 81,
			"transactionLogIndex": "0x0",
			"type": "mined",
			"id": "log_ba667353"
		}
	],
	"logsBloom": "0x00000000000000000000000000000000000000000000000000000000008000000000000000000000000000000000000000000000100000000000000000004000000000000000010000000008000000000000000000000000000000000000000000000000000000000000000000000000000000000000000000000010000000000000000000000000000000000000000000000000000000000000000000000000000000000000000080000000040000000000000000000000000000000000000008001002000000000000000000000000000000000000000000000000000000000000000000000000000000000000000000000000000000000000000000004000",
	"root": null,
	"status": "0x1",
	"transactionHash": "0x6ac2015bbc8924138b9e65de1a6c9ef281b590423d9a88ae06a205dec6e438b4",
	"transactionIndex": 81
}
[2018-04-29T00:03:14.306] [DEBUG] trans - TO:   0xb1e18ed6cc53eaeae707c504626554128f4e9e81
[2018-04-29T00:03:14.306] [DEBUG] trans - AMOUNT:   2489686900000000000000
[2018-04-29T00:03:14.306] [DEBUG] trans - Receipt info:  {
	"blockHash": "0x16a988c908de685c5c29e3859c2ad314b6c3ccc3088fce6acbf145fdf93feb04",
	"blockNumber": 5522837,
	"contractAddress": null,
	"cumulativeGasUsed": 4078629,
	"gasUsed": 51653,
	"logs": [
		{
			"address": "0x7e9e431a0B8c4D532C745B1043c7FA29a48D4fBa",
			"blockHash": "0x16a988c908de685c5c29e3859c2ad314b6c3ccc3088fce6acbf145fdf93feb04",
			"blockNumber": 5522837,
			"data": "0x000000000000000000000000000000000000000000000086f758b49f9b7b4000",
			"logIndex": 70,
			"topics": [
				"0xddf252ad1be2c89b69c2b068fc378daa952ba7f163c4a11628f55a4df523b3ef",
				"0x000000000000000000000000c9f42bcc3cd6c77fae537dd24ba96668fc864150",
				"0x000000000000000000000000b1e18ed6cc53eaeae707c504626554128f4e9e81"
			],
			"transactionHash": "0xfe72c6900320472d7e11b15fc8a2a14cccf62adc2887c8ba722a005d9fee03a0",
			"transactionIndex": 80,
			"transactionLogIndex": "0x0",
			"type": "mined",
			"id": "log_f0089690"
		}
	],
	"logsBloom": "0x00000000000000040000000000000000000000000000000000000000008000000000000000000000000000000000000000000000100000000000000000000000000000000000010000020008000000000000000000000000000000000000000000000000000000000000000000000000000000000000000000000010000000000000000000000000000000000000000000000000000000000000000000000000000000000000000080000000000000000000000000000000000000000000000000001002000000000000000000000000000000000000000000000000004000000000000000000000000000000000000000000000000000000000000000004000",
	"root": null,
	"status": "0x1",
	"transactionHash": "0xfe72c6900320472d7e11b15fc8a2a14cccf62adc2887c8ba722a005d9fee03a0",
	"transactionIndex": 80
}
[2018-04-29T00:03:14.342] [DEBUG] trans - TO:   0xee17ce56e746cc41931c784d66074bb59f4efd3a
[2018-04-29T00:03:14.342] [DEBUG] trans - AMOUNT:   2493404000000000000000
[2018-04-29T00:03:14.342] [DEBUG] trans - Receipt info:  {
	"blockHash": "0x16a988c908de685c5c29e3859c2ad314b6c3ccc3088fce6acbf145fdf93feb04",
	"blockNumber": 5522837,
	"contractAddress": null,
	"cumulativeGasUsed": 3458985,
	"gasUsed": 51589,
	"logs": [
		{
			"address": "0x7e9e431a0B8c4D532C745B1043c7FA29a48D4fBa",
			"blockHash": "0x16a988c908de685c5c29e3859c2ad314b6c3ccc3088fce6acbf145fdf93feb04",
			"blockNumber": 5522837,
			"data": "0x0000000000000000000000000000000000000000000000872aee7f6122160000",
			"logIndex": 58,
			"topics": [
				"0xddf252ad1be2c89b69c2b068fc378daa952ba7f163c4a11628f55a4df523b3ef",
				"0x000000000000000000000000c9f42bcc3cd6c77fae537dd24ba96668fc864150",
				"0x000000000000000000000000ee17ce56e746cc41931c784d66074bb59f4efd3a"
			],
			"transactionHash": "0x3f3142597e2fe106edcbf24423d5db19d302c59a5a8040cb6a228ccf3a5558f5",
			"transactionIndex": 68,
			"transactionLogIndex": "0x0",
			"type": "mined",
			"id": "log_e679484a"
		}
	],
	"logsBloom": "0x00000000000000000000000000000000000000000000000000000000008000000000000000000000000000000000000000000000100000000000000000000000000000000000010000000008000000000000000000000000000000008000000000000000000000000000000000000000000000000000000000000010000000100000000000000000000000000000000000000000000000000000000000000000000000000000000080000000000000000000000000000000000000000000000000001002000001000000000000000000000000000000000000000000000000000000000000000000000000000000000000000000000000000000000000004000",
	"root": null,
	"status": "0x1",
	"transactionHash": "0x3f3142597e2fe106edcbf24423d5db19d302c59a5a8040cb6a228ccf3a5558f5",
	"transactionIndex": 68
}
[2018-04-29T00:03:14.343] [DEBUG] trans - TO:   0xeb326e23e72390d2518eee81d504173af1f4ff95
[2018-04-29T00:03:14.344] [DEBUG] trans - AMOUNT:   2492705200000000000000
[2018-04-29T00:03:14.344] [DEBUG] trans - Receipt info:  {
	"blockHash": "0x16a988c908de685c5c29e3859c2ad314b6c3ccc3088fce6acbf145fdf93feb04",
	"blockNumber": 5522837,
	"contractAddress": null,
	"cumulativeGasUsed": 3613880,
	"gasUsed": 51589,
	"logs": [
		{
			"address": "0x7e9e431a0B8c4D532C745B1043c7FA29a48D4fBa",
			"blockHash": "0x16a988c908de685c5c29e3859c2ad314b6c3ccc3088fce6acbf145fdf93feb04",
			"blockNumber": 5522837,
			"data": "0x000000000000000000000000000000000000000000000087213bdc7b590b0000",
			"logIndex": 61,
			"topics": [
				"0xddf252ad1be2c89b69c2b068fc378daa952ba7f163c4a11628f55a4df523b3ef",
				"0x000000000000000000000000c9f42bcc3cd6c77fae537dd24ba96668fc864150",
				"0x000000000000000000000000eb326e23e72390d2518eee81d504173af1f4ff95"
			],
			"transactionHash": "0x06f625593e7830be624fd5a86acc9a1b7ecb35382d12c4ad6c48d295dd069415",
			"transactionIndex": 71,
			"transactionLogIndex": "0x0",
			"type": "mined",
			"id": "log_fac7a357"
		}
	],
	"logsBloom": "0x00000000000000000000000000200000000000000000000000000002008000000000000000000000000000000000000000000000100000000000000000000000000000000000010000000008000000000000000000000000000000000000000000000000000000000000000000000000000000000000000000000010000000000000000000000000000000000000000000000000000080000000000000000000000000000000000080000000000000000000000000000000000000000000000000001002000000000000000000000000000000000000000000000000000000000000000000000000000000000000000000000000000000000000000000004000",
	"root": null,
	"status": "0x1",
	"transactionHash": "0x06f625593e7830be624fd5a86acc9a1b7ecb35382d12c4ad6c48d295dd069415",
	"transactionIndex": 71
}
