[2018-04-28T23:53:24.433] [DEBUG] trans - TO:   0x3dd48ad861f0b77d1312f9c95a13e52871ca95e0
[2018-04-28T23:53:24.435] [DEBUG] trans - AMOUNT:   2474795300000000000000
[2018-04-28T23:53:24.435] [DEBUG] trans - Receipt info:  {
	"blockHash": "0xbe7203bd6fe507cc6cbc68788a8e2ac0c1fbb8860766de48425ad7b08549fa8f",
	"blockNumber": 5522795,
	"contractAddress": null,
	"cumulativeGasUsed": 919534,
	"gasUsed": 51653,
	"logs": [
		{
			"address": "0x7e9e431a0B8c4D532C745B1043c7FA29a48D4fBa",
			"blockHash": "0xbe7203bd6fe507cc6cbc68788a8e2ac0c1fbb8860766de48425ad7b08549fa8f",
			"blockNumber": 5522795,
			"data": "0x00000000000000000000000000000000000000000000008628af1d5292464000",
			"logIndex": 18,
			"topics": [
				"0xddf252ad1be2c89b69c2b068fc378daa952ba7f163c4a11628f55a4df523b3ef",
				"0x000000000000000000000000c9f42bcc3cd6c77fae537dd24ba96668fc864150",
				"0x0000000000000000000000003dd48ad861f0b77d1312f9c95a13e52871ca95e0"
			],
			"transactionHash": "0x21c905f2e3af5562a1db32ed4c4d54385fa848f1b9e50c52ac2108581774afad",
			"transactionIndex": 25,
			"transactionLogIndex": "0x0",
			"type": "mined",
			"id": "log_f4f861f9"
		}
	],
	"logsBloom": "0x00000020000000000000000000000000000000000000000000000000008000000000000000000000000000000000000000000000100000000000000000000000000000000000010000000008000000000000000000000000000000000000000000000000000000000000000000000000000000000000000000000010000000000000000000001000000000000000000000000000000000000000000000000000000000000000000080000000000000000000000000000000000000000000000000001002000000000000000000000000000000000000000000000000000000000000000000000000000000000000000000000000000000000000004000004000",
	"root": null,
	"status": "0x1",
	"transactionHash": "0x21c905f2e3af5562a1db32ed4c4d54385fa848f1b9e50c52ac2108581774afad",
	"transactionIndex": 25
}
[2018-04-28T23:53:38.452] [DEBUG] trans - TO:   0xae2a1ba2f89429e2ecb55318d604ab73090204c4
[2018-04-28T23:53:38.452] [DEBUG] trans - AMOUNT:   2474749200000000000000
[2018-04-28T23:53:38.452] [DEBUG] trans - Receipt info:  {
	"blockHash": "0xe3a9cf22010c916c4d8b5078a4fd3a13f140f7bfdde663997c3b3b94fe3ba228",
	"blockNumber": 5522796,
	"contractAddress": null,
	"cumulativeGasUsed": 1104539,
	"gasUsed": 51589,
	"logs": [
		{
			"address": "0x7e9e431a0B8c4D532C745B1043c7FA29a48D4fBa",
			"blockHash": "0xe3a9cf22010c916c4d8b5078a4fd3a13f140f7bfdde663997c3b3b94fe3ba228",
			"blockNumber": 5522796,
			"data": "0x000000000000000000000000000000000000000000000086280b559de6210000",
			"logIndex": 14,
			"topics": [
				"0xddf252ad1be2c89b69c2b068fc378daa952ba7f163c4a11628f55a4df523b3ef",
				"0x000000000000000000000000c9f42bcc3cd6c77fae537dd24ba96668fc864150",
				"0x000000000000000000000000ae2a1ba2f89429e2ecb55318d604ab73090204c4"
			],
			"transactionHash": "0x836e5ca4498ab87c3db2284593bcf92791400e109132e853632ede05a1c5439d",
			"transactionIndex": 15,
			"transactionLogIndex": "0x0",
			"type": "mined",
			"id": "log_0a7482d9"
		}
	],
	"logsBloom": "0x00000000000000000000000000000000000000000000000000000000008000000000000000000000000000000000000000000000100000000000000000000000000000000000010000000008000000000000000000080000000000000000000000800000000000000000000000000000000000000000000000000010000000000000000000000000000000000000000000000000000000000000000000000000000000000000000080000000000000000000000000000000000000000000000000001002000000000000000000000000000000000000000000000000000000000000000000000000000010000000000000000000000000000000000000004000",
	"root": null,
	"status": "0x1",
	"transactionHash": "0x836e5ca4498ab87c3db2284593bcf92791400e109132e853632ede05a1c5439d",
	"transactionIndex": 15
}
[2018-04-28T23:54:00.482] [DEBUG] trans - TO:   0xbec97299ee6f165109d06b23320faa55457e0f39
[2018-04-28T23:54:00.482] [DEBUG] trans - AMOUNT:   2474340900000000000000
[2018-04-28T23:54:00.482] [DEBUG] trans - Receipt info:  {
	"blockHash": "0x4b3f061e8d6c40a7d38e1509fd4611eff0f993b60684f1a1f296ea4a4a0ebc37",
	"blockNumber": 5522798,
	"contractAddress": null,
	"cumulativeGasUsed": 478887,
	"gasUsed": 51653,
	"logs": [
		{
			"address": "0x7e9e431a0B8c4D532C745B1043c7FA29a48D4fBa",
			"blockHash": "0x4b3f061e8d6c40a7d38e1509fd4611eff0f993b60684f1a1f296ea4a4a0ebc37",
			"blockNumber": 5522798,
			"data": "0x0000000000000000000000000000000000000000000000862260c2ee18564000",
			"logIndex": 5,
			"topics": [
				"0xddf252ad1be2c89b69c2b068fc378daa952ba7f163c4a11628f55a4df523b3ef",
				"0x000000000000000000000000c9f42bcc3cd6c77fae537dd24ba96668fc864150",
				"0x000000000000000000000000bec97299ee6f165109d06b23320faa55457e0f39"
			],
			"transactionHash": "0x9e4d6382ee6662d6342779a19518257033dadb433d60d86f7640fbc345b16173",
			"transactionIndex": 13,
			"transactionLogIndex": "0x0",
			"type": "mined",
			"id": "log_a39ff6fe"
		}
	],
	"logsBloom": "0x00000000000000800000000000000000000000000000000000000000008000000000000000000000000000000000000000000000100000000000000000000000000000000000010000000008000000000000000000000000000000000000000000000000000000000000000000000000000000000000000000000010000000000000000000000000000000000000000000000000000000000000000000000000000000000000000080000000000000000000000000000000000000000000000000001002000000000000000000000000000000000000000000000010000000000000000000000000000000000000000000000000000000000000080000004000",
	"root": null,
	"status": "0x1",
	"transactionHash": "0x9e4d6382ee6662d6342779a19518257033dadb433d60d86f7640fbc345b16173",
	"transactionIndex": 13
}
[2018-04-28T23:54:00.483] [DEBUG] trans - TO:   0x07356df3a3a5d914ebe0ef53acde2f8ef0da3bca
[2018-04-28T23:54:00.483] [DEBUG] trans - AMOUNT:   2474175900000000000000
[2018-04-28T23:54:00.483] [DEBUG] trans - Receipt info:  {
	"blockHash": "0x4b3f061e8d6c40a7d38e1509fd4611eff0f993b60684f1a1f296ea4a4a0ebc37",
	"blockNumber": 5522798,
	"contractAddress": null,
	"cumulativeGasUsed": 4399013,
	"gasUsed": 51653,
	"logs": [
		{
			"address": "0x7e9e431a0B8c4D532C745B1043c7FA29a48D4fBa",
			"blockHash": "0x4b3f061e8d6c40a7d38e1509fd4611eff0f993b60684f1a1f296ea4a4a0ebc37",
			"blockNumber": 5522798,
			"data": "0x0000000000000000000000000000000000000000000000862016904de465c000",
			"logIndex": 34,
			"topics": [
				"0xddf252ad1be2c89b69c2b068fc378daa952ba7f163c4a11628f55a4df523b3ef",
				"0x000000000000000000000000c9f42bcc3cd6c77fae537dd24ba96668fc864150",
				"0x00000000000000000000000007356df3a3a5d914ebe0ef53acde2f8ef0da3bca"
			],
			"transactionHash": "0x3fc6645c3d926e6cbb618305ce7e3551b2bc3f31757b1aeabed361b031800eb4",
			"transactionIndex": 49,
			"transactionLogIndex": "0x0",
			"type": "mined",
			"id": "log_f3b2fc64"
		}
	],
	"logsBloom": "0x00000000000000000000000000000000000000000000000000000000008000000000000000080000000000000000000000000000100000000000000000000000000000000000010000000008000000000000000000000000000000000000000000000000000000000000000000000000000000000000000000000010000000000000000000000000000004000000000000000000020000000000000000000000000000000000000080000000000000000000000000000000000000000000000000001002000000000000000000000000000000000000000000000000000000000000000000000000000000000000000000000000000000000000000000004000",
	"root": null,
	"status": "0x1",
	"transactionHash": "0x3fc6645c3d926e6cbb618305ce7e3551b2bc3f31757b1aeabed361b031800eb4",
	"transactionIndex": 49
}
[2018-04-28T23:54:00.485] [DEBUG] trans - TO:   0xaaad95a7a25e7042c50b7de81e059d3c46bc1278
[2018-04-28T23:54:00.485] [DEBUG] trans - AMOUNT:   2474102600000000000000
[2018-04-28T23:54:00.485] [DEBUG] trans - Receipt info:  {
	"blockHash": "0x4b3f061e8d6c40a7d38e1509fd4611eff0f993b60684f1a1f296ea4a4a0ebc37",
	"blockNumber": 5522798,
	"contractAddress": null,
	"cumulativeGasUsed": 5190192,
	"gasUsed": 51653,
	"logs": [
		{
			"address": "0x7e9e431a0B8c4D532C745B1043c7FA29a48D4fBa",
			"blockHash": "0x4b3f061e8d6c40a7d38e1509fd4611eff0f993b60684f1a1f296ea4a4a0ebc37",
			"blockNumber": 5522798,
			"data": "0x0000000000000000000000000000000000000000000000861f122657b65c8000",
			"logIndex": 46,
			"topics": [
				"0xddf252ad1be2c89b69c2b068fc378daa952ba7f163c4a11628f55a4df523b3ef",
				"0x000000000000000000000000c9f42bcc3cd6c77fae537dd24ba96668fc864150",
				"0x000000000000000000000000aaad95a7a25e7042c50b7de81e059d3c46bc1278"
			],
			"transactionHash": "0xcb87db2b4204f2e60094181136aa1b96a28a3dd7563e0cd41f3beef2d1d12a1d",
			"transactionIndex": 67,
			"transactionLogIndex": "0x0",
			"type": "mined",
			"id": "log_20536e30"
		}
	],
	"logsBloom": "0x00000000000000000000000000000000000000000000000000000000008000000040000000000000000000000000000000000000100000000000000000000000000000000000010000000008000000000000000000000000000000000000000000000000000000000000000000000000000000000000000000000010000000000000000000000000000000000000000000000000000000000000000000000000000000000000000080000000000000000000000000000000000000000000000000001002000000000000000000000000000002000000000000000000000000000000000000000000000000000000000000000000000000000000000000204000",
	"root": null,
	"status": "0x1",
	"transactionHash": "0xcb87db2b4204f2e60094181136aa1b96a28a3dd7563e0cd41f3beef2d1d12a1d",
	"transactionIndex": 67
}
[2018-04-28T23:54:00.485] [DEBUG] trans - TO:   0xf422cb2472320fe198b17a661fb5d47ef07d4dac
[2018-04-28T23:54:00.485] [DEBUG] trans - AMOUNT:   2472940600000000000000
[2018-04-28T23:54:00.485] [DEBUG] trans - Receipt info:  {
	"blockHash": "0x4b3f061e8d6c40a7d38e1509fd4611eff0f993b60684f1a1f296ea4a4a0ebc37",
	"blockNumber": 5522798,
	"contractAddress": null,
	"cumulativeGasUsed": 7440055,
	"gasUsed": 51653,
	"logs": [
		{
			"address": "0x7e9e431a0B8c4D532C745B1043c7FA29a48D4fBa",
			"blockHash": "0x4b3f061e8d6c40a7d38e1509fd4611eff0f993b60684f1a1f296ea4a4a0ebc37",
			"blockNumber": 5522798,
			"data": "0x0000000000000000000000000000000000000000000000860ef1e57fc95b8000",
			"logIndex": 80,
			"topics": [
				"0xddf252ad1be2c89b69c2b068fc378daa952ba7f163c4a11628f55a4df523b3ef",
				"0x000000000000000000000000c9f42bcc3cd6c77fae537dd24ba96668fc864150",
				"0x000000000000000000000000f422cb2472320fe198b17a661fb5d47ef07d4dac"
			],
			"transactionHash": "0x1bfc356b7e6eace0daa569a0d652ab132e51483be29a410739ea080419a8b44d",
			"transactionIndex": 115,
			"transactionLogIndex": "0x0",
			"type": "mined",
			"id": "log_dc029649"
		}
	],
	"logsBloom": "0x00000000000000000000000000000000000000000000000000000000008000000000000000000000000000000000000000000000100000000000000000000000000000000000010000004008000000000000000000000000000000000000000000000000000000000000000000000000000000000000000000000014000000000000000000000000000000000000000000000000000000000000000000000000000000000000000080000000000000000000000000000000000000000000000000001002000000000000000000000000000000000000000000000000000040000000000000000000000000000000000000000000000000000000000000004000",
	"root": null,
	"status": "0x1",
	"transactionHash": "0x1bfc356b7e6eace0daa569a0d652ab132e51483be29a410739ea080419a8b44d",
	"transactionIndex": 115
}
[2018-04-28T23:54:00.487] [DEBUG] trans - TO:   0xbbce9b3b171766c8be064863d41bb4f329cef67b
[2018-04-28T23:54:00.487] [DEBUG] trans - AMOUNT:   2473180200000000000000
[2018-04-28T23:54:00.487] [DEBUG] trans - Receipt info:  {
	"blockHash": "0x4b3f061e8d6c40a7d38e1509fd4611eff0f993b60684f1a1f296ea4a4a0ebc37",
	"blockNumber": 5522798,
	"contractAddress": null,
	"cumulativeGasUsed": 6712593,
	"gasUsed": 51653,
	"logs": [
		{
			"address": "0x7e9e431a0B8c4D532C745B1043c7FA29a48D4fBa",
			"blockHash": "0x4b3f061e8d6c40a7d38e1509fd4611eff0f993b60684f1a1f296ea4a4a0ebc37",
			"blockNumber": 5522798,
			"data": "0x0000000000000000000000000000000000000000000000861245206e018a8000",
			"logIndex": 69,
			"topics": [
				"0xddf252ad1be2c89b69c2b068fc378daa952ba7f163c4a11628f55a4df523b3ef",
				"0x000000000000000000000000c9f42bcc3cd6c77fae537dd24ba96668fc864150",
				"0x000000000000000000000000bbce9b3b171766c8be064863d41bb4f329cef67b"
			],
			"transactionHash": "0x20af83935850a5d390b66bf31d74a3b4b71a52eee60bf6ee8b83c4fc93730750",
			"transactionIndex": 100,
			"transactionLogIndex": "0x0",
			"type": "mined",
			"id": "log_13a8d350"
		}
	],
	"logsBloom": "0x00000000000000000000000000000000000000000000000000000000008000000000000000000000000000000000000000000000100000000000000000000000000000000000010000000008000000000000000000800000000000000000000000000000000000000000000000000000000000000000000000000010000000000000000000000000000000000000000000000000000000000000000000000000000000000000000080000000000000000000000000000000000000000000000000001002000000000000000000000000000000000000000000000000000000000000000000080000000000000400000000000000000000000000000000004000",
	"root": null,
	"status": "0x1",
	"transactionHash": "0x20af83935850a5d390b66bf31d74a3b4b71a52eee60bf6ee8b83c4fc93730750",
	"transactionIndex": 100
}
[2018-04-28T23:54:00.488] [DEBUG] trans - TO:   0x7c0de954af5b37a4636c40e68e4b6efafc6db327
[2018-04-28T23:54:00.488] [DEBUG] trans - AMOUNT:   2473983400000000000000
[2018-04-28T23:54:00.488] [DEBUG] trans - Receipt info:  {
	"blockHash": "0x4b3f061e8d6c40a7d38e1509fd4611eff0f993b60684f1a1f296ea4a4a0ebc37",
	"blockNumber": 5522798,
	"contractAddress": null,
	"cumulativeGasUsed": 5969687,
	"gasUsed": 51653,
	"logs": [
		{
			"address": "0x7e9e431a0B8c4D532C745B1043c7FA29a48D4fBa",
			"blockHash": "0x4b3f061e8d6c40a7d38e1509fd4611eff0f993b60684f1a1f296ea4a4a0ebc37",
			"blockNumber": 5522798,
			"data": "0x0000000000000000000000000000000000000000000000861d6aaa92fd228000",
			"logIndex": 58,
			"topics": [
				"0xddf252ad1be2c89b69c2b068fc378daa952ba7f163c4a11628f55a4df523b3ef",
				"0x000000000000000000000000c9f42bcc3cd6c77fae537dd24ba96668fc864150",
				"0x0000000000000000000000007c0de954af5b37a4636c40e68e4b6efafc6db327"
			],
			"transactionHash": "0x0185480585fc929ac01b388612f3823ba71a4f2d0e95ca26e257720533f4fda8",
			"transactionIndex": 84,
			"transactionLogIndex": "0x0",
			"type": "mined",
			"id": "log_f1efe0fd"
		}
	],
	"logsBloom": "0x00000000000000000000000000000000000000000000000000000000008000000000000000000000000000000000000000000000100000000000000000000000000000000000010000000008000000000000000000000000000000000000000000000000000000001000008000000000000000000000000000000010000000000000000000000000000000000000000000000000000000000000000000000000000000000000000080000000000000000000000000000000000000000000000000001002000000000000000000000000000000000000000000000000000000000000000004000000000000000000000000000000000000000000000000004000",
	"root": null,
	"status": "0x1",
	"transactionHash": "0x0185480585fc929ac01b388612f3823ba71a4f2d0e95ca26e257720533f4fda8",
	"transactionIndex": 84
}
[2018-04-28T23:54:10.496] [DEBUG] trans - TO:   0x49bf1c1b5bbe087cc3c8742d66278a8b76addd7b
[2018-04-28T23:54:10.496] [DEBUG] trans - AMOUNT:   2472500000000000000000
[2018-04-28T23:54:10.496] [DEBUG] trans - Receipt info:  {
	"blockHash": "0x42bdf853e78aafd7fa9e49543b8512a3f139ce1c9d64617608a9aa2e6a46ec0b",
	"blockNumber": 5522799,
	"contractAddress": null,
	"cumulativeGasUsed": 562964,
	"gasUsed": 51589,
	"logs": [
		{
			"address": "0x7e9e431a0B8c4D532C745B1043c7FA29a48D4fBa",
			"blockHash": "0x42bdf853e78aafd7fa9e49543b8512a3f139ce1c9d64617608a9aa2e6a46ec0b",
			"blockNumber": 5522799,
			"data": "0x00000000000000000000000000000000000000000000008608d4922231520000",
			"logIndex": 6,
			"topics": [
				"0xddf252ad1be2c89b69c2b068fc378daa952ba7f163c4a11628f55a4df523b3ef",
				"0x000000000000000000000000c9f42bcc3cd6c77fae537dd24ba96668fc864150",
				"0x00000000000000000000000049bf1c1b5bbe087cc3c8742d66278a8b76addd7b"
			],
			"transactionHash": "0x957a504e7ba594cc51822530af4e16dc4e321d7409aaae3461855cadb860c958",
			"transactionIndex": 13,
			"transactionLogIndex": "0x0",
			"type": "mined",
			"id": "log_34bad86b"
		}
	],
	"logsBloom": "0x00000000000000000000000000000000000000000000000000000000008000000000000000000000000000000000000000000000100000000000000000000000000000000000010000000008000000000000000000000000000000000000000000000000000000000000000000000000000000000000000800000010000000000000000000000000000000000000000000000000000000000000000000000000000800000000000080000000000000000000000000000000000000000000000000001002000000000000000000000000000000000000000000000000000000000000000000008000000000000000000000000000000000000000000000004000",
	"root": null,
	"status": "0x1",
	"transactionHash": "0x957a504e7ba594cc51822530af4e16dc4e321d7409aaae3461855cadb860c958",
	"transactionIndex": 13
}
[2018-04-28T23:54:10.498] [DEBUG] trans - TO:   0xc938c8318542e844a915b0affc2bdf5d8e3c34cd
[2018-04-28T23:54:10.498] [DEBUG] trans - AMOUNT:   2472196300000000000000
[2018-04-28T23:54:10.498] [DEBUG] trans - Receipt info:  {
	"blockHash": "0x42bdf853e78aafd7fa9e49543b8512a3f139ce1c9d64617608a9aa2e6a46ec0b",
	"blockNumber": 5522799,
	"contractAddress": null,
	"cumulativeGasUsed": 7143837,
	"gasUsed": 51653,
	"logs": [
		{
			"address": "0x7e9e431a0B8c4D532C745B1043c7FA29a48D4fBa",
			"blockHash": "0x42bdf853e78aafd7fa9e49543b8512a3f139ce1c9d64617608a9aa2e6a46ec0b",
			"blockNumber": 5522799,
			"data": "0x000000000000000000000000000000000000000000000086049d9c97b708c000",
			"logIndex": 126,
			"topics": [
				"0xddf252ad1be2c89b69c2b068fc378daa952ba7f163c4a11628f55a4df523b3ef",
				"0x000000000000000000000000c9f42bcc3cd6c77fae537dd24ba96668fc864150",
				"0x000000000000000000000000c938c8318542e844a915b0affc2bdf5d8e3c34cd"
			],
			"transactionHash": "0x85b3e7658ebb9a85592e6ce99ae4c1a0ef4681e8ac060e71d88740f99d065e89",
			"transactionIndex": 65,
			"transactionLogIndex": "0x0",
			"type": "mined",
			"id": "log_40cc0281"
		}
	],
	"logsBloom": "0x00000000000000000000000000000000000000000000000000000000008000000000000000000000000000000000000000000000100000000000000000000000000000000000010000000008000000000000000000000000000000000000000000000000000000000200000000000000000000000000000000000010000000000000000000000000000008000000000000000000000000000000000000000000000000000000000080000000000000000000000000000000000000000000010000001002000000000000000000000000000000000000000000000000000000000000000000000000000000000000000000000000000000000000000000004000",
	"root": null,
	"status": "0x1",
	"transactionHash": "0x85b3e7658ebb9a85592e6ce99ae4c1a0ef4681e8ac060e71d88740f99d065e89",
	"transactionIndex": 65
}
[2018-04-28T23:54:10.519] [DEBUG] trans - TO:   0xc81e04eaf315bc795daf4f53ad778ed077409e42
[2018-04-28T23:54:10.519] [DEBUG] trans - AMOUNT:   2470639900000000000000
[2018-04-28T23:54:10.519] [DEBUG] trans - Receipt info:  {
	"blockHash": "0x42bdf853e78aafd7fa9e49543b8512a3f139ce1c9d64617608a9aa2e6a46ec0b",
	"blockNumber": 5522799,
	"contractAddress": null,
	"cumulativeGasUsed": 7690161,
	"gasUsed": 51653,
	"logs": [
		{
			"address": "0x7e9e431a0B8c4D532C745B1043c7FA29a48D4fBa",
			"blockHash": "0x42bdf853e78aafd7fa9e49543b8512a3f139ce1c9d64617608a9aa2e6a46ec0b",
			"blockNumber": 5522799,
			"data": "0x000000000000000000000000000000000000000000000085ef042b09ee9dc000",
			"logIndex": 133,
			"topics": [
				"0xddf252ad1be2c89b69c2b068fc378daa952ba7f163c4a11628f55a4df523b3ef",
				"0x000000000000000000000000c9f42bcc3cd6c77fae537dd24ba96668fc864150",
				"0x000000000000000000000000c81e04eaf315bc795daf4f53ad778ed077409e42"
			],
			"transactionHash": "0xbd08f1b868415eb6f7c3715214ee4551f970dbc866bfb6a0995edf621e9ddbcf",
			"transactionIndex": 75,
			"transactionLogIndex": "0x0",
			"type": "mined",
			"id": "log_8eb2c435"
		}
	],
	"logsBloom": "0x00000000000000000000000000000000000000000000100000000000008000000000000000000000000000000000000000000000100000000000000000000000000000000000010000000008000000000000000000000000000000000000000000000000000000000000000000000000000000000000000000000010000000000000000000000000000000000000000000000000000000000000000000000000000000000000000080000100000000000000000000000000000000000000000000001002000000000000000000008000000000000000000000000000000000000000000000000000000000000000000000000000000000000000000000004000",
	"root": null,
	"status": "0x1",
	"transactionHash": "0xbd08f1b868415eb6f7c3715214ee4551f970dbc866bfb6a0995edf621e9ddbcf",
	"transactionIndex": 75
}
[2018-04-28T23:54:26.524] [DEBUG] trans - TO:   0x758e405eab71d5e76d6e4b53aaac476d7d051d2f
[2018-04-28T23:54:26.524] [DEBUG] trans - AMOUNT:   2468436700000000000000
[2018-04-28T23:54:26.524] [DEBUG] trans - Receipt info:  {
	"blockHash": "0x9a44b00e74bb8ea3f0f1305f70a07131e981ec1d7c3662d36842ca510e8d268b",
	"blockNumber": 5522801,
	"contractAddress": null,
	"cumulativeGasUsed": 894649,
	"gasUsed": 51653,
	"logs": [
		{
			"address": "0x7e9e431a0B8c4D532C745B1043c7FA29a48D4fBa",
			"blockHash": "0x9a44b00e74bb8ea3f0f1305f70a07131e981ec1d7c3662d36842ca510e8d268b",
			"blockNumber": 5522801,
			"data": "0x000000000000000000000000000000000000000000000085d070d44fd579c000",
			"logIndex": 17,
			"topics": [
				"0xddf252ad1be2c89b69c2b068fc378daa952ba7f163c4a11628f55a4df523b3ef",
				"0x000000000000000000000000c9f42bcc3cd6c77fae537dd24ba96668fc864150",
				"0x000000000000000000000000758e405eab71d5e76d6e4b53aaac476d7d051d2f"
			],
			"transactionHash": "0xf5d541bb0d5e26fb795316b646ba5ba867ded04bfab8d18d365851028152e410",
			"transactionIndex": 19,
			"transactionLogIndex": "0x0",
			"type": "mined",
			"id": "log_a5c88d38"
		}
	],
	"logsBloom": "0x00000000000000000000000000000000000000000000000000000000008000000000000000000000000000000000000000000000100000000000000000000000000000000000010000000008000000000000000000000000000000000000000000000000000000000000000000000000000000000000000000000010000000000000000000000000000000002000000000000000000000000000000000000008000000000000000080000000000000000000000000000000000000000000000000001002000000000000000000000000000000000000000000000000000000000200000000000000000000000000000000000000000000000000000000004000",
	"root": null,
	"status": "0x1",
	"transactionHash": "0xf5d541bb0d5e26fb795316b646ba5ba867ded04bfab8d18d365851028152e410",
	"transactionIndex": 19
}
[2018-04-28T23:54:26.526] [DEBUG] trans - TO:   0xc931e788517b63be687d4a779a85942fdccbb7d9
[2018-04-28T23:54:26.526] [DEBUG] trans - AMOUNT:   2469273400000000000000
[2018-04-28T23:54:26.527] [DEBUG] trans - Receipt info:  {
	"blockHash": "0x9a44b00e74bb8ea3f0f1305f70a07131e981ec1d7c3662d36842ca510e8d268b",
	"blockNumber": 5522801,
	"contractAddress": null,
	"cumulativeGasUsed": 791343,
	"gasUsed": 51653,
	"logs": [
		{
			"address": "0x7e9e431a0B8c4D532C745B1043c7FA29a48D4fBa",
			"blockHash": "0x9a44b00e74bb8ea3f0f1305f70a07131e981ec1d7c3662d36842ca510e8d268b",
			"blockNumber": 5522801,
			"data": "0x000000000000000000000000000000000000000000000085dc0d6287610b8000",
			"logIndex": 15,
			"topics": [
				"0xddf252ad1be2c89b69c2b068fc378daa952ba7f163c4a11628f55a4df523b3ef",
				"0x000000000000000000000000c9f42bcc3cd6c77fae537dd24ba96668fc864150",
				"0x000000000000000000000000c931e788517b63be687d4a779a85942fdccbb7d9"
			],
			"transactionHash": "0xc4cbc06b19bc5ffd3685e1e7f22c7881220d4800e2c1e38689e3f4911e46ae6d",
			"transactionIndex": 17,
			"transactionLogIndex": "0x0",
			"type": "mined",
			"id": "log_3794678f"
		}
	],
	"logsBloom": "0x00000000000000000000000000000000000000000000000000000000008000000000000000000000000000000000000000000000100000000000000000000000000000000000010000000008000000000000000000000000000000000000000100000000000000000000000000000000000000000000000000000010000000000000000400000000000000000000000000000000000000000000000000000000000000000000000080000000000000000000000000000000000000000000000000001002000000000000000000000000000000000100000000000000000000000000000000000000000000000000000000000000000000000000000000004000",
	"root": null,
	"status": "0x1",
	"transactionHash": "0xc4cbc06b19bc5ffd3685e1e7f22c7881220d4800e2c1e38689e3f4911e46ae6d",
	"transactionIndex": 17
}
[2018-04-28T23:54:26.528] [DEBUG] trans - TO:   0x7bcb19fcac68593ed171f270c30c3d325b4b0695
[2018-04-28T23:54:26.528] [DEBUG] trans - AMOUNT:   2467000000000000000000
[2018-04-28T23:54:26.528] [DEBUG] trans - Receipt info:  {
	"blockHash": "0x9a44b00e74bb8ea3f0f1305f70a07131e981ec1d7c3662d36842ca510e8d268b",
	"blockNumber": 5522801,
	"contractAddress": null,
	"cumulativeGasUsed": 997891,
	"gasUsed": 51589,
	"logs": [
		{
			"address": "0x7e9e431a0B8c4D532C745B1043c7FA29a48D4fBa",
			"blockHash": "0x9a44b00e74bb8ea3f0f1305f70a07131e981ec1d7c3662d36842ca510e8d268b",
			"blockNumber": 5522801,
			"data": "0x000000000000000000000000000000000000000000000085bc80a54618ac0000",
			"logIndex": 19,
			"topics": [
				"0xddf252ad1be2c89b69c2b068fc378daa952ba7f163c4a11628f55a4df523b3ef",
				"0x000000000000000000000000c9f42bcc3cd6c77fae537dd24ba96668fc864150",
				"0x0000000000000000000000007bcb19fcac68593ed171f270c30c3d325b4b0695"
			],
			"transactionHash": "0x580b1f01837c81f00a807ee96c6191b44e3370eafb777bacf70e3bbbfce46857",
			"transactionIndex": 21,
			"transactionLogIndex": "0x0",
			"type": "mined",
			"id": "log_168f590b"
		}
	],
	"logsBloom": "0x00000000000000000000000000000000000000000000000000000000008000000000000000000000000000000000000000000000100000000000000000000000000000000000010000000008000000000000000000000000000000000000000000000000000000000000000000000000004000000000000000000010000000000000000000000000000000000000000000000000000000000000000000000000000000000000000080000000000000000000000010000000000000008000000000001002000000000000000000000000000000000000000000000000000000000000000000000000000000000000000000000000000000000000000000004000",
	"root": null,
	"status": "0x1",
	"transactionHash": "0x580b1f01837c81f00a807ee96c6191b44e3370eafb777bacf70e3bbbfce46857",
	"transactionIndex": 21
}
[2018-04-28T23:54:26.529] [DEBUG] trans - TO:   0x87b3aac32c9d4441b6a09889baf9935cabfa8a5c
[2018-04-28T23:54:26.529] [DEBUG] trans - AMOUNT:   2468204300000000000000
[2018-04-28T23:54:26.529] [DEBUG] trans - Receipt info:  {
	"blockHash": "0x9a44b00e74bb8ea3f0f1305f70a07131e981ec1d7c3662d36842ca510e8d268b",
	"blockNumber": 5522801,
	"contractAddress": null,
	"cumulativeGasUsed": 946302,
	"gasUsed": 51653,
	"logs": [
		{
			"address": "0x7e9e431a0B8c4D532C745B1043c7FA29a48D4fBa",
			"blockHash": "0x9a44b00e74bb8ea3f0f1305f70a07131e981ec1d7c3662d36842ca510e8d268b",
			"blockNumber": 5522801,
			"data": "0x000000000000000000000000000000000000000000000085cd372dbe3facc000",
			"logIndex": 18,
			"topics": [
				"0xddf252ad1be2c89b69c2b068fc378daa952ba7f163c4a11628f55a4df523b3ef",
				"0x000000000000000000000000c9f42bcc3cd6c77fae537dd24ba96668fc864150",
				"0x00000000000000000000000087b3aac32c9d4441b6a09889baf9935cabfa8a5c"
			],
			"transactionHash": "0xa5353be0d82a993eb29aef1c9efa26f06077cbd640ded8b6bace21c9e6863adc",
			"transactionIndex": 20,
			"transactionLogIndex": "0x0",
			"type": "mined",
			"id": "log_710bead9"
		}
	],
	"logsBloom": "0x00000000000000000000000000000000000000000000000000000000008000000000000000000000000000000000000000000000100000000000000000000000000000000000010000000008000040000000000000000000000000000010000000000000400000000000000000000000000000000000000000000010000000000000000000000000000000000000000000000000000000000000000000000000000000000000000080000000000000000000000000000000000000000000000000001002000000000000000000000000000000000000000000000000000000000000000000000000000000000000000000000000000000000000000000004000",
	"root": null,
	"status": "0x1",
	"transactionHash": "0xa5353be0d82a993eb29aef1c9efa26f06077cbd640ded8b6bace21c9e6863adc",
	"transactionIndex": 20
}
[2018-04-28T23:54:26.530] [DEBUG] trans - TO:   0x8feeb22bd06d835e6982122df63eaba79e73bf54
[2018-04-28T23:54:26.530] [DEBUG] trans - AMOUNT:   2468835000000000000000
[2018-04-28T23:54:26.530] [DEBUG] trans - Receipt info:  {
	"blockHash": "0x9a44b00e74bb8ea3f0f1305f70a07131e981ec1d7c3662d36842ca510e8d268b",
	"blockNumber": 5522801,
	"contractAddress": null,
	"cumulativeGasUsed": 842996,
	"gasUsed": 51653,
	"logs": [
		{
			"address": "0x7e9e431a0B8c4D532C745B1043c7FA29a48D4fBa",
			"blockHash": "0x9a44b00e74bb8ea3f0f1305f70a07131e981ec1d7c3662d36842ca510e8d268b",
			"blockNumber": 5522801,
			"data": "0x000000000000000000000000000000000000000000000085d5f7e00d33838000",
			"logIndex": 16,
			"topics": [
				"0xddf252ad1be2c89b69c2b068fc378daa952ba7f163c4a11628f55a4df523b3ef",
				"0x000000000000000000000000c9f42bcc3cd6c77fae537dd24ba96668fc864150",
				"0x0000000000000000000000008feeb22bd06d835e6982122df63eaba79e73bf54"
			],
			"transactionHash": "0x5ca6504a82dbfb862265f23f91dd37d8059a9493f45ce22c6148c2e0a66a03b6",
			"transactionIndex": 18,
			"transactionLogIndex": "0x0",
			"type": "mined",
			"id": "log_dfaf2ab3"
		}
	],
	"logsBloom": "0x00000000000000000000000000000000000000000000000000000000008000000000000000000000000000000000000000000000100000000000000000000000000000000000010000000008000000000000000000000000000000000000000000000000000000000000000000000000000000000000000000000010000000000000000000000000000000000000000000000000000000000000000000000002000000000000000080000000200000000000000000000000000000000000000000001002000000000000000000000000000000000000000000000010000000000000000000000000000000000000000000000000000000000000000000004000",
	"root": null,
	"status": "0x1",
	"transactionHash": "0x5ca6504a82dbfb862265f23f91dd37d8059a9493f45ce22c6148c2e0a66a03b6",
	"transactionIndex": 18
}
[2018-04-28T23:54:26.530] [DEBUG] trans - TO:   0xa92450dc65148665d861b0d7a18fbf7846fba8c1
[2018-04-28T23:54:26.531] [DEBUG] trans - AMOUNT:   2465724400000000000000
[2018-04-28T23:54:26.531] [DEBUG] trans - Receipt info:  {
	"blockHash": "0x9a44b00e74bb8ea3f0f1305f70a07131e981ec1d7c3662d36842ca510e8d268b",
	"blockNumber": 5522801,
	"contractAddress": null,
	"cumulativeGasUsed": 1204439,
	"gasUsed": 51589,
	"logs": [
		{
			"address": "0x7e9e431a0B8c4D532C745B1043c7FA29a48D4fBa",
			"blockHash": "0x9a44b00e74bb8ea3f0f1305f70a07131e981ec1d7c3662d36842ca510e8d268b",
			"blockNumber": 5522801,
			"data": "0x000000000000000000000000000000000000000000000085aacccdd50d2f0000",
			"logIndex": 23,
			"topics": [
				"0xddf252ad1be2c89b69c2b068fc378daa952ba7f163c4a11628f55a4df523b3ef",
				"0x000000000000000000000000c9f42bcc3cd6c77fae537dd24ba96668fc864150",
				"0x000000000000000000000000a92450dc65148665d861b0d7a18fbf7846fba8c1"
			],
			"transactionHash": "0x7bdc33f8d5c6173872135950eb8c71638833d850b779b157e0ce8005cc6dd812",
			"transactionIndex": 25,
			"transactionLogIndex": "0x0",
			"type": "mined",
			"id": "log_6f8e413c"
		}
	],
	"logsBloom": "0x00000000000000000000000000000000000000000000000000000000008000000000000000000000000000000000000000000000100000000000000000000000000000000000810000000008000000000080000000000000000000000000000000000000000000000004000000000000000000000000000000000010000000000000000000000000000000000000000000000000000000000000000000000000000000000000000080000000000000000000000000000000000000000000000000001002000000000000000000000000000000000000000000000000000000000000000000000000000000000000000000000000000000000000000000004000",
	"root": null,
	"status": "0x1",
	"transactionHash": "0x7bdc33f8d5c6173872135950eb8c71638833d850b779b157e0ce8005cc6dd812",
	"transactionIndex": 25
}
[2018-04-28T23:54:26.534] [DEBUG] trans - TO:   0xa0b4d2cadbe7bfc19a01c384c1240dda619790ad
[2018-04-28T23:54:26.534] [DEBUG] trans - AMOUNT:   2466771800000000000000
[2018-04-28T23:54:26.534] [DEBUG] trans - Receipt info:  {
	"blockHash": "0x9a44b00e74bb8ea3f0f1305f70a07131e981ec1d7c3662d36842ca510e8d268b",
	"blockNumber": 5522801,
	"contractAddress": null,
	"cumulativeGasUsed": 1152850,
	"gasUsed": 51653,
	"logs": [
		{
			"address": "0x7e9e431a0B8c4D532C745B1043c7FA29a48D4fBa",
			"blockHash": "0x9a44b00e74bb8ea3f0f1305f70a07131e981ec1d7c3662d36842ca510e8d268b",
			"blockNumber": 5522801,
			"data": "0x000000000000000000000000000000000000000000000085b955ea9536ed8000",
			"logIndex": 22,
			"topics": [
				"0xddf252ad1be2c89b69c2b068fc378daa952ba7f163c4a11628f55a4df523b3ef",
				"0x000000000000000000000000c9f42bcc3cd6c77fae537dd24ba96668fc864150",
				"0x000000000000000000000000a0b4d2cadbe7bfc19a01c384c1240dda619790ad"
			],
			"transactionHash": "0xc03e5e57759c3a9405ddf583fe61f6558fc252fb6cf056afdbc1c2648bbec92b",
			"transactionIndex": 24,
			"transactionLogIndex": "0x0",
			"type": "mined",
			"id": "log_4016faa0"
		}
	],
	"logsBloom": "0x00000000000008000000000000000000000000000000000000000000008000000000000000000000000000000000000000000000100000000000000000000000000000000000010000000008000000000000000000001000000000400000000000000000000000000000000000000000000000000000000000000010000000000000000000000000000000000000000000000000000000000000000000000000000000000000000080000000000000000000000000000000000000000000000000001002000000000000000000000000000000000000000000000000000000000000000000000000000000000000000000000000000000000000000000004000",
	"root": null,
	"status": "0x1",
	"transactionHash": "0xc03e5e57759c3a9405ddf583fe61f6558fc252fb6cf056afdbc1c2648bbec92b",
	"transactionIndex": 24
}
[2018-04-28T23:54:26.535] [DEBUG] trans - TO:   0x05408eecbd7140b64c3fb6a4588a61bab026505d
[2018-04-28T23:54:26.535] [DEBUG] trans - AMOUNT:   2465410400000000000000
[2018-04-28T23:54:26.535] [DEBUG] trans - Receipt info:  {
	"blockHash": "0x9a44b00e74bb8ea3f0f1305f70a07131e981ec1d7c3662d36842ca510e8d268b",
	"blockNumber": 5522801,
	"contractAddress": null,
	"cumulativeGasUsed": 1307617,
	"gasUsed": 51589,
	"logs": [
		{
			"address": "0x7e9e431a0B8c4D532C745B1043c7FA29a48D4fBa",
			"blockHash": "0x9a44b00e74bb8ea3f0f1305f70a07131e981ec1d7c3662d36842ca510e8d268b",
			"blockNumber": 5522801,
			"data": "0x000000000000000000000000000000000000000000000085a671407ef1b60000",
			"logIndex": 25,
			"topics": [
				"0xddf252ad1be2c89b69c2b068fc378daa952ba7f163c4a11628f55a4df523b3ef",
				"0x000000000000000000000000c9f42bcc3cd6c77fae537dd24ba96668fc864150",
				"0x00000000000000000000000005408eecbd7140b64c3fb6a4588a61bab026505d"
			],
			"transactionHash": "0x9895a395f0cb9793fea6462171b40c2597101d1b34d9c87115d7d3e478041856",
			"transactionIndex": 27,
			"transactionLogIndex": "0x0",
			"type": "mined",
			"id": "log_08ef64ae"
		}
	],
	"logsBloom": "0x00000000000000000008000000000000080000000000000000000000008000000000000000000000000000000000000000000000100000000000000000000000000000000000010000000008000000000000000000000000000000000000000000000000000000000000000000000000000000000000000000000010000000000000000000000000000000000000000000000000000000000000000000000000000000000000000080000000000000000002000000000000000000000000000000001002000000000000000000000000000000000000000000000000000000000000000000000000000000000000000000000000000000000000000000004000",
	"root": null,
	"status": "0x1",
	"transactionHash": "0x9895a395f0cb9793fea6462171b40c2597101d1b34d9c87115d7d3e478041856",
	"transactionIndex": 27
}
[2018-04-28T23:54:26.535] [DEBUG] trans - TO:   0x83f26f203cf6b7433195118a1f014c4438914403
[2018-04-28T23:54:26.535] [DEBUG] trans - AMOUNT:   2466963100000000000000
[2018-04-28T23:54:26.535] [DEBUG] trans - Receipt info:  {
	"blockHash": "0x9a44b00e74bb8ea3f0f1305f70a07131e981ec1d7c3662d36842ca510e8d268b",
	"blockNumber": 5522801,
	"contractAddress": null,
	"cumulativeGasUsed": 1049544,
	"gasUsed": 51653,
	"logs": [
		{
			"address": "0x7e9e431a0B8c4D532C745B1043c7FA29a48D4fBa",
			"blockHash": "0x9a44b00e74bb8ea3f0f1305f70a07131e981ec1d7c3662d36842ca510e8d268b",
			"blockNumber": 5522801,
			"data": "0x000000000000000000000000000000000000000000000085bbfd8ceb5875c000",
			"logIndex": 20,
			"topics": [
				"0xddf252ad1be2c89b69c2b068fc378daa952ba7f163c4a11628f55a4df523b3ef",
				"0x000000000000000000000000c9f42bcc3cd6c77fae537dd24ba96668fc864150",
				"0x00000000000000000000000083f26f203cf6b7433195118a1f014c4438914403"
			],
			"transactionHash": "0x6892e5046d3a2ef27ec4d1c57fc1ccd65cd468a6dc9999c23928c18034b2f6c6",
			"transactionIndex": 22,
			"transactionLogIndex": "0x0",
			"type": "mined",
			"id": "log_09c9abb9"
		}
	],
	"logsBloom": "0x00000000000000000000000000000000000000000000200000000000008000000000000000000000000000000000000000000000100000000000000000000000000000000020010000000008000000000000000000000000000000000000000000000000000000000000000000000000000000000000000000000010000000000000000000000000000000000000000000000000000000000000000000000000004000000000000080000000000000000000000000000000000000000000000000001002000000000000000000000000000000000000000000000000000000000000000000000000000000000000000000000000000000000000000000004000",
	"root": null,
	"status": "0x1",
	"transactionHash": "0x6892e5046d3a2ef27ec4d1c57fc1ccd65cd468a6dc9999c23928c18034b2f6c6",
	"transactionIndex": 22
}
[2018-04-28T23:54:26.536] [DEBUG] trans - TO:   0x93cc8eb5f11b7498a7fb64b5778fc00f3416fb23
[2018-04-28T23:54:26.536] [DEBUG] trans - AMOUNT:   2466773100000000000000
[2018-04-28T23:54:26.536] [DEBUG] trans - Receipt info:  {
	"blockHash": "0x9a44b00e74bb8ea3f0f1305f70a07131e981ec1d7c3662d36842ca510e8d268b",
	"blockNumber": 5522801,
	"contractAddress": null,
	"cumulativeGasUsed": 1101197,
	"gasUsed": 51653,
	"logs": [
		{
			"address": "0x7e9e431a0B8c4D532C745B1043c7FA29a48D4fBa",
			"blockHash": "0x9a44b00e74bb8ea3f0f1305f70a07131e981ec1d7c3662d36842ca510e8d268b",
			"blockNumber": 5522801,
			"data": "0x000000000000000000000000000000000000000000000085b95a88ed0d22c000",
			"logIndex": 21,
			"topics": [
				"0xddf252ad1be2c89b69c2b068fc378daa952ba7f163c4a11628f55a4df523b3ef",
				"0x000000000000000000000000c9f42bcc3cd6c77fae537dd24ba96668fc864150",
				"0x00000000000000000000000093cc8eb5f11b7498a7fb64b5778fc00f3416fb23"
			],
			"transactionHash": "0x6f320fd3fb367a690fd8660d42a494f7f4ab236a3dcfc5e3dd310827534a07d4",
			"transactionIndex": 23,
			"transactionLogIndex": "0x0",
			"type": "mined",
			"id": "log_b83e2414"
		}
	],
	"logsBloom": "0x00000000000000000000000000000000000000000000000000000000008000000000000000000000000000000000000000000000100000000000000000000000000000000000410000000008000000000000000000000000000000000000000000000000000000000000000000000000000000000000000000000010000000000000000000000002000000000000000000000000000020000000000000000000000000000000000080000000000000000000000000000000000000000000000000001002000000000000000000000000000000000000000000000000000000000000000000000000000000000000000000000000000000000000000000004000",
	"root": null,
	"status": "0x1",
	"transactionHash": "0x6f320fd3fb367a690fd8660d42a494f7f4ab236a3dcfc5e3dd310827534a07d4",
	"transactionIndex": 23
}
[2018-04-28T23:54:26.537] [DEBUG] trans - TO:   0xcd405478d3530d66a7b5a50ef4451b5d9af9c991
[2018-04-28T23:54:26.537] [DEBUG] trans - AMOUNT:   2463442300000000000000
[2018-04-28T23:54:26.537] [DEBUG] trans - Receipt info:  {
	"blockHash": "0x9a44b00e74bb8ea3f0f1305f70a07131e981ec1d7c3662d36842ca510e8d268b",
	"blockNumber": 5522801,
	"contractAddress": null,
	"cumulativeGasUsed": 1462512,
	"gasUsed": 51653,
	"logs": [
		{
			"address": "0x7e9e431a0B8c4D532C745B1043c7FA29a48D4fBa",
			"blockHash": "0x9a44b00e74bb8ea3f0f1305f70a07131e981ec1d7c3662d36842ca510e8d268b",
			"blockNumber": 5522801,
			"data": "0x0000000000000000000000000000000000000000000000858b2127f92b43c000",
			"logIndex": 28,
			"topics": [
				"0xddf252ad1be2c89b69c2b068fc378daa952ba7f163c4a11628f55a4df523b3ef",
				"0x000000000000000000000000c9f42bcc3cd6c77fae537dd24ba96668fc864150",
				"0x000000000000000000000000cd405478d3530d66a7b5a50ef4451b5d9af9c991"
			],
			"transactionHash": "0x39c27eb29cdeabd30c18ddede8713e8eb04d43cde745463b046657c155e18434",
			"transactionIndex": 30,
			"transactionLogIndex": "0x0",
			"type": "mined",
			"id": "log_c67b2263"
		}
	],
	"logsBloom": "0x00000000000000000000000010000000000000000000000000000000008000000000000000000000000000000000000000000000100000000000000000000000000000000000010000000008000000000000000000000000000040000000000000000000000000000000000000000000000000000000000000000010000000000000000000000000000000000000000000000000000000000000000000000000000000000040000080000000000000000000000000000000000000000000000000001002000000000000000000000000000000000000000000000000000000000000000000000000000000000000000000000000000000000000000000004000",
	"root": null,
	"status": "0x1",
	"transactionHash": "0x39c27eb29cdeabd30c18ddede8713e8eb04d43cde745463b046657c155e18434",
	"transactionIndex": 30
}
[2018-04-28T23:54:26.537] [DEBUG] trans - TO:   0x465c85f573629b7af1aef1fb6ac098e7b46b9f35
[2018-04-28T23:54:26.537] [DEBUG] trans - AMOUNT:   2465700000000000000000
[2018-04-28T23:54:26.537] [DEBUG] trans - Receipt info:  {
	"blockHash": "0x9a44b00e74bb8ea3f0f1305f70a07131e981ec1d7c3662d36842ca510e8d268b",
	"blockNumber": 5522801,
	"contractAddress": null,
	"cumulativeGasUsed": 1256028,
	"gasUsed": 51589,
	"logs": [
		{
			"address": "0x7e9e431a0B8c4D532C745B1043c7FA29a48D4fBa",
			"blockHash": "0x9a44b00e74bb8ea3f0f1305f70a07131e981ec1d7c3662d36842ca510e8d268b",
			"blockNumber": 5522801,
			"data": "0x000000000000000000000000000000000000000000000085aa761e2958aa0000",
			"logIndex": 24,
			"topics": [
				"0xddf252ad1be2c89b69c2b068fc378daa952ba7f163c4a11628f55a4df523b3ef",
				"0x000000000000000000000000c9f42bcc3cd6c77fae537dd24ba96668fc864150",
				"0x000000000000000000000000465c85f573629b7af1aef1fb6ac098e7b46b9f35"
			],
			"transactionHash": "0xdce7f43240bbd3d6d1ffb1714e2cca59d7233f841e20d9adfad02aeec300aa8b",
			"transactionIndex": 26,
			"transactionLogIndex": "0x0",
			"type": "mined",
			"id": "log_1d3d0747"
		}
	],
	"logsBloom": "0x00200000000000000000000000000000000000000000000000000000008000000000000000000000000000000000000000000000100000000000000000000000000000000000010000000008000000000000000000000000000000000000000000000000000000000000000000000000000000000000000000000010000000000000000000000000000000000000000000000000000000000000000000000000000000000000000080000000000000000000000000000000000000000000000000001002000000000000000000000000000000000000000000000000000000000000040000000000000000002000000000000000000000000000000000004000",
	"root": null,
	"status": "0x1",
	"transactionHash": "0xdce7f43240bbd3d6d1ffb1714e2cca59d7233f841e20d9adfad02aeec300aa8b",
	"transactionIndex": 26
}
[2018-04-28T23:54:26.538] [DEBUG] trans - TO:   0x141d9904d5b3d5b0161642a34bc02cca6546a5c1
[2018-04-28T23:54:26.538] [DEBUG] trans - AMOUNT:   2463364000000000000000
[2018-04-28T23:54:26.538] [DEBUG] trans - Receipt info:  {
	"blockHash": "0x9a44b00e74bb8ea3f0f1305f70a07131e981ec1d7c3662d36842ca510e8d268b",
	"blockNumber": 5522801,
	"contractAddress": null,
	"cumulativeGasUsed": 1514101,
	"gasUsed": 51589,
	"logs": [
		{
			"address": "0x7e9e431a0B8c4D532C745B1043c7FA29a48D4fBa",
			"blockHash": "0x9a44b00e74bb8ea3f0f1305f70a07131e981ec1d7c3662d36842ca510e8d268b",
			"blockNumber": 5522801,
			"data": "0x0000000000000000000000000000000000000000000000858a0afa89c55a0000",
			"logIndex": 29,
			"topics": [
				"0xddf252ad1be2c89b69c2b068fc378daa952ba7f163c4a11628f55a4df523b3ef",
				"0x000000000000000000000000c9f42bcc3cd6c77fae537dd24ba96668fc864150",
				"0x000000000000000000000000141d9904d5b3d5b0161642a34bc02cca6546a5c1"
			],
			"transactionHash": "0x3f56f4fca4c854c628f46606ae63d4b10e7c0a81dd88e13bd1b90b13d756ef88",
			"transactionIndex": 31,
			"transactionLogIndex": "0x0",
			"type": "mined",
			"id": "log_b4bab46b"
		}
	],
	"logsBloom": "0x00000000000000000000000000000000000000000000000000000000008000000000000000000000000000000400000000000000100000000000000000000000000000000000010000000008000000000000000000000000000000000000000000000000000000000000000000000000000000000000000000000010000000000000000000000000000000000000000000000000000000000000000000000000000000000000000080000000000000040000000000000000000000000000000000001002000000000000000000000000000000000000000000000000000000000000000000000000002000000000000000000000000000000000000000004000",
	"root": null,
	"status": "0x1",
	"transactionHash": "0x3f56f4fca4c854c628f46606ae63d4b10e7c0a81dd88e13bd1b90b13d756ef88",
	"transactionIndex": 31
}
[2018-04-28T23:54:26.538] [DEBUG] trans - TO:   0xcdbb1b3e8433290c101d052e23b8fcb5ad17a349
[2018-04-28T23:54:26.538] [DEBUG] trans - AMOUNT:   2464790800000000000000
[2018-04-28T23:54:26.538] [DEBUG] trans - Receipt info:  {
	"blockHash": "0x9a44b00e74bb8ea3f0f1305f70a07131e981ec1d7c3662d36842ca510e8d268b",
	"blockNumber": 5522801,
	"contractAddress": null,
	"cumulativeGasUsed": 1359206,
	"gasUsed": 51589,
	"logs": [
		{
			"address": "0x7e9e431a0B8c4D532C745B1043c7FA29a48D4fBa",
			"blockHash": "0x9a44b00e74bb8ea3f0f1305f70a07131e981ec1d7c3662d36842ca510e8d268b",
			"blockNumber": 5522801,
			"data": "0x0000000000000000000000000000000000000000000000859dd7fd9422e10000",
			"logIndex": 26,
			"topics": [
				"0xddf252ad1be2c89b69c2b068fc378daa952ba7f163c4a11628f55a4df523b3ef",
				"0x000000000000000000000000c9f42bcc3cd6c77fae537dd24ba96668fc864150",
				"0x000000000000000000000000cdbb1b3e8433290c101d052e23b8fcb5ad17a349"
			],
			"transactionHash": "0xb0a05ff96ebd844b1ae23d3f3c823f67418c5bcae6a727d0a5cccd8223eb5b88",
			"transactionIndex": 28,
			"transactionLogIndex": "0x0",
			"type": "mined",
			"id": "log_03aebbcd"
		}
	],
	"logsBloom": "0x00000000000000000000000000000000000000000000000000000000008000000000400000000000000000000000000000000000100000000000000000000000000000000000010000000008000000000000000000000000000000000000000000000000000000000000000000000000000000000000000000000010000000000000000000000000000000000000000000100000000000000000000000000000000000000000000080000000000000000000000000000000000000000000000000001002001000000000000000000000000000000000000000000000000000000000000000000000000000000000000000000000000000000000000000004000",
	"root": null,
	"status": "0x1",
	"transactionHash": "0xb0a05ff96ebd844b1ae23d3f3c823f67418c5bcae6a727d0a5cccd8223eb5b88",
	"transactionIndex": 28
}
[2018-04-28T23:54:26.539] [DEBUG] trans - TO:   0x29bd41bd18f78f4beeeafe89e2b8f9bddb50d925
[2018-04-28T23:54:26.539] [DEBUG] trans - AMOUNT:   2463041500000000000000
[2018-04-28T23:54:26.539] [DEBUG] trans - Receipt info:  {
	"blockHash": "0x9a44b00e74bb8ea3f0f1305f70a07131e981ec1d7c3662d36842ca510e8d268b",
	"blockNumber": 5522801,
	"contractAddress": null,
	"cumulativeGasUsed": 1565754,
	"gasUsed": 51653,
	"logs": [
		{
			"address": "0x7e9e431a0B8c4D532C745B1043c7FA29a48D4fBa",
			"blockHash": "0x9a44b00e74bb8ea3f0f1305f70a07131e981ec1d7c3662d36842ca510e8d268b",
			"blockNumber": 5522801,
			"data": "0x00000000000000000000000000000000000000000000008585913a7f3149c000",
			"logIndex": 30,
			"topics": [
				"0xddf252ad1be2c89b69c2b068fc378daa952ba7f163c4a11628f55a4df523b3ef",
				"0x000000000000000000000000c9f42bcc3cd6c77fae537dd24ba96668fc864150",
				"0x00000000000000000000000029bd41bd18f78f4beeeafe89e2b8f9bddb50d925"
			],
			"transactionHash": "0xc3b37d158e0d8ccc17b4323b6cab803dbaa50206e7a1e43ad07ff12084fa1285",
			"transactionIndex": 32,
			"transactionLogIndex": "0x0",
			"type": "mined",
			"id": "log_35112430"
		}
	],
	"logsBloom": "0x000000000000000000000000000000000000000000000000000000000080000000000000000000000000000000000000000000001000000000000000000000040000000000000100000000080000000000000000000000000000000000000000000000000000000000000000000000000000000000000000000000100000000000000000000000000000000000000000000000000000000000000000000000000000000000000000a0000000000000000000000000000000000000000000000000001002000000000000000000001000000000000000000000000000000000000000000000000000000000000000000000000000000000000000000000004000",
	"root": null,
	"status": "0x1",
	"transactionHash": "0xc3b37d158e0d8ccc17b4323b6cab803dbaa50206e7a1e43ad07ff12084fa1285",
	"transactionIndex": 32
}
[2018-04-28T23:54:26.539] [DEBUG] trans - TO:   0x733abc39d48a391330e457f88e09ad7852ec8cca
[2018-04-28T23:54:26.539] [DEBUG] trans - AMOUNT:   2462606400000000000000
[2018-04-28T23:54:26.540] [DEBUG] trans - Receipt info:  {
	"blockHash": "0x9a44b00e74bb8ea3f0f1305f70a07131e981ec1d7c3662d36842ca510e8d268b",
	"blockNumber": 5522801,
	"contractAddress": null,
	"cumulativeGasUsed": 1668996,
	"gasUsed": 51589,
	"logs": [
		{
			"address": "0x7e9e431a0B8c4D532C745B1043c7FA29a48D4fBa",
			"blockHash": "0x9a44b00e74bb8ea3f0f1305f70a07131e981ec1d7c3662d36842ca510e8d268b",
			"blockNumber": 5522801,
			"data": "0x0000000000000000000000000000000000000000000000857f87715a23840000",
			"logIndex": 32,
			"topics": [
				"0xddf252ad1be2c89b69c2b068fc378daa952ba7f163c4a11628f55a4df523b3ef",
				"0x000000000000000000000000c9f42bcc3cd6c77fae537dd24ba96668fc864150",
				"0x000000000000000000000000733abc39d48a391330e457f88e09ad7852ec8cca"
			],
			"transactionHash": "0xd2b964854191760fd049b83e45cc5e3f90dd7f0c23373232cd911a8832caacc3",
			"transactionIndex": 34,
			"transactionLogIndex": "0x0",
			"type": "mined",
			"id": "log_f1bb9746"
		}
	],
	"logsBloom": "0x00000000000000000000000000000000000000000000000000000000008000000000000000000080000000000000000800000000100000000000000000000000000000000000010000000008000000000000000000000000000000000000000000000000000000000000000000000000000000000000000000000010000000000000000000000000000000000000000000000000000000000000000000000000000000000000000080000000000000000000000000000000800000000000000000001002000000000000000000000000000000000000000000000000000000000000000000000000000000000000000000000000000000000000000000004000",
	"root": null,
	"status": "0x1",
	"transactionHash": "0xd2b964854191760fd049b83e45cc5e3f90dd7f0c23373232cd911a8832caacc3",
	"transactionIndex": 34
}
[2018-04-28T23:54:26.540] [DEBUG] trans - TO:   0x5554346aa6d5360827301813d22461851b812686
[2018-04-28T23:54:26.540] [DEBUG] trans - AMOUNT:   2462761800000000000000
[2018-04-28T23:54:26.540] [DEBUG] trans - Receipt info:  {
	"blockHash": "0x9a44b00e74bb8ea3f0f1305f70a07131e981ec1d7c3662d36842ca510e8d268b",
	"blockNumber": 5522801,
	"contractAddress": null,
	"cumulativeGasUsed": 1617407,
	"gasUsed": 51653,
	"logs": [
		{
			"address": "0x7e9e431a0B8c4D532C745B1043c7FA29a48D4fBa",
			"blockHash": "0x9a44b00e74bb8ea3f0f1305f70a07131e981ec1d7c3662d36842ca510e8d268b",
			"blockNumber": 5522801,
			"data": "0x00000000000000000000000000000000000000000000008581af88d4299c8000",
			"logIndex": 31,
			"topics": [
				"0xddf252ad1be2c89b69c2b068fc378daa952ba7f163c4a11628f55a4df523b3ef",
				"0x000000000000000000000000c9f42bcc3cd6c77fae537dd24ba96668fc864150",
				"0x0000000000000000000000005554346aa6d5360827301813d22461851b812686"
			],
			"transactionHash": "0xb9c2ca6aca3dfbe6cc7d29279b7b1be1f5e9f967c29038b70a3612cc5911889b",
			"transactionIndex": 33,
			"transactionLogIndex": "0x0",
			"type": "mined",
			"id": "log_2fc6218a"
		}
	],
	"logsBloom": "0x00000000000000000000000000000000000000000000000000000008008000000000000000000000000000000000000000000000100000000000000000000000000000000000010000000008000000000000000000000000000000000000000000000000000000000000000000000000000000000000000000000010000000000000000008000000000000000000000000000000000000000000000000000000000000000000000080000000000000000000000000000000000000000000000000001002000000000000000000000000000000000010000000000000000000000000000000000000000000000000000000000000000000000000000000004000",
	"root": null,
	"status": "0x1",
	"transactionHash": "0xb9c2ca6aca3dfbe6cc7d29279b7b1be1f5e9f967c29038b70a3612cc5911889b",
	"transactionIndex": 33
}
[2018-04-28T23:54:26.540] [DEBUG] trans - TO:   0xf6db7173a0d9afd75843024567b09b46f3a5b20c
[2018-04-28T23:54:26.541] [DEBUG] trans - AMOUNT:   2462244400000000000000
[2018-04-28T23:54:26.541] [DEBUG] trans - Receipt info:  {
	"blockHash": "0x9a44b00e74bb8ea3f0f1305f70a07131e981ec1d7c3662d36842ca510e8d268b",
	"blockNumber": 5522801,
	"contractAddress": null,
	"cumulativeGasUsed": 1772238,
	"gasUsed": 51589,
	"logs": [
		{
			"address": "0x7e9e431a0B8c4D532C745B1043c7FA29a48D4fBa",
			"blockHash": "0x9a44b00e74bb8ea3f0f1305f70a07131e981ec1d7c3662d36842ca510e8d268b",
			"blockNumber": 5522801,
			"data": "0x0000000000000000000000000000000000000000000000857a815c4522d30000",
			"logIndex": 34,
			"topics": [
				"0xddf252ad1be2c89b69c2b068fc378daa952ba7f163c4a11628f55a4df523b3ef",
				"0x000000000000000000000000c9f42bcc3cd6c77fae537dd24ba96668fc864150",
				"0x000000000000000000000000f6db7173a0d9afd75843024567b09b46f3a5b20c"
			],
			"transactionHash": "0x1d42374028b0a7699a7968c529b743c8e585ed94bc9f3100cbd902901392509c",
			"transactionIndex": 36,
			"transactionLogIndex": "0x0",
			"type": "mined",
			"id": "log_8db75036"
		}
	],
	"logsBloom": "0x00000000000000000000000000000000000000000000000000000000008000000000000000000000000000000000000000000000100000000000000000000000000000008000010000000008000000000000000000000000000000000000000000000000000000000000000000000000000000000000000000000010000000000000000000000000000000000000000000000000000000000000000000000000000000000000000080000000000000000000000000000000000000000000000000001002000000000000000000000008000000000000000000000002000000000000000000000000000000000000000000000000000000000000000000004000",
	"root": null,
	"status": "0x1",
	"transactionHash": "0x1d42374028b0a7699a7968c529b743c8e585ed94bc9f3100cbd902901392509c",
	"transactionIndex": 36
}
[2018-04-28T23:54:26.542] [DEBUG] trans - TO:   0x27e170d9bfeb33970676089f36dc0ea282a69679
[2018-04-28T23:54:26.542] [DEBUG] trans - AMOUNT:   2463886900000000000000
[2018-04-28T23:54:26.542] [DEBUG] trans - Receipt info:  {
	"blockHash": "0x9a44b00e74bb8ea3f0f1305f70a07131e981ec1d7c3662d36842ca510e8d268b",
	"blockNumber": 5522801,
	"contractAddress": null,
	"cumulativeGasUsed": 1410859,
	"gasUsed": 51653,
	"logs": [
		{
			"address": "0x7e9e431a0B8c4D532C745B1043c7FA29a48D4fBa",
			"blockHash": "0x9a44b00e74bb8ea3f0f1305f70a07131e981ec1d7c3662d36842ca510e8d268b",
			"blockNumber": 5522801,
			"data": "0x000000000000000000000000000000000000000000000085914cb15156674000",
			"logIndex": 27,
			"topics": [
				"0xddf252ad1be2c89b69c2b068fc378daa952ba7f163c4a11628f55a4df523b3ef",
				"0x000000000000000000000000c9f42bcc3cd6c77fae537dd24ba96668fc864150",
				"0x00000000000000000000000027e170d9bfeb33970676089f36dc0ea282a69679"
			],
			"transactionHash": "0xb00f5f8450bedbe83e4a493755db60b3a14d4806faab4c87ff00970f27564c18",
			"transactionIndex": 29,
			"transactionLogIndex": "0x0",
			"type": "mined",
			"id": "log_54975aa3"
		}
	],
	"logsBloom": "0x00000000000000000000000000000000000000000000000000000000008000000000000001000000000000000000000000000000100000000000000000000000008000000000010000000008000000000000000000000000000000000000000000000000000000000000000000000000000000000000000000000010000000000000000000000000000000000000000000000000000000000000000000000000000000000000000080000000000000000000000000000000000000000000000000001002000000000000000000000000000000000000000000000000000000100000000000000000000000000000000000000000000000000000000000004000",
	"root": null,
	"status": "0x1",
	"transactionHash": "0xb00f5f8450bedbe83e4a493755db60b3a14d4806faab4c87ff00970f27564c18",
	"transactionIndex": 29
}
[2018-04-28T23:54:26.544] [DEBUG] trans - TO:   0xcf30de1c49dec7f4a678efe9972f2453b42131df
[2018-04-28T23:54:26.545] [DEBUG] trans - AMOUNT:   2462170000000000000000
[2018-04-28T23:54:26.545] [DEBUG] trans - Receipt info:  {
	"blockHash": "0x9a44b00e74bb8ea3f0f1305f70a07131e981ec1d7c3662d36842ca510e8d268b",
	"blockNumber": 5522801,
	"contractAddress": null,
	"cumulativeGasUsed": 1823827,
	"gasUsed": 51589,
	"logs": [
		{
			"address": "0x7e9e431a0B8c4D532C745B1043c7FA29a48D4fBa",
			"blockHash": "0x9a44b00e74bb8ea3f0f1305f70a07131e981ec1d7c3662d36842ca510e8d268b",
			"blockNumber": 5522801,
			"data": "0x000000000000000000000000000000000000000000000085797909dd3f890000",
			"logIndex": 35,
			"topics": [
				"0xddf252ad1be2c89b69c2b068fc378daa952ba7f163c4a11628f55a4df523b3ef",
				"0x000000000000000000000000c9f42bcc3cd6c77fae537dd24ba96668fc864150",
				"0x000000000000000000000000cf30de1c49dec7f4a678efe9972f2453b42131df"
			],
			"transactionHash": "0xc4eb0e349aff8601856352842fddfa2c0123320d818a4fc43052145cc9d257c6",
			"transactionIndex": 37,
			"transactionLogIndex": "0x0",
			"type": "mined",
			"id": "log_5c3b700c"
		}
	],
	"logsBloom": "0x00080000000000000000000000000000000000000000000000000000008000000000000000000000000000000000000000000000102000000000000000000000000000000000010000000008000000000000000000000000000000008000000000000000000000000000000000000000000000000000000000000010000000000000000000000000000000000000000000000000000000000000000000000000000000000000000080000000000000000000000000000000000000000000000000001002000000000000000000000000000000000000000000000000000000000000000000000000000000000000000000000000000000000000000000004000",
	"root": null,
	"status": "0x1",
	"transactionHash": "0xc4eb0e349aff8601856352842fddfa2c0123320d818a4fc43052145cc9d257c6",
	"transactionIndex": 37
}
[2018-04-28T23:54:26.545] [DEBUG] trans - TO:   0x22c9f9957c8299aaef77c902e291909d28451d3c
[2018-04-28T23:54:26.545] [DEBUG] trans - AMOUNT:   2462498900000000000000
[2018-04-28T23:54:26.545] [DEBUG] trans - Receipt info:  {
	"blockHash": "0x9a44b00e74bb8ea3f0f1305f70a07131e981ec1d7c3662d36842ca510e8d268b",
	"blockNumber": 5522801,
	"contractAddress": null,
	"cumulativeGasUsed": 1720649,
	"gasUsed": 51653,
	"logs": [
		{
			"address": "0x7e9e431a0B8c4D532C745B1043c7FA29a48D4fBa",
			"blockHash": "0x9a44b00e74bb8ea3f0f1305f70a07131e981ec1d7c3662d36842ca510e8d268b",
			"blockNumber": 5522801,
			"data": "0x0000000000000000000000000000000000000000000000857e0986abf2294000",
			"logIndex": 33,
			"topics": [
				"0xddf252ad1be2c89b69c2b068fc378daa952ba7f163c4a11628f55a4df523b3ef",
				"0x000000000000000000000000c9f42bcc3cd6c77fae537dd24ba96668fc864150",
				"0x00000000000000000000000022c9f9957c8299aaef77c902e291909d28451d3c"
			],
			"transactionHash": "0x9b1acabb03e8b404595c4a399a4a784c3f3b06a9d580f460b4e79a3db853d976",
			"transactionIndex": 35,
			"transactionLogIndex": "0x0",
			"type": "mined",
			"id": "log_f1f6b81f"
		}
	],
	"logsBloom": "0x00000000000000000000000000000000000000000000000000000000008000000000004000000000000000000000000000000000100000000000000000000000000000000000010008000008000000000000000000000000000000000000000000000000000000000000000000000000000000000000000000000010000000000000000000000000000000000000000000000000000000000000000000400000000000000000000080000000000000000000000000000000000000000000000000001002000000000000000000000000000000000000000000000000000000000000000000000000000000000000000000000000000000000000000000004000",
	"root": null,
	"status": "0x1",
	"transactionHash": "0x9b1acabb03e8b404595c4a399a4a784c3f3b06a9d580f460b4e79a3db853d976",
	"transactionIndex": 35
}
[2018-04-28T23:54:26.546] [DEBUG] trans - TO:   0x51e2d306800386c04eaf4e54a4dfbd0b3bbba148
[2018-04-28T23:54:26.546] [DEBUG] trans - AMOUNT:   2461969200000000000000
[2018-04-28T23:54:26.546] [DEBUG] trans - Receipt info:  {
	"blockHash": "0x9a44b00e74bb8ea3f0f1305f70a07131e981ec1d7c3662d36842ca510e8d268b",
	"blockNumber": 5522801,
	"contractAddress": null,
	"cumulativeGasUsed": 1978530,
	"gasUsed": 51525,
	"logs": [
		{
			"address": "0x7e9e431a0B8c4D532C745B1043c7FA29a48D4fBa",
			"blockHash": "0x9a44b00e74bb8ea3f0f1305f70a07131e981ec1d7c3662d36842ca510e8d268b",
			"blockNumber": 5522801,
			"data": "0x00000000000000000000000000000000000000000000008576afa75400a30000",
			"logIndex": 38,
			"topics": [
				"0xddf252ad1be2c89b69c2b068fc378daa952ba7f163c4a11628f55a4df523b3ef",
				"0x000000000000000000000000c9f42bcc3cd6c77fae537dd24ba96668fc864150",
				"0x00000000000000000000000051e2d306800386c04eaf4e54a4dfbd0b3bbba148"
			],
			"transactionHash": "0x6adb488d9d78735a33ea95ec16ac95da2d8c7712df66d090966c2b17792ffd22",
			"transactionIndex": 40,
			"transactionLogIndex": "0x0",
			"type": "mined",
			"id": "log_3f7d67ee"
		}
	],
	"logsBloom": "0x00000000000000000000000000000000000000000000000000000000008000000000000000000000000000000000000000000000100000000000000000000000000000000000010000000008000000000000000000000000000000000000000000000000000000000000000000000100000000000000000000000010000000000000000000000000000000000000000000000000000000000000000000000000000000000000000080000000000000000000000000000000000000000000000000001002000000000000000000000000000000000000000000000000000000000000000000000000000000000000000010000000000000004000000000004000",
	"root": null,
	"status": "0x1",
	"transactionHash": "0x6adb488d9d78735a33ea95ec16ac95da2d8c7712df66d090966c2b17792ffd22",
	"transactionIndex": 40
}
[2018-04-28T23:54:26.546] [DEBUG] trans - TO:   0xc0ae0443824249632f3ced26d0660af6fc6105ec
[2018-04-28T23:54:26.546] [DEBUG] trans - AMOUNT:   2460995000000000000000
[2018-04-28T23:54:26.546] [DEBUG] trans - Receipt info:  {
	"blockHash": "0x9a44b00e74bb8ea3f0f1305f70a07131e981ec1d7c3662d36842ca510e8d268b",
	"blockNumber": 5522801,
	"contractAddress": null,
	"cumulativeGasUsed": 2030183,
	"gasUsed": 51653,
	"logs": [
		{
			"address": "0x7e9e431a0B8c4D532C745B1043c7FA29a48D4fBa",
			"blockHash": "0x9a44b00e74bb8ea3f0f1305f70a07131e981ec1d7c3662d36842ca510e8d268b",
			"blockNumber": 5522801,
			"data": "0x000000000000000000000000000000000000000000000085692a9996f4738000",
			"logIndex": 39,
			"topics": [
				"0xddf252ad1be2c89b69c2b068fc378daa952ba7f163c4a11628f55a4df523b3ef",
				"0x000000000000000000000000c9f42bcc3cd6c77fae537dd24ba96668fc864150",
				"0x000000000000000000000000c0ae0443824249632f3ced26d0660af6fc6105ec"
			],
			"transactionHash": "0x67cdbf143467021b9133beab9c15c0df65a923bf45463769499acc2edcaf624e",
			"transactionIndex": 41,
			"transactionLogIndex": "0x0",
			"type": "mined",
			"id": "log_d8d156b1"
		}
	],
	"logsBloom": "0x00000000000000000000000000000000000000000000000000000000008000000000000000000000000000000000000000000000100000000000000000000000000000000000010000000008000000000000000000000001000000000000000000000000000000000000000000000000000000000000000000000010000000000000000000000000000000000000000000000000000000000000000000000000000000000000000080000000000000000000000000000000000000000000000000001002000000000000000000000080000000000000000000000000200000000000000000000000000000000000000000000000000000000000000000004000",
	"root": null,
	"status": "0x1",
	"transactionHash": "0x67cdbf143467021b9133beab9c15c0df65a923bf45463769499acc2edcaf624e",
	"transactionIndex": 41
}
[2018-04-28T23:54:26.548] [DEBUG] trans - TO:   0x2eded592ab1f5d8daa8512cafde3955154c141f8
[2018-04-28T23:54:26.548] [DEBUG] trans - AMOUNT:   2458814500000000000000
[2018-04-28T23:54:26.548] [DEBUG] trans - Receipt info:  {
	"blockHash": "0x9a44b00e74bb8ea3f0f1305f70a07131e981ec1d7c3662d36842ca510e8d268b",
	"blockNumber": 5522801,
	"contractAddress": null,
	"cumulativeGasUsed": 2236667,
	"gasUsed": 51653,
	"logs": [
		{
			"address": "0x7e9e431a0B8c4D532C745B1043c7FA29a48D4fBa",
			"blockHash": "0x9a44b00e74bb8ea3f0f1305f70a07131e981ec1d7c3662d36842ca510e8d268b",
			"blockNumber": 5522801,
			"data": "0x0000000000000000000000000000000000000000000000854ae7e86477b64000",
			"logIndex": 43,
			"topics": [
				"0xddf252ad1be2c89b69c2b068fc378daa952ba7f163c4a11628f55a4df523b3ef",
				"0x000000000000000000000000c9f42bcc3cd6c77fae537dd24ba96668fc864150",
				"0x0000000000000000000000002eded592ab1f5d8daa8512cafde3955154c141f8"
			],
			"transactionHash": "0xa08032312fd2307a114b89816a4f03fdca68c19638e93a4213537c45fd63049f",
			"transactionIndex": 45,
			"transactionLogIndex": "0x0",
			"type": "mined",
			"id": "log_e9afe2e3"
		}
	],
	"logsBloom": "0x00000000000000000000000000000000000000000000000000000000008000000000000000000000080000000000000000000000100000000000000000000000000000000000010000000008000000000000000000000000000000000000000000000000000000000000000000800000000000000000000000000010000000000000000000000000000000000000000000000000000000000000000000000000000000000000000080000000000000000000010000000000000000000000000000001002000000000000000000000000000000000000000000000000000000000000000000000000000000000000000000000000000000000000000000004000",
	"root": null,
	"status": "0x1",
	"transactionHash": "0xa08032312fd2307a114b89816a4f03fdca68c19638e93a4213537c45fd63049f",
	"transactionIndex": 45
}
[2018-04-28T23:54:26.549] [DEBUG] trans - TO:   0xdcdea3fc5382ae628391382c0589f16bfe41e6d7
[2018-04-28T23:54:26.549] [DEBUG] trans - AMOUNT:   2461985000000000000000
[2018-04-28T23:54:26.549] [DEBUG] trans - Receipt info:  {
	"blockHash": "0x9a44b00e74bb8ea3f0f1305f70a07131e981ec1d7c3662d36842ca510e8d268b",
	"blockNumber": 5522801,
	"contractAddress": null,
	"cumulativeGasUsed": 1927005,
	"gasUsed": 51653,
	"logs": [
		{
			"address": "0x7e9e431a0B8c4D532C745B1043c7FA29a48D4fBa",
			"blockHash": "0x9a44b00e74bb8ea3f0f1305f70a07131e981ec1d7c3662d36842ca510e8d268b",
			"blockNumber": 5522801,
			"data": "0x00000000000000000000000000000000000000000000008576e7c9582c168000",
			"logIndex": 37,
			"topics": [
				"0xddf252ad1be2c89b69c2b068fc378daa952ba7f163c4a11628f55a4df523b3ef",
				"0x000000000000000000000000c9f42bcc3cd6c77fae537dd24ba96668fc864150",
				"0x000000000000000000000000dcdea3fc5382ae628391382c0589f16bfe41e6d7"
			],
			"transactionHash": "0x164032ae4a119ec17997356fbec8eefdb450a0b5d0c3234e50af2d691d7d42b0",
			"transactionIndex": 39,
			"transactionLogIndex": "0x0",
			"type": "mined",
			"id": "log_a9f0ed11"
		}
	],
	"logsBloom": "0x00000000000000000000000000000000000000000000000000000000008000000000000000000000000001000000000000000000100000000000000000000000000000000000010000000008000000000000000000000000000000000000000000000000000000000000000000000000000000000000000000000010000000000000000000000000000000000000000000000000000000000000000000000000000000000000000080040000000000000000000000000000000000000000000000001002000000000000000000000000000000000000000000000000000000000000000000000000000000000200000000000000000000000000000000004000",
	"root": null,
	"status": "0x1",
	"transactionHash": "0x164032ae4a119ec17997356fbec8eefdb450a0b5d0c3234e50af2d691d7d42b0",
	"transactionIndex": 39
}
[2018-04-28T23:54:26.550] [DEBUG] trans - TO:   0x242453ca26636d6bfbf736180756f7f13639fad7
[2018-04-28T23:54:26.550] [DEBUG] trans - AMOUNT:   2460680000000000000000
[2018-04-28T23:54:26.550] [DEBUG] trans - Receipt info:  {
	"blockHash": "0x9a44b00e74bb8ea3f0f1305f70a07131e981ec1d7c3662d36842ca510e8d268b",
	"blockNumber": 5522801,
	"contractAddress": null,
	"cumulativeGasUsed": 2133361,
	"gasUsed": 51589,
	"logs": [
		{
			"address": "0x7e9e431a0B8c4D532C745B1043c7FA29a48D4fBa",
			"blockHash": "0x9a44b00e74bb8ea3f0f1305f70a07131e981ec1d7c3662d36842ca510e8d268b",
			"blockNumber": 5522801,
			"data": "0x00000000000000000000000000000000000000000000008564cb7ec234340000",
			"logIndex": 41,
			"topics": [
				"0xddf252ad1be2c89b69c2b068fc378daa952ba7f163c4a11628f55a4df523b3ef",
				"0x000000000000000000000000c9f42bcc3cd6c77fae537dd24ba96668fc864150",
				"0x000000000000000000000000242453ca26636d6bfbf736180756f7f13639fad7"
			],
			"transactionHash": "0xed633c6c32279d48ecd727b09aa0d1125de727be3c3b9f7721028985ec9c49e4",
			"transactionIndex": 43,
			"transactionLogIndex": "0x0",
			"type": "mined",
			"id": "log_4a2646da"
		}
	],
	"logsBloom": "0x00000000010010000000000000000000000000000000000000000000008000000000000000000000000000000000000000000000100000000000000000000000000000000000010000000008000000000020000000000000000000000000000000000000000000000000000000000000000000000000000000000010000000000000000000000000000000000000000000000000000000000000000000000000000000000000000080000000000000000000000000000000000000000000000000001002000000000000000000000000000000000000000000000000000000000000000000000000000000000000000000000000000000000000000000004000",
	"root": null,
	"status": "0x1",
	"transactionHash": "0xed633c6c32279d48ecd727b09aa0d1125de727be3c3b9f7721028985ec9c49e4",
	"transactionIndex": 43
}
[2018-04-28T23:54:26.550] [DEBUG] trans - TO:   0x1f50f5f225c179aaab0b3f27dfd661b474059b90
[2018-04-28T23:54:26.551] [DEBUG] trans - AMOUNT:   2460646100000000000000
[2018-04-28T23:54:26.551] [DEBUG] trans - Receipt info:  {
	"blockHash": "0x9a44b00e74bb8ea3f0f1305f70a07131e981ec1d7c3662d36842ca510e8d268b",
	"blockNumber": 5522801,
	"contractAddress": null,
	"cumulativeGasUsed": 2185014,
	"gasUsed": 51653,
	"logs": [
		{
			"address": "0x7e9e431a0B8c4D532C745B1043c7FA29a48D4fBa",
			"blockHash": "0x9a44b00e74bb8ea3f0f1305f70a07131e981ec1d7c3662d36842ca510e8d268b",
			"blockNumber": 5522801,
			"data": "0x00000000000000000000000000000000000000000000008564530ee362514000",
			"logIndex": 42,
			"topics": [
				"0xddf252ad1be2c89b69c2b068fc378daa952ba7f163c4a11628f55a4df523b3ef",
				"0x000000000000000000000000c9f42bcc3cd6c77fae537dd24ba96668fc864150",
				"0x0000000000000000000000001f50f5f225c179aaab0b3f27dfd661b474059b90"
			],
			"transactionHash": "0x9d46c38c5673f98990a480f4d072f0796b52c39131faeb289c52ac69a2e14da9",
			"transactionIndex": 44,
			"transactionLogIndex": "0x0",
			"type": "mined",
			"id": "log_cab460d6"
		}
	],
	"logsBloom": "0x00000000000000000000000000000000000000000000000000000000008000000000000000000000000000000000000000000000100000000000000000000000000000000000010000000008000000000000000000000000000000000000000000000000000000000000000000000000000000000000000000000010000000000000000000000000000010000000000000000000000000000000000000000000000000000000000080000000000000000000000000000800000000000000000000001002000000000000000000000000000000000000000000000000000000000000000000000000000000000002000000000000000000000000000000004000",
	"root": null,
	"status": "0x1",
	"transactionHash": "0x9d46c38c5673f98990a480f4d072f0796b52c39131faeb289c52ac69a2e14da9",
	"transactionIndex": 44
}
[2018-04-28T23:54:26.551] [DEBUG] trans - TO:   0x547f2378701f68911578b79416301ee6607780a3
[2018-04-28T23:54:26.551] [DEBUG] trans - AMOUNT:   2458794600000000000000
[2018-04-28T23:54:26.551] [DEBUG] trans - Receipt info:  {
	"blockHash": "0x9a44b00e74bb8ea3f0f1305f70a07131e981ec1d7c3662d36842ca510e8d268b",
	"blockNumber": 5522801,
	"contractAddress": null,
	"cumulativeGasUsed": 2288320,
	"gasUsed": 51653,
	"logs": [
		{
			"address": "0x7e9e431a0B8c4D532C745B1043c7FA29a48D4fBa",
			"blockHash": "0x9a44b00e74bb8ea3f0f1305f70a07131e981ec1d7c3662d36842ca510e8d268b",
			"blockNumber": 5522801,
			"data": "0x0000000000000000000000000000000000000000000000854aa13572a8ae8000",
			"logIndex": 44,
			"topics": [
				"0xddf252ad1be2c89b69c2b068fc378daa952ba7f163c4a11628f55a4df523b3ef",
				"0x000000000000000000000000c9f42bcc3cd6c77fae537dd24ba96668fc864150",
				"0x000000000000000000000000547f2378701f68911578b79416301ee6607780a3"
			],
			"transactionHash": "0xeb098ca4cc51930e5faa691167056265e4c0584c0b865dabe6d7d1e17ec729f0",
			"transactionIndex": 46,
			"transactionLogIndex": "0x0",
			"type": "mined",
			"id": "log_008a5660"
		}
	],
	"logsBloom": "0x00000000000800000000000000000000000000000000000000000000008000000000000000000000000000200000000000000000100000000000000000000000000000000000010000000008000000000000000000000000000000000000000000000800000000000000000000000000000000000000000000000010000000000000000000000000000000000000000000000000000000000000000000000000000000000000000080000000000000000000000000000000000000000000000000001002000000000000000000000000000000000000000000000000000000000000000000000000000000000000000000000000000000000000000000004000",
	"root": null,
	"status": "0x1",
	"transactionHash": "0xeb098ca4cc51930e5faa691167056265e4c0584c0b865dabe6d7d1e17ec729f0",
	"transactionIndex": 46
}
[2018-04-28T23:54:26.552] [DEBUG] trans - TO:   0x337451da74223bdcd6452850cbc782e42974ba69
[2018-04-28T23:54:26.552] [DEBUG] trans - AMOUNT:   2462068800000000000000
[2018-04-28T23:54:26.552] [DEBUG] trans - Receipt info:  {
	"blockHash": "0x9a44b00e74bb8ea3f0f1305f70a07131e981ec1d7c3662d36842ca510e8d268b",
	"blockNumber": 5522801,
	"contractAddress": null,
	"cumulativeGasUsed": 1875352,
	"gasUsed": 51525,
	"logs": [
		{
			"address": "0x7e9e431a0B8c4D532C745B1043c7FA29a48D4fBa",
			"blockHash": "0x9a44b00e74bb8ea3f0f1305f70a07131e981ec1d7c3662d36842ca510e8d268b",
			"blockNumber": 5522801,
			"data": "0x000000000000000000000000000000000000000000000085781181001c440000",
			"logIndex": 36,
			"topics": [
				"0xddf252ad1be2c89b69c2b068fc378daa952ba7f163c4a11628f55a4df523b3ef",
				"0x000000000000000000000000c9f42bcc3cd6c77fae537dd24ba96668fc864150",
				"0x000000000000000000000000337451da74223bdcd6452850cbc782e42974ba69"
			],
			"transactionHash": "0x6bd3831b652c5c059c2c5b8cd174028fb2d44a582d912f84ef4fabde475fc131",
			"transactionIndex": 38,
			"transactionLogIndex": "0x0",
			"type": "mined",
			"id": "log_79f378e5"
		}
	],
	"logsBloom": "0x00000000000000000000000000000000000000000000000000000000008000000000000000000000000000000000000000000000100000000000000000000000000000000000010000000008000000000001000000000000000000000000000000000000000000000000000000000000000000000000000000000010000000000000000000000000000000000000000000000000000000000000000000000000000000000000000080000000000000000000000001000000000000000010000000001002000000000000000000000000000000000000000000000000000000000000000000000000000000000000000000000000000000000000000000004000",
	"root": null,
	"status": "0x1",
	"transactionHash": "0x6bd3831b652c5c059c2c5b8cd174028fb2d44a582d912f84ef4fabde475fc131",
	"transactionIndex": 38
}
[2018-04-28T23:54:26.553] [DEBUG] trans - TO:   0xc7202bc3c843110b608b99e576e73f1ad3e4ea64
[2018-04-28T23:54:26.553] [DEBUG] trans - AMOUNT:   2458404800000000000000
[2018-04-28T23:54:26.553] [DEBUG] trans - Receipt info:  {
	"blockHash": "0x9a44b00e74bb8ea3f0f1305f70a07131e981ec1d7c3662d36842ca510e8d268b",
	"blockNumber": 5522801,
	"contractAddress": null,
	"cumulativeGasUsed": 2443215,
	"gasUsed": 51589,
	"logs": [
		{
			"address": "0x7e9e431a0B8c4D532C745B1043c7FA29a48D4fBa",
			"blockHash": "0x9a44b00e74bb8ea3f0f1305f70a07131e981ec1d7c3662d36842ca510e8d268b",
			"blockNumber": 5522801,
			"data": "0x00000000000000000000000000000000000000000000008545385c69c33c0000",
			"logIndex": 47,
			"topics": [
				"0xddf252ad1be2c89b69c2b068fc378daa952ba7f163c4a11628f55a4df523b3ef",
				"0x000000000000000000000000c9f42bcc3cd6c77fae537dd24ba96668fc864150",
				"0x000000000000000000000000c7202bc3c843110b608b99e576e73f1ad3e4ea64"
			],
			"transactionHash": "0x6bf949114d970a02994e17f11d5c7142aeef7d01aa125a9256ac1c977838a794",
			"transactionIndex": 49,
			"transactionLogIndex": "0x0",
			"type": "mined",
			"id": "log_75994287"
		}
	],
	"logsBloom": "0x00000000000000000000000000000000000000000000000000000000008000000000000000000000000000000000000000000000100000000000000000000000000000000000010000000008000000000000000000000000000000000000000000000000000000000000000000000000000024000000000000000010000000000000000000000000000000000000000000000008000000000000000000000000000000000000000080000000000000000000000000000000000000000000000000001002000000000000000000000000000000000000000000000000000000000000000000000000000000000000000000000000000000000000000000004000",
	"root": null,
	"status": "0x1",
	"transactionHash": "0x6bf949114d970a02994e17f11d5c7142aeef7d01aa125a9256ac1c977838a794",
	"transactionIndex": 49
}
[2018-04-28T23:54:26.554] [DEBUG] trans - TO:   0xcc7a429dea88ca6c52295a5fce77c5a4f8a5ed77
[2018-04-28T23:54:26.554] [DEBUG] trans - AMOUNT:   2456500000000000000000
[2018-04-28T23:54:26.554] [DEBUG] trans - Receipt info:  {
	"blockHash": "0x9a44b00e74bb8ea3f0f1305f70a07131e981ec1d7c3662d36842ca510e8d268b",
	"blockNumber": 5522801,
	"contractAddress": null,
	"cumulativeGasUsed": 2649699,
	"gasUsed": 51589,
	"logs": [
		{
			"address": "0x7e9e431a0B8c4D532C745B1043c7FA29a48D4fBa",
			"blockHash": "0x9a44b00e74bb8ea3f0f1305f70a07131e981ec1d7c3662d36842ca510e8d268b",
			"blockNumber": 5522801,
			"data": "0x0000000000000000000000000000000000000000000000852ac926e7bb120000",
			"logIndex": 51,
			"topics": [
				"0xddf252ad1be2c89b69c2b068fc378daa952ba7f163c4a11628f55a4df523b3ef",
				"0x000000000000000000000000c9f42bcc3cd6c77fae537dd24ba96668fc864150",
				"0x000000000000000000000000cc7a429dea88ca6c52295a5fce77c5a4f8a5ed77"
			],
			"transactionHash": "0xb57a7040658c0cf0dcee1701e068759da11cb3503a6668bf52dea5bb55c1a000",
			"transactionIndex": 53,
			"transactionLogIndex": "0x0",
			"type": "mined",
			"id": "log_d1fcac1e"
		}
	],
	"logsBloom": "0x00000000000000000000000000000000000000000000000000000000008000000000000000000000000000000000000000000000100000000000000000000000000000000000010000000008000000000000000000000000020000000000000008000000000000000000000004000000000000000000000000000010000000000000000000000000000000000000000000000000000000000000000000000000000000000000000080000000000000000000000000000000000000000000000000001002000000000000000000000000000000000000000000000000000000000000000000000000000000000000000000000000000000000000000000004000",
	"root": null,
	"status": "0x1",
	"transactionHash": "0xb57a7040658c0cf0dcee1701e068759da11cb3503a6668bf52dea5bb55c1a000",
	"transactionIndex": 53
}
[2018-04-28T23:54:26.554] [DEBUG] trans - TO:   0x61ad92421ad9459071c34e035961e8173890fe73
[2018-04-28T23:54:26.554] [DEBUG] trans - AMOUNT:   2458197000000000000000
[2018-04-28T23:54:26.554] [DEBUG] trans - Receipt info:  {
	"blockHash": "0x9a44b00e74bb8ea3f0f1305f70a07131e981ec1d7c3662d36842ca510e8d268b",
	"blockNumber": 5522801,
	"contractAddress": null,
	"cumulativeGasUsed": 2546521,
	"gasUsed": 51653,
	"logs": [
		{
			"address": "0x7e9e431a0B8c4D532C745B1043c7FA29a48D4fBa",
			"blockHash": "0x9a44b00e74bb8ea3f0f1305f70a07131e981ec1d7c3662d36842ca510e8d268b",
			"blockNumber": 5522801,
			"data": "0x00000000000000000000000000000000000000000000008542561b6a02e88000",
			"logIndex": 49,
			"topics": [
				"0xddf252ad1be2c89b69c2b068fc378daa952ba7f163c4a11628f55a4df523b3ef",
				"0x000000000000000000000000c9f42bcc3cd6c77fae537dd24ba96668fc864150",
				"0x00000000000000000000000061ad92421ad9459071c34e035961e8173890fe73"
			],
			"transactionHash": "0x15f471c37f52202eaf2da48a7b89b121dacc7944eeb777c6ed2482b82f0072d2",
			"transactionIndex": 51,
			"transactionLogIndex": "0x0",
			"type": "mined",
			"id": "log_272738aa"
		}
	],
	"logsBloom": "0x00000000000000000000000000000000000000000000000000000000008000000000020000000000000000000000000000000000100000000000000000000000000000000000010000000008000000000000000000000000000000000000000000000000000000000000000000000000000000000000000000000010000000000000000000000000000000000000000000000000000000000000000000000000000000000000000080000002000000000000000000000000000000000000000000001002000000000000000000000000000000040000000000000000000000000000000000000000000000000000000000000000000000000000000000004000",
	"root": null,
	"status": "0x1",
	"transactionHash": "0x15f471c37f52202eaf2da48a7b89b121dacc7944eeb777c6ed2482b82f0072d2",
	"transactionIndex": 51
}
[2018-04-28T23:54:26.555] [DEBUG] trans - TO:   0x84a368400b04f0b89e2e4d5c49cfde3df9aa2660
[2018-04-28T23:54:26.555] [DEBUG] trans - AMOUNT:   2458546900000000000000
[2018-04-28T23:54:26.555] [DEBUG] trans - Receipt info:  {
	"blockHash": "0x9a44b00e74bb8ea3f0f1305f70a07131e981ec1d7c3662d36842ca510e8d268b",
	"blockNumber": 5522801,
	"contractAddress": null,
	"cumulativeGasUsed": 2391626,
	"gasUsed": 51653,
	"logs": [
		{
			"address": "0x7e9e431a0B8c4D532C745B1043c7FA29a48D4fBa",
			"blockHash": "0x9a44b00e74bb8ea3f0f1305f70a07131e981ec1d7c3662d36842ca510e8d268b",
			"blockNumber": 5522801,
			"data": "0x0000000000000000000000000000000000000000000000854731339c39d14000",
			"logIndex": 46,
			"topics": [
				"0xddf252ad1be2c89b69c2b068fc378daa952ba7f163c4a11628f55a4df523b3ef",
				"0x000000000000000000000000c9f42bcc3cd6c77fae537dd24ba96668fc864150",
				"0x00000000000000000000000084a368400b04f0b89e2e4d5c49cfde3df9aa2660"
			],
			"transactionHash": "0xa6c9455c55ea9012d2c9fe0ec4fbec1a4f9c5a0762c6c4f592936ad4f0c6cf1b",
			"transactionIndex": 48,
			"transactionLogIndex": "0x0",
			"type": "mined",
			"id": "log_94e54f99"
		}
	],
	"logsBloom": "0x00000000000000000000000000000000000000000000000000000000008000000000000000000000000000000000000000000000100000000000010000000000000000000000010000000008000000000000000000000000000000000000000000000000000000000000000000000000000000000000000000000010000000000000000000000000000000000000000000000000000000000000000000000000000000000000000080000000000000000000000000000000000000000000000000001002000000000000000000004000000000000000000000000000000000000000000000020000000000000000000000000000000000000000000000004000",
	"root": null,
	"status": "0x1",
	"transactionHash": "0xa6c9455c55ea9012d2c9fe0ec4fbec1a4f9c5a0762c6c4f592936ad4f0c6cf1b",
	"transactionIndex": 48
}
[2018-04-28T23:54:26.555] [DEBUG] trans - TO:   0x1f6c303b20eb6b900b4a83d6f943889435151a78
[2018-04-28T23:54:26.555] [DEBUG] trans - AMOUNT:   2460984000000000000000
[2018-04-28T23:54:26.555] [DEBUG] trans - Receipt info:  {
	"blockHash": "0x9a44b00e74bb8ea3f0f1305f70a07131e981ec1d7c3662d36842ca510e8d268b",
	"blockNumber": 5522801,
	"contractAddress": null,
	"cumulativeGasUsed": 2081772,
	"gasUsed": 51589,
	"logs": [
		{
			"address": "0x7e9e431a0B8c4D532C745B1043c7FA29a48D4fBa",
			"blockHash": "0x9a44b00e74bb8ea3f0f1305f70a07131e981ec1d7c3662d36842ca510e8d268b",
			"blockNumber": 5522801,
			"data": "0x00000000000000000000000000000000000000000000008569038525dfec0000",
			"logIndex": 40,
			"topics": [
				"0xddf252ad1be2c89b69c2b068fc378daa952ba7f163c4a11628f55a4df523b3ef",
				"0x000000000000000000000000c9f42bcc3cd6c77fae537dd24ba96668fc864150",
				"0x0000000000000000000000001f6c303b20eb6b900b4a83d6f943889435151a78"
			],
			"transactionHash": "0x7511d2c3f038f25f8f4df343c625c59e4ba51a99a7cd13d3b973b8ac6baffe62",
			"transactionIndex": 42,
			"transactionLogIndex": "0x0",
			"type": "mined",
			"id": "log_bd0922bb"
		}
	],
	"logsBloom": "0x00000000000000000000000000000000000000000000000000000000008000000000000000000000000000000000000000000000100000000000000000000000000000000000010000000008000000000000000000000000000000000000000000000000000000000000000000000000000000000000000000000010000000000000000000000000000000000000000000080000000000000000000000000000000000000000000080000000000000000000000000000000000000000000000000001002000000000000000000000000000000000000000200000008000000000000000000000000000000000000000000000000000000000000000000004000",
	"root": null,
	"status": "0x1",
	"transactionHash": "0x7511d2c3f038f25f8f4df343c625c59e4ba51a99a7cd13d3b973b8ac6baffe62",
	"transactionIndex": 42
}
[2018-04-28T23:54:26.556] [DEBUG] trans - TO:   0x901e45ebb4f308b6eae2054de14d324abc37c8f1
[2018-04-28T23:54:26.556] [DEBUG] trans - AMOUNT:   2456388000000000000000
[2018-04-28T23:54:26.556] [DEBUG] trans - Receipt info:  {
	"blockHash": "0x9a44b00e74bb8ea3f0f1305f70a07131e981ec1d7c3662d36842ca510e8d268b",
	"blockNumber": 5522801,
	"contractAddress": null,
	"cumulativeGasUsed": 2701288,
	"gasUsed": 51589,
	"logs": [
		{
			"address": "0x7e9e431a0B8c4D532C745B1043c7FA29a48D4fBa",
			"blockHash": "0x9a44b00e74bb8ea3f0f1305f70a07131e981ec1d7c3662d36842ca510e8d268b",
			"blockNumber": 5522801,
			"data": "0x000000000000000000000000000000000000000000000085293b3f7fa43a0000",
			"logIndex": 52,
			"topics": [
				"0xddf252ad1be2c89b69c2b068fc378daa952ba7f163c4a11628f55a4df523b3ef",
				"0x000000000000000000000000c9f42bcc3cd6c77fae537dd24ba96668fc864150",
				"0x000000000000000000000000901e45ebb4f308b6eae2054de14d324abc37c8f1"
			],
			"transactionHash": "0xb51da02df941fb9fcbe4f2814042ad5898085d10ae4f686ae49adfef6de1dfe0",
			"transactionIndex": 54,
			"transactionLogIndex": "0x0",
			"type": "mined",
			"id": "log_569b1700"
		}
	],
	"logsBloom": "0x00000000000000000000000000000000000000000000000000000000008000000000000000000000000000000000000000000000100000000000000000000000000000000000010000000008000000000000000000000000000000000000000000000000000000000000000000000000000000000000000000000010000000000000000000000000000000000000000000000000000000000000000000000000000000004000000080000000000000001000000000000000000000000000000000001002000000000000000000000000000000000000000000000000000000000000000000000000000000000000000001000000000000000000000000004000",
	"root": null,
	"status": "0x1",
	"transactionHash": "0xb51da02df941fb9fcbe4f2814042ad5898085d10ae4f686ae49adfef6de1dfe0",
	"transactionIndex": 54
}
[2018-04-28T23:54:26.556] [DEBUG] trans - TO:   0x9b797837e3554959a183364d0262ff5ceeadb54d
[2018-04-28T23:54:26.556] [DEBUG] trans - AMOUNT:   2458268300000000000000
[2018-04-28T23:54:26.556] [DEBUG] trans - Receipt info:  {
	"blockHash": "0x9a44b00e74bb8ea3f0f1305f70a07131e981ec1d7c3662d36842ca510e8d268b",
	"blockNumber": 5522801,
	"contractAddress": null,
	"cumulativeGasUsed": 2494868,
	"gasUsed": 51653,
	"logs": [
		{
			"address": "0x7e9e431a0B8c4D532C745B1043c7FA29a48D4fBa",
			"blockHash": "0x9a44b00e74bb8ea3f0f1305f70a07131e981ec1d7c3662d36842ca510e8d268b",
			"blockNumber": 5522801,
			"data": "0x00000000000000000000000000000000000000000000008543536a62e764c000",
			"logIndex": 48,
			"topics": [
				"0xddf252ad1be2c89b69c2b068fc378daa952ba7f163c4a11628f55a4df523b3ef",
				"0x000000000000000000000000c9f42bcc3cd6c77fae537dd24ba96668fc864150",
				"0x0000000000000000000000009b797837e3554959a183364d0262ff5ceeadb54d"
			],
			"transactionHash": "0x833bf8046094f2317ba45f14e7c71cff4257c2207b591b022eb85d622cbcb75e",
			"transactionIndex": 50,
			"transactionLogIndex": "0x0",
			"type": "mined",
			"id": "log_9a049c00"
		}
	],
	"logsBloom": "0x00000000000000000000000000000000000000000000000000000000008000020000000000000000000000000000000000000000100000000000000000000000000000000000010000000008000400000000000000000000000000000000000000000000000000000000000000000000000000000000000000000010000000000000000000000000000000000000000000000000000000000000000000000000000000000000000080000000000000000000000000000000000000000000000000001002000000000000000200000000000000000000000000000000000000000000000000000000000000000000000000000000000000000000000000004000",
	"root": null,
	"status": "0x1",
	"transactionHash": "0x833bf8046094f2317ba45f14e7c71cff4257c2207b591b022eb85d622cbcb75e",
	"transactionIndex": 50
}
[2018-04-28T23:54:26.557] [DEBUG] trans - TO:   0x5358587d897caf710bdc3ab8540f4b0bb4c5eb7c
[2018-04-28T23:54:26.557] [DEBUG] trans - AMOUNT:   2458766500000000000000
[2018-04-28T23:54:26.557] [DEBUG] trans - Receipt info:  {
	"blockHash": "0x9a44b00e74bb8ea3f0f1305f70a07131e981ec1d7c3662d36842ca510e8d268b",
	"blockNumber": 5522801,
	"contractAddress": null,
	"cumulativeGasUsed": 2339973,
	"gasUsed": 51653,
	"logs": [
		{
			"address": "0x7e9e431a0B8c4D532C745B1043c7FA29a48D4fBa",
			"blockHash": "0x9a44b00e74bb8ea3f0f1305f70a07131e981ec1d7c3662d36842ca510e8d268b",
			"blockNumber": 5522801,
			"data": "0x0000000000000000000000000000000000000000000000854a3d60a5927e4000",
			"logIndex": 45,
			"topics": [
				"0xddf252ad1be2c89b69c2b068fc378daa952ba7f163c4a11628f55a4df523b3ef",
				"0x000000000000000000000000c9f42bcc3cd6c77fae537dd24ba96668fc864150",
				"0x0000000000000000000000005358587d897caf710bdc3ab8540f4b0bb4c5eb7c"
			],
			"transactionHash": "0x78790b9a00cc00042d214825e9031299a3fe9715b9f3bcb410ac0382cdbd42dd",
			"transactionIndex": 47,
			"transactionLogIndex": "0x0",
			"type": "mined",
			"id": "log_3e8f5538"
		}
	],
	"logsBloom": "0x00000000000000000000000000000000000000000000000000000000008000000000000020000000000000000000000000000000900000000000000000000000000000000000010000000008000000000000000000000000000000000000000000000000000000000000000000000000000000000000000000000010000000000000000000000000000000000000000000000000000000000000000000000000000000000000000080000000000000000000000000000000000000000000000000001002000000000000000000000000000000000000000008000000000000000000000000000000000000000000000000000000000000000000000000004000",
	"root": null,
	"status": "0x1",
	"transactionHash": "0x78790b9a00cc00042d214825e9031299a3fe9715b9f3bcb410ac0382cdbd42dd",
	"transactionIndex": 47
}
[2018-04-28T23:54:26.557] [DEBUG] trans - TO:   0x6f26b499cb38c6849f5ad03048b4d894b0a2afc6
[2018-04-28T23:54:26.557] [DEBUG] trans - AMOUNT:   2456317400000000000000
[2018-04-28T23:54:26.557] [DEBUG] trans - Receipt info:  {
	"blockHash": "0x9a44b00e74bb8ea3f0f1305f70a07131e981ec1d7c3662d36842ca510e8d268b",
	"blockNumber": 5522801,
	"contractAddress": null,
	"cumulativeGasUsed": 2752941,
	"gasUsed": 51653,
	"logs": [
		{
			"address": "0x7e9e431a0B8c4D532C745B1043c7FA29a48D4fBa",
			"blockHash": "0x9a44b00e74bb8ea3f0f1305f70a07131e981ec1d7c3662d36842ca510e8d268b",
			"blockNumber": 5522801,
			"data": "0x00000000000000000000000000000000000000000000008528406d2c33158000",
			"logIndex": 53,
			"topics": [
				"0xddf252ad1be2c89b69c2b068fc378daa952ba7f163c4a11628f55a4df523b3ef",
				"0x000000000000000000000000c9f42bcc3cd6c77fae537dd24ba96668fc864150",
				"0x0000000000000000000000006f26b499cb38c6849f5ad03048b4d894b0a2afc6"
			],
			"transactionHash": "0x0270004eca24785becc52ad55d68b07fd02f5a1bce8c80002891a392bc4b3d86",
			"transactionIndex": 55,
			"transactionLogIndex": "0x0",
			"type": "mined",
			"id": "log_a561895e"
		}
	],
	"logsBloom": "0x00000000000000000000000000000000000000000000000000000000008000000000000000000000000000000000000000000000100000000000000000000000000000000000010000000008000000000000000000000000000000020000000000000000000000000000000000000000000000000000000000000010000000000000000000000000000000000000000000000000000000000000000000000000000000000000000080000000000000000000000000000000000000000000000000011002000000000000000000000000000000000000000000000000000000000008000000000000000000000000000000000000000000000000000000004000",
	"root": null,
	"status": "0x1",
	"transactionHash": "0x0270004eca24785becc52ad55d68b07fd02f5a1bce8c80002891a392bc4b3d86",
	"transactionIndex": 55
}
[2018-04-28T23:54:26.558] [DEBUG] trans - TO:   0x0fd7604522a60f89bb371cde69288779934ef470
[2018-04-28T23:54:26.558] [DEBUG] trans - AMOUNT:   2458143200000000000000
[2018-04-28T23:54:26.558] [DEBUG] trans - Receipt info:  {
	"blockHash": "0x9a44b00e74bb8ea3f0f1305f70a07131e981ec1d7c3662d36842ca510e8d268b",
	"blockNumber": 5522801,
	"contractAddress": null,
	"cumulativeGasUsed": 2598110,
	"gasUsed": 51589,
	"logs": [
		{
			"address": "0x7e9e431a0B8c4D532C745B1043c7FA29a48D4fBa",
			"blockHash": "0x9a44b00e74bb8ea3f0f1305f70a07131e981ec1d7c3662d36842ca510e8d268b",
			"blockNumber": 5522801,
			"data": "0x0000000000000000000000000000000000000000000000854196f89961fe0000",
			"logIndex": 50,
			"topics": [
				"0xddf252ad1be2c89b69c2b068fc378daa952ba7f163c4a11628f55a4df523b3ef",
				"0x000000000000000000000000c9f42bcc3cd6c77fae537dd24ba96668fc864150",
				"0x0000000000000000000000000fd7604522a60f89bb371cde69288779934ef470"
			],
			"transactionHash": "0xfb9b353564e349282f16bf9d62ccd52ec96ef6883e19b5d4866d78183cb49d22",
			"transactionIndex": 52,
			"transactionLogIndex": "0x0",
			"type": "mined",
			"id": "log_c064e431"
		}
	],
	"logsBloom": "0x00000000000000100000000000000000000000000000000000000000008000000000000000000800000000000000000000000000100000000000000000000000000000000000010000000008000000000000000000000000000000000000000000000000000000000000000000000000000000000000000000000010000000000000000000000000000000000000000000000000000000000000000000000000000000000000000080000000000000000000000000000000000000000000000000001002000000000000000000000000000000000000000000000000000000000000000100000000000000000000000000000000000000000000000000004000",
	"root": null,
	"status": "0x1",
	"transactionHash": "0xfb9b353564e349282f16bf9d62ccd52ec96ef6883e19b5d4866d78183cb49d22",
	"transactionIndex": 52
}
