[2018-04-25T23:07:23.456] [DEBUG] trans - TO:   0x4c45891822ccdd2f28d7bd96034a24c53a1ea19b
[2018-04-25T23:07:23.457] [DEBUG] trans - AMOUNT:   967082000000000000000
[2018-04-25T23:07:23.457] [DEBUG] trans - Receipt info:  {
	"blockHash": "0x3cbad4d10118a4a0e0aef6620bffc946f67d8d81acb9ec9f2572d346cb0c9cbb",
	"blockNumber": 5505543,
	"contractAddress": null,
	"cumulativeGasUsed": 905723,
	"gasUsed": 51589,
	"logs": [
		{
			"address": "0x7e9e431a0B8c4D532C745B1043c7FA29a48D4fBa",
			"blockHash": "0x3cbad4d10118a4a0e0aef6620bffc946f67d8d81acb9ec9f2572d346cb0c9cbb",
			"blockNumber": 5505543,
			"data": "0x0000000000000000000000000000000000000000000000346cf5732e12510000",
			"logIndex": 14,
			"topics": [
				"0xddf252ad1be2c89b69c2b068fc378daa952ba7f163c4a11628f55a4df523b3ef",
				"0x000000000000000000000000468b858c964f297fd8fce058032bf4b4911a8ad8",
				"0x0000000000000000000000004c45891822ccdd2f28d7bd96034a24c53a1ea19b"
			],
			"transactionHash": "0x9662cd802738230185d2c3524c697939ce4510a93599069293f8414d9677b31c",
			"transactionIndex": 19,
			"transactionLogIndex": "0x0",
			"type": "mined",
			"id": "log_ce44ceac"
		}
	],
	"logsBloom": "0x00000000000000000000000000020001000000000000000000000000000000000000000000000000000000000000000000000000000000000000000000000000000000000000010000000008000000000000000000000000000000000020000000000001000000000000000000000000000000000000000000000010000000000000000000000000000000000000000000000400000000000000000000000000000000000000000080000000000000000000000000000000000000010000000000001002000000000000000000000000000000000000000000000000000000000000000000000000000000000000000000000000000000000000000000000000",
	"root": null,
	"status": "0x1",
	"transactionHash": "0x9662cd802738230185d2c3524c697939ce4510a93599069293f8414d9677b31c",
	"transactionIndex": 19
}
[2018-04-25T23:07:43.486] [DEBUG] trans - TO:   0x291b50daf704725edecc10019896bce40c3c7bfc
[2018-04-25T23:07:43.486] [DEBUG] trans - AMOUNT:   967067000000000000000
[2018-04-25T23:07:43.486] [DEBUG] trans - Receipt info:  {
	"blockHash": "0x1eb484d96f22a43a7b64f4b68db57240211024658f24d5ef29d2977b94f80183",
	"blockNumber": 5505545,
	"contractAddress": null,
	"cumulativeGasUsed": 797296,
	"gasUsed": 51653,
	"logs": [
		{
			"address": "0x7e9e431a0B8c4D532C745B1043c7FA29a48D4fBa",
			"blockHash": "0x1eb484d96f22a43a7b64f4b68db57240211024658f24d5ef29d2977b94f80183",
			"blockNumber": 5505545,
			"data": "0x0000000000000000000000000000000000000000000000346cc028c26aaf8000",
			"logIndex": 10,
			"topics": [
				"0xddf252ad1be2c89b69c2b068fc378daa952ba7f163c4a11628f55a4df523b3ef",
				"0x000000000000000000000000468b858c964f297fd8fce058032bf4b4911a8ad8",
				"0x000000000000000000000000291b50daf704725edecc10019896bce40c3c7bfc"
			],
			"transactionHash": "0x13f5cabeaf82e28c3cfce9e782d41f3b55e83b2765b695b9846fbef5140ab1e0",
			"transactionIndex": 16,
			"transactionLogIndex": "0x0",
			"type": "mined",
			"id": "log_ce142d74"
		}
	],
	"logsBloom": "0x00000000000000000000000000020000000000100000000000000000000000000000000000000000000000000004000000000000000000000000000000000000000000000000010000000008000000000000000000000000000000000020000000000000000000000000000000000000000000000000000000000010000000000000000000000000000000000000000000000000000000000000000000000000000000000000000080000000000000000000000000000000000000010000000000001002000000000000002000000000000000000000000000000000000000000000000000000000000000000000000000000000000000000000000000000000",
	"root": null,
	"status": "0x1",
	"transactionHash": "0x13f5cabeaf82e28c3cfce9e782d41f3b55e83b2765b695b9846fbef5140ab1e0",
	"transactionIndex": 16
}
[2018-04-25T23:07:50.498] [DEBUG] trans - TO:   0x1949d93bf180e5da4dd425269b1434511831d01d
[2018-04-25T23:07:50.498] [DEBUG] trans - AMOUNT:   966853500000000000000
[2018-04-25T23:07:50.498] [DEBUG] trans - Receipt info:  {
	"blockHash": "0x78e100cb06e83b7e0ff70ace7df9a231bec5350741039c9f98573395e4a246fa",
	"blockNumber": 5505546,
	"contractAddress": null,
	"cumulativeGasUsed": 2787082,
	"gasUsed": 51653,
	"logs": [
		{
			"address": "0x7e9e431a0B8c4D532C745B1043c7FA29a48D4fBa",
			"blockHash": "0x78e100cb06e83b7e0ff70ace7df9a231bec5350741039c9f98573395e4a246fa",
			"blockNumber": 5505546,
			"data": "0x00000000000000000000000000000000000000000000003469c9a7a3ff23c000",
			"logIndex": 12,
			"topics": [
				"0xddf252ad1be2c89b69c2b068fc378daa952ba7f163c4a11628f55a4df523b3ef",
				"0x000000000000000000000000468b858c964f297fd8fce058032bf4b4911a8ad8",
				"0x0000000000000000000000001949d93bf180e5da4dd425269b1434511831d01d"
			],
			"transactionHash": "0x21f5db9d65c9ee115516e42ee484946704518badbdb200087681d80df3701a89",
			"transactionIndex": 114,
			"transactionLogIndex": "0x0",
			"type": "mined",
			"id": "log_235f52e2"
		}
	],
	"logsBloom": "0x00000000000000000000000000020000000000000000000000000000000000000000000000000000000000000000000000000000000000000000000000000000000000000000010000000008000000000000000000000000000000000020000000000000000000000000000000000000000000000000000000000010000000000000000000000000000000000002000000000000000000000000000000000000000000000000000080000000400000000000000000000000000000010000000000001002000000000000000080000000000000000000000000000000000000000000000000000000000000000000000000000000000000000000000000000000",
	"root": null,
	"status": "0x1",
	"transactionHash": "0x21f5db9d65c9ee115516e42ee484946704518badbdb200087681d80df3701a89",
	"transactionIndex": 114
}
[2018-04-25T23:07:50.499] [DEBUG] trans - TO:   0x7fe91c6e6c71ba231a928e9e79979b90f67ac941
[2018-04-25T23:07:50.499] [DEBUG] trans - AMOUNT:   966631000000000000000
[2018-04-25T23:07:50.500] [DEBUG] trans - Receipt info:  {
	"blockHash": "0x78e100cb06e83b7e0ff70ace7df9a231bec5350741039c9f98573395e4a246fa",
	"blockNumber": 5505546,
	"contractAddress": null,
	"cumulativeGasUsed": 7750622,
	"gasUsed": 51653,
	"logs": [
		{
			"address": "0x7e9e431a0B8c4D532C745B1043c7FA29a48D4fBa",
			"blockHash": "0x78e100cb06e83b7e0ff70ace7df9a231bec5350741039c9f98573395e4a246fa",
			"blockNumber": 5505546,
			"data": "0x00000000000000000000000000000000000000000000003466b32d11c89d8000",
			"logIndex": 115,
			"topics": [
				"0xddf252ad1be2c89b69c2b068fc378daa952ba7f163c4a11628f55a4df523b3ef",
				"0x000000000000000000000000468b858c964f297fd8fce058032bf4b4911a8ad8",
				"0x0000000000000000000000007fe91c6e6c71ba231a928e9e79979b90f67ac941"
			],
			"transactionHash": "0x837b3332a48d8b74a0135966e95c1c386fcf0d8d61d237bd68ba22dea1159712",
			"transactionIndex": 202,
			"transactionLogIndex": "0x0",
			"type": "mined",
			"id": "log_45a6a9b8"
		}
	],
	"logsBloom": "0x00000000000000000000000000020000000000000000000000000000000000000000000000000000000000000000000000000000000000000000000000000000000000000000010000000008000000000000000000000000000000001020000000000000000000000000000000000000000000000000000000000010000000000000000000000000000000000000000000000000001000000000000000000000000000000000000080000000000000000000000000000000000000010000000000001002000000000000000000000000000000000000000000000000000000000000000000000000800000000000000000000000000000000000000000000000",
	"root": null,
	"status": "0x1",
	"transactionHash": "0x837b3332a48d8b74a0135966e95c1c386fcf0d8d61d237bd68ba22dea1159712",
	"transactionIndex": 202
}
[2018-04-25T23:07:50.500] [DEBUG] trans - TO:   0xde0d8fc518233b6ef5b052f055ee0164571dfb1b
[2018-04-25T23:07:50.500] [DEBUG] trans - AMOUNT:   966809100000000000000
[2018-04-25T23:07:50.500] [DEBUG] trans - Receipt info:  {
	"blockHash": "0x78e100cb06e83b7e0ff70ace7df9a231bec5350741039c9f98573395e4a246fa",
	"blockNumber": 5505546,
	"contractAddress": null,
	"cumulativeGasUsed": 5956651,
	"gasUsed": 51653,
	"logs": [
		{
			"address": "0x7e9e431a0B8c4D532C745B1043c7FA29a48D4fBa",
			"blockHash": "0x78e100cb06e83b7e0ff70ace7df9a231bec5350741039c9f98573395e4a246fa",
			"blockNumber": 5505546,
			"data": "0x000000000000000000000000000000000000000000000034692bea136b1cc000",
			"logIndex": 84,
			"topics": [
				"0xddf252ad1be2c89b69c2b068fc378daa952ba7f163c4a11628f55a4df523b3ef",
				"0x000000000000000000000000468b858c964f297fd8fce058032bf4b4911a8ad8",
				"0x000000000000000000000000de0d8fc518233b6ef5b052f055ee0164571dfb1b"
			],
			"transactionHash": "0x4c285f0be604c1c5ab4860b800a7ed945e8103d74fadebb7c44eb097fa58d278",
			"transactionIndex": 162,
			"transactionLogIndex": "0x0",
			"type": "mined",
			"id": "log_748252bc"
		}
	],
	"logsBloom": "0x00000000020000000000000000020000000000000000000000000000000000000000000000000000000000000000000000000000000000000000000000000000000000000000010000000008000000000000000000000000000000000020000000000000000000000000000000000000000000000000000000000010000000000000000000000000000000000000000000000000000000000000000000000000000000000000000080000000000000000000000000000000000000010000040200001002000000000000000000000000000000000000000000000000000000000000000000000000000000000000000000000000000000000000000000000000",
	"root": null,
	"status": "0x1",
	"transactionHash": "0x4c285f0be604c1c5ab4860b800a7ed945e8103d74fadebb7c44eb097fa58d278",
	"transactionIndex": 162
}
[2018-04-25T23:07:50.502] [DEBUG] trans - TO:   0x463c8b35f61f87e3ec7a38a5941e7965dfbd1a80
[2018-04-25T23:07:50.502] [DEBUG] trans - AMOUNT:   966680300000000000000
[2018-04-25T23:07:50.502] [DEBUG] trans - Receipt info:  {
	"blockHash": "0x78e100cb06e83b7e0ff70ace7df9a231bec5350741039c9f98573395e4a246fa",
	"blockNumber": 5505546,
	"contractAddress": null,
	"cumulativeGasUsed": 7126781,
	"gasUsed": 51653,
	"logs": [
		{
			"address": "0x7e9e431a0B8c4D532C745B1043c7FA29a48D4fBa",
			"blockHash": "0x78e100cb06e83b7e0ff70ace7df9a231bec5350741039c9f98573395e4a246fa",
			"blockNumber": 5505546,
			"data": "0x00000000000000000000000000000000000000000000003467625328840ac000",
			"logIndex": 106,
			"topics": [
				"0xddf252ad1be2c89b69c2b068fc378daa952ba7f163c4a11628f55a4df523b3ef",
				"0x000000000000000000000000468b858c964f297fd8fce058032bf4b4911a8ad8",
				"0x000000000000000000000000463c8b35f61f87e3ec7a38a5941e7965dfbd1a80"
			],
			"transactionHash": "0x5487737f4e684ba305ef0d02f0664f0df007838c0243590dcad43637e774cb18",
			"transactionIndex": 190,
			"transactionLogIndex": "0x0",
			"type": "mined",
			"id": "log_7c419d47"
		}
	],
	"logsBloom": "0x00000000000000000000000000020000000000000000000000000000000000000000000000000000000000000000800000000000000000000000000000000000000000000000010010000008000000000000000000000000000000000020000200000000000000000000000000000000000000000000000000000010000000000000000000000000000000000000000000000000000000000000000000000000000000000000000080000000000000000000000000000000000000010000000000001002000000000000000000000000000000000000000000000000000000000000000000000000000000000000000000000000000000000000000000000000",
	"root": null,
	"status": "0x1",
	"transactionHash": "0x5487737f4e684ba305ef0d02f0664f0df007838c0243590dcad43637e774cb18",
	"transactionIndex": 190
}
[2018-04-25T23:07:50.504] [DEBUG] trans - TO:   0x57a2850305fa9ed4ed5e6cd9dacd8399f3610e6a
[2018-04-25T23:07:50.504] [DEBUG] trans - AMOUNT:   966759400000000000000
[2018-04-25T23:07:50.504] [DEBUG] trans - Receipt info:  {
	"blockHash": "0x78e100cb06e83b7e0ff70ace7df9a231bec5350741039c9f98573395e4a246fa",
	"blockNumber": 5505546,
	"contractAddress": null,
	"cumulativeGasUsed": 6591667,
	"gasUsed": 51653,
	"logs": [
		{
			"address": "0x7e9e431a0B8c4D532C745B1043c7FA29a48D4fBa",
			"blockHash": "0x78e100cb06e83b7e0ff70ace7df9a231bec5350741039c9f98573395e4a246fa",
			"blockNumber": 5505546,
			"data": "0x000000000000000000000000000000000000000000000034687b58306dc68000",
			"logIndex": 95,
			"topics": [
				"0xddf252ad1be2c89b69c2b068fc378daa952ba7f163c4a11628f55a4df523b3ef",
				"0x000000000000000000000000468b858c964f297fd8fce058032bf4b4911a8ad8",
				"0x00000000000000000000000057a2850305fa9ed4ed5e6cd9dacd8399f3610e6a"
			],
			"transactionHash": "0xb92adbd7eea6fded342296d81e6f5f1bcd5cda360a8ab8ac9c05af27a419dd83",
			"transactionIndex": 178,
			"transactionLogIndex": "0x0",
			"type": "mined",
			"id": "log_82853bc3"
		}
	],
	"logsBloom": "0x00000000000000000000000000020000000000000000000000000000000000000000000000000000000000000000000000000000000000000000000000000000000000000000010000000008000000000000000000000000040000800020000000000000000000000000000000000000000000000000000000000010000000000000000000000000000000010000000000000000000000000000000000000000000000000000000080000000000000000000000000000000000000010000000000001002000000000000000000000000000000000000000000000000000000000000000000000000000000000000000000000000000000000000000000000000",
	"root": null,
	"status": "0x1",
	"transactionHash": "0xb92adbd7eea6fded342296d81e6f5f1bcd5cda360a8ab8ac9c05af27a419dd83",
	"transactionIndex": 178
}
[2018-04-25T23:07:56.502] [DEBUG] trans - TO:   0xbf1ae93acec7339555cfe4fe12da72e7fef8c24e
[2018-04-25T23:07:56.502] [DEBUG] trans - AMOUNT:   966405600000000000000
[2018-04-25T23:07:56.502] [DEBUG] trans - Receipt info:  {
	"blockHash": "0x484110ef61010b1fa8618ce778bc8eb83f48d607c2051f736e1ded8ee19df5d4",
	"blockNumber": 5505547,
	"contractAddress": null,
	"cumulativeGasUsed": 907834,
	"gasUsed": 51589,
	"logs": [
		{
			"address": "0x7e9e431a0B8c4D532C745B1043c7FA29a48D4fBa",
			"blockHash": "0x484110ef61010b1fa8618ce778bc8eb83f48d607c2051f736e1ded8ee19df5d4",
			"blockNumber": 5505547,
			"data": "0x000000000000000000000000000000000000000000000034639264f6b43e0000",
			"logIndex": 12,
			"topics": [
				"0xddf252ad1be2c89b69c2b068fc378daa952ba7f163c4a11628f55a4df523b3ef",
				"0x000000000000000000000000468b858c964f297fd8fce058032bf4b4911a8ad8",
				"0x000000000000000000000000bf1ae93acec7339555cfe4fe12da72e7fef8c24e"
			],
			"transactionHash": "0xa4cb5513fe432a20f5c5eccab6c8df6b5ce95353b81df5b2daf8de6616546eb4",
			"transactionIndex": 21,
			"transactionLogIndex": "0x0",
			"type": "mined",
			"id": "log_9503b3c9"
		}
	],
	"logsBloom": "0x00100000000000000000000000020000000000000000000000000000000000000000000000000000000000000000000000000000000000000000000000000000000000000000010000000008000000000000004000000000000000000020000000000000000000000000000000000000000000000000000000000010000000000000000000800000000000000000000000000000000000000000000000000000000000000000000080000000000000000000000000000000000000010000000000001002000000000000000000000000000000000000000000000000000000000000000000000000000000000000000000000000000000000000000000000000",
	"root": null,
	"status": "0x1",
	"transactionHash": "0xa4cb5513fe432a20f5c5eccab6c8df6b5ce95353b81df5b2daf8de6616546eb4",
	"transactionIndex": 21
}
[2018-04-25T23:07:56.502] [DEBUG] trans - TO:   0xd7c39666c1fc4fc217cc4af13ee1548ccf34e760
[2018-04-25T23:07:56.502] [DEBUG] trans - AMOUNT:   966617900000000000000
[2018-04-25T23:07:56.502] [DEBUG] trans - Receipt info:  {
	"blockHash": "0x484110ef61010b1fa8618ce778bc8eb83f48d607c2051f736e1ded8ee19df5d4",
	"blockNumber": 5505547,
	"contractAddress": null,
	"cumulativeGasUsed": 701414,
	"gasUsed": 51653,
	"logs": [
		{
			"address": "0x7e9e431a0B8c4D532C745B1043c7FA29a48D4fBa",
			"blockHash": "0x484110ef61010b1fa8618ce778bc8eb83f48d607c2051f736e1ded8ee19df5d4",
			"blockNumber": 5505547,
			"data": "0x0000000000000000000000000000000000000000000000346684a2b05a0ec000",
			"logIndex": 8,
			"topics": [
				"0xddf252ad1be2c89b69c2b068fc378daa952ba7f163c4a11628f55a4df523b3ef",
				"0x000000000000000000000000468b858c964f297fd8fce058032bf4b4911a8ad8",
				"0x000000000000000000000000d7c39666c1fc4fc217cc4af13ee1548ccf34e760"
			],
			"transactionHash": "0xde233420189345c6d22e4de098bbfc291568dc5ea140d591cd953a9fff26948d",
			"transactionIndex": 17,
			"transactionLogIndex": "0x0",
			"type": "mined",
			"id": "log_aea2cad4"
		}
	],
	"logsBloom": "0x00000000000000000000000000020000000000040000000000000000000000000000000000000000000000000000000000000000000000000000000000000000000000000000010000000008000000000000000000000000000000000020000000000000000000000000000000000000000000000000000000000010000000000000000000000000000000000000000000000000000000000000000000000000000000000000000080000000000000000000000000000000000000010000000000001002000000000000000000000000000000000000000000000000000000000000000000000000000000040000000000000000000000000000800000000000",
	"root": null,
	"status": "0x1",
	"transactionHash": "0xde233420189345c6d22e4de098bbfc291568dc5ea140d591cd953a9fff26948d",
	"transactionIndex": 17
}
[2018-04-25T23:07:56.503] [DEBUG] trans - TO:   0x081efa4a6254e7bce4b367ea902ecb5e1c93bb6f
[2018-04-25T23:07:56.503] [DEBUG] trans - AMOUNT:   966500000000000000000
[2018-04-25T23:07:56.503] [DEBUG] trans - Receipt info:  {
	"blockHash": "0x484110ef61010b1fa8618ce778bc8eb83f48d607c2051f736e1ded8ee19df5d4",
	"blockNumber": 5505547,
	"contractAddress": null,
	"cumulativeGasUsed": 753003,
	"gasUsed": 51589,
	"logs": [
		{
			"address": "0x7e9e431a0B8c4D532C745B1043c7FA29a48D4fBa",
			"blockHash": "0x484110ef61010b1fa8618ce778bc8eb83f48d607c2051f736e1ded8ee19df5d4",
			"blockNumber": 5505547,
			"data": "0x00000000000000000000000000000000000000000000003464e1c543770a0000",
			"logIndex": 9,
			"topics": [
				"0xddf252ad1be2c89b69c2b068fc378daa952ba7f163c4a11628f55a4df523b3ef",
				"0x000000000000000000000000468b858c964f297fd8fce058032bf4b4911a8ad8",
				"0x000000000000000000000000081efa4a6254e7bce4b367ea902ecb5e1c93bb6f"
			],
			"transactionHash": "0xdbb1b027c24e1af37dfe4eb78e7ff5d1113bc3d70632329b705985951704bbd4",
			"transactionIndex": 18,
			"transactionLogIndex": "0x0",
			"type": "mined",
			"id": "log_e8631485"
		}
	],
	"logsBloom": "0x00000000000000000000000000020000000000000000000000000000000000000000000000000000000000000000000000000000000000000000000000000000000000000000010000000008000000000000000000000000000000000020000000000000000000100000000000000000000000000000000000000010000000000000000000000000000000000000000000000800000000000000000004000000000000000000000080000000000000000000000000000000000000010000000000001002000000000000000000000000000000000000000000000000000000000000000000000000000000000000000000000000000000000000000000000000",
	"root": null,
	"status": "0x1",
	"transactionHash": "0xdbb1b027c24e1af37dfe4eb78e7ff5d1113bc3d70632329b705985951704bbd4",
	"transactionIndex": 18
}
[2018-04-25T23:07:56.503] [DEBUG] trans - TO:   0xeef458eda0e1cd1d6b406773ab613fdc05a8ae40
[2018-04-25T23:07:56.503] [DEBUG] trans - AMOUNT:   966411700000000000000
[2018-04-25T23:07:56.503] [DEBUG] trans - Receipt info:  {
	"blockHash": "0x484110ef61010b1fa8618ce778bc8eb83f48d607c2051f736e1ded8ee19df5d4",
	"blockNumber": 5505547,
	"contractAddress": null,
	"cumulativeGasUsed": 856245,
	"gasUsed": 51653,
	"logs": [
		{
			"address": "0x7e9e431a0B8c4D532C745B1043c7FA29a48D4fBa",
			"blockHash": "0x484110ef61010b1fa8618ce778bc8eb83f48d607c2051f736e1ded8ee19df5d4",
			"blockNumber": 5505547,
			"data": "0x00000000000000000000000000000000000000000000003463a810e1a15f4000",
			"logIndex": 11,
			"topics": [
				"0xddf252ad1be2c89b69c2b068fc378daa952ba7f163c4a11628f55a4df523b3ef",
				"0x000000000000000000000000468b858c964f297fd8fce058032bf4b4911a8ad8",
				"0x000000000000000000000000eef458eda0e1cd1d6b406773ab613fdc05a8ae40"
			],
			"transactionHash": "0xb3820367e374cc284ed85addebafaf5a27f77be24e6bebe6d75e6894e2cbb67d",
			"transactionIndex": 20,
			"transactionLogIndex": "0x0",
			"type": "mined",
			"id": "log_37edb899"
		}
	],
	"logsBloom": "0x00000000000000400000000000020000000000000000000000000000000000000000000000000000000000000000000000000000000000000000000000000000000000000000010000000008000000000000000000000000000000000020000000000000000000000000000000000000000000000000000000000010000000000000000000000000000000000000000000000000000000000000000000004000000000000000000080000000000000000000000000000000000000010000000000001002000000000000000000000000000000000000000000000000000000000000001000000000000000000000000000000000000000000000000000000000",
	"root": null,
	"status": "0x1",
	"transactionHash": "0xb3820367e374cc284ed85addebafaf5a27f77be24e6bebe6d75e6894e2cbb67d",
	"transactionIndex": 20
}
[2018-04-25T23:07:56.504] [DEBUG] trans - TO:   0xd940765553e7ce3ba16fa1a3cd47218c8fc7dd49
[2018-04-25T23:07:56.504] [DEBUG] trans - AMOUNT:   966500000000000000000
[2018-04-25T23:07:56.504] [DEBUG] trans - Receipt info:  {
	"blockHash": "0x484110ef61010b1fa8618ce778bc8eb83f48d607c2051f736e1ded8ee19df5d4",
	"blockNumber": 5505547,
	"contractAddress": null,
	"cumulativeGasUsed": 804592,
	"gasUsed": 51589,
	"logs": [
		{
			"address": "0x7e9e431a0B8c4D532C745B1043c7FA29a48D4fBa",
			"blockHash": "0x484110ef61010b1fa8618ce778bc8eb83f48d607c2051f736e1ded8ee19df5d4",
			"blockNumber": 5505547,
			"data": "0x00000000000000000000000000000000000000000000003464e1c543770a0000",
			"logIndex": 10,
			"topics": [
				"0xddf252ad1be2c89b69c2b068fc378daa952ba7f163c4a11628f55a4df523b3ef",
				"0x000000000000000000000000468b858c964f297fd8fce058032bf4b4911a8ad8",
				"0x000000000000000000000000d940765553e7ce3ba16fa1a3cd47218c8fc7dd49"
			],
			"transactionHash": "0x3d9168815710122d6f7b0b57736eca18470c68ba4c3567bb9026fb21ed3796f2",
			"transactionIndex": 19,
			"transactionLogIndex": "0x0",
			"type": "mined",
			"id": "log_fb390c0e"
		}
	],
	"logsBloom": "0x00000000000000000000000000020000000000000000000000000000000000400000000000000000000000000000000000000000000000000000040000000000000000000000010000000008000000000000000000000000000000000020000000000000000000000000000000000000000000000000000000000010000000000000000000000000000000000000000000000000000000000000000000000000000000000000000080000000000000000000000000000000000000010000000000001002000000000000000000000000000000000000400000000000000000000000000000000000000000000000000000000000000000000000000000000000",
	"root": null,
	"status": "0x1",
	"transactionHash": "0x3d9168815710122d6f7b0b57736eca18470c68ba4c3567bb9026fb21ed3796f2",
	"transactionIndex": 19
}
[2018-04-25T23:07:56.504] [DEBUG] trans - TO:   0xfe26a7afb9586406d7a64cd83a151083f5f349ae
[2018-04-25T23:07:56.504] [DEBUG] trans - AMOUNT:   966199200000000000000
[2018-04-25T23:07:56.504] [DEBUG] trans - Receipt info:  {
	"blockHash": "0x484110ef61010b1fa8618ce778bc8eb83f48d607c2051f736e1ded8ee19df5d4",
	"blockNumber": 5505547,
	"contractAddress": null,
	"cumulativeGasUsed": 959423,
	"gasUsed": 51589,
	"logs": [
		{
			"address": "0x7e9e431a0B8c4D532C745B1043c7FA29a48D4fBa",
			"blockHash": "0x484110ef61010b1fa8618ce778bc8eb83f48d607c2051f736e1ded8ee19df5d4",
			"blockNumber": 5505547,
			"data": "0x00000000000000000000000000000000000000000000003460b51d41da9a0000",
			"logIndex": 13,
			"topics": [
				"0xddf252ad1be2c89b69c2b068fc378daa952ba7f163c4a11628f55a4df523b3ef",
				"0x000000000000000000000000468b858c964f297fd8fce058032bf4b4911a8ad8",
				"0x000000000000000000000000fe26a7afb9586406d7a64cd83a151083f5f349ae"
			],
			"transactionHash": "0xd265098691da6311cacab02b44ff5047a9609f962956d55c01316aafbd8a237a",
			"transactionIndex": 22,
			"transactionLogIndex": "0x0",
			"type": "mined",
			"id": "log_411ac648"
		}
	],
	"logsBloom": "0x00000000000000000000000000020000000000000000000000000000000000000000000000000000000000000000000000000000000000000000000000000000000000000000010000000008000000000000000000000000100000000020000000000000000000000000000000000000000000000000000000000018000000000000000000000000000000000000000000000000000000000000000000000000000000000000000080000000000000000000000000000000000000010000000000001002000000000100000000000000000000000000000000000000000000000000000000000000000000000000000000000000000000000000000000000000",
	"root": null,
	"status": "0x1",
	"transactionHash": "0xd265098691da6311cacab02b44ff5047a9609f962956d55c01316aafbd8a237a",
	"transactionIndex": 22
}
[2018-04-25T23:07:56.504] [DEBUG] trans - TO:   0xace2305128b4d7d3937cb74f79274a2a9856f1ed
[2018-04-25T23:07:56.504] [DEBUG] trans - AMOUNT:   966144300000000000000
[2018-04-25T23:07:56.504] [DEBUG] trans - Receipt info:  {
	"blockHash": "0x484110ef61010b1fa8618ce778bc8eb83f48d607c2051f736e1ded8ee19df5d4",
	"blockNumber": 5505547,
	"contractAddress": null,
	"cumulativeGasUsed": 1011076,
	"gasUsed": 51653,
	"logs": [
		{
			"address": "0x7e9e431a0B8c4D532C745B1043c7FA29a48D4fBa",
			"blockHash": "0x484110ef61010b1fa8618ce778bc8eb83f48d607c2051f736e1ded8ee19df5d4",
			"blockNumber": 5505547,
			"data": "0x0000000000000000000000000000000000000000000000345ff211ff846ec000",
			"logIndex": 14,
			"topics": [
				"0xddf252ad1be2c89b69c2b068fc378daa952ba7f163c4a11628f55a4df523b3ef",
				"0x000000000000000000000000468b858c964f297fd8fce058032bf4b4911a8ad8",
				"0x000000000000000000000000ace2305128b4d7d3937cb74f79274a2a9856f1ed"
			],
			"transactionHash": "0xa163d48cd79f9fa0e979ddc381e3ce3320f62e80303f94e4815ce8a46f1a321b",
			"transactionIndex": 23,
			"transactionLogIndex": "0x0",
			"type": "mined",
			"id": "log_6d519a1e"
		}
	],
	"logsBloom": "0x00000000000000000000000000020000000000000000000000000000000000000000000000000000000000000000000000000000000000000000000000000000000000000000010000000008000000000000000000000000000000000020000000000000000000000000000000000000000000000000000000000010000000000000000000000000000000000000000000000000000000000000000000000000000000000000000080000000000000000000000000000000000000010000000040001002000000000000000000000010000000000000000000000000000000000000000000000000000000000000000000000000000000000004000000000000",
	"root": null,
	"status": "0x1",
	"transactionHash": "0xa163d48cd79f9fa0e979ddc381e3ce3320f62e80303f94e4815ce8a46f1a321b",
	"transactionIndex": 23
}
[2018-04-25T23:07:56.504] [DEBUG] trans - TO:   0xb24124e84f2bfe897048f7fc05449e6f48d18a5c
[2018-04-25T23:07:56.504] [DEBUG] trans - AMOUNT:   966033000000000000000
[2018-04-25T23:07:56.505] [DEBUG] trans - Receipt info:  {
	"blockHash": "0x484110ef61010b1fa8618ce778bc8eb83f48d607c2051f736e1ded8ee19df5d4",
	"blockNumber": 5505547,
	"contractAddress": null,
	"cumulativeGasUsed": 1062729,
	"gasUsed": 51653,
	"logs": [
		{
			"address": "0x7e9e431a0B8c4D532C745B1043c7FA29a48D4fBa",
			"blockHash": "0x484110ef61010b1fa8618ce778bc8eb83f48d607c2051f736e1ded8ee19df5d4",
			"blockNumber": 5505547,
			"data": "0x0000000000000000000000000000000000000000000000345e66a73ce0ee8000",
			"logIndex": 15,
			"topics": [
				"0xddf252ad1be2c89b69c2b068fc378daa952ba7f163c4a11628f55a4df523b3ef",
				"0x000000000000000000000000468b858c964f297fd8fce058032bf4b4911a8ad8",
				"0x000000000000000000000000b24124e84f2bfe897048f7fc05449e6f48d18a5c"
			],
			"transactionHash": "0x71982c6ef19966552ce2f58fd4903b0389412efd57b26dd65fca21b17feb240d",
			"transactionIndex": 24,
			"transactionLogIndex": "0x0",
			"type": "mined",
			"id": "log_3eed3f77"
		}
	],
	"logsBloom": "0x00000000000000000000000000020000000000000000000000000000000000000000000000000000000000000000000000000000000000000000000000000000000000000000010000000008000000000000000000000000000000000020000000000000000000000000000000000000000000000000000000000010000000000000000000000000000000000000000000000000000000000000000000000000000000000000000080000000000000000000000000000000000000010000000000001002000000000000000000000000000000200000000000000000000000000000000000000000000000000000100000000000000000000000000000000002",
	"root": null,
	"status": "0x1",
	"transactionHash": "0x71982c6ef19966552ce2f58fd4903b0389412efd57b26dd65fca21b17feb240d",
	"transactionIndex": 24
}
[2018-04-25T23:07:56.505] [DEBUG] trans - TO:   0xf545ee7db89c270476da844aa71f9e24041ee1aa
[2018-04-25T23:07:56.505] [DEBUG] trans - AMOUNT:   965969200000000000000
[2018-04-25T23:07:56.505] [DEBUG] trans - Receipt info:  {
	"blockHash": "0x484110ef61010b1fa8618ce778bc8eb83f48d607c2051f736e1ded8ee19df5d4",
	"blockNumber": 5505547,
	"contractAddress": null,
	"cumulativeGasUsed": 1114318,
	"gasUsed": 51589,
	"logs": [
		{
			"address": "0x7e9e431a0B8c4D532C745B1043c7FA29a48D4fBa",
			"blockHash": "0x484110ef61010b1fa8618ce778bc8eb83f48d607c2051f736e1ded8ee19df5d4",
			"blockNumber": 5505547,
			"data": "0x0000000000000000000000000000000000000000000000345d83fd79d0430000",
			"logIndex": 16,
			"topics": [
				"0xddf252ad1be2c89b69c2b068fc378daa952ba7f163c4a11628f55a4df523b3ef",
				"0x000000000000000000000000468b858c964f297fd8fce058032bf4b4911a8ad8",
				"0x000000000000000000000000f545ee7db89c270476da844aa71f9e24041ee1aa"
			],
			"transactionHash": "0x774ce48d277d7fd5dcc14085d4c778aae53504c23b73d57c71faf079be0c2e1c",
			"transactionIndex": 25,
			"transactionLogIndex": "0x0",
			"type": "mined",
			"id": "log_649870da"
		}
	],
	"logsBloom": "0x00000000000000000000000000020000000000000000000000000000000000000000000000000000000000000000000000000000000000000000000000000000000040000000010000000008000000000000000000000000000000000020000000000000000000000000000000000000000000000000000000000011000000000000000000000000000000000000000000000000000000004000000000000000000000000000000080000000000000000000000000000000000000010000000000001002000000000000000000000000000000000000000000000000000000000000000000000000000000000000000000000000000000000000000000000000",
	"root": null,
	"status": "0x1",
	"transactionHash": "0x774ce48d277d7fd5dcc14085d4c778aae53504c23b73d57c71faf079be0c2e1c",
	"transactionIndex": 25
}
[2018-04-25T23:07:56.505] [DEBUG] trans - TO:   0xc587f7e5d020f540f67404b30f95e5aaef58a1bc
[2018-04-25T23:07:56.505] [DEBUG] trans - AMOUNT:   965875600000000000000
[2018-04-25T23:07:56.505] [DEBUG] trans - Receipt info:  {
	"blockHash": "0x484110ef61010b1fa8618ce778bc8eb83f48d607c2051f736e1ded8ee19df5d4",
	"blockNumber": 5505547,
	"contractAddress": null,
	"cumulativeGasUsed": 1165907,
	"gasUsed": 51589,
	"logs": [
		{
			"address": "0x7e9e431a0B8c4D532C745B1043c7FA29a48D4fBa",
			"blockHash": "0x484110ef61010b1fa8618ce778bc8eb83f48d607c2051f736e1ded8ee19df5d4",
			"blockNumber": 5505547,
			"data": "0x0000000000000000000000000000000000000000000000345c3774c591490000",
			"logIndex": 17,
			"topics": [
				"0xddf252ad1be2c89b69c2b068fc378daa952ba7f163c4a11628f55a4df523b3ef",
				"0x000000000000000000000000468b858c964f297fd8fce058032bf4b4911a8ad8",
				"0x000000000000000000000000c587f7e5d020f540f67404b30f95e5aaef58a1bc"
			],
			"transactionHash": "0x0d0b774bdae10aa94b888f99c4076158efdd6d4a9c324156bfda50859fbe6ba4",
			"transactionIndex": 26,
			"transactionLogIndex": "0x0",
			"type": "mined",
			"id": "log_0872401d"
		}
	],
	"logsBloom": "0x00000000000000000000000000020000000000000000000000000000000000000000000000000000000000000000000000000000000000000000000020000000000000000000010000000008000000000000000000000000000000000020000000000000000000000000000000000000000000000000000000000010000000000000000000000000000000000000000000000000000000000000000000000000000000000000000080000000000000000000040000000000000000010000000000001002000000000000000000000000000000000000000000000000000000000000000000000000000000000000000000000000000000000000000000000000",
	"root": null,
	"status": "0x1",
	"transactionHash": "0x0d0b774bdae10aa94b888f99c4076158efdd6d4a9c324156bfda50859fbe6ba4",
	"transactionIndex": 26
}
[2018-04-25T23:07:56.505] [DEBUG] trans - TO:   0xa80c520ce45429cf63d250f0de3dc50a521ffa75
[2018-04-25T23:07:56.505] [DEBUG] trans - AMOUNT:   965684900000000000000
[2018-04-25T23:07:56.505] [DEBUG] trans - Receipt info:  {
	"blockHash": "0x484110ef61010b1fa8618ce778bc8eb83f48d607c2051f736e1ded8ee19df5d4",
	"blockNumber": 5505547,
	"contractAddress": null,
	"cumulativeGasUsed": 1372455,
	"gasUsed": 51653,
	"logs": [
		{
			"address": "0x7e9e431a0B8c4D532C745B1043c7FA29a48D4fBa",
			"blockHash": "0x484110ef61010b1fa8618ce778bc8eb83f48d607c2051f736e1ded8ee19df5d4",
			"blockNumber": 5505547,
			"data": "0x0000000000000000000000000000000000000000000000345991f421d29e4000",
			"logIndex": 21,
			"topics": [
				"0xddf252ad1be2c89b69c2b068fc378daa952ba7f163c4a11628f55a4df523b3ef",
				"0x000000000000000000000000468b858c964f297fd8fce058032bf4b4911a8ad8",
				"0x000000000000000000000000a80c520ce45429cf63d250f0de3dc50a521ffa75"
			],
			"transactionHash": "0xd61f8d3ee1e87561d661020749625ae5d4aaac6cdfafc2c3574081e3ce9c14ea",
			"transactionIndex": 30,
			"transactionLogIndex": "0x0",
			"type": "mined",
			"id": "log_aa50749e"
		}
	],
	"logsBloom": "0x00000000000000000000000000020000000000000000000000000000000000000000000000000000000000000000000100000000000000000000000000000000000000000000010000000008000000000000000000000000000000000020000000000000000000000000000008000000000000000000000000000010000000000000000000000000000000000000000000000000000000000000000000000010000000000000000080000000000000000000000000000000000000010000000000001002000000000000000000000000000000000000000000000000000000000000000000000000000000000000000000000000000000000000000000000000",
	"root": null,
	"status": "0x1",
	"transactionHash": "0xd61f8d3ee1e87561d661020749625ae5d4aaac6cdfafc2c3574081e3ce9c14ea",
	"transactionIndex": 30
}
[2018-04-25T23:07:56.506] [DEBUG] trans - TO:   0x2decf8bdb99c83c21af69bf7f9e6bd61c8c83138
[2018-04-25T23:07:56.506] [DEBUG] trans - AMOUNT:   965792300000000000000
[2018-04-25T23:07:56.506] [DEBUG] trans - Receipt info:  {
	"blockHash": "0x484110ef61010b1fa8618ce778bc8eb83f48d607c2051f736e1ded8ee19df5d4",
	"blockNumber": 5505547,
	"contractAddress": null,
	"cumulativeGasUsed": 1269213,
	"gasUsed": 51653,
	"logs": [
		{
			"address": "0x7e9e431a0B8c4D532C745B1043c7FA29a48D4fBa",
			"blockHash": "0x484110ef61010b1fa8618ce778bc8eb83f48d607c2051f736e1ded8ee19df5d4",
			"blockNumber": 5505547,
			"data": "0x0000000000000000000000000000000000000000000000345b0f83dcf37ec000",
			"logIndex": 19,
			"topics": [
				"0xddf252ad1be2c89b69c2b068fc378daa952ba7f163c4a11628f55a4df523b3ef",
				"0x000000000000000000000000468b858c964f297fd8fce058032bf4b4911a8ad8",
				"0x0000000000000000000000002decf8bdb99c83c21af69bf7f9e6bd61c8c83138"
			],
			"transactionHash": "0x77c06c6c6bcd23d9791fd5eee12ff31b8bc4eb806c2579c262f09414d9ed4883",
			"transactionIndex": 28,
			"transactionLogIndex": "0x0",
			"type": "mined",
			"id": "log_65e50b1d"
		}
	],
	"logsBloom": "0x00000000000000000000000000020000000000000000000000000000000000000000000000000000000000000000000000000000000000000000000000000000000000000000010000000008000000000000000000000000000000000020000000000400000000000000000000000000000000000000000000000010000000000000000000000000000000000000000000000000000000000000000000000000000000000000000080000000000000000000000000000000000000010000000000001002000000000000000000000000000000000000002000000000000800000000000000000000000000000000000000000000000000000000000000000000",
	"root": null,
	"status": "0x1",
	"transactionHash": "0x77c06c6c6bcd23d9791fd5eee12ff31b8bc4eb806c2579c262f09414d9ed4883",
	"transactionIndex": 28
}
[2018-04-25T23:07:56.506] [DEBUG] trans - TO:   0x2d0d6b73f3fc36ea042b980230f71c2f519e89b4
[2018-04-25T23:07:56.506] [DEBUG] trans - AMOUNT:   965688000000000000000
[2018-04-25T23:07:56.506] [DEBUG] trans - Receipt info:  {
	"blockHash": "0x484110ef61010b1fa8618ce778bc8eb83f48d607c2051f736e1ded8ee19df5d4",
	"blockNumber": 5505547,
	"contractAddress": null,
	"cumulativeGasUsed": 1320802,
	"gasUsed": 51589,
	"logs": [
		{
			"address": "0x7e9e431a0B8c4D532C745B1043c7FA29a48D4fBa",
			"blockHash": "0x484110ef61010b1fa8618ce778bc8eb83f48d607c2051f736e1ded8ee19df5d4",
			"blockNumber": 5505547,
			"data": "0x000000000000000000000000000000000000000000000034599cf790d16c0000",
			"logIndex": 20,
			"topics": [
				"0xddf252ad1be2c89b69c2b068fc378daa952ba7f163c4a11628f55a4df523b3ef",
				"0x000000000000000000000000468b858c964f297fd8fce058032bf4b4911a8ad8",
				"0x0000000000000000000000002d0d6b73f3fc36ea042b980230f71c2f519e89b4"
			],
			"transactionHash": "0x487e216eadff952a42404d119a96d01324556b51538e6a331ef9ad46ea836e74",
			"transactionIndex": 29,
			"transactionLogIndex": "0x0",
			"type": "mined",
			"id": "log_82665ebf"
		}
	],
	"logsBloom": "0x00000000000000000000000000020000000000000000000400000000000000000000000000000000000000000000000000000000000000000000000000000000000000000000010000000008000000000000000000000000000000000020000000000000000000000000000000000000000000000000000000000010000000000000000000000000000000000000000000000000000000000000000000000000000000000000000080000000000000000000000000000002000000010000000000001002000000000000000000000000000000000000000000004000000000000000000000000000000000000000000000000000000000000000000000000000",
	"root": null,
	"status": "0x1",
	"transactionHash": "0x487e216eadff952a42404d119a96d01324556b51538e6a331ef9ad46ea836e74",
	"transactionIndex": 29
}
[2018-04-25T23:07:56.506] [DEBUG] trans - TO:   0xcd45fdc6fc7f5fff8e8e2232b9fc50b6adc0f45e
[2018-04-25T23:07:56.506] [DEBUG] trans - AMOUNT:   965672600000000000000
[2018-04-25T23:07:56.506] [DEBUG] trans - Receipt info:  {
	"blockHash": "0x484110ef61010b1fa8618ce778bc8eb83f48d607c2051f736e1ded8ee19df5d4",
	"blockNumber": 5505547,
	"contractAddress": null,
	"cumulativeGasUsed": 1424108,
	"gasUsed": 51653,
	"logs": [
		{
			"address": "0x7e9e431a0B8c4D532C745B1043c7FA29a48D4fBa",
			"blockHash": "0x484110ef61010b1fa8618ce778bc8eb83f48d607c2051f736e1ded8ee19df5d4",
			"blockNumber": 5505547,
			"data": "0x00000000000000000000000000000000000000000000003459664158e7e18000",
			"logIndex": 22,
			"topics": [
				"0xddf252ad1be2c89b69c2b068fc378daa952ba7f163c4a11628f55a4df523b3ef",
				"0x000000000000000000000000468b858c964f297fd8fce058032bf4b4911a8ad8",
				"0x000000000000000000000000cd45fdc6fc7f5fff8e8e2232b9fc50b6adc0f45e"
			],
			"transactionHash": "0xd8d8d9830246e1b8aec50385e5a9731020bd7caefaf3e4cd07e0f704cd4808b4",
			"transactionIndex": 31,
			"transactionLogIndex": "0x0",
			"type": "mined",
			"id": "log_a271b1ae"
		}
	],
	"logsBloom": "0x00000000000000000000000000020000000000000000000000000000000000000000000000000000000000000000000000000000000000000000000000000000000000000000010000000008000000000000000000000000000000000020000000000000000000000000000000000000000000000000000000000010000000000000000000000000000000000000000000000000000000000000000000000000000000000000000080000000000000000000000000000000000000010000000000001002000020000000000000000000200000000000000000000000000000000000000000000000000000000000000000000000000000000000002000000000",
	"root": null,
	"status": "0x1",
	"transactionHash": "0xd8d8d9830246e1b8aec50385e5a9731020bd7caefaf3e4cd07e0f704cd4808b4",
	"transactionIndex": 31
}
[2018-04-25T23:07:56.507] [DEBUG] trans - TO:   0x17f402437707f33fd196fc1c132d27ecd3608e92
[2018-04-25T23:07:56.507] [DEBUG] trans - AMOUNT:   965868200000000000000
[2018-04-25T23:07:56.507] [DEBUG] trans - Receipt info:  {
	"blockHash": "0x484110ef61010b1fa8618ce778bc8eb83f48d607c2051f736e1ded8ee19df5d4",
	"blockNumber": 5505547,
	"contractAddress": null,
	"cumulativeGasUsed": 1217560,
	"gasUsed": 51653,
	"logs": [
		{
			"address": "0x7e9e431a0B8c4D532C745B1043c7FA29a48D4fBa",
			"blockHash": "0x484110ef61010b1fa8618ce778bc8eb83f48d607c2051f736e1ded8ee19df5d4",
			"blockNumber": 5505547,
			"data": "0x0000000000000000000000000000000000000000000000345c1d2a82cdf28000",
			"logIndex": 18,
			"topics": [
				"0xddf252ad1be2c89b69c2b068fc378daa952ba7f163c4a11628f55a4df523b3ef",
				"0x000000000000000000000000468b858c964f297fd8fce058032bf4b4911a8ad8",
				"0x00000000000000000000000017f402437707f33fd196fc1c132d27ecd3608e92"
			],
			"transactionHash": "0x3fddf119ed868cbedfa16380ee7ada43eff3d266a29ea177fe2bc8ac2804218f",
			"transactionIndex": 27,
			"transactionLogIndex": "0x0",
			"type": "mined",
			"id": "log_fa4500dc"
		}
	],
	"logsBloom": "0x00000000000000000000000000020000000000000000000000000000000000000000000000000000000000000000000000000000000000000000000000000000000000000000010000000008000000000000000000000000000000000020000000000000800000000000000000000000000000000000000000000010000000000000000000000000000000000000000000000000000000000000000000000000000000010000000080000000000000000000000000000000000000010000000000001002000000008000000000000000000000000000000000000000000000000000000000000000000000000000000000000000000000000000000000000000",
	"root": null,
	"status": "0x1",
	"transactionHash": "0x3fddf119ed868cbedfa16380ee7ada43eff3d266a29ea177fe2bc8ac2804218f",
	"transactionIndex": 27
}
[2018-04-25T23:07:56.507] [DEBUG] trans - TO:   0x0801d53043711e26465628ad8121d715b99f00b1
[2018-04-25T23:07:56.508] [DEBUG] trans - AMOUNT:   964712100000000000000
[2018-04-25T23:07:56.508] [DEBUG] trans - Receipt info:  {
	"blockHash": "0x484110ef61010b1fa8618ce778bc8eb83f48d607c2051f736e1ded8ee19df5d4",
	"blockNumber": 5505547,
	"contractAddress": null,
	"cumulativeGasUsed": 1785487,
	"gasUsed": 51589,
	"logs": [
		{
			"address": "0x7e9e431a0B8c4D532C745B1043c7FA29a48D4fBa",
			"blockHash": "0x484110ef61010b1fa8618ce778bc8eb83f48d607c2051f736e1ded8ee19df5d4",
			"blockNumber": 5505547,
			"data": "0x0000000000000000000000000000000000000000000000344c11dfafad1e4000",
			"logIndex": 29,
			"topics": [
				"0xddf252ad1be2c89b69c2b068fc378daa952ba7f163c4a11628f55a4df523b3ef",
				"0x000000000000000000000000468b858c964f297fd8fce058032bf4b4911a8ad8",
				"0x0000000000000000000000000801d53043711e26465628ad8121d715b99f00b1"
			],
			"transactionHash": "0xb11157f4548dc8778c1a6c4f65a4c65c8417afc81fd8edd49071cf40c624d335",
			"transactionIndex": 38,
			"transactionLogIndex": "0x0",
			"type": "mined",
			"id": "log_157f969c"
		}
	],
	"logsBloom": "0x00000000000000000000000000020000000000000000000400000000000000000000000000000000000000000000000000000000000000000000000000000000000000000000010000000008000000000000000000000000000000000020000000000000000000000000000000000000000000000000000000000010000000000000000000000000000000000000000010000800000000000000000000000000000000000000000080000000000000000000000000000000000000010000000000001002000000000000000000000000000000000000000000000000000000000000000000000000000000000000000000000000000000000000000000000000",
	"root": null,
	"status": "0x1",
	"transactionHash": "0xb11157f4548dc8778c1a6c4f65a4c65c8417afc81fd8edd49071cf40c624d335",
	"transactionIndex": 38
}
[2018-04-25T23:07:56.508] [DEBUG] trans - TO:   0xc208f33bdfc7205e1888cd2acf1a193d986d3318
[2018-04-25T23:07:56.508] [DEBUG] trans - AMOUNT:   965244800000000000000
[2018-04-25T23:07:56.508] [DEBUG] trans - Receipt info:  {
	"blockHash": "0x484110ef61010b1fa8618ce778bc8eb83f48d607c2051f736e1ded8ee19df5d4",
	"blockNumber": 5505547,
	"contractAddress": null,
	"cumulativeGasUsed": 1579003,
	"gasUsed": 51589,
	"logs": [
		{
			"address": "0x7e9e431a0B8c4D532C745B1043c7FA29a48D4fBa",
			"blockHash": "0x484110ef61010b1fa8618ce778bc8eb83f48d607c2051f736e1ded8ee19df5d4",
			"blockNumber": 5505547,
			"data": "0x000000000000000000000000000000000000000000000034537667838cf80000",
			"logIndex": 25,
			"topics": [
				"0xddf252ad1be2c89b69c2b068fc378daa952ba7f163c4a11628f55a4df523b3ef",
				"0x000000000000000000000000468b858c964f297fd8fce058032bf4b4911a8ad8",
				"0x000000000000000000000000c208f33bdfc7205e1888cd2acf1a193d986d3318"
			],
			"transactionHash": "0xd26bb3573c5f391094e55704bffa40ec47f013ea2bc41b1ed407957962e65935",
			"transactionIndex": 34,
			"transactionLogIndex": "0x0",
			"type": "mined",
			"id": "log_8f428f53"
		}
	],
	"logsBloom": "0x00000000000000000000000000020000000000000000000000000000000000000000000000000000000000000000000000000000000000000000000000000000000000000000010000000008000000000000000000000200000000000020000000000000000000000000000000000000000000000000000000000010000000000000000000000000000000000000000000000000000000000000000000000000000000000000000080000000000000000000000000000000000000010080000000001002000000000010000000000000000000000000000000000000000000000000000000000000000000000000000000000000000000000000000000000000",
	"root": null,
	"status": "0x1",
	"transactionHash": "0xd26bb3573c5f391094e55704bffa40ec47f013ea2bc41b1ed407957962e65935",
	"transactionIndex": 34
}
[2018-04-25T23:07:56.508] [DEBUG] trans - TO:   0x4cae20811c8052b5e65f2a5e2017e10ea2160afa
[2018-04-25T23:07:56.508] [DEBUG] trans - AMOUNT:   965638500000000000000
[2018-04-25T23:07:56.508] [DEBUG] trans - Receipt info:  {
	"blockHash": "0x484110ef61010b1fa8618ce778bc8eb83f48d607c2051f736e1ded8ee19df5d4",
	"blockNumber": 5505547,
	"contractAddress": null,
	"cumulativeGasUsed": 1475761,
	"gasUsed": 51653,
	"logs": [
		{
			"address": "0x7e9e431a0B8c4D532C745B1043c7FA29a48D4fBa",
			"blockHash": "0x484110ef61010b1fa8618ce778bc8eb83f48d607c2051f736e1ded8ee19df5d4",
			"blockNumber": 5505547,
			"data": "0x00000000000000000000000000000000000000000000003458ed1b93f50a4000",
			"logIndex": 23,
			"topics": [
				"0xddf252ad1be2c89b69c2b068fc378daa952ba7f163c4a11628f55a4df523b3ef",
				"0x000000000000000000000000468b858c964f297fd8fce058032bf4b4911a8ad8",
				"0x0000000000000000000000004cae20811c8052b5e65f2a5e2017e10ea2160afa"
			],
			"transactionHash": "0x9f817b82a8e7fe998f5605d928e0927b39738b3ce4dea622c6707c8d2758f82f",
			"transactionIndex": 32,
			"transactionLogIndex": "0x0",
			"type": "mined",
			"id": "log_6f840fe5"
		}
	],
	"logsBloom": "0x00000000000000000000000000020400000000000000000000000000000000000000000000000000000000000000000000000000000000000000000000000000000000000000010000000008000000000000000000000000000000000020000000000000000000000000000000010000000000000000000000000010000000000000000000000000000000000000000000000000000000000000000000000000000000000000000080000000000000000000000000000000000000010000000000001002000000000000000000000000000000000000000000000000000000000000000000000000000800000000000000000000000000000000000000000000",
	"root": null,
	"status": "0x1",
	"transactionHash": "0x9f817b82a8e7fe998f5605d928e0927b39738b3ce4dea622c6707c8d2758f82f",
	"transactionIndex": 32
}
[2018-04-25T23:07:56.509] [DEBUG] trans - TO:   0x9368fa91af78fe78aefe9f946382c19f82f4c450
[2018-04-25T23:07:56.509] [DEBUG] trans - AMOUNT:   965075700000000000000
[2018-04-25T23:07:56.509] [DEBUG] trans - Receipt info:  {
	"blockHash": "0x484110ef61010b1fa8618ce778bc8eb83f48d607c2051f736e1ded8ee19df5d4",
	"blockNumber": 5505547,
	"contractAddress": null,
	"cumulativeGasUsed": 1682309,
	"gasUsed": 51653,
	"logs": [
		{
			"address": "0x7e9e431a0B8c4D532C745B1043c7FA29a48D4fBa",
			"blockHash": "0x484110ef61010b1fa8618ce778bc8eb83f48d607c2051f736e1ded8ee19df5d4",
			"blockNumber": 5505547,
			"data": "0x000000000000000000000000000000000000000000000034511da3f5b5734000",
			"logIndex": 27,
			"topics": [
				"0xddf252ad1be2c89b69c2b068fc378daa952ba7f163c4a11628f55a4df523b3ef",
				"0x000000000000000000000000468b858c964f297fd8fce058032bf4b4911a8ad8",
				"0x0000000000000000000000009368fa91af78fe78aefe9f946382c19f82f4c450"
			],
			"transactionHash": "0xf14e710fb226f45d8cba72d2bcb815b2a8df2acd7ac69656a3747e81f8453ee1",
			"transactionIndex": 36,
			"transactionLogIndex": "0x0",
			"type": "mined",
			"id": "log_d5b355e9"
		}
	],
	"logsBloom": "0x00000000000000000000000000020000000000000000000000000000000000000000000000000000000000000000000000000000000000000000000000000000000000000000010000000008000000000000000000000000000000000020200000000000000000000000000000000000000000000000000000000010000000000000000000000000000020000000008000000000000000000000000000000000000000000000000080000000000000000000000000000000000000010000000000001002000000000000000000000000000000000000000000000000000000000000000000000000000000000000000000000000000000000000000000000000",
	"root": null,
	"status": "0x1",
	"transactionHash": "0xf14e710fb226f45d8cba72d2bcb815b2a8df2acd7ac69656a3747e81f8453ee1",
	"transactionIndex": 36
}
[2018-04-25T23:07:56.509] [DEBUG] trans - TO:   0x3286a503b08fba5a6a9a96d09c655055521a3b93
[2018-04-25T23:07:56.509] [DEBUG] trans - AMOUNT:   965125900000000000000
[2018-04-25T23:07:56.509] [DEBUG] trans - Receipt info:  {
	"blockHash": "0x484110ef61010b1fa8618ce778bc8eb83f48d607c2051f736e1ded8ee19df5d4",
	"blockNumber": 5505547,
	"contractAddress": null,
	"cumulativeGasUsed": 1630656,
	"gasUsed": 51653,
	"logs": [
		{
			"address": "0x7e9e431a0B8c4D532C745B1043c7FA29a48D4fBa",
			"blockHash": "0x484110ef61010b1fa8618ce778bc8eb83f48d607c2051f736e1ded8ee19df5d4",
			"blockNumber": 5505547,
			"data": "0x00000000000000000000000000000000000000000000003451cffc98052cc000",
			"logIndex": 26,
			"topics": [
				"0xddf252ad1be2c89b69c2b068fc378daa952ba7f163c4a11628f55a4df523b3ef",
				"0x000000000000000000000000468b858c964f297fd8fce058032bf4b4911a8ad8",
				"0x0000000000000000000000003286a503b08fba5a6a9a96d09c655055521a3b93"
			],
			"transactionHash": "0xd03a12de73b73f0f12d13da1b9dfbc38951e326727729a0c90e38194c46b3c3a",
			"transactionIndex": 35,
			"transactionLogIndex": "0x0",
			"type": "mined",
			"id": "log_7c8b3895"
		}
	],
	"logsBloom": "0x00000000000000000000000000020000000000000000000000000000000000000000000000000000000000000000000000000000000000000020000000000000000000000000010000000008000000000000000000000000000000000021000000000000000000000200000000000000000000000000000000000010000000000000000000000000000000000000000000000000000000000000000000000000000000000000000080000000000000000000000000000000000000010000000000001002000000000000000000000000000000000000000000000000000000000000000000000000000000000000000000000000000000000000000000000000",
	"root": null,
	"status": "0x1",
	"transactionHash": "0xd03a12de73b73f0f12d13da1b9dfbc38951e326727729a0c90e38194c46b3c3a",
	"transactionIndex": 35
}
[2018-04-25T23:07:56.510] [DEBUG] trans - TO:   0x0426a548fef7a047e52ae78d82de26f99f2cb888
[2018-04-25T23:07:56.510] [DEBUG] trans - AMOUNT:   965000000000000000000
[2018-04-25T23:07:56.510] [DEBUG] trans - Receipt info:  {
	"blockHash": "0x484110ef61010b1fa8618ce778bc8eb83f48d607c2051f736e1ded8ee19df5d4",
	"blockNumber": 5505547,
	"contractAddress": null,
	"cumulativeGasUsed": 1733898,
	"gasUsed": 51589,
	"logs": [
		{
			"address": "0x7e9e431a0B8c4D532C745B1043c7FA29a48D4fBa",
			"blockHash": "0x484110ef61010b1fa8618ce778bc8eb83f48d607c2051f736e1ded8ee19df5d4",
			"blockNumber": 5505547,
			"data": "0x0000000000000000000000000000000000000000000000345010b335fbf40000",
			"logIndex": 28,
			"topics": [
				"0xddf252ad1be2c89b69c2b068fc378daa952ba7f163c4a11628f55a4df523b3ef",
				"0x000000000000000000000000468b858c964f297fd8fce058032bf4b4911a8ad8",
				"0x0000000000000000000000000426a548fef7a047e52ae78d82de26f99f2cb888"
			],
			"transactionHash": "0x271d8d9652a1f945250082447ebfa81a61a8875ec64c11a6557e1e61a7799861",
			"transactionIndex": 37,
			"transactionLogIndex": "0x0",
			"type": "mined",
			"id": "log_29975e83"
		}
	],
	"logsBloom": "0x00000000000000000000000000020000800000000000000000000000000000000000000000000000000000020000000000000000000000000000000000000000000000000000110000000008000000000000000000000000000000000020000000000000000000000000000000000000000000000000000000000010000000000000000000000000000000000000000000000000000000000000000000000000000000000000000080000000000000000000000000000000000000010000000000001002000000000000000000000000000000000000000000000000000000000000000000000000000000000000000000000000000000000000000000000000",
	"root": null,
	"status": "0x1",
	"transactionHash": "0x271d8d9652a1f945250082447ebfa81a61a8875ec64c11a6557e1e61a7799861",
	"transactionIndex": 37
}
[2018-04-25T23:07:56.510] [DEBUG] trans - TO:   0x3933ebf191b69f862ba35433a6b4db2eeef648e4
[2018-04-25T23:07:56.510] [DEBUG] trans - AMOUNT:   964675900000000000000
[2018-04-25T23:07:56.510] [DEBUG] trans - Receipt info:  {
	"blockHash": "0x484110ef61010b1fa8618ce778bc8eb83f48d607c2051f736e1ded8ee19df5d4",
	"blockNumber": 5505547,
	"contractAddress": null,
	"cumulativeGasUsed": 1837140,
	"gasUsed": 51653,
	"logs": [
		{
			"address": "0x7e9e431a0B8c4D532C745B1043c7FA29a48D4fBa",
			"blockHash": "0x484110ef61010b1fa8618ce778bc8eb83f48d607c2051f736e1ded8ee19df5d4",
			"blockNumber": 5505547,
			"data": "0x0000000000000000000000000000000000000000000000344b9143fa603fc000",
			"logIndex": 30,
			"topics": [
				"0xddf252ad1be2c89b69c2b068fc378daa952ba7f163c4a11628f55a4df523b3ef",
				"0x000000000000000000000000468b858c964f297fd8fce058032bf4b4911a8ad8",
				"0x0000000000000000000000003933ebf191b69f862ba35433a6b4db2eeef648e4"
			],
			"transactionHash": "0xf2ebc8f4b6f49fc94e94f4fc355a5e6c01f30b311119c6a7bd54fe1dc87f8d54",
			"transactionIndex": 39,
			"transactionLogIndex": "0x0",
			"type": "mined",
			"id": "log_084028dc"
		}
	],
	"logsBloom": "0x00000000000000000000000000020000000000000000000000000000000000000000000000000000000000000000000000000000000000000000000000000000000000000000010000000008000000000000000000000000000000000020000000000000000000000000000000000000000000000000000000000010000000000000000000008000000000000000000000000000000000000000000000000000000000000000000080000000000000000000000000000000000000010000002000001002000000000000000000000000000000000000000000000000800000000000000000000000000000000000000000000000000000000000000000000000",
	"root": null,
	"status": "0x1",
	"transactionHash": "0xf2ebc8f4b6f49fc94e94f4fc355a5e6c01f30b311119c6a7bd54fe1dc87f8d54",
	"transactionIndex": 39
}
[2018-04-25T23:07:56.510] [DEBUG] trans - TO:   0xb5073ec06337e77dd78ffb803126fb81fd59e049
[2018-04-25T23:07:56.510] [DEBUG] trans - AMOUNT:   964623400000000000000
[2018-04-25T23:07:56.511] [DEBUG] trans - Receipt info:  {
	"blockHash": "0x484110ef61010b1fa8618ce778bc8eb83f48d607c2051f736e1ded8ee19df5d4",
	"blockNumber": 5505547,
	"contractAddress": null,
	"cumulativeGasUsed": 1940446,
	"gasUsed": 51653,
	"logs": [
		{
			"address": "0x7e9e431a0B8c4D532C745B1043c7FA29a48D4fBa",
			"blockHash": "0x484110ef61010b1fa8618ce778bc8eb83f48d607c2051f736e1ded8ee19df5d4",
			"blockNumber": 5505547,
			"data": "0x0000000000000000000000000000000000000000000000344ad6bf81958a8000",
			"logIndex": 32,
			"topics": [
				"0xddf252ad1be2c89b69c2b068fc378daa952ba7f163c4a11628f55a4df523b3ef",
				"0x000000000000000000000000468b858c964f297fd8fce058032bf4b4911a8ad8",
				"0x000000000000000000000000b5073ec06337e77dd78ffb803126fb81fd59e049"
			],
			"transactionHash": "0x22c581d6215c9c03db5a6684f93504e75f978b3040ed267ab4ac8512ca3f92b1",
			"transactionIndex": 41,
			"transactionLogIndex": "0x0",
			"type": "mined",
			"id": "log_5ac079ff"
		}
	],
	"logsBloom": "0x00000000000000000000000000020000000000000000000000000000000000000000000000000000000000000000000200000000000000000000000000000000000000000000010000100008000000000000000000000000000000000020000000000000000000000000000000000000000000000000008000000010000000000000000000000000000000000000000000000000000000000000000000000000000000000000000080000000000000000000000000000000000000010000000000001002000000000000000000000000000000000000000000000000000000000000000000000000000000000000000000000000000000000000000000000000",
	"root": null,
	"status": "0x1",
	"transactionHash": "0x22c581d6215c9c03db5a6684f93504e75f978b3040ed267ab4ac8512ca3f92b1",
	"transactionIndex": 41
}
[2018-04-25T23:07:56.511] [DEBUG] trans - TO:   0x1159d4aed8c0d267c1a37bd32734e55da1690d67
[2018-04-25T23:07:56.511] [DEBUG] trans - AMOUNT:   964548000000000000000
[2018-04-25T23:07:56.511] [DEBUG] trans - Receipt info:  {
	"blockHash": "0x484110ef61010b1fa8618ce778bc8eb83f48d607c2051f736e1ded8ee19df5d4",
	"blockNumber": 5505547,
	"contractAddress": null,
	"cumulativeGasUsed": 1992035,
	"gasUsed": 51589,
	"logs": [
		{
			"address": "0x7e9e431a0B8c4D532C745B1043c7FA29a48D4fBa",
			"blockHash": "0x484110ef61010b1fa8618ce778bc8eb83f48d607c2051f736e1ded8ee19df5d4",
			"blockNumber": 5505547,
			"data": "0x00000000000000000000000000000000000000000000003449cadf9b0d7a0000",
			"logIndex": 33,
			"topics": [
				"0xddf252ad1be2c89b69c2b068fc378daa952ba7f163c4a11628f55a4df523b3ef",
				"0x000000000000000000000000468b858c964f297fd8fce058032bf4b4911a8ad8",
				"0x0000000000000000000000001159d4aed8c0d267c1a37bd32734e55da1690d67"
			],
			"transactionHash": "0x30acb93640898a97913e8eba8e3f004f4c5f8d357804b86c752205750c6f4656",
			"transactionIndex": 42,
			"transactionLogIndex": "0x0",
			"type": "mined",
			"id": "log_234c701c"
		}
	],
	"logsBloom": "0x00000000000000000000000000020000000001000000000000000000000000000000000000000000000000000000000000000000000000000000000000000000000000000000010000000408000000000000000000000000000000000020000000000000000000000000000000000000000000000000000000000010000000000000000000000000000000000000000000000000000000000000000000000000000000000000000080000000000000000000000000000000000000010000000000101002000000000000000000000000000000000000000000000000000000000000000000000000000000000000000000000000000000000000000000000000",
	"root": null,
	"status": "0x1",
	"transactionHash": "0x30acb93640898a97913e8eba8e3f004f4c5f8d357804b86c752205750c6f4656",
	"transactionIndex": 42
}
[2018-04-25T23:07:56.511] [DEBUG] trans - TO:   0x986466d11193ac891086d18a8e7efa8f31caf6f3
[2018-04-25T23:07:56.511] [DEBUG] trans - AMOUNT:   965250200000000000000
[2018-04-25T23:07:56.511] [DEBUG] trans - Receipt info:  {
	"blockHash": "0x484110ef61010b1fa8618ce778bc8eb83f48d607c2051f736e1ded8ee19df5d4",
	"blockNumber": 5505547,
	"contractAddress": null,
	"cumulativeGasUsed": 1527414,
	"gasUsed": 51653,
	"logs": [
		{
			"address": "0x7e9e431a0B8c4D532C745B1043c7FA29a48D4fBa",
			"blockHash": "0x484110ef61010b1fa8618ce778bc8eb83f48d607c2051f736e1ded8ee19df5d4",
			"blockNumber": 5505547,
			"data": "0x000000000000000000000000000000000000000000000034538996c906c18000",
			"logIndex": 24,
			"topics": [
				"0xddf252ad1be2c89b69c2b068fc378daa952ba7f163c4a11628f55a4df523b3ef",
				"0x000000000000000000000000468b858c964f297fd8fce058032bf4b4911a8ad8",
				"0x000000000000000000000000986466d11193ac891086d18a8e7efa8f31caf6f3"
			],
			"transactionHash": "0x1c081a234683ccb192924b548f00e0fda64e0b20c50f5065a49e51c4b4a10fff",
			"transactionIndex": 33,
			"transactionLogIndex": "0x0",
			"type": "mined",
			"id": "log_b927b868"
		}
	],
	"logsBloom": "0x00000000000000000000000000020000000000000000000000000000000000000000000000000000000000000000000000000000000000000000000000000000000000200000010000000008000000000000000000000000000000000020000000000000000000000000000010000000000000000000000000000010000000000000000000000000000000000000000000000000000000000000000000000000000000000000000080000000000000000000000000000000000000010000000000001002000000000000000000000000000000800000000000000000000000000000000000000000000000000000000000000000000000000000000000000000",
	"root": null,
	"status": "0x1",
	"transactionHash": "0x1c081a234683ccb192924b548f00e0fda64e0b20c50f5065a49e51c4b4a10fff",
	"transactionIndex": 33
}
[2018-04-25T23:07:56.512] [DEBUG] trans - TO:   0xea38201bcee3f3c68f18f303d595e5fe77a40c4f
[2018-04-25T23:07:56.512] [DEBUG] trans - AMOUNT:   964675800000000000000
[2018-04-25T23:07:56.512] [DEBUG] trans - Receipt info:  {
	"blockHash": "0x484110ef61010b1fa8618ce778bc8eb83f48d607c2051f736e1ded8ee19df5d4",
	"blockNumber": 5505547,
	"contractAddress": null,
	"cumulativeGasUsed": 1888793,
	"gasUsed": 51653,
	"logs": [
		{
			"address": "0x7e9e431a0B8c4D532C745B1043c7FA29a48D4fBa",
			"blockHash": "0x484110ef61010b1fa8618ce778bc8eb83f48d607c2051f736e1ded8ee19df5d4",
			"blockNumber": 5505547,
			"data": "0x0000000000000000000000000000000000000000000000344b90e9074fc58000",
			"logIndex": 31,
			"topics": [
				"0xddf252ad1be2c89b69c2b068fc378daa952ba7f163c4a11628f55a4df523b3ef",
				"0x000000000000000000000000468b858c964f297fd8fce058032bf4b4911a8ad8",
				"0x000000000000000000000000ea38201bcee3f3c68f18f303d595e5fe77a40c4f"
			],
			"transactionHash": "0x66f3e33a0ba7da7df74aa16f18cf2ac1a7c17e85bd8099b810650ed6eaeef84f",
			"transactionIndex": 40,
			"transactionLogIndex": "0x0",
			"type": "mined",
			"id": "log_d46ff293"
		}
	],
	"logsBloom": "0x00000000000000000000000000020000000000000000000000000000400000000000000000004000000000000000000000000000000000000000000000000000000000000000010000000008000000000000000000000000000000000020000000000000000000000000000000000000000000000000000000000010000000000000000000000000000000000000000000000000000000000000000000000000000000000000000080000000000000000020000000000000000000010000000000001002000000000000000000000000000000000000000000000000000000000000000000000000000000000000000000000000000000000000000000000000",
	"root": null,
	"status": "0x1",
	"transactionHash": "0x66f3e33a0ba7da7df74aa16f18cf2ac1a7c17e85bd8099b810650ed6eaeef84f",
	"transactionIndex": 40
}
[2018-04-25T23:07:56.512] [DEBUG] trans - TO:   0x18460975f7751fa008b05243741dd661dfb7f275
[2018-04-25T23:07:56.512] [DEBUG] trans - AMOUNT:   963904000000000000000
[2018-04-25T23:07:56.512] [DEBUG] trans - Receipt info:  {
	"blockHash": "0x484110ef61010b1fa8618ce778bc8eb83f48d607c2051f736e1ded8ee19df5d4",
	"blockNumber": 5505547,
	"contractAddress": null,
	"cumulativeGasUsed": 2198519,
	"gasUsed": 51589,
	"logs": [
		{
			"address": "0x7e9e431a0B8c4D532C745B1043c7FA29a48D4fBa",
			"blockHash": "0x484110ef61010b1fa8618ce778bc8eb83f48d607c2051f736e1ded8ee19df5d4",
			"blockNumber": 5505547,
			"data": "0x00000000000000000000000000000000000000000000003440daed048a200000",
			"logIndex": 37,
			"topics": [
				"0xddf252ad1be2c89b69c2b068fc378daa952ba7f163c4a11628f55a4df523b3ef",
				"0x000000000000000000000000468b858c964f297fd8fce058032bf4b4911a8ad8",
				"0x00000000000000000000000018460975f7751fa008b05243741dd661dfb7f275"
			],
			"transactionHash": "0x2080ab1dfda6cbaf69cd793be6cbde7ed1c79d668bc1be94cc0b0a50d76d2ac1",
			"transactionIndex": 46,
			"transactionLogIndex": "0x0",
			"type": "mined",
			"id": "log_82990d95"
		}
	],
	"logsBloom": "0x00000000000000000000000000020000000000000000000000000000000000000000000000000000000000000000020000000000000000000000000000000000000000000000110000400008000000000000000000000000000000000020000000000000000000000000000000000000000000000000000000000010000000000000000000000000000000000000000000000000000000000000000000000000000000000000000080000000000000000000000000000000000000010000000000001002000000000000000000000000000000000000000000000000000000000000000000000000000000000000000000000000000000000000000000000000",
	"root": null,
	"status": "0x1",
	"transactionHash": "0x2080ab1dfda6cbaf69cd793be6cbde7ed1c79d668bc1be94cc0b0a50d76d2ac1",
	"transactionIndex": 46
}
[2018-04-25T23:07:56.512] [DEBUG] trans - TO:   0xdddc69cee9a0ad1c6f333cac1c732213d03c9a1c
[2018-04-25T23:07:56.512] [DEBUG] trans - AMOUNT:   963837500000000000000
[2018-04-25T23:07:56.512] [DEBUG] trans - Receipt info:  {
	"blockHash": "0x484110ef61010b1fa8618ce778bc8eb83f48d607c2051f736e1ded8ee19df5d4",
	"blockNumber": 5505547,
	"contractAddress": null,
	"cumulativeGasUsed": 2250172,
	"gasUsed": 51653,
	"logs": [
		{
			"address": "0x7e9e431a0B8c4D532C745B1043c7FA29a48D4fBa",
			"blockHash": "0x484110ef61010b1fa8618ce778bc8eb83f48d607c2051f736e1ded8ee19df5d4",
			"blockNumber": 5505547,
			"data": "0x0000000000000000000000000000000000000000000000343feeab9ebc8fc000",
			"logIndex": 38,
			"topics": [
				"0xddf252ad1be2c89b69c2b068fc378daa952ba7f163c4a11628f55a4df523b3ef",
				"0x000000000000000000000000468b858c964f297fd8fce058032bf4b4911a8ad8",
				"0x000000000000000000000000dddc69cee9a0ad1c6f333cac1c732213d03c9a1c"
			],
			"transactionHash": "0xbe5cfb26abb4e7c3771c19015176ad2f680c0efa60445fe271185e5e83249729",
			"transactionIndex": 47,
			"transactionLogIndex": "0x0",
			"type": "mined",
			"id": "log_25577295"
		}
	],
	"logsBloom": "0x00000000000000000000000000020000000000000000000000000000000000000000000000000000000000000000000000000000000000000000000000000000000000000000010000000008000000000000000000000000000000000020000000000020000000000000000000000000000000000000000000000010000000000000000000000000000000000000000000000000000000000000000000000000000000000000000080000000000000000000000000000000000000010000000000001002000000000000000000000000800100000000000000000000000000000000000000000000000000000000000000000000000000000000000000000000",
	"root": null,
	"status": "0x1",
	"transactionHash": "0xbe5cfb26abb4e7c3771c19015176ad2f680c0efa60445fe271185e5e83249729",
	"transactionIndex": 47
}
[2018-04-25T23:07:56.513] [DEBUG] trans - TO:   0x87e2652f6332586e56f4df4b5db1626d28afd578
[2018-04-25T23:07:56.513] [DEBUG] trans - AMOUNT:   964163000000000000000
[2018-04-25T23:07:56.513] [DEBUG] trans - Receipt info:  {
	"blockHash": "0x484110ef61010b1fa8618ce778bc8eb83f48d607c2051f736e1ded8ee19df5d4",
	"blockNumber": 5505547,
	"contractAddress": null,
	"cumulativeGasUsed": 2095277,
	"gasUsed": 51653,
	"logs": [
		{
			"address": "0x7e9e431a0B8c4D532C745B1043c7FA29a48D4fBa",
			"blockHash": "0x484110ef61010b1fa8618ce778bc8eb83f48d607c2051f736e1ded8ee19df5d4",
			"blockNumber": 5505547,
			"data": "0x000000000000000000000000000000000000000000000034447314253ef38000",
			"logIndex": 35,
			"topics": [
				"0xddf252ad1be2c89b69c2b068fc378daa952ba7f163c4a11628f55a4df523b3ef",
				"0x000000000000000000000000468b858c964f297fd8fce058032bf4b4911a8ad8",
				"0x00000000000000000000000087e2652f6332586e56f4df4b5db1626d28afd578"
			],
			"transactionHash": "0xf8d44790eac1f39bc7575b4d0cb61a6b64bcb8c161bdaba51d381c3f85ecf16a",
			"transactionIndex": 44,
			"transactionLogIndex": "0x0",
			"type": "mined",
			"id": "log_a60cec4c"
		}
	],
	"logsBloom": "0x00000000000000000000000000020000000000000000000000000000000000000000000000000000000001000000000000000000000000000000000000000000000000000000010000000008000000000000000000000000000000000020000000004000000000000000000000000000000000000000000000000010000000000000000000000000000000000000000000000000000000000000000000000000000000000000000080000000000000000000000000000000400000010000000000001002000000000000000000000000000000000000000000000000000000000000000000000000000000000000000000000000000000000000000000000000",
	"root": null,
	"status": "0x1",
	"transactionHash": "0xf8d44790eac1f39bc7575b4d0cb61a6b64bcb8c161bdaba51d381c3f85ecf16a",
	"transactionIndex": 44
}
[2018-04-25T23:07:56.513] [DEBUG] trans - TO:   0x44b496e4211fab4b4d1c9ab0c36064e23c3d334c
[2018-04-25T23:07:56.513] [DEBUG] trans - AMOUNT:   963763800000000000000
[2018-04-25T23:07:56.513] [DEBUG] trans - Receipt info:  {
	"blockHash": "0x484110ef61010b1fa8618ce778bc8eb83f48d607c2051f736e1ded8ee19df5d4",
	"blockNumber": 5505547,
	"contractAddress": null,
	"cumulativeGasUsed": 2405003,
	"gasUsed": 51653,
	"logs": [
		{
			"address": "0x7e9e431a0B8c4D532C745B1043c7FA29a48D4fBa",
			"blockHash": "0x484110ef61010b1fa8618ce778bc8eb83f48d607c2051f736e1ded8ee19df5d4",
			"blockNumber": 5505547,
			"data": "0x0000000000000000000000000000000000000000000000343ee8d5dc4c9d8000",
			"logIndex": 41,
			"topics": [
				"0xddf252ad1be2c89b69c2b068fc378daa952ba7f163c4a11628f55a4df523b3ef",
				"0x000000000000000000000000468b858c964f297fd8fce058032bf4b4911a8ad8",
				"0x00000000000000000000000044b496e4211fab4b4d1c9ab0c36064e23c3d334c"
			],
			"transactionHash": "0x8a059f9c6b18710f3d65d8020622ed372ae94e066d94e0280466f29f83706126",
			"transactionIndex": 50,
			"transactionLogIndex": "0x0",
			"type": "mined",
			"id": "log_a7a55540"
		}
	],
	"logsBloom": "0x00000000000000000000000000020000000000000000000000000000000000000000000000000000000000000000000000000000000000000000000000000000000040000000010000000008000000000000000000000000000000000020001000000000000000000000000000000000000000000000000000000010000000000000000000000000000000000000000000000000000000000000000000000000000000000000000080000000000000000000000000000000000000010000000000001002000000000000000000000000000000000000000000000000000000000001000000000000000000000000000000000000000000000000000000000000",
	"root": null,
	"status": "0x1",
	"transactionHash": "0x8a059f9c6b18710f3d65d8020622ed372ae94e066d94e0280466f29f83706126",
	"transactionIndex": 50
}
[2018-04-25T23:07:56.513] [DEBUG] trans - TO:   0xbecd89a8086c9954bd798a0cc195c49ba6ee78f4
[2018-04-25T23:07:56.513] [DEBUG] trans - AMOUNT:   963800000000000000000
[2018-04-25T23:07:56.513] [DEBUG] trans - Receipt info:  {
	"blockHash": "0x484110ef61010b1fa8618ce778bc8eb83f48d607c2051f736e1ded8ee19df5d4",
	"blockNumber": 5505547,
	"contractAddress": null,
	"cumulativeGasUsed": 2353350,
	"gasUsed": 51589,
	"logs": [
		{
			"address": "0x7e9e431a0B8c4D532C745B1043c7FA29a48D4fBa",
			"blockHash": "0x484110ef61010b1fa8618ce778bc8eb83f48d607c2051f736e1ded8ee19df5d4",
			"blockNumber": 5505547,
			"data": "0x0000000000000000000000000000000000000000000000343f697191997c0000",
			"logIndex": 40,
			"topics": [
				"0xddf252ad1be2c89b69c2b068fc378daa952ba7f163c4a11628f55a4df523b3ef",
				"0x000000000000000000000000468b858c964f297fd8fce058032bf4b4911a8ad8",
				"0x000000000000000000000000becd89a8086c9954bd798a0cc195c49ba6ee78f4"
			],
			"transactionHash": "0x58cbc6fccdbb569e6a77ff1db965a774d7c4657131fb3a0b5a5cc5f4c8fdad7f",
			"transactionIndex": 49,
			"transactionLogIndex": "0x0",
			"type": "mined",
			"id": "log_d3a1d710"
		}
	],
	"logsBloom": "0x00020000000000000000000000020000000000000000000000000000000000000000000000000000000000000000000000000000000000000000000000000000000000000000010000000008000000000000000000000000000000000020000000000000000000000000000000000000000000000000008000000010000000000000000000000100000000000000000000000000000000000000000000000000000000000000000080000000000000000000000000000000000000010000000000001002000000000000000000000000000000000000000000000000000000000000000000000000000000000000000000000000000000000000000000000000",
	"root": null,
	"status": "0x1",
	"transactionHash": "0x58cbc6fccdbb569e6a77ff1db965a774d7c4657131fb3a0b5a5cc5f4c8fdad7f",
	"transactionIndex": 49
}
[2018-04-25T23:07:56.513] [DEBUG] trans - TO:   0xb185f2dcb19f7e3b60637f8a4d3b003f163a0f33
[2018-04-25T23:07:56.513] [DEBUG] trans - AMOUNT:   963719200000000000000
[2018-04-25T23:07:56.513] [DEBUG] trans - Receipt info:  {
	"blockHash": "0x484110ef61010b1fa8618ce778bc8eb83f48d607c2051f736e1ded8ee19df5d4",
	"blockNumber": 5505547,
	"contractAddress": null,
	"cumulativeGasUsed": 2456528,
	"gasUsed": 51525,
	"logs": [
		{
			"address": "0x7e9e431a0B8c4D532C745B1043c7FA29a48D4fBa",
			"blockHash": "0x484110ef61010b1fa8618ce778bc8eb83f48d607c2051f736e1ded8ee19df5d4",
			"blockNumber": 5505547,
			"data": "0x0000000000000000000000000000000000000000000000343e4a626597a20000",
			"logIndex": 42,
			"topics": [
				"0xddf252ad1be2c89b69c2b068fc378daa952ba7f163c4a11628f55a4df523b3ef",
				"0x000000000000000000000000468b858c964f297fd8fce058032bf4b4911a8ad8",
				"0x000000000000000000000000b185f2dcb19f7e3b60637f8a4d3b003f163a0f33"
			],
			"transactionHash": "0x25346d0d643d99287efbaec592faeb199ca5362820348e34b37006c0ca584ab4",
			"transactionIndex": 51,
			"transactionLogIndex": "0x0",
			"type": "mined",
			"id": "log_f4b8f981"
		}
	],
	"logsBloom": "0x08000000000000000000000000020000000000000000000000000008000000000000000000000000000000000000000000000000000000000000000000000000000000000000010000000008000000000000000000000000000000000020000000000000000000000000000000000080000000000000000000000010000000000000000000000000000000000000000000000000000000000000000000000000000000000000000080000000000000000000000000000000000000010000000000001002000000000000000000000000000000000000000000000000000000000000000000000000000000000000000000000000000000000000000000000000",
	"root": null,
	"status": "0x1",
	"transactionHash": "0x25346d0d643d99287efbaec592faeb199ca5362820348e34b37006c0ca584ab4",
	"transactionIndex": 51
}
[2018-04-25T23:07:56.514] [DEBUG] trans - TO:   0x119abad8efbcb03c9bbe7ac5ac9e0e174a1b339b
[2018-04-25T23:07:56.514] [DEBUG] trans - AMOUNT:   963697500000000000000
[2018-04-25T23:07:56.514] [DEBUG] trans - Receipt info:  {
	"blockHash": "0x484110ef61010b1fa8618ce778bc8eb83f48d607c2051f736e1ded8ee19df5d4",
	"blockNumber": 5505547,
	"contractAddress": null,
	"cumulativeGasUsed": 2508181,
	"gasUsed": 51653,
	"logs": [
		{
			"address": "0x7e9e431a0B8c4D532C745B1043c7FA29a48D4fBa",
			"blockHash": "0x484110ef61010b1fa8618ce778bc8eb83f48d607c2051f736e1ded8ee19df5d4",
			"blockNumber": 5505547,
			"data": "0x0000000000000000000000000000000000000000000000343dfd4a5ca001c000",
			"logIndex": 43,
			"topics": [
				"0xddf252ad1be2c89b69c2b068fc378daa952ba7f163c4a11628f55a4df523b3ef",
				"0x000000000000000000000000468b858c964f297fd8fce058032bf4b4911a8ad8",
				"0x000000000000000000000000119abad8efbcb03c9bbe7ac5ac9e0e174a1b339b"
			],
			"transactionHash": "0x47a1268d3997c2408aa7d51fa582186db571d7e76eed97ea7dd35ecd88b66fe3",
			"transactionIndex": 52,
			"transactionLogIndex": "0x0",
			"type": "mined",
			"id": "log_6fc11339"
		}
	],
	"logsBloom": "0x00000000000000000000000000020000000000000000000000000000000000000020000000000000000000000000000000000000000000000000000000000000000000000000010000000008000000000000000000000000000000000020000000000000000000000000000000000000000000000000000000000010000000000004000000000000000000000000000000000000000000000000000000000000000000000000000080000000000000000000000000000000000000010000000000001002000000000000000000000000000000000000000000000000000000000000000000000000000000000000000000000000000000004000000000000000",
	"root": null,
	"status": "0x1",
	"transactionHash": "0x47a1268d3997c2408aa7d51fa582186db571d7e76eed97ea7dd35ecd88b66fe3",
	"transactionIndex": 52
}
[2018-04-25T23:07:56.514] [DEBUG] trans - TO:   0xefe0c8ea1f1fef75401e6a2000fdf2468fef2f67
[2018-04-25T23:07:56.514] [DEBUG] trans - AMOUNT:   963822600000000000000
[2018-04-25T23:07:56.514] [DEBUG] trans - Receipt info:  {
	"blockHash": "0x484110ef61010b1fa8618ce778bc8eb83f48d607c2051f736e1ded8ee19df5d4",
	"blockNumber": 5505547,
	"contractAddress": null,
	"cumulativeGasUsed": 2301761,
	"gasUsed": 51589,
	"logs": [
		{
			"address": "0x7e9e431a0B8c4D532C745B1043c7FA29a48D4fBa",
			"blockHash": "0x484110ef61010b1fa8618ce778bc8eb83f48d607c2051f736e1ded8ee19df5d4",
			"blockNumber": 5505547,
			"data": "0x0000000000000000000000000000000000000000000000343fb9bc2625688000",
			"logIndex": 39,
			"topics": [
				"0xddf252ad1be2c89b69c2b068fc378daa952ba7f163c4a11628f55a4df523b3ef",
				"0x000000000000000000000000468b858c964f297fd8fce058032bf4b4911a8ad8",
				"0x000000000000000000000000efe0c8ea1f1fef75401e6a2000fdf2468fef2f67"
			],
			"transactionHash": "0x244f60b54819c7eba1b50362f609a139f94e92f1ae800be54c30a9361e3e3040",
			"transactionIndex": 48,
			"transactionLogIndex": "0x0",
			"type": "mined",
			"id": "log_8f25c6a6"
		}
	],
	"logsBloom": "0x00000000000000000000000000020000000000000000000000000000008000000000000000000000000000000000000000000000000000000000000000000000000000000000010000000008000000000000000000000000000002000020000000000000000000000000000000000000000000000000000000000010000000000000000000000000000000000000000200000000000000000000000000000000000000000000000080000000000000000000000000000000000000010000000000001002000000000000000000000000000000000000000000000000000000000000000000000000000000000000000000000000000000000000000000000000",
	"root": null,
	"status": "0x1",
	"transactionHash": "0x244f60b54819c7eba1b50362f609a139f94e92f1ae800be54c30a9361e3e3040",
	"transactionIndex": 48
}
[2018-04-25T23:07:56.514] [DEBUG] trans - TO:   0x92832363d238e32d50b4085162d5a455f29f1a72
[2018-04-25T23:07:56.514] [DEBUG] trans - AMOUNT:   963637400000000000000
[2018-04-25T23:07:56.514] [DEBUG] trans - Receipt info:  {
	"blockHash": "0x484110ef61010b1fa8618ce778bc8eb83f48d607c2051f736e1ded8ee19df5d4",
	"blockNumber": 5505547,
	"contractAddress": null,
	"cumulativeGasUsed": 2611423,
	"gasUsed": 51653,
	"logs": [
		{
			"address": "0x7e9e431a0B8c4D532C745B1043c7FA29a48D4fBa",
			"blockHash": "0x484110ef61010b1fa8618ce778bc8eb83f48d607c2051f736e1ded8ee19df5d4",
			"blockNumber": 5505547,
			"data": "0x0000000000000000000000000000000000000000000000343d27c5baf1018000",
			"logIndex": 45,
			"topics": [
				"0xddf252ad1be2c89b69c2b068fc378daa952ba7f163c4a11628f55a4df523b3ef",
				"0x000000000000000000000000468b858c964f297fd8fce058032bf4b4911a8ad8",
				"0x00000000000000000000000092832363d238e32d50b4085162d5a455f29f1a72"
			],
			"transactionHash": "0x1a326e021ecb1eca31795880300e21b060b3f581fda577613d76b9fb3eb508ac",
			"transactionIndex": 54,
			"transactionLogIndex": "0x0",
			"type": "mined",
			"id": "log_9a07596c"
		}
	],
	"logsBloom": "0x00000000000000000000000000020800000000000000000000000000000000000000000000000000000000000000000000000000000000000000000000000000000000000000010000000008000000000000000000000000000000000020000000000000000000000000000000000000000000000000000000000010000000000000000000000000000000000000000000000000000000000000040000000000000000000000000080000000000000000000000000000000010000010000000000001002000000000000000000000000000000000000000000000000000000000000000000000000000000000000000000000000000000000000000000000000",
	"root": null,
	"status": "0x1",
	"transactionHash": "0x1a326e021ecb1eca31795880300e21b060b3f581fda577613d76b9fb3eb508ac",
	"transactionIndex": 54
}
[2018-04-25T23:07:56.514] [DEBUG] trans - TO:   0x0accf6270087e3f6d68d4606796db57191bdc7b1
[2018-04-25T23:07:56.514] [DEBUG] trans - AMOUNT:   963674300000000000000
[2018-04-25T23:07:56.514] [DEBUG] trans - Receipt info:  {
	"blockHash": "0x484110ef61010b1fa8618ce778bc8eb83f48d607c2051f736e1ded8ee19df5d4",
	"blockNumber": 5505547,
	"contractAddress": null,
	"cumulativeGasUsed": 2559770,
	"gasUsed": 51589,
	"logs": [
		{
			"address": "0x7e9e431a0B8c4D532C745B1043c7FA29a48D4fBa",
			"blockHash": "0x484110ef61010b1fa8618ce778bc8eb83f48d607c2051f736e1ded8ee19df5d4",
			"blockNumber": 5505547,
			"data": "0x0000000000000000000000000000000000000000000000343daade15b137c000",
			"logIndex": 44,
			"topics": [
				"0xddf252ad1be2c89b69c2b068fc378daa952ba7f163c4a11628f55a4df523b3ef",
				"0x000000000000000000000000468b858c964f297fd8fce058032bf4b4911a8ad8",
				"0x0000000000000000000000000accf6270087e3f6d68d4606796db57191bdc7b1"
			],
			"transactionHash": "0xed4b4bd903044f6c3bbeeae7b6728402c22f02f401e332902be51982ec396ac8",
			"transactionIndex": 53,
			"transactionLogIndex": "0x0",
			"type": "mined",
			"id": "log_3614393b"
		}
	],
	"logsBloom": "0x00000000000000000000000000020000000000000000100000000000000000000000000000000000000000000000000000000000000000000000000000000000000000004000010000000008000000000000000000000000000000000020000000000000000000000000000000000000000000000000000000000010000000000000000000000000000000000000000000000000000000000000000000000000000000000000000080000000000000000000000000000000000000010000000000001002000000000000000000000400000000000000000000000000000000000000000000000000000000000000000000000000000000000000000000000000",
	"root": null,
	"status": "0x1",
	"transactionHash": "0xed4b4bd903044f6c3bbeeae7b6728402c22f02f401e332902be51982ec396ac8",
	"transactionIndex": 53
}
[2018-04-25T23:07:56.514] [DEBUG] trans - TO:   0xe9c49b304f233292977ab4722e3d5253c5c94748
[2018-04-25T23:07:56.514] [DEBUG] trans - AMOUNT:   964005300000000000000
[2018-04-25T23:07:56.514] [DEBUG] trans - Receipt info:  {
	"blockHash": "0x484110ef61010b1fa8618ce778bc8eb83f48d607c2051f736e1ded8ee19df5d4",
	"blockNumber": 5505547,
	"contractAddress": null,
	"cumulativeGasUsed": 2146930,
	"gasUsed": 51653,
	"logs": [
		{
			"address": "0x7e9e431a0B8c4D532C745B1043c7FA29a48D4fBa",
			"blockHash": "0x484110ef61010b1fa8618ce778bc8eb83f48d607c2051f736e1ded8ee19df5d4",
			"blockNumber": 5505547,
			"data": "0x0000000000000000000000000000000000000000000000344242d0d4bddf4000",
			"logIndex": 36,
			"topics": [
				"0xddf252ad1be2c89b69c2b068fc378daa952ba7f163c4a11628f55a4df523b3ef",
				"0x000000000000000000000000468b858c964f297fd8fce058032bf4b4911a8ad8",
				"0x000000000000000000000000e9c49b304f233292977ab4722e3d5253c5c94748"
			],
			"transactionHash": "0x17e3d2cf62a291ffa061696f3a98860cf207a3d947377d6cbd4407f770c4905a",
			"transactionIndex": 45,
			"transactionLogIndex": "0x0",
			"type": "mined",
			"id": "log_91e9b295"
		}
	],
	"logsBloom": "0x00000000000000000000000000020000000000800000000000000000000000000000000000000000000000000000000000000000000000000000000000000000000000000000010000000008000000000000000000000000000000000020000000000000000000000000000000000000000000000000000000000010000800000000000000000000000000000400000000000000000000000000000000000000000000000000000080000000000000000000000000000000000000010000000000001002000000000000000000000000000000000000000000000000000000000000000000000000000000000000000000000000000000000000000000000000",
	"root": null,
	"status": "0x1",
	"transactionHash": "0x17e3d2cf62a291ffa061696f3a98860cf207a3d947377d6cbd4407f770c4905a",
	"transactionIndex": 45
}
[2018-04-25T23:07:56.515] [DEBUG] trans - TO:   0xd8fe602de963abf7d8709bb99b2620c1c03e3505
[2018-04-25T23:07:56.515] [DEBUG] trans - AMOUNT:   963600000000000000000
[2018-04-25T23:07:56.515] [DEBUG] trans - Receipt info:  {
	"blockHash": "0x484110ef61010b1fa8618ce778bc8eb83f48d607c2051f736e1ded8ee19df5d4",
	"blockNumber": 5505547,
	"contractAddress": null,
	"cumulativeGasUsed": 2817843,
	"gasUsed": 51589,
	"logs": [
		{
			"address": "0x7e9e431a0B8c4D532C745B1043c7FA29a48D4fBa",
			"blockHash": "0x484110ef61010b1fa8618ce778bc8eb83f48d607c2051f736e1ded8ee19df5d4",
			"blockNumber": 5505547,
			"data": "0x0000000000000000000000000000000000000000000000343ca2e6a0de680000",
			"logIndex": 49,
			"topics": [
				"0xddf252ad1be2c89b69c2b068fc378daa952ba7f163c4a11628f55a4df523b3ef",
				"0x000000000000000000000000468b858c964f297fd8fce058032bf4b4911a8ad8",
				"0x000000000000000000000000d8fe602de963abf7d8709bb99b2620c1c03e3505"
			],
			"transactionHash": "0x069379a50614ac5f2a6f53d806852b9cc31e544ef45583579b2245f57c106964",
			"transactionIndex": 58,
			"transactionLogIndex": "0x0",
			"type": "mined",
			"id": "log_b67b4170"
		}
	],
	"logsBloom": "0x00000000000000000000000000020000000000000000000001000000000000000000000000000040000000000000000000000000000000000000000000000000000000000000010000000008000000000000000000000000000000010020000000000000000000000000000000000000000000000000000000000010000000000000000000000000000000000000000000000000000000000000000000000000000000000000000080000000000000000000000000000000000000010000000000001002000000000000000000000000000000000000000000000000000000000000000000000000000000000000000000000000000000000000000000000000",
	"root": null,
	"status": "0x1",
	"transactionHash": "0x069379a50614ac5f2a6f53d806852b9cc31e544ef45583579b2245f57c106964",
	"transactionIndex": 58
}
[2018-04-25T23:07:56.515] [DEBUG] trans - TO:   0x6d720695704cbc4f51a656600cb095940543fbd6
[2018-04-25T23:07:56.515] [DEBUG] trans - AMOUNT:   964284800000000000000
[2018-04-25T23:07:56.515] [DEBUG] trans - Receipt info:  {
	"blockHash": "0x484110ef61010b1fa8618ce778bc8eb83f48d607c2051f736e1ded8ee19df5d4",
	"blockNumber": 5505547,
	"contractAddress": null,
	"cumulativeGasUsed": 2043624,
	"gasUsed": 51589,
	"logs": [
		{
			"address": "0x7e9e431a0B8c4D532C745B1043c7FA29a48D4fBa",
			"blockHash": "0x484110ef61010b1fa8618ce778bc8eb83f48d607c2051f736e1ded8ee19df5d4",
			"blockNumber": 5505547,
			"data": "0x0000000000000000000000000000000000000000000000344623cc99a4980000",
			"logIndex": 34,
			"topics": [
				"0xddf252ad1be2c89b69c2b068fc378daa952ba7f163c4a11628f55a4df523b3ef",
				"0x000000000000000000000000468b858c964f297fd8fce058032bf4b4911a8ad8",
				"0x0000000000000000000000006d720695704cbc4f51a656600cb095940543fbd6"
			],
			"transactionHash": "0x883723e79cd63e1aef183f4e2b340c992e2d9a39e63b3fb87745b8950736f4ee",
			"transactionIndex": 43,
			"transactionLogIndex": "0x0",
			"type": "mined",
			"id": "log_73c52ee6"
		}
	],
	"logsBloom": "0x00000000000000000000000000020000000000000000000000000000000000000000000000000000000000000000000000000000000000000000000000000000000000000000010000000008000000000000000000000000000000000020000000000000000000000000000000000000000000000000000000000010000000000000000000002000000000000000000000000000000000020000000000000000000000000000000080000000000000000000000000000000000000010000000000001002000000000000000000000000000000000000000000000000000000000000000000000000000000000200000000000000000000000000000000000000",
	"root": null,
	"status": "0x1",
	"transactionHash": "0x883723e79cd63e1aef183f4e2b340c992e2d9a39e63b3fb87745b8950736f4ee",
	"transactionIndex": 43
}
[2018-04-25T23:07:56.515] [DEBUG] trans - TO:   0x3cb2c8437532ecb766160e8eba680512ccfedc40
[2018-04-25T23:07:56.515] [DEBUG] trans - AMOUNT:   963507600000000000000
[2018-04-25T23:07:56.515] [DEBUG] trans - Receipt info:  {
	"blockHash": "0x484110ef61010b1fa8618ce778bc8eb83f48d607c2051f736e1ded8ee19df5d4",
	"blockNumber": 5505547,
	"contractAddress": null,
	"cumulativeGasUsed": 2869432,
	"gasUsed": 51589,
	"logs": [
		{
			"address": "0x7e9e431a0B8c4D532C745B1043c7FA29a48D4fBa",
			"blockHash": "0x484110ef61010b1fa8618ce778bc8eb83f48d607c2051f736e1ded8ee19df5d4",
			"blockNumber": 5505547,
			"data": "0x0000000000000000000000000000000000000000000000343b5aa15165290000",
			"logIndex": 50,
			"topics": [
				"0xddf252ad1be2c89b69c2b068fc378daa952ba7f163c4a11628f55a4df523b3ef",
				"0x000000000000000000000000468b858c964f297fd8fce058032bf4b4911a8ad8",
				"0x0000000000000000000000003cb2c8437532ecb766160e8eba680512ccfedc40"
			],
			"transactionHash": "0x6a9961dc41947100b92c73247ba1538715ca84f20806c03d974c7ecf8c7f159e",
			"transactionIndex": 59,
			"transactionLogIndex": "0x0",
			"type": "mined",
			"id": "log_77cb87e9"
		}
	],
	"logsBloom": "0x00000000000000000000000000020000000000000000000000000000000000000000000000000000000000000000000000000000000000000000000200000000000000000000010000000008000000000000000000000000000000000020000000000000000000000000000000000000000000000000000000000010000000000000000400000008000000000000000000000000000000000000000000000000000000000000000080000000000000000000000000000000000000010000000000001002000000000000000000000000000000000000000000000000000000000000000000000000000000000000000000000000000000000000000000000000",
	"root": null,
	"status": "0x1",
	"transactionHash": "0x6a9961dc41947100b92c73247ba1538715ca84f20806c03d974c7ecf8c7f159e",
	"transactionIndex": 59
}
[2018-04-25T23:07:56.516] [DEBUG] trans - TO:   0x79b1bf33e06b73b242ee14640d18a03b299bdb22
[2018-04-25T23:07:56.516] [DEBUG] trans - AMOUNT:   963621400000000000000
[2018-04-25T23:07:56.517] [DEBUG] trans - Receipt info:  {
	"blockHash": "0x484110ef61010b1fa8618ce778bc8eb83f48d607c2051f736e1ded8ee19df5d4",
	"blockNumber": 5505547,
	"contractAddress": null,
	"cumulativeGasUsed": 2714665,
	"gasUsed": 51653,
	"logs": [
		{
			"address": "0x7e9e431a0B8c4D532C745B1043c7FA29a48D4fBa",
			"blockHash": "0x484110ef61010b1fa8618ce778bc8eb83f48d607c2051f736e1ded8ee19df5d4",
			"blockNumber": 5505547,
			"data": "0x0000000000000000000000000000000000000000000000343ceeedd0a4998000",
			"logIndex": 47,
			"topics": [
				"0xddf252ad1be2c89b69c2b068fc378daa952ba7f163c4a11628f55a4df523b3ef",
				"0x000000000000000000000000468b858c964f297fd8fce058032bf4b4911a8ad8",
				"0x00000000000000000000000079b1bf33e06b73b242ee14640d18a03b299bdb22"
			],
			"transactionHash": "0xc6c7d060b935f3be69d22ab85796e37b8757d6d7c202a87568f142240bd6ca51",
			"transactionIndex": 56,
			"transactionLogIndex": "0x0",
			"type": "mined",
			"id": "log_21ba6a87"
		}
	],
	"logsBloom": "0x00000000000000000000000000020000000000000000000000000000000000000010000000000000000000000000000000000000000000000000000000000000000000000000010000000008000000000000040000000000000000000020000000000000000000000000000000000000000000200000000000000010000000000000000000000000000000000000000000000000000000000000000000000000000000000000000080000000000000000000000000000000000000010000000000001002000000000000000000000000000000000000000000000000000000000000000000000000000000000000000000000000000000000000000000000000",
	"root": null,
	"status": "0x1",
	"transactionHash": "0xc6c7d060b935f3be69d22ab85796e37b8757d6d7c202a87568f142240bd6ca51",
	"transactionIndex": 56
}
[2018-04-25T23:07:56.517] [DEBUG] trans - TO:   0x8deb8c9989201761eac68e54934c5bdae4eeecf3
[2018-04-25T23:07:56.517] [DEBUG] trans - AMOUNT:   963600000000000000000
[2018-04-25T23:07:56.517] [DEBUG] trans - Receipt info:  {
	"blockHash": "0x484110ef61010b1fa8618ce778bc8eb83f48d607c2051f736e1ded8ee19df5d4",
	"blockNumber": 5505547,
	"contractAddress": null,
	"cumulativeGasUsed": 2766254,
	"gasUsed": 51589,
	"logs": [
		{
			"address": "0x7e9e431a0B8c4D532C745B1043c7FA29a48D4fBa",
			"blockHash": "0x484110ef61010b1fa8618ce778bc8eb83f48d607c2051f736e1ded8ee19df5d4",
			"blockNumber": 5505547,
			"data": "0x0000000000000000000000000000000000000000000000343ca2e6a0de680000",
			"logIndex": 48,
			"topics": [
				"0xddf252ad1be2c89b69c2b068fc378daa952ba7f163c4a11628f55a4df523b3ef",
				"0x000000000000000000000000468b858c964f297fd8fce058032bf4b4911a8ad8",
				"0x0000000000000000000000008deb8c9989201761eac68e54934c5bdae4eeecf3"
			],
			"transactionHash": "0x3bace49622abd61c71cf1df6b9945b988db3c64ced7c7e0c4afc7bdcc00ba08d",
			"transactionIndex": 57,
			"transactionLogIndex": "0x0",
			"type": "mined",
			"id": "log_0ecc0e34"
		}
	],
	"logsBloom": "0x00000000000000000000000000020000000000000000000000000000000000040000000000000000000000000000000000000000000000000000000000000000000000000000010000000008000000000400000000000000000000000020000000000000000000000000000000000000000000000000000000000010000000000000000000000000000000000000000000000000000000000000000000000000000000000000000080000000000000000000000000000000000200010000000000001002000000000000000000000000000000000000000000000000000000000000000000000000000000000000000000000000000000000000000000000000",
	"root": null,
	"status": "0x1",
	"transactionHash": "0x3bace49622abd61c71cf1df6b9945b988db3c64ced7c7e0c4afc7bdcc00ba08d",
	"transactionIndex": 57
}
[2018-04-25T23:07:56.517] [DEBUG] trans - TO:   0xd03b1cd2b5fe1d56042c00422be7974cd3b6795d
[2018-04-25T23:07:56.517] [DEBUG] trans - AMOUNT:   963621900000000000000
[2018-04-25T23:07:56.517] [DEBUG] trans - Receipt info:  {
	"blockHash": "0x484110ef61010b1fa8618ce778bc8eb83f48d607c2051f736e1ded8ee19df5d4",
	"blockNumber": 5505547,
	"contractAddress": null,
	"cumulativeGasUsed": 2663012,
	"gasUsed": 51589,
	"logs": [
		{
			"address": "0x7e9e431a0B8c4D532C745B1043c7FA29a48D4fBa",
			"blockHash": "0x484110ef61010b1fa8618ce778bc8eb83f48d607c2051f736e1ded8ee19df5d4",
			"blockNumber": 5505547,
			"data": "0x0000000000000000000000000000000000000000000000343cf0b48ff6fcc000",
			"logIndex": 46,
			"topics": [
				"0xddf252ad1be2c89b69c2b068fc378daa952ba7f163c4a11628f55a4df523b3ef",
				"0x000000000000000000000000468b858c964f297fd8fce058032bf4b4911a8ad8",
				"0x000000000000000000000000d03b1cd2b5fe1d56042c00422be7974cd3b6795d"
			],
			"transactionHash": "0x9abf472dd66f63a582d840fa73b9beaed35a97f7836b8cd8fd3b3207ca8da8b1",
			"transactionIndex": 55,
			"transactionLogIndex": "0x0",
			"type": "mined",
			"id": "log_64bdb774"
		}
	],
	"logsBloom": "0x00000000000000000000000000020000000000000000000000000000000000000000000000000000000000000000000000000000000000000000000000000000000000000000010000000008000000000000000000000000000000000020000000000000000000000000000000000000000000000000000000000010000000000000000000000000200000000000000000000000000000000000000000000000000000000000000080000000000000000000000000000000000000010000000000001002000000000000000000000000000000000000000000000000200000000000000000000000000000000000000000000000000000000000000080000000",
	"root": null,
	"status": "0x1",
	"transactionHash": "0x9abf472dd66f63a582d840fa73b9beaed35a97f7836b8cd8fd3b3207ca8da8b1",
	"transactionIndex": 55
}
