[2018-04-25T11:41:03.556] [DEBUG] trans - TO:   0x397d34604f2b2227f4fb0bfec2e48d4e85c5aa67
[2018-04-25T11:41:03.557] [DEBUG] trans - AMOUNT:   687281200000000000000
[2018-04-25T11:41:03.557] [DEBUG] trans - Receipt info:  {
	"blockHash": "0x9953e8bd74124896f4341030ffd7608ec1dd120528cdac26d6b778441ef68ccb",
	"blockNumber": 5502810,
	"contractAddress": null,
	"cumulativeGasUsed": 5746842,
	"gasUsed": 51589,
	"logs": [
		{
			"address": "0x7e9e431a0B8c4D532C745B1043c7FA29a48D4fBa",
			"blockHash": "0x9953e8bd74124896f4341030ffd7608ec1dd120528cdac26d6b778441ef68ccb",
			"blockNumber": 5502810,
			"data": "0x00000000000000000000000000000000000000000000002541f1520734330000",
			"logIndex": 87,
			"topics": [
				"0xddf252ad1be2c89b69c2b068fc378daa952ba7f163c4a11628f55a4df523b3ef",
				"0x000000000000000000000000468b858c964f297fd8fce058032bf4b4911a8ad8",
				"0x000000000000000000000000397d34604f2b2227f4fb0bfec2e48d4e85c5aa67"
			],
			"transactionHash": "0x822139cda28778fcf3499427cd2441c9cfa3624bf7f81298418376ecac01a00a",
			"transactionIndex": 150,
			"transactionLogIndex": "0x0",
			"type": "mined",
			"id": "log_65275196"
		}
	],
	"logsBloom": "0x00000000000000000000000000020000000000000000000000000000000000000000000000000000000000000000000000000000000000000000000080000000000000000000010000000008000000000000000000000000000000000020000000000000000000000000000000000000800000000000000000000010000000000000000000000000000000000000000000000000000000000000000000000000000000000001000080000000000000000000000000000000000000010000000000001002000000000000000000000000000000000000000000000000000000000000000000000000000000000000000000000000000000000000000000000000",
	"root": null,
	"status": "0x1",
	"transactionHash": "0x822139cda28778fcf3499427cd2441c9cfa3624bf7f81298418376ecac01a00a",
	"transactionIndex": 150
}
[2018-04-25T11:41:03.559] [DEBUG] trans - TO:   0x0f7be29adb21ec2526cc2297439d43bf3e153c23
[2018-04-25T11:41:03.559] [DEBUG] trans - AMOUNT:   687607300000000000000
[2018-04-25T11:41:03.559] [DEBUG] trans - Receipt info:  {
	"blockHash": "0x9953e8bd74124896f4341030ffd7608ec1dd120528cdac26d6b778441ef68ccb",
	"blockNumber": 5502810,
	"contractAddress": null,
	"cumulativeGasUsed": 5592011,
	"gasUsed": 51653,
	"logs": [
		{
			"address": "0x7e9e431a0B8c4D532C745B1043c7FA29a48D4fBa",
			"blockHash": "0x9953e8bd74124896f4341030ffd7608ec1dd120528cdac26d6b778441ef68ccb",
			"blockNumber": 5502810,
			"data": "0x0000000000000000000000000000000000000000000000254677dc4019744000",
			"logIndex": 84,
			"topics": [
				"0xddf252ad1be2c89b69c2b068fc378daa952ba7f163c4a11628f55a4df523b3ef",
				"0x000000000000000000000000468b858c964f297fd8fce058032bf4b4911a8ad8",
				"0x0000000000000000000000000f7be29adb21ec2526cc2297439d43bf3e153c23"
			],
			"transactionHash": "0x4427929eb83b999258e16ef0ca552f8bdfc164ac149d0b3151ed583987a42aa6",
			"transactionIndex": 147,
			"transactionLogIndex": "0x0",
			"type": "mined",
			"id": "log_70cb5797"
		}
	],
	"logsBloom": "0x00000000000000000000000000020000000000000000000000000000000000000000000000000000000000000000000000000000000000000000000000000000000000000000010000000008000000000000000000000000000000000020000000000000000000000000000000000000000000000000000000000010000000000000000000000000000000000000000000000000000000000000000000000000000000000000000080000000000000010000000000000000000000010000000000001002000000000000000000000020000000000000004000000000000000000000000000000000000000000000000000000000000000000000000000000000",
	"root": null,
	"status": "0x1",
	"transactionHash": "0x4427929eb83b999258e16ef0ca552f8bdfc164ac149d0b3151ed583987a42aa6",
	"transactionIndex": 147
}
[2018-04-25T11:41:03.559] [DEBUG] trans - TO:   0x2261cf0839f711966f15e38b2300bdc3ac98f006
[2018-04-25T11:41:03.559] [DEBUG] trans - AMOUNT:   687163100000000000000
[2018-04-25T11:41:03.559] [DEBUG] trans - Receipt info:  {
	"blockHash": "0x9953e8bd74124896f4341030ffd7608ec1dd120528cdac26d6b778441ef68ccb",
	"blockNumber": 5502810,
	"contractAddress": null,
	"cumulativeGasUsed": 5783431,
	"gasUsed": 36589,
	"logs": [
		{
			"address": "0x7e9e431a0B8c4D532C745B1043c7FA29a48D4fBa",
			"blockHash": "0x9953e8bd74124896f4341030ffd7608ec1dd120528cdac26d6b778441ef68ccb",
			"blockNumber": 5502810,
			"data": "0x000000000000000000000000000000000000000000000025404dbeb43039c000",
			"logIndex": 88,
			"topics": [
				"0xddf252ad1be2c89b69c2b068fc378daa952ba7f163c4a11628f55a4df523b3ef",
				"0x000000000000000000000000468b858c964f297fd8fce058032bf4b4911a8ad8",
				"0x0000000000000000000000002261cf0839f711966f15e38b2300bdc3ac98f006"
			],
			"transactionHash": "0x6eec0667feb4095e2c20b3c6d77e43b64a3d54282eb70cc8a65e962fcb6d652e",
			"transactionIndex": 151,
			"transactionLogIndex": "0x0",
			"type": "mined",
			"id": "log_a85b45d9"
		}
	],
	"logsBloom": "0x00000000000000000000000000020000000000000000000000000000000000000000000000000000004000000000000000000000000000000000000000000000000000000000010000000008000000008000000000000000000000000020000000000000000000000000000000000000000000000000000000000010000000000002000000000000000000000000000000000000000000000000000000000000000000000000000080000000000000000000000000000000000000010000000000001002000000000000000000000000000000000000000000000000000000000000000000000000000000000000000000000000000000000000000000000000",
	"root": null,
	"status": "0x1",
	"transactionHash": "0x6eec0667feb4095e2c20b3c6d77e43b64a3d54282eb70cc8a65e962fcb6d652e",
	"transactionIndex": 151
}
[2018-04-25T11:41:03.559] [DEBUG] trans - TO:   0xd70dcbc386697f671a792f34c474b27856dc27cd
[2018-04-25T11:41:03.559] [DEBUG] trans - AMOUNT:   687376500000000000000
[2018-04-25T11:41:03.559] [DEBUG] trans - Receipt info:  {
	"blockHash": "0x9953e8bd74124896f4341030ffd7608ec1dd120528cdac26d6b778441ef68ccb",
	"blockNumber": 5502810,
	"contractAddress": null,
	"cumulativeGasUsed": 5643664,
	"gasUsed": 51653,
	"logs": [
		{
			"address": "0x7e9e431a0B8c4D532C745B1043c7FA29a48D4fBa",
			"blockHash": "0x9953e8bd74124896f4341030ffd7608ec1dd120528cdac26d6b778441ef68ccb",
			"blockNumber": 5502810,
			"data": "0x0000000000000000000000000000000000000000000000254343e4df8b4b4000",
			"logIndex": 85,
			"topics": [
				"0xddf252ad1be2c89b69c2b068fc378daa952ba7f163c4a11628f55a4df523b3ef",
				"0x000000000000000000000000468b858c964f297fd8fce058032bf4b4911a8ad8",
				"0x000000000000000000000000d70dcbc386697f671a792f34c474b27856dc27cd"
			],
			"transactionHash": "0xce44460ec422cedce2573897da34ca9bf91b598951124cee48d378f05ab4128a",
			"transactionIndex": 148,
			"transactionLogIndex": "0x0",
			"type": "mined",
			"id": "log_e832ea0c"
		}
	],
	"logsBloom": "0x00000000000000000000000000020000000000000000000000000000000000000000000000000000000000000000000000000000000000000000000040000000000000000000010000000008000000000000000000000000000000000020000000000000000000000000000000000000000400000000000000000010000000000000000000000000000000000000000000000000000000000000000000000000000000000000000080000000000000000000000000000000000000010000000000001002000000000000000000000000000000000000000000000000000000000000004000000000000000000000000000000000000000000000000000000000",
	"root": null,
	"status": "0x1",
	"transactionHash": "0xce44460ec422cedce2573897da34ca9bf91b598951124cee48d378f05ab4128a",
	"transactionIndex": 148
}
[2018-04-25T11:41:03.560] [DEBUG] trans - TO:   0x14f9724ff48ee0269c2ab38486832a6b297c154f
[2018-04-25T11:41:03.560] [DEBUG] trans - AMOUNT:   687350000000000000000
[2018-04-25T11:41:03.560] [DEBUG] trans - Receipt info:  {
	"blockHash": "0x9953e8bd74124896f4341030ffd7608ec1dd120528cdac26d6b778441ef68ccb",
	"blockNumber": 5502810,
	"contractAddress": null,
	"cumulativeGasUsed": 5695253,
	"gasUsed": 51589,
	"logs": [
		{
			"address": "0x7e9e431a0B8c4D532C745B1043c7FA29a48D4fBa",
			"blockHash": "0x9953e8bd74124896f4341030ffd7608ec1dd120528cdac26d6b778441ef68ccb",
			"blockNumber": 5502810,
			"data": "0x00000000000000000000000000000000000000000000002542e5bf437cbf0000",
			"logIndex": 86,
			"topics": [
				"0xddf252ad1be2c89b69c2b068fc378daa952ba7f163c4a11628f55a4df523b3ef",
				"0x000000000000000000000000468b858c964f297fd8fce058032bf4b4911a8ad8",
				"0x00000000000000000000000014f9724ff48ee0269c2ab38486832a6b297c154f"
			],
			"transactionHash": "0x1b721a263d92d44d0a6fe15652c277eee89dfec405b789961575a906f7d09d6e",
			"transactionIndex": 149,
			"transactionLogIndex": "0x0",
			"type": "mined",
			"id": "log_8713b971"
		}
	],
	"logsBloom": "0x00000000000000000000000000020000000020000000000000000000000000000000000000000000000000000000000000000000000000000000000000000000000000000000010000000008008000000000000000000000000000000020000000000000000000000000000000000000000000000000000000000010000000000000000000000000000000000000000000000000000000000000000000000000000000000000000080000000000000000000000000000000000000010000000000001002000000000000000000000000000000000000000000000000000000000000000000008000000000000000000000000000000000000000000000000000",
	"root": null,
	"status": "0x1",
	"transactionHash": "0x1b721a263d92d44d0a6fe15652c277eee89dfec405b789961575a906f7d09d6e",
	"transactionIndex": 149
}
[2018-04-25T11:41:03.561] [DEBUG] trans - TO:   0x266f64610ccfc9c4be25be39aa4da65a82859251
[2018-04-25T11:41:03.561] [DEBUG] trans - AMOUNT:   687011000000000000000
[2018-04-25T11:41:03.561] [DEBUG] trans - Receipt info:  {
	"blockHash": "0x9953e8bd74124896f4341030ffd7608ec1dd120528cdac26d6b778441ef68ccb",
	"blockNumber": 5502810,
	"contractAddress": null,
	"cumulativeGasUsed": 5886737,
	"gasUsed": 51653,
	"logs": [
		{
			"address": "0x7e9e431a0B8c4D532C745B1043c7FA29a48D4fBa",
			"blockHash": "0x9953e8bd74124896f4341030ffd7608ec1dd120528cdac26d6b778441ef68ccb",
			"blockNumber": 5502810,
			"data": "0x0000000000000000000000000000000000000000000000253e31608f49e38000",
			"logIndex": 90,
			"topics": [
				"0xddf252ad1be2c89b69c2b068fc378daa952ba7f163c4a11628f55a4df523b3ef",
				"0x000000000000000000000000468b858c964f297fd8fce058032bf4b4911a8ad8",
				"0x000000000000000000000000266f64610ccfc9c4be25be39aa4da65a82859251"
			],
			"transactionHash": "0x04e40497c8e5e5d7b2755ab8748096681551b547d6e5028b0f374e840c32ce98",
			"transactionIndex": 153,
			"transactionLogIndex": "0x0",
			"type": "mined",
			"id": "log_5ac81a19"
		}
	],
	"logsBloom": "0x00000000000000000000000000020000000000000000000000000000000000000000000000000000000000000000000000000000000000000000000000000000000000000000010000000008000000000000000000000000000000000020000000000000000000000000000000000000000000000000001001000010000000000000000000000000000000000000000000100000000000000000000000000000000000000000000080000000000000000000000000000000000000010000000000001002000000000000000000000000000000000000000000000000000000000000000000000000000000000000000000000000000000000000000000000000",
	"root": null,
	"status": "0x1",
	"transactionHash": "0x04e40497c8e5e5d7b2755ab8748096681551b547d6e5028b0f374e840c32ce98",
	"transactionIndex": 153
}
[2018-04-25T11:41:03.562] [DEBUG] trans - TO:   0xa88ad90e44a13282b6de41b4d0cc9f4ad07ddb0c
[2018-04-25T11:41:03.562] [DEBUG] trans - AMOUNT:   687030500000000000000
[2018-04-25T11:41:03.562] [DEBUG] trans - Receipt info:  {
	"blockHash": "0x9953e8bd74124896f4341030ffd7608ec1dd120528cdac26d6b778441ef68ccb",
	"blockNumber": 5502810,
	"contractAddress": null,
	"cumulativeGasUsed": 5835084,
	"gasUsed": 51653,
	"logs": [
		{
			"address": "0x7e9e431a0B8c4D532C745B1043c7FA29a48D4fBa",
			"blockHash": "0x9953e8bd74124896f4341030ffd7608ec1dd120528cdac26d6b778441ef68ccb",
			"blockNumber": 5502810,
			"data": "0x0000000000000000000000000000000000000000000000253e76a7b4d7024000",
			"logIndex": 89,
			"topics": [
				"0xddf252ad1be2c89b69c2b068fc378daa952ba7f163c4a11628f55a4df523b3ef",
				"0x000000000000000000000000468b858c964f297fd8fce058032bf4b4911a8ad8",
				"0x000000000000000000000000a88ad90e44a13282b6de41b4d0cc9f4ad07ddb0c"
			],
			"transactionHash": "0xbf4529e127aaa515424dc2552d9feeffbacb2a4709dc8d2d2c49d3f96994c509",
			"transactionIndex": 152,
			"transactionLogIndex": "0x0",
			"type": "mined",
			"id": "log_dc48bd37"
		}
	],
	"logsBloom": "0x00000000000000000000000000020000000000000000000000000000000000000000000000000000000000000000000000000000000000000000000000000000000000000000010000000008000000000000000000000000000000000020000000000000000000808000000000000000000000000000000000000010000000000000000000000000000000000000000000000000000000000000000000000000000000000000000080000000000000000000000000000000000000010000000001001002000000000000000000000000000000000000000000000000000000000000000000000000000000000000000000000000000000000000000000000000",
	"root": null,
	"status": "0x1",
	"transactionHash": "0xbf4529e127aaa515424dc2552d9feeffbacb2a4709dc8d2d2c49d3f96994c509",
	"transactionIndex": 152
}
[2018-04-25T11:41:03.562] [DEBUG] trans - TO:   0x0d8eef959317c67c4be699099c72b4d69ed1f8b0
[2018-04-25T11:41:03.562] [DEBUG] trans - AMOUNT:   686985700000000000000
[2018-04-25T11:41:03.562] [DEBUG] trans - Receipt info:  {
	"blockHash": "0x9953e8bd74124896f4341030ffd7608ec1dd120528cdac26d6b778441ef68ccb",
	"blockNumber": 5502810,
	"contractAddress": null,
	"cumulativeGasUsed": 5938390,
	"gasUsed": 51653,
	"logs": [
		{
			"address": "0x7e9e431a0B8c4D532C745B1043c7FA29a48D4fBa",
			"blockHash": "0x9953e8bd74124896f4341030ffd7608ec1dd120528cdac26d6b778441ef68ccb",
			"blockNumber": 5502810,
			"data": "0x0000000000000000000000000000000000000000000000253dd77e5801124000",
			"logIndex": 91,
			"topics": [
				"0xddf252ad1be2c89b69c2b068fc378daa952ba7f163c4a11628f55a4df523b3ef",
				"0x000000000000000000000000468b858c964f297fd8fce058032bf4b4911a8ad8",
				"0x0000000000000000000000000d8eef959317c67c4be699099c72b4d69ed1f8b0"
			],
			"transactionHash": "0x35b9ace181616d0d6fc7dc66ea1b0f1cfa19f36e1ca4c5274df7ee76cdf5ba77",
			"transactionIndex": 154,
			"transactionLogIndex": "0x0",
			"type": "mined",
			"id": "log_241f8d0d"
		}
	],
	"logsBloom": "0x00000000000000000000000000020000000000000000000000000000000000000000004000000000000000000000000000000000000000000000000000000000000000000000010000100008000000000000000000000000000000000020000000000000000000000000000000000000000000000000000000000010000000000000000000000000000000000000000000000000000000000000000000000000000000000000000080000000000000000000000000000000000000010000000000001002000000000000000000000000000000000000000000000000000000000000000000000000000000000001000000000000000000000000000000000000",
	"root": null,
	"status": "0x1",
	"transactionHash": "0x35b9ace181616d0d6fc7dc66ea1b0f1cfa19f36e1ca4c5274df7ee76cdf5ba77",
	"transactionIndex": 154
}
[2018-04-25T11:41:03.562] [DEBUG] trans - TO:   0xd0890260479d91d7eaba2761b4f322d207f9a3e0
[2018-04-25T11:41:03.562] [DEBUG] trans - AMOUNT:   686957200000000000000
[2018-04-25T11:41:03.562] [DEBUG] trans - Receipt info:  {
	"blockHash": "0x9953e8bd74124896f4341030ffd7608ec1dd120528cdac26d6b778441ef68ccb",
	"blockNumber": 5502810,
	"contractAddress": null,
	"cumulativeGasUsed": 5989979,
	"gasUsed": 51589,
	"logs": [
		{
			"address": "0x7e9e431a0B8c4D532C745B1043c7FA29a48D4fBa",
			"blockHash": "0x9953e8bd74124896f4341030ffd7608ec1dd120528cdac26d6b778441ef68ccb",
			"blockNumber": 5502810,
			"data": "0x0000000000000000000000000000000000000000000000253d723dbea8f90000",
			"logIndex": 92,
			"topics": [
				"0xddf252ad1be2c89b69c2b068fc378daa952ba7f163c4a11628f55a4df523b3ef",
				"0x000000000000000000000000468b858c964f297fd8fce058032bf4b4911a8ad8",
				"0x000000000000000000000000d0890260479d91d7eaba2761b4f322d207f9a3e0"
			],
			"transactionHash": "0xe48e358f92d35bae3d09388fcd7829281c11fa8f8c2494075cb4bab5b32af2c2",
			"transactionIndex": 155,
			"transactionLogIndex": "0x0",
			"type": "mined",
			"id": "log_78f4c8c3"
		}
	],
	"logsBloom": "0x00000000000000000000000000020000000000000000000000000000000000000000000000000000000000000000000000000000400000000000000000000000000000000000010000000008000000000000000000000000000000000060000000000000000000000000000000000000000000000000000000000010000000000000000000000000000000000000000000000000000000000000000000000000000000000000000080000000000000000000000000000000000000010000000000001002000000000000000000000000000000000000000000000000000000000000000008000000000000000000000000000000000000000000000000000000",
	"root": null,
	"status": "0x1",
	"transactionHash": "0xe48e358f92d35bae3d09388fcd7829281c11fa8f8c2494075cb4bab5b32af2c2",
	"transactionIndex": 155
}
[2018-04-25T11:41:03.565] [DEBUG] trans - TO:   0x1b3365be0a85e81d57d113ca972b722eb37f1902
[2018-04-25T11:41:03.565] [DEBUG] trans - AMOUNT:   686934600000000000000
[2018-04-25T11:41:03.565] [DEBUG] trans - Receipt info:  {
	"blockHash": "0x9953e8bd74124896f4341030ffd7608ec1dd120528cdac26d6b778441ef68ccb",
	"blockNumber": 5502810,
	"contractAddress": null,
	"cumulativeGasUsed": 6041632,
	"gasUsed": 51653,
	"logs": [
		{
			"address": "0x7e9e431a0B8c4D532C745B1043c7FA29a48D4fBa",
			"blockHash": "0x9953e8bd74124896f4341030ffd7608ec1dd120528cdac26d6b778441ef68ccb",
			"blockNumber": 5502810,
			"data": "0x0000000000000000000000000000000000000000000000253d21f32a1d0c8000",
			"logIndex": 93,
			"topics": [
				"0xddf252ad1be2c89b69c2b068fc378daa952ba7f163c4a11628f55a4df523b3ef",
				"0x000000000000000000000000468b858c964f297fd8fce058032bf4b4911a8ad8",
				"0x0000000000000000000000001b3365be0a85e81d57d113ca972b722eb37f1902"
			],
			"transactionHash": "0x0403b6e3e1410f3992063f1414eb4a8329ae56a156ef225e4ec888d810e19acf",
			"transactionIndex": 156,
			"transactionLogIndex": "0x0",
			"type": "mined",
			"id": "log_c04a8461"
		}
	],
	"logsBloom": "0x00000000000000000000000000020000000000000000000000000000000000000000000000000000000000000000000000000000000000000000000000008000000000000000010100000008000000000000000000000000000000000020200000000000000000000000000000000000000000000000000000000010000000000000000000000000000000000000000000000000000000000000000000000000000000000000000080000000000000000000000000000000000000010000000000001002000000000000000000000000000000000000000000000000000000000000000000000000000000000000000000000000000000000000000000000000",
	"root": null,
	"status": "0x1",
	"transactionHash": "0x0403b6e3e1410f3992063f1414eb4a8329ae56a156ef225e4ec888d810e19acf",
	"transactionIndex": 156
}
[2018-04-25T11:41:03.567] [DEBUG] trans - TO:   0x5b0d57025cb3e98ef424b81328a699151e3f773a
[2018-04-25T11:41:03.567] [DEBUG] trans - AMOUNT:   686800300000000000000
[2018-04-25T11:41:03.567] [DEBUG] trans - Receipt info:  {
	"blockHash": "0x9953e8bd74124896f4341030ffd7608ec1dd120528cdac26d6b778441ef68ccb",
	"blockNumber": 5502810,
	"contractAddress": null,
	"cumulativeGasUsed": 6093285,
	"gasUsed": 51653,
	"logs": [
		{
			"address": "0x7e9e431a0B8c4D532C745B1043c7FA29a48D4fBa",
			"blockHash": "0x9953e8bd74124896f4341030ffd7608ec1dd120528cdac26d6b778441ef68ccb",
			"blockNumber": 5502810,
			"data": "0x0000000000000000000000000000000000000000000000253b44d206abb6c000",
			"logIndex": 94,
			"topics": [
				"0xddf252ad1be2c89b69c2b068fc378daa952ba7f163c4a11628f55a4df523b3ef",
				"0x000000000000000000000000468b858c964f297fd8fce058032bf4b4911a8ad8",
				"0x0000000000000000000000005b0d57025cb3e98ef424b81328a699151e3f773a"
			],
			"transactionHash": "0x10e4fc38812f99714d7e5ef399ef28059daeafd5c3d01ab71631f2d3db57dfb5",
			"transactionIndex": 157,
			"transactionLogIndex": "0x0",
			"type": "mined",
			"id": "log_072dd154"
		}
	],
	"logsBloom": "0x00000000000000000000000000020000000080000000000000000000000000000000000000000000000000000000000000000000000000000000000000000000000000000000010000000008000000000000000000000000000000000020000000000000000000000000000000000000000000000000000000000010000000000000010000000000000000000000000000000000000000000000000000000000000000000040000080000000000000000000000000000000000000010000000000001002000000000000000000000000000000000000000000000000000000000000000000000000000000000000000000000000000000000000000000000000",
	"root": null,
	"status": "0x1",
	"transactionHash": "0x10e4fc38812f99714d7e5ef399ef28059daeafd5c3d01ab71631f2d3db57dfb5",
	"transactionIndex": 157
}
[2018-04-25T11:41:03.568] [DEBUG] trans - TO:   0xbcf94a5ce05260b6903069b029868bcff67d8930
[2018-04-25T11:41:03.568] [DEBUG] trans - AMOUNT:   686703500000000000000
[2018-04-25T11:41:03.568] [DEBUG] trans - Receipt info:  {
	"blockHash": "0x9953e8bd74124896f4341030ffd7608ec1dd120528cdac26d6b778441ef68ccb",
	"blockNumber": 5502810,
	"contractAddress": null,
	"cumulativeGasUsed": 6196463,
	"gasUsed": 51653,
	"logs": [
		{
			"address": "0x7e9e431a0B8c4D532C745B1043c7FA29a48D4fBa",
			"blockHash": "0x9953e8bd74124896f4341030ffd7608ec1dd120528cdac26d6b778441ef68ccb",
			"blockNumber": 5502810,
			"data": "0x00000000000000000000000000000000000000000000002539eceaf05d74c000",
			"logIndex": 96,
			"topics": [
				"0xddf252ad1be2c89b69c2b068fc378daa952ba7f163c4a11628f55a4df523b3ef",
				"0x000000000000000000000000468b858c964f297fd8fce058032bf4b4911a8ad8",
				"0x000000000000000000000000bcf94a5ce05260b6903069b029868bcff67d8930"
			],
			"transactionHash": "0x1b55d8baa8baa6db9eaf8bf2e7610a11010c7a2f41b90d680b0813412a79d6fc",
			"transactionIndex": 159,
			"transactionLogIndex": "0x0",
			"type": "mined",
			"id": "log_0a401e2f"
		}
	],
	"logsBloom": "0x00000000000000000000000000020000000000000000000000000000000000000000000000000000000000000000000000000000000002000000000000000000000000000000010000000008000000000000000000000000000000000020000000000000000000000000000000000000000000000000000000000010000000000000000000000000000000000000000000000000000000000000000240000000000000000000000080000000000000000000000000000000000000010000000000001002000000000000000000000000000000000000000000000000000000000000000000000000000000000000000000000000000000000000000000000000",
	"root": null,
	"status": "0x1",
	"transactionHash": "0x1b55d8baa8baa6db9eaf8bf2e7610a11010c7a2f41b90d680b0813412a79d6fc",
	"transactionIndex": 159
}
[2018-04-25T11:41:03.569] [DEBUG] trans - TO:   0x23f3e78cc3174ee1f2ca459c0f5bfe4393241986
[2018-04-25T11:41:03.569] [DEBUG] trans - AMOUNT:   686385700000000000000
[2018-04-25T11:41:03.569] [DEBUG] trans - Receipt info:  {
	"blockHash": "0x9953e8bd74124896f4341030ffd7608ec1dd120528cdac26d6b778441ef68ccb",
	"blockNumber": 5502810,
	"contractAddress": null,
	"cumulativeGasUsed": 6351422,
	"gasUsed": 51653,
	"logs": [
		{
			"address": "0x7e9e431a0B8c4D532C745B1043c7FA29a48D4fBa",
			"blockHash": "0x9953e8bd74124896f4341030ffd7608ec1dd120528cdac26d6b778441ef68ccb",
			"blockNumber": 5502810,
			"data": "0x0000000000000000000000000000000000000000000000253583dd85cfd64000",
			"logIndex": 99,
			"topics": [
				"0xddf252ad1be2c89b69c2b068fc378daa952ba7f163c4a11628f55a4df523b3ef",
				"0x000000000000000000000000468b858c964f297fd8fce058032bf4b4911a8ad8",
				"0x00000000000000000000000023f3e78cc3174ee1f2ca459c0f5bfe4393241986"
			],
			"transactionHash": "0x757928f657154611fc6f3d530750e5ccc1aa8183eac7cfaf1700301e03e82f9b",
			"transactionIndex": 162,
			"transactionLogIndex": "0x0",
			"type": "mined",
			"id": "log_7fcbb3a5"
		}
	],
	"logsBloom": "0x00000400000000000000000000020000000000000000000000000000000000000000000000000000000000000000000000000000000000000000000000000000000000000000010000000008000000000000000000000000000000000020000000000000002000000000000000000000000000000000000000000010000000000000000000000000000000000000000000000000000000000800000000000000000000000000000080000000000000000000000000000000000000010000000000001002000000000000000000000000000000000000000000000000000000000000000000000000000000000000000000000000000000000000000000000000",
	"root": null,
	"status": "0x1",
	"transactionHash": "0x757928f657154611fc6f3d530750e5ccc1aa8183eac7cfaf1700301e03e82f9b",
	"transactionIndex": 162
}
[2018-04-25T11:41:03.569] [DEBUG] trans - TO:   0xab683efa29880be7831eb7828370f438e195a9d1
[2018-04-25T11:41:03.569] [DEBUG] trans - AMOUNT:   686583400000000000000
[2018-04-25T11:41:03.569] [DEBUG] trans - Receipt info:  {
	"blockHash": "0x9953e8bd74124896f4341030ffd7608ec1dd120528cdac26d6b778441ef68ccb",
	"blockNumber": 5502810,
	"contractAddress": null,
	"cumulativeGasUsed": 6299769,
	"gasUsed": 51653,
	"logs": [
		{
			"address": "0x7e9e431a0B8c4D532C745B1043c7FA29a48D4fBa",
			"blockHash": "0x9953e8bd74124896f4341030ffd7608ec1dd120528cdac26d6b778441ef68ccb",
			"blockNumber": 5502810,
			"data": "0x00000000000000000000000000000000000000000000002538423ca00fee8000",
			"logIndex": 98,
			"topics": [
				"0xddf252ad1be2c89b69c2b068fc378daa952ba7f163c4a11628f55a4df523b3ef",
				"0x000000000000000000000000468b858c964f297fd8fce058032bf4b4911a8ad8",
				"0x000000000000000000000000ab683efa29880be7831eb7828370f438e195a9d1"
			],
			"transactionHash": "0xebe6d2b9d6e61f86229c910c92e48d2ba8f4e1372c716140decb2aab2527c49b",
			"transactionIndex": 161,
			"transactionLogIndex": "0x0",
			"type": "mined",
			"id": "log_1a46391a"
		}
	],
	"logsBloom": "0x00000000000000000000000000020000000000000000000000000000000000000000000000000000000000000000000000000000000000000000000000000000000000000000010000000008000000000000000000000000000400000020000000000000000000000000000000000000000000000000000000000010000000000000000000000000000000000000000000000000000000000000000000000000000000000000000080000000000000000000000000000000000000010000000000001002000000000000000000000000000000000000000000000000000800000000000800000000000000000000000000000000000000000000000000000000",
	"root": null,
	"status": "0x1",
	"transactionHash": "0xebe6d2b9d6e61f86229c910c92e48d2ba8f4e1372c716140decb2aab2527c49b",
	"transactionIndex": 161
}
[2018-04-25T11:41:03.572] [DEBUG] trans - TO:   0xb9a4274c5adbb39accb28282005dbf204c930697
[2018-04-25T11:41:03.572] [DEBUG] trans - AMOUNT:   686774000000000000000
[2018-04-25T11:41:03.572] [DEBUG] trans - Receipt info:  {
	"blockHash": "0x9953e8bd74124896f4341030ffd7608ec1dd120528cdac26d6b778441ef68ccb",
	"blockNumber": 5502810,
	"contractAddress": null,
	"cumulativeGasUsed": 6144810,
	"gasUsed": 51525,
	"logs": [
		{
			"address": "0x7e9e431a0B8c4D532C745B1043c7FA29a48D4fBa",
			"blockHash": "0x9953e8bd74124896f4341030ffd7608ec1dd120528cdac26d6b778441ef68ccb",
			"blockNumber": 5502810,
			"data": "0x0000000000000000000000000000000000000000000000253ae76250be1f0000",
			"logIndex": 95,
			"topics": [
				"0xddf252ad1be2c89b69c2b068fc378daa952ba7f163c4a11628f55a4df523b3ef",
				"0x000000000000000000000000468b858c964f297fd8fce058032bf4b4911a8ad8",
				"0x000000000000000000000000b9a4274c5adbb39accb28282005dbf204c930697"
			],
			"transactionHash": "0xd1f8c6c3e2526e86a524343f952a4cc26d62ea02b835c1839ba44cfac033e65f",
			"transactionIndex": 158,
			"transactionLogIndex": "0x0",
			"type": "mined",
			"id": "log_948566fd"
		}
	],
	"logsBloom": "0x00000000000000000000000000020000000000000000000000000000000000000000000000000000000000000000000000000000000000000000000000000000000000000200010000000008000000000000000000000000000000000020000000000000000000000000000000000000000000000000000000000010000000000000000000000000000000000000000000000000000000000000000000000000000000000000800080000000000000000000000000004000000000010000000000001002000000000000000000000000000000000000000000000000000000000000000000000000000000000000000000000000000000000000000000000000",
	"root": null,
	"status": "0x1",
	"transactionHash": "0xd1f8c6c3e2526e86a524343f952a4cc26d62ea02b835c1839ba44cfac033e65f",
	"transactionIndex": 158
}
[2018-04-25T11:41:03.573] [DEBUG] trans - TO:   0xd38ea745596f749328e2505205ffab32e859c634
[2018-04-25T11:41:03.573] [DEBUG] trans - AMOUNT:   686683000000000000000
[2018-04-25T11:41:03.573] [DEBUG] trans - Receipt info:  {
	"blockHash": "0x9953e8bd74124896f4341030ffd7608ec1dd120528cdac26d6b778441ef68ccb",
	"blockNumber": 5502810,
	"contractAddress": null,
	"cumulativeGasUsed": 6248116,
	"gasUsed": 51653,
	"logs": [
		{
			"address": "0x7e9e431a0B8c4D532C745B1043c7FA29a48D4fBa",
			"blockHash": "0x9953e8bd74124896f4341030ffd7608ec1dd120528cdac26d6b778441ef68ccb",
			"blockNumber": 5502810,
			"data": "0x00000000000000000000000000000000000000000000002539a4164c2b8f8000",
			"logIndex": 97,
			"topics": [
				"0xddf252ad1be2c89b69c2b068fc378daa952ba7f163c4a11628f55a4df523b3ef",
				"0x000000000000000000000000468b858c964f297fd8fce058032bf4b4911a8ad8",
				"0x000000000000000000000000d38ea745596f749328e2505205ffab32e859c634"
			],
			"transactionHash": "0x73b8b8cca184e745252ab195d18f8950a006dd8600c4f0f603bd7353ba3dc0c1",
			"transactionIndex": 160,
			"transactionLogIndex": "0x0",
			"type": "mined",
			"id": "log_e1ad00a7"
		}
	],
	"logsBloom": "0x00000000000000000000000000020000000000000000000000000000000000000000000800000000000000000000000000000000000000000000000000000000000000000000010000000008400000000000000000000000000000000020000000000000000000000000000000000000000000000000000000000010000000000000000000000000000000000000010000000000000000000000000000000000000000000000000080000000000000000000000000000000000000010000000000001002000000000000000000000000000000000000000000000000000000000000000000000000000000000000000000000000000000000000000000000000",
	"root": null,
	"status": "0x1",
	"transactionHash": "0x73b8b8cca184e745252ab195d18f8950a006dd8600c4f0f603bd7353ba3dc0c1",
	"transactionIndex": 160
}
[2018-04-25T11:42:12.650] [DEBUG] trans - TO:   0x803b2e2f0d699d82c5f0bff31ca010f039d46e54
[2018-04-25T11:42:12.650] [DEBUG] trans - AMOUNT:   686304500000000000000
[2018-04-25T11:42:12.650] [DEBUG] trans - Receipt info:  {
	"blockHash": "0x7beead643b8ed37ea84e5bd42227932774c343e5764c8847cd80fa9c46b9f9d7",
	"blockNumber": 5502812,
	"contractAddress": null,
	"cumulativeGasUsed": 973793,
	"gasUsed": 51653,
	"logs": [
		{
			"address": "0x7e9e431a0B8c4D532C745B1043c7FA29a48D4fBa",
			"blockHash": "0x7beead643b8ed37ea84e5bd42227932774c343e5764c8847cd80fa9c46b9f9d7",
			"blockNumber": 5502812,
			"data": "0x0000000000000000000000000000000000000000000000253463628d8c134000",
			"logIndex": 11,
			"topics": [
				"0xddf252ad1be2c89b69c2b068fc378daa952ba7f163c4a11628f55a4df523b3ef",
				"0x000000000000000000000000468b858c964f297fd8fce058032bf4b4911a8ad8",
				"0x000000000000000000000000803b2e2f0d699d82c5f0bff31ca010f039d46e54"
			],
			"transactionHash": "0x975f6e7e37517663292ac8339515a5b2f5a00521cea838e1ffea452093cdae03",
			"transactionIndex": 18,
			"transactionLogIndex": "0x0",
			"type": "mined",
			"id": "log_1a91fe3d"
		}
	],
	"logsBloom": "0x00000000000000000000000000020000000000000000000000000000000000000000000000000000000000080000000000000000000000000000000000000000000000000000010000000008000000000000000000000000000000000020000000020000000000000000000000000000000000000000000000000010000000000000000000000000000000000000000000000000000000000000000000000000000000000000000080040000000000000000000000000000000000010000000000001002000000000000000000000000000000000000000000000000000000000000000000000000000000000000000000000000000000000000000000000000",
	"root": null,
	"status": "0x1",
	"transactionHash": "0x975f6e7e37517663292ac8339515a5b2f5a00521cea838e1ffea452093cdae03",
	"transactionIndex": 18
}
[2018-04-25T11:43:16.739] [DEBUG] trans - TO:   0x6da0879f727fcba224c883e8258ec683b0d7ca03
[2018-04-25T11:43:16.739] [DEBUG] trans - AMOUNT:   686293400000000000000
[2018-04-25T11:43:16.739] [DEBUG] trans - Receipt info:  {
	"blockHash": "0x06c78320cfaf97e3a83402b927f7c7cc76b00c0530fb5e81b008c77d14cd5bef",
	"blockNumber": 5502815,
	"contractAddress": null,
	"cumulativeGasUsed": 5158128,
	"gasUsed": 51653,
	"logs": [
		{
			"address": "0x7e9e431a0B8c4D532C745B1043c7FA29a48D4fBa",
			"blockHash": "0x06c78320cfaf97e3a83402b927f7c7cc76b00c0530fb5e81b008c77d14cd5bef",
			"blockNumber": 5502815,
			"data": "0x000000000000000000000000000000000000000000000025343bf32967118000",
			"logIndex": 58,
			"topics": [
				"0xddf252ad1be2c89b69c2b068fc378daa952ba7f163c4a11628f55a4df523b3ef",
				"0x000000000000000000000000468b858c964f297fd8fce058032bf4b4911a8ad8",
				"0x0000000000000000000000006da0879f727fcba224c883e8258ec683b0d7ca03"
			],
			"transactionHash": "0x129f2edcbab40b23524a8c6fb194603ec71d1772f73c843e560f3672fb30d41e",
			"transactionIndex": 88,
			"transactionLogIndex": "0x0",
			"type": "mined",
			"id": "log_05d458c0"
		}
	],
	"logsBloom": "0x00000000000000000000000000020000000000000000000000000000000000000000000000000000000000000004000000000000000000000000000000000000000000000000010000000008000000000000000000000000000000000020000000000000000000000000000000000000000000000000000000000010000000000002000000000000000000000000000000000000000000000000000000000000000000000000000080010000000000000000000000000000000000010000000000001002000000000000000000000000000000000000000000000000000000000000000000000000000000000000000000000000000000000000000000000000",
	"root": null,
	"status": "0x1",
	"transactionHash": "0x129f2edcbab40b23524a8c6fb194603ec71d1772f73c843e560f3672fb30d41e",
	"transactionIndex": 88
}
[2018-04-25T11:43:32.762] [DEBUG] trans - TO:   0x1356377a63d30cef5ec55dc8c20b82bb0f35df28
[2018-04-25T11:43:32.762] [DEBUG] trans - AMOUNT:   686214600000000000000
[2018-04-25T11:43:32.762] [DEBUG] trans - Receipt info:  {
	"blockHash": "0xaebce502b376818bc56d82c4a6d0ecb1cddacd906f2aaf7b84621c9e9820bba4",
	"blockNumber": 5502817,
	"contractAddress": null,
	"cumulativeGasUsed": 3856722,
	"gasUsed": 51653,
	"logs": [
		{
			"address": "0x7e9e431a0B8c4D532C745B1043c7FA29a48D4fBa",
			"blockHash": "0xaebce502b376818bc56d82c4a6d0ecb1cddacd906f2aaf7b84621c9e9820bba4",
			"blockNumber": 5502817,
			"data": "0x0000000000000000000000000000000000000000000000253323fefaaec48000",
			"logIndex": 24,
			"topics": [
				"0xddf252ad1be2c89b69c2b068fc378daa952ba7f163c4a11628f55a4df523b3ef",
				"0x000000000000000000000000468b858c964f297fd8fce058032bf4b4911a8ad8",
				"0x0000000000000000000000001356377a63d30cef5ec55dc8c20b82bb0f35df28"
			],
			"transactionHash": "0x514f4b969466bfeba59ac55c1cace92202f79363f87546a8d463f53179ad4953",
			"transactionIndex": 144,
			"transactionLogIndex": "0x0",
			"type": "mined",
			"id": "log_9ccc9f49"
		}
	],
	"logsBloom": "0x00000000000000000000000000020000000000000000000000000000000000000000000000000000000000000000000000000000000000000000000000000000000000000000010000000008000000000000000000000000000000000020000000000000000000000000000000000000000000000000000000000010000000000000000000000000000000000000000000000000000000000000000000000000000000000000001080000000000000000000000000000000000000010000000000401002000000000000000000000200000000000000000000000000000000000000000000000000000000000000000000000000000000000000000000000000",
	"root": null,
	"status": "0x1",
	"transactionHash": "0x514f4b969466bfeba59ac55c1cace92202f79363f87546a8d463f53179ad4953",
	"transactionIndex": 144
}
[2018-04-25T11:44:02.797] [DEBUG] trans - TO:   0xc3b2fe92dec1c88cb96ecc86be82f0b902c709cd
[2018-04-25T11:44:02.797] [DEBUG] trans - AMOUNT:   686145900000000000000
[2018-04-25T11:44:02.797] [DEBUG] trans - Receipt info:  {
	"blockHash": "0x5d46ce0ee2c0f8ecd14c8ca228ae8541c6d6354ae5b50d2568efb484accfb98d",
	"blockNumber": 5502819,
	"contractAddress": null,
	"cumulativeGasUsed": 6700581,
	"gasUsed": 51653,
	"logs": [
		{
			"address": "0x7e9e431a0B8c4D532C745B1043c7FA29a48D4fBa",
			"blockHash": "0x5d46ce0ee2c0f8ecd14c8ca228ae8541c6d6354ae5b50d2568efb484accfb98d",
			"blockNumber": 5502819,
			"data": "0x000000000000000000000000000000000000000000000025322fecb176b2c000",
			"logIndex": 35,
			"topics": [
				"0xddf252ad1be2c89b69c2b068fc378daa952ba7f163c4a11628f55a4df523b3ef",
				"0x000000000000000000000000468b858c964f297fd8fce058032bf4b4911a8ad8",
				"0x000000000000000000000000c3b2fe92dec1c88cb96ecc86be82f0b902c709cd"
			],
			"transactionHash": "0xb656dcf1ad7e55b43b5e57ac082267508eb13314bafbed74b040219cdd829c00",
			"transactionIndex": 126,
			"transactionLogIndex": "0x0",
			"type": "mined",
			"id": "log_12b4bf2c"
		}
	],
	"logsBloom": "0x00000000000000000000000000020000001000000000000000000000000000000000000000000000000000000000000000000000000000000000000000000000000000000000010000000008000000000000000000000000000000000020000000000000000000000000000000000000000000000000000000000010000000000000000000000000000000000000000000000000000000000000000000000000000000000000800080000000000000000000000000000000000000010400000000001002000000000000000000000000000000000000000000000000000000000000000000000000000000000000000000000000000000000000000000000000",
	"root": null,
	"status": "0x1",
	"transactionHash": "0xb656dcf1ad7e55b43b5e57ac082267508eb13314bafbed74b040219cdd829c00",
	"transactionIndex": 126
}
[2018-04-25T11:44:02.797] [DEBUG] trans - TO:   0x8af63639f0061ea29e4861229ca2b81f8e3b828e
[2018-04-25T11:44:02.797] [DEBUG] trans - AMOUNT:   686141200000000000000
[2018-04-25T11:44:02.797] [DEBUG] trans - Receipt info:  {
	"blockHash": "0x5d46ce0ee2c0f8ecd14c8ca228ae8541c6d6354ae5b50d2568efb484accfb98d",
	"blockNumber": 5502819,
	"contractAddress": null,
	"cumulativeGasUsed": 6752170,
	"gasUsed": 51589,
	"logs": [
		{
			"address": "0x7e9e431a0B8c4D532C745B1043c7FA29a48D4fBa",
			"blockHash": "0x5d46ce0ee2c0f8ecd14c8ca228ae8541c6d6354ae5b50d2568efb484accfb98d",
			"blockNumber": 5502819,
			"data": "0x000000000000000000000000000000000000000000000025321f3a1170410000",
			"logIndex": 36,
			"topics": [
				"0xddf252ad1be2c89b69c2b068fc378daa952ba7f163c4a11628f55a4df523b3ef",
				"0x000000000000000000000000468b858c964f297fd8fce058032bf4b4911a8ad8",
				"0x0000000000000000000000008af63639f0061ea29e4861229ca2b81f8e3b828e"
			],
			"transactionHash": "0xad2e167e40f6bd87a959dada3a40ca593e60afc8e3dc71734ae5906b8f301c34",
			"transactionIndex": 127,
			"transactionLogIndex": "0x0",
			"type": "mined",
			"id": "log_92e2088f"
		}
	],
	"logsBloom": "0x00000000000000000000000000020000000000000000000000000000000000000000000000000000000000000000000000000000000000000000000000000000000000000000010000000008000000000000000000000000000000000020000000000000000000000000000000000000000000000000000000000010000000000000000000000000000000000000040000000000000000000000000000000000000000000000000080000000000000000000000000000000000000010000000000001002000000008000000000000000000000000000000000000000000000000000000000000000000000000080000000000000000000000000000000000000",
	"root": null,
	"status": "0x1",
	"transactionHash": "0xad2e167e40f6bd87a959dada3a40ca593e60afc8e3dc71734ae5906b8f301c34",
	"transactionIndex": 127
}
[2018-04-25T11:44:02.798] [DEBUG] trans - TO:   0xb870609fd3de2ddd9f324095ac27f2ffd209f26c
[2018-04-25T11:44:02.798] [DEBUG] trans - AMOUNT:   685873600000000000000
[2018-04-25T11:44:02.798] [DEBUG] trans - Receipt info:  {
	"blockHash": "0x5d46ce0ee2c0f8ecd14c8ca228ae8541c6d6354ae5b50d2568efb484accfb98d",
	"blockNumber": 5502819,
	"contractAddress": null,
	"cumulativeGasUsed": 6958590,
	"gasUsed": 51589,
	"logs": [
		{
			"address": "0x7e9e431a0B8c4D532C745B1043c7FA29a48D4fBa",
			"blockHash": "0x5d46ce0ee2c0f8ecd14c8ca228ae8541c6d6354ae5b50d2568efb484accfb98d",
			"blockNumber": 5502819,
			"data": "0x0000000000000000000000000000000000000000000000252e688549325c0000",
			"logIndex": 40,
			"topics": [
				"0xddf252ad1be2c89b69c2b068fc378daa952ba7f163c4a11628f55a4df523b3ef",
				"0x000000000000000000000000468b858c964f297fd8fce058032bf4b4911a8ad8",
				"0x000000000000000000000000b870609fd3de2ddd9f324095ac27f2ffd209f26c"
			],
			"transactionHash": "0x0cead8c9c6fd30af278df09016a782ae94f7700ad5153701a0c12c8452431cad",
			"transactionIndex": 131,
			"transactionLogIndex": "0x0",
			"type": "mined",
			"id": "log_b4841495"
		}
	],
	"logsBloom": "0x00000000000000000000000000020000000000000000000000000000000000000000000000000000000000000000000000000000000000000000000000000000000000000000010000000008000000000000000000000000000000000020000000000000000000000000000000000000000000000000000000002010000000000008000000000000000000000000000000000000000000000000000000000000000000000000000080000000000000400000000000000000000000010000000000001002000000000000000000000000000000000000000000000000000000000000000000000000000000000000000000000000000000000000000000000000",
	"root": null,
	"status": "0x1",
	"transactionHash": "0x0cead8c9c6fd30af278df09016a782ae94f7700ad5153701a0c12c8452431cad",
	"transactionIndex": 131
}
[2018-04-25T11:44:02.798] [DEBUG] trans - TO:   0x4fd658720cbc8dfb173e709331bc4a7b48e94673
[2018-04-25T11:44:02.798] [DEBUG] trans - AMOUNT:   686131200000000000000
[2018-04-25T11:44:02.798] [DEBUG] trans - Receipt info:  {
	"blockHash": "0x5d46ce0ee2c0f8ecd14c8ca228ae8541c6d6354ae5b50d2568efb484accfb98d",
	"blockNumber": 5502819,
	"contractAddress": null,
	"cumulativeGasUsed": 6803695,
	"gasUsed": 51525,
	"logs": [
		{
			"address": "0x7e9e431a0B8c4D532C745B1043c7FA29a48D4fBa",
			"blockHash": "0x5d46ce0ee2c0f8ecd14c8ca228ae8541c6d6354ae5b50d2568efb484accfb98d",
			"blockNumber": 5502819,
			"data": "0x00000000000000000000000000000000000000000000002531fbb31f00800000",
			"logIndex": 37,
			"topics": [
				"0xddf252ad1be2c89b69c2b068fc378daa952ba7f163c4a11628f55a4df523b3ef",
				"0x000000000000000000000000468b858c964f297fd8fce058032bf4b4911a8ad8",
				"0x0000000000000000000000004fd658720cbc8dfb173e709331bc4a7b48e94673"
			],
			"transactionHash": "0x6e2507cf1e88ab6f4e05df557f62dd45534d42ccd58aa3e55d00abf9886d7234",
			"transactionIndex": 128,
			"transactionLogIndex": "0x0",
			"type": "mined",
			"id": "log_09a76912"
		}
	],
	"logsBloom": "0x00000000000001000000000000020000000000000000000000000000000000000000000000000000000000000000000000000000000000000000000000000000000000000000010000000008000000000000000000000000000000000020000000000000000000000000000000000000000000000000000000000010000000000000000000000000000000000000000000040000000000000000000000000000000000000000000080000000000000000000000000000000000000010000000000001002000000000000000000000000000000000000000000000000000000000000000000000000000000000000000000000000000000200000000000000000",
	"root": null,
	"status": "0x1",
	"transactionHash": "0x6e2507cf1e88ab6f4e05df557f62dd45534d42ccd58aa3e55d00abf9886d7234",
	"transactionIndex": 128
}
[2018-04-25T11:44:02.800] [DEBUG] trans - TO:   0x137b2bd23cec91efb432a13e8ab1138f475352e1
[2018-04-25T11:44:02.800] [DEBUG] trans - AMOUNT:   686011500000000000000
[2018-04-25T11:44:02.800] [DEBUG] trans - Receipt info:  {
	"blockHash": "0x5d46ce0ee2c0f8ecd14c8ca228ae8541c6d6354ae5b50d2568efb484accfb98d",
	"blockNumber": 5502819,
	"contractAddress": null,
	"cumulativeGasUsed": 6855348,
	"gasUsed": 51653,
	"logs": [
		{
			"address": "0x7e9e431a0B8c4D532C745B1043c7FA29a48D4fBa",
			"blockHash": "0x5d46ce0ee2c0f8ecd14c8ca228ae8541c6d6354ae5b50d2568efb484accfb98d",
			"blockNumber": 5502819,
			"data": "0x0000000000000000000000000000000000000000000000253052709af4e2c000",
			"logIndex": 38,
			"topics": [
				"0xddf252ad1be2c89b69c2b068fc378daa952ba7f163c4a11628f55a4df523b3ef",
				"0x000000000000000000000000468b858c964f297fd8fce058032bf4b4911a8ad8",
				"0x000000000000000000000000137b2bd23cec91efb432a13e8ab1138f475352e1"
			],
			"transactionHash": "0x13f99b4986981e45c6a0a119bc626098ea3f231279591543ab1f525be6aa8b72",
			"transactionIndex": 129,
			"transactionLogIndex": "0x0",
			"type": "mined",
			"id": "log_270dc779"
		}
	],
	"logsBloom": "0x00000000000000000000000000020000040000000000000000000000000000000000000000000000000000000000000000000000000000000000000000000000000000000000010000000008000000000000000000000000000000000020000000000000000000000000000000000800080000000000000000000010000000000000000000000000000000000000000000000000000000000000000000000000000000000000000080000000000000000000000000000000000000010000000000001002000000000000000000000000000000000000000000000000000000000000000000000000000000000000000000000000000000000000000000000000",
	"root": null,
	"status": "0x1",
	"transactionHash": "0x13f99b4986981e45c6a0a119bc626098ea3f231279591543ab1f525be6aa8b72",
	"transactionIndex": 129
}
[2018-04-25T11:44:02.801] [DEBUG] trans - TO:   0x1457f354c6c8af11aad355a8a1a60d46695c3497
[2018-04-25T11:44:02.801] [DEBUG] trans - AMOUNT:   685768200000000000000
[2018-04-25T11:44:02.801] [DEBUG] trans - Receipt info:  {
	"blockHash": "0x5d46ce0ee2c0f8ecd14c8ca228ae8541c6d6354ae5b50d2568efb484accfb98d",
	"blockNumber": 5502819,
	"contractAddress": null,
	"cumulativeGasUsed": 7113549,
	"gasUsed": 51653,
	"logs": [
		{
			"address": "0x7e9e431a0B8c4D532C745B1043c7FA29a48D4fBa",
			"blockHash": "0x5d46ce0ee2c0f8ecd14c8ca228ae8541c6d6354ae5b50d2568efb484accfb98d",
			"blockNumber": 5502819,
			"data": "0x0000000000000000000000000000000000000000000000252cf2108b5b088000",
			"logIndex": 43,
			"topics": [
				"0xddf252ad1be2c89b69c2b068fc378daa952ba7f163c4a11628f55a4df523b3ef",
				"0x000000000000000000000000468b858c964f297fd8fce058032bf4b4911a8ad8",
				"0x0000000000000000000000001457f354c6c8af11aad355a8a1a60d46695c3497"
			],
			"transactionHash": "0x0f06606c3028c2f82f5d5ebdf58a53b50f1d2a4067111ed53b8243fb0e2381b3",
			"transactionIndex": 134,
			"transactionLogIndex": "0x0",
			"type": "mined",
			"id": "log_bb230b07"
		}
	],
	"logsBloom": "0x00000000000000000000000000020000000000000000000000000000000000000000000000000000000000000000000000000000000000000000000800000000000000000000010000000008000000000000000000000000000000000020000000000000000000000000000000000000000000000000000000000010000000000000000000000000000000000000000000000040000000000000000000000000000000000000000080000000000000000000000000000000000000010000000000001002000000000000000400000000000000000000000000000000000000000000000000000000000000000000000000000000000000000000000000000000",
	"root": null,
	"status": "0x1",
	"transactionHash": "0x0f06606c3028c2f82f5d5ebdf58a53b50f1d2a4067111ed53b8243fb0e2381b3",
	"transactionIndex": 134
}
[2018-04-25T11:44:02.801] [DEBUG] trans - TO:   0xc3460939561f081b57230d1bda7824239bc14a62
[2018-04-25T11:44:02.801] [DEBUG] trans - AMOUNT:   685795500000000000000
[2018-04-25T11:44:02.801] [DEBUG] trans - Receipt info:  {
	"blockHash": "0x5d46ce0ee2c0f8ecd14c8ca228ae8541c6d6354ae5b50d2568efb484accfb98d",
	"blockNumber": 5502819,
	"contractAddress": null,
	"cumulativeGasUsed": 7061896,
	"gasUsed": 51653,
	"logs": [
		{
			"address": "0x7e9e431a0B8c4D532C745B1043c7FA29a48D4fBa",
			"blockHash": "0x5d46ce0ee2c0f8ecd14c8ca228ae8541c6d6354ae5b50d2568efb484accfb98d",
			"blockNumber": 5502819,
			"data": "0x0000000000000000000000000000000000000000000000252d530dbfed66c000",
			"logIndex": 42,
			"topics": [
				"0xddf252ad1be2c89b69c2b068fc378daa952ba7f163c4a11628f55a4df523b3ef",
				"0x000000000000000000000000468b858c964f297fd8fce058032bf4b4911a8ad8",
				"0x000000000000000000000000c3460939561f081b57230d1bda7824239bc14a62"
			],
			"transactionHash": "0xd1709a4d016a0de1c13d73aa101dba423be53dc1fe730a1e49b47eddea776695",
			"transactionIndex": 133,
			"transactionLogIndex": "0x0",
			"type": "mined",
			"id": "log_11a9d75c"
		}
	],
	"logsBloom": "0x00000000000000000000000000020000000000000000000000000000000000000000000000000000000000000000000100000000000000000100000000000000000000000000010000000008000000000000000000000000000000000020000000000000000000000000000000000000000000000000000000000010000000000000000000000000000000000000000000000000000000000000000000000000000000000000000080000000000000000000000000000000000000010000000000001002000000000000000000000000000000000000000000000000000000000400000000000000000000000000000000000000000000000000000000000000",
	"root": null,
	"status": "0x1",
	"transactionHash": "0xd1709a4d016a0de1c13d73aa101dba423be53dc1fe730a1e49b47eddea776695",
	"transactionIndex": 133
}
[2018-04-25T11:44:02.802] [DEBUG] trans - TO:   0xa832df4e5989bd74cf47cdefceced66a62a4c944
[2018-04-25T11:44:02.802] [DEBUG] trans - AMOUNT:   685832300000000000000
[2018-04-25T11:44:02.802] [DEBUG] trans - Receipt info:  {
	"blockHash": "0x5d46ce0ee2c0f8ecd14c8ca228ae8541c6d6354ae5b50d2568efb484accfb98d",
	"blockNumber": 5502819,
	"contractAddress": null,
	"cumulativeGasUsed": 7010243,
	"gasUsed": 51653,
	"logs": [
		{
			"address": "0x7e9e431a0B8c4D532C745B1043c7FA29a48D4fBa",
			"blockHash": "0x5d46ce0ee2c0f8ecd14c8ca228ae8541c6d6354ae5b50d2568efb484accfb98d",
			"blockNumber": 5502819,
			"data": "0x0000000000000000000000000000000000000000000000252dd5cb279d22c000",
			"logIndex": 41,
			"topics": [
				"0xddf252ad1be2c89b69c2b068fc378daa952ba7f163c4a11628f55a4df523b3ef",
				"0x000000000000000000000000468b858c964f297fd8fce058032bf4b4911a8ad8",
				"0x000000000000000000000000a832df4e5989bd74cf47cdefceced66a62a4c944"
			],
			"transactionHash": "0xf5e208c45e7f9fd59f6b78c2e8d5ade3653bbdf79310807b7434c7696fa700ca",
			"transactionIndex": 132,
			"transactionLogIndex": "0x0",
			"type": "mined",
			"id": "log_18ebdeed"
		}
	],
	"logsBloom": "0x00000000000000000000000000020000000000000000008000000000000000000000000000000000000000000000000000000000000000000000000000000000000000000000010000000008000000000000000000000000000000000020000000080000000000000000000000000000000000000000000000000010000000000200000000000000000000000000000000000000000000000000000000000000000000000000000080000000000000000000000000000000000000010000000000001002000000000000000000000000000000000000000000000000000000000000000000000000000000000000000000000000000000000000000000000000",
	"root": null,
	"status": "0x1",
	"transactionHash": "0xf5e208c45e7f9fd59f6b78c2e8d5ade3653bbdf79310807b7434c7696fa700ca",
	"transactionIndex": 132
}
[2018-04-25T11:44:02.803] [DEBUG] trans - TO:   0x26124332447d6c95534b1c274a0b4200c4309160
[2018-04-25T11:44:02.803] [DEBUG] trans - AMOUNT:   685500000000000000000
[2018-04-25T11:44:02.803] [DEBUG] trans - Receipt info:  {
	"blockHash": "0x5d46ce0ee2c0f8ecd14c8ca228ae8541c6d6354ae5b50d2568efb484accfb98d",
	"blockNumber": 5502819,
	"contractAddress": null,
	"cumulativeGasUsed": 7319841,
	"gasUsed": 51525,
	"logs": [
		{
			"address": "0x7e9e431a0B8c4D532C745B1043c7FA29a48D4fBa",
			"blockHash": "0x5d46ce0ee2c0f8ecd14c8ca228ae8541c6d6354ae5b50d2568efb484accfb98d",
			"blockNumber": 5502819,
			"data": "0x00000000000000000000000000000000000000000000002529393a10ba460000",
			"logIndex": 47,
			"topics": [
				"0xddf252ad1be2c89b69c2b068fc378daa952ba7f163c4a11628f55a4df523b3ef",
				"0x000000000000000000000000468b858c964f297fd8fce058032bf4b4911a8ad8",
				"0x00000000000000000000000026124332447d6c95534b1c274a0b4200c4309160"
			],
			"transactionHash": "0x7188d32df753aef5673c17ad0dbf0661e3a24ac61112012cc74b3dbca27c905a",
			"transactionIndex": 138,
			"transactionLogIndex": "0x0",
			"type": "mined",
			"id": "log_141c2643"
		}
	],
	"logsBloom": "0x00000000000000000000000000020000000000000000000000000000000000000000000000000000000000000000000000000000000000000000000000000000000000000000010000000008000000000000000000000000000000000020000000000000000000000000000000000800000000000000000000000010000000000000000000000000000000000000000000000000000000000000000000000000000000000000000080000000000000000000000000000000000000010000000000001002000000000000000000000000000000000000000000000000000000000000000000000000000000000000000000000000000000000000000100000004",
	"root": null,
	"status": "0x1",
	"transactionHash": "0x7188d32df753aef5673c17ad0dbf0661e3a24ac61112012cc74b3dbca27c905a",
	"transactionIndex": 138
}
[2018-04-25T11:44:02.804] [DEBUG] trans - TO:   0x258ac84db6cd032939c0c5d74e002b7b496d9b7c
[2018-04-25T11:44:02.804] [DEBUG] trans - AMOUNT:   685629400000000000000
[2018-04-25T11:44:02.804] [DEBUG] trans - Receipt info:  {
	"blockHash": "0x5d46ce0ee2c0f8ecd14c8ca228ae8541c6d6354ae5b50d2568efb484accfb98d",
	"blockNumber": 5502819,
	"contractAddress": null,
	"cumulativeGasUsed": 7165138,
	"gasUsed": 51589,
	"logs": [
		{
			"address": "0x7e9e431a0B8c4D532C745B1043c7FA29a48D4fBa",
			"blockHash": "0x5d46ce0ee2c0f8ecd14c8ca228ae8541c6d6354ae5b50d2568efb484accfb98d",
			"blockNumber": 5502819,
			"data": "0x0000000000000000000000000000000000000000000000252b04f2ae04358000",
			"logIndex": 44,
			"topics": [
				"0xddf252ad1be2c89b69c2b068fc378daa952ba7f163c4a11628f55a4df523b3ef",
				"0x000000000000000000000000468b858c964f297fd8fce058032bf4b4911a8ad8",
				"0x000000000000000000000000258ac84db6cd032939c0c5d74e002b7b496d9b7c"
			],
			"transactionHash": "0x0159777b810edf1b6c1d0912fc3ffc95217cdbda4e8aedbbf02787b102db9f57",
			"transactionIndex": 135,
			"transactionLogIndex": "0x0",
			"type": "mined",
			"id": "log_499ec007"
		}
	],
	"logsBloom": "0x00000000000000000000000000020000000000000000000000000000000000000000000000000000020000000000000000000000000000000000000000000000000000000000010000000008000000000000000000000000000000000020000000000000000000000000000000000000000000000000000000000010000000000000000000000000000000000000000000000000000000000000000000000000000000000000000080000000000000000000000000000000000000010000000000001002000000000000400000000000000000000000000000000000000000000000000000000000000000000000000000000000000000000000000000004000",
	"root": null,
	"status": "0x1",
	"transactionHash": "0x0159777b810edf1b6c1d0912fc3ffc95217cdbda4e8aedbbf02787b102db9f57",
	"transactionIndex": 135
}
[2018-04-25T11:44:02.805] [DEBUG] trans - TO:   0x65681895fbc12d11433c2639c344f6ff7fa10d9e
[2018-04-25T11:44:02.805] [DEBUG] trans - AMOUNT:   685891300000000000000
[2018-04-25T11:44:02.805] [DEBUG] trans - Receipt info:  {
	"blockHash": "0x5d46ce0ee2c0f8ecd14c8ca228ae8541c6d6354ae5b50d2568efb484accfb98d",
	"blockNumber": 5502819,
	"contractAddress": null,
	"cumulativeGasUsed": 6907001,
	"gasUsed": 51653,
	"logs": [
		{
			"address": "0x7e9e431a0B8c4D532C745B1043c7FA29a48D4fBa",
			"blockHash": "0x5d46ce0ee2c0f8ecd14c8ca228ae8541c6d6354ae5b50d2568efb484accfb98d",
			"blockNumber": 5502819,
			"data": "0x0000000000000000000000000000000000000000000000252ea7675796e24000",
			"logIndex": 39,
			"topics": [
				"0xddf252ad1be2c89b69c2b068fc378daa952ba7f163c4a11628f55a4df523b3ef",
				"0x000000000000000000000000468b858c964f297fd8fce058032bf4b4911a8ad8",
				"0x00000000000000000000000065681895fbc12d11433c2639c344f6ff7fa10d9e"
			],
			"transactionHash": "0x89812d9e131725fa60b79b50d55574b15dc32832677c3da73aacde62edfc76ab",
			"transactionIndex": 130,
			"transactionLogIndex": "0x0",
			"type": "mined",
			"id": "log_8a183a5b"
		}
	],
	"logsBloom": "0x00000000000000000000000000020000000000000000000000000000000000000000000000000000000000000000000000000000000000000000000000000000000000000000010000000008000000000000000000000000000000000020000000000000000000000000000000000000000000800000000000000010000021000000000000000000000000000000000000000000000000000000000000000000000000000000000080000000000000000000000000000000000000010000000000001002000000000000000000000000000000000000000000000000000000000000000000000000000000000000000000000000000000000000000000000000",
	"root": null,
	"status": "0x1",
	"transactionHash": "0x89812d9e131725fa60b79b50d55574b15dc32832677c3da73aacde62edfc76ab",
	"transactionIndex": 130
}
[2018-04-25T11:44:02.805] [DEBUG] trans - TO:   0xe65474a63bcda8b61a395d07df677e11000439ba
[2018-04-25T11:44:02.805] [DEBUG] trans - AMOUNT:   685428600000000000000
[2018-04-25T11:44:02.805] [DEBUG] trans - Receipt info:  {
	"blockHash": "0x5d46ce0ee2c0f8ecd14c8ca228ae8541c6d6354ae5b50d2568efb484accfb98d",
	"blockNumber": 5502819,
	"contractAddress": null,
	"cumulativeGasUsed": 7371430,
	"gasUsed": 51589,
	"logs": [
		{
			"address": "0x7e9e431a0B8c4D532C745B1043c7FA29a48D4fBa",
			"blockHash": "0x5d46ce0ee2c0f8ecd14c8ca228ae8541c6d6354ae5b50d2568efb484accfb98d",
			"blockNumber": 5502819,
			"data": "0x000000000000000000000000000000000000000000000025283b9024c54f8000",
			"logIndex": 48,
			"topics": [
				"0xddf252ad1be2c89b69c2b068fc378daa952ba7f163c4a11628f55a4df523b3ef",
				"0x000000000000000000000000468b858c964f297fd8fce058032bf4b4911a8ad8",
				"0x000000000000000000000000e65474a63bcda8b61a395d07df677e11000439ba"
			],
			"transactionHash": "0xd181ff5cbc19d0c25bc5c49256129fc4e85c76c1fd2f74e3392876e77e9ef3f0",
			"transactionIndex": 139,
			"transactionLogIndex": "0x0",
			"type": "mined",
			"id": "log_b673238a"
		}
	],
	"logsBloom": "0x00000000000000004000000000020000000000000000000000000000000000000000000100000000000000000000000000000000000000000000000000000000000000000000010000000008000000000000000000000000000000000022000000000000000000000000000000000000000000000000000000000010000000000000000000000000000000000000000000000000000000000000000000000000000000000000000080000000000000000000000000000000000000010000000000001002000000000000000000000000000000000000000000000000000000000000000000000000000000000000000000000000000000000000000000000000",
	"root": null,
	"status": "0x1",
	"transactionHash": "0xd181ff5cbc19d0c25bc5c49256129fc4e85c76c1fd2f74e3392876e77e9ef3f0",
	"transactionIndex": 139
}
[2018-04-25T11:44:02.806] [DEBUG] trans - TO:   0x6ba85fb066a1f8d62c04643203343e7c7806b81b
[2018-04-25T11:44:02.806] [DEBUG] trans - AMOUNT:   685510000000000000000
[2018-04-25T11:44:02.806] [DEBUG] trans - Receipt info:  {
	"blockHash": "0x5d46ce0ee2c0f8ecd14c8ca228ae8541c6d6354ae5b50d2568efb484accfb98d",
	"blockNumber": 5502819,
	"contractAddress": null,
	"cumulativeGasUsed": 7216727,
	"gasUsed": 51589,
	"logs": [
		{
			"address": "0x7e9e431a0B8c4D532C745B1043c7FA29a48D4fBa",
			"blockHash": "0x5d46ce0ee2c0f8ecd14c8ca228ae8541c6d6354ae5b50d2568efb484accfb98d",
			"blockNumber": 5502819,
			"data": "0x000000000000000000000000000000000000000000000025295cc1032a070000",
			"logIndex": 45,
			"topics": [
				"0xddf252ad1be2c89b69c2b068fc378daa952ba7f163c4a11628f55a4df523b3ef",
				"0x000000000000000000000000468b858c964f297fd8fce058032bf4b4911a8ad8",
				"0x0000000000000000000000006ba85fb066a1f8d62c04643203343e7c7806b81b"
			],
			"transactionHash": "0x5571199e4d1ffcd2eb175ef7f23f90dcf99ea396f98638795d69bbf376d4f8de",
			"transactionIndex": 136,
			"transactionLogIndex": "0x0",
			"type": "mined",
			"id": "log_fe7bea23"
		}
	],
	"logsBloom": "0x00000000000000000000000000020000000000000000000000000000000040000000000000000000000008000000000000000000000000000000000000000000000000000000010008000008000000000000000000000000000000000020000000000000000000000000000000000000000000000000000000000010000000000000000000000000000000000000000000000000000000000000000000000000000000000000000080000000000000000000000000000000000000010000000000001002000000000000000000000000000000000000000000000000000000000000000000000000000000000000000000000000000000000000000000000000",
	"root": null,
	"status": "0x1",
	"transactionHash": "0x5571199e4d1ffcd2eb175ef7f23f90dcf99ea396f98638795d69bbf376d4f8de",
	"transactionIndex": 136
}
[2018-04-25T11:44:02.808] [DEBUG] trans - TO:   0x3136fe65ad450e69fd5c3fc1202932592a2b3f6c
[2018-04-25T11:44:02.808] [DEBUG] trans - AMOUNT:   685212500000000000000
[2018-04-25T11:44:02.808] [DEBUG] trans - Receipt info:  {
	"blockHash": "0x5d46ce0ee2c0f8ecd14c8ca228ae8541c6d6354ae5b50d2568efb484accfb98d",
	"blockNumber": 5502819,
	"contractAddress": null,
	"cumulativeGasUsed": 7577978,
	"gasUsed": 51653,
	"logs": [
		{
			"address": "0x7e9e431a0B8c4D532C745B1043c7FA29a48D4fBa",
			"blockHash": "0x5d46ce0ee2c0f8ecd14c8ca228ae8541c6d6354ae5b50d2568efb484accfb98d",
			"blockNumber": 5502819,
			"data": "0x000000000000000000000000000000000000000000000025253bd256ad594000",
			"logIndex": 52,
			"topics": [
				"0xddf252ad1be2c89b69c2b068fc378daa952ba7f163c4a11628f55a4df523b3ef",
				"0x000000000000000000000000468b858c964f297fd8fce058032bf4b4911a8ad8",
				"0x0000000000000000000000003136fe65ad450e69fd5c3fc1202932592a2b3f6c"
			],
			"transactionHash": "0x1bbfbbb9ac48d81c64f9b053ab41be29b079df7440e42a5212ded9ad4cb26bfa",
			"transactionIndex": 143,
			"transactionLogIndex": "0x0",
			"type": "mined",
			"id": "log_19d236ce"
		}
	],
	"logsBloom": "0x00000000000000000000000000020000000000004000000000000000000000000000000000000000000000000000000000000000000000000000000000000000000000000000010000000008000000000000000000000000000000000020000000000000000000000000000000000000000000000000000000000010000000000000080000000000000000000000000000000000000000000000000000000000000000000000000080000001000000000000000000000000000000010000000000001002000000000000000000000000000000000000000000000000000000000000000000000000000000000000000000000000000000000000000000000000",
	"root": null,
	"status": "0x1",
	"transactionHash": "0x1bbfbbb9ac48d81c64f9b053ab41be29b079df7440e42a5212ded9ad4cb26bfa",
	"transactionIndex": 143
}
[2018-04-25T11:44:02.809] [DEBUG] trans - TO:   0x607df3a317c51b12ed69e1a46eb546d02a45adfd
[2018-04-25T11:44:02.809] [DEBUG] trans - AMOUNT:   685335500000000000000
[2018-04-25T11:44:02.809] [DEBUG] trans - Receipt info:  {
	"blockHash": "0x5d46ce0ee2c0f8ecd14c8ca228ae8541c6d6354ae5b50d2568efb484accfb98d",
	"blockNumber": 5502819,
	"contractAddress": null,
	"cumulativeGasUsed": 7474736,
	"gasUsed": 51653,
	"logs": [
		{
			"address": "0x7e9e431a0B8c4D532C745B1043c7FA29a48D4fBa",
			"blockHash": "0x5d46ce0ee2c0f8ecd14c8ca228ae8541c6d6354ae5b50d2568efb484accfb98d",
			"blockNumber": 5502819,
			"data": "0x00000000000000000000000000000000000000000000002526f0ce2fd8b8c000",
			"logIndex": 50,
			"topics": [
				"0xddf252ad1be2c89b69c2b068fc378daa952ba7f163c4a11628f55a4df523b3ef",
				"0x000000000000000000000000468b858c964f297fd8fce058032bf4b4911a8ad8",
				"0x000000000000000000000000607df3a317c51b12ed69e1a46eb546d02a45adfd"
			],
			"transactionHash": "0x0c262e4c05106e89467771daf379629e7995bc72bb25aa99f2e343d14de1ae8e",
			"transactionIndex": 141,
			"transactionLogIndex": "0x0",
			"type": "mined",
			"id": "log_b0709022"
		}
	],
	"logsBloom": "0x00000000000000000000000000020000000000000000000000000000000000000000000000000400000000000000000000000000000000000000000000000000000000000000010000000008000000000000000000000000000000000020000000000000000000000000000000000000000000000000000000004010000000000000000000000000000000000000000000000000000000000000000000000000000000000000000080000000000000000000000000000000000000010000000000001002000000000000000000000000000000000000000000000000000000000000000000000000000000000000000000000000000000000010000000000000",
	"root": null,
	"status": "0x1",
	"transactionHash": "0x0c262e4c05106e89467771daf379629e7995bc72bb25aa99f2e343d14de1ae8e",
	"transactionIndex": 141
}
[2018-04-25T11:44:02.809] [DEBUG] trans - TO:   0xc8366cc8ba30d5eb886e93e46b4919c6c48c4429
[2018-04-25T11:44:02.809] [DEBUG] trans - AMOUNT:   685291600000000000000
[2018-04-25T11:44:02.809] [DEBUG] trans - Receipt info:  {
	"blockHash": "0x5d46ce0ee2c0f8ecd14c8ca228ae8541c6d6354ae5b50d2568efb484accfb98d",
	"blockNumber": 5502819,
	"contractAddress": null,
	"cumulativeGasUsed": 7526325,
	"gasUsed": 51589,
	"logs": [
		{
			"address": "0x7e9e431a0B8c4D532C745B1043c7FA29a48D4fBa",
			"blockHash": "0x5d46ce0ee2c0f8ecd14c8ca228ae8541c6d6354ae5b50d2568efb484accfb98d",
			"blockNumber": 5502819,
			"data": "0x0000000000000000000000000000000000000000000000252654d75e97150000",
			"logIndex": 51,
			"topics": [
				"0xddf252ad1be2c89b69c2b068fc378daa952ba7f163c4a11628f55a4df523b3ef",
				"0x000000000000000000000000468b858c964f297fd8fce058032bf4b4911a8ad8",
				"0x000000000000000000000000c8366cc8ba30d5eb886e93e46b4919c6c48c4429"
			],
			"transactionHash": "0x875bc3f167041521cc995c9ef5e84911bb929ab39bbf4969fcf3b41b4b19a56d",
			"transactionIndex": 142,
			"transactionLogIndex": "0x0",
			"type": "mined",
			"id": "log_701d4a70"
		}
	],
	"logsBloom": "0x00000000000000000000000000020000000000000000000000000000000000000000000000000000000000000000000000000080000000000000000000000000000000000000010000000008000000000000000000000000000000000020000000000000000000000000000000000000000000000000000000000010000000000000000000000400000000000000000000000000000000000000000000000000000000000000000080000000000000000000000000000000000000010000000000001402000000000000000000000000000000000000000000000000000000000000000000000000000000000000000000000000000000000000000000000000",
	"root": null,
	"status": "0x1",
	"transactionHash": "0x875bc3f167041521cc995c9ef5e84911bb929ab39bbf4969fcf3b41b4b19a56d",
	"transactionIndex": 142
}
[2018-04-25T11:44:02.810] [DEBUG] trans - TO:   0x4b73b8f715c3e3b38ce26ddc632e920ff4cc160f
[2018-04-25T11:44:02.810] [DEBUG] trans - AMOUNT:   685000000000000000000
[2018-04-25T11:44:02.810] [DEBUG] trans - Receipt info:  {
	"blockHash": "0x5d46ce0ee2c0f8ecd14c8ca228ae8541c6d6354ae5b50d2568efb484accfb98d",
	"blockNumber": 5502819,
	"contractAddress": null,
	"cumulativeGasUsed": 7784462,
	"gasUsed": 51589,
	"logs": [
		{
			"address": "0x7e9e431a0B8c4D532C745B1043c7FA29a48D4fBa",
			"blockHash": "0x5d46ce0ee2c0f8ecd14c8ca228ae8541c6d6354ae5b50d2568efb484accfb98d",
			"blockNumber": 5502819,
			"data": "0x0000000000000000000000000000000000000000000000252248deb6e6940000",
			"logIndex": 56,
			"topics": [
				"0xddf252ad1be2c89b69c2b068fc378daa952ba7f163c4a11628f55a4df523b3ef",
				"0x000000000000000000000000468b858c964f297fd8fce058032bf4b4911a8ad8",
				"0x0000000000000000000000004b73b8f715c3e3b38ce26ddc632e920ff4cc160f"
			],
			"transactionHash": "0xb766b9260253d14ab0f2edfdc23e8557bbde7a21b582256d2b7c968dba72800c",
			"transactionIndex": 147,
			"transactionLogIndex": "0x0",
			"type": "mined",
			"id": "log_af44f92a"
		}
	],
	"logsBloom": "0x00000000000000000000000000020000000000000000000000000000000000000000000000000000000000000000000000000000000001000000000000000000000000000000010000000008000000000000000000000000000800000020000000000000000000000000000000000000000000000000000000000010000000000000000000000000000000000000000000000000000000000000000000000000000000000000000080000000000000000000000000000000000000010000000000001002000000000000000000000000100000000000000000000000000000000000000000000000000000000000000000000000000000000000000000000000",
	"root": null,
	"status": "0x1",
	"transactionHash": "0xb766b9260253d14ab0f2edfdc23e8557bbde7a21b582256d2b7c968dba72800c",
	"transactionIndex": 147
}
[2018-04-25T11:44:02.812] [DEBUG] trans - TO:   0x2bb84b38d44e2a76db0f36f4071283786c24e7b1
[2018-04-25T11:44:02.812] [DEBUG] trans - AMOUNT:   685000000000000000000
[2018-04-25T11:44:02.812] [DEBUG] trans - Receipt info:  {
	"blockHash": "0x5d46ce0ee2c0f8ecd14c8ca228ae8541c6d6354ae5b50d2568efb484accfb98d",
	"blockNumber": 5502819,
	"contractAddress": null,
	"cumulativeGasUsed": 7732873,
	"gasUsed": 51589,
	"logs": [
		{
			"address": "0x7e9e431a0B8c4D532C745B1043c7FA29a48D4fBa",
			"blockHash": "0x5d46ce0ee2c0f8ecd14c8ca228ae8541c6d6354ae5b50d2568efb484accfb98d",
			"blockNumber": 5502819,
			"data": "0x0000000000000000000000000000000000000000000000252248deb6e6940000",
			"logIndex": 55,
			"topics": [
				"0xddf252ad1be2c89b69c2b068fc378daa952ba7f163c4a11628f55a4df523b3ef",
				"0x000000000000000000000000468b858c964f297fd8fce058032bf4b4911a8ad8",
				"0x0000000000000000000000002bb84b38d44e2a76db0f36f4071283786c24e7b1"
			],
			"transactionHash": "0x40fcf36958ee57d04cea027f259c0492012a0305ea5e44f6baa7849110dc1e09",
			"transactionIndex": 146,
			"transactionLogIndex": "0x0",
			"type": "mined",
			"id": "log_5f263e7c"
		}
	],
	"logsBloom": "0x00000000000000000000000000020000000000000000000000000000000000800000000000000000004000000000000000000000000000000000000000000000000000000000010001000008000000000000000000000000000000000020000000000000000000000000000000000000000000000000000000000010000000000000000000000000000000000000000000000000000000000000000000000000000000000000000080000000000000000000000000000000000000010000000000001002000000000000000000000000000000000000000000000000000000000000000000000000000000000000000000000000000000000000000000000000",
	"root": null,
	"status": "0x1",
	"transactionHash": "0x40fcf36958ee57d04cea027f259c0492012a0305ea5e44f6baa7849110dc1e09",
	"transactionIndex": 146
}
[2018-04-25T11:44:02.812] [DEBUG] trans - TO:   0x7bf8c914d1c9c1b2790c0c512bdc878f59841636
[2018-04-25T11:44:02.812] [DEBUG] trans - AMOUNT:   685408700000000000000
[2018-04-25T11:44:02.812] [DEBUG] trans - Receipt info:  {
	"blockHash": "0x5d46ce0ee2c0f8ecd14c8ca228ae8541c6d6354ae5b50d2568efb484accfb98d",
	"blockNumber": 5502819,
	"contractAddress": null,
	"cumulativeGasUsed": 7423083,
	"gasUsed": 51653,
	"logs": [
		{
			"address": "0x7e9e431a0B8c4D532C745B1043c7FA29a48D4fBa",
			"blockHash": "0x5d46ce0ee2c0f8ecd14c8ca228ae8541c6d6354ae5b50d2568efb484accfb98d",
			"blockNumber": 5502819,
			"data": "0x00000000000000000000000000000000000000000000002527f4dd32f647c000",
			"logIndex": 49,
			"topics": [
				"0xddf252ad1be2c89b69c2b068fc378daa952ba7f163c4a11628f55a4df523b3ef",
				"0x000000000000000000000000468b858c964f297fd8fce058032bf4b4911a8ad8",
				"0x0000000000000000000000007bf8c914d1c9c1b2790c0c512bdc878f59841636"
			],
			"transactionHash": "0xf89a7acfd38a10478ce5e19cf849eed3aeed02cededbe5fe19c3ff9c7f92878d",
			"transactionIndex": 140,
			"transactionLogIndex": "0x0",
			"type": "mined",
			"id": "log_aa03035d"
		}
	],
	"logsBloom": "0x00000000000000000000000000020000000000000000000000000000000000000000000000000000000000000000000000000000000008000000000000000000000000000000010000000008000000000000000000000000000000000020000000000000000000000000000000000000000000000000000000000010000000000000000000000000000000000000000001000000000000000000000000000000000000000000000080000000000000000000000000000000000000010000000000001002000000000000000000000000000000000000020000000000000000000000000000000000000000000000000000000000000000000000000000000000",
	"root": null,
	"status": "0x1",
	"transactionHash": "0xf89a7acfd38a10478ce5e19cf849eed3aeed02cededbe5fe19c3ff9c7f92878d",
	"transactionIndex": 140
}
[2018-04-25T11:44:02.813] [DEBUG] trans - TO:   0xa70bd7645ddae3b56d9fd4ab4ccd63ece645742f
[2018-04-25T11:44:02.813] [DEBUG] trans - AMOUNT:   685117500000000000000
[2018-04-25T11:44:02.813] [DEBUG] trans - Receipt info:  {
	"blockHash": "0x5d46ce0ee2c0f8ecd14c8ca228ae8541c6d6354ae5b50d2568efb484accfb98d",
	"blockNumber": 5502819,
	"contractAddress": null,
	"cumulativeGasUsed": 7629631,
	"gasUsed": 51653,
	"logs": [
		{
			"address": "0x7e9e431a0B8c4D532C745B1043c7FA29a48D4fBa",
			"blockHash": "0x5d46ce0ee2c0f8ecd14c8ca228ae8541c6d6354ae5b50d2568efb484accfb98d",
			"blockNumber": 5502819,
			"data": "0x00000000000000000000000000000000000000000000002523ea505787afc000",
			"logIndex": 53,
			"topics": [
				"0xddf252ad1be2c89b69c2b068fc378daa952ba7f163c4a11628f55a4df523b3ef",
				"0x000000000000000000000000468b858c964f297fd8fce058032bf4b4911a8ad8",
				"0x000000000000000000000000a70bd7645ddae3b56d9fd4ab4ccd63ece645742f"
			],
			"transactionHash": "0x87eb907ae8a5a9b1bb7c0a39afb3d91b659e34c204206a0cdc476e5e881d75e0",
			"transactionIndex": 144,
			"transactionLogIndex": "0x0",
			"type": "mined",
			"id": "log_6646805a"
		}
	],
	"logsBloom": "0x00000400000000000000000000020000000000000000000000000000000000000000000000000000000000000000000000000000000000000000000000000000000000000000010000000008000000000000000004000000000000000020000000000000000000000000000000004000000000000000000000000010000000000000000000000000000000000000000000000000000000000000000000000000000000000000000080000000000000000000000000000000000000010000000000001002000000000000000000000000000000000000000000000000000000000000000000000000000000000000000000000000000000000000000000000000",
	"root": null,
	"status": "0x1",
	"transactionHash": "0x87eb907ae8a5a9b1bb7c0a39afb3d91b659e34c204206a0cdc476e5e881d75e0",
	"transactionIndex": 144
}
[2018-04-25T11:44:02.814] [DEBUG] trans - TO:   0x74fe7e059eec888b4d45698fc599da97db1e9cd9
[2018-04-25T11:44:02.814] [DEBUG] trans - AMOUNT:   685080900000000000000
[2018-04-25T11:44:02.814] [DEBUG] trans - Receipt info:  {
	"blockHash": "0x5d46ce0ee2c0f8ecd14c8ca228ae8541c6d6354ae5b50d2568efb484accfb98d",
	"blockNumber": 5502819,
	"contractAddress": null,
	"cumulativeGasUsed": 7681284,
	"gasUsed": 51653,
	"logs": [
		{
			"address": "0x7e9e431a0B8c4D532C745B1043c7FA29a48D4fBa",
			"blockHash": "0x5d46ce0ee2c0f8ecd14c8ca228ae8541c6d6354ae5b50d2568efb484accfb98d",
			"blockNumber": 5502819,
			"data": "0x000000000000000000000000000000000000000000000025236848d5f8e84000",
			"logIndex": 54,
			"topics": [
				"0xddf252ad1be2c89b69c2b068fc378daa952ba7f163c4a11628f55a4df523b3ef",
				"0x000000000000000000000000468b858c964f297fd8fce058032bf4b4911a8ad8",
				"0x00000000000000000000000074fe7e059eec888b4d45698fc599da97db1e9cd9"
			],
			"transactionHash": "0xce1273bd2714b4bbe4bfc1fe84834ddfd4116613c4b2f88ab0e5675943b19e61",
			"transactionIndex": 145,
			"transactionLogIndex": "0x0",
			"type": "mined",
			"id": "log_d13ac3bd"
		}
	],
	"logsBloom": "0x00000000000000000000000200020000000000000000000000000000000000000000000000000000000000000000000000000000000000000000000000000000000000000000010000000008000000000000000000000000000000000020000000000000000000000000000000000000000008000000000000000010000000000000000000000000000000040000000000000000000000000000000000000000000000000000000080000000000000000000000000000000000000010000000000001002000000000000000000000000000000000000000000000000000000000000000000000000000000000000000000000000000000000000000000000000",
	"root": null,
	"status": "0x1",
	"transactionHash": "0xce1273bd2714b4bbe4bfc1fe84834ddfd4116613c4b2f88ab0e5675943b19e61",
	"transactionIndex": 145
}
[2018-04-25T11:44:02.815] [DEBUG] trans - TO:   0x8d626a71e18efcdf9c6983cbb2f8a255bbdf3151
[2018-04-25T11:44:02.815] [DEBUG] trans - AMOUNT:   684999900000000000000
[2018-04-25T11:44:02.815] [DEBUG] trans - Receipt info:  {
	"blockHash": "0x5d46ce0ee2c0f8ecd14c8ca228ae8541c6d6354ae5b50d2568efb484accfb98d",
	"blockNumber": 5502819,
	"contractAddress": null,
	"cumulativeGasUsed": 7836115,
	"gasUsed": 51653,
	"logs": [
		{
			"address": "0x7e9e431a0B8c4D532C745B1043c7FA29a48D4fBa",
			"blockHash": "0x5d46ce0ee2c0f8ecd14c8ca228ae8541c6d6354ae5b50d2568efb484accfb98d",
			"blockNumber": 5502819,
			"data": "0x000000000000000000000000000000000000000000000025224883c3d619c000",
			"logIndex": 57,
			"topics": [
				"0xddf252ad1be2c89b69c2b068fc378daa952ba7f163c4a11628f55a4df523b3ef",
				"0x000000000000000000000000468b858c964f297fd8fce058032bf4b4911a8ad8",
				"0x0000000000000000000000008d626a71e18efcdf9c6983cbb2f8a255bbdf3151"
			],
			"transactionHash": "0x09ef7375a39bc007bbb0ee08e92173bf4d616b330e00c80965bdd56c6938128c",
			"transactionIndex": 148,
			"transactionLogIndex": "0x0",
			"type": "mined",
			"id": "log_3fc326b0"
		}
	],
	"logsBloom": "0x00000000000000000000000000820000000000000000000000000000000000000000000000000000000000000000000000000000000000000000000000000000000000000000010000000008000000000000000000000000000000000020000000000000000000000000000000000000000000000000000000000010000000000000004000000000000000000000000000000000000000000000000000100000000000000000000080000000000000000000000000000000000000010000000000001002000000000000000000000000000000000000000000000000000000000000000000000000000000000000000000000000000000000000000000000000",
	"root": null,
	"status": "0x1",
	"transactionHash": "0x09ef7375a39bc007bbb0ee08e92173bf4d616b330e00c80965bdd56c6938128c",
	"transactionIndex": 148
}
[2018-04-25T11:44:02.815] [DEBUG] trans - TO:   0xe552629e4508f7584f310ffc06b5ad7d150f8047
[2018-04-25T11:44:02.815] [DEBUG] trans - AMOUNT:   684964100000000000000
[2018-04-25T11:44:02.815] [DEBUG] trans - Receipt info:  {
	"blockHash": "0x5d46ce0ee2c0f8ecd14c8ca228ae8541c6d6354ae5b50d2568efb484accfb98d",
	"blockNumber": 5502819,
	"contractAddress": null,
	"cumulativeGasUsed": 7887768,
	"gasUsed": 51653,
	"logs": [
		{
			"address": "0x7e9e431a0B8c4D532C745B1043c7FA29a48D4fBa",
			"blockHash": "0x5d46ce0ee2c0f8ecd14c8ca228ae8541c6d6354ae5b50d2568efb484accfb98d",
			"blockNumber": 5502819,
			"data": "0x00000000000000000000000000000000000000000000002521c953dacb244000",
			"logIndex": 58,
			"topics": [
				"0xddf252ad1be2c89b69c2b068fc378daa952ba7f163c4a11628f55a4df523b3ef",
				"0x000000000000000000000000468b858c964f297fd8fce058032bf4b4911a8ad8",
				"0x000000000000000000000000e552629e4508f7584f310ffc06b5ad7d150f8047"
			],
			"transactionHash": "0x7dac841d4ee6446e16990c7873f5065410309631aaf66bcf3baa701b59d24867",
			"transactionIndex": 149,
			"transactionLogIndex": "0x0",
			"type": "mined",
			"id": "log_7c4b1118"
		}
	],
	"logsBloom": "0x00000000000000000000000000020000000000000000000000000000000000000000000000000000000000000000000000000000000000000000000000000000000000000000010000000008000000000000100000000000000000000020000000000000000000000000000000000000000000000000000000000010080000000000000000000000000000000000000000000000000000000000000000000000000000000000000080000000000000000000000000020000000000010000000000001002000000000000000000000000000000000000000000000000000000000000000000000000000000000000000000000000000000000000000000000000",
	"root": null,
	"status": "0x1",
	"transactionHash": "0x7dac841d4ee6446e16990c7873f5065410309631aaf66bcf3baa701b59d24867",
	"transactionIndex": 149
}
[2018-04-25T11:44:02.817] [DEBUG] trans - TO:   0x10ad35b566d330e81d86c24e9083ecbadcb447f7
[2018-04-25T11:44:02.817] [DEBUG] trans - AMOUNT:   685500000000000000000
[2018-04-25T11:44:02.817] [DEBUG] trans - Receipt info:  {
	"blockHash": "0x5d46ce0ee2c0f8ecd14c8ca228ae8541c6d6354ae5b50d2568efb484accfb98d",
	"blockNumber": 5502819,
	"contractAddress": null,
	"cumulativeGasUsed": 7268316,
	"gasUsed": 51589,
	"logs": [
		{
			"address": "0x7e9e431a0B8c4D532C745B1043c7FA29a48D4fBa",
			"blockHash": "0x5d46ce0ee2c0f8ecd14c8ca228ae8541c6d6354ae5b50d2568efb484accfb98d",
			"blockNumber": 5502819,
			"data": "0x00000000000000000000000000000000000000000000002529393a10ba460000",
			"logIndex": 46,
			"topics": [
				"0xddf252ad1be2c89b69c2b068fc378daa952ba7f163c4a11628f55a4df523b3ef",
				"0x000000000000000000000000468b858c964f297fd8fce058032bf4b4911a8ad8",
				"0x00000000000000000000000010ad35b566d330e81d86c24e9083ecbadcb447f7"
			],
			"transactionHash": "0x1b64b75a66af2eb854cf45b1445c1098b021b0ccb76d67dfc5518de270cd101e",
			"transactionIndex": 137,
			"transactionLogIndex": "0x0",
			"type": "mined",
			"id": "log_e7ce1dd7"
		}
	],
	"logsBloom": "0x00000000000000000000000000020000000000000000000000000000000000000000000000000000000000000000000000000000000000000000008000000000000000000000010000000008000000000000000000000000000000000020000000000000000000000000000000000000000000000000000000000010000000000000000000000000000000000000000000000200000000000000000000000000000000000000000080000000000000000000000000000000000000010000000000001002000000000000000000000000000000000000000000000000000000000000000000000000000000000000000000000000000100000000000000000000",
	"root": null,
	"status": "0x1",
	"transactionHash": "0x1b64b75a66af2eb854cf45b1445c1098b021b0ccb76d67dfc5518de270cd101e",
	"transactionIndex": 137
}
[2018-04-25T11:44:31.840] [DEBUG] trans - TO:   0xf372cca96d42021193a5c9c9f9315c27934006fc
[2018-04-25T11:44:31.840] [DEBUG] trans - AMOUNT:   684847400000000000000
[2018-04-25T11:44:31.840] [DEBUG] trans - Receipt info:  {
	"blockHash": "0xb692c7e5e3f6ea21473578a20806d57a0a18c720b5bfaf284690383dfc1d0986",
	"blockNumber": 5502821,
	"contractAddress": null,
	"cumulativeGasUsed": 1352103,
	"gasUsed": 51653,
	"logs": [
		{
			"address": "0x7e9e431a0B8c4D532C745B1043c7FA29a48D4fBa",
			"blockHash": "0xb692c7e5e3f6ea21473578a20806d57a0a18c720b5bfaf284690383dfc1d0986",
			"blockNumber": 5502821,
			"data": "0x000000000000000000000000000000000000000000000025202ab9d2adda8000",
			"logIndex": 20,
			"topics": [
				"0xddf252ad1be2c89b69c2b068fc378daa952ba7f163c4a11628f55a4df523b3ef",
				"0x000000000000000000000000468b858c964f297fd8fce058032bf4b4911a8ad8",
				"0x000000000000000000000000f372cca96d42021193a5c9c9f9315c27934006fc"
			],
			"transactionHash": "0x970004032b17f176a0cfd82748515e9012cb379e57c78e0609cc630dfcef2a3f",
			"transactionIndex": 36,
			"transactionLogIndex": "0x0",
			"type": "mined",
			"id": "log_06cf7ab8"
		}
	],
	"logsBloom": "0x00000000000000000000000000020000000002000000000000000000020000000000000000000000000000000000000000400000000000000000000000000000000000000000010000000008000000000000000000000000000000000020000000000000000000000000000000000000000000000000000000000010000000000000000000000000000000000000000000000000000000000000000000000000000000000000000080000000000000000000000000000000000000010000000000001002000000000000000000000000000000000000000000000000000000000000000000000000000000000000000000000000000000000000000000000000",
	"root": null,
	"status": "0x1",
	"transactionHash": "0x970004032b17f176a0cfd82748515e9012cb379e57c78e0609cc630dfcef2a3f",
	"transactionIndex": 36
}
[2018-04-25T11:44:41.859] [DEBUG] trans - TO:   0xe3c2ab65dacb1219954acb1532f9a0e25532b6fd
[2018-04-25T11:44:41.859] [DEBUG] trans - AMOUNT:   684614000000000000000
[2018-04-25T11:44:41.859] [DEBUG] trans - Receipt info:  {
	"blockHash": "0x75df7a8c5750167472f668f9ea319da74e8d051e7dc77df7e8bda71eba7ae70c",
	"blockNumber": 5502822,
	"contractAddress": null,
	"cumulativeGasUsed": 4545989,
	"gasUsed": 51589,
	"logs": [
		{
			"address": "0x7e9e431a0B8c4D532C745B1043c7FA29a48D4fBa",
			"blockHash": "0x75df7a8c5750167472f668f9ea319da74e8d051e7dc77df7e8bda71eba7ae70c",
			"blockNumber": 5502822,
			"data": "0x0000000000000000000000000000000000000000000000251ced85c273470000",
			"logIndex": 62,
			"topics": [
				"0xddf252ad1be2c89b69c2b068fc378daa952ba7f163c4a11628f55a4df523b3ef",
				"0x000000000000000000000000468b858c964f297fd8fce058032bf4b4911a8ad8",
				"0x000000000000000000000000e3c2ab65dacb1219954acb1532f9a0e25532b6fd"
			],
			"transactionHash": "0x2c0eb81c2d60ac70dcff3b412df15be4602c719b387d99bcdec7537a6820424e",
			"transactionIndex": 124,
			"transactionLogIndex": "0x0",
			"type": "mined",
			"id": "log_b1d409b9"
		}
	],
	"logsBloom": "0x000000000000000000000000000a0000000000000000000000000000000000000000000000000000000000000000000000000000000000000000000000000000000000000000010000000008000000000000000000000000000000000020000000000000000000000000000000000000000000000000000000000010000000000000020000000000000000000000000000000000000000000000000000000000000000000000000080000000000000000000000000000000000000010000000000001002000000000000000000000000000000000000010000000000000000000000000000000000000000000000000000000000000000000000000000000000",
	"root": null,
	"status": "0x1",
	"transactionHash": "0x2c0eb81c2d60ac70dcff3b412df15be4602c719b387d99bcdec7537a6820424e",
	"transactionIndex": 124
}
[2018-04-25T11:44:41.859] [DEBUG] trans - TO:   0x58f1c7e8d125abb8eec47176aff5769095d26927
[2018-04-25T11:44:41.859] [DEBUG] trans - AMOUNT:   684782000000000000000
[2018-04-25T11:44:41.859] [DEBUG] trans - Receipt info:  {
	"blockHash": "0x75df7a8c5750167472f668f9ea319da74e8d051e7dc77df7e8bda71eba7ae70c",
	"blockNumber": 5502822,
	"contractAddress": null,
	"cumulativeGasUsed": 4442747,
	"gasUsed": 51589,
	"logs": [
		{
			"address": "0x7e9e431a0B8c4D532C745B1043c7FA29a48D4fBa",
			"blockHash": "0x75df7a8c5750167472f668f9ea319da74e8d051e7dc77df7e8bda71eba7ae70c",
			"blockNumber": 5502822,
			"data": "0x0000000000000000000000000000000000000000000000251f4260de958b0000",
			"logIndex": 60,
			"topics": [
				"0xddf252ad1be2c89b69c2b068fc378daa952ba7f163c4a11628f55a4df523b3ef",
				"0x000000000000000000000000468b858c964f297fd8fce058032bf4b4911a8ad8",
				"0x00000000000000000000000058f1c7e8d125abb8eec47176aff5769095d26927"
			],
			"transactionHash": "0x7f755a1fec2c6b6de9518aca90fbd4400d2b8b3e74497dd927b351056f6e4842",
			"transactionIndex": 122,
			"transactionLogIndex": "0x0",
			"type": "mined",
			"id": "log_02b844cb"
		}
	],
	"logsBloom": "0x00000000000000000000000000020000000000000000000000000000000000040000000000000000000000000000000000000000008000000000000000000000000000000000010000000008000000000000000000000000008000000020000000000000000000000000000000000000000000000000000000000010000000000000000000000000000000000000000000000000000000000000000000000000000000000000000080000000000000000000000000000000000000010000000000001002000000000000000000000000000000000000000000000000000000000000000000000000000000000000000000000000000000000000000000000000",
	"root": null,
	"status": "0x1",
	"transactionHash": "0x7f755a1fec2c6b6de9518aca90fbd4400d2b8b3e74497dd927b351056f6e4842",
	"transactionIndex": 122
}
[2018-04-25T11:44:41.859] [DEBUG] trans - TO:   0xdf70352858c3c23e8283168aa064ca789eab22f3
[2018-04-25T11:44:41.859] [DEBUG] trans - AMOUNT:   684612800000000000000
[2018-04-25T11:44:41.859] [DEBUG] trans - Receipt info:  {
	"blockHash": "0x75df7a8c5750167472f668f9ea319da74e8d051e7dc77df7e8bda71eba7ae70c",
	"blockNumber": 5502822,
	"contractAddress": null,
	"cumulativeGasUsed": 4597578,
	"gasUsed": 51589,
	"logs": [
		{
			"address": "0x7e9e431a0B8c4D532C745B1043c7FA29a48D4fBa",
			"blockHash": "0x75df7a8c5750167472f668f9ea319da74e8d051e7dc77df7e8bda71eba7ae70c",
			"blockNumber": 5502822,
			"data": "0x0000000000000000000000000000000000000000000000251ce9425dad8c0000",
			"logIndex": 63,
			"topics": [
				"0xddf252ad1be2c89b69c2b068fc378daa952ba7f163c4a11628f55a4df523b3ef",
				"0x000000000000000000000000468b858c964f297fd8fce058032bf4b4911a8ad8",
				"0x000000000000000000000000df70352858c3c23e8283168aa064ca789eab22f3"
			],
			"transactionHash": "0x89bc70b222e27feb072ff4bc076663ded76c06b5b9ffcc9c5fe4acad1ff7639d",
			"transactionIndex": 125,
			"transactionLogIndex": "0x0",
			"type": "mined",
			"id": "log_11746f92"
		}
	],
	"logsBloom": "0x00000000000000000000000000020000000000000000000000000000000000000000000000000000000000000000000000000000000000000000000000000000000000000000010000000008000000000000000000000000000000000020000000000000000000000000000000000000000000000000000000000010000000000000000000000000000000000000000000000000000000000000000000000000000000000000000080000000000000000000000000000000000010010000000000001002000000000000000000000000000000000000000000000000000000000000000000000000000010000000000100000000000000000000000000000000",
	"root": null,
	"status": "0x1",
	"transactionHash": "0x89bc70b222e27feb072ff4bc076663ded76c06b5b9ffcc9c5fe4acad1ff7639d",
	"transactionIndex": 125
}
[2018-04-25T11:44:41.860] [DEBUG] trans - TO:   0xfbb9c88dc755dd6b655782829abcfc682d9a3020
[2018-04-25T11:44:41.860] [DEBUG] trans - AMOUNT:   684553700000000000000
[2018-04-25T11:44:41.860] [DEBUG] trans - Receipt info:  {
	"blockHash": "0x75df7a8c5750167472f668f9ea319da74e8d051e7dc77df7e8bda71eba7ae70c",
	"blockNumber": 5502822,
	"contractAddress": null,
	"cumulativeGasUsed": 4649231,
	"gasUsed": 51653,
	"logs": [
		{
			"address": "0x7e9e431a0B8c4D532C745B1043c7FA29a48D4fBa",
			"blockHash": "0x75df7a8c5750167472f668f9ea319da74e8d051e7dc77df7e8bda71eba7ae70c",
			"blockNumber": 5502822,
			"data": "0x0000000000000000000000000000000000000000000000251c174b3aa3524000",
			"logIndex": 64,
			"topics": [
				"0xddf252ad1be2c89b69c2b068fc378daa952ba7f163c4a11628f55a4df523b3ef",
				"0x000000000000000000000000468b858c964f297fd8fce058032bf4b4911a8ad8",
				"0x000000000000000000000000fbb9c88dc755dd6b655782829abcfc682d9a3020"
			],
			"transactionHash": "0x27f0c5b29d576faed714cc05df73a638556c277550344d1e3619810fa4490b11",
			"transactionIndex": 126,
			"transactionLogIndex": "0x0",
			"type": "mined",
			"id": "log_7a5105c5"
		}
	],
	"logsBloom": "0x00000000000000000000000002020000000000000000000000000000000000000000000000000000000000000000000000000000000000000000000000000000000000000000010000000008000000000000000000000000000000000020000000000000000000000000000000000000000000000000000000000010000000000000000000000000000000000000000000000000000000000000000000000000000000200000000080000000000000000000000000000000000000010000000000001002000000000000000000000000000000000000000000000000000000000000080000000000000000000000000000000000000000000000000000000000",
	"root": null,
	"status": "0x1",
	"transactionHash": "0x27f0c5b29d576faed714cc05df73a638556c277550344d1e3619810fa4490b11",
	"transactionIndex": 126
}
[2018-04-25T11:44:41.862] [DEBUG] trans - TO:   0xa38f52812c1368103bdb96ab1e182de323b0d735
[2018-04-25T11:44:41.862] [DEBUG] trans - AMOUNT:   684771800000000000000
[2018-04-25T11:44:41.862] [DEBUG] trans - Receipt info:  {
	"blockHash": "0x75df7a8c5750167472f668f9ea319da74e8d051e7dc77df7e8bda71eba7ae70c",
	"blockNumber": 5502822,
	"contractAddress": null,
	"cumulativeGasUsed": 4494400,
	"gasUsed": 51653,
	"logs": [
		{
			"address": "0x7e9e431a0B8c4D532C745B1043c7FA29a48D4fBa",
			"blockHash": "0x75df7a8c5750167472f668f9ea319da74e8d051e7dc77df7e8bda71eba7ae70c",
			"blockNumber": 5502822,
			"data": "0x0000000000000000000000000000000000000000000000251f1e240604d58000",
			"logIndex": 61,
			"topics": [
				"0xddf252ad1be2c89b69c2b068fc378daa952ba7f163c4a11628f55a4df523b3ef",
				"0x000000000000000000000000468b858c964f297fd8fce058032bf4b4911a8ad8",
				"0x000000000000000000000000a38f52812c1368103bdb96ab1e182de323b0d735"
			],
			"transactionHash": "0x42a49f531aebe4c8edf46c117f1e1e3c8f839fa95701341c61e2923fef8b25b5",
			"transactionIndex": 123,
			"transactionLogIndex": "0x0",
			"type": "mined",
			"id": "log_68e85548"
		}
	],
	"logsBloom": "0x00000000000000000000000000020000000000000000000000002000000000000000010000000000000000000000000000000000000000000000000000000000000000000000010000000008000000000000000000000000000000010020000000000000000000000000000000000000000000000000000000000010000000000000000000000000000000000000000000000000000000000000000000000000000000000000000080000000000000000000000000000000000000010000000000001002000000000000000000000000000000000000000000000000000000000000000000000000000000000000000000000000000000000000000000000000",
	"root": null,
	"status": "0x1",
	"transactionHash": "0x42a49f531aebe4c8edf46c117f1e1e3c8f839fa95701341c61e2923fef8b25b5",
	"transactionIndex": 123
}
[2018-04-25T11:44:41.862] [DEBUG] trans - TO:   0xbfea361e1ef7f4ce4bbaa81e851e782ac820db47
[2018-04-25T11:44:41.862] [DEBUG] trans - AMOUNT:   684495600000000000000
[2018-04-25T11:44:41.863] [DEBUG] trans - Receipt info:  {
	"blockHash": "0x75df7a8c5750167472f668f9ea319da74e8d051e7dc77df7e8bda71eba7ae70c",
	"blockNumber": 5502822,
	"contractAddress": null,
	"cumulativeGasUsed": 4700820,
	"gasUsed": 51589,
	"logs": [
		{
			"address": "0x7e9e431a0B8c4D532C745B1043c7FA29a48D4fBa",
			"blockHash": "0x75df7a8c5750167472f668f9ea319da74e8d051e7dc77df7e8bda71eba7ae70c",
			"blockNumber": 5502822,
			"data": "0x0000000000000000000000000000000000000000000000251b48e1963ddf0000",
			"logIndex": 65,
			"topics": [
				"0xddf252ad1be2c89b69c2b068fc378daa952ba7f163c4a11628f55a4df523b3ef",
				"0x000000000000000000000000468b858c964f297fd8fce058032bf4b4911a8ad8",
				"0x000000000000000000000000bfea361e1ef7f4ce4bbaa81e851e782ac820db47"
			],
			"transactionHash": "0x2de8ecddd214a8800d0d6c2601e2bd99daa15e414257be3e2bfc4eccdbde1d93",
			"transactionIndex": 127,
			"transactionLogIndex": "0x0",
			"type": "mined",
			"id": "log_75b2e7e0"
		}
	],
	"logsBloom": "0x00000000000000000000000000020000000000000000000000000000000000000000000000000000000000000000000000000000000000000000000000000000000000000000010000000008000000000000000000000000000000100020000000000000000000400000000000000000000000000000000000000010000000000000000000200000000000000000000000000000000000000000000000000000000000000000000080000000000000000000000000000000000000010000000000001002000000000000000000000000000000000000000000000000000000000000000000000000000000000000000000000000000000000000000000000000",
	"root": null,
	"status": "0x1",
	"transactionHash": "0x2de8ecddd214a8800d0d6c2601e2bd99daa15e414257be3e2bfc4eccdbde1d93",
	"transactionIndex": 127
}
